0.216596	0.211141	0.857897	5.495276	
0.630340	0.010767	0.150786	7.303331	
0.252164	0.799655	0.803849	4.438275	
0.702331	0.000819	0.575067	7.099751	
0.889390	0.812671	0.040313	4.679014	
0.209242	0.673043	0.217743	6.567257	
0.651083	0.224906	0.224367	6.612926	
0.881802	0.736461	0.870294	3.452952	
0.332409	0.000541	0.879838	5.989597	
0.004774	0.269412	0.000477	7.573166	
0.000002	0.136182	0.133718	7.473036	
0.000382	0.777496	0.196824	6.166226	
0.872431	0.883882	0.728788	3.514750	
0.199550	0.655057	0.000000	7.337864	
0.770612	0.178675	0.603248	6.005468	
0.604515	0.008621	0.000000	7.944656	
0.797056	0.896047	0.030468	4.774320	
0.332409	0.062739	0.669575	6.882484	
0.604497	0.654108	0.248846	6.727790	
0.006097	0.729538	0.005469	6.851671	
0.012318	0.202705	0.778987	6.139014	
0.792787	0.611600	0.262000	5.770476	
0.733945	0.002540	0.731683	5.718327	
0.732767	0.737426	0.000625	5.648276	
0.712992	0.001892	0.000124	6.987124	
0.629974	0.776198	0.241899	5.791792	
0.627496	0.661802	0.636456	6.511190	
0.172288	0.297207	0.203238	6.867368	
0.077725	0.862237	0.352474	5.942204	
0.010857	0.737816	0.748960	5.574039	
0.786777	0.011278	0.902842	4.871442	
0.171116	0.287612	0.002067	7.260316	
0.198749	0.000480	0.779392	6.264499	
0.292346	0.156800	0.000682	7.284849	
0.012250	0.301701	0.158731	7.289804	
0.222452	0.222105	0.661436	6.635396	
0.000004	0.001091	0.127118	7.754397	
0.000030	0.025010	0.628915	7.560105	
0.796878	0.810703	0.268456	4.428059	
0.886237	0.650892	0.715358	4.768528	
0.414006	0.722341	0.000007	6.788732	
0.235169	0.853352	0.221163	5.472847	
0.000889	0.122465	0.000086	7.767883	
0.015968	0.797807	0.891278	4.779311	
0.000000	0.187589	0.267173	7.208380	
0.198995	0.001078	0.629000	7.204637	
0.878968	0.008154	0.013139	6.299526	
0.867158	0.223581	0.215334	5.486915	
0.682395	0.912802	0.658946	5.027271	
0.000002	0.000000	0.000000	8.001150	
0.629639	0.244612	0.814276	5.697582	
0.747108	0.881936	0.896420	3.428195	
0.000000	0.011278	0.902842	6.369441	
0.000002	0.613423	0.000000	7.682665	
0.000004	0.710668	0.305441	6.620977	
0.119878	0.000092	0.000025	7.772139	
0.028083	0.639578	0.872615	5.810211	
0.261274	0.010107	0.155080	7.255436	
0.772542	0.203459	0.004764	6.267406	
0.137510	0.136901	0.000012	7.464446	
0.634888	0.592706	0.000000	7.341615	
0.145909	0.143839	0.154769	7.127280	
0.771883	0.000794	0.194838	6.199991	
0.604515	0.202705	0.000000	7.340982	
0.136287	0.000514	0.133493	7.535954	
0.174348	0.801764	0.009291	6.077578	
0.263714	0.629711	0.630525	6.745002	
0.609100	0.188669	0.639610	6.859376	
0.010076	0.156171	0.613047	7.362258	
0.188760	0.777393	0.614112	5.906551	
0.264391	0.000000	0.000048	7.576560	
0.163197	0.179733	0.316747	6.951132	
0.680129	0.666786	0.882313	4.919003	
0.015440	0.888044	0.001346	6.322161	
0.001030	0.620254	0.198745	7.282631	
0.263704	0.615773	0.785027	5.846713	
0.024508	0.609968	0.699288	6.915498	
0.876647	0.005085	0.794621	4.777850	
0.781750	0.254415	0.814276	4.528270	
0.002287	0.003615	0.274113	7.578335	
0.163197	0.002147	0.314210	7.302223	
0.329112	0.189723	0.179356	6.933630	
0.005449	0.000514	0.716731	6.956884	
0.257983	0.000541	0.879726	5.899932	
0.732767	0.737426	0.000120	5.649175	
0.226662	0.033360	0.009935	7.530103	
0.885957	0.646819	0.715358	4.820279	
0.263704	0.631567	0.630525	6.731156	
0.630340	0.010795	0.150786	7.270714	
0.000282	0.000541	0.889121	6.342839	
0.000000	0.797807	0.891060	4.796418	
0.770612	0.199746	0.633726	5.760637	
0.001030	0.615083	0.198745	7.285465	
0.707168	0.000819	0.315734	6.663803	
0.119878	0.000059	0.000025	7.772287	
0.292346	0.151134	0.000682	7.298019	
0.134678	0.129946	0.000003	7.486589	
0.198279	0.655057	0.000064	7.243414	
0.733945	0.002540	0.000124	6.831050	
0.136287	0.001071	0.133493	7.474986	
0.213913	0.660504	0.217743	6.569726	
0.000030	0.031288	0.627664	7.559389	
0.797056	0.895834	0.002017	4.810785	
0.713126	0.924905	0.654722	5.004010	
0.017854	0.665999	0.886582	5.654457	
0.005516	0.199520	0.638044	7.145925	
0.199240	0.829584	0.776852	4.782759	
0.195219	0.296497	0.161069	6.898877	
0.680407	0.862237	0.877884	3.865562	
0.000018	0.051164	0.004984	7.922961	
0.651083	0.222034	0.222531	6.701296	
0.604515	0.063313	0.000000	7.634735	
0.627496	0.661802	0.635199	6.519140	
0.000018	0.000000	0.285784	7.593136	
0.774046	0.194010	0.001635	6.225234	
0.000020	0.131089	0.042333	7.813706	
0.222883	0.211100	0.857506	5.489240	
0.867158	0.223581	0.215288	5.487281	
0.766190	0.000794	0.194838	6.300565	
0.781750	0.195510	0.815129	4.528995	
0.179269	0.178542	0.313224	6.916814	
0.748520	0.010272	0.718484	5.753812	
0.881507	0.737816	0.883511	3.578376	
0.261274	0.010107	0.155080	7.255436	
0.634888	0.613427	0.000000	7.235626	
0.253648	0.834554	0.196321	5.522413	
0.609777	0.117788	0.669249	6.797380	
0.617679	0.831453	0.168213	5.698892	
0.688188	0.650519	0.225039	6.205471	
0.007028	0.224906	0.231169	7.256074	
0.889390	0.791599	0.002353	4.819444	
0.609100	0.202705	0.000000	7.317784	
0.035213	0.710668	0.303572	6.687163	
0.005799	0.729538	0.005469	6.859966	
0.000000	0.717594	0.748504	5.686692	
0.000000	0.186032	0.776340	6.190680	
0.856214	0.008110	0.000003	6.299686	
0.000341	0.860411	0.005885	6.301889	
0.876658	0.006232	0.792329	4.796771	
0.689932	0.666786	0.882260	4.820986	
0.000010	0.858238	0.160385	6.027267	
0.854657	0.819801	0.199786	4.359306	
0.765000	0.017909	0.896440	4.966177	
0.032241	0.609968	0.699288	6.898670	
0.606420	0.654108	0.249146	6.718266	
0.251584	0.160424	0.191880	6.880008	
0.077725	0.856754	0.357763	5.956300	
0.193172	0.782383	0.000026	6.176117	
0.188760	0.777393	0.629451	5.815189	
0.198995	0.001710	0.629000	7.202266	
0.187028	0.002591	0.276308	7.210460	
0.222452	0.222105	0.666100	6.610531	
0.032155	0.052202	0.153557	7.578510	
0.877388	0.873130	0.728513	3.505832	
0.000018	0.000000	0.660878	7.377757	
0.008728	0.248845	0.000008	7.604003	
0.263704	0.632389	0.782824	5.668625	
0.014993	0.298482	0.158731	7.272856	
0.332409	0.000541	0.879838	5.989597	
0.222452	0.227216	0.132992	7.009693	
0.007742	0.187782	0.127118	7.375476	
0.223577	0.267964	0.000530	7.162638	
0.192302	0.777393	0.002466	6.172332	
0.108882	0.862237	0.344626	5.851765	
0.252164	0.799655	0.839037	4.338803	
0.015440	0.209152	0.004876	7.577260	
0.272654	0.211100	0.869363	5.488691	
0.881507	0.738840	0.883511	3.571103	
0.263704	0.632389	0.630525	6.727721	
0.181387	0.809959	0.629451	5.663627	
0.145909	0.140040	0.158829	7.126934	
0.005839	0.880158	0.005432	6.409735	
0.164645	0.291253	0.198396	6.880704	
0.629974	0.005047	0.241899	7.154084	
0.199032	0.000480	0.779392	6.154236	
0.000004	0.680682	0.284052	6.821294	
0.774319	0.190244	0.000266	6.194510	
0.209242	0.660504	0.217743	6.574720	
0.683280	0.830823	0.657593	5.087697	
0.688188	0.650519	0.225039	6.205471	
0.000889	0.122465	0.024802	7.737405	
0.223577	0.267964	0.010722	7.152929	
0.867158	0.223581	0.709156	4.912156	
0.632476	0.613423	0.000000	7.250441	
0.732767	0.799509	0.000120	5.282700	
0.000004	0.001091	0.798659	6.453839	
0.690211	0.862237	0.877831	3.802387	
0.706653	0.000819	0.315734	6.675268	
0.000347	0.713968	0.001738	6.977844	
0.226662	0.033360	0.009935	7.530103	
0.177253	0.179733	0.313006	6.963218	
0.198995	0.001722	0.629000	7.202175	
0.000030	0.031288	0.628915	7.550472	
0.192302	0.159819	0.002466	7.300728	
0.257983	0.002294	0.155080	7.263130	
0.766901	0.631567	0.630525	5.766667	
0.000018	0.051164	0.004984	7.922961	
0.015440	0.214297	0.642191	7.081606	
0.000000	0.185534	0.805991	6.145046	
0.653373	0.000000	0.884066	5.845932	
