0.295219	0.008809	0.153398	7.318556	
0.862033	0.873371	0.743884	3.383866	
0.656343	0.218628	0.207081	6.597059	
0.628232	0.637064	0.231229	6.719117	
0.197373	0.000188	0.786453	6.217746	
0.635134	0.281504	0.807378	5.609136	
0.002319	0.000661	0.718313	6.943051	
0.909502	0.059710	0.641370	5.910531	
0.877668	0.049580	0.811512	4.645095	
0.031192	0.635385	0.002109	7.510275	
0.007730	0.898673	0.009559	6.349578	
0.145984	0.602384	0.001190	7.450797	
0.803730	0.272381	0.800255	4.442039	
0.687711	0.879135	0.657786	4.897130	
0.000012	0.725765	0.003349	6.958660	
0.186207	0.165121	0.304682	6.915735	
0.008850	0.659484	0.640183	6.897850	
0.211993	0.636822	0.815830	5.705554	
0.000000	0.138892	0.142771	7.461302	
0.673215	0.681838	0.893943	4.861397	
0.134485	0.000635	0.134338	7.474845	
0.728918	0.581336	0.000010	6.817000	
0.000000	0.000005	0.618406	7.795966	
0.812967	0.605188	0.168584	5.791619	
0.648169	0.189229	0.611520	6.787088	
0.132457	0.128643	0.002930	7.490266	
0.781102	0.211135	0.604869	5.856616	
0.205336	0.665036	0.225972	6.638292	
0.819342	0.778065	0.266909	4.499525	
0.125550	0.000007	0.000975	7.814615	
0.692159	0.000007	0.615457	6.955825	
0.883793	0.738029	0.864636	3.442015	
0.722722	0.000000	0.000000	6.957545	
0.217786	0.216134	0.847684	5.492996	
0.000957	0.000015	0.280018	7.585629	
0.339631	0.017696	0.723029	6.571139	
0.641171	0.645522	0.638626	6.525933	
0.000089	0.741689	0.732581	5.624847	
0.280142	0.189818	0.182939	6.846753	
0.007730	0.192598	0.780483	6.146552	
0.734286	0.001194	0.732130	5.673750	
0.577728	0.696936	0.000996	6.959637	
0.188456	0.777242	0.000810	6.181795	
0.778005	0.000650	0.185084	6.238488	
0.219983	0.213709	0.656136	6.634148	
0.907657	0.718052	0.641370	4.860303	
0.205336	0.638730	0.630121	6.713560	
0.853698	0.231012	0.219099	5.475940	
0.593414	0.007412	0.000102	7.890186	
0.724390	0.866027	0.864591	3.518380	
0.000000	0.509303	0.748078	6.965768	
0.893746	0.010286	0.000122	6.344191	
0.001052	0.616221	0.156335	7.422591	
0.000007	0.159928	0.315114	7.312828	
0.003680	0.770913	0.191504	6.207667	
0.811388	0.891641	0.014599	4.727153	
0.567616	0.791137	0.189545	5.993731	
0.803155	0.000306	0.894174	4.780574	
0.875340	0.791973	0.023537	4.764070	
0.781358	0.196109	0.005418	6.139805	
0.048390	0.777893	0.892842	4.832088	
0.735092	0.726294	0.000996	5.709410	
0.260859	0.751703	0.563060	6.295143	
0.222288	0.863016	0.221929	5.478632	
0.153686	0.303351	0.007091	7.311921	
0.000000	0.293703	0.197375	7.257759	
0.276782	0.000188	0.003943	7.578679	
0.002963	0.128376	0.000010	7.750608	
0.000526	0.000135	0.123125	7.764105	
0.267562	0.821524	0.785681	4.462736	
0.150072	0.303351	0.176032	6.963125	
0.148356	0.149564	0.150774	7.142258	
0.217808	0.000005	0.618406	7.249128	
0.897776	0.523132	0.000000	6.354238	
0.634841	0.214879	0.009748	7.205530	
0.000000	0.000000	0.000000	8.042951	
0.158624	0.003708	0.297948	7.284556	
0.006786	0.015512	0.894070	6.331087	
0.000000	0.292530	0.000468	7.806313	
0.019286	0.893063	0.794511	4.796968	
0.297270	0.160305	0.000010	7.283752	
0.592851	0.000095	0.226022	7.374293	
0.000574	0.897241	0.613183	6.058231	
0.000000	0.217998	0.618406	7.262151	
0.819342	0.000397	0.013399	6.447944	
0.322814	0.017696	0.732593	6.465976	
0.134485	0.001414	0.134338	7.474041	
0.673215	0.679542	0.893943	4.881524	
0.829195	0.912652	0.783716	3.359459	
0.000000	0.129502	0.142771	7.467234	
0.632875	0.073203	0.860947	5.767555	
0.280142	0.189818	0.203321	6.815854	
0.297270	0.234334	0.023085	7.153312	
0.812843	0.031830	0.882148	4.700276	
0.267562	0.805457	0.785354	4.546137	
0.028976	0.893063	0.794511	4.782959	
0.144094	0.605188	0.001190	7.441784	
0.016036	0.215316	0.009748	7.564177	
0.125550	0.000265	0.000983	7.778891	
0.148356	0.149564	0.790338	5.892097	
0.683587	0.866916	0.659879	4.901767	
0.290827	0.005572	0.161030	7.280482	
0.130721	0.128643	0.000010	7.497514	
0.774695	0.211104	0.004141	6.158829	
0.588293	0.710789	0.000204	6.810259	
0.002319	0.000649	0.724124	6.940792	
0.222591	0.230293	0.658052	6.562850	
0.771076	0.879463	0.004141	4.908075	
0.647035	0.625336	0.231229	6.663583	
0.036704	0.895347	0.002745	6.306521	
0.719700	0.866027	0.865669	3.553012	
0.219947	0.296065	0.221929	6.780603	
0.296953	0.041713	0.000010	7.552689	
0.004184	0.173824	0.278169	7.234809	
0.860892	0.048815	0.789347	4.726520	
0.262606	0.670255	0.784784	5.408084	
0.909502	0.098184	0.641370	5.739469	
0.205953	0.833945	0.617512	5.601155	
0.001963	0.132801	0.005519	7.733646	
0.885709	0.878915	0.000122	4.704301	
0.000957	0.014357	0.282728	7.581522	
0.656343	0.218045	0.274616	6.577837	
0.865904	0.507805	0.000001	6.308933	
0.656343	0.872713	0.274616	5.346815	
0.031192	0.635385	0.003943	7.505207	
0.011639	0.217537	0.781074	6.110295	
0.846837	0.797947	0.896735	3.210960	
0.148356	0.149564	0.153506	7.136376	
0.000089	0.741689	0.736073	5.593607	
0.006786	0.018948	0.878045	6.309229	
0.593414	0.000660	0.000767	7.783538	
0.649648	0.191092	0.611520	6.772692	
0.628232	0.011973	0.231229	7.169275	
0.731883	0.018564	0.000505	6.824741	
0.205336	0.665936	0.225972	6.631638	
0.805097	0.012970	0.134338	6.141972	
0.812796	0.605188	0.001190	6.115044	
0.001052	0.639685	0.156937	7.253053	
0.158688	0.000370	0.295296	7.285826	
0.007730	0.707837	0.006197	7.010146	
0.031192	0.000188	0.003943	7.957766	
0.212253	0.863963	0.219909	5.491056	
0.216229	0.000000	0.626421	7.200486	
0.643032	0.642215	0.646596	6.485937	
0.777026	0.864561	0.234496	4.475049	
0.000890	0.000005	0.618406	7.656728	
0.728918	0.581208	0.012264	6.796716	
0.000000	0.218010	0.618406	7.250516	
0.787141	0.215814	0.610434	5.811371	
0.187440	0.781678	0.000804	6.158106	
0.673482	0.637831	0.266909	6.499499	
0.848976	0.217002	0.219099	5.489387	
0.008898	0.650385	0.640183	6.961691	
0.618924	0.206496	0.824481	5.612483	
0.192548	0.000332	0.793874	6.189098	
0.034757	0.254701	0.128191	7.351064	
0.876844	0.747997	0.615365	4.723290	
0.000526	0.001406	0.123138	7.762364	
0.661590	0.073254	0.625044	7.083514	
0.050216	0.771549	0.892842	4.908753	
0.198313	0.235924	0.014599	7.172762	
0.808533	0.272497	0.800255	4.426711	
0.647084	0.138709	0.000204	7.199303	
0.003680	0.780329	0.189903	6.170869	
0.778423	0.023215	0.000001	6.684561	
0.656267	0.195551	0.791043	5.559017	
0.011365	0.012970	0.143177	7.746474	
0.656267	0.710789	0.000204	6.420227	
0.588293	0.714359	0.829414	5.126671	
0.268704	0.234334	0.223734	6.804500	
0.648169	0.189229	0.611520	6.787088	
0.779239	0.883806	0.004141	4.872087	
0.000480	0.218045	0.280923	7.209241	
0.673800	0.078222	0.266075	6.949847	
0.819342	0.000397	0.013399	6.447944	
0.885709	0.021082	0.625870	6.111062	
0.129807	0.000649	0.623373	7.413748	
0.036704	0.895347	0.002745	6.306521	
0.682502	0.897241	0.613183	5.312762	
0.039484	0.198794	0.629641	7.231867	
0.683587	0.678289	0.623550	6.092245	
0.719700	0.866027	0.865669	3.553012	
0.781358	0.211104	0.004141	6.122603	
0.601768	0.073203	0.068026	7.516319	
0.000574	0.665002	0.223936	6.935135	
0.217925	0.000011	0.294265	7.195215	
0.863921	0.169297	0.864636	4.390150	
0.865904	0.612325	0.000001	5.998056	
0.150078	0.149564	0.153859	7.098949	
0.031762	0.232877	0.147756	7.260147	
0.125550	0.000004	0.740413	6.604436	
0.042613	0.797947	0.847154	4.702734	
0.028976	0.893063	0.794511	4.782959	
0.788013	0.198794	0.629641	5.780305	
0.887780	0.895347	0.854250	3.005246	
0.227139	0.230293	0.663405	6.524462	
0.211993	0.636822	0.005437	7.131868	
0.002963	0.128376	0.032088	7.739319	
0.015690	0.000188	0.010074	8.019604	
0.218284	0.296065	0.006780	7.186704	
