0.782752	0.616134	0.248304	5.819343	
0.004402	0.269033	0.002059	7.571306	
0.662292	0.219448	0.219330	6.540755	
0.000077	0.002127	0.126193	7.755233	
0.803680	0.801677	0.262847	4.431917	
0.000030	0.123998	0.000000	7.762127	
0.288580	0.156769	0.000909	7.279865	
0.000037	0.302251	0.165853	7.279030	
0.700361	0.704011	0.923687	4.604736	
0.802226	0.003746	0.902656	4.807280	
0.871215	0.869365	0.728797	3.493447	
0.206925	0.000204	0.628135	7.297046	
0.609926	0.250381	0.869365	5.603522	
0.217863	0.221016	0.881018	5.501488	
0.282359	0.000088	0.000263	7.591313	
0.899196	0.000720	0.016613	6.349989	
0.176742	0.194683	0.305637	6.883289	
0.266388	0.632327	0.631162	6.722388	
0.616618	0.127190	0.627935	7.014540	
0.784592	0.191920	0.000155	6.133840	
0.920324	0.207878	0.600888	5.806164	
0.631420	0.766265	0.278564	6.049653	
0.605969	0.213567	0.000000	7.325700	
0.000170	0.194023	0.781817	6.145242	
0.604211	0.010537	0.706720	6.956961	
0.782752	0.000543	0.194710	6.138764	
0.166089	0.002082	0.299282	7.276561	
0.000170	0.280609	0.693455	6.728523	
0.916211	0.025552	0.805332	4.821389	
0.299997	0.000438	0.160212	7.300041	
0.641449	0.643749	0.324328	6.653231	
0.002165	0.155018	0.305812	7.305099	
0.141261	0.001003	0.138076	7.449693	
0.002079	0.915600	0.648901	5.888265	
0.870648	0.728529	0.869238	3.493456	
0.920324	0.000000	0.600888	6.227346	
0.732387	0.863755	0.867674	3.467681	
0.194247	0.311751	0.178833	6.887802	
0.894971	0.708134	0.684152	4.583736	
0.699372	0.022737	0.298311	6.667308	
0.907163	0.788622	0.004756	4.897862	
0.000010	0.137334	0.139326	7.460920	
0.000307	0.004577	0.278772	7.579471	
0.867407	0.223508	0.230345	5.473705	
0.000190	0.787080	0.194678	6.159011	
0.195907	0.000827	0.781212	6.144992	
0.000000	0.574583	0.000000	7.943773	
0.001111	0.629861	0.195924	7.204218	
0.801029	0.910265	0.005875	4.837908	
0.137424	0.137492	0.000027	7.470141	
0.000010	0.001884	0.728848	6.910861	
0.750842	0.725747	0.000355	5.604846	
0.605969	0.000148	0.000000	7.752426	
0.152223	0.150355	0.158577	7.082866	
0.194865	0.634690	0.007247	7.163505	
0.735147	0.001613	0.000029	6.822570	
0.000000	0.000000	0.000000	8.000535	
0.223522	0.656844	0.223963	6.572564	
0.223327	0.856014	0.220909	5.478972	
0.232785	0.594131	0.791419	5.841258	
0.690202	0.915600	0.684560	4.790129	
0.129341	0.000000	0.000205	7.750103	
0.010168	0.895010	0.794466	4.810700	
0.194247	0.310595	0.002539	7.239265	
0.016720	0.797097	0.907666	4.833917	
0.273796	0.756828	0.621953	6.063379	
0.246384	0.807508	0.807010	4.394724	
0.601298	0.687311	0.006894	7.100523	
0.001200	0.722134	0.000642	6.915587	
0.000021	0.781785	0.476867	6.796548	
0.749613	0.000255	0.737047	5.631668	
0.609867	0.000363	0.194710	7.320204	
0.198734	0.775147	0.000920	6.174493	
0.020797	0.192017	0.622065	7.228695	
0.224629	0.218065	0.660834	6.549035	
0.807567	0.262070	0.813018	4.372457	
0.002619	0.910265	0.005875	6.399862	
0.006420	0.003746	0.902656	6.370652	
0.001578	0.735008	0.740324	5.632762	
0.362749	0.856946	0.000909	6.043399	
0.643147	0.643749	0.645095	6.477983	
0.000306	0.003441	0.622065	7.701483	
0.295590	0.142596	0.159570	7.015973	
0.807085	0.634750	0.248969	5.541904	
0.857990	0.255307	0.624519	5.498046	
0.010576	0.001003	0.898165	6.355659	
0.223522	0.662984	0.223963	6.528695	
0.000030	0.126835	0.004756	7.751888	
0.251170	0.000107	0.628164	7.280393	
0.613368	0.000363	0.194710	7.300903	
0.164148	0.120067	0.003264	7.439986	
0.643147	0.643749	0.197317	6.606345	
0.658439	0.001304	0.607777	7.252504	
0.012547	0.799062	0.883812	4.761970	
0.770014	0.052904	0.000000	6.516183	
0.261287	0.634690	0.007052	7.121248	
0.223874	0.855081	0.220909	5.478857	
0.864391	0.871035	0.736262	3.435806	
0.743306	0.743416	0.006139	5.524218	
0.056380	0.218503	0.650904	7.042392	
0.643147	0.643749	0.644763	6.480227	
0.799522	0.023071	0.919806	4.863299	
0.246038	0.618661	0.741538	6.003550	
0.803680	0.808917	0.261129	4.403697	
0.001552	0.304089	0.184408	7.245787	
0.289777	0.145415	0.159570	7.002062	
0.001578	0.735008	0.625496	6.458340	
0.792975	0.849780	0.024666	4.751326	
0.801029	0.806495	0.847838	3.317751	
0.882449	0.000773	0.016613	6.308479	
0.862443	0.000006	0.595627	6.147901	
0.129341	0.000000	0.000307	7.749898	
0.639525	0.218503	0.650904	6.557407	
0.000307	0.001884	0.728848	6.906366	
0.938701	0.714249	0.623967	5.273748	
0.001133	0.910265	0.005875	6.401348	
0.186298	0.154400	0.884044	5.788684	
0.000170	0.194023	0.764382	6.361598	
0.194082	0.785139	0.002744	6.125434	
0.000010	0.137486	0.139326	7.456464	
0.223552	0.215004	0.660834	6.552070	
0.004412	0.263247	0.002942	7.567982	
0.001578	0.731217	0.740338	5.636372	
0.916019	0.000107	0.800002	4.874006	
0.270846	0.756828	0.621953	6.097427	
0.194519	0.246404	0.193004	6.811597	
0.604211	0.010537	0.713834	6.817166	
0.170824	0.192346	0.305637	6.898263	
0.598947	0.870353	0.000155	6.095022	
0.011690	0.870353	0.193633	5.999708	
0.598947	0.870353	0.193633	5.796347	
0.894971	0.002041	0.684152	5.558778	
0.000795	0.850795	0.605315	6.043203	
0.196232	0.000827	0.299087	7.303997	
0.001335	0.002082	0.126797	7.825507	
0.282251	0.005997	0.000263	7.646391	
0.194519	0.246404	0.002910	7.191302	
0.195467	0.000072	0.801670	6.048637	
0.246848	0.792796	0.814169	4.430491	
0.048512	0.895010	0.794466	4.752243	
0.806850	0.262070	0.813018	4.377531	
0.649588	0.137486	0.139326	6.910954	
0.782752	0.000363	0.194710	6.139590	
0.235424	0.193908	0.142129	7.010121	
0.266388	0.632327	0.637882	6.695729	
0.605969	0.008971	0.000000	7.743678	
0.729254	0.704011	0.923687	4.457371	
0.689450	0.816406	0.728797	4.449769	
0.000037	0.658903	0.679641	6.627366	
0.893961	0.761610	0.873861	3.315572	
0.000000	0.574583	0.000000	7.897238	
0.137225	0.001050	0.138076	7.459692	
0.000206	0.152598	0.307833	7.331593	
0.002686	0.722134	0.000642	6.914108	
0.000235	0.004052	0.004673	7.991173	
0.000307	0.001884	0.278772	7.625092	
0.634828	0.188335	0.000000	7.180440	
0.857593	0.263137	0.229257	5.462774	
0.299997	0.000438	0.146587	7.329294	
0.288558	0.156769	0.000909	7.279883	
0.002546	0.658903	0.185454	7.019331	
0.604608	0.695563	0.006894	6.839835	
0.879848	0.791277	0.005304	4.797438	
0.803342	0.137334	0.137434	5.928645	
0.640614	0.182351	0.867669	5.769964	
0.002358	0.083800	0.807010	6.266572	
0.187151	0.268365	0.303643	6.911724	
0.743412	0.218289	0.650904	5.801790	
0.662292	0.219448	0.218980	6.625808	
0.623216	0.855081	0.219034	5.521622	
0.012373	0.799062	0.883812	4.792916	
0.041487	0.861523	0.648901	5.794258	
0.643147	0.641056	0.197317	6.624216	
0.129341	0.194067	0.000307	7.368260	
0.935324	0.756828	0.793790	4.045958	
0.752709	0.052904	0.000000	6.624705	
0.596830	0.213567	0.000000	7.369200	
0.898282	0.001003	0.603114	6.103536	
0.200707	0.004052	0.003724	7.606202	
0.633742	0.644627	0.643704	6.543447	
0.229700	0.632327	0.637882	6.699119	
0.187151	0.803372	0.260339	5.734220	
0.643148	0.640636	0.137735	6.743217	
0.004901	0.837208	0.000444	6.321048	
0.192518	0.000072	0.801670	6.089505	
0.914332	0.000720	0.794874	4.886796	
0.221127	0.656232	0.642236	6.499171	
0.004793	0.004052	0.002931	7.988053	
0.798444	0.618720	0.248304	5.729010	
0.026757	0.004577	0.246445	7.537651	
0.000010	0.317331	0.002717	7.646695	
0.048512	0.895010	0.794168	4.753213	
0.853242	0.887099	0.764745	3.273314	
0.226286	0.658903	0.679641	6.209727	
0.223552	0.215004	0.650874	6.635157	
0.002686	0.722134	0.633219	6.478095	
0.016801	0.012216	0.876531	6.285971	
0.604211	0.010537	0.705381	6.966454	
0.689450	0.815828	0.728797	4.668372	
0.205265	0.695563	0.009492	6.778795	
