0.135445	0.000022	0.141510	7.456296	
0.729397	0.001364	0.000009	6.888456	
0.626309	0.185081	0.003536	7.280036	
0.002206	0.789749	0.194693	6.150194	
0.619982	0.634606	0.168783	6.941930	
0.323219	0.000076	0.142835	7.364263	
0.007946	0.749306	0.724163	5.658192	
0.217867	0.209686	0.656876	6.591018	
0.000000	0.000000	0.000000	8.000102	
0.578937	0.268941	0.780365	5.959648	
0.779905	0.000820	0.201473	6.148843	
0.000019	0.630677	0.200781	7.379306	
0.633900	0.002706	0.183417	7.191952	
0.000072	0.000293	0.125198	7.760621	
0.646744	0.016853	0.617858	7.116548	
0.216216	0.672806	0.220745	6.479666	
0.235578	0.621646	0.000725	7.246195	
0.018474	0.008406	0.639156	7.547677	
0.224552	0.875042	0.215982	5.492401	
0.188827	0.001523	0.782742	6.152996	
0.809144	0.816281	0.270527	4.403100	
0.325889	0.188440	0.175860	6.929020	
0.000229	0.311968	0.000009	7.680626	
0.136795	0.141931	0.000012	7.452050	
0.805149	0.261487	0.798599	4.439255	
0.801484	0.010815	0.896992	4.785102	
0.859874	0.235785	0.217978	5.472984	
0.191204	0.794439	0.000009	6.087068	
0.002367	0.696523	0.542389	7.065790	
0.779785	0.201525	0.000607	6.146929	
0.698829	0.317008	0.020088	6.705545	
0.338348	0.000004	0.726806	6.564074	
0.000232	0.189046	0.619454	7.277140	
0.263750	0.827073	0.818705	4.397907	
0.000019	0.192780	0.777494	6.171960	
0.893201	0.731173	0.857548	3.512066	
0.002891	0.313553	0.163316	7.308131	
0.000707	0.027294	0.895726	6.325327	
0.842714	0.647468	0.257058	5.583973	
0.910084	0.800487	0.013894	4.834784	
0.001239	0.000004	0.726806	6.927270	
0.298468	0.141222	0.000237	7.326886	
0.731535	0.748696	0.001240	5.598222	
0.671474	0.676596	0.865699	4.867297	
0.125237	0.000000	0.000000	7.759068	
0.688742	0.913584	0.656907	5.013620	
0.019869	0.893557	0.788396	4.823602	
0.735451	0.000247	0.739503	5.613256	
0.154616	0.153144	0.151332	7.096201	
0.633900	0.221926	0.617101	6.822082	
0.167135	0.000000	0.284002	7.265878	
0.235548	0.621411	0.784513	5.764657	
0.276772	0.001471	0.011491	7.569268	
0.226846	0.219888	0.866380	5.478534	
0.178065	0.322734	0.000002	7.296771	
0.434991	0.717133	0.014634	6.859595	
0.790068	0.890969	0.026782	4.804371	
0.904428	0.685526	0.690168	4.768334	
0.004585	0.584774	0.747797	6.556634	
0.157783	0.310389	0.194539	6.926824	
0.765495	0.232846	0.589313	6.014090	
0.217867	0.001458	0.615226	7.259682	
0.633900	0.926151	0.038993	6.008174	
0.655943	0.219381	0.221242	6.591616	
0.000000	0.876145	0.567908	6.233457	
0.879813	0.014774	0.790548	4.812002	
0.000001	0.129492	0.000020	7.751091	
0.638729	0.649306	0.659225	6.444253	
0.000013	0.150558	0.269386	7.278943	
0.004585	0.579152	0.000002	7.920611	
0.001009	0.725226	0.004194	6.889697	
0.729746	0.855519	0.865631	3.479180	
0.912658	0.006280	0.007122	6.404572	
0.228094	0.642786	0.613708	6.788835	
0.861554	0.874348	0.730569	3.478850	
0.169198	0.182936	0.323797	6.947160	
0.250456	0.790496	0.615491	5.751755	
0.014953	0.874768	0.010313	6.289064	
0.003140	0.799298	0.866121	4.748046	
0.608809	0.766400	0.169872	5.984044	
0.000228	0.011898	0.283312	7.588871	
0.000126	0.138443	0.139835	7.482172	
0.626302	0.003590	0.000209	7.604150	
0.177873	0.001471	0.629949	7.227899	
0.879813	0.014774	0.865981	4.638287	
0.798507	0.256768	0.833990	4.451457	
0.005974	0.021723	0.864696	6.280868	
0.731552	0.612586	0.011887	6.660482	
0.633900	0.185081	0.000209	7.211364	
0.861554	0.874348	0.741387	3.401870	
0.897427	0.685998	0.037482	5.531181	
0.169662	0.027517	0.283288	7.214451	
0.238572	0.109727	0.781992	5.897521	
0.002204	0.730850	0.004505	6.847467	
0.331862	0.720779	0.014634	6.575097	
0.790068	0.890969	0.024572	4.807676	
0.236230	0.635480	0.784513	5.723431	
0.842714	0.646678	0.257064	5.573454	
0.030746	0.196588	0.279759	7.161341	
0.638357	0.649879	0.169012	6.645563	
0.671474	0.673224	0.861421	4.891670	
0.000467	0.337163	0.724163	6.591387	
0.327747	0.001573	0.698562	6.749286	
0.640468	0.090496	0.617197	7.019922	
0.729746	0.855113	0.853801	3.479787	
0.912658	0.000000	0.005487	6.413078	
0.633900	0.000414	0.000209	7.580914	
0.879248	0.235785	0.124939	5.659157	
0.226124	0.763792	0.167973	5.996808	
0.298468	0.141222	0.000012	7.327059	
0.002544	0.198303	0.167973	7.363432	
0.638969	0.218487	0.621414	6.752134	
0.723739	0.207674	0.173386	6.161236	
0.608809	0.766400	0.159453	6.106868	
0.155523	0.155211	0.151879	7.089386	
0.000000	0.691870	0.542389	7.103570	
0.229979	0.145406	0.718649	6.236384	
0.008007	0.000239	0.739503	6.784243	
0.000232	0.313553	0.164636	7.301030	
0.775892	0.240567	0.007128	6.147428	
0.642142	0.092717	0.162379	7.065615	
0.017766	0.024990	0.639156	7.526879	
0.228094	0.642786	0.627329	6.707382	
0.013030	0.622630	0.201072	7.223095	
0.000210	0.791823	0.194693	6.094802	
0.323219	0.008829	0.142835	7.354747	
0.856108	0.687188	0.677294	4.770870	
0.018501	0.894186	0.787166	4.842353	
0.857398	0.791024	0.033976	4.767905	
0.216907	0.164726	0.296845	6.864759	
0.014953	0.018461	0.010313	7.953192	
0.157783	0.310389	0.194539	6.926824	
0.224552	0.875042	0.214890	5.492696	
0.937160	0.045708	0.781992	5.000912	
0.250456	0.790496	0.618725	5.708994	
0.003089	0.799298	0.727920	5.323563	
0.071059	0.010546	0.153733	7.647264	
0.000050	0.000293	0.125290	7.759824	
0.590196	0.242076	0.777108	5.926487	
0.689612	0.890091	0.656907	4.912892	
0.177868	0.201711	0.004173	7.273616	
0.003419	0.000000	0.255999	7.570220	
0.727360	0.207774	0.656876	6.098827	
0.137506	0.260489	0.000184	7.304815	
0.608182	0.649088	0.659671	6.554018	
0.004585	0.584774	0.000002	7.889619	
0.839797	0.799690	0.252628	4.458981	
0.276865	0.186879	0.200003	6.824139	
0.807024	0.024990	0.182475	6.019228	
0.000014	0.192780	0.777446	6.173165	
0.169198	0.875042	0.782048	4.506086	
0.236260	0.635714	0.000725	7.162892	
0.190213	0.794439	0.000009	6.088607	
0.028535	0.875506	0.012572	6.268361	
0.000000	0.254487	0.551920	7.554397	
0.071059	0.010546	0.012547	7.859514	
0.016352	0.855519	0.865631	4.599133	
0.000314	0.122888	0.000009	7.829297	
0.881368	0.793381	0.919637	3.248425	
0.253435	0.004985	0.001256	7.569166	
0.735147	0.000247	0.739503	5.615522	
0.268448	0.259425	0.833990	5.591252	
0.725127	0.000255	0.000008	6.897292	
0.000019	0.192620	0.777494	6.193035	
0.331032	0.000016	0.739536	6.456665	
0.002204	0.727121	0.006124	6.884947	
0.123077	0.025150	0.007225	7.729874	
0.843227	0.908837	0.786605	3.224948	
0.771933	0.195497	0.004360	6.255701	
0.015849	0.807155	0.865090	4.700566	
0.677171	0.676596	0.669432	5.847358	
0.590196	0.234206	0.764037	6.006241	
0.000314	0.122888	0.013452	7.813144	
0.914234	0.002706	0.183417	6.057710	
0.689612	0.890091	0.653623	4.936128	
0.868830	0.024723	0.799206	4.723019	
0.224550	0.159529	0.287924	6.859932	
0.217467	0.650548	0.617101	6.727366	
0.725127	0.872626	0.000008	5.210957	
0.242227	0.883334	0.706244	4.980051	
0.748954	0.875506	0.012572	5.030757	
0.000017	0.313553	0.164636	7.585126	
0.286054	0.000080	0.164687	7.262624	
0.005974	0.002773	0.864696	6.304115	
0.633898	0.187743	0.000209	7.206283	
0.877293	0.279556	0.780365	4.448082	
0.016476	0.189046	0.619454	7.258241	
0.207642	0.277107	0.221359	6.799447	
0.857398	0.791024	0.033976	4.767905	
0.633900	0.004453	0.000209	7.575883	
0.731552	0.617242	0.846742	4.831237	
0.276865	0.177239	0.005549	7.225141	
0.236230	0.648080	0.784513	5.638647	
0.176002	0.727121	0.006124	6.535608	
0.877993	0.616646	0.857172	4.292475	
0.220259	0.635714	0.000702	7.168795	
0.000232	0.196588	0.279759	7.200505	
0.011786	0.188440	0.177865	7.354934	
0.002367	0.696523	0.545324	7.062141	
0.868830	0.024723	0.017903	6.259531	
