0.148263	0.148438	0.147504	7.120458	
0.803290	0.013266	0.890244	4.755600	
0.000006	0.735240	0.733353	5.659081	
0.000002	0.136149	0.135961	7.468455	
0.801254	0.887323	0.025651	4.740519	
0.897416	0.795294	0.032479	4.782372	
0.003036	0.776919	0.191068	6.174614	
0.865993	0.877689	0.732572	3.470735	
0.299648	0.150344	0.004154	7.304520	
0.178684	0.174891	0.324028	6.944763	
0.000003	0.008845	0.872940	6.304959	
0.225818	0.870336	0.220599	5.482143	
0.750242	0.720363	0.000221	5.649057	
0.899715	0.700640	0.649244	4.941723	
0.684534	0.891814	0.681109	4.788546	
0.000029	0.123345	0.000010	7.764567	
0.612169	0.287521	0.784435	5.802261	
0.651082	0.223327	0.225039	6.614420	
0.732884	0.006521	0.736943	5.682576	
0.003036	0.876275	0.000393	6.315795	
0.222403	0.219397	0.871347	5.486261	
0.640925	0.006883	0.175536	7.188356	
0.799040	0.263560	0.802537	4.448089	
0.776978	0.002567	0.197784	6.165418	
0.000046	0.000248	0.717848	6.950466	
0.889059	0.004325	0.000023	6.338493	
0.895813	0.016268	0.800007	4.779934	
0.246979	0.807013	0.803358	4.417563	
0.122818	0.000032	0.000025	7.764951	
0.000422	0.178450	0.641672	7.297871	
0.002114	0.293431	0.171482	7.255965	
0.284786	0.000035	0.000108	7.634810	
0.000000	0.000000	0.000000	8.027604	
0.136888	0.000000	0.139581	7.468590	
0.851381	0.220929	0.212706	5.490469	
0.290194	0.168413	0.178397	6.902871	
0.293327	0.006883	0.175536	7.243971	
0.647094	0.180005	0.002723	7.167222	
0.230166	0.631720	0.625560	6.764182	
0.000418	0.000000	0.125243	7.807229	
0.764005	0.615807	0.272082	5.967379	
0.022530	0.005596	0.638152	7.501729	
0.733453	0.000001	0.353004	6.591449	
0.000421	0.646853	0.223352	7.225298	
0.744179	0.177052	0.572892	6.281835	
0.000038	0.717375	0.000004	6.953571	
0.796899	0.806094	0.255940	4.440903	
0.190255	0.602317	0.000003	7.379385	
0.721872	0.000032	0.000003	6.993371	
0.061685	0.616648	0.877635	5.889917	
0.217173	0.216378	0.661409	6.554227	
0.530824	0.000209	0.862631	6.289421	
0.861068	0.734230	0.877635	3.457103	
0.662699	0.687447	0.860541	4.849306	
0.000046	0.535472	0.715720	6.936729	
0.190037	0.286733	0.188255	6.844322	
0.565559	0.000004	0.000024	7.896735	
0.075964	0.907362	0.632957	5.839467	
0.499260	0.686857	0.000000	7.191061	
0.218593	0.659275	0.221923	6.563714	
0.189390	0.005166	0.791002	6.267524	
0.218012	0.630930	0.789094	5.657052	
0.774977	0.202060	0.000216	6.173828	
0.134311	0.134997	0.000781	7.473421	
0.566592	0.000037	0.737040	6.811150	
0.000000	0.157718	0.309331	7.308062	
0.000023	0.272070	0.000159	7.580234	
0.174041	0.000000	0.323588	7.302099	
0.217633	0.865407	0.617741	5.561330	
0.694121	0.554365	0.002646	7.191045	
0.001052	0.000356	0.266891	7.597985	
0.734186	0.877009	0.894144	3.503820	
0.007243	0.720103	0.625080	6.568777	
0.603566	0.770495	0.251884	5.898958	
0.193102	0.779823	0.003327	6.155369	
0.646510	0.277911	0.645490	6.557059	
0.029256	0.871199	0.786778	4.777299	
0.221853	0.014590	0.629688	7.162594	
0.639917	0.645388	0.173633	6.684568	
0.031988	0.798368	0.910663	4.815864	
0.639928	0.646241	0.644512	6.507802	
0.001858	0.192357	0.777907	6.168890	
0.007615	0.609285	0.000009	7.771541	
0.235274	0.851453	0.000108	5.887284	
0.232836	0.630930	0.862631	5.464287	
0.668310	0.002724	0.225182	7.112621	
0.736946	0.867450	0.865669	3.430732	
0.221876	0.014590	0.629688	7.162572	
0.004147	0.006536	0.000690	7.988425	
0.897772	0.213745	0.814360	4.344860	
0.218594	0.659276	0.212668	6.571535	
0.612802	0.287521	0.784435	5.798725	
0.225818	0.868597	0.225418	5.476836	
0.134311	0.135800	0.000781	7.471588	
0.014375	0.652637	0.208712	7.020460	
0.230166	0.631850	0.625560	6.763269	
0.285784	0.002833	0.181026	7.227456	
0.285871	0.000032	0.000108	7.636874	
0.044090	0.871199	0.860315	4.558766	
0.682224	0.892009	0.663867	4.923502	
0.662718	0.223327	0.225182	6.533125	
0.780320	0.887323	0.025651	4.841431	
0.221876	0.656659	0.629688	6.584045	
0.023926	0.862154	0.732572	5.120488	
0.065068	0.710455	0.013621	6.921145	
0.646510	0.191981	0.646140	6.590779	
0.565559	0.000004	0.685411	7.090692	
0.820463	0.157948	0.641672	5.702804	
0.001052	0.003924	0.266891	7.594484	
0.007630	0.609285	0.000009	7.771510	
0.877725	0.000032	0.015009	6.303394	
0.011358	0.808375	0.911697	4.807626	
0.121468	0.609285	0.000009	7.484721	
0.002672	0.000564	0.121687	7.766584	
0.642851	0.868857	0.002723	5.864301	
0.895813	0.002541	0.800007	4.796166	
0.290194	0.168413	0.178012	6.903383	
0.001037	0.178450	0.641672	7.296214	
0.002096	0.291876	0.136191	7.353939	
0.000004	0.196672	0.777907	6.163704	
0.774977	0.196565	0.010250	6.169232	
0.545318	0.739836	0.000024	6.740747	
0.148263	0.154214	0.147840	7.106256	
0.022530	0.005596	0.638152	7.501729	
0.847447	0.220929	0.212706	5.493928	
0.148263	0.151997	0.863053	5.711930	
0.121236	0.000032	0.000025	7.768770	
0.764005	0.617025	0.272082	5.911638	
0.214291	0.184455	0.276654	6.876128	
0.803290	0.006464	0.890244	4.925959	
0.003172	0.191681	0.276654	7.286408	
0.734384	0.005497	0.740672	5.609564	
0.731851	0.000665	0.000024	6.886952	
0.846785	0.823601	0.212187	4.265000	
0.248156	0.811609	0.799938	4.413578	
0.075964	0.906700	0.632957	5.927130	
0.000003	0.010787	0.872206	6.302206	
0.136777	0.006484	0.265274	7.301187	
0.213940	0.215217	0.661409	6.582497	
0.560500	0.000004	0.862631	6.219721	
0.004318	0.806110	0.007516	6.404543	
0.191459	0.002541	0.791242	6.101507	
0.190640	0.293426	0.177410	6.974582	
0.141683	0.000174	0.183339	7.356220	
0.649763	0.643119	0.176007	6.710921	
0.000000	0.136149	0.135961	7.657024	
0.015055	0.688663	0.639627	6.829387	
0.005226	0.879891	0.278529	5.931954	
0.694121	0.602310	0.001029	7.005063	
0.877905	0.806110	0.008486	4.728442	
0.000029	0.243160	0.000010	7.655331	
0.000001	0.572801	0.709108	6.888119	
0.299648	0.168413	0.004154	7.266635	
0.655357	0.687447	0.844284	4.910689	
0.000029	0.123617	0.000011	7.763965	
0.000029	0.124762	0.720252	6.763859	
0.838746	0.748552	0.712245	4.072157	
0.861068	0.745180	0.894343	3.421129	
0.638252	0.646241	0.642184	6.541081	
0.640100	0.887601	0.259450	5.438263	
0.776978	0.002772	0.197784	6.165206	
0.861632	0.861500	0.797945	3.078372	
0.715330	0.000000	0.322797	6.615515	
0.744453	0.798368	0.910663	3.614713	
0.694121	0.603668	0.000025	6.999027	
0.187230	0.877689	0.732572	4.791107	
0.231798	0.216735	0.270918	6.761371	
0.612155	0.768096	0.251037	5.879932	
0.858426	0.724198	0.894343	3.682717	
0.023926	0.862154	0.731922	5.167331	
0.649763	0.643119	0.176007	6.710921	
0.566192	0.000004	0.685411	7.088586	
0.012151	0.003924	0.649774	7.459045	
0.148263	0.002051	0.006769	7.697652	
0.162814	0.655557	0.202786	6.702657	
0.684534	0.225479	0.681109	6.022720	
0.191591	0.779823	0.016592	6.156042	
0.029072	0.123617	0.787823	6.222826	
0.732884	0.005497	0.243264	6.438199	
0.055509	0.690570	0.639627	6.621810	
0.668310	0.003986	0.225182	7.109492	
0.190389	0.614536	0.000010	7.300593	
0.004035	0.148438	0.269638	7.281160	
0.696806	0.014590	0.626909	6.701708	
0.001387	0.293431	0.211881	7.193676	
0.293569	0.157711	0.004071	7.280220	
0.290194	0.168413	0.178397	6.902871	
0.595583	0.687447	0.849709	5.279838	
0.889059	0.004325	0.000000	6.338638	
0.234237	0.853171	0.259450	5.466731	
0.762794	0.624831	0.272082	5.871640	
0.222403	0.217208	0.871347	5.487977	
0.136589	0.001550	0.265481	7.307388	
0.001354	0.000564	0.121687	7.767940	
0.696741	0.863048	0.002715	5.463997	
0.746079	0.147804	0.837104	4.779491	
0.002672	0.848087	0.118363	6.087167	
0.851308	0.244621	0.207556	5.483800	
0.217173	0.758800	0.685656	5.455854	
0.284786	0.000123	0.000108	7.589746	
