0.707047	0.707501	0.000000	0.000000	0.000003	0.000000	0.000000	0.000000	
0.000000	0.000000	0.000000	0.000000	1.000000	0.000000	0.000000	0.000000	
0.707323	0.000000	0.000000	0.706891	0.000000	0.000000	0.000000	0.000000	
0.000000	0.000000	0.000000	0.000000	0.000000	0.000000	0.707107	0.707107	
0.707147	0.000026	0.000004	0.000000	0.707164	0.000000	0.000000	0.000000	
0.000000	0.000000	0.000000	0.000000	0.000000	0.707107	0.000000	0.707107	
0.000000	0.707104	0.000000	0.000000	0.000000	0.000000	0.707109	0.000000	
0.000000	0.000000	0.000000	0.000000	0.707107	0.000000	0.000000	0.707107	
0.000000	1.000000	0.000000	0.000000	0.000000	0.000000	0.000000	0.000000	
0.000000	0.707029	0.000000	0.000000	0.000000	0.707184	0.000000	0.000000	
0.000000	0.000000	0.000000	0.000000	0.000000	0.000000	0.000000	1.000000	
0.000000	0.000000	0.707107	0.000000	0.000000	0.000000	0.000000	0.707107	
0.000000	0.000000	0.000000	0.707104	0.707110	0.000000	0.000000	0.000000	
0.000000	0.000000	0.707242	0.000000	0.707251	0.000000	0.000000	0.000000	
0.000000	0.000000	0.000000	0.000000	0.707107	0.000000	0.707107	0.000000	
0.000000	0.000000	0.000000	0.000000	0.000000	0.707107	0.707107	0.000000	
0.000000	0.000000	0.706908	0.707305	0.000000	0.000000	0.000000	0.000000	
0.000000	0.000000	0.707279	0.000000	0.000000	0.000000	0.707279	0.000000	
0.000000	0.000000	0.000000	0.707227	0.000000	0.000000	0.707227	0.000000	
0.707635	0.000000	0.706578	0.000000	0.000000	0.000000	0.000000	0.000000	
0.000000	0.000000	0.707106	0.000000	0.000000	0.707107	0.000000	0.000000	
0.000000	0.000000	0.000000	0.000000	0.000000	1.000000	0.000000	0.000000	
0.707088	0.000000	0.000000	0.000000	0.000000	0.707126	0.000000	0.000000	
0.000000	0.707331	0.000000	0.706882	0.000000	0.000000	0.000000	0.000000	
1.000002	0.000000	0.000000	0.000000	0.000000	0.000000	0.000000	0.000000	
0.000000	0.000000	0.000000	0.707227	0.000000	0.707265	0.000000	0.000000	
0.000000	0.000000	0.000000	1.000000	0.000000	0.000000	0.000000	0.000000	
0.000000	0.707102	0.000000	0.000000	0.000000	0.000000	0.000000	0.707112	
0.000000	0.000000	0.000000	0.000000	0.000000	0.000000	1.000000	0.000000	
0.000000	0.000000	1.000000	0.000000	0.000000	0.000000	0.000000	0.000000	
0.707107	0.000000	0.000000	0.000000	0.000000	0.000000	0.707107	0.000000	
0.000000	0.000000	0.000000	0.709908	0.000000	0.000000	0.000000	0.709907	
0.000000	0.707519	0.000000	0.000000	0.707613	0.000000	0.000000	0.000000	
0.707108	0.000000	0.000000	0.000000	0.000000	0.000000	0.000000	0.707106	
0.000000	0.000000	0.000000	0.000000	0.707107	0.707107	0.000000	0.000000	
0.000000	0.706952	0.707262	0.000000	0.000000	0.000000	0.000000	0.000000	
0.000000	0.703217	0.703525	0.102663	0.000000	0.000000	0.000000	0.000000	
0.991719	0.000000	0.000000	0.041590	0.121507	0.000000	0.000000	0.000000	
0.500643	0.515650	0.022104	0.002697	0.696730	0.000000	0.000000	0.000000	
0.000000	0.000000	1.000000	0.000000	0.000000	0.000000	0.000000	0.000000	
0.000000	0.000000	0.000000	1.000000	0.000000	0.000000	0.000000	0.000000	
0.000000	0.000000	0.000000	0.707110	0.000000	0.000000	0.000000	0.707109	
0.513677	0.488071	0.004759	0.002836	0.000069	0.000246	0.025246	0.705163	
0.000000	0.000000	0.000000	0.000000	1.000000	0.000000	0.000000	0.000000	
0.707028	0.678800	0.000058	0.000000	0.000000	0.199281	0.000000	0.010174	
0.707635	0.000000	0.706578	0.000000	0.000000	0.000001	0.000000	0.000000	
0.000000	0.000000	0.000000	0.000000	0.707107	0.000000	0.707107	0.000000	
0.000000	0.000000	0.000000	0.000000	0.000000	0.000000	0.707108	0.707108	
0.000000	0.999772	0.000000	0.015659	0.000000	0.000000	0.014506	0.000000	
0.000000	0.000000	0.000000	0.697133	0.718269	0.000000	0.014659	0.000000	
0.000000	0.000000	0.000000	0.000000	0.000000	0.707107	0.707107	0.000000	
0.064528	0.714994	0.008318	0.694178	0.065837	0.000000	0.000000	0.035402	
0.119393	0.688131	0.000116	0.000828	0.013163	0.715273	0.021920	0.000000	
0.000000	0.000000	0.000000	0.000000	0.707107	0.000000	0.000000	0.707107	
0.004525	0.000079	0.000332	0.591932	0.466593	0.657181	0.000000	0.000000	
0.705727	0.014278	0.001312	0.705441	0.063997	0.000000	0.000000	0.000000	
0.000000	0.000000	0.000000	0.000000	0.000000	0.000000	0.000000	1.000000	
0.706377	0.019965	0.000065	0.003635	0.023733	0.007544	0.707107	0.000000	
0.000000	0.000000	0.706683	0.001498	0.706693	0.000001	0.000000	0.039708	
0.706829	0.000026	0.000004	0.000000	0.706798	0.030824	0.000000	0.000000	
0.000004	0.000068	0.050174	0.000000	0.000000	0.705320	0.002509	0.707107	
0.000000	0.000000	0.000000	0.000000	0.707107	0.707107	0.000000	0.000000	
0.011029	0.666559	0.004505	0.000000	0.000777	0.172335	0.000027	0.725167	
0.000000	0.000000	0.000000	0.000000	0.000000	0.000000	1.000000	0.000000	
0.019312	0.714192	0.000041	0.004822	0.023995	0.007627	0.699367	0.000000	
0.706663	0.000000	0.000000	0.000000	0.024645	0.707131	0.000000	0.001499	
0.000000	0.000000	0.707105	0.000000	0.000000	0.001832	0.707107	0.000000	
0.000000	0.000000	0.707106	0.000000	0.000000	0.707107	0.000000	0.000000	
0.000000	0.000000	0.000000	0.000000	0.000000	1.000000	0.000000	0.000000	
0.000000	0.000000	0.706908	0.707305	0.000000	0.000000	0.000000	0.000000	
0.004962	0.109067	0.704920	0.021901	0.018439	0.000000	0.000000	0.713899	
0.000206	0.000043	0.000000	0.710239	0.008883	0.000000	0.705408	0.000000	
0.044175	0.030351	0.705354	0.706183	0.000000	0.030162	0.000000	0.000000	
0.000395	0.000272	0.530188	0.530486	0.000000	0.674228	0.000000	0.000000	
0.709261	0.724385	0.017245	0.000095	0.000109	0.000000	0.020893	0.000000	
0.000000	0.000000	0.000000	0.000000	0.000000	0.000000	0.000000	1.000000	
0.000000	0.115660	0.000000	0.993271	0.000000	0.005996	0.000000	0.000000	
0.020658	0.680427	0.017921	0.731908	0.026315	0.000000	0.000000	0.008369	
0.000000	0.000000	0.646156	0.000000	0.000000	0.000000	0.762743	0.040077	
0.000000	0.000000	0.000000	0.000000	0.691157	0.000000	0.000902	0.722704	
0.000000	0.000000	0.000000	0.000000	0.000000	0.000000	0.707108	0.707108	
0.707493	0.001034	0.001225	0.050345	0.005664	0.705651	0.000000	0.000000	
0.013874	0.283783	0.000421	0.000000	0.885394	0.002537	0.369087	0.000012	
0.074717	0.702948	0.067546	0.000000	0.018659	0.000000	0.686245	0.200317	
0.004067	0.497192	0.032581	0.000000	0.501794	0.707161	0.000000	0.000000	
0.000000	0.000000	0.999713	0.000000	0.000000	0.023970	0.000000	0.000000	
0.582581	0.400275	0.009961	0.707305	0.000000	0.000000	0.000000	0.000000	
0.000000	0.698222	0.698528	0.000000	0.000000	0.000000	0.000000	0.156666	
0.707107	0.000000	0.000000	0.000000	0.000000	0.000000	0.707107	0.000000	
0.000000	1.000324	0.000155	0.000000	0.000000	0.000391	0.000000	0.000000	
0.000207	0.000043	0.000000	0.710400	0.008885	0.000000	0.705567	0.000000	
0.000000	0.000000	0.719388	0.061312	0.000000	0.705439	0.000000	0.000000	
0.000000	0.000000	0.000000	0.000000	0.000000	0.000000	1.000001	0.000000	
0.043266	0.000128	0.000028	0.000437	0.000021	0.705439	0.021996	0.707107	
0.990731	0.000000	0.001166	0.041549	0.122432	0.000000	0.041823	0.000000	
0.000000	0.000000	0.000000	0.000000	1.000004	0.000000	0.000000	0.000000	
0.000007	0.000001	0.000161	0.499564	0.021136	0.504714	0.705568	0.000000	
0.012751	0.762744	0.034691	0.000000	0.645582	0.008890	0.000000	0.000000	
0.000000	0.000000	0.705027	0.001494	0.708274	0.010611	0.000000	0.039561	
0.685439	0.026059	0.684911	0.000000	0.000002	0.245764	0.000003	0.000000	
