0.000000	0.707107	0.000000	0.000000	0.000000	0.707107	0.000000	0.000000	
0.707099	0.000000	0.707115	0.000000	0.000000	0.000000	0.000000	0.000000	
0.000000	0.000000	0.000000	1.000000	0.000000	0.000000	0.000000	0.000000	
0.000000	0.000000	0.000000	0.000000	0.707107	0.000000	0.707107	0.000000	
0.000000	0.000000	0.000000	0.000000	1.000000	0.000000	0.000000	0.000000	
0.000000	0.707109	0.000000	0.707105	0.000000	0.000000	0.000000	0.000000	
0.000000	0.707107	0.000000	0.000000	0.000000	0.000000	0.000000	0.707107	
0.000000	0.000000	0.000000	0.000000	0.000000	0.000000	0.000000	1.000000	
0.000000	0.000000	1.000000	0.000000	0.000000	0.000000	0.000000	0.000000	
0.000000	0.000000	0.000000	0.000000	0.000000	0.000000	0.707107	0.707107	
0.000000	0.000000	0.707107	0.000000	0.000000	0.000000	0.000000	0.707107	
0.707107	0.000000	0.000000	0.000000	0.000000	0.000000	0.000000	0.707107	
0.000000	0.000000	0.000000	0.000000	0.707107	0.000000	0.000000	0.707107	
0.000000	0.000000	0.000000	0.707107	0.000000	0.000000	0.707107	0.000000	
0.000000	0.000000	0.000000	0.000000	0.000000	0.707107	0.000000	0.707107	
0.706994	0.707219	0.000000	0.000000	0.000000	0.000000	0.000000	0.000000	
0.000000	0.000000	0.000000	0.000000	0.000000	0.707107	0.707107	0.000000	
0.000000	0.000000	0.000000	0.707107	0.000000	0.707107	0.000000	0.000000	
0.000000	0.000000	0.000000	0.000000	0.000000	1.000000	0.000000	0.000000	
1.000000	0.000000	0.000000	0.000000	0.000000	0.000000	0.000000	0.000000	
0.000000	0.000000	0.000000	0.707107	0.000000	0.000000	0.000000	0.707107	
0.000000	0.000000	0.707109	0.707105	0.000000	0.000000	0.000000	0.000000	
0.000000	0.707107	0.000000	0.000000	0.707107	0.000000	0.000000	0.000000	
0.000000	0.000000	0.000000	0.000000	0.000000	0.000000	1.000000	0.000000	
0.000000	0.000000	0.000000	0.707107	0.707107	0.000000	0.000000	0.000000	
0.000000	0.000000	0.707107	0.000000	0.707107	0.000000	0.000000	0.000000	
0.707107	0.000000	0.000000	0.000000	0.707107	0.000000	0.000000	0.000000	
0.000000	0.707107	0.000000	0.000000	0.000000	0.000000	0.707107	0.000000	
0.000000	1.000000	0.000000	0.000000	0.000000	0.000000	0.000000	0.000000	
0.707107	0.000000	0.000000	0.000000	0.000000	0.707107	0.000000	0.000000	
0.000000	0.000000	0.707107	0.000000	0.000000	0.000000	0.707107	0.000000	
0.707109	0.000000	0.000000	0.707105	0.000000	0.000000	0.000000	0.000000	
0.000000	0.707099	0.707115	0.000000	0.000000	0.000000	0.000000	0.000000	
0.000000	0.000000	0.707107	0.000000	0.000000	0.707107	0.000000	0.000000	
0.707107	0.000000	0.000000	0.000000	0.000000	0.000000	0.707107	0.000000	
0.000000	0.000000	0.000000	0.000000	0.707107	0.707107	0.000000	0.000000	
0.000000	0.000000	0.710445	0.037573	0.000000	0.702749	0.000000	0.000069	
0.000000	0.000000	0.000000	0.000000	0.000000	0.000000	1.000000	0.000000	
0.990948	0.005220	0.009856	0.130405	0.000000	0.029883	0.000000	0.000000	
0.000000	0.000000	0.000000	0.000000	0.000000	1.000000	0.000000	0.000000	
0.000000	0.000000	0.000514	0.000000	0.707107	0.000000	0.707107	0.000000	
0.000000	0.000000	0.000000	0.000000	0.000000	0.707107	0.707107	0.000000	
0.031996	0.000017	0.418978	0.022216	0.419581	0.527642	0.000000	0.607033	
0.000000	0.000000	0.000000	0.000000	1.000000	0.000000	0.000000	0.000000	
0.000000	0.000000	0.000000	0.000000	0.000000	0.000000	0.707107	0.707107	
0.006845	0.672618	0.002600	0.000465	0.000280	0.001852	0.741620	0.000000	
0.706293	0.708088	0.000000	0.000000	0.000000	0.015982	0.000000	0.000000	
0.000000	0.000000	0.000000	1.000000	0.000000	0.000000	0.000000	0.000000	
0.000268	0.037661	0.704628	0.045631	0.707108	0.000000	0.000000	0.000000	
0.000000	0.000000	0.000000	0.000000	0.707107	0.000382	0.000099	0.707107	
0.029236	0.005181	0.000594	0.704310	0.041215	0.000156	0.708073	0.000000	
0.000000	0.999755	0.013827	0.004576	0.000000	0.000000	0.000000	0.016682	
0.000000	0.696347	0.022380	0.064463	0.000000	0.714383	0.000000	0.010106	
0.697273	0.007641	0.000010	0.068015	0.001853	0.000000	0.713528	0.000000	
0.000000	0.000000	0.000000	0.707107	0.707107	0.000000	0.000000	0.000000	
0.000000	0.000000	1.000000	0.000000	0.000000	0.000000	0.000000	0.000000	
0.013191	0.001018	0.696205	0.024346	0.124902	0.067177	0.053259	0.701128	
0.707099	0.000000	0.707115	0.000000	0.000000	0.000000	0.000000	0.000000	
0.000000	0.716371	0.000000	0.693451	0.000000	0.077059	0.000000	0.000000	
0.000000	0.000000	0.000000	0.707101	0.002791	0.000000	0.000000	0.707107	
0.687315	0.007532	0.136209	0.001194	0.001882	0.713405	0.006022	0.000000	
0.702438	0.054860	0.009435	0.059008	0.000040	0.000352	0.000000	0.707107	
0.000000	0.692498	0.000000	0.142851	0.707079	0.008895	0.000394	0.000000	
0.676589	0.041458	0.013524	0.044517	0.733719	0.000000	0.000000	0.000061	
0.002598	0.062018	0.704379	0.707105	0.000000	0.000000	0.000000	0.000000	
0.000000	0.000000	0.000000	0.000000	0.000000	0.000000	0.000000	1.000000	
0.000000	0.000000	0.000000	0.706824	0.000000	0.707390	0.000000	0.000000	
0.000000	0.707426	0.706785	0.001719	0.000029	0.000000	0.000000	0.000000	
0.704992	0.054665	0.000339	0.707105	0.000001	0.000010	0.000000	0.000000	
0.435816	0.497602	0.000000	0.048492	0.000000	0.000002	0.000000	0.748411	
0.000000	0.000000	0.707107	0.000000	0.000000	0.000000	0.707107	0.000000	
0.194399	0.000001	0.013162	0.002977	0.677113	0.704596	0.000000	0.084200	
0.000000	0.682926	0.021949	0.043634	0.000000	0.745812	0.000000	0.010232	
0.000709	0.012804	0.001017	0.699852	0.000019	0.101103	0.707234	0.000000	
0.000000	0.000000	0.000000	0.000000	0.000000	0.676339	0.000000	0.737333	
0.718643	0.087979	0.001764	0.689771	0.000000	0.000261	0.004375	0.002113	
0.000000	0.000000	0.000000	0.000000	0.000000	0.460343	0.508486	0.728195	
0.000000	0.000000	0.705505	0.000000	0.068910	0.000000	0.709850	0.000000	
0.697273	0.007641	0.000010	0.068015	0.001853	0.000000	0.713528	0.000000	
0.002379	0.061628	0.518904	0.010761	0.511271	0.682220	0.000000	0.000321	
0.001009	0.018215	0.001447	0.995611	0.000001	0.005148	0.010803	0.136572	
0.015879	0.000166	0.000253	0.001494	0.706740	0.706920	0.000000	0.022985	
0.695719	0.002457	0.007467	0.047405	0.706724	0.000008	0.000485	0.119192	
0.000000	0.000000	0.000000	0.000000	0.000000	0.706814	0.710741	0.000000	
0.000000	0.000000	1.000000	0.000000	0.000000	0.000000	0.000000	0.000000	
0.000000	0.000000	0.000000	0.000000	0.000000	0.000000	0.000000	1.000000	
0.028865	0.695841	0.716043	0.047645	0.000029	0.000000	0.000000	0.000000	
0.000000	0.000000	0.000000	0.703776	0.068556	0.000000	0.000000	0.707107	
0.000000	0.000000	0.000000	0.000000	0.000000	0.000000	1.000039	0.000000	
0.705067	0.017893	0.000953	0.015075	0.000254	0.708754	0.000000	0.000003	
0.022823	0.999740	0.000000	0.000000	0.000000	0.000000	0.000000	0.000000	
0.030989	0.713834	0.000000	0.006345	0.000000	0.000000	0.000001	0.705330	
0.000009	0.000400	0.000005	0.014935	0.996775	0.000000	0.076213	0.034135	
0.013466	0.001039	0.710678	0.033645	0.004457	0.067872	0.001942	0.702911	
0.000851	0.739742	0.001839	0.672870	0.000000	0.000000	0.004316	0.002149	
0.707301	0.008223	0.709533	0.000000	0.000000	0.000000	0.000000	0.000000	
0.002647	0.034270	0.508098	0.509257	0.693767	0.000000	0.000000	0.000000	
0.000000	0.000000	0.000000	0.000000	0.000000	0.996243	0.086600	0.000000	
0.005841	0.139433	0.693483	0.707382	0.000000	0.000000	0.000000	0.000000	
0.000001	0.003891	0.524818	0.000000	0.847314	0.000000	0.081363	0.000000	
