0.000000	0.000000	0.707102	0.000000	0.707111	0.000000	0.000000	0.000000	
0.000000	0.000000	0.000000	1.000000	0.000000	0.000000	0.000000	0.000000	
0.000000	0.706952	0.707262	0.000000	0.000000	0.000000	0.000000	0.000000	
0.000000	0.000000	0.706908	0.707305	0.000000	0.000000	0.000000	0.000000	
0.000000	0.000000	0.000000	0.707104	0.707110	0.000000	0.000000	0.000000	
0.707108	0.000000	0.000000	0.000000	0.000000	0.000000	0.000000	0.707106	
0.707132	0.707107	0.000000	0.000000	0.000000	0.000000	0.000000	0.000000	
0.706975	0.000000	0.707238	0.000000	0.000000	0.000000	0.000000	0.000000	
0.000000	0.707331	0.000000	0.706882	0.000000	0.000000	0.000000	0.000000	
0.000000	0.000000	0.000000	0.707107	0.000000	0.000000	0.000000	0.707107	
0.000000	0.000000	0.000000	0.707107	0.000000	0.000000	0.707107	0.000000	
0.000000	0.707123	0.000000	0.000000	0.707091	0.000000	0.000000	0.000000	
0.000000	0.000000	0.000000	0.000000	0.707107	0.000000	0.707107	0.000000	
0.707323	0.000000	0.000000	0.706891	0.000000	0.000000	0.000000	0.000000	
0.000000	0.000000	1.000000	0.000000	0.000000	0.000000	0.000000	0.000000	
0.000000	0.000000	0.000000	0.000000	0.708405	0.708405	0.000000	0.000000	
0.000000	0.000000	0.000000	0.707089	0.000000	0.707125	0.000000	0.000000	
0.000000	0.000000	0.000000	0.000000	0.707107	0.000000	0.000000	0.707107	
0.000000	0.707104	0.000000	0.000000	0.000000	0.000000	0.707109	0.000000	
0.707103	0.000000	0.000000	0.000000	0.707120	0.000000	0.000000	0.000000	
0.707107	0.000000	0.000000	0.000000	0.000000	0.000000	0.707107	0.000000	
0.000000	0.000000	0.000000	0.000000	1.000000	0.000000	0.000000	0.000000	
0.000000	0.000000	0.707106	0.000000	0.000000	0.707107	0.000000	0.000000	
0.000000	0.000000	0.707107	0.000000	0.000000	0.000000	0.000000	0.707107	
0.000000	0.707102	0.000000	0.000000	0.000000	0.000000	0.000000	0.707112	
0.000000	0.707029	0.000000	0.000000	0.000000	0.707184	0.000000	0.000000	
0.000000	0.000000	0.707162	0.000000	0.000000	0.000000	0.707162	0.000000	
1.000015	0.000000	0.000000	0.000000	0.000000	0.000000	0.000000	0.000000	
0.000000	0.000000	0.000000	0.000000	0.000000	1.000000	0.000000	0.000000	
0.000000	0.000000	0.000000	0.000000	0.000000	0.707107	0.000000	0.707107	
0.000000	0.000000	0.000000	0.000000	0.000000	0.000000	1.000000	0.000000	
0.000000	0.000000	0.000000	0.000000	0.000000	0.707107	0.707107	0.000000	
0.000000	0.000000	0.000000	0.000000	0.000000	0.000000	0.707107	0.707107	
0.000000	1.001041	0.000000	0.000000	0.000000	0.000000	0.000000	0.000000	
0.000000	0.000000	0.000000	0.000000	0.000000	0.000000	0.000000	1.000000	
0.707088	0.000000	0.000000	0.000000	0.000000	0.707125	0.000000	0.000000	
0.051250	0.705169	0.000000	0.000000	0.000647	0.707184	0.000000	0.000000	
0.000000	0.000000	0.000000	0.707088	0.000000	0.707126	0.000000	0.000000	
0.683777	0.032360	0.000156	0.000011	0.728042	0.000000	0.033487	0.016805	
0.021768	0.706921	0.000109	0.706807	0.000018	0.000000	0.000000	0.014558	
0.000000	0.000000	0.000000	0.000000	0.707107	0.707107	0.000000	0.000000	
0.388895	0.470233	0.793447	0.031553	0.000000	0.073034	0.000000	0.000000	
0.706975	0.000000	0.707238	0.000000	0.000000	0.000000	0.000000	0.000000	
0.000000	0.707123	0.000000	0.000000	0.707091	0.000000	0.000000	0.000000	
0.000000	0.000000	0.706908	0.707305	0.000000	0.000000	0.000000	0.000000	
0.000000	0.000000	0.999746	0.000000	0.000000	0.000000	0.038271	0.000000	
0.571421	0.414765	0.017572	0.000001	0.000011	0.707886	0.005991	0.000000	
0.000000	0.000000	0.000000	0.707104	0.707110	0.000000	0.000000	0.000000	
0.000000	0.000000	0.000000	0.000000	0.000000	0.000000	1.000000	0.000000	
0.000000	0.000000	0.000000	0.000000	0.000000	0.707107	0.707107	0.000000	
0.000000	0.707102	0.000000	0.000000	0.000000	0.000000	0.000000	0.707112	
0.000000	0.000000	0.000000	1.000000	0.000000	0.000000	0.000000	0.000000	
0.000566	0.000000	0.666969	0.001897	0.003245	0.089674	0.063577	0.739090	
0.000783	0.000059	0.019755	0.484815	0.473453	0.013861	0.730327	0.082679	
0.995951	0.073949	0.000036	0.000024	0.049047	0.000000	0.014385	0.000000	
0.000000	0.000000	0.000000	0.000000	0.707107	0.000000	0.000000	0.707107	
0.513677	0.488071	0.004759	0.002836	0.000069	0.000246	0.025246	0.705163	
0.707107	0.000000	0.000000	0.000000	0.000000	0.000000	0.707107	0.000000	
0.000000	0.000000	0.000000	0.000000	0.000000	0.000000	0.000000	1.000000	
0.401579	0.384728	0.595883	0.022887	0.000084	0.577990	0.035992	0.000000	
0.000000	0.000000	0.707102	0.000000	0.707111	0.000000	0.000000	0.000000	
0.000000	0.701652	0.003160	0.003391	0.000000	0.035255	0.711632	0.000000	
0.000000	0.000000	0.000000	0.707107	0.000000	0.000000	0.000000	0.707107	
0.000000	0.000000	0.000000	0.000000	0.000000	0.000000	0.707107	0.707107	
0.563433	0.402685	0.014479	0.720829	0.000000	0.024206	0.000000	0.000000	
0.000000	0.000000	0.000000	0.000000	0.000000	1.000000	0.000000	0.000000	
0.708742	0.708699	0.000000	0.000000	0.000000	0.000000	0.000000	0.000000	
0.013687	0.000067	0.002135	0.000776	0.995025	0.102278	0.000000	0.000000	
0.000000	0.000000	0.000000	0.000000	0.000000	0.707107	0.000000	0.707107	
0.000000	0.000000	0.000000	0.000000	0.707107	0.000000	0.707107	0.000000	
0.000000	1.000000	0.000000	0.000000	0.000000	0.000000	0.000000	0.000000	
0.000000	0.000000	0.707162	0.000000	0.000000	0.000000	0.707162	0.000000	
0.042401	0.775007	0.628051	0.042680	0.000306	0.036120	0.000000	0.000000	
0.707323	0.000000	0.000000	0.706891	0.000000	0.000000	0.000000	0.000000	
0.420450	0.358548	0.133015	0.000249	0.035713	0.570755	0.004196	0.591539	
0.070797	0.703636	0.001506	0.040518	0.008818	0.708405	0.000557	0.000000	
0.683983	0.027449	0.000104	0.000011	0.728033	0.000000	0.033487	0.016809	
0.000000	0.000000	0.000000	0.707088	0.000000	0.707126	0.000000	0.000000	
0.483378	0.034303	0.000122	0.045229	0.517628	0.000055	0.711634	0.044743	
0.000000	0.000000	0.000000	0.000000	0.000000	0.707107	0.707107	0.000000	
0.000000	0.000000	0.000000	0.000000	0.000000	0.000000	0.688005	0.725706	
0.000000	0.000000	0.000000	0.000000	0.000000	1.000000	0.000000	0.000000	
0.112086	0.006575	0.000005	0.004023	0.000000	0.000000	0.000000	0.993669	
0.402860	0.385955	0.597784	0.022841	0.000084	0.586392	0.035866	0.001026	
0.043767	0.001331	0.038518	0.001567	0.704696	0.000000	0.000000	0.707107	
0.011449	0.999499	0.000047	0.000000	0.029433	0.001877	0.000000	0.000000	
0.000785	0.000060	0.019808	0.486122	0.472122	0.013799	0.730336	0.082680	
0.000000	0.000000	0.000000	0.000000	0.737131	0.695140	0.000000	0.000000	
0.027157	0.005650	0.701495	0.038416	0.000053	0.006425	0.711068	0.001061	
0.000000	0.000000	0.000000	0.000000	0.000000	0.000000	1.000000	0.000000	
0.829885	0.569830	0.001637	0.020341	0.000000	0.000000	0.000000	0.000000	
0.011656	0.000010	0.014808	0.019496	0.997683	0.073733	0.000000	0.048353	
0.023336	0.679759	0.000000	0.000000	0.734805	0.000000	0.070158	0.000000	
0.038611	0.008033	0.997357	0.056200	0.006904	0.009135	0.000000	0.029746	
0.000000	0.000000	0.693815	0.002805	0.720148	0.000000	0.000000	0.000000	
0.003847	0.124410	0.482259	0.497746	0.000013	0.000000	0.000000	0.710058	
0.000813	0.000825	0.712333	0.701844	0.000000	0.000000	0.000000	0.000000	
0.539862	0.601049	0.191528	0.007983	0.052067	0.000004	0.035571	0.571049	
0.000000	0.000000	0.670339	0.001970	0.030797	0.004069	0.000000	0.741403	
0.695799	0.005199	0.103691	0.003400	0.000000	0.034922	0.713479	0.000000	
