0.000000	0.000000	0.000000	0.000000	0.000000	0.707107	0.707107	0.000000	
0.000000	0.000000	0.000000	0.000000	0.000000	0.000000	0.000000	1.000000	
0.000000	0.000000	0.707107	0.000000	0.000000	0.000000	0.000000	0.707107	
0.000000	0.000000	0.000000	0.000000	0.707107	0.000000	0.707107	0.000000	
0.000000	0.000000	0.000000	0.000000	0.000000	0.000000	1.000000	0.000000	
0.000000	0.000000	0.000000	0.000000	0.000000	0.707107	0.000000	0.707107	
0.000000	0.000000	0.707109	0.707105	0.000000	0.000000	0.000000	0.000000	
0.000000	0.707106	0.000000	0.000000	0.707108	0.000000	0.000000	0.000000	
0.000000	0.000000	0.000000	0.000000	1.000000	0.000000	0.000000	0.000000	
0.000000	0.000000	0.000000	0.000000	0.707107	0.000000	0.000000	0.707107	
0.707107	0.000000	0.000000	0.000000	0.000000	0.707107	0.000000	0.000000	
0.000000	0.707109	0.000000	0.707105	0.000000	0.000000	0.000000	0.000000	
0.707121	0.000000	0.707092	0.000000	0.000000	0.000000	0.000000	0.000000	
0.000000	0.000000	0.000000	0.000000	0.000000	0.000000	0.707107	0.707107	
0.000000	0.000000	0.000000	1.000000	0.000000	0.000000	0.000000	0.000000	
0.000000	0.000000	0.707107	0.000000	0.000000	0.000000	0.707107	0.000000	
0.000000	0.000000	0.707107	0.000000	0.000000	0.707107	0.000000	0.000000	
0.000000	0.707107	0.000000	0.000000	0.000000	0.000000	0.707107	0.000000	
0.000000	0.707121	0.707092	0.000000	0.000000	0.000000	0.000000	0.000000	
0.000000	0.000000	0.000000	0.707107	0.000000	0.707107	0.000000	0.000000	
0.000000	0.000000	0.000000	0.707107	0.000000	0.000000	0.707107	0.000000	
0.000000	0.000000	0.000000	0.000000	0.000000	1.000000	0.000000	0.000000	
0.707107	0.000000	0.000000	0.000000	0.000000	0.000000	0.000000	0.707107	
1.000000	0.000000	0.000000	0.000000	0.000000	0.000000	0.000000	0.000000	
0.707107	0.000000	0.000000	0.000000	0.000000	0.000000	0.707107	0.000000	
0.000000	0.000000	0.000000	0.000000	0.707107	0.707107	0.000000	0.000000	
0.000000	0.707107	0.000000	0.000000	0.000000	0.000000	0.000000	0.707106	
0.707107	0.000000	0.000000	0.000000	0.707107	0.000000	0.000000	0.000000	
0.707623	0.706590	0.000008	0.000018	0.000013	0.000002	0.000000	0.000000	
0.707109	0.000000	0.000000	0.707105	0.000000	0.000000	0.000000	0.000000	
0.000000	0.000000	1.000000	0.000000	0.000000	0.000000	0.000000	0.000000	
0.000000	0.707107	0.000000	0.000000	0.000000	0.707107	0.000000	0.000000	
0.000000	0.000000	0.707107	0.000000	0.707107	0.000000	0.000000	0.000000	
0.000000	1.000000	0.000000	0.000000	0.000000	0.000000	0.000000	0.000000	
0.000000	0.000000	0.000000	0.707107	0.000000	0.000000	0.000000	0.707107	
0.000000	0.000000	0.000000	0.707843	0.707844	0.000000	0.000000	0.000000	
0.000000	0.707106	0.000000	0.000000	0.707108	0.000000	0.000000	0.000000	
0.000000	0.000000	0.000000	0.000000	0.000000	1.000000	0.000000	0.000000	
0.000000	0.000000	0.000000	1.000000	0.000000	0.000000	0.000000	0.000000	
0.027660	0.431387	0.004453	0.561243	0.707124	0.000000	0.000000	0.000000	
0.000000	0.000000	0.728262	0.000000	0.685299	0.000000	0.000000	0.000000	
0.001470	0.997472	0.000000	0.000000	0.000000	0.006284	0.070767	0.000000	
0.707107	0.000000	0.000000	0.000000	0.707107	0.000000	0.000000	0.000000	
0.027535	0.000716	0.502311	0.494875	0.032891	0.004014	0.007313	0.707724	
0.068581	0.003178	0.701998	0.056407	0.000000	0.000000	0.707599	0.000000	
0.000000	0.706737	0.000000	0.000000	0.000000	0.000362	0.023030	0.707111	
0.000000	0.000000	0.000000	0.707107	0.000000	0.000000	0.707107	0.000000	
0.000000	0.000000	0.000000	0.000000	0.000000	0.707107	0.000000	0.707107	
0.705629	0.037221	0.706581	0.000000	0.000000	0.000536	0.038026	0.000000	
0.000000	0.000000	0.000000	0.707107	0.000000	0.000000	0.000000	0.707107	
0.514670	0.030130	0.483933	0.707092	0.001134	0.006049	0.000000	0.000000	
0.000000	0.000000	0.000000	0.000000	0.707107	0.000000	0.707107	0.000000	
0.707108	0.000000	0.000000	0.000000	0.000000	0.000000	0.000000	0.707106	
0.000000	0.000000	0.000000	0.000000	0.000000	0.000000	0.000000	1.000000	
0.000828	0.706722	0.707491	0.000018	0.000000	0.000000	0.000000	0.000000	
0.707623	0.706591	0.000008	0.000018	0.000013	0.000060	0.000000	0.000000	
0.000000	0.000000	0.000000	0.000000	0.707107	0.707107	0.000000	0.000000	
0.000000	0.000000	0.000000	0.590842	0.003691	0.805435	0.000000	0.047189	
0.042649	0.705821	0.000000	0.707105	0.000000	0.000000	0.000000	0.000000	
0.000000	0.000000	0.707107	0.000000	0.000000	0.707107	0.000000	0.000000	
0.375809	0.598513	0.001617	0.000250	0.032220	0.707454	0.000000	0.000000	
0.012506	0.000331	0.000003	0.511500	0.000000	0.006433	0.548221	0.661532	
0.999416	0.000072	0.000478	0.000828	0.036539	0.000131	0.000000	0.000117	
0.000000	0.000000	0.000000	0.000000	1.000000	0.000000	0.000000	0.000000	
0.089668	0.701389	0.000000	0.000000	0.003575	0.000061	0.707107	0.000000	
0.661943	0.000000	0.000000	0.000000	0.000000	0.661943	0.351658	0.000000	
0.000000	0.000000	1.000000	0.000000	0.000000	0.000000	0.000000	0.000000	
0.704496	0.032648	0.009166	0.056404	0.000000	0.000000	0.707563	0.000000	
0.000000	0.000000	0.000000	0.000000	0.000000	0.707107	0.707107	0.000000	
0.000000	0.000000	0.000000	0.000000	0.000000	0.000000	1.000000	0.000000	
0.000000	0.000000	0.728805	0.699178	0.000000	0.000000	0.000000	0.000000	
0.000000	0.000000	0.000000	0.000000	0.707107	0.000000	0.000000	0.707107	
0.089668	0.701389	0.000000	0.000000	0.003575	0.000061	0.707107	0.000000	
0.146086	0.006770	0.691572	0.056528	0.000000	0.000000	0.709122	0.028845	
0.495633	0.031765	0.502599	0.000000	0.706589	0.000000	0.038279	0.000000	
0.044522	0.694362	0.007167	0.031082	0.723385	0.008550	0.000000	0.000000	
0.031074	0.999482	0.008376	0.000000	0.000000	0.000537	0.000427	0.000000	
0.018346	0.000007	0.000648	0.750527	0.000000	0.009552	0.009740	0.662377	
0.027468	0.002291	0.502654	0.495213	0.035628	0.004017	0.007144	0.707112	
0.000000	0.000000	0.000000	0.000000	0.730297	0.000000	0.000000	0.683129	
0.000000	0.000000	0.000000	0.731603	0.000000	0.000000	0.731603	0.000000	
0.000828	0.706722	0.707491	0.000018	0.000000	0.000000	0.000000	0.000000	
0.000000	0.000000	0.000000	1.000000	0.000000	0.000000	0.000000	0.000000	
0.000000	0.000000	0.000000	0.707843	0.707844	0.000000	0.000000	0.000000	
0.000000	0.000000	0.000000	0.000000	0.000000	1.000000	0.000000	0.000000	
0.570377	0.000000	0.000221	0.000000	0.024232	0.000000	0.570892	0.590180	
0.707109	0.000152	0.000000	0.707105	0.000000	0.000000	0.000000	0.000000	
0.705799	0.033064	0.009146	0.056510	0.067331	0.000000	0.712079	0.000000	
0.707623	0.706590	0.000000	0.000018	0.000013	0.000060	0.000000	0.000000	
0.000000	0.000000	0.000000	0.000000	0.708666	0.000000	0.708666	0.000000	
0.000000	0.000000	0.999901	0.000000	0.000000	0.014081	0.000000	0.000000	
0.534866	0.034133	0.494078	0.000000	0.682906	0.000000	0.048879	0.000000	
0.000000	0.000000	0.716261	0.716257	0.000000	0.000000	0.000000	0.000000	
0.739266	0.022968	0.009831	0.000020	0.000192	0.018311	0.038269	0.678991	
0.000000	0.000000	0.000000	0.000000	0.707107	0.707107	0.000000	0.000000	
0.005721	0.530200	0.000103	0.475436	0.032469	0.706117	0.000000	0.049874	
0.000000	0.000000	0.000000	0.000000	0.000000	0.000000	0.000000	1.000000	
0.696432	0.025768	0.005456	0.000000	0.000000	0.717139	0.000440	0.000000	
0.000000	0.000000	0.707088	0.000000	0.005180	0.707107	0.000000	0.000000	
0.000000	0.705774	0.060518	0.000000	0.000000	0.000363	0.023083	0.708738	
