0.000000	0.000000	0.000000	0.000000	0.000000	0.000000	0.707107	0.707107	
0.000000	0.000000	0.000000	0.000000	0.000000	1.000000	0.000000	0.000000	
0.000000	0.000000	1.000018	0.000000	0.000000	0.000000	0.000000	0.000000	
0.707092	0.000000	0.000000	0.000000	0.000000	0.000000	0.707122	0.000000	
0.000000	0.000000	0.000000	0.000000	0.707968	0.708028	0.000000	0.000000	
0.000000	0.707855	0.000000	0.706358	0.000000	0.000000	0.000000	0.000000	
0.000000	0.000000	0.000000	0.000000	1.000001	0.000000	0.000000	0.000000	
0.000001	0.715898	0.000035	0.000000	0.000000	0.000000	0.715007	0.000000	
0.707069	0.000000	0.000000	0.000000	0.000000	0.707228	0.000000	0.000000	
0.000000	0.000000	0.000000	0.707107	0.000000	0.000000	0.707108	0.000000	
0.000000	0.000000	0.000000	0.707108	0.000000	0.000000	0.000000	0.707108	
0.000001	0.000000	0.707555	0.000000	0.000000	0.000000	0.706676	0.000000	
0.000000	0.000000	0.000000	1.000000	0.000000	0.000000	0.000000	0.000000	
0.000000	0.000000	0.000000	0.000000	0.000000	0.000000	0.000000	1.000000	
0.000000	0.000000	0.000000	0.707289	0.000001	0.707349	0.000000	0.000000	
0.000029	0.707936	0.000017	0.000000	0.000000	0.706301	0.000000	0.000000	
0.708332	0.000000	0.000000	0.000000	0.000000	0.000000	0.000000	0.708330	
0.000000	0.000000	0.000000	0.000000	0.000000	0.000000	1.000000	0.000000	
0.000000	0.705800	0.708411	0.000000	0.000000	0.000000	0.000000	0.000000	
0.000000	0.000000	0.707142	0.000000	0.000000	0.000000	0.000000	0.707138	
0.000000	0.706506	0.000000	0.000262	0.707708	0.000000	0.000000	0.000000	
0.000000	0.000000	0.000000	0.707054	0.707161	0.000000	0.000000	0.000000	
0.000000	0.707295	0.000000	0.000000	0.000000	0.000000	0.000000	0.706919	
0.000000	0.000000	0.000000	0.000000	0.000000	0.707109	0.000000	0.707108	
0.000000	0.000000	0.000000	0.000000	0.709870	0.000000	0.709877	0.000000	
0.000000	0.000000	0.707915	0.707160	0.000000	0.000000	0.000000	0.000000	
0.707421	0.000000	0.000000	0.706988	0.000000	0.000000	0.000000	0.000000	
0.706997	0.000000	0.000000	0.000000	0.707253	0.000000	0.000000	0.000000	
0.000000	0.000006	0.707001	0.000000	0.707214	0.000000	0.000000	0.000000	
1.000003	0.000000	0.000000	0.000000	0.000000	0.000000	0.000000	0.000000	
0.000000	0.000000	0.000000	0.000000	0.000000	0.707103	0.707110	0.000000	
0.706048	0.708237	0.000000	0.000000	0.000000	0.000000	0.000021	0.000000	
0.707012	0.000000	0.707202	0.000000	0.000000	0.000000	0.000002	0.000000	
0.000000	0.000000	0.000000	0.000000	0.707108	0.000000	0.000000	0.707107	
0.000000	0.000000	0.707078	0.000000	0.000000	0.707137	0.000000	0.000000	
0.000000	1.000018	0.000000	0.000000	0.000000	0.000000	0.000000	0.000000	
0.000000	0.000000	0.000000	0.000000	0.000000	0.707109	0.000000	0.707109	
0.000000	0.000000	0.000000	0.000000	0.000000	0.000000	0.000000	1.000000	
0.000000	0.000000	0.000000	0.707054	0.707161	0.000000	0.000000	0.000000	
0.000000	0.709022	0.705187	0.000000	0.000000	0.000000	0.000000	0.000000	
0.001445	0.999892	0.000024	0.002024	0.000043	0.000000	0.013900	0.012450	
0.000000	0.000000	0.711176	0.710257	0.000000	0.000000	0.000000	0.000000	
0.000000	0.707857	0.000000	0.000000	0.706357	0.000000	0.000000	0.000000	
0.986503	0.162377	0.001544	0.010933	0.003660	0.017811	0.000000	0.000000	
0.000000	0.000000	0.000000	0.000000	0.000000	1.000000	0.000000	0.000000	
0.523748	0.117794	0.417329	0.712258	0.174302	0.002905	0.016679	0.000000	
0.708331	0.000000	0.000000	0.000000	0.000000	0.000000	0.000000	0.708330	
0.000648	0.495747	0.000226	0.079628	0.000001	0.483965	0.023648	0.716325	
0.720615	0.000000	0.000000	0.000000	0.000000	0.000000	0.699406	0.000000	
0.000000	0.000000	0.000000	0.000000	0.000000	0.000000	0.707138	0.707138	
0.025398	0.482875	0.009152	0.500761	0.000000	0.000000	0.723428	0.000000	
0.681418	0.683531	0.000000	0.000000	0.003366	0.000000	0.267806	0.020739	
0.000000	0.000000	0.707142	0.000000	0.000000	0.000000	0.000000	0.707138	
0.000000	0.000000	0.000000	0.000000	0.000000	0.707103	0.707110	0.000000	
0.000000	0.000006	0.707001	0.000000	0.707214	0.000000	0.000000	0.000000	
0.000000	0.000000	0.000000	1.000000	0.000000	0.000000	0.000000	0.000000	
0.000000	0.000000	0.000000	0.707799	0.000000	0.707859	0.000000	0.000000	
0.000000	0.000000	0.000000	0.000000	0.707103	0.000000	0.707111	0.000000	
0.000000	0.000000	0.000000	0.000000	0.707968	0.708028	0.000000	0.000000	
0.000272	0.012378	0.137078	0.655578	0.000000	0.020909	0.004766	0.743852	
0.745618	0.000252	0.000000	0.007155	0.667890	0.000000	0.000522	0.000000	
0.714325	0.059473	0.029477	0.004664	0.031184	0.695951	0.000000	0.000000	
0.000000	0.000000	1.000018	0.000000	0.000000	0.000000	0.000000	0.000000	
0.000000	0.000000	0.000000	0.000000	1.000001	0.000000	0.000000	0.000000	
0.000071	0.719739	0.000017	0.000000	0.000000	0.000000	0.713097	0.000000	
0.000035	0.000005	0.707556	0.000000	0.000000	0.000000	0.706677	0.000000	
0.000020	0.708772	0.000011	0.000000	0.000000	0.707136	0.000000	0.000000	
0.000000	0.707838	0.005223	0.706361	0.000000	0.000000	0.000000	0.000000	
0.000001	0.003223	0.707831	0.012010	0.000000	0.706273	0.000005	0.000000	
0.000000	0.000000	0.000000	0.000000	0.000000	0.000000	1.000000	0.000000	
0.000000	0.000000	0.000000	0.000000	0.707108	0.000000	0.000000	0.707107	
0.707013	0.000016	0.707202	0.000000	0.000000	0.000000	0.000000	0.000000	
0.000000	0.000000	0.000000	0.000000	0.000000	0.000000	0.707138	0.707138	
0.000000	0.665853	0.004913	0.747400	0.000000	0.000000	0.000000	0.000000	
0.748476	0.104149	0.021269	0.006258	0.654558	0.000000	0.000000	0.000000	
0.706561	0.020559	0.707049	0.001879	0.020704	0.000000	0.000002	0.000000	
0.000020	0.711314	0.000017	0.000000	0.000000	0.709672	0.002780	0.000724	
0.011250	0.002530	0.000133	0.697233	0.123433	0.040244	0.705788	0.000000	
0.982441	0.161708	0.000019	0.004417	0.083652	0.017127	0.036840	0.000000	
0.499657	0.017704	0.000007	0.000000	0.005740	0.501572	0.707911	0.000000	
0.701648	0.013256	0.000000	0.000267	0.007925	0.025235	0.713465	0.000000	
0.000000	0.000000	0.000000	0.000000	0.000000	0.000000	0.000000	1.000000	
0.000000	0.000000	0.694385	0.000000	0.000000	0.000000	0.719624	0.000000	
0.135693	0.000000	0.000000	0.665835	0.000000	0.000174	0.000007	0.734614	
0.018953	0.556917	0.020382	0.000000	0.000000	0.548120	0.630896	0.000000	
0.000001	0.043602	0.707345	0.000000	0.000000	0.707051	0.000020	0.000012	
0.000080	0.063547	0.000002	0.000000	0.000016	0.063400	0.997047	0.000721	
0.036872	0.693442	0.000650	0.000000	0.000000	0.004725	0.137245	0.706367	
0.462321	0.000011	0.534157	0.707910	0.000000	0.000000	0.000000	0.000000	
0.000802	0.705579	0.000725	0.000000	0.704085	0.080134	0.000000	0.000000	
0.476605	0.107192	0.000323	0.511712	0.000603	0.718455	0.016817	0.000000	
0.000000	0.000000	0.017257	0.000000	0.999850	0.001370	0.000000	0.000000	
0.000007	0.009351	0.058744	0.002145	0.691881	0.001934	0.000000	0.719553	
0.000000	0.000000	0.000000	1.000001	0.000000	0.000000	0.000000	0.000000	
0.000000	0.999994	0.000000	0.000000	0.000000	0.006804	0.000000	0.000000	
0.596644	0.805537	0.029558	0.000000	0.000000	0.000000	0.000021	0.000000	
0.000000	0.000000	0.516597	0.000000	0.000000	0.532407	0.000000	0.671147	
0.052321	0.005807	0.586905	0.119266	0.000135	0.022488	0.000000	0.800670	
0.024583	0.708596	0.705187	0.000000	0.000000	0.000000	0.000000	0.000000	
0.001445	0.000201	0.045227	0.713249	0.699940	0.000002	0.000000	0.000000	
