0.405208	0.407050	0.000000	0.818612	0.000000	
0.707204	0.000000	0.707248	0.000000	0.000000	
0.000000	0.000000	0.321263	0.964090	0.000000	
0.410021	0.410530	0.814580	0.000000	0.000000	
0.000000	0.000000	0.000000	0.316228	0.948728	
0.000002	0.707233	0.707277	0.000000	0.000000	
0.407877	0.000000	0.000000	0.408729	0.816672	
0.000000	0.705741	0.000000	0.000000	0.708470	
0.000000	0.000000	0.409056	0.819759	0.403775	
0.000000	0.410246	0.412245	0.813482	0.000000	
0.499860	0.000000	0.501712	0.500763	0.497656	
0.000003	0.816082	0.000000	0.409332	0.407992	
0.816743	0.000000	0.407986	0.408367	0.000000	
0.000000	0.000000	0.706067	0.000000	0.708146	
0.000000	0.000000	0.000000	0.707291	0.706949	
0.407030	0.409440	0.000000	0.000000	0.816508	
0.406228	0.817632	0.000000	0.000000	0.407991	
0.948727	0.000000	0.316097	0.000000	0.000000	
0.000000	0.000000	0.949996	0.000000	0.312284	
0.940981	0.339011	0.000818	0.000000	0.000000	
0.000000	0.000000	0.000000	0.948837	0.315946	
0.000001	0.308810	0.000000	0.951247	0.000000	
0.408009	0.000000	0.408113	0.000000	0.816685	
0.000001	0.000000	0.315562	0.000000	0.948919	
1.000000	0.000000	0.000000	0.000000	0.000000	
0.817515	0.407313	0.002515	0.000000	0.407136	
0.313248	0.949671	0.000000	0.000000	0.000000	
0.948216	0.000000	0.000000	0.000000	0.317628	
0.816167	0.408848	0.000000	0.408308	0.000000	
0.406117	0.816843	0.409683	0.000000	0.000000	
0.408079	0.000000	0.816966	0.000000	0.408120	
0.316997	0.000354	0.000000	0.000000	0.950833	
0.499542	0.501814	0.503242	0.501126	0.000000	
0.000000	0.407652	0.000000	0.409137	0.816349	
0.000001	0.409861	0.817610	0.000000	0.407822	
0.816046	0.000000	0.409874	0.000000	0.407573	
0.000066	0.818706	0.406722	0.000000	0.406139	
0.707532	0.711703	0.000000	0.000000	0.000000	
0.000000	0.000000	0.000000	0.000000	1.000046	
0.411235	0.000000	0.000000	0.816978	0.408215	
0.706108	0.000000	0.000000	0.000000	0.708187	
0.000000	0.000001	0.706842	0.707372	0.000000	
0.000000	0.000001	0.408197	0.408503	0.816395	
0.000001	0.501781	0.501813	0.500888	0.496940	
0.713380	0.004003	0.000000	0.733478	0.000000	
0.315940	0.000000	0.948779	0.000000	0.000000	
0.000001	0.949842	0.312865	0.000212	0.000000	
0.498578	0.500823	0.000000	0.504075	0.496493	
0.000293	0.951747	0.000000	0.000000	0.318055	
0.409056	0.000000	0.820383	0.410104	0.000000	
0.000000	0.000000	0.000000	1.000156	0.000000	
0.000000	0.000000	0.948927	0.317837	0.000000	
0.816068	0.000000	0.000000	0.409408	0.408002	
0.000011	0.405951	0.816812	0.409904	0.000000	
0.500498	0.500080	0.501299	0.000000	0.499380	
0.000000	0.000000	1.000000	0.000000	0.000000	
0.000019	0.308529	0.951223	0.000000	0.000000	
0.407609	0.817185	0.000000	0.407614	0.000000	
0.000000	0.955959	0.000000	0.315716	0.000000	
0.410203	0.000000	0.411106	0.814814	0.000000	
0.956070	0.000000	0.000000	0.317508	0.000000	
0.000004	0.406843	0.407727	0.000000	0.817492	
0.000005	0.411719	0.000000	0.815917	0.405977	
0.315300	0.000000	0.000000	0.948992	0.000000	
0.000023	0.000000	0.810580	0.420179	0.409772	
0.000000	0.707431	0.000000	0.706782	0.000000	
0.816416	0.408118	0.408656	0.000000	0.000000	
0.002142	0.819199	0.409214	0.409597	0.000000	
0.000000	0.317001	0.000000	0.000000	0.950846	
0.000000	1.000000	0.000000	0.000000	0.000000	
0.000023	0.000000	0.810925	0.420358	0.407062	
0.000000	0.670654	0.000000	0.673185	0.311521	
0.715608	0.004015	0.015816	0.735949	0.000000	
0.409056	0.000000	0.820383	0.410104	0.000000	
0.575339	0.000000	0.017679	0.000000	0.817733	
0.000000	0.000000	1.000000	0.000000	0.000000	
0.406597	0.000000	0.409519	0.000000	0.816684	
0.249968	0.000000	0.501324	0.840094	0.000000	
0.948925	0.000000	0.000000	0.317836	0.000000	
0.321754	0.645060	0.000000	0.321757	0.619259	
0.266612	0.000000	0.000000	0.624487	0.740681	
0.805157	0.290077	0.532671	0.000000	0.122662	
0.023319	0.000000	0.871735	0.000000	0.498845	
0.522653	0.852685	0.000000	0.000819	0.000000	
0.000021	0.000000	0.000296	0.034008	1.018157	
0.675864	0.000000	0.678368	0.000000	0.339323	
0.497767	0.521757	0.723751	0.000000	0.078833	
0.948727	0.000000	0.316097	0.000000	0.000000	
0.307550	0.860465	0.387418	0.123104	0.000000	
0.000201	0.651432	0.000000	0.642814	0.411178	
0.000000	0.043173	0.025631	0.998747	0.000000	
0.336974	0.000000	0.941671	0.000000	0.000000	
0.000000	0.000002	0.720077	0.720617	0.000000	
0.000133	0.445998	0.000000	0.798231	0.406185	
0.616559	0.000000	0.608761	0.000000	0.499982	
0.229700	0.000000	0.226795	0.000000	0.946483	
0.756878	0.617107	0.128473	0.000000	0.182298	
0.003861	0.106400	0.396148	0.410514	0.820412	
0.940802	0.338946	0.003411	0.000000	0.000000	
0.180873	0.230510	0.903351	0.000000	0.324326	
