0.661422	0.333062	0.000000	0.672018	0.000000	
0.855390	0.000000	0.569262	0.000000	0.000000	
0.000007	0.000668	0.243351	0.000000	0.970914	
0.378586	0.000000	0.762812	0.382398	0.379135	
0.000156	0.661173	0.345498	0.665965	0.000014	
0.000054	0.374376	0.375239	0.756419	0.383992	
0.240871	0.000000	0.970862	0.000000	0.000000	
0.000006	0.242387	0.000000	0.970191	0.000000	
0.333590	0.670413	0.000000	0.662778	0.000132	
0.000009	0.000005	0.829165	0.559011	0.000000	
0.242043	0.000000	0.000000	0.000000	0.970279	
0.380886	0.380008	0.755428	0.000000	0.375563	
0.000002	0.966877	0.255254	0.000000	0.000000	
0.755378	0.381463	0.378470	0.375091	0.000000	
0.663737	0.000000	0.336449	0.668042	0.000000	
0.665879	0.000000	0.000000	0.667215	0.333815	
0.337172	0.000000	0.668359	0.000000	0.664570	
0.000000	0.000000	0.000001	0.555857	0.831357	
0.000001	0.330537	0.000000	0.660704	0.674107	
0.000001	0.241890	0.970330	0.000000	0.000000	
0.329418	0.672540	0.667001	0.000000	0.000000	
0.554177	0.000000	0.000000	0.000000	0.832399	
0.668339	0.337180	0.667356	0.000000	0.000000	
0.000157	0.001543	0.243157	0.969987	0.000000	
0.970995	0.000195	0.000122	0.000000	0.243401	
0.556125	0.000000	0.831102	0.000000	0.000000	
0.000002	0.379644	0.757889	0.375827	0.374486	
0.905624	0.298534	0.000000	0.301254	0.000000	
0.664587	0.669447	0.000000	0.000000	0.332625	
0.446978	0.447967	0.440781	0.451636	0.448682	
0.241745	0.970341	0.000000	0.000000	0.000000	
0.000000	0.000000	0.303107	0.300285	0.904410	
0.001331	0.904509	0.301624	0.000000	0.302026	
0.328629	0.000019	0.661934	0.673753	0.000000	
0.333360	0.666324	0.000000	0.000000	0.666998	
0.000000	0.000000	0.328419	0.668997	0.667273	
0.000000	0.332730	0.666461	0.000000	0.667617	
0.242385	0.000000	0.000000	0.970182	0.000000	
0.000001	0.000000	0.585314	0.000000	0.876118	
1.000001	0.000000	0.000000	0.000000	0.000000	
0.374627	0.382162	0.756942	0.375043	0.000000	
0.384468	0.760975	0.381310	0.377905	0.000000	
0.375537	0.759830	0.000000	0.378827	0.372749	
0.302012	0.304959	0.000000	0.000000	0.903212	
0.903270	0.305635	0.000003	0.000000	0.301717	
0.000000	0.000000	0.301108	0.904889	0.302563	
0.000003	0.000004	0.905709	0.301300	0.301567	
0.666032	0.332825	0.000000	0.000000	0.669390	
0.000027	0.906641	0.299237	0.299443	0.000000	
0.906279	0.000000	0.306432	0.000000	0.302297	
0.000120	0.000422	0.000402	0.826955	0.569516	
0.000308	0.000000	0.666283	0.334173	0.667118	
0.000003	0.665078	0.000000	0.664776	0.340599	
0.000304	0.554125	0.000000	0.000000	0.832437	
0.373377	0.374780	0.376031	0.760842	0.000000	
0.000054	0.905689	0.000000	0.302107	0.297771	
0.374951	0.377779	0.000000	0.757650	0.377715	
0.330778	0.000000	0.000000	0.661187	0.674599	
0.000000	0.000000	0.552876	0.833271	0.000000	
0.000000	0.376965	0.381719	0.376737	0.755443	
0.000000	0.000000	0.000000	0.970123	0.242619	
0.000000	0.000000	0.000000	1.000000	0.000000	
0.000000	0.665062	0.669473	0.330913	0.000000	
0.298596	0.905720	0.300857	0.000000	0.000000	
0.669027	0.000000	0.334554	0.000000	0.666298	
0.000058	0.301186	0.000000	0.301121	0.905245	
0.970148	0.000000	0.000000	0.242516	0.000000	
0.377333	0.378069	0.376315	0.000000	0.757032	
0.000001	0.000015	0.977666	0.000000	0.242445	
0.975256	0.247180	0.000000	0.000000	0.000000	
0.555316	0.831640	0.000000	0.000000	0.000000	
0.837192	0.000000	0.000000	0.000000	0.558865	
0.000000	0.556015	0.000000	0.831182	0.000000	
0.663708	0.000000	0.670037	0.332533	0.000000	
0.000000	0.971540	0.000000	0.236981	0.000000	
0.302127	0.000000	0.905616	0.297667	0.000000	
0.301295	0.904225	0.000000	0.303588	0.000000	
0.300360	0.000000	0.301052	0.905097	0.000000	
0.904189	0.302266	0.301804	0.000000	0.000000	
0.000051	0.668290	0.667435	0.000023	0.329085	
0.000000	0.000000	0.000000	0.243122	0.969997	
0.000010	0.000005	0.970832	0.239770	0.000000	
0.000000	0.243177	0.000000	0.000000	0.970082	
0.303885	0.000000	0.000000	0.904845	0.301943	
0.000004	0.333588	0.671923	0.665716	0.000000	
0.666871	0.000000	0.667693	0.000000	0.335351	
0.000000	0.000000	1.000000	0.000000	0.000000	
0.903072	0.000000	0.308535	0.300632	0.000000	
0.301414	0.000000	0.000000	0.302019	0.904402	
0.301427	0.000000	0.301370	0.000000	0.905289	
0.755917	0.376670	0.000000	0.378423	0.378854	
0.755749	0.000000	0.378353	0.379652	0.376283	
0.558236	0.000000	0.000000	0.834503	0.000000	
0.000000	0.000000	0.000000	0.000000	1.000601	
0.000011	0.556124	0.831101	0.000000	0.000000	
0.755097	0.376631	0.381257	0.000000	0.377656	
0.000003	0.832270	0.554372	0.000000	0.000000	
0.381101	0.000000	0.380597	0.757896	0.380512	
0.656344	0.673929	0.000000	0.339191	0.000000	
0.376434	0.758400	0.377450	0.000000	0.375292	
0.299342	0.908152	0.000000	0.000000	0.300415	
0.000006	0.300478	0.301152	0.905002	0.000000	
0.664525	0.667022	0.337065	0.000000	0.000000	
0.377201	0.000000	0.381959	0.378804	0.757131	
0.000000	0.664684	0.000000	0.332883	0.668871	
0.000477	0.756607	0.377479	0.378909	0.377085	
0.000001	0.303609	0.000000	0.904023	0.302038	
0.300665	0.300829	0.905072	0.000000	0.000000	
0.666255	0.000000	0.000000	0.333669	0.666944	
0.000074	0.970121	0.000000	0.000000	0.242823	
0.301108	0.000000	0.905237	0.000000	0.299860	
0.378428	0.380811	0.000000	0.377040	0.755978	
0.000002	0.303883	0.904963	0.000000	0.297827	
0.000002	0.301966	0.905136	0.299265	0.000000	
0.000000	1.000001	0.000000	0.000000	0.000000	
0.969861	0.000005	0.245406	0.000000	0.000000	
0.306102	0.308433	0.000000	0.901125	0.000006	
0.000023	0.306839	0.300847	0.000000	0.904309	
0.000000	0.832619	0.000000	0.553997	0.000000	
0.000962	0.668405	0.333182	0.000000	0.665256	
0.000001	0.000000	0.668340	0.665982	0.331347	
0.904411	0.000000	0.000000	0.301802	0.301604	
0.830411	0.557154	0.000000	0.000000	0.000005	
0.000063	0.832653	0.000000	0.000000	0.553801	
0.000038	0.000001	0.832476	0.000000	0.554070	
0.831604	0.000000	0.000000	0.555420	0.000000	
0.000491	0.777614	0.258588	0.432373	0.377081	
0.973024	0.000170	0.000155	0.000000	0.243910	
0.000003	0.000004	0.954365	0.000000	0.301521	
0.895305	0.451686	0.006152	0.000000	0.000000	
0.000002	0.807467	0.000000	0.507455	0.302051	
0.856241	0.000000	0.569828	0.000000	0.000000	
0.373506	0.000000	0.531149	0.761164	0.000000	
0.820141	0.482657	0.000000	0.000000	0.308916	
0.042541	0.970671	0.000000	0.236996	0.000000	
0.115567	0.418791	0.600680	0.673178	0.000000	
0.002721	0.410636	0.110857	0.122564	0.907213	
0.000003	0.000011	0.971991	0.238748	0.000000	
0.292964	0.000000	0.000000	0.872326	0.393288	
0.296340	0.296502	0.908543	0.000000	0.000000	
0.559388	0.840673	0.000000	0.000000	0.000000	
0.223424	0.974755	0.000000	0.000000	0.000000	
0.808841	0.377434	0.000008	0.452093	0.000000	
0.083451	0.227567	0.000000	0.970183	0.000000	
0.695851	0.340927	0.000000	0.560852	0.293338	
0.096725	0.252322	0.000000	0.804622	0.545724	
0.000053	0.701267	0.000000	0.000000	0.712909	
0.296034	0.591200	0.345500	0.665968	0.000014	
0.000155	0.253100	0.780989	0.433161	0.377768	
0.000038	0.502194	0.278847	0.819720	0.006565	
0.637816	0.000000	0.318946	0.228123	0.666923	
0.121925	0.230081	0.363137	0.000000	0.903890	
0.000441	0.000000	0.000404	0.832262	0.555333	
0.000000	0.000000	0.000000	1.000001	0.000000	
0.417401	0.051665	0.827359	0.374871	0.000000	
0.374555	0.755556	0.382946	0.377235	0.000000	
0.000000	0.000000	0.842278	0.000000	0.539084	
0.009866	0.236591	0.949899	0.000000	0.210715	
0.261863	0.130613	0.970538	0.000000	0.000000	
0.000001	0.287064	0.910090	0.299300	0.000000	
0.276460	0.000000	0.275549	0.922308	0.000000	
0.000000	0.671470	0.675923	0.303772	0.000000	
0.000002	0.966877	0.255254	0.000000	0.000000	
0.000000	0.000000	0.000000	0.268869	0.965375	
0.301414	0.000000	0.000000	0.302019	0.904402	
0.000000	0.000000	0.262993	0.964802	0.000000	
0.298597	0.905720	0.300857	0.000000	0.000000	
0.574091	0.165217	0.815084	0.393736	0.000000	
0.935331	0.360316	0.000000	0.000000	0.000000	
0.650826	0.248704	0.000000	0.717521	0.000000	
0.885862	0.197300	0.294790	0.300469	0.000000	
0.000027	0.350076	0.000000	0.000000	0.936725	
0.449094	0.523711	0.190275	0.614967	0.334149	
0.208551	0.393550	0.000000	0.000000	0.900951	
0.405321	0.184302	0.000000	0.897595	0.000000	
0.522993	0.252209	0.786699	0.395576	0.000000	
0.443384	0.000000	0.893076	0.076335	0.000884	
0.074448	0.248872	0.817470	0.000000	0.521829	
0.131369	0.153112	0.882471	0.299679	0.317613	
0.657137	0.655621	0.027430	0.000000	0.376058	
0.563947	0.806691	0.352359	0.000000	0.000000	
0.892010	0.298160	0.339737	0.000000	0.000000	
0.000000	0.000000	1.004208	0.000000	0.000000	
0.015129	0.664394	0.751298	0.000000	0.000000	
0.734478	0.353349	0.588062	0.000000	0.318004	
0.000875	0.000000	0.267318	0.000000	0.966332	
0.302000	0.000000	0.300721	0.000000	0.905176	
0.998196	0.000000	0.247876	0.000000	0.000000	
0.098389	0.527773	0.000183	0.377040	0.755978	
0.084288	0.000000	0.028500	0.009279	0.999110	
0.444131	0.000078	0.000071	0.000000	0.898346	
0.883931	0.124130	0.000008	0.452111	0.000000	
0.938116	0.000000	0.075558	0.338044	0.000000	
0.000001	0.241901	0.970375	0.000000	0.000000	
0.842082	0.000106	0.000050	0.483412	0.243396	
0.018323	0.000000	0.743914	0.668042	0.000000	
0.000002	0.302883	0.000000	0.890486	0.340685	
0.219341	0.956939	0.000000	0.191238	0.000000	
0.000000	0.000000	0.231757	0.916768	0.332084	
0.549896	0.625659	0.033927	0.553416	0.000099	
