0.499762	0.499587	0.000000	0.498869	0.504812	
0.408621	0.000000	0.000000	0.815791	0.409287	
0.000000	0.000000	0.706153	0.000000	0.708064	
0.000001	0.814300	0.418379	0.402340	0.000000	
0.000000	0.000000	0.000000	0.000000	1.000000	
0.499455	0.507926	0.504805	0.000000	0.498991	
0.000368	0.313936	0.000000	0.000000	0.949444	
0.000000	0.000000	0.708851	0.705358	0.000000	
0.813740	0.413671	0.000000	0.408294	0.000000	
0.408435	0.000009	0.000000	0.409594	0.815734	
0.000000	0.320500	0.947249	0.000000	0.000000	
0.813072	0.412834	0.415255	0.000000	0.000000	
0.000039	0.000082	0.948740	0.000000	0.316057	
0.000000	0.316738	0.000000	0.948516	0.000000	
0.000001	0.952563	0.000000	0.304343	0.000000	
0.000000	0.409437	0.410577	0.814783	0.000000	
1.000000	0.000000	0.000000	0.000000	0.000000	
0.000646	0.410718	0.000000	0.411884	0.820295	
0.000001	0.816608	0.000000	0.408253	0.408022	
0.406480	0.000000	0.818578	0.408784	0.000000	
0.000000	0.000000	0.314702	0.000000	0.949191	
0.000001	0.408524	0.816336	0.408295	0.000000	
0.409648	0.424782	0.835114	0.001560	0.000000	
0.000000	0.000000	0.408611	0.815592	0.409691	
0.000000	0.000000	0.000000	1.000008	0.000000	
0.000000	0.408327	0.000000	0.816695	0.407774	
0.409599	0.817175	0.405547	0.000000	0.000000	
0.312074	0.950058	0.000000	0.000000	0.000000	
0.815536	0.407601	0.000000	0.000000	0.410809	
0.817067	0.000000	0.407377	0.000000	0.407994	
0.708570	0.000000	0.708744	0.000000	0.000000	
0.000884	0.707387	0.000000	0.000000	0.706826	
0.000000	0.000000	0.948681	0.316237	0.000000	
0.000001	0.706993	0.000000	0.707221	0.000000	
0.000022	0.000012	0.410414	0.406436	0.816871	
0.948635	0.000000	0.000000	0.316374	0.000000	
0.315912	0.000000	0.000000	0.948789	0.000000	
0.706348	0.000000	0.000000	0.000000	0.707865	
0.002642	0.000000	0.002086	0.702927	0.711270	
0.000000	0.000000	0.315870	0.948803	0.000000	
0.316250	0.000000	0.948676	0.000000	0.000000	
0.706993	0.000001	0.000000	0.707221	0.000000	
0.795676	0.000000	0.000000	0.440880	0.419216	
0.000000	0.000000	0.817944	0.406674	0.408246	
0.000000	0.497639	0.504220	0.498860	0.499409	
0.407794	0.000000	0.406168	0.000000	0.817812	
0.000000	0.707004	0.707211	0.000078	0.000000	
0.000000	0.000000	0.000000	0.948739	0.316060	
0.000003	0.407162	0.407388	0.000000	0.817472	
0.815297	0.000000	0.409333	0.409698	0.000000	
0.501117	0.000000	0.501295	0.499124	0.499673	
0.948572	0.316562	0.000000	0.000000	0.000000	
0.408627	0.000000	0.408747	0.816057	0.000000	
0.408354	0.409021	0.000000	0.816057	0.000000	
0.405842	0.406566	0.000000	0.000000	0.818533	
0.406196	0.816490	0.000000	0.410311	0.000000	
0.953781	0.000000	0.000000	0.000000	0.318738	
0.499431	0.503715	0.495040	0.502924	0.000000	
0.408547	0.000000	0.816226	0.000000	0.408490	
0.948428	0.000000	0.317294	0.000000	0.000000	
0.000000	1.000000	0.000000	0.000000	0.000000	
0.001495	0.949508	0.000000	0.000000	0.314697	
0.316275	0.000000	0.000000	0.000000	0.948668	
0.000011	0.000011	0.000002	0.321219	0.954785	
0.705418	0.713119	0.000000	0.000000	0.000000	
0.000001	0.813367	0.415102	0.000000	0.408669	
0.000016	0.948222	0.317609	0.000000	0.000000	
0.000001	0.408547	0.816226	0.000000	0.408490	
0.403778	0.817975	0.000000	0.000000	0.409732	
0.000000	0.000000	1.000000	0.000000	0.000000	
0.722926	0.000000	0.572527	0.000000	0.387780	
0.580047	0.294872	0.000000	0.291039	0.716621	
0.872396	0.442955	0.215983	0.000000	0.005133	
0.000000	0.000000	0.000000	0.948739	0.316060	
0.060834	0.116491	0.000000	0.262851	0.955845	
0.021409	0.566755	0.823608	0.000000	0.000000	
0.005097	0.497617	0.504224	0.498851	0.499408	
0.027354	0.795488	0.516186	0.316237	0.000000	
0.905703	0.019818	0.000000	0.280786	0.317009	
0.413285	0.575375	0.000000	0.705651	0.014448	
0.000000	0.000000	0.911935	0.000000	0.419065	
0.000727	0.151497	0.379182	0.816695	0.407774	
0.841819	0.000455	0.000000	0.539821	0.000000	
0.000000	0.000000	0.000000	0.000000	1.000001	
0.010586	0.925999	0.000000	0.416660	0.000000	
0.815536	0.407601	0.000000	0.000000	0.410809	
0.000000	0.000000	0.455234	0.908653	0.000000	
0.313552	0.000000	0.000000	0.941699	0.122203	
0.000000	0.675272	0.000000	0.737569	0.000000	
0.436059	0.900171	0.000000	0.000000	0.000000	
0.442283	0.000000	0.222055	0.870947	0.000000	
0.002642	0.000000	0.002086	0.702927	0.711270	
0.401911	0.715150	0.581338	0.018408	0.000000	
0.000002	0.948762	0.000000	0.000000	0.315991	
0.402241	0.000000	0.317529	0.481139	0.711271	
0.000089	0.046463	0.705491	0.707247	0.000000	
0.000000	0.905817	0.423706	0.000000	0.000000	
0.698882	0.000000	0.718050	0.000000	0.000000	
0.917751	0.000000	0.000000	0.000000	0.410120	
0.249834	0.126852	0.962021	0.000413	0.000000	
