0.000142	0.320925	0.007053	0.284724	9.225689	
0.662681	0.668515	0.659648	0.001236	8.065834	
0.660790	0.001193	0.664581	0.667365	8.067034	
0.002537	0.659458	0.673612	0.662068	8.035047	
0.000000	0.282883	0.297731	0.000020	9.196902	
0.853272	0.149723	0.215258	0.878016	5.924504	
0.825882	0.123643	0.928666	0.884193	4.947956	
0.660817	0.002756	0.041499	0.955850	7.973661	
0.013042	0.661465	0.005521	0.917411	7.789454	
0.117955	0.914651	0.783135	0.799621	5.164447	
0.000537	0.000060	0.000001	0.285899	9.590248	
0.817488	0.889000	0.142962	0.798568	4.879765	
0.771970	0.804806	0.247194	0.929927	5.074706	
0.946723	0.661465	0.003997	0.000791	7.964185	
0.000000	0.000000	0.297617	0.000000	9.607493	
0.017991	0.051353	0.624325	0.909602	7.928765	
0.000221	0.634244	0.936459	0.023342	8.066059	
0.667999	0.684112	0.002566	0.649786	7.978630	
0.001078	0.754732	0.000363	0.002905	8.684795	
0.947069	0.122263	0.793374	0.774469	5.403782	
0.000000	0.000000	0.000000	0.000000	10.001453	
0.121430	0.772958	0.906287	0.862252	5.045729	
0.826181	0.087835	0.794728	0.931604	5.171688	
0.877830	0.026623	0.316851	0.000016	7.923329	
0.906391	0.015579	0.002953	0.642809	7.885377	
0.838799	0.873406	0.227840	0.196198	5.872905	
0.764274	0.000046	0.000000	0.000019	8.691064	
0.000222	0.000056	0.000104	0.752516	8.703233	
0.954690	0.898048	0.125903	0.857510	5.101152	
0.000000	0.911012	0.000191	0.673956	7.691486	
0.005894	0.000196	0.894321	0.627227	7.959756	
0.683128	0.904651	0.000099	0.000021	7.599584	
0.294317	0.000001	0.000000	0.000038	9.600709	
0.016847	0.000032	0.274453	0.320752	9.245781	
0.000000	0.288334	0.000000	0.000021	9.597326	
0.643757	0.000295	0.920000	0.005443	7.941318	
0.001078	0.002446	0.757684	0.005996	8.659790	
0.924393	0.780649	0.792479	0.176667	5.187371	
0.309774	0.000059	0.000169	0.326141	9.277192	
0.306600	0.345034	0.012309	0.002899	9.296300	
0.845823	0.915249	0.779818	0.123204	5.060490	
0.858470	0.834280	0.860212	0.856945	3.258412	
0.002084	0.886981	0.712064	0.005904	7.321516	
0.298532	0.011940	0.312323	0.030809	9.180784	
0.853272	0.179527	0.208117	0.854104	5.860180	
0.845823	0.915249	0.794728	0.123204	4.972921	
0.029322	0.011612	0.284419	0.004449	9.540336	
0.000000	0.673962	0.000191	0.673956	8.559969	
0.643757	0.051353	0.920237	0.628852	7.462693	
0.306801	0.020121	0.000004	0.023929	9.565086	
0.078885	0.886252	0.831153	0.878789	4.874137	
0.048704	0.002987	0.282029	0.854443	7.866113	
0.296677	0.022000	0.000264	0.326141	9.229674	
0.864157	0.000046	0.314968	0.000016	7.959156	
0.126704	0.634507	0.783135	0.944634	6.416835	
0.838799	0.873406	0.227840	0.221960	5.813178	
0.857703	0.167495	0.790477	0.775088	5.029219	
0.306791	0.345034	0.012309	0.000016	9.299602	
0.134892	0.193941	0.856112	0.862252	5.970484	
0.643757	0.000295	0.920000	0.004461	7.941687	
0.114700	0.811301	0.852440	0.862252	4.807511	
0.005319	0.753797	0.000363	0.000056	8.764538	
0.771970	0.804806	0.247194	0.929927	5.074706	
0.825882	0.102733	0.928666	0.886419	5.002908	
0.001078	0.002446	0.749111	0.001299	8.721155	
0.817488	0.889000	0.142962	0.001022	6.436550	
0.876687	0.780649	0.793232	0.119374	5.100976	
0.671850	0.053474	0.041499	0.955850	7.817622	
0.819797	0.869253	0.138330	0.798339	4.854317	
0.906391	0.000055	0.002953	0.642809	7.902779	
0.758161	0.000046	0.000000	0.000019	8.719446	
0.012882	0.006225	0.000001	0.974102	8.769701	
0.926283	0.666033	0.002566	0.024957	7.788473	
0.680407	0.887048	0.000223	0.870275	5.882587	
0.876687	0.780649	0.793232	0.173053	5.036265	
0.000000	0.288216	0.012659	0.000021	9.591155	
0.000433	0.000032	0.274453	0.312243	9.249685	
0.155386	0.255977	0.037937	0.875286	7.619110	
0.000046	0.870736	0.041375	0.311405	7.881335	
0.298532	0.000046	0.312323	0.000016	9.234920	
0.853415	0.834280	0.239901	0.856945	4.821963	
0.123046	0.000000	0.000000	0.077044	9.639432	
0.001910	0.248237	0.269935	0.165662	8.869258	
0.004905	0.000059	0.000169	0.335297	9.670350	
0.817305	0.165082	0.801228	0.933034	5.020128	
0.003549	0.779133	0.736222	0.006188	7.346664	
0.126624	0.857640	0.889879	0.223682	5.992692	
0.335200	0.023852	0.249348	0.030809	9.177162	
0.662180	0.889000	0.130346	0.001011	7.454647	
0.000001	0.671788	0.000191	0.020707	9.353778	
0.876039	0.876789	0.782390	0.173053	4.818328	
0.075547	0.165870	0.673612	0.661519	8.239236	
0.926283	0.684112	0.002566	0.025483	7.654381	
0.853272	0.179527	0.905442	0.854104	4.660106	
0.004465	0.320925	0.007053	0.682820	8.845433	
0.876042	0.781540	0.793167	0.173919	5.027021	
0.849058	0.889000	0.142962	0.719373	5.310373	
0.688894	0.200680	0.000782	0.857322	7.088645	
0.662681	0.668515	0.017243	0.001232	8.661850	
0.029322	0.011612	0.284419	0.004449	9.540336	
