0.000563	0.000024	0.000009	0.290274	9.594925	
0.655622	0.920611	0.029873	0.000296	7.827252	
0.132434	0.892552	0.797826	0.779352	5.081449	
0.910756	0.000270	0.000270	0.649779	7.863918	
0.015759	0.382769	0.057950	0.288506	9.276757	
0.832679	0.000468	0.810697	0.905788	5.183228	
0.000633	0.756761	0.000000	0.000173	8.689259	
0.655767	0.002129	0.018227	0.854068	7.699860	
0.911853	0.807804	0.036567	0.829206	5.115924	
0.840765	0.828465	0.836813	0.829206	3.333734	
0.338824	0.311594	0.003804	0.001462	9.306800	
0.196574	0.864171	0.126994	0.854820	5.985617	
0.000020	0.667075	0.656432	0.665220	8.081466	
0.794915	0.773398	0.888725	0.111791	5.167766	
0.289302	0.016348	0.000000	0.000037	9.575700	
0.762570	0.002207	0.000009	0.000171	8.682798	
0.673158	0.657111	0.665826	0.000066	8.050060	
0.000000	0.380902	0.874716	0.084417	7.957678	
0.015304	0.000270	0.288409	0.308527	9.199127	
0.000000	0.000000	0.000000	0.000000	10.000108	
0.130191	0.790665	0.912251	0.818306	5.019255	
0.633429	0.000315	0.400836	0.000057	9.696609	
0.865882	0.826193	0.804824	0.100249	4.904240	
0.642784	0.009720	0.882928	0.013525	7.806986	
0.015059	0.879671	0.655944	0.037012	7.670635	
0.826340	0.916833	0.797743	0.126084	4.993529	
0.798750	0.873435	0.126173	0.789311	5.005295	
0.000215	0.031723	0.649622	0.872606	7.829364	
0.014940	0.045896	0.880082	0.644165	7.748126	
0.014583	0.909081	0.010108	0.661161	7.750549	
0.896371	0.084691	0.799372	0.818396	5.029936	
0.000515	0.000432	0.748964	0.007737	8.718594	
0.289302	0.016730	0.001702	0.295537	9.175077	
0.000360	0.268655	0.015192	0.022646	9.533093	
0.785870	0.098767	0.921054	0.784381	5.304609	
0.772749	0.786294	0.140121	0.871644	5.123037	
0.000577	0.000321	0.287119	0.000506	9.590491	
0.890106	0.003240	0.662224	0.000066	7.719456	
0.135774	0.790665	0.804195	0.916019	5.073687	
0.917802	0.639607	0.001214	0.002289	7.961860	
0.000000	0.000000	0.000000	0.762001	8.643040	
0.849129	0.227225	0.285432	0.873601	5.804162	
0.677514	0.668453	0.000018	0.658117	7.977639	
0.672934	0.000024	0.657648	0.670959	7.988156	
0.000037	0.356299	0.341603	0.001460	9.404322	
0.000679	0.350888	0.050242	0.868318	7.946340	
0.210036	0.267181	0.858786	0.855675	5.789876	
0.274884	0.269585	0.861415	0.856568	5.774041	
0.643051	0.917960	0.005701	0.028828	7.899458	
0.896371	0.084691	0.799372	0.832088	4.999663	
0.132434	0.913749	0.818752	0.803250	4.961363	
0.000000	0.224779	0.000000	0.000000	9.583940	
0.798750	0.786951	0.115953	0.789311	5.538009	
0.678041	0.000114	0.871145	0.002047	7.667429	
0.797030	0.098767	0.861500	0.786384	5.093152	
0.798750	0.864171	0.127489	0.789311	4.995424	
0.134742	0.790665	0.795629	0.902875	5.123614	
0.209597	0.864171	0.126994	0.855599	5.968513	
0.811634	0.846603	0.797743	0.129499	4.910193	
0.946798	0.876832	0.001214	0.023054	6.933702	
0.015790	0.000024	0.000009	0.290274	9.577359	
0.000022	0.357727	0.320005	0.000495	9.368184	
0.209807	0.938590	0.123191	0.318020	7.549021	
0.000961	0.042286	0.069515	0.665100	9.383186	
0.130191	0.790665	0.912251	0.831998	4.988782	
0.000372	0.798143	0.008677	0.020283	8.414607	
0.763700	0.002207	0.000043	0.000171	8.646990	
0.284107	0.007860	0.707660	0.002336	8.605378	
0.289302	0.000025	0.055335	0.009291	9.501134	
0.000000	0.383269	0.869576	0.084417	7.958969	
0.792865	0.786294	0.140256	0.871644	5.017049	
0.209807	0.864171	0.006383	0.857549	6.279213	
0.658668	0.058654	0.029873	0.666005	8.601673	
0.710893	0.015437	0.655755	0.030875	8.463247	
0.012514	0.843857	0.797621	0.025356	6.721441	
0.655767	0.000444	0.017964	0.852178	7.702486	
0.000009	0.307261	0.001102	0.296482	9.280649	
0.005715	0.031723	0.885137	0.290274	7.881558	
0.000577	0.000321	0.400836	0.000057	9.937646	
0.849129	0.227225	0.308753	0.847112	5.829264	
0.865882	0.826193	0.797621	0.143643	4.824341	
0.000038	0.000024	0.008677	0.020283	9.967053	
0.841564	0.790665	0.795629	0.902875	3.706404	
0.673158	0.667245	0.652206	0.000056	8.064564	
0.014583	0.909571	0.644013	0.665262	7.371050	
0.798355	0.773398	0.888692	0.111791	5.153935	
0.869984	0.007923	0.010108	0.661161	7.712195	
0.208722	0.256627	0.799732	0.856189	5.922647	
0.887407	0.000000	0.288294	0.000313	7.931659	
0.832679	0.199173	0.810697	0.915819	4.776645	
0.000577	0.000314	0.288409	0.308527	9.215863	
0.334441	0.311594	0.003890	0.001478	9.302652	
0.647185	0.007923	0.417333	0.661161	8.784670	
0.856228	0.000315	0.003501	0.000057	8.582651	
0.806377	0.091668	0.814554	0.852991	4.945159	
0.005374	0.668391	0.287119	0.000065	9.014654	
0.710893	0.015437	0.677638	0.030875	8.306217	
0.209807	0.864171	0.128450	0.857549	5.966203	
0.000372	0.069759	0.008677	0.020283	9.954736	
0.018274	0.847893	0.008677	0.020404	8.257806	
