0.404123	0.000007	0.004763	0.351608	9.552833	
0.918841	0.803094	0.117386	0.802503	5.080906	
0.878199	0.159729	0.824436	0.852315	4.670863	
0.869663	0.860712	0.160465	0.276625	5.887262	
0.209237	0.877002	0.860657	0.119386	6.015931	
0.684355	0.004477	0.645359	0.661130	8.062815	
0.879743	0.155082	0.877785	0.226427	5.930126	
0.671200	0.678833	0.657168	0.002813	8.015698	
0.000086	0.009742	0.645650	0.930833	8.012913	
0.139803	0.924963	0.794804	0.787544	5.160275	
0.946494	0.063128	0.627545	0.018286	8.078513	
0.000062	0.295111	0.330679	0.008393	9.262514	
0.023895	0.892519	0.316781	0.030084	7.918823	
0.000108	0.646743	0.888934	0.026186	7.787431	
0.000000	0.000012	0.292657	0.000076	9.626167	
0.027286	0.113464	0.927524	0.630369	7.911685	
0.000998	0.673766	0.668818	0.657608	7.998489	
0.818518	0.929834	0.787778	0.118253	5.147961	
0.724453	0.006662	0.888934	0.023163	7.209068	
0.303635	0.001742	0.312421	0.000067	9.266648	
0.779591	0.800537	0.933090	0.125669	5.263643	
0.790293	0.095880	0.792764	0.925538	5.264257	
0.145291	0.801491	0.879990	0.837133	4.805857	
0.790293	0.095880	0.889389	0.779196	5.200475	
0.867145	0.792137	0.115683	0.858348	4.875975	
0.151269	0.157120	0.855056	0.865917	6.005717	
0.840685	0.866728	0.825906	0.849449	3.294951	
0.664102	0.934939	0.000215	0.006060	7.873998	
0.303640	0.001758	0.002052	0.000000	9.614709	
0.271982	0.885845	0.290369	0.877094	5.834142	
0.000011	0.000941	0.001264	0.753700	8.697118	
0.892146	0.365081	0.027803	0.017606	8.039179	
0.000037	0.000179	0.757626	0.000010	8.718970	
0.000116	0.766781	0.000340	0.000004	8.666938	
0.677343	0.065752	0.001479	0.962995	7.880918	
0.000062	0.019478	0.332153	0.351670	9.358128	
0.000001	0.294911	0.000758	0.000056	9.603780	
0.818973	0.931123	0.117386	0.802503	5.088219	
0.676977	0.669257	0.001564	0.653834	7.999415	
0.000000	0.000000	0.000000	0.000000	10.027293	
0.924791	0.798342	0.874002	0.149746	4.975883	
0.356386	0.373532	0.037858	0.003031	9.460098	
0.765677	0.000163	0.005424	0.000111	8.614923	
0.013807	0.642358	0.041612	0.940554	8.007112	
0.027286	0.933978	0.000758	0.640584	8.003930	
0.277987	0.801491	0.807919	0.925252	5.055517	
0.908094	0.023579	0.001872	0.658801	7.764883	
0.000001	0.292312	0.000678	0.366688	9.407898	
0.000000	0.000928	0.000000	0.273999	9.581545	
0.987853	0.000168	0.753788	0.000111	7.785619	
0.036239	0.890766	0.312147	0.030084	7.887269	
0.145291	0.801491	0.860657	0.837230	4.935608	
0.908094	0.023579	0.001872	0.658801	7.764883	
0.886784	0.658681	0.001621	0.023497	7.703174	
0.000000	0.000000	0.000000	0.000000	10.027293	
0.904516	0.805680	0.898411	0.149746	4.910314	
0.145291	0.924963	0.868238	0.787544	5.150472	
0.643473	0.934939	0.016464	0.015660	7.996275	
0.890380	0.938648	0.223161	0.784139	4.994248	
0.946494	0.091132	0.627545	0.844634	6.355885	
0.676977	0.062199	0.001705	0.684738	8.361215	
0.303640	0.001729	0.288105	0.000068	9.210040	
0.287870	0.375874	0.039299	0.003031	9.308807	
0.007064	0.009742	0.645650	0.907181	7.862177	
0.004223	0.014409	0.330435	0.351670	9.355786	
0.013807	0.647068	0.045666	0.941238	7.974955	
0.879593	0.890243	0.877293	0.254038	4.699661	
0.291552	0.659182	0.290369	0.026186	8.550639	
0.682500	0.927360	0.225054	0.785830	5.793002	
0.302968	0.000001	0.000145	0.000068	9.618739	
0.000004	0.000700	0.849377	0.366897	8.061321	
0.767826	0.154927	0.919393	0.792639	5.222424	
0.036402	0.298159	0.000000	0.273653	9.207552	
0.859110	0.792137	0.171488	0.858348	4.749737	
0.412403	0.000719	0.885429	0.062446	8.108158	
0.758623	0.001209	0.000372	0.000989	8.663210	
0.000451	0.001974	0.294372	0.000000	9.603852	
0.088960	0.766975	0.803864	0.928519	5.374804	
0.027286	0.924745	0.004800	0.630369	8.017899	
0.000011	0.000941	0.001264	0.750427	8.744539	
0.635795	0.000674	0.034526	0.927709	8.013334	
0.000021	0.292989	0.000000	0.000000	9.627045	
0.136970	0.860712	0.856824	0.276625	6.062815	
0.000015	0.000003	0.000076	0.225970	9.594414	
0.879743	0.163837	0.877293	0.254038	5.890249	
0.000116	0.767964	0.019179	0.144882	8.301916	
0.682062	0.646743	0.888934	0.026186	7.004589	
0.000000	0.010896	0.662767	0.002765	9.376383	
0.027829	0.646743	0.878857	0.026186	7.730977	
0.271982	0.008872	0.275701	0.877094	7.474434	
0.000116	0.005200	0.000084	0.000004	10.000122	
0.676977	0.670044	0.001564	0.653834	7.997668	
0.000108	0.646743	0.866293	0.136047	7.520720	
0.291552	0.885845	0.290369	0.026186	7.495622	
0.036239	0.890766	0.903738	0.827643	5.032350	
0.655365	0.000674	0.034526	0.079527	9.257897	
0.676977	0.669257	0.001540	0.032363	8.531273	
0.000062	0.005446	0.330679	0.351670	9.371645	
0.261819	0.870500	0.306917	0.792639	5.981860	
0.779591	0.801491	0.807919	0.925252	4.010707	
