0.000120	0.655504	0.677981	0.674740	7.937558	
0.001078	0.754732	0.000363	0.002905	8.684191	
0.807904	0.113399	0.797582	0.878633	4.984190	
0.000000	0.000000	0.000000	0.000000	10.000556	
0.858470	0.833655	0.842953	0.856945	3.265801	
0.888445	0.835775	0.117170	0.801114	4.883002	
0.670109	0.668515	0.659648	0.001236	8.028534	
0.000192	0.288334	0.003280	0.005870	9.585407	
0.814722	0.825077	0.163472	0.965792	5.145574	
0.000285	0.003188	0.689321	0.974193	7.957815	
0.821479	0.890052	0.099676	0.767502	5.145685	
0.000120	0.101614	0.965810	0.674803	7.817484	
0.006553	0.349721	0.000001	0.302811	9.336916	
0.856871	0.126293	0.788840	0.838998	4.918391	
0.806606	0.094152	0.967659	0.854630	5.295451	
0.279402	0.857640	0.208597	0.853393	5.801184	
0.000000	0.000000	0.763425	0.000000	8.634459	
0.303269	0.001055	0.001606	0.000421	9.640024	
0.013617	0.342992	0.030543	0.863875	7.942815	
0.666969	0.657721	0.003499	0.666172	8.063783	
0.009517	0.839563	0.646471	0.023264	7.759965	
0.664502	0.022047	0.032026	0.904160	7.753669	
0.923748	0.793959	0.794689	0.176491	5.109969	
0.009621	0.664665	0.933853	0.018369	7.843989	
0.300161	0.002474	0.271111	0.002691	9.206326	
0.918730	0.006018	0.646140	0.006272	7.926955	
0.383319	0.319614	0.000166	0.006882	9.423264	
0.000005	0.002472	0.002211	0.760214	8.660332	
0.114422	0.911690	0.756304	0.806603	5.289945	
0.822766	0.947862	0.765171	0.284753	5.369788	
0.683879	0.008713	0.859750	0.010393	7.506392	
0.655206	0.920085	0.012082	0.001197	7.851870	
0.846873	0.343603	0.000241	0.005870	8.002202	
0.341716	0.000034	0.000009	0.290432	9.282086	
0.916317	0.000219	0.000333	0.647846	7.900100	
0.100901	0.857640	0.012007	0.667088	7.443725	
0.866185	0.317132	0.875357	0.322736	5.915811	
0.758667	0.000005	0.002165	0.000000	8.689179	
0.654073	0.000146	0.687787	0.679668	8.028372	
0.000000	0.349140	0.288346	0.000000	9.299906	
0.000529	0.014149	0.307537	0.276336	9.194390	
0.194712	0.857640	0.868078	0.148445	5.957861	
0.000004	0.000902	0.000001	0.302811	9.639369	
0.000000	0.000047	0.288346	0.000000	9.596164	
0.835637	0.799034	0.868077	0.145456	4.909994	
0.863222	0.012744	0.765053	0.296017	6.912220	
0.845934	0.316502	0.013978	0.016583	7.915640	
0.114422	0.890051	0.797377	0.864036	4.888202	
0.656638	0.920085	0.012082	0.001197	7.841875	
0.000005	0.005144	0.000098	0.760214	8.659512	
0.000029	0.002446	0.760010	0.000078	8.652211	
0.299541	0.000000	0.000000	0.000000	9.680705	
0.840251	0.654650	0.765171	0.284753	5.956025	
0.823046	0.113399	0.797582	0.878633	4.934069	
0.021708	0.013168	0.168006	0.000433	9.649400	
0.120953	0.857640	0.870922	0.217996	5.978631	
0.909999	0.000219	0.818505	0.843400	5.198201	
0.759138	0.000005	0.000003	0.000000	8.722181	
0.376733	0.319614	0.000742	0.034209	9.367509	
0.681935	0.833655	0.859142	0.841245	4.192354	
0.859215	0.947862	0.765171	0.284753	5.316714	
0.000004	0.000013	0.000009	0.302811	9.878080	
0.013607	0.342992	0.030543	0.863875	7.942929	
0.006577	0.348387	0.903825	0.028753	8.042614	
0.021708	0.319965	0.165915	0.005848	9.303313	
0.821479	0.000355	0.112153	0.724123	7.055616	
0.888445	0.835775	0.132326	0.801114	4.876562	
0.814036	0.818386	0.169785	0.904168	4.804370	
0.000006	0.319614	0.007914	0.284753	9.226651	
0.124582	0.797027	0.799751	0.870705	4.993567	
0.001078	0.765809	0.000363	0.002727	8.615315	
0.023672	0.016199	0.014239	0.003524	9.934721	
0.821479	0.890052	0.117170	0.767502	5.103161	
0.026371	0.024354	0.871954	0.638069	7.782936	
0.000529	0.000014	0.307537	0.276336	9.212707	
0.859495	0.113399	0.797582	0.878633	4.882747	
0.001176	0.288334	0.286573	0.005870	9.178168	
0.896267	0.857640	0.044377	0.665933	6.054297	
0.294736	0.000017	0.691458	0.021516	9.058482	
0.849113	0.155815	0.871825	0.158628	5.998909	
0.372447	0.005838	0.050403	0.782814	8.291069	
0.000342	0.003167	0.687856	0.920076	7.628259	
0.009517	0.860096	0.326567	0.012452	7.935930	
0.649724	0.001060	0.006402	0.674959	8.843661	
0.132523	0.857640	0.208597	0.863391	5.957547	
0.000117	0.857640	0.206985	0.217525	7.638653	
0.130528	0.009377	0.826264	0.875196	6.431139	
0.666969	0.624530	0.003499	0.666172	8.282945	
0.912284	0.316502	0.013978	0.833913	6.376334	
0.000000	0.833114	0.008915	0.663250	7.683480	
0.669013	0.920085	0.012082	0.001852	7.754558	
0.000016	0.000902	0.000001	0.861147	8.335256	
0.003732	0.003188	0.688353	0.005952	9.215857	
0.008114	0.839563	0.649779	0.307421	7.463299	
0.314365	0.012721	0.000098	0.280419	9.201293	
0.114422	0.911690	0.797115	0.877917	5.026692	
0.000003	0.000902	0.000001	0.302811	9.639370	
0.000006	0.319614	0.000722	0.286233	9.235895	
0.001078	0.041821	0.000363	0.002756	9.941028	
0.000005	0.002472	0.803320	0.760214	7.105959	
