0.000000	0.000000	0.000000	0.000000	10.047456	
0.677032	0.657649	0.000391	0.668209	7.979874	
0.672450	0.001896	0.663162	0.662847	8.011695	
0.816145	0.875409	0.826849	0.043323	5.007073	
0.680964	0.655025	0.665329	0.011372	7.975809	
0.293944	0.000013	0.000019	0.000195	9.599846	
0.789524	0.783271	0.197240	0.866860	4.966790	
0.342604	0.005113	0.045356	0.856066	7.927962	
0.025938	0.355789	0.324561	0.000005	9.338105	
0.289405	0.000080	0.295536	0.014197	9.183444	
0.796041	0.897902	0.053121	0.818416	5.122304	
0.158280	0.877287	0.195210	0.866346	5.967050	
0.006397	0.011456	0.904536	0.647483	7.839226	
0.000426	0.755845	0.000493	0.000090	8.682822	
0.352674	0.859754	0.000141	0.080688	7.883427	
0.000000	0.002364	0.284237	0.321946	9.239847	
0.000081	0.848937	0.655757	0.038348	7.708459	
0.019218	0.639728	0.011810	0.897522	7.854193	
0.652169	0.027011	0.929468	0.031049	7.861089	
0.855021	0.837304	0.858314	0.846344	3.255879	
0.897716	0.022010	0.021298	0.309348	7.936856	
0.003324	0.000000	0.000000	0.297084	9.604383	
0.925627	0.024516	0.652233	0.021294	7.860810	
0.791778	0.203732	0.910785	0.765372	5.122071	
0.000416	0.000000	0.782503	0.000009	8.736499	
0.334105	0.358676	0.006247	0.000067	9.388719	
0.918693	0.848869	0.835381	0.042188	5.029780	
0.000451	0.657134	0.953128	0.031725	8.001706	
0.000421	0.291393	0.000494	0.000189	9.600948	
0.757479	0.000642	0.000019	0.000191	8.670267	
0.937172	0.650697	0.021206	0.025211	7.931831	
0.000220	0.363316	0.000000	0.327703	9.395179	
0.156960	0.877505	0.774069	0.795008	5.038286	
0.000000	0.000028	0.298079	0.000163	9.629650	
0.322811	0.019522	0.004380	0.309348	9.241714	
0.106400	0.793736	0.773969	0.886938	5.178816	
0.856152	0.178419	0.195346	0.858937	5.878651	
0.001337	0.667921	0.672492	0.681611	8.243841	
0.011394	0.938009	0.011977	0.654170	7.948735	
0.030046	0.011990	0.641545	0.856184	7.766327	
0.000000	0.001942	0.004344	0.761389	8.659606	
0.918693	0.789718	0.797477	0.042188	5.325541	
0.652169	0.116830	0.068721	0.602897	8.845345	
0.334105	0.356740	0.000750	0.000067	9.394505	
0.809367	0.859754	0.821070	0.080014	4.941467	
0.837222	0.081439	0.826849	0.043323	6.501802	
0.000081	0.848937	0.655757	0.034952	7.877383	
0.003324	0.000000	0.185371	0.297084	9.233095	
0.000426	0.756029	0.000493	0.000090	8.680657	
0.000000	0.002364	0.284237	0.321946	9.239847	
0.937172	0.650697	0.021206	0.030558	7.924111	
0.003467	0.000013	0.772975	0.000093	8.662759	
0.245582	0.127839	0.294408	0.718827	7.869567	
0.010351	0.883426	0.297531	0.354519	7.723078	
0.107575	0.796131	0.866802	0.003428	6.568456	
0.293944	0.000013	0.000053	0.000087	9.601905	
0.803493	0.128590	0.910764	0.763690	5.218577	
0.856152	0.184217	0.195346	0.855977	5.866474	
0.000000	0.000000	0.006161	0.020944	9.989381	
0.158090	0.877505	0.774069	0.795008	5.035717	
0.798941	0.755077	0.202189	0.847037	5.052396	
0.918693	0.789570	0.797477	0.792482	3.858162	
0.000000	0.000000	0.298079	0.000161	9.688563	
0.245582	0.022096	0.277137	0.010790	9.119295	
0.796041	0.885389	0.054304	0.812781	5.105655	
0.113402	0.801302	0.912131	0.786807	5.238145	
0.006397	0.022117	0.903438	0.647483	7.820546	
0.324483	0.000640	0.045356	0.864828	7.894986	
0.008026	0.655819	0.029274	0.348686	9.087187	
0.904025	0.013230	0.000391	0.668209	7.694914	
0.918806	0.780050	0.049695	0.819598	5.279676	
0.036933	0.640238	0.646898	0.001559	8.941352	
0.000436	0.001024	0.000474	0.766616	8.634907	
0.758517	0.000013	0.000019	0.000217	8.687775	
0.652169	0.027011	0.929468	0.026662	7.869901	
0.000421	0.294426	0.000002	0.000188	9.604205	
0.019218	0.648171	0.011810	0.897522	7.794447	
0.000421	0.294426	0.000002	0.000512	9.604115	
0.324483	0.000012	0.039754	0.878495	7.918436	
0.014033	0.002364	0.277078	0.313955	9.196712	
0.000000	0.177586	0.196138	0.011146	9.266128	
0.809367	0.859171	0.820824	0.046363	5.010232	
0.322811	0.022010	0.004380	0.309348	9.238158	
0.026784	0.604954	0.648607	0.000087	9.156824	
0.000426	0.756029	0.030569	0.025599	8.610228	
0.004279	0.657134	0.775794	0.032086	7.919059	
0.003502	0.000000	0.782503	0.000009	8.732553	
0.816543	0.872489	0.202189	0.828456	4.666335	
0.296853	0.000080	0.201228	0.072783	9.093657	
0.871753	0.000210	0.057928	0.590791	8.026126	
0.855346	0.184217	0.195346	0.855977	5.867077	
0.000177	0.002536	0.035133	0.297771	9.556940	
0.319062	0.805179	0.038733	0.300149	7.614108	
0.783348	0.897209	0.871487	0.821870	3.564187	
0.799294	0.057743	0.821070	0.080014	6.661404	
0.937172	0.648198	0.021206	0.030558	7.941290	
0.929334	0.794170	0.007628	0.835265	5.286634	
0.362138	0.650697	0.004288	0.025211	9.148439	
0.000436	0.147148	0.000474	0.766616	8.344128	
0.816145	0.875447	0.827009	0.020496	5.268428	
