0.152511	0.886122	0.857257	0.323360	5.996407	
0.024472	0.922942	0.036536	0.636472	7.934886	
0.674713	0.655166	0.001274	0.665427	8.052193	
0.000103	0.293190	0.000086	0.000000	9.639654	
0.020473	0.217989	0.295304	0.003102	9.163615	
0.845193	0.887019	0.810807	0.050990	4.975472	
0.303830	0.009942	0.002340	0.000027	9.601039	
0.096801	0.797263	0.932804	0.778704	5.337188	
0.832384	0.873699	0.140318	0.908091	4.984956	
0.008502	0.286381	0.000842	0.341326	9.265949	
0.801402	0.853245	0.930716	0.051050	5.172400	
0.670477	0.665419	0.664669	0.000038	7.996139	
0.024129	0.013507	0.919345	0.652333	7.840414	
0.928116	0.000517	0.020606	0.655664	7.878019	
0.907244	0.819816	0.149057	0.833175	4.899980	
0.891496	0.036068	0.599106	0.011750	8.048793	
0.000102	0.759995	0.001272	0.000037	8.654590	
0.290659	0.366790	0.005482	0.000000	9.338614	
0.149434	0.887019	0.809577	0.774080	5.011779	
0.760498	0.000822	0.000047	0.000005	8.710989	
0.851011	0.221711	0.868225	0.225739	5.876279	
0.925655	0.100913	0.794089	0.784194	5.275960	
0.808548	0.846010	0.854602	0.847201	3.342437	
0.001083	0.000091	0.332000	0.340317	9.619683	
0.001067	0.642433	0.004181	0.918033	7.940584	
0.832384	0.900171	0.138772	0.866005	4.745319	
0.671850	0.019884	0.670249	0.665429	8.181789	
0.029875	0.036702	0.648288	0.961842	8.077356	
0.000000	0.000000	0.000000	0.000000	10.000918	
0.025224	0.662311	0.879271	0.005976	7.652942	
0.908538	0.776610	0.779658	0.103339	5.307710	
0.000165	0.000110	0.295304	0.000050	9.601482	
0.149434	0.212382	0.856804	0.850987	5.916187	
0.638878	0.017321	0.050985	0.915974	7.864868	
0.000000	0.000001	0.000013	0.769097	8.600007	
0.321637	0.000893	0.000000	0.329087	9.301950	
0.170926	0.801522	0.856636	0.921120	4.855119	
0.000331	0.000017	0.759656	0.000000	8.657161	
0.662006	0.014223	0.905251	0.044092	7.706461	
0.882919	0.203954	0.847529	0.953113	4.939257	
0.026915	0.889731	0.631148	0.024192	7.857445	
0.786876	0.203122	0.890938	0.850947	4.778205	
0.000810	0.000035	0.000062	0.307148	9.717138	
0.001076	0.662794	0.665180	0.681107	7.933026	
0.888541	0.650769	0.021116	0.009903	7.752219	
0.615359	0.881677	0.034343	0.030009	7.916151	
0.031700	0.017002	0.641374	0.913175	7.870639	
0.008545	0.217989	0.295304	0.002445	9.179046	
0.152218	0.887019	0.809577	0.774080	5.006372	
0.000955	0.005011	0.000062	0.307148	9.616025	
0.024472	0.922942	0.001292	0.636472	7.976602	
0.832384	0.873699	0.138772	0.908091	4.995841	
0.790393	0.789118	0.158216	0.859504	4.966383	
0.173040	0.000285	0.016680	0.000005	9.694790	
0.872655	0.212149	0.002340	0.819679	6.413053	
0.096801	0.797263	0.932804	0.851503	5.104804	
0.786876	0.224689	0.890938	0.855811	4.741039	
0.681085	0.003284	0.043473	0.044467	9.245692	
0.024129	0.025769	0.919345	0.659855	7.771584	
0.155503	0.871022	0.857257	0.136049	6.053806	
0.851011	0.221711	0.868225	0.225739	5.876279	
0.009505	0.213146	0.006778	0.010085	9.770746	
0.152805	0.217482	0.860107	0.852327	5.903434	
0.839410	0.009718	0.835238	0.877875	4.963578	
0.000000	0.000000	0.001090	0.743060	8.770319	
0.839410	0.891481	0.836897	0.877875	3.319174	
0.845193	0.887019	0.810807	0.041413	4.993171	
0.886484	0.036068	0.622257	0.046269	7.857829	
0.028742	0.659805	0.879271	0.060433	7.578600	
0.867093	0.819770	0.149057	0.864000	4.709028	
0.028179	0.000152	0.002611	0.026641	9.937125	
0.007478	0.318644	0.000040	0.296228	9.253649	
0.618709	0.881528	0.921204	0.030018	6.397471	
0.640609	0.015794	0.050985	0.915974	7.856617	
0.670811	0.034408	0.020606	0.655664	8.658114	
0.000102	0.759995	0.001272	0.000179	8.654101	
0.662006	0.014223	0.905251	0.046099	7.702812	
0.051906	0.644806	0.003259	0.918033	7.850722	
0.888541	0.657372	0.021116	0.009903	7.706065	
0.000331	0.000000	0.761237	0.000000	8.651347	
0.829940	0.901702	0.157211	0.866005	4.714444	
0.001068	0.009257	0.673967	0.681107	8.528299	
0.175517	0.776526	0.809577	0.322630	6.497126	
0.000165	0.000000	0.299325	0.000012	9.743451	
0.321637	0.676566	0.000000	0.013218	9.115725	
0.808347	0.853245	0.930716	0.051050	5.145029	
0.617187	0.881677	0.034343	0.029616	7.906815	
0.000000	0.000000	0.006778	0.964567	8.716200	
0.867093	0.828189	0.149057	0.850031	4.807946	
0.321637	0.000002	0.000000	0.328823	9.303069	
0.000000	0.000000	0.000000	0.002039	9.999440	
0.929005	0.003611	0.138772	0.908091	6.621919	
0.024129	0.035328	0.919345	0.659855	7.755744	
0.000102	0.748953	0.017622	0.005573	8.701697	
0.056123	0.643895	0.004181	0.918033	7.847869	
0.027916	0.321180	0.005489	0.000000	9.607710	
0.671650	0.655166	0.001197	0.665427	8.088920	
0.142086	0.881677	0.738037	0.759444	5.509157	
0.808548	0.852664	0.854602	0.847201	3.336274	
0.873100	0.212149	0.002340	0.054470	7.845037	
