0.861437	0.257430	0.895660	0.202031	5.852599	
0.675231	0.000635	0.924363	0.017375	7.746059	
0.004973	0.006718	0.941044	0.663643	7.910877	
0.675448	0.660332	0.668580	0.000004	8.013718	
0.321471	0.000001	0.000069	0.000057	9.879238	
0.082620	0.812627	0.811854	0.931102	5.151791	
0.793225	0.894520	0.103002	0.794076	5.112648	
0.748161	0.817731	0.913010	0.141426	5.249999	
0.641461	0.896465	0.088215	0.005751	7.716876	
0.329394	0.018000	0.343889	0.000307	9.330391	
0.679605	0.665074	0.003123	0.665672	7.929187	
0.000058	0.758683	0.000001	0.003927	8.665674	
0.000002	0.000003	0.000007	0.761266	8.656381	
0.000132	0.288459	0.283577	0.077901	9.056076	
0.000475	0.294428	0.000362	0.003909	9.614436	
0.005978	0.654761	0.673949	0.666634	8.033921	
0.000000	0.000010	0.000005	0.298591	9.608843	
0.303695	0.035682	0.034892	0.312891	9.164957	
0.008010	0.943515	0.842645	0.825282	5.250187	
0.002081	0.011336	0.650488	0.924201	7.914365	
0.001320	0.000001	0.756791	0.000317	8.679442	
0.815837	0.099952	0.791448	0.930606	5.188900	
0.809119	0.099952	0.904638	0.806633	5.027567	
0.018264	0.904808	0.006914	0.657466	7.773212	
0.286196	0.294428	0.000362	0.003909	9.197013	
0.000000	0.000156	0.321451	0.298679	9.261907	
0.972902	0.036136	0.005026	0.702669	7.898945	
0.808021	0.904927	0.804288	0.149747	4.928411	
0.927160	0.653771	0.010798	0.002874	7.917300	
0.861483	0.180401	0.262845	0.838398	5.855418	
0.000001	0.000001	0.000000	0.000018	10.014027	
0.108729	0.816631	0.907293	0.787863	5.072824	
0.034011	0.641757	0.017125	0.923627	7.916159	
0.020789	0.648559	0.940982	0.026162	7.977472	
0.926810	0.011794	0.654950	0.009883	7.882492	
0.002959	0.290811	0.000346	0.304814	9.211915	
0.000000	0.000595	0.295825	0.000187	9.606705	
0.766768	0.000010	0.000010	0.000444	8.615502	
0.000145	0.895205	0.646637	0.005751	7.843346	
0.869675	0.834539	0.849521	0.846081	3.272387	
0.680012	0.000441	0.664767	0.661282	7.969728	
0.657045	0.000143	0.013889	0.928112	7.903990	
0.000018	0.000115	0.332933	0.288817	9.267873	
0.861437	0.260245	0.856462	0.242707	5.769645	
0.006130	0.013780	0.000001	0.290585	9.588741	
0.675770	0.017534	0.911063	0.017375	7.665605	
0.000034	0.290811	0.000346	0.812649	7.988962	
0.794513	0.303632	0.330510	0.004933	7.772965	
0.680012	0.000089	0.664767	0.661282	7.987895	
0.679605	0.668809	0.005091	0.657140	7.963532	
0.817105	0.795020	0.881669	0.118516	4.950476	
0.101339	0.813284	0.811854	0.931102	5.106822	
0.002899	0.662786	0.907293	0.787863	6.258767	
0.000127	0.022381	0.292753	0.753790	8.413344	
0.814985	0.181492	0.267607	0.719983	6.537840	
0.031415	0.018000	0.004850	0.000786	9.935683	
0.313022	0.896853	0.865005	0.140745	6.072154	
0.090796	0.816631	0.907222	0.855545	4.935112	
0.815837	0.099952	0.904638	0.754345	5.283218	
0.001843	0.000097	0.351033	0.000316	9.713838	
0.004931	0.006718	0.940977	0.663643	7.911628	
0.788914	0.896853	0.865005	0.140745	4.931234	
0.672014	0.000007	0.013889	0.928112	7.800714	
0.639186	0.896049	0.000271	0.150076	7.588911	
0.010127	0.274164	0.022454	0.007660	9.558201	
0.303695	0.013780	0.000001	0.305736	9.231655	
0.016549	0.221368	0.300025	0.000020	9.183906	
0.011519	0.174221	0.267607	0.857326	7.530642	
0.018264	0.904808	0.000138	0.657466	7.777940	
0.848388	0.826790	0.839037	0.832012	3.330084	
0.321348	0.000001	0.000358	0.000020	9.646795	
0.671560	0.668189	0.013738	0.004839	8.635762	
0.329394	0.000001	0.343753	0.000199	9.352264	
0.888663	0.648890	0.028838	0.027126	7.753847	
0.861483	0.181492	0.267607	0.857326	5.836256	
0.000124	0.289363	0.017286	0.294001	9.185641	
0.793225	0.894520	0.104969	0.823286	4.996109	
0.001320	0.000001	0.756018	0.002619	8.681846	
0.817130	0.108271	0.881669	0.948382	5.119651	
0.100283	0.895753	0.862103	0.855545	4.808961	
0.004972	0.648559	0.941048	0.026162	7.996366	
0.782820	0.019699	0.013905	0.001323	8.545004	
0.675448	0.667955	0.668580	0.000004	7.916994	
0.000133	0.758683	0.000001	0.003927	8.665565	
0.926810	0.016369	0.665367	0.009883	7.815111	
0.320435	0.016657	0.000000	0.004046	9.806394	
0.116742	0.011794	0.656713	0.784787	7.688793	
0.851906	0.018000	0.045128	0.000786	8.279590	
0.017405	0.022381	0.292753	0.753790	8.283524	
0.000145	0.906793	0.646637	0.206644	7.488472	
0.792186	0.894520	0.111024	0.794076	5.387819	
0.318522	0.013780	0.003696	0.288023	9.226209	
0.792979	0.894520	0.104969	0.823286	5.056604	
0.110865	0.816631	0.882771	0.812168	4.894877	
0.101339	0.822688	0.111184	0.794028	6.519991	
0.656531	0.668189	0.013738	0.003976	8.926870	
0.329394	0.035881	0.337938	0.000015	9.291419	
0.090655	0.825239	0.856462	0.244221	6.105592	
0.010702	0.000002	0.941231	0.657820	7.989602	
0.639186	0.896052	0.019826	0.150076	7.584315	
