0.000000	0.000007	0.001060	0.780332	8.538120	
0.950277	0.008076	0.017993	0.670980	7.894848	
0.008804	0.341530	0.012921	0.298056	9.267719	
0.284219	0.002765	0.000129	0.307476	9.224302	
0.000110	0.351837	0.278903	0.005642	9.291798	
0.007926	0.000048	0.887004	0.662416	7.696117	
0.669606	0.661512	0.001073	0.681194	7.909233	
0.000000	0.755496	0.000000	0.000000	8.751376	
0.000016	0.295381	0.000003	0.000000	9.602954	
0.681649	0.001611	0.657350	0.675165	7.904476	
0.000597	0.676485	0.657833	0.661758	8.119961	
0.677192	0.006211	0.906963	0.001616	7.762921	
0.000019	0.916864	0.615490	0.011126	8.097863	
0.873771	0.788019	0.807906	0.135218	4.953449	
0.041033	0.029155	0.638602	0.924359	7.915089	
0.120230	0.775280	0.913590	0.796815	5.209471	
0.023876	0.645828	0.938565	0.000186	8.000835	
0.353955	0.000041	0.325230	0.000667	9.377508	
0.904984	0.638147	0.031244	0.009295	7.870890	
0.002201	0.903081	0.000019	0.650749	7.840055	
0.002201	0.000014	0.000047	0.297843	9.602578	
0.794838	0.145346	0.769081	0.927091	5.259175	
0.000000	0.000000	0.000000	0.000000	10.000620	
0.919524	0.142870	0.761102	0.781485	5.347121	
0.854177	0.854686	0.858108	0.847160	3.238440	
0.286972	0.381993	0.001656	0.004766	9.373179	
0.794759	0.146049	0.872949	0.781866	5.017255	
0.902115	0.029124	0.646926	0.000245	7.816480	
0.287743	0.000000	0.000000	0.000836	9.592085	
0.665469	0.660254	0.657999	0.000168	8.140341	
0.804745	0.880340	0.909103	0.126872	5.028672	
0.636750	0.032693	0.020717	0.890007	7.821230	
0.853051	0.836152	0.024295	0.931397	5.127921	
0.669606	0.961311	0.014773	0.001926	7.992703	
0.000780	0.000009	0.755542	0.000027	8.755751	
0.867493	0.905178	0.826336	0.121676	4.906701	
0.000154	0.000000	0.281603	0.000088	9.586783	
0.919674	0.807633	0.068093	0.809626	5.149706	
0.115366	0.776104	0.789767	0.937443	5.368995	
0.012113	0.000045	0.257806	0.309221	9.190439	
0.758330	0.001865	0.000002	0.000095	8.930776	
0.866443	0.118770	0.871411	0.292298	6.020521	
0.013481	0.653551	0.017289	0.947380	7.995696	
0.002148	0.293972	0.000003	0.000000	9.600053	
0.041666	0.904156	0.796858	0.855734	5.100070	
0.854177	0.846427	0.858108	0.843599	3.248027	
0.900459	0.142870	0.770226	0.781485	5.213128	
0.024302	0.645828	0.878085	0.000186	7.773106	
0.000154	0.000000	0.281603	0.000001	9.586983	
0.671424	0.660254	0.657999	0.000168	8.086182	
0.002706	0.001616	0.755542	0.000184	8.685328	
0.315355	0.002400	0.320549	0.000667	9.269859	
0.002189	0.873217	0.031437	0.650288	7.724890	
0.164538	0.776104	0.789767	0.939891	5.271716	
0.726965	0.003060	0.018809	0.754882	7.544658	
0.677192	0.006211	0.906963	0.073241	7.568032	
0.004695	0.893536	0.634512	0.011126	7.926692	
0.007537	0.011335	0.868117	0.662416	7.656283	
0.284146	0.003162	0.000049	0.303065	9.198795	
0.668776	0.972030	0.000003	0.000190	8.093565	
0.880126	0.002389	0.755834	0.135218	6.743134	
0.919674	0.807633	0.074211	0.809626	5.137431	
0.681649	0.000048	0.658222	0.675165	7.904795	
0.794759	0.141209	0.849673	0.780551	5.029782	
0.040656	0.029155	0.646987	0.924359	7.859293	
0.128897	0.775280	0.913590	0.796815	5.188903	
0.000137	0.735818	0.000000	0.012734	8.871500	
0.020088	0.000045	0.256411	0.776846	8.107986	
0.012113	0.000047	0.257806	0.306736	9.186485	
0.286972	0.365509	0.001656	0.015112	9.317779	
0.950277	0.008076	0.017993	0.672397	7.883894	
0.002201	0.000000	0.000049	0.297843	9.602486	
0.880126	0.800188	0.829166	0.071623	4.989921	
0.314889	0.000041	0.000000	0.000095	9.631481	
0.002337	0.317366	0.277498	0.000001	9.216791	
0.853079	0.862065	0.104539	0.930620	4.960221	
0.669606	0.661512	0.001325	0.686196	7.896682	
0.002340	0.341530	0.007202	0.298056	9.280666	
0.880126	0.800188	0.878282	0.073547	4.973456	
0.904984	0.638147	0.017998	0.000742	7.900161	
0.758330	0.001840	0.000003	0.000095	8.663840	
0.794838	0.137091	0.811064	0.923530	5.057316	
0.002148	0.007919	0.000003	0.000000	10.253496	
0.005719	0.653551	0.017289	0.947380	8.004865	
0.002201	0.000000	0.623073	0.300377	9.232360	
0.007508	0.916864	0.862353	0.011126	6.725548	
0.000597	0.676193	0.666266	0.666346	8.028525	
0.164538	0.784338	0.789746	0.939233	5.226499	
0.820255	0.834786	0.862353	0.916544	3.449890	
0.880126	0.800188	0.829166	0.004111	5.102319	
0.906670	0.814829	0.001862	0.809194	5.178985	
0.726965	0.003060	0.018809	0.754882	7.544658	
0.126864	0.647818	0.914295	0.000186	7.648382	
0.002706	0.001616	0.755542	0.068610	8.575269	
0.705833	0.000000	0.034442	0.006491	8.987964	
0.000614	0.295381	0.000003	0.000000	9.602268	
0.048079	0.918230	0.052622	0.032989	8.256881	
0.003381	0.775280	0.923043	0.785775	5.530660	
0.950277	0.006941	0.017993	0.670980	8.017190	
0.904984	0.034591	0.255949	0.023807	7.980735	
