0.926893	0.631821	0.003995	0.013575	8.042889	
0.000000	0.000000	0.000000	0.000000	10.001169	
0.308509	0.311298	0.022495	0.005518	9.214144	
0.000033	0.328453	0.288377	0.005518	9.246058	
0.862901	0.017192	0.286714	0.055423	7.797680	
0.652241	0.915652	0.021635	0.015747	7.823324	
0.813004	0.947523	0.832963	0.035343	5.285876	
0.794091	0.845740	0.229974	0.847201	4.673383	
0.773663	0.109357	0.820043	0.929609	5.253408	
0.281739	0.007234	0.003450	0.848565	7.888028	
0.025265	0.660595	0.014533	0.940603	7.890733	
0.199344	0.790491	0.891308	0.846759	4.755617	
0.649319	0.676857	0.667573	0.000145	8.042210	
0.000490	0.299220	0.000286	0.001146	9.610437	
0.838715	0.824968	0.893050	0.062168	4.932905	
0.655157	0.664937	0.000963	0.681641	8.078797	
0.752148	0.005938	0.004735	0.000646	8.696239	
0.000009	0.315590	0.000036	0.347547	9.332058	
0.846229	0.776224	0.136884	0.819747	4.972041	
0.658678	0.004137	0.664047	0.673518	8.023395	
0.889137	0.034220	0.827007	0.825156	5.001151	
0.773663	0.109357	0.911699	0.812565	5.176702	
0.011078	0.056603	0.902820	0.646767	7.759755	
0.000000	0.000000	0.773290	0.000002	8.703580	
0.281739	0.000151	0.000010	0.000149	9.587719	
0.817074	0.831460	0.838730	0.847154	3.350881	
0.220555	0.777275	0.836500	0.934941	4.993484	
0.009440	0.867350	0.632122	0.002351	7.868151	
0.306803	0.000030	0.333379	0.000236	9.287322	
0.261074	0.894803	0.268540	0.850054	5.893440	
0.000000	0.018928	0.273456	0.271105	9.141110	
0.000209	0.000000	0.293094	0.000370	9.598761	
0.921425	0.006621	0.012291	0.644722	7.941364	
0.847592	0.153149	0.270332	0.867384	5.938811	
0.859421	0.155182	0.859909	0.209210	5.903566	
0.911152	0.771485	0.825390	0.093458	5.183964	
0.000012	0.663367	0.656604	0.677888	8.015288	
0.000275	0.865878	0.042625	0.639987	7.777673	
0.000265	0.643774	0.909173	0.012541	7.884694	
0.000009	0.002111	0.000000	0.294843	9.730875	
0.009371	0.060328	0.297956	0.852049	7.811456	
0.035871	0.920875	0.822219	0.824178	5.123798	
0.000000	0.762183	0.000112	0.000137	8.642909	
0.847822	0.889566	0.187863	0.209956	5.913243	
0.657691	0.015331	0.952516	0.001648	8.017808	
0.000000	0.000000	0.000000	0.759206	8.660689	
0.303119	0.029508	0.019429	0.299490	9.158725	
0.846811	0.891704	0.181498	0.148193	6.317318	
0.838413	0.766521	0.136884	0.861949	4.978270	
0.000009	0.881227	0.000036	0.347547	8.036281	
0.009440	0.943836	0.832963	0.002351	6.914198	
0.845972	0.155993	0.270332	0.857409	5.931115	
0.000009	0.298875	0.000002	0.347547	9.418152	
0.000004	0.342291	0.868262	0.005518	8.537685	
0.000033	0.328453	0.279782	0.027271	9.229251	
0.209913	0.110340	0.825390	0.852566	6.073678	
0.850138	0.008340	0.271486	0.179485	7.555326	
0.817074	0.845740	0.229974	0.847201	4.584046	
0.657691	0.003408	0.952516	0.001648	8.031785	
0.000012	0.663367	0.656604	0.682773	7.978714	
0.850373	0.891701	0.836500	0.066555	4.881431	
0.015015	0.022216	0.000000	0.755139	8.739425	
0.303119	0.000030	0.333379	0.003099	9.278541	
0.859421	0.155182	0.859909	0.219099	5.893496	
0.817074	0.831460	0.859853	0.846951	3.334336	
0.025265	0.660595	0.000326	0.940603	7.907218	
0.751691	0.663542	0.632381	0.000066	7.634877	
0.200632	0.159284	0.892923	0.852525	5.952568	
0.035871	0.920875	0.822219	0.840111	5.094385	
0.281739	0.000151	0.003450	0.848565	7.895901	
0.242262	0.000030	0.000124	0.000094	9.576717	
0.889137	0.131998	0.827007	0.825156	4.788590	
0.012136	0.060758	0.246433	0.294215	9.099163	
0.921425	0.000031	0.012291	0.644722	7.948282	
0.838715	0.155993	0.832877	0.926071	4.827509	
0.009440	0.639657	0.009273	0.002334	9.516005	
0.199344	0.788537	0.855686	0.818645	4.803680	
0.859869	0.139479	0.136884	0.200020	7.424022	
0.015083	0.015331	0.005827	0.001648	9.973308	
0.838715	0.834434	0.893050	0.062168	4.911345	
0.000000	0.000000	0.290874	0.003431	9.666474	
0.850341	0.837106	0.836500	0.085985	4.841507	
0.273806	0.830924	0.312278	0.850054	5.930089	
0.299409	0.311108	0.018514	0.006750	9.237106	
0.247066	0.001381	0.246655	0.304461	9.022920	
0.850333	0.889566	0.268538	0.209956	5.860946	
0.661747	0.022216	0.965825	0.755139	6.841898	
0.000000	0.000000	0.773290	0.000000	8.724184	
0.018508	0.025794	0.019429	0.290692	9.520243	
0.242954	0.784979	0.786006	0.926768	5.074045	
0.906335	0.631821	0.000347	0.016745	7.952307	
0.000482	0.299220	0.000286	0.001146	9.621421	
0.000275	0.865028	0.042625	0.641667	7.889933	
0.859421	0.155182	0.858379	0.209210	5.903596	
0.813004	0.944630	0.832963	0.014087	5.296269	
0.000503	0.943836	0.808029	0.002402	7.023719	
0.850138	0.008340	0.271486	0.189790	7.538380	
0.000265	0.643774	0.909173	0.009477	7.970492	
0.000086	0.000000	0.756180	0.000370	8.679421	
0.303110	0.301132	0.019216	0.005104	9.227425	
