0.771768	0.106265	0.866639	0.827028	5.044857	
0.640006	0.065366	0.921083	0.035083	7.827375	
0.762523	0.000000	0.000450	0.000087	8.638941	
0.339867	0.003196	0.014676	0.333378	9.328538	
0.276716	0.223743	0.825939	0.860899	5.824952	
0.007860	0.641856	0.921083	0.034946	7.910794	
0.973716	0.662416	0.000247	0.032150	8.111784	
0.864953	0.875959	0.224095	0.174766	5.861967	
0.320625	0.338221	0.003097	0.008919	9.308545	
0.111195	0.789507	0.865094	0.782102	5.115261	
0.321278	0.866345	0.009144	0.006564	7.940172	
0.269367	0.000000	0.000000	0.000003	9.580234	
0.001161	0.951431	0.655639	0.067724	7.946558	
0.676816	0.002211	0.669667	0.656145	7.979740	
0.784856	0.922703	0.830737	0.141543	5.035676	
0.000479	0.047725	0.648305	0.937013	7.936505	
0.000004	0.000000	0.767217	0.000009	8.681079	
0.018106	0.682975	0.000768	0.937013	7.730525	
0.665025	0.692757	0.633524	0.000919	8.080804	
0.346921	0.002999	0.302299	0.000022	9.307237	
0.854086	0.800923	0.025856	0.912620	5.172853	
0.000407	0.685255	0.658376	0.650355	8.039201	
0.864934	0.861710	0.816649	0.856351	3.308566	
0.000052	0.000134	0.000000	0.756944	8.677529	
0.657453	0.681175	0.002900	0.653957	8.051365	
0.872307	0.075558	0.062618	0.333081	7.776156	
0.000045	0.000000	0.000000	0.294474	9.629674	
0.000004	0.303196	0.000000	0.002369	9.631656	
0.951003	0.806205	0.134916	0.777902	5.327734	
0.000000	0.000000	0.000000	0.000000	10.002359	
0.000217	0.000000	0.290382	0.000015	9.596159	
0.003266	0.017585	0.919006	0.643354	7.921856	
0.005920	0.338221	0.002421	0.322717	9.318141	
0.951615	0.107558	0.826079	0.798093	5.234312	
0.188751	0.870811	0.855872	0.158040	5.933979	
0.000045	0.002367	0.341188	0.294474	9.310635	
0.700793	0.034456	0.007375	0.937162	7.639300	
0.833783	0.774815	0.898812	0.131474	5.012019	
0.003463	0.354422	0.293698	0.000018	9.312133	
0.780092	0.134435	0.825917	0.860478	4.976089	
0.000052	0.966744	0.000344	0.698543	7.832764	
0.821796	0.019041	0.299139	0.000005	7.946101	
0.000187	0.760283	0.000038	0.000095	8.663753	
0.084194	0.805841	0.861498	0.937600	5.137889	
0.874181	0.185343	0.303829	0.831187	5.930864	
0.187192	0.870811	0.855872	0.181623	5.890906	
0.864891	0.070693	0.062618	0.333081	7.784846	
0.854086	0.806335	0.025856	0.912620	5.150564	
0.003463	0.018471	0.910783	0.001223	8.384903	
0.081361	0.808853	0.868070	0.937600	5.130815	
0.004258	0.003997	0.923394	0.659103	7.846414	
0.004275	0.000253	0.290661	0.304369	9.207380	
0.951003	0.823684	0.134144	0.767656	5.330107	
0.000004	0.293408	0.282068	0.000091	9.232605	
0.001161	0.768142	0.655639	0.000075	8.021150	
0.000052	0.000134	0.000002	0.756944	8.674503	
0.783154	0.914664	0.825024	0.099036	5.131524	
0.700793	0.034602	0.000955	0.937162	7.645606	
0.000127	0.000000	0.120532	0.014185	9.827425	
0.634041	0.065366	0.921083	0.034946	7.866289	
0.346921	0.004126	0.291734	0.000022	9.291534	
0.686007	0.879495	0.000135	0.076005	7.529164	
0.000098	0.002211	0.292257	0.000095	9.596173	
0.000479	0.054376	0.648305	0.937013	7.925911	
0.815308	0.941233	0.018117	0.831970	5.261681	
0.767616	0.101988	0.872008	0.779099	5.278123	
0.000052	0.966744	0.000000	0.698543	7.833017	
0.339051	0.003196	0.021142	0.333330	9.317916	
0.837857	0.774815	0.898081	0.132507	5.107671	
0.000187	0.758109	0.000038	0.000095	8.724819	
0.947358	0.109543	0.000000	0.000000	8.400606	
0.276716	0.223743	0.825939	0.851224	5.827296	
0.779974	0.869218	0.861498	0.783654	3.677749	
0.784856	0.922703	0.830737	0.141543	5.035676	
0.000407	0.685255	0.037189	0.798711	7.625527	
0.000000	0.305285	0.000000	0.002344	9.824642	
0.000233	0.778919	0.919006	0.790433	5.479134	
0.005920	0.338221	0.015085	0.322061	9.301825	
0.951615	0.104875	0.826079	0.798093	5.242481	
0.165533	0.870811	0.855872	0.179623	5.957762	
0.821796	0.000000	0.289803	0.000005	7.957036	
0.320625	0.338221	0.002421	0.010849	9.306974	
0.000895	0.000306	0.000000	0.261366	9.574553	
0.859054	0.866940	0.258613	0.193606	5.850075	
0.761732	0.354819	0.009516	0.000151	8.352725	
0.289282	0.000962	0.000021	0.040767	9.537848	
0.951003	0.823684	0.154184	0.767656	5.329542	
0.305906	0.315367	0.009471	0.000061	9.238543	
0.697595	0.668089	0.000763	0.937013	6.963717	
0.713265	0.032423	0.657346	0.652600	8.363711	
0.010945	0.941411	0.000000	0.698543	7.650626	
0.081361	0.212906	0.825472	0.937600	6.765198	
0.000030	0.303594	0.002421	0.004431	9.610486	
0.002852	0.000545	0.920699	0.036559	8.441944	
0.854086	0.800923	0.025856	0.036397	6.744954	
0.882835	0.065366	0.206647	0.034946	7.795726	
0.000098	0.002211	0.292257	0.073084	9.553491	
0.006058	0.337822	0.000000	0.324467	9.390082	
0.232978	0.223797	0.827795	0.781171	6.350898	
0.874181	0.185257	0.303829	0.756397	6.242907	
