0.000845	0.000858	0.745014	0.000578	8.752392	
0.000623	0.331792	0.314627	0.004934	9.290697	
0.341029	0.016271	0.000061	0.388202	9.479238	
0.843660	0.862981	0.818696	0.811682	3.399217	
0.645276	0.002649	0.036773	0.905975	7.826423	
0.261699	0.000963	0.000000	0.000300	9.577164	
0.875434	0.000300	0.000207	0.645104	7.806182	
0.000623	0.756713	0.000389	0.004330	8.671614	
0.002227	0.000027	0.019812	0.790545	8.458787	
0.033483	0.667853	0.000482	0.936225	7.820292	
0.655870	0.921546	0.010163	0.012331	7.845633	
0.679880	0.677010	0.000004	0.678892	7.930541	
0.953381	0.127238	0.797078	0.850736	5.165174	
0.173053	0.890896	0.792313	0.793616	4.944817	
0.039551	0.655918	0.871657	0.030143	7.632165	
0.764296	0.820226	0.913155	0.154207	5.111806	
0.007089	0.018723	0.914530	0.680554	7.629859	
0.174077	0.127275	0.858645	0.870708	6.029160	
0.000000	0.000000	0.000000	0.000000	10.010498	
0.811334	0.060300	0.801951	0.897306	5.100758	
0.166844	0.759242	0.792313	0.905078	5.191802	
0.788223	0.862981	0.806731	0.171900	4.872627	
0.000988	0.000000	0.309692	0.009129	9.737396	
0.872040	0.302004	0.316148	0.864052	5.867320	
0.044201	0.051395	0.331932	0.855310	7.835954	
0.341029	0.303754	0.016959	0.003508	9.285900	
0.009129	0.957083	0.021150	0.662376	8.007815	
0.917881	0.630135	0.021751	0.026493	7.966503	
0.000610	0.015852	0.314594	0.283517	9.201586	
0.757330	0.000853	0.000016	0.007679	8.666378	
0.000787	0.281847	0.000060	0.000000	9.589159	
0.864822	0.000910	0.393066	0.015868	8.113731	
0.000768	0.305396	0.000342	0.393113	9.432964	
0.000762	0.673965	0.660671	0.664518	8.007069	
0.813052	0.799095	0.002377	0.904951	5.221814	
0.796735	0.903840	0.149089	0.768128	5.148596	
0.641172	0.017913	0.894426	0.002935	7.845728	
0.000003	0.000027	0.000001	0.284313	9.590606	
0.075690	0.825861	0.900440	0.848527	4.939960	
0.006827	0.885493	0.628814	0.063571	7.822954	
0.164462	0.855706	0.870290	0.280465	5.880511	
0.351680	0.000001	0.310272	0.002660	9.422879	
0.659302	0.000000	0.672072	0.662376	8.045928	
0.660607	0.670022	0.671654	0.000550	7.984030	
0.148524	0.856966	0.167362	0.854443	5.988341	
0.872925	0.827373	0.806449	0.060738	4.984889	
0.009334	0.883200	0.913690	0.793616	5.274173	
0.845395	0.127275	0.857149	0.870708	4.691443	
0.917881	0.851048	0.021751	0.163159	6.492451	
0.305335	0.667514	0.225870	0.024364	8.530149	
0.953381	0.127742	0.797078	0.850736	5.163956	
0.860251	0.167197	0.872208	0.150414	5.992293	
0.173053	0.889121	0.852284	0.793616	4.774440	
0.005302	0.000008	0.310274	0.005670	9.683906	
0.644738	0.000016	0.025476	0.905405	7.847906	
0.033483	0.669659	0.020575	0.910809	7.659771	
0.904506	0.890489	0.076076	0.824303	4.981819	
0.342272	0.005068	0.116066	0.691035	8.915262	
0.839897	0.862986	0.819188	0.812451	3.400404	
0.006827	0.885493	0.629396	0.104294	7.785217	
0.164348	0.669648	0.870290	0.280465	6.885483	
0.001875	0.000000	0.000001	0.260978	9.576408	
0.929088	0.002453	0.797078	0.849375	5.259222	
0.191802	0.804619	0.852401	0.923670	4.821510	
0.306341	0.000663	0.324039	0.004183	9.267902	
0.036758	0.300072	0.315291	0.855310	7.527493	
0.021559	0.000000	0.022772	0.000000	9.950791	
0.872601	0.169521	0.036327	0.183133	7.565955	
0.000000	0.957775	0.003848	0.690712	7.833151	
0.812298	0.799380	0.159660	0.901661	4.894493	
0.960506	0.817567	0.097430	0.820766	5.277758	
0.000100	0.000000	0.310645	0.282045	9.211436	
0.858237	0.000300	0.001722	0.685697	7.499167	
0.000209	0.052293	0.015121	0.880602	8.232739	
0.000845	0.000858	0.761725	0.000578	8.644407	
0.763646	0.820226	0.913155	0.154207	5.121920	
0.001178	0.654613	0.308554	0.284313	8.631290	
0.000000	0.281847	0.000060	0.003962	9.586516	
0.177716	0.883200	0.913690	0.793616	4.867411	
0.168305	0.688587	0.225870	0.011898	8.439337	
0.863098	0.013632	0.329386	0.015868	7.937860	
0.165353	0.876320	0.850805	0.280465	5.890698	
0.839897	0.869834	0.207500	0.170939	5.902784	
0.005441	0.303754	0.019839	0.289497	9.190337	
0.295759	0.000666	0.046558	0.000682	9.537315	
0.000003	0.000027	0.896673	0.284313	7.955101	
0.341223	0.000008	0.302298	0.005670	9.362382	
0.000000	0.281847	0.168202	0.006101	9.293793	
0.908907	0.000556	0.877991	0.150557	6.633672	
0.179936	0.017913	0.894426	0.259559	7.559080	
0.818508	0.887788	0.159660	0.790200	4.937421	
0.047637	0.808560	0.805209	0.874612	5.072567	
0.000003	0.000027	0.013635	0.284313	9.575490	
0.000631	0.303821	0.316591	0.288118	9.064206	
0.953381	0.127238	0.797078	0.680556	6.081167	
0.033483	0.667853	0.000482	0.936225	7.820292	
0.000188	0.000550	0.877991	0.007574	8.620510	
0.100076	0.000666	0.046558	0.000682	9.754229	
0.823396	0.000003	0.019812	0.907894	6.907766	
0.872601	0.149860	0.036327	0.002025	7.968060	
