0.178109	0.270728	0.168029	6.888050	
0.000000	0.000000	0.000000	8.000117	
0.217553	0.223671	0.860838	5.480971	
0.223385	0.639600	0.628265	6.785404	
0.625491	0.007113	0.218464	7.239291	
0.001281	0.000053	0.280532	7.586770	
0.869693	0.231705	0.226283	5.472343	
0.898068	0.023943	0.002589	6.334287	
0.654507	0.212552	0.214796	6.617025	
0.889665	0.008768	0.809559	4.735246	
0.322849	0.160262	0.000019	7.339964	
0.293408	0.000199	0.157638	7.284231	
0.155167	0.326352	0.000749	7.344236	
0.723759	0.000291	0.000227	7.016414	
0.017341	0.892112	0.010148	6.318761	
0.882921	0.000000	0.599443	6.086387	
0.007763	0.891856	0.808268	4.747567	
0.731265	0.871966	0.874091	3.479444	
0.002220	0.000004	0.725697	6.889304	
0.209548	0.223187	0.658361	6.575593	
0.021776	0.314915	0.140021	7.329453	
0.314286	0.191572	0.152243	6.949511	
0.669652	0.932616	0.705589	4.867199	
0.770433	0.000082	0.198642	6.202325	
0.000788	0.187659	0.624584	7.247594	
0.000985	0.785921	0.203078	6.110295	
0.019342	0.339427	0.695764	6.775140	
0.615184	0.213413	0.860838	5.574303	
0.644230	0.639600	0.643874	6.510568	
0.000000	0.014253	0.593721	7.793859	
0.000049	0.124533	0.000011	7.761564	
0.715954	0.000006	0.527210	7.131276	
0.219768	0.660358	0.220380	6.554661	
0.895839	0.640973	0.000244	5.914923	
0.185096	0.196544	0.311449	6.893588	
0.122519	0.000291	0.000168	7.765649	
0.758878	0.616635	0.218890	5.918048	
0.858948	0.731382	0.870035	3.468481	
0.799718	0.820757	0.265976	4.382021	
0.615723	0.645412	0.224574	6.783738	
0.000118	0.000037	0.123609	7.762851	
0.001074	0.728970	0.000250	6.867651	
0.772760	0.027847	0.892935	4.894597	
0.011832	0.295150	0.000119	7.588627	
0.000000	0.732413	0.610101	6.546155	
0.280872	0.000000	0.000000	7.621357	
0.001153	0.632659	0.201933	7.203771	
0.181609	0.615821	0.809796	5.865910	
0.204240	0.000000	0.606704	7.324653	
0.769808	0.196690	0.002373	6.207076	
0.897613	0.777975	0.061285	4.817876	
0.259285	0.833861	0.613153	5.671506	
0.149336	0.150201	0.151013	7.104654	
0.643925	0.731067	0.230442	5.972638	
0.020212	0.627088	0.000012	7.580349	
0.545182	0.000589	0.722680	6.867401	
0.630659	0.000291	0.000233	7.579923	
0.878546	0.674037	0.683222	4.812176	
0.000025	0.199408	0.782136	6.160606	
0.757164	0.587031	0.009581	6.476724	
0.122335	0.008568	0.323611	7.441637	
0.252978	0.803333	0.810258	4.399268	
0.136730	0.136683	0.000060	7.466708	
0.606586	0.749136	0.000318	6.740131	
0.000022	0.740861	0.732520	5.624226	
0.017659	0.172824	0.280276	7.258109	
0.758595	0.254215	0.633228	5.859833	
0.796137	0.902705	0.006006	4.837451	
0.221313	0.867550	0.221843	5.481954	
0.136327	0.000001	0.136454	7.465655	
0.732596	0.751637	0.000000	5.631973	
0.001328	0.819889	0.919063	4.812175	
0.671619	0.695988	0.916004	4.844286	
0.187466	0.791995	0.000210	6.137481	
0.811042	0.253409	0.822727	4.395514	
0.197831	0.000116	0.782310	6.136932	
0.000011	0.616673	0.926252	6.146016	
0.739522	0.008047	0.732152	5.627681	
0.002438	0.289479	0.326702	7.246195	
0.843245	0.865077	0.735794	3.444491	
0.609158	0.203619	0.000118	7.313135	
0.001015	0.000053	0.898594	6.366967	
0.000000	0.135084	0.138434	7.464191	
0.190524	0.613612	0.000011	7.356086	
0.895764	0.640973	0.002268	5.929903	
0.002221	0.000004	0.725697	6.889044	
0.190402	0.005775	0.290786	7.220192	
0.797952	0.846640	0.001754	4.760135	
0.843173	0.828660	0.799085	3.106402	
0.614346	0.736737	0.828512	4.832899	
0.022290	0.023943	0.002589	7.941672	
0.731265	0.871966	0.781001	3.695012	
0.214370	0.010957	0.003114	7.597512	
0.185096	0.202183	0.311449	6.865139	
0.021011	0.630147	0.001495	7.558957	
0.000032	0.209311	0.122207	7.364846	
0.033289	0.933944	0.665943	5.816904	
0.220900	0.000807	0.675270	6.856180	
0.730292	0.000176	0.001147	6.964922	
0.221932	0.616066	0.646354	6.730685	
0.889665	0.008568	0.809559	4.773210	
0.809402	0.820757	0.265976	4.343358	
0.001152	0.227443	0.860838	5.887758	
0.219768	0.660358	0.217290	6.610372	
0.221819	0.221044	0.658088	6.567369	
0.625447	0.198023	0.680909	6.471032	
0.723427	0.000006	0.535000	7.098037	
0.878546	0.675593	0.685282	4.792382	
0.017792	0.199408	0.284351	7.210453	
0.193177	0.791995	0.000210	6.127897	
0.873182	0.231705	0.221992	5.479187	
0.868551	0.000000	0.623869	5.933794	
0.615723	0.645412	0.218312	6.789183	
0.002061	0.191930	0.029168	7.587809	
0.012514	0.016708	0.828347	6.414733	
0.198188	0.000116	0.782570	6.135114	
0.170152	0.615821	0.810014	5.931542	
0.001598	0.339258	0.684892	6.877625	
0.223222	0.221044	0.860838	5.478107	
0.781023	0.196672	0.000025	6.204315	
0.214591	0.668653	0.003114	6.928315	
0.809396	0.253409	0.801377	4.408718	
0.007763	0.891856	0.788040	4.857596	
0.670732	0.932616	0.680468	5.049271	
0.858948	0.726264	0.865096	3.502716	
0.000011	0.616673	0.926252	6.146016	
0.001989	0.187659	0.634632	7.227353	
0.000000	0.270631	0.000946	7.579128	
0.136730	0.014377	0.000060	7.718309	
0.001281	0.000053	0.123609	7.761971	
0.289005	0.183395	0.152935	6.925443	
0.154794	0.326352	0.000119	7.345026	
0.000000	0.001386	0.610101	7.702472	
0.071999	0.289479	0.326702	7.140189	
0.000494	0.893512	0.004959	6.347657	
0.644230	0.639600	0.643132	6.515587	
0.625603	0.007113	0.194750	7.220867	
0.609158	0.196628	0.000018	7.325106	
0.758878	0.616635	0.205287	6.064172	
0.663551	0.212552	0.214796	6.577542	
0.770433	0.000189	0.198642	6.202280	
0.004374	0.632659	0.201933	7.200258	
0.220302	0.196690	0.002373	7.200127	
0.888297	0.000000	0.000115	6.340077	
0.191930	0.002927	0.172013	7.274899	
0.249381	0.000053	0.123609	7.337032	
0.000000	0.732413	0.616827	6.508239	
0.152115	0.150201	0.136193	7.133645	
0.240943	0.831924	0.614671	5.615492	
0.887237	0.777975	0.000273	4.886948	
0.770197	0.000636	0.892935	4.944079	
0.631740	0.000841	0.000318	7.572864	
0.570725	0.777306	0.005965	6.425077	
0.743040	0.000000	0.733253	5.604068	
0.644230	0.846041	0.178222	5.578746	
0.219768	0.266464	0.217242	6.839641	
0.035252	0.302842	0.151460	7.264206	
0.000022	0.819889	0.919063	4.813512	
0.303759	0.808675	0.803472	4.445484	
0.218087	0.136683	0.000060	7.331477	
0.732596	0.642264	0.000000	6.685906	
0.001295	0.728970	0.000250	6.867558	
0.000025	0.000861	0.280274	7.587181	
0.758498	0.193791	0.613538	5.994321	
0.216802	0.864097	0.221843	5.484205	
0.021047	0.773149	0.199746	6.160670	
0.852467	0.643403	0.001391	5.897809	
0.201570	0.125872	0.706970	6.400623	
0.178806	0.647093	0.008725	7.157068	
0.138015	0.275404	0.000143	7.354838	
0.625603	0.008998	0.195062	7.217885	
0.000000	0.270631	0.014470	7.563730	
0.594696	0.180288	0.876294	5.739965	
0.000494	0.877100	0.004959	6.360014	
0.644230	0.639600	0.628265	6.610063	
0.225069	0.617095	0.646354	6.722423	
0.731265	0.265205	0.191995	6.186852	
0.219488	0.008131	0.722845	6.540916	
0.012514	0.140226	0.829166	6.255386	
0.001295	0.199408	0.116946	7.419069	
0.007882	0.646560	0.029561	7.431253	
0.570725	0.777306	0.722845	5.341856	
0.059562	0.842276	0.919063	4.673635	
0.884102	0.002609	0.865096	4.853819	
0.001175	0.002984	0.197769	7.627398	
0.218790	0.136683	0.000060	7.329317	
0.002271	0.832076	0.154848	6.026015	
0.860107	0.198055	0.713032	5.011188	
0.017341	0.145192	0.010148	7.682177	
0.000008	0.616673	0.926252	6.168370	
0.000028	0.270134	0.151460	7.278028	
0.078797	0.632659	0.201933	7.058134	
0.007116	0.221133	0.665867	6.918282	
0.000022	0.740861	0.730914	5.635682	
0.172066	0.000287	0.146234	7.369100	
0.643888	0.819430	0.142300	5.587989	
0.814766	0.270728	0.168029	5.715215	
0.150933	0.922917	0.808268	4.582246	
0.630880	0.668557	0.000233	6.898479	
0.134360	0.014377	0.000060	7.723813	
