0.104702	0.104034	0.148696	0.982667	
0.611971	0.409800	1.070154	0.308723	
0.048158	0.048224	0.068267	0.996480	
0.380471	0.535041	0.954699	0.598914	
0.344097	0.491863	0.890966	0.776421	
0.461179	0.597069	0.926011	0.000173	
0.271636	0.710464	1.990361	0.309285	
0.306147	0.537109	1.102337	0.874416	
0.554741	0.380151	0.986467	0.546103	
0.681873	0.253194	1.965066	0.719988	
0.679328	0.364949	2.233018	0.000000	
0.474515	0.476995	0.675734	0.312967	
0.236325	0.793571	2.592538	0.000011	
0.207032	0.744272	2.901960	0.315749	
0.471422	0.589122	1.418309	0.000000	
0.264930	0.657383	1.761420	0.787880	
0.392687	0.666995	2.520275	0.000000	
0.377336	0.642363	1.523115	0.336493	
0.000000	0.000000	0.000000	1.000001	
0.726044	0.236639	2.340680	0.390689	
0.240351	0.240348	0.339911	0.876894	
0.629426	0.368462	1.276073	0.357504	
0.177483	0.758181	3.373281	0.007291	
0.671517	0.348163	1.475762	0.000969	
0.167684	0.167776	0.237352	0.942434	
0.746241	0.226205	2.553901	0.002830	
0.705829	0.275729	1.939638	0.333437	
0.160015	0.158350	0.227229	0.955811	
0.554706	0.479757	0.823346	0.000006	
0.343154	0.686157	1.513540	0.000000	
0.221834	0.762562	2.641606	0.367857	
0.496349	0.496521	0.702307	0.119626	
0.676369	0.348129	1.467422	0.000454	
0.619208	0.401033	1.134160	0.197901	
0.186014	0.755996	3.334056	0.002497	
0.182697	0.181311	0.259430	0.936243	
0.380069	0.647016	1.531758	0.280631	
0.400602	0.528152	0.887479	0.521333	
0.421823	0.645719	2.251462	0.000000	
0.558760	0.469085	0.863552	0.000107	
0.058578	0.058577	0.082842	0.993127	
0.158716	0.158667	0.224485	0.948528	
0.707497	0.282988	1.950987	0.252131	
0.461463	0.559055	0.881880	0.000000	
0.272861	0.697749	1.902020	0.519191	
0.214565	0.214601	0.303518	0.903329	
0.455650	0.350970	0.736583	0.747991	
0.744888	0.229117	2.515805	0.002791	
0.739594	0.186615	3.071761	0.634407	
0.228736	0.766164	2.594675	0.000007	
0.474331	0.584586	1.350062	0.000000	
0.339607	0.678247	1.514110	0.000012	
0.640305	0.341392	1.372173	0.446750	
0.684323	0.356062	2.255862	0.000000	
0.702942	0.236957	2.209843	0.671179	
0.039118	0.039118	0.055322	0.996950	
0.288421	0.708644	1.876283	0.191958	
0.629294	0.412484	1.447351	0.154978	
0.239817	0.670824	1.995501	0.879249	
0.186812	0.744162	3.216001	0.561531	
0.478195	0.576165	1.253988	0.000000	
0.119320	0.119580	0.169342	0.972583	
0.314233	0.608520	1.327570	0.698552	
0.028596	0.028594	0.040444	0.998438	
0.185894	0.756035	3.336577	0.002545	
0.585840	0.385300	1.066881	0.441707	
0.683891	0.356636	2.245470	0.000000	
0.659742	0.329369	1.515779	0.410000	
0.758119	0.178788	3.361199	0.000000	
0.738270	0.189896	3.196373	0.675877	
0.670163	0.238906	2.000803	0.881192	
0.543522	0.475753	0.819588	0.008854	
0.228779	0.766199	2.594270	0.001703	
0.343095	0.674901	1.489810	0.000000	
0.203609	0.203640	0.288016	0.913417	
0.431186	0.635465	1.997550	0.000000	
0.219329	0.219304	0.310197	0.898737	
0.279116	0.706956	1.917026	0.357907	
0.615510	0.407848	1.088133	0.312501	
0.461604	0.558867	0.881233	0.000000	
0.694106	0.278981	1.860983	0.448319	
0.347682	0.648288	1.472286	0.415055	
0.449684	0.457492	0.653525	0.430668	
0.432783	0.633583	1.955717	0.000000	
0.476085	0.577711	1.260117	0.000000	
0.210832	0.739321	3.047774	0.479893	
0.630501	0.366620	1.276073	0.357504	
0.219372	0.219281	0.310309	0.898920	
0.489186	0.544316	0.968338	0.000000	
0.268691	0.708453	1.998769	0.368178	
0.697640	0.290319	1.816141	0.314969	
0.242285	0.669590	1.971551	0.869850	
0.294151	0.709113	1.892612	0.002793	
0.739332	0.187322	3.058567	0.631837	
0.673049	0.347378	1.507793	0.000000	
0.404052	0.610600	1.107164	0.213455	
0.039117	0.039121	0.055327	0.997008	
0.598029	0.389943	1.100529	0.377715	
0.354186	0.508529	0.901798	0.711521	
0.480175	0.359359	0.804095	0.704085	
0.546367	0.470718	0.838040	0.000001	
0.649515	0.267561	1.735327	0.833358	
0.186260	0.755914	3.328857	0.002494	
0.463731	0.466361	0.661414	0.370477	
0.061692	0.061706	0.087282	0.992551	
0.683891	0.356636	2.245470	0.000000	
0.752511	0.192318	3.097742	0.168868	
0.228736	0.766164	2.594675	0.000013	
0.172268	0.172334	0.243766	0.939017	
0.497979	0.498009	0.704320	0.089756	
0.651060	0.259099	1.767418	0.845786	
0.455991	0.608763	0.956386	0.000177	
0.243803	0.733864	2.351944	0.002865	
0.585861	0.385279	1.066984	0.441738	
0.453763	0.605634	1.487650	0.000000	
0.739446	0.186990	3.064710	0.633033	
0.757972	0.179244	3.351620	0.000000	
0.268773	0.708410	1.998012	0.368055	
0.137092	0.137049	0.193918	0.961935	
0.240360	0.240344	0.339931	0.876923	
0.027833	0.027832	0.039361	0.998454	
0.186258	0.755915	3.328917	0.002494	
0.651402	0.355391	1.361546	0.271688	
0.683891	0.356636	2.245470	0.000000	
0.300729	0.701178	1.775847	0.183103	
0.463952	0.465976	0.660435	0.370169	
0.334058	0.651395	1.610752	0.509440	
0.613397	0.392708	1.132365	0.299112	
0.347788	0.499660	0.886471	0.740844	
0.270164	0.703722	1.949956	0.480147	
0.674265	0.344224	1.496583	0.000980	
0.202100	0.740226	3.056181	0.515065	
0.429074	0.640918	2.250926	0.000000	
0.695699	0.278719	1.870634	0.433284	
0.687275	0.351107	2.287655	0.000000	
0.471779	0.344707	0.786567	0.768364	
0.738366	0.189620	3.202077	0.677019	
0.232761	0.232198	0.329483	0.887117	
0.400917	0.600191	1.080888	0.305134	
0.545501	0.474548	0.825192	0.008892	
0.680204	0.343217	1.498790	0.000003	
0.406628	0.652722	2.066621	0.000000	
0.083902	0.083923	0.118699	0.985973	
0.743905	0.223477	2.579008	0.000270	
0.651260	0.328224	1.470427	0.479971	
0.452984	0.616030	1.804874	0.000000	
0.186014	0.755996	3.334056	0.002497	
0.232414	0.740693	2.679104	0.003228	
0.708375	0.281424	1.965358	0.253753	
0.039117	0.039119	0.055324	0.996971	
0.294631	0.707262	1.855030	0.002323	
0.270437	0.714247	2.002869	0.352671	
0.603611	0.396374	1.119782	0.324091	
0.455991	0.608763	0.956386	0.000177	
0.650871	0.256762	1.772357	0.859432	
0.257909	0.650698	1.780415	0.860073	
0.343941	0.627822	1.426415	0.555584	
0.453787	0.451820	0.643923	0.427081	
0.199816	0.741485	3.101978	0.522354	
0.740715	0.226879	2.526519	0.000001	
0.683433	0.357019	2.237473	0.000000	
0.595367	0.375565	1.116452	0.456641	
0.327934	0.694774	1.921506	0.106015	
0.467630	0.468457	0.663354	0.353211	
0.543513	0.475673	0.819791	0.008855	
0.347667	0.592257	1.171152	0.593434	
0.640564	0.323267	1.485686	0.570827	
0.183730	0.756440	3.305879	0.002523	
0.679979	0.322922	1.600495	0.257424	
0.717861	0.240365	2.270624	0.479756	
0.271612	0.705813	1.968444	0.378251	
0.107854	0.108081	0.153022	0.977781	
0.293624	0.713467	2.178591	0.025324	
0.000000	0.000000	0.000000	1.249539	
0.752999	0.190910	3.123759	0.170204	
0.599932	0.391217	1.103963	0.362723	
0.675433	0.343062	1.504755	0.000000	
0.398802	0.603409	1.095834	0.297619	
0.437520	0.625543	1.744638	0.000000	
0.418416	0.647592	2.220429	0.000000	
0.213248	0.736380	2.858111	0.483699	
0.471898	0.545241	0.838456	0.000001	
0.241286	0.670098	1.981625	0.873802	
0.235361	0.235330	0.332876	0.882389	
0.456497	0.561136	0.893157	0.101172	
0.039118	0.039118	0.055322	0.996950	
0.246824	0.731120	2.280316	0.228058	
0.471091	0.345217	0.784048	0.766660	
0.211970	0.726869	2.800940	0.663209	
0.416681	0.568794	0.966130	0.348551	
0.644301	0.374763	1.274321	0.215938	
0.267617	0.721297	2.077368	0.005290	
0.402943	0.722093	1.303893	0.000223	
0.187328	0.755559	3.306510	0.002478	
0.675423	0.343077	1.504660	0.000000	
0.483227	0.565980	1.161470	0.000000	
0.344396	0.506829	0.920640	0.754066	
0.628263	0.368830	1.258328	0.354502	
0.387318	0.600284	1.107099	0.378321	
0.509587	0.491291	0.736548	0.095154	
