0.225906	0.742376	2.543410	0.000853	
0.646998	0.353071	1.384906	0.343069	
0.367014	0.644417	1.497785	0.359011	
0.355729	0.669258	1.497085	0.005600	
0.743653	0.227616	2.527642	0.000003	
0.679203	0.339157	1.519610	0.000000	
0.243073	0.664968	1.935843	0.880382	
0.482817	0.578425	0.845637	0.000000	
0.636535	0.464993	0.966836	0.000000	
0.343325	0.571842	1.161589	0.690190	
0.076224	0.076331	0.108052	0.989345	
0.712116	0.269264	2.014626	0.294798	
0.290605	0.298609	0.428192	0.823820	
0.218960	0.742354	3.348374	0.382891	
0.524730	0.390046	0.861588	0.589590	
0.622869	0.408387	1.087895	0.318960	
0.489932	0.471244	0.707524	0.300434	
0.128051	0.127008	0.182081	0.972913	
0.149879	0.149943	0.212095	0.954278	
0.214458	0.214360	0.303355	0.903713	
0.751966	0.202751	3.377682	0.001236	
0.396924	0.608217	1.117418	0.286628	
0.292924	0.686912	1.792756	0.434656	
0.740879	0.206006	2.820224	0.400129	
0.667658	0.251158	1.921171	0.832936	
0.000000	0.000000	0.000000	1.000016	
0.707794	0.278020	1.959161	0.288653	
0.304934	0.714382	1.768963	0.250907	
0.622685	0.411789	1.079398	0.306982	
0.207000	0.208258	0.296041	0.914672	
0.176514	0.738423	3.285605	0.771530	
0.562176	0.401425	0.934008	0.510135	
0.652407	0.355230	1.399041	0.282954	
0.750641	0.193040	3.023438	0.236651	
0.738696	0.239869	2.379592	0.000003	
0.225927	0.742363	2.543123	0.000853	
0.487006	0.490050	0.695208	0.217659	
0.403056	0.540565	0.897343	0.493380	
0.367965	0.663366	1.502058	0.000002	
0.246409	0.703362	2.148660	0.636862	
0.404213	0.601387	1.079659	0.273785	
0.115333	0.115165	0.163237	0.974044	
0.679184	0.339183	1.519440	0.000000	
0.586531	0.479126	0.862377	0.000000	
0.029385	0.029382	0.041558	0.998343	
0.149803	0.149039	0.212401	0.957502	
0.391674	0.620457	1.296640	0.329850	
0.132953	0.132800	0.188139	0.964782	
0.755663	0.188467	3.382052	0.001238	
0.696156	0.256815	2.003453	0.612571	
0.485053	0.561200	0.815315	0.000427	
0.303436	0.302729	0.430067	0.797260	
0.755680	0.188497	3.381535	0.001238	
0.605942	0.296072	1.380268	0.791568	
0.557675	0.404238	0.918929	0.504297	
0.105228	0.105108	0.148882	0.978354	
0.313381	0.703651	1.994409	0.000003	
0.249948	0.664864	1.889636	0.834459	
0.646224	0.354045	1.378771	0.341864	
0.357157	0.628749	1.490788	0.528721	
0.468478	0.549260	0.847990	0.000001	
0.740606	0.206727	2.808808	0.398619	
0.186688	0.186138	0.264534	0.930003	
0.500614	0.474379	0.727925	0.258640	
0.269340	0.714846	2.064820	0.258564	
0.712116	0.269264	2.014626	0.294798	
0.394865	0.555702	0.950159	0.499468	
0.178870	0.758081	3.384338	0.000855	
0.024658	0.024655	0.034873	0.998853	
0.186138	0.736265	3.278769	0.765365	
0.419448	0.584336	1.004800	0.267996	
0.663889	0.361233	1.431727	0.000150	
0.551594	0.468987	0.848681	0.003133	
0.717516	0.270460	2.033520	0.168926	
0.345643	0.357384	0.514449	0.730115	
0.538344	0.475545	0.809947	0.082379	
0.755657	0.188564	3.380061	0.001237	
0.302675	0.304695	0.432345	0.798236	
0.025649	0.025648	0.036273	0.998706	
0.179092	0.758010	3.379610	0.000854	
0.570836	0.343951	1.148328	0.684134	
0.676005	0.241587	2.096355	0.895766	
0.488346	0.471983	0.703318	0.300458	
0.052956	0.052950	0.074895	0.994450	
0.745729	0.224913	2.568252	0.000003	
0.730723	0.204560	3.009685	0.691910	
0.420477	0.583596	1.004800	0.267996	
0.187554	0.734641	3.037122	0.715326	
0.253978	0.653340	1.831056	0.877813	
0.279059	0.684524	1.813066	0.533482	
0.470548	0.614941	0.921077	0.000000	
0.717994	0.264460	2.082592	0.302886	
0.200036	0.200031	0.282897	0.916502	
0.615856	0.399720	1.098279	0.362760	
0.668060	0.354036	1.427039	0.000103	
0.416400	0.536794	0.858941	0.467083	
0.408321	0.589821	1.170063	0.398762	
0.313381	0.703651	1.994409	0.000003	
0.704975	0.283784	1.902680	0.281410	
0.355294	0.594065	1.140919	0.586582	
0.673856	0.344511	1.480196	0.000002	
0.024211	0.024209	0.034241	0.998900	
0.333345	0.647719	1.721377	0.596455	
0.425516	0.578321	0.981123	0.263671	
0.305713	0.693328	1.735854	0.254733	
0.451773	0.576276	0.970920	0.020956	
0.105433	0.105034	0.149295	0.980020	
0.243996	0.734143	2.322560	0.000785	
0.607112	0.294443	1.392957	0.797528	
0.524274	0.390350	0.860029	0.588853	
0.604368	0.396328	1.107574	0.311384	
0.721542	0.236018	2.509903	0.584537	
0.340702	0.354542	0.511893	0.741240	
0.205389	0.743325	2.857331	0.347583	
0.729790	0.246010	2.291270	0.187888	
0.442312	0.573913	0.917666	0.278852	
0.547167	0.470110	0.840174	0.003110	
0.206995	0.208269	0.296075	0.914732	
0.292432	0.652641	1.837619	0.786879	
0.346472	0.673122	1.469393	0.001128	
0.758639	0.176183	3.379991	0.001237	
0.726829	0.239565	2.340332	0.336134	
0.403240	0.545494	0.912816	0.486831	
0.522415	0.486494	0.766715	0.008681	
0.179377	0.757919	3.373553	0.001228	
0.229559	0.731852	2.493878	0.350913	
0.053096	0.052870	0.075251	0.997101	
0.742449	0.220810	2.604569	0.000959	
0.000000	0.000000	0.000000	1.469668	
0.305114	0.681819	1.728564	0.417923	
0.408807	0.591560	1.050339	0.303574	
0.421407	0.606250	1.068426	0.060221	
0.677724	0.339181	1.514171	0.000002	
0.755680	0.188497	3.381535	0.001238	
0.712116	0.269264	2.014626	0.294798	
0.224489	0.713963	2.408203	0.706192	
0.459212	0.463569	0.660873	0.392295	
0.315854	0.701587	1.948441	0.000003	
0.675687	0.242201	2.089371	0.893083	
0.591451	0.319385	1.305369	0.756559	
0.340095	0.657452	1.469850	0.365247	
0.194621	0.194595	0.275249	0.921231	
0.664755	0.367226	1.317635	0.374279	
0.343762	0.350158	0.499965	0.730470	
0.585708	0.436704	0.957881	0.281418	
0.721230	0.267739	2.063692	0.191618	
0.593060	0.434341	1.011791	0.004174	
0.677631	0.339312	1.513329	0.000002	
0.350700	0.677849	1.729767	0.000000	
0.616472	0.393531	1.132971	0.330782	
0.212361	0.738349	2.731255	0.396060	
0.473367	0.607101	0.907964	0.000000	
0.053047	0.052898	0.075127	0.996176	
0.231420	0.738031	2.466718	0.000829	
0.694141	0.245555	2.101243	0.688364	
0.756826	0.181840	3.263953	0.001197	
0.209964	0.209242	0.297462	0.910016	
0.246021	0.729637	2.314099	0.286427	
0.756554	0.216330	2.631800	0.687418	
0.369608	0.632659	1.256233	0.315400	
0.557251	0.394688	0.967607	0.481352	
0.395695	0.616468	1.267214	0.324062	
0.228041	0.684753	2.162203	0.879894	
0.265957	0.268662	0.382056	0.851330	
0.524236	0.390375	0.859901	0.588792	
0.630322	0.396724	1.202447	0.074544	
0.629663	0.374442	1.246490	0.310572	
0.757327	0.180298	3.294889	0.001208	
0.299707	0.700134	1.795114	0.229014	
0.115333	0.115165	0.163237	0.974044	
0.189111	0.734185	3.035022	0.715727	
0.288880	0.711972	2.072403	0.176072	
0.729952	0.250334	2.255533	0.073176	
0.658843	0.255549	1.860526	0.848916	
0.423118	0.581223	0.992230	0.264279	
0.194490	0.193448	0.275935	0.925287	
0.728564	0.243836	2.302266	0.330642	
0.484920	0.473980	0.694151	0.298209	
0.538752	0.478091	0.831137	0.014054	
0.343678	0.350296	0.500338	0.730776	
0.379046	0.672921	1.530624	0.000000	
0.427164	0.599885	1.039723	0.030444	
0.244586	0.733897	2.318857	0.008704	
0.212198	0.741207	2.742691	0.397699	
0.215309	0.214052	0.305340	0.907248	
0.590868	0.348083	1.174794	0.600202	
0.282728	0.286068	0.406961	0.829334	
0.601269	0.425947	1.042770	0.003586	
0.501674	0.499056	0.711430	0.003349	
0.417653	0.594458	1.121068	0.286957	
0.670721	0.350568	1.447976	0.000104	
0.756333	0.182245	3.252879	0.099399	
0.320792	0.693067	1.760887	0.006406	
0.715462	0.279200	2.166659	0.183122	
0.600552	0.307419	1.389497	0.795906	
0.288257	0.705991	1.989632	0.286572	
0.658465	0.338822	1.462140	0.352061	
0.572980	0.429098	0.960066	0.265947	
0.734613	0.221274	2.570140	0.368715	
0.369608	0.632659	1.256233	0.315400	
