0.434834	0.431974	0.618459	0.503428	
0.219705	0.747773	2.636350	0.000277	
0.360026	0.685186	2.510790	0.000000	
0.479239	0.581062	1.312728	0.000000	
0.369650	0.585181	1.072379	0.560756	
0.730249	0.181271	3.045961	0.821421	
0.465090	0.559506	0.867935	0.000200	
0.474493	0.345029	0.818432	0.763387	
0.623711	0.326823	1.429704	0.636750	
0.758950	0.174753	3.400683	0.000001	
0.076280	0.076277	0.107881	0.988330	
0.563467	0.458685	0.890813	0.001450	
0.267703	0.679448	1.860731	0.643976	
0.185418	0.730834	3.061208	0.801770	
0.184949	0.181397	0.264252	0.942781	
0.677910	0.338634	1.518096	0.000847	
0.000000	0.000000	0.000000	1.000003	
0.280548	0.281862	0.399613	0.829677	
0.121435	0.120905	0.172014	0.973104	
0.681194	0.264728	1.880895	0.647814	
0.742493	0.220519	2.608240	0.001311	
0.334445	0.609767	1.447049	0.714999	
0.339664	0.677230	1.514157	0.000000	
0.072029	0.072019	0.101872	0.989665	
0.579245	0.369409	1.058838	0.567496	
0.022543	0.022542	0.031881	0.999011	
0.045525	0.045518	0.064387	0.995947	
0.371748	0.582785	1.061124	0.556393	
0.076359	0.076242	0.108130	0.989614	
0.581016	0.367647	1.069553	0.571676	
0.338900	0.679548	1.518843	0.000318	
0.479299	0.580755	1.309846	0.000000	
0.758941	0.174783	3.400041	0.000001	
0.438533	0.433405	0.626562	0.498112	
0.360626	0.684438	2.494151	0.000000	
0.459984	0.560473	0.883425	0.000215	
0.603204	0.320901	1.317977	0.710824	
0.731862	0.180920	3.066074	0.805058	
0.082318	0.082314	0.116419	0.986387	
0.660096	0.363403	1.389143	0.017178	
0.280780	0.281446	0.398530	0.828412	
0.331423	0.640534	1.667017	0.633870	
0.022531	0.022524	0.031870	0.999221	
0.131241	0.131250	0.185623	0.964979	
0.271179	0.683146	1.844644	0.615099	
0.235431	0.740557	2.431359	0.000075	
0.045632	0.045629	0.064535	0.995865	
0.579883	0.452311	0.942181	0.000223	
0.188825	0.188815	0.267049	0.925990	
0.684855	0.270398	1.850482	0.629728	
0.198965	0.723922	2.890607	0.801265	
0.000000	0.000000	0.000000	1.000003	
0.472767	0.346531	0.810905	0.758531	
0.182748	0.182655	0.258517	0.931179	
0.473879	0.545816	0.827236	0.000206	
0.582130	0.370037	1.068310	0.558748	
0.137379	0.137368	0.194294	0.961574	
0.000000	0.000000	0.000000	2.371923	
0.207937	0.723787	2.636782	0.671609	
0.758941	0.174783	3.400041	0.000001	
0.400610	0.577787	0.961796	0.510914	
0.642230	0.328609	1.407775	0.505792	
0.219597	0.747686	2.637755	0.000081	
0.022531	0.022524	0.031871	0.999225	
0.047070	0.047067	0.066568	0.995592	
0.359068	0.616395	1.405487	0.560572	
0.612140	0.426167	1.206189	0.000044	
0.354573	0.666170	1.417646	0.000302	
0.473014	0.583768	1.296472	0.000000	
0.089489	0.089487	0.126558	0.983869	
0.437355	0.450387	0.648761	0.477687	
0.720498	0.210058	2.770581	0.759062	
0.267584	0.691828	1.917703	0.553806	
0.474167	0.345316	0.816995	0.762460	
0.683963	0.271890	1.837386	0.625850	
0.679524	0.336175	1.532217	0.018582	
0.371129	0.676504	2.267415	0.000000	
0.072026	0.072021	0.101864	0.989618	
0.291497	0.291447	0.412302	0.812658	
0.470319	0.348812	0.799849	0.751478	
0.727449	0.193546	2.843052	0.749886	
0.092025	0.092021	0.130146	0.982949	
0.706457	0.256670	2.050690	0.556623	
0.341283	0.676091	1.503875	0.000000	
0.675934	0.341230	1.502412	0.001792	
0.131241	0.131250	0.185623	0.964979	
0.045742	0.045740	0.064690	0.995826	
0.223666	0.745884	2.582070	0.000079	
0.742368	0.220828	2.604048	0.001309	
0.326907	0.591139	1.333661	0.757597	
0.367046	0.679765	2.352696	0.000000	
0.469356	0.585076	1.298666	0.000000	
0.196630	0.196686	0.278198	0.919584	
0.576656	0.364284	1.078762	0.560795	
0.615757	0.315884	1.399676	0.698403	
0.076350	0.076245	0.108098	0.989452	
0.384904	0.556534	0.975605	0.524878	
0.562969	0.459058	0.889131	0.001448	
0.000000	0.000000	0.000000	1.454888	
0.472263	0.545371	0.831041	0.002506	
0.024177	0.024175	0.034194	0.998891	
0.242585	0.704788	2.165360	0.614410	
0.291469	0.291457	0.412213	0.812558	
0.227754	0.715781	2.361821	0.602877	
0.733651	0.241169	2.349555	0.001192	
0.223134	0.746122	2.589245	0.000079	
0.138404	0.138392	0.195741	0.960981	
0.280994	0.281059	0.397527	0.827241	
0.000000	0.000000	0.000000	2.622445	
0.453224	0.427089	0.661004	0.505843	
0.706888	0.255893	2.058452	0.558493	
0.610037	0.310986	1.380996	0.738059	
0.193913	0.192842	0.274936	0.925594	
0.642118	0.392131	1.338074	0.000000	
0.023652	0.023651	0.033450	0.998918	
0.470327	0.585746	1.293710	0.000000	
0.094347	0.094343	0.133431	0.982068	
0.470869	0.550330	0.840825	0.000209	
0.723916	0.202637	2.698339	0.714210	
0.362083	0.682500	2.359318	0.000000	
0.560251	0.380283	1.016235	0.543836	
0.049489	0.049487	0.069990	0.995117	
0.380902	0.575725	1.025085	0.529990	
0.197114	0.728229	2.849393	0.723965	
0.613008	0.423552	1.188599	0.000026	
0.268206	0.640110	1.656645	0.832586	
0.340724	0.646402	1.422147	0.440237	
0.311865	0.628409	1.524221	0.736639	
0.560251	0.380283	1.016235	0.543836	
0.276207	0.275957	0.390796	0.834271	
0.023652	0.023651	0.033450	0.998921	
0.680843	0.268952	1.848985	0.635854	
0.725656	0.198391	2.764620	0.730541	
0.000000	0.000000	0.000000	1.497343	
0.641310	0.384620	1.247302	0.015808	
0.238114	0.739203	2.398618	0.000074	
0.195793	0.724359	2.817079	0.782158	
0.566189	0.455554	0.903364	0.001462	
0.470662	0.585082	1.286809	0.000000	
0.083966	0.083958	0.118753	0.985864	
0.185245	0.185142	0.262057	0.929237	
0.620293	0.311286	1.434623	0.709735	
0.471022	0.550091	0.840119	0.000208	
0.357102	0.686482	2.293162	0.000000	
0.459316	0.419425	0.683963	0.527504	
0.049415	0.049413	0.069886	0.995142	
0.250970	0.695317	2.047842	0.634681	
0.757853	0.178240	3.327654	0.000001	
0.369481	0.655381	1.357693	0.000490	
0.127500	0.127420	0.180384	0.967407	
0.407280	0.585520	0.973710	0.463938	
0.022531	0.022524	0.031871	0.999229	
0.291484	0.291474	0.412234	0.812530	
0.365934	0.657383	1.356358	0.000000	
0.738647	0.230732	2.475898	0.017009	
0.380902	0.575725	1.025085	0.529990	
0.732689	0.246940	2.234634	0.534729	
0.187683	0.726704	2.909571	0.806176	
0.574953	0.427789	0.970167	0.263773	
0.045525	0.045518	0.064387	0.995948	
0.481644	0.529457	0.786789	0.028102	
0.268182	0.640120	1.656645	0.832586	
0.556394	0.383948	0.997101	0.536488	
0.656172	0.335982	1.397520	0.511122	
0.196519	0.195176	0.278799	0.924315	
0.080884	0.080874	0.114394	0.986919	
0.715508	0.222330	2.580946	0.710689	
0.000000	0.000000	0.000000	1.839479	
0.440634	0.433547	0.629929	0.495819	
0.469986	0.583427	1.262525	0.000000	
0.681399	0.333753	1.551466	0.001839	
0.101193	0.101172	0.143126	0.979452	
0.209667	0.752624	2.855226	0.000087	
0.365523	0.679824	2.289041	0.000000	
0.374943	0.605998	1.174623	0.433167	
0.369140	0.677170	2.241233	0.000000	
0.367134	0.655484	1.341142	0.057364	
0.499583	0.500568	0.708633	0.015857	
0.138163	0.138108	0.195439	0.961355	
0.688629	0.278285	1.846413	0.507451	
0.183151	0.183142	0.259032	0.930557	
0.236327	0.740097	2.420322	0.000074	
0.576683	0.364311	1.078706	0.560783	
0.242881	0.702636	2.152172	0.626715	
0.293181	0.290817	0.417590	0.818621	
0.023653	0.023651	0.033452	0.998954	
0.000000	0.000000	0.000000	2.367756	
0.471221	0.583950	1.275245	0.000000	
0.439381	0.434338	0.627652	0.494775	
0.723923	0.202617	2.698635	0.714283	
0.662003	0.300082	1.600564	0.562071	
0.052680	0.052677	0.074502	0.994462	
0.550246	0.473359	0.853206	0.000209	
0.743364	0.219046	2.639539	0.003473	
0.627419	0.391521	1.216411	0.201841	
0.083322	0.083290	0.117860	0.986278	
0.211972	0.722190	2.579037	0.657994	
0.540664	0.474623	0.819082	0.000009	
0.642731	0.348526	1.346543	0.388483	
0.278820	0.643417	1.635495	0.774929	
