0.753837	0.195529	3.393328	0.000000	
0.726059	0.198003	3.106392	0.845458	
0.268165	0.676961	1.837071	0.657430	
0.338536	0.678013	1.518246	0.000000	
0.354452	0.636659	1.489311	0.480979	
0.637331	0.443287	2.815366	0.000000	
0.080728	0.081105	0.115625	0.993407	
0.685412	0.266086	1.893288	0.611692	
0.676332	0.341689	1.521033	0.000000	
0.023122	0.023121	0.032699	0.998940	
0.366779	0.700834	2.695021	0.000000	
0.567126	0.458282	0.896563	0.000329	
0.101823	0.102891	0.146203	0.985525	
0.198396	0.753080	3.391582	0.000000	
0.046532	0.046538	0.065829	0.995842	
0.138625	0.138420	0.196242	0.961942	
0.460334	0.562407	0.884819	0.000000	
0.757097	0.224677	2.607137	0.000000	
0.441848	0.444758	0.631047	0.468145	
0.678720	0.227458	2.135484	0.911026	
0.221113	0.742258	2.600032	0.000056	
0.450672	0.575463	1.223779	0.310712	
0.193917	0.195226	0.277155	0.925679	
0.268518	0.635431	1.622080	0.872005	
0.210088	0.724729	3.033611	0.779543	
0.303859	0.300740	0.433007	0.803846	
0.000000	0.000000	0.000000	1.000003	
0.314977	0.324326	0.469594	0.790713	
0.378217	0.590570	1.080197	0.492593	
0.627013	0.347993	1.427755	0.546749	
0.598026	0.363611	1.123645	0.561316	
0.436757	0.460702	0.679764	0.478702	
0.511397	0.348477	0.912686	0.722259	
0.282410	0.689724	1.765664	0.641896	
0.730960	0.188350	3.091965	0.793602	
0.361862	0.494746	0.841894	0.687805	
0.686394	0.264266	1.909769	0.616349	
0.102165	0.102206	0.144572	0.979158	
0.608882	0.331754	1.364499	0.669501	
0.676697	0.235374	2.079807	0.889786	
0.179240	0.757855	3.388176	0.000000	
0.369168	0.698514	2.626347	0.000000	
0.757243	0.182070	3.404518	0.000000	
0.338393	0.678116	1.519170	0.000000	
0.686466	0.354608	2.359628	0.000000	
0.591159	0.385480	1.079306	0.439960	
0.558626	0.463137	0.872275	0.000307	
0.129941	0.129956	0.183817	0.965777	
0.394562	0.584513	1.032386	0.431967	
0.195549	0.196200	0.277935	0.922108	
0.080732	0.081090	0.115559	0.993088	
0.044921	0.044917	0.063530	0.996012	
0.457306	0.566532	0.898579	0.000000	
0.740869	0.225584	2.551745	0.000001	
0.023122	0.023121	0.032699	0.998944	
0.354455	0.636660	1.489301	0.480950	
0.190672	0.736927	2.963631	0.630396	
0.020323	0.020329	0.028755	0.999397	
0.674835	0.343751	1.507437	0.000000	
0.297147	0.294809	0.422659	0.811555	
0.590962	0.385365	1.078920	0.441150	
0.748526	0.197798	3.061075	0.287194	
0.130435	0.130446	0.184501	0.965473	
0.691021	0.267632	1.918246	0.557431	
0.101858	0.102837	0.146115	0.985181	
0.000000	0.000000	0.000000	1.000079	
0.668412	0.250846	2.083042	0.899577	
0.347694	0.687746	1.490595	0.000000	
0.173733	0.736221	3.225908	0.808351	
0.615307	0.320254	1.339041	0.652896	
0.080732	0.081090	0.115559	0.993088	
0.564615	0.460064	0.888355	0.000327	
0.193798	0.195203	0.277107	0.925757	
0.355280	0.638049	1.492324	0.467957	
0.731570	0.186582	3.126885	0.802072	
0.438319	0.445452	0.638063	0.479075	
0.494861	0.539962	0.978024	0.004956	
0.686465	0.354610	2.359588	0.000000	
0.693757	0.301187	1.744606	0.271366	
0.046532	0.046538	0.065831	0.995855	
0.234881	0.674510	2.052720	0.884256	
0.302280	0.301530	0.428271	0.798882	
0.757242	0.182073	3.404462	0.000000	
0.227343	0.736860	2.545206	0.271553	
0.339539	0.697617	2.792618	0.000000	
0.349444	0.532634	0.970999	0.693623	
0.023122	0.023121	0.032699	0.998944	
0.117515	0.117604	0.166383	0.972453	
0.686465	0.354610	2.359588	0.000000	
0.338763	0.337538	0.480248	0.738976	
0.080732	0.081090	0.115559	0.993088	
0.188561	0.188647	0.266850	0.926412	
0.633634	0.337623	1.367009	0.503466	
0.041307	0.041320	0.058445	0.996795	
0.233492	0.737078	2.443239	0.000053	
0.340118	0.552000	1.053706	0.704738	
0.689089	0.272493	1.873555	0.540094	
0.395823	0.586467	1.035936	0.419957	
0.731655	0.186337	3.131779	0.803260	
0.438000	0.606422	1.253646	0.000000	
0.023123	0.023121	0.032702	0.998982	
0.595879	0.377675	1.109783	0.462530	
0.757243	0.182070	3.404518	0.000000	
0.000000	0.000000	0.000000	1.942994	
0.102165	0.102206	0.144572	0.979158	
0.458423	0.565109	0.893610	0.000000	
0.439050	0.441993	0.627149	0.478727	
0.171960	0.734645	3.225144	0.844833	
0.658866	0.363884	1.364480	0.008380	
0.339747	0.695290	2.519985	0.000000	
0.563802	0.459318	0.889451	0.000311	
0.741799	0.222418	2.584286	0.000000	
0.236828	0.673268	2.029066	0.875101	
0.110554	0.110563	0.156377	0.975341	
0.102161	0.102211	0.144588	0.979217	
0.756628	0.181922	3.401761	0.140737	
0.044917	0.044921	0.063538	0.996078	
0.340118	0.552000	1.053706	0.704738	
0.446318	0.451943	0.645143	0.447883	
0.175173	0.758920	3.385099	0.008705	
0.664654	0.335472	1.492373	0.356889	
0.575838	0.316273	1.226514	0.784193	
0.560244	0.461932	0.877934	0.000000	
0.363762	0.680047	2.250656	0.000000	
0.000000	0.000000	0.000000	1.015812	
0.694298	0.262825	1.960752	0.562026	
0.686465	0.354610	2.359588	0.000000	
0.298262	0.302913	0.433665	0.810611	
0.188091	0.188169	0.266170	0.926775	
0.591159	0.385480	1.079306	0.439960	
0.351889	0.531022	0.970999	0.693623	
0.726630	0.259292	2.274672	0.000000	
0.080742	0.081069	0.115497	0.992785	
0.340729	0.676275	1.502974	0.000000	
0.744968	0.189799	3.160167	0.505682	
0.176907	0.734166	3.150484	0.808186	
0.255932	0.688913	1.960905	0.701019	
0.457524	0.566238	0.897589	0.000000	
0.023121	0.023122	0.032702	0.998985	
0.652585	0.262922	1.759153	0.820265	
0.563672	0.459444	0.889234	0.000000	
0.039148	0.039165	0.055399	0.997206	
0.277248	0.708531	2.071976	0.330010	
0.635535	0.338871	1.344358	0.513765	
0.210382	0.704143	2.476635	0.861209	
0.000000	0.000000	0.000000	2.417795	
0.129941	0.129956	0.183817	0.965777	
0.378580	0.590178	1.078297	0.491956	
0.080732	0.081090	0.115563	0.993107	
0.174879	0.175249	0.248162	0.938183	
0.678387	0.369596	2.348786	0.000000	
0.023123	0.023121	0.032702	0.998982	
0.734288	0.178842	3.257151	0.829211	
0.175173	0.758920	3.385099	0.008705	
0.301624	0.302186	0.428272	0.798882	
0.617266	0.363850	1.209413	0.458355	
0.316165	0.572336	1.183688	0.770283	
0.285615	0.702517	1.871393	0.301573	
0.756690	0.181940	3.402105	0.130092	
0.660631	0.358723	1.534853	0.240513	
0.448108	0.448264	0.634104	0.443536	
0.739263	0.229388	2.502416	0.000001	
0.471803	0.532667	0.802000	0.156301	
0.101995	0.102331	0.145541	0.983521	
0.757352	0.181491	3.400009	0.000000	
0.180258	0.180255	0.254926	0.932766	
0.240775	0.711939	2.478077	0.645754	
0.023122	0.023121	0.032700	0.998946	
0.231108	0.741958	2.852095	0.000000	
0.080732	0.081090	0.115563	0.993107	
0.637241	0.350484	1.338056	0.411752	
0.704991	0.324691	2.789762	0.000000	
0.301602	0.302293	0.428267	0.798730	
0.382681	0.605365	1.246805	0.449730	
0.533145	0.480685	0.799508	0.029564	
0.290412	0.700067	1.829892	0.278731	
0.134986	0.135003	0.190959	0.963023	
0.236828	0.673268	2.029066	0.875101	
0.570334	0.412537	0.993826	0.375745	
0.594251	0.380966	1.115801	0.464392	
0.711601	0.199409	2.744000	0.914928	
0.000000	0.000000	0.000000	1.006589	
0.668958	0.340343	1.598269	0.290754	
0.374020	0.572498	1.044156	0.542244	
0.438223	0.605830	1.245848	0.000000	
0.044917	0.044922	0.063538	0.996080	
0.752382	0.198151	3.087692	0.000000	
0.670843	0.238575	2.001632	0.879132	
0.688175	0.274132	1.859291	0.536515	
0.315129	0.324026	0.468623	0.789771	
0.236181	0.673581	2.035803	0.877698	
0.179996	0.757614	3.372020	0.000000	
0.186004	0.186432	0.263972	0.929495	
0.340959	0.553847	1.058602	0.699102	
0.467366	0.469854	0.666256	0.351751	
0.599829	0.309470	1.346072	0.766830	
0.044921	0.044917	0.063530	0.996012	
0.726287	0.201902	2.846582	0.731672	
0.660885	0.385582	1.822139	0.000000	
0.467287	0.551424	0.851932	0.000000	
