0.068220	0.068245	0.096535	0.990906	
0.220573	0.744962	2.616033	0.000000	
0.257465	0.700741	1.955534	0.771058	
0.191322	0.724561	2.980685	0.849819	
0.255308	0.268316	0.389482	0.882267	
0.082798	0.082823	0.117147	0.986390	
0.633281	0.336415	1.629303	0.665536	
0.359656	0.583710	1.073472	0.633808	
0.380563	0.617886	1.438875	0.485934	
0.425740	0.428114	0.613699	0.529172	
0.077615	0.077604	0.109774	0.987982	
0.679371	0.263361	1.879795	0.670260	
0.742193	0.221462	2.597241	0.000029	
0.468207	0.588160	0.894384	0.000000	
0.000000	0.000000	0.000000	1.000003	
0.122663	0.122670	0.173488	0.969483	
0.677987	0.338358	1.518128	0.000007	
0.595566	0.347955	1.133297	0.668029	
0.338447	0.677850	1.517521	0.000000	
0.043330	0.043333	0.061284	0.996282	
0.171573	0.171450	0.242728	0.939771	
0.019446	0.019446	0.027502	0.999258	
0.267415	0.259843	0.383895	0.867156	
0.752429	0.201056	3.405391	0.000011	
0.730335	0.211246	3.217414	0.726361	
0.567173	0.460807	0.889470	0.000000	
0.086260	0.086301	0.122080	0.985317	
0.198932	0.752767	3.349107	0.014028	
0.019573	0.019573	0.027681	0.999251	
0.000000	0.000000	0.000000	1.001652	
0.702488	0.248333	2.151133	0.627530	
0.618157	0.354238	1.457680	0.606595	
0.554006	0.469229	0.849748	0.000000	
0.565051	0.358392	1.053936	0.611063	
0.730198	0.211603	3.209394	0.724644	
0.072760	0.072713	0.102929	0.989780	
0.367300	0.621135	1.388269	0.486444	
0.465653	0.594655	0.909805	0.000000	
0.180736	0.180297	0.255958	0.934161	
0.338545	0.677780	1.516888	0.000000	
0.425689	0.436529	0.625510	0.521678	
0.265304	0.674690	1.840313	0.694801	
0.079499	0.079459	0.112455	0.987628	
0.276985	0.276498	0.392108	0.833960	
0.740821	0.224584	2.553632	0.000010	
0.044552	0.044547	0.063011	0.996103	
0.752429	0.201056	3.405391	0.000011	
0.128441	0.128447	0.181657	0.966477	
0.675220	0.342266	1.493182	0.000007	
0.364201	0.575930	1.046046	0.618536	
0.256959	0.265580	0.382097	0.872574	
0.219120	0.712561	2.669723	0.798142	
0.072738	0.072724	0.102875	0.989482	
0.752429	0.201056	3.405391	0.000011	
0.320922	0.599923	1.271014	0.693161	
0.423555	0.614109	1.209108	0.000000	
0.226625	0.742360	2.535146	0.000000	
0.123486	0.123484	0.174637	0.969032	
0.508077	0.495279	0.728468	0.017448	
0.442072	0.600991	1.209292	0.000196	
0.755450	0.189103	3.391568	0.000013	
0.584299	0.396492	1.020461	0.446334	
0.020025	0.020024	0.028319	0.999208	
0.361829	0.574811	1.052972	0.620819	
0.425924	0.436060	0.624301	0.521090	
0.086259	0.086303	0.122084	0.985333	
0.617881	0.354548	1.454877	0.605640	
0.268260	0.672974	1.813704	0.687817	
0.213378	0.714784	2.765816	0.827777	
0.722725	0.194789	3.002184	0.871157	
0.304824	0.310736	0.443523	0.799633	
0.174296	0.174295	0.246493	0.937278	
0.082810	0.082820	0.117132	0.986266	
0.067276	0.067282	0.095157	0.990975	
0.676918	0.339912	1.508208	0.000007	
0.000000	0.000000	0.000000	1.236571	
0.678265	0.265400	1.861569	0.664578	
0.267272	0.260132	0.383398	0.866029	
0.741193	0.223931	2.574443	0.000010	
0.367110	0.568487	1.024343	0.608266	
0.340584	0.676385	1.505664	0.000000	
0.321747	0.599280	1.266068	0.691025	
0.465784	0.594440	0.909109	0.000000	
0.589820	0.395430	1.058932	0.407209	
0.027066	0.027063	0.038281	0.998633	
0.022884	0.022885	0.032367	0.999009	
0.242715	0.698951	2.503907	0.816728	
0.409680	0.514359	0.814048	0.518474	
0.072734	0.072726	0.102867	0.989438	
0.716059	0.220801	2.425312	0.699728	
0.682952	0.266235	1.964845	0.664213	
0.190659	0.191238	0.270903	0.926150	
0.676912	0.339872	1.508574	0.000007	
0.121493	0.121629	0.172118	0.970785	
0.654402	0.320093	1.454939	0.580832	
0.257522	0.264991	0.380240	0.870350	
0.079495	0.079461	0.112445	0.987577	
0.239851	0.237452	0.340968	0.884877	
0.086260	0.086301	0.122080	0.985317	
0.000000	0.000000	0.000000	1.403183	
0.617825	0.410637	1.120703	0.000006	
0.264369	0.674977	1.847396	0.698906	
0.187903	0.755624	3.354599	0.000011	
0.086260	0.086301	0.122080	0.985317	
0.247116	0.700155	2.463898	0.760535	
0.346196	0.673180	1.471803	0.000000	
0.519475	0.405285	0.836491	0.527567	
0.223707	0.743623	2.573636	0.000000	
0.617576	0.354890	1.451798	0.604591	
0.269222	0.265790	0.383942	0.853543	
0.171513	0.171485	0.242582	0.939454	
0.020025	0.020024	0.028319	0.999208	
0.072735	0.072725	0.102869	0.989447	
0.331565	0.631031	1.355159	0.539548	
0.296184	0.299278	0.425909	0.810014	
0.548744	0.381917	0.963804	0.549636	
0.000000	0.000000	0.000000	2.798090	
0.677857	0.338542	1.516945	0.000007	
0.078263	0.078249	0.110689	0.987793	
0.673704	0.287420	1.717248	0.557001	
0.576289	0.451539	0.927713	0.000000	
0.264883	0.676925	1.854233	0.683989	
0.375199	0.564377	0.998657	0.580289	
0.721620	0.200555	2.896203	0.827155	
0.755449	0.189107	3.391480	0.000013	
0.123000	0.123006	0.173963	0.969304	
0.044027	0.044033	0.062277	0.996210	
0.491793	0.513777	0.744404	0.031430	
0.125866	0.125847	0.178017	0.967909	
0.755420	0.189192	3.389601	0.000013	
0.067276	0.067282	0.095157	0.990975	
0.253414	0.690424	1.961839	0.771785	
0.020179	0.020179	0.028537	0.999189	
0.172616	0.172603	0.244127	0.938572	
0.260875	0.266972	0.382549	0.864983	
0.618234	0.346107	1.390155	0.584711	
0.679196	0.272418	1.900856	0.654345	
0.237993	0.740281	2.409673	0.000097	
0.305127	0.292779	0.441236	0.826580	
0.367579	0.596885	1.137366	0.489575	
0.000000	0.000000	0.000000	1.880154	
0.604669	0.388423	1.093628	0.423950	
0.436896	0.425414	0.626016	0.521924	
0.315650	0.603950	1.302442	0.706764	
0.418787	0.614992	1.205895	0.103068	
0.466700	0.551462	0.853738	0.000000	
0.205116	0.715595	2.738860	0.838819	
0.712882	0.219824	2.426298	0.699717	
0.082810	0.082820	0.117132	0.986266	
0.068227	0.068232	0.096499	0.990697	
0.565996	0.459017	0.893083	0.000000	
0.706465	0.278488	1.978295	0.319634	
0.322307	0.650943	1.467920	0.601760	
0.044026	0.044035	0.062283	0.996258	
0.573772	0.399056	1.090421	0.473085	
0.699054	0.295017	1.938747	0.314038	
0.000000	0.000000	0.000000	2.301449	
0.344875	0.674160	1.480115	0.000000	
0.354093	0.571783	1.085178	0.613842	
0.465782	0.554921	0.876942	0.000000	
0.072734	0.072726	0.102867	0.989438	
0.196704	0.718420	2.864938	0.879108	
0.406941	0.516295	0.823592	0.523776	
0.078262	0.078249	0.110688	0.987789	
0.279980	0.279482	0.396351	0.829964	
0.708453	0.271362	2.016944	0.349686	
0.735034	0.190793	3.011397	0.681662	
0.639284	0.314111	1.451849	0.604608	
0.566703	0.461147	0.887919	0.000000	
0.020179	0.020179	0.028537	0.999189	
0.755418	0.189200	3.389438	0.000013	
0.267607	0.692999	1.923771	0.538428	
0.185512	0.185526	0.262384	0.928666	
0.209059	0.749985	3.321563	0.000000	
0.124793	0.124802	0.176503	0.968401	
0.300893	0.306854	0.438766	0.806934	
0.473194	0.546400	0.857179	0.000000	
0.640424	0.395808	1.216274	0.005305	
0.209450	0.710967	2.636144	0.844892	
0.618912	0.358482	1.214693	0.503190	
0.754176	0.189201	3.100657	0.000010	
0.172697	0.172559	0.244342	0.939035	
0.724025	0.205526	2.594326	0.881196	
0.325138	0.654421	1.551161	0.492834	
0.338857	0.677621	1.516791	0.000000	
0.000000	0.000000	0.000000	1.009346	
0.067261	0.067317	0.095242	0.991490	
0.129785	0.129779	0.183548	0.965758	
0.188199	0.755525	3.348240	0.000011	
0.379271	0.553178	0.959083	0.581707	
0.619408	0.409050	1.128703	0.000006	
0.082810	0.082820	0.117132	0.986266	
0.303939	0.293800	0.440040	0.825274	
0.639347	0.343661	1.332791	0.485156	
0.260784	0.687929	1.971247	0.775062	
0.429673	0.423861	0.611902	0.528293	
0.021442	0.021445	0.030330	0.999166	
0.698592	0.244504	2.080410	0.753262	
0.364201	0.575930	1.046046	0.618536	
0.185728	0.185465	0.262860	0.929458	
