0.616030	0.381368	1.169118	0.342869	
0.457879	0.563884	0.893963	0.000084	
0.741879	0.187053	3.203148	0.613823	
0.634293	0.452728	2.927440	0.000000	
0.341280	0.335118	0.486236	0.747268	
0.112378	0.111853	0.159307	0.977552	
0.649188	0.349261	1.501227	0.405335	
0.646236	0.255880	1.785156	0.897555	
0.220037	0.728430	3.259263	0.723849	
0.677584	0.339419	1.514787	0.000214	
0.698675	0.270583	1.940539	0.466565	
0.392130	0.597292	1.089110	0.365703	
0.362025	0.629858	1.475067	0.498321	
0.455855	0.466662	0.676276	0.405647	
0.221352	0.749052	2.624233	0.000005	
0.348938	0.502614	0.876360	0.730903	
0.749739	0.217833	2.668322	0.000005	
0.243681	0.663797	1.927225	0.888407	
0.385789	0.669509	2.297891	0.000000	
0.000000	0.000000	0.000000	1.000002	
0.586285	0.481173	1.542606	0.000000	
0.268412	0.696736	1.947913	0.504335	
0.755429	0.188852	3.396088	0.056184	
0.167643	0.167652	0.237106	0.942164	
0.056820	0.056835	0.080387	0.993708	
0.562637	0.458511	0.890249	0.000000	
0.175490	0.758726	3.391696	0.003257	
0.219185	0.219201	0.310017	0.898856	
0.338823	0.677758	1.517215	0.000000	
0.466555	0.551688	0.854869	0.007878	
0.362924	0.629069	1.467159	0.496140	
0.604442	0.395632	1.110610	0.320303	
0.393115	0.598386	1.090606	0.355574	
0.397565	0.536789	0.938087	0.547231	
0.355702	0.494867	0.843579	0.711666	
0.343588	0.674328	1.486740	0.000000	
0.564086	0.490253	1.212526	0.000000	
0.022582	0.022585	0.031946	0.999128	
0.587108	0.301420	1.305946	0.822659	
0.251049	0.657588	1.843740	0.865546	
0.049332	0.049334	0.069772	0.995160	
0.190123	0.749651	3.104497	0.354684	
0.746584	0.226140	2.556337	0.000005	
0.152246	0.152253	0.215326	0.952553	
0.564155	0.457347	0.895461	0.000000	
0.701470	0.283534	1.875074	0.337312	
0.271270	0.707334	1.970451	0.378234	
0.349516	0.696469	2.511701	0.000000	
0.734672	0.168729	3.287433	0.875391	
0.678078	0.338730	1.519249	0.000214	
0.687893	0.226217	2.214123	0.864803	
0.219186	0.219198	0.310006	0.898837	
0.640213	0.360485	1.417636	0.386307	
0.223052	0.748276	2.604124	0.000005	
0.116694	0.116966	0.165676	0.974292	
0.634410	0.452644	2.934165	0.000000	
0.629074	0.457744	2.422642	0.000000	
0.665371	0.245352	1.958422	0.880892	
0.397608	0.607312	1.110056	0.288042	
0.580079	0.478524	1.304036	0.000000	
0.132548	0.133674	0.190572	0.971632	
0.610673	0.402879	1.108483	0.223323	
0.247268	0.701539	2.115294	0.611132	
0.495790	0.475234	0.717259	0.268032	
0.677684	0.339279	1.515691	0.000214	
0.588534	0.302537	1.306962	0.813940	
0.335241	0.698645	2.644754	0.000000	
0.220067	0.749604	2.642047	0.000005	
0.250208	0.662327	1.886015	0.851992	
0.746915	0.195103	3.027568	0.368005	
0.116700	0.116951	0.165640	0.974167	
0.338453	0.659873	1.688308	0.449691	
0.746028	0.225455	2.562609	0.000005	
0.704347	0.285072	1.880281	0.311215	
0.643351	0.363834	1.421991	0.344194	
0.025906	0.025910	0.036650	0.998832	
0.259298	0.261013	0.370983	0.858890	
0.341747	0.675657	1.498423	0.000000	
0.455731	0.566248	0.903082	0.000000	
0.562139	0.367418	1.027668	0.582241	
0.176407	0.740728	3.206728	0.699669	
0.329326	0.337038	0.482573	0.759001	
0.055429	0.055402	0.078412	0.994188	
0.056383	0.056399	0.079770	0.993814	
0.703152	0.244488	2.148957	0.623728	
0.618189	0.304312	1.415489	0.737596	
0.274640	0.644228	1.642785	0.783226	
0.509437	0.494878	0.733561	0.000000	
0.277265	0.703809	1.966138	0.368788	
0.350191	0.650813	1.427776	0.345291	
0.400422	0.601785	1.088901	0.301141	
0.302998	0.306850	0.437420	0.800688	
0.171899	0.172052	0.243426	0.939543	
0.279264	0.709062	1.938023	0.246809	
0.586285	0.481173	1.542606	0.000000	
0.627151	0.459020	2.351274	0.000000	
0.205302	0.204941	0.290602	0.913060	
0.396069	0.544355	0.925217	0.502431	
0.176536	0.740588	3.203686	0.699035	
0.561721	0.373100	1.013718	0.558937	
0.750854	0.183099	3.237432	0.393191	
0.758380	0.177046	3.395534	0.000014	
0.660870	0.394365	1.220725	0.220665	
0.210722	0.745405	3.033634	0.259862	
0.020918	0.020921	0.029589	0.999225	
0.332662	0.700356	2.704789	0.000000	
0.659461	0.247434	1.882114	0.879306	
0.444244	0.581982	0.958827	0.000000	
0.339912	0.335758	0.483110	0.744426	
0.605091	0.411486	1.075673	0.192869	
0.255711	0.654842	1.812904	0.852785	
0.758373	0.177066	3.395110	0.000014	
0.702059	0.336802	2.820170	0.000000	
0.175101	0.174786	0.247819	0.937965	
0.732277	0.177085	3.183067	0.848985	
0.055431	0.055401	0.078417	0.994224	
0.350492	0.693977	2.368879	0.000000	
0.370974	0.568000	1.097007	0.612913	
0.576630	0.481184	1.322366	0.000000	
0.204547	0.204724	0.289759	0.913171	
0.652849	0.338378	1.436044	0.390044	
0.407108	0.597646	1.062707	0.279356	
0.380864	0.628715	1.212128	0.264155	
0.000000	0.000000	0.000000	1.243920	
0.396825	0.552616	0.946785	0.480905	
0.225138	0.742377	2.559658	0.000005	
0.329799	0.336411	0.481558	0.758092	
0.634920	0.275631	1.623815	0.827037	
0.442970	0.583540	0.964768	0.000000	
0.252649	0.700293	2.159070	0.622456	
0.648639	0.374250	1.481962	0.247786	
0.699909	0.288384	1.837414	0.301300	
0.179839	0.743327	3.169027	0.613860	
0.049267	0.049465	0.070153	0.998215	
0.191522	0.191188	0.271095	0.924952	
0.484682	0.486434	0.690852	0.242820	
0.686511	0.357542	2.327621	0.000000	
0.336502	0.660902	1.495928	0.353650	
0.279796	0.711587	1.941007	0.238449	
0.744563	0.229203	2.514324	0.000005	
0.278504	0.278274	0.394066	0.831198	
0.283033	0.638684	1.655171	0.818554	
0.744030	0.178905	3.237009	0.619970	
0.200345	0.745931	2.881428	0.344382	
0.587067	0.480836	1.556494	0.000000	
0.350649	0.693851	2.365777	0.000000	
0.302872	0.683619	1.745043	0.402112	
0.713305	0.274005	1.994288	0.228581	
0.329451	0.336822	0.481997	0.758485	
0.020918	0.020921	0.029589	0.999213	
0.559616	0.460812	0.879997	0.000000	
0.265853	0.716874	2.064297	0.254128	
0.585435	0.345283	1.161358	0.630462	
0.401067	0.601134	1.085677	0.300499	
0.687893	0.226217	2.214121	0.864802	
0.494767	0.508770	0.730391	0.023423	
0.701192	0.284022	1.870914	0.336664	
0.000000	0.000000	0.000000	1.000006	
0.699052	0.289868	1.825221	0.299578	
0.601338	0.415766	1.056683	0.186430	
0.135626	0.135693	0.191958	0.962839	
0.634408	0.366115	1.270915	0.331471	
0.384158	0.562122	1.043315	0.546388	
0.329325	0.337039	0.482576	0.759003	
0.744823	0.228645	2.521550	0.000004	
0.685466	0.359086	2.310414	0.000000	
0.607878	0.470394	2.035600	0.000000	
0.266046	0.264329	0.377498	0.851625	
0.732296	0.177027	3.184248	0.849284	
0.056381	0.056400	0.079777	0.993850	
0.278522	0.642559	1.642785	0.783226	
0.667885	0.256232	1.872808	0.783974	
0.186612	0.746466	3.179968	0.490616	
0.179034	0.760564	3.330418	0.003202	
0.340450	0.677564	1.506756	0.000000	
0.547674	0.398475	0.932468	0.487728	
0.254472	0.702572	2.112137	0.613676	
0.354824	0.690488	2.285470	0.000000	
0.495307	0.509553	0.736906	0.002221	
0.652951	0.358533	1.395431	0.253448	
0.339119	0.702654	2.600804	0.000000	
0.610493	0.473011	2.197215	0.000000	
0.221218	0.742324	2.599915	0.000277	
0.413085	0.593059	1.036104	0.274547	
0.731409	0.169154	3.250989	0.920034	
0.678201	0.338556	1.520374	0.000214	
0.320174	0.675025	1.641341	0.387314	
0.648128	0.256824	1.782874	0.896917	
0.337522	0.564242	1.123687	0.711672	
0.198358	0.735322	3.273976	0.713574	
0.382450	0.628516	1.207808	0.253388	
0.677999	0.307805	1.777017	0.459222	
0.000000	0.000000	0.000000	1.996408	
0.742523	0.227809	2.916468	0.000000	
0.488144	0.492166	0.698945	0.203899	
0.182174	0.182298	0.257918	0.931687	
0.254322	0.654587	1.818426	0.861884	
0.511868	0.492992	0.738712	0.020865	
0.262406	0.261599	0.371718	0.853608	
0.705572	0.240189	2.197843	0.632531	
