0.000648	0.000080	0.171218	1.183639	
0.014654	0.599547	0.137955	1.111371	
0.000421	0.030876	0.021750	1.165522	
0.000305	0.000038	0.080599	1.213854	
0.004794	1.217782	0.267128	0.000848	
0.006289	0.575464	0.000058	1.141086	
0.102249	1.189044	0.005104	0.000005	
2.286278	0.000931	0.216472	0.006523	
0.495331	0.000162	0.112400	1.038803	
0.382727	0.000003	0.142661	2.289300	
0.513053	0.014826	1.079108	0.100047	
0.730634	0.089930	0.896687	0.068610	
0.985382	0.058518	0.579189	0.153435	
0.000000	0.000000	0.000000	10.211612	
1.423885	0.118338	0.073006	0.000006	
0.542519	0.048951	0.048992	0.988864	
0.123456	0.595848	0.102530	1.055137	
0.444399	1.033136	0.041632	0.373279	
0.039603	0.001789	0.101275	1.163435	
0.140646	0.005132	0.000000	1.257604	
1.265218	0.125152	0.257472	0.000001	
0.202350	0.988288	0.591568	0.000138	
0.000398	1.100267	0.606581	0.000120	
0.000000	0.000000	4.432622	0.000000	
0.002892	0.118334	0.000024	1.266247	
0.434188	0.001805	0.000001	2.267134	
0.283987	0.000002	0.105856	2.442808	
0.068202	0.007037	0.039092	1.188636	
0.121642	0.587094	0.171191	1.060548	
3.317325	0.000000	0.000000	0.000000	
0.000001	4.482002	0.000004	0.000000	
0.035380	1.527165	0.169328	0.000000	
0.215593	1.043322	0.269712	0.208606	
1.076104	0.015399	0.358520	0.228770	
0.485850	1.129675	0.000002	0.027670	
0.001967	1.623147	0.019283	0.000000	
0.037920	1.155729	0.000012	0.000645	
0.017334	0.000009	0.000017	2.297011	
0.000000	2.334723	0.053871	0.051378	
0.527517	0.042828	0.000005	1.054555	
0.004905	1.180786	0.251803	0.000822	
0.000480	0.520348	0.295623	1.082921	
1.219187	0.005473	0.043846	0.405157	
0.002876	0.117682	0.000476	1.259287	
1.130762	0.008650	0.298062	0.235840	
0.258621	0.041187	0.459793	0.982898	
0.744340	0.021510	0.914122	0.069521	
0.212162	3.640286	0.736037	0.000000	
0.000001	2.585606	0.025521	0.003979	
0.001133	0.925480	0.000014	1.735757	
0.444399	1.033136	0.041632	0.373279	
0.004198	0.000567	0.156096	1.130913	
1.149574	0.095540	0.186203	0.015930	
1.024423	0.124512	0.612707	0.098002	
0.442194	1.173265	0.000002	0.369397	
0.165456	0.003439	0.000298	1.264655	
0.035809	1.551666	0.167100	0.000007	
0.000000	0.000000	0.000000	4.206324	
0.476741	0.001416	0.100486	0.996457	
0.041416	0.004943	1.137026	0.327183	
4.146329	56.208228	0.000000	0.000027	
0.003677	0.000379	0.080515	1.213856	
0.000000	2.355769	0.000997	0.321144	
2.426405	0.000988	0.229740	0.000000	
0.014367	0.587808	0.142105	1.092450	
2.307350	0.547979	0.002055	0.000000	
0.054173	1.537231	0.000003	0.000334	
0.561028	0.013260	0.000133	0.959864	
0.049049	1.219248	0.000000	0.030514	
0.008868	0.295502	0.517300	1.078138	
0.000000	0.000000	0.000000	3.596758	
0.000000	2.271473	0.016403	0.049974	
0.000305	0.000038	0.080599	1.213854	
3.773572	0.028868	0.000000	0.761050	
0.165456	0.003439	0.000298	1.264655	
0.015607	1.250350	0.259004	0.000001	
0.921159	0.077649	0.644559	0.000858	
0.000000	5.685567	0.000036	0.756145	
1.082247	0.000930	0.443032	0.235840	
0.002297	1.094791	0.603563	0.000119	
0.469512	0.001394	0.099068	1.041211	
0.514419	0.017878	0.962591	0.322363	
0.004260	0.000422	0.157728	1.141655	
4.146329	56.208228	0.000000	0.000027	
0.542354	0.054179	0.000129	0.985487	
2.217894	6.730561	0.000070	0.000000	
0.229048	1.108434	0.286545	0.000147	
1.126478	0.111428	0.254611	0.000005	
0.433152	0.036512	0.292198	1.043626	
0.000001	2.428276	0.002729	0.017373	
0.080394	2.437518	0.000015	0.000270	
0.008855	0.000914	0.078407	1.188404	
0.495331	0.000162	0.112400	1.038803	
1.098177	0.003597	0.443355	0.005685	
0.156425	0.003016	0.000368	1.195592	
0.015629	1.252115	0.258706	0.000001	
1.256694	0.006112	0.028191	0.000840	
0.016341	0.001377	1.187294	0.156102	
0.580023	0.000450	0.013527	1.049843	
0.614356	0.000254	0.966719	0.002030	
0.000000	0.000000	0.000000	4.184403	
0.774792	1.682440	0.000003	0.000050	
0.001909	1.559136	0.026234	0.000000	
4.146329	56.208228	0.000000	0.000027	
2.642849	0.000000	0.607973	0.005420	
0.004247	0.000523	0.157682	1.142404	
0.020000	0.988695	0.574064	0.104594	
0.565632	0.000439	0.010518	1.066565	
0.002293	1.092712	0.616909	0.002224	
0.000001	2.215771	0.735612	0.003593	
0.615385	0.021387	0.901316	0.322363	
0.000001	2.343965	0.034290	0.003602	
0.000000	0.000000	0.000000	3.694748	
0.154854	0.000244	0.004149	1.121909	
0.032198	1.271896	0.000128	0.003592	
0.469512	0.001394	0.099068	1.041211	
0.438950	0.037001	0.294694	1.038584	
3.416009	0.002894	0.000000	0.930689	
0.055781	0.000000	2.129521	0.536384	
1.265218	0.125152	0.257472	0.000001	
0.774792	1.682440	0.000003	0.000050	
0.000000	5.685567	0.000036	0.756145	
1.185618	0.043183	0.312719	0.000946	
1.128073	0.093753	0.256063	0.000005	
0.344896	0.001970	0.502587	0.959937	
0.220618	3.146035	0.736230	0.000000	
0.054065	2.447850	0.000015	0.000271	
1.095421	0.003588	0.442242	0.005875	
0.946380	0.091008	0.640735	0.354723	
0.165456	0.003439	0.000298	1.264655	
0.511327	1.095176	0.000000	0.019270	
0.000000	5.685567	0.000036	0.756145	
0.024541	1.004080	0.578526	0.000276	
1.256694	0.006112	0.028191	0.000840	
0.550747	0.033021	0.012778	0.997837	
0.169611	0.743750	0.947357	0.330271	
0.000000	0.000000	0.000000	201.504019	
0.000098	2.322736	0.034447	0.003569	
0.049357	1.361446	0.000000	0.030347	
1.047713	0.003147	0.000015	1.856588	
1.092569	0.003861	0.440655	0.005655	
1.072416	0.000350	0.243351	0.383068	
0.000387	1.182019	0.376540	0.003584	
0.000704	0.000054	2.203855	0.039244	
0.031794	6.143876	0.000003	0.000000	
2.503336	0.000000	0.026693	0.664471	
0.139027	0.022141	0.593704	1.084768	
0.000000	0.000000	0.000000	3.136795	
1.042687	0.079917	0.687743	0.000089	
0.014787	1.217702	0.019562	0.000305	
0.010171	1.046014	0.687952	0.003570	
0.519290	1.112232	0.000000	0.018647	
0.513344	1.099496	0.009524	0.018929	
0.005438	0.000539	0.001037	1.188953	
1.163636	0.000013	0.422436	0.000292	
0.000000	0.000000	2.834348	0.579526	
0.567053	0.010582	0.007321	1.025528	
0.344896	0.001970	0.502587	0.959937	
0.000098	2.323992	0.034465	0.000036	
0.005448	2.466109	0.000001	0.000001	
0.013684	1.096256	0.646075	0.000001	
1.511499	0.004489	0.025433	0.000000	
1.185971	0.000935	0.268281	0.000001	
0.965890	0.081419	0.602043	0.152975	
0.030124	1.245366	0.001307	0.245034	
0.189608	3.253308	0.760758	0.000000	
1.116642	0.145865	0.253296	0.000004	
0.060189	2.269419	0.000001	0.000300	
13.330331	1.089033	0.000000	0.000330	
0.011589	1.095186	0.010791	0.258322	
0.000001	2.239085	0.436555	0.003511	
0.949793	0.080062	0.640716	0.100386	
0.156352	0.754617	0.942881	0.000673	
0.308544	0.001763	0.449615	0.986732	
0.000366	1.410441	0.000192	0.000764	
0.000000	2.314387	1.403250	0.004199	
0.000000	0.000000	0.000000	3.136795	
0.030615	1.252536	0.001314	0.000165	
0.417239	0.001887	1.286608	0.000001	
0.004892	1.177704	0.237258	0.003399	
1.084410	0.135837	0.228880	0.000760	
0.013987	2.577511	0.000000	0.057417	
0.000001	2.236768	1.379985	0.002929	
0.167231	0.000002	2.006152	0.042548	
1.070402	0.001307	0.703959	0.000093	
4.271568	0.025770	0.000000	0.861476	
0.057336	0.000001	2.188887	0.046279	
0.267647	0.001529	0.475098	0.986732	
1.243586	0.111630	0.225887	0.000005	
0.040338	2.474450	0.000000	0.000051	
0.049049	1.219248	0.000000	0.030514	
1.042687	0.079917	0.687743	0.000089	
1.279235	0.026564	0.002302	0.003917	
0.017090	1.084591	0.227171	0.000754	
0.000001	2.236768	1.379985	0.002929	
0.003380	10.576363	0.000000	0.000072	
0.009264	0.308690	0.540387	1.071976	
1.102000	0.011407	0.000262	0.020613	
0.000767	0.838065	0.385758	1.022930	
0.321544	0.027104	1.098730	0.104748	
