0.905318	0.803771	0.026370	4.782561	
0.311904	0.001959	0.153483	7.319715	
0.739846	0.001301	0.734851	5.613895	
0.265086	0.126547	0.000368	7.332789	
0.668240	0.648180	0.668504	6.280709	
0.000005	0.127000	0.000368	7.755641	
0.192857	0.002503	0.780887	6.155718	
0.000007	0.674014	0.644574	6.818438	
0.191762	0.776978	0.000046	6.175404	
0.808926	0.267375	0.806633	4.395991	
0.000041	0.167620	0.309371	7.313852	
0.228805	0.220050	0.885549	5.502143	
0.008661	0.893733	0.780228	4.880544	
0.903539	0.698226	0.658335	4.888449	
0.879782	0.224262	0.226333	5.490801	
0.618733	0.000267	0.211581	7.275559	
0.136511	0.000414	0.134207	7.470753	
0.717269	0.000298	0.358336	6.755748	
0.159786	0.000399	0.309725	7.302949	
0.205375	0.000429	0.626992	7.214650	
0.242688	0.761540	0.655809	5.923944	
0.329795	0.195664	0.173015	6.930677	
0.000007	0.210821	0.644574	7.134772	
0.685938	0.881115	0.673676	4.823338	
0.205395	0.622824	0.625720	6.850181	
0.735006	0.733083	0.000003	5.662184	
0.718581	0.001118	0.002983	6.941395	
0.778313	0.203916	0.000002	6.191623	
0.136659	0.137077	0.002446	7.461354	
0.019029	0.004308	0.891498	6.321786	
0.000230	0.140693	0.136007	7.457738	
0.299031	0.580997	0.723639	6.481911	
0.283962	0.006824	0.001089	7.580509	
0.000011	0.903728	0.000842	6.383773	
0.632596	0.246308	0.630124	6.724156	
0.000000	0.604482	0.720372	6.796865	
0.222669	0.865050	0.221040	5.480715	
0.806013	0.888853	0.027685	4.724880	
0.718581	0.874968	0.861277	3.568657	
0.124358	0.000003	0.000046	7.761474	
0.000174	0.771470	0.192713	6.204920	
0.872734	0.747507	0.891552	3.400667	
0.000000	0.000000	0.000000	8.001132	
0.000000	0.000000	0.125390	7.759718	
0.184141	0.179157	0.307033	6.922112	
0.000731	0.000000	0.590872	7.796668	
0.616130	0.278670	0.761686	5.977626	
0.222141	0.663107	0.004790	7.088632	
0.158212	0.321505	0.000145	7.337335	
0.001046	0.731847	0.000117	6.861532	
0.000000	0.314314	0.164613	7.351945	
0.670553	0.328027	0.000046	7.000373	
0.658538	0.215799	0.213364	6.578729	
0.804039	0.800605	0.246118	4.438092	
0.802419	0.612211	0.201369	5.726384	
0.677113	0.679365	0.899407	4.890353	
0.151479	0.146482	0.156072	7.097588	
0.910493	0.024595	0.797330	4.830458	
0.865675	0.868459	0.723786	3.524278	
0.902419	0.005353	0.009985	6.363736	
0.159777	0.281745	0.157346	6.957252	
0.004786	0.000490	0.277364	7.579884	
0.804100	0.000305	0.917596	4.862836	
0.222486	0.216688	0.654292	6.598935	
0.000381	0.876701	0.596946	6.123133	
0.777480	0.000472	0.179700	6.291218	
0.001053	0.001301	0.723639	6.905171	
0.317655	0.000507	0.725048	6.531391	
0.000000	0.285744	0.000103	7.629764	
0.271182	0.814133	0.804998	4.389857	
0.642955	0.000490	0.028024	7.533360	
0.912247	0.000000	0.596114	6.192003	
0.608899	0.800605	0.246118	5.719773	
0.296407	0.010700	0.293176	7.189761	
0.642127	0.228737	0.000600	7.090462	
0.820713	0.272608	0.605589	5.680360	
0.210536	0.666337	0.227439	6.592109	
0.000000	0.611373	0.201702	7.357692	
0.001046	0.733180	0.745976	5.646621	
0.639346	0.612211	0.201369	6.826353	
0.029212	0.790807	0.907631	4.843454	
0.000007	0.210821	0.777404	6.193433	
0.791319	0.661800	0.210548	5.445564	
0.000213	0.127000	0.000368	7.755317	
0.692230	0.881115	0.673676	4.768343	
0.642203	0.659061	0.670505	6.200501	
0.205375	0.622824	0.626992	6.842463	
0.872315	0.879528	0.761686	3.291128	
0.872315	0.640571	0.761686	4.502542	
0.000000	0.318161	0.716575	6.597389	
0.013764	0.846157	0.002126	6.298678	
0.912247	0.000000	0.595773	6.250535	
0.905597	0.818063	0.027853	4.728874	
0.227992	0.865050	0.221040	5.476129	
0.159786	0.000399	0.629525	7.267870	
0.130143	0.307244	0.000046	7.365650	
0.136511	0.000414	0.134120	7.470956	
0.158212	0.321505	0.764536	5.963714	
0.879782	0.224262	0.222713	5.493936	
0.644894	0.140693	0.212082	6.885638	
0.739672	0.000298	0.065576	6.761665	
0.825398	0.888853	0.011881	4.680627	
0.677113	0.681035	0.893948	4.839293	
0.271182	0.814168	0.804998	4.383067	
0.693452	0.208338	0.680253	6.097244	
0.000731	0.000000	0.590872	7.796668	
0.818640	0.003677	0.868756	4.678524	
0.000000	0.000000	0.127877	7.753237	
0.000230	0.144199	0.136007	7.449011	
0.001046	0.733180	0.000117	6.852463	
0.029212	0.820625	0.908679	4.733438	
0.124358	0.000014	0.000046	7.761464	
0.000496	0.169475	0.307033	7.304533	
0.649846	0.228737	0.000600	7.038137	
0.222486	0.216688	0.648863	6.726923	
0.265086	0.126547	0.000096	7.340933	
0.000000	0.284704	0.000525	7.591024	
0.743860	0.000790	0.734851	5.587026	
0.618733	0.000267	0.224140	7.239574	
0.026598	0.847632	0.781518	4.808125	
0.013329	0.206571	0.776403	6.145693	
0.000000	0.612235	0.201702	7.296695	
0.731264	0.865566	0.854544	3.469450	
0.193444	0.782942	0.000008	6.191112	
0.738160	0.733083	0.000003	5.640208	
0.619626	0.029933	0.654289	7.031577	
0.804039	0.808744	0.246118	4.405581	
0.296407	0.002944	0.293176	7.198513	
0.000003	0.016444	0.734258	6.832464	
0.151479	0.144917	0.156087	7.101096	
0.777814	0.000472	0.168941	6.211803	
0.000874	0.822957	0.752085	5.087180	
0.667672	0.635277	0.002593	6.928213	
0.237476	0.665795	0.233685	6.510199	
0.812858	0.784733	0.868756	3.212323	
0.828461	0.267375	0.036505	5.875515	
0.656065	0.612211	0.201369	6.709190	
0.903539	0.018108	0.000439	6.364095	
0.187704	0.001198	0.785672	6.134735	
0.132598	0.137077	0.002446	7.470697	
0.805544	0.000000	0.584674	6.316365	
0.299319	0.000000	0.000023	7.753973	
0.332372	0.288161	0.143659	6.977794	
0.207166	0.667205	0.016042	6.922825	
0.000601	0.820661	0.166380	6.032090	
0.001219	0.213057	0.646171	7.073704	
0.301682	0.210821	0.857778	5.567328	
0.217267	0.000000	0.298120	7.198237	
0.000000	0.318161	0.165234	7.312558	
0.807688	0.261677	0.806633	4.397799	
0.022280	0.000097	0.001847	7.971799	
0.004908	0.000069	0.277364	7.580116	
0.222486	0.809076	0.644023	5.503271	
0.625826	0.274653	0.818158	5.567175	
0.184141	0.169475	0.307033	6.954430	
0.296407	0.086892	0.156619	7.140121	
0.001546	0.027056	0.900498	6.339293	
0.159605	0.281745	0.157346	6.957747	
0.615735	0.829323	0.225384	5.605425	
0.902419	0.005353	0.761686	5.018472	
0.616183	0.096598	0.000046	7.494274	
0.717068	0.208338	0.678440	6.079348	
0.165590	0.000252	0.307239	7.287231	
0.013329	0.207328	0.777211	6.138343	
0.727510	0.865566	0.854544	3.495602	
0.032604	0.820661	0.908679	4.728317	
0.296919	0.207577	0.288887	6.814703	
0.189300	0.807955	0.139317	5.759273	
0.212357	0.663170	0.224606	6.538836	
0.005559	0.319122	0.221040	7.219608	
0.019404	0.034008	0.137337	7.691602	
0.613822	0.030719	0.656776	7.046050	
0.283962	0.006884	0.001089	7.580461	
0.151479	0.138137	0.292629	7.025774	
0.874072	0.138137	0.018674	6.022757	
0.265339	0.217609	0.648732	6.627526	
0.054766	0.852046	0.116037	6.132260	
0.000000	0.209984	0.680581	7.043132	
0.693300	0.878133	0.680253	4.688567	
0.650007	0.215799	0.216982	6.662861	
0.736477	0.001050	0.004872	6.862602	
0.616272	0.833957	0.123993	5.761455	
0.031857	0.832122	0.785672	4.845609	
0.684699	0.326883	0.785672	5.360285	
0.806013	0.888853	0.027685	4.724880	
0.132598	0.132031	0.002446	7.482535	
0.021341	0.818063	0.027747	6.432926	
0.186794	0.207328	0.777211	5.783221	
0.713318	0.806275	0.358336	5.129232	
0.813844	0.784733	0.585763	4.778259	
0.902419	0.003802	0.761686	5.136701	
0.905318	0.807386	0.808886	3.269581	
0.000000	0.285744	0.000542	7.590753	
0.275133	0.020831	0.804998	6.051788	
0.013763	0.000069	0.277364	7.568547	
0.639346	0.612211	0.003745	7.226337	
0.191436	0.764199	0.000046	6.250918	
0.777480	0.672915	0.171414	5.606095	
0.616554	0.000483	0.127877	7.418144	
0.737946	0.733083	0.000003	5.641400	
