0.000055	0.003401	0.720675	6.925399	
0.302653	0.000000	0.000000	7.747116	
0.000984	0.624224	0.663395	7.056910	
0.655548	0.224377	0.216206	6.593638	
0.880324	0.887520	0.721315	3.586214	
0.591299	0.000021	0.736750	6.606307	
0.705174	0.012033	0.319792	6.697379	
0.801709	0.809234	0.233084	4.470660	
0.001344	0.196465	0.782718	6.155874	
0.201081	0.000583	0.800986	6.241364	
0.700112	0.886865	0.656822	4.824720	
0.202532	0.000021	0.619516	7.334665	
0.912716	0.224428	0.216206	5.597879	
0.298762	0.143742	0.000179	7.324044	
0.003387	0.297191	0.155049	7.291554	
0.151737	0.150008	0.150142	7.101680	
0.265175	0.643253	0.616850	6.735965	
0.000000	0.000000	0.265458	7.576291	
0.003364	0.218544	0.638221	7.116235	
0.793629	0.000021	0.868988	4.778611	
0.782768	0.889614	0.025256	4.834801	
0.223523	0.216907	0.861011	5.481914	
0.615124	0.195503	0.000005	7.305727	
0.275090	0.821524	0.810445	4.359214	
0.003753	0.901857	0.798079	4.821943	
0.126035	0.000020	0.000300	7.757510	
0.000291	0.133665	0.134753	7.475906	
0.736712	0.741549	0.000013	5.590344	
0.000003	0.612863	0.000156	7.685758	
0.684496	0.689018	0.880608	4.767198	
0.201793	0.624154	0.000000	7.411886	
0.157817	0.304397	0.203232	6.905896	
0.000996	0.793024	0.886694	4.806825	
0.623398	0.020867	0.211432	7.194914	
0.000003	0.294442	0.005622	7.594925	
0.151885	0.298972	0.004122	7.302934	
0.012304	0.869768	0.032332	6.259095	
0.000021	0.002440	0.868881	6.308646	
0.000000	0.000000	0.000000	8.000256	
0.298762	0.690786	0.000179	6.762432	
0.880428	0.000026	0.000104	6.327140	
0.629611	0.272602	0.765857	5.787353	
0.314626	0.200690	0.192159	6.862521	
0.602516	0.014155	0.006143	7.725705	
0.135774	0.000025	0.134103	7.472335	
0.602516	0.014155	0.889679	6.173943	
0.879956	0.737883	0.862379	3.438250	
0.801709	0.271869	0.802516	4.440086	
0.639682	0.632485	0.650482	6.539930	
0.897214	0.803938	0.010189	4.775605	
0.895042	0.018052	0.814859	4.719013	
0.287602	0.803257	0.629108	5.607052	
0.634848	0.279319	0.631554	6.711740	
0.893709	0.000002	0.580137	6.200310	
0.014948	0.760172	0.733812	5.514765	
0.207946	0.145571	0.316215	6.946864	
0.780364	0.002318	0.187136	6.161651	
0.771924	0.611041	0.237923	5.854124	
0.000428	0.929230	0.641742	6.044262	
0.149107	0.002680	0.277315	7.284362	
0.716766	0.320088	0.000012	6.620498	
0.742296	0.003605	0.000523	6.948410	
0.292214	0.000010	0.156761	7.287018	
0.796058	0.276132	0.632747	5.725525	
0.218940	0.872569	0.214529	5.494977	
0.219235	0.663665	0.214435	6.536319	
0.627775	0.827602	0.256675	5.530421	
0.137411	0.135400	0.000000	7.481946	
0.000003	0.772958	0.196876	6.190867	
0.000014	0.131239	0.280409	7.330887	
0.000794	0.711944	0.001474	6.991389	
0.733688	0.006426	0.732679	5.738919	
0.934141	0.669564	0.679559	5.073308	
0.192391	0.809219	0.000026	6.213326	
0.000000	0.001143	0.633618	7.648455	
0.777619	0.197763	0.000046	6.171527	
0.000014	0.128822	0.001533	7.786247	
0.000003	0.612863	0.196136	7.382304	
0.628746	0.631365	0.250942	6.740145	
0.000021	0.000000	0.123697	7.763362	
0.275090	0.618267	0.810445	5.738564	
0.000291	0.669211	0.580967	7.154768	
0.214731	0.218544	0.651759	6.620508	
0.753720	0.875325	0.869612	3.359791	
0.000002	0.929230	0.641679	6.129328	
0.002163	0.869768	0.032332	6.270479	
0.733688	0.870053	0.783848	3.766177	
0.000291	0.669211	0.621051	6.953794	
0.000003	0.612863	0.008556	7.684687	
0.000003	0.012231	0.005622	7.983232	
0.619878	0.182882	0.642634	6.809560	
0.151885	0.298972	0.157596	6.993382	
0.261566	0.017884	0.002755	7.571623	
0.159573	0.216907	0.861011	5.603544	
0.015042	0.001137	0.633025	7.547103	
0.126035	0.191374	0.000300	7.417049	
0.626986	0.803779	0.803809	4.452364	
0.862293	0.811028	0.720722	3.631300	
0.700112	0.886865	0.653150	4.850579	
0.700112	0.886931	0.211210	5.016365	
0.139608	0.296169	0.000008	7.333647	
0.205716	0.147340	0.629838	6.895311	
0.642210	0.145641	0.217157	6.811817	
0.262463	0.809219	0.000003	6.051558	
0.730855	0.001301	0.000352	6.992095	
0.284529	0.667080	0.841937	5.239301	
0.777619	0.197763	0.000014	6.180834	
0.139691	0.173521	0.157596	7.140082	
0.001344	0.196465	0.784898	6.143516	
0.263262	0.000000	0.123697	7.338381	
0.000019	0.122736	0.629896	7.349785	
0.001137	0.771676	0.000025	6.582825	
0.721974	0.000000	0.319792	6.585263	
0.131393	0.000025	0.134103	7.483851	
0.880826	0.001404	0.341661	6.042704	
0.764643	0.200694	0.193451	5.854314	
0.000055	0.006569	0.720675	6.921950	
0.629600	0.632485	0.216418	6.747046	
0.202532	0.000026	0.619516	7.253785	
0.616454	0.195503	0.000005	7.282115	
0.149107	0.003605	0.277315	7.283781	
0.003287	0.297191	0.154350	7.293550	
0.000014	0.129094	0.000056	7.750010	
0.218940	0.662339	0.214544	6.545565	
0.876960	0.000020	0.000300	6.325681	
0.000055	0.006569	0.135930	7.727472	
0.004505	0.279637	0.000000	7.677347	
0.827715	0.914730	0.032332	4.761305	
0.916494	0.662166	0.004481	5.804871	
0.314626	0.200690	0.001610	7.239634	
0.762655	0.136966	0.762713	5.008381	
0.878031	0.030464	0.798492	4.728506	
0.602963	0.000087	0.738771	6.560763	
0.000984	0.630678	0.663395	6.936072	
0.893609	0.000002	0.580137	6.212671	
0.200589	0.014636	0.000000	7.898457	
0.000001	0.028539	0.261105	7.543017	
0.764455	0.036951	0.904613	4.968765	
0.000984	0.797703	0.202259	6.056720	
0.188584	0.610891	0.000003	7.325248	
0.648255	0.809219	0.218512	5.525959	
0.000082	0.793024	0.886694	4.807445	
0.603140	0.024333	0.000012	7.728867	
0.000003	0.616425	0.196136	7.282087	
0.891664	0.886865	0.052465	4.608522	
0.208836	0.872835	0.652533	5.347712	
0.801709	0.283896	0.631492	5.594864	
0.862293	0.005430	0.738038	5.296604	
0.127577	0.875571	0.868551	4.408550	
0.916494	0.662166	0.685566	4.993980	
0.851202	0.736793	0.879008	3.445845	
0.130451	0.160109	0.278071	7.175464	
0.000291	0.131263	0.134753	7.482454	
0.005202	0.880155	0.642317	5.908029	
0.700424	0.222974	0.697095	5.792757	
0.303608	0.201036	0.193451	6.841013	
0.000001	0.223209	0.266226	7.165484	
0.014514	0.869764	0.801825	4.726484	
0.698319	0.315077	0.000012	6.738653	
0.254527	0.002678	0.736267	6.486746	
0.143094	0.643253	0.616850	6.907111	
0.762888	0.634221	0.231007	5.774031	
0.208836	0.872901	0.210593	5.509804	
0.616454	0.649435	0.000449	7.120188	
0.733688	0.695734	0.631842	5.627318	
0.000021	0.001516	0.868881	6.309645	
0.714946	0.870053	0.794537	3.832454	
0.103331	0.662166	0.004645	7.181529	
0.002140	0.780411	0.879969	4.859137	
0.733688	0.007304	0.018951	6.890900	
0.208448	0.218544	0.659912	6.740774	
0.018390	0.216753	0.202259	7.176110	
0.793629	0.828558	0.073049	4.692210	
0.764455	0.100498	0.904613	4.944096	
0.700692	0.900390	0.017650	5.435526	
0.722154	0.702804	0.329098	5.670171	
0.021476	0.140226	0.201909	7.311479	
0.891664	0.888811	0.043116	4.630310	
0.916494	0.662166	0.685025	4.997792	
0.884107	0.321716	0.000012	5.995725	
0.001137	0.771676	0.000025	6.582825	
0.641526	0.222169	0.217507	6.684386	
0.629600	0.190044	0.000007	7.224564	
0.137174	0.000000	0.123697	7.494302	
0.126587	0.297191	0.154410	7.052550	
0.000021	0.002440	0.251923	7.575531	
0.801709	0.798327	0.233212	4.514910	
0.003287	0.297191	0.808334	6.006534	
0.005202	0.880155	0.642317	5.908029	
0.626986	0.895514	0.814647	4.347120	
0.629600	0.632485	0.216418	6.747046	
0.284661	0.675727	0.859267	5.166783	
0.000800	0.006632	0.156761	7.682438	
0.000003	0.184579	0.005437	7.640141	
0.866146	0.770869	0.848285	3.209311	
0.000000	0.001143	0.634471	7.635487	
0.140781	0.792246	0.272253	5.856248	
0.261566	0.144408	0.002755	7.287663	
0.722154	0.000000	0.319341	6.587150	
0.151737	0.693363	0.150142	6.817005	
