0.625246	0.270990	0.790954	5.674550	
0.284519	0.000000	0.000000	7.589567	
0.880526	0.000100	0.012071	6.311572	
0.140953	0.000066	0.137580	7.452823	
0.268447	0.812411	0.816727	4.376126	
0.548338	0.000004	0.735880	6.786933	
0.195699	0.778890	0.000003	6.160964	
0.773337	0.216472	0.636924	5.883990	
0.002351	0.144313	0.297844	7.317112	
0.605764	0.704892	0.028828	6.758511	
0.635911	0.000446	0.001890	7.544715	
0.736162	0.885525	0.872797	3.477717	
0.001207	0.139046	0.137226	7.458001	
0.819274	0.799580	0.262797	4.385155	
0.001856	0.000073	0.261771	7.574898	
0.282039	0.626733	0.635597	6.753144	
0.000000	0.000000	0.000000	8.000020	
0.004274	0.622000	0.721603	6.600333	
0.640053	0.216472	0.636924	6.829184	
0.153946	0.151519	0.149030	7.096034	
0.004274	0.000827	0.885883	6.330341	
0.305818	0.276688	0.000474	7.200936	
0.199258	0.152772	0.291222	6.935668	
0.699805	0.608124	0.000630	6.876422	
0.193980	0.021222	0.625605	7.289977	
0.003683	0.785139	0.189536	6.131007	
0.227464	0.626453	0.721481	6.167119	
0.000007	0.701118	0.338485	6.753786	
0.694493	0.671703	0.896722	4.784151	
0.135593	0.141779	0.000613	7.455491	
0.156754	0.288154	0.000003	7.281334	
0.306906	0.162347	0.184882	6.926041	
0.207091	0.617847	0.000005	7.275520	
0.722864	0.000318	0.000543	6.911507	
0.303521	0.163342	0.000000	7.288563	
0.903926	0.027804	0.802121	4.782778	
0.024272	0.898579	0.794257	4.808420	
0.198870	0.002130	0.781558	6.137614	
0.601540	0.000004	0.198344	7.357473	
0.000008	0.891120	0.000208	6.347282	
0.805229	0.024557	0.868694	4.701334	
0.790399	0.622925	0.234105	5.687517	
0.001247	0.727706	0.000296	6.875262	
0.903575	0.736611	0.876035	3.514262	
0.288075	0.796150	0.635597	5.600985	
0.750355	0.735569	0.000050	5.565254	
0.891038	0.805700	0.040256	4.707362	
0.788191	0.193225	0.000489	6.113441	
0.000183	0.208534	0.630489	7.180977	
0.659878	0.701120	0.303064	6.182933	
0.748807	0.013124	0.727032	5.626797	
0.002820	0.619782	0.189556	7.269502	
0.707807	0.000135	0.344196	6.716358	
0.002306	0.302905	0.000005	7.636833	
0.781530	0.002319	0.192338	6.148693	
0.004513	0.732038	0.747588	5.670184	
0.902760	0.868587	0.731223	3.542976	
0.677101	0.221585	0.214701	6.449483	
0.626853	0.000002	0.855869	5.980249	
0.000328	0.608124	0.000630	7.790249	
0.000008	0.127283	0.002004	7.752901	
0.220704	0.867124	0.220108	5.485029	
0.820956	0.263967	0.804107	4.361877	
0.647783	0.644021	0.637158	6.497723	
0.646124	0.590829	0.234409	6.859959	
0.220565	0.219266	0.656772	6.579675	
0.640140	0.193767	0.000003	7.137893	
0.939012	0.618334	0.000043	6.209007	
0.933312	0.694219	0.697460	4.813107	
0.798214	0.857948	0.009202	4.744415	
0.631675	0.910442	0.011019	5.974771	
0.126217	0.000071	0.000051	7.756980	
0.031271	0.800862	0.870593	4.708825	
0.197946	0.000003	0.268798	7.192423	
0.000112	0.000436	0.721743	6.919761	
0.023548	0.000066	0.631898	7.560396	
0.225959	0.663609	0.220039	6.527009	
0.230078	0.221480	0.861248	5.473025	
0.286939	0.036722	0.279871	7.128204	
0.000084	0.195433	0.778132	6.173285	
0.686865	0.869571	0.666207	4.837756	
0.859108	0.217667	0.212688	5.490851	
0.164544	0.318719	0.187480	6.937904	
0.000001	0.000993	0.124392	7.762698	
0.291141	0.000028	0.162052	7.284899	
0.003966	0.627275	0.910884	6.007424	
0.000315	0.318485	0.158259	7.320862	
0.718888	0.000073	0.274118	6.523803	
0.897590	0.806947	0.220108	4.417645	
0.286939	0.061596	0.279871	7.081953	
0.638744	0.276530	0.638173	6.642078	
0.680920	0.690534	0.896722	4.745543	
0.193959	0.631962	0.637510	6.811412	
0.001832	0.741890	0.000017	6.776211	
0.007057	0.000066	0.638189	7.523829	
0.004042	0.010649	0.262388	7.559524	
0.686865	0.789114	0.666207	5.010366	
0.124594	0.000068	0.000051	7.760654	
0.700256	0.629899	0.000003	6.758801	
0.258930	0.809055	0.816727	4.449110	
0.002811	0.007485	0.003931	7.985187	
0.641925	0.000446	0.001890	7.504740	
0.880526	0.000100	0.005935	6.318725	
0.286939	0.015010	0.162052	7.263451	
0.153946	0.012714	0.151120	7.379264	
0.024272	0.900699	0.786261	4.854108	
0.162971	0.288154	0.000003	7.280170	
0.627545	0.005324	0.729391	6.478120	
0.153529	0.283939	0.151120	7.035881	
0.227484	0.861510	0.220108	5.478168	
0.000002	0.319462	0.155455	7.329275	
0.003966	0.828225	0.269030	5.918535	
0.627545	0.704892	0.011828	6.657217	
0.648988	0.671360	0.638173	6.289817	
0.193935	0.267702	0.637512	6.739031	
0.002306	0.267392	0.000005	7.592961	
0.006616	0.000980	0.185516	7.624140	
0.204265	0.002130	0.781558	6.130586	
0.211016	0.630062	0.002173	7.189932	
0.001076	0.651393	0.896722	5.803516	
0.899808	0.811186	0.729645	3.630388	
0.187579	0.005378	0.635597	7.171495	
0.000084	0.195433	0.777077	6.178944	
0.799159	0.234734	0.781558	4.548413	
0.907030	0.000262	0.802121	4.827175	
0.694493	0.679043	0.185728	6.000571	
0.001832	0.627877	0.744901	6.350709	
0.789338	0.193225	0.000606	6.107657	
0.707807	0.007134	0.343171	6.706327	
0.739198	0.001410	0.010443	6.781773	
0.016206	0.637763	0.187172	7.145571	
0.805229	0.013234	0.868694	4.716676	
0.004274	0.000005	0.885883	6.331172	
0.695806	0.263177	0.815516	5.225775	
0.631851	0.891241	0.001890	5.921578	
0.856633	0.217667	0.225046	5.479974	
0.001247	0.861967	0.000094	6.307567	
0.677101	0.222709	0.217337	6.446301	
0.226333	0.000068	0.000051	7.583580	
0.798214	0.857948	0.013686	4.744274	
0.303716	0.162347	0.202210	6.895409	
0.941295	0.735569	0.717799	4.352216	
0.197618	0.000001	0.264378	7.276994	
0.000135	0.215810	0.640830	7.261905	
0.219624	0.663609	0.224962	6.526486	
0.000055	0.177976	0.293060	7.263223	
0.750462	0.313109	0.638173	5.877809	
0.005132	0.631088	0.000048	7.573319	
0.001325	0.134378	0.000491	7.736804	
0.647329	0.059058	0.162052	7.065671	
0.770586	0.881463	0.808578	3.329846	
0.189614	0.165241	0.273115	6.874907	
0.204114	0.778890	0.000003	6.154050	
0.939012	0.631088	0.000045	6.158389	
0.271853	0.802558	0.635597	5.556418	
0.750355	0.735569	0.000103	5.556166	
0.162971	0.155734	0.000003	7.417689	
0.643229	0.207324	0.000491	7.136250	
0.153529	0.151519	0.151120	7.144735	
0.223710	0.648938	0.902759	5.445318	
0.870667	0.804998	0.000532	4.730350	
0.288536	0.140108	0.001564	7.317003	
0.002066	0.775175	0.860445	4.868460	
0.748170	0.013124	0.732894	5.603852	
0.641925	0.633664	0.244442	6.760944	
0.005837	0.628983	0.692046	6.727704	
0.014547	0.701118	0.303064	6.676291	
0.001180	0.139537	0.137226	7.456297	
0.184530	0.195433	0.777077	5.812249	
0.002660	0.000066	0.764479	6.623978	
0.862001	0.682223	0.869883	3.843262	
0.939012	0.614242	0.000043	6.261631	
0.121556	0.630062	0.008187	7.355108	
0.070770	0.127283	0.002004	7.638415	
0.880526	0.048939	0.012071	6.240953	
0.865405	0.000066	0.638189	5.839702	
0.177128	0.732038	0.638731	6.113062	
0.645429	0.645095	0.234409	6.553801	
0.007220	0.701118	0.303064	6.680577	
0.073086	0.166186	0.269030	7.126531	
0.000000	0.022585	0.000003	7.985585	
0.219624	0.666081	0.224962	6.508488	
0.656055	0.183496	0.000606	7.104621	
0.813416	0.000943	0.853028	4.701539	
0.625246	0.270990	0.181472	6.926249	
0.685754	0.789114	0.662851	5.042910	
0.286939	0.014450	0.201089	7.195539	
0.007581	0.720556	0.036713	6.885058	
0.006893	0.319462	0.155455	7.321728	
0.631851	0.890956	0.013661	6.016058	
0.635048	0.698171	0.000103	6.686678	
0.007452	0.868587	0.000924	6.302166	
0.297747	0.000005	0.044926	7.542134	
0.647783	0.670341	0.637158	6.452591	
0.698398	0.016943	0.000000	7.076255	
0.219539	0.785139	0.224987	5.680262	
0.891224	0.806947	0.225031	4.394584	
0.000135	0.225803	0.640666	7.255211	
0.640204	0.006904	0.244442	7.128786	
0.903575	0.734877	0.907781	3.607584	
