0.029202	0.871137	0.796454	4.730731	
0.868376	0.212048	0.220294	5.492809	
0.001457	0.200679	0.786906	6.119813	
0.722483	0.001102	0.000796	6.913968	
0.181948	0.174377	0.326006	6.942603	
0.001801	0.127281	0.000646	7.755236	
0.720157	0.609065	0.003907	6.634391	
0.865965	0.889938	0.741525	3.435407	
0.000001	0.000003	0.125685	7.758731	
0.285823	0.162049	0.000594	7.267910	
0.190889	0.804108	0.006133	6.131427	
0.165440	0.012487	0.312909	7.283060	
0.249335	0.810316	0.802252	4.401803	
0.187738	0.306638	0.175338	6.897530	
0.646055	0.655327	0.644532	6.384118	
0.012636	0.811710	0.914998	4.822061	
0.000000	0.218123	0.000000	7.590569	
0.611632	0.862261	0.263304	5.574734	
0.601897	0.187693	0.000145	7.439344	
0.000025	0.163689	0.311725	7.298616	
0.808392	0.812183	0.267008	4.389222	
0.285376	0.630266	0.618642	6.825111	
0.902924	0.007265	0.008873	6.364648	
0.309051	0.740144	0.032334	6.367298	
0.000000	0.002547	0.637805	7.532924	
0.895118	0.003862	0.806564	4.769971	
0.645893	0.228788	0.643465	6.571426	
0.794731	0.262823	0.801921	4.472790	
0.023603	0.021505	0.914298	6.373266	
0.609725	0.000257	0.208579	7.302417	
0.649118	0.613796	0.202612	6.752861	
0.213682	0.238405	0.671097	6.471110	
0.000011	0.639421	0.240739	7.098208	
0.735342	0.001606	0.760025	5.474446	
0.000000	0.000000	0.000000	8.001968	
0.219445	0.219048	0.868750	5.488730	
0.867761	0.606465	0.003894	6.026842	
0.660077	0.217645	0.227070	6.641814	
0.000093	0.140950	0.137545	7.452766	
0.712188	0.001606	0.366175	6.799527	
0.869503	0.642839	0.684107	5.033114	
0.848262	0.197110	0.638505	5.455930	
0.223672	0.873962	0.221192	5.486728	
0.738508	0.876006	0.853890	3.425407	
0.000021	0.785870	0.194096	6.126536	
0.800150	0.878874	0.019947	4.743611	
0.281230	0.001137	0.002356	7.615728	
0.001170	0.736116	0.007562	6.807809	
0.150035	0.154685	0.154034	7.086792	
0.000022	0.001531	0.733154	6.839715	
0.786655	0.000754	0.200405	6.111839	
0.130181	0.000044	0.000136	7.747472	
0.000392	0.725924	0.366435	6.635881	
0.297224	0.007519	0.704116	6.649478	
0.135550	0.000044	0.141884	7.455297	
0.152925	0.282555	0.013044	7.270239	
0.198270	0.000010	0.611418	7.309771	
0.000059	0.878656	0.000646	6.324847	
0.216597	0.794249	0.618781	5.711089	
0.775286	0.195383	0.001712	6.178677	
0.000000	0.002547	0.256826	7.575511	
0.134023	0.145613	0.000000	7.494913	
0.007093	0.266675	0.647034	7.044772	
0.713591	0.756037	0.002699	5.658948	
0.678392	0.954413	0.702137	5.003215	
0.803727	0.030150	0.883017	4.718531	
0.676723	0.734874	0.954268	4.731534	
0.000528	0.304791	0.165540	7.284489	
0.293738	0.165930	0.174333	6.919514	
0.238542	0.652065	0.803584	5.452003	
0.786655	0.637024	0.200405	5.651148	
0.887631	0.791789	0.038297	4.764259	
0.190889	0.648969	0.006366	7.168447	
0.000000	0.608287	0.000233	7.852005	
0.195699	0.002275	0.794939	6.134752	
0.618036	0.187693	0.792033	5.914676	
0.302502	0.004531	0.138415	7.335332	
0.005371	0.596382	0.715595	6.738078	
0.003202	0.736116	0.741203	5.595643	
0.611647	0.000000	0.000000	7.693726	
0.210852	0.675658	0.222377	6.453378	
0.865928	0.749528	0.866725	3.341290	
0.683269	0.688170	0.930809	4.890096	
0.000000	0.218123	0.000000	7.590796	
0.228103	0.641308	0.002356	7.128853	
0.013548	0.221781	0.275942	7.153464	
0.624814	0.643297	0.197433	6.728349	
0.723678	0.000091	0.000275	6.906359	
0.713635	0.954413	0.687807	4.805851	
0.250708	0.153718	0.182410	6.905778	
0.134050	0.001223	0.000000	7.755086	
0.005371	0.787366	0.192492	6.121174	
0.800150	0.877098	0.012653	4.750686	
0.249335	0.810316	0.199592	5.583464	
0.219383	0.224852	0.663385	6.529892	
0.198288	0.786494	0.000001	6.115562	
0.199098	0.000355	0.611418	7.308351	
0.267084	0.179183	0.037325	7.185443	
0.867761	0.611647	0.003894	5.999085	
0.699469	0.002556	0.208579	6.743548	
0.245917	0.811627	0.802252	4.397879	
0.808420	0.020723	0.881391	4.751467	
0.868376	0.212048	0.218300	5.494664	
0.802738	0.262823	0.800700	4.443107	
0.902924	0.000651	0.016257	6.362622	
0.007839	0.173944	0.013110	7.631482	
0.276297	0.000044	0.141884	7.302625	
0.000005	0.737485	0.007313	6.901936	
0.155669	0.001084	0.292940	7.288897	
0.212061	0.154099	0.313043	6.917530	
0.611151	0.809017	0.199144	5.734857	
0.037178	0.670018	0.948980	5.937803	
0.145571	0.154685	0.193421	7.243630	
0.001334	0.001577	0.726657	6.885867	
0.196564	0.648619	0.784245	5.739512	
0.666465	0.217839	0.219582	6.512016	
0.865965	0.862261	0.731860	3.462883	
0.726160	0.751896	0.000796	5.609248	
0.063174	0.144272	0.631002	7.194247	
0.141320	0.000044	0.141884	7.441814	
0.026823	0.805243	0.872389	4.698282	
0.000000	0.030046	0.057468	7.875518	
0.778804	0.193846	0.000746	6.163020	
0.000000	0.000180	0.202939	7.609481	
0.232573	0.222556	0.868750	5.475505	
0.000528	0.304786	0.164880	7.285781	
0.152925	0.233702	0.012695	7.327002	
0.001452	0.200911	0.786906	6.124048	
0.861376	0.791789	0.043296	4.724514	
0.000000	0.627209	0.000253	7.762420	
0.632675	0.000605	0.199186	7.177931	
0.008303	0.855463	0.013792	6.283690	
0.848262	0.823360	0.638505	4.199252	
0.902924	0.000665	0.806564	4.796839	
0.807156	0.862261	0.263304	4.293322	
0.632055	0.001139	0.000730	7.572601	
0.074435	0.848798	0.788406	4.683665	
0.137572	0.142052	0.000763	7.468927	
0.297224	0.007106	0.705067	6.647949	
0.808420	0.806456	0.882091	3.201520	
0.198270	0.000005	0.784245	6.131044	
0.000093	0.138142	0.137545	7.459574	
0.285651	0.000073	0.000145	7.592127	
0.738508	0.866566	0.854183	3.416567	
0.645893	0.225938	0.643465	6.573013	
0.616582	0.187693	0.000145	7.365836	
0.640323	0.229929	0.850289	5.421150	
0.694681	0.363826	0.047926	6.814660	
0.714874	0.030171	0.346516	6.694140	
0.001334	0.639462	0.726657	6.410355	
0.800974	0.646688	0.246592	5.483394	
0.192430	0.306638	0.175338	6.890152	
0.261205	0.646717	0.156304	6.795869	
0.012636	0.021505	0.914298	6.387654	
0.664575	0.238405	0.671097	6.226127	
0.646055	0.655327	0.637557	6.430318	
0.788331	0.006547	0.927020	4.972515	
0.000049	0.739161	0.366435	6.540882	
0.004490	0.000197	0.225348	7.583437	
0.062908	0.007521	0.621940	7.527480	
0.611266	0.705310	0.000055	6.737698	
0.283812	0.636538	0.618642	6.783270	
0.326437	0.000044	0.134909	7.388819	
0.713635	0.954413	0.702137	4.697244	
0.645893	0.652662	0.637557	6.462797	
0.653882	0.685272	0.002356	6.620642	
0.216882	0.221781	0.012783	7.163087	
0.788331	0.688170	0.930809	4.172674	
0.146480	0.154099	0.222264	7.015359	
0.266741	0.179183	0.150647	6.935430	
0.000528	0.144749	0.165540	7.384007	
0.735342	0.001606	0.738056	5.621878	
0.001170	0.736116	0.740335	5.601800	
0.726789	0.200911	0.786906	5.008553	
0.141320	0.712031	0.980550	5.607836	
0.005398	0.127281	0.000646	7.751613	
0.664575	0.238405	0.671097	6.226127	
0.004197	0.658818	0.007500	7.468906	
0.000000	0.000180	0.728027	6.909708	
0.002585	0.021507	0.879060	6.307539	
0.210862	0.636538	0.618642	6.791056	
0.198270	0.000244	0.030105	7.709885	
0.195699	0.302989	0.794939	5.749917	
0.205125	0.862261	0.265547	5.638292	
0.865928	0.749528	0.823742	3.463674	
0.215318	0.228053	0.012783	7.159550	
0.714874	0.221134	0.346516	6.319158	
0.698134	0.363826	0.893047	5.350373	
0.152925	0.282555	0.119444	7.057632	
0.779275	0.193846	0.001712	6.159482	
0.238750	0.003275	0.015940	7.554854	
0.865965	0.862261	0.731860	3.462883	
0.808361	0.012655	0.037741	6.492871	
0.001121	0.736116	0.042955	6.872267	
0.632046	0.001139	0.002293	7.573379	
0.008303	0.037147	0.013792	7.951710	
0.297224	0.003210	0.704116	6.655125	
0.150035	0.781417	0.043639	6.170949	
0.902924	0.000651	0.806564	4.796935	
0.618036	0.726634	0.000145	6.605956	
