0.192539	0.778589	0.000060	6.193768	
0.726809	0.000053	0.000779	6.882687	
0.199509	0.000011	0.785775	6.117859	
0.876612	0.000796	0.628395	6.040002	
0.000027	0.631485	0.014949	7.614101	
0.746347	0.874311	0.869740	3.372676	
0.638037	0.633844	0.212274	6.759633	
0.008356	0.865658	0.805867	4.717126	
0.753081	0.000000	0.563480	6.673539	
0.001670	0.806653	0.920190	4.862792	
0.268740	0.000032	0.288209	7.181693	
0.000072	0.889771	0.009155	6.334267	
0.600553	0.882854	0.000000	6.082301	
0.201360	0.657577	0.222978	6.594891	
0.000095	0.902047	0.638527	5.972811	
0.800985	0.798659	0.268567	4.458376	
0.200041	0.304667	0.149940	6.928240	
0.000591	0.302928	0.149940	7.314846	
0.776996	0.277482	0.637117	5.692743	
0.052353	0.335664	0.871421	5.910083	
0.291161	0.000032	0.158345	7.417735	
0.134743	0.000018	0.135552	7.487248	
0.139755	0.135634	0.000209	7.460042	
0.880030	0.221669	0.232793	5.487982	
0.595616	0.004134	0.712727	6.760767	
0.227306	0.221574	0.877172	5.487265	
0.630509	0.277482	0.638959	6.788623	
0.267561	0.791772	0.821993	4.415033	
0.671468	0.618042	0.003794	6.979584	
0.192617	0.000110	0.627102	7.388437	
0.622294	0.000011	0.206368	7.283038	
0.798818	0.022473	0.893824	4.771343	
0.577376	0.771348	0.257019	6.013314	
0.865885	0.871177	0.752368	3.330931	
0.000000	0.134838	0.136187	7.469727	
0.877375	0.013442	0.016565	6.285860	
0.278818	0.157227	0.000027	7.275724	
0.209380	0.624621	0.777429	5.768061	
0.000000	0.723618	0.000000	6.928363	
0.000006	0.000002	0.126119	7.759813	
0.046605	0.000223	0.898027	6.299467	
0.881447	0.769336	0.004664	4.918745	
0.199178	0.834037	0.628459	5.728174	
0.000024	0.122407	0.000024	7.769391	
0.727335	0.728995	0.000000	5.760977	
0.642369	0.218640	0.219887	6.679999	
0.268593	0.290211	0.008399	7.165000	
0.000000	0.002810	0.563555	8.001891	
0.764073	0.621200	0.246043	5.990727	
0.607033	0.221140	0.857565	5.617574	
0.742313	0.000202	0.739413	5.670543	
0.221909	0.859498	0.223253	5.478064	
0.003530	0.267125	0.000058	7.573803	
0.002054	0.157432	0.287950	7.279713	
0.281741	0.178041	0.207854	6.880584	
0.894010	0.035981	0.804204	4.730802	
0.783196	0.188089	0.005630	6.141561	
0.001215	0.731115	0.753409	5.618112	
0.157174	0.000270	0.299918	7.293518	
0.151591	0.147293	0.151724	7.119749	
0.879397	0.656452	0.655706	5.141976	
0.000133	0.776539	0.196437	6.171496	
0.785322	0.267922	0.799082	4.537497	
0.000627	0.194934	0.779563	6.155515	
0.000000	0.000000	0.000000	8.021313	
0.785503	0.000171	0.188289	6.178297	
0.626927	0.135634	0.000209	7.337514	
0.003861	0.000006	0.720780	6.941821	
0.000008	0.280870	0.313772	7.215147	
0.200317	0.618958	0.000000	7.361847	
0.179541	0.177875	0.293906	6.888004	
0.000000	0.221766	0.583301	7.418985	
0.123254	0.000000	0.000744	7.833594	
0.199732	0.619799	0.668487	6.735232	
0.274850	0.003602	0.000010	7.577868	
0.153202	0.307399	0.004672	7.318450	
0.554140	0.014233	0.000000	7.987690	
0.556114	0.703317	0.000000	7.005797	
0.648895	0.717857	0.935901	4.961352	
0.000000	0.622232	0.248194	7.530551	
0.010844	0.619809	0.682434	7.019648	
0.662276	0.650922	0.658393	6.481806	
0.013570	0.000012	0.270865	7.567351	
0.862203	0.731835	0.867255	3.463597	
0.000038	0.704141	0.518516	7.045923	
0.800675	0.908158	0.021821	4.811094	
0.686451	0.902047	0.682772	4.779022	
0.218526	0.213579	0.666223	6.518709	
0.753031	0.792639	0.570729	5.074001	
0.753081	0.000000	0.564766	6.610831	
0.776659	0.808903	0.919553	3.517177	
0.010844	0.651324	0.682434	6.847068	
0.209380	0.624621	0.729919	6.171182	
0.876612	0.000796	0.628395	6.040002	
0.000586	0.090801	0.135710	7.578183	
0.000978	0.000128	0.125531	7.757955	
0.151772	0.277467	0.160574	6.975732	
0.173138	0.781719	0.658393	5.831463	
0.000627	0.193986	0.019285	7.617818	
0.097164	0.856167	0.004603	6.134350	
0.227306	0.217058	0.875384	5.490056	
0.780606	0.022473	0.893824	4.860211	
0.749575	0.731655	0.000000	5.605970	
0.556114	0.280045	0.000000	7.530934	
0.865885	0.864295	0.751043	3.331939	
0.761511	0.621200	0.246043	6.081531	
0.001505	0.285726	0.155790	7.280453	
0.277380	0.216945	0.000001	7.187189	
0.208605	0.290211	0.016326	7.215505	
0.199509	0.000011	0.787094	6.111314	
0.600553	0.012792	0.000000	7.737920	
0.000007	0.727769	0.200348	6.489882	
0.139755	0.135634	0.004234	7.455752	
0.626026	0.651324	0.648923	6.662315	
0.776996	0.277482	0.638959	5.674903	
0.589164	0.771476	0.257019	5.962640	
0.000027	0.628392	0.218567	7.213761	
0.137499	0.004649	0.000209	7.725875	
0.000000	0.005601	0.261488	7.636008	
0.879397	0.656077	0.655706	5.144795	
0.783196	0.188014	0.008262	6.142388	
0.066429	0.628150	0.007367	7.482464	
0.004592	0.267125	0.000000	7.572702	
0.221383	0.179830	0.312707	6.855688	
0.217874	0.217058	0.714190	6.156524	
0.000627	0.277590	0.778168	6.129945	
0.556114	0.728995	0.000000	6.812715	
0.753081	0.002437	0.003970	6.695430	
0.002050	0.216572	0.243559	7.224659	
0.662357	0.218979	0.218471	6.553075	
0.845490	0.731835	0.129169	4.912983	
0.622294	0.009295	0.206368	7.226384	
0.038865	0.000003	0.598130	7.710103	
0.002899	0.712592	0.005358	6.988028	
0.210972	0.044248	0.255622	7.190523	
0.605048	0.004134	0.875709	6.043563	
0.066608	0.335664	0.871421	5.879449	
0.880030	0.217153	0.232793	5.532839	
0.877497	0.014651	0.016565	6.284442	
0.018958	0.638428	0.633505	7.069392	
0.011233	0.000000	0.867723	6.300982	
0.046963	0.863290	0.751043	4.984306	
0.277380	0.003896	0.000001	7.579619	
0.631840	0.229209	0.799464	5.594526	
0.214907	0.665613	0.222978	6.521289	
0.060817	0.801555	0.862330	4.651347	
0.892208	0.004488	0.804693	4.766023	
0.011793	0.000365	0.722558	6.919157	
0.277085	0.277466	0.008399	7.158071	
0.269255	0.008829	0.117438	7.350093	
0.194005	0.777117	0.000060	6.196352	
0.000031	0.275615	0.312099	7.208556	
0.804463	0.874755	0.021712	4.711042	
0.136825	0.000796	0.137046	7.463345	
0.794158	0.281705	0.799082	4.503772	
0.183764	0.776357	0.227856	5.772883	
0.221909	0.859498	0.769797	4.488351	
0.151591	0.151640	0.151724	7.110349	
0.632212	0.277482	0.638959	6.698743	
0.759281	0.776357	0.928271	3.812714	
0.281579	0.178041	0.207854	6.882980	
0.001215	0.730240	0.743981	5.689113	
0.196204	0.000110	0.619651	7.261606	
0.029533	0.002230	0.020641	7.935847	
0.002050	0.226731	0.641394	7.152070	
0.845490	0.731835	0.833075	3.515691	
0.023706	0.628150	0.007364	7.559638	
0.877375	0.000001	0.216513	5.921087	
0.672630	0.637026	0.003925	6.894772	
0.196204	0.000110	0.627102	7.217330	
0.661337	0.637419	0.003934	7.031562	
0.002289	0.005924	0.633505	7.553213	
0.097164	0.856167	0.213898	5.767475	
0.217874	0.217058	0.743845	5.941039	
0.595616	0.271117	0.712727	6.453679	
0.200483	0.615478	0.000000	7.316711	
0.643529	0.000011	0.206368	7.214588	
0.630991	0.218640	0.219231	6.754173	
0.221909	0.856198	0.769797	4.523411	
0.881447	0.769336	0.854548	3.231896	
0.845490	0.731835	0.302209	4.791936	
0.879889	0.186705	0.005630	5.948479	
0.277085	0.194810	0.008399	7.328101	
0.220752	0.232952	0.795534	5.625990	
0.278943	0.178041	0.214978	6.842728	
0.683860	0.000002	0.127957	7.101781	
0.017871	0.004134	0.862817	6.285924	
0.001364	0.194934	0.013654	7.600482	
0.002050	0.246480	0.641394	7.099837	
0.267149	0.624621	0.729919	6.111928	
0.632486	0.000000	0.000012	7.587941	
0.597328	0.712592	0.027917	6.727290	
0.015462	0.854275	0.887506	4.754409	
0.605446	0.774984	0.223260	5.877155	
0.000008	0.280870	0.313772	7.215147	
0.743041	0.596168	0.723107	5.463235	
0.742313	0.000171	0.179761	6.779416	
0.178166	0.730596	0.129682	6.250523	
0.777614	0.004054	0.562246	6.523878	
0.001188	0.628392	0.136416	7.327093	
