0.617846	0.643116	0.182820	6.831274	
0.618580	0.029518	0.197231	7.232016	
0.273518	0.821105	0.798620	4.390297	
0.159657	0.001923	0.279273	7.264053	
0.786930	0.248502	0.622675	5.780307	
0.000001	0.000017	0.124162	7.762116	
0.023630	0.893696	0.015897	6.312145	
0.223803	0.662097	0.217445	6.541014	
0.000248	0.786605	0.190261	6.126377	
0.000016	0.589399	0.000000	7.832496	
0.000000	0.282288	0.000029	7.589582	
0.000001	0.008154	0.635576	7.541626	
0.222526	0.000023	0.610318	7.424271	
0.001833	0.720822	0.751773	5.633696	
0.906410	0.641273	0.002071	5.905500	
0.156778	0.219579	0.303081	6.905246	
0.816183	0.915159	0.001150	4.809467	
0.906410	0.692986	0.679369	4.774755	
0.623311	0.163545	0.001072	7.308303	
0.668438	0.685414	0.873604	4.830225	
0.844184	0.209602	0.211272	5.510923	
0.126194	0.000000	0.000039	7.775027	
0.666088	0.232460	0.233921	6.619773	
0.000034	0.190423	0.626898	7.266217	
0.887675	0.000000	0.792234	4.815396	
0.152185	0.282235	0.001600	7.283129	
0.173522	0.616957	0.000000	7.335912	
0.000006	0.729244	0.000164	6.936090	
0.218980	0.235033	0.899668	5.537051	
0.800557	0.810459	0.269636	4.468211	
0.000799	0.194736	0.784382	6.130163	
0.001068	0.015067	0.886164	6.317552	
0.619659	0.782512	0.190261	5.878035	
0.306981	0.281341	0.000163	7.204167	
0.735916	0.866504	0.866947	3.435704	
0.003355	0.286263	0.165391	7.268176	
0.739649	0.002047	0.729489	5.653524	
0.000033	0.000046	0.723531	6.931551	
0.613640	0.000000	0.000033	7.803063	
0.635967	0.644791	0.643830	6.532240	
0.001017	0.634323	0.217409	7.146658	
0.823523	0.264892	0.807899	4.364526	
0.299544	0.195849	0.191494	6.845076	
0.276720	0.008360	0.159802	7.255246	
0.005907	0.797071	0.866355	4.755433	
0.273433	0.626396	0.799237	5.669502	
0.352444	0.893731	0.000197	6.084705	
0.360875	0.706909	0.000007	6.802767	
0.019940	0.756497	0.412834	6.521919	
0.152246	0.154398	0.151442	7.088918	
0.224388	0.780009	0.649643	5.676209	
0.775800	0.000002	0.198058	6.182498	
0.865053	0.872374	0.729834	3.483023	
0.000016	0.127437	0.000001	7.755365	
0.216114	0.865854	0.223179	5.484250	
0.772837	0.589399	0.000000	6.396702	
0.137888	0.135139	0.000573	7.465419	
0.001145	0.921926	0.816545	4.836476	
0.777047	0.197715	0.000001	6.166500	
0.194658	0.783067	0.000168	6.143150	
0.224388	0.225589	0.652983	6.597892	
0.749362	0.000091	0.613183	6.694567	
0.136750	0.000000	0.134222	7.470011	
0.733583	0.737279	0.000197	5.641384	
0.003678	0.167937	0.278662	7.255540	
0.194603	0.000330	0.777182	6.170739	
0.001077	0.001868	0.278662	7.603526	
0.889120	0.803566	0.014879	4.753178	
0.270850	0.000000	0.000000	7.578982	
0.787212	0.630753	0.284820	5.691322	
0.000813	0.136708	0.134683	7.468259	
0.792513	0.014157	0.867346	4.767251	
0.712484	0.877657	0.678475	4.577088	
0.890111	0.000000	0.627677	5.943534	
0.052004	0.589343	0.715642	6.771607	
0.303619	0.149753	0.002089	7.313135	
0.874124	0.745168	0.867011	3.377771	
0.634139	0.186298	0.636031	6.734788	
0.272807	0.625941	0.637379	6.736832	
0.722123	0.000006	0.000000	6.936630	
0.000000	0.000000	0.000000	8.000420	
0.853772	0.000000	0.011027	6.296901	
0.175735	0.300327	0.162472	6.945018	
0.000213	0.167937	0.278662	7.261109	
0.124943	0.000000	0.828308	6.126900	
0.141248	0.139367	0.000172	7.478737	
0.161294	0.001923	0.279273	7.260443	
0.296716	0.827418	0.014655	5.950322	
0.889120	0.803566	0.014655	4.753462	
0.864020	0.042741	0.627730	5.848071	
0.009661	0.782218	0.016439	6.498491	
0.875839	0.756497	0.867456	3.305312	
0.138083	0.000206	0.135538	7.463917	
0.351847	0.744082	0.004594	6.466608	
0.738344	0.732082	0.001116	5.644024	
0.758394	0.930220	0.002786	5.164133	
0.276050	0.821105	0.806472	4.359746	
0.887145	0.019278	0.778626	4.861082	
0.853772	0.000000	0.002545	6.307919	
0.678321	0.625943	0.636555	6.399699	
0.865106	0.225589	0.649643	5.345932	
0.003607	0.000046	0.725791	6.892764	
0.617846	0.644747	0.182820	6.785890	
0.664366	0.780144	0.211887	5.611725	
0.052004	0.590599	0.715642	6.714311	
0.226131	0.644752	0.749680	5.875490	
0.630735	0.000447	0.146808	7.313737	
0.000248	0.782512	0.190261	6.147407	
0.229809	0.000023	0.003511	7.679417	
0.000016	0.593552	0.000000	7.824912	
0.219005	0.235927	0.859480	5.472350	
0.224226	0.849575	0.223179	5.479279	
0.223803	0.662097	0.210698	6.550102	
0.832139	0.020900	0.875973	4.629787	
0.003607	0.046980	0.625655	7.541724	
0.713102	0.877657	0.678475	4.568556	
0.738103	0.866504	0.866947	3.420866	
0.865053	0.824434	0.728939	3.530658	
0.299544	0.195145	0.160972	6.902130	
0.003355	0.282281	0.155759	7.273282	
0.022040	0.014994	0.007677	7.949737	
0.001017	0.644849	0.217409	7.077758	
0.000756	0.134444	0.133334	7.494139	
0.634139	0.182287	0.636031	6.741659	
0.000799	0.192057	0.784382	6.134067	
0.774763	0.003712	0.002370	6.586649	
0.671069	0.685414	0.873530	4.810849	
0.000047	0.192057	0.626898	7.252101	
0.858545	0.639869	0.211986	5.424863	
0.005254	0.776736	0.710186	5.606767	
0.811619	0.150790	0.875973	4.412846	
0.615812	0.000000	0.002622	7.770385	
0.127355	0.000000	0.000039	7.754199	
0.161750	0.134444	0.299524	7.036344	
0.776308	0.192984	0.193523	5.824668	
0.218971	0.195216	0.033543	7.161342	
0.804133	0.807390	0.262358	4.410602	
0.280007	0.655168	0.632770	6.629079	
0.906410	0.692986	0.679665	4.771904	
0.152160	0.281341	0.000163	7.283923	
0.000000	0.282288	0.003216	7.585649	
0.001145	0.921926	0.796225	4.914798	
0.860425	0.005305	0.211067	5.906758	
0.673371	0.227995	0.027684	6.910700	
0.150025	0.154398	0.145861	7.115001	
0.026859	0.000000	0.915139	6.395333	
0.219742	0.124189	0.644673	6.844020	
0.009327	0.822248	0.059987	6.260640	
0.175735	0.297738	0.165089	6.929321	
0.005907	0.782381	0.866355	4.826876	
0.219742	0.734347	0.635682	5.969567	
0.276720	0.010476	0.159802	7.252887	
0.315788	0.033458	0.627625	7.195067	
0.652161	0.001800	0.646652	7.037546	
0.003678	0.015900	0.278662	7.572922	
0.137888	0.665456	0.000602	7.071631	
0.642887	0.303200	0.232328	6.690712	
0.000191	0.000017	0.123046	7.765199	
0.001833	0.720822	0.354690	6.642054	
0.777047	0.197715	0.000611	6.166336	
0.346028	0.724962	0.000186	6.602197	
0.631102	0.624953	0.711094	6.289717	
0.219742	0.121752	0.655047	6.777753	
0.001472	0.025259	0.886164	6.304119	
0.196141	0.844225	0.710186	4.987215	
0.290377	0.651543	0.006643	7.041496	
0.678543	0.005917	0.031448	7.244515	
0.817054	0.640791	0.214070	5.484503	
0.678321	0.008129	0.636555	6.782576	
0.000000	0.000000	0.804257	6.422750	
0.906410	0.200209	0.679665	5.242413	
0.001017	0.633206	0.015858	7.545356	
0.013111	0.000001	0.002545	7.994179	
0.078968	0.181632	0.305657	7.138665	
0.214681	0.782869	0.000168	6.130859	
0.009923	0.286263	0.165391	7.250413	
0.005907	0.797071	0.866355	4.755433	
0.196091	0.866052	0.223179	5.509179	
0.152160	0.029712	0.741575	6.512473	
0.001077	0.000017	0.270482	7.689951	
0.002899	0.624953	0.711094	6.753281	
0.007437	0.824547	0.014655	6.413762	
0.814031	0.896096	0.016439	4.731738	
0.630735	0.000449	0.146808	7.288765	
0.623311	0.163545	0.039549	7.260597	
0.873024	0.146952	0.002089	6.021740	
0.823523	0.264891	0.795785	4.390524	
0.865053	0.872374	0.707524	3.712223	
0.017515	0.756497	0.009374	6.667060	
0.614812	0.733183	0.190261	6.136701	
0.280171	0.670843	0.635682	6.460789	
0.853772	0.000000	0.008727	6.303026	
0.265932	0.195654	0.082810	7.068336	
0.006008	0.709512	0.776542	5.605276	
0.271713	0.626747	0.721176	6.149247	
0.128389	0.015087	0.034022	7.690304	
0.815645	0.000000	0.869475	4.692647	
0.228417	0.630753	0.284820	6.750540	
0.159657	0.001923	0.279273	7.264053	
0.175854	0.151277	0.151635	7.057304	
