0.000000	0.000000	0.000000	0.000018	0.717273	0.000011	0.715908	0.000002	
0.711285	0.000285	0.713697	0.000009	0.000009	0.000000	0.000720	0.000060	
0.000016	0.714046	0.000055	0.000100	0.705168	0.000283	0.000001	0.000124	
0.000001	0.000000	1.012542	0.000000	0.000002	0.000019	0.000000	0.000005	
0.000000	0.000000	0.000000	0.000000	0.000001	0.706704	0.000001	0.711739	
0.000003	0.000447	0.000131	0.000014	0.000401	0.000000	0.707596	0.708102	
0.717468	0.000014	0.000010	0.711861	0.000874	0.000002	0.000006	0.000002	
0.000116	0.000032	0.708100	0.000081	0.000035	0.707696	0.000056	0.000106	
0.716948	0.000743	0.000165	0.000031	0.000001	0.000222	0.000502	0.718225	
0.000000	0.000020	0.709678	0.000050	0.000002	0.000000	0.713017	0.000005	
0.000131	0.000038	0.707659	0.000085	0.709679	0.000001	0.000055	0.000001	
0.709535	0.000205	0.000005	0.000098	0.000005	0.708203	0.000002	0.000008	
0.000240	0.003455	0.000059	0.000022	0.718642	0.000148	0.000000	0.716183	
0.000000	0.000008	0.000000	0.712830	0.000001	0.000000	0.000000	0.704367	
0.000186	0.711954	0.714368	0.000009	0.000009	0.000107	0.000018	0.000060	
0.000000	0.000000	0.000000	0.000000	0.000000	0.000000	0.000000	1.005204	
0.000066	0.713433	0.000539	0.000082	0.000002	0.000001	0.707551	0.000017	
0.000083	0.000154	0.711600	0.708390	0.000016	0.000015	0.000008	0.000002	
0.000000	0.000000	0.000000	0.000000	0.000000	0.000000	1.003782	0.000000	
0.000000	0.000000	0.000016	0.719342	0.717771	0.000005	0.000103	0.000046	
0.000001	0.000451	0.000000	0.000023	0.720060	0.717326	0.000002	0.000010	
0.714019	0.713430	0.000029	0.000140	0.000020	0.000000	0.000001	0.000112	
0.000023	1.009659	0.000008	0.000000	0.000005	0.000004	0.000008	0.000017	
0.000042	0.711231	0.000057	0.706001	0.000001	0.000000	0.000000	0.000006	
1.004374	0.000017	0.000007	0.000024	0.000003	0.000021	0.000007	0.000102	
0.000000	0.000002	0.000011	1.003204	0.000001	0.000000	0.000000	0.000001	
0.000000	0.000172	0.710943	0.000017	0.000084	0.000003	0.000013	0.706055	
0.710623	0.002289	0.001385	0.000050	0.000007	0.000001	0.711281	0.000012	
0.001004	0.713753	0.000166	0.000000	0.000003	0.000001	0.000003	0.709563	
0.706142	0.000005	0.000038	0.000831	0.711282	0.000015	0.000088	0.000001	
0.000000	0.000001	0.000000	0.000001	0.000000	1.009265	0.000000	0.000000	
0.000042	0.710046	0.000055	0.000079	0.000004	0.708182	0.000014	0.000126	
0.000138	0.000133	0.000000	0.708094	0.000002	0.707795	0.000003	0.000105	
0.000071	0.000496	0.000011	0.711942	0.000001	0.000010	0.710366	0.000003	
0.000000	0.000000	0.000000	0.000008	0.000000	0.715568	0.709524	0.000003	
0.000000	0.000000	0.000000	0.000000	1.002543	0.000001	0.000001	0.000000	
0.006160	1.002851	0.054720	0.000111	0.000006	0.036075	0.000014	0.000116	
0.692927	0.005436	0.011454	0.007317	0.040700	0.024317	0.000001	0.723650	
0.716285	0.000207	0.000005	0.000079	0.000005	0.714941	0.000002	0.000008	
0.000001	0.000000	0.000000	0.000000	0.709977	0.000001	0.707068	0.000037	
0.000919	0.653792	0.000013	0.040911	0.000003	0.000001	0.000003	0.768650	
0.997030	0.004458	0.118419	0.000123	0.000050	0.000814	0.000007	0.000102	
0.000042	0.713447	0.000162	0.000079	0.000004	0.704104	0.000013	0.000126	
0.000121	0.000863	0.000019	0.711632	0.000001	0.000010	0.710057	0.000003	
0.000000	0.000000	0.000000	0.000000	1.001974	0.000001	0.000001	0.000001	
0.000131	0.000036	0.708100	0.000081	0.000035	0.707696	0.000056	0.000106	
0.000000	0.003504	0.000059	0.000022	0.717530	0.000148	0.000033	0.715076	
0.000000	0.000000	0.000000	0.000000	0.000001	0.706890	0.000000	0.711927	
0.000006	0.000000	0.000006	0.000000	0.000000	0.711102	0.705319	0.000008	
0.000001	0.000446	0.000003	0.000023	0.712266	0.708133	0.000002	0.000010	
0.000062	0.710251	0.709531	0.000434	0.000002	0.000268	0.000000	0.000030	
0.000004	0.000615	0.000000	0.000018	0.000000	0.000008	0.707862	0.708368	
0.000000	0.000001	0.000010	0.000818	0.084721	0.998986	0.000000	0.037354	
0.000000	0.000019	0.694639	0.032090	0.000004	0.000000	0.011299	0.725137	
0.000000	0.000007	0.000000	0.696650	0.000001	0.000000	0.000000	0.720346	
0.000175	0.000004	0.713736	0.710516	0.000016	0.000015	0.000008	0.000002	
0.000321	0.004445	0.718552	0.000006	0.005102	0.000004	0.704029	0.000015	
0.000000	0.000000	0.000000	0.000000	0.000000	0.000000	1.001688	0.000000	
0.713871	0.000992	0.000010	0.708293	0.000016	0.000002	0.000006	0.000002	
0.721664	0.011693	0.000003	0.000039	0.000003	0.000015	0.700584	0.000102	
0.707682	0.000929	0.710082	0.000448	0.000009	0.000000	0.000008	0.000060	
0.000000	0.000000	0.000016	0.719607	0.718035	0.000005	0.000103	0.000046	
0.000001	0.014705	0.000001	0.726846	0.000004	0.692332	0.000112	0.000126	
0.714019	0.713430	0.000029	0.000140	0.000020	0.000006	0.000001	0.000112	
0.000000	0.000001	0.707641	0.000301	0.709661	0.000001	0.000098	0.000002	
0.000000	0.000000	0.000000	0.000000	0.000000	0.000000	0.000000	1.012776	
0.000062	0.710661	0.000055	0.000077	0.709826	0.000286	0.000046	0.000126	
0.000000	0.000011	0.000000	1.002099	0.000001	0.000000	0.000000	0.000001	
0.000062	0.711092	0.000056	0.705863	0.000004	0.000020	0.000046	0.000005	
0.000000	0.000001	1.010376	0.000000	0.000004	0.000019	0.000000	0.000005	
0.707416	0.000925	0.000038	0.000307	0.712656	0.000015	0.000098	0.000002	
0.000066	0.713792	0.000539	0.000082	0.000002	0.000001	0.707906	0.000017	
0.000000	0.000000	0.000000	0.000000	0.000001	0.706893	0.000000	0.711930	
0.710727	0.002342	0.001386	0.000050	0.000004	0.000010	0.711385	0.000012	
0.029699	0.000819	0.031411	0.041198	0.000000	0.708878	0.705604	0.000008	
0.000038	0.074745	0.000006	0.074195	0.997633	0.000020	0.000046	0.000005	
0.000009	0.000327	0.000000	0.000020	0.004758	0.000342	0.658075	0.754538	
0.711905	0.001272	0.000010	0.706349	0.000019	0.000001	0.000006	0.000007	
0.000001	0.000003	1.010376	0.000000	0.000004	0.000019	0.000000	0.000005	
0.000000	0.000000	0.000000	0.000000	0.000001	0.999499	0.081440	0.009084	
0.000000	0.000000	0.000000	0.000017	0.712543	0.000010	0.705391	0.000037	
0.000063	0.713111	0.000056	0.702665	0.000003	0.000001	0.000016	0.000000	
0.000000	0.000000	0.000016	0.719607	0.718035	0.000005	0.000103	0.000046	
0.000189	0.722540	0.724989	0.011203	0.019448	0.000109	0.000007	0.000061	
0.000007	0.000000	0.000000	0.676690	0.000001	0.000000	0.000058	0.752825	
0.000000	0.000020	0.711896	0.032887	0.000004	0.000000	0.011587	0.708240	
0.000002	0.000000	0.010221	0.000001	0.710581	0.708018	0.000056	0.000014	
0.000000	0.000011	0.000000	0.997877	0.000001	0.086863	0.000000	0.000001	
0.000000	0.000000	0.000000	0.000000	0.000000	0.000000	1.001688	0.000000	
1.005202	0.014808	0.031592	0.000034	0.000101	0.000269	0.025262	0.000030	
0.000000	0.000001	0.707846	0.000301	0.709897	0.000015	0.000010	0.000093	
0.000383	0.711565	0.000010	0.000705	0.711325	0.000015	0.000104	0.000131	
0.140446	0.000184	0.014668	0.005548	0.003101	0.000000	0.000001	1.003427	
0.000042	0.710241	0.000055	0.000079	0.000004	0.708377	0.000007	0.000126	
0.008709	0.000453	0.000000	0.720875	0.000003	0.000009	0.699850	0.000101	
0.695820	0.000278	0.706567	0.141690	0.000002	0.000000	0.000747	0.000001	
0.473288	0.014422	0.000073	0.021860	0.000419	0.000382	0.408839	0.782240	
0.000002	0.003470	0.000060	0.000043	0.710714	0.004880	0.000000	0.708299	
0.016050	0.717122	0.000192	0.007850	0.000001	0.000005	0.000509	0.718622	
0.705401	0.000219	0.000017	0.061659	0.003649	0.715478	0.000063	0.025592	
