0.000000	0.000000	0.000000	0.000000	0.000000	0.709580	0.000000	0.709324	
0.000000	0.000000	0.000000	0.000000	0.000000	0.706957	0.707329	0.000050	
0.000001	0.706432	0.000000	0.000000	0.000000	0.707781	0.000000	0.000000	
0.000000	0.000000	0.706728	0.000000	0.000000	0.000000	0.707486	0.000000	
0.000000	0.707089	0.707125	0.000000	0.000000	0.000000	0.000000	0.000000	
0.000000	0.000000	0.707138	0.707076	0.000000	0.000000	0.000000	0.000000	
0.000000	0.706990	0.000000	0.000000	0.000000	0.000000	0.707227	0.000000	
0.000370	0.706703	0.000000	0.000000	0.707557	0.000000	0.000000	0.000000	
0.000000	0.000001	0.706580	0.000130	0.000000	0.707633	0.000000	0.000000	
0.000000	0.000000	0.705274	0.000000	0.708940	0.000000	0.000000	0.000000	
0.000000	0.706946	0.000000	0.000029	0.000000	0.000000	0.000000	0.707274	
0.000001	0.000000	0.000001	0.707094	0.000000	0.707120	0.000000	0.000000	
0.000000	0.000000	0.000000	0.000000	0.706959	0.000000	0.000000	0.707263	
0.000000	0.000000	0.000000	0.000000	0.707097	0.707117	0.000000	0.000000	
0.000000	0.000000	0.000000	0.000000	0.000000	1.000000	0.000000	0.000000	
0.000000	0.000000	0.000000	0.000000	0.000000	0.000000	1.000000	0.000000	
0.707360	0.000000	0.000821	0.000000	0.706860	0.000000	0.000000	0.000000	
1.000051	0.000000	0.000000	0.000000	0.000000	0.000000	0.000000	0.000000	
0.706953	0.000001	0.000000	0.000000	0.000000	0.000000	0.000000	0.707260	
0.000000	0.000000	0.000000	0.000000	1.000000	0.000000	0.000000	0.000000	
0.000000	0.000000	0.000000	0.707067	0.000000	0.000000	0.707147	0.000000	
0.000001	0.000001	0.707013	0.000000	0.000000	0.000000	0.000000	0.707362	
0.000000	0.707109	0.000000	0.707104	0.000000	0.000000	0.000000	0.000000	
0.707081	0.000000	0.707133	0.000000	0.000000	0.000000	0.000000	0.000000	
0.000000	0.000000	0.000000	0.707199	0.000000	0.000000	0.000000	0.707643	
0.000000	0.000000	0.000000	0.000000	0.000000	0.000000	0.707147	0.710761	
0.000000	0.000000	0.000000	1.000000	0.000000	0.000000	0.000000	0.000000	
0.000000	0.000000	0.000000	0.000000	0.000000	0.000000	0.000000	1.000001	
0.706836	0.000000	0.000000	0.000000	0.000000	0.707377	0.000000	0.000000	
0.707138	0.000000	0.000000	0.707076	0.000000	0.000000	0.000000	0.000000	
0.707483	0.706730	0.000000	0.000000	0.000000	0.000000	0.000000	0.000000	
0.707131	0.000000	0.000000	0.000000	0.000000	0.000000	0.707083	0.000000	
0.000000	0.000289	0.000000	0.000004	0.718687	0.000000	0.719113	0.000000	
0.000000	1.000005	0.000000	0.000000	0.000000	0.000000	0.000000	0.000000	
0.000000	0.000000	0.000000	0.707341	0.706873	0.000000	0.000000	0.000000	
0.000000	0.000000	1.000000	0.000000	0.000000	0.000000	0.000000	0.000000	
0.000000	0.000000	0.000000	0.707341	0.706873	0.000000	0.000000	0.000000	
0.035979	0.710879	0.020484	0.000000	0.702094	0.000000	0.000000	0.000000	
0.000000	0.000000	0.000000	0.000000	0.000000	0.707129	0.707084	0.000000	
0.000000	0.000000	0.703429	0.710971	0.000000	0.000000	0.000000	0.000000	
0.000000	0.707140	0.000000	0.000000	0.000000	0.000000	0.707077	0.000000	
0.000026	0.706970	0.000000	0.000029	0.000000	0.000000	0.000000	0.707298	
0.713962	0.053661	0.031751	0.697257	0.014047	0.000000	0.002385	0.000000	
0.000000	0.000000	0.707087	0.000000	0.000000	0.000000	0.000000	0.707127	
0.000000	0.000000	0.000000	0.000000	0.706117	0.000000	0.000000	0.710471	
0.000000	0.000000	0.000000	0.706903	0.000000	0.000000	0.000000	0.707311	
0.000000	0.000000	0.000000	0.000000	0.000000	0.706904	0.000000	0.707309	
0.080395	0.000103	0.000256	0.991209	0.091269	0.033123	0.000000	0.040171	
0.000001	0.000000	0.000000	0.707096	0.000000	0.707118	0.000000	0.000000	
0.000000	0.000000	0.000000	0.000000	0.000000	0.000000	1.000000	0.000000	
0.000000	0.000001	0.707327	0.000125	0.000000	0.706887	0.000000	0.000000	
0.000000	0.000000	1.000000	0.000000	0.000000	0.000000	0.000000	0.000000	
0.000100	0.002271	0.000000	0.000804	0.707151	0.000000	0.707093	0.000000	
0.707231	0.000001	0.000000	0.000000	0.000000	0.000000	0.000000	0.706983	
0.000000	0.000000	0.000000	0.000000	0.000000	0.000000	0.000000	1.000001	
0.718563	0.000007	0.014437	0.000000	0.001878	0.000000	0.695986	0.000000	
0.001941	0.999941	0.002540	0.000002	0.010354	0.000000	0.000000	0.001405	
0.000000	0.000000	0.000000	0.000000	0.707207	0.707006	0.000000	0.000000	
0.000000	0.000000	0.000000	0.000000	1.000000	0.000000	0.000000	0.000000	
0.000001	0.706840	0.000000	0.000000	0.000000	0.707379	0.000000	0.000000	
0.006437	0.000012	0.000007	0.690011	0.000000	0.000000	0.723771	0.000000	
0.000000	0.707089	0.707125	0.000000	0.000000	0.000000	0.000000	0.000000	
0.707086	0.000001	0.000135	0.000055	0.000000	0.707134	0.000000	0.000000	
0.707039	0.000000	0.707090	0.000000	0.000000	0.000000	0.000000	0.010939	
0.000000	0.000000	0.000000	0.000000	0.000000	1.000000	0.000000	0.000000	
0.000000	0.000000	0.000000	0.000000	0.000000	0.000000	0.713011	0.701358	
0.729227	0.677595	0.074906	0.062637	0.000000	0.083221	0.000000	0.000000	
0.998750	0.012447	0.016290	0.058264	0.031197	0.000000	0.022987	0.000001	
0.000169	0.003334	0.706162	0.000000	0.712624	0.000000	0.000000	0.000000	
0.001738	0.000081	0.699489	0.005592	0.006001	0.000000	0.718756	0.000027	
0.705898	0.000000	0.001846	0.000000	0.708311	0.000000	0.000000	0.000000	
0.000000	0.718199	0.002537	0.695834	0.000000	0.000000	0.000000	0.000000	
0.000000	0.705964	0.705999	0.000000	0.021864	0.000000	0.051987	0.000000	
0.035536	0.704718	0.001792	0.000002	0.007307	0.708558	0.000000	0.000020	
0.001315	0.000003	0.000139	0.035150	0.706084	0.000000	0.000000	0.707263	
0.000000	0.000000	0.000000	0.000000	0.000000	0.706904	0.000000	0.707309	
0.000000	0.000000	0.000000	0.000000	0.000000	0.000000	0.000000	1.000001	
0.000000	0.264803	0.000000	0.657828	0.000000	0.701715	0.000000	0.068834	
0.715749	0.008927	0.031359	0.697075	0.014043	0.000000	0.023000	0.000000	
0.000127	0.000000	0.003852	0.718280	0.015685	0.007835	0.695102	0.024246	
0.090376	0.000253	0.994840	0.000042	0.008456	0.000000	0.000001	0.045409	
0.472684	0.006995	0.006157	0.497508	0.000000	0.000000	0.000000	0.731594	
0.035730	0.705909	0.000000	0.000000	0.707441	0.000000	0.000000	0.000000	
0.000000	0.000000	0.000000	0.000101	0.030695	0.706489	0.707093	0.000000	
0.002351	0.997841	0.000021	0.064010	0.017643	0.000000	0.000000	0.000000	
0.000271	0.000013	0.000263	0.020772	0.706026	0.706358	0.046424	0.000000	
0.000000	0.000000	0.000000	0.000000	1.000000	0.000000	0.000000	0.000000	
0.999999	0.000000	0.000000	0.001434	0.000000	0.000000	0.000000	0.000000	
0.028812	0.631411	0.083939	0.774063	0.000000	0.000000	0.000000	0.000000	
0.000000	0.088439	0.000000	0.996872	0.000000	0.000000	0.024437	0.000000	
0.706836	0.000000	0.000000	0.000000	0.000000	0.707377	0.000000	0.000000	
0.527794	0.027100	0.048196	0.000000	0.534039	0.000000	0.696896	0.000000	
0.730536	0.678811	0.077722	0.002363	0.010672	0.083229	0.000000	0.000019	
0.460877	0.000000	0.000000	0.454667	0.000000	0.000000	0.762149	0.000000	
0.001474	0.707138	0.000000	0.000000	0.000000	0.000000	0.707077	0.000000	
0.027551	0.000001	0.715115	0.030811	0.000297	0.697791	0.000000	0.000000	
0.000000	0.000000	0.745398	0.000654	0.666619	0.000000	0.000000	0.000000	
0.002316	0.000195	0.707081	0.000029	0.000000	0.000000	0.000000	0.707129	
0.016753	0.016686	0.717107	0.034638	0.015686	0.000251	0.695102	0.024246	
0.015722	0.014453	0.002504	0.000675	0.000876	0.001338	0.706818	0.710761	
