0.707052	0.000000	0.000000	0.000000	0.000000	0.707164	0.000000	0.000002	
0.707228	0.000000	0.000000	0.000000	0.706993	0.000000	0.000000	0.000000	
0.000000	0.000000	0.707041	0.000000	0.000000	0.707172	0.000000	0.000000	
0.000000	0.000000	0.707269	0.000000	0.000000	0.000000	0.000000	0.706945	
0.707081	0.000000	0.707133	0.000000	0.000000	0.000000	0.000000	0.000000	
0.000000	0.000000	0.000000	0.000000	0.000000	0.000000	1.000000	0.000000	
0.000000	0.000000	0.000000	0.707207	0.000000	0.000000	0.000000	0.707007	
0.000002	0.000000	0.000021	0.707218	0.000000	0.000000	0.707386	0.000000	
0.000000	0.707059	0.000000	0.000000	0.000000	0.000000	0.000000	0.707155	
0.000000	0.000000	0.000000	0.000000	0.000000	0.000000	0.000000	1.000378	
0.000000	0.000000	0.000000	0.000000	0.000000	0.706976	0.000000	0.707238	
0.000000	0.000000	0.707097	0.707117	0.000000	0.000000	0.000000	0.000000	
0.707131	0.000000	0.000000	0.000000	0.000000	0.000000	0.707083	0.000000	
0.000000	1.005766	0.000000	0.000000	0.000000	0.000000	0.000000	0.000000	
0.000000	0.000000	0.707204	0.000000	0.707010	0.000000	0.000000	0.000000	
0.000000	0.707054	0.000000	0.000000	0.000000	0.707160	0.000000	0.000000	
0.000000	0.000000	0.000000	0.707063	0.000000	0.707167	0.000000	0.000000	
0.000000	0.000000	0.000000	0.000000	1.000000	0.000000	0.000000	0.000000	
0.000000	0.000000	0.000000	0.000000	0.707068	0.707145	0.000000	0.000000	
0.000000	0.000000	0.000000	0.000000	0.707269	0.000000	0.000000	0.706945	
0.707379	0.706835	0.000000	0.000000	0.000000	0.000000	0.000000	0.000000	
0.000000	0.000000	0.000000	0.707232	0.706981	0.000000	0.000000	0.000000	
0.000000	0.000000	0.000000	0.000000	0.706818	0.000000	0.707396	0.000000	
0.707056	0.000000	0.000000	0.000000	0.000000	0.000000	0.000000	0.707165	
0.707138	0.000000	0.000000	0.707076	0.000000	0.000000	0.000000	0.000000	
0.000000	0.000000	0.000000	1.000000	0.000000	0.000000	0.000000	0.000000	
0.000000	0.000000	0.707023	0.000000	0.000000	0.000000	0.707191	0.000000	
0.000000	0.707370	0.000009	0.706844	0.000000	0.000000	0.000000	0.000000	
0.000000	0.000000	0.000000	0.000000	0.000000	1.000000	0.000000	0.000000	
0.000000	0.707089	0.707124	0.000000	0.000000	0.000000	0.000000	0.000000	
0.000000	0.707022	0.000000	0.000000	0.000000	0.000000	0.707192	0.000000	
1.000291	0.000000	0.000000	0.000000	0.000000	0.000000	0.000000	0.000000	
0.000000	0.707220	0.000000	0.000000	0.706994	0.000000	0.000000	0.000000	
0.000000	0.000000	0.000000	0.000000	0.000000	0.707136	0.707078	0.000000	
0.000000	0.000000	1.000000	0.000000	0.000000	0.000000	0.000000	0.000000	
0.000030	0.000004	0.000000	0.000000	0.000003	0.000003	0.707272	0.706941	
0.000000	0.000000	0.000000	0.000000	0.000000	1.000000	0.000000	0.000000	
0.000000	0.000000	0.000000	0.000000	1.000000	0.000000	0.000000	0.000000	
0.000000	0.000000	0.000000	0.000000	0.717258	0.696808	0.000000	0.000000	
0.000000	0.000000	0.707204	0.000000	0.707010	0.000000	0.000000	0.000000	
0.713858	0.006012	0.000000	0.000000	0.000008	0.000000	0.000000	0.700847	
0.000000	0.707089	0.707125	0.000000	0.000000	0.000000	0.000000	0.000000	
0.000000	0.707054	0.000000	0.000000	0.000000	0.707160	0.000000	0.000000	
0.000000	0.000000	0.000000	0.000000	0.000000	0.000031	0.707283	0.706952	
0.502419	0.474205	0.000949	0.721916	0.000000	0.039265	0.000169	0.000000	
0.667519	0.737137	0.082046	0.000244	0.063116	0.000000	0.018248	0.000000	
0.978004	0.000000	0.000000	0.014832	0.000000	0.000000	0.000000	0.208520	
0.705250	0.000000	0.000000	0.000000	0.705017	0.000000	0.074724	0.000000	
0.004020	0.460041	0.000007	0.498672	0.734595	0.000390	0.006535	0.000000	
0.000000	0.707109	0.000000	0.707104	0.000000	0.000000	0.000000	0.000000	
0.000000	0.000000	0.000000	0.000000	0.000000	0.000000	1.000000	0.000000	
0.000000	0.000000	0.000000	0.000000	0.707269	0.000000	0.000000	0.706945	
0.000000	0.000000	0.000000	0.707207	0.000000	0.000000	0.000000	0.707007	
0.000000	0.000000	0.000000	0.707065	0.000000	0.707169	0.000000	0.000002	
0.000000	0.005211	0.701582	0.717515	0.000000	0.000000	0.000000	0.000000	
0.000000	0.713399	0.000000	0.000000	0.000245	0.000015	0.000000	0.701174	
0.707805	0.000000	0.706408	0.000000	0.000000	0.000000	0.000000	0.000000	
0.000000	0.000000	0.000000	0.000000	0.000000	0.000000	0.000000	1.000000	
0.000000	0.000000	0.707041	0.000000	0.000000	0.707172	0.000000	0.000000	
0.000000	0.000000	0.707023	0.000000	0.000000	0.000000	0.707191	0.000000	
0.000000	0.707220	0.000000	0.000000	0.706994	0.000000	0.000000	0.000000	
0.707958	0.000000	0.000000	0.000000	0.000001	0.707609	0.000000	0.000003	
0.649893	0.009901	0.007000	0.000091	0.000022	0.013460	0.761642	0.000000	
0.023845	0.999088	0.001994	0.005782	0.034889	0.000000	0.000000	0.000000	
0.046144	0.000133	0.519849	0.492008	0.027308	0.000000	0.005375	0.696659	
0.000000	0.000000	0.000021	0.707229	0.000000	0.000000	0.707397	0.000000	
0.000000	0.695187	0.000000	0.104391	0.000000	0.000000	0.711243	0.000000	
0.000000	0.000000	0.000000	0.000000	0.706818	0.000000	0.707396	0.000000	
0.000000	0.000000	1.000000	0.000000	0.000000	0.000000	0.000000	0.000000	
0.000000	0.000000	0.000000	0.000000	0.000000	0.707603	0.708182	0.000000	
0.000000	0.000000	0.000000	1.000000	0.000000	0.000000	0.000000	0.000000	
0.000000	0.000000	0.000000	0.000000	0.000000	0.701438	0.012806	0.714144	
0.504636	0.476297	0.000889	0.725101	0.000000	0.039438	0.000170	0.000000	
0.000000	0.000000	0.714229	0.000000	0.700341	0.000000	0.000000	0.000000	
0.000000	0.707040	0.000000	0.005882	0.000000	0.000000	0.000000	0.707160	
0.667519	0.737137	0.082046	0.000244	0.063116	0.000000	0.018248	0.000000	
0.000000	0.010648	0.701479	0.717453	0.000000	0.000000	0.000000	0.000000	
0.008147	0.964124	0.079546	0.246311	0.063145	0.000000	0.018256	0.000000	
0.706474	0.010752	0.010421	0.000002	0.000000	0.000000	0.708920	0.000000	
0.000707	0.738897	0.673037	0.021669	0.000000	0.000000	0.000000	0.024144	
0.066774	0.010048	0.000012	0.997927	0.000000	0.003779	0.000000	0.000000	
0.334475	0.354125	0.000669	0.506292	0.000000	0.711584	0.006185	0.000000	
0.000000	0.000000	0.707041	0.000000	0.000000	0.707172	0.000000	0.000000	
0.000000	0.000000	0.000000	0.707207	0.000000	0.000000	0.000000	0.707007	
0.999445	0.000000	0.032794	0.005793	0.000000	0.000000	0.000000	0.000000	
0.035290	0.000071	0.000000	0.036088	0.696128	0.000000	0.120749	0.708435	
0.707052	0.000000	0.000000	0.000000	0.000000	0.707164	0.000000	0.000002	
0.000000	0.000000	0.000000	0.000000	0.000000	0.706995	0.000000	0.707257	
0.000000	0.000000	0.000000	0.000000	0.707068	0.707145	0.000000	0.000000	
0.000025	0.000277	0.000000	0.035593	0.701832	0.000000	0.711453	0.000000	
0.000000	0.000000	0.000000	0.000000	0.000000	0.707678	0.708257	0.000000	
0.618274	0.003608	0.005691	0.000416	0.784128	0.010523	0.052194	0.000000	
0.000000	0.476239	0.000000	0.097119	0.000000	0.000000	0.542144	0.693705	
0.000000	0.000000	0.000000	0.000000	0.000000	0.998554	0.053768	0.000000	
0.715782	0.005018	0.702925	0.000000	0.000000	0.000000	0.000000	0.000003	
0.044700	0.000128	0.503583	0.476613	0.001104	0.000000	0.719582	0.000000	
0.000000	0.000000	0.000000	0.000000	0.000000	0.000000	0.000000	1.000393	
0.471846	0.505347	0.000949	0.722459	0.000000	0.000000	0.006204	0.000000	
0.000000	0.707220	0.000000	0.000000	0.706994	0.000000	0.000000	0.000000	
0.003939	0.003588	0.000007	0.717573	0.702037	0.032405	0.000170	0.000000	
