0.000000	0.707054	0.000000	0.000000	0.000000	0.707160	0.000000	0.000000	
0.000000	0.000000	0.000000	0.000000	0.719177	0.000000	0.712696	0.000000	
0.000000	0.706290	0.000000	0.000000	0.000000	0.000000	0.000000	0.707943	
0.000001	0.000005	0.707224	0.000000	0.706990	0.000000	0.000000	0.000000	
0.000000	0.707213	0.000000	0.000000	0.707000	0.000000	0.000000	0.000000	
0.000000	0.000000	0.000000	1.000000	0.000000	0.000000	0.000000	0.000000	
0.707281	0.000000	0.000000	0.000000	0.000000	0.706933	0.000000	0.000002	
0.000000	0.000000	0.707131	0.000000	0.000000	0.000000	0.707083	0.000000	
0.000000	0.000000	0.000000	0.000000	0.707281	0.706933	0.000000	0.000000	
0.000000	0.000000	0.000000	0.707238	0.706976	0.000000	0.000000	0.000000	
0.000000	0.000000	1.000000	0.000000	0.000000	0.000000	0.000000	0.000000	
0.707379	0.706835	0.000000	0.000000	0.000000	0.000000	0.000000	0.000000	
0.000001	0.000000	0.000000	0.000000	0.000000	0.000000	0.707054	0.707161	
0.000000	0.000000	0.000000	0.707055	0.000000	0.707159	0.000000	0.000000	
0.707089	0.000000	0.707124	0.000000	0.000000	0.000000	0.000000	0.000000	
0.000000	0.000000	0.000000	0.000000	0.707278	0.000000	0.000000	0.706936	
0.000000	0.000001	0.000000	0.707121	0.000000	0.000000	0.707093	0.000000	
0.000000	0.000000	0.706286	0.000000	0.000000	0.000000	0.000000	0.707927	
0.704737	0.000000	0.000000	0.000000	0.709968	0.000000	0.000000	0.000000	
0.000000	0.000000	0.000000	0.000000	0.000000	0.000000	1.000000	0.000000	
0.000000	0.000000	0.000000	0.000000	0.000000	0.707130	0.707083	0.000000	
0.000000	0.000000	0.000000	0.000000	1.000000	0.000000	0.000000	0.000000	
0.707138	0.000000	0.000000	0.707076	0.000000	0.000000	0.000000	0.000000	
0.000000	0.707123	0.000000	0.707091	0.000000	0.000000	0.000000	0.000000	
0.000000	0.000000	0.707097	0.707117	0.000000	0.000000	0.000000	0.000000	
0.000000	0.000000	0.000000	0.000000	0.000000	1.000000	0.000000	0.000000	
0.000000	0.000000	0.000000	0.000000	0.000000	0.000000	0.000000	1.000193	
0.000000	0.000000	0.000000	0.000000	0.000000	0.705425	0.000000	0.708785	
0.707054	0.000000	0.000000	0.000000	0.000000	0.000000	0.000000	0.707159	
0.000000	0.000000	0.707061	0.000000	0.000000	0.707153	0.000000	0.000000	
0.000000	0.707376	0.000000	0.000000	0.000000	0.000000	0.706838	0.000000	
1.000000	0.000000	0.000000	0.000000	0.000000	0.000000	0.000000	0.000000	
0.000000	0.000000	0.000000	0.707075	0.000000	0.000000	0.000000	0.707138	
0.000000	1.000001	0.000000	0.000000	0.000000	0.000000	0.000000	0.000000	
0.000000	0.707089	0.707124	0.000000	0.000000	0.000000	0.000000	0.000000	
0.707131	0.000000	0.000000	0.000000	0.000000	0.000000	0.707083	0.000000	
0.002942	0.991333	0.040141	0.013606	0.072132	0.101262	0.000000	0.000163	
0.000015	0.000003	0.699018	0.000000	0.000000	0.715104	0.000000	0.000000	
0.742502	0.002169	0.721765	0.001177	0.000000	0.000000	0.000000	0.000000	
0.000004	0.000000	0.000000	0.707121	0.000000	0.000000	0.707093	0.000000	
0.707297	0.000000	0.000000	0.000000	0.000000	0.706916	0.000000	0.000000	
0.000000	0.000000	0.707238	0.000000	0.000000	0.000000	0.000000	0.706975	
0.711000	0.002369	0.000000	0.000000	0.000000	0.000000	0.703450	0.000000	
0.707224	0.000000	0.000000	0.000000	0.706990	0.000000	0.000000	0.000000	
0.006302	0.000731	0.000005	0.000355	0.000699	0.697588	0.000000	0.716471	
0.000000	0.000000	0.707097	0.707117	0.000000	0.000000	0.000000	0.000000	
0.009333	0.703692	0.703789	0.000000	0.097007	0.000000	0.000000	0.000000	
0.000000	0.000000	0.000000	0.704405	0.000000	0.000000	0.000000	0.709798	
0.000000	0.690190	0.005970	0.000000	0.000000	0.000000	0.723604	0.000000	
0.000000	0.000000	0.000000	0.000000	0.000000	0.000000	0.000000	1.000049	
0.000004	0.000015	0.707224	0.000000	0.706990	0.000000	0.000000	0.000000	
0.000000	0.000000	0.000000	0.721713	0.000000	0.692192	0.000000	0.000000	
0.000000	0.000000	1.000000	0.000000	0.000000	0.000000	0.000000	0.000000	
0.650709	0.000552	0.000000	0.000000	0.176668	0.000000	0.073180	0.734854	
0.000003	0.000011	0.000001	0.000001	0.707129	0.000000	0.707085	0.000000	
0.000000	0.000000	0.000000	0.000000	0.000000	1.000000	0.000000	0.000000	
0.000000	0.000000	0.707131	0.000000	0.000000	0.000000	0.707083	0.000000	
0.000000	0.000000	0.000000	0.000000	0.000000	0.000000	0.711063	0.703951	
0.000000	0.000000	0.000000	1.000000	0.000000	0.000000	0.000000	0.000000	
0.667503	0.737119	0.082018	0.009101	0.063117	0.000000	0.017915	0.000000	
0.000000	0.707380	0.000000	0.707348	0.000000	0.000000	0.000000	0.000000	
0.000000	0.000000	0.000000	0.000000	0.707241	0.000000	0.000000	0.706975	
0.000000	0.700470	0.000000	0.000000	0.000000	0.714781	0.000000	0.000000	
0.000000	0.000000	0.000000	0.000000	0.000000	0.000000	1.000000	0.000000	
0.000000	0.706289	0.000000	0.000000	0.000003	0.000000	0.000000	0.707943	
0.016097	0.705764	0.014300	0.041874	0.707099	0.010283	0.000000	0.000000	
0.000000	0.000000	0.000000	0.718959	0.697250	0.000000	0.000000	0.000000	
0.000000	0.000000	0.000000	0.000000	0.707057	0.707157	0.000000	0.000000	
0.000000	0.000000	0.000000	0.000000	1.000000	0.000000	0.000000	0.000000	
0.004182	0.000047	0.000000	0.000120	0.000003	0.710861	0.703320	0.000000	
0.718272	0.000000	0.001525	0.703758	0.007534	0.000000	0.007372	0.000000	
0.999560	0.000000	0.000000	0.000000	0.000000	0.025539	0.015110	0.000000	
0.000082	0.000003	0.000001	0.000003	0.014827	0.000000	0.999804	0.013130	
0.006555	0.052872	0.526013	0.024259	0.469442	0.000000	0.000000	0.707190	
0.652791	0.720873	0.223216	0.009101	0.063116	0.000000	0.018306	0.000000	
0.000000	0.000000	0.000000	1.000000	0.000000	0.000000	0.000000	0.000000	
0.000000	0.000000	0.000000	0.499458	0.529200	0.685922	0.000000	0.000000	
0.706341	0.107401	0.020738	0.000000	0.000000	0.000000	0.705478	0.003309	
0.000000	0.000000	0.608662	0.000000	0.000000	0.793430	0.000000	0.000000	
0.025248	0.558182	0.017309	0.000000	0.000000	0.000000	0.831350	0.000000	
0.005619	0.000437	0.708442	0.000000	0.000000	0.000000	0.705787	0.000000	
0.177654	0.001046	0.002329	0.684557	0.706976	0.000000	0.000000	0.000000	
0.004182	0.000148	0.000004	0.000122	0.000003	0.711251	0.703707	0.011245	
0.000000	0.000000	0.000000	0.682589	0.231355	0.000000	0.000000	0.694970	
0.484699	0.535250	0.059557	0.010655	0.000402	0.715295	0.018244	0.000000	
0.000000	0.000000	0.000000	0.000000	1.000000	0.000000	0.000000	0.000000	
0.684385	0.002283	0.000000	0.738839	0.000000	0.000000	0.034379	0.000000	
0.000000	0.000000	0.999962	0.000000	0.000000	0.000000	0.000000	0.008757	
0.000000	0.000000	0.000000	0.340883	0.321709	0.517784	0.000000	0.715685	
0.078956	0.001080	0.076978	0.145345	0.512537	0.451722	0.707083	0.000000	
0.000004	0.000000	0.000000	0.699116	0.000000	0.000000	0.720974	0.000000	
0.000062	0.766979	0.044990	0.036078	0.676297	0.040008	0.000000	0.013397	
0.000124	0.000008	0.000001	0.000005	0.006637	0.000000	0.707149	0.707034	
0.002377	0.040709	0.004608	0.001879	0.706606	0.000000	0.000000	0.707457	
0.309100	0.002358	0.297721	0.562213	0.000000	0.706916	0.000000	0.000000	
0.742502	0.002169	0.721765	0.001177	0.000000	0.000000	0.000000	0.000000	
0.497236	0.000000	0.000000	0.000000	0.000312	0.496968	0.000000	0.717357	
0.707297	0.000000	0.000000	0.000000	0.000000	0.706916	0.000000	0.000000	
0.000000	0.000000	0.000000	0.000000	0.000000	1.000000	0.000000	0.000000	
0.707149	0.000000	0.000000	0.000000	0.706915	0.000000	0.014868	0.000000	
