1.022306	0.000000	0.000000	0.000000	0.000000	0.000000	0.000000	0.000000	
0.000000	0.000000	0.000000	0.000000	0.000000	1.000316	0.000000	0.000000	
0.713077	0.000000	0.000000	0.000001	0.702842	0.000000	0.000000	0.000000	
0.000005	0.000188	0.000000	0.000000	0.707328	0.707209	0.000000	0.000000	
0.000000	0.000000	0.000000	0.000000	1.000362	0.000000	0.000000	0.000000	
0.000003	0.719372	0.694648	0.000002	0.000003	0.000000	0.000000	0.000001	
0.000000	0.000000	0.000000	1.000732	0.000000	0.000000	0.000000	0.000000	
0.000001	0.000006	0.000002	0.708140	0.000000	0.000002	0.000031	0.706131	
0.000000	0.000000	0.000000	0.000000	0.707892	0.000000	0.000000	0.706653	
0.701340	0.712862	0.000009	0.000032	0.000013	0.000000	0.000000	0.000000	
0.000000	0.000000	0.000000	0.000092	0.000000	0.000000	0.708986	0.705360	
0.000000	1.032882	0.000000	0.000000	0.000000	0.000000	0.000000	0.000000	
0.000000	0.000000	1.002754	0.000000	0.000000	0.000000	0.000000	0.000000	
0.000000	0.000000	0.000000	0.000000	0.000000	0.000000	1.000046	0.000000	
0.000039	0.001047	0.715487	0.000001	0.000009	0.712705	0.000000	0.000000	
0.000016	0.000094	0.709753	0.000271	0.000009	0.000000	0.707837	0.000000	
0.000000	0.000001	0.710028	0.000006	0.707947	0.000001	0.000000	0.000000	
0.000006	0.001027	0.711219	0.000000	0.000007	0.000010	0.000000	0.712654	
0.000000	0.000000	0.000000	0.709490	0.705635	0.000000	0.000000	0.000000	
0.000000	0.719489	0.000020	0.000013	0.000000	0.000000	0.000000	0.696424	
0.000000	0.000000	0.000000	0.710009	0.000000	0.706903	0.000000	0.000000	
0.000000	0.000004	0.000001	0.000078	0.000000	0.707897	0.707366	0.000000	
0.718233	0.000000	0.000000	0.000000	0.000007	0.000000	0.000000	0.705715	
0.000000	0.000000	0.000000	0.000000	0.000000	0.707755	0.000030	0.706483	
0.000066	0.719285	0.000070	0.000005	0.000000	0.000000	0.697271	0.000000	
0.712296	0.000009	0.000088	0.707175	0.000000	0.000000	0.000000	0.000000	
0.000000	0.000000	0.705894	0.709791	0.000000	0.000003	0.000000	0.000000	
0.709094	0.000000	0.000001	0.000000	0.000004	0.000000	0.705235	0.000000	
0.720141	0.000000	0.000000	0.000437	0.000000	0.716243	0.000000	0.000000	
0.000000	0.000000	0.000000	0.707539	0.000000	0.000004	0.706951	0.000000	
0.714937	0.000031	0.705949	0.000000	0.000046	0.000023	0.000005	0.000002	
0.000000	0.000000	0.000000	0.000000	0.000000	0.000000	0.000000	1.000047	
0.000000	0.719717	0.000000	0.694353	0.000000	0.000000	0.000000	0.000000	
0.000001	0.719085	0.000006	0.000000	0.696015	0.000000	0.000000	0.000000	
0.000000	0.721904	0.000000	0.000001	0.000000	0.692906	0.000000	0.000000	
0.000000	0.000000	0.000000	0.000000	0.705928	0.000000	0.708325	0.000000	
0.173128	1.006546	0.000000	0.000000	0.000000	0.000003	0.000000	0.028917	
0.000009	0.000002	0.000000	0.004690	0.000001	0.707506	0.018154	0.706483	
1.015326	0.000000	0.000000	0.000000	0.000000	0.000000	0.000000	0.000000	
0.000000	0.000000	0.000000	1.001341	0.000000	0.000000	0.000000	0.000000	
0.000095	0.000002	0.000024	0.709436	0.000000	0.000001	0.705390	0.000000	
0.000000	0.000000	1.002754	0.000000	0.000000	0.000000	0.000000	0.000000	
0.718785	0.000000	0.000000	0.000000	0.000007	0.000000	0.000000	0.706258	
0.000000	0.000011	0.000003	0.708140	0.000000	0.000002	0.000030	0.706131	
0.000001	0.719003	0.000006	0.000022	0.695936	0.000000	0.000000	0.000000	
0.714846	0.000031	0.705859	0.000000	0.000021	0.000481	0.000005	0.000002	
0.000003	0.719387	0.694662	0.000000	0.000003	0.000000	0.000000	0.000001	
0.000010	0.000055	0.000056	0.000001	0.000000	0.712882	0.702060	0.000000	
0.000000	0.000000	0.000000	0.000000	0.003394	0.000000	0.707903	0.706673	
0.000000	0.000000	0.000000	0.000000	0.000000	0.000000	1.000066	0.000000	
0.000000	0.000000	0.000000	0.000000	0.717911	0.000000	0.696134	0.006565	
0.000000	0.000000	0.000000	0.710407	0.000000	0.707298	0.000000	0.000000	
0.015090	0.722873	0.000070	0.000005	0.000000	0.000002	0.700901	0.000000	
0.000000	0.721804	0.000000	0.000001	0.000000	0.692262	0.000000	0.000000	
0.000000	0.000000	0.000000	0.000000	0.707909	0.000000	0.000000	0.706670	
0.000000	0.000000	0.000000	0.000000	0.000000	0.000000	0.000000	1.000048	
0.000036	0.001456	0.710566	0.000000	0.000000	0.703999	0.000000	0.000000	
0.000000	0.719714	0.000000	0.694350	0.000000	0.000000	0.000043	0.000000	
0.000000	0.000000	0.000000	0.704735	0.710395	0.000001	0.000000	0.000000	
0.660057	0.759684	0.000008	0.000007	0.000014	0.000003	0.022691	0.000000	
0.712426	0.000169	0.000088	0.707305	0.000000	0.000000	0.000000	0.000000	
0.000000	0.000000	0.000000	0.000000	1.000359	0.000000	0.000000	0.000000	
0.000398	0.729134	0.000019	0.000014	0.000000	0.000000	0.000000	0.707720	
0.000000	0.000000	0.000000	0.000000	0.000000	1.000305	0.000000	0.000000	
0.000005	0.001063	0.709351	0.000006	0.707273	0.000001	0.000000	0.000000	
0.716405	0.000000	0.000000	0.000000	0.706432	0.000000	0.000000	0.000000	
0.000022	0.002414	0.699095	0.715247	0.000001	0.000075	0.000045	0.000000	
0.000016	0.000094	0.708345	0.000273	0.000009	0.000000	0.706434	0.000000	
0.709095	0.000000	0.000011	0.000000	0.000010	0.000000	0.705236	0.000000	
0.000125	0.000003	0.000000	0.000000	0.712314	0.710659	0.000000	0.000000	
0.001030	0.000034	0.713501	0.000000	0.000007	0.000000	0.000000	0.714940	
0.708512	0.000003	0.000000	0.000000	0.000000	0.705722	0.000000	0.000000	
0.003286	0.685800	0.039968	0.000007	0.684959	0.243870	0.000000	0.000000	
0.000771	1.002199	0.010044	0.000000	0.000000	0.000000	0.001780	0.000000	
0.000000	0.000000	0.000000	0.000000	0.000000	1.001201	0.000043	0.000824	
0.000000	0.046846	0.045236	0.740422	0.669049	0.000000	0.000000	0.000001	
0.000093	0.000034	0.000001	0.024275	0.000000	0.024169	0.999496	0.000000	
0.000001	0.000034	0.029352	0.999561	0.000000	0.000000	0.000000	0.017367	
0.000000	0.000000	0.000000	0.000000	0.707948	0.000000	0.000000	0.706710	
0.364990	0.373091	0.000001	0.000017	0.003016	0.016208	0.546394	0.724498	
0.714465	0.000031	0.705483	0.000001	0.000046	0.054737	0.000005	0.000000	
0.973743	0.225581	0.013055	0.004507	0.000285	0.006836	0.025649	0.011183	
0.000051	0.016781	0.711233	0.000000	0.000007	0.000000	0.000000	0.712443	
0.481537	0.000000	0.000000	0.000008	0.535961	0.716608	0.000000	0.000000	
0.000090	0.002448	0.709424	0.000001	0.000009	0.706669	0.000000	0.000000	
0.000005	0.001015	0.677258	0.000006	0.740016	0.000002	0.000000	0.000000	
0.000048	0.016666	0.709053	0.711576	0.000022	0.000000	0.000044	0.002011	
0.686191	0.173021	0.009243	0.009412	0.000000	0.001885	0.000000	0.706521	
0.000016	0.000094	0.709753	0.000273	0.000009	0.000000	0.707837	0.000000	
0.000000	0.000000	1.002978	0.000000	0.000000	0.000000	0.000000	0.000000	
0.000000	0.000000	0.000018	0.003988	0.000000	0.505358	0.504010	0.700940	
0.709016	0.000000	0.000004	0.706836	0.000000	0.000003	0.000006	0.000000	
0.720361	0.000000	0.000000	0.000437	0.000000	0.716462	0.000000	0.000000	
0.000000	0.000011	0.000003	0.708682	0.000000	0.000002	0.000004	0.706671	
0.000042	0.001500	0.000218	0.029613	0.000058	0.707262	0.707351	0.000000	
0.000000	0.000000	0.000000	0.000000	0.716269	0.000000	0.713590	0.030632	
0.001050	0.692455	0.002060	0.000252	0.000046	0.000000	0.722104	0.000000	
0.712713	0.007647	0.007904	0.000268	0.702567	0.000000	0.000000	0.000000	
0.000000	0.000000	0.000000	0.000000	0.000000	0.000000	0.000000	1.000048	
0.000000	0.000000	0.000000	0.707539	0.000000	0.000004	0.706951	0.000000	
