0.000204	0.717047	0.000005	0.697043	0.000000	0.000922	0.000000	0.000000	
1.000324	0.000000	0.000000	0.000000	0.000000	0.000000	0.000000	0.000000	
0.000000	0.718712	0.000000	0.000014	0.000000	0.000001	0.000017	0.697082	
0.705804	0.714362	0.000012	0.000000	0.000000	0.000000	0.000064	0.000000	
0.000000	0.000166	0.000000	0.000164	0.707837	0.000006	0.706397	0.000000	
0.713807	0.000000	0.700472	0.000000	0.000005	0.000000	0.000033	0.000000	
0.719254	0.000001	0.000000	0.000001	0.000000	0.000000	0.703983	0.000000	
0.000000	1.001981	0.000000	0.000000	0.000000	0.000000	0.000000	0.000000	
0.000000	0.000000	0.000000	0.000000	1.000037	0.000000	0.000000	0.000000	
0.000000	0.000000	0.706547	0.000000	0.000010	0.000000	0.000158	0.707972	
0.000005	0.000158	0.000007	0.709454	0.000008	0.000000	0.704928	0.000000	
0.000000	0.000000	0.000000	0.000000	0.000000	0.000000	0.707289	0.706939	
0.000000	0.000006	0.000001	0.000050	0.000011	0.707246	0.000000	0.707037	
0.000000	0.000042	0.000040	0.000002	0.000000	0.707214	0.707044	0.000000	
0.000000	0.000000	0.707288	0.000000	0.000000	0.000000	0.706980	0.000000	
0.712949	0.000065	0.000005	0.000000	0.000024	0.702003	0.000000	0.000000	
0.001068	0.000006	0.727438	0.000000	0.000009	0.717516	0.000000	0.000000	
0.000085	0.000995	0.000102	0.710450	0.000003	0.000000	0.000004	0.703930	
0.000003	0.713102	0.000069	0.000005	0.000000	0.000000	0.701199	0.000000	
0.715590	0.000057	0.000000	0.000000	0.000004	0.000000	0.000001	0.698912	
0.000000	0.000000	0.000000	0.711855	0.702363	0.000007	0.000000	0.000000	
0.000004	0.000059	0.709124	0.000000	0.705640	0.000003	0.000000	0.000000	
0.000000	0.000000	0.000000	0.000000	0.000000	0.000000	0.000000	1.000044	
0.000000	0.000000	0.000000	0.000000	0.707212	0.707019	0.000000	0.000000	
0.712620	0.000021	0.000016	0.703337	0.000000	0.000000	0.000006	0.000000	
0.000000	0.705233	0.000007	0.000000	0.716772	0.000062	0.000000	0.000000	
0.708359	0.000000	0.005236	0.000000	0.709455	0.000000	0.000000	0.000000	
0.000000	0.000000	0.000000	0.710444	0.000000	0.703810	0.000000	0.000000	
0.000000	0.000000	0.000000	0.000000	0.000000	0.000000	1.000212	0.000000	
0.000000	0.000000	0.000000	0.000000	0.709182	0.000003	0.000017	0.709602	
0.000003	0.719235	0.694806	0.000002	0.000000	0.000000	0.000000	0.000001	
0.000000	0.000000	0.000000	0.000000	0.000000	1.000094	0.000000	0.000000	
0.000326	0.717539	0.000068	0.000279	0.000000	0.696841	0.000001	0.000000	
0.000000	0.000000	0.000000	1.001693	0.000000	0.000000	0.000000	0.000000	
0.000000	0.000000	1.001236	0.000000	0.000000	0.000000	0.000000	0.000000	
0.000000	0.000000	0.704338	0.709886	0.000000	0.000000	0.000000	0.000000	
0.707380	0.715958	0.000012	0.000000	0.000000	0.000000	0.000001	0.000000	
0.714551	0.000065	0.000005	0.000005	0.000024	0.700381	0.000000	0.000000	
0.000000	0.000000	0.000000	1.000230	0.000000	0.000000	0.000000	0.000000	
0.000204	0.717047	0.000005	0.697044	0.000029	0.000922	0.000000	0.000000	
0.000000	0.719706	0.000000	0.000013	0.000000	0.000000	0.000017	0.698046	
0.000327	0.717745	0.000069	0.000000	0.000000	0.697041	0.000001	0.000000	
0.000000	0.000000	0.000000	0.712647	0.000000	0.701587	0.000000	0.000000	
0.000000	0.000000	0.000000	0.000000	0.000000	1.000690	0.000000	0.000000	
0.000000	0.000000	0.000000	0.000000	1.000121	0.000000	0.000000	0.000000	
0.947184	0.284251	0.004354	0.130062	0.000000	0.072709	0.000039	0.000002	
0.005373	0.740766	0.673769	0.000001	0.003018	0.003568	0.034256	0.000000	
0.000000	0.000234	0.000003	0.000000	0.708106	0.000003	0.706666	0.000001	
0.000000	0.000000	0.000000	0.000000	0.000000	0.000000	0.000000	1.000021	
0.000000	0.000000	0.000000	0.000000	0.000000	0.000000	1.000213	0.000000	
0.715709	0.000057	0.000000	0.000000	0.000003	0.000000	0.000001	0.698897	
0.000004	0.000087	0.715191	0.000000	0.699071	0.000000	0.000008	0.000000	
0.000000	0.000000	0.717576	0.696701	0.001425	0.000000	0.000000	0.000000	
0.000000	0.000000	0.000000	0.713039	0.701195	0.000007	0.000000	0.000000	
0.000000	0.000001	0.000058	0.000000	0.000000	0.707298	0.707128	0.000000	
0.001081	0.000132	0.741955	0.000000	0.000010	0.703654	0.000000	0.000000	
0.713964	0.000000	0.700626	0.000000	0.000005	0.000002	0.000001	0.000000	
0.001260	0.992519	0.106560	0.050866	0.037151	0.000000	0.000000	0.000000	
0.000000	0.000000	0.000000	0.000000	0.707212	0.707019	0.000000	0.000000	
0.000001	0.000158	0.000007	0.709944	0.000008	0.000000	0.705415	0.000000	
0.000000	0.000000	0.000000	0.000000	0.000000	0.000000	0.707290	0.706939	
0.715300	0.000000	0.000000	0.702067	0.000000	0.000000	0.000006	0.000000	
0.000000	0.000000	0.000000	0.709721	0.000000	0.000003	0.000022	0.710625	
0.715946	0.000000	0.000000	0.000000	0.701545	0.000000	0.000000	0.000000	
0.000000	0.000000	1.000523	0.000000	0.000000	0.000000	0.000000	0.000000	
0.003291	0.708354	0.000023	0.006236	0.000000	0.000000	0.707611	0.005954	
0.000070	0.053457	0.705161	0.017069	0.023961	0.020942	0.706665	0.000001	
0.000000	0.000025	0.715143	0.000006	0.000000	0.000070	0.000168	0.703052	
0.703668	0.000000	0.000000	0.000001	0.000000	0.000000	0.719657	0.000000	
0.000012	0.000184	0.016505	0.000000	0.000001	0.511549	0.494313	0.702663	
0.000000	0.716811	0.000006	0.000000	0.700688	0.000062	0.000000	0.000000	
0.000000	0.000000	0.000000	0.000000	0.709326	0.000003	0.000000	0.709747	
0.000000	0.000000	0.000000	0.707447	0.000000	0.000000	0.000004	0.709113	
0.000000	0.000000	0.000000	0.000000	0.707648	0.000003	0.000026	0.708518	
0.007875	0.994261	0.101797	0.050931	0.002502	0.000000	0.000000	0.000000	
0.006054	0.728764	0.679276	0.026704	0.000038	0.084626	0.018349	0.000000	
0.068394	0.750753	0.000017	0.679875	0.000000	0.000000	0.000023	0.000000	
0.004853	0.071669	0.705472	0.000000	0.705637	0.000003	0.000000	0.000000	
0.000219	0.085616	0.702330	0.000005	0.000000	0.000000	0.706751	0.000000	
1.001327	0.000000	0.007402	0.000000	0.033309	0.000000	0.000000	0.000000	
0.715720	0.000057	0.000000	0.000000	0.000020	0.000000	0.000000	0.698909	
0.001081	0.000132	0.741956	0.000000	0.000010	0.703655	0.000000	0.000000	
0.714272	0.000065	0.000005	0.000042	0.000387	0.700033	0.000012	0.000000	
0.022209	0.716484	0.000006	0.000000	0.697332	0.000062	0.000000	0.000000	
0.000000	0.000000	0.000000	0.698235	0.715882	0.015239	0.000000	0.000000	
0.000000	0.000000	0.000000	0.000000	0.000000	0.000000	0.000000	1.000707	
0.002804	0.563626	0.012425	0.000142	0.000000	0.000053	0.568573	0.643666	
0.000001	0.000151	0.013687	0.000018	0.000001	0.664957	0.747921	0.000000	
0.000592	0.717745	0.000069	0.000000	0.000000	0.697041	0.000001	0.000000	
0.000005	0.000158	0.000011	0.709587	0.000008	0.000000	0.705060	0.000000	
0.718808	0.031494	0.000000	0.000006	0.000000	0.000000	0.696002	0.000000	
0.000000	0.000000	0.993996	0.000025	0.118421	0.000000	0.000000	0.000000	
0.000000	0.000000	0.000000	0.000000	0.707296	0.707103	0.002124	0.000000	
0.000637	0.690766	0.134612	0.000628	0.016686	0.000000	0.000004	0.710304	
0.000315	0.024320	0.000000	0.000000	0.000000	0.715331	0.007986	0.706962	
0.000003	0.000033	0.000000	0.023273	0.981578	0.000000	0.000000	0.190684	
0.719273	0.000000	0.000007	0.000000	0.697336	0.000000	0.000000	0.000000	
0.029886	0.009325	0.000239	0.709808	0.008313	0.703912	0.000000	0.000000	
0.000000	0.000000	0.700690	0.742561	0.000000	0.000000	0.040533	0.000000	
0.000186	0.006073	0.000601	0.000041	0.710902	0.000096	0.703689	0.000000	
