0.000000	0.000000	0.000000	0.000000	0.707222	0.706991	0.000000	0.000000	
1.000000	0.000000	0.000000	0.000000	0.000000	0.000000	0.000000	0.000000	
0.000000	0.000000	0.000000	0.000000	1.000000	0.000000	0.000000	0.000000	
0.000000	0.000000	0.000000	0.000000	0.000000	0.000000	0.000000	1.000064	
0.000001	0.000000	0.000000	0.704972	0.709236	0.000000	0.000000	0.000000	
0.000000	0.000000	0.000000	1.000000	0.000000	0.000000	0.000000	0.000000	
0.000000	0.000000	0.000000	0.000000	0.000000	0.000000	0.707098	0.707115	
0.000000	1.000000	0.000000	0.000000	0.000000	0.000000	0.000000	0.000000	
0.707035	0.000002	0.000000	0.000000	0.000001	0.000000	0.707178	0.000000	
0.000000	0.000000	0.000000	0.000000	0.000000	0.000000	1.000004	0.000000	
0.000000	0.706785	0.000000	0.000000	0.707429	0.000000	0.000000	0.000001	
0.707089	0.000000	0.707125	0.000000	0.000000	0.000000	0.000000	0.000000	
0.000000	0.000000	0.707042	0.000000	0.000000	0.000000	0.707173	0.000000	
0.707092	0.707121	0.000000	0.000000	0.000000	0.000000	0.000000	0.000000	
0.000000	0.000000	0.000000	0.000000	0.707184	0.000000	0.000000	0.707029	
0.000210	0.000005	0.000009	0.000006	0.000205	0.707980	0.708086	0.000000	
0.707020	0.000000	0.000000	0.000000	0.000000	0.000000	0.000000	0.707194	
0.706863	0.000002	0.000000	0.000000	0.707351	0.000000	0.000000	0.000000	
0.000000	0.000000	0.000000	0.000000	0.000000	1.000000	0.000000	0.000000	
0.706528	0.000000	0.000000	0.707685	0.000000	0.000000	0.000000	0.000000	
0.000000	0.000000	0.000000	0.707004	0.000000	0.000000	0.707210	0.000000	
0.002700	0.000346	0.702407	0.000000	0.711771	0.000000	0.000244	0.000000	
0.000000	0.709166	0.000000	0.709316	0.000000	0.000000	0.000000	0.000000	
0.000000	0.000000	0.000000	0.707094	0.000000	0.000000	0.000000	0.707120	
0.000000	0.707089	0.707124	0.000000	0.000000	0.000000	0.000000	0.000000	
0.000000	0.000000	1.000000	0.000000	0.000000	0.000000	0.000000	0.000000	
0.000000	0.000000	0.000000	0.707624	0.000000	0.707080	0.000000	0.000000	
0.000004	0.004383	0.000455	0.000298	0.712697	0.000000	0.704135	0.000000	
0.000001	0.000228	0.707011	0.000000	0.000000	0.707202	0.000000	0.000000	
0.000000	0.000000	0.707653	0.000000	0.000000	0.000000	0.000000	0.706562	
0.000000	0.000000	0.000000	0.000000	0.000000	0.707135	0.000000	0.707078	
0.000000	0.706955	0.000000	0.000000	0.000000	0.000000	0.000000	0.707258	
0.000000	0.707035	0.000000	0.000000	0.000000	0.000000	0.707178	0.000000	
0.000000	0.706851	0.000000	0.000000	0.000001	0.707372	0.000000	0.000000	
0.706997	0.000000	0.000000	0.000000	0.000001	0.707227	0.000000	0.000000	
0.000000	0.000000	0.706645	0.707749	0.000000	0.000000	0.000000	0.000000	
0.000000	0.000000	0.000000	0.707094	0.000000	0.000000	0.000000	0.707120	
0.714069	0.044602	0.000292	0.000505	0.000000	0.002076	0.000000	0.698650	
0.000000	0.000000	0.000000	0.000000	0.707093	0.000000	0.000000	0.707121	
0.000000	0.000000	0.000000	0.000000	0.000000	0.707135	0.000001	0.707078	
0.706997	0.000000	0.000000	0.000000	0.000001	0.707227	0.000000	0.000000	
0.000001	0.000000	0.000000	0.707307	0.707241	0.000000	0.000000	0.000000	
0.000000	0.000000	0.705301	0.000000	0.002534	0.000000	0.000165	0.708904	
0.034476	0.999415	0.000000	0.000501	0.000000	0.000000	0.000000	0.000026	
0.000000	0.000000	0.000000	0.000000	0.000000	0.000000	1.000000	0.000000	
0.000210	0.000005	0.000009	0.000003	0.000205	0.707980	0.708086	0.000000	
0.000000	0.000000	1.000000	0.000000	0.000000	0.000000	0.000000	0.000000	
0.086279	0.000006	0.006003	0.706135	0.000001	0.000000	0.702775	0.000000	
0.098288	0.543436	0.478042	0.000000	0.016437	0.000000	0.692057	0.000000	
0.024462	0.709118	0.000000	0.000355	0.000001	0.000000	0.000000	0.704680	
0.000000	0.000000	0.000000	0.000000	0.000000	0.000000	0.000000	1.000000	
0.000000	0.000000	0.000000	0.707262	0.000000	0.707435	0.000000	0.000000	
0.986622	0.121328	0.088357	0.000000	0.063645	0.000000	0.000000	0.000000	
0.000000	0.000000	0.000000	0.000000	0.000000	1.000000	0.000000	0.000000	
0.000000	0.000000	0.706089	0.708298	0.000000	0.000000	0.000000	0.000000	
0.000000	0.000000	0.000000	0.000000	1.000000	0.000000	0.000000	0.000000	
0.678278	0.016519	0.734454	0.015644	0.000000	0.000000	0.000000	0.000000	
0.000000	0.706845	0.000000	0.000000	0.000001	0.707378	0.000000	0.000000	
0.000002	0.706584	0.000000	0.707742	0.000000	0.000000	0.000000	0.000000	
0.000000	0.000000	0.000000	0.000000	0.740880	0.674489	0.000000	0.000000	
0.706866	0.000002	0.000000	0.000000	0.707353	0.000000	0.000000	0.000000	
0.030322	0.634799	0.743899	0.217230	0.045580	0.121579	0.000793	0.000000	
0.701474	0.084351	0.000000	0.707685	0.000000	0.000000	0.000000	0.000000	
0.707035	0.000003	0.000000	0.000000	0.000001	0.000000	0.707178	0.000000	
0.000000	0.706787	0.000000	0.000000	0.707427	0.000000	0.000000	0.000000	
0.000000	0.000000	0.000000	0.000000	0.000000	0.000000	0.707099	0.707114	
0.671534	0.740987	0.000000	0.000000	0.001211	0.000000	0.000000	0.000000	
0.000018	0.000975	0.707011	0.000000	0.000000	0.707203	0.000000	0.000000	
0.000000	0.000000	0.000000	1.000000	0.000000	0.000000	0.000000	0.000000	
0.000000	0.000000	0.706900	0.000000	0.707314	0.000000	0.000000	0.000000	
0.000000	0.000000	0.000007	0.000000	0.707036	0.000000	0.707180	0.000000	
0.000000	0.000000	0.707042	0.000000	0.000000	0.000000	0.707173	0.000000	
0.000000	0.000000	0.000000	0.000000	0.000000	0.000000	0.701818	0.712356	
0.000000	0.000228	0.706839	0.000000	0.000000	0.707374	0.000000	0.000000	
0.489380	0.000000	0.000000	0.490182	0.000001	0.051763	0.719410	0.000000	
0.027824	0.000257	0.999108	0.000000	0.031782	0.000000	0.000244	0.000000	
0.999983	0.000000	0.000000	0.000000	0.000000	0.004722	0.003350	0.000795	
0.000000	0.000000	0.000000	1.000332	0.000000	0.004511	0.000000	0.000000	
0.706997	0.000015	0.000000	0.000000	0.000000	0.707227	0.000000	0.000000	
0.674413	0.000000	0.000000	0.001257	0.000001	0.024159	0.737957	0.000000	
0.021008	0.693016	0.000947	0.001047	0.000002	0.731351	0.000000	0.110004	
0.000000	0.000000	0.000000	0.000000	0.000000	0.000000	0.000000	1.000026	
0.627325	0.014719	0.000000	0.738084	0.274223	0.000000	0.000000	0.000000	
0.000000	0.000000	0.000000	0.000000	0.000000	0.707299	0.000000	0.707243	
0.034773	1.005315	0.000000	0.000007	0.000000	0.000000	0.000000	0.000026	
0.000000	0.000000	0.000000	0.000000	0.707155	0.000000	0.707059	0.000000	
0.704809	0.003215	0.005755	0.000499	0.000000	0.002171	0.000000	0.712737	
0.707739	0.000002	0.000000	0.000000	0.708227	0.000000	0.000000	0.000000	
0.000000	0.000000	0.000000	0.000000	0.707313	0.707083	0.000000	0.000000	
0.000000	0.501758	0.501783	0.000000	0.000000	0.000000	0.000000	0.704594	
0.000828	0.009423	0.000001	0.046130	0.039420	0.998113	0.000000	0.000000	
0.000033	0.000001	0.000001	0.000233	0.000230	0.793159	0.609015	0.000000	
0.093529	0.516709	0.454543	0.000000	0.015629	0.000000	0.010711	0.721923	
0.000000	0.000000	0.706645	0.707749	0.000000	0.000000	0.000000	0.000000	
0.000009	0.000000	0.000000	0.000000	0.999800	0.000000	0.020080	0.000000	
0.000001	0.000029	0.011288	0.454804	0.526964	0.000000	0.000000	0.717942	
0.009067	0.675999	0.731835	0.000046	0.004589	0.000000	0.087848	0.000000	
0.000003	0.000070	0.029689	0.704676	0.002534	0.000000	0.000165	0.708904	
0.000000	0.000000	0.707042	0.000000	0.000000	0.000000	0.707173	0.000000	
0.000000	0.000001	0.000000	0.656313	0.754510	0.000000	0.000000	0.000000	
