0.000000	0.000000	0.000000	0.000234	0.709068	0.000000	0.707625	0.000073	
0.000000	0.000000	0.000000	1.002325	0.000000	0.000000	0.000000	0.000000	
0.000002	0.002621	0.703950	0.000000	0.711421	0.000003	0.000000	0.001617	
0.000398	0.729134	0.000019	0.000014	0.000000	0.000000	0.000000	0.707720	
0.000001	0.718966	0.000006	0.000000	0.695102	0.000062	0.000000	0.000000	
0.000000	0.000000	0.000000	0.000000	0.000000	0.000000	1.000013	0.000000	
0.703193	0.711720	0.000012	0.000000	0.000000	0.000003	0.000855	0.000000	
0.717447	0.000000	0.000070	0.702035	0.000000	0.000000	0.000006	0.000000	
0.718840	0.000000	0.705411	0.000000	0.000005	0.000000	0.000000	0.000002	
0.000000	0.000000	0.000000	0.707485	0.000000	0.000004	0.706897	0.000000	
0.000007	0.000000	0.708088	0.000002	0.000000	0.000000	0.706177	0.000000	
0.000000	0.000000	0.000000	0.000000	0.000000	1.000331	0.000000	0.000000	
0.000037	0.000042	0.708064	0.707562	0.000013	0.000000	0.000000	0.000000	
1.022306	0.000000	0.000000	0.000000	0.000000	0.000000	0.000000	0.000000	
0.000066	0.719285	0.000070	0.000005	0.000000	0.000000	0.697271	0.000000	
0.000003	0.719372	0.694648	0.000002	0.000003	0.000000	0.000000	0.000001	
0.000000	0.000014	0.000000	0.000000	0.000001	0.000000	0.700333	0.714223	
0.000000	0.000002	0.000000	0.000000	0.707187	0.707068	0.000000	0.000000	
0.000000	0.001038	0.709442	0.000002	0.000009	0.706684	0.000000	0.000000	
0.000000	0.000000	0.000000	0.000000	0.716502	0.000000	0.000000	0.731975	
0.000000	0.000000	1.002755	0.000000	0.000000	0.000000	0.000000	0.000000	
0.000000	0.000000	0.000006	0.000078	0.000000	0.701194	0.000000	0.715739	
0.717884	0.000009	0.000078	0.000001	0.000260	0.697176	0.000000	0.000000	
0.005372	0.719156	0.000078	0.000001	0.000260	0.696099	0.000000	0.000000	
0.000000	0.000006	0.000000	0.699403	0.000000	0.000000	0.000030	0.714817	
0.715950	0.000000	0.000000	0.000000	0.001435	0.000000	0.000000	0.707566	
0.000000	0.000000	0.000000	0.000000	0.000000	0.000000	0.000000	1.000025	
0.000000	1.033446	0.000000	0.000000	0.000000	0.000000	0.000000	0.000000	
0.000000	0.000000	0.000000	0.707253	0.707814	0.000000	0.000000	0.000343	
0.000000	0.719682	0.000005	0.694319	0.000000	0.000000	0.000000	0.000000	
0.000005	0.000058	0.707669	0.000000	0.000010	0.000003	0.000167	0.709096	
0.717981	0.000078	0.000000	0.000000	0.000000	0.000000	0.699931	0.000000	
0.717457	0.000000	0.000000	0.000000	0.701285	0.000000	0.000000	0.000000	
0.000002	0.000081	0.000001	0.000001	0.000000	0.707401	0.706870	0.000000	
0.000000	0.000000	0.000000	0.708725	0.000000	0.705640	0.000000	0.000000	
0.000000	0.000000	0.000000	0.000000	1.000208	0.000000	0.000000	0.000000	
0.000000	0.000000	0.000000	0.707487	0.000000	0.000004	0.706899	0.000000	
0.000001	0.006921	0.720864	0.000013	0.696761	0.000000	0.000000	0.000000	
0.716587	0.000000	0.703199	0.000000	0.000005	0.000005	0.000033	0.000000	
0.000000	0.000000	0.000000	0.699421	0.000011	0.000000	0.000001	0.714850	
0.000000	0.000000	0.000000	0.000238	0.721977	0.000000	0.720508	0.000349	
0.000000	0.000000	0.000000	0.000000	0.000000	1.000257	0.000000	0.000000	
0.000000	0.000000	0.000000	0.000000	0.000006	0.000003	0.701903	0.728498	
0.000170	0.721674	0.009836	0.000000	0.000000	0.000000	0.692229	0.000000	
0.000345	0.723786	0.000005	0.690044	0.000000	0.000000	0.000000	0.000000	
0.700324	0.714015	0.002024	0.000001	0.000000	0.000003	0.000059	0.000000	
0.001662	0.707043	0.709424	0.000000	0.000000	0.000000	0.000000	0.019123	
0.000000	0.000007	0.708080	0.000002	0.000009	0.000000	0.706169	0.000000	
0.000000	0.762288	0.000000	0.000000	0.697851	0.000000	0.000000	0.000000	
0.000000	0.555768	0.028464	0.000284	0.464049	0.000000	0.000000	0.689410	
0.000000	1.021892	0.000000	0.000000	0.000000	0.000000	0.000000	0.000000	
0.000003	0.000101	0.000000	0.000000	0.707175	0.707056	0.000000	0.000000	
0.950339	0.285198	0.004369	0.130495	0.000000	0.000000	0.000041	0.000550	
0.000000	0.000000	0.000000	0.000000	1.000208	0.000000	0.000000	0.000000	
0.000000	0.000000	1.002754	0.000000	0.000000	0.000000	0.000000	0.000000	
0.000006	0.000002	0.000000	0.000080	0.000000	0.701191	0.000000	0.715736	
0.713640	0.000000	0.000069	0.704343	0.000000	0.000000	0.000006	0.000000	
0.000000	0.000000	0.000079	0.000001	0.000000	0.707402	0.706871	0.000000	
0.000000	0.000000	0.000000	0.000000	0.711287	0.000000	0.000000	0.726934	
0.717984	0.003070	0.000000	0.000000	0.000000	0.000002	0.699939	0.000000	
0.717978	0.001127	0.000073	0.000000	0.000000	0.697268	0.000000	0.000000	
0.000000	0.000000	0.000000	0.000000	0.000000	0.000000	0.000000	1.000047	
0.000000	0.000000	0.000000	0.709357	0.705503	0.000007	0.000000	0.000000	
0.000000	0.721804	0.000000	0.000001	0.000000	0.692262	0.000000	0.000000	
0.000000	0.000000	0.710214	0.704801	0.000000	0.000000	0.000000	0.000000	
0.000000	0.000000	0.000000	0.000000	0.000000	0.000000	1.000654	0.000000	
0.000005	0.000058	0.712904	0.000000	0.000010	0.000000	0.000168	0.714341	
0.000000	0.000000	0.000000	1.000230	0.000000	0.000000	0.000000	0.000000	
0.718001	0.000000	0.000000	0.000000	0.000007	0.000000	0.000000	0.705487	
0.000001	0.000406	0.727748	0.000000	0.000009	0.690236	0.000000	0.019150	
0.717091	0.000000	0.000000	0.000001	0.697373	0.000000	0.000000	0.000000	
0.000000	0.088243	0.000000	0.716814	0.000000	0.692666	0.000000	0.007437	
0.001971	0.508267	0.490802	0.000002	0.005645	0.000000	0.708601	0.000001	
0.048032	0.001084	0.000007	0.004823	0.001336	0.046910	0.998919	0.000000	
0.000000	0.000000	0.000000	0.000000	1.000134	0.000000	0.000000	0.000000	
0.000003	0.000000	0.000000	0.997340	0.000000	0.000003	0.074804	0.000000	
0.000477	0.999969	0.000055	0.009541	0.000000	0.000000	0.000000	0.000000	
0.000000	0.000000	0.000000	0.706609	0.708462	0.000000	0.000000	0.000343	
0.999582	0.046974	0.004830	0.000002	0.000000	0.000000	0.000004	0.000001	
0.017900	0.702025	0.000076	0.000001	0.000254	0.713176	0.000000	0.000000	
0.000000	0.000002	0.000000	0.000177	0.499940	0.000000	0.507308	0.727631	
0.718416	0.010725	0.000002	0.000962	0.001705	0.000000	0.000000	0.699283	
0.000000	0.769396	0.000031	0.008424	0.689887	0.000000	0.000295	0.000000	
0.000003	0.719386	0.694661	0.000000	0.000003	0.000000	0.000000	0.000000	
0.000000	0.000005	0.000078	0.000001	0.000000	0.707491	0.706959	0.000000	
0.001131	0.042220	0.720818	0.001131	0.010144	0.003634	0.720666	0.000000	
0.000000	0.000000	0.000000	0.000000	0.000000	0.702272	0.000000	0.716840	
0.000000	0.001038	0.709442	0.000002	0.000009	0.706684	0.000000	0.000000	
0.000000	0.000006	0.000000	0.703648	0.000002	0.000000	0.000031	0.710637	
0.000000	0.000000	0.000000	0.000000	0.000000	1.013259	0.000000	0.019420	
0.713634	0.000000	0.003663	0.704347	0.000000	0.000003	0.000006	0.000000	
0.037666	0.728164	0.006641	0.001008	0.000002	0.000000	0.000000	0.691950	
0.717436	0.000000	0.000000	0.000001	0.697709	0.000000	0.000000	0.000000	
0.716587	0.000000	0.703199	0.000000	0.000005	0.000005	0.000033	0.000002	
0.000003	0.011104	0.703662	0.000000	0.711213	0.000003	0.000000	0.000000	
0.000000	0.000000	0.710214	0.704801	0.000000	0.000000	0.000000	0.000000	
0.000000	0.000000	0.000000	0.000000	0.000000	0.000000	0.000000	1.021859	
0.000000	0.719682	0.000005	0.694319	0.000000	0.000000	0.000000	0.000000	
0.712956	0.079460	0.031256	0.000000	0.000000	0.697338	0.000000	0.000000	
0.000000	0.000000	0.000000	0.000000	0.724840	0.000000	0.000000	0.724362	
