0.000000	0.000000	0.000000	0.000000	1.000000	0.000000	0.000000	0.000000	
0.000000	0.000000	0.000000	0.000000	0.706930	0.000000	0.000002	0.707284	
0.000000	0.706993	0.000000	0.000000	0.000000	0.707220	0.000000	0.000000	
0.000000	0.000000	0.707111	0.000000	0.000000	0.707103	0.000000	0.000000	
0.000000	0.000000	0.000000	0.707107	0.707106	0.000000	0.000000	0.000000	
0.000000	0.000000	0.000000	0.000000	0.000000	0.707094	0.707130	0.000000	
0.000000	0.000000	0.000000	0.000000	0.707003	0.707211	0.000000	0.000000	
0.000000	0.000000	0.000000	0.706698	0.000000	0.707515	0.000000	0.000000	
0.000003	0.000000	0.706970	0.000038	0.707251	0.000000	0.000000	0.000000	
0.000000	0.000000	0.000000	1.000000	0.000000	0.000000	0.000000	0.000000	
0.000000	0.000000	0.000000	0.000000	0.707097	0.000000	0.707117	0.000000	
0.707045	0.000000	0.000000	0.000000	0.000000	0.000000	0.000000	0.707169	
0.000000	0.706957	0.000000	0.000000	0.000000	0.000000	0.000000	0.707256	
0.000000	0.707032	0.000000	0.707182	0.000000	0.000000	0.000000	0.000000	
0.707022	0.000000	0.000000	0.000000	0.000000	0.000000	0.707192	0.000000	
0.000000	1.000000	0.000000	0.000000	0.000000	0.000000	0.000000	0.000000	
0.000381	0.000011	0.707145	0.707068	0.000000	0.000000	0.000000	0.000000	
0.000000	0.706785	0.000000	0.000000	0.707428	0.000000	0.000000	0.000000	
0.707135	0.000003	0.000853	0.000001	0.707078	0.000000	0.000000	0.000000	
0.000001	0.000011	0.707474	0.000000	0.000000	0.000000	0.707720	0.000000	
0.000000	0.000000	1.000000	0.000000	0.000000	0.000000	0.000000	0.000000	
0.000000	0.706550	0.000000	0.000000	0.000000	0.000000	0.707663	0.000000	
0.000000	0.000000	0.000000	0.000000	0.000000	0.000000	1.000000	0.000000	
0.000000	0.000000	0.000000	0.707042	0.000000	0.000000	0.000000	0.707171	
1.000000	0.000000	0.000000	0.000000	0.000000	0.000000	0.000000	0.000000	
0.707689	0.000028	0.000344	0.707612	0.000000	0.000000	0.000000	0.000000	
0.000000	0.000000	0.000000	0.000000	0.000000	0.000000	0.000000	1.000000	
0.707092	0.707121	0.000000	0.000000	0.000000	0.000000	0.000000	0.000000	
0.000005	0.000000	0.000000	0.000000	0.000005	0.707091	0.000000	0.707122	
0.000000	0.000010	0.000000	0.707022	0.000000	0.000000	0.707192	0.000000	
0.000000	0.707089	0.707125	0.000000	0.000000	0.000000	0.000000	0.000000	
0.000000	0.000000	0.000000	0.000000	0.000000	0.000000	0.706957	0.707256	
0.707089	0.000000	0.707125	0.000000	0.000000	0.000000	0.000000	0.000000	
0.000160	0.000002	0.707045	0.000000	0.000000	0.000000	0.000000	0.707169	
0.000000	0.000000	0.000000	0.000000	0.000000	1.000000	0.000000	0.000000	
0.707173	0.000000	0.000000	0.000000	0.000000	0.707041	0.000000	0.000000	
0.000000	0.000000	0.000000	0.000000	0.707099	0.000000	0.707115	0.000000	
0.000000	0.000010	0.000000	0.704742	0.000000	0.000000	0.709463	0.000000	
0.000000	0.000000	0.000000	0.703791	0.710723	0.000000	0.000000	0.000000	
0.012538	0.996390	0.083968	0.000000	0.000000	0.000000	0.000000	0.000000	
0.000000	0.000000	0.000000	0.000000	0.000000	0.707096	0.707117	0.000000	
0.509104	0.024295	0.520950	0.684611	0.014719	0.000132	0.007212	0.000000	
0.000000	0.000000	0.000000	0.000000	1.000000	0.000000	0.000000	0.000000	
0.000030	0.000509	0.697898	0.011237	0.000000	0.716102	0.000555	0.002896	
0.000000	0.707160	0.000000	0.000000	0.000000	0.707054	0.000000	0.000000	
0.707173	0.000000	0.000000	0.000000	0.000000	0.707041	0.000000	0.000000	
0.711504	0.701027	0.044679	0.000000	0.000000	0.000000	0.000000	0.018103	
0.000003	0.000000	0.707379	0.000038	0.707660	0.000000	0.000000	0.000000	
0.000000	0.708744	0.000000	0.000000	0.000000	0.000000	0.706074	0.000000	
0.000056	0.000011	0.706972	0.000000	0.000000	0.000000	0.000000	0.707242	
0.714377	0.000028	0.000001	0.711421	0.000000	0.000000	0.000000	0.000000	
0.509854	0.024331	0.000000	0.479478	0.010309	0.000000	0.713827	0.000000	
0.000005	0.000000	0.000000	0.000000	0.000005	0.710579	0.000000	0.703617	
0.996374	0.015851	0.000003	0.000075	0.036409	0.078822	0.000000	0.000000	
0.000000	0.000000	0.000000	1.000000	0.000000	0.000000	0.000000	0.000000	
0.000000	0.000000	0.000000	0.000000	0.000000	1.000525	0.000000	0.000000	
0.000000	0.000000	0.000000	0.000000	0.706930	0.000000	0.000002	0.707284	
0.000000	0.000000	0.704794	0.000000	0.000000	0.000000	0.709412	0.000000	
0.000000	0.000000	0.000000	0.000000	0.000000	0.000000	1.000000	0.000000	
0.020389	0.689225	0.059440	0.000307	0.001549	0.006263	0.144205	0.707237	
0.693597	0.156422	0.703094	0.000000	0.000028	0.010680	0.000000	0.000000	
0.000067	0.000880	0.982790	0.000053	0.033260	0.000597	0.181720	0.000000	
0.000000	0.000000	0.000000	0.706698	0.000000	0.707515	0.000000	0.000000	
0.000000	0.000000	0.000000	0.707042	0.000000	0.000000	0.000000	0.707171	
0.000000	0.707089	0.707125	0.000000	0.000000	0.000000	0.000000	0.000000	
0.707135	0.000003	0.000894	0.000000	0.707078	0.000000	0.000000	0.000000	
0.010980	0.677339	0.051401	0.000000	0.733381	0.000000	0.000000	0.024521	
0.000000	0.000000	0.000000	0.000000	0.707132	0.707082	0.000000	0.000000	
0.000000	0.000000	0.000000	0.000000	0.000000	0.000000	0.000000	1.000000	
0.706721	0.003704	0.000662	0.000054	0.019498	0.000000	0.008083	0.707168	
0.000000	0.000000	0.000000	0.000000	0.000000	0.000000	0.710440	0.703758	
0.000000	0.704230	0.002048	0.709969	0.000000	0.000000	0.000000	0.000000	
0.000000	0.000000	0.000000	0.000000	0.000000	0.000000	1.000000	0.000000	
0.045721	0.693275	0.042680	0.000000	0.000000	0.000000	0.717955	0.000000	
0.020530	0.703260	0.707298	0.000000	0.010354	0.068022	0.000000	0.000000	
0.000000	0.000000	0.000000	0.000000	0.000000	0.000000	0.000000	1.000000	
0.002395	0.000498	0.089020	0.000000	0.996026	0.001360	0.000000	0.000000	
0.000000	0.000000	0.707111	0.000000	0.000000	0.707103	0.000000	0.000000	
0.049396	0.719587	0.000000	0.011907	0.018577	0.692292	0.000135	0.000000	
0.702240	0.038543	0.000006	0.000054	0.019488	0.710584	0.000152	0.008000	
0.000000	0.000000	0.000000	0.737175	0.000000	0.738028	0.000000	0.000000	
0.000609	0.008877	0.000000	0.000000	0.721563	0.692292	0.000000	0.000000	
0.657789	0.231957	0.016999	0.000038	0.700685	0.000601	0.182728	0.000000	
0.599878	0.040393	0.060223	0.346920	0.002440	0.000106	0.731218	0.041211	
0.701586	0.114275	0.702912	0.000000	0.000028	0.000019	0.000000	0.025149	
0.000000	0.000001	0.000010	0.707022	0.000000	0.000000	0.707192	0.000000	
0.707012	0.707041	0.000000	0.000000	0.012603	0.000000	0.000000	0.008244	
0.000000	0.000000	0.000000	0.000000	0.000000	1.000000	0.000000	0.000000	
0.000000	0.000856	0.000002	0.960730	0.002190	0.062562	0.000000	0.270330	
0.000000	0.000000	0.000000	0.674006	0.000000	0.000000	0.000000	0.738725	
0.000000	0.000000	0.000000	0.409722	0.302894	0.497089	0.702343	0.000000	
0.489796	0.023374	0.539184	0.684611	0.014719	0.000004	0.007212	0.000000	
0.000001	0.000011	0.707474	0.000000	0.000000	0.000000	0.707720	0.000000	
0.706362	0.006291	0.000000	0.000000	0.030423	0.000000	0.000000	0.707169	
0.000125	0.000050	0.000000	0.006786	0.000116	0.005531	0.710386	0.703758	
0.045417	0.705319	0.002805	0.000000	0.707428	0.000000	0.000000	0.000000	
0.043299	0.000227	0.705936	0.000054	0.019512	0.000000	0.006202	0.707681	
0.708793	0.000028	0.000000	0.705861	0.000000	0.000000	0.000000	0.000000	
0.000000	0.000000	0.000000	0.716075	0.699470	0.012241	0.000000	0.000000	
0.000021	0.000219	0.478725	0.000212	0.042802	0.519107	0.000002	0.707802	
