0.000000	0.000000	1.000000	0.000000	0.000000	0.000000	0.000000	0.000000	
0.000000	0.000000	0.000000	0.707111	0.000000	0.707102	0.000000	0.000000	
0.706694	0.000000	0.711001	0.000000	0.000000	0.000000	0.000000	0.000000	
0.000000	0.000000	0.000000	0.000000	0.000000	0.707119	0.707095	0.000000	
0.000000	0.000000	0.707082	0.000000	0.000000	0.000000	0.000000	0.707131	
0.000000	0.000000	0.000000	1.000000	0.000000	0.000000	0.000000	0.000000	
1.000000	0.000000	0.000000	0.000000	0.000000	0.000000	0.000000	0.000000	
0.000000	0.000000	0.706911	0.000000	0.707303	0.000000	0.000000	0.000000	
0.000000	0.707780	0.000000	0.000000	0.708919	0.000000	0.000000	0.000000	
0.000001	0.000000	0.705573	0.708637	0.000000	0.000000	0.000000	0.000000	
0.706945	0.000018	0.000000	0.000000	0.707269	0.000000	0.000000	0.000000	
0.000007	0.707227	0.000007	0.000000	0.000000	0.000000	0.000000	0.707267	
0.000000	0.706485	0.000000	0.707729	0.000000	0.000000	0.000000	0.000000	
0.000408	0.000002	0.000040	0.000309	0.707135	0.000004	0.000000	0.708160	
0.000000	0.000000	0.000000	0.000000	0.715785	0.714526	0.000000	0.000000	
0.707109	0.000000	0.000000	0.000000	0.000000	0.707104	0.000000	0.000000	
0.000000	0.000000	0.706612	0.000000	0.000000	0.000000	0.707601	0.000000	
0.000000	0.000000	0.000000	0.000001	0.000012	0.000000	0.707173	0.707041	
0.000000	0.000000	0.000000	0.706915	0.707298	0.000000	0.000000	0.000000	
0.714803	0.000000	0.000007	0.000000	0.000000	0.000000	0.714798	0.000000	
0.000000	0.000000	0.000000	0.000000	0.000000	1.000000	0.000000	0.000000	
0.000001	0.000000	0.707111	0.000000	0.000000	0.707106	0.000000	0.000000	
0.000003	0.707102	0.000000	0.000000	0.000000	0.707242	0.000001	0.000000	
0.000000	0.000000	0.000001	0.707252	0.000000	0.000000	0.706961	0.000000	
0.000000	0.000000	0.000000	0.000000	1.000000	0.000000	0.000000	0.000000	
0.000000	0.000000	0.000000	0.000000	0.707400	0.000000	0.706814	0.000000	
0.000000	0.707089	0.707124	0.000000	0.000000	0.000000	0.000000	0.000000	
0.000000	0.000000	0.000000	0.000000	0.000000	0.707053	0.000000	0.707161	
0.000000	0.000000	0.000000	0.000000	0.000000	0.000000	1.000000	0.000000	
0.000000	0.000000	0.000000	0.000000	0.000000	0.000000	0.000000	1.000004	
0.000005	0.000000	0.000000	0.706736	0.000009	0.000000	0.000001	0.708041	
0.707102	0.000000	0.000001	0.707111	0.000000	0.000000	0.000000	0.000000	
0.708192	0.000000	0.000001	0.000000	0.000001	0.000000	0.000000	0.708215	
0.000023	0.707115	0.000007	0.000000	0.000000	0.000000	0.707098	0.000000	
0.000000	1.000000	0.000000	0.000000	0.000000	0.000000	0.000000	0.000000	
0.708356	0.705856	0.000000	0.000000	0.000000	0.000005	0.000000	0.000000	
0.000000	0.000000	0.707090	0.000000	0.000000	0.000000	0.707124	0.000000	
0.026660	0.998642	0.026681	0.047520	0.000000	0.000000	0.000000	0.000372	
0.000000	0.725006	0.686625	0.028245	0.000000	0.000000	0.045978	0.000000	
0.000000	0.701210	0.000211	0.712955	0.000000	0.000000	0.000000	0.000000	
0.000019	0.000000	0.000261	0.000442	0.707139	0.000005	0.000000	0.708164	
0.707092	0.707121	0.000000	0.000000	0.000000	0.000000	0.000000	0.000000	
0.705783	0.000000	0.000000	0.000000	0.000001	0.000000	0.000000	0.708805	
0.000000	0.000000	0.000000	0.000000	0.000000	1.000000	0.000000	0.000000	
0.000005	0.000000	0.000000	0.707055	0.000000	0.000000	0.000000	0.707164	
0.063547	0.698944	0.015303	0.000738	0.011085	0.012370	0.717223	0.000000	
0.000000	0.000000	0.000000	0.000000	0.000000	0.707119	0.707095	0.000000	
0.000264	0.707170	0.000000	0.000000	0.000000	0.707165	0.000000	0.000000	
0.705449	0.036329	0.708693	0.000000	0.008868	0.000000	0.000000	0.000000	
0.000000	0.000014	0.000000	0.000515	0.706402	0.709448	0.000000	0.000000	
0.000000	0.000000	0.000000	0.999983	0.007283	0.000000	0.000000	0.000000	
0.000000	0.708948	0.000000	0.000000	0.710089	0.000000	0.000000	0.000000	
0.706693	0.000935	0.000032	0.000000	0.000000	0.707520	0.000000	0.000000	
0.000000	0.000000	0.000000	0.000000	0.000000	0.000000	0.000000	1.000004	
0.000001	0.000000	0.705573	0.708637	0.000000	0.000000	0.000000	0.000000	
0.000000	0.000000	0.000000	0.000000	0.711392	0.000000	0.705034	0.007343	
0.000000	0.000000	0.000000	0.000000	0.000000	0.000000	1.000000	0.000000	
0.000000	0.000000	0.000000	0.706917	0.707297	0.000000	0.000000	0.000000	
0.000000	0.000000	0.000000	0.000001	0.000012	0.000000	0.705721	0.708713	
0.688547	0.007773	0.032548	0.724407	0.000000	0.000000	0.000000	0.004173	
0.706936	0.000000	0.000000	0.000000	0.707277	0.000000	0.000000	0.000000	
0.000000	0.000000	0.707175	0.000000	0.000000	0.000000	0.000000	0.707040	
0.004190	0.105323	0.994380	0.000000	0.000000	0.000000	0.009968	0.000000	
0.000082	0.000000	0.707109	0.000000	0.000000	0.707104	0.000000	0.000000	
0.000000	0.000000	0.706949	0.000000	0.707270	0.000000	0.000000	0.000000	
0.732471	0.000131	0.002808	0.000058	0.009886	0.000000	0.680721	0.000000	
0.000000	0.000000	0.000000	0.000000	1.000000	0.000000	0.000000	0.000000	
0.000000	0.069149	0.007633	0.706799	0.000000	0.710355	0.000001	0.000000	
0.999414	0.003500	0.012675	0.003660	0.024300	0.019871	0.000000	0.000241	
0.000007	0.707089	0.000031	0.000000	0.000000	0.000000	0.000000	0.707129	
0.000000	0.000000	0.000000	0.000000	0.000000	0.707053	0.000000	0.707161	
0.002811	0.000005	0.000282	0.712464	0.000000	0.000000	0.702318	0.000379	
0.000050	0.000000	0.707109	0.000000	0.000000	0.707104	0.000000	0.000000	
0.072116	0.685426	0.046907	0.000035	0.725386	0.000442	0.000000	0.000000	
0.999958	0.000000	0.000000	0.000000	0.009130	0.000000	0.000000	0.000000	
0.000001	0.000000	0.695679	0.718672	0.000000	0.000000	0.000000	0.000000	
0.708192	0.000000	0.000001	0.000000	0.000001	0.000000	0.000000	0.708215	
0.000000	0.000000	0.026320	0.000000	0.000140	0.000128	0.000001	0.999654	
0.000289	0.774569	0.000000	0.000000	0.000000	0.632682	0.000000	0.000000	
0.717108	0.002347	0.044958	0.034431	0.694654	0.000000	0.000000	0.000000	
0.000080	0.492692	0.002859	0.531823	0.000000	0.000000	0.697960	0.000000	
0.000000	0.000000	0.707173	0.000000	0.000000	0.000000	0.000000	0.707042	
0.000005	0.000000	0.000000	0.706734	0.001657	0.000000	0.000001	0.708041	
0.045296	0.000129	0.703264	0.000000	0.709945	0.000000	0.000000	0.000000	
0.044229	0.422542	0.027468	0.000447	0.447416	0.010882	0.791156	0.000000	
0.039716	0.998233	0.046808	0.000000	0.000000	0.000000	0.000379	0.000000	
0.000002	0.000049	0.001731	0.719728	0.699132	0.000000	0.000202	0.000000	
0.003341	0.000001	0.045989	0.075347	0.995340	0.000006	0.000000	0.038839	
0.000000	0.000000	0.000000	0.000000	0.000000	1.000000	0.000000	0.000001	
0.032504	0.010638	0.032113	0.998899	0.000000	0.000000	0.000602	0.000000	
0.043245	0.005449	0.004811	0.705242	0.000000	0.706744	0.101375	0.000000	
0.000003	0.707875	0.000001	0.000000	0.000000	0.000000	0.000000	0.707897	
0.000000	0.000000	0.000000	0.000001	0.000011	0.000000	0.679936	0.733271	
0.000000	0.000014	0.000000	0.000515	0.707100	0.707114	0.000000	0.000000	
0.721947	0.029615	0.684303	0.029065	0.000000	0.081765	0.045978	0.000000	
0.714593	0.017661	0.000007	0.000000	0.000000	0.000000	0.714802	0.000000	
0.000000	0.686753	0.000185	0.726891	0.000000	0.000000	0.000000	0.000000	
0.011669	0.689398	0.000212	0.004298	0.004439	0.000000	0.724390	0.000000	
0.000000	0.000000	0.000000	0.000000	0.000000	0.000000	1.000000	0.000000	
0.007816	0.000000	0.000017	0.000000	0.000003	0.720539	0.000000	0.695605	
