0.000000	0.408245	0.816498	0.000000	0.408248	
0.000000	0.816493	0.000000	0.408256	0.408248	
0.707107	0.707107	0.000000	0.000000	0.000000	
0.000000	0.948687	0.000000	0.316215	0.000000	
0.316211	0.000000	0.948689	0.000000	0.000000	
0.408250	0.000000	0.408255	0.816493	0.000000	
0.500004	0.500004	0.000000	0.499998	0.499994	
0.000000	0.000000	1.000000	0.000000	0.000000	
0.948682	0.000000	0.000000	0.000000	0.316232	
0.000000	0.000000	0.408257	0.816493	0.408248	
0.500723	0.000000	0.500728	0.500737	0.500721	
0.408245	0.000000	0.816498	0.408249	0.000000	
0.000000	0.000000	0.948687	0.316215	0.000000	
0.816497	0.408248	0.000000	0.408248	0.000000	
0.000000	0.408250	0.408255	0.816492	0.000000	
0.000000	0.316239	0.000000	0.948680	0.000000	
0.707106	0.000000	0.000000	0.707108	0.000000	
0.000000	0.948689	0.316210	0.000000	0.000000	
0.408250	0.816515	0.408210	0.000000	0.000000	
0.000000	0.316229	0.000000	0.000000	0.948683	
0.408257	0.000000	0.000000	0.816493	0.408248	
0.000000	0.707106	0.000000	0.707108	0.000000	
0.707107	0.000000	0.000000	0.000000	0.707107	
0.500065	0.500065	0.500054	0.499815	0.000000	
0.000000	0.707107	0.000000	0.000000	0.707107	
0.408243	0.000000	0.408247	0.000000	0.816500	
0.000000	0.000000	0.000000	1.000000	0.000000	
0.408247	0.816497	0.000000	0.000000	0.408248	
0.000000	0.000000	0.000000	0.316229	0.948683	
0.316216	0.948687	0.000000	0.000000	0.000000	
0.000000	0.000000	0.316239	0.948680	0.000000	
0.000000	0.499996	0.500001	0.500010	0.499994	
0.000000	0.000000	0.408244	0.408246	0.816500	
0.000000	0.000000	0.707107	0.000000	0.707107	
0.000000	0.000000	0.948682	0.000000	0.316232	
0.000000	0.000000	0.707106	0.707108	0.000000	
0.000000	0.000000	0.316229	0.000000	0.948683	
0.000000	0.948682	0.000000	0.000000	0.316232	
0.408247	0.816497	0.000000	0.408248	0.000000	
0.948694	0.316197	0.000000	0.000000	0.000000	
0.316239	0.000000	0.000000	0.948680	0.000000	
0.000000	0.408245	0.816498	0.408249	0.000000	
1.000000	0.000000	0.000000	0.000000	0.000000	
0.948689	0.000000	0.316211	0.000000	0.000000	
0.000000	0.707103	0.707111	0.000000	0.000000	
0.948687	0.000000	0.000000	0.316215	0.000000	
0.500002	0.500002	0.499990	0.000000	0.500007	
0.000000	0.816498	0.408247	0.000000	0.408248	
0.000000	0.408242	0.408247	0.000000	0.816500	
0.408244	0.000000	0.000000	0.408246	0.816500	
0.000000	0.816497	0.408247	0.408248	0.000000	
0.816511	0.408255	0.408213	0.000000	0.000008	
0.816497	0.000000	0.408248	0.000000	0.408248	
0.408245	0.000000	0.816498	0.000000	0.408248	
0.000000	0.000000	0.000000	0.000000	1.000000	
0.408245	0.408245	0.000000	0.000000	0.816500	
0.408283	0.408283	0.816462	0.000000	0.000000	
0.000000	0.000000	0.816495	0.408253	0.408248	
0.000000	0.000000	0.000000	0.948682	0.316232	
0.408252	0.408252	0.000000	0.816493	0.000000	
0.707103	0.000000	0.707111	0.000000	0.000000	
0.000000	0.000000	0.000000	0.707107	0.707107	
0.816497	0.408248	0.000000	0.000000	0.408248	
0.000000	0.316201	0.948692	0.000000	0.000000	
0.816497	0.000000	0.408248	0.408248	0.000000	
0.816495	0.000000	0.000000	0.408253	0.408248	
0.000000	0.408257	0.000000	0.816493	0.408248	
0.000000	1.000000	0.000000	0.000000	0.000000	
0.000000	0.408246	0.000000	0.408244	0.816500	
0.316229	0.000000	0.000000	0.000000	0.948683	
0.708687	0.000000	0.000000	0.705880	0.000000	
0.000000	0.000000	0.408244	0.408246	0.816500	
0.785661	0.003361	0.390696	0.479658	0.006526	
0.574821	0.000000	0.574827	0.000000	0.582369	
0.000000	0.000000	0.262541	0.000000	0.977786	
0.000000	0.304146	0.937589	0.000000	0.169866	
0.000000	0.568942	0.000000	0.000000	0.822787	
0.000000	0.000000	1.004159	0.004245	0.000000	
0.408100	0.010890	0.816498	0.000000	0.408248	
0.452249	0.679977	0.408317	0.408319	0.000000	
0.409685	0.000000	0.406815	0.816493	0.000000	
0.896777	0.000000	0.000000	0.169578	0.408698	
0.000000	0.000000	0.950604	0.311643	0.000000	
0.000000	0.936224	0.468109	0.000000	0.000000	
0.304695	0.084740	0.000000	0.948740	0.000000	
0.706928	0.000000	0.706935	0.000703	0.022244	
0.708226	0.706695	0.000000	0.000000	0.000000	
0.999295	0.036201	0.000000	0.009912	0.000000	
0.181781	0.399078	0.438534	0.609561	0.502048	
0.000000	0.447225	0.000000	0.894428	0.000000	
0.000000	0.408245	0.816498	0.000000	0.408248	
0.000000	0.913651	0.007538	0.408611	0.000000	
0.834897	0.245263	0.495586	0.000000	0.062152	
0.120084	0.000000	0.906132	0.000000	0.408598	
0.913240	0.000133	0.408368	0.000000	0.000000	
0.912666	0.000000	0.000000	0.413775	0.000000	
0.000000	0.835090	0.000000	0.550254	0.000000	
0.430279	0.680891	0.000000	0.440300	0.397088	
0.501758	0.775322	0.000015	0.383555	0.000000	
0.723725	0.000000	0.556378	0.000000	0.408248	
