0.000000	0.000000	0.816497	0.408248	0.408248	
0.000000	0.408245	0.000000	0.408245	0.816500	
0.707106	0.000000	0.000000	0.707107	0.000000	
0.816497	0.000000	0.408248	0.408248	0.000000	
0.000000	0.000000	0.948684	0.000000	0.316227	
0.000000	0.000000	0.408251	0.816495	0.408248	
0.000000	0.500003	0.500005	0.499999	0.499994	
0.707107	0.000000	0.000000	0.000000	0.707107	
0.000000	0.316218	0.948687	0.000000	0.000000	
0.000000	0.316229	0.000000	0.000000	0.948683	
0.000000	0.816497	0.000000	0.408248	0.408248	
0.316216	0.948687	0.000000	0.000000	0.000000	
0.000000	0.000000	0.316586	0.949751	0.000000	
0.408245	0.408245	0.000000	0.000000	0.816500	
0.000000	0.000000	0.316229	0.000000	0.948683	
0.816497	0.408249	0.408246	0.000000	0.000000	
0.000000	0.707106	0.000000	0.707107	0.000000	
0.000000	0.948681	0.316234	0.000000	0.000000	
0.000000	0.948684	0.000000	0.000000	0.316227	
0.408283	0.408283	0.816462	0.000000	0.000000	
0.000000	0.000000	0.000000	0.948684	0.316227	
0.948681	0.000000	0.316234	0.000000	0.000000	
0.707106	0.000000	0.707108	0.000000	0.000000	
0.816497	0.408248	0.000000	0.000000	0.408248	
0.316229	0.000000	0.000000	0.000000	0.948683	
0.948684	0.000000	0.000000	0.000000	0.316227	
0.000000	0.000000	0.000000	0.000000	1.000000	
0.000000	0.408245	0.816498	0.408248	0.000000	
0.000000	1.000000	0.000000	0.000000	0.000000	
0.408244	0.000000	0.408246	0.000000	0.816500	
0.816497	0.000000	0.408248	0.000000	0.408248	
0.408251	0.000000	0.000000	0.816495	0.408248	
0.408251	0.408251	0.000000	0.816494	0.000000	
0.316230	0.000000	0.000000	0.948682	0.000000	
0.000000	0.816497	0.408248	0.408248	0.000000	
0.408245	0.000000	0.000000	0.408245	0.816500	
0.408247	0.816497	0.000000	0.408248	0.000000	
0.500004	0.500004	0.000000	0.499999	0.499994	
0.816497	0.408248	0.000000	0.408248	0.000000	
0.500004	0.500004	0.499992	0.499999	0.000000	
0.000000	0.000000	0.707107	0.000000	0.707107	
0.000000	0.408250	0.408251	0.816494	0.000000	
0.816497	0.000000	0.000000	0.408248	0.408248	
0.000000	0.816497	0.408248	0.000000	0.408248	
0.000000	0.000000	0.000000	0.316229	0.948683	
0.000000	0.000000	1.000000	0.000000	0.000000	
0.000000	0.000000	0.000000	1.000000	0.000000	
0.000000	0.000000	0.000000	0.707107	0.707107	
0.948683	0.316230	0.000000	0.000000	0.000000	
0.000000	0.000000	0.948684	0.316227	0.000000	
0.408245	0.000000	0.816498	0.408248	0.000000	
0.500006	0.500006	0.499994	0.000000	0.499994	
0.000000	0.408245	0.816498	0.000000	0.408248	
0.948684	0.000000	0.000000	0.316227	0.000000	
0.000000	0.000000	0.408245	0.408245	0.816500	
0.000000	0.000000	0.707106	0.707107	0.000000	
0.000000	0.707107	0.000000	0.000000	0.707107	
0.000000	0.408244	0.408246	0.000000	0.816500	
0.408249	0.816496	0.000000	0.000000	0.408248	
0.000000	0.948684	0.000000	0.316227	0.000000	
1.000000	0.000000	0.000000	0.000000	0.000000	
0.408250	0.000000	0.408251	0.816494	0.000000	
0.000000	0.408257	0.000000	0.816493	0.408248	
0.707107	0.707107	0.000000	0.000000	0.000000	
0.000000	0.707106	0.707108	0.000000	0.000000	
0.316218	0.000000	0.948686	0.000000	0.000000	
0.500003	0.000000	0.500005	0.499999	0.499994	
0.408245	0.000000	0.816498	0.000000	0.408248	
0.000000	0.316230	0.000000	0.948682	0.000000	
0.408247	0.816498	0.408246	0.000000	0.000000	
0.000000	0.948684	0.000000	0.000000	0.316227	
0.004369	0.000000	0.579331	0.819313	0.000000	
0.377121	0.766881	0.000000	0.000000	0.521012	
0.984823	0.000000	0.000000	0.000000	0.177276	
0.000000	0.292641	0.000000	0.878344	0.414035	
0.185699	0.371400	0.000000	0.909713	0.000000	
0.840605	0.000000	0.000000	0.542485	0.000000	
0.316218	0.000000	0.948686	0.000000	0.000000	
0.996928	0.049895	0.010168	0.000000	0.062103	
0.969369	0.041455	0.234480	0.000000	0.062757	
0.000000	0.946702	0.319040	0.000000	0.050114	
0.017941	0.543222	0.201986	0.820005	0.000000	
0.027482	0.407326	0.816511	0.408255	0.000000	
0.405327	0.306983	0.794214	0.360822	0.002898	
0.480186	0.689389	0.011859	0.542240	0.000000	
0.216525	0.870469	0.293224	0.000000	0.330786	
0.000000	0.000000	0.000000	0.998424	0.058857	
0.441299	0.897387	0.000000	0.000000	0.018634	
0.016068	0.839856	0.030239	0.321613	0.457790	
0.246592	0.246592	0.253014	0.902647	0.000000	
0.000000	0.316229	0.000000	0.000000	0.948683	
0.000000	0.476293	0.466226	0.474648	0.574880	
0.216638	0.649940	0.000000	0.000000	0.728455	
0.000000	0.000000	0.447217	0.894426	0.000222	
0.000000	0.000000	0.000000	0.707107	0.707107	
0.000000	0.000000	0.999578	0.029047	0.000000	
0.002061	0.188419	0.189657	0.534695	0.801640	
0.493802	0.000000	0.493803	0.000171	0.715764	
0.828505	0.041466	0.555184	0.000000	0.062813	
0.502994	0.283417	0.000000	0.000000	0.816500	
