0.816498	0.408245	0.000000	0.408249	0.000000	
0.948671	0.316265	0.000000	0.000000	0.000000	
0.408252	0.408252	0.000000	0.816493	0.000000	
0.000000	0.000000	0.816487	0.408255	0.408260	
0.408283	0.408283	0.816462	0.000000	0.000000	
0.707107	0.000000	0.000000	0.000000	0.707107	
0.000000	0.000000	0.000000	1.000000	0.000000	
0.000000	0.316245	0.000000	0.948678	0.000000	
0.408246	0.816498	0.000000	0.000000	0.408248	
0.000000	0.000000	0.316239	0.948679	0.000000	
0.000000	0.948689	0.316210	0.000000	0.000000	
0.408242	0.000000	0.816499	0.408249	0.000000	
0.000000	0.948689	0.000000	0.316212	0.000000	
0.000000	0.816497	0.408247	0.408248	0.000000	
0.000000	0.000000	0.707107	0.000000	0.707107	
0.000000	0.707106	0.000000	0.707108	0.000000	
0.316201	0.000000	0.948692	0.000000	0.000000	
0.000000	0.000000	1.000000	0.000000	0.000000	
0.816512	0.408255	0.408210	0.000000	0.000000	
0.408245	0.408245	0.000000	0.000000	0.816500	
0.316216	0.948687	0.000000	0.000000	0.000000	
0.000000	0.000000	0.000000	0.707107	0.707107	
0.408246	0.000000	0.000000	0.408243	0.816500	
0.408250	0.816515	0.408210	0.000000	0.000000	
0.000000	0.816489	0.000000	0.408263	0.408248	
0.500011	0.500011	0.000000	0.499984	0.499994	
0.000000	0.408177	0.816533	0.000000	0.408248	
0.000000	0.948682	0.000000	0.000000	0.316232	
0.316239	0.000000	0.000000	0.948680	0.000000	
0.408242	0.000000	0.408247	0.000000	0.816500	
0.707106	0.000000	0.000000	0.707108	0.000000	
0.707103	0.000000	0.707111	0.000000	0.000000	
0.000000	0.000000	0.948682	0.000000	0.316232	
0.000000	0.316201	0.948692	0.000000	0.000000	
0.408245	0.000000	0.816498	0.000000	0.408248	
0.000000	0.000000	0.316229	0.000000	0.948683	
0.948682	0.000000	0.000000	0.000000	0.316232	
0.499990	0.000000	0.499996	0.499959	0.500055	
0.408259	0.000000	0.000000	0.816492	0.408248	
0.408248	0.000000	0.408257	0.816492	0.000000	
0.000000	0.499968	0.499988	0.499989	0.500055	
0.000000	0.707102	0.707111	0.000000	0.000000	
0.000000	0.000000	0.000000	0.000000	1.000000	
0.948687	0.000000	0.000000	0.316215	0.000000	
0.000000	0.000000	0.000000	0.948682	0.316232	
0.000000	0.000000	0.408246	0.408243	0.816500	
0.817820	0.000000	0.000000	0.408897	0.408907	
1.000000	0.000000	0.000000	0.000000	0.000000	
0.000000	0.316229	0.000000	0.000000	0.948683	
0.408247	0.816497	0.000000	0.408248	0.000000	
0.000000	0.408242	0.816499	0.408249	0.000000	
0.316229	0.000000	0.000000	0.000000	0.948683	
0.816497	0.000000	0.408248	0.000000	0.408248	
0.000000	0.408242	0.408247	0.000000	0.816500	
0.000000	1.000000	0.000000	0.000000	0.000000	
0.000000	0.000000	0.707109	0.707104	0.000000	
0.816497	0.000000	0.408248	0.408248	0.000000	
0.500051	0.500051	0.500083	0.499815	0.000000	
0.000000	0.000000	0.948687	0.316215	0.000000	
0.816497	0.408248	0.000000	0.000000	0.408248	
0.000000	0.408242	0.000000	0.408239	0.816504	
0.000000	0.707107	0.000000	0.000000	0.707107	
0.948689	0.000000	0.316211	0.000000	0.000000	
0.000000	0.000000	0.000000	0.316229	0.948683	
0.000000	0.000000	0.408283	0.816479	0.408248	
0.000000	0.408248	0.408257	0.816492	0.000000	
0.500002	0.500002	0.499989	0.000000	0.500007	
0.707107	0.707107	0.000000	0.000000	0.000000	
0.000000	0.816498	0.408247	0.000000	0.408248	
0.000000	0.408293	0.000000	0.816475	0.408248	
0.817654	0.408827	0.000000	0.000000	0.408826	
0.447207	0.000000	0.894430	0.000000	0.000000	
0.000000	0.389622	0.825550	0.000000	0.408249	
0.408706	0.408706	0.000000	0.000000	0.817423	
0.000000	0.000000	0.000000	0.000000	1.000000	
0.662458	0.679087	0.000000	0.316212	0.000000	
0.000000	0.707106	0.000000	0.707108	0.000000	
0.984388	0.000873	0.016919	0.175686	0.000000	
0.000000	0.000000	0.423888	0.919420	0.000000	
0.067094	0.309081	0.023045	0.951316	0.000000	
0.000000	0.000000	0.884895	0.442459	0.145574	
0.912874	0.000000	0.000000	0.000000	0.408249	
0.000000	0.816497	0.408247	0.408248	0.000000	
0.028784	0.706536	0.000000	0.499984	0.499994	
0.000000	0.000000	0.572400	0.819975	0.000000	
0.000000	0.000000	0.889775	0.000000	0.456400	
0.000000	0.410987	0.000000	0.405491	0.816521	
0.446381	0.894844	0.000000	0.000000	0.000000	
0.194265	0.000000	0.252770	0.000000	0.956390	
0.000000	0.696571	0.092965	0.000000	0.712761	
0.824770	0.000000	0.000000	0.583170	0.164513	
0.008051	0.191613	0.368297	0.815652	0.409319	
0.358148	0.358148	0.000013	0.848650	0.153518	
0.168650	0.000002	0.000000	0.985676	0.000000	
0.000000	0.000000	0.000000	0.876750	0.481242	
0.396025	0.000000	0.396030	0.000000	0.828500	
0.000000	0.000000	0.000000	0.707107	0.707107	
0.000000	0.493824	0.493844	0.512056	0.500055	
0.706138	0.706138	0.000000	0.052329	0.000000	
0.375778	0.000000	0.701440	0.605618	0.000000	
