0.000000	0.000000	0.707107	0.000000	0.707107	
0.000000	0.000000	0.408245	0.408245	0.816500	
0.000000	0.316211	0.948689	0.000000	0.000000	
0.000000	0.707106	0.000000	0.707108	0.000000	
0.816497	0.000000	0.000000	0.408248	0.408248	
0.316229	0.000000	0.000000	0.000000	0.948683	
0.316232	0.000000	0.000000	0.948682	0.000000	
0.408245	0.000000	0.816498	0.000000	0.408248	
0.000000	0.408257	0.000000	0.816493	0.408248	
0.500001	0.000000	0.500006	0.499999	0.499994	
0.000000	0.408249	0.408253	0.816494	0.000000	
0.408249	0.000000	0.408253	0.816494	0.000000	
0.000000	0.000000	0.000000	0.316229	0.948683	
0.000000	0.816497	0.408248	0.408248	0.000000	
0.000000	0.000000	0.408256	0.816493	0.408248	
0.948684	0.000000	0.000000	0.316226	0.000000	
0.000000	0.948684	0.000000	0.000000	0.316227	
0.000000	0.707103	0.707111	0.000000	0.000000	
0.000000	0.000000	1.000000	0.000000	0.000000	
0.408245	0.000000	0.816498	0.408248	0.000000	
0.000000	0.500001	0.500006	0.499999	0.499994	
0.408247	0.816498	0.408246	0.000000	0.000000	
0.408283	0.408283	0.816462	0.000000	0.000000	
0.000000	0.316229	0.000000	0.000000	0.948683	
0.000000	0.000000	0.948684	0.000000	0.316227	
0.707107	0.707107	0.000000	0.000000	0.000000	
0.408247	0.816497	0.000000	0.000000	0.408248	
0.000000	0.000000	0.000000	1.000000	0.000000	
0.000000	0.408245	0.000000	0.408245	0.816500	
0.707103	0.000000	0.707111	0.000000	0.000000	
0.500004	0.500004	0.499992	0.499999	0.000000	
0.408251	0.408251	0.000000	0.816494	0.000000	
0.316216	0.948687	0.000000	0.000000	0.000000	
0.000000	0.000000	0.707106	0.707108	0.000000	
0.948675	0.316251	0.000000	0.000000	0.000000	
0.816497	0.408249	0.408246	0.000000	0.000000	
0.000000	0.816495	0.000000	0.408252	0.408248	
0.000000	0.000000	0.948682	0.316230	0.000000	
0.000000	0.000000	0.816497	0.408248	0.408248	
0.500004	0.500004	0.000000	0.499999	0.499994	
0.000000	0.000000	0.000000	0.000000	1.000000	
0.707107	0.000000	0.000000	0.000000	0.707107	
0.000000	0.707107	0.000000	0.000000	0.707107	
0.408247	0.816497	0.000000	0.408248	0.000000	
0.816497	0.000000	0.408248	0.000000	0.408248	
0.948681	0.000000	0.316234	0.000000	0.000000	
0.816497	0.408248	0.000000	0.000000	0.408248	
0.408245	0.408245	0.000000	0.000000	0.816500	
0.816497	0.408248	0.000000	0.408248	0.000000	
0.500006	0.500006	0.499994	0.000000	0.499994	
1.000000	0.000000	0.000000	0.000000	0.000000	
0.000000	0.408245	0.816498	0.000000	0.408248	
0.948684	0.000000	0.000000	0.000000	0.316227	
0.707106	0.000000	0.000000	0.707108	0.000000	
0.000000	0.816497	0.408248	0.000000	0.408248	
0.408245	0.000000	0.000000	0.408245	0.816500	
0.000000	0.408243	0.408247	0.000000	0.816500	
0.816497	0.000000	0.408248	0.408248	0.000000	
0.000000	0.000000	0.316232	0.948682	0.000000	
0.000000	0.948684	0.000000	0.316226	0.000000	
0.000000	0.948681	0.316234	0.000000	0.000000	
0.000000	0.000000	0.316229	0.000000	0.948683	
0.316211	0.000000	0.948689	0.000000	0.000000	
0.408243	0.000000	0.408247	0.000000	0.816500	
0.000000	0.000000	0.000000	0.948684	0.316227	
0.408251	0.000000	0.000000	0.816495	0.408248	
0.000000	0.316232	0.000000	0.948682	0.000000	
0.000000	0.000000	0.000000	0.707107	0.707107	
0.000000	0.408245	0.816498	0.408248	0.000000	
0.000000	1.000000	0.000000	0.000000	0.000000	
0.000000	0.408243	0.408247	0.000000	0.816500	
0.000000	0.000000	0.074801	0.037401	0.996497	
0.758444	0.355155	0.418739	0.000000	0.418739	
0.577346	0.000000	0.000000	0.000000	0.816500	
0.682782	0.000073	0.184484	0.707268	0.000000	
0.803681	0.504080	0.000346	0.000000	0.316227	
0.331502	0.056804	0.000000	0.848654	0.408248	
0.015201	0.297983	0.000000	0.421956	0.857932	
0.093062	0.700952	0.707111	0.000000	0.000000	
0.000000	0.319041	0.319044	0.902534	0.000000	
0.000000	0.000000	0.000000	0.828942	0.559737	
0.056708	0.027710	0.934201	0.000000	0.418739	
0.550609	0.550609	0.550596	0.301468	0.000000	
0.410270	0.144450	0.000000	0.918646	0.000000	
0.307888	0.000000	0.000000	0.000000	0.951423	
0.866029	0.000000	0.000000	0.000000	0.499994	
0.504823	0.000000	0.233119	0.000000	0.831151	
0.908567	0.272949	0.316234	0.000000	0.000000	
0.545863	0.000000	0.545869	0.394717	0.501606	
0.467157	0.884174	0.000000	0.000000	0.000617	
0.007276	0.162375	0.292253	0.942427	0.000000	
0.751715	0.000000	0.000000	0.518454	0.407592	
0.845781	0.000000	0.426692	0.320295	0.000000	
0.424347	0.000000	0.848703	0.000000	0.319183	
0.004674	0.001589	0.999988	0.000000	0.000000	
0.000000	0.682627	0.184442	0.707108	0.000000	
0.418604	0.397693	0.816462	0.000000	0.000000	
0.402575	0.819309	0.000000	0.000000	0.408248	
0.033296	0.407824	0.818370	0.409184	0.000000	
0.000000	0.998804	0.053116	0.000000	0.000000	
