0.408418	0.000000	0.000000	0.408073	0.816863	
0.000000	0.819209	0.000000	0.405072	0.405975	
0.816471	0.000000	0.408278	0.000000	0.408276	
0.408690	0.816510	0.000000	0.407781	0.000000	
0.000000	0.498628	0.500909	0.500932	0.499535	
0.498727	0.498153	0.000000	0.502520	0.500604	
0.000000	0.948788	0.315914	0.000000	0.000000	
0.817586	0.000000	0.000000	0.408406	0.408453	
0.000000	0.316105	0.000000	0.948726	0.000000	
0.707716	0.000000	0.000000	0.707674	0.000000	
0.000000	0.707116	0.000000	0.000000	0.707099	
0.000000	0.408154	0.408508	0.000000	0.816460	
0.000000	0.000000	0.000000	1.000002	0.000000	
0.948717	0.000000	0.000000	0.316128	0.000000	
0.499867	0.499770	0.500817	0.000000	0.499547	
0.000000	0.000000	0.407822	0.816731	0.408270	
0.000000	0.948717	0.000000	0.316128	0.000000	
0.408252	0.000000	0.816463	0.408315	0.000000	
0.000000	0.000000	0.707485	0.706884	0.000000	
0.948670	0.316269	0.000000	0.000000	0.000000	
0.000000	0.000000	0.316017	0.948756	0.000000	
0.407834	0.816704	0.000000	0.000000	0.408253	
0.000000	0.409311	0.818548	0.000000	0.409200	
0.000000	0.316213	0.000000	0.000000	0.948691	
0.408254	0.000000	0.408333	0.816458	0.000000	
0.000001	0.000001	0.408339	0.408317	0.816434	
0.316319	0.000000	0.948653	0.000000	0.000000	
0.000035	0.000000	0.000008	0.316459	0.948611	
0.000000	0.316015	0.948756	0.000000	0.000000	
0.948658	0.000000	0.316305	0.000000	0.000000	
0.000000	0.000000	0.316208	0.000000	0.948692	
0.000001	0.707401	0.000000	0.706815	0.000000	
0.000001	0.948456	0.000000	0.000000	0.316973	
0.316212	0.000000	0.000000	0.000000	0.948689	
0.948782	0.000000	0.000000	0.000000	0.315934	
0.000000	0.000000	0.816753	0.407985	0.408002	
0.000000	1.003010	0.000000	0.000000	0.000000	
0.000007	0.408753	0.816076	0.408591	0.000000	
0.816624	0.407985	0.000000	0.000000	0.408259	
0.000000	0.407813	0.000000	0.816712	0.408259	
0.000000	0.000000	0.000000	0.707115	0.707108	
0.817597	0.406088	0.408211	0.000000	0.000000	
0.409329	0.816036	0.408092	0.000000	0.000000	
0.000000	0.000000	0.000000	0.000000	1.000002	
0.000000	0.000000	0.707120	0.000000	0.707105	
0.499236	0.499656	0.500426	0.500687	0.000000	
0.000003	0.706812	0.707407	0.000000	0.000000	
0.316109	0.000000	0.000000	0.948723	0.000000	
0.000000	0.000000	0.949118	0.314964	0.000000	
0.408315	0.000000	0.816588	0.000000	0.408004	
0.000000	0.816801	0.408443	0.407446	0.000000	
0.817141	0.408336	0.000000	0.407545	0.000000	
0.408426	0.408264	0.000000	0.816417	0.000000	
0.409006	0.408932	0.000000	0.000000	0.815868	
0.816701	0.000000	0.408405	0.407694	0.000000	
0.706969	0.707249	0.000000	0.000000	0.000000	
0.498443	0.000000	0.500723	0.500830	0.500008	
0.000002	0.000000	0.000001	0.948766	0.316154	
0.000000	0.407167	0.000000	0.409083	0.816625	
0.000000	0.816603	0.408344	0.000000	0.407943	
0.407812	0.000000	0.000000	0.816710	0.408258	
0.315610	0.948892	0.000000	0.000000	0.000000	
0.707137	0.000000	0.000000	0.000000	0.707130	
0.000000	0.000000	1.001730	0.000000	0.000000	
0.408140	0.000000	0.408494	0.000000	0.816432	
0.000002	0.408083	0.408426	0.816492	0.000000	
0.706798	0.000000	0.707418	0.000000	0.000000	
1.000002	0.000000	0.000000	0.000000	0.000000	
0.000001	0.000000	0.948556	0.000000	0.316611	
0.408203	0.408364	0.816464	0.000000	0.000000	
0.413255	0.404349	0.000000	0.817379	0.000000	
0.071903	1.000803	0.000000	0.000000	0.000000	
0.000000	0.570329	0.090517	0.000000	0.816460	
0.973198	0.000000	0.194731	0.120353	0.067939	
0.514030	0.802717	0.302358	0.000000	0.000000	
0.859190	0.429252	0.000000	0.278455	0.000000	
0.001518	0.000000	1.000000	0.000000	0.000000	
0.447608	0.894264	0.000000	0.000801	0.000000	
0.000001	0.000000	0.953138	0.001908	0.310668	
0.410766	0.000000	0.815830	0.407833	0.000000	
0.501321	0.498312	0.500817	0.000000	0.499546	
0.885266	0.000000	0.222680	0.408315	0.000000	
0.360881	0.179244	0.408948	0.819187	0.000000	
0.000000	0.003879	0.577165	0.000000	0.816625	
0.000000	0.000000	0.445714	0.892617	0.067799	
0.013639	0.000000	0.816639	0.407985	0.408002	
0.029822	0.000000	0.000000	0.000000	0.999557	
0.414477	0.000000	0.000000	0.813857	0.408461	
0.392353	0.392509	0.831865	0.000000	0.000000	
0.255179	0.103353	0.276574	0.276633	0.881183	
0.000002	0.408083	0.408426	0.816492	0.000000	
0.166902	0.000000	0.985975	0.000000	0.000000	
0.707276	0.707135	0.000000	0.000000	0.000000	
0.495290	0.000000	0.497555	0.497662	0.509375	
0.000002	0.000000	0.000001	0.822139	0.569387	
0.000000	0.610489	0.000000	0.613362	0.501102	
0.274460	0.852594	0.000000	0.444937	0.000000	
0.044084	0.313014	0.949020	0.000000	0.000000	
0.010673	0.011175	0.000000	0.318153	0.955655	
0.939031	0.136892	0.012320	0.316235	0.000000	
