0.707107	0.707107	0.000000	0.000000	0.000000	
0.000000	0.707106	0.000000	0.707108	0.000000	
0.000000	0.000000	0.000000	1.000000	0.000000	
0.000000	0.000000	0.816493	0.408257	0.408248	
0.000000	0.000000	1.000000	0.000000	0.000000	
0.000000	0.000000	0.000000	0.707107	0.707107	
0.316201	0.000000	0.948692	0.000000	0.000000	
0.000000	0.408242	0.816499	0.408249	0.000000	
0.408261	0.000000	0.000000	0.408258	0.816529	
0.316239	0.000000	0.000000	0.948680	0.000000	
0.500011	0.500011	0.000000	0.499984	0.499994	
0.000000	0.316245	0.000000	0.948678	0.000000	
0.408250	0.816515	0.408210	0.000000	0.000000	
0.816498	0.408245	0.000000	0.408248	0.000000	
0.408283	0.408283	0.816462	0.000000	0.000000	
0.000000	0.000000	0.316229	0.000000	0.948683	
0.000000	0.000000	0.948687	0.316215	0.000000	
0.316216	0.948687	0.000000	0.000000	0.000000	
0.816497	0.000000	0.408248	0.000000	0.408248	
0.000000	0.816489	0.000000	0.408263	0.408248	
0.408242	0.000000	0.408247	0.000000	0.816500	
0.000000	0.316229	0.000000	0.000000	0.948683	
0.000000	1.000000	0.000000	0.000000	0.000000	
0.000000	0.408242	0.816500	0.000000	0.408248	
0.000000	0.816498	0.408247	0.000000	0.408248	
0.000000	0.000000	0.000000	0.316229	0.948683	
0.000000	0.000000	0.707109	0.707104	0.000000	
0.816493	0.000000	0.000000	0.408256	0.408248	
0.707106	0.000000	0.000000	0.707108	0.000000	
0.948694	0.316197	0.000000	0.000000	0.000000	
0.408245	0.000000	0.816498	0.000000	0.408248	
0.500051	0.500051	0.500083	0.499815	0.000000	
0.000000	0.408257	0.000000	0.816493	0.408248	
0.816512	0.408255	0.408210	0.000000	0.000000	
0.000000	0.408242	0.408247	0.000000	0.816500	
0.948689	0.000000	0.316211	0.000000	0.000000	
0.000000	0.408242	0.000000	0.408239	0.816504	
0.000000	0.499968	0.499988	0.499989	0.500055	
0.316229	0.000000	0.000000	0.000000	0.948683	
0.000000	0.000000	0.707107	0.000000	0.707107	
0.000000	0.000000	0.316239	0.948679	0.000000	
0.000000	0.948682	0.000000	0.000000	0.316232	
0.948687	0.000000	0.000000	0.316215	0.000000	
0.000000	0.948689	0.000000	0.316212	0.000000	
0.408250	0.000000	0.408255	0.816493	0.000000	
0.816497	0.000000	0.408248	0.408248	0.000000	
0.408252	0.408252	0.000000	0.816493	0.000000	
0.000000	0.000000	0.409063	0.818041	0.409029	
1.000000	0.000000	0.000000	0.000000	0.000000	
0.000000	0.000000	0.000000	0.948682	0.316232	
0.408242	0.000000	0.816499	0.408249	0.000000	
0.000000	0.707103	0.707111	0.000000	0.000000	
0.000000	0.000000	0.000000	0.000000	1.000000	
0.408247	0.816498	0.000000	0.000000	0.408248	
0.948682	0.000000	0.000000	0.000000	0.316232	
0.707103	0.000000	0.707111	0.000000	0.000000	
0.408245	0.408245	0.000000	0.000000	0.816500	
0.499988	0.000000	0.500008	0.500010	0.499994	
0.000000	0.408250	0.408255	0.816492	0.000000	
0.000000	0.707107	0.000000	0.000000	0.707107	
0.408247	0.816497	0.000000	0.408248	0.000000	
0.000000	0.000000	0.948682	0.000000	0.316232	
0.000000	0.000000	0.408246	0.408243	0.816500	
0.816497	0.408248	0.000000	0.000000	0.408248	
0.000000	0.316201	0.948692	0.000000	0.000000	
0.707107	0.000000	0.000000	0.000000	0.707107	
0.408257	0.000000	0.000000	0.816493	0.408248	
0.500002	0.500002	0.499989	0.000000	0.500007	
0.000000	0.816497	0.408247	0.408248	0.000000	
0.000000	0.948689	0.316210	0.000000	0.000000	
0.145555	0.866965	0.439927	0.000000	0.213577	
1.000000	0.000000	0.000000	0.000000	0.000000	
0.004484	0.000006	0.001416	0.948670	0.316232	
0.000000	0.000000	0.316229	0.000000	0.948683	
0.000000	0.701980	0.710937	0.000000	0.042342	
0.164056	0.248432	0.097338	0.950683	0.000517	
0.000000	0.316201	0.948692	0.000000	0.000000	
0.383170	0.594318	0.000000	0.000000	0.707131	
0.000000	0.951014	0.000000	0.325848	0.000000	
0.214699	0.107545	0.223461	0.966128	0.000527	
0.599604	0.000556	0.000000	0.000000	0.800297	
0.000000	0.266602	0.000000	0.091346	0.965065	
0.716052	0.000000	0.000000	0.703256	0.000000	
0.408758	0.408758	0.817414	0.000000	0.000000	
0.973040	0.288827	0.000000	0.000000	0.000000	
0.566971	0.763882	0.308266	0.000000	0.000000	
0.122758	0.185894	0.000000	0.676142	0.702687	
0.048306	0.552165	0.186968	0.000000	0.811063	
0.504959	0.000000	0.504964	0.700772	0.000000	
0.615913	0.000928	0.000000	0.541055	0.583892	
0.862539	0.000000	0.443683	0.244833	0.000000	
0.332189	0.165181	0.003067	0.730574	0.573602	
0.915270	0.008787	0.000000	0.000000	0.402746	
0.196687	0.000000	0.000000	0.980566	0.000672	
0.004475	0.000000	0.531040	0.847335	0.000000	
0.000000	0.000000	0.770348	0.148186	0.620165	
0.000000	0.565676	0.000000	0.819970	0.087516	
0.120969	0.000000	0.912914	0.000000	0.416508	
0.000000	0.408242	0.816500	0.000000	0.408248	
0.000000	0.914445	0.000000	0.000000	0.405439	
