0.571764	0.377805	1.036837	0.519326	
0.477738	0.606967	0.893719	0.000000	
0.594512	0.474195	0.891987	0.000000	
0.375199	0.623939	1.492358	0.490057	
0.685532	0.272804	1.846819	0.597940	
0.341165	0.676015	1.500205	0.000000	
0.663272	0.362650	1.396221	0.008096	
0.025002	0.025002	0.035359	0.998752	
0.086086	0.086220	0.122065	0.986219	
0.580305	0.358144	1.190328	0.630591	
0.454203	0.452577	0.643517	0.423546	
0.197495	0.197489	0.279304	0.918706	
0.311745	0.311629	0.440943	0.782154	
0.348298	0.486886	0.836828	0.736051	
0.184216	0.756820	3.392443	0.003010	
0.723278	0.200018	2.907979	0.808371	
0.152767	0.152777	0.216068	0.952223	
0.788033	0.240036	2.525403	0.000004	
0.207081	0.727323	2.779663	0.666551	
0.000000	0.000000	0.000000	1.000001	
0.244916	0.732882	2.309606	0.000692	
0.049071	0.049073	0.069400	0.995188	
0.755615	0.188808	3.391640	0.003010	
0.098414	0.098266	0.139286	0.981430	
0.732990	0.190483	2.984161	0.712458	
0.025015	0.025015	0.035377	0.998749	
0.595178	0.472801	0.896972	0.000000	
0.397440	0.569587	0.999714	0.438290	
0.022974	0.022973	0.032490	0.998954	
0.116976	0.116938	0.165458	0.972472	
0.344869	0.496934	0.871579	0.742416	
0.189247	0.755248	3.310874	0.002942	
0.582376	0.357894	1.195572	0.634065	
0.467041	0.552044	0.854075	0.007475	
0.296003	0.296834	0.421049	0.807848	
0.195295	0.194996	0.276388	0.921637	
0.142481	0.142422	0.201540	0.958814	
0.195497	0.724481	2.902057	0.806825	
0.221325	0.743226	2.600599	0.000771	
0.690134	0.264750	1.918148	0.618525	
0.755609	0.188824	3.391290	0.003009	
0.675238	0.342711	1.491177	0.000000	
0.446224	0.440442	0.639009	0.472469	
0.338552	0.677889	1.516974	0.000000	
0.094626	0.094637	0.133845	0.982003	
0.746293	0.221252	2.611569	0.000004	
0.049073	0.049071	0.069400	0.995187	
0.593550	0.398580	1.066505	0.346618	
0.686917	0.270432	1.867705	0.603821	
0.272967	0.683299	1.840714	0.585044	
0.221336	0.743222	2.600599	0.000771	
0.186811	0.742481	3.205710	0.652438	
0.346019	0.495715	0.866058	0.739107	
0.745333	0.223438	2.581952	0.000004	
0.099048	0.098915	0.140170	0.981061	
0.492845	0.347778	0.856010	0.735738	
0.757551	0.181387	3.338657	0.002331	
0.593837	0.471765	0.898261	0.000000	
0.576987	0.372558	1.062848	0.528767	
0.733319	0.185584	3.063480	0.754439	
0.340825	0.676261	1.502407	0.000007	
0.267469	0.269428	0.382439	0.847947	
0.678120	0.338722	1.516716	0.000000	
0.183653	0.756027	3.315419	0.117866	
0.092203	0.092313	0.130629	0.983586	
0.022064	0.022064	0.031203	0.999030	
0.044831	0.044830	0.063401	0.995987	
0.591560	0.385917	1.082356	0.425739	
0.433721	0.432377	0.615033	0.502108	
0.139229	0.139220	0.196907	0.960494	
0.472366	0.587847	0.882001	0.000000	
0.354899	0.526833	0.965495	0.697769	
0.077934	0.077684	0.110394	0.989859	
0.472378	0.587813	0.881925	0.000000	
0.189646	0.755124	3.305067	0.002937	
0.340408	0.676683	1.505279	0.000001	
0.138784	0.138817	0.196340	0.960843	
0.096420	0.096359	0.136401	0.981644	
0.023057	0.023056	0.032607	0.998946	
0.237669	0.735080	2.390299	0.048301	
0.196646	0.196245	0.278389	0.920843	
0.686083	0.271864	1.855061	0.600260	
0.579010	0.466793	0.887174	0.008420	
0.225432	0.721081	2.412010	0.575627	
0.592582	0.399962	1.060315	0.345227	
0.744036	0.226186	2.545219	0.000445	
0.757286	0.180434	3.355096	0.082497	
0.575050	0.366212	1.072555	0.557042	
0.267207	0.686572	1.888400	0.608840	
0.294038	0.294112	0.416048	0.808977	
0.410976	0.575794	1.016591	0.367547	
0.680665	0.336923	1.530767	0.000000	
0.734565	0.184967	3.083573	0.740712	
0.360167	0.632775	1.493572	0.490384	
0.092735	0.092686	0.131186	0.983012	
0.345207	0.496577	0.869957	0.741443	
0.746292	0.221254	2.611569	0.000004	
0.690986	0.263241	1.932101	0.622472	
0.191720	0.191519	0.271277	0.924293	
0.186207	0.755173	3.260727	0.116022	
0.243613	0.732434	2.320720	0.040926	
0.023057	0.023056	0.032607	0.998946	
0.444935	0.436836	0.639629	0.485152	
0.392434	0.636171	1.239147	0.000000	
0.583430	0.393799	1.043915	0.411402	
0.573974	0.458341	1.006098	0.007208	
0.214343	0.737527	2.808351	0.423101	
0.626009	0.335392	1.364311	0.563489	
0.757209	0.180671	3.350102	0.082381	
0.735393	0.182531	3.130612	0.751384	
0.470930	0.594362	0.898149	0.000000	
0.131556	0.131616	0.186197	0.965106	
0.675293	0.342423	1.497980	0.010615	
0.045726	0.045721	0.064669	0.995871	
0.492222	0.348731	0.852036	0.733474	
0.277147	0.716291	1.984025	0.000001	
0.677956	0.338950	1.515240	0.000000	
0.189584	0.745175	3.216666	0.517003	
0.190088	0.754963	3.293309	0.002338	
0.138778	0.138828	0.196368	0.960921	
0.291345	0.291301	0.412055	0.812813	
0.757551	0.181387	3.338657	0.002331	
0.370534	0.572667	1.056191	0.543813	
0.000000	0.000000	0.000000	1.294138	
0.689150	0.266678	1.903697	0.613976	
0.093264	0.093323	0.132020	0.982835	
0.339177	0.677564	1.513180	0.000001	
0.736364	0.179608	3.188666	0.764567	
0.345385	0.496223	0.868725	0.740898	
0.743735	0.226997	2.534694	0.015812	
0.432802	0.432794	0.612085	0.500756	
0.596681	0.395643	1.081084	0.350881	
0.600611	0.346964	1.200218	0.579237	
0.189227	0.189401	0.267978	0.926114	
0.573610	0.467633	0.878201	0.000000	
0.431221	0.595346	1.014769	0.008831	
0.077862	0.077725	0.110211	0.988942	
0.691288	0.283057	1.844769	0.462658	
0.273040	0.718480	2.021529	0.000001	
0.739071	0.191838	3.009380	0.607917	
0.756931	0.181463	3.333334	0.085725	
0.022657	0.022656	0.032042	0.998986	
0.187890	0.742093	3.183758	0.648207	
0.475052	0.586078	0.881377	0.000000	
0.486935	0.353153	0.830457	0.720444	
0.646556	0.378815	1.282064	0.009392	
0.345385	0.496223	0.868725	0.740898	
0.142760	0.142678	0.201951	0.958753	
0.596516	0.388305	1.094416	0.393323	
0.588797	0.436819	0.991467	0.032982	
0.049071	0.049074	0.069404	0.995219	
0.576853	0.372729	1.062720	0.528718	
0.441979	0.438200	0.629846	0.480924	
0.185709	0.185674	0.262670	0.928625	
0.192873	0.753909	3.212357	0.012035	
0.096413	0.096364	0.136381	0.981568	
0.268420	0.685896	1.877572	0.605791	
0.375498	0.647888	1.291903	0.077881	
0.715713	0.280588	2.021825	0.041192	
0.033377	0.033377	0.047203	0.997774	
0.686146	0.329164	1.582596	0.000000	
0.719270	0.272028	2.074284	0.025423	
0.267601	0.686277	1.887794	0.598054	
0.580590	0.419948	0.966414	0.368051	
0.138784	0.138816	0.196339	0.960842	
0.565364	0.458768	0.899415	0.000000	
0.657451	0.269167	1.750730	0.788671	
0.650907	0.322957	1.463680	0.488011	
0.188153	0.743133	3.188220	0.624578	
0.201780	0.750224	2.974933	0.018241	
0.358398	0.489270	0.828160	0.700142	
0.491241	0.349222	0.849017	0.731534	
0.263956	0.791970	2.294620	0.046949	
0.742396	0.179930	3.234740	0.650793	
0.757551	0.181387	3.338657	0.002331	
0.302956	0.701330	1.768193	0.000000	
0.448566	0.669247	1.080923	0.000000	
0.463547	0.431623	0.674343	0.491824	
0.093320	0.093267	0.132018	0.982827	
0.023057	0.023056	0.032607	0.998946	
0.647927	0.321513	1.456856	0.512710	
0.459504	0.485954	0.707756	0.357747	
0.238063	0.735044	2.386058	0.048224	
0.742253	0.193859	2.982667	0.603024	
0.667523	0.299272	1.649712	0.533292	
0.159897	0.159610	0.226334	0.948704	
0.595484	0.424398	1.036296	0.160714	
0.567083	0.409115	0.969867	0.393862	
0.360323	0.632642	1.492195	0.490013	
0.467605	0.551274	0.851601	0.002783	
0.288528	0.290514	0.412277	0.819276	
0.588797	0.436819	0.991467	0.032982	
0.248492	0.697354	2.075378	0.639933	
0.000000	0.000000	0.000000	1.018722	
0.045727	0.045721	0.064672	0.995895	
0.398197	0.631228	1.214617	0.005414	
0.720738	0.268062	2.067492	0.000027	
0.086143	0.086124	0.121840	0.985201	
0.000000	0.000000	0.000000	1.687407	
0.386882	0.651569	1.515216	0.000001	
