0.342128	0.675523	1.501798	0.000146	
0.691800	0.260031	1.977642	0.605800	
0.156456	0.156054	0.221571	0.951587	
0.357033	0.512073	0.893092	0.690614	
0.603183	0.346265	1.395036	0.686739	
0.098829	0.097354	0.140747	0.990257	
0.489267	0.353558	0.892445	0.764208	
0.000000	0.000000	0.000000	1.000001	
0.375290	0.571413	1.047140	0.532540	
0.198479	0.200239	0.285318	0.924386	
0.677727	0.340702	1.506654	0.000000	
0.277348	0.689625	1.850153	0.502815	
0.455970	0.448340	0.650927	0.436407	
0.492104	0.578524	0.848350	0.000141	
0.755549	0.188215	3.352241	0.000356	
0.592203	0.482043	0.859487	0.000025	
0.576517	0.385266	1.044552	0.473661	
0.226063	0.740316	2.545518	0.002910	
0.336855	0.601390	1.549833	0.803460	
0.735039	0.196259	2.944684	0.632383	
0.055025	0.055006	0.077837	0.994202	
0.218008	0.717022	2.922659	0.855520	
0.178661	0.757898	3.350956	0.000013	
0.248190	0.660717	1.878563	0.866934	
0.746862	0.223739	2.589558	0.000185	
0.235980	0.238106	0.338749	0.886730	
0.554283	0.358125	1.028982	0.634526	
0.223315	0.741663	2.598946	0.000299	
0.019515	0.019513	0.027600	0.999300	
0.755549	0.188215	3.352231	0.000356	
0.599404	0.343093	1.393737	0.703778	
0.109682	0.109746	0.155257	0.976024	
0.184166	0.726804	2.999201	0.876583	
0.252320	0.664651	1.856771	0.857198	
0.746303	0.224968	2.572983	0.000184	
0.411535	0.408788	0.584240	0.575683	
0.313130	0.552552	1.121427	0.813912	
0.652320	0.470890	0.966053	0.000009	
0.545190	0.323550	1.112861	0.812822	
0.252543	0.658687	1.859509	0.859207	
0.345516	0.674716	1.490318	0.000002	
0.651515	0.262361	1.745728	0.821594	
0.398064	0.567812	0.987209	0.441454	
0.381087	0.568815	1.186991	0.613021	
0.115597	0.115554	0.163513	0.973168	
0.060978	0.060891	0.086299	0.993466	
0.178869	0.757832	3.346625	0.000379	
0.450693	0.572823	0.929763	0.003037	
0.694266	0.317282	2.057538	0.271861	
0.723429	0.184121	3.047205	0.921625	
0.729323	0.211851	2.695780	0.581797	
0.296108	0.632308	1.657634	0.804260	
0.410095	0.409590	0.580455	0.573584	
0.599600	0.346032	1.381748	0.691386	
0.394036	0.585978	1.077362	0.420238	
0.285330	0.678629	1.750521	0.544909	
0.207621	0.735641	2.873195	0.534143	
0.650616	0.263975	1.732526	0.816211	
0.351381	0.668627	1.443384	0.000140	
0.251864	0.659048	1.865890	0.861800	
0.222543	0.741920	2.609298	0.000300	
0.163582	0.164908	0.234164	0.949528	
0.693828	0.327386	1.947649	0.000000	
0.587346	0.483045	0.850955	0.000025	
0.106966	0.106388	0.151653	0.980438	
0.019515	0.019513	0.027600	0.999301	
0.265383	0.265218	0.375438	0.848008	
0.037415	0.037412	0.052916	0.997259	
0.450666	0.572851	0.929829	0.003037	
0.758449	0.231999	2.527095	0.000021	
0.558598	0.396483	0.978991	0.483601	
0.755549	0.188215	3.352241	0.000356	
0.412642	0.408198	0.587164	0.577318	
0.758430	0.176384	3.359058	0.000357	
0.163601	0.164874	0.234078	0.949331	
0.319588	0.626697	1.379038	0.616694	
0.066256	0.066210	0.093736	0.991651	
0.728542	0.211239	2.698483	0.598406	
0.231297	0.738250	2.493542	0.000225	
0.661630	0.346268	1.484329	0.280249	
0.294714	0.674033	1.684223	0.510568	
0.582785	0.402574	1.090054	0.414015	
0.000000	0.000000	0.000000	1.025348	
0.248466	0.660573	1.875961	0.865876	
0.190009	0.738193	2.969354	0.610020	
0.597924	0.346857	1.372054	0.687302	
0.109308	0.109077	0.154754	0.977217	
0.386668	0.640812	1.253525	0.000142	
0.393296	0.567899	0.996986	0.458796	
0.268528	0.268344	0.379889	0.844071	
0.495340	0.530872	0.760754	0.003673	
0.690367	0.276796	1.858128	0.499236	
0.585743	0.483375	0.848152	0.000025	
0.364926	0.581478	1.101255	0.552626	
0.405394	0.572650	0.992685	0.395996	
0.425784	0.594578	0.983395	0.309908	
0.237591	0.735801	2.441372	0.000000	
0.457713	0.457370	0.647568	0.403691	
0.183875	0.728455	3.036037	0.865786	
0.641567	0.296655	1.559234	0.717754	
0.375724	0.649374	1.296094	0.003376	
0.558077	0.396993	0.977058	0.482930	
0.270790	0.688691	1.947141	0.590633	
0.029430	0.029422	0.041627	0.998460	
0.711157	0.287104	1.935754	0.000186	
0.728410	0.214156	2.661990	0.575031	
0.115516	0.115279	0.163541	0.974324	
0.174568	0.174165	0.247308	0.939010	
0.000000	0.000000	0.000000	1.005478	
0.745303	0.227153	2.543960	0.000182	
0.702883	0.269073	2.006537	0.445573	
0.500289	0.499834	0.707860	0.003853	
0.388990	0.561681	0.986070	0.492476	
0.758452	0.176315	3.360503	0.000357	
0.684008	0.226263	2.180513	0.885498	
0.575930	0.386085	1.051197	0.478158	
0.660217	0.362202	1.376563	0.008424	
0.297533	0.676059	1.669559	0.511761	
0.115597	0.115554	0.163513	0.973168	
0.214928	0.699335	2.390419	0.862348	
0.268479	0.268371	0.379766	0.843918	
0.346006	0.611513	1.241862	0.539716	
0.236590	0.736095	2.445856	0.008640	
0.443685	0.569610	0.954595	0.288551	
0.067230	0.067229	0.095077	0.990923	
0.600502	0.409729	1.054877	0.283070	
0.019518	0.019512	0.027607	0.999460	
0.344714	0.660407	1.543083	0.337364	
0.672819	0.286446	1.707217	0.603125	
0.457497	0.457489	0.647005	0.403494	
0.626897	0.342972	1.224012	0.681760	
0.066312	0.066181	0.093892	0.992579	
0.390624	0.558501	0.974012	0.492996	
0.115619	0.115545	0.163563	0.973345	
0.740392	0.225749	2.541927	0.000293	
0.279895	0.721316	2.506047	0.021304	
0.637825	0.360028	1.526707	0.465459	
0.703296	0.252225	2.087367	0.553012	
0.586093	0.424201	1.000264	0.221971	
0.557623	0.398139	0.981418	0.484445	
0.195572	0.731334	2.845083	0.673879	
0.704413	0.234238	2.247962	0.679297	
0.267036	0.645931	1.694426	0.818834	
0.415076	0.615700	1.129480	0.007060	
0.381046	0.611524	1.181058	0.379417	
0.168741	0.168546	0.238786	0.942151	
0.621568	0.412252	1.152593	0.000191	
0.461274	0.455043	0.657374	0.408407	
0.000000	0.000000	0.000000	1.000001	
0.357768	0.694963	1.482473	0.000002	
0.000000	0.000000	0.000000	1.000001	
0.367817	0.376281	0.538298	0.680462	
0.268528	0.268344	0.379889	0.844071	
0.029430	0.029422	0.041627	0.998460	
0.637058	0.390093	1.230296	0.001272	
0.668596	0.286940	1.694333	0.598808	
0.443311	0.702244	1.126860	0.000030	
0.176604	0.729490	3.145799	0.917017	
0.393296	0.567899	0.996986	0.458796	
0.620646	0.308218	1.396123	0.690773	
0.731333	0.204405	2.723630	0.592804	
0.115690	0.115504	0.163758	0.973987	
0.300644	0.704626	1.826554	0.010743	
0.330460	0.607296	1.376560	0.689130	
0.184154	0.758359	3.259359	0.009240	
0.582611	0.402731	1.089082	0.413747	
0.758430	0.176384	3.359058	0.000290	
0.520519	0.488343	0.763711	0.000146	
0.254093	0.713205	2.212249	0.454217	
0.558598	0.396483	0.978991	0.483601	
0.253015	0.658435	1.855086	0.857410	
0.117035	0.116986	0.165547	0.972497	
0.638233	0.371320	1.370331	0.320521	
0.187454	0.187225	0.265249	0.927914	
0.499506	0.500938	0.709891	0.008192	
0.216470	0.723287	2.533394	0.605079	
0.200274	0.762427	3.051086	0.000302	
0.000000	0.000000	0.000000	1.000001	
0.704413	0.234238	2.247962	0.679297	
0.734242	0.235747	2.591241	0.252761	
0.633457	0.307994	1.475161	0.685358	
0.695472	0.234575	2.190573	0.753801	
0.292033	0.710338	2.005373	0.000187	
0.453810	0.461927	0.663161	0.414650	
0.306343	0.617468	1.548926	0.803064	
0.372014	0.617982	1.197939	0.383488	
0.421469	0.606443	1.068681	0.003340	
0.031288	0.031278	0.044252	0.998234	
0.712922	0.231755	2.311182	0.606057	
0.067230	0.067229	0.095077	0.990923	
0.231689	0.734470	2.567604	0.280826	
0.362349	0.620582	1.238004	0.425753	
0.000000	0.000000	0.000000	1.911292	
0.678745	0.338769	1.532187	0.000377	
0.198510	0.200174	0.285110	0.924005	
0.332279	0.682491	1.566641	0.000192	
0.417992	0.571876	0.968988	0.329174	
0.115516	0.115279	0.163541	0.974324	
0.626283	0.320869	1.452044	0.653077	
0.236433	0.705675	2.254719	0.657273	
