0.695918	0.287176	1.821907	0.376234	
0.036243	0.036232	0.051261	0.997608	
0.508514	0.349018	0.901912	0.722057	
0.227475	0.739732	2.526828	0.002152	
0.359066	0.492874	0.836303	0.699019	
0.281166	0.283877	0.403404	0.830642	
0.180397	0.724405	2.997682	0.901936	
0.742139	0.235014	3.305812	0.000375	
0.472836	0.578366	0.869411	0.003316	
0.388155	0.604500	1.118795	0.354227	
0.674611	0.236333	2.041074	0.872381	
0.726981	0.182124	3.122810	0.897391	
0.139837	0.139796	0.197789	0.960290	
0.213109	0.212984	0.301455	0.905086	
0.472840	0.472364	0.668998	0.327740	
0.678640	0.339768	1.519696	0.000126	
0.119531	0.119444	0.169115	0.971532	
0.000000	0.000000	0.000000	1.000001	
0.283714	0.692317	1.827879	0.432245	
0.624121	0.407389	1.090785	0.315690	
0.247175	0.661401	1.910550	0.879954	
0.628123	0.375158	1.467504	0.458431	
0.153712	0.152505	0.218119	0.958382	
0.074934	0.074806	0.106054	0.990135	
0.208814	0.741076	3.077433	0.449586	
0.611390	0.477808	0.894436	0.000348	
0.266871	0.731641	3.390661	0.000538	
0.346395	0.675020	1.476766	0.000000	
0.743865	0.199432	3.168383	0.470149	
0.353298	0.646213	1.502072	0.412078	
0.780404	0.226852	2.676099	0.000161	
0.346148	0.673285	1.497912	0.005560	
0.601650	0.437546	1.165153	0.000021	
0.492868	0.512214	0.739086	0.002396	
0.695645	0.287648	1.817970	0.375476	
0.199088	0.742483	3.257573	0.534014	
0.068283	0.068265	0.096579	0.990803	
0.260127	0.260441	0.368465	0.854679	
0.220973	0.742290	2.601724	0.009511	
0.606612	0.390730	1.120390	0.329267	
0.000000	0.000000	0.000000	1.000001	
0.525004	0.351242	0.943239	0.698777	
0.673510	0.238596	2.017588	0.863406	
0.472714	0.472383	0.668724	0.327655	
0.197436	0.753353	3.391572	0.001127	
0.387549	0.576235	1.034063	0.460764	
0.726095	0.184867	3.068901	0.882738	
0.350987	0.481772	0.817453	0.732327	
0.418428	0.605679	1.254898	0.275813	
0.625336	0.378948	1.435241	0.449026	
0.166585	0.165387	0.236046	0.949364	
0.728601	0.210596	2.976794	0.689915	
0.213132	0.212976	0.301505	0.905176	
0.037456	0.037453	0.052974	0.997251	
0.273272	0.698063	1.917576	0.450590	
0.250599	0.659991	1.902411	0.876640	
0.140756	0.140719	0.199064	0.959744	
0.125361	0.125048	0.177395	0.969788	
0.672612	0.348224	1.471936	0.000000	
0.775316	0.233856	2.575350	0.006360	
0.755315	0.189347	3.322122	0.000443	
0.180401	0.724404	2.997605	0.901914	
0.737284	0.233163	2.446096	0.009819	
0.594550	0.412912	1.034078	0.300910	
0.280258	0.692447	1.849633	0.455821	
0.166445	0.165172	0.236168	0.949652	
0.039315	0.039312	0.055602	0.996974	
0.423267	0.582429	0.991012	0.249328	
0.735712	0.208938	2.708695	0.474718	
0.102672	0.102617	0.145212	0.979088	
0.000000	0.000000	0.000000	1.000001	
0.131428	0.131313	0.185938	0.965582	
0.678835	0.337454	1.531935	0.000127	
0.518500	0.366800	0.902140	0.652923	
0.680852	0.255700	1.878481	0.876716	
0.348062	0.509363	0.905853	0.724268	
0.757853	0.177974	3.325517	0.046554	
0.636983	0.351136	1.376009	0.431737	
0.180401	0.724404	2.997605	0.901914	
0.604859	0.482587	0.888461	0.000000	
0.460847	0.559451	0.880085	0.003298	
0.229302	0.739663	2.505571	0.002085	
0.165648	0.165443	0.234349	0.944681	
0.396623	0.596307	1.077680	0.344732	
0.695255	0.278484	1.875427	0.441955	
0.190615	0.190845	0.270002	0.925245	
0.241102	0.672554	2.012811	0.861582	
0.222881	0.733367	2.805221	0.463974	
0.179046	0.757964	3.399853	0.000385	
0.346388	0.674510	1.537830	0.000127	
0.369621	0.593270	1.123668	0.490708	
0.288628	0.289938	0.410968	0.818252	
0.153903	0.152711	0.218108	0.958385	
0.341947	0.676604	1.533356	0.000272	
0.757853	0.177974	3.325517	0.046554	
0.131428	0.131313	0.185939	0.965584	
0.063698	0.063586	0.090208	0.993315	
0.141497	0.141444	0.200114	0.959383	
0.738953	0.206493	2.752817	0.426697	
0.037415	0.037412	0.052916	0.997259	
0.357149	0.616115	1.316975	0.518533	
0.712673	0.283185	1.930460	0.007951	
0.682690	0.257103	1.879213	0.859040	
0.175683	0.758646	3.384826	0.000537	
0.232553	0.737514	2.460182	0.009036	
0.204502	0.743750	3.162738	0.434269	
0.286866	0.689436	1.794981	0.444242	
0.482269	0.458042	0.690567	0.387836	
0.281338	0.633172	1.617897	0.818953	
0.696327	0.280633	1.874569	0.417379	
0.593191	0.434296	1.018342	0.013469	
0.463414	0.388458	0.720214	0.621459	
0.333314	0.332103	0.472390	0.748681	
0.000000	0.000000	0.000000	1.017000	
0.379433	0.477216	0.762739	0.645286	
0.757404	0.179616	3.292781	0.000373	
0.494135	0.510038	0.733009	0.002700	
0.587575	0.388738	1.061749	0.429200	
0.230487	0.230298	0.326120	0.888056	
0.415953	0.579816	0.994662	0.307136	
0.641416	0.352791	1.380899	0.392134	
0.694948	0.279083	1.871769	0.441206	
0.126378	0.126186	0.178860	0.968548	
0.000000	0.000000	0.000000	1.001754	
0.323764	0.656513	1.705913	0.563323	
0.467216	0.461392	0.662613	0.382034	
0.585472	0.407056	1.025733	0.333128	
0.634496	0.355018	1.314471	0.400203	
0.437972	0.580139	0.998174	0.193794	
0.333414	0.332033	0.472571	0.748842	
0.175683	0.758648	3.384826	0.000537	
0.757853	0.177974	3.325517	0.046554	
0.039215	0.039210	0.055460	0.997015	
0.229011	0.730380	2.493093	0.389400	
0.732163	0.244652	2.314467	0.033256	
0.228203	0.739426	2.517414	0.002145	
0.745294	0.195606	3.262642	0.483379	
0.670399	0.244846	1.954762	0.839447	
0.325032	0.639070	1.375026	0.670496	
0.290619	0.686627	1.765457	0.436502	
0.708138	0.291333	1.861590	0.021266	
0.227127	0.226916	0.321389	0.891600	
0.485846	0.401568	0.714580	0.647525	
0.103272	0.103263	0.146051	0.978503	
0.338361	0.678571	1.521955	0.004898	
0.596406	0.431465	1.032483	0.012968	
0.258573	0.665461	1.922260	0.821379	
0.369474	0.593362	1.123668	0.490708	
0.721845	0.226126	2.415610	0.541932	
0.692741	0.273354	1.889941	0.501911	
0.267221	0.695344	1.938122	0.520949	
0.370715	0.661763	1.471440	0.000000	
0.694565	0.313492	1.689983	0.029174	
0.401215	0.551105	0.936647	0.465311	
0.039215	0.039210	0.055460	0.997015	
0.000000	0.000000	0.000000	1.585897	
0.258680	0.725892	2.176224	0.035832	
0.605702	0.480924	0.894666	0.000000	
0.590842	0.416014	1.018517	0.297704	
0.333314	0.332103	0.472390	0.748681	
0.496442	0.506146	0.722834	0.002648	
0.190555	0.191106	0.270529	0.926393	
0.751019	0.201175	3.086713	0.000413	
0.350202	0.507146	0.895223	0.718242	
0.186671	0.730782	2.952643	0.759284	
0.576006	0.316509	1.241089	0.793000	
0.274357	0.652122	1.719907	0.769529	
0.669800	0.246026	1.943213	0.835050	
0.103272	0.103263	0.146051	0.978503	
0.643346	0.357050	1.381765	0.354737	
0.125527	0.125004	0.177704	0.970869	
0.293101	0.685299	1.752741	0.433813	
0.036012	0.035952	0.050958	0.998604	
0.694948	0.279083	1.871769	0.441206	
0.227143	0.226904	0.321413	0.891637	
0.424581	0.566098	0.943486	0.314207	
0.332584	0.602424	1.392842	0.718506	
0.595536	0.469959	0.914608	0.000000	
0.323664	0.660775	1.502012	0.419637	
0.367225	0.663997	1.478776	0.000000	
0.647673	0.380430	1.289021	0.007099	
0.182287	0.745750	3.233952	0.554615	
0.674282	0.334312	1.492489	0.398471	
0.260626	0.668036	1.907668	0.787203	
0.335250	0.331260	0.478994	0.754567	
0.280385	0.715663	2.028810	0.000000	
0.609347	0.387865	1.134944	0.332396	
0.529188	0.347113	0.963856	0.709764	
0.103270	0.103265	0.146051	0.978503	
0.433530	0.593895	1.007578	0.000000	
0.718035	0.211886	2.963501	0.856396	
0.748847	0.211508	3.217887	0.002292	
0.662404	0.260049	1.813142	0.785720	
0.125392	0.125027	0.177486	0.970055	
0.000000	0.000000	0.000000	1.017716	
0.321673	0.320558	0.455547	0.769398	
0.186889	0.186864	0.264307	0.927625	
0.753703	0.190405	3.086344	0.043514	
0.000000	0.000000	0.000000	1.000131	
0.452818	0.469006	0.675528	0.406831	
