0.449003	0.609749	0.979357	0.000000	
0.658536	0.248472	1.866252	0.874216	
0.000000	0.000000	0.000000	1.000135	
0.097289	0.096880	0.137813	0.983640	
0.758371	0.177285	3.360950	0.002888	
0.248431	0.656447	1.854932	0.884854	
0.443157	0.358412	0.716174	0.726411	
0.108280	0.108224	0.153175	0.976631	
0.435647	0.510054	0.808561	0.427302	
0.354842	0.632600	1.482665	0.507077	
0.175392	0.175147	0.248228	0.937480	
0.249989	0.249451	0.353959	0.867691	
0.695073	0.282080	1.846666	0.432866	
0.737235	0.213107	3.244072	0.569779	
0.279095	0.719792	2.308115	0.002037	
0.394738	0.892498	1.633396	0.000000	
0.029909	0.029902	0.042302	0.998376	
0.739969	0.227270	2.535710	0.002219	
0.212239	0.730560	2.649253	0.541988	
0.146998	0.146487	0.208261	0.958291	
0.237165	0.742091	2.451259	0.000000	
0.442709	0.586911	1.017432	0.008655	
0.555798	0.420021	0.921670	0.372688	
0.061839	0.061860	0.087499	0.992540	
0.650330	0.379049	1.359599	0.017539	
0.202958	0.751994	3.389072	0.028004	
0.517566	0.495652	0.738857	0.000000	
0.350472	0.534147	0.976928	0.690428	
0.617889	0.360502	1.317032	0.503993	
0.747883	0.217473	3.371883	0.002897	
0.332918	0.329264	0.473559	0.756137	
0.279450	0.681573	1.806380	0.570473	
0.249590	0.657996	1.858761	0.871128	
0.588193	0.341737	1.213711	0.654117	
0.473929	0.607297	0.921456	0.000000	
0.176822	0.174435	0.251919	0.945448	
0.298087	0.305109	0.437105	0.811716	
0.000000	0.000000	0.000000	1.000199	
0.530301	0.483498	0.783696	0.001994	
0.741347	0.198340	3.246693	0.570215	
0.726411	0.237532	2.338477	0.360298	
0.042752	0.042741	0.060467	0.996518	
0.758170	0.177917	3.347755	0.002877	
0.635463	0.375127	1.249527	0.256553	
0.033086	0.033061	0.046809	0.998324	
0.499632	0.420432	0.775901	0.482224	
0.580986	0.431340	0.966171	0.237751	
0.684843	0.277051	1.824401	0.556733	
0.361474	0.438541	0.696370	0.713357	
0.444789	0.582026	0.977259	0.000000	
0.244684	0.732365	2.329705	0.001965	
0.294931	0.715611	2.105283	0.000000	
0.343789	0.682709	1.502598	0.000000	
0.210848	0.743244	2.902267	0.311765	
0.188981	0.755496	3.358715	0.000024	
0.615328	0.302853	1.395171	0.733714	
0.128602	0.128031	0.182188	0.969322	
0.275141	0.721716	2.018483	0.000000	
0.540638	0.419904	0.881216	0.412394	
0.000000	0.000000	0.000000	2.003869	
0.664253	0.247184	1.918027	0.878927	
0.357020	0.527614	0.944301	0.673762	
0.508211	0.484001	0.740155	0.178421	
0.353454	0.667985	1.454562	0.000000	
0.250769	0.657396	1.845081	0.865501	
0.740933	0.200091	3.257954	0.572090	
0.035400	0.035396	0.050066	0.997563	
0.425379	0.603074	1.061658	0.000000	
0.135342	0.135422	0.191608	0.963145	
0.474009	0.606984	0.920769	0.000000	
0.753185	0.197947	3.346582	0.000031	
0.590130	0.339574	1.227299	0.659833	
0.076462	0.076550	0.108316	0.988970	
0.232833	0.726011	2.918937	0.593221	
0.695419	0.298010	1.766144	0.272196	
0.321236	0.606991	1.303732	0.673577	
0.507823	0.379025	0.849833	0.644334	
0.490414	0.485212	0.696637	0.230879	
0.219050	0.218975	0.309851	0.899197	
0.188989	0.755531	3.358707	0.000024	
0.677309	0.334309	1.574865	0.250464	
0.272910	0.728740	2.375652	0.000000	
0.758192	0.177851	3.349128	0.002724	
0.644350	0.351417	1.475183	0.446696	
0.007284	0.007281	0.010303	1.000110	
0.409896	0.368242	0.618036	0.691412	
0.223251	0.748234	2.596931	0.000000	
0.695245	0.269009	1.939392	0.538302	
0.293737	0.711191	1.870053	0.004273	
0.758200	0.177837	3.350432	0.002725	
0.729421	0.172223	3.185186	0.922253	
0.033086	0.033061	0.046809	0.998324	
0.601906	0.472412	0.903422	0.000000	
0.128603	0.128031	0.182188	0.969322	
0.428602	0.599929	1.050442	0.000001	
0.473320	0.608878	0.925070	0.030428	
0.256756	0.653743	1.792018	0.847752	
0.076397	0.076675	0.108616	0.990538	
0.660307	0.249126	1.865533	0.874047	
0.201592	0.201379	0.285262	0.915893	
0.661345	0.361221	1.380651	0.000848	
0.391951	0.564369	1.026645	0.504230	
0.176027	0.758689	3.366921	0.000032	
0.718007	0.260487	2.293138	0.353971	
0.219675	0.733041	2.740713	0.490136	
0.363185	0.653755	1.440594	0.236073	
0.652039	0.371479	1.276847	0.339476	
0.250362	0.249286	0.354835	0.868948	
0.188989	0.755531	3.358707	0.000024	
0.332919	0.329264	0.473560	0.756138	
0.657109	0.368863	1.380522	0.000848	
0.735552	0.215052	2.959205	0.522471	
0.445115	0.718693	1.189405	0.000000	
0.127633	0.129532	0.184330	0.976067	
0.232857	0.726001	2.918478	0.593133	
0.636503	0.280245	1.693454	0.848222	
0.224975	0.741245	2.556241	0.000024	
0.701374	0.281921	1.891017	0.350779	
0.340588	0.685034	1.523645	0.000000	
0.736543	0.235689	2.429871	0.019504	
0.557977	0.454389	0.890061	0.164128	
0.433519	0.594960	1.026509	0.000582	
0.249192	0.658158	1.859512	0.871437	
0.276929	0.709266	1.970109	0.272666	
0.480529	0.477583	0.682013	0.290531	
0.593276	0.420598	1.007528	0.284816	
0.084787	0.084993	0.120325	0.987100	
0.247269	0.732987	2.307031	0.004122	
0.054851	0.054836	0.077580	0.994147	
0.257377	0.678062	1.923340	0.720958	
0.585805	0.417329	1.010588	0.272056	
0.384599	0.556397	0.979127	0.521590	
0.305662	0.298776	0.436267	0.811736	
0.652820	0.263081	1.742391	0.821238	
0.219904	0.731506	2.521384	0.554762	
0.675740	0.298139	1.679983	0.477286	
0.108514	0.108096	0.153799	0.978864	
0.431113	0.596748	1.032876	0.000000	
0.358047	0.645969	1.354823	0.309125	
0.188983	0.755506	3.358598	0.027764	
0.369267	0.657187	1.398180	0.000014	
0.728563	0.174351	3.141702	0.910305	
0.431665	0.366511	0.672765	0.697898	
0.500892	0.499624	0.709188	0.002282	
0.741777	0.223157	2.590683	0.002264	
0.651910	0.376376	1.346587	0.000000	
0.231118	0.739444	2.618853	0.000000	
0.189033	0.755487	3.357555	0.021902	
0.306010	0.702295	1.879900	0.001705	
0.757680	0.179127	3.297963	0.000031	
0.202964	0.202850	0.287116	0.914319	
0.210683	0.735086	2.694644	0.493573	
0.678006	0.338536	1.522652	0.000000	
0.664909	0.245280	1.915497	0.877957	
0.249232	0.658137	1.859138	0.871283	
0.345745	0.322602	0.507614	0.787682	
0.135233	0.135682	0.192398	0.965403	
0.340390	0.640744	1.428763	0.477011	
0.084775	0.085020	0.120385	0.987391	
0.539301	0.433414	0.860773	0.356245	
0.479357	0.474390	0.682217	0.308539	
0.428602	0.599929	1.050442	0.000001	
0.702329	0.269286	1.962959	0.456523	
0.738187	0.211625	2.666735	0.468851	
0.601956	0.472397	0.903527	0.000000	
0.395957	0.391225	0.563299	0.623654	
0.636481	0.283202	1.671992	0.839241	
0.296469	0.678285	1.699414	0.502533	
0.578273	0.428758	0.970683	0.236990	
0.757041	0.181422	3.276200	0.002819	
0.189202	0.754366	3.109815	0.000029	
0.589921	0.468406	0.889129	0.206858	
0.708964	0.440808	1.148366	0.000000	
0.247513	0.730871	2.285074	0.000000	
0.199095	0.714974	2.868321	0.920255	
0.452215	0.467853	0.673096	0.410328	
0.306254	0.299246	0.437179	0.811172	
0.263859	0.651771	1.733500	0.819916	
0.397244	0.881856	1.602191	0.000000	
0.729615	0.180450	3.051089	0.839560	
0.688316	0.306250	1.755930	0.329116	
0.532430	0.482967	0.793967	0.015829	
0.692324	0.302006	1.732119	0.277966	
0.202975	0.202839	0.287157	0.914385	
0.404244	0.603857	1.097127	0.266133	
0.665300	0.244541	1.922688	0.880873	
0.337136	0.680088	1.531568	0.000000	
0.737821	0.212494	2.654200	0.466811	
0.221789	0.730707	2.698812	0.500374	
0.233884	0.738257	2.579961	0.000000	
0.432604	0.579403	0.947962	0.332933	
0.176381	0.758577	3.359517	0.000573	
0.737048	0.234539	2.443983	0.019607	
0.591246	0.447029	0.959433	0.227092	
0.412038	0.366847	0.624787	0.695999	
0.641195	0.388537	1.283108	0.057251	
0.255564	0.708806	2.193360	0.506780	
0.730278	0.219344	2.532521	0.582281	
0.204673	0.204533	0.289561	0.912881	
0.493214	0.511649	0.737156	0.000000	
