0.000212	0.354381	0.021625	0.389119	9.497651	
0.334722	0.008001	0.302285	0.003850	9.268562	
0.890031	0.839700	0.789531	0.104078	4.970692	
0.864222	0.835791	0.841261	0.833525	3.299508	
0.000211	0.343253	0.293236	0.010290	9.276338	
0.882706	0.857905	0.271477	0.116343	6.002796	
0.681808	0.668500	0.002416	0.655086	7.959383	
0.025859	0.632313	0.020857	0.902046	7.894093	
0.802223	0.109013	0.783776	0.931990	5.290840	
0.000204	0.666503	0.663234	0.672965	8.003662	
0.000116	0.000000	0.295074	0.000001	9.617613	
0.896283	0.013237	0.016646	0.655086	7.749363	
0.934037	0.001053	0.835805	0.823734	5.207200	
0.767328	0.805805	0.913757	0.144851	5.160885	
0.028069	0.621275	0.958028	0.002127	8.274509	
0.863869	0.143498	0.902776	0.767034	5.016841	
0.004701	0.005484	0.643982	0.930741	7.986848	
0.342737	0.000008	0.017542	0.309377	9.291586	
0.657784	0.039807	0.929153	0.015958	7.821198	
0.000012	0.000123	0.774482	0.003166	8.804867	
0.008738	0.863440	0.000000	0.285333	7.892650	
0.298371	0.000000	0.000000	0.000000	9.622525	
0.000000	0.000000	0.343825	0.328271	9.350170	
0.000000	0.000000	0.000000	0.000000	10.000099	
0.055098	0.802044	0.830561	0.926253	5.168890	
0.000001	0.000205	0.000224	0.289329	9.594071	
0.000036	0.754922	0.002789	0.000016	8.688406	
0.129820	0.911990	0.781929	0.809308	5.144458	
0.658886	0.003085	0.035710	0.930840	7.844648	
0.637436	0.910898	0.040887	0.044741	7.828876	
0.766607	0.000007	0.000003	0.000000	8.613571	
0.000204	0.899523	0.661262	0.009398	7.735860	
0.000040	0.288758	0.000000	0.000014	9.594211	
0.814538	0.908984	0.140872	0.779785	5.048487	
0.964972	0.668068	0.001346	0.034978	8.002390	
0.676324	0.660833	0.664018	0.000503	7.992715	
0.001283	0.000008	0.848113	0.651852	7.750419	
0.000001	0.000008	0.000000	0.767042	8.719392	
0.190386	0.796656	0.930514	0.772840	5.158112	
0.304107	0.289405	0.000001	0.010673	9.197797	
0.799964	0.877971	0.771379	0.100468	5.164875	
0.783117	0.801963	0.088405	0.892340	5.147394	
0.871404	0.003524	0.379440	0.036001	8.041957	
0.672582	0.004176	0.669746	0.668971	7.997508	
0.334722	0.000027	0.299114	0.003181	9.274250	
0.000204	0.673558	0.661262	0.009398	8.648119	
0.882333	0.863235	0.277549	0.217644	5.929020	
0.000001	0.000008	0.000000	0.773995	8.678835	
0.000922	0.344290	0.000012	0.394952	9.515312	
0.000070	0.000008	0.000000	0.274881	9.581322	
0.016207	0.291578	0.140872	0.020877	9.284678	
0.129820	0.911990	0.783348	0.832703	5.062311	
0.000012	0.000123	0.774482	0.020885	8.551336	
0.000204	0.672238	0.663234	0.669399	7.988233	
0.894713	0.013237	0.001405	0.655086	7.764893	
0.897144	0.102180	0.302326	0.006568	7.824217	
0.866218	0.667337	0.036866	0.000013	7.692275	
0.000554	0.835791	0.018924	0.278247	8.036719	
0.303514	0.013568	0.000000	0.010709	9.588789	
0.934037	0.001053	0.835805	0.823734	5.207200	
0.664219	0.000205	0.034795	0.930794	7.810715	
0.797996	0.109013	0.938226	0.847906	5.372812	
0.657784	0.018444	0.929153	0.000023	7.872240	
0.054578	0.802044	0.834934	0.893994	5.037758	
0.892254	0.800385	0.158218	0.877820	4.808044	
0.000211	0.892841	0.293236	0.010290	7.941172	
0.025859	0.638508	0.020857	0.902698	7.860488	
0.861895	0.164027	0.902776	0.767034	4.971935	
0.004398	0.805805	0.913757	0.144851	7.038680	
0.868583	0.835791	0.841261	0.833525	3.298955	
0.766607	0.000007	0.000018	0.000000	8.613983	
0.890031	0.839700	0.789531	0.155551	4.854417	
0.003845	0.000000	0.000876	0.000000	9.995823	
0.310556	0.811513	0.004527	0.282556	7.601766	
0.000001	0.009896	0.924817	0.767042	7.183804	
0.004685	0.005484	0.773909	0.932775	7.075301	
0.188563	0.796656	0.930514	0.851255	4.893276	
0.767328	0.805805	0.918730	0.165067	5.140134	
0.012497	0.138701	0.288742	0.010290	9.295977	
0.000116	0.006111	0.297045	0.674716	8.908960	
0.325112	0.692525	0.021043	0.000148	8.765632	
0.802138	0.916534	0.038916	0.778825	5.360039	
0.799964	0.877971	0.771788	0.100468	5.163177	
0.802223	0.079471	0.783776	0.933529	5.368061	
0.000036	0.751820	0.002711	0.000001	8.708656	
0.342737	0.000008	0.000000	0.309377	9.310143	
0.692941	0.667337	0.664018	0.000013	7.919954	
0.003845	0.000000	0.000003	0.000000	9.996653	
0.818383	0.134796	0.794500	0.890922	4.918139	
0.814538	0.252419	0.144364	0.779785	6.210536	
0.014480	0.004177	0.862559	0.000014	8.287409	
0.863869	0.149694	0.902776	0.767686	5.003117	
0.019970	0.005484	0.035811	0.934258	8.447021	
0.347706	0.640176	0.000000	0.307849	8.840370	
0.285807	0.000000	0.000000	0.900421	7.978571	
0.890031	0.839700	0.854160	0.158400	4.842893	
0.055098	0.899456	0.832236	0.926253	5.132260	
0.300997	0.143600	0.882150	0.018596	7.633218	
0.786193	0.801963	0.121345	0.892340	5.053537	
0.000331	0.849756	0.000000	0.285333	7.962223	
