0.851628	0.853017	0.874169	0.836831	3.261804	
0.000010	0.010606	0.291675	0.280393	9.171424	
0.369038	0.000005	0.000012	0.275403	9.335383	
0.001833	0.766849	0.000004	0.000047	8.693407	
0.000159	0.680794	0.671748	0.664494	8.094640	
0.802676	0.830740	0.040075	0.919543	5.162520	
0.026459	0.675921	0.004493	0.915202	7.658909	
0.320305	0.889620	0.032730	0.001731	7.940223	
0.019879	0.021459	0.883111	0.638479	7.809909	
0.303139	0.001159	0.302030	0.000170	9.221582	
0.779664	0.100265	0.794679	0.900094	5.194024	
0.636011	0.003542	0.003287	0.885740	7.879484	
0.296848	0.003721	0.000002	0.000880	9.599555	
0.858333	0.224083	0.263416	0.877037	5.788747	
0.924125	0.030822	0.654652	0.009680	7.840379	
0.677056	0.686502	0.000014	0.646296	7.929706	
0.001561	0.000009	0.758427	0.000202	8.692698	
0.000000	0.000000	0.000000	0.000000	10.000098	
0.185727	0.786186	0.901709	0.787769	5.011874	
0.183908	0.889620	0.892842	0.284137	5.920058	
0.881409	0.630535	0.009872	0.015914	7.881197	
0.297888	0.312145	0.000178	0.000735	9.261719	
0.886426	0.000022	0.054189	0.324025	7.943937	
0.937954	0.840643	0.789016	0.011595	5.343616	
0.000005	0.299533	0.377168	0.007829	9.458460	
0.759452	0.000516	0.001648	0.000826	8.656688	
0.189998	0.887936	0.164165	0.860432	5.943549	
0.018572	0.030875	0.654652	0.879708	7.681560	
0.001165	0.682106	0.925958	0.000202	7.726697	
0.854522	0.844636	0.096105	0.804160	4.875960	
0.044928	0.889620	0.032730	0.277423	7.821301	
0.000010	0.229713	0.000004	0.277123	9.164075	
0.907540	0.121093	0.784865	0.797479	5.137375	
0.804916	0.944252	0.129083	0.798376	5.200061	
0.665264	0.677763	0.663238	0.000047	7.964118	
0.018830	0.845275	0.361105	0.011365	8.078047	
0.873213	0.907629	0.291675	0.241066	5.884933	
0.189998	0.875635	0.800710	0.789875	4.991447	
0.625522	0.000001	0.927679	0.022605	8.072550	
0.000010	0.000245	0.000004	0.275470	9.582201	
0.217408	0.226174	0.869761	0.865756	5.792988	
0.671239	0.000453	0.684406	0.643097	8.019750	
0.181900	0.876057	0.800710	0.857501	4.828005	
0.000039	0.304204	0.000004	0.001896	9.697818	
0.000041	0.004534	0.304361	0.000048	9.615990	
0.001704	0.000089	0.000029	0.753119	8.742022	
0.184568	0.786186	0.901688	0.016313	6.498771	
0.301424	0.001603	0.302949	0.000170	9.219791	
0.779995	0.786139	0.874901	0.121266	5.127652	
0.881409	0.630535	0.009872	0.007750	7.887912	
0.008529	0.762554	0.000492	0.000713	8.628652	
0.171366	0.224797	0.863690	0.868630	5.876599	
0.854522	0.844636	0.096105	0.804160	4.875960	
0.000927	0.004375	0.000002	0.010150	9.984765	
0.880910	0.133634	0.850553	0.256155	5.957094	
0.219680	0.889620	0.892842	0.284137	5.873744	
0.001542	0.001322	0.758427	0.000202	8.755555	
0.010913	0.000245	0.870166	0.273961	7.884047	
0.628286	0.031097	0.907625	0.021701	7.928088	
0.285839	0.008433	0.000012	0.264483	9.187310	
0.007376	0.666368	0.008330	0.915202	7.781638	
0.905611	0.826427	0.796381	0.241405	4.772116	
0.858333	0.230948	0.251413	0.877037	5.816615	
0.189998	0.876057	0.800710	0.857501	4.813780	
0.000022	0.299333	0.361105	0.007829	9.415959	
0.880581	0.904248	0.310926	0.242276	5.912923	
0.851628	0.853017	0.874169	0.836983	3.261424	
0.189998	0.895759	0.163900	0.857501	5.964183	
0.185915	0.786186	0.849984	0.787845	4.977691	
0.000076	0.290215	0.000023	0.000009	9.596053	
0.759452	0.000516	0.006470	0.000826	8.651545	
0.881131	0.078588	0.058557	0.299883	7.715348	
0.001768	0.877624	0.304361	0.034277	7.889637	
0.899791	0.886009	0.031191	0.860444	4.974471	
0.672624	0.030915	0.003287	0.877392	7.573360	
0.779664	0.134598	0.784884	0.900094	5.159410	
0.002007	0.032537	0.001449	0.789388	8.581223	
0.845876	0.109820	0.933419	0.790171	5.114635	
0.320305	0.028051	0.032730	0.009655	9.553279	
0.320305	0.280796	0.028791	0.000742	9.217251	
0.320305	0.889620	0.032730	0.000749	7.941580	
0.826186	0.944252	0.129083	0.804286	5.105833	
0.000010	0.000245	0.000004	0.274370	9.581430	
0.907540	0.121093	0.832794	0.798674	4.958022	
0.044928	0.889620	0.021958	0.277423	7.837515	
0.000010	0.230004	0.000004	0.275470	9.162760	
0.812093	0.830740	0.040075	0.919543	5.133677	
0.001768	0.004616	0.304361	0.269186	9.185552	
0.000179	0.000022	0.290608	0.000206	9.597585	
0.297538	0.008581	0.892842	0.284677	7.535810	
0.876737	0.000022	0.304518	0.038138	7.891958	
0.045670	0.762554	0.000492	0.001300	8.579387	
0.004070	0.000503	0.852907	0.266356	8.109174	
0.188012	0.889620	0.032730	0.867465	6.240822	
0.802676	0.830740	0.004385	0.919543	5.212807	
0.000022	0.299333	0.361105	0.001880	9.559101	
0.853927	0.899469	0.032730	0.000749	6.636318	
0.671239	0.000453	0.671782	0.655464	8.028748	
0.301424	0.030283	0.302949	0.000170	9.182563	
0.001289	0.329245	0.000001	0.000392	9.714489	
