0.084689	0.869193	0.746416	0.879945	5.233489	
0.000070	0.000037	0.264887	0.258796	9.158916	
0.041764	0.255116	0.851656	0.331226	7.487875	
0.650977	0.633160	0.648210	0.650389	7.978929	
0.000865	0.006553	0.015949	0.626165	10.047011	
0.000033	0.009140	0.884643	0.856308	6.632011	
0.001500	0.006947	0.000025	0.219763	9.743503	
0.000865	0.010801	0.000073	0.881162	8.315949	
0.250064	0.269496	0.014427	0.278156	8.720171	
0.893147	0.611405	0.660721	0.012792	7.410112	
0.780286	0.925731	0.747387	0.715969	4.714154	
0.881325	0.003207	0.002566	0.870977	6.640303	
0.000400	0.210420	0.001513	0.000442	9.595755	
0.621482	0.355837	0.050155	0.830320	7.735616	
0.215362	0.000006	0.000032	0.000392	9.592414	
0.733134	0.868983	0.860283	0.090621	5.296739	
0.001606	0.916444	0.000239	0.000001	8.433941	
0.862980	0.085422	0.739058	0.888572	5.298488	
0.001207	0.715244	0.340439	0.000368	8.649928	
0.871169	0.001109	0.874664	0.011317	6.615969	
0.000000	0.000000	0.000000	0.000000	10.197614	
0.000705	0.623680	0.000745	0.000200	9.676431	
0.879427	0.731175	0.874273	0.084743	5.345946	
0.002488	0.270216	0.295969	0.828634	7.563347	
0.738129	0.023096	0.000084	0.007512	8.821528	
0.356854	0.719424	0.000746	0.000169	8.659002	
0.875110	0.873635	0.093068	0.745595	5.217370	
0.002102	0.265468	0.011166	0.268575	9.139880	
0.095213	0.736965	0.882101	0.864140	5.276338	
0.881437	0.726148	0.116566	0.895281	5.353254	
0.714046	0.000104	0.013343	0.309625	8.585021	
0.936008	0.003504	0.020786	0.005375	8.502918	
0.264960	0.000096	0.274861	0.000114	9.243465	
0.857191	0.003366	0.350171	0.305630	7.625335	
0.000070	0.005261	0.729345	0.305937	8.511633	
0.750025	0.735786	0.767882	0.890849	4.490038	
0.002497	0.746137	0.000746	0.313977	8.400957	
0.006259	0.862036	0.003399	0.862372	6.605716	
0.022200	0.012410	0.905213	0.018314	8.338789	
0.332689	0.326205	0.857579	0.000068	7.625208	
0.262129	0.012006	0.265946	0.324025	8.789987	
0.004711	0.255991	0.265585	0.000091	9.164865	
0.742862	0.073706	0.887664	0.871904	5.300382	
0.747666	0.727970	0.971720	0.739064	5.228400	
0.633257	0.906491	0.622499	0.001795	7.587144	
0.000086	0.353009	0.011124	0.733223	8.537123	
0.248475	0.013868	0.860208	0.313566	7.493718	
0.851948	0.248029	0.002914	0.291309	7.506785	
0.368648	0.000172	0.743688	0.000004	8.579395	
0.761658	0.874985	0.086419	0.872467	5.126375	
0.887159	0.873589	0.740124	0.074580	5.318157	
0.258478	0.244212	0.253947	0.000132	8.764308	
0.641629	0.916964	0.000010	0.643579	7.443271	
0.880354	0.090394	0.878303	0.729869	5.349188	
0.020405	0.257743	0.306066	0.282316	8.765954	
0.727400	0.000000	0.297138	0.000004	8.538119	
0.950769	0.748071	0.742789	0.745976	4.873452	
0.001352	0.869807	0.891273	0.000459	6.659204	
0.364790	0.000008	0.010547	0.727018	8.624636	
0.079720	0.879806	0.872081	0.743372	5.269470	
0.003098	0.000889	0.660753	0.000441	9.413332	
0.877087	0.866924	0.001228	0.002044	6.626391	
0.001480	0.353687	0.730509	0.000584	8.578240	
0.731637	0.355837	0.000002	0.000000	8.567624	
0.000016	0.000518	0.340333	0.732225	8.526620	
0.249716	0.000033	0.317083	0.850496	7.518685	
0.263684	0.277463	0.000408	0.000139	9.160813	
0.006985	0.842281	0.313526	0.284264	7.529222	
0.257414	0.000005	0.000463	0.254446	9.149308	
0.000070	0.000124	0.226579	0.000048	9.765410	
0.633257	0.906491	0.622499	0.000001	7.589007	
0.747666	0.730280	0.884146	0.774622	4.496672	
0.004161	0.713878	0.000661	0.295996	8.577115	
0.000865	0.012006	0.038929	0.014137	9.921224	
0.714046	0.000104	0.000541	0.305630	8.593056	
0.088303	0.731883	0.861731	0.865122	5.308781	
0.000217	0.257743	0.306066	0.282316	8.790123	
0.007289	0.242425	0.313292	0.832127	7.534236	
0.880156	0.730973	0.883295	0.089593	5.355237	
0.741774	0.875107	0.086419	0.866035	5.252843	
0.879427	0.018632	0.877022	0.086256	6.491795	
0.000536	0.000241	0.218977	0.000433	9.587600	
0.263684	0.260205	0.000408	0.000213	9.152149	
0.072975	0.879806	0.872081	0.743372	5.282994	
0.637599	0.632989	0.648210	0.650389	8.017054	
0.000016	0.000896	0.340333	0.732225	8.525975	
0.007648	0.712373	0.340439	0.000414	8.664531	
0.000865	0.006553	0.017158	0.626165	9.584001	
0.240071	0.022731	0.310216	0.298939	8.793440	
0.001594	0.006689	0.000034	0.219934	9.922893	
0.062810	0.063401	0.656259	0.002637	9.209357	
0.893147	0.613930	0.660721	0.012708	7.396190	
0.881437	0.720697	0.116566	0.895281	5.393362	
0.236456	0.000037	0.259277	0.850496	7.566264	
0.699923	0.280839	0.851680	0.096703	6.806987	
0.001658	0.862036	0.003399	0.862372	6.610768	
0.590312	0.039109	0.791283	0.260819	7.807785	
0.875110	0.873635	0.093068	0.745754	5.216238	
0.258478	0.000008	0.030268	0.002209	9.533470	
0.714046	0.000104	0.000084	0.096426	8.861905	
0.000304	0.623680	0.000006	0.007251	9.678448	
0.022200	0.000000	0.905213	0.018398	8.350465	
0.736042	0.068412	0.866624	0.880706	5.341376	
0.002102	0.265468	0.008857	0.268575	9.262322	
0.184238	0.764632	0.883295	0.238791	6.239305	
0.000400	0.210420	0.000771	0.000442	9.598834	
0.042179	0.000099	0.882326	0.257985	7.877133	
0.889721	0.012193	0.006777	0.000599	8.322532	
0.733134	0.868983	0.860283	0.095867	5.284247	
0.780286	0.925731	0.753736	0.701544	4.783567	
0.041764	0.255116	0.858015	0.330315	7.483692	
0.000911	0.255991	0.265585	0.000091	9.194526	
0.368648	0.000000	0.741515	0.000004	8.585607	
0.857191	0.027723	0.294956	0.301800	7.483514	
0.918652	0.339380	0.013711	0.222739	7.802995	
0.936002	0.739591	0.768166	0.745976	4.677337	
0.002664	0.006317	0.861029	0.866310	6.607630	
0.750025	0.736387	0.767882	0.890849	4.486204	
0.720421	0.014281	0.086419	0.871809	7.078548	
0.256812	0.000141	0.004499	0.254759	9.144237	
0.685384	0.355837	0.000012	0.830320	7.254550	
0.875166	0.128169	0.294956	0.003095	7.779249	
0.260358	0.728066	0.000746	0.000165	8.494447	
0.072975	0.879806	0.872081	0.642171	6.023204	
0.001756	0.911090	0.000239	0.000001	8.411029	
0.887159	0.872140	0.740124	0.096227	5.321609	
0.880354	0.089459	0.878303	0.729869	5.351350	
0.000070	0.000037	0.264887	0.254299	9.187064	
0.000302	0.353009	0.000055	0.733223	8.780395	
0.602244	0.000000	0.015256	0.752061	8.433226	
0.631793	0.918328	0.001348	0.643579	7.611039	
0.861176	0.245213	0.744850	0.808088	5.042991	
0.262835	0.004714	0.275993	0.000114	9.238001	
0.045340	0.042000	0.089741	0.861750	8.191384	
0.877087	0.879289	0.001097	0.002073	6.639431	
0.084689	0.906235	0.746416	0.868902	5.302713	
0.252634	0.260205	0.000035	0.235390	9.072792	
0.001480	0.353687	0.730509	0.004891	8.573710	
0.016257	0.640901	0.861029	0.311505	7.455104	
0.871169	0.897541	0.086182	0.743766	5.291145	
0.001714	0.265468	0.000074	0.279839	9.162760	
0.879512	0.737492	0.014115	0.220115	6.793049	
0.240101	0.021156	0.310105	0.000584	9.301311	
0.093186	0.000006	0.000032	0.000392	9.844401	
0.085454	0.255991	0.275962	0.000091	9.028495	
0.270351	0.728066	0.000014	0.007252	8.476700	
0.713301	0.886306	0.861461	0.095867	5.455380	
0.257414	0.244931	0.000463	0.129566	8.928273	
0.879427	0.731175	0.874191	0.318791	5.128665	
0.641629	0.916964	0.000010	0.744780	6.836309	
0.880354	0.090394	0.878303	0.728767	5.357354	
0.887159	0.899363	0.857482	0.074580	4.892691	
0.782725	0.918328	0.001348	0.867179	5.551722	
0.748859	0.737064	0.763305	0.847902	4.483369	
0.332010	0.731209	0.873228	0.083949	6.770344	
0.736042	0.071356	0.866624	0.879284	5.332940	
0.001594	0.006850	0.000034	0.219763	10.004361	
0.001364	0.228260	0.000278	0.842219	7.898606	
0.043378	0.715882	0.000084	0.090048	8.745938	
0.001500	0.008236	0.726217	0.216016	8.632886	
0.862438	0.003207	0.727183	0.888555	5.532059	
0.893147	0.613930	0.655832	0.278705	7.122592	
0.001085	0.000241	0.218977	0.000433	9.586951	
0.249716	0.000033	0.317083	0.850496	7.518685	
0.020779	0.004171	0.724574	0.005255	8.869116	
0.021344	0.862036	0.003399	0.004208	8.275314	
0.009889	0.000037	0.264887	0.132655	9.340022	
0.711921	0.004759	0.005627	0.305630	8.599616	
0.002664	0.025067	0.849507	0.737873	7.081344	
0.042798	0.355844	0.000002	0.005117	9.737304	
0.883199	0.734908	0.739349	0.784060	4.463109	
0.339726	0.000000	0.741515	0.000067	8.516236	
0.060526	0.875215	0.746182	0.878129	5.331509	
0.708347	0.732305	0.884643	0.780395	4.732407	
0.002520	0.000889	0.338930	0.732952	8.588976	
0.245949	0.265468	0.008404	0.853371	7.450234	
0.002488	0.238058	0.313292	0.832127	7.538339	
0.007376	0.842281	0.312667	0.693992	7.067635	
0.763776	0.824002	0.746713	0.096213	5.559374	
0.248475	0.013868	0.848316	0.315382	7.570283	
0.002651	0.879642	0.867323	0.782800	5.155162	
0.857191	0.004576	0.294956	0.305630	7.519602	
0.185283	0.764632	0.883229	0.757455	5.330399	
0.000865	0.007825	0.017475	0.645434	9.457978	
0.001493	0.000000	0.899214	0.007790	8.368409	
0.222177	0.872910	0.029635	0.723667	6.791687	
0.716070	0.023637	0.835920	0.000630	7.262579	
0.251517	0.244931	0.000463	0.251210	8.757488	
0.780286	0.925731	0.730372	0.701544	4.946201	
0.248475	0.014415	0.004335	0.313566	9.185953	
0.933170	0.000000	0.021138	0.005108	8.493867	
0.258479	0.012193	0.006777	0.129666	9.303588	
0.040441	0.000614	0.089741	0.861750	8.350817	
0.021026	0.873944	0.724574	0.000483	7.193524	
0.641629	0.015823	0.000546	0.643579	8.988155	
0.001480	0.353687	0.730206	0.004891	8.576936	
0.004044	0.737321	0.000661	0.295996	8.405690	
0.262835	0.662447	0.661262	0.277794	7.897572	
0.629503	0.082369	0.313533	0.007911	9.066829	
0.872771	0.720697	0.120243	0.895281	5.372498	
