0.871169	0.001109	0.874664	0.011317	6.615969	
0.095213	0.736965	0.882101	0.864140	5.276338	
0.000070	0.000124	0.617708	0.000048	9.840675	
0.879427	0.731175	0.874273	0.086256	5.342497	
0.000865	0.010801	0.000073	0.926037	8.469797	
0.733134	0.868983	0.860283	0.090621	5.296739	
0.880354	0.090394	0.878303	0.729869	5.349188	
0.881325	0.003207	0.002566	0.870977	6.640303	
0.001500	0.006947	0.000033	0.219763	9.743495	
0.000304	0.626126	0.000454	0.002973	9.675354	
0.893147	0.622867	0.660721	0.010582	7.355500	
0.747666	0.727970	0.971720	0.739064	5.228400	
0.332689	0.326205	0.857579	0.000068	7.625245	
0.022200	0.000000	0.905213	0.018398	8.350465	
0.741774	0.875107	0.086419	0.871809	5.257188	
0.262835	0.004714	0.275993	0.000114	9.238001	
0.004161	0.713878	0.000661	0.295996	8.577115	
0.249716	0.000033	0.317083	0.850496	7.518685	
0.000400	0.210420	0.001513	0.000442	9.595755	
0.862980	0.085422	0.739058	0.888572	5.298491	
0.000016	0.000896	0.340333	0.732225	8.527442	
0.364511	0.000889	0.005605	0.732952	8.649089	
0.006985	0.842281	0.313526	0.284264	7.529222	
0.356854	0.719424	0.000746	0.000169	8.659048	
0.000070	0.000037	0.264887	0.258796	9.175670	
0.950769	0.748071	0.742789	0.745976	4.873452	
0.633257	0.911090	0.658710	0.000001	7.367840	
0.000865	0.007763	0.017158	0.626165	9.697348	
0.877087	0.879289	0.001228	0.002044	6.639573	
0.000033	0.009140	0.884643	0.856308	6.632011	
0.263684	0.260205	0.000408	0.000213	9.152149	
0.001658	0.862036	0.003399	0.862372	6.610779	
0.002102	0.265468	0.011166	0.268575	9.139880	
0.714046	0.000104	0.000084	0.305630	8.593505	
0.000000	0.000000	0.000000	0.000000	10.197614	
0.248475	0.013868	0.860208	0.313566	7.493718	
0.881437	0.720697	0.116566	0.895281	5.393362	
0.000086	0.353009	0.011124	0.733223	8.537371	
0.637599	0.632989	0.648210	0.650389	8.017054	
0.728354	0.000000	0.335019	0.006245	8.575043	
0.256812	0.000141	0.004499	0.254759	9.144237	
0.780286	0.925731	0.753736	0.701544	4.784718	
0.004711	0.255991	0.265585	0.000091	9.164865	
0.602244	0.000000	0.000387	0.000389	9.785624	
0.887159	0.873589	0.740124	0.074580	5.318196	
0.631793	0.918328	0.001348	0.643579	7.611039	
0.001352	0.869807	0.891273	0.000459	6.659212	
0.750025	0.736387	0.767882	0.890849	4.486204	
0.731637	0.355837	0.000002	0.000000	8.567633	
0.851948	0.248029	0.002914	0.291309	7.506785	
0.084689	0.869193	0.746416	0.879945	5.233489	
0.215362	0.000006	0.000032	0.000392	9.600951	
0.368648	0.000000	0.741515	0.000004	8.585607	
0.020405	0.257743	0.306066	0.282316	8.765964	
0.742862	0.073706	0.887664	0.871904	5.300382	
0.001207	0.712373	0.340439	0.000414	8.671493	
0.250377	0.271682	0.014371	0.278097	8.723496	
0.001480	0.353687	0.730206	0.004891	8.576936	
0.256454	0.000001	0.267368	0.288341	8.744562	
0.017248	0.246232	0.318584	0.870007	7.502901	
0.001756	0.911090	0.000239	0.000001	8.411029	
0.857191	0.004576	0.294956	0.305630	7.519602	
0.880164	0.873635	0.098354	0.745596	5.212793	
0.072975	0.879806	0.872081	0.743372	5.282994	
0.245949	0.265468	0.008404	0.853371	7.450234	
0.021959	0.001566	0.756649	0.294329	8.321815	
0.000536	0.000241	0.218977	0.000433	9.587600	
0.041764	0.255116	0.851656	0.331226	7.487875	
0.889721	0.012193	0.006777	0.000599	8.322532	
0.348118	0.326205	0.253787	0.000006	8.926443	
0.861176	0.245213	0.744850	0.808088	5.042991	
0.733134	0.868983	0.860283	0.095867	5.284247	
0.720146	0.355837	0.000002	0.000004	8.652617	
0.763116	0.933610	0.753736	0.725674	4.852826	
0.747666	0.730280	0.884146	0.774622	4.496672	
0.001500	0.000021	0.009644	0.817802	8.361736	
0.767153	0.328483	0.856359	0.000979	6.574366	
0.236456	0.000037	0.259277	0.850496	7.566264	
0.880354	0.005016	0.591171	0.724069	7.126913	
0.084689	0.906235	0.746416	0.868902	5.302713	
0.001364	0.228260	0.000278	0.842219	7.898638	
0.750025	0.730701	0.769854	0.872119	4.482680	
0.258478	0.000008	0.268674	0.000154	9.151946	
0.641629	0.916964	0.000010	0.643579	7.443271	
0.877087	0.879289	0.001228	0.002044	6.639573	
0.258478	0.000008	0.030268	0.002209	9.533470	
0.000110	0.002952	0.597735	0.002458	9.759776	
0.072178	0.866991	0.884082	0.749717	5.244995	
0.580111	0.000000	0.000387	0.000389	9.845612	
0.723327	0.253323	0.015025	0.274951	8.046691	
0.257414	0.000141	0.000463	0.254446	9.178483	
0.000865	0.012006	0.038929	0.014137	9.921224	
0.002520	0.000889	0.338930	0.732952	8.588976	
0.000217	0.257743	0.306066	0.282316	8.790123	
0.060531	0.065857	0.656259	0.295150	8.812629	
0.248475	0.013868	0.801946	0.314375	7.620382	
0.364790	0.000008	0.010547	0.727018	8.624648	
0.001493	0.000000	0.899214	0.007790	8.368409	
0.000304	0.626126	0.015467	0.002929	9.628497	
0.260358	0.728066	0.000746	0.000165	8.494447	
0.018708	0.238058	0.318584	0.829477	7.533707	
0.720421	0.014281	0.086419	0.871809	7.078548	
0.883026	0.000000	0.001967	0.005712	8.323550	
0.000518	0.210420	0.000771	0.000502	9.668833	
0.250377	0.265468	0.006090	0.279856	8.731320	
0.007648	0.712373	0.340439	0.000414	8.664531	
0.918652	0.339380	0.013711	0.222739	7.802995	
0.000070	0.000037	0.264887	0.254299	9.187064	
0.872771	0.720697	0.120243	0.895281	5.372498	
0.001475	0.001792	0.215270	0.000161	9.646312	
0.736042	0.071356	0.866624	0.880706	5.335157	
0.262835	0.260205	0.317640	0.000213	8.787514	
0.887159	0.872140	0.740124	0.096227	5.321609	
0.651940	0.637445	0.640812	0.650389	7.941699	
0.761658	0.874985	0.086419	0.872467	5.126375	
0.007376	0.842281	0.312667	0.284264	7.527323	
0.000086	0.817038	0.007027	0.007871	8.360751	
0.893147	0.624070	0.653071	0.315082	7.062128	
0.875110	0.873635	0.093068	0.745754	5.216238	
0.000865	0.007825	0.017475	0.645434	9.457978	
0.880354	0.090394	0.880795	0.745557	5.241912	
0.000531	0.361908	0.730206	0.004917	8.789048	
0.257414	0.000037	0.259082	0.254446	8.849873	
0.880156	0.730973	0.883295	0.089593	5.355237	
0.004044	0.737321	0.000661	0.295996	8.405690	
0.222177	0.872910	0.029635	0.723667	6.791687	
0.728354	0.000000	0.333593	0.000026	8.578109	
0.088303	0.731883	0.861731	0.865122	5.308781	
0.041764	0.255116	0.858015	0.330315	7.483692	
0.936002	0.739591	0.768166	0.745976	4.677337	
0.001714	0.265468	0.000074	0.279839	9.162760	
0.002664	0.006317	0.861029	0.866310	6.607630	
0.847580	0.002688	0.877546	0.002174	6.628349	
0.184238	0.764632	0.883295	0.238791	6.239305	
0.257414	0.244931	0.000463	0.129566	8.928273	
0.339726	0.000000	0.741515	0.000067	8.516236	
0.001500	0.000021	0.000033	0.221163	9.593579	
0.000911	0.255991	0.265585	0.000091	9.194526	
0.355893	0.841886	0.322530	0.000169	7.683854	
0.781930	0.730701	0.038110	0.870435	5.882641	
0.000049	0.817038	0.007027	0.007871	8.360788	
0.678051	0.346898	0.881421	0.001974	7.271802	
0.062810	0.063401	0.656259	0.002637	9.209357	
0.060531	0.667163	0.656259	0.295150	8.256314	
0.042179	0.000099	0.882326	0.257985	7.877133	
0.602244	0.000000	0.015256	0.752061	8.433226	
0.872771	0.315967	0.119432	0.225089	7.303181	
0.880671	0.730973	0.874273	0.089593	5.338442	
0.001364	0.222933	0.000278	0.844505	7.899622	
0.883199	0.734908	0.739349	0.784060	4.463109	
0.085454	0.255991	0.275962	0.000091	9.028495	
0.742896	0.071356	0.886665	0.838566	5.313674	
0.263684	0.749554	0.001754	0.000213	8.297777	
0.243580	0.084345	0.259277	0.843830	7.426870	
0.184238	0.767737	0.311950	0.879682	6.203475	
0.002390	0.017518	0.877546	0.002172	8.325891	
0.215362	0.000006	0.000032	0.005582	9.587408	
0.837530	0.667163	0.640477	0.297993	6.785324	
0.240775	0.000001	0.292744	0.288341	8.823828	
0.313203	0.727527	0.885367	0.819628	5.212522	
0.000070	0.000889	0.337067	0.243678	9.295915	
0.781930	0.365222	0.000154	0.870435	6.834868	
0.000861	0.245310	0.000080	0.259622	9.148979	
0.001207	0.710703	0.341365	0.000414	8.698889	
0.339726	0.000000	0.741515	0.000115	8.466927	
0.871169	0.016712	0.870059	0.005014	6.600877	
0.000551	0.002330	0.255575	0.000430	9.645781	
0.925933	0.734729	0.011773	0.229702	6.911415	
0.020546	0.353687	0.724574	0.004891	8.586492	
0.001658	0.633842	0.003399	0.010680	9.546655	
0.346308	0.827017	0.323446	0.004876	7.685629	
0.263684	0.277463	0.000408	0.000139	9.160813	
0.002651	0.879642	0.867323	0.782800	5.155162	
0.741774	0.875107	0.006353	0.871809	5.399653	
0.257219	0.264560	0.000324	0.279856	8.768205	
0.000016	0.012024	0.911620	0.736216	7.217277	
0.841137	0.741269	0.084506	0.895281	5.312960	
0.841614	0.082369	0.313533	0.264743	7.385472	
0.602244	0.000000	0.000387	0.001958	9.782568	
0.931890	0.925731	0.768172	0.701544	4.665843	
0.873195	0.000141	0.004906	0.255449	7.884642	
0.871169	0.898369	0.086182	0.743766	5.293582	
0.750025	0.730701	0.769854	0.872119	4.482680	
0.248475	0.013868	0.848316	0.315382	7.570284	
0.258478	0.358747	0.268674	0.004893	8.873532	
0.883026	0.000000	0.000387	0.000389	8.331369	
0.927152	0.270728	0.000746	0.011417	8.051405	
0.747666	0.729804	0.884146	0.775408	4.495780	
0.002488	0.238058	0.313292	0.832127	7.538339	
0.721486	0.004126	0.000084	0.703353	7.978252	
0.060526	0.875215	0.746182	0.878129	5.331520	
0.901165	0.105567	0.878303	0.728144	5.376679	
0.105163	0.739591	0.768166	0.265152	6.780333	
0.859514	0.004582	0.292842	0.036645	7.851961	
0.258478	0.000008	0.268674	0.002209	9.149845	
0.007369	0.711349	0.306100	0.295996	8.209499	
0.887158	0.873589	0.740124	0.074580	5.318536	
0.861176	0.059412	0.804846	0.860356	5.106894	
0.360038	0.898369	0.085885	0.743076	6.716323	
0.000400	0.210420	0.000771	0.000442	9.669174	
