0.000007	0.000015	0.000012	0.761197	8.674434	
0.845519	0.006841	0.033974	0.398714	8.101429	
0.000021	0.748356	0.001737	0.000160	8.762173	
0.845654	0.777565	0.881596	0.128091	4.951610	
0.318108	0.850315	0.310071	0.904556	6.076869	
0.065127	0.001361	0.313167	0.844582	7.861827	
0.867568	0.101254	0.855071	0.302420	6.052226	
0.000005	0.354327	0.000238	0.298994	9.327378	
0.833288	0.034810	0.809794	0.900710	5.086739	
0.000134	0.658910	0.653032	0.670346	8.136785	
0.843038	0.836032	0.835506	0.846395	3.295464	
0.000488	0.851224	0.855845	0.923306	5.087924	
0.818599	0.909528	0.130536	0.790385	5.009264	
0.000005	0.353875	0.893312	0.037521	8.071715	
0.681735	0.001335	0.649277	0.665633	8.053953	
0.000000	0.000012	0.283950	0.000441	9.625131	
0.814985	0.909528	0.871187	0.084155	4.961314	
0.772293	0.181892	0.893412	0.799024	5.053255	
0.300901	0.000011	0.014160	0.349792	9.304517	
0.654050	0.914141	0.004929	0.050955	7.838396	
0.000005	0.000050	0.000068	0.299490	9.754455	
0.000007	0.000013	0.754831	0.000000	8.737676	
0.352116	0.327260	0.012776	0.000000	9.361954	
0.656328	0.666666	0.000356	0.653155	8.196770	
0.678820	0.660985	0.664600	0.000984	8.196566	
0.761795	0.000053	0.000198	0.000000	8.814459	
0.852193	0.353829	0.043636	0.048776	7.898139	
0.002200	0.293471	0.062965	0.881951	7.833636	
0.000007	0.000013	0.000008	0.000000	10.111332	
0.611593	0.008989	0.888636	0.040202	7.974765	
0.904350	0.159114	0.767901	0.799256	5.154573	
0.000019	0.294542	0.308245	0.002307	9.224742	
0.318108	0.006952	0.310071	0.000328	9.261666	
0.845757	0.189662	0.152821	0.869506	5.968010	
0.003762	0.002466	0.932252	0.662674	7.874158	
0.169530	0.189476	0.847615	0.879133	5.928636	
0.606912	0.027657	0.030759	0.900533	8.021502	
0.869497	0.031151	0.323163	0.040366	7.872141	
0.282047	0.895719	0.848429	0.319609	5.932149	
0.000012	0.285375	0.000682	0.001961	9.627987	
0.283016	0.000365	0.000948	0.000828	9.718207	
0.000000	0.000013	0.302093	0.317899	9.267158	
0.000007	0.909239	0.625349	0.063502	8.002216	
0.064416	0.861011	0.854287	0.800300	5.069992	
0.063958	0.860486	0.914309	0.844582	5.081771	
0.008217	0.919159	0.008188	0.647320	7.908977	
0.937986	0.808588	0.818607	0.087916	5.172621	
0.860809	0.293471	0.043636	0.048776	7.780822	
0.845654	0.827846	0.175045	0.832678	4.652716	
0.000005	0.003308	0.000068	0.299490	9.616144	
0.772293	0.181892	0.893412	0.802497	5.038619	
0.681735	0.010231	0.010951	0.665633	8.575860	
0.002134	0.082218	0.150655	0.858023	8.061276	
0.000027	0.919159	0.008188	0.647320	7.911668	
0.859138	0.013180	0.316464	0.051000	7.857713	
0.034746	0.058589	0.852059	0.003303	8.177116	
0.002239	0.275564	0.062965	0.863811	7.801761	
0.354176	0.330344	0.016172	0.093692	9.203482	
0.000006	0.012006	0.653032	0.711025	8.695599	
0.000000	0.000013	0.946449	0.560870	8.510848	
0.055265	0.852747	0.835998	0.882581	4.935298	
0.063958	0.861011	0.854287	0.844582	4.963485	
0.282807	0.000365	0.000192	0.000805	9.825256	
0.857448	0.195375	0.851949	0.667922	5.563084	
0.945987	0.809233	0.818259	0.087916	5.222291	
0.000578	0.821156	0.914444	0.791927	5.269862	
0.000012	0.292839	0.000233	0.001956	9.655382	
0.318108	0.003042	0.310071	0.000998	9.265280	
0.169530	0.189476	0.838859	0.879133	5.970653	
0.904350	0.189476	0.767901	0.870395	4.966298	
0.606912	0.027657	0.020349	0.900533	8.039055	
0.843361	0.895589	0.878265	0.117496	4.784971	
0.877808	0.113140	0.881759	0.145625	6.155755	
0.000019	0.292842	0.873694	0.001317	7.923507	
0.845654	0.827846	0.175045	0.144727	6.032673	
0.000021	0.769556	0.001737	0.000160	8.720174	
0.063958	0.844066	0.854287	0.298551	6.134681	
0.169530	0.189476	0.837541	0.879133	6.302567	
0.845757	0.189662	0.179767	0.869506	5.899319	
0.002149	0.000017	0.000001	0.000053	10.033343	
0.783797	0.833939	0.871868	0.093483	5.032985	
0.824778	0.820008	0.018793	0.846022	5.018295	
0.761795	0.000075	0.000043	0.000009	8.822081	
0.847407	0.000015	0.000012	0.759010	7.002029	
0.000005	0.278431	0.000238	0.298994	9.195438	
0.000019	0.292842	0.308245	0.001976	9.224227	
0.848110	0.353829	0.616423	0.041135	7.640911	
0.605692	0.678036	0.678329	0.900533	6.603856	
0.065127	0.001361	0.313167	0.003802	9.539180	
0.654050	0.914141	0.004929	0.080131	7.713636	
0.844933	0.159110	0.893412	0.802497	4.816303	
0.318108	0.004531	0.062738	0.000328	9.545056	
0.861092	0.189476	0.290888	0.870395	5.847418	
0.002239	0.006957	0.310299	0.863811	7.983689	
0.277382	0.819628	0.019022	0.846022	6.247704	
0.767163	0.003308	0.000068	0.299490	8.333770	
0.783797	0.358679	0.871868	0.093483	6.425785	
0.002239	0.004535	0.062965	0.863811	8.266233	
0.318108	0.055164	0.310071	0.000998	9.186207	
0.879586	0.919159	0.008013	0.644243	6.255509	
