0.014994	0.660924	0.020743	0.930522	7.837621	
0.289148	0.002181	0.367911	0.000058	9.342953	
0.017528	0.323642	0.309869	0.001335	9.247651	
0.002010	0.000655	0.001490	0.763183	8.631410	
0.325255	0.054854	0.824462	0.096354	7.756660	
0.001946	0.000022	0.286723	0.000000	9.643182	
0.351839	0.870754	0.053464	0.096354	7.775155	
0.742419	0.002760	0.006020	0.001365	8.762955	
0.248847	0.855894	0.177928	0.878178	5.863719	
0.871534	0.645999	0.000001	0.024145	7.763487	
0.325982	0.010776	0.007299	0.601195	9.379649	
0.650594	0.003805	0.666841	0.678177	8.029343	
0.648671	0.674443	0.000305	0.673390	8.024811	
0.075634	0.909387	0.811352	0.800637	5.115133	
0.818930	0.076836	0.904072	0.804131	5.050307	
0.026345	0.649867	0.928767	0.021421	7.889005	
0.250824	0.299592	0.010787	0.000144	9.171690	
0.819491	0.848974	0.842926	0.843884	3.316149	
0.660456	0.659347	0.662756	0.001206	8.127605	
0.027604	0.909969	0.648762	0.000166	7.837551	
0.001120	0.000038	0.924090	0.665215	7.816115	
0.288212	0.001435	0.000962	0.875191	7.908443	
0.819500	0.875009	0.835889	0.092541	4.911784	
0.000000	0.311933	0.000000	0.001727	9.851041	
0.819500	0.849888	0.895412	0.042905	4.978660	
0.010307	0.901632	0.000070	0.679917	7.644436	
0.000000	0.000000	0.000000	0.000000	10.000215	
0.006478	0.659655	0.677180	0.673614	7.964243	
0.000043	0.000347	0.757653	0.004068	8.702758	
0.000020	0.756996	0.000010	0.004040	8.686342	
0.071587	0.814113	0.965730	0.845030	5.312319	
0.772209	0.927602	0.154339	0.844017	5.080740	
0.025006	0.010995	0.659899	0.878894	7.744102	
0.834000	0.052172	0.836659	0.853358	4.910194	
0.868830	0.849888	0.843374	0.067812	4.831002	
0.778842	0.792917	0.189764	0.957081	5.367531	
0.870357	0.028349	0.008771	0.632702	7.834413	
0.914198	0.000092	0.634694	0.026226	7.946347	
0.303759	0.001671	0.000001	0.000350	9.646059	
0.005579	0.000008	0.001492	0.296531	9.834612	
0.003050	0.343869	0.000142	0.342062	9.407360	
0.845291	0.822216	0.095699	0.844637	4.822891	
0.156178	0.792917	0.796618	0.908970	5.046210	
0.010571	0.000196	0.346327	0.335315	9.365250	
0.160067	0.893412	0.659899	0.878894	5.819815	
0.000020	0.755535	0.000010	0.000183	8.698920	
0.019976	0.000454	0.000023	0.302755	9.775801	
0.004262	0.000022	0.306898	0.851456	7.933873	
0.025947	0.000766	0.023778	0.019616	9.936634	
0.814628	0.080342	0.904072	0.841637	4.954597	
0.000020	0.299635	0.000010	0.000209	9.630269	
0.000039	0.000038	0.923931	0.665215	7.849972	
0.648671	0.674443	0.020033	0.063189	8.695080	
0.858796	0.645999	0.023081	0.024145	7.730317	
0.251792	0.855894	0.204708	0.878178	5.851735	
0.855361	0.814906	0.836223	0.844579	3.355517	
0.002363	0.002752	0.305882	0.538060	9.585535	
0.026341	0.641300	0.912581	0.000185	7.896242	
0.889599	0.016239	0.634694	0.043540	7.819169	
0.312698	0.000000	0.865957	0.021264	7.984874	
0.836231	0.023747	0.843287	0.876447	4.936458	
0.661907	0.909969	0.662756	0.001140	7.140872	
0.859113	0.848974	0.008905	0.911508	5.024428	
0.870357	0.015852	0.008771	0.632702	7.851544	
0.646114	0.000101	0.002037	0.753661	8.176639	
0.071587	0.816517	0.904117	0.844579	4.962719	
0.629839	0.958980	0.002037	0.753300	6.970706	
0.005946	0.000008	0.001490	0.766616	8.608502	
0.001601	0.344340	0.003049	0.340986	9.406304	
0.828422	0.849888	0.843374	0.067812	4.864450	
0.859113	0.848974	0.031691	0.843884	4.896215	
0.772209	0.926392	0.184157	0.838266	5.029306	
0.148435	0.792917	0.835830	0.958581	5.184830	
0.736412	0.002760	0.000161	0.001365	8.811532	
0.000884	0.901632	0.000070	0.679917	7.663218	
0.156178	0.941412	0.793831	0.905830	5.212192	
0.003176	0.028630	0.797656	0.049237	8.349080	
0.000055	0.660924	0.010578	0.930522	7.867607	
0.007653	0.323642	0.309869	0.000001	9.261009	
0.312465	0.010776	0.007299	0.610008	9.323897	
0.642039	0.852522	0.000305	0.066651	7.712327	
0.323228	0.000171	0.007299	0.000338	9.642675	
0.287955	0.000817	0.367911	0.006509	9.336212	
0.027604	0.909969	0.662756	0.001141	7.738204	
0.820658	0.814906	0.836659	0.844579	3.408940	
0.828422	0.849888	0.821495	0.077129	4.889513	
0.160067	0.893412	0.007411	0.877080	6.769477	
0.000043	0.010969	0.757653	0.000219	8.694278	
0.005579	0.000008	0.001492	0.296531	9.834612	
0.298886	0.010776	0.098968	0.612790	9.202151	
0.760955	0.839159	0.811852	0.068693	5.254723	
0.286247	0.000171	0.858658	0.041174	7.937019	
0.003176	0.028630	0.797336	0.865333	6.730306	
0.156178	0.818979	0.785119	0.905910	5.050137	
0.067891	0.893412	0.662766	0.876747	5.961256	
0.271231	0.342871	0.013075	0.274164	8.985444	
0.025593	0.003051	0.010578	0.930522	8.538816	
0.778842	0.800916	0.192340	0.957081	5.327388	
0.648671	0.038343	0.020033	0.062768	9.301293	
0.769707	0.080342	0.304781	0.841637	6.744441	
