0.001561	0.000009	0.758427	0.000202	8.692695	
0.889955	0.843660	0.023714	0.798733	5.081630	
0.671239	0.000453	0.671782	0.655464	8.028633	
0.027230	0.878099	0.032730	0.277423	7.827760	
0.000041	0.004534	0.304361	0.000048	9.615990	
0.026459	0.675921	0.004493	0.915202	7.658909	
0.759452	0.000505	0.001628	0.000826	8.656594	
0.677056	0.686502	0.000014	0.646296	7.929706	
0.000159	0.680794	0.671748	0.664494	8.094640	
0.000010	0.000245	0.000004	0.275317	9.582097	
0.937954	0.840643	0.789016	0.011595	5.343616	
0.010187	0.006335	0.952203	0.665014	7.968534	
0.804916	0.944252	0.128039	0.782987	5.277050	
0.777900	0.102205	0.794679	0.900094	5.199089	
0.851628	0.853017	0.874169	0.836831	3.261290	
0.630217	0.895973	0.009801	0.021611	7.906078	
0.185727	0.786186	0.901709	0.787769	5.011874	
0.009567	0.010606	0.291675	0.280393	9.160339	
0.296848	0.000642	0.000002	0.000880	9.603353	
0.352089	0.000005	0.000012	0.275403	9.303306	
0.001833	0.766849	0.000004	0.000047	8.693407	
0.000005	0.299533	0.377168	0.007829	9.458460	
0.018830	0.845275	0.361105	0.011365	8.075955	
0.167843	0.874999	0.802195	0.789875	5.021243	
0.300927	0.310417	0.005669	0.006778	9.244569	
0.873213	0.907629	0.291675	0.241066	5.884933	
0.027118	0.030875	0.654652	0.879708	7.669449	
0.303139	0.002719	0.304473	0.000070	9.223567	
0.197714	0.876570	0.156591	0.859478	5.928798	
0.924125	0.030822	0.654652	0.009680	7.840379	
0.183908	0.899314	0.892842	0.248621	5.929921	
0.777900	0.865348	0.794679	0.152027	5.030670	
0.171366	0.224797	0.863690	0.868630	5.875973	
0.845876	0.109820	0.933419	0.790171	5.114635	
0.665264	0.677763	0.663238	0.000047	7.964118	
0.000076	0.290215	0.000023	0.000009	9.596053	
0.000000	0.000000	0.000000	0.000000	10.000098	
0.907540	0.121093	0.784865	0.797479	5.137375	
0.001165	0.682106	0.925958	0.000202	7.726697	
0.625522	0.000001	0.927679	0.022605	8.072550	
0.813531	0.898665	0.932922	0.150841	5.031349	
0.927374	0.620178	0.000178	0.000493	8.172117	
0.000000	0.000000	0.000000	0.811358	8.915707	
0.873298	0.005888	0.049018	0.324760	7.888573	
0.802676	0.830740	0.040075	0.919543	5.162520	
0.044928	0.243942	0.032730	0.277423	9.052441	
0.634646	0.000624	0.028001	0.885534	7.853978	
0.866613	0.000248	0.052757	0.324025	7.880570	
0.296848	0.003721	0.000002	0.000880	9.599555	
0.000076	0.290215	0.000023	0.954074	8.241800	
0.297888	0.310417	0.000178	0.000735	9.253765	
0.034955	0.789672	0.780556	0.797479	5.441263	
0.008529	0.762554	0.000492	0.000713	8.628652	
0.628286	0.031097	0.907625	0.021701	7.928088	
0.001542	0.001322	0.758427	0.000202	8.755542	
0.677056	0.877907	0.004431	0.646296	7.059540	
0.907540	0.121093	0.832794	0.798674	4.958022	
0.628286	0.895973	0.009801	0.021701	7.918009	
0.001704	0.000089	0.000029	0.753119	8.742022	
0.804916	0.944252	0.128039	0.795116	5.217309	
0.896403	0.620178	0.000178	0.000735	8.034973	
0.854522	0.844636	0.096105	0.804160	4.875960	
0.001768	0.877624	0.304361	0.034277	7.889637	
0.000179	0.000022	0.290608	0.000206	9.597585	
0.197714	0.876570	0.164165	0.859478	5.912991	
0.010711	0.230004	0.000004	0.275470	9.150816	
0.000927	0.004375	0.000002	0.010150	9.984763	
0.189998	0.875635	0.928117	0.789875	4.919397	
0.842637	0.783145	0.901709	0.787381	3.714442	
0.044928	0.889620	0.032730	0.277423	7.821301	
0.777900	0.865348	0.794679	0.192774	4.942674	
0.758402	0.016234	0.001648	0.000826	8.645437	
0.189998	0.875635	0.800710	0.789875	4.991447	
0.318085	0.001159	0.290335	0.000170	9.232025	
0.937954	0.840643	0.789016	0.004214	5.352782	
0.001165	0.673074	0.853377	0.033243	7.583607	
0.000159	0.006398	0.916992	0.664494	7.840682	
0.779664	0.134598	0.784884	0.900094	5.159410	
0.000039	0.304204	0.000004	0.001896	9.619740	
0.183908	0.889620	0.892842	0.284137	5.920058	
0.779995	0.786139	0.874901	0.121266	5.127652	
0.634646	0.000624	0.028797	0.885534	7.853297	
0.880910	0.133634	0.850553	0.256155	5.957094	
0.171366	0.130473	0.863690	0.868630	6.039011	
0.840624	0.038082	0.671748	0.664494	7.134707	
0.000022	0.299333	0.361105	0.007829	9.415959	
0.873213	0.907629	0.291675	0.251056	5.883471	
0.012078	0.012430	0.000004	0.249263	9.557747	
0.318063	0.000056	0.021241	0.642034	9.186543	
0.000010	0.010606	0.291675	0.240090	9.161061	
0.813531	0.898665	0.932567	0.248621	4.900744	
0.044928	0.895611	0.009597	0.017617	8.265003	
0.038800	0.014847	0.001648	0.000826	9.929970	
0.677056	0.686502	0.000014	0.009178	8.491929	
0.000159	0.665954	0.671748	0.664494	8.217040	
0.873213	0.907629	0.881517	0.118411	4.858658	
0.374002	0.120937	0.793365	0.275403	7.594827	
0.886426	0.000022	0.054189	0.324025	7.911422	
0.000971	0.109820	0.006780	0.790171	8.272410	
0.779995	0.786139	0.285050	0.253911	6.204438	
