0.298979	0.021167	0.001935	0.842680	7.899883	
0.806733	0.227064	0.861008	0.847713	4.615743	
0.162103	0.855915	0.859580	0.160910	5.969367	
0.839437	0.860214	0.193650	0.200005	5.859030	
0.006134	0.003666	0.748024	0.966944	7.460017	
0.002770	0.000022	0.271762	0.320508	9.220113	
0.303157	0.003420	0.844902	0.022398	7.909383	
0.137597	0.767842	0.920161	0.807996	5.240460	
0.000027	0.000000	0.000001	0.768236	8.666358	
0.767612	0.860214	0.193650	0.775604	5.096157	
0.011007	0.929639	0.019343	0.659215	7.851112	
0.817190	0.855987	0.837913	0.851601	3.320906	
0.002180	0.000008	0.000071	0.286525	9.589707	
0.001040	0.761533	0.001316	0.000229	8.643360	
0.863754	0.227064	0.860351	0.165231	5.869595	
0.676919	0.000171	0.658024	0.664487	8.004756	
0.091015	0.948482	0.783624	0.806061	5.381831	
0.791398	0.776753	0.130973	0.910657	5.189705	
0.297408	0.000000	0.333660	0.000000	9.272843	
0.273029	0.037240	0.007473	0.319894	9.163958	
0.027549	0.297686	0.308683	0.000028	9.190435	
0.659580	0.936933	0.029045	0.015276	7.870290	
0.002770	0.000099	0.271762	0.001494	9.599450	
0.000011	0.295184	0.000051	0.000137	9.601505	
0.210758	0.860214	0.161344	0.854163	5.890052	
0.790423	0.945689	0.764126	0.125408	5.465361	
0.289871	0.355120	0.000009	0.000195	9.353098	
0.788247	0.776231	0.890991	0.126023	5.155790	
0.289871	0.002270	0.000009	0.000195	9.677163	
0.003034	0.666438	0.667348	0.655251	8.077166	
0.948050	0.806164	0.129954	0.778391	5.315332	
0.050197	0.357417	0.033997	0.862316	7.914121	
0.000000	0.000000	0.000000	0.000000	10.069018	
0.849643	0.033338	0.061187	0.652620	7.607214	
0.665075	0.666438	0.666948	0.000838	8.012323	
0.935438	0.004386	0.665191	0.024386	7.841842	
0.055953	0.862823	0.630485	0.005443	7.801058	
0.915794	0.111954	0.801693	0.772698	5.242925	
0.163498	0.767726	0.835799	0.910429	5.019021	
0.832807	0.081662	0.786436	0.897455	5.067126	
0.006288	0.667008	0.925802	0.028132	7.815264	
0.927978	0.829712	0.788577	0.001980	5.321117	
0.935438	0.665487	0.001686	0.024386	7.841329	
0.758284	0.000103	0.000078	0.001886	8.728727	
0.091221	0.347732	0.000062	0.310842	9.172796	
0.661974	0.654997	0.000066	0.685297	7.985083	
0.010653	0.033637	0.903509	0.652620	7.762132	
0.000028	0.000018	0.751443	0.002627	8.707849	
0.049006	0.760142	0.033997	0.862316	6.846422	
0.045487	0.000002	0.000228	0.315915	9.715484	
0.002690	0.000022	0.271762	0.009512	9.583686	
0.791829	0.856326	0.837913	0.851601	3.820592	
0.000371	0.119395	0.000051	0.000206	9.809494	
0.817190	0.081662	0.806861	0.964555	5.375236	
0.863700	0.227064	0.860351	0.165231	5.869999	
0.020083	0.086582	0.291623	0.655022	8.841840	
0.841192	0.850966	0.284285	0.174153	5.871619	
0.208535	0.855904	0.837856	0.170948	5.890260	
0.756023	0.000103	0.000078	0.001886	8.743812	
0.011119	0.929639	0.019343	0.652620	7.897533	
0.001596	0.761533	0.001316	0.000229	8.642790	
0.200499	0.119131	0.847356	0.018742	7.674388	
0.841192	0.850966	0.002261	0.174153	6.280205	
0.213063	0.860214	0.161344	0.856629	5.886699	
0.935438	0.665487	0.830905	0.024386	6.182338	
0.092924	0.347732	0.023670	0.310842	9.140267	
0.001235	0.304399	0.001504	0.000109	9.611445	
0.661974	0.654997	0.022592	0.685297	7.957785	
0.006134	0.002951	0.748024	0.966944	7.460997	
0.291631	0.000802	0.855730	0.000027	7.905799	
0.278099	0.000108	0.001509	0.035272	9.538590	
0.167452	0.850966	0.295602	0.159144	7.287674	
0.827613	0.227064	0.861008	0.842830	4.555564	
0.268687	0.348343	0.000081	0.008438	9.270559	
0.908547	0.148419	0.797496	0.773662	5.131692	
0.029465	0.096247	0.161344	0.848174	7.783852	
0.298979	0.008829	0.000368	0.842680	7.917455	
0.816759	0.776415	0.130973	0.910657	5.090802	
0.092924	0.347732	0.936007	0.003611	8.073908	
0.790423	0.948393	0.805167	0.125408	5.270042	
0.095805	0.948482	0.784003	0.806061	5.370062	
0.019363	0.307544	0.294948	0.000236	9.196841	
0.295926	0.012286	0.294644	0.000000	9.190294	
0.141714	0.766781	0.807278	0.807996	5.350593	
0.935438	0.004560	0.673251	0.024386	7.781676	
0.935438	0.665487	0.000088	0.024386	7.843274	
0.269360	0.042311	0.000034	0.334975	9.191823	
0.163725	0.761412	0.850297	0.895813	4.992214	
0.785422	0.860214	0.193650	0.768460	5.038251	
0.932633	0.811391	0.129716	0.778391	5.204367	
0.817283	0.776231	0.890991	0.126023	5.036918	
0.010693	0.033338	0.903509	0.652620	7.763798	
0.862714	0.128536	0.170923	0.869902	6.031079	
0.928015	0.841202	0.804177	0.116646	5.011447	
0.817190	0.081662	0.846534	0.910504	4.963747	
0.003034	0.666438	0.667348	0.026163	8.629451	
0.898581	0.119131	0.862353	0.859819	4.757636	
0.863700	0.221263	0.860351	0.023382	6.174419	
0.291631	0.826270	0.855730	0.000027	6.255770	
0.268687	0.801307	0.000081	0.008438	8.003430	
