0.650558	0.896307	0.007191	0.028191	7.773433	
0.846729	0.833103	0.844412	0.852232	3.329041	
0.000002	0.010832	0.296699	0.319795	9.243841	
0.000085	0.656675	0.667744	0.673750	8.018410	
0.858440	0.093933	0.304305	0.000002	7.760281	
0.665205	0.028574	0.010291	0.923022	7.778575	
0.865970	0.847030	0.215705	0.174572	5.871479	
0.004240	0.400327	0.000044	0.369940	9.618194	
0.690203	0.640989	0.671785	0.000039	8.210856	
0.057610	0.672796	0.013792	0.960689	7.886403	
0.963148	0.040614	0.013120	0.668803	7.966572	
0.000016	0.000013	0.000001	0.000000	10.111588	
0.189023	0.156331	0.852336	0.873072	5.943466	
0.000144	0.283179	0.000684	0.000822	9.655931	
0.314876	0.001965	0.315768	0.008435	9.260808	
0.289082	0.000121	0.004095	0.002383	9.622848	
0.001299	0.663538	0.931510	0.026357	7.838296	
0.022680	0.891896	0.642380	0.003019	7.831794	
0.086522	0.929779	0.794186	0.787314	5.322029	
0.000188	0.854298	0.005130	0.665427	7.738632	
0.754565	0.188866	0.866756	0.852261	4.956138	
0.183411	0.841876	0.794278	0.961279	5.140696	
0.032372	0.000152	0.892288	0.632266	7.889607	
0.847198	0.841218	0.015607	0.897733	5.026642	
0.806144	0.893675	0.775130	0.120762	5.109461	
0.680446	0.663689	0.001083	0.674279	8.055432	
0.759877	0.000632	0.000750	0.000805	8.670625	
0.805464	0.902490	0.145503	0.844976	4.837489	
0.865881	0.189657	0.152276	0.849881	5.952704	
0.951966	0.840916	0.085263	0.795288	5.280858	
0.866328	0.188843	0.760239	0.899047	4.969624	
0.898706	0.645798	0.000068	0.013895	7.840911	
0.668276	0.050351	0.899680	0.000220	7.629848	
0.099101	0.829280	0.855412	0.790152	4.963809	
0.000002	0.000840	0.288818	0.000000	9.705515	
0.805086	0.829280	0.855412	0.118771	4.850212	
0.000598	0.747228	0.003730	0.000033	8.747698	
0.000599	0.002027	0.765555	0.000005	8.672646	
0.270701	0.000460	0.009062	0.325461	9.226940	
0.667517	0.000021	0.675920	0.662650	8.003217	
0.013772	0.305358	0.296224	0.008340	9.199167	
0.000010	0.001319	0.000684	0.300930	9.683063	
0.866047	0.174340	0.853930	0.261943	5.852357	
0.016875	0.001319	0.671368	0.959169	7.978428	
0.314876	0.279653	0.014919	0.000842	9.213628	
0.179547	0.875417	0.846806	0.118670	6.060266	
0.000007	0.000087	0.000346	0.757461	8.678601	
0.770773	0.924877	0.776405	0.058875	5.542838	
0.000288	0.002027	0.665653	0.065569	9.662693	
0.860669	0.928278	0.005995	0.844976	5.121343	
0.759877	0.005264	0.000645	0.000638	8.668289	
0.182909	0.841876	0.795453	0.961279	5.160054	
0.866047	0.176006	0.852329	0.261943	5.852034	
0.003100	0.005365	0.315506	0.000002	9.655397	
0.000085	0.656675	0.670566	0.673750	7.999312	
0.000131	0.286117	0.002390	0.320786	9.305328	
0.000914	0.001319	0.689280	0.949169	7.850574	
0.005607	0.852390	0.005130	0.665427	7.790881	
0.860981	0.824168	0.860358	0.049752	4.916800	
0.000007	0.000087	0.000346	0.752431	8.710129	
0.003100	0.651518	0.323186	0.000002	9.116512	
0.648205	0.896307	0.005026	0.044519	7.764575	
0.898706	0.649309	0.002034	0.013895	7.815345	
0.271047	0.000460	0.004095	0.002383	9.579940	
0.058208	0.673378	0.933529	0.026349	7.689661	
0.680446	0.641617	0.014674	0.632592	8.407334	
0.852381	0.833103	0.844412	0.842857	3.333804	
0.000007	0.000127	0.000346	0.001363	10.009074	
0.735691	0.189081	0.024621	0.877940	6.767346	
0.270701	0.000460	0.004095	0.325461	9.233396	
0.000144	0.303434	0.000684	0.000512	9.684344	
0.881359	0.847030	0.215705	0.171249	5.898170	
0.000914	0.001700	0.689280	0.333621	8.849971	
0.135360	0.836931	0.859458	0.850088	4.847033	
0.022680	0.891896	0.642380	0.058031	7.747120	
0.000003	0.001319	0.003662	0.300930	9.676156	
0.668276	0.003816	0.866709	0.000220	7.637224	
0.754589	0.129171	0.818782	0.930904	5.329836	
0.963148	0.040614	0.004220	0.665420	8.020372	
0.000650	0.745484	0.003730	0.000033	8.755584	
0.314876	0.002624	0.315768	0.000829	9.275266	
0.183411	0.852287	0.851037	0.251951	5.846178	
0.122673	0.903991	0.754102	0.787314	5.351267	
0.243172	0.290369	0.015392	0.000016	9.159349	
0.861974	0.025104	0.628943	0.019166	7.857691	
0.735691	0.189081	0.852361	0.873072	5.075654	
0.189023	0.183503	0.851281	0.873072	5.898486	
0.031855	0.002145	0.892288	0.632266	7.924109	
0.000159	0.660472	0.004640	0.960689	8.118957	
0.860981	0.825086	0.206690	0.049752	6.304592	
0.013992	0.001638	0.906331	0.300930	8.053005	
0.866081	0.176875	0.001176	0.261943	7.542633	
0.822934	0.176006	0.844362	0.844892	4.696077	
0.004599	0.002624	0.315768	0.000115	9.634110	
0.690071	0.638168	0.854336	0.080389	6.889855	
0.924453	0.648510	0.000044	0.369940	7.796146	
0.759834	0.932754	0.004906	0.001239	7.307428	
0.860981	0.848850	0.860358	0.070771	4.825022	
0.000002	0.010451	0.296699	0.944703	8.359257	
0.861974	0.025104	0.299625	0.961919	6.696150	
