0.003160	0.297638	0.000105	0.000058	9.602527	
0.658311	0.915731	0.003956	0.000461	7.825540	
0.915357	0.758857	0.135813	0.777233	5.382484	
0.307798	0.000961	0.002560	0.271869	9.196560	
0.936865	0.135426	0.772966	0.789254	5.338687	
0.870636	0.896328	0.866744	0.241777	4.558616	
0.000171	0.761908	0.000000	0.000105	8.649887	
0.789365	0.145457	0.898645	0.786116	5.139322	
0.003750	0.665330	0.665906	0.663353	8.082279	
0.845442	0.019266	0.003486	0.672914	7.583159	
0.274773	0.178072	0.838462	0.857381	5.862731	
0.300999	0.285728	0.016511	0.049355	9.113585	
0.836101	0.871455	0.243530	0.774764	4.785046	
0.001200	0.000591	0.288175	0.000036	9.592532	
0.753959	0.000347	0.001298	0.001321	8.693923	
0.914559	0.000002	0.667403	0.001558	7.755823	
0.668985	0.672066	0.002174	0.663462	8.009489	
0.033446	0.637834	0.882250	0.015823	7.803551	
0.836013	0.868555	0.243530	0.241730	5.791734	
0.016120	0.878230	0.044020	0.649440	7.699822	
0.870636	0.214147	0.865918	0.241777	5.790243	
0.301701	0.000985	0.322200	0.000372	9.253703	
0.000596	0.949211	0.763825	0.002213	7.299556	
0.000270	0.008999	0.000164	0.786207	8.543698	
0.032897	0.327012	0.342664	0.015823	9.283441	
0.647199	0.009475	0.947120	0.001107	8.061585	
0.000163	0.000025	0.768987	0.002213	8.654716	
0.836579	0.817432	0.836502	0.828378	3.377936	
0.814398	0.177092	0.766486	0.904931	5.045561	
0.024914	0.346970	0.039351	0.291613	9.212374	
0.000833	0.000568	0.288983	0.434206	9.606278	
0.655535	0.668509	0.671336	0.012042	8.030047	
0.303672	0.000976	0.003970	0.001058	9.609169	
0.654070	0.064129	0.057534	0.945220	7.833941	
0.055713	0.327277	0.128501	0.855525	7.635224	
0.151819	0.835758	0.857778	0.938831	4.891581	
0.924819	0.645254	0.012972	0.000341	7.945333	
0.000334	0.000771	0.002587	0.298353	9.685100	
0.000000	0.000000	0.000000	0.000000	10.009933	
0.020284	0.024051	0.646726	0.905009	7.810434	
0.028515	0.031648	0.956146	0.671510	7.916809	
0.911119	0.813353	0.837801	0.080919	4.995536	
0.666450	0.000000	0.665302	0.669080	7.995008	
0.151847	0.863830	0.858711	0.262376	5.922635	
0.105289	0.940404	0.883730	0.780800	5.234105	
0.301389	0.015809	0.004078	0.270678	9.167574	
0.001951	0.000065	0.803585	0.301938	8.125060	
0.001951	0.000025	0.768987	0.002213	8.652971	
0.836101	0.020955	0.263601	0.295325	7.509526	
0.017644	0.876333	0.044020	0.649440	7.695160	
0.762931	0.898472	0.832253	0.111099	5.196689	
0.000596	0.949211	0.768843	0.002213	7.269364	
0.924819	0.660623	0.035683	0.786337	6.309977	
0.153189	0.285778	0.850875	0.974200	6.495223	
0.151015	0.863830	0.852031	0.269707	5.897152	
0.050888	0.325383	0.328814	0.009314	9.225883	
0.836552	0.030770	0.835139	0.828378	5.118172	
0.262067	0.002539	0.001298	0.001321	9.572082	
0.055867	0.327277	0.228549	0.855525	7.473743	
0.036820	0.000568	0.288983	0.291952	9.184164	
0.773288	0.017084	0.002550	0.012093	8.539501	
0.900173	0.798427	0.837801	0.079295	5.018321	
0.099440	0.287747	0.084327	0.012015	9.261303	
0.635775	0.016216	0.915654	0.002212	7.959408	
0.054783	0.327277	0.128501	0.676812	8.587684	
0.836101	0.871455	0.258542	0.779198	4.758704	
0.814398	0.185120	0.880822	0.916267	4.783027	
0.875246	0.013382	0.258996	0.001558	7.894145	
0.000334	0.015781	0.125859	0.057046	9.734742	
0.849622	0.870121	0.226697	0.295325	5.819523	
0.001184	0.761908	0.000000	0.000009	8.648560	
0.016120	0.049091	0.044020	0.671259	9.150914	
0.300999	0.260204	0.016511	0.007395	9.161009	
0.837366	0.145457	0.873933	0.799970	4.834639	
0.274773	0.178072	0.838462	0.855329	5.867635	
0.002312	0.011308	0.000000	0.239374	9.634482	
0.658964	0.064129	0.057534	0.936258	7.743786	
0.924819	0.645254	0.012579	0.000341	7.946490	
0.864915	0.209701	0.865918	0.270119	5.873199	
0.026494	0.040715	0.271392	0.000221	9.518640	
0.105289	0.921934	0.765855	0.796127	5.343129	
0.899998	0.798427	0.135500	0.777233	5.112178	
0.936865	0.135426	0.772966	0.788107	5.346181	
0.301701	0.000985	0.322200	0.000372	9.253703	
0.659044	0.808693	0.045348	0.015875	7.802316	
0.152215	0.327641	0.847980	0.004857	7.812117	
0.000270	0.008999	0.001924	0.786353	8.541110	
0.657738	0.313612	0.057534	0.008428	8.950852	
0.055509	0.321426	0.128501	0.010703	9.300549	
0.150041	0.805429	0.857811	0.303628	6.073252	
0.655535	0.668036	0.671336	0.011882	8.152934	
0.000233	0.886606	0.001924	0.787538	7.352625	
0.301701	0.004901	0.017433	0.000372	9.748742	
0.262067	0.003239	0.000023	0.231043	9.189200	
0.887618	0.024308	0.288983	0.905332	6.334615	
0.004948	0.000065	0.804486	0.260686	8.086372	
0.020284	0.061838	0.646726	0.904937	7.743836	
0.836101	0.871455	0.226697	0.295325	5.828716	
0.024306	0.817432	0.836502	0.813467	5.101322	
0.753959	0.011132	0.001298	0.001226	8.681831	
