0.923516	0.020000	0.031452	0.640685	7.917692	
0.297827	0.000028	0.000003	0.000043	9.790332	
0.762667	0.010297	0.002619	0.008687	8.618740	
0.837153	0.855328	0.194002	0.936457	4.793369	
0.195053	0.764324	0.946073	0.819477	5.208997	
0.000008	0.022930	0.334131	0.357142	9.368260	
0.013840	0.913088	0.017612	0.293766	7.990059	
0.827304	0.771958	0.927475	0.177440	5.070778	
0.000554	0.000408	0.296143	0.002299	9.599931	
0.000002	0.000034	0.000012	0.768203	8.743013	
0.829552	0.949422	0.766460	0.190854	5.277948	
0.000553	0.000408	0.763113	0.000046	8.635003	
0.199540	0.855328	0.206021	0.867467	5.834678	
0.781328	0.914331	0.189496	0.789038	5.070944	
0.000087	0.313107	0.002464	0.000011	9.924481	
0.002566	0.670113	0.661175	0.667338	8.011134	
0.821960	0.849402	0.847619	0.847748	3.335606	
0.307792	0.006999	0.017612	0.291755	9.217858	
0.871452	0.881375	0.200299	0.196092	5.881190	
0.002100	0.768352	0.000026	0.000069	8.609166	
0.904317	0.788145	0.781830	0.102872	5.220959	
0.024504	0.912302	0.651638	0.000001	7.829620	
0.000000	0.000000	0.000000	0.000000	10.046850	
0.044910	0.002081	0.863635	0.638556	7.785149	
0.322774	0.008395	0.906785	0.004207	8.046299	
0.681646	0.669855	0.003089	0.641655	8.038563	
0.006098	0.649222	0.014121	0.922381	7.911878	
0.932283	0.682332	0.000118	0.000390	7.767464	
0.645629	0.000035	0.677242	0.668758	8.055742	
0.193825	0.839889	0.860132	0.193379	5.868461	
0.321932	0.058206	0.020017	0.885909	7.868397	
0.000059	0.312812	0.296161	0.000030	9.230412	
0.001664	0.000000	0.000000	0.306417	9.917171	
0.195411	0.915923	0.801013	0.830394	4.823898	
0.666872	0.667312	0.669847	0.003867	7.975818	
0.817452	0.090911	0.915000	0.833157	4.981650	
0.312194	0.346885	0.001525	0.009506	9.331659	
0.879562	0.030261	0.631812	0.034110	7.844432	
0.026435	0.639825	0.882190	0.027272	7.781687	
0.887149	0.781519	0.128897	0.779987	5.154910	
0.322774	0.876328	0.017514	0.004207	7.941627	
0.000211	0.046523	0.661175	0.907405	7.709596	
0.297827	0.000388	0.295898	0.000043	9.388761	
0.000101	0.316847	0.019985	0.353891	9.329786	
0.175779	0.819675	0.740940	0.909347	5.204037	
0.821960	0.849402	0.878483	0.847748	3.309305	
0.829552	0.958944	0.766460	0.190262	5.346720	
0.212754	0.819675	0.740940	0.909347	5.149461	
0.871452	0.881171	0.200299	0.094494	6.084985	
0.932283	0.682332	0.000026	0.000390	7.916761	
0.195053	0.764681	0.946073	0.847426	5.162052	
0.302736	0.329867	0.018166	0.000035	9.253557	
0.201769	0.000000	0.000000	0.181556	9.293515	
0.295369	0.027131	0.019985	0.879207	7.871976	
0.000517	0.002081	0.863635	0.638556	7.847985	
0.022203	0.632374	0.882190	0.026979	7.838107	
0.632758	0.315201	0.915000	0.000143	7.626503	
0.023589	0.000000	0.000000	0.000000	9.974219	
0.199546	0.839900	0.062025	0.001196	7.982602	
0.000002	0.057113	0.000057	0.887411	8.390936	
0.871452	0.876885	0.193373	0.860846	4.565120	
0.885805	0.055374	0.795335	0.298315	6.342360	
0.000554	0.000408	0.300504	0.000691	9.607308	
0.207578	0.919171	0.788167	0.830198	4.881187	
0.307792	0.023166	0.017612	0.291755	9.200779	
0.817452	0.105720	0.915000	0.833157	4.946883	
0.000087	0.000548	0.769015	0.000024	8.599688	
0.199540	0.855328	0.206021	0.867467	5.834678	
0.823545	0.768213	0.936952	0.176641	5.275623	
0.904317	0.789142	0.781830	0.110260	5.198718	
0.002288	0.847102	0.037481	0.671788	7.580516	
0.014222	0.899512	0.629539	0.000206	7.943517	
0.002566	0.664243	0.858150	0.667338	6.985287	
0.000052	0.313107	0.002464	0.000017	9.926899	
0.193825	0.839889	0.860132	0.174712	5.941068	
0.004775	0.000000	0.000000	0.297396	9.602136	
0.895414	0.876885	0.193373	0.298845	6.016024	
0.002566	0.047509	0.661175	0.667338	8.641713	
0.815129	0.006378	0.879705	0.782691	5.258833	
0.000052	0.315201	0.291474	0.000143	9.230572	
0.923290	0.020000	0.006052	0.640685	7.950896	
0.021105	0.023666	0.636839	0.887884	7.825695	
0.752045	0.000041	0.002619	0.007088	8.699507	
0.666872	0.667312	0.672817	0.002318	7.995348	
0.859117	0.881444	0.200299	0.859625	4.556719	
0.000093	0.649222	0.014121	0.922381	7.918940	
0.004775	0.321046	0.000000	0.296261	9.276431	
0.636542	0.062084	0.684204	0.000389	8.784911	
0.821960	0.849402	0.042511	0.847748	4.964551	
0.003911	0.006999	0.017612	0.291755	9.569491	
0.000052	0.315201	0.291616	0.031327	9.194700	
0.000083	0.664243	0.858150	0.681369	6.884436	
0.636542	0.001491	0.684204	0.000004	8.831125	
0.893081	0.881171	0.212726	0.291119	5.870045	
0.829478	0.771620	0.651111	0.667338	5.911996	
0.821960	0.840036	0.878483	0.156196	4.695979	
0.871452	0.881375	0.821459	0.196092	5.024102	
0.932283	0.717638	0.000118	0.643391	6.993097	
0.871452	0.876885	0.198139	0.860846	4.558262	
0.829552	0.958944	0.766460	0.190262	5.346720	
