0.597155	0.377483	1.082000	0.667858	
0.087169	0.087099	0.123346	0.985310	
0.619635	0.338472	1.434335	0.626448	
0.278224	0.683517	1.783618	0.636830	
0.596706	0.453379	1.281034	0.000062	
0.335400	0.613920	1.444947	0.676039	
0.742145	0.221888	2.590096	0.000446	
0.185377	0.185505	0.262488	0.929424	
0.350572	0.515356	0.915526	0.710096	
0.000000	0.000000	0.000000	1.000002	
0.225963	0.740583	2.540743	0.000045	
0.046941	0.046953	0.066418	0.995887	
0.671871	0.382205	2.411554	0.000000	
0.022866	0.022859	0.032342	0.999178	
0.393525	0.658211	1.160439	0.436563	
0.214575	0.720797	2.924776	0.787551	
0.442008	0.437340	0.629462	0.482859	
0.675693	0.341695	1.498468	0.014010	
0.073142	0.073022	0.103543	0.990431	
0.467235	0.574209	0.880259	0.000000	
0.127367	0.127394	0.180189	0.967198	
0.691772	0.268586	1.913666	0.545622	
0.177760	0.758147	3.380923	0.000576	
0.729764	0.210777	3.040549	0.686045	
0.561419	0.474670	0.846429	0.013430	
0.340007	0.676817	1.508692	0.000019	
0.751867	0.202736	3.382762	0.000065	
0.408102	0.655235	2.307664	0.000000	
0.284552	0.284954	0.403207	0.822851	
0.025730	0.025725	0.036390	0.998817	
0.237290	0.735396	2.396739	0.002814	
0.336760	0.612135	1.430503	0.673857	
0.598042	0.373243	1.122496	0.476628	
0.626685	0.342293	1.450781	0.578056	
0.416233	0.647006	2.091742	0.000000	
0.000000	0.000000	0.000000	1.016783	
0.286851	0.287504	0.407043	0.819941	
0.669052	0.350575	1.442667	0.021399	
0.088890	0.088957	0.125888	0.984932	
0.725966	0.195537	2.896563	0.781597	
0.253899	0.655388	1.818863	0.859467	
0.341168	0.675944	1.500107	0.000019	
0.137042	0.137082	0.193885	0.961886	
0.751867	0.202736	3.382762	0.000065	
0.458557	0.562503	0.890333	0.000000	
0.196643	0.734257	2.992087	0.660243	
0.369058	0.712873	1.348553	0.491545	
0.651850	0.254102	1.805119	0.874069	
0.743526	0.227475	2.536163	0.000001	
0.177387	0.758237	3.381549	0.000576	
0.442700	0.448022	0.636458	0.462785	
0.671270	0.382915	2.393744	0.000000	
0.598484	0.452313	1.247219	0.000000	
0.077519	0.077546	0.109700	0.988274	
0.046940	0.046953	0.066422	0.995921	
0.190381	0.190206	0.269453	0.925511	
0.554981	0.484278	1.028538	0.000000	
0.599071	0.451050	1.241164	0.000000	
0.105151	0.105571	0.149594	0.980068	
0.193441	0.732188	2.912357	0.692551	
0.751867	0.202736	3.382762	0.000065	
0.717305	0.209132	2.587799	0.743705	
0.082889	0.082871	0.117232	0.986317	
0.620799	0.348789	1.384091	0.556438	
0.046847	0.046873	0.066323	0.996104	
0.226358	0.740232	2.532877	0.000033	
0.700496	0.268785	1.955080	0.458251	
0.413537	0.651176	2.258016	0.000000	
0.315340	0.629075	1.616861	0.742560	
0.349358	0.670444	1.460021	0.001894	
0.089272	0.089325	0.126427	0.984625	
0.577794	0.451499	0.931763	0.014309	
0.761223	0.177088	3.372143	0.000575	
0.195334	0.195270	0.276334	0.920858	
0.410850	0.575665	0.992757	0.353104	
0.679838	0.346821	1.481777	0.000238	
0.523419	0.383768	0.913362	0.611480	
0.664489	0.390701	2.210368	0.000000	
0.000000	0.000000	0.000000	1.826989	
0.281496	0.681373	1.756255	0.627948	
0.177760	0.758147	3.380923	0.000576	
0.025730	0.025724	0.036392	0.998844	
0.286631	0.287909	0.408052	0.821093	
0.253932	0.655371	1.818566	0.859345	
0.321485	0.325671	0.464159	0.770638	
0.091534	0.091430	0.129540	0.983934	
0.321501	0.656364	1.735095	0.580058	
0.025730	0.025724	0.036391	0.998843	
0.413123	0.649264	2.109711	0.000001	
0.228408	0.739237	2.506284	0.002931	
0.178573	0.757861	3.356525	0.000572	
0.551287	0.410348	0.989707	0.472146	
0.565334	0.471904	1.016703	0.000000	
0.198469	0.733761	2.959758	0.653543	
0.654349	0.255167	1.811406	0.857027	
0.753800	0.195417	3.372486	0.008101	
0.651283	0.405729	1.956796	0.000000	
0.739204	0.228514	2.502776	0.000038	
0.585068	0.379637	1.188671	0.540037	
0.141365	0.141374	0.199940	0.959238	
0.666794	0.388104	2.269420	0.000000	
0.190491	0.190130	0.269658	0.925905	
0.000000	0.000000	0.000000	1.030651	
0.737721	0.201374	2.996571	0.562405	
0.364514	0.661551	1.441717	0.000066	
0.080728	0.080771	0.114313	0.987520	
0.472856	0.543215	0.827136	0.000000	
0.027924	0.027923	0.039492	0.998479	
0.409226	0.654130	2.276048	0.000000	
0.089284	0.089300	0.126313	0.984143	
0.575458	0.328821	1.244847	0.769639	
0.065104	0.065090	0.092077	0.991639	
0.000000	0.000000	0.000000	1.653200	
0.735401	0.237287	2.394829	0.000424	
0.177760	0.758147	3.380923	0.000576	
0.254622	0.654997	1.812321	0.856762	
0.657928	0.398858	2.096037	0.000000	
0.364560	0.661514	1.441406	0.000066	
0.700960	0.267509	1.965549	0.463385	
0.458349	0.562777	0.891266	0.000000	
0.722898	0.224238	2.473124	0.552069	
0.212855	0.734878	2.916320	0.534750	
0.109189	0.109230	0.154527	0.976297	
0.459207	0.427504	0.676884	0.503903	
0.334729	0.336222	0.476525	0.744033	
0.185486	0.185440	0.262374	0.928871	
0.025730	0.025724	0.036391	0.998839	
0.575723	0.448749	0.935171	0.022184	
0.293437	0.712030	2.152160	0.000000	
0.574530	0.449351	0.933818	0.014299	
0.458147	0.563040	0.892170	0.000000	
0.747679	0.216454	3.295033	0.001206	
0.162360	0.162267	0.229725	0.946324	
0.453388	0.431093	0.663653	0.497734	
0.655309	0.253386	1.827611	0.863735	
0.235324	0.738126	2.630450	0.006382	
0.658724	0.338304	1.713286	0.471763	
0.689942	0.333944	1.567061	0.000000	
0.179149	0.757677	3.344485	0.000566	
0.416783	0.645609	2.032208	0.000001	
0.253550	0.707923	2.096218	0.510813	
0.141311	0.141506	0.200226	0.960055	
0.030990	0.030989	0.043828	0.998115	
0.739542	0.196155	2.913713	0.534305	
0.025730	0.025724	0.036391	0.998839	
0.343703	0.674105	1.484024	0.000433	
0.200207	0.737616	2.818633	0.518554	
0.000000	0.000000	0.000000	2.619719	
0.450976	0.432440	0.656263	0.494501	
0.694742	0.222941	2.400084	0.888457	
0.221965	0.719907	2.463471	0.636057	
0.750286	0.203312	3.063330	0.000059	
0.178609	0.757894	3.355957	0.008063	
0.000000	0.000000	0.000000	1.584065	
0.207320	0.747914	2.840064	0.000489	
0.273183	0.676715	1.805407	0.633856	
0.575319	0.448343	0.937827	0.015003	
0.108543	0.108561	0.153549	0.976330	
0.025730	0.025725	0.036390	0.998817	
0.705108	0.262224	2.043859	0.464886	
0.449003	0.574666	0.935375	0.004199	
0.032037	0.032036	0.045309	0.997980	
0.681918	0.358126	2.150790	0.000000	
0.233544	0.233794	0.330855	0.885072	
0.286552	0.697295	1.835462	0.352327	
0.628467	0.339997	1.467320	0.583440	
0.391247	0.665111	2.281640	0.000000	
0.488025	0.520165	0.760143	0.000000	
0.409226	0.654130	2.276048	0.000000	
0.007016	0.007016	0.009923	0.999952	
0.136875	0.136915	0.193668	0.962064	
0.631340	0.288756	1.524646	0.756369	
0.275085	0.699118	1.996025	0.461736	
0.198469	0.733761	2.959758	0.653543	
0.710662	0.234608	2.393590	0.655005	
0.180584	0.757217	3.314818	0.000561	
0.159976	0.160023	0.226365	0.947750	
0.681332	0.358615	2.141462	0.000000	
0.495482	0.494572	0.702008	0.143539	
0.704899	0.260656	2.036510	0.474558	
0.368673	0.658124	1.413887	0.000065	
0.732243	0.232598	2.437665	0.296508	
0.448854	0.433627	0.648191	0.491053	
0.065105	0.065089	0.092079	0.991652	
0.183063	0.756536	3.222033	0.000062	
0.416558	0.645846	2.037491	0.000001	
0.262378	0.719435	2.059700	0.469957	
0.115213	0.115244	0.163027	0.973352	
0.390576	0.641306	1.264161	0.029036	
0.180903	0.757073	3.297702	0.000003	
0.273116	0.721466	2.270486	0.000395	
0.747679	0.216452	3.295058	0.001206	
0.185672	0.185302	0.262765	0.930060	
0.668856	0.350836	1.441067	0.021380	
0.424926	0.602598	1.050454	0.000015	
0.735670	0.209574	3.042908	0.570584	
0.215128	0.728366	2.866130	0.634132	
0.065142	0.065079	0.092156	0.992173	
0.355735	0.450255	0.737725	0.734035	
0.593534	0.434094	1.010448	0.000139	
