0.000000	0.000000	0.000000	1.000062	
0.385931	0.661509	1.492907	0.000017	
0.295959	0.296302	0.419333	0.806496	
0.545903	0.458134	0.856959	0.200907	
0.391886	0.619924	1.249445	0.301263	
0.279094	0.690434	2.195962	0.628686	
0.057496	0.057450	0.081347	0.993910	
0.694222	0.259101	1.992897	0.589147	
0.656706	0.249239	1.858384	0.882203	
0.269804	0.713200	2.019412	0.272126	
0.657849	0.472809	0.966005	0.000001	
0.170579	0.743440	3.325414	0.702897	
0.199260	0.196124	0.284309	0.928798	
0.322370	0.542815	1.062070	0.788617	
0.420356	0.521570	0.865725	0.474321	
0.742718	0.220065	3.091024	0.276436	
0.677476	0.340250	1.511571	0.000073	
0.226118	0.740190	2.534085	0.001769	
0.481240	0.348733	0.830318	0.745604	
0.124795	0.124700	0.176561	0.968881	
0.759042	0.174163	3.395040	0.002326	
0.622140	0.303470	1.421116	0.713983	
0.551139	0.401774	0.954492	0.478756	
0.173677	0.759202	3.405563	0.002333	
0.598372	0.429194	1.036249	0.003343	
0.405254	0.600352	1.079199	0.278614	
0.736837	0.172522	3.239318	0.803682	
0.251022	0.260003	0.375262	0.882183	
0.751658	0.247482	2.339397	0.000034	
0.645068	0.366260	1.480801	0.344394	
0.488698	0.520104	0.764917	0.000322	
0.708427	0.305787	2.283232	0.000740	
0.229448	0.233296	0.332726	0.896557	
0.200783	0.746574	2.908794	0.286931	
0.677151	0.339729	1.516242	0.000017	
0.656500	0.249631	1.854723	0.880674	
0.560257	0.384652	1.010060	0.527520	
0.724897	0.183482	2.960197	0.868395	
0.741410	0.205979	3.015615	0.450312	
0.360845	0.637763	1.366684	0.389383	
0.246116	0.704818	2.164728	0.591290	
0.705952	0.238940	2.201938	0.623642	
0.338968	0.677544	1.514163	0.000531	
0.173773	0.759173	3.403528	0.002331	
0.054212	0.054206	0.076671	0.994172	
0.198564	0.740356	2.971205	0.511425	
0.695191	0.326803	2.003008	0.000022	
0.631124	0.376607	1.286570	0.308105	
0.617382	0.309742	1.378637	0.697911	
0.171414	0.734180	3.238896	0.857490	
0.473212	0.653868	0.960178	0.000003	
0.566775	0.318349	1.205405	0.804722	
0.744671	0.219563	2.627502	0.001838	
0.251647	0.258747	0.371160	0.876642	
0.239296	0.231542	0.346384	0.906294	
0.039226	0.039206	0.055490	0.997266	
0.605230	0.411285	1.095011	0.208967	
0.120846	0.120692	0.171014	0.971202	
0.199256	0.196128	0.284307	0.928794	
0.267475	0.714351	2.037190	0.274235	
0.595769	0.430813	1.018473	0.000013	
0.247711	0.660491	1.893575	0.876574	
0.604701	0.482494	0.872705	0.000020	
0.454084	0.546755	0.875831	0.234865	
0.393795	0.568886	0.999510	0.452740	
0.752271	0.194698	3.003057	0.002071	
0.220153	0.749273	2.635637	0.000160	
0.130625	0.131342	0.186259	0.968516	
0.715376	0.282605	2.085469	0.001502	
0.344303	0.663915	1.527112	0.287989	
0.294342	0.606525	1.389401	0.799255	
0.057497	0.057449	0.081352	0.993945	
0.039226	0.039206	0.055490	0.997266	
0.601013	0.404106	1.077609	0.278320	
0.500012	0.478373	0.724164	0.239136	
0.174162	0.759044	3.395207	0.002326	
0.338697	0.651493	1.412428	0.386999	
0.252183	0.257841	0.368785	0.873438	
0.648760	0.340858	1.488563	0.448170	
0.643218	0.475268	0.940080	0.000005	
0.342908	0.475212	0.812158	0.758968	
0.238046	0.759625	2.461290	0.000026	
0.720998	0.261933	2.109683	0.220068	
0.197305	0.197218	0.279101	0.919171	
0.391865	0.619944	1.249582	0.301288	
0.594235	0.433220	1.007057	0.004941	
0.671940	0.348475	1.492792	0.000379	
0.750449	0.204340	3.154093	0.018795	
0.234784	0.233903	0.332907	0.886057	
0.180490	0.731892	3.211783	0.850676	
0.700762	0.274325	1.922706	0.437382	
0.742892	0.223790	2.570192	0.001801	
0.452897	0.548315	0.847583	0.265045	
0.466817	0.470350	0.667922	0.353328	
0.207084	0.745433	2.904210	0.260724	
0.656458	0.249723	1.853881	0.880323	
0.357859	0.667760	1.516629	0.000017	
0.473089	0.653864	0.960203	0.000003	
0.348636	0.495136	0.860073	0.729943	
0.594832	0.409940	1.048891	0.273010	
0.233860	0.234797	0.332733	0.885796	
0.224534	0.732625	2.508829	0.377631	
0.483111	0.340408	0.850149	0.774444	
0.640107	0.279572	1.631473	0.788069	
0.455527	0.580386	0.921387	0.000113	
0.742558	0.220383	2.610321	0.001818	
0.336721	0.679140	1.528715	0.000523	
0.605670	0.380986	1.138617	0.391586	
0.124844	0.124672	0.176693	0.969284	
0.675907	0.341557	1.506511	0.000017	
0.568536	0.453640	0.911560	0.010493	
0.054212	0.054206	0.076671	0.994172	
0.687132	0.279705	1.816833	0.538888	
0.275922	0.705579	1.981215	0.353529	
0.206110	0.748118	2.817318	0.001951	
0.706118	0.287408	1.953890	0.241623	
0.000000	0.000000	0.000000	1.000068	
0.361806	0.636892	1.355808	0.373358	
0.174188	0.759044	3.394697	0.002326	
0.418946	0.582426	1.026870	0.299072	
0.169252	0.729614	3.229788	0.942031	
0.742667	0.195719	3.032500	0.489842	
0.252183	0.257841	0.368785	0.873438	
0.340197	0.639559	1.438074	0.489984	
0.398677	0.594687	1.078898	0.349756	
0.582735	0.404885	1.017901	0.367741	
0.466696	0.470565	0.668490	0.353497	
0.696869	0.239514	2.152393	0.702753	
0.250828	0.658858	1.864006	0.864501	
0.500214	0.499880	0.707675	0.003113	
0.742119	0.221495	2.595187	0.000624	
0.636638	0.288772	1.571431	0.750127	
0.581866	0.416798	1.000125	0.293623	
0.742090	0.204166	3.049478	0.455067	
0.273764	0.699996	1.925345	0.429784	
0.208023	0.736737	2.811147	0.487642	
0.173408	0.733526	3.193267	0.846024	
0.277537	0.733648	2.025419	0.000022	
0.357312	0.486026	0.859495	0.738003	
0.028897	0.028891	0.040870	0.998460	
0.277287	0.710820	2.048153	0.274381	
0.120929	0.120284	0.171487	0.973876	
0.674155	0.346221	1.475288	0.004736	
0.391865	0.619944	1.249582	0.301288	
0.660183	0.470917	0.974288	0.000005	
0.231882	0.236362	0.337539	0.895189	
0.174154	0.759039	3.395316	0.015107	
0.252336	0.257582	0.368108	0.872526	
0.341078	0.676031	1.500636	0.000527	
0.628177	0.369035	1.281429	0.367714	
0.703175	0.273748	2.028329	0.423626	
0.255761	0.655611	1.822992	0.852270	
0.344350	0.647239	1.378040	0.379360	
0.571641	0.452917	0.917673	0.000020	
0.200709	0.748353	3.003300	0.238828	
0.464835	0.472610	0.674484	0.357885	
0.174424	0.758954	3.389548	0.022478	
0.343021	0.636889	1.404938	0.480858	
0.130761	0.131110	0.185687	0.966842	
0.742119	0.221495	2.595187	0.001830	
0.601215	0.403693	1.079321	0.278617	
0.466117	0.554293	0.870092	0.000011	
0.300039	0.688596	1.764338	0.361655	
0.025263	0.025260	0.035728	0.998784	
0.573446	0.442324	0.941194	0.154176	
0.656458	0.249723	1.853881	0.880323	
0.664108	0.357936	1.416679	0.014935	
0.532019	0.356107	0.957613	0.670792	
0.344027	0.673890	1.481942	0.000522	
0.188983	0.739365	3.327559	0.694580	
0.223323	0.747823	2.592080	0.009009	
0.595283	0.339564	1.211109	0.624518	
0.248970	0.244233	0.356233	0.882614	
0.732511	0.222211	2.605123	0.425173	
0.568584	0.453601	0.911732	0.010494	
0.730497	0.232897	2.578463	0.389224	
0.700762	0.274325	1.922706	0.437382	
0.480005	0.533686	0.804845	0.003355	
0.000000	0.000000	0.000000	1.000086	
0.572076	0.423725	0.965018	0.298192	
0.721964	0.265593	2.091284	0.000513	
0.420152	0.607094	1.066792	0.000407	
0.258547	0.251853	0.371166	0.876649	
0.640107	0.279572	1.631473	0.788069	
0.176828	0.176750	0.250135	0.935693	
0.611068	0.379722	1.175610	0.381825	
0.469347	0.464485	0.668333	0.364532	
0.197235	0.735398	2.951306	0.622295	
0.239638	0.738007	2.807725	0.001945	
0.349935	0.493736	0.853902	0.726288	
0.174188	0.759044	3.394697	0.002326	
0.492464	0.353621	0.846809	0.718598	
0.171414	0.734180	3.238896	0.857490	
0.677342	0.340444	1.510321	0.004825	
0.236186	0.734395	2.481449	0.198452	
0.289109	0.701771	2.040423	0.362843	
0.718763	0.286364	1.887495	0.368267	
0.252606	0.658393	1.881964	0.871822	
0.569732	0.453300	0.914111	0.000020	
0.394038	0.637643	1.287265	0.000458	
