0.236551	0.675880	2.056511	0.867857	
0.343326	0.674338	1.486397	0.001021	
0.565993	0.491381	1.251294	0.000072	
0.231880	0.739326	2.465375	0.002699	
0.632057	0.270383	1.610672	0.851057	
0.229779	0.230449	0.326148	0.889797	
0.068190	0.068162	0.096462	0.990972	
0.191821	0.744336	2.987484	0.466310	
0.397463	0.578538	1.028759	0.414216	
0.740880	0.202076	2.981347	0.480518	
0.738902	0.233846	2.443101	0.000513	
0.479240	0.468900	0.685849	0.331025	
0.676927	0.341272	1.503062	0.000543	
0.586376	0.396948	1.030935	0.421724	
0.000000	0.000000	0.000000	1.000005	
0.289730	0.690105	1.794049	0.415339	
0.182963	0.756712	3.331037	0.000697	
0.757396	0.180423	3.349827	0.002138	
0.167207	0.167282	0.236634	0.942699	
0.470432	0.591684	0.894690	0.000256	
0.360275	0.641345	1.473656	0.413679	
0.122777	0.122475	0.174146	0.972101	
0.586935	0.472678	0.885529	0.000254	
0.103630	0.103422	0.146910	0.980496	
0.534742	0.342256	0.989256	0.724146	
0.335386	0.478535	0.834421	0.784203	
0.637972	0.335235	1.420631	0.512549	
0.660699	0.405960	2.723980	0.000000	
0.698557	0.258707	2.011913	0.550417	
0.124075	0.124250	0.175818	0.969642	
0.679201	0.338131	1.523364	0.000549	
0.662487	0.403207	2.737046	0.000000	
0.263457	0.663652	1.972474	0.844805	
0.571523	0.401652	0.999947	0.413767	
0.601465	0.475280	1.739486	0.000094	
0.187413	0.726380	2.945400	0.828120	
0.395201	0.559238	0.975363	0.477170	
0.366726	0.445689	0.704517	0.692789	
0.000000	0.000000	0.000000	1.000006	
0.183786	0.756443	3.313930	0.000011	
0.272188	0.691389	1.910097	0.530859	
0.709549	0.271917	1.980390	0.331103	
0.353344	0.620023	1.265995	0.483355	
0.224703	0.740813	2.552248	0.001633	
0.757390	0.180310	3.353316	0.037980	
0.155833	0.155663	0.220546	0.951119	
0.671587	0.242672	1.976476	0.846328	
0.595815	0.470728	0.902858	0.000258	
0.137621	0.137262	0.195038	0.963624	
0.040715	0.040765	0.057698	0.997595	
0.382824	0.646020	1.321771	0.003546	
0.648206	0.327244	1.493469	0.508014	
0.732006	0.191312	2.958673	0.717968	
0.211466	0.211719	0.299606	0.906792	
0.487193	0.539790	0.784803	0.000061	
0.741096	0.224286	2.558297	0.002769	
0.492384	0.462757	0.719701	0.332870	
0.541212	0.348642	0.996698	0.691849	
0.490071	0.516983	0.752711	0.000432	
0.402546	0.595220	1.072041	0.321854	
0.137579	0.137303	0.195038	0.963624	
0.736324	0.214002	2.780089	0.450119	
0.198159	0.199242	0.282797	0.921527	
0.757994	0.177541	3.324725	0.003086	
0.631614	0.271080	1.605132	0.848556	
0.074287	0.074237	0.105100	0.989403	
0.373194	0.437683	0.681890	0.678588	
0.275917	0.713854	1.961341	0.323118	
0.181647	0.755968	3.299692	0.174499	
0.541920	0.362787	0.960302	0.652109	
0.618389	0.355291	1.247245	0.475652	
0.505377	0.454471	0.757066	0.343054	
0.319469	0.301341	0.466029	0.818543	
0.739195	0.234009	2.442237	0.000513	
0.695813	0.337884	2.474522	0.000000	
0.589733	0.480259	1.528331	0.000084	
0.608953	0.437332	1.252374	0.000000	
0.709568	0.271890	1.980647	0.331141	
0.397755	0.610442	1.132842	0.284137	
0.000000	0.000000	0.000000	1.225346	
0.636829	0.453753	0.999968	0.000277	
0.257695	0.665883	1.966048	0.842369	
0.226941	0.739849	2.522884	0.001616	
0.383560	0.645658	1.284907	0.001117	
0.261510	0.721227	2.736639	0.429630	
0.615612	0.427536	1.247964	0.000000	
0.705981	0.277768	1.945335	0.318869	
0.665560	0.259076	1.835693	0.775246	
0.265199	0.275587	0.398445	0.865565	
0.476082	0.477412	0.676202	0.303179	
0.259140	0.665091	1.950869	0.836596	
0.658152	0.407144	2.520171	0.000000	
0.124179	0.124096	0.175686	0.969179	
0.541770	0.362918	0.959639	0.651785	
0.193703	0.744869	3.012240	0.440441	
0.198599	0.199721	0.283549	0.921342	
0.757174	0.180911	3.339056	0.043534	
0.022855	0.022856	0.032324	0.998982	
0.741151	0.224148	2.560119	0.002770	
0.233307	0.738693	2.447699	0.002682	
0.273133	0.706166	2.060571	0.460964	
0.659350	0.339517	1.494841	0.352019	
0.396402	0.633933	1.240150	0.003378	
0.408485	0.599202	1.072168	0.268013	
0.587536	0.458333	1.191518	0.008066	
0.184119	0.756334	3.307053	0.000114	
0.736806	0.222184	2.775989	0.373446	
0.354113	0.619377	1.261516	0.482029	
0.374742	0.432518	0.666083	0.673206	
0.581249	0.474642	0.872931	0.000251	
0.041449	0.041470	0.058667	0.996931	
0.494257	0.509635	0.732043	0.022322	
0.388677	0.505873	0.848162	0.597449	
0.196103	0.752148	3.066249	0.040164	
0.022177	0.022175	0.031365	0.999101	
0.721526	0.182444	2.982820	0.932782	
0.678034	0.234769	2.075857	0.864443	
0.591076	0.338492	1.201000	0.646712	
0.129996	0.129604	0.184182	0.967943	
0.709870	0.271273	1.986228	0.331958	
0.198064	0.199423	0.283306	0.922460	
0.184344	0.756260	3.302417	0.000691	
0.582321	0.474459	0.873741	0.011626	
0.663036	0.360941	1.430520	0.009549	
0.487783	0.520703	0.763180	0.000435	
0.658577	0.406696	2.535440	0.000000	
0.354796	0.650530	1.471199	0.348511	
0.289629	0.709995	1.926858	0.012407	
0.741102	0.224173	2.559524	0.025994	
0.594534	0.314656	1.240016	0.783461	
0.234932	0.677863	2.070711	0.862516	
0.184543	0.727054	2.973582	0.835559	
0.486114	0.482506	0.693680	0.257120	
0.084398	0.084501	0.119583	0.986443	
0.757174	0.180911	3.339056	0.043534	
0.308759	0.303298	0.440908	0.801448	
0.259729	0.707024	2.077842	0.465152	
0.408922	0.599278	1.070757	0.267892	
0.313888	0.649907	1.518809	0.561736	
0.525275	0.364510	0.925169	0.655734	
0.183795	0.756440	3.313745	0.000011	
0.262656	0.727411	2.467534	0.000214	
0.745122	0.222092	2.669950	0.000556	
0.137579	0.137303	0.195038	0.963624	
0.149686	0.149789	0.211917	0.954566	
0.211466	0.211719	0.299606	0.906793	
0.236423	0.677284	2.065638	0.860622	
0.366822	0.558789	1.041386	0.602618	
0.281858	0.705542	2.017811	0.329264	
0.184958	0.726911	2.966129	0.833588	
0.615264	0.358953	1.226589	0.469583	
0.000000	0.000000	0.000000	1.449814	
0.631234	0.271710	1.600197	0.846333	
0.631606	0.395703	1.161442	0.255735	
0.708319	0.273448	1.984728	0.324514	
0.507835	0.497632	0.721696	0.001638	
0.040763	0.040791	0.057710	0.997132	
0.474052	0.541713	0.826014	0.000456	
0.475562	0.478344	0.678660	0.303797	
0.338498	0.678883	1.519408	0.002746	
0.403406	0.573425	1.001179	0.406518	
0.741215	0.202277	2.981047	0.470346	
0.756491	0.183222	3.291994	0.002103	
0.656845	0.408505	2.474522	0.000000	
0.565131	0.472977	1.031470	0.007276	
0.670502	0.244832	1.955101	0.838198	
0.474375	0.479489	0.681782	0.306787	
0.395155	0.606846	1.209015	0.363374	
0.709568	0.271890	1.980647	0.331141	
0.331798	0.690302	1.579984	0.017811	
0.286006	0.291169	0.415656	0.827338	
0.079161	0.079237	0.112121	0.988035	
0.624369	0.381858	1.195055	0.290162	
0.257729	0.665799	1.965496	0.842151	
0.232933	0.738812	2.452164	0.002686	
0.187402	0.747184	3.155719	0.460185	
0.430166	0.598008	1.040397	0.000931	
0.747738	0.211919	2.735818	0.002946	
0.669561	0.350466	1.444194	0.002636	
0.658643	0.406627	2.537811	0.000000	
0.399028	0.563202	0.976973	0.454624	
0.137575	0.137305	0.195022	0.963579	
0.756724	0.182371	3.310467	0.037519	
0.540905	0.363495	0.956411	0.650160	
0.000000	0.000000	0.000000	1.000006	
0.390391	0.418450	0.616441	0.627994	
0.198034	0.199473	0.283427	0.922683	
0.733678	0.171276	3.231396	0.864357	
0.287314	0.702828	1.985858	0.324676	
0.316038	0.642350	1.465522	0.575270	
0.354725	0.543415	1.030444	0.685528	
0.488847	0.465240	0.711650	0.330696	
0.247486	0.677719	1.964928	0.834215	
0.622715	0.349790	1.272860	0.483201	
0.129990	0.129597	0.184192	0.967943	
0.756773	0.182371	3.310889	0.005087	
0.222453	0.222473	0.314640	0.895625	
0.268428	0.789230	2.271674	0.124557	
0.733567	0.172676	3.202963	0.851513	
0.358528	0.664397	1.431201	0.002564	
