0.125897	0.125671	0.178299	0.969294	
0.035765	0.035763	0.050583	0.997495	
0.626796	0.358584	1.465235	0.523582	
0.343399	0.479091	0.820450	0.757919	
0.480949	0.348010	0.821679	0.740484	
0.276680	0.702670	1.898475	0.458110	
0.756804	0.183802	3.381200	0.000118	
0.566635	0.468140	0.868142	0.000669	
0.669941	0.350151	1.457443	0.000918	
0.638754	0.437181	2.537893	0.000000	
0.623183	0.401013	1.092432	0.438659	
0.343579	0.632904	1.399776	0.504563	
0.703239	0.286871	1.825413	0.456658	
0.069339	0.069337	0.098063	0.990368	
0.340435	0.677584	1.520847	0.003886	
0.253709	0.255941	0.363870	0.866099	
0.752175	0.225147	2.591134	0.000091	
0.464301	0.473078	0.677401	0.360530	
0.199538	0.739273	2.972231	0.532990	
0.000000	0.000000	0.000000	1.000000	
0.238703	0.801185	2.581498	0.000000	
0.661452	0.248451	1.942598	0.899659	
0.740921	0.197022	3.139609	0.560575	
0.189607	0.190013	0.269058	0.926573	
0.559811	0.499748	1.251808	0.000000	
0.109940	0.108618	0.156441	0.983538	
0.251493	0.657782	1.842304	0.859461	
0.473267	0.583343	0.878456	0.000048	
0.242836	0.739876	3.364433	0.000035	
0.169616	0.732167	3.253265	0.909515	
0.069340	0.069336	0.098067	0.990396	
0.189575	0.190072	0.269222	0.926887	
0.738607	0.201096	3.053191	0.564839	
0.747888	0.209040	2.901004	0.000175	
0.252311	0.657346	1.834814	0.856395	
0.384103	0.613297	1.163311	0.339450	
0.000000	0.000000	0.000000	1.052082	
0.225148	0.750933	2.583849	0.000172	
0.280317	0.699789	1.863362	0.457668	
0.483935	0.535359	0.788812	0.001958	
0.466655	0.468626	0.664583	0.356656	
0.756804	0.183800	3.381094	0.000034	
0.260591	0.251155	0.377114	0.883956	
0.693470	0.279684	1.864278	0.463941	
0.110915	0.110206	0.157811	0.981099	
0.677441	0.340191	1.514454	0.000000	
0.125640	0.125928	0.178299	0.969293	
0.659418	0.250607	1.918188	0.889511	
0.628950	0.395839	1.119534	0.446526	
0.194243	0.754183	3.387730	0.000035	
0.342214	0.680628	1.527702	0.000000	
0.585610	0.497361	1.741671	0.000000	
0.035826	0.035737	0.050787	0.999757	
0.343512	0.470323	0.796033	0.759820	
0.575894	0.464167	0.890997	0.000000	
0.628688	0.356363	1.484610	0.529236	
0.483330	0.343158	0.835681	0.756733	
0.682895	0.365012	2.573210	0.000000	
0.658437	0.252462	1.899717	0.881932	
0.673954	0.376248	2.306510	0.000000	
0.275951	0.701327	1.908872	0.476970	
0.591233	0.411284	1.037098	0.282997	
0.740164	0.196813	3.136519	0.579371	
0.000000	0.000000	0.000000	1.031554	
0.252494	0.657249	1.833145	0.855713	
0.260315	0.251310	0.376315	0.882874	
0.226426	0.750304	2.566622	0.000171	
0.582043	0.459863	0.910807	0.000000	
0.749770	0.204859	3.029840	0.000031	
0.506095	0.350445	0.899851	0.725100	
0.477233	0.578668	0.874003	0.000084	
0.358046	0.664121	1.409215	0.001012	
0.488771	0.473275	0.703421	0.293506	
0.646800	0.351891	1.418098	0.369436	
0.693083	0.280970	1.855744	0.454912	
0.110911	0.110210	0.157811	0.981096	
0.677261	0.339684	1.516641	0.000000	
0.189569	0.190083	0.269253	0.926947	
0.035820	0.035743	0.050789	0.999773	
0.147731	0.147336	0.209632	0.958747	
0.360766	0.471492	0.822112	0.740753	
0.758285	0.177444	3.373075	0.000034	
0.369452	0.610807	1.227428	0.455122	
0.190491	0.740844	3.025286	0.570815	
0.564816	0.495750	1.274308	0.000000	
0.194541	0.754114	3.381234	0.000035	
0.059921	0.059957	0.084820	0.993186	
0.110109	0.110967	0.157552	0.980190	
0.055004	0.054995	0.077801	0.994097	
0.606940	0.351380	1.212923	0.538527	
0.712382	0.257137	2.125306	0.474440	
0.259763	0.695082	1.986034	0.575393	
0.680483	0.229947	2.141708	0.889283	
0.485267	0.344076	0.840344	0.752094	
0.394024	0.606906	1.117124	0.309339	
0.037276	0.037273	0.052720	0.997293	
0.342128	0.680694	1.528281	0.000000	
0.127989	0.128340	0.181830	0.968584	
0.194295	0.754199	3.386741	0.000035	
0.341346	0.469032	0.795687	0.767448	
0.756804	0.183802	3.381200	0.000118	
0.597020	0.422641	1.082416	0.199835	
0.751341	0.200551	3.109459	0.000032	
0.209130	0.208718	0.296601	0.910873	
0.255046	0.655856	1.809441	0.846018	
0.739711	0.200052	3.076328	0.569288	
0.477265	0.578563	0.873760	0.000084	
0.187035	0.741826	3.067415	0.577136	
0.225571	0.750726	2.578134	0.000172	
0.415417	0.590838	0.979286	0.404201	
0.255371	0.254701	0.362699	0.863436	
0.619388	0.399023	1.093816	0.438246	
0.676972	0.341577	1.519743	0.003884	
0.599648	0.460661	1.469116	0.000000	
0.000000	0.000000	0.000000	1.053412	
0.639113	0.431664	2.250362	0.000010	
0.000000	0.000000	0.000000	1.032140	
0.497798	0.350256	0.875342	0.730958	
0.179544	0.180003	0.254944	0.934909	
0.630249	0.410466	1.099695	0.344861	
0.289027	0.620198	1.468112	0.787404	
0.616867	0.318346	1.350357	0.658284	
0.275057	0.715105	1.972053	0.319592	
0.674224	0.309559	1.616795	0.410873	
0.705005	0.300624	1.884826	0.000069	
0.498090	0.503343	0.715673	0.000073	
0.037276	0.037273	0.052720	0.997293	
0.341614	0.468777	0.795009	0.766998	
0.737707	0.201467	3.044081	0.580464	
0.279841	0.283625	0.403829	0.833985	
0.683214	0.229160	2.164471	0.879017	
0.461516	0.587588	0.935494	0.000087	
0.762961	0.202951	2.925649	0.000102	
0.339901	0.677388	1.523192	0.001078	
0.142354	0.143158	0.203351	0.962890	
0.575759	0.473855	1.202258	0.000000	
0.110835	0.110243	0.157554	0.980196	
0.350049	0.662398	1.612945	0.319227	
0.467178	0.464037	0.665661	0.370521	
0.185599	0.726941	2.939317	0.824530	
0.225715	0.750654	2.576185	0.000171	
0.669502	0.383132	2.261603	0.000000	
0.080787	0.080619	0.114516	0.989016	
0.000000	0.000000	0.000000	1.016637	
0.698208	0.304546	1.755561	0.153734	
0.037276	0.037273	0.052720	0.997293	
0.673982	0.376214	2.307253	0.000000	
0.732041	0.193203	3.033924	0.733951	
0.192780	0.745074	2.976313	0.430687	
0.081029	0.080859	0.114859	0.988943	
0.197587	0.200184	0.285026	0.925620	
0.751341	0.200551	3.109459	0.000032	
0.292988	0.295105	0.418732	0.812999	
0.558014	0.462684	0.880248	0.000454	
0.285099	0.622761	1.495971	0.799837	
0.466819	0.464178	0.664356	0.370111	
0.339078	0.678565	1.529806	0.001082	
0.315845	0.602430	1.310466	0.714954	
0.271010	0.719726	2.021403	0.287311	
0.448168	0.618596	1.062170	0.003515	
0.110785	0.110265	0.157385	0.979603	
0.142184	0.143546	0.204673	0.966414	
0.435330	0.363276	0.696382	0.718397	
0.574504	0.476854	1.222181	0.000000	
0.573390	0.386908	1.026007	0.475615	
0.221761	0.742073	2.594875	0.000000	
0.608828	0.300468	1.396280	0.775334	
0.679545	0.292901	1.845831	0.537616	
0.404034	0.603337	1.085771	0.266026	
0.601647	0.396827	1.206585	0.414173	
0.560021	0.460448	0.881583	0.000671	
0.348542	0.625870	1.290627	0.472931	
0.665830	0.386675	1.228248	0.375232	
0.157793	0.156865	0.224567	0.954969	
0.485267	0.344076	0.840344	0.752094	
0.353859	0.667038	1.434218	0.008843	
0.620414	0.291273	1.494003	0.795932	
0.274833	0.701932	1.915951	0.478514	
0.225923	0.750858	2.575077	0.000171	
0.213648	0.712713	2.452473	0.853760	
0.141961	0.143763	0.204651	0.966357	
0.194071	0.744618	2.954228	0.427688	
0.664148	0.387731	2.074470	0.000103	
0.644875	0.335863	1.396234	0.445042	
0.091036	0.090712	0.129329	0.987353	
0.037284	0.037268	0.052738	0.997483	
0.428197	0.599786	1.061740	0.081625	
0.000000	0.000000	0.000000	1.749620	
0.279825	0.283643	0.403889	0.834049	
0.699360	0.285575	1.934791	0.372714	
0.737870	0.201202	3.044980	0.578684	
0.570536	0.477966	1.142735	0.000000	
0.463952	0.463791	0.656376	0.373525	
0.728891	0.254888	2.232381	0.008464	
0.643242	0.424001	2.180701	0.000001	
0.349942	0.494365	0.856922	0.727312	
0.404440	0.407612	0.579018	0.588026	
0.207092	0.761222	2.875900	0.000101	
0.463568	0.465540	0.660059	0.372400	
0.037276	0.037273	0.052720	0.997293	
