0.347608	0.002553	0.273516	0.006092	9.511842	
0.832742	0.121830	0.061786	0.351696	7.721677	
0.772595	0.803962	0.059910	0.901478	5.286806	
0.366528	0.890343	0.005839	0.000190	8.105120	
0.904095	0.651080	0.023381	0.014897	7.784925	
0.000646	0.000465	0.746375	0.002660	8.744205	
0.247669	0.868331	0.198984	0.851977	5.805540	
0.002503	0.855302	0.338104	0.019739	7.968214	
0.347608	0.002553	0.000216	0.294926	9.299572	
0.016556	0.005165	0.345597	0.866472	8.019539	
0.290185	0.000002	0.000000	0.000296	9.608158	
0.050324	0.872580	0.089628	0.361775	7.827788	
0.000000	0.304613	0.000000	0.000000	9.614240	
0.785992	0.113826	0.894112	0.778434	5.191113	
0.903012	0.884723	0.206410	0.311820	5.941433	
0.891171	0.121285	0.809758	0.793294	4.985800	
0.000011	0.000160	0.002881	0.755405	8.682181	
0.004930	0.344286	0.819620	0.054327	7.974032	
0.078821	0.785667	0.919208	0.824918	5.181187	
0.180774	0.168669	0.875706	0.861952	5.929466	
0.669042	0.000213	0.666815	0.679002	7.916352	
0.020555	0.661015	0.030838	0.916369	7.751662	
0.804567	0.924454	0.001703	0.823103	5.300639	
0.779051	0.932906	0.906394	0.109525	5.248048	
0.185608	0.917924	0.847378	0.861754	4.693887	
0.005210	0.664997	0.677147	0.666538	7.932351	
0.001036	0.000312	0.275555	0.005903	9.575403	
0.026698	0.000010	0.856349	0.286946	7.866179	
0.000000	0.000000	0.000000	0.000000	10.001245	
0.002602	0.354669	0.024119	0.292237	9.282514	
0.036066	0.025319	0.309658	0.353205	9.271240	
0.697953	0.020664	0.001526	0.908841	7.478072	
0.004003	0.273258	0.338410	0.031290	9.307157	
0.000581	0.764918	0.004180	0.014282	8.631241	
0.749389	0.000000	0.000046	0.000937	8.724571	
0.780320	0.785609	0.917185	0.122310	5.246022	
0.951418	0.786193	0.150565	0.819077	5.202119	
0.674747	0.682456	0.663723	0.004114	7.914887	
0.655238	0.680910	0.009970	0.664633	8.030603	
0.831627	0.848804	0.823705	0.824861	3.363985	
0.349527	0.010291	0.916945	0.122310	7.897471	
0.002945	0.002553	0.000216	0.294904	9.597405	
0.871470	0.265435	0.264942	0.857528	5.813545	
0.277224	0.300429	0.006614	0.001485	9.247711	
0.904801	0.038477	0.635824	0.036043	7.835258	
0.262022	0.721971	0.815008	0.862565	5.210924	
0.112751	0.785658	0.919540	0.827327	5.090736	
0.290185	0.018984	0.246229	0.013849	9.151906	
0.000011	0.004701	0.193916	0.040301	9.559645	
0.185608	0.168669	0.875706	0.861952	5.921022	
0.904801	0.038477	0.636765	0.000139	7.878351	
0.806453	0.093839	0.174778	0.824839	6.256146	
0.904095	0.651080	0.046311	0.014897	7.747313	
0.893752	0.098108	0.810294	0.815689	4.956372	
0.290185	0.000002	0.000001	0.000000	9.642203	
0.290185	0.263779	0.185257	0.000000	8.823917	
0.779697	0.785609	0.916945	0.122310	5.248533	
0.951418	0.777287	0.150565	0.846099	5.194371	
0.000008	0.000000	0.016657	0.000000	9.981347	
0.000000	0.000010	0.858014	0.286946	7.899219	
0.927468	0.884723	0.206410	0.311532	6.046596	
0.180902	0.803962	0.059910	0.901478	6.551346	
0.949677	0.025784	0.150565	0.819077	6.665958	
0.831627	0.848804	0.863819	0.823788	3.312693	
0.000008	0.271672	0.338410	0.017952	9.323280	
0.743999	0.803940	0.059910	0.932964	5.608419	
0.806453	0.117600	0.901254	0.665615	5.907976	
0.000646	0.000465	0.746202	0.002660	8.745388	
0.294574	0.042292	0.868861	0.015717	7.837993	
0.335461	0.002653	0.000216	0.294926	9.270532	
0.002602	0.329929	0.037422	0.292237	9.205007	
0.030115	0.000129	0.000045	0.292592	9.586115	
0.049310	0.005400	0.345597	0.836478	7.946712	
0.000581	0.764918	0.006458	0.014408	8.601301	
0.025234	0.745796	0.935810	0.019663	7.226897	
0.000000	0.000010	0.369527	0.287695	9.396077	
0.749389	0.000000	0.000046	0.000007	8.726031	
0.247669	0.866709	0.255193	0.776152	6.016935	
0.000647	0.002024	0.012195	0.869994	8.297075	
0.806453	0.117600	0.901254	0.776320	5.123026	
0.801848	0.924454	0.168721	0.823103	4.923560	
0.002503	0.855302	0.338104	0.019696	7.968300	
0.247669	0.868331	0.201360	0.861513	5.800305	
0.290292	0.821325	0.004134	0.012604	7.968355	
0.890924	0.807835	0.818221	0.054327	5.045535	
0.000644	0.156796	0.012444	0.002713	9.671639	
0.806453	0.114613	0.081285	0.824839	6.423542	
0.648384	0.168685	0.669537	0.676603	7.700142	
0.814265	0.001242	0.007701	0.294904	7.976999	
0.247669	0.868331	0.201360	0.851977	5.802300	
0.012614	0.255666	0.336961	0.352769	8.961733	
0.195946	0.785667	0.919208	0.824918	4.929466	
0.290185	0.120074	0.208815	0.015773	8.949289	
0.903938	0.688136	0.815008	0.862565	4.391315	
0.002602	0.329929	0.039799	0.292237	9.200930	
0.251785	0.131964	0.810294	0.815689	6.169034	
0.001036	0.000312	0.006459	0.296831	9.647225	
0.840875	0.913726	0.165673	0.776292	4.969911	
0.794594	0.790112	0.895093	0.113037	5.093832	
0.013819	0.868331	0.230806	0.851977	6.183759	
