0.016582	0.017626	0.013186	0.755812	10.640343	
0.011955	0.836723	0.868651	0.230651	7.476761	
0.000033	0.014808	0.004729	0.249186	10.707876	
0.933224	0.202236	0.280727	0.818118	7.421160	
0.814760	0.789350	0.817695	0.212216	5.888106	
0.000283	0.009426	0.293654	0.000201	12.031653	
0.038298	0.790228	0.005078	0.244671	9.185170	
0.643439	0.755526	0.000493	0.659295	9.808688	
0.316540	0.008502	0.022416	0.228720	10.574191	
0.010797	0.778978	0.009225	0.005430	10.558024	
0.019680	0.329106	0.021292	0.240117	10.815548	
0.001399	0.300907	0.000120	0.000203	11.443866	
0.497136	0.027379	0.817164	0.000017	9.501851	
0.000199	0.030487	0.910826	0.691726	9.403555	
0.011501	0.795111	0.799366	0.701232	8.129989	
0.000356	0.024049	0.372364	0.897561	9.474983	
0.872410	0.880533	0.062894	0.820259	5.910009	
0.888535	0.855045	0.859887	0.848890	4.868775	
0.649642	0.014632	0.005546	0.877846	8.854453	
0.095159	0.250248	0.019618	0.816976	9.273541	
0.927547	0.014979	0.005541	0.248907	9.290557	
0.000095	0.806592	0.913892	0.018548	8.410926	
0.496685	0.889872	0.021422	0.008027	9.614970	
0.882815	0.790290	0.036786	0.812831	6.380388	
0.670784	0.009683	0.770726	0.755812	8.761882	
0.840688	0.005975	0.292459	0.060751	9.354606	
0.313013	0.006000	0.003438	0.006229	11.240127	
0.008582	0.214291	0.302507	0.015207	11.016497	
0.952264	0.015496	0.799337	0.822534	6.730982	
0.000437	0.812991	0.376152	0.017478	9.487634	
0.069171	0.826523	0.717089	0.907279	6.804037	
0.350754	0.001458	0.375764	0.012438	11.202772	
0.523175	0.797561	0.736588	0.007102	9.128999	
0.001408	0.006011	0.739189	0.020909	10.562032	
0.000274	0.023985	0.359187	0.244260	10.886103	
0.872165	0.007954	0.952899	0.766093	6.939621	
0.880092	0.790310	0.036786	0.010584	8.159918	
0.850579	0.790228	0.016299	0.244671	7.369748	
0.000022	0.001275	0.000434	0.000492	11.773104	
0.355633	0.312460	0.010487	0.000203	10.816918	
0.758850	0.007954	0.008178	0.045447	10.159817	
0.789032	0.015126	0.021374	0.033802	10.149111	
0.000033	0.014808	0.005081	0.249170	10.778238	
0.953632	0.809243	0.709488	0.017837	7.830160	
0.010797	0.778978	0.009225	0.005430	10.558024	
0.001662	0.008040	0.293018	0.020061	11.069854	
0.872752	0.825280	0.062337	0.009034	8.465560	
0.011909	0.292008	0.186029	0.000203	11.014484	
0.917105	0.054693	0.727239	0.818118	6.995624	
0.009703	0.891834	0.003438	0.907279	8.053751	
0.318030	0.198510	0.881802	0.003927	9.316146	
0.204175	0.008616	0.005863	0.221702	10.454125	
0.000160	0.009683	0.017219	0.755812	10.877460	
0.846082	0.007978	0.302570	0.033802	9.518268	
0.842536	0.005351	0.004946	0.243928	9.407469	
0.872165	0.007963	0.939225	0.774962	6.950451	
0.001407	0.292869	0.308181	0.205199	10.379117	
0.350837	0.008282	0.297709	0.048107	10.702306	
0.208331	0.221845	0.881802	0.283820	8.847305	
0.004151	0.329106	0.025316	0.234840	11.006434	
0.221441	0.885957	0.028335	0.230546	8.448323	
0.814760	0.790228	0.016299	0.244671	7.442626	
0.000274	0.004773	0.307632	0.228732	11.238873	
0.330110	0.006000	0.003438	0.006229	11.148912	
0.000207	0.018800	0.916182	0.126092	9.499559	
0.011555	0.007834	0.372540	0.897561	9.707043	
0.001273	0.813696	0.712776	0.907279	7.074795	
0.840888	0.330876	0.003438	0.901190	8.118557	
0.001408	0.808920	0.758542	0.239522	7.982610	
0.878124	0.790290	0.039622	0.825295	6.213561	
0.917302	0.893044	0.868651	0.818118	4.788720	
0.355633	0.300907	0.000120	0.000203	11.105351	
0.649642	0.748646	0.033953	0.675609	9.110897	
0.317470	0.897678	0.012907	0.019653	9.699433	
0.952264	0.015249	0.799337	0.818118	6.793529	
0.002011	0.001275	0.000302	0.000492	12.122643	
0.806575	0.826523	0.021887	0.822331	6.358308	
0.000095	0.847921	0.916182	0.007137	8.568316	
0.872165	0.001166	0.952899	0.786226	7.216949	
0.995104	0.032500	0.868651	0.230651	8.214036	
0.217623	0.246022	0.019074	0.001749	10.513974	
0.004151	0.347076	0.006492	0.234840	10.941205	
0.346149	0.003160	0.294741	0.048107	11.083884	
0.872165	0.007963	0.939225	0.754179	6.972146	
0.001970	0.001458	0.372540	0.917592	9.778199	
0.002377	0.781033	0.000985	0.000484	9.924954	
0.002377	0.001164	0.000434	0.000484	11.515684	
0.882815	0.790290	0.036786	0.825295	6.326819	
0.001273	0.806303	0.721313	0.052478	8.901160	
0.009288	0.006011	0.739189	0.020909	10.436510	
0.004151	0.333494	0.699833	0.000104	10.758556	
0.839018	0.008047	0.021197	0.239380	9.505432	
0.662455	0.005351	0.005164	0.893228	9.157505	
0.843803	0.781017	0.004946	0.248293	8.537476	
0.342424	0.008282	0.026243	0.048107	10.753542	
0.806575	0.826523	0.288396	0.822331	6.030704	
0.057312	0.017626	0.005032	0.755812	10.466510	
0.000057	0.831771	0.918194	0.764139	7.267520	
0.204175	0.001903	0.024688	0.221702	10.239985	
0.008741	0.853646	0.881802	0.210609	8.344396	
