0.033603	0.634744	0.908638	0.014848	7.895079	
0.012959	0.913584	0.649181	0.000043	7.896242	
0.669822	0.001779	0.663538	0.669114	7.982117	
0.008264	0.046105	0.297204	0.863318	7.837677	
0.866586	0.795090	0.788783	0.221100	4.848403	
0.000000	0.000000	0.000000	0.000000	10.000244	
0.878387	0.636130	0.021044	0.052033	7.764679	
0.033603	0.634744	0.052248	0.923915	7.901879	
0.121719	0.794118	0.784572	0.925730	5.223553	
0.669288	0.666768	0.002996	0.663787	7.999009	
0.280284	0.000284	0.000000	0.000000	9.585352	
0.132074	0.782646	0.919314	0.771825	5.296062	
0.102500	0.208508	0.851816	0.865000	6.032541	
0.008371	0.003567	0.286776	0.000077	9.578869	
0.838625	0.882874	0.030898	0.811969	5.005800	
0.006893	0.000142	0.749147	0.000878	8.717555	
0.313662	0.000002	0.297208	0.000628	9.232129	
0.769302	0.797770	0.110056	0.925730	5.319925	
0.001244	0.279003	0.000310	0.001061	9.584057	
0.024728	0.066495	0.842691	0.311639	7.808580	
0.276161	0.021017	0.000028	0.266455	9.135746	
0.198349	0.855874	0.868771	0.134949	5.971065	
0.000000	0.000000	0.313964	0.324454	9.277878	
0.130702	0.933325	0.767972	0.806602	5.281868	
0.376354	0.345360	0.000000	0.022116	9.440849	
0.899262	0.012915	0.620757	0.023127	7.967821	
0.001724	0.666212	0.662827	0.666376	8.031979	
0.000000	0.000000	0.000000	0.289046	9.594196	
0.033487	0.912777	0.014046	0.660693	7.810510	
0.854265	0.018238	0.895705	0.784961	5.156992	
0.823958	0.889860	0.831605	0.000628	5.035752	
0.000434	0.345044	0.042226	0.307476	9.254014	
0.007267	0.346333	0.271159	0.000029	9.267671	
0.756133	0.003266	0.000067	0.000204	8.678355	
0.849750	0.856335	0.845387	0.853222	3.242639	
0.660377	0.009011	0.902196	0.005984	7.814861	
0.867353	0.218777	0.217720	0.856534	5.794869	
0.919987	0.816916	0.084052	0.789006	5.173841	
0.000665	0.759987	0.000041	0.000122	8.695287	
0.861560	0.863313	0.207156	0.226175	5.998269	
0.901267	0.116638	0.826569	0.855708	4.814588	
0.867624	0.018871	0.018370	0.635692	7.823844	
0.856380	0.784624	0.912552	0.018895	5.215367	
0.129181	0.852953	0.177253	0.856695	6.012398	
0.663450	0.663539	0.667320	0.004619	8.039832	
0.668690	0.036007	0.018790	0.944175	7.831479	
0.901799	0.232027	0.881945	0.197168	5.901855	
0.661789	0.881275	0.000330	0.045630	7.631007	
0.001723	0.000029	0.000346	0.758008	8.667413	
0.852560	0.350833	0.023476	0.085404	7.842671	
0.695047	0.001802	0.000000	0.650057	8.579004	
0.259984	0.941467	0.014042	0.637183	7.774964	
0.901799	0.237606	0.881945	0.200083	5.895950	
0.000665	0.759987	0.000041	0.000697	8.654092	
0.861560	0.913815	0.206549	0.006923	6.523090	
0.144388	0.855874	0.868771	0.225291	5.920515	
0.030197	0.098826	0.845800	0.856246	6.827463	
0.856380	0.842615	0.870817	0.014266	4.922344	
0.865398	0.793177	0.788783	0.221100	5.016268	
0.259984	0.247921	0.319620	0.215740	8.415911	
0.669822	0.001702	0.665396	0.669114	7.968925	
0.030131	0.347182	0.842691	0.008263	7.969425	
0.856380	0.163706	0.115469	0.826382	6.518490	
0.784544	0.797752	0.111668	0.913784	5.177315	
0.000434	0.345044	0.046659	0.307476	9.245610	
0.108985	0.209442	0.313030	0.000628	9.058412	
0.130702	0.882874	0.767438	0.811969	5.076027	
0.901267	0.117002	0.826569	0.857149	4.811348	
0.129181	0.029407	0.191851	0.844049	7.660595	
0.308084	0.036235	0.870508	0.016606	7.864508	
0.012803	0.000142	0.749147	0.000027	8.711326	
0.162355	0.207304	0.851816	0.865000	5.895610	
0.670950	0.842615	0.870817	0.014266	5.916941	
0.007050	0.913584	0.649181	0.000841	7.902493	
0.000198	0.000142	0.273286	0.002783	9.577261	
0.000170	0.021086	0.000000	0.017135	9.957808	
0.867624	0.018871	0.638084	0.000184	7.857658	
0.000136	0.010953	0.307759	0.324423	9.255822	
0.280284	0.000000	0.000000	0.000000	9.585593	
0.147565	0.861177	0.868771	0.674014	5.628348	
0.259984	0.247921	0.031848	0.206712	8.953600	
0.150554	0.784406	0.912951	0.784415	5.150917	
0.852879	0.833254	0.279735	0.281852	5.818739	
0.878387	0.636130	0.021044	0.924665	6.313409	
0.034390	0.345044	0.046659	0.857875	7.889124	
0.884132	0.792015	0.816784	0.918215	3.626672	
0.054865	0.000142	0.756892	0.835865	6.921991	
0.346260	0.002180	0.322975	0.853222	7.662247	
0.136944	0.794101	0.786163	0.913784	5.125642	
0.763567	0.001344	0.000048	0.000204	8.634750	
0.919987	0.816916	0.084052	0.820195	5.051786	
0.000005	0.279003	0.000066	0.001061	9.585711	
0.850555	0.799185	0.053380	0.221100	6.604542	
0.669822	0.001612	0.663538	0.862506	6.973535	
0.147722	0.000000	0.313964	0.343633	9.025951	
0.280284	0.000284	0.014756	0.008340	9.559533	
0.000586	0.913584	0.649181	0.000311	7.909965	
0.276161	0.031150	0.000028	0.266455	9.121170	
0.000005	0.279003	0.000066	0.002473	9.584545	
0.668690	0.048211	0.018904	0.931817	7.738039	
