0.785603	0.202713	0.790530	0.890204	4.943432	
0.659765	0.909887	0.002289	0.045775	7.814144	
0.858556	0.817283	0.889838	0.830947	3.372707	
0.006982	0.301280	0.828238	0.041158	7.894473	
0.879078	0.191071	0.878519	0.234033	5.854247	
0.791977	0.879541	0.776023	0.119002	5.134992	
0.000000	0.000000	0.000000	0.270033	9.580981	
0.161409	0.816700	0.889893	0.820636	4.771705	
0.000094	0.750896	0.000014	0.001193	8.784136	
0.000731	0.909887	0.643271	0.045775	7.839945	
0.822068	0.899363	0.027646	0.755493	5.398407	
0.000000	0.000000	0.000000	0.000000	10.001266	
0.656537	0.001176	0.702982	0.672611	7.794783	
0.094814	0.856856	0.813228	0.902723	4.911021	
0.805997	0.189272	0.902767	0.831631	4.820156	
0.668755	0.651314	0.006031	0.676648	8.033054	
0.770982	0.000017	0.000000	0.000842	8.590086	
0.844733	0.820703	0.085332	0.926883	5.048666	
0.638424	0.000173	0.017650	0.914412	7.937139	
0.000035	0.284886	0.001773	0.001182	9.589457	
0.982182	0.002421	0.722200	0.004490	7.767981	
0.000030	0.000016	0.312829	0.000153	9.646111	
0.863400	0.197916	0.200479	0.865812	5.839905	
0.008613	0.016593	0.877194	0.310258	7.923540	
0.000396	0.000016	0.656099	0.923782	7.884959	
0.149594	0.199634	0.887755	0.830709	6.003730	
0.863746	0.286758	0.075983	0.023643	7.745582	
0.002558	0.000126	0.000051	0.767111	8.922145	
0.196392	0.859269	0.882242	0.254985	5.883214	
0.343518	0.000432	0.315544	0.000000	9.333557	
0.347069	0.310609	0.019689	0.002845	9.307218	
0.269899	0.865671	0.238863	0.838936	5.801975	
0.685790	0.668210	0.680658	0.004318	7.771835	
0.347781	0.000000	0.009169	0.000000	9.799839	
0.002186	0.020470	0.297800	0.305213	9.194791	
0.094814	0.861791	0.813228	0.767439	5.139202	
0.002138	0.668255	0.692227	0.652908	7.916093	
0.351617	0.000127	0.011776	0.336994	9.371229	
0.041140	0.891785	0.023981	0.649323	7.724652	
0.770982	0.000017	0.906966	0.000000	7.082671	
0.031274	0.288771	0.000091	0.296047	9.200834	
0.000033	0.286214	0.338934	0.000003	9.273588	
0.000030	0.003643	0.774191	0.005792	8.573181	
0.031274	0.353585	0.069917	0.863013	7.875569	
0.859985	0.044493	0.016263	0.355536	7.945337	
0.016583	0.044061	0.655877	0.890744	7.677607	
0.205081	0.674901	0.775547	0.070207	7.432675	
0.196392	0.859269	0.879330	0.012719	6.291652	
0.008677	0.299985	0.828238	0.313921	7.578507	
0.785603	0.202713	0.746174	0.890204	5.206604	
0.858556	0.835001	0.072290	0.806972	4.933308	
0.000035	0.289080	0.317142	0.001182	9.232290	
0.347742	0.000367	0.311305	0.000009	9.324103	
0.000030	0.004161	0.774191	0.006063	8.572090	
0.000000	0.000000	0.002877	0.269788	9.578587	
0.663792	0.675993	0.775547	0.005871	7.219324	
0.002732	0.748177	0.000082	0.000008	8.731749	
0.042617	0.891785	0.038050	0.649323	7.696895	
0.000101	0.668255	0.682812	0.652908	7.991966	
0.006593	0.000365	0.000492	0.004644	9.987934	
0.343388	0.003843	0.007334	0.336994	9.353541	
0.879078	0.200281	0.875864	0.246367	5.832275	
0.229253	0.808388	0.762531	0.898045	4.996143	
0.858556	0.213355	0.887853	0.829791	4.585259	
0.656537	0.001211	0.789332	0.008754	7.915764	
0.010537	0.000127	0.279571	0.000011	9.585737	
0.858556	0.819126	0.889838	0.214697	4.620514	
0.352694	0.000000	0.000000	0.000000	9.819525	
0.785603	0.202713	0.051805	0.890204	6.384063	
0.785001	0.289278	0.000091	0.297030	7.809979	
0.844733	0.847473	0.085332	0.926883	5.021954	
0.654728	0.857600	0.000440	0.051172	7.813367	
0.303853	0.865482	0.234204	0.860194	5.831789	
0.949554	0.006695	0.722200	0.001373	7.533900	
0.196392	0.854536	0.878491	0.275286	5.834363	
0.031274	0.349310	0.078392	0.863013	7.843435	
0.668755	0.651314	0.004637	0.681118	8.002083	
0.637572	0.628196	0.025710	0.010107	9.089338	
0.000000	0.000000	0.000028	0.828998	8.631849	
0.012646	0.002158	0.362402	0.267227	9.304544	
0.006982	0.301280	0.001385	0.012480	9.591302	
0.656537	0.001176	0.789897	0.672611	7.347301	
0.858556	0.835001	0.887853	0.830020	3.319673	
0.770982	0.000017	0.000000	0.000000	8.687641	
0.031274	0.283989	0.001385	0.297802	9.196011	
0.208851	0.808330	0.990773	0.856811	5.235531	
0.323439	0.857600	0.000440	0.009369	7.944960	
0.006982	0.287531	0.831038	0.041632	7.881471	
0.954908	0.200281	0.792250	0.246367	6.318129	
0.636866	0.000000	0.000002	0.000585	9.548014	
0.012343	0.001176	0.702982	0.854589	7.646911	
0.193539	0.851113	0.019689	0.002845	8.101056	
0.031274	0.856721	0.069917	0.863013	6.467622	
0.656537	0.001176	0.789332	0.008754	7.927779	
0.912024	0.202713	0.833362	0.890204	4.702574	
0.868122	0.655556	0.657924	0.839034	5.443795	
0.031274	0.349310	0.078392	0.832189	7.870158	
0.048086	0.000016	0.312829	0.012913	9.597121	
0.000000	0.000000	0.001965	0.828998	8.356727	
0.032078	0.248853	0.710982	0.294333	8.152460	
