0.000031	0.000660	0.000000	0.765214	8.623429	
0.008445	0.755425	0.000068	0.000069	8.676231	
0.000969	0.862623	0.648079	0.012168	7.758439	
0.921719	0.822114	0.032051	0.810534	5.205531	
0.796770	0.767186	0.132754	0.887212	5.143068	
0.665823	0.921075	0.015539	0.000162	7.779720	
0.665318	0.028401	0.026942	0.913347	7.696306	
0.809084	0.881673	0.841111	0.041694	4.993003	
0.000000	0.340860	0.013830	0.899182	8.051763	
0.027235	0.657665	0.930723	0.005209	7.862976	
0.064311	0.796310	0.050225	0.307452	7.969649	
0.888568	0.043214	0.000089	0.623068	7.907409	
0.000000	0.286708	0.000001	0.000203	9.592146	
0.669685	0.665655	0.004475	0.666424	8.075795	
0.666028	0.000034	0.667300	0.672814	7.955653	
0.025046	0.363086	0.006915	0.320063	9.393950	
0.276789	0.327299	0.000292	0.000195	9.240710	
0.837087	0.826687	0.841111	0.832196	3.331387	
0.000000	0.000000	0.000001	0.000000	10.001426	
0.756327	0.000000	0.000001	0.000000	8.679411	
0.000000	0.000000	0.289949	0.000243	9.595408	
0.278291	0.001201	0.289949	0.002915	9.175306	
0.878533	0.828696	0.841736	0.017320	4.965038	
0.154742	0.809967	0.957582	0.805338	5.179248	
0.934386	0.653865	0.021318	0.029210	7.887136	
0.280637	0.000000	0.000001	0.000000	9.586914	
0.172030	0.913962	0.775880	0.795890	5.097598	
0.896339	0.061608	0.864968	0.832119	4.910923	
0.011497	0.003652	0.675748	0.925808	7.729282	
0.000000	0.000000	0.000001	0.287388	9.610537	
0.679363	0.661813	0.670394	0.000406	7.977537	
0.016679	0.034562	0.870059	0.615434	7.918584	
0.900580	0.017672	0.834316	0.925808	5.164247	
0.827373	0.862623	0.134703	0.781428	4.922078	
0.665293	0.027579	0.923919	0.020204	7.754532	
0.308548	0.005146	0.013352	0.301419	9.210408	
0.000111	0.657527	0.669851	0.678359	7.968720	
0.210621	0.779535	0.776563	0.902731	5.084914	
0.005107	0.000403	0.773577	0.000001	8.614109	
0.015664	0.000660	0.310253	0.336347	9.278842	
0.019937	0.343323	0.238298	0.000088	9.252601	
0.906628	0.000239	0.646534	0.010123	7.859767	
0.664927	0.902257	0.012329	0.000564	7.713735	
0.859524	0.209032	0.858592	0.062768	6.180993	
0.154867	0.809967	0.957582	0.805338	5.178978	
0.797887	0.797561	0.132754	0.887212	4.977816	
0.022541	0.044034	0.293534	0.018918	9.580473	
0.001130	0.662688	0.662621	0.003055	9.336190	
0.669685	0.665655	0.000001	0.674364	8.038710	
0.896917	0.061822	0.902507	0.831767	4.983925	
0.218257	0.775522	0.776563	0.907080	5.115039	
0.665318	0.028310	0.026942	0.913347	7.698740	
0.005107	0.000408	0.015679	0.000162	9.977196	
0.837087	0.826687	0.841111	0.840064	3.317487	
0.278291	0.000000	0.289949	0.000000	9.179636	
0.005897	0.757495	0.000068	0.000069	8.745513	
0.010930	0.000144	0.866933	0.018918	8.300326	
0.019937	0.003704	0.774073	0.915550	7.023231	
0.041742	0.015085	0.014381	0.307523	9.555676	
0.917735	0.822114	0.268623	0.810534	4.895960	
0.000031	0.000660	0.000001	0.767775	8.607558	
0.000000	0.286708	0.000076	0.000152	9.592296	
0.064266	0.796310	0.000001	0.306110	8.045525	
0.000031	0.000328	0.901347	0.765214	6.999549	
0.679022	0.663180	0.659981	0.008421	8.034974	
0.003238	0.773091	0.023559	0.907080	7.069186	
0.863425	0.935047	0.877556	0.012168	5.144941	
0.878337	0.828696	0.841111	0.004446	4.981020	
0.883675	0.831516	0.276293	0.295459	5.892600	
0.038195	0.652229	0.930723	0.005246	7.885930	
0.274202	0.009358	0.000305	0.000157	9.571435	
0.756327	0.000000	0.000001	0.000000	8.698547	
0.308548	0.005146	0.002442	0.298035	9.245126	
0.169526	0.915122	0.778627	0.807772	5.043669	
0.016907	0.363086	0.000058	0.313979	9.428951	
0.797647	0.008538	0.310253	0.336347	7.738042	
0.000969	0.860415	0.622933	0.011744	7.920692	
0.000111	0.655558	0.669851	0.678359	7.982604	
0.005449	0.061822	0.656793	0.674980	8.711720	
0.286703	0.000001	0.820200	0.001324	7.957656	
0.221448	0.262726	0.016151	0.028803	9.134308	
0.787387	0.024002	0.629575	0.919279	6.918925	
0.861594	0.027017	0.841111	0.835347	4.924891	
0.312148	0.822114	0.268623	0.010509	7.698269	
0.756327	0.000000	0.000001	0.000000	8.679411	
0.035010	0.000660	0.000000	0.765214	8.576296	
0.276789	0.652369	0.000290	0.000195	9.022162	
0.864075	0.862623	0.877556	0.012168	4.923067	
0.910202	0.659500	0.776286	0.867811	4.661711	
0.025470	0.000144	0.300876	0.291501	9.226576	
0.218835	0.775522	0.751729	0.907080	5.267115	
0.016907	0.363086	0.012355	0.295362	9.359986	
0.064311	0.796310	0.027406	0.294491	7.976388	
0.665293	0.027579	0.923919	0.101517	7.644738	
0.147257	0.808541	0.940994	0.292595	6.324503	
0.304877	0.043091	0.644010	0.000406	9.049830	
0.921719	0.812884	0.032051	0.795390	5.424507	
0.910416	0.043091	0.644010	0.813739	6.493855	
0.221448	0.262726	0.023499	0.795843	7.700339	
0.030022	0.017672	0.834316	0.925808	6.752820	
