0.000005	0.002953	0.001174	0.763796	8.668001	
0.000319	0.000000	0.287306	0.300571	9.234842	
0.168980	0.208176	0.906352	0.895119	6.023363	
0.933633	0.024887	0.683599	0.014500	7.687263	
0.905249	0.159706	0.778863	0.813719	5.015209	
0.774294	0.794417	0.130825	0.902580	5.163524	
0.913183	0.240787	0.132697	0.893432	6.094969	
0.000147	0.000002	0.757529	0.008230	8.796703	
0.768949	0.875886	0.143060	0.789271	5.130483	
0.759675	0.001089	0.001208	0.000619	8.758500	
0.000589	0.296216	0.000239	0.000184	9.713916	
0.334183	0.858018	0.042785	0.032027	7.879453	
0.658078	0.000249	0.680295	0.660336	8.025165	
0.905056	0.667456	0.028877	0.020761	7.661520	
0.829345	0.845568	0.855547	0.849205	3.287503	
0.327896	0.004799	0.016126	0.302213	9.258121	
0.000534	0.000000	0.301870	0.000001	9.618519	
0.017152	0.389028	0.042522	0.336860	9.404973	
0.000732	0.926821	0.027097	0.650137	7.923470	
0.134720	0.797928	0.805229	0.919141	5.062358	
0.010024	0.952420	0.679695	0.002273	7.865576	
0.635376	0.666651	0.001252	0.673843	8.170306	
0.000325	0.663068	0.683599	0.660336	7.953639	
0.019683	0.661793	0.940468	0.022710	7.880241	
0.125369	0.799109	0.931792	0.767445	5.334632	
0.010605	0.012491	0.951863	0.658653	8.006819	
0.327820	0.011269	0.280191	0.005100	9.228580	
0.000381	0.750687	0.001619	0.000011	8.723046	
0.886192	0.021657	0.034850	0.653245	7.696914	
0.000145	0.000000	0.000001	0.300571	9.720731	
0.829345	0.141423	0.855547	0.831829	4.793361	
0.774952	0.899718	0.850285	0.032286	5.213469	
0.025013	0.654790	0.018035	0.923999	7.839773	
0.939939	0.782777	0.143317	0.789271	5.341132	
0.654541	0.021364	0.020031	0.902642	7.777173	
0.663352	0.017792	0.908645	0.035965	7.698212	
0.661715	0.654315	0.680310	0.007806	8.018826	
0.020451	0.013588	0.665148	0.943492	7.888504	
0.293354	0.000295	0.001271	0.001550	9.805820	
0.214391	0.845050	0.284629	0.888086	5.842205	
0.000001	0.000001	0.000002	0.000000	10.032656	
0.000507	0.310176	0.301944	0.000043	9.306097	
0.775594	0.018120	0.829694	0.913727	5.307640	
0.331128	0.034556	0.850285	0.030478	7.903590	
0.017152	0.331804	0.042689	0.336860	9.263069	
0.913183	0.240787	0.148319	0.893432	6.060813	
0.030301	0.310176	0.288484	0.002830	9.251395	
0.662318	0.004353	0.142320	0.660336	8.485567	
0.658174	0.017677	0.020031	0.886771	7.689594	
0.350889	0.012839	0.001266	0.000137	9.695858	
0.168980	0.213744	0.906352	0.895119	6.012968	
0.886192	0.021657	0.037331	0.654134	7.684416	
0.024941	0.000000	0.301870	0.277797	9.167331	
0.661456	0.000224	0.680295	0.660336	7.997096	
0.016284	0.724616	0.020794	0.273727	8.465530	
0.669764	0.666651	0.001252	0.673843	7.930685	
0.334183	0.858018	0.042785	0.020357	7.898207	
0.225794	0.845050	0.284629	0.888086	5.835603	
0.000732	0.031819	0.027097	0.654259	9.506820	
0.923488	0.000051	0.643636	0.276279	7.570184	
0.354959	0.012839	0.704287	0.010869	8.767661	
0.010522	0.012766	0.947007	0.658481	7.973148	
0.000589	0.926821	0.014978	0.740521	7.818877	
0.134720	0.797928	0.810471	0.919141	5.035176	
0.000351	0.948801	0.679695	0.867262	6.174429	
0.828609	0.845568	0.864230	0.849205	3.307588	
0.000015	0.952420	0.683599	0.014500	7.833173	
0.008347	0.801808	0.910804	0.108732	6.653028	
0.000044	0.000049	0.755358	0.001611	8.704298	
0.829345	0.899718	0.850285	0.032286	4.993629	
0.000534	0.000000	0.301870	0.000033	9.617899	
0.149140	0.826902	0.895925	0.764545	5.042515	
0.764871	0.001538	0.001208	0.000619	8.725771	
0.905249	0.159706	0.788208	0.812797	4.961779	
0.798671	0.195058	0.830088	0.895061	4.763336	
0.770454	0.874957	0.134348	0.899434	5.021976	
0.328167	0.701496	0.680310	0.007677	7.993217	
0.000319	0.000000	0.000001	0.300571	9.636649	
0.000589	0.296216	0.000462	0.000184	9.655235	
0.011760	0.659544	0.010322	0.928023	7.855112	
0.903816	0.667456	0.000016	0.025150	7.688296	
0.000005	0.007764	0.001111	0.020534	10.007525	
0.873776	0.801808	0.143317	0.789271	4.972248	
0.019947	0.026608	0.665148	0.943492	7.872877	
0.885097	0.197917	0.790797	0.041685	6.372335	
0.142210	0.241502	0.063359	0.020362	9.180496	
0.798671	0.195058	0.790797	0.889825	4.890401	
0.168980	0.240003	0.906352	0.895119	5.994835	
0.336565	0.852454	0.042785	0.020357	7.911298	
0.670132	0.666651	0.001351	0.673843	7.927154	
0.125369	0.858199	0.948462	0.767445	5.297439	
0.913183	0.840919	0.149578	0.823432	4.805119	
0.774952	0.899718	0.850285	0.020616	5.419672	
0.030301	0.905570	0.288484	0.002830	8.078377	
0.828636	0.010524	0.850285	0.272270	6.245334	
0.798333	0.899742	0.136397	0.895061	4.928101	
0.829345	0.840474	0.855547	0.867767	3.438565	
0.017617	0.667456	0.028877	0.866459	7.586487	
0.000548	0.000003	0.763948	0.000265	8.641426	
0.000351	0.948801	0.679695	0.867262	6.174429	
