0.930448	0.004678	0.027287	0.661890	7.834914	
0.004964	0.000158	0.662434	0.936694	7.897301	
0.001390	0.679096	0.669054	0.701772	7.818808	
0.925581	0.004956	0.627719	0.000032	8.071747	
0.779677	0.797331	0.895601	0.098323	5.172490	
0.640052	0.051224	0.013434	0.913554	7.858834	
0.023427	0.652784	0.880807	0.039766	7.677252	
0.963404	0.668751	0.047977	0.021001	7.942303	
0.673125	0.665356	0.662885	0.008048	8.130904	
0.093148	0.793010	0.891330	0.774272	5.225669	
0.833678	0.852593	0.830370	0.848281	3.295319	
0.037352	0.876323	0.360231	0.059086	7.910785	
0.000694	0.000515	0.001473	0.756649	8.675939	
0.645937	0.000976	0.873766	0.021414	7.781824	
0.937683	0.796735	0.789267	0.145865	5.199315	
0.753724	0.000020	0.000018	0.000032	8.696550	
0.799757	0.136534	0.928431	0.778927	5.210983	
0.921346	0.790237	0.076277	0.789769	5.303564	
0.000001	0.308875	0.004376	0.366784	9.364292	
0.003158	0.012227	0.886736	0.667246	7.650849	
0.001902	0.936344	0.001540	0.678409	7.785589	
0.003452	0.766849	0.000796	0.000048	8.655382	
0.184079	0.792740	0.785253	0.903228	5.003836	
0.272492	0.860026	0.870050	0.324984	5.849861	
0.301239	0.000000	0.000001	0.000032	9.615238	
0.785242	0.916224	0.087708	0.804711	5.212189	
0.651068	0.916143	0.012136	0.010354	7.855229	
0.297279	0.000000	0.349869	0.000032	9.316862	
0.022396	0.657365	0.014063	0.924704	7.832396	
0.177933	0.915656	0.762291	0.803103	5.178694	
0.009882	0.000052	0.011548	0.322787	9.674497	
0.008723	0.336662	0.335642	0.012055	9.324117	
0.001044	0.000170	0.296880	0.000025	9.607720	
0.659875	0.664704	0.001221	0.673100	8.017587	
0.009882	0.000053	0.306403	0.322773	9.302176	
0.822434	0.886910	0.833238	0.053793	4.980825	
0.668417	0.000000	0.666431	0.691379	8.033789	
0.316288	0.331324	0.000001	0.000008	9.302069	
0.911239	0.132019	0.789267	0.898381	5.012918	
0.296734	0.000056	0.000070	0.328146	9.260677	
0.000000	0.308821	0.000008	0.000082	9.622270	
0.000000	0.000000	0.000000	0.000000	10.001342	
0.000003	0.000000	0.768379	0.000000	8.836171	
0.911131	0.775101	0.789267	0.136609	5.199812	
0.157489	0.846472	0.027287	0.909524	6.373891	
0.653966	0.790237	0.076277	0.038171	7.733158	
0.009882	0.002237	0.306403	0.135422	9.599328	
0.791402	0.916224	0.087708	0.804711	5.181580	
0.013069	0.000000	0.000021	0.286468	9.581817	
0.925581	0.004956	0.663666	0.000032	7.829138	
0.847187	0.886910	0.833234	0.053793	4.934177	
0.003452	0.777600	0.000019	0.000074	8.830743	
0.003158	0.012722	0.895080	0.677709	7.649708	
0.921346	0.840763	0.076277	0.789769	5.141493	
0.776759	0.797331	0.891330	0.106459	5.157481	
0.301239	0.000000	0.000492	0.908772	8.012520	
0.000336	0.000274	0.306403	0.322773	9.317480	
0.004932	0.000011	0.000000	0.000014	9.997443	
0.000001	0.000515	0.001473	0.756649	8.678727	
0.008720	0.000078	0.780024	0.001784	8.637004	
0.000000	0.308875	0.004376	0.366784	9.367982	
0.324327	0.006178	0.335632	0.035221	9.526469	
0.178584	0.872682	0.791684	0.803103	4.890230	
0.184079	0.778663	0.785253	0.932645	5.204802	
0.670598	0.665356	0.662885	0.004460	8.158965	
0.000037	0.336662	0.335642	0.012055	9.336381	
0.786267	0.795389	0.106126	0.937637	5.311498	
0.792021	0.149302	0.877704	0.935749	5.031810	
0.645937	0.058913	0.873766	0.021414	7.692890	
0.939231	0.658369	0.049576	0.021001	7.857472	
0.753724	0.000020	0.000001	0.000032	8.696969	
0.033064	0.876482	0.355340	0.059086	7.905173	
0.169735	0.860026	0.884444	0.316851	5.935499	
0.892762	0.773280	0.785253	0.917058	3.908590	
0.295625	0.000011	0.000000	0.000014	9.618636	
0.660075	0.000786	0.666336	0.674588	8.108288	
0.001769	0.000158	0.618709	0.936694	8.191836	
0.963241	0.010040	0.047986	0.658714	8.024760	
0.302890	0.329758	0.003037	0.003136	9.266420	
0.000000	0.288718	0.000009	0.000010	9.598990	
0.001902	0.936344	0.000005	0.669845	7.845053	
0.279005	0.018864	0.000000	0.317134	9.198775	
0.034031	0.766146	0.895601	0.100000	6.750786	
0.003452	0.766849	0.021395	0.000048	8.601384	
0.003158	0.012227	0.895080	0.701083	7.425883	
0.911239	0.798739	0.789267	0.145865	5.060035	
0.000000	0.828880	0.000000	0.296273	7.946489	
0.024530	0.000000	0.000021	0.280179	9.558392	
0.031553	0.025476	0.302259	0.318691	9.227621	
0.837136	0.887069	0.828100	0.053793	4.959197	
0.184079	0.045252	0.330166	0.915403	7.662273	
0.157489	0.021006	0.027287	0.909524	8.035708	
0.779677	0.008931	0.895601	0.098323	6.711747	
0.000069	0.336278	0.335642	0.008919	9.344439	
0.670598	0.665356	0.315691	0.318547	7.926050	
0.178584	0.872682	0.771397	0.803103	4.979828	
0.276058	0.331762	0.003037	0.003136	9.241252	
0.776759	0.795389	0.139177	0.926681	5.224261	
0.792021	0.816035	0.877704	0.182881	4.812970	
0.618541	0.051224	0.000005	0.904990	7.972312	
