0.635878	0.871402	0.002114	6.034335	
0.152622	0.143840	0.150711	7.116868	
0.001228	0.779603	0.204461	6.159514	
0.863284	0.218795	0.225817	5.479344	
0.297985	0.137618	0.205539	6.940293	
0.638930	0.000000	0.000000	7.954227	
0.608286	0.231215	0.773441	5.975278	
0.675883	0.874477	0.663672	4.944580	
0.193173	0.000507	0.786944	6.121705	
0.000000	0.000000	0.000000	8.224958	
0.001190	0.631710	0.210490	7.271771	
0.634284	0.251319	0.628756	6.772390	
0.842944	0.361989	0.112245	5.867197	
0.902052	0.799862	0.016204	4.801283	
0.001876	0.000039	0.717191	6.955203	
0.223470	0.221479	0.867586	5.480096	
0.634558	0.610981	0.200499	6.859704	
0.000118	0.873349	0.333662	5.986108	
0.135881	0.000024	0.133826	7.472943	
0.699527	0.002855	0.623635	6.894393	
0.202939	0.425385	0.778768	6.051503	
0.003837	0.716669	0.000000	7.044552	
0.721250	0.859597	0.871322	3.544567	
0.001665	0.778227	0.867886	4.854664	
0.001608	0.000411	0.120385	7.770909	
0.000825	0.000412	0.597612	7.822801	
0.001067	0.186286	0.780531	6.169148	
0.000003	0.126258	0.134554	7.498198	
0.913667	0.678134	0.663249	5.032991	
0.000087	0.151229	0.266768	7.277890	
0.615834	0.000039	0.165498	7.469174	
0.869802	0.867911	0.749063	3.347332	
0.747453	0.349864	0.006885	6.439282	
0.634558	0.634168	0.648015	6.580147	
0.000003	0.286443	0.157453	7.277024	
0.218267	0.840678	0.217908	5.504019	
0.219194	0.769802	0.622555	5.815970	
0.000004	0.000426	0.277403	7.587507	
0.888344	0.716062	0.866939	3.618834	
0.178727	0.188495	0.276287	6.855374	
0.222403	0.654727	0.217661	6.595735	
0.000000	0.274278	0.000000	7.580961	
0.791618	0.035593	0.908457	4.864923	
0.006085	0.000394	0.888624	6.354657	
0.123490	0.000000	0.000002	7.812641	
0.005417	0.638278	0.697782	7.033960	
0.814598	0.798070	0.247151	4.405357	
0.712289	0.000084	0.001737	6.989173	
0.794584	0.886374	0.035427	4.763548	
0.176436	0.002932	0.291171	7.243116	
0.658519	0.219130	0.207501	6.584835	
0.000118	0.702533	0.342617	6.752574	
0.210199	0.632618	0.000756	7.288756	
0.181288	0.332362	0.159322	7.111628	
0.000995	0.879250	0.778768	4.865397	
0.000020	0.191217	0.633053	7.279069	
0.726015	0.007071	0.746225	5.795829	
0.158976	0.314442	0.001641	7.312174	
0.806706	0.262375	0.787990	4.511602	
0.002345	0.730328	0.738380	5.701258	
0.304875	0.000411	0.163874	7.373064	
0.143025	0.000882	0.620479	7.394172	
0.649446	0.677480	0.891212	5.056775	
0.780351	0.198517	0.602396	5.888958	
0.137914	0.126739	0.000580	7.486802	
0.276079	0.000084	0.001737	7.581911	
0.915507	0.001970	0.812410	4.819625	
0.277750	0.003584	0.277403	7.165278	
0.198380	0.766012	0.000415	6.229631	
0.000000	0.872723	0.000000	6.314317	
0.613647	0.778790	0.187439	6.032979	
0.784740	0.000683	0.194914	6.256345	
0.252818	0.802334	0.806696	4.415940	
0.602116	0.707233	0.029620	6.787486	
0.774274	0.204402	0.002882	6.202928	
0.746277	0.429468	0.230347	6.234574	
0.289672	0.149041	0.000524	7.335741	
0.638930	0.184386	0.000000	7.670143	
0.000700	0.120528	0.000001	7.895597	
0.740923	0.729407	0.005552	5.674859	
0.599171	0.017784	0.717191	6.693246	
0.167060	0.634168	0.648015	6.931250	
0.903438	0.001552	0.002686	6.379922	
0.000003	0.294664	0.272777	7.180899	
0.221985	0.221479	0.643932	6.672921	
0.929470	0.194915	0.782281	4.638833	
0.934523	0.779603	0.204041	4.669027	
0.634273	0.161591	0.005552	7.259030	
0.289672	0.149041	0.000277	7.337506	
0.863284	0.217736	0.211222	5.494389	
0.178727	0.002932	0.291171	7.238524	
0.661901	0.875938	0.006429	5.679673	
0.304852	0.137936	0.159671	7.125108	
0.085973	0.147697	0.134679	7.297137	
0.891258	0.777097	0.010635	4.888935	
0.204559	0.766012	0.000032	6.221909	
0.209157	0.638210	0.793584	5.632876	
0.197756	0.010864	0.778768	6.148591	
0.001608	0.000411	0.119891	7.772230	
0.634558	0.622929	0.204098	6.786439	
0.653079	0.735025	0.125493	6.071954	
0.164979	0.313031	0.000282	7.298012	
0.787644	0.857391	0.006947	4.798363	
0.000003	0.125426	0.134554	7.499332	
0.135694	0.134986	0.000578	7.470911	
0.021576	0.634843	0.661890	7.117962	
0.875142	0.658823	0.663672	5.062376	
0.006858	0.232825	0.005552	7.576103	
0.000004	0.146595	0.225651	7.292801	
0.001191	0.709115	0.738380	6.232622	
0.659223	0.000373	0.623635	7.119506	
0.252818	0.809355	0.811547	4.400752	
0.868325	0.726072	0.867423	3.513569	
0.001665	0.791402	0.032337	6.434660	
0.707088	0.000084	0.001737	7.034056	
0.205531	0.632618	0.010025	7.165141	
0.011118	0.638278	0.697782	6.742400	
0.628267	0.000039	0.164571	7.266539	
0.776308	0.198517	0.602396	5.911350	
0.123490	0.000000	0.000002	7.812641	
0.215704	0.769251	0.634999	5.754565	
0.001273	0.000394	0.888624	6.359798	
0.613700	0.017686	0.671959	6.960404	
0.928995	0.000028	0.812410	4.886130	
0.214178	0.857142	0.217908	5.489282	
0.010825	0.849760	0.794285	4.765246	
0.002345	0.000411	0.707175	7.055876	
0.748890	0.000031	0.714254	5.741455	
0.252818	0.056082	0.001793	7.489225	
0.277750	0.000417	0.277403	7.167288	
0.000075	0.191217	0.633053	7.268550	
0.618199	0.778790	0.187439	5.848893	
0.000021	0.000411	0.622566	7.678174	
0.196134	0.220994	0.809261	5.752869	
0.135881	0.000024	0.133742	7.473564	
0.178727	0.183151	0.274061	6.861953	
0.843646	0.006463	0.222272	5.895534	
0.718591	0.416469	0.118711	6.597309	
0.879732	0.861116	0.724188	3.542792	
0.002926	0.783324	0.857517	4.823351	
0.000015	0.120710	0.000000	7.769898	
0.001152	0.345911	0.122402	7.460211	
0.000087	0.001523	0.266768	7.576582	
0.634558	0.855060	0.849522	4.174654	
0.044186	0.004122	0.002882	7.940120	
0.003179	0.697085	0.305282	6.723433	
0.860083	0.011367	0.007310	6.287289	
0.207585	0.682614	0.123355	6.769211	
0.634594	0.251319	0.628756	6.720494	
0.789778	0.038210	0.875794	4.752707	
0.001190	0.631710	0.225463	7.243595	
0.624871	0.722777	0.029620	6.543972	
0.281090	0.187613	0.633053	6.793673	
0.763604	0.667114	0.212249	5.779812	
0.634284	0.231271	0.776851	5.788449	
0.003918	0.716669	0.000000	6.954068	
0.189913	0.312962	0.161513	6.958418	
0.643295	0.678134	0.663249	6.282831	
0.658519	0.219706	0.205673	6.724279	
0.815480	0.352390	0.112245	5.886035	
0.649446	0.694214	0.890186	4.928429	
0.781663	0.205065	0.002882	6.161218	
0.304653	0.000414	0.604807	7.445632	
0.304875	0.002624	0.159671	7.395059	
0.686849	0.416469	0.160337	6.742171	
0.173635	0.637296	0.003741	7.231555	
0.008524	0.000394	0.292585	7.610914	
0.289672	0.841308	0.006683	6.053920	
0.653079	0.233869	0.125493	6.821940	
0.915507	0.041635	0.799867	4.905233	
0.605106	0.194915	0.774578	5.910922	
0.648748	0.006463	0.222272	7.039786	
0.005261	0.002622	0.152476	7.746366	
0.628558	0.722777	0.029620	6.520587	
0.863284	0.218795	0.229907	5.476775	
0.808125	0.255704	0.001737	5.979556	
0.252560	0.676393	0.809473	5.545271	
0.304042	0.205884	0.002882	7.247608	
0.011118	0.637447	0.697782	6.749367	
0.888344	0.716042	0.008373	5.318122	
0.252560	0.792840	0.809473	4.750306	
0.294141	0.003632	0.110375	7.421744	
0.197017	0.779603	0.204041	5.759179	
0.269643	0.001549	0.002530	7.574796	
0.817734	0.011988	0.000002	6.439865	
0.000825	0.000412	0.012696	8.028441	
0.806706	0.763531	0.787990	3.573938	
0.005391	0.779603	0.204461	6.155135	
0.176436	0.722696	0.195999	6.203468	
0.101923	0.000024	0.133826	7.554100	
0.135674	0.000277	0.656887	7.296305	
0.307908	0.210399	0.205262	6.823743	
0.220548	0.188495	0.279426	6.800794	
0.190686	0.151575	0.207246	7.064639	
0.674439	0.863777	0.648015	5.054705	
0.003040	0.220385	0.135311	7.336086	
0.863284	0.218532	0.645394	5.380294	
0.906250	0.871402	0.002114	4.703958	
0.164979	0.313421	0.023348	7.293818	
0.252818	0.056082	0.806696	5.902926	
