0.801105	0.031697	0.906977	4.791788	
0.734697	0.000439	0.742762	5.612336	
0.630294	0.189128	0.000020	7.209367	
0.772809	0.000004	0.214956	6.169609	
0.251918	0.793001	0.623842	5.675816	
0.321103	0.000895	0.153360	7.357309	
0.193183	0.779409	0.000027	6.162022	
0.000435	0.742994	0.743746	5.629111	
0.032952	0.865303	0.829320	4.608374	
0.000435	0.000836	0.723635	6.910089	
0.869654	0.222758	0.219254	5.485985	
0.265976	0.000015	0.000114	7.577742	
0.883318	0.002917	0.638712	5.855223	
0.002433	0.778720	0.205582	6.146567	
0.611765	0.274178	0.644662	6.760693	
0.293781	0.275332	0.012872	7.171119	
0.006620	0.688636	0.598202	6.929240	
0.000188	0.000196	0.122323	7.766124	
0.302474	0.153549	0.000905	7.304333	
0.170211	0.607378	0.000012	7.405199	
0.001230	0.239619	0.636929	7.125024	
0.684007	0.673029	0.887971	4.834689	
0.250326	0.622742	0.639584	6.725187	
0.892196	0.007667	0.802587	4.770383	
0.182409	0.000015	0.300400	7.248942	
0.727063	0.000089	0.000020	6.885106	
0.006551	0.310647	0.683828	6.824530	
0.000390	0.275596	0.000890	7.582472	
0.154457	0.250853	0.000408	7.267172	
0.884168	0.796612	0.035433	4.739671	
0.000000	0.000000	0.000000	8.004696	
0.937877	0.651462	0.015514	5.968937	
0.000065	0.873102	0.012463	6.303912	
0.187990	0.002425	0.781905	6.152172	
0.134102	0.136067	0.000885	7.471233	
0.182409	0.190416	0.300400	6.872563	
0.216559	0.653068	0.218898	6.613242	
0.218845	0.860671	0.224363	5.480847	
0.000064	0.729824	0.002426	7.018569	
0.133443	0.001338	0.001504	7.738098	
0.623530	0.631825	0.186340	6.844067	
0.609157	0.274873	0.735702	6.155071	
0.000390	0.126132	0.000890	7.854487	
0.876600	0.014763	0.008175	6.296138	
0.005955	0.178977	0.301676	7.250114	
0.731060	0.520532	0.000000	6.844197	
0.648019	0.883601	0.699242	4.887482	
0.672798	0.215166	0.213675	6.476241	
0.791422	0.192320	0.000012	6.100671	
0.000015	0.137177	0.142605	7.451550	
0.647068	0.910463	0.038269	5.946048	
0.000349	0.198752	0.778768	6.155290	
0.027801	0.792950	0.912088	4.852894	
0.002122	0.288784	0.156876	7.278967	
0.620064	0.003973	0.205087	7.287323	
0.132886	0.001021	0.137670	7.477208	
0.177404	0.300718	0.187673	6.884782	
0.294365	0.005509	0.723118	6.504716	
0.598103	0.729159	0.000721	6.706391	
0.245758	0.795492	0.828016	4.380920	
0.005013	0.637478	0.023840	7.560770	
0.725195	0.854331	0.856595	3.510482	
0.551295	0.000000	0.025730	7.912223	
0.001560	0.902940	0.628708	5.972608	
0.151839	0.150215	0.156912	7.086785	
0.774488	0.274621	0.628562	5.798361	
0.795584	0.904415	0.007128	4.838592	
0.000000	0.000000	0.288181	7.595363	
0.213608	0.607299	0.785646	5.933292	
0.676798	0.019536	0.608585	7.081403	
0.325479	0.179823	0.190559	6.916330	
0.871429	0.726350	0.871982	3.513513	
0.802319	0.238147	0.805618	4.422754	
0.608886	0.795371	0.273678	5.748842	
0.884453	0.875893	0.741618	3.428274	
0.812311	0.803590	0.259296	4.391609	
0.651804	0.633764	0.647373	6.469410	
0.010975	0.619249	0.190462	7.270530	
0.752149	0.731873	0.000678	5.551991	
0.909928	0.651491	0.696312	4.961246	
0.004194	0.000000	0.580658	7.928057	
0.005150	0.005950	0.891726	6.338087	
0.218456	0.209882	0.671207	6.489616	
0.189784	0.000000	0.629196	7.232920	
0.219646	0.219977	0.883200	5.507094	
0.632609	0.883601	0.102171	5.786194	
0.853307	0.732424	0.885324	3.485615	
0.299756	0.158447	0.216794	6.882324	
0.000387	0.731607	0.000721	6.928178	
0.314364	0.081128	0.191988	7.174629	
0.028033	0.803704	0.885588	4.725676	
0.016213	0.688613	0.371573	6.912788	
0.126016	0.004010	0.135749	7.488347	
0.774488	0.274621	0.633577	5.775373	
0.001166	0.050385	0.249072	7.503699	
0.215114	0.860671	0.224255	5.482945	
0.215242	0.141557	0.004391	7.309746	
0.731060	0.520532	0.000389	6.843892	
0.000188	0.850907	0.795448	4.769819	
0.005013	0.644021	0.868276	5.855145	
0.135161	0.001480	0.820813	6.102645	
0.597207	0.000000	0.000000	7.789224	
0.004279	0.000015	0.000000	7.998080	
0.598547	0.731607	0.000721	6.687614	
0.129488	0.005950	0.612384	7.431585	
0.012061	0.227271	0.002809	7.567484	
0.802105	0.238147	0.804238	4.429870	
0.851714	0.214085	0.219464	5.490622	
0.643018	0.628215	0.215047	6.688847	
0.189473	0.779409	0.000024	6.167556	
0.725195	0.857963	0.853605	3.510881	
0.000390	0.121965	0.000890	7.766617	
0.250326	0.660406	0.015381	6.939252	
0.028033	0.222188	0.885643	5.885729	
0.793973	0.903170	0.004984	4.844746	
0.623530	0.631825	0.683721	6.417039	
0.129488	0.289028	0.143054	7.061812	
0.788257	0.011466	0.181100	6.152167	
0.779823	0.189128	0.000012	6.164639	
0.189701	0.018180	0.272122	7.185903	
0.005955	0.190946	0.300400	7.228817	
0.000188	0.000196	0.122323	7.766124	
0.660002	0.003000	0.892567	5.732988	
0.647068	0.910463	0.213149	5.476850	
0.623796	0.046717	0.138736	7.343186	
0.642332	0.051700	0.685235	6.644600	
0.885567	0.007686	0.802587	4.754827	
0.648019	0.211305	0.883014	5.393058	
0.120736	0.000281	0.000012	7.770206	
0.884168	0.796612	0.035683	4.739354	
0.684007	0.674052	0.887971	4.828822	
0.876600	0.016922	0.008175	6.295156	
0.218512	0.271543	0.813099	5.557499	
0.024134	0.007030	0.664092	7.318346	
0.795519	0.660465	0.013501	6.071571	
0.889139	0.882045	0.736672	3.485244	
0.727063	0.019971	0.000020	6.871852	
0.627810	0.239619	0.636929	6.721821	
0.232545	0.003301	0.000889	7.575182	
0.640186	0.008631	0.663940	6.909031	
0.002125	0.150215	0.156912	7.387092	
0.218845	0.672170	0.224363	6.539428	
0.005173	0.275596	0.649319	7.066630	
0.846399	0.770713	0.282083	4.490184	
0.876631	0.008477	0.638712	5.840928	
0.000005	0.289269	0.154816	7.286291	
0.010317	0.654146	0.223375	7.012597	
0.250326	0.633689	0.636929	6.683813	
0.012061	0.865303	0.003002	6.293265	
0.250135	0.837618	0.620402	5.640010	
0.221960	0.212497	0.158719	6.867685	
0.004147	0.310647	0.678806	6.865274	
0.266183	0.226535	0.657587	6.570901	
0.220919	0.190946	0.300400	6.819903	
0.633086	0.274700	0.001187	7.147249	
0.000415	0.793001	0.295517	6.073257	
0.024321	0.007030	0.641851	7.522654	
0.652122	0.222878	0.215047	6.616332	
0.218512	0.275596	0.000427	7.171028	
0.243216	0.799285	0.805098	4.436244	
0.005013	0.637478	0.024383	7.540575	
0.886879	0.761591	0.660176	4.363466	
0.000000	0.006750	0.890871	6.343056	
0.642770	0.883601	0.699242	4.922681	
0.134102	0.136022	0.000885	7.471495	
0.000390	0.160072	0.092161	7.525801	
0.203731	0.006885	0.304810	7.213705	
0.250135	0.837618	0.627335	5.509035	
0.000000	0.002846	0.025534	7.969947	
0.005955	0.272021	0.300400	7.185124	
0.732332	0.802006	0.854508	3.588156	
0.187990	0.002425	0.781905	6.152172	
0.001966	0.001256	0.210265	7.696237	
0.633086	0.274700	0.000420	7.149174	
0.777908	0.778720	0.205582	4.696941	
0.140519	0.001338	0.658224	7.119448	
0.129488	0.191794	0.143054	7.090029	
0.002433	0.778720	0.214811	6.136173	
0.299756	0.158447	0.216794	6.882324	
0.648019	0.883601	0.699242	4.887482	
0.871217	0.007686	0.003033	6.302245	
0.014577	0.736529	0.664092	6.151257	
0.010161	0.201199	0.778768	6.142333	
0.802319	0.242338	0.757661	4.674581	
0.789543	0.000902	0.005126	6.501300	
0.730144	0.890768	0.000888	5.301539	
0.871943	0.007790	0.871982	4.621418	
0.005836	0.848566	0.803097	4.742308	
0.134413	0.001338	0.009542	7.728018	
0.683803	0.000000	0.623038	7.050324	
0.005173	0.294459	0.663469	6.984027	
0.886928	0.904435	0.017489	4.716193	
0.875958	0.815928	0.041095	4.800724	
0.627810	0.239619	0.636929	6.721821	
0.240508	0.003301	0.000889	7.571750	
0.000000	0.302861	0.043559	7.555697	
0.775981	0.268244	0.633577	5.761788	
0.638963	0.212980	0.196269	6.736924	
0.002433	0.628138	0.214811	7.187705	
0.028033	0.798402	0.885588	4.746466	
