0.002153	0.275048	0.000280	7.606363	
0.000070	0.269368	0.309136	7.203957	
0.902672	0.026720	0.796744	4.801028	
0.013248	0.312520	0.687386	6.792892	
0.153757	0.149113	0.149262	7.101337	
0.739676	0.862324	0.876881	3.417181	
0.000023	0.009503	0.616099	7.658640	
0.263556	0.802105	0.611027	5.702343	
0.202013	0.786369	0.000488	6.166794	
0.000070	0.185769	0.317586	7.387566	
0.158865	0.265909	0.000612	7.262924	
0.033746	0.902460	0.813976	4.722044	
0.000024	0.209109	0.616099	7.439161	
0.635706	0.895719	0.000625	5.908680	
0.000009	0.138840	0.136073	7.480548	
0.873310	0.877731	0.730690	3.491978	
0.157490	0.629830	0.000115	7.272444	
0.810002	0.820292	0.273280	4.346648	
0.185360	0.181986	0.310607	6.894480	
0.778551	0.195083	0.001411	6.160375	
0.862770	0.224236	0.227453	5.472807	
0.193517	0.003387	0.613305	7.299659	
0.000010	0.000009	0.125334	7.759365	
0.727777	0.000000	0.004901	6.875821	
0.000068	0.000009	0.250291	7.573599	
0.586712	0.000241	0.710785	6.831206	
0.804696	0.267486	0.800179	4.435693	
0.220349	0.867921	0.227882	5.478092	
0.000332	0.785923	0.906300	4.898639	
0.902672	0.000009	0.017789	6.361281	
0.774801	0.000005	0.198242	6.178165	
0.627230	0.268208	0.633142	6.743735	
0.903873	0.817986	0.000006	4.757782	
0.002818	0.631896	0.030608	7.542049	
0.265455	0.627206	0.808242	5.591121	
0.301932	0.185355	0.150729	6.943676	
0.000332	0.008129	0.894564	6.348080	
0.628576	0.656962	0.010033	6.987607	
0.281525	0.000001	0.000015	7.588171	
0.625079	0.779314	0.257908	5.857159	
0.000050	0.722695	0.000281	6.915164	
0.683999	0.902139	0.694421	4.742397	
0.279917	0.279701	0.044996	7.106989	
0.775994	0.250678	0.602527	5.903807	
0.283453	0.153468	0.000015	7.284212	
0.000404	0.000035	0.726376	6.889073	
0.323247	0.005399	0.306203	7.257458	
0.621874	0.000290	0.183563	7.268777	
0.625375	0.000000	0.003869	7.612614	
0.136415	0.134523	0.000221	7.471136	
0.732975	0.000291	0.739947	5.628807	
0.009031	0.894866	0.025680	6.315410	
0.875833	0.741083	0.869114	3.409858	
0.000068	0.124132	0.000097	7.761633	
0.000034	0.723049	0.559938	6.827966	
0.000104	0.305144	0.165181	7.285803	
0.624307	0.220034	0.009077	7.246665	
0.633033	0.278165	0.772823	5.804651	
0.265455	0.803270	0.808242	4.416072	
0.186954	0.306830	0.187282	6.884857	
0.683186	0.677224	0.897387	4.830577	
0.000023	0.895172	0.618605	6.011990	
0.779815	0.631896	0.248836	5.691782	
0.659706	0.219012	0.217119	6.564266	
0.000002	0.742729	0.734195	5.599116	
0.282637	0.000010	0.157913	7.274928	
0.135092	0.000002	0.135917	7.469917	
0.219107	0.221608	0.876254	5.492342	
0.000220	0.198835	0.775614	6.172468	
0.919462	0.681161	0.684935	4.874018	
0.794804	0.894866	0.025680	4.787518	
0.157421	0.000002	0.312411	7.312382	
0.729236	0.738060	0.002969	5.665678	
0.805201	0.022066	0.895039	4.748701	
0.275673	0.633253	0.641314	6.656267	
0.223292	0.216044	0.658097	6.588684	
0.195981	0.000011	0.783081	6.172119	
0.640675	0.643867	0.647038	6.481659	
0.627566	0.631896	0.257908	6.756232	
0.217577	0.658639	0.216766	6.571507	
0.125473	0.001183	0.000802	7.757693	
0.001629	0.627579	0.177073	7.247661	
0.000520	0.782101	0.195133	6.150961	
0.682370	0.003196	0.329970	6.875250	
0.000000	0.000000	0.000000	8.000194	
0.203905	0.299805	0.190411	6.837421	
0.809249	0.000378	0.631762	6.096734	
0.157490	0.630805	0.000115	7.269388	
0.902672	0.026720	0.795232	4.808387	
0.919462	0.676446	0.684935	4.910918	
0.275251	0.030504	0.157913	7.228886	
0.862130	0.855783	0.876881	2.934128	
0.152490	0.014735	0.155510	7.371157	
0.001629	0.627579	0.172150	7.256771	
0.004124	0.782101	0.195133	6.147200	
0.809430	0.267486	0.800179	4.417467	
0.202013	0.787440	0.000035	6.128091	
0.635706	0.682970	0.633507	6.324248	
0.686537	0.003387	0.308011	6.803125	
0.221406	0.216044	0.652400	6.613854	
0.902672	0.000009	0.000204	6.381787	
0.208134	0.005266	0.006594	7.587955	
0.217618	0.658639	0.216500	6.571665	
0.000404	0.008476	0.718024	6.941043	
0.622308	0.000290	0.183563	7.266211	
0.809394	0.029215	0.894075	4.719384	
0.629367	0.271137	0.638796	6.696207	
0.000332	0.002149	0.894564	6.353480	
0.142948	0.139814	0.000922	7.443948	
0.000085	0.267216	0.000314	7.576963	
0.777612	0.250678	0.636320	5.685429	
0.000201	0.057738	0.297747	7.517862	
0.629378	0.659090	0.013349	6.965236	
0.788953	0.195083	0.001411	6.106195	
0.029926	0.902460	0.787020	4.847604	
0.659706	0.219012	0.167606	6.638256	
0.000000	0.842086	0.000000	6.318997	
0.743502	0.636804	0.241502	5.879091	
0.105226	0.252986	0.309136	7.007363	
0.070946	0.103715	0.000285	7.697383	
0.000083	0.000009	0.125334	7.759295	
0.185360	0.010073	0.328891	7.279544	
0.623370	0.902460	0.787020	4.576508	
0.124223	0.001183	0.000034	7.760432	
0.632582	0.004167	0.001241	7.562111	
0.265455	0.803270	0.791384	4.487060	
0.000058	0.722895	0.000285	6.913633	
0.659616	0.134960	0.013947	7.106121	
0.000034	0.726912	0.559938	6.799677	
0.803325	0.820292	0.273280	4.372325	
0.663935	0.900709	0.022743	5.709131	
0.000024	0.009503	0.616099	7.656700	
0.280536	0.000586	0.312153	7.211885	
0.903873	0.835662	0.000006	4.713914	
0.005232	0.313643	0.687386	6.827782	
0.624307	0.124415	0.728653	6.299697	
0.199307	0.723049	0.564979	6.419801	
0.632158	0.030064	0.657516	6.931020	
0.153757	0.150911	0.149262	7.097430	
0.010428	0.219012	0.312326	7.204290	
0.003512	0.653379	0.876132	5.759951	
0.800600	0.014735	0.271314	6.027474	
0.743051	0.653379	0.876132	4.532140	
0.003204	0.631896	0.030608	7.534322	
0.036295	0.802850	0.889224	4.721246	
0.283489	0.151194	0.001873	7.287622	
0.197033	0.000378	0.631572	7.309567	
0.739503	0.000009	0.000204	6.928890	
0.000044	0.143076	0.136420	7.453897	
0.000145	0.178602	0.813959	6.029714	
0.187918	0.633253	0.641314	6.711368	
0.047004	0.219012	0.167606	7.198971	
0.290038	0.633303	0.774311	5.800327	
0.186596	0.198835	0.775614	5.802775	
0.807540	0.894866	0.025680	4.782081	
0.001185	0.000038	0.007171	7.991339	
0.301932	0.220034	0.159503	6.880900	
0.628598	0.631896	0.254931	6.745623	
0.887242	0.805879	0.694421	3.911244	
0.000024	0.209158	0.616099	7.434651	
0.859384	0.224448	0.217518	5.480432	
0.105674	0.253114	0.000280	7.381852	
0.191768	0.006904	0.799483	6.056071	
0.630538	0.779314	0.257908	5.750256	
0.215722	0.875113	0.215789	5.510467	
0.899257	0.003489	0.676845	5.628486	
0.000220	0.221170	0.775614	6.147044	
0.001185	0.023951	0.007171	7.962386	
0.627949	0.013436	0.257908	7.165933	
0.006168	0.645444	0.188896	7.102935	
0.029568	0.631272	0.689439	6.701983	
0.651009	0.000011	0.054679	7.541781	
0.202013	0.787440	0.148570	5.812235	
0.788953	0.195083	0.001411	6.106195	
0.003199	0.008129	0.251286	7.572512	
0.668017	0.238380	0.017380	6.887450	
0.202013	0.787440	0.000071	6.127674	
0.114567	0.637202	0.079219	7.189552	
0.735945	0.762172	0.000285	5.560298	
0.189214	0.198359	0.000115	7.304370	
0.860818	0.880972	0.895039	2.990001	
0.621491	0.628624	0.183563	6.864630	
0.635752	0.681530	0.633953	6.357506	
0.279243	0.742729	0.734195	5.185933	
0.211112	0.000009	0.017789	7.576836	
0.179029	0.124132	0.326554	7.057679	
0.902267	0.687836	0.676845	4.817380	
0.807540	0.895781	0.044026	4.706910	
0.105674	0.253114	0.008456	7.379622	
0.628133	0.029804	0.657516	6.956621	
0.632761	0.779314	0.253162	5.686377	
0.829286	0.183995	0.621593	5.697055	
0.000390	0.305144	0.184247	7.249871	
0.198376	0.036513	0.679892	6.803074	
0.000050	0.723766	0.153660	6.601802	
0.857186	0.224448	0.215665	5.482235	
0.034173	0.902460	0.787020	4.841000	
0.912417	0.000000	0.000000	6.418372	
0.853103	0.886742	0.221180	4.232451	
0.000118	0.008476	0.698958	7.085067	
