0.266491	0.781999	0.807452	4.582786	
0.121098	0.000001	0.001980	7.806551	
0.000454	0.150346	0.292009	7.330133	
0.000000	0.000000	0.000000	8.508149	
0.912668	0.012383	0.802119	4.837517	
0.005222	0.770238	0.196752	6.281218	
0.729032	0.866212	0.865484	3.485361	
0.617505	0.004375	0.869879	5.968204	
0.211147	0.660618	0.217063	6.695965	
0.701303	0.733455	0.004256	5.906954	
0.000001	0.892441	0.002081	6.350571	
0.783391	0.000001	0.187121	6.405173	
0.924719	0.000000	0.572008	6.533362	
0.200626	0.000953	0.744618	6.368582	
0.151347	0.308098	0.000008	7.388911	
0.000000	0.202319	0.597683	7.392542	
0.000462	0.133695	0.133505	7.525695	
0.892605	0.783403	0.041348	4.815578	
0.001148	0.002340	0.256115	7.572081	
0.197206	0.777316	0.598243	6.038175	
0.010671	0.678001	0.012826	7.226093	
0.280356	0.140609	0.014628	7.387722	
0.723419	0.000002	0.510465	6.968796	
0.281497	0.302856	0.000008	7.205705	
0.758184	0.185257	0.010327	6.290551	
0.282102	0.001502	0.144058	7.307255	
0.137082	0.131942	0.000779	7.476120	
0.000000	0.000167	0.114502	7.891551	
0.000096	0.119916	0.000027	7.878531	
0.245187	0.201548	0.643579	6.686530	
0.815464	0.795371	0.274238	4.440742	
0.652520	0.195538	0.217465	6.673848	
0.868187	0.892036	0.750659	3.379062	
0.816364	0.202284	0.616227	5.653878	
0.689570	0.325579	0.020932	6.795537	
0.688328	0.879189	0.674087	4.775232	
0.217794	0.869011	0.217409	5.494075	
0.002017	0.290495	0.153858	7.341736	
0.196339	0.777316	0.001971	6.224574	
0.274194	0.000000	0.000001	7.587335	
0.734713	0.005841	0.729736	5.751570	
0.180309	0.159564	0.287637	6.917693	
0.000000	0.022850	0.903642	6.363170	
0.691658	0.689583	0.210516	5.994088	
0.029039	0.899981	0.797994	4.785174	
0.861011	0.732050	0.865920	3.462908	
0.000537	0.188705	0.762169	6.352361	
0.638241	0.626106	0.634141	6.699020	
0.213312	0.215713	0.854669	5.495943	
0.195686	0.000000	0.570238	7.503627	
0.000001	0.864379	0.296260	5.913003	
0.154361	0.142342	0.147849	7.428108	
0.628496	0.006024	0.128462	7.414201	
0.015502	0.000000	0.555407	8.242193	
0.027236	0.790110	0.887081	4.790932	
0.331980	0.669553	0.002250	6.980028	
0.703730	0.003106	0.016879	7.277901	
0.154595	0.000883	0.276833	7.275121	
0.277385	0.001022	0.275479	7.167127	
0.132932	0.000002	0.130702	7.714032	
0.574971	0.196720	0.000038	7.535595	
0.187036	0.615596	0.001776	7.336881	
0.795551	0.268241	0.802479	4.520184	
0.007610	0.700723	0.318252	6.724486	
0.535290	0.888512	0.000027	6.313872	
0.000001	0.618380	0.229681	7.242412	
0.000001	0.618380	0.894348	6.015639	
0.781167	0.892617	0.001972	4.880797	
0.788835	0.024822	0.897749	4.827481	
0.002507	0.002441	0.704382	7.081201	
0.000052	0.732985	0.730471	5.760319	
0.890465	0.683918	0.674486	4.828947	
0.599241	0.218704	0.716978	6.302899	
0.802339	0.660618	0.238747	5.606825	
0.275945	0.607604	0.766091	5.933478	
0.606428	0.000006	0.690538	7.014249	
0.193927	0.301580	0.139715	7.203031	
0.000000	0.273468	0.000150	7.598362	
0.676552	0.664597	0.928822	5.106272	
0.867487	0.217788	0.221580	5.486804	
0.896231	0.005382	0.006400	6.352626	
0.326434	0.198013	0.162633	6.943760	
0.010494	0.870055	0.218859	5.890593	
0.030467	0.653629	0.657539	6.789947	
0.797606	0.024822	0.897749	4.785919	
0.723419	0.000002	0.514438	6.951514	
0.000454	0.001022	0.275479	7.582875	
0.528955	0.888205	0.000027	6.349144	
0.007303	0.191401	0.769112	6.269558	
0.652520	0.222202	0.217465	6.648362	
0.000000	0.124314	0.000238	7.763759	
0.279973	0.136124	0.022336	7.297361	
0.912668	0.012383	0.808734	4.811316	
0.000690	0.133695	0.133505	7.483146	
0.039219	0.850370	0.757036	4.932709	
0.783085	0.000098	0.183271	6.187253	
0.277053	0.004413	0.001633	7.580108	
0.000000	0.202319	0.606638	7.329860	
0.030467	0.654043	0.634669	6.941925	
0.177551	0.177948	0.286036	6.884261	
0.000067	0.718577	0.004790	6.952727	
0.781167	0.887990	0.006992	4.863794	
0.221904	0.660618	0.218937	6.553789	
0.098920	0.746142	0.001681	6.579909	
0.691658	0.689583	0.213964	5.939029	
0.245187	0.189597	0.643579	6.769424	
0.000001	0.124004	0.233028	7.429082	
0.039219	0.030932	0.757036	6.586361	
0.213380	0.004760	0.903090	5.973109	
0.268968	0.794124	0.807430	4.459936	
0.284515	0.018736	0.225534	7.152726	
0.767108	0.173564	0.214518	5.935227	
0.832969	0.732050	0.865920	3.490295	
0.191977	0.000000	0.570238	7.578614	
0.000000	0.024823	0.903642	6.355169	
0.007798	0.700723	0.314002	6.715913	
0.000001	0.890719	0.292663	5.945816	
0.921051	0.718604	0.630854	4.981242	
0.686126	0.855695	0.674087	4.777178	
0.708079	0.802851	0.243013	5.025522	
0.204842	0.002500	0.283943	7.196348	
0.892605	0.816989	0.043468	4.668849	
0.660891	0.318833	0.000008	7.129229	
0.217794	0.870972	0.217409	5.493477	
0.799486	0.008657	0.000414	6.462815	
0.735176	0.746142	0.001681	5.629136	
0.219330	0.308098	0.013593	7.194927	
0.687545	0.664597	0.914313	4.953308	
0.000067	0.197322	0.007504	7.608660	
0.213147	0.220201	0.854669	5.491574	
0.279025	0.302913	0.000008	7.204810	
0.853639	0.866035	0.730563	3.477142	
0.590269	0.213753	0.000008	7.452257	
0.824504	0.660618	0.218937	5.511157	
0.000001	0.887815	0.007101	6.333616	
0.274904	0.607604	0.754045	6.006017	
0.005626	0.647466	0.152677	7.161446	
0.002017	0.283920	0.157389	7.274559	
0.193834	0.615596	0.000277	7.303839	
0.004103	0.846095	0.623233	5.940840	
0.132932	0.000002	0.136956	7.698907	
0.026800	0.793699	0.887081	5.137381	
0.606587	0.000000	0.690538	7.001612	
0.133606	0.332960	0.134118	7.316117	
0.000000	0.000167	0.123390	7.870335	
0.739718	0.000953	0.744618	5.632281	
0.121979	0.000001	0.001980	7.779892	
0.772400	0.196462	0.001935	6.197434	
0.769044	0.812108	0.808022	3.480602	
0.001223	0.000000	0.555407	7.944812	
0.114791	0.187300	0.006447	7.582875	
0.723455	0.195488	0.648945	5.992661	
0.638241	0.626106	0.626099	6.749065	
0.628496	0.012787	0.128462	7.390580	
0.798082	0.268241	0.801060	4.465393	
0.005033	0.001221	0.004790	7.992008	
0.723455	0.000299	0.000002	6.956582	
0.196339	0.777316	0.598243	6.048099	
0.607318	0.217788	0.827294	5.653265	
0.194503	0.198013	0.144309	7.070892	
0.324572	0.198013	0.175879	6.914218	
0.334125	0.669553	0.001976	7.032143	
0.899038	0.008444	0.854669	4.670652	
0.788835	0.655714	0.808527	4.309774	
0.142536	0.223455	0.216245	6.896413	
0.000470	0.191572	0.781023	6.235372	
0.275945	0.607604	0.758049	5.983522	
0.860578	0.717305	0.865920	3.641897	
0.732298	0.017928	0.857424	5.171095	
0.213312	0.220068	0.854669	5.491799	
0.853639	0.866035	0.674197	3.941277	
0.282102	0.040341	0.144058	7.254331	
0.847400	0.790110	0.170326	4.556484	
0.204842	0.008053	0.283943	7.187806	
0.177551	0.173564	0.286036	6.907534	
0.026950	0.732477	0.896966	5.188565	
0.744886	0.163703	0.294093	6.218690	
0.010248	0.001221	0.004410	7.992035	
0.008690	0.660618	0.217063	7.100346	
0.638241	0.864526	0.096595	5.784829	
0.597619	0.687907	0.001681	6.945020	
0.001220	0.000000	0.566017	7.900953	
0.721424	0.004374	0.106420	6.882632	
0.686126	0.718598	0.674087	5.465476	
0.779044	0.203285	0.000074	6.150577	
0.010866	0.119916	0.010252	7.856660	
0.618702	0.218704	0.716978	6.197923	
0.638241	0.864526	0.868741	4.152618	
0.324822	0.765461	0.162633	5.950066	
0.324572	0.198013	0.144309	6.981743	
0.177558	0.166174	0.218937	6.904237	
0.020674	0.000167	0.114502	7.858635	
0.000044	0.007250	0.724191	6.960519	
0.018552	0.272980	0.000027	7.577261	
0.824504	0.660618	0.004865	6.085414	
0.000000	0.202319	0.598652	7.369619	
0.151347	0.033158	0.002205	7.662579	
0.001577	0.718642	0.004790	6.939682	
0.574971	0.203176	0.000038	7.522887	
0.216585	0.865983	0.732848	4.743852	
