0.866799	0.875811	0.737863	3.433348	
0.000001	0.001053	0.280599	7.584724	
0.000046	0.623611	0.188597	7.284754	
0.648506	0.624741	0.219341	6.730908	
0.679696	0.296958	0.039068	6.787573	
0.247676	0.634479	0.617419	6.799125	
0.784122	0.255282	0.627343	5.702361	
0.907909	0.669083	0.693688	4.849355	
0.217203	0.027596	0.632707	7.132274	
0.169911	0.169473	0.325219	7.083557	
0.729521	0.736048	0.002088	5.727705	
0.000171	0.605403	0.000110	7.726317	
0.199008	0.616764	0.000000	7.554732	
0.742164	0.576251	0.280657	6.272812	
0.652703	0.647601	0.637251	6.477875	
0.191375	0.001279	0.780709	6.256799	
0.000002	0.300877	0.155224	7.305820	
0.218113	0.887807	0.223893	5.512011	
0.876740	0.025226	0.797885	4.736901	
0.003124	0.000076	0.715460	6.964569	
0.000011	0.014685	0.899890	6.357622	
0.137845	0.137934	0.002879	7.574346	
0.876407	0.008370	0.004247	6.305663	
0.799010	0.904952	0.000093	4.840479	
0.608804	0.000771	0.177429	7.367127	
0.551932	0.720223	0.001063	6.898655	
0.173827	0.301748	0.193462	6.882220	
0.698944	0.654237	0.931938	5.029961	
0.152022	0.913354	0.652610	5.667062	
0.000778	0.148975	0.288135	7.298539	
0.616578	0.226697	0.811685	5.664192	
0.898062	0.797913	0.035296	4.767924	
0.254573	0.802961	0.805825	4.415742	
0.662065	0.223501	0.217980	6.542304	
0.217006	0.208769	0.660552	6.567735	
0.000001	0.122727	0.000032	7.765923	
0.150732	0.001053	0.284016	7.288425	
0.205779	0.651248	0.224927	6.663243	
0.004865	0.804739	0.869235	4.725812	
0.798666	0.806346	0.266830	4.435129	
0.688957	0.033951	0.345042	6.882785	
0.000035	0.269491	0.002021	7.577027	
0.135236	0.000025	0.139475	7.461266	
0.150935	0.151113	0.153445	7.093812	
0.781234	0.001028	0.195854	6.144605	
0.000001	0.299540	0.280147	7.199171	
0.722957	0.012099	0.753538	5.685478	
0.012046	0.897179	0.000101	6.349983	
0.001070	0.001026	0.610574	7.697091	
0.721270	0.005280	0.007588	6.940824	
0.602272	0.014086	0.000093	7.726423	
0.001075	0.633049	0.630026	7.168964	
0.873930	0.033951	0.341060	5.968926	
0.125255	0.000545	0.000065	7.871077	
0.309180	0.162858	0.007588	7.304511	
0.019405	0.913354	0.808055	4.805341	
0.000000	0.000000	0.000000	8.229908	
0.218610	0.225755	0.886814	5.507965	
0.798244	0.008364	0.900465	4.811638	
0.607096	0.000076	0.727229	6.620305	
0.292759	0.000778	0.177429	7.247710	
0.615426	0.784625	0.225838	5.785804	
0.000628	0.715847	0.001741	6.995254	
0.257087	0.001026	0.010923	7.560946	
0.000098	0.789730	0.193913	6.106515	
0.000009	0.601256	0.738494	6.699712	
0.325556	0.176197	0.176839	6.946750	
0.266880	0.620402	0.767298	6.001177	
0.170205	0.300877	0.005922	7.262383	
0.613485	0.196745	0.001552	7.300618	
0.860888	0.223324	0.218955	5.480204	
0.719666	0.860085	0.869090	3.553667	
0.891955	0.306637	0.057832	5.884107	
0.777367	0.202364	0.000032	6.157844	
0.002071	0.131101	0.139324	7.496474	
0.000098	0.731174	0.747805	5.586286	
0.000009	0.151600	0.618065	7.354235	
0.198208	0.780803	0.000127	6.248630	
0.637437	0.929806	0.745333	4.786797	
0.000002	0.000059	0.125406	7.758895	
0.003825	0.194356	0.778275	6.160556	
0.866956	0.742195	0.861879	3.389671	
0.806065	0.255282	0.816180	4.371332	
0.000004	0.913354	0.613044	6.105379	
0.000224	0.280043	0.000442	7.587628	
0.178985	0.301748	0.197313	6.867037	
0.198331	0.654783	0.237926	6.733133	
0.151195	0.000895	0.228103	7.279717	
0.860638	0.223324	0.218721	5.480287	
0.298351	0.000778	0.002981	7.605564	
0.218020	0.209139	0.661398	6.559713	
0.228517	0.887807	0.222919	5.505010	
0.198331	0.001279	0.780709	6.144482	
0.860638	0.736411	0.858421	3.427901	
0.890115	0.799763	0.033373	4.741963	
0.729696	0.039801	0.364066	6.599358	
0.722653	0.005393	0.001826	6.907323	
0.008950	0.256474	0.140322	7.372737	
0.000582	0.181015	0.293474	7.238156	
0.802812	0.879873	0.717554	3.865514	
0.551932	0.720223	0.365619	6.644225	
0.608804	0.000754	0.139169	7.446155	
0.000001	0.004912	0.000035	7.995014	
0.730597	0.736676	0.002088	5.717237	
0.219888	0.009408	0.224927	7.215665	
0.798606	0.035888	0.887075	4.735612	
0.217203	0.032081	0.632707	7.125765	
0.637437	0.927297	0.750976	4.735531	
0.197756	0.780803	0.001820	6.150488	
0.613900	0.000076	0.727229	6.592223	
0.022087	0.720223	0.001741	6.904960	
0.648506	0.647601	0.651113	6.415875	
0.649732	0.624741	0.219341	6.722498	
0.007911	0.038321	0.878869	6.264128	
0.876407	0.008370	0.000042	6.311181	
0.891955	0.306637	0.057832	5.884107	
0.000071	0.913354	0.808361	4.826958	
0.151063	0.151113	0.153445	7.093481	
0.695185	0.276695	0.328204	6.359188	
0.781295	0.187364	0.000104	6.166836	
0.138242	0.137934	0.000336	7.457570	
0.005425	0.800494	0.837366	4.774041	
0.135236	0.000216	0.139475	7.461063	
0.039756	0.019625	0.139324	7.666572	
0.002071	0.139431	0.139324	7.467627	
0.000009	0.615262	0.715024	6.697326	
0.000000	0.003357	0.285433	7.588081	
0.000001	0.124899	0.000032	7.759934	
0.699599	0.654237	0.900217	4.887342	
0.874204	0.022952	0.797885	4.736956	
0.257009	0.196745	0.016475	7.175343	
0.199008	0.621344	0.000000	7.527947	
0.002850	0.616172	0.000000	7.752914	
0.261784	0.202554	0.822201	5.704970	
0.266880	0.620402	0.771894	5.822178	
0.868898	0.877126	0.289117	4.314635	
0.008105	0.024622	0.788528	6.455061	
0.551932	0.720223	0.001741	6.898441	
0.719724	0.857037	0.870802	3.555014	
0.234710	0.206263	0.190858	6.814591	
0.000057	0.624027	0.195152	7.253197	
0.613485	0.196745	0.001554	7.300524	
0.240435	0.802961	0.797419	4.495332	
0.750428	0.611274	0.250783	6.039897	
0.000000	0.299540	0.280147	7.211823	
0.245861	0.641904	0.640693	6.656792	
0.178985	0.193206	0.297107	6.866478	
0.024176	0.783695	0.206067	6.118518	
0.799202	0.904952	0.000093	4.839648	
0.867114	0.669370	0.695460	4.742155	
0.000064	0.899758	0.000442	6.373574	
0.799320	0.255282	0.630026	5.601190	
0.002376	0.194356	0.783926	6.131709	
0.737600	0.001001	0.729152	5.733915	
0.000001	0.756954	0.613803	6.375689	
0.613507	0.198503	0.792020	5.793337	
0.784432	0.001028	0.195854	6.127904	
0.807807	0.255282	0.816180	4.367268	
0.178985	0.290747	0.000798	7.241423	
0.000000	0.913920	0.613507	6.120810	
0.125255	0.000545	0.000065	7.812689	
0.131822	0.650378	0.639760	6.714320	
0.005446	0.912310	0.222919	5.996011	
0.000520	0.898662	0.000442	6.369776	
0.137845	0.130243	0.804037	6.017097	
0.009685	0.718238	0.861879	5.243344	
0.874204	0.000057	0.797885	4.764965	
0.730597	0.738482	0.000179	5.708408	
0.142087	0.001053	0.284016	7.308386	
0.808786	0.255282	0.864163	4.287444	
0.616578	0.226697	0.811685	5.664192	
0.169911	0.097351	0.010114	7.586158	
0.000071	0.913354	0.808055	4.828179	
0.646408	0.303305	0.638011	6.646328	
0.000795	0.196458	0.783926	6.133830	
0.179371	0.279201	0.196904	7.028709	
0.000778	0.229538	0.183597	7.233103	
0.679696	0.927294	0.750976	4.436525	
0.880011	0.000076	0.727229	5.440843	
0.602272	0.132484	0.000093	7.484221	
0.621934	0.784625	0.225559	5.748168	
0.022730	0.105730	0.009803	7.786324	
0.218610	0.145192	0.886814	5.637913	
0.169911	0.169473	0.325219	7.083557	
0.672765	0.007945	0.139475	7.005940	
0.560366	0.720335	0.033373	6.799023	
0.000006	0.122727	0.205844	7.367912	
0.809096	0.001028	0.198536	6.077976	
0.000004	0.913354	0.603839	6.269257	
0.323017	0.188028	0.173942	6.926412	
0.051486	0.033134	0.631498	7.473338	
0.228517	0.887807	0.222919	5.505010	
0.211226	0.003906	0.661398	7.048217	
0.743567	0.206286	0.296504	6.032838	
0.131822	0.649845	0.639760	6.718093	
0.008151	0.024622	0.009694	7.951030	
0.131822	0.617592	0.772222	5.983412	
0.673943	0.698642	0.637251	6.008240	
0.266880	0.749983	0.771894	4.900231	
0.178985	0.748152	0.000798	6.379012	
