0.176321	0.170721	0.303041	6.919545	
0.000002	0.136810	0.137141	7.475245	
0.163292	0.008401	0.296316	7.268239	
0.128566	0.000000	0.000000	7.902952	
0.012558	0.789784	0.897713	4.839583	
0.310449	0.000001	0.155612	7.317153	
0.846570	0.788378	0.232758	4.420905	
0.743370	0.735919	0.005250	5.609975	
0.165324	0.304604	0.204176	6.889956	
0.776790	0.194160	0.000228	6.186000	
0.163516	0.252558	0.000122	7.248243	
0.026107	0.484850	0.716190	6.929113	
0.904473	0.000026	0.626627	5.992170	
0.151547	0.154977	0.152877	7.115813	
0.282333	0.000000	0.000006	7.588354	
0.271507	0.779143	0.630864	5.768190	
0.719429	0.000026	0.626627	6.542690	
0.723617	0.001277	0.000058	6.905815	
0.564637	0.200495	0.851787	5.819683	
0.197239	0.000001	0.782222	6.145898	
0.271507	0.790243	0.811514	4.466737	
0.209591	0.638681	0.621933	6.760009	
0.197390	0.766947	0.000000	6.225157	
0.000119	0.272557	0.000000	7.581293	
0.220761	0.867956	0.231115	5.476118	
0.217738	0.657649	0.227144	6.572807	
0.000000	0.000054	0.715526	6.967358	
0.798933	0.015386	0.877087	4.747631	
0.866231	0.329318	0.079591	5.835716	
0.000210	0.007123	0.870546	6.306122	
0.001955	0.000975	0.631271	7.579688	
0.000031	0.718081	0.322964	6.602643	
0.885107	0.876743	0.735882	3.470735	
0.285512	0.625377	0.762017	5.920271	
0.850112	0.297515	0.629884	5.510735	
0.001279	0.152258	0.326794	7.449495	
0.736213	0.000879	0.742452	5.589479	
0.609658	0.000000	0.203758	7.308148	
0.136421	0.000703	0.136372	7.478946	
0.343100	0.186877	0.173690	6.975775	
0.798951	0.874102	0.024182	4.729899	
0.446968	0.000793	0.743067	6.922004	
0.884250	0.740612	0.863325	3.423797	
0.637505	0.646692	0.651879	6.450294	
0.913256	0.032458	0.820140	4.745648	
0.613836	0.637358	0.203758	6.831101	
0.000332	0.000690	0.273533	7.583918	
0.002661	0.885089	0.000326	6.342719	
0.695885	0.883315	0.656619	4.850623	
0.631919	0.847574	0.164857	5.604851	
0.224908	0.224804	0.863597	5.480982	
0.636818	0.664631	0.014004	6.938825	
0.000000	0.602446	0.203706	7.347275	
0.010347	0.721877	0.747086	5.661499	
0.221428	0.000325	0.629496	7.220641	
0.000000	0.130241	0.000000	7.936419	
0.720562	0.584585	0.000001	6.755844	
0.632659	0.891247	0.000327	5.920416	
0.000000	0.000000	0.000000	8.001606	
0.648783	0.215511	0.226654	6.634996	
0.282847	0.284345	0.031171	7.143305	
0.871373	0.223319	0.228406	5.481856	
0.631597	0.194728	0.629697	6.777010	
0.000000	0.903028	0.809147	4.789935	
0.039594	0.875730	0.331258	5.942487	
0.807919	0.275449	0.798647	4.438657	
0.788678	0.641634	0.224690	5.585857	
0.645085	0.015741	0.014004	7.517789	
0.308894	0.000013	0.302725	7.233553	
0.219770	0.217754	0.661201	6.550174	
0.000000	0.181887	0.776235	6.197854	
0.650012	0.299708	0.018602	7.041486	
0.000031	0.718081	0.001705	6.949403	
0.901430	0.799910	0.004834	4.813674	
0.183828	0.633050	0.000127	7.202509	
0.792382	0.000560	0.189549	6.104711	
0.000111	0.776580	0.193287	6.175655	
0.899521	0.650030	0.703148	4.913180	
0.000384	0.283285	0.145258	7.300881	
0.135502	0.136163	0.000530	7.468360	
0.319948	0.138966	0.000204	7.370883	
0.723646	0.859633	0.874986	3.530192	
0.722590	0.649900	0.888701	4.709384	
0.000000	0.000000	0.122067	7.782767	
0.896708	0.006644	0.008822	6.346114	
0.000000	0.181887	0.602197	7.382053	
0.025067	0.636170	0.029817	7.579321	
0.734069	0.646465	0.204326	5.924951	
0.798951	0.874102	0.025720	4.727689	
0.638505	0.013238	0.871506	5.827885	
0.631919	0.001419	0.164857	7.291243	
0.694420	0.592977	0.674141	6.193926	
0.271507	0.775410	0.630864	5.787891	
0.786902	0.191619	0.000228	6.124579	
0.000183	0.636170	0.617506	7.269888	
0.850778	0.767896	0.080737	4.781460	
0.000000	0.181887	0.800093	6.085223	
0.199366	0.286963	0.298210	6.808356	
0.632659	0.884967	0.000327	5.923509	
0.789585	0.020055	0.000058	6.463950	
0.012724	0.000879	0.725510	6.879927	
0.015700	0.890969	0.227292	5.911640	
0.219770	0.217754	0.075718	7.052247	
0.006018	0.863254	0.809147	4.895327	
0.178594	0.008401	0.296316	7.237927	
0.850778	0.770516	0.688947	4.085581	
0.690333	0.884816	0.899928	3.861951	
0.870030	0.736661	0.860025	3.430748	
0.600000	0.200495	0.859427	5.676486	
0.788597	0.199519	0.232912	5.751491	
0.343100	0.006945	0.689495	6.931899	
0.631919	0.637358	0.203758	6.721216	
0.137981	0.636170	0.314074	6.915865	
0.221474	0.636170	0.628344	6.736817	
0.224908	0.200398	0.863597	5.689019	
0.898777	0.186047	0.661201	5.372557	
0.000000	0.000000	0.870546	6.313963	
0.000000	0.000000	0.000000	8.001167	
0.197390	0.780816	0.000000	6.145779	
0.255722	0.896121	0.801545	4.371024	
0.308894	0.000003	0.302725	7.234132	
0.915892	0.841164	0.817175	3.146890	
0.690333	0.884816	0.650886	4.935769	
0.000111	0.007374	0.639519	7.607393	
0.219770	0.031410	0.808203	5.953531	
0.010425	0.826732	0.865571	4.651240	
0.648783	0.214481	0.226654	6.636071	
0.002661	0.886310	0.630588	5.920585	
0.274788	0.278685	0.071896	7.052613	
0.135679	0.000793	0.137208	7.617323	
0.000000	0.181887	0.616415	7.306234	
0.009021	0.279432	0.146010	7.287439	
0.219193	0.862256	0.219311	5.484761	
0.219746	0.212901	0.655504	6.601599	
0.899846	0.000975	0.807581	4.781085	
0.851851	0.788378	0.232758	4.416618	
0.000019	0.137422	0.141149	7.453880	
0.723646	0.859633	0.015597	5.208245	
0.000000	0.125756	0.000000	7.758069	
0.010347	0.721877	0.007818	6.901674	
0.720562	0.592994	0.000001	6.774501	
0.896708	0.006644	0.003040	6.352607	
0.151727	0.636170	0.005648	7.250214	
0.217752	0.000325	0.630864	7.168091	
0.008467	0.750151	0.716928	5.686432	
0.013442	0.813662	0.000246	6.454817	
0.309552	0.000013	0.155612	7.315987	
0.127109	0.000000	0.000010	7.754805	
0.026107	0.584244	0.716190	6.759904	
0.001798	0.152258	0.326794	7.448961	
0.001322	0.002599	0.273533	7.577526	
0.000039	0.273474	0.000662	7.615503	
0.782578	0.637588	0.876330	4.421859	
0.279564	0.160423	0.000006	7.265631	
0.343100	0.187949	0.173706	6.974149	
0.041448	0.636170	0.321626	7.143477	
0.191465	0.304604	0.094632	7.079972	
0.816229	0.275449	0.798647	4.409689	
0.151547	0.153561	0.007298	7.397777	
0.645085	0.664631	0.014004	6.884083	
0.638505	0.177696	0.626554	6.780268	
0.349357	0.752410	0.300253	6.015665	
0.197157	0.636170	0.781450	5.779651	
0.002123	0.000464	0.179775	7.641906	
0.282333	0.000011	0.000006	7.588148	
0.798933	0.014369	0.877087	4.748732	
0.163299	0.304604	0.153027	6.987631	
0.689950	0.001548	0.645103	6.644088	
0.792382	0.000560	0.200838	6.087325	
0.006397	0.283285	0.236309	7.158752	
0.792382	0.000560	0.200471	6.087622	
0.002494	0.138966	0.000204	7.728089	
0.372045	0.801600	0.677215	5.536074	
0.913256	0.033377	0.839711	4.700718	
0.282333	0.000000	0.000492	7.588088	
0.644169	0.636170	0.323750	6.696141	
0.645085	0.631308	0.014004	7.069790	
0.282046	0.001058	0.206094	7.190490	
0.197076	0.286963	0.137699	6.936437	
0.000121	0.167811	0.809147	6.074086	
0.645085	0.015413	0.156846	7.218419	
0.001934	0.194728	0.634318	7.201029	
0.282333	0.723574	0.000492	6.494768	
0.013164	0.646692	0.651879	6.912567	
0.216651	0.902030	0.219311	5.565508	
0.898411	0.783865	0.004816	4.985041	
0.915892	0.796015	0.817175	3.277800	
0.689950	0.883315	0.645103	4.975428	
0.776135	0.892547	0.000222	4.921660	
0.308891	0.000003	0.302725	7.244214	
0.307187	0.661436	0.136135	6.733934	
0.005453	0.136810	0.297652	7.349159	
0.634847	0.178335	0.639468	6.750338	
0.001244	0.822007	0.000244	6.523211	
0.000332	0.000690	0.194849	7.620929	
0.871373	0.132868	0.228406	5.644125	
0.226827	0.217754	0.000399	7.340347	
0.723617	0.001277	0.647457	6.375547	
0.165324	0.003434	0.205042	7.356112	
0.734069	0.692006	0.204326	5.812764	
