0.741653	0.184604	0.141022	9.459910	
0.004048	0.841736	0.145026	8.582631	
0.166123	0.215226	0.001214	10.051108	
0.837579	0.000474	0.027376	8.805982	
0.000022	0.329271	0.000327	10.950096	
0.009343	0.007195	0.752574	9.987515	
0.806629	0.897326	0.717315	7.257784	
0.806629	0.005306	0.717315	8.971076	
0.037646	0.166059	0.852218	8.932164	
0.794733	0.160538	0.000714	8.609269	
0.000003	0.755377	0.083176	10.309744	
0.834948	0.008724	0.000025	10.597936	
0.000008	0.827935	0.811869	9.039879	
0.000010	0.933630	0.000054	14.548005	
0.002554	0.784658	0.000405	10.679805	
0.007978	0.078855	0.148784	10.223305	
0.349185	0.000152	0.117919	10.606248	
0.787860	0.781603	0.003812	7.598463	
0.228904	0.171753	0.000002	10.066609	
0.053375	0.000429	0.000262	12.212315	
0.000022	0.000448	0.000236	13.941656	
0.110438	0.005722	0.728398	10.444592	
0.108857	0.159321	0.068788	10.001488	
0.748732	0.824105	0.160472	8.643573	
0.007947	0.051455	0.000025	11.744715	
0.031591	0.696162	0.877531	8.219504	
0.768386	0.000024	0.004279	12.790205	
0.120108	0.742107	0.007647	9.314282	
0.124385	0.000118	0.059965	10.606397	
0.000031	0.330717	0.909164	9.027161	
0.719930	0.827843	0.843854	7.423168	
0.812894	0.150550	0.706068	8.622539	
0.903855	0.760285	0.000004	8.550568	
0.029898	0.056978	0.000025	11.146329	
0.000276	0.002350	0.774597	12.019025	
0.000525	0.172624	0.000054	13.473061	
0.265905	0.839778	0.069067	8.487895	
0.004546	0.822985	0.849534	7.284695	
0.000022	0.061885	0.068483	10.640217	
0.790542	0.143443	0.000000	10.206051	
0.270189	0.016835	0.755941	9.378619	
0.145650	0.005456	0.143033	10.518944	
0.042986	0.000006	0.143999	12.149360	
0.072291	0.155555	0.000143	10.819568	
0.151354	0.078855	0.148784	9.926694	
0.169538	0.362261	0.068483	10.049405	
0.770754	0.009037	0.876101	8.563628	
0.123877	0.004048	0.850199	8.821054	
0.195950	0.786683	0.000001	10.904118	
0.072291	0.166299	0.000009	10.609853	
0.011596	0.007195	0.833932	9.085342	
0.170694	0.000878	0.000001	13.797843	
0.754277	0.845729	0.000045	9.097261	
0.848064	0.050723	0.806009	7.315186	
0.746518	0.007465	0.164264	8.735051	
0.029122	0.928580	0.000494	9.497721	
0.000022	0.332781	0.068483	10.579791	
0.270125	0.000006	0.143999	11.815892	
0.205934	0.000144	0.000040	11.198889	
0.748923	0.146808	0.947902	8.167115	
0.085815	0.000011	0.057061	11.852216	
0.828291	0.750846	0.804635	7.111770	
0.008871	0.023486	0.145026	10.297556	
0.000030	0.000026	0.189090	14.248621	
0.000933	0.000011	0.057061	11.999174	
0.002582	0.162419	0.000212	10.261725	
0.346249	0.057516	0.002219	10.431014	
0.175547	0.000115	0.136109	9.461857	
0.268839	0.016805	0.069067	10.177626	
0.154498	0.038870	0.136109	9.634187	
0.108857	0.159321	0.068788	10.001488	
0.123877	0.000118	0.850199	8.876270	
0.000423	0.756883	0.000405	10.837421	
0.003726	0.822985	0.831438	7.948606	
0.001926	0.030193	0.856382	9.387357	
0.201113	0.000035	0.035170	10.873905	
0.168225	0.712763	0.000300	10.130673	
0.000011	0.930378	0.000054	16.206597	
0.172070	0.207643	0.016246	10.227378	
0.167744	0.000848	0.145026	9.943183	
0.777762	0.179539	0.781095	7.554883	
0.812894	0.000472	0.003371	10.864773	
0.000031	0.224814	0.919580	9.657499	
0.004048	0.841736	0.145026	8.582631	
0.745422	0.736955	0.763335	8.476166	
0.787860	0.783686	0.000057	7.899572	
0.065136	0.000059	0.000262	14.109339	
0.072291	0.155555	0.000527	10.742248	
0.833651	0.000562	0.027376	9.002107	
0.000030	0.102146	0.000366	12.171282	
0.841503	0.843111	0.832948	7.008329	
0.000022	0.332781	0.785794	9.472173	
0.000090	0.320116	0.012239	11.499166	
0.000740	0.026380	0.000191	12.683897	
0.108857	0.014348	0.088593	10.462965	
0.810410	0.005127	0.843587	8.527595	
0.000414	0.183078	0.000204	11.344375	
0.000015	0.040120	0.006768	12.168694	
0.767526	0.811254	0.000026	9.734151	
0.822720	0.166406	0.000008	9.632595	
0.771228	0.000057	0.796682	9.256884	
0.166109	0.000118	0.854425	9.980796	
0.160326	0.000006	0.000018	14.189001	
0.000066	0.822960	0.811205	8.801472	
0.168225	0.817676	0.000085	9.545764	
0.785471	0.187292	0.000091	9.400200	
0.017693	0.750846	0.804635	9.069064	
0.000005	0.027636	0.071420	12.468672	
0.766811	0.000057	0.735826	9.737507	
0.000016	0.000221	0.183774	15.585563	
0.000019	0.005456	0.143033	10.709599	
0.000083	0.000394	0.809846	11.821372	
0.941412	0.000006	0.000018	13.165093	
0.751398	0.000562	0.160628	9.274951	
0.071626	0.028522	0.000001	11.091051	
0.835626	0.786683	0.000001	9.444406	
0.845036	0.845390	0.153591	7.382101	
0.000690	0.791269	0.127850	8.790474	
0.003216	0.004277	0.765827	10.646979	
0.765953	0.179539	0.000047	10.020564	
0.349185	0.004066	0.133403	10.472714	
0.170145	0.213703	0.134672	9.954236	
0.002875	0.183078	0.000204	11.184380	
0.033773	0.000058	0.000618	12.912448	
0.000030	0.000026	0.183774	15.836856	
0.892016	0.005306	0.723627	7.692908	
0.798052	0.187225	0.000091	9.375536	
0.785861	0.759989	0.008454	9.067257	
0.000019	0.296580	0.843929	10.122210	
0.105377	0.817676	0.000085	10.150172	
0.151354	0.001083	0.148784	9.947502	
0.000011	0.784343	0.000054	16.642807	
0.106024	0.001930	0.755941	10.371094	
0.761946	0.757850	0.000405	9.333551	
0.764390	0.040953	0.825269	8.530256	
0.000381	0.000044	0.046854	11.860428	
0.002582	0.029724	0.000213	12.057432	
0.000273	0.757770	0.782467	8.952544	
0.819685	0.000562	0.027376	9.320232	
0.166415	0.003573	0.000886	10.887725	
0.000000	0.759801	0.015041	10.553257	
0.000030	0.827935	0.803011	7.926272	
0.750479	0.843111	0.845383	7.145099	
0.000011	0.172624	0.000054	16.676459	
0.003726	0.007465	0.022893	11.333772	
0.840379	0.161161	0.848837	7.114665	
0.003283	0.032703	0.144978	10.337873	
0.000082	0.818816	0.000004	13.326031	
0.168651	0.008701	0.000001	12.299999	
0.172070	0.215226	0.135176	9.789242	
0.000127	0.296580	0.012903	10.445367	
0.106024	0.001877	0.755941	10.393860	
0.000083	0.001493	0.000094	20.423126	
0.033483	0.000058	0.019627	12.203614	
0.748703	0.737609	0.775346	8.147070	
0.806629	0.005306	0.717315	8.971076	
0.018174	0.750846	0.804635	8.647940	
0.767198	0.818195	0.000026	9.167259	
0.812894	0.005127	0.725736	7.603597	
0.004088	0.000021	0.136109	10.557378	
0.764390	0.040953	0.825269	8.530256	
0.000065	0.285362	0.843929	9.939435	
0.797848	0.750846	0.000222	9.298276	
0.006792	0.906658	0.000921	9.725608	
0.785471	0.176639	0.000091	9.461738	
0.000030	0.000028	0.183774	15.680051	
0.000002	0.038565	0.005865	14.256065	
0.168651	0.761514	0.000491	9.454159	
0.000276	0.002350	0.034410	13.276176	
0.195304	0.008724	0.000025	11.672733	
0.000011	0.930378	0.000089	13.422494	
0.170694	0.000911	0.000001	13.641151	
0.000276	0.002350	0.786845	10.882949	
0.040994	0.905630	0.145026	8.410741	
0.814477	0.000562	0.027376	10.483846	
0.002549	0.181806	0.000401	11.814020	
0.787860	0.932105	0.000057	7.462194	
0.016408	0.184638	0.000001	12.586151	
0.004074	0.781603	0.066940	9.017705	
0.767198	0.818195	0.000915	7.757896	
0.788425	0.044284	0.002227	9.140062	
0.000011	0.172624	0.000054	16.676459	
0.168651	0.007625	0.000462	11.107065	
0.955120	0.000006	0.799994	11.414844	
0.000117	0.008701	0.067952	10.891120	
0.002376	0.326142	0.785794	9.435126	
0.000000	0.047127	0.015041	13.509639	
0.777104	0.181754	0.000198	9.496884	
0.172070	0.229169	0.135176	9.753546	
0.029898	0.001722	0.012533	10.549716	
0.000273	0.757770	0.828838	8.524127	
0.140211	0.000328	0.000875	11.722927	
0.000736	0.755711	0.000080	11.001914	
0.748703	0.737609	0.784526	8.097323	
0.007303	0.050723	0.806009	9.354654	
0.029541	0.012614	0.000025	12.731195	
0.765261	0.758735	0.074104	8.674408	
0.769799	0.000057	0.797382	8.812775	
0.000051	0.296580	0.843929	8.620080	
0.108857	0.159321	0.068788	10.001488	
