0.183433	0.000046	0.914144	0.365417	
0.709646	0.236506	0.471998	0.470828	
0.670993	0.671341	0.223518	0.222096	
0.215585	0.854469	0.213196	0.427046	
0.975436	0.160016	0.000021	0.159526	
0.914184	0.182144	0.000001	0.364222	
0.590676	0.000031	0.199474	0.782423	
0.141608	0.000528	0.990082	0.000008	
0.641698	0.426333	0.637787	0.000030	
0.324245	0.000009	0.001446	0.946173	
0.410675	0.000008	0.407826	0.815902	
0.637990	0.002600	0.426782	0.641630	
0.949820	0.001239	0.001538	0.313936	
0.641903	0.001453	0.640483	0.427054	
0.362063	0.914402	0.000012	0.181633	
0.503196	0.500426	0.501384	0.495833	
0.412396	0.407914	0.816541	0.000000	
0.000003	0.182637	0.367119	0.912318	
0.817520	0.000012	0.409678	0.408640	
0.673736	0.225438	0.224591	0.667898	
0.406788	0.817108	0.000026	0.408731	
0.224089	0.673856	0.675715	0.224614	
0.428998	0.210166	0.212390	0.854041	
0.515281	0.001220	0.857118	0.000000	
0.163229	0.973521	0.162400	0.000007	
0.000009	0.194921	0.589510	0.784359	
0.859186	0.210342	0.205573	0.419014	
0.164197	0.973419	0.000071	0.161181	
0.518238	0.862291	0.000001	0.000046	
0.000328	0.000660	0.316480	0.948757	
0.410648	0.000059	0.816074	0.408562	
0.859061	0.000273	0.512040	0.000000	
0.163723	0.161899	0.974165	0.000000	
0.237241	0.471191	0.470273	0.707715	
0.711660	0.465151	0.475556	0.234929	
0.225391	0.672266	0.223574	0.669882	
0.411571	0.815766	0.406649	0.000046	
0.000011	0.991960	0.000000	0.141818	
0.916048	0.361002	0.182065	0.000012	
0.000003	0.786106	0.196555	0.587401	
0.000001	0.816562	0.409267	0.407856	
0.000000	0.137981	0.000000	0.990631	
0.990286	0.000000	0.000000	0.140914	
0.164347	0.162383	0.000004	0.973794	
0.182249	0.000000	0.790127	0.587483	
0.365667	0.912916	0.183027	0.000006	
0.198229	0.786619	0.588179	0.000050	
0.515088	0.000000	0.000004	0.857584	
0.000000	1.000962	0.000000	0.000000	
0.818149	0.410174	0.000002	0.405098	
0.182696	0.913231	0.000002	0.365831	
0.000017	0.162099	0.162050	0.973500	
0.191170	0.190416	0.191058	0.950099	
0.234491	0.472603	0.707976	0.469813	
0.000038	0.587355	0.785341	0.195976	
0.974888	0.000018	0.161303	0.161349	
0.000003	0.196861	0.786018	0.586554	
0.212102	0.426204	0.212578	0.853761	
0.184385	0.364539	0.000000	0.913237	
0.000000	0.000000	0.860027	0.510460	
0.000001	0.184448	0.918699	0.354652	
0.000002	0.316476	0.000007	0.948803	
0.787284	0.591337	0.196433	0.000002	
0.000003	0.705796	0.708637	0.001953	
0.000038	0.512950	0.859155	0.000002	
0.470497	0.237327	0.473561	0.706981	
0.591027	0.195886	0.789378	0.000000	
0.215145	0.213809	0.852596	0.426141	
0.000075	0.000578	0.990171	0.141227	
0.427814	0.215903	0.851680	0.213399	
0.949379	0.314526	0.000001	0.000004	
0.316910	0.948560	0.000181	0.000002	
0.163409	0.000004	0.973601	0.160833	
0.447517	0.621347	0.643517	0.005716	
0.000000	0.000000	0.000000	1.000045	
0.589252	0.000367	0.783976	0.195986	
0.364960	0.182603	0.000001	0.913099	
0.472387	0.234604	0.707999	0.470953	
0.000012	0.638913	0.641104	0.426079	
0.000175	0.161022	0.974001	0.161187	
0.000025	0.425874	0.641689	0.638247	
0.477720	0.472141	0.706352	0.233513	
0.818821	0.407711	0.404457	0.000041	
0.788440	0.188741	0.589154	0.000002	
0.001347	0.000039	0.514075	0.857877	
0.197024	0.587749	0.784842	0.000100	
0.000000	0.948691	0.317317	0.000001	
0.213195	0.425331	0.853914	0.214873	
0.000000	0.000000	0.954761	0.316688	
0.375767	0.003574	0.931058	0.180423	
0.186840	0.185694	0.946949	0.185497	
0.227385	0.222712	0.674880	0.673833	
0.000198	0.913143	0.185739	0.364147	
0.425627	0.640747	0.000011	0.639849	
0.640690	0.640527	0.000003	0.424864	
0.210770	0.855075	0.428183	0.217011	
0.589336	0.785123	0.191257	0.000011	
0.184460	0.000804	0.366906	0.913332	
0.913155	0.365347	0.002645	0.181562	
0.708205	0.000018	0.706215	0.000002	
0.706929	0.470439	0.237686	0.472381	
0.316715	0.000027	0.949019	0.000000	
0.000029	0.368631	0.911653	0.183606	
0.423071	0.000278	0.642229	0.639442	
0.860658	0.509414	0.000001	0.000002	
0.000003	0.589656	0.196385	0.785190	
0.707421	0.000140	0.000015	0.707236	
0.785170	0.194007	0.000005	0.588330	
0.000001	0.141177	0.990049	0.000019	
0.913042	0.181813	0.365442	0.000037	
0.471843	0.708114	0.472384	0.233318	
0.426339	0.852879	0.215060	0.212297	
0.000000	0.000000	1.005400	0.000000	
0.589764	0.783730	0.000009	0.195670	
0.953290	0.000015	0.303451	0.000003	
0.000032	0.857363	0.515402	0.000013	
0.000233	0.949275	0.000000	0.316442	
0.000007	0.407311	0.817634	0.407350	
0.587936	0.193274	0.000654	0.786844	
0.945400	0.188543	0.187347	0.189514	
0.974023	0.160863	0.160314	0.000001	
0.000006	0.639960	0.427964	0.638405	
0.000150	0.319638	0.957777	0.000000	
0.855867	0.422675	0.208924	0.213212	
0.920488	0.000016	0.183446	0.367351	
0.195522	0.000000	0.590078	0.783473	
1.000240	0.000000	0.000001	0.000002	
0.679913	0.227016	0.660880	0.223391	
0.143895	0.000002	0.000009	0.989925	
0.000021	0.858344	0.000002	0.513662	
0.644611	0.642652	0.426804	0.000046	
0.000000	0.000000	0.142475	0.989889	
0.857981	0.209966	0.420029	0.211449	
0.000005	0.913249	0.366693	0.179065	
0.000002	0.973857	0.162235	0.162247	
0.990134	0.001237	0.141472	0.000066	
0.000007	0.514949	0.000002	0.857342	
0.000214	0.000501	0.708891	0.706258	
0.000020	0.708495	0.000014	0.708310	
0.995630	0.140525	0.000007	0.000568	
0.478504	0.470507	0.239683	0.709786	
0.196655	0.589036	0.000012	0.784072	
0.187264	0.945350	0.188322	0.189816	
0.785143	0.000001	0.591618	0.194971	
0.212528	0.213070	0.425142	0.854534	
0.237769	0.709144	0.472475	0.472408	
0.783959	0.592430	0.000007	0.194947	
0.183876	0.912029	0.366953	0.000009	
0.409187	0.406593	0.000259	0.817300	
0.474140	0.706762	0.235814	0.470531	
0.787380	0.000007	0.195624	0.584884	
0.712177	0.709806	0.000089	0.000046	
0.200076	0.786132	0.000002	0.589112	
0.144711	0.990295	0.003470	0.001169	
0.643135	0.422454	0.000015	0.639343	
0.000020	0.367515	0.183163	0.918370	
0.365102	0.181432	0.913922	0.000015	
0.000010	0.786653	0.585392	0.197095	
0.163397	0.000204	0.162716	0.973243	
0.365458	0.002215	0.182445	0.914195	
0.000002	0.408762	0.410295	0.815344	
0.856651	0.000014	0.000001	0.516792	
0.000000	0.990722	0.138683	0.000051	
0.182407	0.365417	0.913861	0.000006	
0.919161	0.000988	0.351257	0.181537	
0.000001	0.818567	0.410273	0.404512	
0.130316	0.133064	0.366008	0.913344	
0.772669	0.580359	0.194734	0.190509	
0.547433	0.541040	0.644463	0.005542	
0.939342	0.249088	0.196745	0.180630	
0.000737	0.000000	0.316454	0.948678	
0.429020	0.210177	0.212291	0.854012	
0.339110	0.302402	0.873414	0.176733	
0.002876	0.807882	0.007392	0.620824	
0.600817	0.001422	0.799497	0.000000	
0.000009	0.196098	0.593068	0.781295	
0.310307	0.001881	0.154912	0.942516	
0.332197	0.000507	0.556406	0.767250	
0.860640	0.509403	0.006978	0.000002	
0.144756	0.000343	0.989553	0.000002	
0.913042	0.181813	0.365442	0.000037	
0.411571	0.815766	0.406649	0.000046	
0.093130	0.000002	0.554877	0.826818	
0.787294	0.182314	0.000005	0.596295	
0.816911	0.409554	0.115531	0.407705	
0.211888	0.202480	0.000006	0.962654	
0.000019	0.341616	0.170256	0.930785	
0.977659	0.001690	0.001583	0.233521	
0.000000	0.990650	0.138673	0.010475	
0.117835	0.287798	0.155248	0.949235	
0.341382	0.925429	0.165210	0.000001	
0.164197	0.973419	0.000071	0.161181	
0.663105	0.480821	0.267482	0.512975	
0.000000	0.000000	0.106458	0.998126	
0.003343	0.566148	0.568437	0.598876	
0.591191	0.025168	0.796795	0.141893	
0.106151	0.701965	0.221041	0.669975	
0.198353	0.785325	0.587291	0.003111	
0.893999	0.237065	0.357233	0.180624	
0.708442	0.463048	0.479007	0.234529	
