0.001304	0.858796	0.518188	0.000008	
0.501283	0.873258	0.002661	0.005810	
0.806269	0.002026	0.580708	0.194196	
0.672827	0.620695	0.431749	0.000208	
0.183695	0.790155	0.588342	0.000049	
0.218973	0.211615	0.856953	0.423207	
0.677435	0.220998	0.230844	0.666605	
0.000267	0.586731	0.789756	0.192707	
0.215720	0.677397	0.230308	0.668666	
0.479516	0.471355	0.229756	0.715814	
0.921038	0.000038	0.363832	0.182593	
0.861302	0.513115	0.000185	0.000258	
0.002864	0.412551	0.405699	0.826894	
0.814099	0.427303	0.000353	0.408541	
0.709673	0.706993	0.001309	0.000695	
0.654210	0.645520	0.006878	0.425990	
0.006666	0.644904	0.415346	0.647088	
0.522003	0.000637	0.864558	0.000371	
0.790647	0.199411	0.583190	0.005399	
0.956802	0.000896	0.312019	0.002123	
0.818172	0.000411	0.411297	0.407465	
0.001721	0.437091	0.646594	0.643884	
0.479756	0.236348	0.721981	0.475830	
0.626312	0.763631	0.188841	0.000238	
0.799327	0.197572	0.002152	0.579202	
0.429260	0.650401	0.651020	0.000378	
0.218049	0.218513	0.432148	0.849516	
0.935622	0.338554	0.161298	0.007113	
0.000756	0.819606	0.408932	0.405118	
0.365727	0.918344	0.178797	0.000002	
0.000931	0.201041	0.784007	0.593130	
0.000000	0.000000	0.000000	1.003325	
0.914415	0.363529	0.002146	0.189121	
0.791015	0.590672	0.192252	0.000006	
0.372103	0.000139	0.186319	0.928413	
0.234287	0.473969	0.713885	0.469083	
0.213082	0.860179	0.214953	0.424128	
0.992467	0.000200	0.000750	0.138228	
0.000490	0.000001	0.141635	0.998208	
0.229947	0.680921	0.672312	0.196621	
0.183083	0.598786	0.788603	0.000455	
0.988291	0.151340	0.016848	0.060198	
0.534734	0.001247	0.000241	0.855529	
0.000113	0.000000	0.861899	0.519675	
0.160056	0.000780	0.160065	0.975532	
0.486059	0.720379	0.469151	0.210463	
0.437460	0.000175	0.641665	0.642385	
0.660894	0.001661	0.432882	0.658492	
0.000469	0.366150	0.918369	0.184186	
0.016620	0.804513	0.581779	0.207063	
0.153254	0.000023	0.985915	0.165565	
0.713010	0.468226	0.477298	0.229805	
0.319117	0.957842	0.000807	0.000099	
0.197282	0.000152	0.591203	0.791706	
0.182054	0.361175	0.917378	0.000696	
0.575741	0.192319	0.000021	0.804978	
0.667218	0.683981	0.225157	0.214743	
0.140470	0.000002	0.991641	0.000003	
0.000357	0.916859	0.183208	0.366478	
0.151657	0.980450	0.163338	0.000010	
0.002761	0.173734	0.978701	0.163324	
0.450033	0.846870	0.207735	0.207456	
0.003641	0.786279	0.192404	0.593213	
0.166321	0.975676	0.001014	0.167915	
0.321833	0.003541	0.949962	0.000331	
0.957276	0.297117	0.000421	0.000976	
0.146596	0.004486	0.005167	0.999244	
0.198817	0.000667	0.786113	0.592827	
0.000055	0.993243	0.134191	0.000082	
0.647713	0.422434	0.644133	0.000017	
0.000011	0.000000	0.314471	0.951150	
0.413136	0.821952	0.001313	0.403958	
0.198883	0.801916	0.006289	0.581337	
0.426054	0.643127	0.001448	0.650456	
0.428716	0.813836	0.411993	0.000252	
0.000354	0.913290	0.366811	0.187049	
0.636458	0.000588	0.639315	0.437468	
0.976614	0.164720	0.000286	0.153163	
0.184360	0.916993	0.000496	0.362183	
0.485465	0.473379	0.700154	0.235998	
0.865048	0.210193	0.208208	0.427404	
0.000457	0.194024	0.586619	0.791898	
0.000031	1.004140	0.000261	0.000014	
0.139059	0.994615	0.004030	0.000008	
0.946374	0.200703	0.191843	0.184542	
0.000464	0.858842	0.000025	0.516201	
0.000001	0.645260	0.646657	0.424285	
0.430539	0.221348	0.216311	0.850472	
0.236745	0.468618	0.464681	0.717097	
0.001400	0.403750	0.818090	0.419759	
0.241733	0.710209	0.470723	0.476104	
0.000516	0.954625	0.009346	0.307810	
0.191859	0.189694	0.190128	0.949402	
0.219231	0.427050	0.856709	0.212631	
0.228908	0.227971	0.659228	0.684195	
0.976294	0.006866	0.155719	0.167803	
0.376038	0.179501	0.916899	0.000301	
0.785144	0.009058	0.193539	0.592635	
0.186461	0.001231	0.917267	0.359815	
0.417328	0.000907	0.409280	0.815198	
0.906106	0.220446	0.002021	0.369548	
0.000002	0.000001	1.005197	0.000190	
0.186485	0.918648	0.362777	0.000195	
0.310325	0.000063	0.000235	0.953428	
0.000018	0.000008	0.951752	0.311692	
0.188056	0.950909	0.192125	0.182013	
1.003158	0.000815	0.000004	0.000010	
0.497659	0.707951	0.223273	0.458115	
0.919091	0.000367	0.183670	0.358552	
0.167350	0.166786	0.975604	0.000010	
0.405281	0.000762	0.821188	0.413859	
0.714921	0.482210	0.212043	0.475695	
0.000193	0.308102	0.000105	0.955128	
0.373649	0.000745	0.911488	0.184725	
0.162873	0.162852	0.000089	0.981078	
0.596689	0.781181	0.000410	0.203486	
0.364924	0.171498	0.001058	0.921272	
0.002785	0.519810	0.000272	0.858077	
0.195121	0.188913	0.946434	0.196945	
0.713725	0.001196	0.009617	0.709788	
0.212489	0.428567	0.217317	0.866877	
0.817994	0.405527	0.425395	0.000797	
0.683681	0.227191	0.672476	0.223901	
0.371107	0.914084	0.000006	0.178060	
0.429290	0.209646	0.858239	0.219230	
0.000073	0.714226	0.708787	0.000663	
0.859420	0.000173	0.000650	0.516912	
0.587382	0.000454	0.200148	0.790904	
0.219037	0.857858	0.418839	0.219116	
0.996663	0.000408	0.163989	0.031204	
0.000182	0.188205	0.914397	0.368781	
0.191575	0.585453	0.005955	0.791160	
0.000017	0.165905	0.168116	0.980721	
0.590160	0.190485	0.787914	0.002235	
0.005239	0.183747	0.364743	0.924012	
0.002443	0.141425	0.998538	0.000594	
0.915961	0.175741	0.370805	0.000764	
0.717382	0.248754	0.484062	0.459101	
0.873090	0.412729	0.191411	0.215081	
0.006662	0.982992	0.154669	0.159711	
0.000545	0.591271	0.201009	0.786446	
0.189321	0.000078	0.365419	0.918166	
0.417977	0.415832	0.814047	0.000015	
0.000001	0.000476	0.516539	0.862796	
0.001909	0.701277	0.001561	0.716307	
0.858159	0.214264	0.419816	0.216947	
0.954103	0.000610	0.000002	0.310421	
0.000042	0.145052	0.000002	0.992717	
0.595139	0.000568	0.784072	0.192443	
0.473796	0.235084	0.475007	0.706482	
0.789441	0.585809	0.000188	0.197385	
0.741436	0.000279	0.732247	0.000242	
0.507439	0.504432	0.500862	0.497891	
0.859439	0.000573	0.514697	0.000527	
0.196518	0.359254	0.000073	0.917800	
0.000082	0.520469	0.862017	0.000092	
0.000532	0.360023	0.178077	0.919686	
0.000001	0.000001	0.713048	0.706530	
0.000847	0.327280	0.952215	0.000008	
0.000326	0.951555	0.314627	0.000461	
0.000005	0.000000	0.999160	0.146753	
0.974770	0.167009	0.157427	0.000208	
0.000034	0.994032	0.000005	0.139553	
0.638297	0.424516	0.000075	0.649527	
0.409440	0.409388	0.000224	0.823258	
0.000262	0.223227	0.870520	0.468676	
0.617313	0.752658	0.177027	0.186712	
0.782475	0.020780	0.204594	0.592892	
0.627815	0.627736	0.000344	0.480578	
0.227241	0.713575	0.006815	0.670119	
0.015961	0.541134	0.000139	0.846568	
0.486212	0.887067	0.002654	0.024787	
0.107020	0.002781	0.210730	0.981427	
0.885564	0.221106	0.354415	0.216961	
0.528497	0.000408	0.376165	0.767302	
0.304543	0.298999	0.405608	0.818611	
0.016681	0.642060	0.640474	0.430610	
0.280810	0.000343	0.451154	0.861896	
0.422233	0.000515	0.699315	0.590804	
0.768550	0.507397	0.395143	0.092440	
0.970869	0.006325	0.252374	0.004120	
0.004408	0.312374	0.935560	0.198412	
0.003314	0.000001	0.935474	0.359306	
0.002296	0.005305	1.008685	0.000002	
0.213558	0.422536	0.215085	0.857971	
0.675923	0.005124	0.229501	0.712310	
0.173865	0.119360	0.910970	0.361661	
0.011136	0.700659	0.700508	0.162804	
0.401873	0.553118	0.735538	0.001813	
0.308788	0.752691	0.567670	0.164484	
0.009048	0.984463	0.001209	0.206364	
0.000518	0.957608	0.000028	0.297864	
0.938862	0.336563	0.161683	0.007226	
0.186590	0.919164	0.362981	0.000031	
0.399792	0.868216	0.215578	0.207182	
0.004929	0.205166	0.960072	0.219701	
0.234752	0.227250	0.951437	0.062085	
0.579189	0.572652	0.570966	0.172566	
0.199977	0.001320	0.983757	0.000588	
0.139059	0.994615	0.004030	0.000008	
