0.696465	0.283345	1.854180	0.391137	
0.369964	0.518663	0.899467	0.639735	
0.448042	0.631792	2.602865	0.000000	
0.295264	0.288710	0.422040	0.824977	
0.484342	0.562609	0.832298	0.000011	
0.139538	0.139279	0.197520	0.961628	
0.744856	0.197304	3.000239	0.408803	
0.665188	0.241615	1.950245	0.886870	
0.346526	0.673139	1.485961	0.000000	
0.000000	0.000000	0.000000	1.000003	
0.045388	0.045375	0.064196	0.996044	
0.484721	0.474131	0.692021	0.300908	
0.653947	0.417770	2.809876	0.000000	
0.572357	0.461743	0.893563	0.000000	
0.283387	0.700853	1.866201	0.354948	
0.082343	0.082352	0.116469	0.986413	
0.659648	0.342454	1.580028	0.376919	
0.224988	0.744511	2.562370	0.002814	
0.226344	0.735222	2.967923	0.436843	
0.634585	0.392286	1.156371	0.353962	
0.385495	0.624836	1.164837	0.353203	
0.599706	0.457044	1.404144	0.000000	
0.784084	0.230576	2.621974	0.000000	
0.180663	0.733627	3.168320	0.805543	
0.536491	0.358470	0.989360	0.672310	
0.261273	0.655925	1.782432	0.813215	
0.682132	0.339005	1.523299	0.000151	
0.376070	0.620893	1.272421	0.386313	
0.747871	0.218290	3.227208	0.001733	
0.148412	0.150028	0.213466	0.961594	
0.227920	0.225176	0.324660	0.899617	
0.638531	0.329629	1.494883	0.567052	
0.664641	0.242680	1.939693	0.882610	
0.341947	0.334482	0.490077	0.750602	
0.573322	0.461430	0.897444	0.000000	
0.745200	0.197319	3.002768	0.398739	
0.273491	0.702601	1.936195	0.402325	
0.634629	0.392255	1.156579	0.354009	
0.467744	0.562634	0.866842	0.000001	
0.711094	0.274860	1.967248	0.300372	
0.528171	0.373258	0.934194	0.625558	
0.229893	0.224135	0.330092	0.908207	
0.024859	0.024852	0.035160	0.998930	
0.201906	0.743985	3.004056	0.398900	
0.045415	0.045360	0.064266	0.996648	
0.376143	0.620827	1.271953	0.386203	
0.194096	0.754122	3.362518	0.001053	
0.671070	0.390507	2.879260	0.000000	
0.755890	0.189602	3.267154	0.000022	
0.678854	0.343337	1.495199	0.000149	
0.389556	0.597669	1.081739	0.418991	
0.058392	0.058466	0.082731	0.994004	
0.470057	0.582235	1.258458	0.000000	
0.269594	0.650512	1.719986	0.794479	
0.347790	0.595987	1.185777	0.581941	
0.483277	0.475799	0.689908	0.294631	
0.343227	0.674523	1.487551	0.000155	
0.156436	0.155520	0.221903	0.953792	
0.781411	0.234026	2.573161	0.000000	
0.453466	0.627262	2.541384	0.000000	
0.188949	0.730749	2.998755	0.764766	
0.593611	0.454107	1.235686	0.000000	
0.275637	0.703007	1.922187	0.394342	
0.362843	0.637638	1.308165	0.335236	
0.045414	0.045361	0.064267	0.996656	
0.478749	0.469335	0.682701	0.332186	
0.371121	0.518271	0.903164	0.641083	
0.725996	0.209270	2.779117	0.679602	
0.528151	0.373276	0.934100	0.625514	
0.402527	0.662004	2.639957	0.000000	
0.024859	0.024852	0.035160	0.998930	
0.502692	0.499078	0.712411	0.001901	
0.097573	0.097499	0.138050	0.981307	
0.659762	0.342303	1.581257	0.377161	
0.673197	0.254232	1.912448	0.766538	
0.304138	0.301371	0.432238	0.801287	
0.202899	0.203833	0.288729	0.916657	
0.697299	0.270893	1.925156	0.483851	
0.677855	0.338468	1.517329	0.001389	
0.664441	0.399698	2.568256	0.000000	
0.629335	0.398374	1.129094	0.347914	
0.412409	0.596909	1.050786	0.247250	
0.193604	0.754103	3.326479	0.001682	
0.736250	0.240440	2.364798	0.000000	
0.155158	0.157085	0.223651	0.958021	
0.755887	0.189612	3.266942	0.000022	
0.570265	0.462470	0.888884	0.000000	
0.346721	0.672163	1.468452	0.000017	
0.293371	0.611652	1.451799	0.812799	
0.230120	0.731523	2.453516	0.365125	
0.600150	0.449952	1.296297	0.000000	
0.311261	0.584629	1.276625	0.790795	
0.479743	0.471882	0.684303	0.317206	
0.347126	0.673302	1.468675	0.000017	
0.747353	0.191494	3.082456	0.398884	
0.526143	0.406360	0.914157	0.531732	
0.628694	0.418289	1.105376	0.178023	
0.045394	0.045373	0.064220	0.996250	
0.230363	0.741991	2.491053	0.002742	
0.000000	0.000000	0.000000	1.003075	
0.229103	0.694123	2.262488	0.815139	
0.346830	0.648139	1.348905	0.456998	
0.734323	0.241162	2.351612	0.000000	
0.489137	0.518327	0.755784	0.002431	
0.402595	0.607123	1.116494	0.267694	
0.238115	0.236789	0.340109	0.887806	
0.629335	0.398374	1.129094	0.347914	
0.663537	0.334517	1.613500	0.397388	
0.155512	0.156467	0.222039	0.954120	
0.678573	0.343704	1.492841	0.000148	
0.758012	0.181008	3.280857	0.001760	
0.694013	0.279706	1.864632	0.449461	
0.273791	0.710154	1.983564	0.301775	
0.106124	0.106074	0.150118	0.977558	
0.401350	0.662531	2.618543	0.000000	
0.659639	0.403333	2.435487	0.000000	
0.293429	0.293407	0.414999	0.809770	
0.661693	0.248931	1.906478	0.876486	
0.480265	0.477923	0.680856	0.289250	
0.045426	0.045354	0.064293	0.996883	
0.454054	0.626491	2.507244	0.000000	
0.415579	0.594280	1.045181	0.246319	
0.664279	0.245018	1.919096	0.874413	
0.757847	0.181505	3.270903	0.001755	
0.558771	0.386053	0.982947	0.510727	
0.280498	0.706346	1.922831	0.293875	
0.659180	0.404257	2.384228	0.000000	
0.098514	0.098441	0.139372	0.980884	
0.165836	0.168025	0.239381	0.951254	
0.740937	0.226008	2.537474	0.000000	
0.180257	0.180275	0.254961	0.932814	
0.267329	0.718438	2.107290	0.200697	
0.294367	0.289201	0.419801	0.822453	
0.421429	0.606386	1.061758	0.008303	
0.000000	0.000000	0.000000	1.137046	
0.462526	0.590540	1.294537	0.000000	
0.711757	0.269732	2.007986	0.311955	
0.731033	0.224196	2.545769	0.427993	
0.639836	0.386509	1.237175	0.000128	
0.190734	0.744464	3.013239	0.470702	
0.379968	0.554895	0.951096	0.606572	
0.230014	0.693943	2.253011	0.809796	
0.610913	0.392605	1.129693	0.310712	
0.346532	0.672303	1.469635	0.000017	
0.366292	0.634910	1.280858	0.343349	
0.561048	0.468344	0.860995	0.000000	
0.045507	0.045307	0.064499	0.998681	
0.581598	0.443266	0.960837	0.000107	
0.746018	0.209412	3.006773	0.242220	
0.196663	0.754069	3.266945	0.019562	
0.667858	0.264299	1.824984	0.735734	
0.667047	0.356531	1.436602	0.002364	
0.183265	0.732754	3.116639	0.793102	
0.757847	0.181505	3.270903	0.001755	
0.341240	0.638650	1.357074	0.457583	
0.412690	0.596612	1.049420	0.247023	
0.341616	0.334844	0.490207	0.750717	
0.466313	0.584754	1.249891	0.000000	
0.334509	0.705367	1.590734	0.157981	
0.735083	0.239488	2.371098	0.000000	
0.274823	0.709501	2.038621	0.315947	
0.202899	0.203833	0.288729	0.916657	
0.710166	0.275085	1.965633	0.283124	
0.481849	0.476436	0.685511	0.293555	
0.401857	0.662073	2.600943	0.000000	
0.351260	0.564425	1.075342	0.643289	
0.072562	0.072511	0.102653	0.989864	
0.491138	0.515210	0.749807	0.027842	
0.618584	0.377686	1.234215	0.377443	
0.537498	0.391234	0.914302	0.531789	
0.655211	0.412463	2.563373	0.000000	
0.245698	0.686511	2.076372	0.752368	
0.000000	0.000000	0.000000	1.334689	
0.155544	0.156409	0.221884	0.953746	
0.187789	0.731203	3.030211	0.772322	
0.300980	0.678817	1.779673	0.479165	
0.266523	0.724576	2.097270	0.000023	
0.636756	0.378765	1.246086	0.205312	
0.480974	0.531035	0.790886	0.006852	
0.721414	0.266092	2.202295	0.162849	
0.665359	0.398523	2.643942	0.000000	
0.616589	0.314675	1.359934	0.676165	
0.176238	0.176375	0.249555	0.936313	
0.051013	0.050995	0.072155	0.995030	
0.288526	0.711598	1.949031	0.000073	
0.618901	0.377341	1.236295	0.377928	
0.708519	0.249461	2.095911	0.652368	
0.000000	0.000000	0.000000	1.466507	
0.708636	0.249057	2.232841	0.555905	
0.293531	0.293371	0.415316	0.810124	
0.405437	0.597479	1.069898	0.300304	
0.509887	0.460413	0.760618	0.306737	
0.404630	0.659492	2.507244	0.000000	
0.345057	0.637016	1.302085	0.542375	
0.245546	0.242979	0.349531	0.879725	
0.758012	0.181008	3.280857	0.001760	
0.371549	0.517796	0.901017	0.640020	
0.266798	0.675568	1.869309	0.685629	
0.702016	0.291550	1.842863	0.249723	
0.619482	0.408605	1.127399	0.000156	
