0.278345	0.269951	0.401405	0.856866	
0.644459	0.358523	1.462154	0.385914	
0.250204	0.657176	1.860864	0.880075	
0.145705	0.145815	0.206532	0.957761	
0.396592	0.594275	1.071543	0.357036	
0.355568	0.668875	1.474583	0.000003	
0.470518	0.619136	3.061745	0.000000	
0.746076	0.196182	2.999805	0.377068	
0.581353	0.476520	0.862190	0.000001	
0.082196	0.082176	0.116262	0.986578	
0.225285	0.741643	2.547916	0.000002	
0.490922	0.574647	1.457558	0.000000	
0.809295	0.232639	2.734422	0.000000	
0.174837	0.758837	3.381169	0.000000	
0.699983	0.332085	2.605787	0.000000	
0.431595	0.616323	1.534298	0.220805	
0.281401	0.699705	1.873659	0.387507	
0.194855	0.194862	0.275596	0.920992	
0.534473	0.371237	0.939429	0.612263	
0.758149	0.178093	3.402204	0.010059	
0.481322	0.471970	0.687779	0.313986	
0.707947	0.268597	2.012131	0.401332	
0.475263	0.584958	0.870278	0.000035	
0.349154	0.474523	0.803697	0.740789	
0.000000	0.000000	0.000000	1.000001	
0.670259	0.247247	1.949650	0.855958	
0.226851	0.738020	3.121487	0.389195	
0.041186	0.041119	0.058305	0.997774	
0.678480	0.337574	1.523110	0.000000	
0.236830	0.698598	2.179577	0.705385	
0.501533	0.472513	0.734304	0.269329	
0.713425	0.270612	2.019641	0.293730	
0.700508	0.331290	2.623169	0.000000	
0.172092	0.172244	0.243687	0.939402	
0.475203	0.608854	2.337868	0.000000	
0.180374	0.737415	3.180669	0.737711	
0.660869	0.364082	1.386997	0.000001	
0.403009	0.606634	1.097265	0.254042	
0.734062	0.177529	3.201469	0.821031	
0.146410	0.146391	0.207073	0.956265	
0.493541	0.564059	1.285466	0.000000	
0.289743	0.702727	1.853195	0.272513	
0.733145	0.243205	2.366240	0.000081	
0.308755	0.309508	0.440572	0.790376	
0.596508	0.301333	1.351740	0.807875	
0.225753	0.741445	2.541790	0.000002	
0.382416	0.524783	0.892919	0.584466	
0.098401	0.098401	0.139161	0.980444	
0.347907	0.671687	1.465972	0.000003	
0.581052	0.476612	0.861570	0.000001	
0.174837	0.758837	3.381169	0.000000	
0.000000	0.000000	0.000000	1.000001	
0.045068	0.045068	0.063736	0.995930	
0.758146	0.178103	3.401993	0.010059	
0.468859	0.555676	0.852926	0.000056	
0.662817	0.356271	1.544242	0.223886	
0.361360	0.644847	1.320864	0.289382	
0.556815	0.387671	0.989874	0.527847	
0.145694	0.145881	0.206859	0.958611	
0.345782	0.673986	1.474583	0.000003	
0.501587	0.472483	0.734453	0.269361	
0.668614	0.351254	1.441312	0.000000	
0.711251	0.275839	1.989578	0.276734	
0.045068	0.045068	0.063736	0.995930	
0.521206	0.487536	0.765470	0.012768	
0.227156	0.738225	3.118180	0.377969	
0.747679	0.205312	2.882286	0.175632	
0.409664	0.596773	1.083653	0.287487	
0.027812	0.027812	0.039333	0.998455	
0.694115	0.250178	2.135638	0.692657	
0.278380	0.701434	1.899833	0.392204	
0.461369	0.567487	0.888423	0.000057	
0.697615	0.334020	2.442333	0.000000	
0.355695	0.632051	1.317083	0.430775	
0.475254	0.608764	2.334026	0.000000	
0.382131	0.525078	0.894229	0.585049	
0.758146	0.178103	3.401992	0.010196	
0.172087	0.172240	0.243694	0.939402	
0.222417	0.741711	2.582237	0.000002	
0.690709	0.276071	1.860809	0.501457	
0.047836	0.047834	0.067651	0.995433	
0.734766	0.172677	3.295833	0.859393	
0.525197	0.380371	0.903528	0.595839	
0.249715	0.692474	2.044216	0.666053	
0.472225	0.580296	1.255571	0.000000	
0.275462	0.271708	0.392614	0.846314	
0.685456	0.320219	1.619355	0.188304	
0.758138	0.178127	3.401463	0.010194	
0.170564	0.170629	0.241459	0.940502	
0.559193	0.385077	1.002759	0.532649	
0.347744	0.643376	1.364356	0.389820	
0.284780	0.632822	1.612962	0.822853	
0.737162	0.198925	2.965446	0.581175	
0.184534	0.734294	3.084860	0.748049	
0.681274	0.444493	1.088171	0.000001	
0.285549	0.697380	1.838714	0.381252	
0.709801	0.265136	2.045535	0.407208	
0.489447	0.578201	1.511567	0.000000	
0.221991	0.740237	2.764026	0.248846	
0.353126	0.446774	0.722569	0.733685	
0.674195	0.258717	1.882505	0.729625	
0.400776	0.590642	1.051837	0.352398	
0.000000	0.000000	0.000000	1.143822	
0.463494	0.564275	0.879742	0.000001	
0.160696	0.160839	0.227549	0.947449	
0.667113	0.385614	2.178212	0.000000	
0.687273	0.299013	1.760577	0.383022	
0.477883	0.475859	0.677321	0.303269	
0.045076	0.045064	0.063758	0.996124	
0.050978	0.050965	0.072105	0.994970	
0.301375	0.301691	0.427852	0.799591	
0.475254	0.608764	2.334026	0.000000	
0.336343	0.679599	1.539523	0.000003	
0.734130	0.244988	2.352502	0.000000	
0.670665	0.314688	1.760351	0.523063	
0.731764	0.184739	3.078949	0.790912	
0.403334	0.582524	0.983545	0.468000	
0.299195	0.626675	1.457311	0.722872	
0.047836	0.047834	0.067651	0.995433	
0.234775	0.737128	2.655383	0.163401	
0.521243	0.487571	0.765524	0.002407	
0.514778	0.491423	0.746674	0.001750	
0.635986	0.387708	1.316021	0.197084	
0.758138	0.178127	3.401463	0.010194	
0.475653	0.608057	2.304551	0.000000	
0.227636	0.738394	3.104251	0.362775	
0.000000	0.000000	0.000000	1.229997	
0.586698	0.434371	0.968058	0.220720	
0.339305	0.677498	1.520079	0.000003	
0.551704	0.392195	0.966282	0.518923	
0.742960	0.230526	2.495620	0.000000	
0.711251	0.275839	1.989578	0.276734	
0.321409	0.637319	1.508201	0.629777	
0.341317	0.473779	0.813835	0.767709	
0.183891	0.183934	0.260247	0.930262	
0.277325	0.270494	0.398503	0.853291	
0.268824	0.704970	1.981401	0.406778	
0.682316	0.224238	2.187615	0.912881	
0.704515	0.321871	2.564497	0.000000	
0.487873	0.580780	1.547739	0.000000	
0.758143	0.178112	3.401800	0.010195	
0.401841	0.589584	1.047571	0.351377	
0.713425	0.270612	2.019641	0.293730	
0.187775	0.733738	3.141854	0.760938	
0.687273	0.299013	1.760577	0.383022	
0.680376	0.228468	2.139464	0.894699	
0.254437	0.765008	2.309596	0.000002	
0.730944	0.249659	2.295717	0.000000	
0.289969	0.652647	1.573181	0.764338	
0.454854	0.567101	0.906525	0.000058	
0.731121	0.186613	3.043373	0.782285	
0.280798	0.280285	0.397431	0.828845	
0.392627	0.626599	1.182692	0.183076	
0.579538	0.440669	0.995039	0.160691	
0.243650	0.719432	2.268967	0.431824	
0.703959	0.322743	2.547234	0.000000	
0.000000	0.000000	0.000000	1.203170	
0.376062	0.603023	1.080544	0.567243	
0.476715	0.606148	2.229008	0.000000	
0.529437	0.421375	0.851344	0.430309	
0.172136	0.172177	0.243612	0.939224	
0.115036	0.115040	0.162701	0.973224	
0.708068	0.283188	1.909048	0.215997	
0.583515	0.321754	1.229925	0.738866	
0.336402	0.686351	1.485533	0.455071	
0.488926	0.579751	1.540611	0.000000	
0.556608	0.453685	0.870213	0.214573	
0.740798	0.218340	2.689372	0.242606	
0.277147	0.270724	0.398574	0.853404	
0.191869	0.753579	3.125983	0.022847	
0.451122	0.572107	0.926512	0.002641	
0.712923	0.272858	2.020330	0.280489	
0.489481	0.578101	1.509714	0.000000	
0.444318	0.626984	2.032860	0.000002	
0.646731	0.344861	1.466500	0.449000	
0.703959	0.322743	2.547234	0.000000	
0.669146	0.267987	1.800442	0.701802	
0.230022	0.229819	0.325510	0.888652	
0.561004	0.460373	0.882940	0.000001	
0.275905	0.694131	1.897240	0.477269	
0.748440	0.202205	2.868561	0.174851	
0.678447	0.338667	1.539553	0.000000	
0.338955	0.575373	1.134871	0.669659	
0.055761	0.055776	0.078889	0.993926	
0.757658	0.179637	3.369180	0.009966	
0.354493	0.666550	1.425249	0.030855	
0.410465	0.593243	0.974976	0.468259	
0.597341	0.340972	1.209352	0.609542	
0.340434	0.662245	1.455014	0.292416	
0.187065	0.733966	2.993299	0.713378	
0.027812	0.027812	0.039333	0.998455	
0.545997	0.471540	0.841080	0.000034	
0.345239	0.674391	1.478002	0.000003	
0.052754	0.052750	0.074608	0.994463	
0.363721	0.420568	0.637412	0.705811	
0.300775	0.296484	0.428766	0.811533	
0.481003	0.601913	2.174678	0.000000	
0.483807	0.591496	1.778867	0.000000	
0.686848	0.349438	2.179375	0.000000	
0.757418	0.179371	3.371970	0.098230	
