0.244763	0.657966	1.884749	0.905900	
0.469969	0.549555	0.842551	0.000000	
0.759101	0.174182	3.396935	0.000442	
0.740310	0.225926	2.537671	0.000003	
0.000000	0.000000	0.000000	1.000000	
0.069367	0.069755	0.098872	0.993855	
0.678192	0.338924	1.515680	0.000000	
0.728816	0.253277	3.213480	0.432820	
0.227215	0.742532	2.530430	0.002974	
0.219233	0.736718	3.055509	0.479093	
0.036535	0.036532	0.051672	0.997394	
0.476634	0.578564	1.284991	0.000000	
0.344342	0.674054	1.484219	0.000241	
0.389881	0.617301	1.138403	0.341249	
0.484883	0.348019	0.831559	0.737559	
0.657587	0.251223	1.843653	0.866650	
0.701345	0.280031	1.892005	0.357575	
0.646090	0.345057	1.490531	0.446171	
0.114334	0.114398	0.161829	0.973843	
0.207801	0.750426	3.369122	0.000011	
0.357534	0.496869	0.850689	0.698661	
0.275513	0.699944	1.907319	0.432880	
0.481220	0.462007	0.694706	0.355784	
0.588278	0.461919	0.912818	0.001436	
0.270649	0.267323	0.385131	0.850456	
0.359358	0.642022	1.520031	0.429607	
0.128060	0.128350	0.181712	0.968000	
0.193529	0.193567	0.273777	0.922171	
0.474309	0.466035	0.676696	0.350458	
0.477719	0.575882	1.256591	0.000000	
0.644184	0.347491	1.472170	0.441686	
0.469396	0.549453	0.843767	0.000001	
0.000000	0.000000	0.000000	1.000000	
0.036535	0.036532	0.051672	0.997394	
0.221459	0.745034	2.607122	0.002947	
0.679298	0.337381	1.525684	0.000000	
0.674731	0.235636	2.062985	0.883674	
0.759035	0.181377	3.307981	0.000691	
0.704800	0.266542	1.985505	0.461365	
0.275135	0.700157	1.910662	0.433541	
0.606828	0.421274	1.066591	0.000000	
0.349549	0.502379	0.879299	0.722995	
0.737829	0.181053	3.127745	0.711417	
0.361902	0.650180	1.546210	0.362166	
0.737274	0.233033	2.447853	0.001950	
0.193987	0.754154	3.379248	0.000011	
0.181352	0.181087	0.256695	0.933022	
0.383070	0.605392	1.115761	0.426056	
0.119134	0.119256	0.168716	0.971822	
0.049662	0.049658	0.070236	0.995115	
0.148753	0.148742	0.210377	0.954769	
0.271429	0.268511	0.386099	0.848272	
0.245525	0.662488	1.904377	0.880663	
0.182493	0.743897	3.142296	0.574347	
0.343772	0.674457	1.487807	0.000000	
0.496893	0.356904	0.855277	0.704301	
0.186737	0.755995	3.381299	0.000000	
0.184049	0.758687	3.351904	0.000696	
0.090342	0.090329	0.127771	0.983637	
0.477826	0.575938	1.255998	0.000000	
0.657289	0.252333	1.834131	0.862763	
0.150730	0.150719	0.213172	0.953529	
0.354748	0.500135	0.864168	0.706374	
0.027574	0.027542	0.039007	0.999248	
0.268526	0.695670	1.954680	0.517067	
0.114334	0.114398	0.161829	0.973843	
0.248790	0.660603	1.872432	0.868749	
0.039504	0.039489	0.055879	0.997121	
0.488869	0.352489	0.848816	0.731725	
0.211476	0.739642	2.917417	0.429168	
0.359344	0.621761	1.489920	0.567905	
0.681252	0.334626	1.543726	0.000000	
0.472733	0.464783	0.673919	0.358308	
0.741964	0.221997	2.590002	0.002053	
0.396177	0.575874	1.025597	0.429538	
0.270536	0.269012	0.383731	0.845336	
0.545269	0.472554	0.844100	0.000000	
0.614900	0.390866	1.129673	0.343756	
0.451387	0.574204	0.925741	0.000001	
0.339059	0.677583	1.514350	0.000190	
0.206531	0.206761	0.292577	0.911295	
0.733156	0.228468	2.786195	0.428133	
0.757046	0.181749	3.341140	0.000011	
0.693444	0.268033	1.920736	0.545235	
0.742941	0.221314	2.601323	0.000005	
0.691174	0.288571	1.793098	0.410407	
0.732191	0.170699	3.225579	0.891330	
0.476248	0.469888	0.677807	0.332268	
0.605732	0.422461	1.081426	0.068782	
0.345165	0.648428	1.441573	0.399879	
0.186738	0.755997	3.381298	0.000000	
0.414370	0.591836	1.031776	0.261580	
0.270460	0.269055	0.383534	0.845092	
0.265825	0.712319	2.032867	0.361570	
0.206983	0.734471	2.835475	0.551748	
0.255327	0.652380	1.795756	0.862308	
0.090340	0.090330	0.127766	0.983614	
0.676060	0.342343	1.504485	0.002500	
0.478213	0.575069	1.246639	0.000000	
0.036561	0.036518	0.051741	0.998147	
0.756210	0.184312	3.288209	0.001451	
0.340575	0.696305	1.546381	0.000000	
0.509975	0.497428	0.726384	0.000152	
0.231966	0.740452	2.469934	0.003192	
0.695159	0.270018	1.926439	0.520259	
0.000000	0.000000	0.000000	1.000000	
0.124520	0.124999	0.177129	0.970824	
0.162555	0.162110	0.230192	0.947544	
0.354760	0.500127	0.864168	0.706374	
0.496880	0.356916	0.855220	0.704268	
0.135595	0.135878	0.192369	0.963773	
0.656924	0.253007	1.827963	0.860219	
0.186738	0.755997	3.381298	0.000000	
0.135085	0.135425	0.191747	0.964315	
0.494659	0.360736	0.852015	0.699413	
0.119091	0.119359	0.168935	0.972579	
0.606368	0.421705	1.064490	0.000000	
0.352471	0.626011	1.472946	0.556592	
0.756862	0.182315	3.329336	0.000011	
0.394132	0.614678	1.139380	0.341466	
0.250807	0.659528	1.853610	0.861062	
0.191286	0.190860	0.270796	0.925663	
0.197772	0.724325	2.997020	0.831479	
0.677341	0.340843	1.514603	0.003889	
0.275686	0.707830	1.948724	0.335614	
0.259941	0.259825	0.367694	0.854572	
0.679028	0.243685	2.150404	0.861867	
0.510281	0.494691	0.737309	0.000153	
0.451229	0.454939	0.646412	0.427604	
0.739343	0.231805	2.530982	0.000000	
0.732157	0.170805	3.223392	0.890756	
0.000000	0.000000	0.000000	1.000000	
0.264890	0.720097	2.269583	0.253830	
0.478596	0.574202	1.237405	0.000000	
0.350068	0.669461	1.444868	0.021868	
0.623470	0.387356	1.164180	0.329989	
0.708592	0.274811	1.959726	0.317459	
0.319161	0.534818	1.043277	0.809485	
0.078655	0.078644	0.111242	0.987644	
0.475535	0.470270	0.676050	0.331773	
0.692392	0.274533	1.873998	0.515765	
0.575056	0.462720	0.892768	0.047196	
0.674224	0.349406	1.523844	0.003463	
0.670378	0.260309	1.936696	0.791080	
0.270440	0.670190	1.794965	0.690242	
0.298180	0.686937	1.723495	0.392800	
0.357602	0.496799	0.850427	0.698512	
0.732191	0.170699	3.225579	0.891330	
0.503652	0.378151	0.856451	0.640664	
0.146968	0.145358	0.209027	0.963293	
0.283328	0.282714	0.401100	0.825703	
0.352596	0.625907	1.471878	0.556261	
0.086092	0.086041	0.121790	0.985452	
0.265601	0.719280	2.257679	0.273860	
0.756380	0.183794	3.298799	0.000011	
0.173060	0.172556	0.245172	0.940409	
0.189835	0.730111	2.896846	0.795373	
0.468974	0.548397	0.843870	0.000000	
0.614726	0.392651	1.131614	0.339389	
0.341275	0.675848	1.520298	0.132141	
0.729117	0.266682	2.879511	0.000000	
0.478596	0.574202	1.237405	0.000000	
0.394132	0.614678	1.139380	0.341466	
0.000000	0.000000	0.000000	1.694519	
0.183799	0.727024	3.174483	0.907529	
0.671169	0.353363	1.496436	0.004668	
0.399766	0.632016	1.242968	0.000166	
0.219454	0.744041	2.777963	0.000000	
0.642021	0.350209	1.451939	0.436753	
0.498027	0.355883	0.860209	0.707117	
0.739361	0.219287	2.968993	0.377910	
0.313771	0.638041	1.447857	0.598862	
0.000000	0.000000	0.000000	1.252748	
0.471354	0.546598	0.834983	0.000001	
0.262955	0.648014	1.733172	0.838883	
0.646410	0.273221	1.739560	0.824332	
0.461926	0.600186	1.499108	0.000000	
0.047964	0.047961	0.067833	0.995427	
0.323532	0.317287	0.462117	0.778808	
0.364473	0.488623	0.816895	0.681059	
0.757046	0.181749	3.341140	0.000011	
0.700102	0.282256	1.872948	0.354449	
0.248310	0.718409	2.296035	0.431481	
0.566149	0.410704	0.954312	0.412789	
0.184993	0.185125	0.261904	0.929432	
0.581864	0.443396	0.964900	0.000000	
0.382251	0.606273	1.120114	0.427287	
0.750863	0.199031	2.932058	0.015045	
0.374754	0.660379	1.332360	0.119314	
0.244763	0.657966	1.884749	0.905900	
0.597934	0.438660	1.021482	0.004554	
0.378362	0.572225	1.030338	0.524609	
0.469318	0.581253	1.228077	0.000000	
0.000000	0.000000	0.000000	1.487573	
0.601627	0.407822	1.072220	0.248202	
0.362548	0.626178	1.298191	0.512128	
0.805816	0.210224	3.061302	0.000000	
0.361230	0.493840	0.850208	0.699311	
0.701345	0.280031	1.892005	0.357575	
0.181920	0.180804	0.258222	0.936174	
