0.664228	0.356993	1.404431	0.000157	
0.721168	0.254135	2.996973	0.568267	
0.000000	0.000000	0.000000	1.000003	
0.687755	0.295116	1.743061	0.401369	
0.638240	0.349865	1.345157	0.415694	
0.183915	0.756782	3.405565	0.000097	
0.255960	0.871512	2.725661	0.000006	
0.750920	0.204702	3.280633	0.000094	
0.355104	0.629457	1.287727	0.424927	
0.509198	0.369766	0.857730	0.669494	
0.659663	0.256882	1.825890	0.824370	
0.558510	0.483675	0.815609	0.000139	
0.475535	0.578109	1.263509	0.000000	
0.202525	0.202561	0.286498	0.914404	
0.289110	0.289508	0.409752	0.816452	
0.433555	0.641594	2.577600	0.000000	
0.360226	0.662050	1.384939	0.000002	
0.076981	0.076915	0.108913	0.988678	
0.464673	0.468059	0.664390	0.364658	
0.179303	0.176662	0.255819	0.944649	
0.208738	0.737262	2.843094	0.480154	
0.248629	0.669019	1.920844	0.821704	
0.462386	0.572694	0.891897	0.000000	
0.175842	0.182621	0.263220	0.957392	
0.129036	0.127314	0.183956	0.975970	
0.856010	0.258466	2.533406	0.000061	
0.374851	0.510489	0.856210	0.652501	
0.037971	0.037984	0.053730	0.997369	
0.271911	0.681327	1.836747	0.605959	
0.597352	0.352612	1.251108	0.600814	
0.135302	0.135301	0.191347	0.962695	
0.470011	0.585747	1.321902	0.000000	
0.685495	0.270861	1.867063	0.580070	
0.202426	0.723560	2.713765	0.737968	
0.461653	0.634132	0.974708	0.000001	
0.673831	0.291174	1.703735	0.536103	
0.109309	0.109187	0.154667	0.976549	
0.175842	0.182621	0.263220	0.957392	
0.432997	0.433414	0.613305	0.499895	
0.572276	0.391836	0.976253	0.527213	
0.744176	0.227699	2.531226	0.009227	
0.183916	0.756781	3.405552	0.000097	
0.433435	0.642699	2.600571	0.000000	
0.251598	0.879431	2.806610	0.000007	
0.343519	0.674480	1.486397	0.000002	
0.337084	0.505294	0.913475	0.770294	
0.718355	0.217788	2.728474	0.741693	
0.758890	0.174938	3.401285	0.000097	
0.362772	0.328387	0.540554	0.779917	
0.558259	0.483750	0.815121	0.000139	
0.177744	0.178199	0.252325	0.936133	
0.000000	0.000000	0.000000	1.000003	
0.657840	0.365452	1.362732	0.000000	
0.044992	0.044994	0.063632	0.995967	
0.202426	0.202751	0.287034	0.915363	
0.346546	0.606966	1.262482	0.585294	
0.726724	0.196411	2.800611	0.732033	
0.447508	0.488592	0.721031	0.405345	
0.657363	0.368065	1.384946	0.000000	
0.758329	0.176466	3.348372	0.000096	
0.338607	0.678734	1.518401	0.000006	
0.578804	0.387359	1.000550	0.536697	
0.326558	0.365518	0.548622	0.786918	
0.022729	0.022730	0.032145	0.998979	
0.201755	0.201890	0.285635	0.915374	
0.247836	0.887635	2.882452	0.000011	
0.234645	0.713893	2.379093	0.604508	
0.183916	0.756781	3.405552	0.000097	
0.037970	0.037985	0.053732	0.997390	
0.740245	0.230750	2.480918	0.003690	
0.594856	0.350935	1.232436	0.607291	
0.091414	0.091801	0.130218	0.986314	
0.435372	0.636767	2.264730	0.000000	
0.178598	0.178846	0.253088	0.934795	
0.252025	0.667689	1.902689	0.812943	
0.332986	0.533860	1.012651	0.762652	
0.509380	0.494257	0.733274	0.037051	
0.669719	0.241964	1.977466	0.876571	
0.345158	0.648761	1.914326	0.628234	
0.458288	0.579680	0.912359	0.000002	
0.135303	0.135301	0.191348	0.962698	
0.475387	0.578421	1.266870	0.000000	
0.691654	0.277434	1.859520	0.484613	
0.452285	0.480163	0.698741	0.397768	
0.758343	0.176422	3.349286	0.000096	
0.701869	0.269076	1.962797	0.444141	
0.199708	0.737981	3.032992	0.577555	
0.353743	0.334167	0.515124	0.757980	
0.128835	0.127388	0.183217	0.973741	
0.250115	0.669247	1.910643	0.814375	
0.037955	0.038015	0.053819	0.998295	
0.284728	0.678144	1.765439	0.552642	
0.057731	0.057735	0.081652	0.993358	
0.370135	0.654897	1.354288	0.000000	
0.470371	0.581349	1.247441	0.000000	
0.737075	0.237769	2.394927	0.003573	
0.656222	0.369455	1.376309	0.000000	
0.714095	0.209518	2.554145	0.773008	
0.506097	0.378961	0.835870	0.636929	
0.183725	0.756838	3.405759	0.000097	
0.178591	0.178842	0.253099	0.934804	
0.679620	0.282244	1.850145	0.610035	
0.378770	0.505178	0.842191	0.619311	
0.469750	0.559916	0.855542	0.000002	
0.220561	0.748726	2.628449	0.000268	
0.567693	0.409885	0.975616	0.387500	
0.202426	0.202751	0.287033	0.915361	
0.000000	0.000000	0.000000	1.232505	
0.584290	0.466897	0.893305	0.000085	
0.427965	0.648038	2.866982	0.000000	
0.190762	0.754494	3.257063	0.000093	
0.178598	0.178846	0.253088	0.934795	
0.731549	0.218587	2.829175	0.541091	
0.758329	0.176466	3.348372	0.000096	
0.685428	0.298980	1.713369	0.395040	
0.496641	0.380269	0.825342	0.653489	
0.239005	0.734708	2.374906	0.000244	
0.188302	0.189460	0.268961	0.930121	
0.602076	0.344814	1.245259	0.596323	
0.670886	0.348631	1.454263	0.000207	
0.555009	0.479121	0.823922	0.000081	
0.091539	0.091554	0.129492	0.983223	
0.201156	0.747851	3.101063	0.288903	
0.433684	0.637452	2.226061	0.000000	
0.730592	0.249577	2.260044	0.000067	
0.339473	0.677588	1.516279	0.000371	
0.342105	0.363231	0.535551	0.748791	
0.593480	0.322311	1.241321	0.711181	
0.462123	0.515912	0.774611	0.282423	
0.283914	0.679255	1.775215	0.549923	
0.458724	0.578942	0.910167	0.000002	
0.246433	0.695960	2.083177	0.665485	
0.135303	0.135301	0.191348	0.962698	
0.454692	0.575414	0.995919	0.038045	
0.037960	0.038006	0.053792	0.998018	
0.022276	0.022276	0.031503	0.999013	
0.450166	0.617164	1.770324	0.000000	
0.584290	0.466897	0.893305	0.000085	
0.250115	0.669247	1.910643	0.814375	
0.352917	0.668974	1.475101	0.000001	
0.000000	0.000000	0.000000	1.643965	
0.466826	0.508677	0.753356	0.277739	
0.737487	0.197835	2.850257	0.544853	
0.109878	0.109778	0.155457	0.976154	
0.566428	0.331391	1.163816	0.745025	
0.203145	0.750090	3.020917	0.022838	
0.037969	0.037987	0.053737	0.997447	
0.349511	0.349525	0.494315	0.715111	
0.456090	0.565659	0.901043	0.000058	
0.683347	0.298731	1.707469	0.409627	
0.127998	0.127857	0.181117	0.967409	
0.740072	0.226447	2.532511	0.000074	
0.678826	0.338435	1.520082	0.000166	
0.244596	0.710065	2.216549	0.567735	
0.758329	0.176466	3.348372	0.000096	
0.673621	0.306806	1.623891	0.442719	
0.680603	0.280577	1.862372	0.613548	
0.436858	0.636318	2.303094	0.000000	
0.416543	0.597992	1.117183	0.268120	
0.270335	0.719835	2.066982	0.228812	
0.636600	0.348626	1.323012	0.436429	
0.497809	0.508033	0.721380	0.018804	
0.560057	0.332413	1.136991	0.750278	
0.744646	0.220435	2.616276	0.000029	
0.109879	0.109778	0.155457	0.976155	
0.468391	0.590979	1.402806	0.000000	
0.243808	0.700114	2.153827	0.658207	
0.688326	0.283344	1.812901	0.474084	
0.128414	0.127649	0.182289	0.970942	
0.341040	0.676281	1.502169	0.000002	
0.466679	0.511320	0.773716	0.283876	
0.037955	0.038015	0.053819	0.998295	
0.197254	0.752249	3.132892	0.000090	
0.216913	0.737841	2.785522	0.387303	
0.458403	0.562663	0.890680	0.000003	
0.755386	0.175304	3.363876	0.316115	
0.758343	0.176422	3.349286	0.000096	
0.406131	0.589932	1.052400	0.327449	
0.679889	0.281639	1.855477	0.611555	
0.022276	0.022275	0.031503	0.999013	
0.680394	0.337962	1.525577	0.000167	
0.223362	0.747397	2.589900	0.000264	
0.435955	0.633053	2.042906	0.000001	
0.256086	0.256281	0.362625	0.859298	
0.746048	0.172756	3.329300	0.630802	
0.295868	0.698742	1.823162	0.256995	
0.753547	0.190991	3.069170	0.000088	
0.429574	0.423579	0.611215	0.530075	
0.458208	0.579817	0.912766	0.000002	
0.486278	0.486803	0.688947	0.231370	
0.597851	0.428973	1.025453	0.001843	
0.628557	0.399832	1.186367	0.002523	
0.663965	0.329428	1.493191	0.363273	
0.091966	0.091969	0.130067	0.982966	
0.620699	0.287333	1.473980	0.813094	
0.248629	0.669019	1.920844	0.821704	
0.366281	0.658164	1.380277	0.000002	
0.000000	0.000000	0.000000	1.715636	
0.294911	0.295514	0.418414	0.808356	
0.478010	0.565833	1.107486	0.000000	
