0.000000	0.000000	0.000000	0.709360	0.705021	0.000000	0.000000	0.000001	
0.000046	0.000620	0.000002	0.000101	0.000001	0.712745	0.000000	0.701554	
0.000000	0.000000	0.000000	0.000000	0.000000	1.000191	0.000000	0.000000	
0.000000	0.000000	0.000000	0.000000	0.000000	0.000000	1.000096	0.000000	
0.709528	0.000178	0.000000	0.000044	0.000000	0.704851	0.000001	0.000000	
0.000061	0.719109	0.000002	0.000000	0.000000	0.000020	0.698148	0.000000	
0.714931	0.000000	0.000000	0.000000	0.705854	0.000000	0.000000	0.000001	
0.714272	0.000009	0.700011	0.000006	0.000012	0.000000	0.000000	0.000028	
0.000071	0.714903	0.700703	0.000002	0.000001	0.000000	0.000000	0.000000	
0.000000	0.000082	0.705998	0.000001	0.000005	0.708959	0.000000	0.000376	
0.000049	0.000340	0.000000	0.000000	0.000001	0.000009	0.708336	0.706222	
0.000000	0.726465	0.000000	0.000000	0.000000	0.709148	0.000000	0.000000	
0.000085	0.715770	0.000000	0.000000	0.000000	0.000001	0.000000	0.699142	
0.000000	0.000000	0.000000	1.000519	0.000000	0.000000	0.000000	0.000000	
0.720187	0.000004	0.000011	0.000000	0.000000	0.000000	0.000000	0.703799	
0.000037	0.000000	0.000000	0.708287	0.000001	0.000000	0.706644	0.000000	
1.020595	0.000000	0.000000	0.000000	0.000000	0.000000	0.000000	0.000000	
0.000002	0.000027	0.708949	0.000000	0.000000	0.000000	0.000000	0.705779	
0.000000	0.000000	0.000000	0.000000	1.001342	0.000000	0.000000	0.000000	
0.000024	0.000024	0.705377	0.000000	0.709536	0.000001	0.001814	0.000000	
0.000000	0.000000	0.000000	0.000000	0.000000	0.708549	0.705887	0.000003	
0.000770	0.000057	0.708719	0.707578	0.000007	0.000000	0.000000	0.000000	
0.000000	1.033741	0.000000	0.000000	0.000000	0.000000	0.000000	0.000000	
0.006937	0.720194	0.000000	0.702407	0.000006	0.000000	0.000000	0.000000	
0.000000	0.000001	0.000000	0.000000	0.707005	0.708610	0.000000	0.000000	
0.000005	0.000000	0.000000	0.000000	0.707878	0.000007	0.000000	0.706969	
0.000000	0.000000	0.000000	0.708321	0.000000	0.706456	0.000000	0.000000	
0.000127	0.721827	0.000001	0.001743	0.707200	0.000000	0.000000	0.000000	
0.704586	0.709834	0.000000	0.000006	0.000000	0.000000	0.000000	0.000001	
0.710004	0.000000	0.000027	0.000000	0.000000	0.000000	0.704458	0.000000	
0.000000	0.000000	1.002597	0.000000	0.000000	0.000000	0.000000	0.000000	
0.721424	0.000000	0.000012	0.708904	0.000000	0.000003	0.000000	0.000000	
0.000000	0.000000	0.000000	0.000000	0.000000	0.000000	0.000000	1.000116	
0.000000	0.000009	0.708050	0.000000	0.000000	0.000019	0.707492	0.000000	
0.000000	0.000000	0.000000	0.000000	0.708278	0.000000	0.706144	0.000000	
0.000000	0.000000	0.000003	0.708478	0.000000	0.000000	0.000000	0.706838	
0.004577	0.726982	0.000001	0.000037	0.712262	0.000000	0.000000	0.000000	
0.000005	0.000000	0.000000	0.000000	0.707868	0.001605	0.000000	0.706961	
0.982099	0.198719	0.115759	0.000062	0.000007	0.012361	0.000000	0.000372	
0.000000	0.000000	0.000000	0.000000	0.708433	0.000000	0.706298	0.000000	
0.001800	0.000168	0.981986	0.018687	0.000000	0.196252	0.000000	0.000000	
0.000000	0.000000	0.000000	0.694282	0.720797	0.018492	0.000001	0.000001	
0.000002	0.000027	0.709451	0.000000	0.000000	0.000000	0.000000	0.705583	
0.000045	0.000616	0.000002	0.000100	0.000000	0.708117	0.000000	0.708203	
0.000024	0.000024	0.709448	0.000001	0.705539	0.000010	0.000001	0.000000	
0.000000	0.000000	0.000000	0.000000	0.000000	1.000191	0.000000	0.000000	
0.715317	0.000000	0.000000	0.000000	0.706360	0.000000	0.000000	0.000000	
0.000000	0.000000	0.000003	0.713452	0.000011	0.000000	0.000019	0.701295	
0.721190	0.000000	0.000012	0.708998	0.000000	0.000002	0.000000	0.000011	
0.000037	0.000000	0.000000	0.709526	0.000001	0.000001	0.705422	0.000000	
0.000000	0.736028	0.000000	0.000000	0.000000	0.706423	0.000000	0.000000	
0.714269	0.000009	0.700008	0.000006	0.000012	0.000000	0.000000	0.000669	
0.726207	0.000004	0.000011	0.000000	0.006084	0.002213	0.000000	0.714600	
0.000084	0.710065	0.000012	0.000000	0.000000	0.000044	0.000000	0.706426	
0.704586	0.709834	0.000000	0.000006	0.000000	0.000000	0.000000	0.000001	
0.000000	0.000000	0.000000	0.000000	1.003502	0.000000	0.000000	0.000000	
0.000000	0.000000	0.000000	0.000000	0.000000	0.000000	1.000062	0.000000	
0.717552	0.000000	0.000028	0.000000	0.000000	0.000000	0.696770	0.000000	
0.000000	0.000001	0.000000	0.000000	0.712498	0.703892	0.000000	0.000000	
0.001299	0.000128	0.708975	0.707834	0.000000	0.000000	0.000000	0.000000	
0.000000	0.000000	0.000000	1.000289	0.000000	0.000000	0.000000	0.000000	
0.000000	0.000082	0.708517	0.000001	0.000000	0.709891	0.000000	0.000000	
0.000000	1.034136	0.000000	0.070720	0.000000	0.000000	0.000000	0.000000	
0.000000	0.000000	0.000000	0.708321	0.000000	0.706456	0.000000	0.000000	
0.709683	0.000178	0.000000	0.000000	0.000000	0.705006	0.000001	0.000000	
0.000000	0.000000	0.000000	0.000000	0.000000	0.708557	0.705894	0.000005	
0.000000	0.000009	0.705866	0.000000	0.000000	0.000000	0.710147	0.000000	
0.000000	0.000000	0.000000	0.000000	0.000000	0.000000	0.000000	1.000103	
0.000049	0.000340	0.000000	0.000002	0.000001	0.000004	0.708306	0.706246	
0.000071	0.713204	0.702643	0.000002	0.000000	0.000000	0.000000	0.000000	
0.006946	0.721133	0.000000	0.703323	0.000000	0.000000	0.000000	0.000000	
0.000061	0.718954	0.000002	0.000000	0.000000	0.000020	0.699235	0.000000	
0.000071	0.713227	0.702666	0.001710	0.000000	0.000000	0.000000	0.000000	
0.008865	0.000105	0.000292	0.697394	0.007440	0.000000	0.717356	0.000000	
0.000000	0.000000	0.000000	0.000000	0.000000	0.000000	1.003667	0.001396	
0.001125	0.000075	0.000025	0.000035	0.088158	0.000001	0.000000	0.996556	
0.717552	0.000000	0.000028	0.000000	0.000000	0.000000	0.696770	0.000000	
0.000028	0.021986	0.705639	0.000043	0.000290	0.708941	0.000050	0.000376	
0.000000	0.708289	0.000012	0.706101	0.000000	0.000000	0.000000	0.000000	
0.000053	0.000002	0.000006	1.000275	0.000001	0.000000	0.007746	0.000000	
0.025127	0.024372	0.999985	0.000001	0.016227	0.000000	0.000010	0.000000	
0.698989	0.703803	0.127108	0.000061	0.001220	0.000565	0.000000	0.014640	
0.037596	0.699598	0.002560	0.113908	0.000005	0.045035	0.000000	0.711324	
0.000001	0.000021	0.501613	0.000000	0.501017	0.000000	0.001313	0.705798	
0.003802	0.000208	0.000057	0.697516	0.060841	0.000027	0.018774	0.713932	
0.000034	0.000002	0.000877	0.000001	0.000077	0.000000	0.700685	0.714196	
0.000000	0.000001	0.000000	0.000000	0.691784	0.727796	0.000000	0.000000	
0.000000	0.000000	0.000000	0.708362	0.000000	0.706497	0.000000	0.000000	
0.706395	0.000178	0.068348	0.000001	0.000000	0.705016	0.000000	0.000000	
0.000000	0.000000	0.000000	0.000000	0.000000	1.018248	0.000000	0.000000	
0.016537	0.016443	0.704961	0.000000	0.709506	0.000000	0.001814	0.000000	
0.008169	0.483418	0.000001	0.000247	0.473688	0.031002	0.000000	0.777254	
0.000000	0.000000	0.000000	0.000000	0.708939	0.000000	0.706803	0.000000	
0.494760	0.048602	0.505246	0.707563	0.000007	0.000000	0.000000	0.000000	
0.992318	0.000000	0.114436	0.005943	0.000000	0.048220	0.001110	0.000000	
0.001075	0.725134	0.000000	0.000001	0.000005	0.736577	0.000000	0.000000	
0.714196	0.000009	0.699936	0.000006	0.000012	0.016804	0.000000	0.000027	
0.000000	0.000000	0.000000	0.000000	0.000000	0.706300	0.000000	0.708484	
0.020474	0.715657	0.053903	0.013377	0.041785	0.000000	0.695161	0.002446	
0.001212	0.993378	0.118726	0.008374	0.004695	0.000000	0.000000	0.000000	
