1.000004	0.000000	0.000000	0.000000	0.000000	0.000000	0.000000	0.000000	
0.000000	0.000000	0.000000	0.000000	0.000000	1.000000	0.000000	0.000000	
0.000009	0.000000	0.706761	0.000000	0.000000	0.707453	0.000000	0.000000	
0.000000	0.000000	0.000000	0.000000	0.000000	0.000000	0.707079	0.707134	
0.706988	0.000000	0.000000	0.000000	0.000000	0.707226	0.000000	0.000000	
0.000000	0.000000	0.000000	0.000000	0.707104	0.000000	0.707110	0.000000	
0.000000	0.707118	0.000000	0.000000	0.000000	0.000000	0.707122	0.000000	
0.000000	0.000000	0.000000	0.000000	0.707043	0.000000	0.000000	0.707170	
0.000000	0.000000	0.000000	0.706814	0.707399	0.000000	0.000000	0.000000	
0.000006	0.708053	0.000000	0.707852	0.000000	0.000000	0.000000	0.000000	
0.000000	0.000000	0.000000	0.000000	0.000000	0.707681	0.706532	0.000000	
0.707026	0.000000	0.000000	0.000000	0.000000	0.000000	0.000000	0.707187	
0.000000	0.000004	0.707162	0.000000	0.000000	0.000006	0.707082	0.000000	
0.000415	0.706981	0.000011	0.000000	0.707570	0.000000	0.000001	0.000000	
0.000006	0.706749	0.707464	0.000000	0.000000	0.000000	0.000000	0.000000	
0.000000	0.707026	0.000000	0.000000	0.000000	0.000000	0.000000	0.707187	
0.000000	0.000000	0.000000	0.707083	0.000000	0.000000	0.707131	0.000000	
0.000000	0.707077	0.000006	0.000000	0.000000	0.707137	0.000000	0.000000	
0.000000	0.000000	0.000000	1.000000	0.000000	0.000000	0.000000	0.000000	
0.000000	0.000000	0.000000	0.000000	0.000000	0.000000	1.000020	0.000000	
0.000000	0.000000	0.000000	0.000000	1.000000	0.000000	0.000000	0.000000	
0.000000	0.000000	0.000000	0.000000	0.000000	0.000000	0.000000	1.000000	
0.706465	0.707779	0.000000	0.000029	0.010167	0.000000	0.000190	0.000000	
0.707730	0.000000	0.706483	0.000000	0.000007	0.000004	0.000000	0.000000	
0.000000	0.000000	0.707496	0.706718	0.000000	0.000000	0.000000	0.000000	
0.000000	0.000001	0.000016	0.000174	0.000000	0.707096	0.000000	0.707118	
0.000000	0.000000	0.707056	0.000004	0.707158	0.000000	0.000000	0.000005	
0.000000	1.000143	0.000000	0.000000	0.000000	0.000000	0.000000	0.000000	
0.000000	0.000000	0.000000	0.000000	0.706986	0.707228	0.000000	0.000000	
0.707322	0.000000	0.000000	0.000004	0.706891	0.000000	0.000000	0.000000	
0.000000	0.000000	1.000002	0.000000	0.000000	0.000000	0.000000	0.000000	
0.707258	0.000000	0.000000	0.706956	0.000000	0.000000	0.000000	0.000000	
0.000000	0.000000	0.000000	0.706791	0.000000	0.707422	0.000000	0.000000	
0.707149	0.000000	0.000000	0.000000	0.000000	0.000000	0.707129	0.000000	
0.000000	0.000000	0.000000	0.707081	0.000000	0.000000	0.000000	0.707133	
0.000001	0.000184	0.705315	0.000000	0.000000	0.000000	0.000000	0.708897	
0.000415	0.706981	0.000011	0.000000	0.707570	0.000000	0.000001	0.000000	
0.000000	0.000000	0.000000	0.121415	0.727412	0.000000	0.000000	0.675374	
0.053018	0.000453	0.999551	0.026972	0.000000	0.000000	0.042411	0.000000	
0.706578	0.000000	0.000000	0.000000	0.000000	0.000000	0.707636	0.000000	
0.000000	0.000000	0.000000	0.707081	0.000000	0.000000	0.000000	0.707133	
0.000000	0.702034	0.000000	0.000000	0.000000	0.000000	0.712186	0.000000	
0.000000	0.000000	0.000000	0.000000	0.707104	0.000000	0.707110	0.000000	
0.706809	0.708124	0.000000	0.000597	0.010172	0.001829	0.000071	0.000000	
0.000000	0.000000	0.000000	0.706815	0.707400	0.000000	0.000001	0.000000	
0.000000	0.000000	0.000000	0.000000	1.000000	0.000000	0.000000	0.000000	
0.000000	0.699558	0.000006	0.000000	0.000004	0.714576	0.000000	0.000000	
0.000000	0.000000	0.000001	0.707245	0.000000	0.707053	0.000000	0.000000	
0.000000	1.000012	0.000000	0.000000	0.000000	0.000000	0.000000	0.000000	
0.703831	0.002477	0.710468	0.000000	0.000000	0.000002	0.000000	0.000000	
0.000000	0.000000	0.000000	0.000000	0.000000	1.000000	0.000000	0.000000	
0.000353	0.000003	0.006648	0.707051	0.000000	0.000000	0.707131	0.000000	
0.000006	0.713010	0.714091	0.000000	0.000000	0.000000	0.000000	0.000000	
0.000000	0.000000	0.000000	0.000000	0.000000	0.000000	0.000000	1.002335	
0.000000	0.000000	0.000000	0.000000	0.706986	0.707228	0.000000	0.000000	
0.000000	0.000001	0.000016	0.000174	0.000000	0.707096	0.000000	0.707118	
0.000000	0.000000	0.707094	0.000000	0.707121	0.000000	0.000000	0.000005	
0.707322	0.000000	0.000000	0.000162	0.706891	0.000000	0.000000	0.000000	
0.000000	0.000000	0.000000	0.000000	0.000000	0.000000	1.000020	0.000000	
0.000000	0.000004	0.707197	0.000000	0.000000	0.000000	0.707016	0.000000	
0.000000	0.000000	0.000000	1.000000	0.000000	0.000000	0.000000	0.000000	
0.603242	0.000000	0.000000	0.000000	0.000000	0.000000	0.000000	0.797866	
0.000000	0.709274	0.000000	0.000150	0.000000	0.000000	0.000000	0.704935	
0.000186	0.000010	0.711677	0.000000	0.000000	0.000000	0.000000	0.705932	
0.000006	0.707208	0.000006	0.707007	0.000000	0.000000	0.000000	0.000000	
0.998861	0.029498	0.017273	0.000000	0.000000	0.025169	0.000000	0.021815	
0.000000	0.000000	0.000000	0.000000	0.000000	0.689377	0.728068	0.000000	
0.000000	0.000000	0.707714	0.706499	0.000000	0.000000	0.000000	0.000000	
0.521175	0.020521	0.505231	0.687529	0.000007	0.000000	0.001101	0.000000	
0.000000	0.000000	0.000000	0.000000	0.000000	0.000000	0.708130	0.708182	
0.698567	0.000607	0.016308	0.003625	0.000000	0.715480	0.000000	0.000000	
0.000003	0.000000	0.698758	0.003625	0.000000	0.715481	0.000000	0.000000	
0.071988	0.000008	0.003552	0.703810	0.005481	0.000000	0.707560	0.000000	
0.000000	0.673391	0.024694	0.000000	0.000004	0.738874	0.000000	0.000000	
0.000000	0.000000	0.000000	0.705259	0.046226	0.000000	0.020885	0.707133	
0.039716	0.000735	0.997567	0.000000	0.000000	0.057301	0.000000	0.000000	
0.000596	0.000000	0.000004	0.164734	0.986953	0.000000	0.000000	0.026268	
0.000000	0.000000	0.000000	0.000000	0.000000	0.000000	0.000000	1.002336	
0.706087	0.018467	0.013011	0.000000	0.000000	0.707140	0.000000	0.031350	
0.000000	0.729153	0.000006	0.684192	0.000000	0.014755	0.000000	0.000000	
0.000037	0.007510	0.500295	0.485361	0.000000	0.000000	0.000000	0.716989	
0.000000	0.000000	0.000000	0.000000	0.000000	1.000000	0.000000	0.000000	
0.000000	0.000000	0.000000	0.000000	0.000000	0.708067	0.706917	0.000000	
0.000009	0.000000	0.706761	0.000000	0.000000	0.707453	0.000000	0.000000	
0.000000	0.000000	0.000001	0.000000	0.707104	0.000000	0.707110	0.000000	
0.130109	0.693010	0.016567	0.000149	0.709004	0.000033	0.000000	0.001047	
0.000000	0.000000	0.707714	0.706499	0.000000	0.000000	0.000000	0.000000	
0.603116	0.000010	0.011339	0.000000	0.004833	0.000000	0.000000	0.797866	
0.000006	0.708433	0.709150	0.000000	0.000000	0.000000	0.000000	0.000000	
0.715825	0.003869	0.003975	0.086692	0.085041	0.000006	0.689648	0.014427	
0.028206	0.027419	0.000197	0.040192	0.703421	0.705908	0.000000	0.067024	
0.009430	0.702133	0.015963	0.000001	0.000005	0.000000	0.716921	0.000000	
0.706384	0.707698	0.000000	0.000596	0.010166	0.000000	0.010314	0.000000	
0.000000	0.000000	0.000000	0.154187	0.723245	0.000000	0.000000	0.676111	
0.000000	0.000004	0.703241	0.000000	0.074362	0.000006	0.707082	0.000000	
0.426554	0.000000	0.000000	0.000000	0.000000	0.000000	0.427855	0.799079	
0.691372	0.020257	0.016251	0.722164	0.000000	0.000000	0.000000	0.000000	
0.000000	1.000034	0.000000	0.000568	0.000000	0.000000	0.010291	0.000000	
0.000000	0.000007	0.020397	0.999792	0.000000	0.000000	0.000000	0.000000	
0.000000	0.000000	0.000123	0.000130	0.000002	0.725051	0.000000	0.693805	
