0.000003	0.000000	0.000000	0.707342	0.000001	0.000000	0.706872	0.000000	
0.000000	0.000000	0.000000	0.707176	0.000000	0.707042	0.000000	0.000000	
0.000005	0.706838	0.000000	0.000000	0.707382	0.000000	0.000000	0.000005	
0.000000	1.000000	0.000000	0.000000	0.000000	0.000000	0.000000	0.000000	
0.000001	0.706783	0.000000	0.707431	0.000000	0.000000	0.000000	0.000005	
0.000000	0.000000	0.000000	0.000000	0.000000	1.000000	0.000000	0.000000	
0.000000	0.000000	0.000000	0.000000	0.000000	0.000000	0.707139	0.707075	
0.000000	0.000000	0.707095	0.000000	0.000000	0.707119	0.000000	0.000000	
0.000000	0.000000	1.000000	0.000000	0.000000	0.000000	0.000000	0.000000	
0.000000	0.000000	0.707243	0.706971	0.000000	0.000000	0.000013	0.000000	
0.000000	0.706902	0.000000	0.000000	0.000002	0.000000	0.707313	0.000000	
0.706555	0.000000	0.000000	0.707658	0.000000	0.000000	0.000000	0.000000	
0.000000	0.707099	0.000000	0.000000	0.000000	0.707115	0.000000	0.000000	
0.000000	0.000000	0.000000	0.000000	0.000000	0.706884	0.707329	0.000000	
0.000000	0.000000	0.706852	0.000000	0.000000	0.000000	0.707362	0.000000	
0.000000	0.000000	0.000000	0.000000	0.000000	0.705401	0.000000	0.710151	
0.000000	0.000000	0.000000	0.707087	0.707127	0.000000	0.000000	0.000000	
1.000000	0.000000	0.000000	0.000000	0.000000	0.000000	0.000000	0.000000	
0.707174	0.000000	0.707040	0.000000	0.000000	0.000000	0.000000	0.000000	
0.000000	0.000000	0.707084	0.000000	0.707129	0.000000	0.000000	0.000000	
0.707081	0.000000	0.000000	0.000000	0.707132	0.000000	0.000000	0.000000	
0.706971	0.000001	0.000000	0.000000	0.000000	0.000000	0.000000	0.707243	
0.000000	0.000000	0.707082	0.000000	0.000000	0.000000	0.000000	0.707132	
0.000000	0.707148	0.707065	0.000000	0.000000	0.000000	0.000000	0.000000	
0.000005	0.707081	0.000000	0.000000	0.000000	0.000000	0.000000	0.707133	
0.705573	0.000000	0.000004	0.000000	0.000001	0.000000	0.708637	0.000000	
0.000000	0.000000	0.000000	0.000000	1.000000	0.000000	0.000000	0.000000	
0.000000	0.000000	0.000000	0.000000	0.000000	0.000000	1.000000	0.000000	
0.000000	0.000000	0.000000	1.000000	0.000000	0.000000	0.000000	0.000000	
0.000000	0.000000	0.000000	0.000000	0.000000	0.000000	0.000000	1.000000	
0.000000	0.000000	0.000000	0.000000	0.707026	0.000000	0.707187	0.000000	
0.707882	0.706331	0.000000	0.000000	0.000000	0.000000	0.000000	0.000000	
0.000000	0.000000	0.000000	0.000000	0.707312	0.000000	0.000000	0.707930	
0.707230	0.000000	0.000000	0.000000	0.000000	0.706983	0.000000	0.000000	
0.000000	0.000000	0.000000	0.000000	0.707109	0.707105	0.000000	0.000000	
0.000000	0.000000	0.000000	0.707208	0.000000	0.000000	0.000000	0.707006	
0.000000	0.686123	0.000000	0.729772	0.000000	0.000000	0.000000	0.000000	
0.000000	0.000000	0.000000	0.000000	0.707026	0.000000	0.707187	0.000000	
0.000000	0.000000	0.707168	0.000000	0.000000	0.707046	0.000000	0.000000	
0.000000	0.709816	0.000000	0.000129	0.000000	0.704387	0.000000	0.000000	
0.000000	0.000000	0.000000	0.000000	1.000000	0.000000	0.000000	0.000000	
0.000000	0.000000	1.000000	0.000000	0.000000	0.000000	0.000000	0.000000	
0.000000	0.000000	0.000000	0.000000	0.000000	0.706855	0.000000	0.707415	
0.000000	0.000000	0.000000	0.000000	0.000000	0.000000	0.000000	1.000000	
0.732115	0.000001	0.679312	0.049887	0.000000	0.000000	0.000000	0.007404	
0.000000	0.000000	0.000000	0.000000	0.708542	0.706097	0.000000	0.000000	
0.000000	0.706902	0.000000	0.000000	0.000002	0.000000	0.707313	0.000000	
0.271559	0.649931	0.707584	0.000095	0.014290	0.000114	0.054864	0.000029	
0.662936	0.000199	0.000904	0.749570	0.000000	0.000116	0.001716	0.000221	
0.027153	0.999377	0.000000	0.022347	0.000000	0.000000	0.002996	0.000000	
0.000000	0.000000	0.707084	0.000000	0.707129	0.000000	0.000000	0.000000	
0.000000	0.000000	0.000000	1.000016	0.000000	0.000000	0.000000	0.000000	
0.708079	0.706134	0.000000	0.000000	0.000000	0.000000	0.000000	0.000000	
0.999746	0.000000	0.000000	0.022347	0.000000	0.000000	0.002996	0.000000	
0.706973	0.000001	0.000000	0.000000	0.000000	0.000000	0.000000	0.707241	
0.039566	0.000000	0.700093	0.000000	0.000001	0.000000	0.716844	0.000000	
0.000005	0.707119	0.000000	0.000000	0.000000	0.000000	0.000000	0.707169	
0.000000	0.000000	0.704647	0.710751	0.000000	0.000000	0.000013	0.000000	
0.707180	0.000001	0.008745	0.000000	0.000000	0.706987	0.000000	0.000076	
0.000000	0.000000	0.000000	0.000000	0.000000	0.000000	0.707139	0.707075	
0.000000	0.000000	0.000000	0.707276	0.000000	0.707048	0.000000	0.000000	
0.000000	0.000000	0.000000	0.705504	0.708706	0.000000	0.000000	0.000000	
0.698326	0.000000	0.000000	0.000000	0.698376	0.157432	0.000000	0.000000	
0.000000	0.000000	0.717156	0.000000	0.000000	0.000000	0.000000	0.713789	
0.000000	0.000000	0.000000	0.707208	0.000000	0.000000	0.000000	0.707006	
0.706240	0.021560	0.000003	0.033061	0.000000	0.000000	0.706872	0.000000	
0.000000	0.000000	0.000000	0.000000	0.000000	1.000000	0.000000	0.000000	
0.000000	0.000000	0.000000	0.000000	0.000000	0.709165	0.705358	0.000000	
0.000003	0.000000	0.000000	0.707342	0.000001	0.000000	0.706872	0.000000	
0.114229	0.664165	0.002365	0.000000	0.740606	0.000000	0.000000	0.000000	
0.000000	0.000000	0.000000	0.000000	0.000000	0.000000	1.000000	0.000000	
0.000000	0.000000	0.000000	0.000000	0.707312	0.000000	0.000000	0.707931	
0.000054	0.001980	0.040953	0.993748	0.099350	0.030068	0.003346	0.000000	
0.028275	0.000973	0.000000	0.000000	0.729726	0.000000	0.000000	0.683450	
0.000000	0.000000	0.000000	0.000000	0.000000	0.000000	0.000000	1.009218	
0.990016	0.019679	0.121076	0.057835	0.024653	0.004447	0.000000	0.030526	
0.691791	0.746195	0.000028	0.000000	0.000000	0.000000	0.000000	0.000002	
0.000000	0.000000	0.000000	0.000000	0.000000	1.000000	0.000000	0.000000	
0.499570	0.015251	0.000001	0.023348	0.499984	0.000000	0.706872	0.000000	
0.000000	0.000000	0.000312	0.007556	0.998744	0.007213	0.048995	0.000000	
0.112656	0.653291	0.000904	0.749568	0.000000	0.000115	0.001716	0.000218	
0.696575	0.000001	0.000000	0.000000	0.000061	0.030144	0.004982	0.716834	
0.000000	0.000000	0.707029	0.706757	0.000002	0.029357	0.000013	0.000000	
0.715362	0.031691	0.036821	0.039433	0.014181	0.695458	0.001047	0.032147	
0.698528	0.000000	0.000000	0.000000	0.698578	0.155215	0.000000	0.000000	
0.705573	0.000000	0.000004	0.000000	0.000001	0.000000	0.708637	0.000000	
0.000000	0.707171	0.000000	0.000000	0.000000	0.707042	0.000000	0.000000	
0.010500	0.778297	0.625615	0.051906	0.000000	0.000000	0.000000	0.007404	
0.000000	0.000000	0.999957	0.009238	0.000000	0.000000	0.000001	0.000000	
0.043744	0.695040	0.000000	0.000000	0.000001	0.121407	0.707297	0.000000	
0.000000	0.000000	0.000000	0.000000	0.000000	0.000000	1.000000	0.000000	
0.000005	0.706838	0.000000	0.000000	0.707382	0.000000	0.000000	0.000005	
0.000017	0.002680	0.503457	0.503926	0.000000	0.701873	0.000000	0.000005	
0.698888	0.076702	0.000000	0.712486	0.000000	0.000000	0.034087	0.017362	
0.000000	0.000000	0.787501	0.000000	0.645306	0.000000	0.002099	0.000000	
0.000017	0.109660	0.695136	0.000000	0.001981	0.711973	0.000000	0.000005	
0.000000	0.000000	0.000000	0.000000	0.000000	0.706856	0.000000	0.707416	
0.000000	0.000000	0.000000	0.707208	0.000095	0.000004	0.000000	0.707006	
0.750274	0.000003	0.663125	0.049936	0.000000	0.000000	0.000000	0.007424	
0.000000	0.000000	0.719171	0.000000	0.000000	0.000000	0.000000	0.715794	
