0.195416	0.592892	0.442647	0.673998	
0.211483	0.687745	0.724912	0.001353	
0.484934	0.181037	0.540669	0.674039	
0.002597	0.221487	0.818304	0.577346	
0.298582	0.000593	0.301682	0.928816	
0.308311	0.232021	0.431673	0.842265	
0.002406	0.573967	0.009900	0.845708	
0.876761	0.000806	0.001785	0.510801	
0.001658	0.091958	1.014545	0.030020	
0.448427	0.046806	0.920057	0.047640	
0.981000	0.005171	0.002240	0.287641	
0.135302	0.103488	1.005114	0.020501	
0.149192	0.928151	0.349319	0.066309	
0.185922	0.416369	0.165481	0.895029	
0.165125	0.005194	1.005304	0.030316	
0.519203	0.252785	0.796053	0.264365	
0.000483	0.170323	1.005007	0.020498	
0.105162	0.349830	0.950686	0.036013	
0.993807	0.165291	0.000071	0.005193	
0.005238	0.198483	0.992081	0.120295	
0.460339	0.347872	0.699701	0.484671	
0.003225	0.201958	0.979088	0.102836	
0.000000	0.000000	0.000000	1.019301	
0.163125	0.938038	0.013992	0.335231	
0.949414	0.333359	0.030257	0.020154	
0.106328	0.616602	0.713635	0.384791	
0.145968	0.011119	0.190579	0.991035	
0.161721	0.039035	1.006434	0.005713	
0.003051	0.734049	0.310455	0.638779	
0.191848	0.313313	0.933026	0.101447	
0.001467	0.000010	1.017152	0.013733	
0.009563	0.171686	0.015523	1.005553	
0.372755	0.011791	0.949340	0.070851	
0.015662	0.980767	0.234941	0.119345	
0.139732	0.223765	0.936016	0.305622	
0.550488	0.794971	0.324336	0.023061	
0.010281	0.223142	0.983035	0.002197	
0.769276	0.620310	0.256634	0.165386	
0.627094	0.546278	0.497716	0.342729	
0.827159	0.199350	0.033510	0.570623	
0.001413	0.000000	0.979549	0.287648	
1.025028	0.000001	0.000000	0.000000	
0.145291	0.164811	0.273582	0.962050	
0.125521	1.011428	0.016127	0.001146	
0.216563	0.312743	0.874635	0.363854	
0.185772	0.405057	0.925850	0.001022	
0.021235	0.064647	1.020729	0.002512	
0.069290	0.167880	1.003754	0.008658	
0.933928	0.197517	0.015104	0.350523	
0.004830	0.968881	0.026496	0.277383	
0.707306	0.014855	0.000649	0.733595	
0.069969	0.059864	1.015769	0.030057	
0.823461	0.592974	0.154572	0.014281	
0.506753	0.016083	0.269139	0.849428	
0.165355	0.005248	1.000824	0.100332	
0.000000	1.167290	0.000000	0.000000	
0.389302	0.871665	0.021836	0.355317	
0.133075	0.215849	0.987816	0.000536	
0.000000	0.000000	1.027337	0.000000	
0.197513	0.000592	0.927514	0.384474	
0.331364	0.256734	0.013359	0.916597	
0.001467	0.000010	1.017152	0.013733	
0.119639	0.647774	0.735458	0.272547	
0.983528	0.241383	0.018979	0.139777	
0.122348	0.947171	0.320434	0.027854	
0.095337	0.226964	0.000016	0.976577	
0.021432	0.885893	0.473459	0.004894	
0.041788	0.188239	0.406817	0.899575	
0.517209	0.251814	0.792995	0.280596	
0.841606	0.168120	0.000787	0.550722	
0.000000	0.334555	0.007276	0.952660	
0.986475	0.188428	0.178845	0.001026	
0.000246	0.000000	0.170335	1.003011	
0.295590	0.661840	0.016580	0.715988	
0.003604	0.199904	0.999000	0.020488	
0.996455	0.013079	0.016339	0.221073	
0.288724	0.236384	0.815702	0.480463	
0.391111	0.758716	0.411835	0.385123	
0.376673	0.728399	0.616610	0.031334	
0.187956	0.409819	0.920060	0.047640	
0.191192	0.479792	0.000036	0.866045	
0.515759	0.825903	0.002223	0.288018	
0.817388	0.620821	0.000065	0.006103	
0.000217	0.747128	0.183574	0.664644	
0.885286	0.003221	0.490453	0.006322	
0.122661	0.832244	0.282250	0.476814	
0.612772	0.069043	0.431636	0.699877	
0.003590	0.914181	0.380683	0.198895	
0.931816	0.015890	0.170895	0.369075	
0.000613	0.005121	0.970443	0.302498	
0.681788	0.521901	0.146771	0.535579	
0.136216	0.220945	0.985828	0.001853	
0.640853	0.120044	0.715882	0.320161	
0.792026	0.216382	0.617379	0.031373	
0.003216	0.201357	0.976174	0.123464	
0.095018	0.002980	0.575099	0.836746	
0.407358	0.003857	0.900732	0.244056	
0.003384	0.187697	0.937998	0.351421	
0.785905	0.586070	0.039149	0.305344	
0.555966	0.802881	0.296195	0.023085	
0.021235	0.064647	1.020729	0.002512	
0.000441	0.234416	0.972273	0.102880	
0.478281	0.178554	0.533252	0.681130	
0.003409	0.813396	0.522537	0.353344	
0.309067	0.000345	0.000579	0.969467	
0.298705	0.971390	0.000177	0.035936	
0.000000	0.000000	41.557176	0.000000	
0.210310	0.514280	0.747036	0.411896	
0.016120	0.970476	0.232478	0.118093	
0.628766	0.547735	0.480306	0.340288	
0.588308	0.442734	0.024762	0.687177	
0.135861	0.305253	0.670719	0.690823	
0.372186	0.078714	0.872071	0.362034	
0.176007	0.006760	0.360107	0.924919	
0.716139	0.604901	0.180719	0.338051	
0.870323	0.413579	0.000569	0.334876	
0.352399	0.004665	0.458381	0.844082	
0.136127	0.220800	0.985181	0.010248	
0.285953	0.848443	0.516488	0.023253	
0.611586	0.062508	0.745509	0.354282	
0.419486	0.315687	0.244110	0.842248	
0.946840	0.140449	0.210480	0.248184	
0.914210	0.421464	0.162548	0.053800	
0.515414	0.825351	0.002222	0.290460	
0.186770	0.846519	0.354003	0.367115	
0.013090	0.404654	0.154581	0.906267	
0.000590	0.207785	0.998472	0.017885	
0.994320	0.000816	0.034541	0.230578	
0.001730	0.464751	0.637284	0.632162	
0.853895	0.002559	0.411984	0.384384	
0.549285	0.793233	0.316361	0.028126	
0.348502	0.778910	0.047251	0.555569	
0.723238	0.001436	0.730749	0.001205	
0.030384	0.939297	0.349217	0.071880	
0.128672	0.848017	0.003081	0.550864	
0.001757	0.141027	0.188543	0.992199	
0.188498	0.411001	0.922715	0.001022	
0.949535	0.106099	0.374126	0.026196	
0.014515	0.424140	0.913803	0.008648	
0.001413	0.000000	0.979448	0.317274	
0.387825	0.923275	0.000064	0.111801	
0.449977	0.358460	0.012951	0.842924	
0.475620	0.177560	0.530285	0.686426	
0.003029	0.728676	0.308182	0.642499	
0.001438	0.889764	0.011584	0.510721	
0.774838	0.608179	0.038401	0.298553	
0.783948	0.630982	0.159982	0.005946	
0.166730	1.002645	0.141926	0.000386	
0.119043	0.230202	0.194872	0.972271	
0.000236	0.000048	0.949229	0.328224	
0.003606	0.860359	0.490184	0.281370	
0.290624	0.796276	0.284404	0.463349	
0.232624	0.690576	0.179611	0.674279	
0.003912	0.234211	0.971557	0.102804	
0.799167	0.090044	0.562933	0.315163	
0.365832	0.001828	0.646579	0.678066	
0.687156	0.218524	0.177728	0.677835	
0.047987	0.677635	0.686222	0.352914	
0.321333	0.524779	0.811541	0.001715	
0.519419	0.044857	0.029370	0.889920	
0.262860	0.714347	0.575294	0.377882	
0.002540	0.206157	0.822322	0.577361	
0.024460	0.938332	0.173166	0.371802	
0.521703	0.182506	0.016619	0.863504	
0.977880	0.097526	0.230350	0.119431	
0.026319	0.478153	0.570788	0.678189	
0.468220	0.354690	0.003314	0.843210	
0.003051	0.982031	0.279444	0.002879	
0.985066	0.027930	0.280419	0.002679	
0.314579	0.954435	0.174125	0.031149	
0.130016	0.947666	0.209920	0.247991	
0.547881	0.253044	0.821439	0.006889	
0.693751	0.163560	0.175683	0.685838	
0.797180	0.621090	0.000043	0.006008	
0.144966	0.001054	0.832985	0.549654	
0.591771	0.128041	0.664788	0.480028	
0.272546	0.682516	0.310821	0.639344	
0.126176	0.850466	0.006443	0.552193	
0.590088	0.060311	0.788869	0.298794	
0.001413	0.000000	0.979549	0.287648	
0.562779	0.812720	0.253243	0.023811	
0.992454	0.016924	0.016880	0.220206	
0.198175	0.081253	0.395837	0.899312	
0.188476	0.478468	0.015481	0.867917	
0.490686	0.236544	0.723413	0.474784	
0.393076	0.901416	0.236120	0.205688	
0.926904	0.080643	0.359895	0.274245	
0.004146	0.140212	0.187520	0.989741	
0.948619	0.105996	0.373765	0.052117	
0.020653	0.782758	0.619420	0.118134	
0.867088	0.346570	0.180018	0.363075	
0.613274	0.062681	0.784868	0.254717	
0.297030	0.665063	0.016661	0.712148	
0.010260	0.222696	0.981072	0.072523	
0.162393	1.012214	0.010800	0.000007	
0.008923	0.678153	0.165034	0.745599	
0.719314	0.628980	0.015119	0.350867	
0.171536	0.000028	0.015511	1.003132	
0.000530	0.003177	0.649912	0.786994	
0.816077	0.608571	0.040652	0.111052	
