0.006054	1.743779	0.000001	1.117387	
0.209327	0.498962	0.165948	0.882170	
0.958988	0.273358	0.086654	0.304895	
0.896850	0.535123	0.150741	0.031806	
0.002869	1.041044	0.156128	0.053352	
1.003248	0.044928	0.310982	0.064413	
0.159989	1.030740	0.000099	0.092182	
0.005173	0.347051	1.000603	0.009764	
0.935742	0.002618	0.145726	0.441778	
0.391110	0.869343	0.004207	0.461237	
0.258556	1.014128	0.108169	0.000633	
2.046360	0.162626	0.080208	0.000084	
0.813117	0.592331	0.017943	0.306870	
0.496894	0.296481	0.882162	0.052713	
0.968136	0.001246	0.489207	0.029826	
0.847575	0.491677	0.339971	0.098260	
0.170887	0.613595	0.001892	0.839544	
0.174815	0.104983	0.073987	1.020123	
1.301601	0.041031	0.000040	0.279994	
0.990162	0.328931	0.005187	0.085531	
0.950319	0.030174	0.081549	0.441710	
0.003179	1.006057	0.002522	0.388326	
0.001741	0.243209	0.000012	1.049236	
0.750415	0.450483	0.001150	0.567202	
0.309164	0.780215	0.635161	0.048928	
0.882250	0.586897	0.029591	0.023283	
0.807078	0.479094	0.217261	0.470697	
0.870950	0.300270	0.006396	0.527431	
0.412328	0.777566	0.340999	0.454896	
0.309884	0.970710	0.231612	0.002370	
1.045083	0.087703	0.000053	0.005892	
0.428506	0.956604	0.000612	0.118275	
0.966376	0.335935	0.196936	0.016352	
0.273680	0.857613	0.074013	0.556079	
1.057205	0.077034	0.044948	0.008564	
0.429483	0.253183	0.110666	0.923850	
1.236775	0.038987	0.000038	0.450222	
0.243082	0.004246	0.004035	1.013187	
0.401052	1.026950	0.003393	0.000110	
0.814639	0.165354	0.621579	0.048252	
0.025141	0.001126	1.004983	0.288805	
0.167449	1.030042	0.000053	0.005863	
0.825626	0.019522	0.066195	0.627144	
0.000000	0.000000	1.673209	0.000000	
0.581003	0.213850	0.003045	0.841659	
1.058458	0.000219	0.000054	0.059065	
0.709292	0.420422	0.182805	0.630324	
0.012544	1.047169	0.112316	0.001345	
0.204398	0.644836	0.069396	0.795466	
0.987561	0.343300	0.084095	0.016462	
0.884531	0.543430	0.032260	0.081503	
0.168745	1.045022	0.074901	0.000100	
0.618825	0.908048	0.002701	0.000110	
0.194563	1.022255	0.057282	0.083459	
0.003137	2.035490	0.000010	0.182320	
0.490580	0.053848	0.027167	0.920776	
0.436591	0.837775	0.025696	0.456369	
0.823124	0.009728	0.000076	0.896920	
0.009928	0.936266	0.071164	0.452555	
0.001567	0.989939	0.163400	0.387272	
0.844747	0.583800	0.108965	0.112182	
0.210997	0.831912	0.006466	0.628795	
0.921672	0.523567	0.006333	0.008564	
0.345982	0.004385	0.994981	0.007372	
0.070969	1.043077	0.044332	0.074243	
0.858520	0.174923	0.333315	0.449059	
0.781986	0.259775	0.070674	0.622056	
0.283786	0.958717	0.103338	0.299256	
0.758872	0.524452	0.098238	0.457506	
0.292788	0.923047	0.218560	0.302776	
1.027657	0.115137	0.056923	0.133991	
0.351414	0.971569	0.221175	0.119221	
2.039240	0.012038	0.210605	0.000142	
0.005018	0.785037	0.115345	0.661486	
0.002218	0.261493	0.990574	0.289026	
0.857230	0.473556	0.377270	0.000767	
0.961827	0.002691	0.149788	0.347903	
0.861277	0.510509	0.090196	0.306210	
0.289634	0.216680	0.000132	0.992220	
1.016543	0.011042	0.052630	0.217348	
0.000743	0.709897	0.010562	0.757744	
6.249038	0.000005	0.000000	0.000000	
0.150765	0.332727	0.324617	0.914709	
0.011404	0.503073	0.093729	0.925702	
0.941514	0.218098	0.011324	0.470699	
0.417097	0.973030	0.058877	0.063859	
0.807636	0.175134	0.298918	0.530980	
0.313298	0.996694	0.015116	0.245897	
0.000000	5.734668	0.000000	0.000000	
0.875433	0.513488	0.003393	0.281789	
0.853738	0.506040	0.220033	0.282239	
0.868319	0.000997	0.483215	0.300758	
0.012895	0.907607	0.210115	0.529497	
0.000321	0.000001	0.196078	1.083127	
0.003797	0.530311	0.007890	0.899089	
0.000000	0.000000	0.000000	2.039383	
0.305908	0.166320	1.001274	0.009773	
0.833676	0.448065	0.071935	0.457454	
0.286969	0.163016	0.110840	0.996640	
1.036012	0.113716	0.057372	0.084477	
1.961686	0.061839	0.000010	0.750352	
0.431857	0.939255	0.000442	0.122628	
0.186549	0.111988	0.000093	1.023219	
1.003920	0.073152	0.042683	0.293140	
0.251641	1.001369	0.160794	0.000652	
1.037985	0.001237	0.017226	0.102882	
5.405201	0.512879	0.000000	0.119330	
0.009952	0.938546	0.020557	0.452461	
0.000052	0.000298	0.295519	1.632430	
0.028063	0.442142	0.024388	0.960526	
0.911386	0.519363	0.013901	0.000002	
0.306978	0.184283	0.000153	0.982148	
0.825403	0.178987	0.291233	0.539745	
1.006572	0.137527	0.098305	0.253109	
1.014199	0.278736	0.006339	0.095160	
0.002636	0.310767	1.016180	0.005625	
0.005425	0.757784	0.000039	0.763659	
0.306336	0.953892	0.102779	0.270935	
0.271028	0.852573	0.000032	0.563046	
0.900647	0.540670	0.032150	0.084317	
0.810612	0.644471	0.092210	0.050138	
0.258297	1.003656	0.012554	0.124857	
0.194563	1.022255	0.057282	0.083459	
0.975307	0.323996	0.088146	0.030976	
0.001921	0.284924	0.000833	1.047753	
0.589129	0.216829	0.003121	0.839139	
1.051253	0.060976	0.074746	0.005931	
0.000103	0.017272	1.034662	0.348444	
0.657090	0.028068	0.014156	0.832654	
0.036778	0.783777	0.116329	0.665056	
0.193941	0.612665	0.048670	0.829840	
0.486030	0.940679	0.029569	0.023265	
0.150765	0.332727	0.324617	0.914709	
0.927282	0.016267	0.071069	0.470036	
0.175562	0.105392	0.072784	1.021976	
0.188647	0.928295	0.097905	0.444393	
0.157224	1.047331	0.004674	0.000106	
0.496894	0.296481	0.882162	0.052713	
0.055977	0.003245	0.001450	1.040942	
0.900070	0.001034	0.500884	0.092312	
0.314563	0.825675	0.051846	0.552229	
0.716672	0.014269	0.064325	0.751772	
0.205081	0.646678	0.056337	0.803213	
0.000764	1.670781	0.008542	0.055857	
0.846664	0.501848	0.223190	0.307803	
0.860563	0.175340	0.334109	0.431802	
0.306178	0.772679	0.629026	0.084252	
0.001805	1.749878	0.000001	1.107834	
0.001908	1.238205	0.008834	0.110910	
0.245704	0.954724	0.224080	0.296605	
0.913697	0.305324	0.006689	0.459152	
0.813836	0.223670	0.073399	0.648551	
0.414466	0.946555	0.221207	0.114644	
0.295622	0.775960	0.305799	0.534652	
0.372672	1.038114	0.009528	0.000110	
0.519844	0.009119	0.039356	0.927124	
0.001692	0.140868	1.049590	0.001352	
2.049052	0.000002	0.180715	0.005271	
0.002218	0.261493	0.990574	0.289026	
0.867293	0.492676	0.355004	0.008554	
0.314275	0.824920	0.051799	0.552704	
0.372672	1.038114	0.009528	0.000110	
0.316164	0.171764	0.019806	0.985511	
0.167000	1.029459	0.057409	0.084219	
0.394224	0.954877	0.221151	0.114614	
0.153656	0.087323	1.039316	0.058127	
0.007709	1.087305	0.000115	0.005853	
0.376898	0.989295	0.058877	0.063859	
0.333941	0.980674	0.014988	0.106906	
1.005067	0.018867	0.094859	0.258543	
0.495915	0.009873	0.039883	0.914797	
0.003060	0.901680	0.077427	0.574724	
0.834538	0.509437	0.152266	0.353659	
0.415208	0.782998	0.324563	0.454876	
0.132072	0.408144	0.000002	0.940505	
0.007969	0.266365	1.021851	0.092385	
0.925603	0.005001	0.514916	0.031696	
0.008744	0.005032	1.011694	0.308576	
0.060199	0.820005	0.095662	0.622602	
0.006519	0.919406	0.000098	0.580598	
1.055956	0.089138	0.013155	0.002447	
0.000773	1.104259	0.018194	0.061407	
0.714872	0.012540	0.014495	0.903624	
0.000000	0.000000	0.000000	3.725200	
0.293641	0.992013	0.106927	0.000626	
0.357095	0.040008	0.019780	0.984195	
0.924208	0.300515	0.006748	0.474425	
0.889919	0.532510	0.057088	0.083176	
0.881673	0.500845	0.360890	0.001786	
0.496894	0.296481	0.882162	0.052713	
0.187197	0.921157	0.154291	0.444509	
0.811981	0.450405	0.071154	0.480013	
0.304499	0.960636	0.103381	0.272522	
0.883457	0.011264	0.072640	0.545767	
0.003161	1.000170	0.008962	0.386068	
1.014199	0.278736	0.006339	0.095160	
1.058216	0.039264	0.003294	0.112801	
0.565257	0.339331	0.000282	0.807935	
0.170887	0.613595	0.001892	0.839544	
0.135494	1.101343	0.000155	0.000111	
