0.671517	0.000770	0.668479	0.662431	7.982627	
0.823291	0.927061	0.781205	0.158993	5.067944	
0.328353	0.000407	0.000069	0.338541	9.343500	
0.002805	0.775406	0.002607	0.000909	8.563932	
0.000000	0.000000	0.000000	0.000000	10.000040	
0.845617	0.867406	0.202947	0.155707	5.921815	
0.030308	0.902851	0.040184	0.355794	8.012007	
0.028921	0.000377	0.710760	0.960854	7.659143	
0.018624	0.377901	0.000017	0.319385	9.394995	
0.877280	0.878388	0.135248	0.779035	4.923854	
0.137683	0.784812	0.820490	0.918131	5.049452	
0.791398	0.920740	0.144258	0.798031	5.119398	
0.794751	0.772487	0.120082	0.895633	5.174712	
0.834625	0.134491	0.939445	0.823654	4.977690	
0.135222	0.877680	0.283904	0.870875	5.963486	
0.000017	0.002162	0.000011	0.768098	8.606602	
0.000377	0.000004	0.294041	0.000040	9.599842	
0.031569	0.021010	0.943195	0.653989	7.935138	
0.167542	0.902652	0.799616	0.762777	5.181429	
0.861595	0.060348	0.047864	0.318030	7.782387	
0.023247	0.659894	0.015278	0.960854	8.031999	
0.953117	0.000852	0.712184	0.011706	7.618780	
0.000017	0.000098	0.000020	0.293503	9.599096	
0.845344	0.848278	0.851270	0.848339	3.255495	
0.022090	0.323897	0.298467	0.007647	9.218570	
0.177155	0.774066	0.918314	0.777910	5.208463	
0.665900	0.866002	0.025348	0.012393	7.602845	
0.851999	0.125168	0.772777	0.923334	5.153604	
0.000013	0.021065	0.299136	0.320203	9.222560	
0.027272	0.902851	0.659994	0.023593	7.700951	
0.670568	0.656628	0.668642	0.005707	8.023416	
0.000000	0.628747	0.949446	0.000000	8.210775	
0.000000	0.296710	0.001327	0.000166	9.604766	
0.863379	0.778810	0.932720	0.161619	5.045544	
0.662382	0.022253	0.948887	0.003069	7.946901	
0.329134	0.000433	0.294041	0.000040	9.257790	
0.861595	0.060359	0.848529	0.820723	4.890715	
0.344519	0.311859	0.000877	0.012914	9.380110	
0.644927	0.028774	0.015531	0.962459	8.136642	
0.304765	0.001918	0.000017	0.003233	9.609845	
0.000245	0.665678	0.677718	0.670436	7.899235	
0.764235	0.000792	0.000030	0.000228	8.634205	
0.000478	0.002289	0.770289	0.000380	8.724169	
0.666486	0.664613	0.003153	0.678003	7.932937	
0.893880	0.631590	0.023552	0.043795	7.881099	
0.000378	0.000004	0.269581	0.318775	9.216002	
0.077995	0.769520	0.062071	0.043795	8.670445	
0.838275	0.016645	0.671512	0.005677	7.598705	
0.791398	0.920740	0.144258	0.798031	5.119398	
0.864295	0.110940	0.830115	0.861929	4.748894	
0.308594	0.060348	0.047864	0.298014	9.064435	
0.003350	0.074735	0.144542	0.891200	7.945786	
0.309388	0.016645	0.671512	0.005677	8.895694	
0.834625	0.134491	0.939445	0.823654	4.977690	
0.137683	0.787838	0.819696	0.865271	4.904793	
0.194475	0.772811	0.924868	0.777910	5.216604	
0.031992	0.659894	0.015278	0.936711	7.904703	
0.000245	0.665678	0.677718	0.663312	7.950665	
0.786795	0.122887	0.772777	0.923334	5.311900	
0.022441	0.001139	0.002656	0.003336	9.966155	
0.704417	0.902851	0.003068	0.355794	7.189633	
0.863379	0.778810	0.932720	0.162407	5.043920	
0.863379	0.013752	0.934615	0.324404	6.469601	
0.861595	0.002853	0.047430	0.318030	7.937761	
0.133727	0.877680	0.291597	0.870875	5.981644	
0.024801	0.021165	0.660548	0.904375	7.708842	
0.000028	0.000685	0.301349	0.006047	9.602859	
0.000000	0.758874	0.952859	0.000000	7.303123	
0.347747	0.311859	0.299002	0.012914	8.918439	
0.180540	0.110747	0.047864	0.348376	9.066753	
0.000000	0.318745	0.000000	0.000000	9.642698	
0.000032	0.323897	0.298467	0.007647	9.253628	
0.000013	0.323745	0.299136	0.320203	8.894491	
0.222151	0.128223	0.858483	0.284661	7.236854	
0.327182	0.001124	0.000035	0.005909	9.653791	
0.140339	0.926925	0.839821	0.792333	5.028314	
0.644845	0.028774	0.026022	0.915146	7.848732	
0.823291	0.927061	0.778527	0.163345	5.085093	
0.865002	0.775406	0.008795	0.161619	6.546766	
0.764235	0.001124	0.000111	0.000228	8.633828	
0.263141	0.933639	0.000376	0.042281	8.087527	
0.877280	0.878388	0.135248	0.285933	5.971907	
0.000000	0.899865	0.863268	0.000166	7.149254	
0.758398	0.776288	0.850828	0.003020	5.529810	
0.030270	0.902851	0.040386	0.355794	8.011867	
0.000377	0.000615	0.762363	0.013786	8.626404	
0.845344	0.848278	0.852498	0.848339	3.254244	
0.000000	0.077246	0.058484	0.300905	9.396105	
0.167542	0.902114	0.041856	0.027968	8.101588	
0.864454	0.060692	0.043941	0.317807	8.052858	
0.002080	0.318221	0.000877	0.039125	9.582703	
0.137683	0.011141	0.822132	0.850170	6.390230	
0.865216	0.955552	0.774915	0.157522	5.215506	
0.002118	0.003738	0.000005	0.000000	9.994243	
0.007571	0.664613	0.040492	0.678003	8.539179	
0.809149	0.380411	0.000017	0.838923	6.589902	
0.953117	0.000019	0.712184	0.011681	7.619422	
0.345671	0.002162	0.000011	0.036219	9.648446	
0.662382	0.022253	0.948887	0.909504	6.356198	
0.014380	0.000004	0.696563	0.016355	9.105960	
