0.649818	0.013745	0.915429	0.014296	7.852745	
0.646147	0.042491	0.000210	0.930156	7.926098	
0.277893	0.000317	0.000030	0.000004	9.585359	
0.300577	0.309935	0.038872	0.014537	9.162172	
0.822739	0.330112	0.044706	0.002211	7.954621	
0.780429	0.913647	0.783887	0.151138	5.173041	
0.152475	0.913042	0.763484	0.791320	5.228084	
0.921515	0.808110	0.815025	0.023982	5.217494	
0.000385	0.002856	0.000000	0.294127	9.598110	
0.001736	0.655169	0.665250	0.682299	7.976222	
0.857861	0.866259	0.137295	0.294620	5.947284	
0.913503	0.147447	0.814170	0.803761	4.937911	
0.654995	0.000084	0.662774	0.683040	7.993284	
0.000006	0.258310	0.262471	0.000132	9.158902	
0.000392	0.000667	0.748522	0.000001	8.728864	
0.762695	0.000382	0.000060	0.000000	8.650795	
0.805730	0.799084	0.895017	0.091758	5.062311	
0.004664	0.913470	0.748369	0.000001	7.186884	
0.003541	0.016970	0.909506	0.648025	7.849797	
0.870078	0.864685	0.861338	0.857525	3.297242	
0.000373	0.011746	0.357623	0.392595	9.534037	
0.858813	0.205625	0.225581	0.852543	5.811494	
0.651932	0.677359	0.664661	0.000331	8.043945	
0.000006	0.001427	0.277811	0.000132	9.581929	
0.000000	0.000000	0.000000	0.000000	10.000023	
0.152541	0.867454	0.000503	0.670052	7.357122	
0.277893	0.011724	0.365593	0.000004	9.410364	
0.921345	0.006740	0.663901	0.019706	7.784818	
0.640580	0.886749	0.015286	0.009002	7.825837	
0.659189	0.666119	0.000783	0.678755	7.983801	
0.000003	0.000311	0.000048	0.762147	8.640725	
0.000139	0.278700	0.000021	0.000032	9.584419	
0.892092	0.829433	0.082540	0.853279	4.860266	
0.191936	0.811350	0.767633	0.922350	5.086402	
0.011711	0.660582	0.924573	0.014592	7.821009	
0.000028	0.301559	0.000000	0.291887	9.210509	
0.000110	0.748620	0.001488	0.000032	8.727825	
0.330748	0.009616	0.001124	0.389747	9.547933	
0.007643	0.024038	0.662774	0.942628	7.896715	
0.018329	0.679349	0.001278	0.960051	7.905099	
0.868858	0.019856	0.019052	0.657023	7.668485	
0.162813	0.195842	0.861837	0.853279	5.941272	
0.892240	0.171608	0.865236	0.249276	5.888353	
0.778109	0.916347	0.059063	0.804577	5.313831	
0.858500	0.205625	0.225581	0.852543	5.821881	
0.331029	0.048789	0.001124	0.294127	9.242308	
0.000139	0.278700	0.000000	0.000000	9.584446	
0.885450	0.171608	0.865236	0.249276	5.942341	
0.892092	0.829433	0.082540	0.853279	4.860266	
0.805730	0.803987	0.895017	0.090776	5.044045	
0.227987	0.000668	0.016585	0.000001	9.562078	
0.277893	0.902465	0.365593	0.826301	6.149264	
0.780429	0.913470	0.801323	0.151138	5.089347	
0.000209	0.654677	0.000000	0.294127	9.071237	
0.025059	0.011328	0.277056	0.144452	9.295421	
0.000139	0.278700	0.653547	0.000032	9.011542	
0.876762	0.202516	0.277056	0.128941	7.299770	
0.870078	0.873942	0.839764	0.857525	3.323574	
0.169792	0.836360	0.801881	0.916439	4.854123	
0.652400	0.886749	0.013020	0.008996	7.749252	
0.276351	0.009634	0.277811	0.000132	9.157929	
0.000110	0.748620	0.000419	0.000032	8.728909	
0.913503	0.147447	0.817080	0.803761	4.928541	
0.822739	0.318209	0.045807	0.002238	7.929170	
0.868858	0.017066	0.018730	0.657023	7.673397	
0.000034	0.011407	0.346945	0.394611	9.506211	
0.766617	0.000382	0.000456	0.000004	8.626985	
0.033435	0.003031	0.018115	0.031081	9.894354	
0.645086	0.056272	0.189755	0.889459	7.369137	
0.891651	0.749349	0.846553	0.264470	4.962777	
0.151658	0.195842	0.871872	0.877918	5.982981	
0.001068	0.000311	0.001554	0.762147	8.638291	
0.874852	0.043404	0.815206	0.795307	5.170791	
0.632995	0.010245	0.915429	0.014296	7.969749	
0.004664	0.913073	0.748369	0.000001	7.249695	
0.152097	0.893735	0.012741	0.791320	6.516978	
0.003541	0.016970	0.903334	0.849452	6.673557	
0.000392	0.000667	0.748522	0.000001	8.728864	
0.228312	0.318209	0.030464	0.000004	9.179307	
0.651932	0.677359	0.664661	0.003960	8.040892	
0.001732	0.031140	0.638212	0.936153	8.024572	
0.000373	0.000386	0.001891	0.392595	9.819176	
0.152541	0.893623	0.799170	0.791320	4.976822	
0.009102	0.659035	0.924573	0.000035	7.850963	
0.167853	0.220652	0.101298	0.842530	7.420819	
0.847878	0.000317	0.000030	0.849941	6.749283	
0.012793	0.024038	0.759056	0.934593	7.231473	
0.300577	0.309935	0.038793	0.014537	9.162592	
0.191273	0.000311	0.787549	0.761948	6.762878	
0.009102	0.659035	0.924573	0.000035	7.850963	
0.913503	0.152708	0.817080	0.803761	4.916962	
0.191936	0.838486	0.767633	0.922350	5.020940	
0.807235	0.799084	0.895017	0.091758	5.051840	
0.853160	0.011724	0.224098	0.000004	8.174073	
0.013287	0.309935	0.017128	0.014537	9.573417	
0.851839	0.873942	0.840985	0.857525	3.457138	
0.000000	0.000000	0.000000	0.006942	9.992863	
0.051147	0.807387	0.186755	0.781801	6.513758	
0.288449	0.891170	0.006634	0.008861	7.924792	
0.908993	0.010074	0.817080	0.023823	6.741791	
