0.858947	0.153558	0.869925	0.172197	5.970347	
0.911062	0.840912	0.837779	0.029301	5.028818	
0.014510	0.631274	0.916509	0.000143	7.998671	
0.673420	0.665487	0.650695	0.000007	8.135232	
0.317334	0.288646	0.005688	0.013568	9.224076	
0.846204	0.218667	0.829681	0.792642	4.778636	
0.738760	0.000062	0.005703	0.000000	8.816439	
0.099596	0.928837	0.793702	0.800914	5.220933	
0.000119	0.333576	0.000138	0.331801	9.333176	
0.000551	0.001669	0.000138	0.295471	9.623918	
0.003565	0.664262	0.650922	0.660210	8.176486	
0.778934	0.121214	0.785647	0.914760	5.245515	
0.907786	0.008068	0.659231	0.010084	7.767542	
0.000304	0.000093	0.276622	0.000000	9.585976	
0.003149	0.005495	0.000101	0.759289	8.694095	
0.766228	0.158515	0.861580	0.836583	4.938600	
0.290950	0.002005	0.000189	0.002127	9.603852	
0.839500	0.864427	0.834814	0.846038	3.276431	
0.000000	0.000000	0.000000	0.000000	10.005729	
0.659602	0.006424	0.659879	0.666261	8.102415	
0.010108	0.020829	0.904056	0.642288	7.862556	
0.670269	0.669866	0.000051	0.660133	8.000390	
0.000005	0.749627	0.000000	0.000001	8.727935	
0.024539	0.897641	0.027930	0.641293	7.810774	
0.822707	0.793979	0.935353	0.135386	5.171256	
0.000304	0.000093	0.756889	0.000000	8.682247	
0.000551	0.288646	0.000138	0.000132	9.602216	
0.326377	0.014672	0.290337	0.000186	9.237927	
0.787352	0.897617	0.096685	0.788163	5.185532	
0.001437	0.000123	0.277834	0.356880	9.328536	
0.011068	0.796964	0.917261	0.824181	5.256557	
0.798076	0.834523	0.100611	0.890765	4.973614	
0.648020	0.886445	0.010081	0.001871	7.819796	
0.911362	0.767051	0.249838	0.807033	5.010506	
0.291858	0.000053	0.015424	0.326438	9.234202	
0.037297	0.906753	0.345303	0.001412	8.038724	
0.000257	0.029360	0.642050	0.927729	7.956996	
0.000038	0.288348	0.349344	0.006888	9.289339	
0.001528	0.618604	0.041360	0.921133	8.052173	
0.208822	0.882036	0.288223	0.895724	5.882238	
0.634858	0.002968	0.037210	0.921922	7.962025	
0.688823	0.022504	0.899340	0.004462	7.550580	
0.874023	0.005178	0.006546	0.347942	8.006395	
0.791317	0.894926	0.786487	0.153770	5.042506	
0.886269	0.298830	0.041812	0.007756	7.876715	
0.890210	0.886546	0.198985	0.161682	5.975004	
0.911088	0.764906	0.249838	0.807033	5.022204	
0.754780	0.000313	0.000258	0.000000	8.689506	
0.014331	0.631274	0.916509	0.000080	8.010081	
0.003149	0.005495	0.009721	0.759272	8.718370	
0.687485	0.022504	0.899340	0.004462	7.618555	
0.011068	0.796964	0.917261	0.824930	5.254053	
0.907786	0.004231	0.659231	0.000434	7.782722	
0.014566	0.906753	0.345303	0.001412	8.072947	
0.008597	0.015458	0.000035	0.003487	9.970317	
0.001565	0.132258	0.336804	0.026821	9.388292	
0.373334	0.890804	0.293327	0.008311	7.745445	
0.659178	0.002968	0.034136	0.915281	7.895043	
0.791819	0.121214	0.785647	0.914760	5.184197	
0.000294	0.309210	0.031108	0.330179	9.242894	
0.911464	0.843064	0.744356	0.002945	5.490925	
0.001661	0.006424	0.650896	0.660119	8.819850	
0.000038	0.288292	0.351794	0.001823	9.302983	
0.022468	0.667436	0.000000	0.000008	9.306201	
0.836437	0.796964	0.849162	0.846038	3.427743	
0.097947	0.910517	0.006544	0.803208	6.656119	
0.000567	0.000561	0.000204	0.285936	9.603303	
0.798076	0.835183	0.100592	0.890320	4.971279	
0.911337	0.843057	0.837779	0.029301	5.022501	
0.839500	0.864427	0.036679	0.846038	4.897557	
0.838991	0.009255	0.889270	0.846038	5.005116	
0.847096	0.886546	0.200703	0.174841	5.941039	
0.217176	0.852281	0.289168	0.895629	5.886463	
0.000304	0.000093	0.743871	0.000000	8.766603	
0.317334	0.288646	0.000189	0.013568	9.229111	
0.302599	0.016658	0.000189	0.002127	9.602199	
0.291858	0.000053	0.791389	0.326438	7.732007	
0.099596	0.910517	0.785538	0.803208	5.166854	
0.858947	0.153558	0.869925	0.177754	5.960030	
0.000106	0.029360	0.642050	0.927729	7.958195	
0.291858	0.000053	0.024766	0.326438	9.225247	
0.017430	0.670515	0.001905	0.921141	7.740776	
0.839610	0.778064	0.900895	0.108900	5.048947	
0.886269	0.288646	0.041812	0.013568	7.858005	
0.679552	0.664278	0.008203	0.669452	7.963673	
0.005258	0.779004	0.912804	0.825145	5.449609	
0.000551	0.288646	0.000138	0.004234	9.599895	
0.791317	0.894926	0.786779	0.155705	5.036445	
0.324278	0.000093	0.290337	0.010155	9.240177	
0.659602	0.006424	0.659023	0.666261	8.107993	
0.863178	0.218667	0.076661	0.792642	6.244463	
0.003020	0.000058	0.278073	0.027271	9.625870	
0.000551	0.288646	0.000138	0.331801	9.266158	
0.161296	0.928837	0.781696	0.807124	5.208665	
0.658294	0.013225	0.000051	0.717353	8.334646	
0.150762	0.852281	0.289168	0.895629	6.075130	
0.291858	0.010569	0.015424	0.326438	9.232346	
0.841060	0.779004	0.844705	0.846252	3.632983	
0.792361	0.857485	0.800350	0.150083	4.923842	
0.798076	0.835183	0.100592	0.070567	6.560859	
