0.866884	0.845238	0.856038	0.843459	3.296927	
0.883580	0.829588	0.755296	0.138286	5.086785	
0.301700	0.257053	0.025982	0.001039	9.150729	
0.633849	0.000448	0.000032	0.938045	8.106253	
0.013955	0.857979	0.003707	0.644657	7.779238	
0.000040	0.012500	0.317410	0.328939	9.280312	
0.794367	0.946906	0.081040	0.840997	5.246733	
0.667779	0.024681	0.935958	0.031632	7.787476	
0.034284	0.311367	0.334270	0.001696	9.262595	
0.800611	0.130409	0.782705	0.905043	5.096247	
0.029770	0.021011	0.666890	0.932625	7.783583	
0.228629	0.161722	0.854732	0.845266	5.882081	
0.845535	0.229670	0.856021	0.150359	5.904191	
0.837565	0.905280	0.794440	0.133427	4.948508	
0.670463	0.000286	0.664220	0.664752	8.006473	
0.669620	0.674086	0.000105	0.669154	7.906797	
0.934254	0.027318	0.656160	0.006834	7.891925	
0.646199	0.872629	0.000077	0.000000	7.792273	
0.884860	0.031062	0.004924	0.637891	7.850979	
0.000334	0.000495	0.292084	0.000040	9.597554	
0.000011	0.000023	0.000000	0.754247	8.692151	
0.001284	0.761677	0.000077	0.000000	8.660521	
0.029732	0.874145	0.356238	0.047272	7.932241	
0.277527	0.000171	0.000914	0.000062	9.583629	
0.000000	0.000000	0.000000	0.000000	10.001819	
0.952959	0.677251	0.001924	0.027973	7.858951	
0.029532	0.665818	0.940899	0.000001	7.864727	
0.293547	0.001742	0.323039	0.004260	9.239772	
0.021854	0.033347	0.921853	0.632713	7.956304	
0.925140	0.161789	0.854782	0.857437	4.855800	
0.001798	0.333000	0.006084	0.351801	9.368367	
0.004232	0.001533	0.000085	0.296585	9.811495	
0.766776	0.791008	0.156243	0.935586	5.313384	
0.001285	0.296560	0.000077	0.003039	9.610833	
0.671690	0.666398	0.657561	0.000063	8.046436	
0.000006	0.000420	0.759258	0.000008	8.670224	
0.948696	0.802741	0.061812	0.841165	5.263386	
0.113690	0.889126	0.784698	0.786604	5.143059	
0.768936	0.000006	0.003107	0.000157	8.597755	
0.029383	0.671784	0.004470	0.921659	7.713859	
0.280838	0.010954	0.050510	0.339625	9.183437	
0.001329	0.680695	0.676926	0.650390	7.938270	
0.112601	0.825524	0.882125	0.906227	4.951545	
0.837479	0.828755	0.837182	0.841123	3.316602	
0.001467	0.011416	0.306051	0.351738	9.312063	
0.029532	0.665853	0.940899	0.000001	7.864492	
0.104406	0.011990	0.801967	0.869186	6.537799	
0.823771	0.844182	0.928271	0.032004	5.124254	
0.861988	0.802741	0.050210	0.841165	5.474426	
0.671053	0.024681	0.935921	0.031632	7.763395	
0.673494	0.000105	0.000032	0.938045	7.948201	
0.000107	0.000742	0.757704	0.000002	8.677953	
0.228629	0.181807	0.855350	0.845314	5.844437	
0.838090	0.833437	0.855335	0.143524	4.735472	
0.277529	0.287368	0.292830	0.000000	8.809908	
0.014177	0.315040	0.005021	0.339630	9.293190	
0.002231	0.287389	0.002149	0.001020	9.592184	
0.117829	0.826648	0.882125	0.792986	4.929777	
0.800612	0.129121	0.782705	0.905043	5.101753	
0.031294	0.000011	0.004421	0.345130	9.650227	
0.858594	0.822048	0.802605	0.137422	4.857270	
0.948696	0.802741	0.057571	0.841165	5.272041	
0.866619	0.031062	0.004924	0.624348	7.898141	
0.013955	0.658110	0.004955	0.792969	7.847245	
0.118076	0.814341	0.854732	0.845266	4.786503	
0.002157	0.132767	0.009399	0.854347	8.037856	
0.837565	0.905280	0.080806	0.840997	4.899749	
0.001285	0.761677	0.000077	0.000000	8.645883	
0.256515	0.296560	0.002230	0.003039	9.201107	
0.002231	0.035933	0.047322	0.001040	9.882149	
0.013955	0.857979	0.003707	0.325259	7.938995	
0.952959	0.677251	0.001924	0.003701	7.890384	
0.284972	0.001742	0.323514	0.006246	9.228981	
0.768936	0.000472	0.003107	0.000002	8.597471	
0.805425	0.797395	0.091841	0.907642	5.107322	
0.273869	0.000229	0.049567	0.345130	9.202710	
0.005744	0.864456	0.356238	0.047214	7.963884	
0.104420	0.882449	0.784698	0.793502	5.118885	
0.000334	0.022144	0.292228	0.028259	9.535447	
0.277529	0.000000	0.000077	0.000002	9.584202	
0.646199	0.872594	0.000077	0.000000	7.792304	
0.676252	0.000105	0.864985	0.864066	5.949137	
0.845535	0.174420	0.854782	0.150359	5.977215	
0.260238	0.000011	0.860588	0.345130	7.575551	
0.117903	0.828779	0.882125	0.789178	4.943211	
0.636333	0.872594	0.000077	0.002984	7.971909	
0.802526	0.166866	0.880011	0.845314	4.736853	
0.260238	0.000011	0.860588	0.345130	7.575551	
0.114854	0.296560	0.000077	0.003039	9.408169	
0.838147	0.843836	0.784736	0.144478	4.876764	
0.004188	0.011170	0.318684	0.034028	9.577194	
0.952959	0.005846	0.003052	0.003722	8.627740	
0.837565	0.905280	0.080806	0.626830	6.213261	
0.850706	0.008136	0.007698	0.634784	8.011377	
0.293547	0.001742	0.323039	0.000108	9.407444	
0.000107	0.000742	0.750765	0.000031	8.728849	
0.823771	0.811662	0.943098	0.032004	5.293773	
0.033375	0.671784	0.004470	0.921659	7.707695	
0.837479	0.037172	0.837182	0.841123	5.091258	
0.024914	0.833437	0.855335	0.143524	6.378144	
