0.836737	0.650679	0.034728	0.096989	7.556009	
0.860091	0.217579	0.136768	0.873606	5.946140	
0.318033	0.876204	0.054417	0.018583	7.853412	
0.670144	0.002424	0.670240	0.664614	7.969292	
0.878813	0.217561	0.797346	0.755469	5.052127	
0.774906	0.003097	0.002308	0.000273	8.657501	
0.332531	0.288222	0.000777	0.000251	9.261103	
0.290012	0.021283	0.296526	0.000274	9.175400	
0.004040	0.000063	0.001016	0.760539	8.780883	
0.666108	0.669126	0.665864	0.003317	8.112325	
0.020400	0.026344	0.648313	0.874506	7.722946	
0.000104	0.000063	0.001910	0.293322	9.626665	
0.779833	0.829307	0.935116	0.154007	5.101264	
0.006176	0.341860	0.000479	0.319135	9.320755	
0.862282	0.861839	0.192423	0.154301	5.931709	
0.114586	0.914744	0.773663	0.800594	5.258284	
0.833997	0.928144	0.829821	0.082507	5.039676	
0.810660	0.774966	0.133117	0.928768	5.202704	
0.261395	0.908378	0.900794	0.153813	6.044376	
0.785999	0.135406	0.911092	0.801491	5.085855	
0.685163	0.660380	0.000000	0.661683	7.959235	
0.162697	0.829504	0.794177	0.917071	4.942394	
0.870287	0.007428	0.001929	0.627933	7.901230	
0.291234	0.002037	0.000000	0.000000	9.596264	
0.662986	0.011047	0.938299	0.039528	7.845033	
0.000000	0.000000	0.000000	0.000000	10.000238	
0.001628	0.285286	0.000200	0.853092	7.898367	
0.015813	0.312703	0.296208	0.019579	9.189932	
0.000000	0.000545	0.296526	0.000051	9.606551	
0.294736	0.872282	0.296472	0.922252	5.977865	
0.881374	0.813222	0.769301	0.178637	4.984909	
0.884374	0.043298	0.650342	0.038290	7.681039	
0.000146	0.763654	0.000000	0.000041	8.633237	
0.049304	0.888956	0.663369	0.001628	7.629045	
0.779297	0.919486	0.124130	0.808803	5.155393	
0.001552	0.002334	0.760631	0.000032	8.652505	
0.000316	0.043796	0.907410	0.627519	7.935539	
0.000193	0.289169	0.000000	0.000251	9.597688	
0.006004	0.285286	0.926358	0.000259	8.066124	
0.059784	0.828966	0.912406	0.813247	5.068586	
0.307524	0.029747	0.000493	0.351551	9.289163	
0.789403	0.217579	0.802688	0.916467	4.944476	
0.000000	0.000752	0.290532	0.349120	9.301801	
0.005797	0.665329	0.659432	0.668355	8.044188	
0.022611	0.877430	0.038672	0.632482	7.810485	
0.670144	0.019972	0.045527	0.920850	7.675444	
0.855083	0.842437	0.859159	0.833689	3.266167	
0.006092	0.000702	0.000000	0.005172	9.990478	
0.285518	0.876204	0.055070	0.018583	7.806441	
0.810660	0.764162	0.140809	0.928768	5.245447	
0.836737	0.281788	0.001181	0.096989	7.797696	
0.685163	0.060159	0.005940	0.657180	8.553686	
0.079782	0.914744	0.856015	0.800594	5.038080	
0.026032	0.053029	0.900794	0.627519	7.863220	
0.849984	0.271232	0.850709	0.052376	6.124867	
0.860091	0.217579	0.141244	0.850302	5.939534	
0.666108	0.674619	0.665864	0.003203	7.971598	
0.144092	0.856079	0.770319	0.283854	6.360436	
0.877695	0.229675	0.785181	0.855257	4.769422	
0.881374	0.814396	0.888794	0.178637	4.706258	
0.779833	0.859864	0.935116	0.154301	5.065424	
0.000193	0.285286	0.000200	0.000259	9.590965	
0.855083	0.842437	0.853536	0.833689	3.267514	
0.016891	0.018650	0.649188	0.849827	7.729914	
0.144092	0.857254	0.889812	0.283854	5.963083	
0.162697	0.829504	0.776078	0.917071	5.048375	
0.000000	0.837512	0.000205	0.000000	8.392957	
0.022611	0.878046	0.038682	0.648029	7.707805	
0.785999	0.091176	0.911092	0.801491	5.190320	
0.806944	0.919486	0.124130	0.808803	5.026018	
0.823995	0.087877	0.911092	0.801491	5.052375	
0.001629	0.001849	0.760631	0.000161	8.713259	
0.042204	0.651387	0.900794	0.634400	7.316232	
0.000182	0.309321	0.038817	0.319144	9.207259	
0.332531	0.288222	0.030310	0.000251	9.223111	
0.046059	0.860882	0.941823	0.024071	6.781583	
0.056509	0.843430	0.912406	0.813247	5.045019	
0.670144	0.019918	0.045527	0.767844	7.907806	
0.833997	0.928144	0.829821	0.146119	4.890560	
0.774906	0.003097	0.002312	0.000273	8.656314	
0.690883	0.654168	0.042920	0.776779	7.213692	
0.810356	0.217579	0.802051	0.916467	4.858501	
0.862282	0.861839	0.195832	0.275379	5.813097	
0.000000	0.312703	0.296208	0.000274	9.233577	
0.000000	0.000554	0.296526	0.000274	9.606448	
0.814871	0.000642	0.148746	0.293322	7.739382	
0.005352	0.000063	0.001866	0.293322	9.620700	
0.286171	0.001213	0.001861	0.000011	9.589228	
0.000193	0.285286	0.000200	0.853092	7.899742	
0.283094	0.001775	0.839401	0.004923	7.935971	
0.006794	0.000063	0.001751	0.767393	8.741657	
0.285718	0.163097	0.332034	0.008008	8.957885	
0.000000	0.043003	0.270620	0.344636	9.214737	
0.697334	0.001213	0.001861	0.000011	9.101813	
0.283094	0.003137	0.798200	0.757304	6.863219	
0.881374	0.814118	0.775954	0.178637	4.972172	
0.847423	0.644247	0.207128	0.148831	7.112842	
0.670144	0.019972	0.923200	0.157791	7.483591	
0.024333	0.217579	0.141494	0.320562	9.030631	
0.001380	0.316234	0.286854	0.001520	9.228855	
