0.312945	0.210866	0.041088	0.007517	9.163474	
0.104354	0.872561	0.782072	0.928490	5.143863	
0.659216	0.001497	0.944076	0.009630	7.963265	
0.009173	0.963449	0.039678	0.670450	7.954517	
0.853742	0.865340	0.198640	0.855544	4.537816	
0.000001	0.000000	0.771226	0.000021	8.648883	
0.797666	0.789357	0.898731	0.215931	4.903727	
0.660791	0.023504	0.004436	0.937903	7.891404	
0.143486	0.863426	0.858119	0.178283	5.977817	
0.034900	0.659464	0.919843	0.019091	7.767270	
0.846509	0.910673	0.177330	0.763955	5.001278	
0.035129	0.028711	0.933290	0.652002	7.873684	
0.288654	0.000210	0.014956	0.275821	9.160872	
0.021077	0.925119	0.644844	0.019679	7.943061	
0.891550	0.129224	0.826535	0.765822	5.068816	
0.000000	0.000000	0.000000	0.000000	10.003068	
0.086280	0.804543	0.898731	0.801553	5.079187	
0.928417	0.638500	0.036116	0.055258	7.891104	
0.203669	0.167078	0.846023	0.853594	5.893763	
0.033124	0.311744	0.019361	0.296022	9.161987	
0.016214	0.638497	0.021533	0.932459	8.001518	
0.772524	0.007562	0.000149	0.001244	8.822372	
0.657397	0.949388	0.022127	0.025249	7.959418	
0.000142	0.000020	0.000485	0.296022	9.603374	
0.855257	0.865340	0.846453	0.093437	4.895836	
0.899323	0.801042	0.780901	0.212944	4.963715	
0.000477	0.000249	0.306320	0.001180	9.647902	
0.000122	0.663672	0.673666	0.664204	7.993623	
0.921456	0.023276	0.003593	0.652465	7.865644	
0.309552	0.000599	0.006155	0.000880	9.626891	
0.013371	0.018898	0.662606	0.921833	7.797420	
0.923090	0.790363	0.152863	0.768777	5.245733	
0.661674	0.685573	0.000000	0.673857	8.037283	
0.000002	0.304897	0.000073	0.000002	9.680348	
0.878801	0.001258	0.618379	0.040415	7.928825	
0.665021	0.000221	0.669594	0.667991	7.983875	
0.000121	0.001619	0.000006	0.764536	8.693447	
0.000000	0.765973	0.000072	0.000000	8.683449	
0.000902	0.318027	0.330088	0.002274	9.419846	
0.899344	0.903230	0.126597	0.219127	6.099015	
0.309376	0.000158	0.358234	0.000001	9.348067	
0.665021	0.679833	0.666940	0.011015	7.908661	
0.156828	0.960542	0.820015	0.768016	5.352496	
0.777928	0.092740	0.782072	0.928262	5.410701	
0.855257	0.850236	0.846453	0.854692	3.243053	
0.001771	0.032078	0.350108	0.300412	9.270192	
0.894991	0.907494	0.859923	0.230910	4.643003	
0.154692	0.866611	0.850830	0.940011	4.873705	
0.000000	0.765973	0.000000	0.000000	8.684380	
0.841785	0.910143	0.177330	0.786471	5.344805	
0.782398	0.789357	0.896661	0.246345	4.977626	
0.665021	0.679739	0.658233	0.011015	8.171689	
0.853742	0.865340	0.196585	0.859854	4.600186	
0.000187	0.000020	0.001751	0.296022	9.601776	
0.155609	0.167078	0.846023	0.853594	6.007680	
0.813111	0.090215	0.782072	0.926204	5.239161	
0.000075	0.004876	0.347669	0.291562	9.292479	
0.000143	0.656896	0.673666	0.664204	8.041992	
0.154267	0.948769	0.857958	0.822252	4.971122	
0.309235	0.166610	0.853488	0.853594	5.905362	
0.927089	0.159597	0.036116	0.049951	8.047286	
0.023680	0.303687	0.019361	0.296022	9.165770	
0.008140	0.963449	0.026584	0.672180	7.965557	
0.000010	0.002288	0.302181	0.000004	9.652137	
0.923090	0.790363	0.153460	0.768777	5.244484	
0.295818	0.001814	0.000365	0.001876	9.670962	
0.040297	0.787886	0.896269	0.002233	7.334354	
0.891550	0.116648	0.826535	0.765822	5.098965	
0.154267	0.863426	0.858119	0.178283	5.953814	
0.199832	0.210866	0.041259	0.003465	9.148710	
0.853158	0.865483	0.846453	0.855544	3.240045	
0.000003	0.000000	0.759919	0.001588	8.653776	
0.002073	0.637951	0.021533	0.932459	8.020416	
0.660791	0.000428	0.017182	0.906705	7.756026	
0.021077	0.308226	0.644844	0.019679	9.086306	
0.681860	0.639559	0.035522	0.052069	8.675518	
0.083569	0.238452	0.019953	0.793396	7.928167	
0.948938	0.023276	0.003593	0.623912	8.238451	
0.310827	0.210866	0.041088	0.604360	9.049762	
0.867879	0.159048	0.913885	0.215119	6.015461	
0.662122	0.949917	0.022127	0.045253	7.896000	
0.019367	0.028711	0.933290	0.652002	7.897200	
0.000000	0.039423	0.000000	0.000000	9.948875	
0.928417	0.638020	0.035544	0.055258	7.895496	
0.911788	0.902443	0.168577	0.200817	6.082426	
0.021077	0.925119	0.644844	0.004591	7.968621	
0.878933	0.001206	0.618380	0.037820	7.934468	
0.846509	0.910673	0.177330	0.793346	4.840705	
0.181687	0.789824	0.883957	0.791004	4.937713	
0.312945	0.209318	0.689571	0.044260	8.426086	
0.000000	0.634291	0.020726	0.000000	9.755633	
0.199832	0.005967	0.041259	0.010049	9.539194	
0.000000	0.002288	0.302181	0.000004	9.686332	
0.021077	0.951395	0.643832	0.755945	6.813080	
0.661674	0.011408	0.651152	0.046217	9.052344	
0.000075	0.001783	0.005229	0.291562	9.739688	
0.000000	0.028371	0.000072	0.000000	9.966307	
0.862565	0.238452	0.582652	0.045131	7.701584	
0.974520	0.792956	0.153875	0.025986	6.927944	
0.894991	0.907494	0.859923	0.221016	4.651905	
