0.000006	0.000000	0.000000	0.000002	10.126843	
0.806290	0.782529	0.108310	0.922261	5.206956	
0.907204	0.094701	0.783668	0.787965	5.253730	
0.296609	0.000659	0.291480	0.000121	9.209773	
0.158136	0.860602	0.860639	0.148988	6.015922	
0.815298	0.799321	0.979638	0.203107	5.273782	
0.854213	0.185779	0.133567	0.868132	5.997817	
0.151893	0.758130	0.790557	0.869985	5.174619	
0.785755	0.930434	0.146954	0.837303	5.088186	
0.831662	0.910373	0.826758	0.003381	5.099765	
0.340912	0.009339	0.000009	0.345046	9.382717	
0.000143	0.000923	0.789867	0.000292	8.744864	
0.000109	0.770428	0.000000	0.000002	8.725198	
0.857980	0.160992	0.864104	0.177179	5.953461	
0.000001	0.000062	0.000009	0.758323	8.685343	
0.913972	0.654821	0.000045	0.011679	7.837999	
0.000608	0.230304	0.000092	0.336953	9.263098	
0.643946	0.658014	0.001556	0.685794	8.098839	
0.837755	0.891024	0.869962	0.849791	3.357698	
0.000004	0.331447	0.343163	0.001816	9.363621	
0.666061	0.007424	0.676068	0.875566	7.056464	
0.000013	0.009562	0.357972	0.340703	9.410351	
0.000142	0.666876	0.659998	0.663365	8.083503	
0.035810	0.660886	0.003564	0.930837	7.842209	
0.000004	0.000000	0.000200	0.291451	9.609478	
0.832388	0.186549	0.893982	0.845326	4.645497	
0.833448	0.000000	0.002794	0.292443	7.941780	
0.685097	0.971054	0.117843	0.034058	7.715385	
0.112009	0.907002	0.802502	0.791026	5.112502	
0.006302	0.292627	0.000111	0.000016	9.601923	
0.000240	0.665847	0.955242	0.000536	8.032597	
0.915049	0.787263	0.127509	0.769749	5.286461	
0.757371	0.001276	0.000014	0.000060	8.775419	
0.004508	0.035261	0.647838	0.880030	7.751008	
0.014077	0.010086	0.926614	0.666086	7.813707	
0.000542	0.957077	0.672988	0.008698	7.962287	
0.656929	0.009989	0.924906	0.003028	7.877194	
0.831662	0.852347	0.826758	0.016686	4.984271	
0.302858	0.919226	0.133567	0.865783	6.117812	
0.674413	0.001848	0.005763	0.939825	7.837778	
0.905716	0.021941	0.694480	0.022989	7.497325	
0.785045	0.071514	0.790638	0.909572	5.293450	
0.000006	0.001471	0.291931	0.000002	9.606778	
0.342947	0.295097	0.005950	0.000100	9.323965	
0.672639	0.663300	0.659173	0.001691	8.045022	
0.294381	0.000585	0.001731	0.000121	9.608675	
0.012521	0.953726	0.006743	0.660744	8.010930	
0.673168	0.663291	0.669884	0.015390	7.947651	
0.296521	0.296488	0.005950	0.000100	9.243127	
0.240466	0.854177	0.294057	0.879990	5.849387	
0.001042	0.957702	0.006743	0.173640	8.375080	
0.854213	0.906693	0.133567	0.865783	4.768036	
0.000143	0.230304	0.000092	0.340805	9.928210	
0.000004	0.000000	0.863999	0.294514	7.921320	
0.041134	0.773051	0.854054	0.126440	6.599787	
0.000240	0.669585	0.703367	0.000231	8.387612	
0.657366	0.005861	0.909659	0.037804	7.765911	
0.014798	0.116013	0.001064	0.000060	9.836713	
0.817540	0.782130	0.108310	0.922261	5.170529	
0.296351	0.022953	0.091313	0.247320	9.010315	
0.777200	0.292627	0.000111	0.205905	7.766008	
0.833448	0.000035	0.022859	0.694149	7.459275	
0.007753	0.022895	0.006540	0.247320	9.543775	
0.305417	0.291035	0.027492	0.854332	7.526455	
0.857829	0.160992	0.869901	0.177179	5.961646	
0.070728	0.000733	0.694498	0.682647	8.273298	
0.016845	0.658236	0.647838	0.844872	7.167704	
0.000542	0.942691	0.677291	0.008803	7.835942	
0.158136	0.861323	0.860639	0.162040	5.987560	
0.035737	0.663857	0.003564	0.930837	7.820215	
0.296609	0.000585	0.000116	0.000029	9.647911	
0.139129	0.899422	0.803563	0.791026	5.013849	
0.001175	0.953726	0.000184	0.658830	8.041202	
0.296609	0.975530	0.000116	0.000029	8.420215	
0.856322	0.903461	0.865247	0.852188	3.318742	
0.757571	0.001277	0.001064	0.000060	8.748209	
0.831662	0.910373	0.826758	0.003381	5.099765	
0.000006	0.011036	0.006493	0.848245	8.309759	
0.151497	0.014520	0.627192	0.053538	9.313988	
0.166172	0.901589	0.803563	0.890135	4.825492	
0.003983	0.001471	0.291931	0.000001	9.604349	
0.006686	0.140848	0.308573	0.865783	7.656119	
0.672932	0.203518	0.660084	0.014782	8.555887	
0.853850	0.773491	0.875495	0.163847	4.928361	
0.808118	0.019491	0.647838	0.838494	6.212248	
0.006302	0.279839	0.001274	0.000253	9.592258	
0.854213	0.140848	0.292725	0.865783	5.947156	
0.901752	0.007424	0.864948	0.852188	4.997875	
0.677716	0.772254	0.005763	0.925055	6.317178	
0.905716	0.001103	0.694480	0.022989	7.523076	
0.794248	0.000923	0.779244	0.848973	5.574401	
0.002657	0.281005	0.722232	0.053538	8.587104	
0.000006	0.000000	0.000000	0.000002	10.126843	
0.000025	0.230304	0.000155	0.343370	9.281439	
0.004508	0.019491	0.647838	0.871940	7.761301	
0.000814	0.669830	0.011643	0.016254	9.347259	
0.816023	0.782130	0.108977	0.919847	5.171767	
0.296609	0.030058	0.128255	0.006747	9.321956	
0.917466	0.094701	0.780146	0.090542	6.980753	
0.646793	0.951392	0.000173	0.621891	7.862566	
