0.851881	0.212715	0.213598	0.428443	
0.196951	0.783095	0.590639	0.000001	
0.858572	0.512866	0.000003	0.000000	
0.000000	0.516571	0.870426	0.004065	
0.948979	0.316398	0.000120	0.000001	
0.183037	0.910641	0.372928	0.000016	
0.856821	0.426284	0.208698	0.214701	
0.853766	0.212437	0.426000	0.211285	
0.000000	0.990189	0.000003	0.141488	
0.000000	0.000000	0.000000	1.004557	
0.000461	0.815387	0.410683	0.410842	
0.706963	0.234494	0.471815	0.472103	
0.139750	0.000007	0.990274	0.000000	
0.817729	0.407048	0.000608	0.408329	
0.640828	0.638383	0.000010	0.426763	
0.426880	0.640632	0.000001	0.640036	
0.000006	0.640402	0.641031	0.423227	
0.408557	0.817079	0.000004	0.406967	
0.474567	0.470229	0.235452	0.707054	
0.783379	0.000107	0.588269	0.200868	
0.368713	0.913671	0.183297	0.000009	
0.000000	0.000002	0.856530	0.516231	
0.005244	0.410670	0.408456	0.815556	
0.644656	0.642191	0.427665	0.000076	
0.708213	0.000004	0.000002	0.706309	
0.707206	0.707239	0.000170	0.000002	
0.427595	0.000013	0.638233	0.640490	
0.913303	0.000003	0.364950	0.182322	
0.427552	0.640439	0.639366	0.000001	
0.990102	0.000028	0.141640	0.000194	
0.212592	0.851350	0.221158	0.427339	
0.587499	0.785509	0.000016	0.195283	
0.912443	0.184217	0.365566	0.000083	
0.913342	0.000019	0.180875	0.365378	
0.236987	0.471516	0.471602	0.706581	
0.212317	0.208908	0.853224	0.428351	
0.671144	0.671242	0.224188	0.221759	
0.000296	0.639432	0.425725	0.641241	
0.000000	1.001092	0.000000	0.000000	
0.588820	0.196193	0.784293	0.000000	
0.407631	0.819787	0.408427	0.000016	
0.192923	0.785128	0.000001	0.589299	
0.212795	0.212307	0.424958	0.854520	
0.163039	0.162550	0.973162	0.000000	
0.639798	0.000015	0.639182	0.426868	
0.182440	0.364726	0.913232	0.000000	
0.707879	0.000013	0.706429	0.000005	
0.000000	0.197126	0.784375	0.588881	
0.473223	0.705938	0.236226	0.471382	
0.226938	0.672217	0.222149	0.669408	
0.973396	0.160868	0.000033	0.164134	
0.000002	0.948715	0.000516	0.316585	
0.593419	0.000147	0.200210	0.791278	
0.479903	0.239156	0.700606	0.472179	
0.913148	0.364546	0.000016	0.183515	
0.796395	0.589367	0.198075	0.000025	
0.181799	0.913173	0.000015	0.366462	
0.708525	0.469847	0.237464	0.470468	
0.425166	0.213843	0.853471	0.213212	
0.000000	0.196409	0.589019	0.784304	
0.000297	0.000021	0.948538	0.316916	
0.427376	0.853059	0.210535	0.213533	
0.785380	0.197090	0.587083	0.000008	
0.182473	0.000000	0.364569	0.913254	
0.789266	0.593978	0.000405	0.196925	
0.316374	0.000002	0.000001	0.954911	
0.213003	0.425651	0.853574	0.213238	
0.165321	0.973236	0.000001	0.161463	
0.000002	0.313731	0.000002	0.949555	
0.000000	0.366341	0.913861	0.182373	
0.365927	0.001762	0.912841	0.182169	
0.427985	0.210265	0.211629	0.853228	
0.628138	0.430338	0.650302	0.000000	
0.000195	0.425196	0.639066	0.641006	
0.366263	0.182318	0.000005	0.912551	
0.000000	0.139760	0.990346	0.000000	
0.912763	0.365028	0.183958	0.000000	
0.400887	0.000003	0.818521	0.411799	
0.000002	0.912891	0.182185	0.365376	
0.002989	0.163365	0.169886	0.972028	
0.313373	0.000007	0.951322	0.000000	
0.514136	0.000034	0.000001	0.857835	
0.589010	0.194508	0.000004	0.784536	
0.000084	0.315214	0.949298	0.000000	
0.162712	0.162223	0.000082	0.973360	
0.143496	0.000121	0.000974	0.992037	
0.000002	0.000008	0.317515	0.948318	
0.857541	0.000017	0.000001	0.515198	
0.588771	0.000078	0.784011	0.197080	
0.786297	0.000001	0.194993	0.586973	
0.367418	0.000024	0.180395	0.913336	
0.225082	0.670829	0.670981	0.222144	
0.000006	0.990085	0.141272	0.000000	
0.634866	0.000037	0.422705	0.646952	
0.641733	0.428109	0.000068	0.642602	
0.161467	0.000040	0.973677	0.162841	
0.163888	0.972768	0.164777	0.000008	
0.476263	0.705789	0.472468	0.230522	
0.973622	0.000517	0.161014	0.162028	
0.817419	0.407541	0.407272	0.000535	
0.000003	0.407868	0.816882	0.408142	
0.514201	0.000011	0.857964	0.000005	
0.236553	0.469875	0.708371	0.470683	
0.000003	0.586435	0.786368	0.195588	
0.671170	0.222914	0.670407	0.225235	
0.213280	0.426203	0.212382	0.853152	
0.921365	0.183226	0.000039	0.369672	
0.000101	0.856138	0.000010	0.516841	
0.990077	0.000000	0.000004	0.141326	
0.973361	0.163189	0.161964	0.000024	
0.187296	0.186867	0.186031	0.946376	
0.316768	0.948562	0.000038	0.000001	
0.195626	0.585874	0.000002	0.786679	
0.000747	0.183629	0.369004	0.911158	
0.000326	0.861444	0.512448	0.000003	
0.196719	0.589153	0.784173	0.000000	
0.000006	0.780205	0.594275	0.195464	
0.364893	0.182282	0.913391	0.000002	
0.407481	0.407711	0.000004	0.817272	
0.189832	0.186664	0.945232	0.189178	
0.000655	0.974200	0.161196	0.162615	
0.000271	0.000189	0.516561	0.861027	
0.784730	0.196095	0.000014	0.589697	
0.188492	0.945471	0.188268	0.188165	
0.000000	0.000002	0.706737	0.707744	
0.237468	0.706575	0.471197	0.472081	
0.183225	0.000003	0.914139	0.364214	
0.000454	0.704820	0.711684	0.000008	
0.000001	0.161453	0.973593	0.162827	
0.948803	0.000009	0.000003	0.316459	
0.000036	0.181781	0.912847	0.365785	
0.161591	0.000038	0.161791	0.974102	
0.860729	0.000020	0.510903	0.007338	
0.183200	0.365986	0.000069	0.912737	
0.944464	0.189534	0.188680	0.191876	
0.000026	0.587344	0.195797	0.785402	
1.000621	0.000003	0.000000	0.000000	
0.708079	0.472127	0.471023	0.232548	
0.000007	0.706690	0.000001	0.707614	
0.410769	0.000004	0.408521	0.815687	
0.816410	0.000001	0.409583	0.408292	
0.000000	0.913644	0.363360	0.182529	
0.224994	0.220222	0.668507	0.675493	
0.000001	0.949629	0.315647	0.000000	
0.677050	0.224543	0.224072	0.674379	
0.000008	0.000011	0.990208	0.140848	
0.473115	0.471173	0.706179	0.235848	
0.000000	0.000000	1.006409	0.000000	
0.000016	0.365446	0.182555	0.912844	
0.000263	0.141429	0.000001	0.990128	
0.193526	0.000000	0.593291	0.781792	
0.000003	0.512548	0.000003	0.858811	
0.471183	0.234411	0.470398	0.708421	
0.365490	0.912574	0.000016	0.183867	
0.499430	0.499110	0.501683	0.500288	
0.000000	0.000001	0.139836	0.990214	
0.212489	0.853006	0.426107	0.214124	
0.992198	0.141655	0.000006	0.000000	
0.410276	0.410380	0.820377	0.022149	
0.000014	0.784751	0.195594	0.588418	
0.516634	0.856283	0.000000	0.000004	
0.194802	0.000006	0.785444	0.587825	
0.590496	0.785656	0.196608	0.000009	
0.949725	0.000026	0.314574	0.000000	
0.141083	0.990130	0.000001	0.000000	
0.013910	0.682638	0.711242	0.213105	
0.671205	0.671452	0.224793	0.219956	
0.000000	0.990190	0.000003	0.141488	
0.730310	0.509957	0.437902	0.208307	
0.439034	0.001870	0.680569	0.586814	
0.000000	0.316965	0.929384	0.193540	
0.001519	0.156912	0.000001	0.987964	
0.694791	0.000065	0.027575	0.734081	
0.008673	0.638982	0.425464	0.642097	
0.666983	0.367287	0.650312	0.000000	
0.000002	0.307344	0.410188	0.858826	
0.593280	0.012900	0.200211	0.791280	
0.509306	0.759765	0.254238	0.314674	
0.018248	0.999840	0.021255	0.004017	
0.000000	0.000000	1.000833	0.000000	
0.183854	0.580079	0.769826	0.194167	
0.182060	0.914482	0.000015	0.366987	
0.646280	0.645512	0.000003	0.407327	
0.143495	0.000677	0.000974	0.992038	
0.224994	0.220222	0.668507	0.675493	
0.403764	0.795069	0.465580	0.002384	
0.751747	0.187052	0.253611	0.594039	
0.162284	0.159315	0.887955	0.412480	
0.865202	0.000023	0.000140	0.510023	
0.806016	0.596487	0.087053	0.000025	
0.420851	0.631585	0.123833	0.639341	
0.188824	0.939436	0.289246	0.000016	
0.865617	0.125131	0.483139	0.043396	
0.037940	0.512823	0.858004	0.000005	
0.000001	0.691063	0.631874	0.367535	
0.306156	0.501252	0.787574	0.190565	
0.011983	0.704271	0.712025	0.000009	
0.002703	0.138998	0.992269	0.000000	
0.219465	0.671753	0.000001	0.707618	
0.572570	0.420154	0.682671	0.227725	
