0.000000	1.000000	0.000000	0.000000	
0.267042	0.534248	0.000000	0.802040	
0.196798	0.000000	0.980459	0.000000	
0.534636	0.000000	0.266675	0.802060	
0.000167	0.196427	0.980519	0.000000	
0.196309	0.000000	0.000000	0.981506	
0.580807	0.000002	0.582115	0.569040	
0.980852	0.194754	0.000000	0.000000	
0.316662	0.632065	0.633407	0.314678	
0.447114	0.000000	0.000000	0.895513	
0.000000	0.196125	0.000000	0.980579	
0.235734	0.000000	0.236256	0.944284	
0.448930	0.000000	0.896320	0.000013	
0.894542	0.446984	0.000000	0.000000	
0.894668	0.000000	0.447485	0.000658	
0.000006	0.589453	0.582847	0.583639	
0.535862	0.272234	0.799408	0.000061	
0.866587	0.288299	0.288618	0.287542	
0.235306	0.000000	0.943380	0.233807	
0.310585	0.619935	0.290194	0.659677	
0.196018	0.980600	0.000000	0.000000	
0.000004	0.000003	0.980278	0.197671	
0.000000	0.000000	0.000000	1.000001	
0.802944	0.000000	0.533257	0.266310	
0.000260	0.000082	0.447571	0.896970	
0.447210	0.894429	0.000000	0.000000	
0.793227	0.237324	0.000915	0.560775	
0.580188	0.577361	0.576038	0.002420	
0.940108	0.235288	0.004635	0.246929	
0.000011	0.943808	0.235216	0.232195	
0.000045	0.533316	0.802906	0.266306	
0.000000	0.534306	0.267129	0.801973	
0.000004	0.447192	0.000000	0.894563	
0.237183	0.942856	0.000000	0.234516	
0.000012	0.235367	0.942125	0.238772	
0.316364	0.315970	0.631296	0.634004	
1.000001	0.000000	0.000000	0.000000	
0.532754	0.803169	0.000861	0.266699	
0.707163	0.000093	0.707156	0.000014	
0.980643	0.000000	0.000000	0.196564	
0.000082	0.235443	0.238460	0.942307	
0.265676	0.534308	0.802575	0.002932	
0.271215	0.001003	0.532164	0.802024	
0.289558	0.288147	0.287487	0.866586	
0.000000	0.000000	1.000001	0.000000	
0.942724	0.235823	0.235922	0.000000	
0.000017	0.268338	0.802462	0.532965	
0.710051	0.709630	0.000000	0.000000	
0.235708	0.235844	0.942772	0.000000	
0.000000	0.980422	0.196948	0.000001	
0.634806	0.314058	0.318887	0.635146	
0.631400	0.316184	0.634147	0.314994	
0.000191	0.000001	0.705644	0.708609	
0.802045	0.000000	0.266337	0.534593	
0.541264	0.000002	0.797498	0.266518	
0.000000	0.269157	0.533320	0.802013	
0.801935	0.534009	0.000000	0.267833	
0.633608	0.631026	0.312775	0.320188	
0.264050	0.000000	0.798606	0.540850	
0.269581	0.803738	0.531245	0.000008	
0.000000	0.894514	0.000004	0.447104	
0.576653	0.576753	0.000000	0.578742	
0.000000	0.895460	0.447113	0.000029	
0.289700	0.290725	0.865906	0.286450	
0.000000	0.000006	0.196912	0.980423	
0.266957	0.802280	0.000000	0.533939	
0.000000	0.980535	0.000000	0.196350	
0.000000	0.802958	0.265249	0.534514	
0.802840	0.534045	0.265035	0.000000	
0.235230	0.234913	0.000000	0.943133	
0.805424	0.268573	0.528368	0.000001	
0.536732	0.800202	0.270788	0.000000	
0.289826	0.867863	0.289209	0.288082	
0.982302	0.000049	0.196797	0.000000	
0.000000	0.000000	0.895347	0.445378	
0.894576	0.000001	0.000000	0.447377	
0.000000	0.448074	0.894117	0.003027	
0.000000	0.706782	0.000000	0.707432	
0.235700	0.942957	0.235113	0.000000	
0.706947	0.000000	0.000000	0.707266	
0.000000	0.707840	0.708077	0.000000	
0.000068	0.801596	0.535508	0.269018	
0.944880	0.000001	0.231844	0.231199	
0.534335	0.266891	0.000000	0.802060	
0.234408	0.000000	0.237571	0.944283	
0.604830	0.000001	0.629137	0.488231	
0.302029	0.904406	0.301386	0.002858	
0.017164	0.385989	0.719650	0.579614	
0.954688	0.002825	0.317027	0.037352	
0.404915	0.773462	0.408514	0.266306	
0.141414	0.137211	0.000000	0.985157	
0.245881	0.257921	0.782923	0.509953	
0.005480	0.951520	0.000000	0.311886	
0.000046	0.890562	0.467195	0.004607	
0.017291	0.681582	0.610873	0.402521	
0.368372	0.392845	0.254202	0.808481	
0.860047	0.012025	0.000950	0.596116	
0.291198	0.291366	0.912448	0.027472	
0.999933	0.000000	0.020778	0.000326	
0.584535	0.000000	0.397610	0.707266	
