0.240473	0.487963	0.477615	0.722624	
0.000119	0.000684	0.738723	0.727646	
0.925702	0.003496	0.197092	0.386896	
0.532544	0.696035	0.472084	0.259000	
0.195401	0.377397	0.005787	0.942895	
0.132236	1.002153	0.000210	0.002457	
0.001886	0.955527	0.322153	0.000870	
0.791641	0.244517	0.008070	0.594752	
0.000656	0.647829	0.654169	0.426098	
0.677060	0.699079	0.218921	0.195233	
0.475888	0.259764	0.474009	0.726746	
0.194421	0.937302	0.356945	0.002867	
0.817634	0.567302	0.000140	0.207655	
0.161538	0.141851	1.001355	0.002163	
0.521108	0.000564	0.000330	0.876999	
0.850054	0.392639	0.003469	0.404168	
0.000036	0.000011	1.031666	0.000005	
0.001808	0.432721	0.654043	0.650023	
0.708427	0.470018	0.495370	0.233474	
0.988487	0.011688	0.151309	0.140133	
0.821865	0.000064	0.431102	0.399363	
0.604855	0.806620	0.201305	0.022470	
0.164488	0.875264	0.442927	0.174485	
0.000114	0.332943	0.948332	0.002964	
0.539594	0.180941	0.850922	0.001502	
0.428546	0.001035	0.656821	0.646329	
0.323800	0.000034	0.000452	0.964823	
0.003089	0.393632	0.918344	0.183524	
0.798008	0.592055	0.181013	0.004597	
0.002234	0.622314	0.125113	0.801231	
0.660941	0.433122	0.000197	0.646309	
0.432905	0.430583	0.000088	0.808594	
0.358581	0.012912	0.938073	0.169572	
0.208241	0.211662	0.413962	0.873517	
0.446802	0.005878	0.437420	0.812588	
0.001189	0.142816	0.000279	0.999227	
0.000664	0.806952	0.200681	0.602346	
0.000017	0.827383	0.561291	0.176041	
0.015958	0.519906	0.890135	0.001708	
0.385574	0.851739	0.427382	0.010332	
0.625880	0.783035	0.001125	0.162342	
0.847810	0.551254	0.002676	0.002809	
0.520314	0.002131	0.890421	0.001384	
0.001612	0.382711	0.186814	0.936550	
0.673224	0.233672	0.681857	0.225719	
0.983001	0.212725	0.004728	0.031671	
0.192055	0.000961	0.791641	0.587580	
1.004018	0.004587	0.136099	0.000409	
0.000181	0.000028	0.333093	0.996840	
0.000001	0.730005	0.717593	0.000062	
0.015059	0.574193	0.802274	0.208457	
0.974266	0.178243	0.191354	0.177297	
0.207774	0.000483	0.376356	0.938999	
0.933351	0.364526	0.197534	0.000480	
0.987366	0.004012	0.331303	0.010950	
0.285243	0.691971	0.242879	0.688405	
0.001601	0.000022	0.519496	0.881618	
0.333821	0.962039	0.000684	0.001773	
0.201132	0.579641	0.819730	0.003392	
0.176020	0.789437	0.610101	0.007803	
0.176476	0.155151	0.217018	0.964282	
0.374385	0.191198	0.965245	0.001544	
0.914352	0.175512	0.404886	0.003101	
0.003018	0.817069	0.417450	0.415728	
0.002211	0.762920	0.000291	0.755994	
0.412245	0.191332	0.215516	0.877357	
0.409533	0.914456	0.190328	0.000080	
0.000125	0.922211	0.399256	0.157985	
0.160280	0.934934	0.000312	0.383110	
0.000739	0.953060	0.003139	0.313215	
0.410802	0.829831	0.003607	0.397770	
0.225599	0.795909	0.003889	0.584574	
0.419192	0.204167	0.865809	0.209534	
0.871694	0.003571	0.549343	0.001383	
0.436797	0.665035	0.645422	0.000044	
0.222231	0.227268	0.711661	0.645182	
0.965598	0.002686	0.006082	0.325990	
0.301189	0.005614	0.957467	0.003130	
0.666051	0.662510	0.436195	0.001526	
0.000000	0.000103	0.000000	1.010146	
0.000084	0.000013	0.154698	1.010354	
0.158594	0.003202	0.987574	0.153356	
0.188445	0.010542	0.623370	0.770668	
0.000525	0.000081	0.967989	0.326748	
0.486584	0.479536	0.223629	0.727039	
0.889421	0.000601	0.000577	0.532343	
0.220102	0.425105	0.253076	0.856578	
0.956694	0.325657	0.000210	0.001491	
0.109668	0.050655	0.000240	1.008315	
0.001913	0.532881	0.000963	0.861466	
0.211114	0.691783	0.689849	0.229785	
0.200443	0.172220	0.001974	0.979265	
0.002199	0.887009	0.000169	0.506553	
0.489135	0.230988	0.727156	0.452741	
0.004314	0.923441	0.190662	0.362751	
0.517516	0.529759	0.497289	0.519476	
0.813911	0.442513	0.395847	0.001527	
0.692485	0.220117	0.203586	0.695998	
0.227507	0.727677	0.488169	0.460295	
0.685633	0.665626	0.002750	0.411132	
0.474804	0.722242	0.232163	0.465809	
0.000661	0.330850	0.000565	0.965579	
0.177352	0.002730	0.173118	0.987332	
0.131899	0.001331	0.994328	0.002552	
1.004988	0.000043	0.000151	0.000021	
0.798874	0.010645	0.609241	0.194210	
0.999932	0.000043	0.000150	0.138047	
0.000007	1.023782	0.001151	0.140717	
0.000595	0.003415	1.009285	0.139079	
0.000003	1.037579	0.001813	0.001731	
0.161474	1.000656	0.162138	0.002393	
0.549686	0.922569	0.012052	0.000429	
0.978072	0.163505	0.001393	0.173924	
0.168734	0.984248	0.000329	0.159005	
0.715098	0.493050	0.228052	0.471176	
0.353653	0.919075	0.000537	0.195018	
0.880736	0.160195	0.410501	0.205300	
0.003630	0.212741	0.637947	0.837304	
0.941147	0.422207	0.001973	0.183330	
0.872628	0.426617	0.191444	0.210948	
0.000816	0.185260	0.377084	0.917671	
0.223505	0.492725	0.740895	0.436377	
0.609754	0.205959	0.000965	0.781704	
0.025494	0.448784	0.390630	0.832068	
0.226280	0.588057	0.000344	0.798889	
0.439701	0.635945	0.001206	0.651437	
0.217173	0.427841	0.857838	0.223312	
0.722035	0.000076	0.001014	0.714374	
0.653157	0.438971	0.645202	0.003649	
0.923883	0.004079	0.375239	0.207065	
0.171068	0.372663	0.935245	0.000406	
0.001805	0.000777	0.870492	0.517453	
0.650540	0.009638	0.652202	0.431318	
0.396609	0.000946	0.193986	0.930785	
0.003996	0.190479	0.806748	0.576996	
0.471782	0.491352	0.722157	0.185689	
0.226997	0.215693	0.875581	0.443080	
0.591253	0.001136	0.827107	0.199080	
0.417961	0.428300	0.819919	0.002890	
0.188336	0.965011	0.171140	0.175073	
0.614192	0.011116	0.166909	0.799006	
0.000234	0.167380	0.956425	0.401696	
0.002170	0.424081	0.836922	0.403792	
0.000223	0.649034	0.435328	0.649031	
0.187180	0.002519	0.926956	0.381852	
1.007561	0.165140	0.181989	0.000014	
0.422911	0.001210	0.836620	0.390467	
0.235156	0.866762	0.206300	0.439269	
0.797549	0.007260	0.211890	0.595257	
0.825853	0.204898	0.580203	0.001949	
0.000003	0.895329	0.519162	0.001727	
0.937334	0.169011	0.006276	0.356184	
0.001243	0.158369	1.004805	0.007455	
0.401611	0.885140	0.191574	0.211092	
0.706250	0.237857	0.482020	0.493836	
0.001026	0.997443	0.153159	0.156289	
0.730243	0.712299	0.000279	0.001425	
0.722028	0.001363	0.751815	0.001476	
0.866203	0.200758	0.236248	0.429527	
0.656374	0.003895	0.443639	0.658138	
0.000367	0.186169	0.172642	0.977587	
0.001035	1.005678	0.154423	0.000298	
0.195750	0.209117	0.953832	0.181892	
0.001216	0.155010	0.984991	0.161278	
0.379279	0.837834	0.420405	0.021159	
0.318380	0.933592	0.000538	0.195750	
0.914457	0.000039	0.042221	0.429363	
0.371509	0.714652	0.625333	0.005724	
0.933205	0.003525	0.144953	0.386056	
0.425212	0.420844	0.824049	0.001092	
0.928695	0.362707	0.196548	0.005397	
0.207519	0.251661	0.734446	0.652180	
0.031493	0.816712	0.417575	0.415853	
0.003026	0.647815	0.715535	0.331590	
0.602798	0.033547	0.844561	0.047157	
0.706948	0.339774	0.608962	0.212343	
0.514055	0.018510	0.851609	0.167976	
0.167946	0.264641	0.845803	0.469473	
0.481314	0.262726	0.753342	0.435025	
0.321123	0.004379	0.422809	0.901049	
0.022073	0.572732	0.800551	0.208009	
0.058221	0.206352	0.998693	0.001661	
0.001462	0.731344	0.017788	0.713006	
0.395221	0.224834	0.919856	0.001023	
0.938402	0.007341	0.408098	0.005866	
0.223505	0.492725	0.740895	0.436377	
0.000531	0.684485	0.249448	0.700605	
0.423838	0.001024	0.654803	0.652311	
0.793100	0.010815	0.202751	0.590517	
0.525734	0.174921	0.834032	0.057708	
0.246112	0.000267	0.466009	0.886925	
0.002895	0.001980	1.023005	0.134378	
0.005623	0.884739	0.517999	0.009496	
0.795356	0.434146	0.169833	0.430418	
0.162198	0.387585	0.911537	0.184360	
0.192336	0.001993	0.779021	0.613710	
0.914352	0.175512	0.404886	0.003101	
0.446108	0.439646	0.205581	0.780167	
0.321770	0.001555	0.003841	0.967451	
0.469329	0.000009	0.229553	0.897096	
