0.200247	0.752523	3.375366	0.000003	
0.079527	0.079530	0.112474	0.987295	
0.152491	0.152515	0.215707	0.952451	
0.339262	0.677499	1.512625	0.000000	
0.285328	0.735325	1.935116	0.423939	
0.198282	0.724266	3.160503	0.885521	
0.000000	0.000000	0.000000	1.000014	
0.738114	0.215074	3.199233	0.518992	
0.613186	0.414258	1.046811	0.323244	
0.526049	0.357412	0.924222	0.694519	
0.704131	0.278241	1.933153	0.342232	
0.306410	0.305403	0.434425	0.793375	
0.746912	0.220120	3.370439	0.000001	
0.395478	0.625068	1.146049	0.290670	
0.220505	0.744614	2.617001	0.000017	
0.460072	0.560791	0.883531	0.000000	
0.758155	0.221534	2.647485	0.000000	
0.642571	0.364013	1.446832	0.361608	
0.367547	0.552071	1.003604	0.601554	
0.133272	0.132983	0.188697	0.965317	
0.679050	0.233777	2.089670	0.865671	
0.368768	0.634371	1.361922	0.367033	
0.246574	0.660143	1.891818	0.881022	
0.564118	0.457146	0.896080	0.000098	
0.230603	0.230186	0.326419	0.888598	
0.237639	0.729688	2.980417	0.491472	
0.482778	0.480000	0.685376	0.275297	
0.677534	0.338897	1.514572	0.000069	
0.555089	0.486581	1.064389	0.000110	
0.746273	0.221754	3.331608	0.000001	
0.222924	0.743590	2.584170	0.000017	
0.677401	0.339222	1.512674	0.001495	
0.000000	0.000000	0.000000	1.000028	
0.271518	0.708151	1.981742	0.339016	
0.666099	0.333891	1.700103	0.413208	
0.679091	0.233691	2.090597	0.866015	
0.738634	0.215413	2.927064	0.420744	
0.280678	0.283492	0.403852	0.832810	
0.464827	0.554268	0.862184	0.000000	
0.472664	0.476443	0.676951	0.320045	
0.222079	0.713428	2.423011	0.690957	
0.341382	0.676035	1.500784	0.000000	
0.124559	0.124888	0.176864	0.970091	
0.144986	0.144913	0.205098	0.957385	
0.757024	0.223597	2.618401	0.000000	
0.221693	0.221700	0.313537	0.896350	
0.369509	0.633726	1.356765	0.365936	
0.601814	0.405312	1.065473	0.315063	
0.719446	0.286946	1.891276	0.418781	
0.520576	0.353794	0.933205	0.696351	
0.200247	0.752523	3.375366	0.000003	
0.386239	0.614095	1.151985	0.321934	
0.344148	0.542065	1.042377	0.725254	
0.152498	0.152503	0.215674	0.952371	
0.207746	0.738706	2.905114	0.470563	
0.208495	0.738605	2.893036	0.468739	
0.339263	0.677501	1.512623	0.000000	
0.025131	0.025125	0.035545	0.998906	
0.677664	0.338852	1.515049	0.003126	
0.341556	0.657012	1.404277	0.449685	
0.269473	0.709577	2.001924	0.337705	
0.557730	0.464353	0.869260	0.000838	
0.210416	0.210213	0.297720	0.907823	
0.738150	0.220221	2.849618	0.410373	
0.601981	0.406361	1.089502	0.278886	
0.251564	0.685347	2.001814	0.714610	
0.284854	0.285465	0.404341	0.822950	
0.340825	0.546883	1.031762	0.752542	
0.387004	0.604874	1.125998	0.362662	
0.160539	0.160458	0.227099	0.947406	
0.133258	0.132991	0.188660	0.965212	
0.639913	0.358289	1.347707	0.361994	
0.712302	0.263386	2.053424	0.353460	
0.494316	0.473014	0.719576	0.288574	
0.458388	0.562932	0.890966	0.000000	
0.187633	0.755782	3.379386	0.000042	
0.736224	0.237558	2.394519	0.000000	
0.521537	0.352859	0.937898	0.698853	
0.674262	0.265158	1.841699	0.690943	
0.126867	0.127199	0.180124	0.968831	
0.274311	0.709236	1.968912	0.293989	
0.390392	0.570994	1.005230	0.478185	
0.339472	0.677351	1.511279	0.000000	
0.218383	0.742306	2.789398	0.213558	
0.717181	0.261597	2.042492	0.537228	
0.676169	0.340811	1.502297	0.003105	
0.646711	0.282501	1.669604	0.758660	
0.377463	0.626900	1.236484	0.309516	
0.248220	0.659289	1.876188	0.874599	
0.457582	0.563912	0.894481	0.000000	
0.647408	0.375140	1.477522	0.256520	
0.473968	0.471260	0.672423	0.329917	
0.740241	0.178174	3.159052	0.714232	
0.585349	0.441417	1.050924	0.144699	
0.576972	0.319342	1.190914	0.749084	
0.225131	0.225138	0.318400	0.892916	
0.328070	0.337002	0.486648	0.766094	
0.203102	0.748076	3.049466	0.235827	
0.079525	0.079533	0.112483	0.987339	
0.590490	0.415003	1.016845	0.304769	
0.757162	0.180160	3.271763	0.000050	
0.404515	0.600119	1.055465	0.347529	
0.155348	0.155341	0.219700	0.950539	
0.000000	0.000000	0.000000	1.000015	
0.622339	0.405005	1.145648	0.043032	
0.275972	0.707050	2.021119	0.344932	
0.230645	0.710421	2.434977	0.691648	
0.646651	0.282611	1.668707	0.758312	
0.403578	0.615668	1.102780	0.282403	
0.305974	0.305617	0.433100	0.792016	
0.153331	0.153254	0.216903	0.952170	
0.701603	0.287884	1.852097	0.282739	
0.565342	0.456350	0.901549	0.000098	
0.102986	0.102864	0.145759	0.979495	
0.028346	0.028347	0.040089	0.998406	
0.487105	0.487815	0.690578	0.223821	
0.187761	0.755744	3.377316	0.000042	
0.188621	0.188494	0.266833	0.926582	
0.739978	0.221568	2.836922	0.408747	
0.564057	0.390402	0.979262	0.503372	
0.357538	0.665379	1.411843	0.006616	
0.474913	0.540075	0.817593	0.000000	
0.390888	0.527043	0.889327	0.552673	
0.757149	0.180202	3.270924	0.000050	
0.346781	0.669536	1.435204	0.334601	
0.648947	0.333975	1.417797	0.433980	
0.608413	0.418335	1.059107	0.206067	
0.181468	0.738480	3.284923	0.742452	
0.495614	0.479908	0.712560	0.242499	
0.464810	0.554314	0.862452	0.000000	
0.414259	0.604976	1.053680	0.260424	
0.738020	0.188146	2.983893	0.653699	
0.248697	0.659040	1.871696	0.872754	
0.245328	0.734390	2.566143	0.000000	
0.275972	0.707050	2.021119	0.344932	
0.360037	0.642244	1.314848	0.320964	
0.183983	0.737857	3.284923	0.742452	
0.230607	0.230185	0.326434	0.888620	
0.753589	0.191399	3.098690	0.085250	
0.152498	0.152502	0.215674	0.952370	
0.571281	0.451144	0.922256	0.034341	
0.598344	0.408313	1.050246	0.311829	
0.676480	0.340376	1.505077	0.003110	
0.734685	0.233809	2.352923	0.608979	
0.552510	0.377912	1.013412	0.579014	
0.024154	0.024148	0.034164	0.999005	
0.626514	0.372070	1.260947	0.356079	
0.691285	0.299114	1.763521	0.335849	
0.051374	0.051378	0.072665	0.994776	
0.334950	0.581813	1.136595	0.723152	
0.341005	0.676248	1.501451	0.000000	
0.357845	0.355649	0.508312	0.704762	
0.626377	0.371017	1.263310	0.363511	
0.187761	0.755744	3.377316	0.000042	
0.375964	0.644876	1.380795	0.222879	
0.728326	0.212483	2.599293	0.574776	
0.343856	0.344652	0.488274	0.726841	
0.397453	0.609728	1.115368	0.283664	
0.435442	0.591651	1.009954	0.011783	
0.245637	0.688335	2.061864	0.733651	
0.391179	0.526706	0.887944	0.552087	
0.612002	0.415544	1.089445	0.000000	
0.000000	0.000000	0.000000	1.108686	
0.277282	0.706373	2.008533	0.342553	
0.568510	0.329467	1.133510	0.720956	
0.661757	0.256754	1.904025	0.849487	
0.212069	0.744780	2.892403	0.220902	
0.615340	0.382411	1.168238	0.336104	
0.408350	0.564725	0.968742	0.403041	
0.758171	0.221505	2.647900	0.000000	
0.126894	0.127154	0.180019	0.968515	
0.152498	0.152502	0.215674	0.952370	
0.659688	0.354584	1.437708	0.216534	
0.328174	0.686618	1.588748	0.000002	
0.712924	0.265186	2.002531	0.526858	
0.221832	0.221839	0.313734	0.896211	
0.319564	0.594642	1.270768	0.719568	
0.299746	0.628595	1.463096	0.707147	
0.180809	0.180902	0.255929	0.932675	
0.716784	0.270255	2.040866	0.182454	
0.355756	0.633718	1.323208	0.410196	
0.684893	0.360901	1.422525	0.001431	
0.237082	0.737887	2.673979	0.000003	
0.200945	0.748933	3.090175	0.235045	
0.000000	0.000000	0.000000	1.000258	
0.613235	0.413370	1.084868	0.186115	
0.052892	0.052896	0.074810	0.994451	
0.462864	0.556587	0.871536	0.025858	
0.291375	0.688470	1.777156	0.420662	
0.689419	0.229213	2.176895	0.850760	
0.565450	0.456266	0.901926	0.000098	
0.297019	0.708685	1.887406	0.000000	
0.384749	0.620601	1.178842	0.295343	
0.432195	0.575116	0.967750	0.235718	
0.548853	0.375260	0.995430	0.588189	
0.327818	0.337496	0.488217	0.767512	
0.728656	0.254554	2.307140	0.000036	
0.734712	0.218401	2.650592	0.432651	
0.663579	0.341221	1.479490	0.286050	
0.000000	0.000000	0.000000	1.376222	
