0.631748	0.265958	1.627809	0.875133	
0.315381	0.331674	0.486594	0.797916	
0.199551	0.752769	3.391168	0.000003	
0.203608	0.203212	0.288343	0.915016	
0.185987	0.736170	3.021086	0.685916	
0.339198	0.677547	1.513040	0.000000	
0.023391	0.023395	0.033089	0.999017	
0.000000	0.000000	0.000000	1.000014	
0.255429	0.648626	1.771818	0.876969	
0.448861	0.444760	0.637736	0.453691	
0.737570	0.185240	3.154504	0.731349	
0.090648	0.090228	0.128565	0.986848	
0.562556	0.458353	0.890690	0.000097	
0.262309	0.706559	2.006937	0.535049	
0.676878	0.340547	1.505006	0.000349	
0.337595	0.634715	1.481389	0.561067	
0.358684	0.333971	0.526665	0.762034	
0.095110	0.095030	0.134575	0.982357	
0.049202	0.049208	0.069596	0.995240	
0.757360	0.222924	2.627719	0.000000	
0.623949	0.350827	1.467926	0.582052	
0.604514	0.364272	1.171063	0.477355	
0.151052	0.150854	0.213762	0.954156	
0.460426	0.566515	0.889683	0.000000	
0.220505	0.744614	2.617001	0.000017	
0.688401	0.269356	1.887457	0.570751	
0.379201	0.592328	1.075685	0.500692	
0.679461	0.336236	1.531905	0.001510	
0.203523	0.203248	0.288102	0.914577	
0.562855	0.375559	1.019192	0.547256	
0.649066	0.259471	1.779586	0.864883	
0.750577	0.206616	3.329192	0.020262	
0.183544	0.736918	3.049544	0.692002	
0.090566	0.090270	0.128338	0.985862	
0.203102	0.748076	3.049466	0.235827	
0.405871	0.353248	0.618869	0.729595	
0.023599	0.023602	0.033381	0.998980	
0.205739	0.751040	3.375366	0.000003	
0.739455	0.180480	3.114565	0.704718	
0.000000	0.000000	0.000000	1.000028	
0.151091	0.151249	0.214016	0.953864	
0.339472	0.677351	1.511279	0.000000	
0.563518	0.457611	0.894001	0.000098	
0.373842	0.588797	1.089605	0.504006	
0.335406	0.357755	0.529097	0.764139	
0.255379	0.649707	1.778544	0.871078	
0.336130	0.635855	1.492906	0.564648	
0.626840	0.340609	1.469051	0.594542	
0.275565	0.691064	1.868859	0.504323	
0.462003	0.564883	0.887257	0.000000	
0.688333	0.271520	1.879097	0.552681	
0.449815	0.444225	0.640232	0.454695	
0.098046	0.097944	0.138756	0.981413	
0.049201	0.049209	0.069596	0.995240	
0.726580	0.190558	3.180569	0.891031	
0.450049	0.444072	0.640789	0.454917	
0.339263	0.677501	1.512623	0.000000	
0.680069	0.335372	1.537556	0.001515	
0.102986	0.102864	0.145759	0.979495	
0.649384	0.261689	1.763445	0.858278	
0.756749	0.224117	2.611189	0.000000	
0.091390	0.091370	0.129260	0.983303	
0.316897	0.328841	0.477606	0.789306	
0.686176	0.275415	1.845224	0.544009	
0.188518	0.755479	3.360746	0.017058	
0.332918	0.658109	1.454030	0.396218	
0.183555	0.736919	3.049369	0.691965	
0.190998	0.190617	0.270364	0.925556	
0.562373	0.375861	1.017128	0.547051	
0.200247	0.752523	3.375366	0.000003	
0.255700	0.650556	1.779314	0.864768	
0.564118	0.457146	0.896080	0.000098	
0.503023	0.359889	0.880938	0.698325	
0.461168	0.559027	0.879637	0.000097	
0.625763	0.345550	1.434991	0.571368	
0.025131	0.025125	0.035545	0.998906	
0.377520	0.600826	1.120247	0.449159	
0.049201	0.049209	0.069596	0.995240	
0.151063	0.150848	0.213790	0.954228	
0.000000	0.000000	0.000000	1.000015	
0.275610	0.691039	1.868465	0.504230	
0.667663	0.283574	1.715049	0.623340	
0.133981	0.133717	0.189681	0.964788	
0.636291	0.355830	1.480488	0.473147	
0.522464	0.354802	0.940911	0.693838	
0.370480	0.607097	1.155390	0.462745	
0.552806	0.466622	0.856243	0.000000	
0.112518	0.112316	0.159314	0.975768	
0.647702	0.261908	1.757865	0.855686	
0.255897	0.650479	1.779314	0.864768	
0.201549	0.200586	0.285663	0.918529	
0.672370	0.346699	1.466128	0.000342	
0.200247	0.752523	3.375366	0.000003	
0.025131	0.025125	0.035545	0.998906	
0.444905	0.449320	0.638704	0.452925	
0.561813	0.376415	1.014349	0.545976	
0.091391	0.091370	0.129261	0.983309	
0.205612	0.729685	2.796531	0.638007	
0.443405	0.592627	1.088532	0.005330	
0.339673	0.677207	1.509987	0.000000	
0.000000	0.000000	0.000000	1.693546	
0.733756	0.193396	2.879858	0.654588	
0.079527	0.079530	0.112474	0.987295	
0.756378	0.224815	2.601551	0.000000	
0.341424	0.349528	0.503317	0.739448	
0.278161	0.689584	1.845190	0.498776	
0.290087	0.626357	1.517885	0.785383	
0.193697	0.753665	3.242658	0.024251	
0.124559	0.124888	0.176864	0.970091	
0.090566	0.090270	0.128338	0.985862	
0.344681	0.673572	1.478165	0.000000	
0.597215	0.403174	1.079756	0.310306	
0.672408	0.268509	1.812503	0.681404	
0.411621	0.601166	1.174186	0.301587	
0.453127	0.577089	0.924044	0.000000	
0.049210	0.049201	0.069601	0.995278	
0.538230	0.476392	0.812374	0.000017	
0.194585	0.732790	2.857690	0.656412	
0.249402	0.658693	1.864379	0.869754	
0.000000	0.000000	0.000000	2.303688	
0.450256	0.443688	0.641645	0.456078	
0.631350	0.271745	1.596494	0.845867	
0.609558	0.382793	1.219484	0.406002	
0.283596	0.281352	0.402554	0.829849	
0.200247	0.752523	3.375366	0.000003	
0.740241	0.178174	3.159052	0.714232	
0.348405	0.527933	0.958352	0.703062	
0.025132	0.025124	0.035549	0.998970	
0.380587	0.578442	1.060047	0.491849	
0.736224	0.237558	2.394519	0.000000	
0.256762	0.683388	1.946943	0.689902	
0.102977	0.102871	0.145726	0.979377	
0.666092	0.354557	1.421410	0.011411	
0.215685	0.745618	2.850324	0.014607	
0.215407	0.212969	0.306415	0.910595	
0.742299	0.223004	3.032392	0.234484	
0.367547	0.552071	1.003604	0.601554	
0.023388	0.023403	0.033114	0.999436	
0.249566	0.658639	1.862925	0.869162	
0.729155	0.176900	3.088605	0.894111	
0.199102	0.731500	2.798407	0.638406	
0.091387	0.091372	0.129258	0.983293	
0.572658	0.400142	1.003580	0.417935	
0.152051	0.152342	0.215657	0.953756	
0.450463	0.572975	0.926511	0.000000	
0.701299	0.284271	1.865865	0.325064	
0.540628	0.474758	0.822313	0.000000	
0.679050	0.233777	2.089670	0.865671	
0.502798	0.360765	0.877714	0.694516	
0.365054	0.510602	0.877847	0.660746	
0.079527	0.079530	0.112474	0.987295	
0.266399	0.701856	2.004330	0.471284	
0.102990	0.102857	0.145785	0.979573	
0.340945	0.677546	1.504384	0.000000	
0.301875	0.670393	1.634507	0.490474	
0.453497	0.448116	0.645890	0.440343	
0.663843	0.357816	1.407657	0.000001	
0.595713	0.296665	1.335852	0.814029	
0.200247	0.752523	3.375366	0.000003	
0.000000	0.000000	0.000000	2.303688	
0.213970	0.213788	0.302732	0.904415	
0.179176	0.757788	3.314830	0.000003	
0.155740	0.156114	0.221183	0.952007	
0.188512	0.755452	3.360625	0.033824	
0.597355	0.398321	1.086814	0.370234	
0.200138	0.752561	3.377822	0.000003	
0.027438	0.027432	0.038807	0.998634	
0.740479	0.200250	3.184953	0.558040	
0.694446	0.268665	1.921481	0.529642	
0.326344	0.548452	1.072386	0.764073	
0.100033	0.100111	0.141636	0.980268	
0.451270	0.449174	0.639949	0.438010	
0.039015	0.038992	0.055191	0.997347	
0.449801	0.573487	0.929103	0.000000	
0.701198	0.303157	1.766676	0.001701	
0.251564	0.685347	2.001814	0.714610	
0.555560	0.318493	1.120093	0.789976	
0.647033	0.262982	1.744984	0.850237	
0.337377	0.678662	1.524459	0.000000	
0.731138	0.246782	2.312684	0.065058	
0.363840	0.554352	1.018067	0.612275	
0.611305	0.380954	1.231212	0.408975	
0.592973	0.411823	1.030784	0.307583	
0.091414	0.091358	0.129320	0.983564	
0.257444	0.649629	1.765720	0.859011	
0.202798	0.742383	2.954689	0.424391	
0.213913	0.213820	0.302586	0.904171	
0.307031	0.656376	1.743582	0.643373	
0.023386	0.023405	0.033114	0.999436	
0.200242	0.752524	3.375472	0.000003	
0.759949	0.218039	2.697573	0.000000	
0.256922	0.649887	1.768580	0.860221	
0.739561	0.180170	3.120470	0.705981	
0.500734	0.499584	0.708979	0.000000	
0.358322	0.517820	0.909907	0.677516	
0.593124	0.405378	1.052446	0.311447	
0.459571	0.445194	0.662537	0.446901	
0.679221	0.233417	2.093560	0.867118	
0.348114	0.670896	1.456333	0.022294	
0.048984	0.049025	0.069359	0.995725	
