0.413805	0.650426	2.221539	0.000000	
0.213734	0.214295	0.304497	0.907433	
0.678027	0.338408	1.518878	0.000000	
0.660212	0.246038	1.892847	0.882639	
0.274821	0.687938	1.859126	0.539275	
0.054767	0.054776	0.077472	0.994093	
0.752320	0.223338	2.612462	0.000000	
0.560656	0.471994	0.850829	0.009696	
0.092435	0.092456	0.130768	0.982904	
0.697783	0.335111	2.540283	0.000000	
0.697156	0.271144	1.894430	0.586741	
0.347745	0.310237	0.536747	0.837499	
0.731981	0.200606	3.052352	0.712242	
0.446182	0.612193	1.512127	0.000000	
0.624819	0.347293	1.435545	0.565019	
0.024665	0.024667	0.034886	0.998834	
0.099142	0.099207	0.140347	0.980551	
0.464579	0.572543	0.887102	0.015759	
0.151921	0.151941	0.214896	0.952812	
0.383448	0.606282	1.348430	0.497667	
0.340236	0.676678	1.506161	0.001208	
0.368330	0.614755	1.123799	0.597125	
0.306799	0.361237	0.557891	0.846461	
0.222248	0.744873	2.595403	0.000174	
0.449397	0.451974	0.641044	0.436125	
0.194904	0.731714	3.023691	0.729469	
0.000000	0.000000	0.000000	1.000003	
0.629811	0.375655	1.156319	0.527980	
0.246940	0.658938	1.877214	0.883524	
0.757768	0.180419	3.363027	0.043171	
0.450202	0.450557	0.637438	0.434744	
0.740724	0.224835	2.550395	0.000790	
0.211574	0.211933	0.300638	0.908265	
0.099158	0.099179	0.140275	0.980268	
0.158416	0.158417	0.224036	0.948485	
0.549261	0.375386	0.965118	0.585091	
0.294326	0.599910	1.435961	0.862418	
0.737635	0.189068	3.047301	0.649589	
0.697863	0.263938	1.973441	0.526533	
0.659856	0.246727	1.886289	0.879940	
0.307107	0.358388	0.552007	0.839807	
0.338222	0.693613	2.293310	0.000000	
0.195242	0.731592	3.017343	0.728026	
0.275525	0.687543	1.853026	0.537737	
0.050624	0.050633	0.071613	0.994984	
0.562844	0.459007	0.891008	0.001071	
0.696929	0.336379	2.513981	0.000000	
0.631078	0.340850	1.409832	0.533528	
0.484845	0.352510	0.823620	0.723995	
0.025379	0.025380	0.035894	0.998745	
0.230092	0.738967	2.484767	0.000002	
0.678202	0.338162	1.520478	0.000000	
0.364786	0.620154	1.146277	0.606314	
0.341404	0.634892	1.503239	0.554817	
0.023004	0.023007	0.032540	0.999038	
0.472307	0.553275	0.840563	0.000012	
0.098300	0.098194	0.139092	0.981185	
0.361679	0.662404	1.424639	0.000000	
0.025379	0.025380	0.035894	0.998748	
0.099143	0.099204	0.140341	0.980527	
0.059005	0.059069	0.083585	0.993716	
0.000000	0.000000	0.000000	1.000003	
0.465557	0.572299	0.889754	0.013232	
0.547596	0.382202	0.940275	0.575647	
0.264393	0.649419	1.721861	0.819349	
0.416307	0.648272	2.158064	0.000000	
0.385113	0.608120	1.350437	0.480019	
0.095968	0.096024	0.135839	0.981769	
0.450211	0.450542	0.637404	0.434731	
0.733871	0.199590	2.862702	0.612570	
0.211578	0.211915	0.300555	0.908124	
0.509326	0.353709	0.892021	0.704128	
0.272659	0.684931	1.858446	0.577813	
0.678627	0.337565	1.524351	0.000000	
0.185519	0.756123	3.339222	0.000000	
0.548936	0.476914	0.823247	0.009484	
0.350662	0.669014	1.441055	0.001166	
0.692495	0.269153	1.912198	0.538171	
0.309266	0.355326	0.542305	0.830624	
0.369994	0.581004	1.080362	0.527085	
0.659776	0.246882	1.884819	0.879335	
0.754565	0.188083	3.122581	0.000001	
0.227008	0.719601	2.442374	0.580171	
0.655522	0.324514	1.478135	0.450789	
0.128190	0.127846	0.181542	0.968382	
0.218561	0.218586	0.309149	0.899468	
0.149097	0.149120	0.210905	0.954599	
0.378781	0.612084	1.350437	0.480019	
0.724305	0.224458	2.449048	0.522855	
0.266180	0.693272	2.038569	0.589377	
0.662207	0.379399	1.736494	0.000000	
0.630664	0.337207	1.449054	0.569330	
0.368893	0.582059	1.086008	0.529111	
0.747875	0.212343	3.054713	0.027877	
0.209701	0.727284	2.686418	0.632083	
0.000000	0.000000	0.000000	1.474799	
0.610365	0.423460	1.147117	0.000000	
0.099143	0.099204	0.140341	0.980526	
0.659728	0.246974	1.883939	0.878973	
0.188233	0.755220	3.282679	0.000000	
0.499100	0.362958	0.847708	0.679605	
0.566496	0.377702	1.022021	0.527298	
0.688619	0.253686	1.993003	0.667044	
0.336464	0.679365	1.530544	0.001224	
0.404267	0.557358	0.914328	0.512778	
0.499124	0.500968	0.709778	0.029255	
0.067661	0.067673	0.095714	0.990925	
0.416861	0.646454	2.087263	0.000000	
0.095968	0.096024	0.135839	0.981769	
0.326747	0.327632	0.463976	0.757708	
0.025377	0.025382	0.035899	0.998826	
0.257679	0.656400	1.801872	0.831439	
0.675625	0.301909	1.754956	0.501137	
0.692903	0.268400	1.918974	0.539839	
0.216969	0.217105	0.307139	0.901277	
0.248241	0.701976	2.115777	0.604400	
0.212927	0.724157	2.713615	0.673928	
0.064557	0.064462	0.091356	0.992585	
0.101804	0.101848	0.144082	0.979383	
0.095976	0.096009	0.135801	0.981616	
0.742386	0.220785	2.604459	0.000001	
0.250680	0.666181	1.929338	0.842613	
0.187557	0.755447	3.296621	0.000000	
0.466905	0.569738	0.882474	0.013159	
0.567122	0.455720	0.905918	0.001083	
0.738696	0.188392	3.065466	0.643240	
0.547596	0.382202	0.940275	0.575647	
0.317256	0.617340	1.398503	0.684822	
0.025861	0.025863	0.036577	0.998722	
0.000000	0.000000	0.000000	2.199427	
0.137202	0.137175	0.194052	0.961744	
0.339802	0.692517	2.266751	0.000000	
0.659687	0.247053	1.883191	0.878665	
0.407651	0.594166	1.053459	0.299692	
0.491143	0.438405	0.737942	0.429508	
0.336311	0.681358	1.537335	0.000000	
0.623896	0.405796	1.146671	0.011478	
0.326784	0.327587	0.463834	0.757587	
0.498010	0.363997	0.843910	0.677514	
0.203086	0.204987	0.291415	0.918964	
0.240746	0.677114	2.013739	0.877760	
0.323903	0.703115	2.556631	0.000000	
0.025768	0.025771	0.036447	0.998732	
0.194270	0.731865	2.895501	0.687133	
0.506081	0.355860	0.881148	0.697894	
0.565533	0.375878	1.022054	0.536680	
0.471128	0.454352	0.680735	0.400854	
0.421977	0.641804	2.010318	0.000000	
0.656487	0.272157	1.705574	0.768365	
0.679372	0.336512	1.531205	0.000000	
0.024256	0.024259	0.034310	0.998919	
0.322937	0.321778	0.457372	0.766535	
0.266502	0.693108	2.035693	0.588639	
0.095244	0.095267	0.134747	0.981852	
0.656858	0.252432	1.833156	0.858104	
0.236453	0.736070	2.434384	0.000164	
0.756162	0.183796	3.247340	0.000001	
0.586976	0.335761	1.173181	0.673340	
0.082059	0.082110	0.116159	0.986836	
0.725888	0.222099	2.542216	0.540263	
0.110208	0.110148	0.155901	0.975766	
0.498885	0.501417	0.710996	0.029284	
0.158414	0.158420	0.224046	0.948508	
0.411482	0.576682	0.996100	0.351410	
0.566977	0.455822	0.905346	0.001082	
0.310519	0.619536	1.382763	0.682506	
0.759539	0.208359	2.833537	0.000000	
0.225452	0.743613	3.003736	0.000000	
0.151920	0.151942	0.214897	0.952814	
0.638690	0.389701	1.254154	0.000000	
0.388258	0.565163	1.079738	0.543082	
0.406115	0.595788	1.061086	0.301235	
0.418664	0.645778	2.096486	0.000000	
0.216917	0.217196	0.307367	0.901652	
0.027884	0.027890	0.039447	0.998614	
0.583104	0.411104	1.024906	0.485881	
0.657109	0.251963	1.837451	0.859867	
0.036652	0.036677	0.051888	0.997762	
0.336248	0.333356	0.478328	0.748396	
0.326784	0.327587	0.463834	0.757587	
0.101805	0.101847	0.144076	0.979362	
0.470671	0.568476	0.891620	0.013250	
0.619234	0.348241	1.301109	0.522299	
0.000000	0.000000	0.000000	1.004661	
0.257005	0.667588	1.883288	0.819835	
0.098209	0.098235	0.138954	0.980730	
0.707894	0.260870	2.085542	0.451616	
0.554043	0.395402	0.954567	0.488085	
0.275107	0.669275	1.859858	0.707776	
0.610960	0.425058	1.141845	0.000000	
0.732363	0.202507	2.750557	0.590148	
0.382002	0.684973	1.330881	0.000017	
0.209684	0.727226	2.686435	0.632083	
0.221315	0.721583	2.468609	0.585876	
0.320772	0.321530	0.455295	0.767861	
0.364432	0.620692	1.148544	0.607242	
0.282058	0.641640	1.706529	0.813048	
0.497232	0.501538	0.719166	0.086697	
0.751538	0.197309	2.997770	0.000001	
0.155983	0.156008	0.220650	0.950196	
