0.374644	0.523501	0.911432	0.623878	
0.483341	0.480635	0.684314	0.273315	
0.380176	0.628764	1.371236	0.359331	
0.042811	0.042814	0.060549	0.996364	
0.277888	0.727724	1.975697	0.392574	
0.340821	0.686447	1.529859	0.000000	
0.333780	0.345257	0.498813	0.756213	
0.245053	0.244458	0.346957	0.873454	
0.522446	0.372854	0.897998	0.623128	
0.172173	0.738331	3.250896	0.781529	
0.675232	0.248758	1.992303	0.805395	
0.188230	0.746830	3.073786	0.442063	
0.702806	0.281315	1.889638	0.338295	
0.737618	0.181199	3.173159	0.729107	
0.656215	0.345118	1.514377	0.365125	
0.558637	0.461615	0.877141	0.001560	
0.227380	0.750267	2.581111	0.000588	
0.167064	0.165676	0.237132	0.948254	
0.680752	0.348982	1.495620	0.000000	
0.091649	0.091574	0.129676	0.983654	
0.000000	0.000000	0.000000	1.018053	
0.458759	0.564644	0.899748	0.009309	
0.378331	0.655028	1.260731	0.298769	
0.248833	0.674546	1.949022	0.789904	
0.145688	0.144382	0.206947	0.962650	
0.628533	0.402606	1.138633	0.273166	
0.748980	0.194280	3.160173	0.339366	
0.741252	0.224081	2.565326	0.000000	
0.177098	0.758246	3.344368	0.019957	
0.698451	0.276804	1.894038	0.428629	
0.212181	0.734599	2.968868	0.561026	
0.167130	0.166066	0.237025	0.946856	
0.177826	0.757949	3.332494	0.052210	
0.740657	0.225622	2.543946	0.000000	
0.043558	0.043557	0.061601	0.996207	
0.274750	0.728503	2.002064	0.397087	
0.470991	0.475507	0.676022	0.328648	
0.678612	0.340276	1.511231	0.014784	
0.409653	0.596739	1.071200	0.288070	
0.745948	0.207127	2.918986	0.429876	
0.345180	0.644099	1.510476	0.489415	
0.468334	0.550315	0.853392	0.008997	
0.605978	0.396905	1.102663	0.308198	
0.737432	0.181758	3.162036	0.726688	
0.339500	0.677452	1.511576	0.000000	
0.365849	0.550938	0.983316	0.666001	
0.675231	0.248758	1.992293	0.805392	
0.214698	0.214094	0.304008	0.905136	
0.228144	0.739452	2.507964	0.000000	
0.145508	0.144485	0.206505	0.961484	
0.558076	0.463325	0.879088	0.000681	
0.040338	0.040292	0.057071	0.997498	
0.175300	0.737891	3.191867	0.759213	
0.514751	0.364213	0.889809	0.662266	
0.659432	0.340860	1.546508	0.371469	
0.091136	0.091221	0.129064	0.983824	
0.278581	0.277444	0.394844	0.833653	
0.238915	0.670417	1.997026	0.877222	
0.616056	0.393209	1.153408	0.273965	
0.177218	0.758208	3.341882	0.019943	
0.665106	0.357261	1.424630	0.000000	
0.199035	0.199890	0.282892	0.919757	
0.357428	0.522347	0.927692	0.681972	
0.698447	0.276813	1.894038	0.428629	
0.239666	0.726445	2.328034	0.341383	
0.447995	0.576342	0.940151	0.028467	
0.175300	0.737891	3.191867	0.759213	
0.168666	0.168663	0.238531	0.941398	
0.352898	0.671792	1.448793	0.000000	
0.755908	0.185375	3.255505	0.000000	
0.145500	0.144489	0.206485	0.961430	
0.559222	0.461612	0.885268	0.023062	
0.394786	0.618197	1.169800	0.258514	
0.280955	0.728212	1.926117	0.484378	
0.000000	0.000000	0.000000	1.086926	
0.469115	0.468503	0.664022	0.348546	
0.415807	0.596709	1.038582	0.336688	
0.072301	0.072300	0.102250	0.989504	
0.181022	0.756920	3.264490	0.019504	
0.272989	0.287149	0.417383	0.859572	
0.648138	0.351238	1.438585	0.403175	
0.736588	0.201595	2.940706	0.595193	
0.672195	0.243845	1.960906	0.873778	
0.406075	0.381495	0.593365	0.650506	
0.044309	0.044308	0.062664	0.996087	
0.239755	0.669811	1.987699	0.874375	
0.044309	0.044308	0.062664	0.996087	
0.238004	0.692743	2.194853	0.771362	
0.186495	0.186494	0.263745	0.927840	
0.172420	0.739722	3.268774	0.758071	
0.359259	0.648364	1.436065	0.330759	
0.533684	0.479998	0.801164	0.001192	
0.194267	0.752440	3.018590	0.018115	
0.582998	0.303134	1.278416	0.827675	
0.409351	0.577685	0.997965	0.355302	
0.278570	0.277450	0.394814	0.833618	
0.145331	0.144583	0.206059	0.960308	
0.746742	0.200546	3.043201	0.327943	
0.441136	0.587424	1.008908	0.000013	
0.732300	0.244943	2.339109	0.250491	
0.192975	0.732042	2.871609	0.683121	
0.671540	0.236298	2.019130	0.899649	
0.693466	0.279358	1.854307	0.460192	
0.245911	0.245416	0.348121	0.872174	
0.670047	0.353068	1.507421	0.001653	
0.331906	0.476561	0.827146	0.803456	
0.595207	0.403720	1.075222	0.321075	
0.277347	0.709626	2.068431	0.307084	
0.000000	0.000000	0.000000	1.088040	
0.125588	0.125355	0.177786	0.969218	
0.637496	0.362432	1.358803	0.385113	
0.351697	0.707644	1.515925	0.000000	
0.408335	0.594819	1.067755	0.306134	
0.287558	0.702443	1.863828	0.283175	
0.378068	0.565091	1.016195	0.528476	
0.249445	0.248536	0.353453	0.869448	
0.409811	0.607771	1.105380	0.219094	
0.429328	0.601181	1.073152	0.000013	
0.071803	0.071798	0.101547	0.989676	
0.346001	0.336315	0.496317	0.747332	
0.000000	0.000000	0.000000	1.291905	
0.145149	0.144681	0.205606	0.959109	
0.653583	0.341351	1.443165	0.404210	
0.515339	0.379128	0.868385	0.608909	
0.169387	0.169349	0.239573	0.941021	
0.755908	0.185375	3.255505	0.000000	
0.604307	0.415339	1.064802	0.269743	
0.044312	0.044306	0.062671	0.996149	
0.735830	0.203312	2.905167	0.588443	
0.175300	0.737891	3.191867	0.759213	
0.177816	0.758018	3.329563	0.019873	
0.260265	0.667981	1.839825	0.755201	
0.620147	0.408986	1.143884	0.000014	
0.550551	0.467662	0.851703	0.015082	
0.246173	0.725291	2.429536	0.354885	
0.480536	0.487335	0.693796	0.262804	
0.339240	0.648836	1.559453	0.502487	
0.680002	0.245645	1.981786	0.828953	
0.706657	0.272579	1.964213	0.350882	
0.370405	0.658349	1.436621	0.000015	
0.028252	0.028250	0.039955	0.998448	
0.145159	0.144679	0.205624	0.959161	
0.246058	0.245333	0.348491	0.872696	
0.280448	0.276405	0.399749	0.839494	
0.699592	0.307525	1.777739	0.001337	
0.234696	0.694297	2.233586	0.783663	
0.270002	0.711964	2.038450	0.303146	
0.387145	0.623197	1.320598	0.348941	
0.465739	0.472746	0.674163	0.354240	
0.409364	0.614635	1.119579	0.200165	
0.661931	0.254447	1.842794	0.826607	
0.740744	0.225521	2.550450	0.000000	
0.565402	0.323918	1.135762	0.753976	
0.734871	0.189055	3.008571	0.693351	
0.245287	0.745568	2.344909	0.000002	
0.720999	0.250997	2.193628	0.324749	
0.333261	0.508924	0.928064	0.777081	
0.192683	0.745279	2.994375	0.431312	
0.659057	0.335200	1.569283	0.415814	
0.403484	0.623960	1.153710	0.032820	
0.123797	0.123704	0.175097	0.969370	
0.185262	0.733698	2.995999	0.731330	
0.598378	0.410963	1.070771	0.269905	
0.540835	0.474754	0.819359	0.001209	
0.451022	0.573563	0.934849	0.008383	
0.186724	0.186371	0.264342	0.929024	
0.026916	0.026915	0.038065	0.998563	
0.483034	0.485562	0.688565	0.252673	
0.660024	0.258087	1.814538	0.815508	
0.486955	0.522524	0.769789	0.014652	
0.591207	0.411906	1.079900	0.311179	
0.246058	0.245333	0.348491	0.872696	
0.178741	0.736767	3.124475	0.744033	
0.284623	0.715120	1.925367	0.187344	
0.351055	0.345720	0.500257	0.725971	
0.744201	0.218929	2.770131	0.000000	
0.332234	0.578711	1.130303	0.748672	
0.255673	0.705275	2.068676	0.512869	
0.658028	0.362420	1.382095	0.126126	
0.729188	0.217836	2.667706	0.543453	
0.145088	0.144718	0.205445	0.958691	
0.390433	0.391751	0.554872	0.624973	
0.409653	0.596739	1.071200	0.288070	
0.400063	0.629946	1.177804	0.000000	
0.209629	0.735594	3.016895	0.569553	
0.651003	0.337748	1.435472	0.410834	
0.198253	0.751041	2.950777	0.017734	
0.352880	0.644463	1.398924	0.375445	
0.542013	0.474492	0.826491	0.001215	
0.125438	0.125437	0.177397	0.968024	
0.715494	0.264089	2.064119	0.307668	
0.169387	0.169349	0.239573	0.941021	
0.643273	0.362007	1.306048	0.314885	
0.688740	0.327667	1.697573	0.001824	
0.344822	0.546875	1.044893	0.711744	
0.373711	0.650875	1.306862	0.000000	
0.744439	0.218522	2.776730	0.000000	
0.318874	0.675865	1.794666	0.461205	
0.405830	0.581508	1.014802	0.359484	
0.295412	0.690325	2.120341	0.515840	
