0.858784	0.331950	0.002289	0.005975	7.975568	
0.013667	0.000587	0.663068	0.914652	7.790919	
0.804689	0.112241	0.904578	0.806812	5.061333	
0.673508	0.669097	0.001645	0.657339	8.000899	
0.294584	0.001947	0.001761	0.000029	9.604681	
0.000026	0.662146	0.664750	0.673828	8.052663	
0.641161	0.037394	0.001098	0.919522	7.909569	
0.000471	0.289429	0.000722	0.000000	9.593391	
0.000041	0.748971	0.023164	0.989122	7.614129	
0.902110	0.125791	0.809910	0.786403	5.040284	
0.000020	0.001620	0.306748	0.000000	9.630699	
0.946349	0.030385	0.673998	0.012240	7.822941	
0.028566	0.946871	0.021253	0.660850	7.912833	
0.906474	0.005236	0.000305	0.657440	7.788400	
0.854466	0.921835	0.793251	0.091511	5.075769	
0.920679	0.861094	0.852084	0.199572	4.681130	
0.000000	0.000000	0.000000	0.000000	10.000016	
0.297361	0.041208	0.000660	0.367603	9.335012	
0.011896	0.004931	0.364256	0.387266	9.523750	
0.017705	0.000858	0.946184	0.729108	7.439246	
0.000471	0.291479	0.309772	0.000000	9.301936	
0.666018	0.922044	0.021478	0.027955	7.737207	
0.670618	0.000008	0.667038	0.676842	7.894043	
0.000265	0.000088	0.002044	0.787974	8.655050	
0.844429	0.190749	0.852645	0.190289	5.873197	
0.844414	0.090643	0.856156	0.921974	4.924451	
0.000020	0.761804	0.000724	0.000000	8.643731	
0.000218	0.002199	0.762691	0.004814	8.632758	
0.315841	0.322701	0.000049	0.025605	9.253161	
0.293377	0.035109	0.347577	0.015957	9.233140	
0.844414	0.832218	0.855911	0.841599	3.279909	
0.000342	0.948993	0.683276	0.028049	7.791279	
0.000263	0.000740	0.000806	0.311189	9.637611	
0.000619	0.325466	0.000049	0.393498	9.467935	
0.663827	0.111536	0.883409	0.003411	7.544794	
0.039523	0.865610	0.810577	0.839886	4.978950	
0.858784	0.894902	0.226488	0.148067	5.953191	
0.009174	0.647989	0.973488	0.000003	8.296105	
0.764232	0.000084	0.010821	0.000002	8.654077	
0.148571	0.784540	0.883609	0.805972	4.965114	
0.657972	0.676961	0.677946	0.003411	7.933977	
0.143780	0.814976	0.776608	0.911563	5.078367	
0.001691	0.736912	0.102052	0.058861	8.805016	
0.311766	0.000169	0.288411	0.000000	9.218613	
0.673508	0.669097	0.000639	0.657339	8.001901	
0.824909	0.190749	0.882458	0.197566	5.929295	
0.018147	0.010364	0.805432	0.729108	7.250991	
0.279357	0.297684	0.000282	0.057044	9.136892	
0.011469	0.000190	0.364256	0.387266	9.529085	
0.000263	0.000080	0.002088	0.311189	9.780693	
0.897905	0.861094	0.852084	0.206268	4.587775	
0.818309	0.112241	0.883450	0.763102	5.163263	
0.010719	0.225111	0.287744	0.000409	9.176378	
0.844414	0.838119	0.856156	0.841599	3.267828	
0.002881	0.686712	0.656112	0.670265	7.899610	
0.028993	0.928415	0.021253	0.660850	7.805423	
0.112463	0.780584	0.092448	0.883597	6.511435	
0.315841	0.000767	0.000049	0.000015	9.656796	
0.861022	0.132223	0.862498	0.213738	5.950999	
0.000049	0.003154	0.306748	0.000000	9.614286	
0.039055	0.252771	0.037956	0.032134	9.427740	
0.648251	0.004455	0.000049	0.403035	9.376980	
0.905728	0.005236	0.000307	0.656283	7.793527	
0.149923	0.822320	0.904737	0.787044	4.967073	
0.157080	0.814976	0.776608	0.911563	5.049038	
0.764232	0.000084	0.011088	0.000002	8.619641	
0.001691	0.657931	0.030253	0.306315	8.975811	
0.001691	0.657931	0.868239	0.306315	7.323252	
0.881213	0.127555	0.776608	0.911563	5.049750	
0.844414	0.832218	0.918143	0.039079	5.212160	
0.017435	0.000137	0.008689	0.000000	9.970353	
0.034874	0.190749	0.867913	0.016706	7.869696	
0.019165	0.923240	0.663462	0.016450	7.781574	
0.004874	0.127291	0.000722	0.914394	8.173857	
0.853001	0.896860	0.804984	0.084234	4.945616	
0.898360	0.297684	0.000282	0.057044	7.908381	
0.013382	0.003311	0.645281	0.881462	7.791933	
0.666018	0.922044	0.021478	0.006321	7.765771	
0.641161	0.005005	0.001098	0.919522	7.954530	
0.668299	0.004455	0.737078	0.403035	8.152679	
0.004500	0.041208	0.000660	0.367603	9.726578	
0.897905	0.860440	0.780885	0.912759	3.667654	
0.648251	0.004455	0.027084	0.403035	9.343056	
0.000023	0.268471	0.309772	0.000000	9.436379	
0.012849	0.647989	0.059309	0.000003	9.401374	
0.147703	0.686712	0.883302	0.795311	5.682954	
0.002205	0.190749	0.867913	0.016706	7.919845	
0.889651	0.252771	0.037956	0.032134	7.823926	
0.018528	0.019596	0.000722	0.000554	9.960432	
0.001691	0.736912	0.671650	0.096056	8.202683	
0.149923	0.827210	0.904737	0.885357	4.806605	
0.307278	0.031435	0.868239	0.308256	7.512017	
0.014715	0.000594	0.359846	0.381644	9.529263	
0.927788	0.000137	0.008689	0.003305	8.733809	
0.016114	0.669097	0.001656	0.657339	8.712651	
0.136608	0.101631	0.809910	0.915951	6.391049	
0.853511	0.921835	0.794246	0.091511	5.212379	
0.859542	0.000594	0.359846	0.156018	7.915579	
0.000368	0.215945	0.000141	0.022669	9.616859	
0.673508	0.666265	0.001645	0.656167	8.029754	
