0.781782	0.804978	0.171973	0.938246	5.149943	
0.000098	0.667465	0.674399	0.657709	8.005053	
0.000000	0.003357	0.753802	0.000000	8.711889	
0.329647	0.297376	0.006419	0.000116	9.262013	
0.000074	0.020474	0.910832	0.677008	7.695919	
0.000523	0.005221	0.293561	0.004785	9.605942	
0.855570	0.895561	0.799122	0.035218	5.077818	
0.298859	0.000003	0.000000	0.000031	9.606481	
0.830697	0.833964	0.161557	0.212077	5.947714	
0.880543	0.819935	0.844713	0.002960	5.032944	
0.000000	0.000000	0.000000	0.000000	10.089353	
0.674317	0.673260	0.000190	0.667983	8.080358	
0.014302	0.000080	0.287546	0.285390	9.167397	
0.098329	0.863219	0.872669	0.229875	6.026904	
0.838586	0.846469	0.854481	0.847964	3.262117	
0.001797	0.311947	0.004944	0.298365	9.269774	
0.855570	0.004957	0.293848	0.002060	7.914291	
0.000104	0.000050	0.000001	0.770626	8.594226	
0.615247	0.011161	0.289993	0.001918	9.257841	
0.771671	0.000080	0.000000	0.001425	8.718692	
0.232555	0.901122	0.798104	0.776548	4.958198	
0.353873	0.021876	0.000000	0.935462	8.324602	
0.669949	0.656933	0.668278	0.002255	8.034488	
0.793995	0.786488	0.923652	0.095048	5.270133	
0.650972	0.925287	0.003294	0.092744	7.758422	
0.002849	0.327157	0.288225	0.002517	9.243314	
0.000005	0.754655	0.000232	0.000104	8.690484	
0.787342	0.910787	0.104308	0.792029	5.194251	
0.096675	0.804371	0.937063	0.831202	5.147834	
0.353873	0.000000	0.000000	0.313429	9.343151	
0.010992	0.940720	0.654401	0.011450	7.957727	
0.860969	0.032228	0.016936	0.657706	7.647754	
0.097372	0.804081	0.799654	0.938246	5.236307	
0.795875	0.120046	0.927054	0.777483	5.264870	
0.006773	0.002090	0.032437	0.304119	9.589919	
0.026803	0.892820	0.005631	0.666115	7.650340	
0.907739	0.004957	0.835416	0.889295	5.079477	
0.006558	0.020994	0.642930	0.936319	8.003435	
0.673309	0.003256	0.661601	0.674819	8.042594	
0.000011	0.327334	0.828152	0.002517	7.998516	
0.020907	0.646497	0.035903	0.894184	7.762152	
0.648918	0.005242	0.926696	0.001995	7.940591	
0.879380	0.649137	0.006170	0.014125	7.759106	
0.002644	0.280873	0.003127	0.001913	9.597178	
0.880021	0.819935	0.108443	0.790900	5.147984	
0.097372	0.804081	0.819529	0.938246	5.163415	
0.918042	0.853880	0.860915	0.219306	4.703065	
0.000231	0.646205	0.843069	0.001948	7.795069	
0.000011	0.005481	0.288225	0.002517	9.587801	
0.010992	0.940720	0.657720	0.011450	7.934390	
0.096675	0.803071	0.925785	0.848247	5.046669	
0.011390	0.000163	0.910832	0.677008	7.710265	
0.000082	0.000050	0.000001	0.770626	8.874757	
0.830697	0.833964	0.292156	0.212077	5.868496	
0.869827	0.291537	0.033332	0.004857	7.863582	
0.006558	0.003964	0.661324	0.936319	7.896650	
0.795509	0.908046	0.101629	0.783134	5.195127	
0.635719	0.005242	0.907183	0.001995	7.942392	
0.353873	0.328862	0.305746	0.312787	8.616341	
0.000011	0.327334	0.288225	0.002517	9.247231	
0.873439	0.678985	0.844713	0.002960	5.898796	
0.807804	0.861141	0.863611	0.213785	4.620604	
0.017496	0.646497	0.035903	0.894184	7.766901	
0.771782	0.804978	0.171215	0.909835	5.068011	
0.638710	0.047279	0.000439	0.847053	7.775407	
0.674467	0.002718	0.661601	0.667765	8.006273	
0.314449	0.000080	0.290585	0.285390	8.818074	
0.000005	0.754655	0.000232	0.004598	8.685733	
0.845321	0.854363	0.854481	0.853095	3.245271	
0.855570	0.005221	0.293561	0.002060	7.914396	
0.318182	0.876822	0.337891	0.892418	6.021554	
0.674317	0.673260	0.000190	0.675024	7.863908	
0.231482	0.000000	0.000155	0.048690	9.640090	
0.880543	0.819935	0.005839	0.850815	5.026757	
0.768324	0.000080	0.000033	0.011475	8.670598	
0.795875	0.277315	0.950972	0.775642	5.227100	
0.006558	0.000077	0.642930	0.314136	9.122771	
0.204225	0.863683	0.864795	0.214519	5.814643	
0.329647	0.876822	0.119710	0.000116	7.755047	
0.002644	0.300894	0.003089	0.304065	9.257422	
0.000000	0.000000	0.000000	0.000000	10.001522	
0.861815	0.026781	0.053031	0.632897	7.775723	
0.002644	0.296512	0.002670	0.018919	9.594034	
0.102900	0.864693	0.173513	0.229875	7.395889	
0.000000	0.000000	0.000000	0.218174	9.601883	
0.798404	0.861141	0.919379	0.214342	4.867472	
0.232555	0.901122	0.798104	0.809410	4.805018	
0.000000	0.003357	0.760192	0.002172	8.648393	
0.000005	0.911467	0.104285	0.111124	8.016743	
0.026343	0.646497	0.036114	0.876751	7.715528	
0.102900	0.864693	0.816320	0.849104	4.842288	
0.638710	0.047279	0.000184	0.847053	7.775456	
0.321738	0.910579	0.320635	0.002752	7.692372	
0.879860	0.653294	0.002590	0.853095	6.059846	
0.098799	0.876822	0.119710	0.843188	6.240615	
0.769084	0.804978	0.171215	0.914023	5.099453	
0.000147	0.668193	0.674399	0.657709	7.999892	
0.801631	0.908741	0.002673	0.851944	5.142734	
0.096675	0.859804	0.937063	0.818512	5.066991	
0.855570	0.005221	0.290707	0.002060	7.949880	
