0.671031	0.000235	0.620658	0.660502	8.332882	
0.839632	0.195228	0.850014	0.219343	5.840425	
0.205010	0.847277	0.846779	0.141698	5.957211	
0.027468	0.900197	0.604774	0.001399	8.085904	
0.862077	0.860283	0.868596	0.862002	3.233505	
0.870564	0.000371	0.000484	0.304054	7.966660	
0.002008	0.001598	0.869357	0.629239	7.897109	
0.107525	0.867159	0.109806	0.857572	6.215874	
0.001318	0.857146	0.825690	0.824370	5.027537	
0.000000	0.000000	0.000000	0.000000	10.513427	
0.038825	0.551306	0.007777	0.868680	8.189460	
0.796898	0.899119	0.033352	0.799007	5.222451	
0.784471	0.816505	0.896002	0.130052	4.998511	
0.297361	0.288810	0.002855	0.000433	9.204661	
0.308621	0.013806	0.334956	0.002266	9.275093	
0.745311	0.000075	0.000497	0.000115	8.819031	
0.858319	0.853467	0.145134	0.144451	6.044684	
0.001891	0.299660	0.004129	0.339133	9.350952	
0.395183	0.880472	0.074812	0.000283	8.046652	
0.661151	0.660218	0.000874	0.658011	8.246149	
0.002695	0.001491	0.726149	0.000005	8.918878	
0.648612	0.044168	0.003108	0.924371	7.883215	
0.000021	0.002528	0.268712	0.000968	9.577279	
0.000000	0.756763	0.000000	0.000000	9.019951	
0.071867	0.238451	0.859226	0.848364	6.078970	
0.000000	0.262867	0.000483	0.002328	9.778756	
0.030850	0.797926	0.903883	0.797439	5.249220	
0.001026	0.322443	0.344568	0.001396	9.336756	
0.922057	0.824172	0.792966	0.085562	5.145158	
0.292739	0.000075	0.000497	0.000033	9.708498	
0.642077	0.665169	0.647988	0.000586	8.316963	
0.791987	0.084013	0.748950	0.894077	5.415240	
0.785881	0.104993	0.896002	0.776117	5.231769	
0.804673	0.902809	0.796519	0.007044	5.251540	
0.967291	0.105971	0.837615	0.792026	5.416807	
0.757848	0.775659	0.115184	0.884515	5.355159	
0.004235	0.318987	0.881062	0.001862	7.971997	
0.636669	0.001628	0.896243	0.032846	7.870716	
0.002515	0.000278	0.645013	0.909114	7.903938	
0.857233	0.297596	0.032593	0.016813	7.850427	
0.010744	0.863314	0.003178	0.317370	7.929491	
0.843200	0.040901	0.343172	0.010791	7.940694	
0.104976	0.794284	0.796026	0.919162	5.176993	
0.264313	0.000371	0.000495	0.303815	9.225894	
0.020096	0.016619	0.288225	0.291324	9.147790	
0.845471	0.182177	0.132903	0.857709	6.001929	
0.002469	0.001598	0.000562	0.727681	8.885584	
0.001930	0.654951	0.648141	0.651723	8.320940	
0.000033	0.000000	0.004254	0.271625	9.576758	
0.111011	0.798012	0.904134	0.798023	5.105812	
0.773086	0.818946	0.896002	0.202311	4.912190	
0.885313	0.006660	0.848906	0.862002	4.986269	
0.806998	0.004747	0.002150	0.781511	7.254518	
0.881008	0.289407	0.620553	0.022025	7.733121	
0.806964	0.001598	0.002150	0.727681	7.406026	
0.767035	0.796051	0.115750	0.884515	5.193591	
0.009953	0.321472	0.037298	0.838539	7.909897	
0.845471	0.182177	0.136049	0.857709	5.995581	
0.000000	0.000000	0.000000	0.000000	10.346147	
0.002695	0.001491	0.728015	0.001507	8.871819	
0.292739	0.000075	0.000497	0.000115	9.626676	
0.662245	0.324037	0.618192	0.341359	8.401850	
0.110409	0.796497	0.796026	0.919162	5.153313	
0.731628	0.000367	0.000497	0.000115	8.853854	
0.856245	0.272079	0.032593	0.020863	7.824288	
0.000000	0.262867	0.000000	0.002328	9.987192	
0.773086	0.818946	0.278184	0.202311	6.135986	
0.019662	0.000159	0.013434	0.658276	9.408244	
0.635206	0.001724	0.890237	0.018321	7.874625	
0.000021	0.002528	0.265045	0.211385	9.172605	
0.000021	0.000080	0.277707	0.007182	9.591157	
0.297361	0.288810	0.036318	0.000433	9.150568	
0.304455	0.000048	0.341497	0.002266	9.298763	
0.201461	0.868840	0.132903	0.857973	5.968124	
0.661151	0.634441	0.000874	0.658011	8.574155	
0.922057	0.824172	0.792659	0.088933	5.150211	
0.000609	0.659622	0.648141	0.010683	8.839118	
0.027468	0.900197	0.585151	0.001399	8.290158	
0.823718	0.900414	0.796519	0.007072	5.177571	
0.006799	0.036110	0.011531	0.251835	9.509095	
0.856199	0.834149	0.867646	0.838806	3.277144	
0.059825	0.238451	0.859226	0.848364	6.104394	
0.670618	0.664369	0.881062	0.004494	7.299727	
0.006077	0.660218	0.000874	0.656411	8.877689	
0.205010	0.847277	0.846779	0.183215	5.867511	
0.859245	0.194584	0.826959	0.219343	5.862344	
0.795509	0.899119	0.106073	0.799007	5.077139	
0.027468	0.900197	0.011552	0.011268	8.317797	
0.006638	0.026039	0.858199	0.283955	7.858068	
0.107525	0.867159	0.000797	0.847000	6.451541	
0.006114	0.848709	0.323945	0.829688	6.547362	
0.003418	0.816505	0.931527	0.130052	6.633479	
0.204316	0.054108	0.000495	0.300514	9.283742	
0.265818	0.862993	0.028038	0.651384	7.467223	
0.020096	0.045073	0.288225	0.291324	9.123046	
0.265818	0.862993	0.000495	0.155271	7.617929	
0.027468	0.900512	0.011552	0.011268	8.316385	
0.859268	0.194584	0.825091	0.219343	5.866501	
0.104976	0.794284	0.750312	0.919162	5.567131	
0.871088	0.237463	0.132698	0.852493	5.939715	
