0.285136	0.000424	0.000250	0.001955	9.651826	
0.000000	0.000000	0.000000	0.000000	10.000026	
0.175039	0.938652	0.775105	0.808218	5.170923	
0.290436	0.321530	0.012692	0.027956	9.193721	
0.009909	0.665715	0.014358	0.903754	7.698212	
0.902951	0.640293	0.000107	0.019727	7.876788	
0.767689	0.000031	0.000250	0.001955	8.627799	
0.852890	0.921321	0.076730	0.844901	4.980666	
0.635755	0.901300	0.001398	0.041815	7.864472	
0.000053	0.009846	0.002578	0.775134	8.551034	
0.913993	0.785649	0.125303	0.774608	5.256149	
0.798140	0.031957	0.936356	0.806068	5.355522	
0.030488	0.920437	0.650876	0.033126	7.816001	
0.287196	0.020740	0.000571	0.299586	9.269567	
0.793416	0.780525	0.940364	0.091422	5.413003	
0.000188	0.000444	0.756341	0.000779	8.678144	
0.165763	0.855750	0.843275	0.196464	5.908767	
0.317077	0.001807	0.287772	0.000000	9.226135	
0.862295	0.158170	0.821839	0.774499	4.938579	
0.661105	0.011808	0.046587	0.949567	7.928467	
0.845139	0.850641	0.836087	0.822195	3.314162	
0.881824	0.030079	0.650588	0.000782	7.736311	
0.001105	0.303661	0.000341	0.000946	9.610708	
0.000590	0.908390	0.011245	0.655674	7.803099	
0.115184	0.789688	0.800733	0.904641	5.093677	
0.000062	0.000165	0.647758	0.912683	7.886836	
0.666460	0.682377	0.000822	0.655281	7.966286	
0.674256	0.697577	0.652827	0.000410	7.813679	
0.834048	0.915324	0.795605	0.141078	4.958151	
0.940282	0.000033	0.010184	0.678710	7.813171	
0.000007	0.000000	0.000546	0.309208	9.621706	
0.658928	0.005245	0.668820	0.678710	7.957179	
0.008883	0.310831	0.013604	0.298109	9.205501	
0.000000	0.789870	0.000243	0.000007	8.582015	
0.000000	0.000000	0.292241	0.000028	9.597563	
0.007146	0.737332	0.946358	0.000007	7.395174	
0.000000	0.000279	0.293768	0.347426	9.297809	
0.003421	0.673902	0.663178	0.666428	7.974913	
0.651272	0.007056	0.942385	0.030632	7.977524	
0.788468	0.128788	0.812429	0.935088	5.182414	
0.854561	0.803789	0.825172	0.151066	4.789065	
0.199833	0.789688	0.894897	0.773991	5.026275	
0.007368	0.023335	0.943947	0.666428	7.884014	
0.000874	0.308532	0.307052	0.002547	9.239051	
0.000000	0.310831	0.013268	0.007533	9.746449	
0.169342	0.208201	0.846104	0.840564	5.896406	
0.286202	0.000208	0.014486	0.001935	9.596891	
0.622456	0.901300	0.005180	0.007645	7.992761	
0.115184	0.789688	0.801181	0.904641	5.091423	
0.658928	0.000009	0.675854	0.678710	7.913755	
0.028631	0.908390	0.015953	0.679989	7.586991	
0.651272	0.007056	0.002732	0.665599	8.784314	
0.862295	0.204534	0.824458	0.815936	4.645347	
0.000067	0.665715	0.661971	0.001352	8.709562	
0.913942	0.797590	0.125303	0.774608	5.198826	
0.165763	0.858896	0.860986	0.217708	5.872367	
0.000053	0.009846	0.002578	0.764651	8.613150	
0.171743	0.000029	0.299400	0.756072	7.943779	
0.000304	0.673413	0.663178	0.666428	7.985077	
0.815567	0.790237	0.906557	0.059925	5.179749	
0.923119	0.001963	0.017979	0.671477	7.762145	
0.000000	0.809739	0.292241	0.000028	8.004232	
0.000188	0.000134	0.756341	0.001352	8.677909	
0.007015	0.737941	0.942783	0.000970	7.367837	
0.288452	0.128785	0.293238	0.000785	8.941708	
0.175220	0.919069	0.770913	0.811961	5.079052	
0.000000	0.768534	0.000243	0.000007	8.603275	
0.001105	0.290164	0.000128	0.668668	8.916874	
0.000059	0.660772	0.010159	0.903754	7.749732	
0.189226	0.836233	0.928690	0.773013	5.290860	
0.854561	0.851272	0.825342	0.822195	3.333004	
0.000062	0.000165	0.000578	0.266832	9.577870	
0.000031	0.000279	0.293768	0.013611	9.583881	
0.653756	0.007056	0.931715	0.030632	7.891295	
0.771851	0.000031	0.000250	0.001955	8.602566	
0.822670	0.985296	0.292241	0.790430	5.318513	
0.860187	0.901300	0.868731	0.041815	4.936631	
0.000142	0.016055	0.615047	0.239692	9.231477	
0.831629	0.903840	0.800294	0.160504	4.843967	
0.854561	0.848808	0.033610	0.030775	6.540585	
0.000119	0.022775	0.021927	0.000028	9.946595	
0.862295	0.214073	0.824458	0.160873	5.934038	
0.854561	0.851272	0.825342	0.155592	4.662697	
0.791957	0.169341	0.799797	0.935088	5.106304	
0.290436	0.321530	0.289457	0.000410	8.835422	
0.783366	0.785225	0.124744	0.941913	5.358195	
0.650489	0.015071	0.046587	0.830063	7.723096	
0.822670	0.985296	0.292241	0.790430	5.318513	
0.000059	0.665715	0.010142	0.903754	7.714260	
0.169717	0.000455	0.000071	0.000785	9.659561	
0.001488	0.287297	0.004558	0.668668	8.908206	
0.135524	0.001171	0.000071	0.000785	9.770193	
0.854561	0.851272	0.825342	0.027703	4.937460	
0.669391	0.000444	0.020346	0.000779	9.410315	
0.000000	0.000000	0.292241	0.000028	9.597563	
0.006375	0.757524	0.943581	0.000970	7.240872	
0.021004	0.809739	0.292241	0.018025	7.951887	
0.830755	0.813642	0.830335	0.151066	4.910799	
0.199833	0.789688	0.005619	0.769627	7.091768	
0.783366	0.785225	0.448628	0.932303	5.490560	
