0.027114	0.659934	0.927976	0.022685	7.820066	
0.898098	0.779947	0.773482	0.133238	5.218220	
0.017679	0.026486	0.910233	0.296289	7.960133	
0.000162	0.000383	0.000033	0.750875	8.719093	
0.622217	0.008307	0.000119	0.902856	8.013869	
0.338994	0.001827	0.000094	0.415617	9.556419	
0.670399	0.671135	0.658023	0.001510	8.003360	
0.303926	0.000000	0.000000	0.000000	9.716512	
0.898467	0.779947	0.175781	0.788738	5.046703	
0.126282	0.259413	0.867477	0.869355	5.964084	
0.686990	0.029278	0.940406	0.015340	7.688828	
0.023729	0.839175	0.011389	0.325876	7.939720	
0.670399	0.655784	0.005408	0.665216	8.089210	
0.779220	0.153711	0.893415	0.789452	5.075604	
0.874693	0.002391	0.645312	0.046771	7.740581	
0.919241	0.002151	0.028311	0.669158	7.730225	
0.000001	0.000895	0.771268	0.000000	8.587210	
0.005964	0.763604	0.000017	0.000439	8.656081	
0.000000	0.290716	0.000081	0.000000	9.601575	
0.327343	0.881209	0.048207	0.057954	7.831802	
0.133985	0.949940	0.793575	0.780977	5.371058	
0.097070	0.794105	0.934731	0.789008	5.312863	
0.000074	0.342428	0.309433	0.001446	9.330372	
0.059913	0.640716	0.006926	0.892570	7.769845	
0.916876	0.304902	0.048644	0.002211	7.987119	
0.008457	0.913354	0.712935	0.028278	7.480929	
0.752065	0.000423	0.000119	0.002195	8.739263	
0.330832	0.311396	0.048207	0.000045	9.222064	
0.000000	0.000000	0.000000	0.000000	10.005451	
0.009034	0.012572	0.712935	0.930297	7.580245	
0.004590	0.666286	0.666873	0.658898	8.055979	
0.837965	0.853688	0.001735	0.893776	4.987204	
0.008847	0.339115	0.018578	0.301681	9.258751	
0.358135	0.014888	0.329529	0.030451	9.329863	
0.837965	0.853688	0.861750	0.828187	3.287060	
0.896606	0.117593	0.798142	0.787855	5.111805	
0.000413	0.000396	0.000123	0.288460	9.623139	
0.058625	0.809032	0.807362	0.869435	5.036147	
0.000074	0.001828	0.309433	0.000909	9.807092	
0.000413	0.000260	0.310821	0.295425	9.307462	
0.670399	0.002054	0.658023	0.658967	8.091176	
0.170228	0.256109	0.866789	0.885445	5.883429	
0.837965	0.853688	0.159471	0.828187	4.693096	
0.298427	0.001889	0.006186	0.001847	9.635896	
0.888128	0.122054	0.798142	0.794641	5.017069	
0.023729	0.000409	0.011389	0.325876	9.616122	
0.327343	0.881209	0.008128	0.057257	7.945993	
0.000000	0.001027	0.774175	0.000000	8.575550	
0.000247	0.021884	0.718710	0.875860	7.392422	
0.840323	0.855203	0.065104	0.855310	4.836268	
0.017602	0.339115	0.006876	0.301681	9.262041	
0.004959	0.001939	0.284573	0.010073	9.573797	
0.007153	0.859048	0.057251	0.853800	6.522052	
0.129793	0.840405	0.737605	0.827934	5.231445	
0.003377	0.829239	0.019215	0.001444	8.315943	
0.015918	0.000260	0.872912	0.300604	7.966824	
0.877072	0.002151	0.647177	0.046771	7.758162	
0.769714	0.827288	0.721880	0.790539	4.344649	
0.000084	0.814617	0.264281	0.322786	7.614598	
0.000074	0.342428	0.309433	0.000909	9.330919	
0.882220	0.829108	0.011389	0.325876	6.311925	
0.013121	0.290716	0.000793	0.000000	9.585199	
0.686990	0.030491	0.940406	0.010823	7.692930	
0.019520	0.659934	0.927976	0.022685	7.831682	
0.898467	0.318835	0.310711	0.840108	5.952309	
0.358135	0.001491	0.326448	0.030451	9.339231	
0.779654	0.125386	0.908549	0.864719	5.009727	
0.334551	0.012732	0.000094	0.400128	9.496320	
0.898098	0.775247	0.773482	0.133238	5.244435	
0.705022	0.006862	0.016924	0.796132	7.497861	
0.913987	0.821132	0.642518	0.047378	6.274827	
0.334551	0.309192	0.048207	0.002211	9.225334	
0.672870	0.001241	0.658023	0.703645	7.890150	
0.771082	0.000371	0.000056	0.043822	8.531863	
0.705022	0.780446	0.016924	0.796132	6.038495	
0.000026	0.000895	0.268925	0.321974	9.233962	
0.000029	0.862505	0.651620	0.000003	7.817743	
0.002049	0.000876	0.005130	0.059698	9.917774	
0.097070	0.794105	0.934731	0.789008	5.312863	
0.000145	0.000383	0.000033	0.750875	8.720040	
0.000084	0.841137	0.000842	0.044446	8.263349	
0.144588	0.259413	0.868198	0.864392	5.922793	
0.000033	0.654420	0.309433	0.679139	8.309475	
0.897909	0.821132	0.649705	0.047378	6.141157	
0.702667	0.339115	0.018578	0.016622	8.855509	
0.000001	0.000895	0.328248	0.000181	9.933445	
0.054903	0.002151	0.022679	0.044898	9.832157	
0.688932	0.030315	0.708338	0.936791	7.142570	
0.000029	0.659223	0.651620	0.000003	8.957618	
0.023729	0.827916	0.002683	0.871085	6.643090	
0.082364	0.254886	0.048644	0.002211	9.373556	
0.133985	0.936730	0.318401	0.780977	6.737048	
0.670399	0.655784	0.035025	0.665216	8.053983	
0.615250	0.008307	0.000119	0.902856	8.086463	
0.191376	0.671135	0.860134	0.001510	7.295316	
0.120904	0.000876	0.902594	0.057609	8.079051	
0.641788	0.026063	0.887822	0.018562	7.798101	
0.874519	0.259413	0.867477	0.869546	4.517346	
0.898098	0.775104	0.168319	0.136424	6.361616	
0.897065	0.840470	0.066259	0.842385	4.899118	
