0.000303	0.010874	0.759115	0.000000	8.649035	
0.167415	0.788134	0.786970	0.927376	5.147825	
0.865782	0.233805	0.846490	0.833712	4.687159	
0.005681	0.377412	0.286469	0.000000	9.363403	
0.014048	0.001450	0.885753	0.657478	7.717617	
0.639652	0.893111	0.049307	0.020719	7.779014	
0.292681	0.000345	0.293710	0.000742	9.199953	
0.790542	0.882648	0.794215	0.160432	4.958044	
0.795575	0.189616	0.786970	0.883598	4.916651	
0.852197	0.002319	0.664303	0.032611	7.618612	
0.000010	0.766201	0.000001	0.002009	8.615280	
0.852001	0.840317	0.846490	0.846951	3.258670	
0.155651	0.757426	0.911456	0.826158	5.125192	
0.111282	0.888203	0.827777	0.814185	4.868068	
0.000011	0.927750	0.664491	0.003250	7.840487	
0.776230	0.156676	0.907656	0.794932	5.152623	
0.818877	0.791228	0.907286	0.032611	5.206000	
0.001445	0.663819	0.665248	0.681975	7.918065	
0.327078	0.036789	0.005087	0.318495	9.248641	
0.009398	0.298403	0.002757	0.354523	9.314182	
0.757829	0.000000	0.000016	0.000000	8.668525	
0.786097	0.869008	0.291495	0.967556	5.153202	
0.794448	0.914048	0.048291	0.846631	5.134078	
0.679589	0.666889	0.002767	0.670048	7.966248	
0.000000	0.000000	0.000000	0.000000	10.000947	
0.646846	0.002309	0.009170	0.900993	7.844494	
0.857629	0.840352	0.846490	0.100217	4.808387	
0.669587	0.017953	0.660149	0.659983	8.054135	
0.858550	0.233023	0.144435	0.853093	5.908557	
0.019294	0.000439	0.647434	0.862761	7.759583	
0.000000	0.000000	0.291739	0.299372	9.206631	
0.688545	0.661217	0.663490	0.000185	8.089906	
0.000015	0.291013	0.000001	0.000014	9.597363	
0.339557	0.245632	0.006767	0.016562	9.244324	
0.000000	0.000049	0.292332	0.000000	9.597705	
0.940979	0.030920	0.008873	0.681350	7.738297	
0.000000	0.002636	0.000003	0.760918	8.646589	
0.670902	0.015347	0.941359	0.001940	7.848228	
0.000000	0.000000	0.000830	0.299372	9.608927	
0.946771	0.649870	0.050598	0.001714	7.977050	
0.044446	0.647239	0.846050	0.003468	7.774403	
0.001218	0.932833	0.008733	0.644217	8.004292	
0.015787	0.634963	0.057204	0.891481	7.867543	
0.308454	0.000029	0.000007	0.001084	9.652084	
0.869430	0.866429	0.249621	0.146833	5.903175	
0.000000	0.000923	0.000003	0.756489	8.677763	
0.778167	0.000000	0.000016	0.001265	8.640993	
0.005681	0.377412	0.310008	0.283891	9.018738	
0.808156	0.805297	0.128591	0.852513	4.886712	
0.045186	0.000000	0.000830	0.289501	9.713341	
0.671046	0.015347	0.941359	0.001940	7.847388	
0.642510	0.861677	0.032203	0.020719	7.744610	
0.152122	0.783576	0.899977	0.826158	4.942352	
0.790930	0.882648	0.794215	0.160432	4.956932	
0.005663	0.644889	0.051106	0.874948	7.723144	
0.000280	0.904417	0.667614	0.000003	7.714008	
0.001061	0.009342	0.762116	0.006439	8.624187	
0.000000	0.000000	0.292332	0.000000	9.597717	
0.776230	0.217620	0.910428	0.791451	5.041958	
0.646846	0.049980	0.004119	0.875283	7.722219	
0.818824	0.840317	0.908322	0.041412	5.036486	
0.099600	0.881257	0.833218	0.814185	4.868589	
0.237178	0.880696	0.136250	0.857194	5.941982	
0.004523	0.647566	0.833618	0.014931	7.780218	
0.000055	0.304115	0.004296	0.000000	9.616671	
0.818408	0.882486	0.128374	0.846747	4.792706	
0.014743	0.666889	0.002767	0.670048	8.630537	
0.671940	0.666889	0.002767	0.003755	8.710770	
0.866447	0.233023	0.139732	0.853093	5.942035	
0.669587	0.000919	0.679451	0.656503	7.963856	
0.658646	0.002113	0.305311	0.045120	9.082044	
0.760317	0.000000	0.664942	0.000059	7.999444	
0.019204	0.009371	0.663272	0.862761	7.639070	
0.001445	0.663819	0.666157	0.681975	7.912011	
0.852001	0.840352	0.846490	0.833712	3.278647	
0.869430	0.866429	0.249621	0.147870	5.900931	
0.000055	0.927750	0.004296	0.003250	8.488316	
0.784271	0.869008	0.291495	0.967556	5.163107	
0.291952	0.000326	0.004680	0.000742	9.595353	
0.327078	0.051667	0.005087	0.318495	9.222043	
0.688545	0.661217	0.663474	0.000185	8.090020	
0.946771	0.645157	0.050598	0.001714	8.008738	
0.856491	0.003803	0.176723	0.853093	6.260115	
0.002305	0.000580	0.873003	0.647007	7.783875	
0.801395	0.189616	0.783508	0.883598	4.908877	
0.000000	0.000000	0.137584	0.016014	9.714640	
0.167415	0.788134	0.786970	0.927376	5.147825	
0.000010	0.796333	0.661454	0.002009	7.903550	
0.679589	0.666788	0.000271	0.015336	8.642993	
0.008613	0.002636	0.016124	0.760918	8.618837	
0.000015	0.291013	0.920738	0.000014	8.051107	
0.658646	0.002113	0.664534	0.045120	8.816062	
0.000055	0.927750	0.004296	0.320819	8.129160	
0.000055	0.927750	0.004296	0.003250	8.488316	
0.019204	0.009371	0.663272	0.862761	7.639070	
0.795575	0.216032	0.786970	0.883598	4.882221	
0.000015	0.317968	0.000001	0.302415	9.355965	
0.869355	0.865640	0.867263	0.160432	4.612017	
0.652288	0.002094	0.011728	0.780506	8.057156	
0.858513	0.152025	0.876152	0.160432	6.376057	
