0.000001	0.687193	0.670761	0.662843	7.983264	
0.117693	0.787169	0.772409	0.893678	5.233130	
0.000000	0.000003	0.000020	0.775972	8.748893	
0.786786	0.763819	0.926840	0.192803	5.235905	
0.372755	0.012376	0.004527	0.318723	9.388815	
0.937654	0.002975	0.011913	0.672434	7.841075	
0.678200	0.656817	0.664696	0.004013	8.003432	
0.622931	0.018837	0.906729	0.052301	7.923789	
0.789267	0.785808	0.125161	0.912849	5.175525	
0.006434	0.000532	0.318330	0.308650	9.254039	
0.656531	0.008781	0.000740	0.898224	7.773308	
0.006204	0.940242	0.641735	0.018857	8.037118	
0.000308	0.294946	0.000865	0.000866	9.599584	
0.019992	0.371946	0.021741	0.310927	9.337158	
0.047086	0.948444	0.001018	0.629313	8.129280	
0.000770	0.327510	0.309997	0.021653	9.253641	
0.888434	0.800040	0.820230	0.073439	5.026229	
0.853128	0.258809	0.846478	0.205184	5.801864	
0.788547	0.936909	0.792864	0.156961	5.191236	
0.842163	0.904194	0.097885	0.811310	4.931106	
0.053509	0.004833	0.932038	0.658790	7.819436	
0.660384	0.940242	0.015192	0.008345	7.911048	
0.287477	0.000023	0.313690	0.000793	9.255796	
0.013269	0.652920	0.013753	0.915176	7.830273	
0.933702	0.007233	0.669210	0.036868	7.784151	
0.000000	0.000000	0.000693	0.299686	9.616084	
0.672710	0.001009	0.665998	0.674427	7.936956	
0.851718	0.826472	0.834092	0.826376	3.343219	
0.790780	0.095647	0.816314	0.921514	5.148318	
0.000000	0.000000	0.766789	0.002189	8.613900	
0.668388	0.667418	0.003107	0.662854	8.011824	
0.027187	0.683176	0.922905	0.051519	7.565570	
0.307467	0.001595	0.002243	0.000326	9.907299	
0.040447	0.019396	0.651013	0.932300	7.880053	
0.912171	0.106213	0.823577	0.776529	5.133929	
0.356461	0.328050	0.000229	0.007821	9.370301	
0.000000	0.761040	0.000085	0.000068	8.649384	
0.000000	0.000000	0.000000	0.000000	10.000307	
0.945536	0.657261	0.011119	0.025314	7.968924	
0.000082	0.000606	0.306782	0.000000	9.743591	
0.814598	0.086013	0.927658	0.816300	5.106779	
0.771708	0.001233	0.000397	0.000055	8.729809	
0.799142	0.086013	0.927658	0.824217	5.188059	
0.000002	0.000003	0.000020	0.775972	8.643662	
0.888434	0.800040	0.768250	0.090029	5.253735	
0.000770	0.303887	0.313997	0.021653	9.218797	
0.006407	0.940242	0.656412	0.008345	7.949849	
0.307467	0.001595	0.002233	0.000326	9.907490	
0.672710	0.001009	0.665998	0.674427	7.936956	
0.358192	0.014046	0.004356	0.303741	9.326811	
0.656705	0.938516	0.015192	0.008304	7.927396	
0.771708	0.001233	0.000445	0.000055	8.721905	
0.009315	0.652920	0.027941	0.915176	7.819606	
0.822406	0.657261	0.000004	0.025752	7.730269	
0.794018	0.119154	0.816314	0.921514	5.077659	
0.914802	0.031743	0.032028	0.674487	7.672298	
0.850835	0.258809	0.846478	0.205184	5.804848	
0.912171	0.106213	0.827039	0.776529	5.125101	
0.006434	0.007047	0.000020	0.308650	9.608818	
0.000000	0.000000	0.766789	0.002294	8.611244	
0.007538	0.004025	0.632255	0.740243	8.348184	
0.824086	0.826472	0.853549	0.826376	3.378161	
0.038135	0.045814	0.283905	0.021653	9.481806	
0.664695	0.699055	0.003107	0.629136	8.054120	
0.817921	0.785808	0.125161	0.912849	5.059955	
0.857864	0.904194	0.097885	0.830212	4.864796	
0.767610	0.001248	0.833633	0.000055	6.946112	
0.788547	0.832411	0.854271	0.156961	4.823927	
0.000182	0.687193	0.670761	0.857066	6.926679	
0.678200	0.651776	0.021981	0.004013	8.658546	
0.013107	0.371946	0.021741	0.306174	9.339019	
0.004576	0.294946	0.000865	0.000866	9.595413	
0.928223	0.007233	0.665222	0.004508	7.828264	
0.016053	0.000532	0.321783	0.304679	9.243544	
0.666489	0.008783	0.021757	0.898060	7.665296	
0.788547	0.936909	0.816296	0.156961	5.097383	
0.124798	0.802774	0.772409	0.893520	5.146782	
0.006027	0.293648	0.858026	0.000806	7.899941	
0.000000	0.014765	0.003772	0.000051	9.981459	
0.324871	0.000104	0.332742	0.000018	9.717949	
0.000000	0.765963	0.000085	0.000340	8.632422	
0.034959	0.926204	0.001207	0.629313	8.021854	
0.888434	0.800040	0.820230	0.089539	4.990410	
0.053509	0.022785	0.928183	0.658790	7.776295	
0.059066	0.027348	0.306782	0.000000	9.619323	
0.668835	0.657261	0.000372	0.866009	7.103232	
0.853128	0.803203	0.845250	0.205733	4.674030	
0.656541	0.000020	0.000556	0.879354	7.728736	
0.079587	0.303746	0.309273	0.000055	9.111564	
0.007538	0.004212	0.633044	0.308003	9.181812	
0.059661	0.027398	0.000069	0.629313	9.602842	
0.307467	0.001595	0.165485	0.000326	9.606134	
0.003278	0.030604	0.768047	0.637959	8.235762	
0.695038	0.112357	0.816314	0.921514	6.000196	
0.358192	0.014046	0.001672	0.303741	9.330063	
0.768385	0.000403	0.000928	0.000055	8.612972	
0.045780	0.948444	0.760244	0.897929	5.563363	
0.000998	0.293516	0.772409	0.893678	6.533215	
0.034889	0.926204	0.001207	0.622971	8.335455	
0.928647	0.000023	0.665222	0.004508	7.838322	
