0.000001	0.000004	0.000034	0.767316	8.626821	
0.090565	0.915857	0.812961	0.810739	5.060034	
0.816877	0.787075	0.875765	0.147679	4.912109	
0.845819	0.846895	0.848050	0.858133	3.255700	
0.025159	0.029109	0.861264	0.622883	7.879291	
0.676260	0.658316	0.013437	0.674478	7.919094	
0.950361	0.794043	0.142243	0.804978	5.229136	
0.666191	0.932178	0.010950	0.032397	7.800896	
0.785745	0.907322	0.847557	0.112053	5.015837	
0.899831	0.015587	0.647644	0.030795	7.782127	
0.664935	0.001291	0.674470	0.668129	7.979166	
0.894521	0.787014	0.812077	0.147985	4.955843	
0.023133	0.661937	0.894176	0.031522	7.655621	
0.767943	0.002013	0.002620	0.001469	8.629275	
0.907993	0.000744	0.012420	0.656477	7.791844	
0.000000	0.298888	0.000286	0.000260	9.613379	
0.021388	0.004002	0.657388	0.933370	7.889199	
0.000083	0.672852	0.668619	0.669309	7.925335	
0.000052	0.000766	0.004993	0.299803	9.620781	
0.331955	0.101969	0.045603	0.919031	7.865515	
0.000034	0.000101	0.771545	0.000817	8.589286	
0.011685	0.937447	0.661763	0.021366	7.871964	
0.000000	0.000017	0.289756	0.000000	9.594817	
0.000032	0.418114	0.004927	0.900552	8.268526	
0.664935	0.666395	0.664778	0.000608	8.074317	
0.836548	0.170398	0.919042	0.804405	5.059746	
0.812084	0.881694	0.146017	0.852495	4.912218	
0.317721	0.336840	0.000061	0.001591	9.312084	
0.021203	0.301360	0.000039	0.360191	9.316141	
0.004015	0.000011	0.288684	0.299803	9.260154	
0.000581	0.763425	0.000004	0.000003	8.633385	
0.009790	0.911167	0.014680	0.643502	7.881104	
0.797808	0.781757	0.141019	0.930301	5.201819	
0.284389	0.004153	0.310211	0.011857	9.200935	
0.873479	0.666473	0.024758	0.001075	7.618634	
0.000000	0.000000	0.000000	0.000000	10.000321	
0.277575	0.000057	0.000290	0.008798	9.576060	
0.004367	0.325380	0.310951	0.001754	9.275426	
0.806750	0.130855	0.795428	0.930392	5.121576	
0.650803	0.000286	0.847293	0.027204	7.725036	
0.187150	0.786389	0.896045	0.789860	4.978227	
0.317282	0.007553	0.022115	0.299803	9.211801	
0.271514	0.004153	0.358199	0.011857	9.290904	
0.953075	0.846446	0.141072	0.856512	4.982720	
0.000586	0.763425	0.000004	0.000003	8.633186	
0.004182	0.000101	0.780703	0.000817	8.531680	
0.795519	0.781757	0.132066	0.924882	5.206251	
0.894539	0.807955	0.812597	0.147985	4.938103	
0.180548	0.030242	0.896755	0.783571	6.501833	
0.011740	0.298165	0.000039	0.360471	9.326101	
0.000000	0.000000	0.000000	0.772881	8.827138	
0.333246	0.101969	0.045677	0.898691	7.898827	
0.790353	0.907322	0.847557	0.112439	4.991496	
0.021388	0.000301	0.654317	0.933370	7.914606	
0.063269	0.949279	0.658670	0.021366	8.013323	
0.771867	0.101969	0.790980	0.919031	5.325507	
0.000004	0.313165	0.317878	0.000260	9.276614	
0.873479	0.670600	0.024758	0.016130	7.570952	
0.317721	0.317075	0.023340	0.002342	9.242926	
0.673553	0.000004	0.004873	0.294075	8.891342	
0.653228	0.932178	0.010950	0.032397	7.893388	
0.845056	0.166891	0.934704	0.801594	5.140907	
0.858619	0.155908	0.145125	0.859659	6.027203	
0.021990	0.786389	0.895670	0.051414	6.760324	
0.664935	0.666395	0.674470	0.000608	7.992490	
0.330086	0.000001	0.002961	0.027204	9.758878	
0.012525	0.280829	0.000040	0.000267	9.692441	
0.840633	0.846446	0.848050	0.863408	3.255252	
0.156391	0.915857	0.812961	0.811817	4.902210	
0.090262	0.800335	0.771682	0.926108	5.347483	
0.768148	0.003977	0.002620	0.001469	8.627520	
0.000644	0.000011	0.000237	0.299803	9.668623	
0.000306	0.760298	0.047626	0.673788	8.159863	
0.858278	0.156153	0.880061	0.203862	5.924650	
0.956304	0.286794	0.315129	0.270980	7.488221	
0.789698	0.790307	0.141019	0.927715	5.180862	
0.012253	0.000014	0.287845	0.007055	9.594799	
0.000000	0.010719	0.009178	0.000260	9.985628	
0.881404	0.786389	0.895670	0.051414	5.113736	
0.000306	0.019933	0.645281	0.687513	8.977483	
0.187150	0.774053	0.896755	0.792267	5.052976	
0.317282	0.004163	0.022115	0.299803	9.215882	
0.000000	0.000017	0.281141	0.006644	9.691380	
0.013849	0.011128	0.652429	0.668129	8.838003	
0.879711	0.182604	0.780193	0.770066	5.091069	
0.010251	0.782618	0.017806	0.786421	6.997282	
0.688218	0.664974	0.849401	0.668474	6.355502	
0.005202	0.167058	0.017806	0.786421	8.159115	
0.664935	0.051468	0.674470	0.000608	8.953248	
0.000034	0.795727	0.900766	0.000437	6.834605	
0.000083	0.678437	0.674710	0.107136	8.327340	
0.794903	0.786275	0.811575	0.112873	5.241370	
0.889972	0.908062	0.848060	0.147985	4.763822	
0.279438	0.013468	0.816636	0.009453	7.943314	
0.000034	0.102331	0.048270	0.000817	9.747743	
0.866026	0.322830	0.000484	0.016130	7.982920	
0.090262	0.780948	0.813425	0.926104	5.240817	
0.021388	0.096874	0.651965	0.933370	7.757802	
0.187150	0.786389	0.896045	0.789829	4.986886	
0.806750	0.003905	0.007319	0.211281	7.999591	
