0.659971	0.659143	0.003856	0.667740	8.093261	
0.421465	0.000031	0.894352	0.067471	8.138732	
0.868690	0.077548	0.937577	0.822193	5.086200	
0.286080	0.005515	0.001260	0.000391	9.727967	
0.789719	0.891626	0.826742	0.079178	5.051927	
0.811771	0.001700	0.792988	0.877506	5.184650	
0.804301	0.866920	0.133501	0.808987	4.877191	
0.846662	0.849115	0.127622	0.221445	5.965631	
0.649569	0.004676	0.701890	0.676655	7.854091	
0.750992	0.000008	0.001525	0.000131	8.713499	
0.899270	0.008612	0.642791	0.000000	7.861523	
0.000000	0.000000	0.756189	0.000107	8.679178	
0.020228	0.348779	0.010707	0.226215	9.255083	
0.000459	0.285331	0.000557	0.000719	9.590218	
0.009066	0.026983	0.644374	0.874213	7.763085	
0.060177	0.284740	0.044145	0.883654	7.770372	
0.000000	0.000000	0.000000	0.000000	10.000759	
0.867092	0.846188	0.123578	0.917938	4.829384	
0.903971	0.813451	0.119705	0.793687	5.014492	
0.335995	0.001089	0.026264	0.361485	9.381641	
0.073333	0.807198	0.895711	0.809661	5.050908	
0.000268	0.661263	0.670182	0.665676	8.034373	
0.325181	0.351766	0.000879	0.001774	9.358671	
0.009267	0.348623	0.298109	0.011840	9.283368	
0.425828	0.000031	0.312547	0.000131	9.528334	
0.921282	0.819028	0.879971	0.244612	4.724721	
0.898599	0.034167	0.029689	0.644937	7.775607	
0.000012	0.007723	0.000161	0.747793	8.726558	
0.085953	0.813555	0.819337	0.895296	5.004383	
0.866978	0.848928	0.870521	0.824799	3.286942	
0.649092	0.654581	0.688821	0.000022	8.048368	
0.000439	0.748199	0.000008	0.000022	8.731638	
0.920943	0.091176	0.786299	0.826207	5.149280	
0.621784	0.916144	0.012368	0.030505	8.014365	
0.001451	0.953321	0.013673	0.640799	8.142829	
0.033191	0.001093	0.845044	0.315001	7.905560	
0.881676	0.348179	0.004865	0.083214	7.880198	
0.868835	0.154637	0.881235	0.231743	5.909394	
0.048350	0.866678	0.624267	0.029719	7.820854	
0.000278	0.000000	0.298450	0.004773	9.647351	
0.312429	0.057706	0.018851	0.837867	7.843454	
0.013632	0.001702	0.348815	0.287608	9.283981	
0.033366	0.001089	0.000180	0.315001	9.588707	
0.061954	0.346813	0.872252	0.054624	7.834609	
0.857007	0.137870	0.185087	0.851381	5.979379	
0.805872	0.819346	0.899924	0.081940	5.021680	
0.425828	0.000004	0.005152	0.033858	9.851950	
0.623125	0.000031	0.318824	0.000131	9.264064	
0.869954	0.076326	0.859462	0.261485	6.067590	
0.060177	0.284740	0.009772	0.883654	7.819734	
0.325181	0.348661	0.000418	0.001774	9.360586	
0.857007	0.138029	0.185087	0.851381	5.978983	
0.805872	0.824186	0.899924	0.081940	5.007139	
0.000000	0.746400	0.000000	0.000000	8.745906	
0.920867	0.091176	0.741380	0.826427	5.423650	
0.870404	0.813451	0.103348	0.793687	5.298092	
0.425828	0.000031	0.887801	0.001819	8.238533	
0.881154	0.846188	0.123578	0.917726	4.844717	
0.903971	0.813451	0.119959	0.793687	5.013855	
0.000288	0.019843	0.289512	0.315933	9.217806	
0.095392	0.803271	0.848817	0.901848	4.953258	
0.049641	0.875748	0.895890	0.809750	5.009674	
0.846662	0.836189	0.127622	0.221445	5.982465	
0.303928	0.060881	0.021368	0.837867	7.819272	
0.811771	0.217703	0.792988	0.877506	4.775638	
0.868835	0.112791	0.881235	0.244056	5.999377	
0.000025	0.007723	0.000161	0.751820	8.700346	
0.001196	0.348623	0.298109	0.632868	8.870814	
0.001108	0.348623	0.298109	0.000097	9.305391	
0.095616	0.072162	0.853076	0.893123	6.411283	
0.767799	0.003474	0.001525	0.034849	8.681679	
0.812115	0.841688	0.879971	0.849029	3.346686	
0.293376	0.793110	0.027297	0.001841	8.128066	
0.000301	0.000041	0.307475	0.000588	9.635368	
0.020228	0.000021	0.013175	0.226215	9.549188	
0.303928	0.057706	0.021368	0.331275	9.162513	
0.048354	0.898762	0.806929	0.799903	5.151882	
0.000000	0.000000	0.756189	0.002331	8.676930	
0.806517	0.785742	0.892978	0.081940	5.132201	
0.005777	0.886835	0.031884	0.637752	7.826228	
0.814484	0.004041	0.126240	0.311982	7.976184	
0.784075	0.091873	0.954093	0.822193	5.359641	
0.789719	0.891626	0.826742	0.079178	5.051927	
0.033191	0.001089	0.845044	0.315001	7.906608	
0.290799	0.900225	0.806929	0.008122	6.518909	
0.000879	0.000008	0.043160	0.004773	9.983189	
0.000459	0.285331	0.000155	0.000719	9.590739	
0.061954	0.346813	0.872252	0.054624	7.834609	
0.920636	0.841688	0.879971	0.236878	4.679780	
0.051182	0.346813	0.872252	0.066082	8.219333	
0.811771	0.235169	0.756699	0.877506	4.968222	
0.425828	0.000004	0.005152	0.032042	9.899762	
0.883459	0.064577	0.908408	0.837867	4.956078	
0.817279	0.063080	0.231143	0.004008	7.855480	
0.027755	0.090530	0.786299	0.834314	6.766055	
0.040628	0.871118	0.001811	0.033858	8.211799	
0.868363	0.154637	0.881235	0.244056	5.904399	
0.789719	0.891626	0.826742	0.079178	5.051927	
0.304217	0.130046	0.919853	0.822193	6.173501	
0.000000	0.000000	0.317264	0.006671	9.663383	
