0.000234	0.670068	0.663859	0.671235	7.963184	
0.000073	0.293834	0.000001	0.000098	9.601857	
0.652895	0.953263	0.030563	0.032844	7.992204	
0.853306	0.764111	0.140338	0.909336	5.069313	
0.006771	0.666365	0.018645	0.946633	7.904225	
0.000037	0.006036	0.302238	0.000159	9.698346	
0.309687	0.000011	0.000015	0.000098	9.818823	
0.880300	0.018479	0.005863	0.638374	7.834961	
0.679082	0.668221	0.666065	0.000582	7.962189	
0.080869	0.017768	0.894195	0.613393	7.882821	
0.665368	0.000000	0.853820	0.031069	7.611734	
0.347387	0.001474	0.336488	0.001949	9.419670	
0.000000	0.000000	0.000000	0.295202	9.601565	
0.308180	0.001431	0.006724	0.332098	9.276205	
0.000011	0.000159	0.806421	0.001139	8.958654	
0.824445	0.888830	0.788224	0.112109	4.982974	
0.834963	0.132206	0.935796	0.774570	5.187417	
0.005383	0.016282	0.720350	0.986215	7.839693	
0.004815	0.893102	0.807614	0.824597	5.110253	
0.833260	0.846369	0.855370	0.843585	3.274289	
0.784017	0.165577	0.804950	0.921233	5.060368	
0.000000	0.000000	0.000000	0.000000	10.000617	
0.021375	0.933121	0.660137	0.028400	7.836772	
0.000038	0.349158	0.302238	0.002490	9.317195	
0.801868	0.808621	0.923770	0.163491	4.980215	
0.123499	0.784165	0.939463	0.777631	5.402122	
0.951991	0.003563	0.667426	0.000170	7.956570	
0.142161	0.887471	0.780729	0.935427	5.120796	
0.625266	0.116982	0.017634	0.925351	7.848987	
0.779339	0.922110	0.126818	0.786819	5.257133	
0.000038	0.349158	0.891479	0.025055	8.059280	
0.012341	0.010556	0.308432	0.312713	9.222249	
0.930701	0.849156	0.830494	0.012597	5.207327	
0.023865	0.910586	0.047203	0.638492	7.842846	
0.000001	0.759629	0.000347	0.001056	8.657417	
0.833656	0.245198	0.293215	0.836644	5.833148	
0.671408	0.000000	0.661601	0.680430	7.900952	
0.017331	0.320606	0.001764	0.309859	9.242221	
0.316954	0.323984	0.000325	0.000000	9.283345	
0.662393	0.669945	0.007978	0.674924	7.959769	
0.004809	0.000909	0.000086	0.773158	8.575500	
0.919660	0.641229	0.030659	0.031626	7.880288	
0.764516	0.000001	0.000001	0.000215	8.629473	
0.000114	0.933310	0.660137	0.028400	7.863403	
0.312756	0.000046	0.000041	0.000439	9.779084	
0.669125	0.002698	0.665275	0.643697	8.187661	
0.830617	0.764111	0.791006	0.114753	5.235654	
0.928306	0.003563	0.829476	0.023429	6.875773	
0.000001	0.006036	0.302238	0.005272	9.692393	
0.006771	0.006523	0.712039	0.953269	7.666541	
0.036503	0.887727	0.047203	0.638492	7.752210	
0.872230	0.018479	0.005863	0.643697	7.786672	
0.834963	0.145699	0.936909	0.773799	5.154614	
0.000114	0.780592	0.146784	0.924472	6.714870	
0.000000	0.000000	0.000002	0.289868	9.596465	
0.004800	0.293834	0.000003	0.000098	9.596875	
0.667131	0.170621	0.017634	0.925351	7.446382	
0.000001	0.759629	0.000000	0.001056	8.657679	
0.919660	0.660800	0.000206	0.031626	7.853014	
0.000269	0.320606	0.001826	0.309859	9.262035	
0.784017	0.188032	0.804950	0.923937	5.032290	
0.674829	0.007532	0.007978	0.674670	8.553212	
0.091167	0.915672	0.841354	0.827302	4.939369	
0.779339	0.881080	0.143031	0.784736	5.095678	
0.764516	0.000001	0.000001	0.000229	8.626524	
0.145593	0.016034	0.769238	0.659975	7.747704	
0.000000	0.000000	0.054082	0.000059	9.923603	
0.013946	0.289366	0.859640	0.031209	7.847672	
0.000038	0.349158	0.302225	0.025055	9.288017	
0.142967	0.006904	0.666192	0.031154	9.007678	
0.662414	0.000000	0.853820	0.000000	7.672925	
0.145593	0.778012	0.769238	0.884476	5.255974	
0.314313	0.781210	0.785628	0.876829	4.987934	
0.623359	0.337058	0.302225	0.056631	8.830791	
0.896329	0.888830	0.789834	0.132988	4.931557	
0.004273	0.000909	0.000086	0.773158	8.585319	
0.150263	0.002826	0.662135	0.658042	8.564816	
0.801868	0.808621	0.923770	0.162980	4.996817	
0.347387	0.000000	0.336488	0.001949	9.420985	
0.784017	0.778895	0.153279	0.921233	5.209825	
0.145642	0.777959	0.939463	0.803838	5.327693	
0.652895	0.953263	0.000062	0.032844	8.031268	
0.951991	0.005386	0.659271	0.000211	8.013632	
0.652341	0.949596	0.682732	0.033846	7.259761	
0.000037	0.006036	0.302238	0.000159	9.698346	
0.018134	0.780592	0.797458	0.129680	6.711588	
0.764516	0.674142	0.000001	0.000229	7.904693	
0.664243	0.694705	0.000001	0.031648	8.434125	
0.806518	0.020739	0.805272	0.663791	6.234640	
0.347387	0.000000	0.336488	0.001935	9.423159	
0.776075	0.881080	0.137827	0.847324	4.926908	
0.662414	0.000000	0.853820	0.001092	7.671868	
0.000269	0.320606	0.001826	0.309859	9.262035	
0.000323	0.005353	0.659484	0.025239	9.415657	
0.000035	0.000035	0.000086	0.773158	8.678575	
0.841324	0.001431	0.006724	0.332098	7.977496	
0.023537	0.887727	0.768274	0.638492	6.445851	
0.007694	0.949596	0.682732	0.293622	7.458864	
0.000001	0.759629	0.002131	0.001056	8.655486	
0.000038	0.349158	0.302238	0.002490	9.317195	
