0.000147	0.301729	0.000000	0.000166	9.757403	
0.634524	0.000161	0.004645	0.918029	7.993857	
0.165114	0.907319	0.815589	0.767313	5.059454	
0.922407	0.674984	0.009586	0.026046	7.700841	
0.317499	0.000001	0.381725	0.000483	9.424277	
0.856227	0.855129	0.870567	0.861866	3.265319	
0.037307	0.866123	0.317267	0.020058	7.906482	
0.652843	0.931455	0.000111	0.010810	7.929478	
0.753842	0.002118	0.001947	0.008742	8.683774	
0.040990	0.648264	0.924652	0.029849	7.843045	
0.865014	0.167977	0.208214	0.857964	5.879501	
0.000329	0.000004	0.771111	0.000179	8.599658	
0.849804	0.882954	0.256444	0.211533	5.812391	
0.879436	0.021285	0.627717	0.026828	7.864425	
0.661669	0.691180	0.666294	0.001568	7.929235	
0.076851	0.343989	0.007552	0.827735	7.905976	
0.160500	0.825860	0.848737	0.859468	4.649244	
0.817880	0.822142	0.021378	0.928175	5.217100	
0.865154	0.171698	0.862919	0.793109	4.758514	
0.665217	0.669499	0.000686	0.676368	8.032836	
0.000643	0.311705	0.000561	0.295191	9.265032	
0.287686	0.000000	0.000021	0.000001	9.595485	
0.902555	0.000393	0.003416	0.668510	7.699531	
0.840900	0.926817	0.838636	0.010052	5.119098	
0.000236	0.005290	0.000003	0.769806	8.727491	
0.000717	0.000102	0.000001	0.292024	9.682939	
0.809386	0.878308	0.092475	0.793109	5.031920	
0.007745	0.655482	0.668824	0.676300	7.988934	
0.052759	0.002586	0.363478	0.790389	8.152838	
0.185612	0.179073	0.861513	0.855327	5.892588	
0.000034	0.767657	0.000003	0.000848	8.727521	
0.301819	0.017022	0.001129	0.302281	9.204420	
0.341660	0.305297	0.024027	0.017486	9.316351	
0.053341	0.000292	0.349144	0.331634	9.356511	
0.782053	0.118182	0.790509	0.918751	5.238000	
0.000000	0.000000	0.000000	0.000000	10.004006	
0.160458	0.825583	0.871000	0.807230	4.754314	
0.865197	0.169037	0.854114	0.183204	5.917569	
0.938938	0.797996	0.826810	0.094465	5.197131	
0.878095	0.856098	0.902218	0.211533	4.607693	
0.165013	0.851501	0.858901	0.208500	5.890910	
0.078036	0.882248	0.021606	0.675713	7.498780	
0.024368	0.294926	0.381104	0.000483	9.373015	
0.658443	0.022451	0.927100	0.026399	7.819126	
0.001069	0.000002	0.300157	0.000420	9.610852	
0.011766	0.038407	0.964119	0.690043	7.813038	
0.670825	0.008289	0.667455	0.666234	7.980288	
0.160500	0.826137	0.868427	0.862027	4.646946	
0.856286	0.174473	0.208187	0.857964	5.866065	
0.244011	0.000000	0.000576	0.000000	9.575212	
0.865197	0.169037	0.854114	0.187120	5.910032	
0.022673	0.858270	0.000001	0.292024	7.895615	
0.665217	0.674531	0.000686	0.675995	8.004994	
0.938938	0.813931	0.826810	0.094465	5.117850	
0.652843	0.931455	0.841926	0.010052	6.252106	
0.638086	0.000164	0.004406	0.912332	7.980838	
0.185612	0.179073	0.861513	0.836834	5.918084	
0.854723	0.878308	0.092475	0.793109	4.952536	
0.001101	0.005941	0.012915	0.025354	9.949166	
0.305325	0.002118	0.000001	0.299092	9.222400	
0.018963	0.000000	0.373453	0.000502	9.813367	
0.007745	0.655482	0.661758	0.682064	7.997601	
0.878095	0.856098	0.272527	0.211533	5.814231	
0.052759	0.021482	0.316576	0.790389	8.023787	
0.853976	0.041616	0.881800	0.214857	6.171806	
0.018621	0.824287	0.317267	0.021531	8.002369	
0.902555	0.000393	0.033768	0.671069	7.639327	
0.824529	0.931655	0.838636	0.010052	5.320068	
0.023038	0.035016	0.964119	0.691730	7.790070	
0.052759	0.021482	0.301970	0.329268	9.175012	
0.045194	0.648264	0.924652	0.210355	7.478738	
0.922407	0.674984	0.009586	0.028795	7.697295	
0.311875	0.305303	0.000172	0.024057	9.244797	
0.301819	0.311705	0.089847	0.302281	8.693456	
0.165114	0.907319	0.815589	0.776050	5.008355	
0.782053	0.123692	0.788587	0.913620	5.204319	
0.001076	0.306380	0.299311	0.021560	9.204930	
0.000188	0.300938	0.001704	0.000166	9.611338	
0.891646	0.103795	0.791463	0.776486	5.201279	
0.050908	0.034494	0.010323	0.306331	9.548518	
0.000918	0.879340	0.091741	0.019337	8.153099	
0.830329	0.822142	0.016530	0.910107	5.108280	
0.738057	0.002104	0.001950	0.008742	8.791748	
0.677284	0.770766	0.002876	0.033285	7.809989	
0.244011	0.786081	0.000576	0.835685	6.408598	
0.193531	0.851501	0.854411	0.210946	5.844483	
0.316330	0.000001	0.381725	0.000483	9.424778	
0.850289	0.855130	0.870606	0.861866	3.241479	
0.000965	0.000001	0.771111	0.000171	8.598687	
0.879436	0.021285	0.627717	0.026658	7.865071	
0.000235	0.001689	0.004698	0.769806	8.623423	
0.856286	0.287859	0.208187	0.857964	5.807051	
0.009362	0.000000	0.004491	0.326719	9.643161	
0.665217	0.674531	0.000686	0.675995	8.004994	
0.651418	0.008289	0.667455	0.103645	8.593479	
0.052759	0.021482	0.301970	0.007811	9.508975	
0.958299	0.813931	0.826810	0.657070	4.812437	
0.007745	0.655482	0.668054	0.676300	7.992289	
0.018621	0.824100	0.317267	0.019382	8.004863	
0.833438	0.858091	0.016530	0.910107	5.039983	
