0.009125	0.001714	0.755129	0.000004	8.783380	
0.302754	0.000076	0.000034	0.000271	9.792109	
0.774424	0.131884	0.940099	0.772217	5.453007	
0.662002	0.675591	0.659434	0.003274	8.021627	
0.000553	0.012086	0.317163	0.286920	9.270462	
0.009178	0.667646	0.003566	0.918479	7.759275	
0.623302	0.045850	0.925034	0.019393	8.012631	
0.195793	0.972191	0.794557	0.831023	5.197386	
0.927749	0.001091	0.656991	0.003034	7.889856	
0.003462	0.012565	0.316825	0.864086	7.927459	
0.251908	0.013900	0.290535	0.003034	9.154432	
0.662361	0.680342	0.001567	0.677921	7.951446	
0.005925	0.001198	0.000008	0.748006	8.729304	
0.081919	0.874605	0.932642	0.780745	5.226859	
0.850997	0.192092	0.823215	0.864086	4.599650	
0.005081	0.349083	0.865150	0.013017	7.997094	
0.209039	0.882044	0.882306	0.157406	5.944404	
0.303165	0.000005	0.011191	0.288723	9.227896	
0.005448	0.881060	0.324093	0.006747	7.971404	
0.011631	0.675376	0.670140	0.660097	7.952684	
0.779634	0.948536	0.156588	0.847157	5.165666	
0.019319	0.883593	0.169688	0.308815	7.592413	
0.783818	0.935659	0.783249	0.191477	5.191342	
0.001346	0.763185	0.000493	0.002120	8.633373	
0.311811	0.000005	0.017127	0.850122	7.918779	
0.864536	0.044136	0.019848	0.662576	7.593001	
0.783818	0.777869	0.909385	0.170314	5.155847	
0.850997	0.883593	0.148651	0.849070	4.658580	
0.013034	0.303707	0.303946	0.006277	9.209176	
0.664865	0.924178	0.000010	0.008970	7.810218	
0.000000	0.000000	0.000001	0.000001	10.005351	
0.000034	0.006363	0.000009	0.286920	9.587866	
0.859616	0.874605	0.865733	0.852734	3.244184	
0.242267	0.882812	0.268749	0.843496	5.800956	
0.866340	0.771030	0.788880	0.111439	5.181080	
0.301923	0.300181	0.000004	0.000006	9.314742	
0.000525	0.005073	0.290181	0.000069	9.604338	
0.000002	0.300181	0.000004	0.000006	9.703237	
0.921461	0.674461	0.023445	0.003893	7.704681	
0.850888	0.873627	0.141730	0.179321	6.002816	
0.011004	0.002489	0.865722	0.656686	7.703609	
0.666987	0.000004	0.665391	0.664545	8.204936	
0.758983	0.000000	0.001034	0.000271	8.724513	
0.004365	0.297555	0.001836	0.346926	9.298639	
0.864539	0.882812	0.858637	0.851684	3.256529	
0.009178	0.654670	0.019815	0.874585	7.704232	
0.228518	0.881227	0.882306	0.150710	5.938953	
0.912311	0.008031	0.654355	0.002994	7.828917	
0.173875	0.879774	0.156588	0.849569	5.991898	
0.605968	0.888518	0.019815	0.030758	8.001819	
0.011631	0.879073	0.670140	0.660097	7.004466	
0.000000	0.297243	0.306015	0.000496	9.222883	
0.783818	0.944675	0.781791	0.193058	5.249537	
0.814425	0.881299	0.147103	0.782484	4.945593	
0.686375	0.296945	0.783049	0.008880	7.339234	
0.001933	0.013705	0.847362	0.286920	7.890331	
0.662361	0.680342	0.001438	0.663677	8.055941	
0.252647	0.972191	0.794557	0.831023	5.154146	
0.001346	0.761438	0.000493	0.002120	8.644010	
0.755489	0.142624	0.849177	0.914643	5.195049	
0.044134	0.013879	0.290181	0.874745	7.847391	
0.007905	0.865152	0.928971	0.843724	5.115859	
0.294147	0.000081	0.011167	0.110297	9.680076	
0.665126	0.000076	0.000033	0.000282	9.462088	
0.864539	0.882812	0.176734	0.196631	5.901422	
0.000033	0.000000	0.000001	0.283675	9.591912	
0.649819	0.047250	0.925034	0.019393	7.838427	
0.250325	0.001194	0.284462	0.003034	9.161729	
0.858951	0.881871	0.864233	0.149621	4.771879	
0.000525	0.006295	0.280858	0.003715	9.579068	
0.004389	0.287524	0.001836	0.319878	9.228746	
0.005081	0.350496	0.865722	0.001197	8.013095	
0.000099	0.303707	0.062365	0.006349	9.524450	
0.005428	0.005657	0.008631	0.007691	10.003236	
0.007905	0.865152	0.285968	0.039887	7.873022	
0.850997	0.146245	0.145643	0.864086	6.058577	
0.276242	0.295434	0.006045	0.019234	9.157907	
0.005428	0.016831	0.000012	0.738400	8.806177	
0.921461	0.675278	0.023445	0.006027	7.696813	
0.312632	0.000005	0.011191	0.276508	9.200792	
0.044134	0.013879	0.290181	0.294757	9.131688	
0.009125	0.001714	0.754716	0.000004	8.853797	
0.633993	0.132340	0.072180	0.914643	7.665053	
0.114183	0.790311	0.790455	0.884515	5.087056	
0.850997	0.192092	0.148651	0.864086	5.946993	
0.796705	0.865088	0.000669	0.008378	6.754659	
0.276242	0.295434	0.006045	0.991707	8.112113	
0.251908	0.013900	0.289279	0.036248	9.108313	
0.755489	0.142624	0.849177	0.914643	5.195049	
0.655972	0.972191	0.794557	0.824971	5.005081	
0.246493	0.047250	0.925034	0.029374	7.944903	
0.318168	0.035583	0.147103	0.296976	8.905121	
0.858951	0.860912	0.797275	0.019393	5.048540	
0.311811	0.000005	0.275858	0.850399	7.520553	
0.000516	0.854965	0.304042	0.007742	7.976434	
0.002971	0.022828	0.176988	0.191914	9.244359	
0.318168	0.035583	0.098825	0.148452	9.128523	
0.235816	0.882812	0.268749	0.843496	5.802735	
0.664865	0.047952	0.000010	0.008970	9.487025	
0.228518	0.881227	0.882306	0.154063	5.931948	
