0.771558	0.789183	0.865951	0.154305	5.082098	
0.000000	0.000000	0.000000	0.000000	10.000296	
0.649170	0.668265	0.000525	0.679975	8.014807	
0.017519	0.313704	0.328725	0.000001	9.265597	
0.035975	0.983356	0.028975	0.666603	8.112999	
0.007669	0.306850	0.000139	0.261472	9.184555	
0.086119	0.628858	0.872602	0.016999	7.747035	
0.772440	0.903483	0.818483	0.173793	4.987639	
0.000000	0.309991	0.003469	0.000000	9.619075	
0.287666	0.318744	0.013466	0.001019	9.214403	
0.170365	0.161695	0.852011	0.860347	5.953490	
0.023055	0.016821	0.921874	0.666756	7.745083	
0.837422	0.151520	0.235305	0.867365	5.912212	
0.824845	0.752710	0.003080	0.000148	7.207719	
0.293884	0.000038	0.000008	0.000010	9.665963	
0.000001	0.000082	0.267995	0.313330	9.232687	
0.838123	0.871328	0.855053	0.867118	3.256618	
0.859088	0.195148	0.861215	0.159981	5.912312	
0.000146	0.000986	0.000000	0.774537	8.594550	
0.781744	0.804683	0.094143	0.923389	5.251908	
0.863531	0.818074	0.075945	0.784535	5.068340	
0.899143	0.030742	0.780952	0.791496	5.339911	
0.028579	0.668653	0.031566	0.938561	7.791528	
0.894029	0.789183	0.827590	0.201819	4.907578	
0.309113	0.006451	0.000192	0.860800	7.972198	
0.000001	0.000082	0.757053	0.000042	8.674480	
0.798881	0.117831	0.847860	0.940997	5.095945	
0.000000	0.789292	0.000000	0.000000	8.489441	
0.011522	0.033518	0.649407	0.926342	7.881050	
0.832487	0.926177	0.236587	0.866294	4.729712	
0.664844	0.661315	0.662574	0.006414	8.089733	
0.623359	0.901310	0.027041	0.017147	7.952284	
0.669086	0.000984	0.657507	0.682528	8.012360	
0.655751	0.003761	0.914363	0.011264	7.821299	
0.000001	0.002254	0.294000	0.000042	9.597931	
0.031206	0.871328	0.902975	0.773090	5.257774	
0.759651	0.000346	0.000218	0.000383	8.663714	
0.003977	0.859890	0.338016	0.011809	7.996592	
0.293884	0.000202	0.000008	0.287628	9.197008	
0.216868	0.806624	0.856813	0.903290	4.694656	
0.292264	0.001493	0.358117	0.007056	9.317579	
0.000005	0.010257	0.000000	0.302816	9.632268	
0.005492	0.664532	0.657714	0.679627	7.979955	
0.878820	0.027140	0.626750	0.023622	7.863045	
0.864722	0.030115	0.035120	0.643057	7.722323	
0.000000	0.000000	0.000000	0.000000	10.000296	
0.000040	0.752710	0.000004	0.000148	8.723665	
0.086119	0.628858	0.872138	0.002125	7.761402	
0.772440	0.903483	0.822522	0.173793	4.975710	
0.837390	0.806075	0.887691	0.201743	4.687810	
0.785009	0.922695	0.127733	0.788666	5.223680	
0.059027	0.056705	0.826948	0.677008	7.429542	
0.894029	0.789183	0.887691	0.178125	4.935903	
0.655949	0.195148	0.861215	0.159981	7.015410	
0.655751	0.027249	0.043711	0.644857	8.805208	
0.003883	0.306850	0.000139	0.261472	9.191454	
0.036273	0.833072	0.842454	0.877262	5.008211	
0.672046	0.000984	0.657672	0.015210	8.757582	
0.007530	0.001236	0.649407	0.929483	7.945587	
0.900387	0.145532	0.801954	0.802175	4.950509	
0.001739	0.010168	0.000008	0.272741	9.568618	
0.000247	0.297349	0.000000	0.000308	9.603606	
0.864188	0.818281	0.137570	0.766832	5.036924	
0.838161	0.007511	0.636648	0.023622	7.830041	
0.663921	0.001340	0.029996	0.874521	7.631786	
0.837422	0.153493	0.235305	0.867365	5.909717	
0.864722	0.027234	0.035120	0.643057	7.728172	
0.219447	0.161695	0.852011	0.860347	5.882001	
0.000146	0.000986	0.000000	0.774537	8.594550	
0.028579	0.658190	0.011043	0.938561	7.895704	
0.864202	0.853540	0.137570	0.180519	5.988860	
0.003883	0.301476	0.282864	0.261022	8.771814	
0.020127	0.931275	0.028542	0.676124	7.711722	
0.781744	0.804683	0.094143	0.923389	5.251908	
0.832487	0.859890	0.846764	0.877262	3.304901	
0.639194	0.057712	0.031430	0.011264	9.385677	
0.000000	0.000000	0.873981	0.000848	8.315374	
0.650055	0.027140	0.620824	0.677008	8.314076	
0.638874	0.871153	0.028546	0.027736	7.815116	
0.859088	0.195148	0.861215	0.159981	5.912312	
0.293884	0.000038	0.000008	0.000010	9.601436	
0.798881	0.117575	0.847860	0.940997	5.098590	
0.016058	0.911631	0.665937	0.013017	7.722559	
0.664844	0.661315	0.652768	0.006414	8.152330	
0.263707	0.214361	0.011147	0.002826	9.153576	
0.006026	0.000738	0.246293	0.073522	9.446575	
0.006006	0.000738	0.246293	0.263786	9.145207	
0.655751	0.001550	0.914363	0.011264	7.827091	
0.865853	0.027234	0.631564	0.009927	7.839527	
0.015441	0.814506	0.148562	0.282999	7.659902	
0.041485	0.063776	0.923826	0.767168	6.922213	
0.825969	0.804683	0.094143	0.923203	5.359425	
0.642096	0.901310	0.026851	0.017147	7.910788	
0.759651	0.003534	0.000218	0.792252	7.155695	
0.223500	0.871153	0.028546	0.027736	8.093718	
0.210407	0.214968	0.856813	0.860347	5.805035	
0.818886	0.661315	0.662574	0.006414	7.117068	
0.894029	0.789183	0.887226	0.178302	4.933551	
0.084330	0.306850	0.858485	0.261472	7.358300	
0.017684	0.310058	0.330866	0.000000	9.263638	
