0.775655	0.005164	0.881706	0.828260	5.431330	
0.787702	0.794914	0.895744	0.032327	5.631021	
0.000594	0.736287	0.001221	0.001451	9.221556	
0.875711	0.753368	0.822218	0.071779	5.650059	
0.674194	0.770933	0.749201	0.032327	6.958286	
0.006689	0.844447	0.879801	0.308599	6.528696	
0.900393	0.350750	0.001226	0.013195	8.224746	
0.317809	0.353462	0.001198	0.014445	9.553330	
0.257993	0.000007	0.003854	0.307542	9.661693	
0.001438	0.001656	0.000332	0.741928	9.408152	
0.793088	0.814101	0.810888	0.824761	3.823931	
0.000103	0.000193	0.000013	0.000217	10.539209	
0.000954	0.017433	0.854500	0.388810	8.222261	
0.302675	0.000114	0.009178	0.000250	10.689258	
0.024885	0.375134	0.891154	0.022220	8.315211	
0.810161	0.931434	0.062722	0.774966	5.588186	
0.897483	0.017119	0.822997	0.782729	5.394350	
0.044618	0.838133	0.377216	0.089804	8.129870	
0.000986	0.784388	0.937319	0.841060	5.535023	
0.000361	0.000490	0.305673	0.000221	10.164020	
0.051695	0.877677	0.036920	0.356907	8.099578	
0.002026	0.292285	0.318953	0.019692	9.426422	
0.003581	0.001523	0.001889	0.311393	9.878525	
0.860235	0.865175	0.007327	0.246252	6.315059	
0.900393	0.350750	0.878461	0.307384	6.363640	
0.024885	0.376310	0.059107	0.868595	8.142126	
0.006596	0.375040	0.001216	0.418364	9.896223	
0.602283	0.746768	0.053233	0.673786	8.358410	
0.042528	0.931434	0.802740	0.774966	5.633241	
0.874560	0.000048	0.003616	0.425658	8.348521	
0.324577	0.021478	0.012251	0.809401	8.267549	
0.810124	0.809336	0.065999	0.839604	5.283678	
0.060063	0.766505	0.802430	0.863042	5.420074	
0.015573	0.390236	0.740827	0.674218	8.344419	
0.000657	0.312327	0.926764	0.869320	6.629325	
0.604251	0.000225	0.747270	0.680954	8.581231	
0.837810	0.025393	0.332802	0.013914	8.091176	
0.844281	0.914751	0.774987	0.007308	5.744906	
0.897483	0.018085	0.217507	0.868774	6.457551	
0.779083	0.003300	0.816660	0.900644	5.544871	
0.245578	0.037732	0.830216	0.057586	8.016024	
0.694928	0.000117	0.003898	0.000341	9.398012	
0.362709	0.881860	0.055716	0.023750	8.102571	
0.000192	0.000170	0.336684	0.395788	9.881684	
0.001349	0.001981	0.743720	0.000100	9.143216	
0.054332	0.877951	0.046212	0.866721	6.719452	
0.333569	0.002866	0.356187	0.000777	9.585363	
0.000968	0.290765	0.002884	0.000102	10.100983	
0.002059	0.000618	0.378442	0.881286	8.396299	
0.602283	0.011287	0.049319	0.676049	9.612347	
0.824189	0.931434	0.062772	0.774966	5.535604	
0.003689	0.895452	0.822273	0.033289	6.840283	
0.001120	0.819204	0.936898	0.841060	5.521518	
0.333569	0.001144	0.356187	0.000777	9.598924	
0.003581	0.000005	0.332945	0.311393	9.527968	
0.018714	0.325328	0.802931	0.050024	8.555510	
0.367648	0.881860	0.054067	0.023750	8.130874	
0.861573	0.001141	0.027177	0.425658	8.340371	
0.004660	0.297062	0.002725	0.869664	8.375808	
0.754295	0.000193	0.003321	0.000930	9.105559	
0.850797	0.279650	0.822273	0.005866	6.528725	
0.004660	0.297062	0.001596	0.000120	9.879739	
0.000343	0.007906	0.002884	0.395788	10.183703	
0.906921	0.297062	0.002725	0.000120	8.420315	
0.010599	0.390236	0.087812	0.673728	9.281039	
0.325755	0.000241	0.032354	0.862889	8.522138	
0.000954	0.009180	0.854500	0.388810	8.300453	
0.013951	0.289708	0.316024	0.005650	9.554107	
0.027864	0.736287	0.001213	0.023795	9.240257	
0.312298	0.351732	0.001198	0.014445	9.601708	
0.764629	0.013300	0.816660	0.900644	5.645641	
0.248589	0.332620	0.926764	0.869320	6.327553	
0.000341	0.003333	0.242478	0.000447	9.961675	
0.001952	0.000629	0.332945	0.864222	8.146995	
0.074184	0.904162	0.879801	0.308599	6.507015	
0.000595	0.001656	0.001876	0.741740	9.195635	
0.001349	0.001981	0.746000	0.000100	9.034292	
0.049779	0.877951	0.046212	0.866721	6.729712	
0.875711	0.009125	0.822218	0.775199	5.479526	
0.020141	0.902529	0.039446	0.356907	8.203148	
0.674194	0.770933	0.750262	0.032327	6.954872	
0.858612	0.882375	0.007327	0.246252	6.378893	
0.302675	0.000114	0.009178	0.000337	10.686519	
0.775655	0.014134	0.868379	0.825086	5.378043	
0.827207	0.763739	0.073994	0.776869	5.608712	
0.850909	0.877285	0.822273	0.033289	5.310475	
0.897483	0.797123	0.804656	0.844425	3.784948	
0.805017	0.817341	0.063407	0.839604	5.305299	
0.604251	0.000225	0.747030	0.683654	8.028257	
0.039743	0.903198	0.802404	0.866482	5.414033	
0.850455	0.295398	0.066946	0.863686	6.409561	
0.870289	0.826589	0.822273	0.005650	5.244469	
0.060063	0.761849	0.802404	0.866482	5.487317	
0.004177	0.033945	0.001678	0.019692	10.237829	
0.000788	0.390236	0.748107	0.674218	8.259410	
0.245578	0.044490	0.830216	0.057586	8.003342	
0.850797	0.070219	0.822273	0.034294	6.869229	
0.000788	0.390236	0.748107	0.674228	8.172336	
0.004199	0.009325	0.824387	0.000100	8.747062	
0.861359	0.848711	0.007327	0.246190	6.385519	
