0.283604	0.287240	0.041790	0.024226	9.113925	
0.778496	0.208074	0.772356	0.898431	5.092473	
0.169541	0.871963	0.851305	0.793336	4.754207	
0.626579	0.034296	0.018810	0.875541	7.857031	
0.894373	0.173664	0.764370	0.799172	5.110408	
0.001209	0.341275	0.856656	0.013966	7.981023	
0.000760	0.296983	0.000180	0.347577	9.322165	
0.288413	0.000219	0.004016	0.002940	9.586864	
0.871218	0.157887	0.861726	0.194041	5.924927	
0.878478	0.658025	0.009563	0.000001	7.726408	
0.004583	0.846714	0.352436	0.009682	8.024165	
0.784525	0.871910	0.167815	0.794284	4.959756	
0.811469	0.963142	0.812405	0.114687	5.278628	
0.002988	0.000000	0.271827	0.327648	9.232609	
0.000011	0.766382	0.000000	0.000000	8.615541	
0.003002	0.000588	0.000099	0.298748	9.765531	
0.063161	0.074345	0.348110	0.861959	7.787364	
0.876709	0.025526	0.001133	0.344065	7.979440	
0.773982	0.009521	0.000833	0.002216	8.604134	
0.000004	0.302696	0.000180	0.000249	9.623317	
0.198073	0.857830	0.850256	0.249134	5.804752	
0.000000	0.000000	0.000000	0.000000	10.002877	
0.643056	0.022983	0.929412	0.000086	7.971362	
0.894323	0.826079	0.812405	0.111256	4.927349	
0.936205	0.010284	0.641245	0.012008	8.024023	
0.168985	0.812279	0.756760	0.894379	5.088307	
0.855856	0.854410	0.839517	0.853777	3.248001	
0.667098	0.662118	0.000791	0.673757	7.980175	
0.000004	0.308750	0.333113	0.000178	9.289081	
0.686923	0.889685	0.033653	0.023131	7.454921	
0.320359	0.011531	0.374441	0.000644	9.403867	
0.018807	0.863597	0.041780	0.344065	7.919448	
0.336961	0.003799	0.006657	0.312735	9.294525	
0.018609	0.000586	0.919364	0.647642	7.893855	
0.666192	0.666363	0.663531	0.000027	8.029817	
0.649141	0.010717	0.663619	0.696729	8.026218	
0.773808	0.796948	0.927081	0.102793	5.322697	
0.001334	0.000000	0.295863	0.000038	9.604119	
0.894978	0.822292	0.157884	0.780978	5.060886	
0.006643	0.658782	0.660347	0.676264	8.027053	
0.000045	0.001059	0.001471	0.776350	8.668597	
0.000207	0.000418	0.754497	0.000043	8.706214	
0.025383	0.649640	0.005359	0.899856	7.816146	
0.833606	0.821689	0.158852	0.850512	4.740043	
0.169541	0.826253	0.851305	0.793336	4.790313	
0.150054	0.219283	0.861726	0.848093	5.911682	
0.785336	0.208074	0.772356	0.891907	5.037806	
0.000478	0.000588	0.000099	0.300262	9.660199	
0.288442	0.011410	0.352071	0.013900	9.276158	
0.832543	0.854410	0.839256	0.854294	3.274777	
0.912722	0.027218	0.036785	0.629834	7.921984	
0.932100	0.857280	0.861726	0.244577	4.742441	
0.774108	0.795338	0.917291	0.102793	5.280670	
0.686923	0.889685	0.033653	0.026562	7.449914	
0.000478	0.000476	0.000099	0.106539	9.813675	
0.157571	0.219283	0.854633	0.848093	5.895690	
0.201080	0.877511	0.850256	0.245090	5.813895	
0.016458	0.001417	0.355380	0.876933	8.017697	
0.159681	0.000418	0.754938	0.013315	8.374234	
0.896014	0.752777	0.799566	0.150136	5.208111	
0.894373	0.183729	0.764370	0.799172	5.063811	
0.000005	0.296255	0.000000	0.000000	9.732342	
0.666790	0.662118	0.000791	0.673757	7.982093	
0.834094	0.963142	0.812405	0.111256	5.224525	
0.001357	0.001417	0.355380	0.195425	9.332113	
0.035623	0.863597	0.302448	0.002513	7.869777	
0.321654	0.867128	0.007588	0.863572	6.255660	
0.858868	0.842035	0.158852	0.001511	6.311904	
0.878068	0.150153	0.861726	0.194041	5.949705	
0.168985	0.812130	0.741243	0.894379	5.193227	
0.878074	0.147964	0.765399	0.798964	5.093367	
0.164818	0.028661	0.851305	0.324927	7.593524	
0.758566	0.002207	0.000031	0.000465	8.667492	
0.283604	0.278793	0.010534	0.002973	9.161479	
0.336214	0.003799	0.006657	0.312735	9.301139	
0.000000	0.000000	0.000001	0.782573	8.708694	
0.631203	0.000026	0.018421	0.875715	7.965214	
0.643056	0.022983	0.924241	0.000089	7.944896	
0.000011	0.772259	0.001467	0.000090	8.579402	
0.280356	0.000000	0.000035	0.000000	9.589809	
0.802042	0.871910	0.167815	0.791746	4.888669	
0.163767	0.871963	0.851305	0.326248	5.948191	
0.936205	0.010415	0.650728	0.000000	7.972887	
0.002644	0.291383	0.003936	0.330097	9.251382	
0.000004	0.308750	0.333113	0.000159	9.289594	
0.000763	0.844883	0.001133	0.344065	8.005117	
0.000011	0.752974	0.914324	0.000000	7.125670	
0.001334	0.000000	0.295863	0.000000	9.604157	
0.035623	0.863597	0.302448	0.002513	7.869777	
0.895458	0.029918	0.911431	0.111256	6.602773	
0.001352	0.667681	0.355380	0.195425	8.659420	
0.655196	0.000000	0.295863	0.000085	9.020662	
0.000011	0.767401	0.000000	0.000000	8.609394	
0.017273	0.019191	0.919364	0.659578	7.789454	
0.682122	0.670370	0.668266	0.793336	6.317709	
0.761458	0.010717	0.666416	0.696729	7.168018	
0.631203	0.009351	0.019146	0.875715	7.950587	
0.006648	0.005354	0.660347	0.676264	8.631370	
0.153612	0.822246	0.846570	0.000027	6.383289	
0.834844	0.963142	0.812405	0.111256	5.222992	
