0.313890	0.008657	0.291177	0.001779	9.251113	
0.832825	0.841727	0.837145	0.849336	3.295591	
0.678323	0.005869	0.936402	0.000483	7.786125	
0.864766	0.865503	0.162319	0.130670	6.039136	
0.000516	0.000804	0.759232	0.001437	8.697036	
0.000011	0.768927	0.000299	0.000018	8.698206	
0.000010	0.000015	0.000997	0.289768	9.594682	
0.001641	0.002722	0.371765	0.289281	9.351022	
0.814003	0.907763	0.167544	0.827550	4.805439	
0.670316	0.663846	0.669482	0.000000	7.986250	
0.827005	0.890223	0.765520	0.147244	5.042854	
0.002538	0.664388	0.675802	0.671685	7.910751	
0.874946	0.795406	0.755564	0.147243	5.175140	
0.016445	0.640671	0.932908	0.025802	7.982067	
0.001586	0.286330	0.295713	0.001839	9.379860	
0.000087	0.906660	0.000718	0.646861	7.871274	
0.814010	0.787218	0.167544	0.852313	4.864290	
0.342702	0.870552	0.006859	0.000000	7.995044	
0.864921	0.788004	0.162792	0.834338	4.966915	
0.805472	0.795260	0.936913	0.072007	5.299640	
0.116566	0.916693	0.792931	0.809509	5.089410	
0.935286	0.000541	0.672722	0.011446	7.810383	
0.000692	0.299911	0.000468	0.000001	9.672007	
0.294898	0.007912	0.000042	0.403810	9.607544	
0.879156	0.651757	0.011669	0.006569	7.744012	
0.882180	0.156042	0.791691	0.789453	4.990761	
0.844821	0.186948	0.196523	0.881878	5.887523	
0.874727	0.032043	0.000327	0.632574	7.852310	
0.649704	0.011685	0.006218	0.927369	7.937798	
0.000000	0.000004	0.000010	0.758095	8.682210	
0.006661	0.348987	0.003833	0.286239	9.300351	
0.656211	0.679609	0.003938	0.660549	8.042645	
0.374161	0.357162	0.002794	0.000084	9.488408	
0.000526	0.002719	0.295192	0.000532	9.611535	
0.760688	0.000001	0.000000	0.000022	8.658694	
0.032160	0.001060	0.921774	0.667852	7.743363	
0.000000	0.000000	0.000000	0.000000	10.040852	
0.014758	0.022351	0.651420	0.908906	7.803816	
0.294898	0.000004	0.000050	0.000025	9.602271	
0.014970	0.634196	0.010175	0.884259	7.871553	
0.665122	0.003229	0.668900	0.666587	8.073531	
0.844821	0.186948	0.762013	0.878937	4.911331	
0.000061	0.946197	0.675802	0.011010	7.852890	
0.000702	0.349673	0.003833	0.286239	9.312062	
0.000000	0.000000	0.000000	0.000000	10.017030	
0.014758	0.021205	0.651420	0.908906	7.808260	
0.844821	0.194064	0.186613	0.881878	6.074580	
0.814010	0.787218	0.167544	0.852313	4.864290	
0.864766	0.865503	0.165385	0.140148	6.011011	
0.026879	0.210035	0.904894	0.025802	7.923349	
0.629125	0.210035	0.763454	0.147121	7.757844	
0.935286	0.000541	0.678240	0.000001	7.781902	
0.002538	0.663356	0.675802	0.662855	7.986715	
0.816402	0.032043	0.000327	0.632574	7.913607	
0.001586	0.953722	0.295713	0.295648	7.897279	
0.656211	0.679338	0.003938	0.660549	8.046298	
0.345691	0.837630	0.111320	0.042924	7.782590	
0.345691	0.796011	0.890556	0.043408	6.465970	
0.122158	0.916173	0.792882	0.809509	5.073669	
0.838549	0.788117	0.936402	0.000003	5.354927	
0.665122	0.003229	0.668900	0.665039	8.084394	
0.298831	0.002978	0.000119	0.934748	8.131263	
0.845731	0.200556	0.852569	0.883958	4.669396	
0.246067	0.008767	0.309245	0.001779	9.185925	
0.298831	0.002845	0.000031	0.000025	9.604953	
0.874186	0.795406	0.765520	0.148384	5.178062	
0.032160	0.001060	0.921774	0.667814	7.748879	
0.040416	0.634196	0.010175	0.874862	7.816774	
0.000526	0.002905	0.295192	0.000532	9.600965	
0.000692	0.299911	0.000468	0.043272	9.611862	
0.000011	0.764675	0.001796	0.000014	8.757656	
0.364079	0.357162	0.003837	0.000084	9.460951	
0.864921	0.907763	0.162792	0.827550	4.738313	
0.041918	0.021205	0.651420	0.636734	8.946400	
0.026879	0.640671	0.868985	0.025802	7.763993	
0.014758	0.022351	0.001395	0.927557	8.500196	
0.843912	0.771578	0.002249	0.000024	6.899551	
0.763643	0.000074	0.000637	0.000090	8.641093	
0.832825	0.841727	0.828626	0.847274	3.314124	
0.827005	0.890223	0.765520	0.148356	5.039685	
0.000087	0.906982	0.147642	0.644051	7.599254	
0.304491	0.001522	0.139815	0.229453	8.953511	
0.882971	0.837636	0.167544	0.847230	4.634041	
0.050013	0.000015	0.000997	0.289768	9.521773	
0.137945	0.916184	0.795182	0.809509	5.056453	
0.656211	0.689034	0.003938	0.659969	7.995347	
0.342702	0.007470	0.006859	0.000000	9.718071	
0.844821	0.186948	0.762013	0.878937	4.911331	
0.050013	0.000015	0.001083	0.281047	9.518715	
0.874560	0.008767	0.769823	0.001779	6.901450	
0.000000	0.000000	0.031632	0.837288	8.321647	
0.345691	0.837630	0.111320	0.042924	7.782590	
0.296179	0.008788	0.141528	0.229453	8.929160	
0.025034	0.906690	0.172460	0.827550	6.497038	
0.076544	0.878404	0.006548	0.903728	6.618037	
0.345691	0.914329	0.883328	0.788390	4.972744	
0.785164	0.009843	0.818815	0.001779	6.869458	
0.013631	0.022351	0.651420	0.149414	9.357887	
0.028204	0.645644	0.856924	0.012448	7.749242	
0.000724	0.921564	0.364785	0.318386	7.904301	
