0.459333	0.568656	0.895934	0.000430	
0.744913	0.223590	2.580412	0.000040	
0.243420	0.240709	0.346102	0.881755	
0.597964	0.393855	1.075340	0.391793	
0.353323	0.654041	1.709678	0.468717	
0.491234	0.332036	0.877400	0.791151	
0.000000	0.000000	0.000000	1.000013	
0.221921	0.741918	2.589142	0.000041	
0.121598	0.121460	0.172058	0.970725	
0.222951	0.729728	2.732697	0.528767	
0.355692	0.507185	0.851170	0.795657	
0.667922	0.239997	1.975984	0.883518	
0.464723	0.461481	0.659401	0.381113	
0.067253	0.067243	0.095117	0.991011	
0.740622	0.240242	3.351461	0.000027	
0.387395	0.594597	1.100226	0.407241	
0.347406	0.691538	1.533377	0.000026	
0.670640	0.331558	1.869709	0.494829	
0.738329	0.197670	2.996045	0.574278	
0.178845	0.179024	0.253333	0.934476	
0.100726	0.100551	0.142543	0.980720	
0.031705	0.031698	0.044844	0.998146	
0.561392	0.459255	0.886682	0.000000	
0.278505	0.694121	1.864533	0.451417	
0.694300	0.278069	1.859342	0.492446	
0.672548	0.347303	1.464539	0.000079	
0.243505	0.671692	1.989488	0.870976	
0.176064	0.758460	3.362585	0.020393	
0.329647	0.465497	0.830872	0.830162	
0.338110	0.692297	1.548910	0.000023	
0.216863	0.216665	0.306828	0.901703	
0.740410	0.240792	3.337691	0.000002	
0.266182	0.655170	1.763185	0.794419	
0.188582	0.188014	0.267147	0.928360	
0.738051	0.231494	2.467156	0.000060	
0.100607	0.100593	0.142287	0.979645	
0.360696	0.646071	1.576572	0.437863	
0.444120	0.598948	1.197805	0.000000	
0.720310	0.231279	2.339965	0.591516	
0.417464	0.607918	1.028916	0.318555	
0.721567	0.282082	1.921998	0.385209	
0.667816	0.352597	1.437889	0.000000	
0.280485	0.693796	1.857613	0.454989	
0.499257	0.340039	0.904775	0.772545	
0.513118	0.492548	0.742435	0.000000	
0.640881	0.368156	1.413654	0.359029	
0.465997	0.497366	0.722398	0.319323	
0.121713	0.121397	0.172343	0.971636	
0.584164	0.413900	1.010802	0.305989	
0.000000	0.000000	0.000000	1.000015	
0.223024	0.729697	2.731528	0.528557	
0.076007	0.075719	0.107695	0.990841	
0.031705	0.031698	0.044845	0.998167	
0.667324	0.241199	1.963942	0.878728	
0.465851	0.465841	0.658821	0.363261	
0.468417	0.551623	0.849161	0.000092	
0.028711	0.028707	0.040605	0.998450	
0.417464	0.607918	1.028916	0.318555	
0.628787	0.352568	1.363906	0.479580	
0.742735	0.184794	3.244787	0.621319	
0.304778	0.618507	1.428408	0.731022	
0.086884	0.086734	0.122999	0.986012	
0.182949	0.756791	3.338664	0.000002	
0.112477	0.112397	0.159134	0.974882	
0.593848	0.394506	1.061880	0.402756	
0.342493	0.530521	0.957338	0.751469	
0.135297	0.135201	0.191420	0.963210	
0.349531	0.689620	1.518458	0.000026	
0.031705	0.031698	0.044845	0.998167	
0.756141	0.188230	3.343613	0.021862	
0.666537	0.243059	1.947543	0.872226	
0.285757	0.632587	1.544405	0.774636	
0.423836	0.363700	0.650858	0.700834	
0.174338	0.174461	0.246830	0.937690	
0.274121	0.696389	1.912159	0.467379	
0.672542	0.347311	1.464489	0.000079	
0.179785	0.734371	3.110272	0.779324	
0.261533	0.262099	0.370850	0.853429	
0.722969	0.280316	1.940498	0.388352	
0.744495	0.224540	2.567710	0.000063	
0.552013	0.466274	0.855505	0.000000	
0.558878	0.461518	0.880765	0.000405	
0.229007	0.718499	2.382651	0.567779	
0.135536	0.135072	0.192069	0.965041	
0.744215	0.225503	2.555405	0.000062	
0.281766	0.635903	1.576161	0.788168	
0.112493	0.112377	0.159176	0.975060	
0.031707	0.031697	0.044851	0.998237	
0.644403	0.274568	1.637584	0.797775	
0.406591	0.591795	1.051403	0.320386	
0.260320	0.703934	2.029931	0.486279	
0.024827	0.024831	0.035122	0.998910	
0.740421	0.240767	3.338323	0.000002	
0.346391	0.673420	1.505627	0.008643	
0.589020	0.391358	1.065542	0.402707	
0.741726	0.222800	3.066215	0.303215	
0.486103	0.350255	0.833072	0.730730	
0.707774	0.268385	1.993347	0.398634	
0.360992	0.646125	1.574742	0.437467	
0.155908	0.156399	0.221658	0.952288	
0.087483	0.087350	0.123809	0.985565	
0.454517	0.478355	0.694031	0.390356	
0.670957	0.348034	1.457561	0.000000	
0.264788	0.258768	0.379483	0.866758	
0.597926	0.371306	1.194426	0.506776	
0.340022	0.503886	0.898655	0.757537	
0.456129	0.565877	0.901578	0.000431	
0.244907	0.732003	2.310271	0.000063	
0.495914	0.346441	0.890102	0.760907	
0.684861	0.286928	1.782106	0.480590	
0.258003	0.713610	2.116522	0.432293	
0.711111	0.285955	1.907045	0.000108	
0.218749	0.743242	2.634634	0.000071	
0.087534	0.087489	0.123840	0.984970	
0.171835	0.171392	0.243325	0.940844	
0.212236	0.746149	3.264110	0.274292	
0.338100	0.692305	1.548974	0.000023	
0.242975	0.240956	0.344986	0.880138	
0.000000	0.000000	0.000000	1.012456	
0.551162	0.398750	0.940956	0.477547	
0.669245	0.244689	1.947409	0.849329	
0.735219	0.238938	2.390177	0.000075	
0.608324	0.375936	1.213324	0.437825	
0.380944	0.663491	1.247734	0.358964	
0.554169	0.465011	0.864871	0.000400	
0.121629	0.121443	0.172134	0.970968	
0.738430	0.218494	2.824188	0.369289	
0.031705	0.031698	0.044846	0.998168	
0.740495	0.240595	3.342675	0.000005	
0.113259	0.113138	0.160260	0.974730	
0.453343	0.569447	0.914144	0.000434	
0.339195	0.500300	0.893032	0.765778	
0.604993	0.400992	1.083895	0.324210	
0.361179	0.645962	1.572955	0.437055	
0.264090	0.660277	1.793150	0.793563	
0.734540	0.245533	2.308488	0.007449	
0.640881	0.368156	1.413654	0.359029	
0.153200	0.151697	0.218663	0.961265	
0.376445	0.402670	0.585149	0.667318	
0.484302	0.528725	0.785912	0.001890	
0.358571	0.354247	0.510036	0.709222	
0.223024	0.729697	2.731528	0.528557	
0.694337	0.314452	1.693718	0.000043	
0.000000	0.000000	0.000000	1.712930	
0.361086	0.646043	1.573839	0.437259	
0.258616	0.259779	0.368627	0.858454	
0.382629	0.620865	1.183477	0.312875	
0.747569	0.189797	3.043262	0.396056	
0.031707	0.031697	0.044851	0.998237	
0.348729	0.683350	1.478245	0.006168	
0.265324	0.701337	1.982489	0.476241	
0.542567	0.473164	0.825263	0.000000	
0.135536	0.135072	0.192069	0.965041	
0.566267	0.390275	0.988602	0.494279	
0.632331	0.289237	1.627223	0.814320	
0.294081	0.629232	1.495158	0.747209	
0.740340	0.240955	3.333590	0.000002	
0.419190	0.525669	0.838843	0.453637	
0.045103	0.045072	0.063817	0.996470	
0.722101	0.281490	1.929603	0.386540	
0.176632	0.758304	3.342892	0.000053	
0.114162	0.114081	0.161518	0.974096	
0.176257	0.758456	3.358300	0.000089	
0.121668	0.121417	0.172242	0.971302	
0.711912	0.234632	2.292446	0.600394	
0.172052	0.171268	0.243873	0.942034	
0.701115	0.276823	1.909950	0.388412	
0.352214	0.680182	1.455526	0.000136	
0.256434	0.668809	1.907034	0.792888	
0.718088	0.270221	2.035945	0.195086	
0.391513	0.618334	1.146315	0.306096	
0.000000	0.000000	0.000000	1.000281	
0.740410	0.240792	3.337691	0.000002	
0.340980	0.503238	0.898655	0.757537	
0.292579	0.639190	1.552076	0.712513	
0.587749	0.398789	1.068838	0.383552	
0.031707	0.031697	0.044851	0.998238	
0.642294	0.277032	1.639104	0.798231	
0.391905	0.389983	0.555874	0.626293	
0.202813	0.729200	2.721453	0.636127	
0.545878	0.433721	0.872812	0.350143	
0.305140	0.683640	1.676091	0.366474	
0.415496	0.618623	1.099629	0.000110	
0.103463	0.103347	0.146401	0.979090	
0.656351	0.334415	1.446894	0.401086	
0.612731	0.401433	1.118194	0.218873	
0.507109	0.495792	0.725794	0.019402	
0.242495	0.241214	0.343806	0.878419	
0.253002	0.707174	2.105397	0.507849	
0.255522	0.252348	0.363680	0.868918	
0.213040	0.745501	2.715594	0.000073	
0.499529	0.500833	0.709222	0.000367	
0.377977	0.616670	1.201165	0.371320	
0.619964	0.303472	1.489496	0.771526	
0.380635	0.377420	0.541107	0.657258	
0.685846	0.305651	1.682966	0.344537	
0.394667	0.609467	1.123037	0.300987	
0.240794	0.722336	2.472090	0.474675	
0.744411	0.225061	2.561259	0.000062	
0.133820	0.133337	0.189659	0.966136	
