0.476442	0.638753	0.932529	0.000000	
0.546983	0.509833	1.244090	0.000000	
0.722086	0.209358	2.779573	0.860125	
0.545899	0.470835	0.835541	0.000001	
0.621207	0.386925	1.486339	0.476873	
0.331795	0.617728	1.379617	0.628391	
0.096892	0.096759	0.137168	0.982157	
0.000000	0.000000	0.000000	1.000009	
0.366893	0.310029	0.569733	0.837915	
0.268035	0.892546	2.592719	0.000000	
0.644532	0.426652	2.414769	0.000000	
0.757053	0.182046	3.348638	0.000714	
0.349252	0.670762	1.452031	0.006753	
0.041923	0.041926	0.059297	0.996543	
0.180397	0.180142	0.255392	0.933833	
0.191375	0.753875	3.378408	0.169309	
0.399188	0.661933	2.378947	0.000000	
0.106884	0.106701	0.151356	0.978292	
0.083929	0.084204	0.119651	0.989910	
0.659997	0.275233	1.715469	0.707460	
0.272958	0.666300	1.753840	0.698382	
0.748982	0.385365	1.422087	0.000000	
0.227732	0.712249	2.671182	0.765078	
0.126685	0.126593	0.179233	0.967878	
0.025440	0.025438	0.035980	0.998775	
0.443721	0.438438	0.631509	0.477416	
0.312020	0.365640	0.561949	0.832931	
0.883574	0.285169	2.557892	0.000000	
0.083929	0.084203	0.119649	0.989899	
0.599586	0.339712	1.350047	0.686868	
0.373478	0.557868	1.001801	0.564135	
0.227084	0.744380	2.537457	0.000000	
0.506236	0.573726	1.614703	0.000000	
0.323250	0.347589	0.509860	0.784640	
0.473432	0.654877	0.959896	0.000000	
0.113007	0.112914	0.159885	0.974673	
0.736666	0.234359	2.429909	0.020100	
0.350117	0.676386	1.509768	0.000001	
0.265460	0.266873	0.378505	0.849778	
0.190944	0.753474	3.382898	0.211854	
0.527612	0.491125	0.760471	0.000001	
0.285662	0.693380	1.847413	0.424846	
0.000000	0.000000	0.000000	1.250194	
0.722625	0.220533	2.866083	0.707902	
0.647417	0.424431	2.557381	0.000000	
0.025451	0.025432	0.036007	0.999185	
0.221631	0.714403	2.722174	0.780168	
0.391980	0.667932	2.588018	0.000000	
0.756952	0.182279	3.343527	0.026936	
0.672872	0.346758	1.467327	0.000025	
0.439486	0.478903	0.714987	0.451203	
0.180407	0.180138	0.255425	0.933900	
0.041923	0.041927	0.059297	0.996545	
0.000000	0.000000	0.000000	2.003361	
0.739310	0.228408	2.514329	0.000000	
0.184896	0.726866	3.092233	0.877616	
0.370618	0.313429	0.575240	0.830351	
0.190970	0.753465	3.382302	0.211818	
0.458867	0.601396	1.355198	0.000000	
0.717557	0.199394	2.919307	0.902257	
0.534111	0.478937	0.799846	0.000001	
0.323250	0.347589	0.509860	0.784640	
0.563385	0.378112	1.003269	0.555498	
0.041923	0.041927	0.059297	0.996545	
0.476157	0.640318	0.935288	0.000000	
0.290161	0.685893	1.759213	0.450267	
0.665662	0.359676	1.471458	0.000826	
0.378785	0.562962	0.998680	0.551704	
0.126895	0.126475	0.179771	0.969510	
0.083929	0.084203	0.119649	0.989899	
0.025440	0.025438	0.035980	0.998775	
0.755114	0.188306	3.252613	0.002453	
0.339061	0.677855	1.514561	0.000012	
0.451835	0.629760	2.672929	0.000000	
0.180456	0.180113	0.255570	0.934196	
0.652201	0.419329	2.715005	0.000000	
0.224746	0.748039	2.576993	0.000001	
0.406284	0.409052	0.580560	0.582653	
0.390437	0.669218	2.636898	0.000000	
0.113003	0.112917	0.159879	0.974652	
0.571683	0.395192	1.016138	0.477271	
0.537840	0.492020	0.930920	0.000000	
0.577185	0.447024	0.942057	0.000001	
0.191248	0.753371	3.376152	0.211452	
0.341367	0.317928	0.500259	0.794053	
0.801467	0.365051	1.613722	0.000000	
0.000000	0.000000	0.000000	1.002691	
0.169155	0.169438	0.239794	0.942023	
0.741751	0.222541	2.591643	0.000000	
0.485829	0.558416	0.838176	0.000001	
0.338924	0.677953	1.515447	0.000012	
0.254235	0.680840	1.941385	0.731374	
0.751039	0.200032	3.032428	0.002332	
0.412703	0.581594	0.963188	0.429311	
0.057541	0.057546	0.081387	0.993420	
0.090509	0.090535	0.128062	0.983694	
0.236415	0.737191	2.413631	0.000181	
0.323250	0.347589	0.509860	0.784640	
0.652064	0.419465	2.708940	0.000000	
0.723381	0.268651	2.004830	0.565815	
0.446819	0.464296	0.668995	0.433727	
0.025440	0.025438	0.035980	0.998775	
0.191332	0.753343	3.374277	0.211341	
0.178565	0.177680	0.253400	0.938040	
0.754463	0.190256	3.215853	0.002465	
0.572549	0.471241	1.120985	0.000000	
0.028730	0.028735	0.040643	0.998490	
0.328494	0.619517	1.379286	0.628273	
0.025449	0.025433	0.036003	0.999135	
0.741355	0.223504	2.578696	0.000000	
0.675168	0.351791	1.447854	0.000000	
0.387112	0.672114	2.749460	0.000000	
0.652071	0.419458	2.709251	0.000000	
0.725766	0.201363	2.922977	0.901646	
0.000000	0.000000	0.000000	2.025038	
0.533637	0.479258	0.798442	0.000001	
0.221660	0.749474	2.619035	0.000001	
0.587504	0.353701	1.179918	0.603039	
0.379398	0.649175	1.280612	0.000000	
0.125907	0.126282	0.178879	0.969626	
0.265556	0.266728	0.378086	0.849266	
0.264279	0.671281	1.828240	0.723996	
0.472954	0.543894	0.827550	0.000009	
0.459300	0.454933	0.653711	0.411194	
0.237619	0.236239	0.337093	0.884199	
0.608658	0.456614	1.630223	0.000000	
0.390479	0.669182	2.635538	0.000000	
0.032256	0.032259	0.045624	0.997984	
0.218118	0.707975	2.571639	0.824268	
0.712105	0.272185	1.992772	0.278494	
0.756903	0.176174	3.351193	0.212704	
0.628467	0.372709	1.423087	0.430264	
0.221727	0.749443	2.618109	0.000001	
0.347804	0.665739	1.435811	0.189358	
0.654145	0.253884	1.807457	0.864581	
0.462548	0.558695	0.874184	0.000009	
0.579791	0.445061	0.951960	0.005469	
0.677017	0.339606	1.509931	0.000001	
0.000000	0.000000	0.000000	2.740852	
0.191248	0.753371	3.376152	0.211452	
0.373419	0.426972	0.627397	0.694899	
0.025423	0.025467	0.036051	0.999868	
0.646664	0.421169	2.292877	0.000000	
0.411852	0.582999	0.967827	0.430787	
0.343959	0.331085	0.496483	0.759880	
0.041904	0.041960	0.059381	0.997341	
0.544207	0.472035	0.830413	0.000001	
0.354009	0.624499	1.301072	0.471914	
0.572136	0.368952	1.038351	0.585503	
0.206822	0.749532	2.875219	0.000015	
0.718394	0.273759	2.063792	0.046218	
0.000000	0.000000	0.000000	1.419002	
0.717112	0.198312	2.932844	0.916017	
0.194192	0.730017	2.846201	0.703304	
0.173326	0.173280	0.245165	0.938204	
0.312202	0.696642	1.707130	0.007714	
0.676957	0.339779	1.510327	0.002739	
0.428383	0.638409	2.060644	0.000000	
0.406698	0.408308	0.578588	0.581539	
0.647690	0.420198	2.324098	0.000000	
0.755743	0.186322	3.294937	0.002522	
0.470681	0.573439	1.087578	0.000000	
0.025440	0.025438	0.035980	0.998775	
0.277577	0.710844	1.951678	0.244884	
0.472971	0.542755	0.826023	0.000042	
0.454156	0.625579	2.422237	0.000000	
0.634283	0.397467	1.187171	0.000000	
0.256007	0.727425	2.328544	0.119794	
0.271391	0.696882	1.918836	0.482510	
0.343388	0.677780	1.583006	0.000152	
0.724465	0.262017	2.182653	0.037716	
0.057529	0.057569	0.081454	0.993880	
0.618289	0.317710	1.352580	0.653689	
0.654279	0.414931	2.636646	0.000000	
0.324991	0.631804	1.379217	0.571505	
0.025468	0.025422	0.036050	0.999858	
0.000000	0.000000	0.000000	2.898555	
0.756338	0.182892	3.228257	0.000001	
0.252448	0.251088	0.358008	0.867540	
0.465376	0.556100	0.872230	0.000009	
0.652922	0.256126	1.787732	0.856335	
0.204309	0.752321	3.107980	0.195570	
0.534011	0.479450	0.798371	0.000001	
0.562061	0.485720	1.145064	0.000000	
0.476034	0.460951	0.684770	0.369324	
0.652662	0.416582	2.571871	0.000000	
0.352328	0.663180	1.299541	0.580869	
0.425311	0.604930	1.047314	0.000011	
0.201232	0.750766	3.376152	0.211452	
0.740434	0.193105	2.964571	0.542154	
0.742532	0.220346	2.724190	0.169391	
0.000000	0.000000	0.000000	1.254496	
0.231129	0.702333	2.388013	0.769950	
0.388125	0.671198	2.713867	0.000000	
0.571683	0.395192	1.016138	0.477271	
0.257163	0.758107	2.291611	0.015950	
0.593904	0.458219	1.299007	0.000000	
0.445490	0.467568	0.680344	0.438023	
0.672364	0.347111	1.485492	0.001223	
0.032256	0.032259	0.045624	0.997984	
