0.709520	0.704819	0.000409	0.001454	
0.000000	0.708267	0.000000	0.707879	
0.588767	0.195826	0.000004	0.784249	
0.000004	0.972896	0.162459	0.164824	
0.946089	0.189368	0.188821	0.188831	
0.000003	0.639997	0.426820	0.638973	
0.194819	0.000376	0.790004	0.581367	
0.205224	0.427143	0.211657	0.859555	
0.973710	0.161577	0.000007	0.160884	
0.000001	0.162269	0.162316	0.973549	
0.184674	0.000002	0.367753	0.917632	
0.471435	0.469228	0.708040	0.237562	
0.786232	0.586994	0.000001	0.196399	
0.913088	0.364978	0.000001	0.184450	
0.000001	0.514663	0.857891	0.000000	
0.992177	0.000026	0.141361	0.000001	
0.426787	0.639385	0.639703	0.000004	
0.409730	0.000615	0.407041	0.816531	
0.590659	0.783305	0.000001	0.193934	
0.857909	0.513848	0.000003	0.000000	
0.000003	0.365329	0.181713	0.913013	
0.316824	0.001063	0.951772	0.000000	
0.000013	0.000005	0.861651	0.515938	
0.639599	0.426689	0.000006	0.639480	
0.000004	0.992350	0.141855	0.000000	
0.236119	0.706420	0.472428	0.471338	
0.000000	0.363903	0.912765	0.186113	
0.434905	0.847937	0.213156	0.215738	
0.640700	0.000007	0.424474	0.640155	
0.182334	0.364335	0.913279	0.000000	
0.000000	0.000000	0.989431	0.145287	
0.162296	0.000000	0.162234	0.973381	
0.473248	0.472465	0.234756	0.707261	
0.471790	0.234888	0.472825	0.706232	
0.412261	0.407618	0.815050	0.000000	
0.916037	0.181949	0.366000	0.000000	
1.000194	0.000000	0.000001	0.000000	
0.428980	0.640366	0.000001	0.637171	
0.000001	0.949227	0.316680	0.000000	
0.000006	0.312129	0.001694	0.952031	
0.310675	0.000000	0.000001	0.950622	
0.183832	0.366558	0.000002	0.912092	
0.000024	0.639251	0.639813	0.426750	
0.000000	0.000000	1.000556	0.000000	
0.949187	0.000015	0.000007	0.315338	
0.188392	0.188407	0.193147	0.944475	
0.671575	0.670534	0.222959	0.223090	
0.859912	0.007054	0.000013	0.512716	
0.948270	0.000022	0.317820	0.000017	
0.000001	0.195478	0.784752	0.588341	
0.427954	0.214284	0.852229	0.212206	
0.786847	0.194536	0.591653	0.000001	
0.000006	0.196021	0.587616	0.785101	
0.000022	0.183963	0.367534	0.911668	
0.913320	0.364282	0.183161	0.000001	
0.588660	0.784580	0.195008	0.000000	
0.141472	0.990042	0.000000	0.000000	
0.000000	0.857529	0.514476	0.000000	
0.363604	0.184159	0.000000	0.913211	
0.472188	0.236064	0.709003	0.472613	
0.000005	0.789333	0.197874	0.582341	
0.182456	0.913061	0.364826	0.000000	
0.706285	0.000058	0.707981	0.000000	
0.990406	0.138537	0.000006	0.000000	
0.000000	0.141889	0.000000	0.990009	
0.406905	0.818415	0.000088	0.406067	
0.407188	0.000001	0.817200	0.407944	
0.000000	1.000053	0.000000	0.000000	
0.219865	0.651224	0.217049	0.699048	
0.197046	0.785029	0.588330	0.000003	
0.427783	0.209762	0.213866	0.853141	
0.195212	0.588769	0.784423	0.000269	
0.163755	0.163472	0.973005	0.000001	
0.163020	0.973199	0.000000	0.162378	
0.638618	0.641917	0.000037	0.424521	
0.640908	0.637942	0.427033	0.000003	
0.363719	0.000001	0.184922	0.913021	
0.237669	0.475192	0.468638	0.707207	
0.513108	0.858377	0.000001	0.000000	
0.909514	0.000252	0.201382	0.364868	
0.000005	0.588529	0.785418	0.195860	
0.141129	0.000625	0.990047	0.000000	
0.590687	0.000023	0.196021	0.787513	
0.707148	0.233914	0.472425	0.471335	
0.000000	0.000011	0.949084	0.315124	
0.196119	0.588000	0.000002	0.784766	
0.216286	0.852092	0.213312	0.426310	
0.786580	0.000072	0.190438	0.601130	
0.366980	0.912287	0.000000	0.182909	
0.188149	0.187163	0.948545	0.189075	
0.141303	0.000007	0.000140	0.990094	
0.000423	0.000008	0.512341	0.860768	
0.316353	0.948714	0.000000	0.000001	
0.862372	0.000003	0.510860	0.000000	
0.000001	0.426011	0.640199	0.639360	
0.000070	0.180725	0.912362	0.369824	
0.000003	0.783685	0.589695	0.195337	
0.676990	0.222712	0.224906	0.664486	
0.670189	0.224972	0.671634	0.222455	
0.949068	0.315191	0.000008	0.000001	
0.706977	0.471347	0.236517	0.471611	
0.213681	0.213319	0.852563	0.426783	
0.000001	0.913879	0.182587	0.365292	
0.001417	0.913037	0.364947	0.182419	
0.975967	0.000037	0.161520	0.163075	
0.852221	0.213918	0.426888	0.214462	
0.186773	0.945574	0.189714	0.188958	
0.990131	0.000000	0.000001	0.141474	
0.000001	0.989992	0.000001	0.141500	
0.182124	0.912759	0.000003	0.365762	
0.470307	0.707822	0.471445	0.235904	
0.000021	0.515205	0.000003	0.857150	
0.000000	0.000000	0.000001	1.000035	
0.522433	0.000017	0.852736	0.000001	
0.706645	0.000055	0.000003	0.707651	
0.363835	0.182350	0.914739	0.000000	
0.638966	0.425588	0.640847	0.000000	
0.000000	0.000006	0.707682	0.706559	
0.000000	0.314996	0.949163	0.000000	
0.426935	0.000001	0.644159	0.640057	
0.913423	0.000003	0.364084	0.182426	
0.213465	0.853257	0.426500	0.211962	
0.367410	0.000104	0.912155	0.181795	
0.816831	0.408981	0.407355	0.000001	
0.222641	0.670683	0.672778	0.223257	
0.854224	0.213097	0.210075	0.425301	
0.236788	0.473125	0.707110	0.469313	
0.000025	0.408291	0.412802	0.822362	
0.852007	0.429267	0.212007	0.211982	
0.223677	0.224007	0.674470	0.668934	
0.000005	0.409535	0.816338	0.407989	
0.816661	0.000467	0.409128	0.408037	
0.000012	0.588041	0.196316	0.784718	
0.973601	0.160762	0.162346	0.000000	
0.409752	0.815863	0.408095	0.000001	
0.784005	0.000022	0.588585	0.197372	
0.196610	0.000000	0.587860	0.785253	
0.912638	0.182472	0.000000	0.366006	
0.160495	0.164039	0.000509	0.973321	
0.637820	0.000053	0.639352	0.430008	
0.818815	0.409059	0.000010	0.407776	
0.212520	0.212564	0.425433	0.853693	
0.363696	0.913636	0.182191	0.000009	
0.000002	0.141126	0.990017	0.000000	
0.784319	0.191678	0.000000	0.590095	
0.501531	0.497861	0.497095	0.504045	
0.000224	0.000007	0.315290	0.950776	
0.000137	0.859084	0.000004	0.511937	
0.588705	0.000027	0.789825	0.195545	
0.583742	0.195817	0.789127	0.000069	
0.485157	0.702112	0.236633	0.465985	
0.000040	0.948493	0.000000	0.317028	
0.183223	0.000001	0.912965	0.364722	
0.214493	0.427158	0.853210	0.210609	
0.784836	0.588333	0.196790	0.000001	
0.514257	0.000006	0.000001	0.857719	
0.000009	0.816379	0.408958	0.407890	
0.707408	0.470566	0.472099	0.235369	
0.000000	0.000000	0.141339	0.989992	
0.162624	0.000001	0.973506	0.162116	
0.407019	0.409907	0.001339	0.816427	
0.000020	0.706722	0.707559	0.000000	
0.000004	0.163674	0.973491	0.160646	
0.163039	0.973284	0.161905	0.000000	
0.195734	0.784637	0.000000	0.588880	
0.140287	0.004715	0.603765	0.785253	
0.000002	0.448061	0.369262	0.822368	
0.539283	0.186078	0.697488	0.434141	
0.316824	0.001063	0.951772	0.000000	
0.362016	0.909415	0.181349	0.096168	
0.497024	0.005098	0.193671	0.845947	
0.515250	0.485245	0.168884	0.687200	
0.362264	0.527600	0.426820	0.638973	
0.000002	0.554310	0.417098	0.720318	
0.216286	0.852092	0.213312	0.426310	
0.016309	0.598251	0.799868	0.047185	
0.341487	0.944396	0.051298	0.217476	
0.193270	0.000373	0.783723	0.602826	
0.577636	0.213115	0.789109	0.000058	
0.195211	0.588768	0.784421	0.000269	
0.000215	0.000006	0.303025	0.955889	
0.000070	0.180612	0.911788	0.374216	
0.197807	0.871711	0.433434	0.215412	
0.585822	0.000026	0.788143	0.195590	
0.526391	0.850297	0.000001	0.000000	
0.403087	0.537636	0.761070	0.000000	
0.390356	0.000018	0.576862	0.717886	
0.436396	0.174436	0.882742	0.000968	
0.000001	0.000000	0.000000	1.004040	
0.736625	0.000067	0.338397	0.602118	
0.922428	0.001384	0.386822	0.008470	
0.111389	0.000005	0.111340	0.987589	
0.163535	0.968858	0.090847	0.162378	
0.973893	0.000043	0.161177	0.160018	
0.000001	0.782994	0.018385	0.650073	
0.757511	0.025276	0.480735	0.478532	
0.762786	0.379664	0.236250	0.472838	
0.366964	0.000093	0.911048	0.188853	
0.776318	0.135023	0.583955	0.195337	
0.000000	0.000000	0.990135	0.145391	
