0.501531	0.497861	0.497095	0.504045	
0.182456	0.913061	0.364826	0.000000	
0.141274	0.000626	0.991060	0.000000	
0.000000	0.000000	0.141339	0.989992	
0.000001	0.858030	0.000000	0.513764	
0.000009	0.816366	0.408981	0.407889	
0.195742	0.784668	0.000000	0.588903	
0.000021	0.515218	0.000003	0.857171	
0.851702	0.214362	0.428943	0.211941	
0.212688	0.852767	0.426178	0.215821	
0.000025	0.162234	0.162281	0.973339	
0.000000	0.857547	0.514487	0.000000	
0.407327	0.819264	0.000272	0.406488	
0.817441	0.004929	0.412685	0.404888	
0.196888	0.000020	0.797697	0.595415	
0.590574	0.000023	0.195984	0.782890	
0.367095	0.912571	0.000000	0.182966	
0.214598	0.427368	0.853729	0.216158	
0.000405	0.000008	0.515645	0.856870	
0.914421	0.365718	0.000002	0.177231	
0.513144	0.858437	0.000001	0.000000	
0.000076	0.784745	0.196724	0.588548	
0.640700	0.000007	0.424474	0.640155	
0.435002	0.848126	0.213203	0.215786	
0.638966	0.425588	0.640847	0.000001	
0.913423	0.000003	0.364084	0.182426	
0.913338	0.364289	0.183164	0.000001	
0.212601	0.212644	0.425594	0.854016	
0.162638	0.000001	0.973584	0.160763	
0.948621	0.316772	0.000003	0.000001	
0.000005	0.409535	0.816338	0.407989	
0.949617	0.000015	0.003127	0.315483	
0.856814	0.000003	0.515742	0.000001	
0.973882	0.160596	0.000007	0.160885	
0.187966	0.187981	0.193962	0.944452	
0.199009	0.587512	0.784442	0.000269	
0.236267	0.472389	0.472227	0.705890	
0.236122	0.706430	0.472435	0.471345	
0.000000	0.000000	0.991325	0.141657	
0.707765	0.000076	0.000004	0.706497	
0.000001	0.989992	0.000001	0.141500	
0.816952	0.408128	0.000586	0.407868	
0.183654	0.000800	0.365727	0.912575	
0.000001	0.912558	0.182323	0.366221	
0.163020	0.973199	0.000000	0.162378	
0.413935	0.406658	0.815780	0.000000	
0.000001	0.195736	0.785788	0.586837	
0.183227	0.000001	0.912986	0.364731	
0.000036	0.588164	0.784932	0.195468	
0.973607	0.160763	0.162346	0.000000	
0.367208	0.183943	0.000000	0.912031	
0.488156	0.699719	0.236562	0.470887	
0.426018	0.000353	0.640209	0.639371	
0.000062	0.948454	0.000000	0.317014	
0.000013	0.315945	0.000002	0.948832	
0.213688	0.213326	0.852589	0.426796	
0.363887	0.914115	0.180192	0.000009	
0.788373	0.000039	0.197511	0.588688	
0.588277	0.197305	0.000004	0.784254	
0.000004	0.973915	0.162630	0.164996	
0.162412	0.000000	0.162111	0.973361	
0.000000	0.000000	1.000641	0.000000	
0.000008	0.196025	0.587631	0.785121	
0.641144	0.000002	0.640668	0.422790	
0.407193	0.000001	0.817210	0.407949	
0.857644	0.000074	0.000000	0.515512	
0.216279	0.852064	0.212825	0.426778	
1.000194	0.000000	0.000001	0.000000	
0.784012	0.000022	0.588591	0.197374	
0.710985	0.234345	0.472196	0.471694	
0.000004	0.165070	0.973399	0.160755	
0.429169	0.210442	0.211099	0.853961	
0.224782	0.672676	0.669431	0.221468	
0.588930	0.195912	0.785221	0.000506	
0.816838	0.408984	0.407359	0.000001	
0.000000	0.142030	0.000000	0.990990	
0.783807	0.198287	0.590164	0.000001	
0.707384	0.470550	0.473021	0.235472	
0.912655	0.182475	0.000000	0.366013	
0.000001	0.514703	0.857957	0.000004	
0.852032	0.429279	0.212013	0.211988	
0.000000	1.000066	0.000000	0.000000	
0.590493	0.783172	0.195003	0.000000	
0.141472	0.990042	0.000000	0.000000	
0.590714	0.783377	0.000001	0.193628	
0.000011	0.000000	0.948746	0.316131	
0.914551	0.000021	0.184646	0.360178	
0.429898	0.641737	0.000001	0.636774	
0.529165	0.000024	0.848552	0.000001	
0.000024	0.639251	0.639813	0.426750	
0.000001	0.426018	0.640210	0.639371	
0.409752	0.815863	0.408095	0.000001	
0.185381	0.369079	0.000000	0.917174	
0.182335	0.364338	0.913285	0.000001	
0.000000	0.363911	0.912785	0.186117	
0.857909	0.513848	0.000003	0.000000	
0.471845	0.234916	0.472881	0.706315	
0.672934	0.224731	0.668648	0.223010	
0.000002	0.000014	0.861670	0.515950	
0.365519	0.182595	0.918369	0.000000	
0.470480	0.231377	0.708439	0.473069	
0.000020	0.706722	0.707559	0.000000	
0.310344	0.000000	0.000005	0.950660	
0.000012	0.588050	0.196319	0.784730	
0.187548	0.186564	0.945512	0.190771	
0.426720	0.213666	0.853352	0.210597	
0.472768	0.470399	0.230246	0.708737	
0.593265	0.000007	0.781135	0.194711	
0.785804	0.194841	0.000001	0.587763	
0.709334	0.706052	0.001374	0.000003	
0.854069	0.213059	0.210767	0.425304	
0.989956	0.000045	0.141658	0.000001	
0.706977	0.471347	0.236517	0.471611	
0.000222	0.409503	0.407501	0.816612	
0.316735	0.001425	0.949066	0.000030	
0.641009	0.638043	0.427100	0.000003	
0.000000	0.000000	0.000001	1.000049	
0.671587	0.670546	0.222963	0.223094	
0.916987	0.176299	0.363779	0.000000	
0.000003	0.643235	0.431128	0.642242	
0.000025	0.183965	0.367538	0.911679	
0.236571	0.474926	0.709134	0.470656	
0.407014	0.409902	0.001339	0.816479	
0.973893	0.000043	0.161177	0.160018	
0.001840	0.000804	0.315882	0.952582	
0.182216	0.913220	0.000003	0.365947	
0.367432	0.000729	0.912212	0.182835	
0.189616	0.944903	0.189670	0.188937	
0.669955	0.220397	0.222569	0.673314	
0.000000	0.314664	0.949274	0.000000	
0.196131	0.588036	0.000002	0.784815	
0.411187	0.000617	0.408099	0.818496	
0.000001	0.912551	0.366761	0.181707	
0.228441	0.221769	0.678349	0.672781	
0.160826	0.160549	0.973986	0.000001	
0.471424	0.469217	0.708024	0.237600	
0.195770	0.784184	0.589437	0.000003	
0.000021	0.000007	0.707698	0.706576	
0.000022	0.990005	0.141520	0.000000	
0.638829	0.426176	0.000006	0.640629	
0.948291	0.000022	0.317827	0.000789	
0.000003	0.783516	0.589568	0.196712	
0.000017	0.180380	0.917573	0.364612	
0.000000	0.706262	0.000000	0.708069	
0.784887	0.588323	0.196797	0.000001	
0.786232	0.586994	0.000001	0.196399	
0.470038	0.708031	0.471459	0.235868	
0.426787	0.639385	0.639703	0.000004	
0.167917	0.156433	0.000000	0.973318	
0.945418	0.189234	0.189761	0.188737	
0.000002	0.951711	0.317509	0.000000	
0.514267	0.000006	0.000001	0.857736	
0.224528	0.673671	0.223442	0.673357	
0.000071	0.363730	0.184928	0.913048	
0.363739	0.000381	0.184933	0.913071	
0.000002	0.141128	0.990027	0.000000	
0.706287	0.000058	0.707983	0.000000	
0.992293	0.142060	0.000008	0.000000	
0.163039	0.973284	0.161905	0.000000	
0.141304	0.000007	0.000140	0.990103	
0.990028	0.000000	0.000015	0.141057	
0.213840	0.425805	0.213572	0.852998	
0.645854	0.637966	0.000371	0.420793	
0.316366	0.948754	0.000000	0.000001	
0.196331	0.000008	0.585642	0.786497	
0.707819	0.470077	0.236516	0.471609	
0.169121	0.971331	0.173374	0.005182	
0.000004	0.166110	0.973310	0.160769	
0.000022	0.990001	0.141519	0.010772	
0.167744	0.370912	0.912530	0.042582	
0.493619	0.158643	0.864263	0.000001	
0.695526	0.440541	0.000002	0.575464	
0.407126	0.410015	0.001339	0.816398	
0.010592	0.364361	0.914300	0.181242	
0.767741	0.568795	0.324735	0.012080	
0.598883	0.542313	0.589208	0.026484	
0.690906	0.229577	0.686203	0.011272	
0.788961	0.260047	0.523983	0.189781	
0.147375	0.246544	0.000000	0.957917	
0.000004	0.973458	0.166652	0.165033	
0.618504	0.667264	0.181778	0.373364	
0.596010	0.097257	0.000005	0.797844	
0.707938	0.233341	0.470173	0.480114	
0.159144	0.456460	0.598343	0.639305	
0.909700	0.016633	0.001307	0.416593	
0.249902	0.804434	0.539127	0.000001	
0.017473	0.999704	0.000000	0.164534	
0.593944	0.000007	0.780713	0.194373	
0.992293	0.142060	0.003771	0.000000	
0.173748	0.869480	0.345541	0.307423	
0.470038	0.708031	0.471459	0.235868	
0.193107	0.982839	0.003809	0.005185	
0.170424	0.102076	0.980600	0.013341	
0.559518	0.024691	0.181879	0.810848	
0.808384	0.000019	0.591595	0.185844	
0.361469	0.000379	0.187251	0.913659	
0.001555	0.247168	0.247244	0.937349	
0.013778	0.409271	0.407501	0.816612	
0.676999	0.660991	0.326178	0.011652	
0.917075	0.229484	0.156073	0.286924	
