0.277270	0.000073	0.150311	7.284445	
0.000000	0.195717	0.582949	7.463158	
0.745559	0.878579	0.871395	3.384940	
0.650566	0.708797	0.922947	4.938075	
0.885580	0.867601	0.739319	3.437120	
0.326779	0.188982	0.203519	6.904074	
0.000000	0.805385	0.200435	6.324143	
0.007304	0.160406	0.256591	7.245894	
0.245528	0.161734	0.000000	7.252409	
0.218655	0.890359	0.213929	5.527578	
0.159039	0.598833	0.000000	7.443776	
0.907602	0.000000	0.578178	6.250266	
0.280331	0.000071	0.000000	7.604699	
0.674206	0.882414	0.677836	4.859276	
0.638121	0.019347	0.000000	7.634041	
0.000865	0.272933	0.158822	7.262285	
0.904768	0.029119	0.806775	4.762681	
0.637644	0.000000	0.193562	7.157143	
0.750647	0.744437	0.000002	5.717033	
0.228731	0.614801	0.641848	6.799877	
0.815922	0.190656	0.599194	5.865187	
0.738703	0.001323	0.728773	5.664916	
0.228731	0.010715	0.648402	7.068391	
0.176928	0.172635	0.294160	6.902876	
0.011368	0.793580	0.874352	4.771867	
0.709903	0.021358	0.558901	6.907181	
0.875540	0.012960	0.015898	6.285175	
0.002213	0.905258	0.002066	6.385634	
0.000000	0.896859	0.582949	6.270210	
0.775737	0.000383	0.194064	6.179693	
0.000019	0.607309	0.706487	7.041728	
0.000019	0.000575	0.719893	6.938352	
0.802714	0.807613	0.255794	4.442842	
0.134364	0.134020	0.000177	7.475631	
0.636818	0.901219	0.001662	5.915262	
0.179192	0.266389	0.183487	6.893296	
0.643214	0.203470	0.643287	6.632235	
0.206984	0.780428	0.618998	5.858073	
0.000000	0.133123	0.136150	7.494375	
0.004711	0.911649	0.808145	4.815654	
0.678605	0.594483	0.051051	7.023872	
0.645408	0.223380	0.214301	6.771010	
0.138802	0.000443	0.135886	7.504741	
0.891336	0.803435	0.014595	4.760904	
0.774467	0.198847	0.000352	6.196762	
0.636710	0.642023	0.643606	6.569269	
0.196084	0.002004	0.783786	6.161013	
0.886207	0.606525	0.006626	6.061068	
0.000000	0.000000	0.000000	8.102618	
0.606277	0.769192	0.209899	5.931126	
0.000621	0.277949	0.000000	7.583104	
0.152475	0.153283	0.151744	7.090750	
0.195350	0.779848	0.000114	6.196065	
0.125468	0.000000	0.000000	7.801810	
0.000000	0.771051	0.564663	6.880966	
0.165619	0.277949	0.000000	7.252532	
0.268341	0.802964	0.820087	4.393473	
0.176928	0.008670	0.294160	7.240171	
0.159039	0.598833	0.780784	5.995627	
0.916632	0.709552	0.674823	4.729716	
0.710732	0.010807	0.000962	7.024218	
0.365288	0.000933	0.686444	6.955589	
0.000000	0.602107	0.200435	7.359549	
0.860842	0.736538	0.863686	3.428047	
0.000292	0.734552	0.735661	5.665957	
0.621958	0.198831	0.787772	5.771755	
0.218959	0.660772	0.216823	6.554857	
0.000850	0.000003	0.278874	7.602410	
0.000268	0.124097	0.000063	7.786624	
0.639688	0.175826	0.001835	7.211792	
0.000000	0.729560	0.001190	7.029683	
0.321915	0.694293	0.010543	6.820424	
0.864338	0.226502	0.219923	5.477496	
0.797477	0.862596	0.000475	4.760272	
0.778677	0.644136	0.193465	5.671042	
0.000000	0.197303	0.782720	6.150540	
0.221790	0.221808	0.654371	6.627916	
0.812544	0.004918	0.876681	4.708261	
0.218813	0.207541	0.896290	5.553102	
0.000011	0.000059	0.123814	7.765880	
0.000000	0.001793	0.564663	8.027191	
0.000000	0.019091	0.894990	6.338255	
0.794439	0.252252	0.805733	4.485790	
0.659786	0.211229	0.191885	6.603662	
0.135755	0.203032	0.256922	6.918482	
0.000744	0.811328	0.000063	6.407862	
0.190387	0.274057	0.002066	7.204281	
0.856060	0.733333	0.862541	3.450998	
0.228731	0.811412	0.624399	5.593699	
0.002343	0.219442	0.219695	7.174628	
0.818208	0.258360	0.805733	4.385818	
0.332583	0.007917	0.686444	6.860718	
0.000728	0.003794	0.857740	6.302683	
0.218959	0.660772	0.211006	6.560729	
0.639688	0.170120	0.048290	7.244665	
0.812544	0.002836	0.876681	4.710557	
0.638276	0.000000	0.000180	7.540196	
0.154233	0.003829	0.895121	6.136310	
0.000003	0.134781	0.136150	7.481487	
0.000318	0.734552	0.739876	5.634617	
0.882326	0.867962	0.739234	3.432472	
0.019603	0.794332	0.874352	4.760223	
0.907602	0.000000	0.577930	6.251622	
0.001019	0.725414	0.000660	6.964358	
0.000003	0.609258	0.135463	7.551756	
0.636818	0.901219	0.000266	5.916640	
0.177998	0.646162	0.002106	7.123158	
0.308884	0.694293	0.010927	6.797123	
0.002138	0.911649	0.808145	4.818494	
0.791942	0.001344	0.185402	6.112910	
0.228731	0.614801	0.641848	6.799877	
0.154233	0.003829	0.679661	7.016700	
0.002343	0.783472	0.192100	6.163783	
0.650960	0.044419	0.643394	6.883087	
0.139489	0.794332	0.874352	4.518020	
0.221790	0.222061	0.655891	6.582459	
0.175288	0.261552	0.196004	6.841475	
0.000000	0.197920	0.782720	6.149599	
0.685946	0.202055	0.643287	6.315536	
0.259290	0.199052	0.001680	7.193055	
0.050607	0.731205	0.617488	6.435960	
0.200341	0.676907	0.896290	5.232232	
0.000000	0.002204	0.571090	8.002174	
0.739760	0.888703	0.858058	3.438117	
0.891336	0.845440	0.014595	4.653035	
0.195350	0.779848	0.001955	6.152526	
0.000268	0.124740	0.000063	7.760316	
0.887067	0.598833	0.000000	6.339411	
0.621953	0.764523	0.209809	5.948330	
0.258891	0.190656	0.197930	6.819813	
0.026907	0.002375	0.013560	7.949763	
0.774606	0.169244	0.000352	6.472554	
0.643055	0.641370	0.643606	6.504296	
0.855630	0.224270	0.219923	5.478722	
0.000865	0.010654	0.158822	7.671184	
0.750647	0.731429	0.000002	5.810953	
0.222227	0.890359	0.211003	5.528194	
0.864576	0.000000	0.000000	6.411415	
0.138802	0.000003	0.278874	7.330485	
0.637644	0.005464	0.193562	7.155220	
0.000000	0.297584	0.000000	7.607241	
0.224687	0.250629	0.872348	5.471689	
0.130320	0.012960	0.015898	7.714776	
0.674206	0.882414	0.678352	4.855467	
0.328660	0.000000	0.193562	7.301092	
0.000019	0.000579	0.719893	6.935868	
0.875477	0.683013	0.679661	4.771363	
0.790780	0.834582	0.260265	4.416591	
0.157773	0.153283	0.151476	7.149076	
0.259301	0.002375	0.000047	7.571777	
0.904773	0.001460	0.808608	4.791275	
0.621958	0.198639	0.789316	5.764535	
0.677587	0.677126	0.896290	4.870137	
0.011803	0.214052	0.683653	6.907043	
0.865306	0.888823	0.014595	4.650174	
0.643214	0.203470	0.643287	6.632235	
0.882294	0.003829	0.679661	5.561696	
0.634008	0.001598	0.003943	7.573379	
0.785332	0.644136	0.192044	5.637603	
0.000403	0.000053	0.254619	7.573577	
0.134364	0.136659	0.000177	7.469513	
0.138823	0.000449	0.135770	7.461381	
0.259290	0.199052	0.001350	7.232033	
0.268123	0.811033	0.813706	4.364215	
0.000019	0.000575	0.873457	6.319217	
0.880117	0.866440	0.049780	4.623660	
0.000297	0.788169	0.735661	5.366857	
0.008580	0.187838	0.203519	7.224345	
0.125468	0.000000	0.000000	7.801810	
0.003202	0.850250	0.000000	6.307538	
0.224687	0.001234	0.130033	7.341762	
0.643055	0.642023	0.643606	6.500982	
0.645408	0.214246	0.676778	6.556694	
0.002343	0.219442	0.219051	7.175205	
0.789482	0.203213	0.010543	6.103588	
0.785332	0.644136	0.192688	5.636613	
0.790780	0.832888	0.053846	4.766063	
0.019603	0.796537	0.872953	4.749069	
0.157520	0.009182	0.264987	7.256965	
0.132694	0.134020	0.000177	7.549814	
0.002343	0.786105	0.192100	6.150177	
0.156537	0.000053	0.783843	6.204167	
0.321915	0.671376	0.010543	6.991215	
0.818208	0.258360	0.803465	4.393870	
0.140543	0.000449	0.135770	7.457761	
0.228731	0.614801	0.648402	6.723751	
0.004513	0.000275	0.643394	7.497615	
0.157773	0.164925	0.802328	5.804822	
0.689885	0.134277	0.124743	6.660496	
0.855559	0.729387	0.000177	5.294916	
0.259301	0.002122	0.007847	7.563654	
0.864177	0.003972	0.046412	6.238865	
0.632599	0.005077	0.017056	7.544361	
0.659786	0.005034	0.191885	7.094188	
0.631004	0.003718	0.719893	6.523867	
0.621799	0.633840	0.827482	5.549668	
0.217467	0.664784	0.700705	6.017225	
0.258891	0.203067	0.197930	6.807518	
0.179192	0.266389	0.190587	6.881620	
0.190387	0.274057	0.002066	7.204281	
