0.216867	0.219052	0.659135	6.568615	
0.198086	0.000451	0.793984	6.140401	
0.150170	0.148816	0.149675	7.109966	
0.647542	0.204009	0.618595	6.790305	
0.889963	0.012021	0.000000	6.331138	
0.150064	0.200933	0.335038	6.983911	
0.001605	0.002119	0.299425	7.620596	
0.279792	0.000000	0.000000	7.585135	
0.839330	0.313132	0.611434	5.665034	
0.246187	0.642353	0.618146	6.740933	
0.002993	0.884324	0.613665	6.012721	
0.009887	0.822428	0.879462	4.672676	
0.000002	0.789579	0.189445	6.115627	
0.185779	0.300799	0.000000	7.303547	
0.250197	0.806407	0.803381	4.411693	
0.001605	0.004014	0.906098	6.390589	
0.644009	0.646860	0.648113	6.432025	
0.000000	0.149900	0.305980	7.318837	
0.784779	0.593576	0.217604	5.884859	
0.865996	0.864807	0.724761	3.514967	
0.673132	0.635681	0.008337	6.930723	
0.735467	0.865858	0.856343	3.436832	
0.135048	0.000135	0.137170	7.467185	
0.000000	0.199096	0.631758	7.184339	
0.741789	0.000252	0.000871	7.061690	
0.734345	0.000000	0.740396	5.615739	
0.002346	0.635691	0.008337	7.559874	
0.236639	0.624876	0.801779	5.721977	
0.776037	0.000045	0.190842	6.182545	
0.123345	0.000395	0.000000	7.763605	
0.016883	0.898267	0.001421	6.345846	
0.001953	0.639229	0.253633	7.203393	
0.133790	0.140617	0.000057	7.469033	
0.000374	0.001609	0.727582	6.880010	
0.011522	0.888822	0.764298	4.957932	
0.242564	0.789294	0.602374	5.804724	
0.638010	0.011583	0.684462	6.756674	
0.185370	0.777428	0.000164	6.183909	
0.000001	0.000176	0.126068	7.757784	
0.777362	0.195494	0.000004	6.167409	
0.793384	0.807257	0.261083	4.453856	
0.679297	0.682721	0.904110	4.840731	
0.659495	0.218312	0.222883	6.558885	
0.684898	0.895907	0.679252	4.798380	
0.000207	0.707942	0.333257	6.690092	
0.000000	0.200943	0.791488	6.182682	
0.912960	0.673184	0.690825	4.858757	
0.899704	0.018889	0.801782	4.781250	
0.000000	0.125650	0.000000	7.758382	
0.800924	0.254499	0.800672	4.445147	
0.693148	0.000001	0.325601	6.900137	
0.000293	0.308912	0.156864	7.307489	
0.211233	0.000000	0.630422	7.177161	
0.628002	0.216390	0.793670	5.695450	
0.856639	0.230498	0.222833	5.472033	
0.285198	0.168034	0.187294	6.893559	
0.013211	0.745124	0.727582	5.616092	
0.638010	0.002365	0.187692	7.228220	
0.227475	0.225465	0.862917	5.472986	
0.000121	0.371922	0.694031	6.914536	
0.000076	0.298422	0.289120	7.231673	
0.594393	0.797629	0.261451	5.806359	
0.000103	0.137514	0.139822	7.457499	
0.000020	0.731776	0.008305	6.838244	
0.000000	0.000000	0.000000	8.000342	
0.919380	0.832768	0.004354	4.786446	
0.874464	0.729456	0.861776	3.487643	
0.793048	0.019730	0.899334	4.872268	
0.211978	0.330581	0.155607	6.967757	
0.220989	0.663191	0.222072	6.533337	
0.153263	0.005491	0.308169	7.309208	
0.628002	0.202253	0.000016	7.205318	
0.622697	0.639229	0.253633	6.726997	
0.805667	0.904334	0.000666	4.802668	
0.628002	0.012831	0.000016	7.582778	
0.207586	0.635684	0.005633	7.174094	
0.220212	0.859041	0.222796	5.479343	
0.357863	0.708208	0.000037	6.745988	
0.324491	0.000014	0.153256	7.343787	
0.726638	0.751293	0.001423	5.623047	
0.288263	0.174282	0.000000	7.245008	
0.000000	0.269664	0.000000	7.578745	
0.207173	0.635684	0.008707	7.172994	
0.820015	0.795473	0.263835	4.415287	
0.899704	0.005984	0.801782	4.797718	
0.220989	0.663191	0.225517	6.528776	
0.028470	0.822428	0.879462	4.647460	
0.183429	0.777428	0.000163	6.204426	
0.734345	0.000000	0.245604	6.403900	
0.249803	0.000395	0.061082	7.532097	
0.324491	0.006438	0.154363	7.334884	
0.047899	0.008146	0.126582	7.678536	
0.000004	0.722836	0.004302	6.919742	
0.796330	0.000349	0.870786	4.822105	
0.135048	0.000134	0.137170	7.467372	
0.133790	0.140617	0.000149	7.468940	
0.203803	0.656837	0.679252	6.250122	
0.865996	0.861289	0.725532	3.508577	
0.901867	0.779559	0.020973	4.891960	
0.000000	0.200943	0.006902	7.602936	
0.006919	0.004100	0.726310	6.984741	
0.883561	0.753545	0.861776	3.334523	
0.684898	0.010501	0.015852	7.306928	
0.726638	0.751359	0.001423	5.622645	
0.177623	0.000395	0.000000	7.690008	
0.250197	0.004062	0.625714	7.187519	
0.647542	0.004004	0.629221	7.123916	
0.638010	0.303195	0.684462	6.350312	
0.625872	0.024963	0.257135	7.152689	
0.836377	0.313132	0.629221	5.544821	
0.861533	0.316590	0.000000	6.156141	
0.000762	0.884324	0.617319	5.994326	
0.004500	0.697294	0.325917	6.876335	
0.281237	0.000001	0.792053	6.151887	
0.148143	0.000036	0.344313	7.397793	
0.149152	0.179896	0.335038	7.016662	
0.000103	0.781729	0.189595	6.155019	
0.820323	0.904279	0.869008	3.068729	
0.753374	0.342213	0.155877	6.074988	
0.000565	0.207814	0.001723	7.599575	
0.673432	0.635680	0.030291	6.820290	
0.000293	0.320253	0.698879	6.735448	
0.082691	0.634162	0.221896	7.169726	
0.628002	0.192186	0.000016	7.218193	
0.647542	0.201145	0.629221	6.730183	
0.000000	0.152239	0.299578	7.304465	
0.011486	0.021195	0.002491	7.959822	
0.004328	0.837682	0.002995	6.318256	
0.247389	0.778785	0.749215	4.871471	
0.276798	0.174282	0.041685	7.177230	
0.672998	0.646860	0.627577	6.362275	
0.001605	0.004014	0.299425	7.604167	
0.246187	0.642353	0.627578	6.684624	
0.843184	0.205364	0.690825	5.074795	
0.632970	0.000395	0.000000	7.566336	
0.212328	0.202892	0.160681	6.949017	
0.678937	0.683301	0.847263	4.786703	
0.356412	0.708208	0.000120	6.742182	
0.853157	0.213125	0.222833	5.487813	
0.200956	0.302948	0.222789	6.805840	
0.011486	0.000378	0.886964	6.324349	
0.737249	0.000000	0.740396	5.595135	
0.000103	0.137514	0.135643	7.467092	
0.848700	0.021195	0.002491	6.362472	
0.574073	0.770042	0.261451	6.061211	
0.324491	0.790840	0.153256	5.892790	
0.049353	0.249043	0.200572	7.207186	
0.000000	0.200943	0.781031	6.194975	
0.821110	0.904279	0.000666	4.749406	
0.214450	0.313452	0.000000	7.491977	
0.000565	0.207814	0.638821	7.129020	
0.030676	0.858534	0.813641	4.655647	
0.238997	0.213125	0.216978	6.761065	
0.000546	0.772535	0.707358	5.608375	
0.276798	0.174282	0.823935	5.591945	
0.785216	0.593563	0.156685	5.983598	
0.848228	0.624210	0.648908	5.393427	
0.247389	0.214574	0.733645	6.028486	
0.001940	0.654069	0.001592	7.528854	
0.699537	0.870311	0.679252	4.639754	
0.622697	0.639286	0.220298	6.739403	
0.176080	0.938200	0.677443	5.448628	
0.220399	0.230427	0.659135	6.555444	
0.015415	0.000983	0.126068	7.745316	
0.734876	0.009598	0.846433	5.133541	
0.002895	0.023355	0.002491	7.966406	
0.246187	0.642353	0.089307	7.042913	
0.776716	0.002850	0.156864	6.377512	
0.241082	0.645611	0.222072	6.644916	
0.219386	0.225465	0.862917	5.591024	
0.220212	0.859041	0.005019	5.889201	
0.000001	0.133814	0.000000	7.739075	
0.057741	0.368682	0.694031	6.833727	
0.004328	0.876763	0.002995	6.311937	
0.000000	0.000000	0.221347	7.716388	
0.238997	0.213125	0.217973	6.760116	
0.679075	0.635680	0.029532	6.779696	
0.839330	0.312316	0.003225	5.968260	
0.244029	0.795238	0.803381	4.459687	
0.890685	0.847314	0.335038	4.329295	
0.043474	0.834028	0.879462	4.594524	
0.659981	0.651775	0.627577	6.423226	
0.000293	0.308912	0.173737	7.289984	
0.019720	0.015670	0.875063	6.276333	
0.284106	0.004999	0.791914	6.121283	
0.220989	0.013867	0.222072	7.158992	
0.676045	0.003491	0.014802	7.546040	
0.661513	0.720430	0.847263	4.792478	
0.000207	0.707942	0.644937	6.509803	
0.594393	0.770042	0.261451	5.949550	
0.011522	0.888822	0.764298	4.957932	
0.865996	0.861289	0.678142	3.864874	
0.030676	0.184543	0.813641	5.982072	
0.036294	0.218312	0.016333	7.576739	
0.245920	0.642353	0.627578	6.684850	
0.148898	0.148816	0.149675	7.112795	
0.891439	0.753545	0.824072	3.513141	
0.028696	0.172153	0.187294	7.257530	
0.647542	0.127699	0.008116	7.287495	
0.211944	0.001924	0.630422	7.174425	
