0.429109	0.215046	0.216576	0.853273	
0.674359	0.214623	0.226320	0.671387	
0.858445	0.513351	0.005648	0.000046	
0.224000	0.673204	0.670738	0.220599	
0.420225	0.000320	0.407836	0.813517	
0.183695	0.365688	0.913989	0.000069	
0.539029	0.842548	0.005648	0.000046	
0.000000	0.000000	0.141937	0.995993	
0.241860	0.470209	0.473203	0.706642	
0.202848	0.593725	0.000730	0.781716	
0.719900	0.002571	0.705733	0.000062	
0.000093	0.820875	0.411674	0.409424	
0.000038	0.000126	0.950345	0.315700	
0.429587	0.000040	0.637612	0.641686	
0.000383	0.139111	0.990969	0.000062	
0.000026	0.914001	0.367255	0.179752	
0.712315	0.226225	0.475401	0.466160	
0.918239	0.000237	0.362123	0.180584	
0.976359	0.163464	0.000657	0.158207	
0.000348	0.515602	0.858235	0.000002	
0.475464	0.467951	0.708483	0.236248	
0.161625	0.160464	0.975162	0.000013	
0.597349	0.780353	0.191615	0.001013	
0.000117	0.184325	0.916002	0.358939	
0.006795	0.860517	0.000061	0.511387	
0.001437	0.181417	0.362416	0.915451	
0.974364	0.000176	0.161108	0.163970	
0.000056	0.371756	0.184765	0.912980	
0.163947	0.000058	0.977142	0.158178	
0.224887	0.424496	0.856384	0.203553	
0.185961	0.182594	0.950282	0.190427	
0.594370	0.196463	0.003003	0.785608	
0.326010	0.000012	0.000141	0.947901	
0.646833	0.424985	0.000043	0.635856	
0.856341	0.209999	0.212134	0.423299	
0.869201	0.000040	0.003797	0.507881	
0.000026	1.003000	0.000041	0.000001	
0.947103	0.187580	0.188169	0.188672	
0.950475	0.313416	0.000135	0.000023	
0.000686	0.196934	0.588761	0.785148	
0.423879	0.807897	0.000003	0.420575	
0.164697	0.975870	0.148128	0.000004	
0.711330	0.469011	0.230680	0.472521	
0.821588	0.409202	0.000065	0.402060	
0.193810	0.191165	0.192344	0.944477	
0.000009	0.000029	0.856325	0.518379	
0.787015	0.588406	0.193802	0.000148	
0.991283	0.000215	0.139898	0.000000	
0.323726	0.947528	0.001164	0.000730	
0.000171	0.000061	0.990337	0.140965	
0.234456	0.476758	0.710631	0.464664	
0.790316	0.581712	0.000003	0.195101	
0.182253	0.917381	0.371245	0.000013	
0.184497	0.000036	0.369405	0.916172	
0.146923	0.990225	0.000175	0.001162	
0.000005	0.196520	0.785703	0.588284	
0.425553	0.854701	0.209704	0.213423	
0.000002	0.000026	0.709394	0.706032	
0.955098	0.007079	0.302358	0.000062	
0.217750	0.855056	0.213889	0.423692	
0.144759	0.004454	0.000427	0.994422	
0.000045	0.410200	0.821185	0.409252	
0.643481	0.000104	0.427732	0.639494	
0.164527	0.000194	0.163445	0.974432	
0.210548	0.212360	0.856676	0.422765	
0.922636	0.180614	0.000010	0.361594	
0.000252	0.949501	0.316059	0.000077	
0.000211	0.320406	0.952007	0.000063	
0.681725	0.667294	0.219942	0.219071	
0.469345	0.240878	0.710811	0.469124	
0.650812	0.638767	0.000468	0.422289	
0.159075	0.975762	0.000166	0.159077	
0.325753	0.001296	0.949366	0.000237	
0.228828	0.220600	0.677458	0.664683	
0.000049	0.708287	0.000198	0.708271	
0.000047	0.314020	0.000057	0.952025	
0.000738	0.161770	0.160709	0.976737	
0.226505	0.676979	0.224940	0.665525	
0.411346	0.000248	0.815859	0.408072	
0.789921	0.192337	0.584833	0.000150	
0.000291	0.144616	0.000705	0.992977	
0.977636	0.158052	0.155732	0.000003	
0.473377	0.711279	0.470137	0.233846	
0.198227	0.000066	0.590356	0.786217	
0.424275	0.205358	0.858183	0.212788	
0.646730	0.429879	0.631874	0.000140	
0.415178	0.408617	0.819516	0.000148	
0.471446	0.479966	0.236577	0.703104	
0.362652	0.180623	0.000029	0.915134	
0.000081	0.950944	0.000091	0.313660	
0.197769	0.000007	0.784284	0.589942	
0.000005	0.000000	0.000000	1.001327	
0.857444	0.217484	0.427816	0.207898	
0.367488	0.914042	0.000201	0.179896	
0.591830	0.198693	0.785116	0.000000	
0.596204	0.000655	0.195324	0.779521	
0.000942	0.429525	0.637520	0.641055	
0.789508	0.196287	0.000256	0.585163	
0.000062	0.000012	0.524730	0.878975	
0.727654	0.000338	0.000002	0.717308	
0.916579	0.359760	0.000254	0.177657	
0.194171	0.946587	0.190392	0.189668	
0.210835	0.207917	0.428776	0.854996	
0.000076	0.590133	0.785059	0.192881	
0.950171	0.000584	0.000066	0.315466	
0.000060	0.412464	0.413634	0.814012	
0.000313	0.861245	0.513500	0.000164	
0.221559	0.858084	0.430882	0.207650	
0.001403	0.588236	0.199964	0.787850	
0.186985	0.917119	0.000290	0.368216	
0.482172	0.704544	0.231545	0.473741	
0.165690	0.165888	0.000383	0.972578	
0.000207	0.784542	0.195419	0.595324	
0.000053	0.000019	0.305464	0.952626	
0.413590	0.818234	0.403394	0.000027	
0.000118	0.914775	0.180322	0.364378	
0.139265	0.000000	0.992058	0.000062	
0.000105	0.165295	0.974942	0.156919	
0.000096	0.975520	0.160273	0.155864	
0.241571	0.706218	0.472730	0.471026	
0.517342	0.001345	0.860164	0.004679	
0.000034	0.787950	0.586589	0.195827	
0.991479	0.000567	0.001162	0.140565	
0.790938	0.000101	0.190641	0.582748	
0.824493	0.402562	0.401851	0.000001	
0.185544	0.365813	0.001938	0.913964	
0.000007	0.000000	1.000998	0.000005	
0.432932	0.634465	0.642065	0.000344	
0.860375	0.000002	0.512765	0.000078	
0.715883	0.698792	0.000146	0.000077	
0.183833	0.000066	0.914272	0.364091	
0.375649	0.187062	0.908613	0.000026	
0.195215	0.789701	0.000010	0.584078	
0.000453	0.371867	0.912098	0.181791	
0.000101	0.990728	0.000012	0.140384	
0.921102	0.347631	0.182307	0.000084	
0.916481	0.000061	0.183338	0.364114	
0.517878	0.000144	0.000001	0.856917	
0.000467	0.707761	0.708285	0.000002	
0.592757	0.000793	0.786537	0.185041	
0.414002	0.410030	0.000280	0.816704	
0.367858	0.914326	0.182822	0.000513	
0.799762	0.001914	0.569881	0.194133	
0.195387	0.785534	0.590275	0.000144	
0.198539	0.588753	0.785074	0.000000	
0.645905	0.000216	0.637883	0.423576	
0.506889	0.501004	0.499718	0.495580	
0.000001	0.997878	0.141519	0.000062	
0.599959	0.779613	0.000085	0.189802	
0.373017	0.000625	0.913008	0.179739	
0.000016	0.634906	0.643547	0.429612	
0.684056	0.219075	0.676687	0.227672	
0.000244	0.508427	0.004441	0.863502	
0.993361	0.140984	0.000178	0.000001	
1.017642	0.000013	0.000037	0.000003	
0.482597	0.236530	0.480291	0.702031	
0.859466	0.420983	0.215392	0.211854	
0.650544	0.641663	0.426782	0.006662	
0.439463	0.640717	0.001236	0.632233	
0.708923	0.471044	0.473117	0.230930	
0.824796	0.000162	0.397579	0.406749	
0.918720	0.179820	0.357339	0.001103	
0.214382	0.424490	0.208927	0.855667	
0.376987	0.000130	0.170410	0.913020	
0.001934	0.635427	0.433317	0.641386	
0.649080	0.637068	0.003500	0.421168	
0.002059	0.915077	0.002916	0.407980	
0.111085	0.000000	0.997115	0.006817	
0.001960	0.644043	0.439192	0.628681	
0.005337	0.468988	0.211630	0.860990	
0.540120	0.841966	0.002694	0.000046	
0.000080	0.383295	0.908663	0.181746	
0.719146	0.000131	0.697945	0.001727	
0.291280	0.296410	0.584640	0.705472	
0.010792	0.812049	0.011654	0.589621	
0.901768	0.003292	0.437870	0.000062	
0.968781	0.178906	0.190484	0.033725	
0.570972	0.135593	0.421966	0.704004	
0.167584	0.821965	0.410085	0.365909	
0.000302	0.804213	0.599394	0.000164	
0.217975	0.855941	0.214110	0.423198	
0.987504	0.011471	0.102589	0.144942	
0.755656	0.306350	0.581018	0.001714	
0.019591	0.000242	0.986707	0.178013	
0.090021	0.032131	0.919995	0.401243	
0.273026	0.907520	0.069050	0.315656	
0.000553	0.152657	0.277937	0.950357	
0.000005	0.000000	0.000000	1.001502	
0.138574	0.264117	0.000001	0.959788	
0.238415	0.717817	0.617447	0.220607	
0.653170	0.001094	0.001188	0.760624	
0.570702	0.573826	0.590157	0.007161	
0.011105	0.787381	0.190283	0.596509	
0.047210	0.030671	0.772601	0.636427	
0.133904	0.280493	0.952831	0.000063	
0.296592	0.378035	0.871516	0.210262	
0.378361	0.909428	0.000083	0.179868	
0.003848	0.626054	0.791061	0.000000	
0.425702	0.028802	0.633289	0.647766	
0.194331	0.191562	0.192803	0.943930	
