0.094311	0.240506	0.186931	0.000678	
0.072189	0.133949	0.294749	0.000235	
0.436424	0.064525	0.000078	0.000546	
0.502784	0.000014	0.000001	0.000006	
0.187432	0.312907	0.000538	0.000002	
0.125039	0.311978	0.063217	0.001015	
0.313562	0.187532	0.000022	0.000025	
0.250305	0.188203	0.061564	0.000726	
0.120806	0.197418	0.127130	0.058685	
0.010020	0.116514	0.314766	0.059454	
0.070076	0.052098	0.000189	0.379186	
0.194724	0.001146	0.183009	0.123653	
0.003280	0.385249	0.108101	0.003714	
0.000302	0.065560	0.248142	0.187103	
0.249647	0.250731	0.000061	0.000218	
0.001094	0.064817	0.434620	0.000555	
0.314834	0.000058	0.129158	0.058469	
0.314729	0.045925	0.018787	0.121281	
0.000315	0.000502	0.187631	0.312420	
0.314666	0.124099	0.061680	0.000589	
0.243384	0.073801	0.125098	0.058610	
0.196849	0.009015	0.295154	0.000398	
0.304991	0.000512	0.074256	0.122925	
0.074872	0.001409	0.359955	0.064862	
0.069689	0.116385	0.189480	0.124780	
0.136582	0.006278	0.055177	0.302613	
0.200967	0.240751	0.000802	0.058382	
0.000254	0.377249	0.059793	0.063383	
0.053597	0.051383	0.122008	0.273974	
0.355978	0.001879	0.137697	0.005283	
0.184475	0.008475	0.000886	0.306857	
0.193642	0.189602	0.000228	0.117970	
0.123910	0.001878	0.372475	0.002835	
0.190221	0.068688	0.177685	0.063904	
0.049053	0.256856	0.004158	0.190865	
0.374556	0.000234	0.000436	0.125313	
0.183683	0.078065	0.238864	0.000239	
0.184016	0.060824	0.000456	0.255243	
0.114622	0.198897	0.064852	0.122423	
0.258759	0.085530	0.036122	0.121591	
0.436207	0.002948	0.061042	0.000999	
0.000000	0.501105	0.000000	0.000000	
0.250504	0.000869	0.187922	0.061294	
0.001271	0.439532	0.058360	0.001630	
0.001718	0.311441	0.123629	0.063770	
0.249255	0.000419	0.126424	0.125604	
0.119533	0.064044	0.131751	0.185725	
0.248150	0.064498	0.001238	0.187079	
0.000019	0.000029	0.311564	0.188649	
0.136847	0.112934	0.061672	0.189095	
0.002795	0.001291	0.128363	0.368518	
0.107295	0.000180	0.265685	0.127546	
0.000920	0.437665	0.000190	0.061894	
0.060428	0.118305	0.135862	0.186527	
0.063243	0.437491	0.000203	0.000398	
0.138882	0.172743	0.001201	0.188010	
0.055792	0.257581	0.129406	0.058347	
0.115382	0.049741	0.204087	0.133870	
0.040437	0.002722	0.127867	0.330906	
0.000000	0.000000	0.500344	0.000000	
0.079908	0.189309	0.115500	0.116063	
0.065856	0.183238	0.188043	0.063984	
0.000119	0.129643	0.004137	0.367676	
0.065787	0.072332	0.052535	0.309719	
0.115809	0.132564	0.142630	0.109538	
0.238345	0.005096	0.007077	0.250036	
0.000430	0.183005	0.131649	0.185582	
0.001565	0.305774	0.004334	0.189772	
0.122958	0.005848	0.190785	0.181928	
0.073344	0.002119	0.310696	0.114728	
0.002647	0.125603	0.103956	0.268701	
0.048689	0.155370	0.272064	0.024666	
0.127333	0.248863	0.061323	0.063461	
0.060712	0.316868	0.059806	0.063396	
0.219706	0.075685	0.199146	0.006257	
0.014262	0.125655	0.058288	0.302317	
0.122391	0.189820	0.188119	0.000281	
0.058241	0.003984	0.184357	0.255325	
0.000305	0.000327	0.251397	0.249389	
0.000160	0.164989	0.204119	0.133891	
0.001728	0.021062	0.086996	0.391072	
0.313083	0.125040	0.001880	0.061260	
0.001885	0.304984	0.167039	0.026881	
0.000338	0.000564	0.377226	0.125636	
0.000308	0.185956	0.005938	0.308842	
0.197944	0.003941	0.051300	0.248207	
0.193471	0.003291	0.241356	0.062844	
0.001280	0.250138	0.060239	0.189763	
0.124178	0.073399	0.000907	0.303295	
0.191826	0.124648	0.126431	0.058362	
0.063220	0.377145	0.060225	0.000044	
0.118578	0.065231	0.042424	0.274503	
0.065998	0.004128	0.431464	0.001612	
0.000045	0.190962	0.053244	0.256869	
0.001422	0.229411	0.269463	0.000475	
0.059493	0.181415	0.001974	0.258179	
0.000000	0.000000	0.000000	0.500450	
0.001623	0.108261	0.270928	0.121772	
0.026128	0.182582	0.293259	0.000964	
0.003573	0.372154	0.001526	0.123670	
0.124631	0.240788	0.001126	0.134095	
0.064502	0.186537	0.062236	0.188430	
0.111702	0.000188	0.141894	0.247538	
0.198507	0.240440	0.061013	0.000998	
0.070537	0.026803	0.014693	0.389522	
0.118632	0.127228	0.187011	0.067551	
0.181303	0.078503	0.139841	0.101060	
0.052511	0.066339	0.198620	0.183684	
0.257622	0.001519	0.242125	0.000035	
0.002614	0.123187	0.372717	0.002812	
0.055918	0.257604	0.064853	0.122425	
0.053236	0.048387	0.264358	0.134732	
0.126388	0.000002	0.311888	0.063239	
0.209141	0.115050	0.172885	0.003530	
0.189808	0.109139	0.006879	0.196063	
0.199037	0.176977	0.116730	0.008725	
0.320652	0.055177	0.116641	0.009063	
0.248186	0.001315	0.063399	0.188492	
0.311216	0.000003	0.002937	0.187012	
0.001531	0.125486	0.179825	0.194173	
0.120443	0.378541	0.011975	0.000240	
0.000268	0.252849	0.189647	0.064377	
0.119447	0.114512	0.265008	0.002002	
0.261241	0.123890	0.112065	0.003650	
0.043558	0.310316	0.132629	0.014156	
0.329422	0.050388	0.061038	0.060570	
0.376057	0.000632	0.060677	0.064309	
0.125665	0.058052	0.253669	0.063454	
0.196389	0.179391	0.061954	0.063463	
0.281128	0.118161	0.000155	0.101747	
0.086762	0.292981	0.000827	0.121005	
0.117808	0.230474	0.152103	0.000665	
0.180093	0.009564	0.129998	0.181289	
0.065857	0.128392	0.258535	0.055526	
0.251368	0.131597	0.053836	0.064711	
0.007922	0.059489	0.309758	0.123324	
0.181196	0.070471	0.059918	0.189182	
0.000964	0.064615	0.375819	0.059521	
0.439091	0.000008	0.000044	0.062268	
0.008183	0.227527	0.002838	0.263957	
0.065225	0.372983	0.000788	0.061887	
0.375980	0.124015	0.000768	0.000196	
0.057514	0.067490	0.370353	0.006156	
0.117590	0.103697	0.016164	0.262757	
0.379389	0.057500	0.063198	0.001083	
0.000022	0.000018	0.437651	0.062705	
0.128456	0.076872	0.270835	0.024668	
0.012173	0.039856	0.129883	0.319138	
0.375309	0.062930	0.000778	0.061891	
0.001484	0.269058	0.106805	0.123824	
0.006764	0.051759	0.197131	0.245280	
0.056653	0.062183	0.314779	0.066803	
0.063397	0.000029	0.060683	0.377047	
0.332153	0.002611	0.186902	0.000678	
0.250259	0.188017	0.001352	0.062013	
0.039511	0.126688	0.021323	0.313152	
0.000205	0.193566	0.257900	0.055390	
0.056724	0.135228	0.052653	0.257241	
0.065761	0.000101	0.248142	0.187103	
0.115647	0.006457	0.000189	0.378969	
0.126153	0.311954	0.000178	0.063118	
0.000064	0.310942	0.065890	0.124420	
0.200747	0.110432	0.071822	0.118085	
0.000067	0.063498	0.060817	0.375828	
0.000170	0.186095	0.005938	0.308845	
0.148223	0.111067	0.120228	0.122266	
0.016257	0.085490	0.364671	0.034390	
0.188296	0.008843	0.000905	0.302624	
0.333179	0.001964	0.166156	0.000035	
0.126153	0.311954	0.000178	0.063118	
0.165676	0.068282	0.265006	0.002002	
0.124448	0.310503	0.065208	0.001015	
0.311101	0.100802	0.086787	0.002669	
0.305449	0.193011	0.000019	0.002312	
0.117236	0.128991	0.187424	0.066808	
0.060853	0.280947	0.141145	0.018255	
0.199908	0.005410	0.270780	0.024734	
0.175842	0.009338	0.131005	0.184787	
0.007821	0.222850	0.269274	0.000474	
0.074994	0.001411	0.359723	0.064846	
0.020958	0.109743	0.179447	0.190915	
0.065514	0.072606	0.052535	0.309719	
0.396811	0.011464	0.034285	0.059298	
0.049063	0.115805	0.079027	0.256997	
0.230443	0.010915	0.003244	0.256358	
0.162143	0.068150	0.206949	0.063626	
0.173294	0.076545	0.149736	0.101133	
0.068406	0.133827	0.090035	0.208829	
0.062622	0.047900	0.389081	0.001205	
0.017107	0.053515	0.186023	0.254316	
0.094829	0.114947	0.029159	0.262021	
0.220182	0.153008	0.001725	0.125533	
0.000412	0.388768	0.057228	0.054744	
0.000045	0.191443	0.052527	0.256620	
0.062768	0.003740	0.063632	0.371020	
0.214102	0.108214	0.176103	0.002816	
0.014262	0.125655	0.058288	0.302317	
0.311216	0.000003	0.002937	0.187012	
0.058533	0.147443	0.295314	0.000121	
0.003290	0.386394	0.106947	0.003714	
