0.013838	0.585737	0.789972	0.192725	
0.640777	0.643073	0.425092	0.000120	
0.783588	0.000068	0.204449	0.587715	
0.424768	0.642525	0.644841	0.000027	
0.000152	0.953363	0.000001	0.310276	
0.000002	0.000009	0.311927	0.951766	
0.359311	0.916396	0.003770	0.180642	
0.000044	0.142607	0.991258	0.000243	
0.991270	0.000073	0.141331	0.000005	
0.644774	0.000434	0.429155	0.642169	
0.000195	0.859806	0.000336	0.514181	
0.181148	0.000485	0.916888	0.359341	
0.651516	0.419407	0.000052	0.633548	
0.472519	0.236550	0.472012	0.711269	
0.215743	0.432074	0.852735	0.209196	
0.159488	0.976754	0.160780	0.000079	
0.000000	0.000022	0.710538	0.707617	
0.000069	0.783473	0.591034	0.196243	
0.234394	0.476160	0.468099	0.709916	
0.948466	0.321286	0.000076	0.001258	
0.805011	0.609437	0.016391	0.193461	
0.993866	0.134918	0.000058	0.000028	
0.224384	0.227061	0.673046	0.671637	
0.000004	0.366426	0.912714	0.190247	
0.001831	0.196863	0.592720	0.783065	
0.197062	0.595406	0.000002	0.782181	
0.158882	0.976203	0.000133	0.162176	
0.000099	0.141788	0.000066	0.992601	
0.189280	0.000503	0.595279	0.788950	
0.975446	0.159331	0.000021	0.160877	
0.787736	0.187727	0.588806	0.000058	
0.138484	0.000354	0.991647	0.000223	
0.505851	0.503688	0.498331	0.501130	
0.236975	0.478804	0.707364	0.471214	
0.915769	0.183287	0.000018	0.359734	
0.423605	0.000506	0.641609	0.645361	
0.000095	0.919062	0.182688	0.358927	
0.913981	0.183702	0.364657	0.000035	
0.000164	0.992058	0.000062	0.139371	
0.707920	0.476685	0.466936	0.233896	
0.414670	0.410274	0.814420	0.000070	
0.223347	0.676666	0.669949	0.217532	
0.195072	0.781010	0.595262	0.000071	
0.708245	0.234795	0.475654	0.470710	
0.000966	0.818874	0.407540	0.409317	
0.919325	0.001063	0.181095	0.358023	
0.212822	0.850370	0.435923	0.216383	
0.237027	0.715668	0.474515	0.470952	
0.363002	0.180536	0.916462	0.000012	
0.000000	0.000051	0.950840	0.314435	
0.187454	0.187771	0.947843	0.189434	
0.000047	0.319165	0.000068	0.949768	
0.366161	0.184110	0.000001	0.913534	
0.512917	0.858841	0.000066	0.000186	
0.000069	0.590444	0.196801	0.783974	
0.514427	0.000000	0.000025	0.859225	
0.000307	0.992048	0.138781	0.000232	
0.182204	0.916384	0.000003	0.359948	
0.710331	0.709651	0.000115	0.000021	
0.183418	0.365925	0.917739	0.000160	
0.000112	0.428380	0.642282	0.639608	
0.000254	0.951510	0.317147	0.000036	
0.707316	0.000034	0.000057	0.708197	
0.427110	0.855742	0.209495	0.209519	
0.812446	0.409325	0.002349	0.417926	
0.525583	0.000014	0.851785	0.002541	
0.420509	0.818538	0.009734	0.409886	
0.640368	0.427954	0.640369	0.000023	
0.365265	0.000767	0.183494	0.914475	
0.649943	0.000105	0.635277	0.421495	
0.000131	0.163695	0.974312	0.156065	
0.000059	0.514606	0.000234	0.859523	
0.953476	0.000071	0.005098	0.304476	
0.862959	0.213348	0.424323	0.216985	
0.212988	0.222687	0.426505	0.853367	
0.977193	0.159432	0.162100	0.000028	
0.000046	0.371437	0.181934	0.917680	
0.673793	0.232325	0.668077	0.220690	
0.139561	0.993309	0.000064	0.000156	
0.166535	0.166328	0.000015	0.973761	
0.000043	0.710860	0.709689	0.000004	
0.429666	0.215683	0.851985	0.221003	
0.412364	0.000428	0.416138	0.815128	
0.790752	0.585085	0.191269	0.005650	
0.486662	0.460637	0.714935	0.230959	
0.717828	0.460890	0.230994	0.470884	
0.002918	0.315800	0.950593	0.000236	
0.181417	0.915126	0.364068	0.000161	
0.974591	0.000072	0.159554	0.162838	
0.157105	0.159135	0.977251	0.000051	
0.369571	0.000423	0.913615	0.177979	
0.994431	0.001908	0.000077	0.138862	
0.000069	0.194515	0.783949	0.591594	
0.000001	0.000178	0.515900	0.864195	
0.185988	0.946810	0.188597	0.190043	
0.163058	0.001112	0.162343	0.974980	
0.406851	0.407412	0.000019	0.821075	
0.000009	0.786890	0.195194	0.588369	
0.213585	0.857071	0.213955	0.426784	
0.785872	0.195628	0.000386	0.588494	
0.138930	0.000189	0.000001	0.991102	
0.470521	0.713359	0.235447	0.473179	
0.916552	0.361186	0.003614	0.180434	
0.790565	0.000032	0.585847	0.186823	
1.004369	0.000007	0.000131	0.000027	
0.950054	0.000041	0.313906	0.000201	
0.000349	0.708976	0.002415	0.708506	
0.000125	0.183056	0.916341	0.358026	
0.667543	0.678261	0.222790	0.225780	
0.000292	0.973745	0.163959	0.159933	
0.000199	0.405745	0.409458	0.821151	
0.000361	0.907938	0.373180	0.196562	
0.195086	0.001223	0.787613	0.587311	
0.000000	0.000004	0.000001	1.001689	
0.000032	0.000008	1.001351	0.000036	
0.190288	0.189849	0.190509	0.945227	
0.317735	0.955342	0.000008	0.000075	
0.000032	0.000000	0.991344	0.141102	
0.864161	0.000037	0.504380	0.000201	
0.598112	0.784249	0.000011	0.173979	
0.226676	0.679654	0.227709	0.665823	
0.162005	0.000006	0.975536	0.158082	
0.852746	0.431663	0.207253	0.212588	
0.000135	0.185722	0.369049	0.917884	
0.479163	0.229953	0.705687	0.469642	
0.947421	0.185477	0.184885	0.189056	
0.703647	0.000093	0.711167	0.000032	
0.000547	0.161405	0.162555	0.975354	
0.591823	0.000684	0.195961	0.785697	
0.314836	0.000084	0.000056	0.953764	
0.925022	0.368881	0.181096	0.000630	
0.000000	0.000027	0.866793	0.502145	
0.201425	0.784291	0.000120	0.588283	
0.407536	0.005418	0.818629	0.408158	
0.317891	0.000366	0.950375	0.000032	
0.000186	1.005637	0.000146	0.000004	
0.819148	0.407387	0.406968	0.000161	
0.368317	0.923804	0.177818	0.000036	
0.000480	0.860012	0.514504	0.000023	
0.000089	0.644445	0.640693	0.421012	
0.432590	0.214194	0.213649	0.850082	
0.000673	0.000176	0.140051	0.990616	
0.857739	0.515195	0.004357	0.000002	
0.206508	0.214051	0.856613	0.424651	
0.181777	0.000007	0.366317	0.914861	
0.589141	0.195952	0.000006	0.784445	
0.466626	0.474145	0.239638	0.708162	
0.586432	0.000029	0.790689	0.192900	
0.179384	0.379970	0.000009	0.919854	
0.871934	0.001189	0.000027	0.517193	
0.677309	0.227280	0.230015	0.664731	
0.000069	0.643462	0.425016	0.639597	
0.640978	0.648515	0.000258	0.424955	
0.465747	0.715815	0.467121	0.236772	
0.419526	0.829918	0.409033	0.000357	
0.424684	0.642099	0.000006	0.643805	
0.822850	0.001978	0.409179	0.411877	
0.594078	0.784182	0.188558	0.000334	
0.215109	0.432007	0.213748	0.850897	
0.000412	0.411214	0.823339	0.405632	
0.915747	0.000061	0.365301	0.179174	
0.197975	0.587411	0.790784	0.001660	
0.859519	0.196738	0.210140	0.427789	
0.000228	0.525217	0.878145	0.002485	
0.580404	0.194114	0.800026	0.000075	
0.421391	0.919115	0.004375	0.018028	
0.211579	0.539616	0.800180	0.174237	
0.951465	0.083590	0.005107	0.300892	
0.158613	0.974553	0.000133	0.162182	
0.003356	0.001965	0.000000	1.001753	
0.002871	1.006326	0.000008	0.000075	
0.682807	0.000090	0.732854	0.000315	
0.816713	0.000000	0.413785	0.407399	
0.848917	0.187459	0.309045	0.435445	
0.000130	0.004610	0.867169	0.500013	
0.226700	0.921789	0.247674	0.198594	
0.849315	0.211886	0.449779	0.220620	
0.029470	0.939619	0.000436	0.375650	
0.761268	0.420441	0.003787	0.506530	
0.051757	0.318005	0.000043	0.947213	
0.401288	0.869180	0.206633	0.209585	
0.000164	0.992398	0.000062	0.138234	
0.002122	0.158466	0.157783	0.977041	
0.711931	0.233733	0.179773	0.641906	
0.768031	0.613246	0.000061	0.188674	
0.740642	0.000030	0.548851	0.408223	
0.915747	0.000061	0.365301	0.179174	
0.172144	0.684790	0.520471	0.483200	
0.326667	0.345159	0.115287	0.874704	
0.015277	0.327378	0.963589	0.000034	
0.137463	0.137696	0.673473	0.718100	
0.000068	0.768870	0.639125	0.199926	
0.515411	0.315068	0.814487	0.199817	
0.369571	0.000423	0.913615	0.177979	
0.908760	0.436119	0.000009	0.008804	
0.171426	0.161106	0.001520	0.973282	
0.707181	0.710616	0.000147	0.001642	
0.000353	0.811806	0.621378	0.003658	
0.594063	0.000687	0.196702	0.783959	
0.004631	0.160857	0.000010	0.992858	
