0.280705	0.092115	0.125676	0.002261	
0.322659	0.116362	0.061036	0.000703	
0.063212	0.250789	0.001202	0.185777	
0.131483	0.233487	0.011127	0.124883	
0.002501	0.123986	0.320914	0.053374	
0.004581	0.083321	0.359740	0.053132	
0.185731	0.131343	0.001149	0.186971	
0.282145	0.089958	0.003839	0.125576	
0.000122	0.186692	0.187668	0.126385	
0.383274	0.061485	0.055748	0.000280	
0.190487	0.204660	0.102490	0.003362	
0.178375	0.132236	0.065041	0.125316	
0.249160	0.190745	0.060842	0.000073	
0.312394	0.000994	0.063566	0.123722	
0.182460	0.250133	0.001334	0.066757	
0.000269	0.309991	0.001101	0.189476	
0.232890	0.074221	0.068606	0.125501	
0.250904	0.000545	0.250124	0.000697	
0.009262	0.183217	0.061838	0.246239	
0.000090	0.000321	0.437527	0.062701	
0.000002	0.501080	0.000001	0.000000	
0.062511	0.131862	0.304926	0.001482	
0.000676	0.133690	0.260806	0.123929	
0.054928	0.191879	0.135575	0.118478	
0.011676	0.353653	0.216067	0.000717	
0.199380	0.041299	0.258622	0.001468	
0.121924	0.191371	0.185314	0.002247	
0.120999	0.000029	0.001645	0.378331	
0.062647	0.437256	0.000414	0.000448	
0.120392	0.059877	0.254866	0.065641	
0.000181	0.000522	0.250015	0.249929	
0.000006	0.000166	0.124260	0.376437	
0.168495	0.081740	0.178910	0.071697	
0.186483	0.001965	0.186539	0.125769	
0.000000	0.000057	0.390295	0.129881	
0.186386	0.001963	0.312424	0.000001	
0.186756	0.186758	0.000000	0.127283	
0.000097	0.124253	0.376321	0.000099	
0.045903	0.050438	0.279810	0.125631	
0.060861	0.126856	0.253379	0.059547	
0.198045	0.061806	0.057880	0.183166	
0.151975	0.289656	0.001616	0.057752	
0.007542	0.248344	0.245104	0.000011	
0.070862	0.062491	0.307650	0.059785	
0.052599	0.326998	0.059658	0.061640	
0.286609	0.095435	0.059096	0.059553	
0.429246	0.068504	0.000361	0.002627	
0.000000	0.000000	0.500995	0.000000	
0.125695	0.000424	0.125454	0.249135	
0.000178	0.189262	0.000898	0.310493	
0.007046	0.006461	0.052621	0.435032	
0.248950	0.000126	0.000501	0.251126	
0.187929	0.001501	0.000898	0.310477	
0.312853	0.001418	0.185870	0.000617	
0.000472	0.266854	0.048414	0.186739	
0.376006	0.000065	0.123988	0.000562	
0.253547	0.185879	0.000714	0.060634	
0.063355	0.000146	0.000669	0.436572	
0.001167	0.186622	0.253477	0.059570	
0.126764	0.004161	0.058396	0.311678	
0.058336	0.252022	0.188272	0.002536	
0.131057	0.133988	0.175532	0.060109	
0.122492	0.065617	0.047330	0.265134	
0.002244	0.421325	0.066568	0.058667	
0.007072	0.071169	0.298294	0.124525	
0.121970	0.127708	0.248284	0.003108	
0.249623	0.000330	0.063167	0.187698	
0.052127	0.381252	0.002379	0.064981	
0.189493	0.116517	0.128485	0.066554	
0.066476	0.061216	0.010943	0.362080	
0.000194	0.372771	0.006840	0.120771	
0.000039	0.436021	0.001847	0.062875	
0.129833	0.082592	0.117869	0.170620	
0.304955	0.190270	0.004348	0.001288	
0.123831	0.000226	0.188594	0.188020	
0.366523	0.132181	0.001361	0.000704	
0.123132	0.190008	0.062837	0.124771	
0.124670	0.375854	0.000000	0.000070	
0.437084	0.000022	0.063355	0.000330	
0.123292	0.126794	0.000359	0.250383	
0.064641	0.005921	0.369407	0.060946	
0.245765	0.009945	0.176871	0.068454	
0.058889	0.389390	0.051809	0.001144	
0.002390	0.080563	0.417574	0.000297	
0.044393	0.206658	0.248725	0.001096	
0.000001	0.252000	0.001454	0.247339	
0.063199	0.000347	0.188976	0.248461	
0.061053	0.121607	0.000666	0.317700	
0.202799	0.295134	0.000019	0.002912	
0.314300	0.002031	0.000492	0.189450	
0.066154	0.182478	0.000357	0.251850	
0.120621	0.189476	0.130201	0.060522	
0.016068	0.029947	0.142211	0.312627	
0.370879	0.059015	0.005386	0.065492	
0.055882	0.009053	0.068094	0.367728	
0.175022	0.255844	0.068756	0.001026	
0.239218	0.074655	0.003834	0.183152	
0.000000	0.000000	0.000000	0.500602	
0.254608	0.000754	0.121861	0.123454	
0.010152	0.049861	0.250439	0.190316	
0.225209	0.065804	0.143155	0.067057	
0.062681	0.000589	0.125219	0.312250	
0.054422	0.145935	0.114846	0.185777	
0.001489	0.370899	0.128199	0.000203	
0.133111	0.003849	0.315971	0.060208	
0.224668	0.126000	0.147236	0.003087	
0.001229	0.250582	0.183938	0.065198	
0.000136	0.000266	0.187795	0.312578	
0.061429	0.305531	0.131359	0.002702	
0.173538	0.024895	0.251098	0.051048	
0.118884	0.255896	0.125322	0.000583	
0.077429	0.158813	0.199581	0.065166	
0.244039	0.121373	0.070613	0.064770	
0.000008	0.316960	0.121890	0.061949	
0.122506	0.311836	0.062049	0.004383	
0.004163	0.061600	0.188663	0.246345	
0.192194	0.120640	0.187151	0.000938	
0.086030	0.165139	0.063631	0.186008	
0.122831	0.001693	0.376602	0.000000	
0.371393	0.002038	0.000769	0.126630	
0.190229	0.001582	0.126775	0.182717	
0.073139	0.000667	0.242737	0.184221	
0.067970	0.120700	0.187466	0.124895	
0.094020	0.092433	0.192082	0.122214	
0.002764	0.256322	0.126136	0.115599	
0.063385	0.000000	0.311497	0.125981	
0.000035	0.124518	0.061620	0.314569	
0.003912	0.128808	0.127128	0.241011	
0.436155	0.000305	0.000879	0.063168	
0.125122	0.045523	0.005165	0.324911	
0.000326	0.438324	0.061672	0.000653	
0.232351	0.077539	0.188613	0.002242	
0.063773	0.060915	0.122425	0.253669	
0.311498	0.000016	0.127032	0.062487	
0.053738	0.249550	0.137729	0.060160	
0.000141	0.064492	0.058382	0.378043	
0.002379	0.120670	0.188312	0.189475	
0.184067	0.062385	0.002543	0.251856	
0.135697	0.060545	0.302235	0.002284	
0.188415	0.000265	0.063055	0.249170	
0.094433	0.137631	0.084759	0.189450	
0.320972	0.115650	0.004506	0.059875	
0.075587	0.116750	0.063480	0.250658	
0.072956	0.004318	0.422528	0.000897	
0.005855	0.192651	0.302364	0.000011	
0.188529	0.064896	0.124312	0.123491	
0.119680	0.249003	0.068486	0.065367	
0.122989	0.126791	0.128318	0.123312	
0.246599	0.123486	0.005092	0.126026	
0.055855	0.256222	0.063701	0.125199	
0.001538	0.192426	0.119208	0.187729	
0.250401	0.250404	0.000000	0.000000	
0.375045	0.002162	0.062604	0.061171	
0.000065	0.000318	0.312818	0.187568	
0.194267	0.192060	0.056565	0.057737	
0.049861	0.078505	0.193475	0.178978	
0.124629	0.183298	0.000950	0.192181	
0.001541	0.322609	0.050837	0.125779	
0.064731	0.059619	0.376322	0.000099	
0.500874	0.000000	0.000000	0.000000	
0.000291	0.113653	0.003021	0.383867	
0.053708	0.315031	0.005165	0.126880	
0.062817	0.060079	0.120603	0.257304	
0.324038	0.174258	0.000000	0.002256	
0.060861	0.126856	0.253379	0.059547	
0.059304	0.059192	0.382468	0.000042	
0.000042	0.021050	0.353896	0.125779	
0.186341	0.001532	0.130578	0.182640	
0.331944	0.105836	0.004516	0.058919	
0.201956	0.063026	0.059023	0.176952	
0.181257	0.178775	0.019648	0.121066	
0.158075	0.216704	0.125321	0.000583	
0.162837	0.086899	0.000389	0.250974	
0.081991	0.169330	0.248835	0.000666	
0.003353	0.170074	0.265408	0.061959	
0.073139	0.000667	0.242737	0.184221	
0.042953	0.043741	0.285121	0.128934	
0.000103	0.000367	0.499965	0.000207	
0.193204	0.236751	0.007678	0.063050	
0.249816	0.000843	0.249339	0.000695	
0.099630	0.176922	0.099469	0.125011	
0.371439	0.002038	0.126321	0.001030	
0.001226	0.257389	0.126603	0.115597	
0.171694	0.210340	0.055515	0.063037	
0.000269	0.309777	0.001313	0.189474	
0.058154	0.252244	0.187995	0.002535	
0.242544	0.185680	0.059227	0.013451	
0.000141	0.064492	0.058382	0.378043	
0.025099	0.046122	0.372857	0.056827	
0.004519	0.059063	0.190845	0.246346	
0.193515	0.116599	0.130208	0.060726	
0.218631	0.216201	0.008146	0.057748	
0.073806	0.068197	0.003764	0.355091	
0.090943	0.402059	0.007499	0.000070	
0.274702	0.000762	0.098875	0.126700	
0.020158	0.094308	0.326605	0.060071	
0.460203	0.001286	0.036297	0.002911	
0.093964	0.138101	0.084759	0.189451	
0.098544	0.161507	0.006894	0.233876	
0.000236	0.374888	0.006880	0.118597	
