0.855662	0.423230	0.211175	0.211021	
0.000050	0.416102	0.816512	0.413593	
0.000033	0.317087	0.948750	0.000009	
0.000040	0.973322	0.162801	0.163411	
0.000107	0.638101	0.425253	0.643491	
0.161657	0.162794	0.973723	0.000863	
0.000068	0.645760	0.645675	0.408561	
0.775901	0.000598	0.192336	0.601157	
0.590132	0.003807	0.196375	0.783511	
0.784890	0.195554	0.588218	0.000051	
0.473771	0.705245	0.474367	0.235767	
0.641323	0.638498	0.001045	0.427201	
0.000002	0.991911	0.000006	0.140957	
0.000000	0.000000	0.948462	0.317504	
0.193036	0.186817	0.944467	0.189985	
0.410874	0.410224	0.814797	0.000002	
0.000114	0.948687	0.000008	0.316997	
0.636302	0.422791	0.646265	0.000009	
0.160685	0.003092	0.972962	0.167869	
0.214558	0.215306	0.674254	0.676044	
0.000057	0.514004	0.000742	0.858131	
0.000739	0.860252	0.512820	0.000000	
0.422007	0.000026	0.647045	0.635384	
0.179700	0.178496	0.180489	0.956328	
0.366867	0.000064	0.912218	0.183222	
0.184884	0.946188	0.188919	0.188146	
0.000839	0.000080	0.518693	0.855768	
0.366685	0.181900	0.001986	0.913403	
0.679278	0.224432	0.224646	0.672989	
0.365670	0.912669	0.000002	0.183122	
0.367685	0.182615	0.912332	0.000014	
0.000141	0.196835	0.589712	0.788325	
0.914079	0.000809	0.182164	0.363634	
0.590216	0.195014	0.784327	0.000012	
0.516188	0.856699	0.000005	0.000001	
0.475655	0.707401	0.237618	0.466125	
0.000046	0.362078	0.187394	0.913853	
0.974065	0.000320	0.160657	0.161155	
0.916647	0.178183	0.362492	0.000000	
0.236795	0.707616	0.470931	0.471364	
0.855464	0.213860	0.208737	0.425245	
0.187204	0.907875	0.000026	0.376720	
0.974346	0.159516	0.000007	0.160649	
0.000006	0.140730	0.990261	0.000002	
0.216507	0.429149	0.853545	0.212610	
0.000000	1.000149	0.000002	0.000000	
0.643368	0.425021	0.000012	0.637440	
0.181074	0.912278	0.369703	0.000001	
0.790221	0.581509	0.198422	0.000002	
0.780945	0.596268	0.000001	0.189627	
0.000000	0.000001	0.991836	0.144893	
0.429156	0.211885	0.851701	0.214980	
0.674906	0.668419	0.218779	0.225864	
0.917958	0.351021	0.000005	0.186712	
0.592566	0.783824	0.187804	0.000117	
0.588604	0.197727	0.000007	0.784202	
0.000014	0.425942	0.640121	0.640510	
0.643400	0.637313	0.425344	0.000014	
0.647501	0.000040	0.419029	0.636986	
0.237723	0.473744	0.471561	0.704908	
0.472809	0.233113	0.468989	0.708800	
0.217039	0.852245	0.426300	0.214151	
0.000017	0.857711	0.000006	0.514740	
0.640817	0.000123	0.643730	0.426034	
0.000011	0.000024	0.704688	0.709801	
0.196856	0.587938	0.785020	0.000103	
0.708058	0.706780	0.000001	0.000000	
0.711659	0.000014	0.703911	0.000002	
0.231014	0.672236	0.666683	0.227064	
0.000021	0.818286	0.406490	0.409307	
0.711291	0.477580	0.469318	0.233628	
0.976898	0.162506	0.161306	0.000012	
0.428093	0.639768	0.638436	0.000001	
0.594375	0.781294	0.000011	0.192264	
0.819626	0.405108	0.000789	0.411391	
0.184402	0.005682	0.364525	0.913103	
0.940287	0.000060	0.001867	0.341247	
0.411541	0.000895	0.406769	0.816690	
0.000947	0.189014	0.801456	0.602384	
0.429666	0.640442	0.000007	0.637555	
0.217187	0.422108	0.214594	0.854073	
0.859595	0.000152	0.511215	0.000002	
0.000000	0.000000	0.000000	1.003047	
0.184119	0.000177	0.912903	0.365307	
0.000007	0.183232	0.365134	0.913053	
0.196484	0.785044	0.587886	0.000002	
0.003326	0.003306	0.309548	0.951857	
0.000167	0.913425	0.364431	0.183161	
0.000000	0.000000	0.134258	0.991256	
0.426888	0.854102	0.209717	0.211002	
0.181074	0.000836	0.583633	0.793880	
0.161616	0.973659	0.170301	0.000072	
0.000430	0.000416	0.859155	0.513418	
0.990653	0.138600	0.001209	0.000035	
0.000275	0.949301	0.316955	0.000009	
0.000036	0.156064	0.976670	0.163247	
0.000001	0.990131	0.140853	0.000001	
0.000003	0.137837	0.000004	0.990739	
0.140972	0.000014	0.000152	0.991054	
0.516962	0.000029	0.856361	0.000012	
0.000058	0.514921	0.857355	0.000003	
0.473872	0.476598	0.704033	0.235726	
0.587723	0.000033	0.784999	0.202367	
0.787446	0.193823	0.000030	0.592421	
0.447151	0.471800	0.235734	0.723031	
0.144423	0.000029	0.989816	0.000000	
0.854652	0.211643	0.426112	0.211175	
0.224228	0.666300	0.223445	0.675645	
0.184121	0.362264	0.914303	0.000014	
0.473603	0.235489	0.698138	0.487302	
0.012855	0.711013	0.001034	0.705560	
0.198659	0.587366	0.000030	0.786898	
0.000068	0.783692	0.190654	0.592095	
0.675702	0.222074	0.670513	0.215092	
0.500002	0.002172	0.000843	0.866448	
0.000074	0.707363	0.707270	0.000009	
0.161899	0.161199	0.000008	0.974334	
0.819934	0.001339	0.406497	0.404626	
0.000111	0.185538	0.920130	0.383700	
0.140813	0.990196	0.000023	0.000002	
0.949485	0.313990	0.000006	0.000002	
0.412424	0.814525	0.408595	0.000002	
0.000000	0.000000	1.000233	0.000000	
0.000013	0.787962	0.585402	0.196527	
0.000007	0.162118	0.162710	0.973651	
0.197563	0.782510	0.000025	0.591073	
0.000076	0.909166	0.180365	0.376800	
0.236272	0.465768	0.700269	0.490524	
0.821436	0.408052	0.410433	0.000000	
0.701822	0.233561	0.475232	0.479770	
0.427496	0.211575	0.214132	0.852953	
0.500729	0.499008	0.501731	0.498833	
0.914324	0.363673	0.180681	0.000049	
0.182428	0.364302	0.000002	0.914536	
1.002681	0.000002	0.000001	0.000000	
0.410423	0.818383	0.000015	0.403934	
0.216361	0.215678	0.841866	0.445945	
0.000033	0.588933	0.195426	0.784619	
0.858609	0.000065	0.000003	0.512933	
0.990257	0.000007	0.000015	0.139939	
0.782487	0.000041	0.590892	0.197472	
0.711656	0.003427	0.000015	0.710357	
0.000137	0.588502	0.785054	0.194935	
0.317790	0.000244	0.948316	0.000011	
0.367594	0.000001	0.183786	0.914333	
0.000007	0.315936	0.000000	0.949161	
0.707510	0.469611	0.242366	0.473857	
0.197328	0.003606	0.783443	0.590243	
0.367984	0.913191	0.178674	0.000014	
0.210003	0.209662	0.418544	0.861383	
0.211453	0.845271	0.206931	0.445251	
0.946646	0.187973	0.187920	0.188011	
0.000009	0.407312	0.408652	0.818065	
0.914136	0.179985	0.000004	0.364029	
0.157151	0.974574	0.000003	0.160454	
0.375063	0.424478	0.000000	0.826241	
0.990440	0.000051	0.139507	0.000000	
0.316053	0.000041	0.000000	0.949512	
0.000951	0.358855	0.915011	0.186322	
0.416290	0.002493	0.816895	0.413787	
0.913308	0.000012	0.364671	0.182733	
0.160655	0.000010	0.158477	0.975707	
0.317130	0.948714	0.000011	0.000014	
0.860353	0.510069	0.001033	0.000002	
0.950066	0.000049	0.313721	0.000000	
0.875822	0.141643	0.433210	0.161547	
0.000102	0.972890	0.232594	0.000009	
0.515338	0.857445	0.000005	0.000001	
0.570317	0.800823	0.000027	0.192550	
0.000000	0.775334	0.611502	0.165551	
0.500002	0.002172	0.000940	0.866448	
0.913832	0.035625	0.000011	0.405497	
0.569940	0.567981	0.571081	0.172670	
0.201833	0.792536	0.406606	0.408488	
0.000016	0.386378	0.132707	0.913058	
0.075822	0.570327	0.363110	0.737368	
0.007768	0.255686	0.333799	0.927077	
0.045496	0.585385	0.194834	0.786134	
0.858651	0.513167	0.000084	0.000000	
0.413314	0.000899	0.408522	0.816107	
0.821174	0.403240	0.000006	0.415707	
0.000736	0.000070	0.454890	0.896170	
0.066041	0.146807	0.974551	0.158930	
0.000067	0.774510	0.188420	0.604456	
0.184893	0.946236	0.188928	0.188049	
0.213825	0.000987	0.570704	0.793426	
0.906544	0.000047	0.215804	0.364938	
0.588642	0.000961	0.808231	0.029037	
0.833001	0.034307	0.379822	0.405498	
0.896742	0.178064	0.178014	0.374789	
0.000173	0.139272	0.231890	0.963450	
0.212316	0.219175	0.676411	0.678288	
0.061174	0.012541	0.123015	0.991605	
0.947974	0.274549	0.022877	0.161807	
0.000012	0.497999	0.499636	0.710265	
0.312177	0.016780	0.935409	0.171337	
0.945512	0.187748	0.187695	0.193792	
0.009998	0.817476	0.410686	0.404408	
0.640713	0.131595	0.431802	0.623051	
0.911101	0.005456	0.379729	0.181875	
