0.408204	0.000000	0.816519	0.000000	0.408248	
0.000000	0.000000	0.948695	0.316194	0.000000	
0.816480	0.408247	0.000000	0.408283	0.000000	
0.500233	0.500231	0.499479	0.500056	0.000000	
0.316229	0.000000	0.000000	0.000000	0.948683	
0.816494	0.408254	0.000000	0.000000	0.408248	
0.000000	0.408250	0.000000	0.408249	0.816495	
0.408259	0.000000	0.408259	0.816486	0.000000	
0.948675	0.000000	0.316252	0.000000	0.000000	
0.408267	0.816517	0.408189	0.000000	0.000000	
0.000000	0.000000	0.408255	0.816493	0.408248	
0.000000	0.000000	0.000000	0.000000	1.000000	
0.816448	0.408231	0.408363	0.000000	0.000000	
0.000000	0.000000	0.000000	0.707106	0.707108	
0.000000	0.000000	0.408250	0.408249	0.816496	
0.948686	0.000000	0.000000	0.000000	0.316218	
0.000000	0.816502	0.408238	0.000000	0.408248	
0.000000	0.000000	0.000000	1.000000	0.000000	
0.408329	0.408327	0.816417	0.000000	0.000000	
0.408249	0.000000	0.000000	0.408249	0.816496	
1.000000	0.000000	0.000000	0.000000	0.000000	
0.499977	0.499993	0.000000	0.500018	0.500012	
0.948691	0.316204	0.000000	0.000000	0.000000	
0.408247	0.408251	0.000000	0.000000	0.816495	
0.000000	0.707086	0.000000	0.000000	0.707128	
0.707106	0.000000	0.000000	0.000000	0.707108	
0.000000	0.707107	0.000000	0.707107	0.000000	
0.000000	0.316278	0.000000	0.948667	0.000000	
0.408255	0.816493	0.000000	0.000000	0.408249	
0.816506	0.000000	0.408229	0.000000	0.408248	
0.000000	0.000000	1.000000	0.000000	0.000000	
0.000000	0.000000	0.000000	0.948686	0.316218	
0.707107	0.000000	0.000000	0.707107	0.000000	
0.000000	0.816530	0.000000	0.408182	0.408248	
0.000000	0.948683	0.000000	0.316228	0.000000	
0.000000	0.000000	0.707106	0.000000	0.707108	
0.000000	0.707107	0.707106	0.000000	0.000000	
0.408206	0.000000	0.816521	0.408242	0.000000	
0.000000	0.000000	0.707107	0.707107	0.000000	
0.000000	0.000000	0.816507	0.408228	0.408248	
0.816495	0.000000	0.000000	0.408252	0.408248	
0.000000	0.408204	0.816519	0.000000	0.408248	
0.408251	0.000000	0.000000	0.816495	0.408248	
0.316278	0.000000	0.000000	0.948667	0.000000	
0.000000	0.000000	0.316278	0.948666	0.000000	
0.816504	0.000000	0.408239	0.408243	0.000000	
0.000000	0.499998	0.499986	0.500004	0.500012	
0.000000	0.948675	0.316252	0.000000	0.000000	
0.316192	0.948695	0.000000	0.000000	0.000000	
0.000000	0.000000	0.948686	0.000000	0.316218	
0.000000	0.316229	0.000000	0.000000	0.948683	
0.000000	0.408251	0.000000	0.816495	0.408248	
0.409701	0.000000	0.409701	0.000000	0.819406	
0.000000	0.410273	0.410274	0.000000	0.820781	
0.408251	0.816485	0.000000	0.408269	0.000000	
0.000000	0.408207	0.816521	0.408241	0.000000	
0.499992	0.000000	0.499992	0.500004	0.500012	
0.000000	0.000000	0.000000	0.316225	0.948684	
0.707109	0.707105	0.000000	0.000000	0.000000	
0.000000	0.316247	0.948677	0.000000	0.000000	
0.408253	0.408251	0.000000	0.816493	0.000000	
0.000000	0.000000	0.316429	0.000000	0.948616	
0.316247	0.000000	0.948677	0.000000	0.000000	
0.000000	0.816481	0.408228	0.408299	0.000000	
0.000000	1.000000	0.000000	0.000000	0.000000	
0.948683	0.000000	0.000000	0.316228	0.000000	
0.000000	0.948686	0.000000	0.000000	0.316218	
0.000000	0.408211	0.408209	0.816599	0.000000	
0.500002	0.499999	0.499984	0.000000	0.500015	
0.707107	0.000000	0.707106	0.000000	0.000000	
0.000000	0.000000	0.000000	0.950812	0.316927	
0.072024	0.065198	0.301737	0.950804	0.000000	
0.000000	0.316278	0.000000	0.948667	0.000000	
0.430891	0.130824	0.024801	0.892842	0.000000	
0.000000	1.000842	0.000000	0.000000	0.000000	
0.823575	0.411795	0.000000	0.411831	0.000000	
0.008123	0.367899	0.448591	0.000000	0.820781	
0.230988	0.014669	0.972846	0.000000	0.000000	
0.000000	0.000000	0.000000	1.000959	0.000592	
0.000000	0.379641	0.755858	0.420192	0.331457	
0.894424	0.447220	0.000000	0.000000	0.000339	
0.083320	0.910242	0.018861	0.408979	0.000000	
0.000422	0.951358	0.000000	0.000000	0.317109	
0.948683	0.000000	0.000000	0.316228	0.000000	
0.001168	0.499996	0.499986	0.500004	0.500012	
0.000000	0.000000	0.408250	0.408249	0.816496	
0.000000	0.813620	0.413902	0.408299	0.000000	
0.416388	0.416386	0.808235	0.000000	0.000000	
0.393916	0.123129	0.000000	0.825416	0.412709	
0.731558	0.000000	0.000000	0.388213	0.560459	
0.000000	0.000000	0.316429	0.000000	0.948616	
0.000000	0.000000	1.000000	0.000000	0.000000	
0.765613	0.000000	0.643302	0.000000	0.000000	
0.552998	0.429153	0.000000	0.714157	0.000000	
0.000000	0.693217	0.610674	0.000000	0.413152	
0.000000	0.408204	0.816519	0.000000	0.408248	
0.000000	0.000000	0.908226	0.302706	0.295626	
0.495687	0.495702	0.000000	0.495727	0.512668	
0.000000	0.000000	0.948686	0.000000	0.316218	
0.407808	0.003446	0.816712	0.408243	0.000000	
