0.408249	0.000000	0.000000	0.408249	0.816496	
0.707107	0.000000	0.000000	0.707107	0.000000	
0.499996	0.499996	0.000000	0.500008	0.499999	
0.000000	0.948683	0.000000	0.000000	0.316228	
0.707107	0.707107	0.000000	0.000000	0.000000	
0.408249	0.408249	0.000000	0.000000	0.816496	
0.000000	0.000000	0.316205	0.948691	0.000000	
0.408256	0.816495	0.000000	0.408244	0.000000	
0.408250	0.000000	0.408250	0.816495	0.000000	
0.316245	0.000000	0.948677	0.000000	0.000000	
0.000000	0.000000	0.948683	0.316228	0.000000	
0.000000	0.000000	0.408251	0.816495	0.408248	
0.499996	0.000000	0.499996	0.500008	0.499999	
0.000000	0.948683	0.000000	0.316228	0.000000	
0.500004	0.500004	0.499993	0.000000	0.499999	
0.816501	0.408245	0.000000	0.408244	0.000000	
0.816496	0.408242	0.408255	0.000000	0.000000	
0.408254	0.816492	0.408252	0.000000	0.000000	
0.000000	0.000000	0.316229	0.000000	0.948683	
0.408266	0.000000	0.816488	0.000000	0.408248	
0.500002	0.500002	0.499994	0.500003	0.000000	
0.408308	0.408308	0.816437	0.000000	0.000000	
0.816499	0.408244	0.000000	0.000000	0.408248	
0.000000	0.000000	0.816497	0.408248	0.408248	
0.000000	0.316229	0.000000	0.000000	0.948683	
0.816495	0.000000	0.408251	0.000000	0.408248	
0.000000	0.408250	0.408250	0.816495	0.000000	
0.000000	0.000000	0.000000	0.948683	0.316228	
0.000000	0.816497	0.000000	0.408248	0.408248	
0.000000	0.316245	0.948677	0.000000	0.000000	
0.000000	0.816495	0.408251	0.000000	0.408248	
0.000000	0.408266	0.816488	0.000000	0.408248	
0.948681	0.000000	0.316236	0.000000	0.000000	
0.948680	0.316239	0.000000	0.000000	0.000000	
0.000000	0.948681	0.316236	0.000000	0.000000	
0.000000	0.000000	1.000000	0.000000	0.000000	
0.316229	0.000000	0.000000	0.000000	0.948683	
0.000000	0.316205	0.000000	0.948691	0.000000	
0.000000	0.000000	0.707107	0.707107	0.000000	
0.948683	0.000000	0.000000	0.316228	0.000000	
0.816497	0.000000	0.408252	0.408244	0.000000	
0.000000	0.000000	0.000000	0.000000	1.000000	
0.000000	0.000000	0.408249	0.408249	0.816496	
0.408255	0.816493	0.000000	0.000000	0.408248	
0.000000	0.707107	0.000000	0.707107	0.000000	
0.707107	0.000000	0.000000	0.000000	0.707106	
0.816497	0.000000	0.000000	0.408248	0.408248	
0.000000	0.707107	0.000000	0.000000	0.707106	
1.000000	0.000000	0.000000	0.000000	0.000000	
0.316205	0.000000	0.000000	0.948691	0.000000	
0.000000	0.499996	0.499996	0.500008	0.499999	
0.000000	0.408249	0.408249	0.000000	0.816496	
0.000000	0.000000	0.000000	1.000000	0.000000	
0.000000	1.000000	0.000000	0.000000	0.000000	
0.000000	0.408225	0.816510	0.408244	0.000000	
0.000000	0.000000	0.707106	0.000000	0.707107	
0.000000	0.000000	0.948683	0.000000	0.316228	
0.948683	0.000000	0.000000	0.000000	0.316228	
0.000000	0.000000	0.000000	0.316229	0.948683	
0.000000	0.408251	0.000000	0.816495	0.408248	
0.408250	0.408250	0.000000	0.816495	0.000000	
0.000000	0.408249	0.000000	0.408249	0.816496	
0.316216	0.948687	0.000000	0.000000	0.000000	
0.000000	0.000000	0.000000	0.707106	0.707107	
0.000000	0.707107	0.707107	0.000000	0.000000	
0.408251	0.000000	0.000000	0.816495	0.408248	
0.408249	0.000000	0.408249	0.000000	0.816496	
0.408225	0.000000	0.816510	0.408244	0.000000	
0.000000	0.816497	0.408252	0.408244	0.000000	
0.707107	0.000000	0.707107	0.000000	0.000000	
0.000000	0.816497	0.000000	0.408248	0.408248	
0.000000	0.000000	0.883325	0.468761	0.000000	
0.000000	0.946341	0.097642	0.000000	0.317122	
0.000000	0.000000	0.000000	0.000000	1.036597	
0.816499	0.408244	0.000000	0.000000	0.408248	
0.000000	0.499996	0.499996	0.500008	0.499999	
0.040733	0.734060	0.000000	0.680024	0.000000	
0.475495	0.000000	0.783716	0.395021	0.105096	
0.000000	0.707107	0.707107	0.000000	0.000000	
0.341299	0.000000	0.000000	0.341299	0.879131	
0.799248	0.001110	0.000000	0.000000	0.601766	
0.000000	0.000000	0.000000	0.380174	0.924915	
0.271142	0.054775	0.820660	0.000000	0.499999	
0.741909	0.000000	0.360831	0.368947	0.428077	
0.937431	0.145735	0.000000	0.000000	0.316231	
0.948842	0.000006	0.315751	0.000000	0.000000	
0.813350	0.000000	0.164883	0.557920	0.000000	
0.712883	0.012601	0.703297	0.000000	0.000000	
0.290486	0.000000	0.000000	0.856144	0.427359	
0.000000	0.000000	0.447216	0.894426	0.000570	
0.048685	0.342688	0.106262	0.933165	0.000000	
0.711287	0.000000	0.577375	0.394782	0.105032	
0.316203	0.000000	0.001190	0.948691	0.000000	
0.000000	0.316229	0.000000	0.000000	0.948683	
0.016475	0.920500	0.412940	0.000000	0.000000	
0.384537	0.384537	0.200038	0.815013	0.000155	
0.000000	0.000000	0.915243	0.000000	0.410566	
0.000000	0.000000	0.147899	0.753439	0.645514	
0.408245	0.000000	0.408245	0.816500	0.000000	
0.000000	0.407792	0.815644	0.410403	0.000000	
