0.000000	0.408251	0.000000	0.816495	0.408248	
0.816502	0.000000	0.408238	0.000000	0.408248	
0.000000	0.316229	0.000000	0.000000	0.948683	
0.707109	0.707105	0.000000	0.000000	0.000000	
0.948675	0.000000	0.316252	0.000000	0.000000	
0.000000	0.000000	1.000000	0.000000	0.000000	
0.316229	0.000000	0.000000	0.000000	0.948683	
0.000000	0.000000	0.948684	0.316226	0.000000	
0.408253	0.408251	0.000000	0.816493	0.000000	
0.408255	0.816493	0.000000	0.000000	0.408248	
0.816504	0.000000	0.408240	0.408243	0.000000	
0.000000	0.408100	0.408099	0.000000	0.816645	
0.408251	0.816485	0.000000	0.408269	0.000000	
0.948680	0.316239	0.000000	0.000000	0.000000	
0.000000	0.000000	0.816507	0.408228	0.408248	
0.000000	0.948683	0.000000	0.316228	0.000000	
0.316192	0.948695	0.000000	0.000000	0.000000	
0.000000	0.000000	0.707106	0.000000	0.707107	
0.707107	0.000000	0.707107	0.000000	0.000000	
0.000000	0.948675	0.316252	0.000000	0.000000	
0.408251	0.000000	0.000000	0.816495	0.408248	
0.000000	0.816504	0.408240	0.408243	0.000000	
0.000000	0.948686	0.000000	0.000000	0.316218	
0.000000	0.000000	0.316226	0.000000	0.948684	
0.816496	0.408255	0.000000	0.408243	0.000000	
0.408249	0.000000	0.000000	0.408249	0.816496	
0.948683	0.000000	0.000000	0.316228	0.000000	
0.000000	0.000000	0.316315	0.948776	0.000000	
0.000000	0.000000	0.408255	0.816493	0.408248	
0.408267	0.816517	0.408189	0.000000	0.000000	
0.000000	0.000000	0.000000	0.948686	0.316218	
0.000000	0.408250	0.000000	0.408249	0.816495	
0.500002	0.500000	0.499984	0.000000	0.500015	
0.499981	0.499978	0.500038	0.500003	0.000000	
0.000000	0.000000	0.000000	0.000000	1.000000	
0.000000	0.000000	0.707107	0.707107	0.000000	
0.000000	0.408206	0.816521	0.408242	0.000000	
0.316247	0.000000	0.948677	0.000000	0.000000	
0.499993	0.499991	0.000000	0.500004	0.500012	
0.816448	0.408231	0.408363	0.000000	0.000000	
0.408206	0.000000	0.816520	0.408243	0.000000	
0.000000	0.707107	0.707106	0.000000	0.000000	
0.816494	0.408254	0.000000	0.000000	0.408248	
0.816495	0.000000	0.000000	0.408252	0.408248	
0.408329	0.408327	0.816417	0.000000	0.000000	
1.000000	0.000000	0.000000	0.000000	0.000000	
0.000000	0.000000	0.000000	0.707106	0.707107	
0.000000	0.000000	0.948686	0.000000	0.316218	
0.000000	0.816493	0.000000	0.408255	0.408248	
0.948686	0.000000	0.000000	0.000000	0.316218	
0.000000	0.499998	0.499986	0.500004	0.500012	
0.408251	0.408248	0.000000	0.000000	0.816495	
0.000000	0.408189	0.408189	0.816556	0.000000	
0.000000	0.316278	0.000000	0.948667	0.000000	
0.000000	0.000000	0.000000	0.316225	0.948684	
0.499992	0.000000	0.499992	0.500004	0.500012	
0.316278	0.000000	0.000000	0.948667	0.000000	
0.000002	0.707106	0.000000	0.000000	0.707107	
0.000000	0.316247	0.948677	0.000000	0.000000	
0.707106	0.000000	0.000000	0.000000	0.707107	
0.000000	0.408204	0.816519	0.000000	0.408248	
0.707107	0.000000	0.000000	0.707107	0.000000	
0.408204	0.000000	0.816519	0.000000	0.408248	
0.000000	0.000000	0.000000	1.000000	0.000000	
0.000000	1.000000	0.000000	0.000000	0.000000	
0.408249	0.000000	0.408249	0.000000	0.816496	
0.000000	0.000000	0.408249	0.408249	0.816496	
0.408252	0.000000	0.408252	0.816493	0.000000	
0.000000	0.816502	0.408238	0.000000	0.408248	
0.000000	0.707107	0.000000	0.707107	0.000000	
0.000000	0.000000	0.999143	0.041401	0.000000	
0.000000	0.868080	0.481030	0.000000	0.122681	
0.146322	0.020836	0.000000	0.989018	0.000000	
0.448819	0.897619	0.000000	0.000000	0.099690	
0.782794	0.469646	0.000000	0.000000	0.408248	
0.000000	0.816502	0.408238	0.000000	0.408248	
0.360178	0.732396	0.000000	0.000000	0.581499	
0.000000	0.316278	0.000000	0.948667	0.000000	
0.818466	0.000000	0.000000	0.574788	0.000000	
0.000000	0.000000	0.857368	0.515719	0.000000	
0.033555	0.297955	0.000000	0.106986	0.955068	
0.253566	0.000000	0.279103	0.926178	0.000000	
0.827230	0.344588	0.450324	0.000000	0.000000	
0.858059	0.000000	0.513551	0.000000	0.000000	
0.648053	0.000288	0.642935	0.408242	0.000000	
0.040977	0.000000	0.582698	0.005650	0.826131	
0.912871	0.000575	0.000000	0.000000	0.408248	
0.000000	0.000000	0.000000	0.280315	0.959908	
0.028885	0.000000	0.410748	0.410336	0.822098	
0.000000	0.000000	0.833080	0.373245	0.408248	
0.079045	0.703493	0.000000	0.000000	0.706293	
0.000000	0.743909	0.000000	0.624829	0.323822	
0.000000	0.142192	0.142192	0.000000	0.979573	
0.044564	0.705673	0.500038	0.500003	0.000000	
0.000000	0.310740	0.621561	0.719098	0.000000	
0.638560	0.114011	0.643535	0.408623	0.000000	
0.996120	0.000000	0.086877	0.014017	0.000000	
0.318146	0.000000	0.000000	0.957014	0.000000	
0.000000	0.912874	0.000000	0.408242	0.000000	
0.207661	0.521889	0.000000	0.148000	0.821453	
