0.000000	0.000000	0.000000	1.000000	0.000000	
0.316205	0.000000	0.000000	0.948691	0.000000	
0.948681	0.000000	0.316236	0.000000	0.000000	
0.000000	0.707107	0.000000	0.707107	0.000000	
0.816497	0.000000	0.408252	0.408244	0.000000	
0.000000	0.408249	0.408249	0.000000	0.816496	
0.408251	0.000000	0.000000	0.816495	0.408248	
0.000000	0.707106	0.000000	0.000000	0.707107	
0.000000	0.948681	0.316236	0.000000	0.000000	
0.948683	0.000000	0.000000	0.000000	0.316228	
0.408254	0.816492	0.408252	0.000000	0.000000	
0.408250	0.000000	0.408250	0.816495	0.000000	
0.000000	0.000000	0.000000	0.707106	0.707107	
0.500002	0.500002	0.499994	0.500003	0.000000	
0.499996	0.499996	0.000000	0.500008	0.499999	
0.000000	0.000000	0.000000	0.316229	0.948683	
0.408249	0.000000	0.000000	0.408249	0.816496	
0.408249	0.408249	0.000000	0.000000	0.816496	
0.316216	0.948687	0.000000	0.000000	0.000000	
0.000000	0.316229	0.000000	0.000000	0.948683	
0.000000	0.408249	0.000000	0.408249	0.816496	
0.948683	0.000000	0.000000	0.316228	0.000000	
0.000000	0.948683	0.000000	0.000000	0.316228	
0.000000	0.707107	0.707107	0.000000	0.000000	
0.816495	0.000000	0.408251	0.000000	0.408248	
0.000000	0.948683	0.000000	0.316228	0.000000	
0.000000	0.408224	0.816509	0.000000	0.408248	
0.707107	0.707107	0.000000	0.000000	0.000000	
1.000000	0.000000	0.000000	0.000000	0.000000	
0.000000	0.000000	0.948683	0.316228	0.000000	
0.000000	0.408250	0.408250	0.816495	0.000000	
0.408249	0.000000	0.408249	0.000000	0.816496	
0.707106	0.000000	0.000000	0.000000	0.707107	
0.408224	0.000000	0.816509	0.000000	0.408248	
0.000000	0.000000	0.948683	0.000000	0.316228	
0.000000	0.408225	0.816510	0.408244	0.000000	
0.948680	0.316239	0.000000	0.000000	0.000000	
0.000000	0.000000	0.408249	0.408249	0.816496	
0.000000	0.499996	0.499996	0.500008	0.499999	
0.499996	0.000000	0.499996	0.500008	0.499999	
0.500004	0.500004	0.499993	0.000000	0.499999	
0.816497	0.000000	0.000000	0.408248	0.408248	
0.000000	0.000000	1.000000	0.000000	0.000000	
0.000000	0.316205	0.000000	0.948691	0.000000	
0.000000	1.000000	0.000000	0.000000	0.000000	
0.000000	0.816497	0.408252	0.408244	0.000000	
0.000000	0.816495	0.408251	0.000000	0.408248	
0.408256	0.816495	0.000000	0.408244	0.000000	
0.408255	0.816493	0.000000	0.000000	0.408248	
0.816499	0.408244	0.000000	0.000000	0.408248	
0.000000	0.000000	0.000000	0.000000	1.000000	
0.816501	0.408245	0.000000	0.408244	0.000000	
0.316229	0.000000	0.000000	0.000000	0.948683	
0.707107	0.000000	0.000000	0.707107	0.000000	
0.707107	0.000000	0.707107	0.000000	0.000000	
0.000000	0.000000	0.816497	0.408248	0.408248	
0.000000	0.316245	0.948677	0.000000	0.000000	
0.000000	0.000000	0.000000	0.948683	0.316228	
0.000000	0.816497	0.000000	0.408248	0.408248	
0.000000	0.000000	0.707107	0.707107	0.000000	
0.000000	0.000000	0.408251	0.816495	0.408248	
0.000000	0.000000	0.316229	0.000000	0.948683	
0.408225	0.000000	0.816510	0.408244	0.000000	
0.000000	0.408251	0.000000	0.816495	0.408248	
0.316245	0.000000	0.948677	0.000000	0.000000	
0.000000	0.000000	0.316205	0.948691	0.000000	
0.408250	0.408250	0.000000	0.816495	0.000000	
0.000000	0.000000	0.707106	0.000000	0.707107	
0.408308	0.408308	0.816437	0.000000	0.000000	
0.816496	0.408242	0.408255	0.000000	0.000000	
0.000000	0.931398	0.000000	0.364002	0.000000	
0.858484	0.000000	0.018279	0.000000	0.512919	
0.000000	0.000000	0.000000	0.000000	1.000030	
0.388799	0.126934	0.818050	0.000000	0.409019	
0.004414	0.684169	0.690685	0.000000	0.255873	
0.467385	0.884987	0.000000	0.000000	0.000000	
0.005931	0.316174	0.000000	0.000000	0.948683	
0.079704	0.996675	0.000000	0.016890	0.000000	
0.004769	0.563810	0.000000	0.000000	0.832089	
0.000000	0.000000	0.586860	0.809688	0.000000	
0.000000	0.000000	0.318435	0.947945	0.000000	
0.000000	0.329655	0.000000	0.944101	0.000000	
0.000000	0.948681	0.316236	0.000000	0.000000	
0.816501	0.000000	0.577344	0.000000	0.000000	
0.113480	0.000000	0.809556	0.408735	0.408735	
0.479871	0.000000	0.749581	0.455908	0.000000	
0.707107	0.707107	0.000000	0.000000	0.000000	
0.836142	0.166955	0.082325	0.000932	0.516360	
0.269366	0.269366	0.433841	0.000000	0.816496	
0.315142	0.000000	0.630331	0.709485	0.000000	
0.685860	0.000000	0.660806	0.000000	0.317468	
0.000000	0.408250	0.408250	0.816495	0.000000	
0.000000	0.000000	0.000000	0.316229	0.948683	
0.000000	0.797879	0.000000	0.606454	0.000000	
0.000000	0.000000	1.000000	0.000000	0.000000	
0.338953	0.506155	0.000000	0.610030	0.506735	
0.588450	0.001950	0.274142	0.290317	0.703054	
0.294368	0.000000	0.147186	0.944290	0.000000	
0.578563	0.004590	0.000000	0.000000	0.818237	
0.858044	0.252503	0.447217	0.000000	0.000000	
