0.000000	0.000000	0.408251	0.816495	0.408248	
0.408255	0.816493	0.000000	0.000000	0.408248	
0.000000	0.948683	0.000000	0.316228	0.000000	
0.408250	0.000000	0.408250	0.816495	0.000000	
0.000000	0.000000	0.707106	0.000000	0.707107	
0.000000	0.000000	0.000000	0.316229	0.948683	
0.000000	0.948686	0.316218	0.000000	0.000000	
0.316247	0.000000	0.948677	0.000000	0.000000	
0.000000	0.000000	0.000000	1.000000	0.000000	
0.000000	0.316229	0.000000	0.000000	0.948683	
0.000000	0.000000	0.000000	0.948686	0.316220	
0.816495	0.000000	0.000000	0.408252	0.408248	
0.816503	0.000000	0.408239	0.408244	0.000000	
0.500003	0.500000	0.499985	0.000000	0.500012	
0.408249	0.000000	0.408249	0.000000	0.816496	
0.707109	0.707105	0.000000	0.000000	0.000000	
0.499992	0.000000	0.499992	0.500004	0.500012	
0.000000	0.707106	0.000000	0.000000	0.707107	
0.000000	0.000000	0.408249	0.408249	0.816496	
0.000000	0.408251	0.000000	0.816495	0.408248	
0.000000	0.948686	0.000000	0.000000	0.316218	
0.408267	0.816517	0.408189	0.000000	0.000000	
0.408251	0.000000	0.000000	0.816495	0.408248	
0.000000	0.000000	0.316229	0.000000	0.948683	
0.000000	0.000000	0.316278	0.948667	0.000000	
0.000000	0.707107	0.707107	0.000000	0.000000	
0.000000	0.000000	0.707107	0.707107	0.000000	
0.408329	0.408327	0.816417	0.000000	0.000000	
0.408249	0.000000	0.000000	0.408249	0.816496	
0.408224	0.000000	0.816509	0.000000	0.408248	
0.000000	0.408191	0.408191	0.816554	0.000000	
0.316216	0.948687	0.000000	0.000000	0.000000	
0.816502	0.000000	0.408238	0.000000	0.408248	
0.000000	0.000000	0.948686	0.000000	0.316218	
0.000000	0.707107	0.000000	0.707107	0.000000	
0.408206	0.000000	0.816520	0.408243	0.000000	
0.000000	0.408204	0.816519	0.000000	0.408248	
0.000000	0.000000	0.948683	0.316228	0.000000	
0.000000	0.499992	0.499992	0.500004	0.500012	
0.000000	0.000000	0.000000	0.000000	1.000000	
0.948686	0.000000	0.000000	0.000000	0.316220	
0.000000	0.816502	0.408238	0.000000	0.408248	
0.000000	0.816503	0.408239	0.408243	0.000000	
0.948683	0.000000	0.000000	0.316228	0.000000	
0.948686	0.000000	0.316218	0.000000	0.000000	
0.000000	0.408249	0.000000	0.408249	0.816496	
0.000000	0.316247	0.948677	0.000000	0.000000	
0.499993	0.499991	0.000000	0.500004	0.500012	
0.000000	1.000000	0.000000	0.000000	0.000000	
0.499981	0.499978	0.500038	0.500003	0.000000	
0.000000	0.000000	1.000000	0.000000	0.000000	
0.948680	0.316239	0.000000	0.000000	0.000000	
0.408253	0.408251	0.000000	0.816493	0.000000	
0.408251	0.408248	0.000000	0.000000	0.816495	
0.408256	0.816495	0.000000	0.408243	0.000000	
0.000000	0.316278	0.000000	0.948667	0.000000	
0.000000	0.000000	0.816495	0.408252	0.408248	
0.707106	0.000000	0.000000	0.000000	0.707107	
0.000000	0.408206	0.816521	0.408242	0.000000	
0.816494	0.408254	0.000000	0.000000	0.408248	
0.707107	0.000000	0.000000	0.707107	0.000000	
0.000000	0.408247	0.408246	0.000000	0.816498	
0.000000	0.000000	0.000000	0.707106	0.707107	
0.316229	0.000000	0.000000	0.000000	0.948683	
1.000000	0.000000	0.000000	0.000000	0.000000	
0.000000	0.816495	0.000000	0.408252	0.408248	
0.316278	0.000000	0.000000	0.948667	0.000000	
0.816512	0.408263	0.408203	0.000000	0.000000	
0.816496	0.408255	0.000000	0.408243	0.000000	
0.707107	0.000000	0.707107	0.000000	0.000000	
0.706753	0.000000	0.706752	0.000000	0.031716	
0.000000	0.000000	0.000000	1.000020	0.000000	
0.511154	0.254033	0.821822	0.000000	0.000000	
0.707106	0.000000	0.000000	0.000000	0.707107	
0.001235	0.206112	0.101137	0.973290	0.000000	
0.067376	0.000000	0.768898	0.551598	0.316220	
0.999973	0.000000	0.000000	0.007373	0.000000	
0.000000	0.611902	0.305942	0.305945	0.662382	
0.408267	0.816517	0.408189	0.000000	0.000000	
0.589243	0.000000	0.589242	0.000000	0.552799	
0.002909	0.687680	0.000000	0.000000	0.726008	
0.935288	0.000000	0.158857	0.316228	0.000000	
0.118523	0.000025	0.383939	0.733469	0.548239	
0.080321	0.000000	0.909331	0.000000	0.408248	
0.880462	0.241080	0.000000	0.000000	0.408248	
0.021788	0.912601	0.004294	0.000000	0.408248	
0.000000	0.749077	0.374527	0.000000	0.546455	
0.000000	0.705183	0.000000	0.709025	0.000000	
0.000072	0.000006	0.030788	0.865541	0.500052	
0.336086	0.000000	0.762535	0.000000	0.552799	
0.000000	0.056737	0.576227	0.819022	0.000000	
0.000000	0.313310	0.000000	0.042873	0.948683	
0.000000	0.000000	0.000000	0.000000	1.000000	
0.499959	0.000000	0.000000	0.002548	0.866047	
0.000000	0.316247	0.948677	0.000000	0.000000	
0.000000	0.000000	0.000000	0.316274	0.948816	
0.718590	0.695434	0.000000	0.000000	0.000000	
0.408249	0.000000	0.408249	0.000000	0.816496	
0.707061	0.000000	0.008703	0.707160	0.000000	
0.805918	0.402967	0.433635	0.000000	0.008607	
