0.408249	0.408249	0.000000	0.000000	0.816496	
0.000000	0.000000	0.316229	0.000000	0.948683	
0.316219	0.000000	0.000000	0.948686	0.000000	
0.000000	0.000000	0.000000	0.316229	0.948683	
0.000000	0.707107	0.000000	0.707107	0.000000	
0.000000	0.408251	0.000000	0.816495	0.408248	
0.000000	0.316227	0.948684	0.000000	0.000000	
0.000000	0.000000	0.948683	0.000000	0.316228	
0.707107	0.707107	0.000000	0.000000	0.000000	
0.000000	1.000000	0.000000	0.000000	0.000000	
0.000000	0.000000	0.000000	1.000000	0.000000	
0.000000	0.816497	0.408252	0.408244	0.000000	
0.000000	0.000000	0.707107	0.000000	0.707106	
0.499996	0.499996	0.000000	0.500008	0.499999	
0.408256	0.816495	0.000000	0.408244	0.000000	
0.408245	0.408245	0.816499	0.000000	0.000000	
0.000000	0.000000	0.408249	0.408249	0.816496	
0.816496	0.408246	0.408252	0.000000	0.000000	
0.000000	0.316229	0.000000	0.000000	0.948683	
0.948681	0.000000	0.316236	0.000000	0.000000	
0.000000	0.499996	0.499996	0.500008	0.499999	
0.000000	0.707107	0.707107	0.000000	0.000000	
0.000000	0.408242	0.816500	0.000000	0.408248	
0.408250	0.000000	0.408250	0.816495	0.000000	
0.816497	0.000000	0.408252	0.408244	0.000000	
0.948683	0.000000	0.000000	0.000000	0.316228	
0.000000	0.948683	0.000000	0.316228	0.000000	
0.000000	0.000000	0.000000	0.707107	0.707106	
0.000000	0.000000	0.816497	0.408248	0.408248	
0.816495	0.000000	0.408251	0.000000	0.408248	
0.816501	0.408245	0.000000	0.408244	0.000000	
0.000000	0.816497	0.000000	0.408248	0.408248	
0.500002	0.500002	0.499994	0.500003	0.000000	
0.408243	0.000000	0.816502	0.408244	0.000000	
0.000000	0.316219	0.000000	0.948686	0.000000	
0.000000	0.408249	0.408249	0.000000	0.816496	
0.499996	0.000000	0.499996	0.500008	0.499999	
0.000000	0.000000	0.316219	0.948686	0.000000	
0.000000	0.408249	0.000000	0.408249	0.816496	
0.948680	0.316239	0.000000	0.000000	0.000000	
0.000000	0.000000	1.000000	0.000000	0.000000	
0.707107	0.000000	0.707107	0.000000	0.000000	
0.816499	0.408244	0.000000	0.000000	0.408248	
0.000000	0.707107	0.000000	0.000000	0.707106	
0.707107	0.000000	0.000000	0.707107	0.000000	
0.000000	0.408243	0.816502	0.408244	0.000000	
0.408251	0.000000	0.000000	0.816495	0.408248	
0.000000	0.408250	0.408250	0.816495	0.000000	
0.408240	0.000000	0.816501	0.000000	0.408248	
1.000000	0.000000	0.000000	0.000000	0.000000	
0.408249	0.000000	0.408249	0.000000	0.816496	
0.948683	0.000000	0.000000	0.316228	0.000000	
0.408254	0.816492	0.408252	0.000000	0.000000	
0.000000	0.000000	0.408251	0.816495	0.408248	
0.316227	0.000000	0.948684	0.000000	0.000000	
0.000000	0.000000	0.000000	0.948683	0.316228	
0.000000	0.000000	0.948683	0.316228	0.000000	
0.000000	0.816495	0.408251	0.000000	0.408248	
0.500003	0.500003	0.499995	0.000000	0.499999	
0.000000	0.948681	0.316236	0.000000	0.000000	
0.408249	0.000000	0.000000	0.408249	0.816496	
0.707107	0.000000	0.000000	0.000000	0.707106	
0.316216	0.948687	0.000000	0.000000	0.000000	
0.316229	0.000000	0.000000	0.000000	0.948683	
0.000000	0.000000	0.707107	0.707107	0.000000	
0.000000	0.000000	0.000000	0.000000	1.000000	
0.408250	0.408250	0.000000	0.816495	0.000000	
0.000000	0.948683	0.000000	0.000000	0.316228	
0.816497	0.000000	0.000000	0.408248	0.408248	
0.408255	0.816493	0.000000	0.000000	0.408248	
0.000285	0.000000	0.462214	0.887230	0.000000	
0.000000	0.912871	0.000000	0.000000	0.408248	
0.000000	0.000000	0.000000	1.020758	0.000000	
0.274551	0.823686	0.000000	0.496489	0.000000	
0.978646	0.000000	0.000000	0.027403	0.205048	
0.976789	0.240566	0.000000	0.000000	0.000366	
0.187160	0.000000	0.374327	0.000000	0.908218	
0.707138	0.000000	0.707076	0.000000	0.000000	
0.707076	0.707076	0.000000	0.000000	0.009274	
0.000000	0.568440	0.079371	0.818887	0.000000	
0.372141	0.186070	0.909335	0.000000	0.000000	
0.816499	0.408244	0.000000	0.000000	0.408248	
0.671779	0.000000	0.618099	0.000000	0.408248	
0.000000	0.305915	0.000000	0.000000	0.952059	
0.816501	0.408245	0.000000	0.408244	0.000000	
0.316219	0.000000	0.000000	0.948686	0.000000	
0.997908	0.000000	0.072170	0.006537	0.025474	
0.049473	0.947390	0.316236	0.000000	0.000000	
0.274333	0.000000	0.000000	0.137166	0.951802	
0.000000	0.000000	0.964920	0.000000	0.263777	
0.000000	0.000000	0.780139	0.390069	0.494239	
0.500003	0.500003	0.499995	0.000000	0.499999	
0.467413	0.000000	0.786735	0.000000	0.403213	
0.343455	0.000656	0.242856	0.000000	0.908597	
0.726229	0.000000	0.363118	0.583625	0.011054	
0.000000	0.603192	0.000000	0.603192	0.521842	
0.000000	1.000000	0.000000	0.000000	0.000000	
0.150065	0.021037	0.701295	0.699851	0.000000	
0.260066	0.774134	0.408329	0.408321	0.000000	
0.200445	0.570482	0.000000	0.000000	0.798730	
