0.000000	0.000000	0.948683	0.000000	0.316228	
0.316205	0.000000	0.000000	0.948691	0.000000	
0.948681	0.000000	0.316236	0.000000	0.000000	
0.000000	0.499996	0.499996	0.500008	0.499999	
0.707107	0.707107	0.000000	0.000000	0.000000	
0.408251	0.000000	0.000000	0.816495	0.408248	
0.408250	0.000000	0.408250	0.816495	0.000000	
0.000000	0.000000	1.000000	0.000000	0.000000	
0.000000	0.408249	0.000000	0.408249	0.816496	
0.000000	0.000000	0.000000	0.948683	0.316228	
0.000000	0.000000	0.707106	0.000000	0.707107	
0.000000	0.816497	0.000000	0.408248	0.408248	
0.408250	0.408250	0.000000	0.816495	0.000000	
0.408256	0.816495	0.000000	0.408244	0.000000	
0.707107	0.000000	0.000000	0.707107	0.000000	
0.000000	0.408251	0.000000	0.816495	0.408248	
0.408308	0.408308	0.816437	0.000000	0.000000	
0.000000	0.000000	0.816497	0.408248	0.408248	
0.948683	0.000000	0.000000	0.000000	0.316228	
0.816497	0.000000	0.000000	0.408248	0.408248	
0.499996	0.499996	0.000000	0.500008	0.499999	
0.408225	0.000001	0.816510	0.408244	0.000000	
0.816495	0.000000	0.408251	0.000000	0.408248	
0.948683	0.000000	0.000000	0.316228	0.000000	
0.000000	0.707107	0.707107	0.000000	0.000000	
0.000000	0.316229	0.000000	0.000000	0.948683	
0.000000	0.408250	0.408250	0.816495	0.000000	
0.408254	0.816492	0.408252	0.000000	0.000000	
0.000000	0.408249	0.408249	0.000000	0.816496	
0.316245	0.000000	0.948677	0.000000	0.000000	
0.499996	0.000000	0.499996	0.500008	0.499999	
0.816501	0.408245	0.000000	0.408244	0.000000	
0.316229	0.000000	0.000000	0.000000	0.948683	
0.408249	0.000000	0.408249	0.000000	0.816496	
0.000000	0.000000	0.316205	0.948691	0.000000	
0.000000	0.948683	0.000000	0.000000	0.316228	
0.000000	0.000000	0.000000	0.316229	0.948683	
0.316216	0.948687	0.000000	0.000000	0.000000	
0.408249	0.408249	0.000000	0.000000	0.816496	
0.000000	0.707106	0.000000	0.000000	0.707107	
0.000000	0.316245	0.948677	0.000000	0.000000	
0.000000	1.000000	0.000000	0.000000	0.000000	
0.707106	0.000000	0.000000	0.000000	0.707107	
0.000000	0.000000	0.000000	0.000000	1.000000	
0.408255	0.816493	0.000000	0.000000	0.408248	
0.000000	0.408224	0.816509	0.000000	0.408248	
0.948680	0.316239	0.000000	0.000000	0.000000	
0.000000	0.000000	0.408251	0.816495	0.408248	
0.408224	0.000000	0.816509	0.000000	0.408248	
0.408249	0.000000	0.000000	0.408249	0.816496	
0.816499	0.408244	0.000000	0.000000	0.408248	
0.000000	0.948681	0.316236	0.000000	0.000000	
0.500004	0.500004	0.499993	0.000000	0.499999	
0.500004	0.500004	0.499990	0.500003	0.000000	
0.000000	0.000000	0.316229	0.000000	0.948683	
0.000000	0.948683	0.000000	0.316228	0.000000	
0.707107	0.000000	0.707107	0.000000	0.000000	
0.000000	0.000000	0.408249	0.408249	0.816496	
0.000000	0.707107	0.000000	0.707107	0.000000	
0.000000	0.000000	0.000000	1.000000	0.000000	
0.000000	0.816497	0.408252	0.408244	0.000000	
0.000000	0.408225	0.816510	0.408244	0.000000	
1.000000	0.000000	0.000000	0.000000	0.000000	
0.000000	0.000000	0.707107	0.707107	0.000000	
0.000000	0.816495	0.408251	0.000000	0.408248	
0.000000	0.000000	0.000000	0.707106	0.707107	
0.816497	0.000000	0.408252	0.408244	0.000000	
0.000000	0.000000	0.948683	0.316228	0.000000	
0.000000	0.316205	0.000000	0.948691	0.000000	
0.816496	0.408242	0.408255	0.000000	0.000000	
0.000000	0.671719	0.220874	0.500008	0.499999	
0.833737	0.000000	0.000000	0.408090	0.415128	
0.636699	0.641827	0.000000	0.000000	0.427402	
0.527021	0.527021	0.527009	0.000000	0.408362	
0.904632	0.285728	0.000000	0.316228	0.000000	
0.707960	0.000001	0.498915	0.500054	0.000000	
0.103390	0.307593	0.000000	0.036984	0.949641	
0.000000	0.000000	0.816497	0.408248	0.408248	
0.910884	0.000000	0.000000	0.053734	0.413978	
0.726019	0.556332	0.000000	0.000000	0.409050	
0.444398	0.000000	0.892957	0.071685	0.000000	
0.530108	0.476583	0.000000	0.697376	0.074999	
0.383944	0.000000	0.828205	0.408244	0.000000	
0.333912	0.336589	0.000000	0.000000	0.880532	
0.000000	0.265733	0.327711	0.004174	0.906628	
0.961280	0.000000	0.009046	0.275425	0.000000	
0.000000	0.519163	0.263027	0.828784	0.000000	
0.396723	0.096323	0.000000	0.408249	0.816496	
0.702882	0.077185	0.707107	0.000000	0.000000	
0.935951	0.000000	0.352213	0.000000	0.000000	
0.948680	0.316239	0.000000	0.000000	0.000000	
0.000000	0.995733	0.000000	0.114836	0.000000	
0.009411	0.038267	0.999223	0.000000	0.000000	
0.048123	0.947470	0.000000	0.000000	0.316231	
0.401031	0.415627	0.816608	0.000000	0.000000	
0.408224	0.000000	0.816509	0.000000	0.408248	
0.821395	0.000000	0.398301	0.000000	0.408248	
0.224383	0.223393	0.000000	0.000000	0.949872	
0.000302	0.000000	0.915239	0.000000	0.403319	
0.246224	0.322706	0.817665	0.408238	0.000000	
