0.816499	0.408244	0.000000	0.000000	0.408248	
0.316216	0.948687	0.000000	0.000000	0.000000	
0.000000	0.000000	0.948683	0.316228	0.000000	
0.000000	0.408249	0.000000	0.408249	0.816496	
0.000000	0.816495	0.408251	0.000000	0.408248	
0.316219	0.000000	0.000000	0.948686	0.000000	
0.000000	0.000000	0.316219	0.948686	0.000000	
0.408249	0.408249	0.000000	0.000000	0.816496	
0.000000	0.316219	0.000000	0.948686	0.000000	
0.000000	0.948683	0.000000	0.000000	0.316228	
0.000000	0.000000	0.000000	1.000000	0.000000	
0.000000	0.408240	0.816501	0.000000	0.408248	
0.816501	0.408245	0.000000	0.408244	0.000000	
0.000000	0.316227	0.948684	0.000000	0.000000	
0.000000	0.408251	0.000000	0.816495	0.408248	
0.316227	0.000000	0.948684	0.000000	0.000000	
0.000000	0.000000	0.707107	0.000000	0.707106	
0.000000	0.000000	0.000000	0.707107	0.707106	
0.816497	0.408243	0.408252	0.000000	0.000000	
0.000000	0.707107	0.000000	0.000000	0.707106	
0.000000	0.000000	1.000000	0.000000	0.000000	
0.000000	0.000000	0.000000	0.948683	0.316228	
0.000000	0.499996	0.499996	0.500008	0.499999	
0.000000	0.948681	0.316236	0.000000	0.000000	
0.000000	0.816497	0.000000	0.408248	0.408248	
0.000000	0.316229	0.000000	0.000000	0.948683	
0.707107	0.707107	0.000000	0.000000	0.000000	
0.948680	0.316239	0.000000	0.000000	0.000000	
0.000000	0.408249	0.408249	0.000000	0.816496	
0.408256	0.816495	0.000000	0.408244	0.000000	
0.408250	0.408250	0.000000	0.816495	0.000000	
0.408251	0.000000	0.000000	0.816495	0.408248	
0.000000	0.408250	0.408250	0.816495	0.000000	
0.816495	0.000000	0.408251	0.000000	0.408248	
0.000000	0.000000	0.948683	0.000000	0.316228	
0.000000	0.816497	0.408252	0.408244	0.000000	
0.499996	0.499996	0.000000	0.500008	0.499999	
0.408254	0.816492	0.408252	0.000000	0.000000	
0.948681	0.000000	0.316236	0.000000	0.000000	
0.000000	0.707107	0.707107	0.000000	0.000000	
0.000000	0.000000	0.000000	0.000000	1.000000	
0.000000	0.000000	0.316229	0.000000	0.948683	
0.707107	0.000000	0.000000	0.707107	0.000000	
0.000000	0.000000	0.707107	0.707107	0.000000	
0.316229	0.000000	0.000000	0.000000	0.948683	
0.816497	0.000000	0.408252	0.408244	0.000000	
0.000000	0.707107	0.000000	0.707107	0.000000	
0.408245	0.408245	0.816499	0.000000	0.000000	
0.948683	0.000000	0.000000	0.316228	0.000000	
0.408249	0.000000	0.000000	0.408249	0.816496	
0.408249	0.000000	0.408249	0.000000	0.816496	
0.000000	0.000000	0.408249	0.408249	0.816496	
0.000000	0.948683	0.000000	0.316228	0.000000	
1.000000	0.000000	0.000000	0.000000	0.000000	
0.500002	0.500002	0.499994	0.500003	0.000000	
0.408250	0.000000	0.408250	0.816495	0.000000	
0.707107	0.000000	0.000000	0.000000	0.707106	
0.948683	0.000000	0.000000	0.000000	0.316228	
0.000000	0.000000	0.000000	0.316229	0.948683	
0.707107	0.000000	0.707107	0.000000	0.000000	
0.000000	0.000000	0.816497	0.408248	0.408248	
0.816497	0.000000	0.000000	0.408248	0.408248	
0.408255	0.816493	0.000000	0.000000	0.408248	
0.000000	0.408240	0.816503	0.408244	0.000000	
0.408240	0.000000	0.816501	0.000000	0.408248	
0.499996	0.000000	0.499996	0.500008	0.499999	
0.000000	0.000000	0.408251	0.816495	0.408248	
0.500004	0.500004	0.499993	0.000000	0.499999	
0.408240	0.000000	0.816503	0.408244	0.000000	
0.000000	1.000000	0.000000	0.000000	0.000000	
0.000000	0.000000	0.316267	0.000000	0.948796	
0.000000	0.000000	0.000000	0.316285	0.948849	
0.000000	0.900137	0.000000	0.151946	0.408248	
0.147455	0.853945	0.000000	0.288461	0.408454	
0.999903	0.013914	0.000000	0.000000	0.000000	
0.408250	0.408250	0.000000	0.816495	0.000000	
0.316216	0.948687	0.000000	0.000000	0.000000	
0.163585	0.000198	0.804996	0.409059	0.410392	
0.811488	0.407172	0.419164	0.000000	0.000000	
0.818052	0.000000	0.000000	0.405136	0.408251	
0.364193	0.728370	0.582134	0.000000	0.000000	
0.003894	0.999992	0.000000	0.000000	0.000000	
0.894430	0.447209	0.000000	0.000000	0.000000	
0.137995	0.000000	0.294495	0.954030	0.000000	
0.000000	0.801994	0.598181	0.000000	0.000000	
0.308668	0.000000	0.308668	0.756809	0.500963	
0.816501	0.408245	0.000000	0.408244	0.000000	
0.153100	0.000000	0.156166	0.000000	0.984220	
0.051302	0.000000	0.000000	0.998683	0.000000	
0.824911	0.000000	0.396167	0.000000	0.409249	
0.499996	0.499996	0.000000	0.500008	0.499999	
0.000000	0.003248	0.912865	0.000000	0.408248	
0.000000	0.527414	0.527414	0.527427	0.407484	
0.317176	0.317176	0.893755	0.000000	0.000000	
0.548295	0.171728	0.056710	0.000000	0.816496	
0.000000	0.411946	0.411946	0.000000	0.814339	
0.000000	0.317199	0.948359	0.000000	0.000000	
0.390475	0.000000	0.426037	0.000000	0.817285	
0.443390	0.443390	0.443380	0.398426	0.501768	
0.411684	0.000000	0.405816	0.817517	0.000000	
