0.000000	0.463460	0.000000	0.463461	0.755254	
0.000000	0.948685	0.316224	0.000000	0.000000	
0.965040	0.000000	0.000000	0.000000	0.262104	
0.316220	0.000000	0.000000	0.948686	0.000000	
0.000000	0.965040	0.000000	0.000000	0.262104	
0.000000	0.000000	0.000000	1.000000	0.000000	
1.000000	0.000000	0.000000	0.000000	0.000000	
0.408248	0.816492	0.000000	0.408257	0.000000	
0.000000	0.408257	0.408258	0.816487	0.000000	
0.000000	0.000000	0.420150	0.840391	0.342370	
0.420169	0.000000	0.840381	0.000000	0.342370	
0.000000	0.522422	0.522422	0.522437	0.425688	
0.000000	1.000000	0.000000	0.000000	0.000000	
0.463460	0.000000	0.000000	0.463461	0.755254	
0.000000	0.463460	0.463461	0.000000	0.755254	
0.000000	0.000000	0.000000	0.000000	1.000000	
0.000000	0.707107	0.707107	0.000000	0.000000	
0.420200	0.000000	0.000000	0.840366	0.342370	
0.000000	0.816492	0.408248	0.408257	0.000000	
0.000000	0.000000	0.775241	0.000000	0.631665	
0.840372	0.000000	0.420188	0.000000	0.342370	
0.408237	0.816509	0.408234	0.000000	0.000000	
0.000000	0.000000	0.707107	0.707107	0.000000	
0.522424	0.522424	0.000000	0.522433	0.425688	
0.316241	0.000000	0.948679	0.000000	0.000000	
0.378640	0.000000	0.000000	0.000000	0.925544	
0.000000	0.000000	0.378640	0.000000	0.925544	
0.840364	0.420203	0.000000	0.000000	0.342370	
0.000000	0.000000	1.000000	0.000000	0.000000	
0.000000	0.840388	0.000000	0.420156	0.342370	
0.000000	0.000000	0.948686	0.316220	0.000000	
0.948686	0.000000	0.000000	0.316220	0.000000	
0.000000	0.408228	0.816502	0.408257	0.000000	
0.408257	0.000000	0.408258	0.816487	0.000000	
0.000000	0.000000	0.000000	0.378640	0.925544	
0.840388	0.000000	0.000000	0.420156	0.342370	
0.000000	0.378640	0.000000	0.000000	0.925544	
0.522424	0.000000	0.522424	0.522433	0.425688	
0.000000	0.420168	0.840382	0.000000	0.342370	
0.816485	0.408263	0.000000	0.408257	0.000000	
0.775241	0.000000	0.000000	0.000000	0.631665	
0.707107	0.000000	0.000000	0.707107	0.000000	
0.408229	0.000000	0.816501	0.408257	0.000000	
0.316183	0.948698	0.000000	0.000000	0.000000	
0.408231	0.408231	0.816514	0.000000	0.000000	
0.499948	0.499949	0.500016	0.500087	0.000000	
0.000000	0.316220	0.000000	0.948686	0.000000	
0.000000	0.840372	0.420188	0.000000	0.342370	
0.000000	0.000000	0.965040	0.000000	0.262104	
0.000000	0.420148	0.000000	0.840392	0.342370	
0.816494	0.408268	0.408234	0.000000	0.000000	
0.522439	0.522439	0.522403	0.000000	0.425688	
0.000000	0.000000	0.840397	0.420139	0.342370	
0.948683	0.000000	0.316229	0.000000	0.000000	
0.000000	0.000000	0.316219	0.948686	0.000000	
0.000000	0.000000	0.463461	0.463460	0.755254	
0.707107	0.000000	0.707107	0.000000	0.000000	
0.948688	0.316214	0.000000	0.000000	0.000000	
0.420172	0.840380	0.000000	0.000000	0.342370	
0.463460	0.000000	0.463461	0.000000	0.755254	
0.707107	0.707107	0.000000	0.000000	0.000000	
0.000000	0.707107	0.000000	0.707107	0.000000	
0.463460	0.463460	0.000000	0.000000	0.755254	
0.408257	0.408257	0.000000	0.816488	0.000000	
0.000000	0.775241	0.000000	0.000000	0.631665	
0.000000	0.948687	0.000000	0.316218	0.000000	
0.000000	0.000000	0.000000	0.965040	0.262104	
0.000000	0.000000	0.000000	0.775241	0.631665	
0.816492	0.000000	0.408248	0.408257	0.000000	
0.000000	0.316241	0.948679	0.000000	0.000000	
0.731663	0.413425	0.000000	0.420156	0.342370	
0.000000	0.000000	0.811197	0.398177	0.430839	
0.053165	0.705105	0.707107	0.000000	0.000926	
0.471421	0.000000	0.527032	0.707107	0.000000	
0.954115	0.000000	0.161602	0.000000	0.252101	
0.000000	0.664441	0.000000	0.001204	0.748852	
0.000000	0.005855	0.000000	1.003359	0.000000	
0.043027	0.042881	0.933093	0.000000	0.356848	
0.994816	0.000000	0.101689	0.000000	0.000000	
0.406637	0.000000	0.663016	0.000000	0.660410	
0.852783	0.000000	0.000000	0.306952	0.423949	
0.463534	0.000000	0.000000	0.463534	0.755374	
0.000000	0.705020	0.000000	0.709187	0.000000	
0.037552	0.001866	0.000000	0.749018	0.662021	
0.000000	0.374596	0.861661	0.000000	0.342370	
0.978519	0.226209	0.000000	0.000000	0.000000	
0.000000	0.000000	1.000000	0.000000	0.000000	
0.886898	0.000000	0.443451	0.136100	0.000000	
0.705164	0.709045	0.000000	0.000000	0.000000	
0.061733	0.937535	0.000000	0.000000	0.342370	
0.658396	0.000000	0.663631	0.000000	0.356608	
0.161978	0.043196	0.364937	0.803289	0.440290	
0.654423	0.006504	0.462832	0.462898	0.380081	
0.197709	0.009954	0.322770	0.000000	0.925545	
0.200891	0.000000	0.244207	0.948686	0.000000	
0.000000	0.000000	0.775330	0.000000	0.631737	
0.000000	0.000000	0.000000	0.965912	0.262341	
0.844489	0.411851	0.000000	0.000000	0.342370	
0.576885	0.000000	0.722530	0.413495	0.000000	
0.912728	0.000001	0.000000	0.408568	0.000000	
