0.000000	0.420197	0.000000	0.840367	0.342370	
0.000000	0.000000	0.316220	0.948686	0.000000	
0.000000	0.316220	0.000000	0.948686	0.000000	
0.948686	0.000000	0.000000	0.316221	0.000000	
0.965040	0.000000	0.000000	0.000000	0.262104	
0.000000	0.000000	1.000000	0.000000	0.000000	
0.840388	0.000000	0.000000	0.420156	0.342370	
1.000000	0.000000	0.000000	0.000000	0.000000	
0.775241	0.000000	0.000000	0.000000	0.631665	
0.000000	0.000000	0.000000	0.000000	1.000000	
0.000000	0.000000	0.000000	1.000000	0.000000	
0.463461	0.000000	0.463460	0.000000	0.755254	
0.707107	0.000000	0.707107	0.000000	0.000000	
0.316220	0.000000	0.000000	0.948686	0.000000	
0.000000	0.000000	0.463460	0.463461	0.755254	
0.408231	0.408231	0.816514	0.000000	0.000000	
0.420169	0.000000	0.840381	0.000000	0.342370	
0.000000	0.000000	0.000000	0.775241	0.631665	
0.408257	0.000000	0.408258	0.816487	0.000000	
0.000000	0.948686	0.000000	0.316221	0.000000	
0.816485	0.408263	0.000000	0.408257	0.000000	
0.000000	0.378640	0.000000	0.000000	0.925544	
0.000000	0.420168	0.840382	0.000000	0.342370	
0.000000	0.408257	0.408258	0.816487	0.000000	
0.000000	0.000000	0.775241	0.000000	0.631665	
0.000000	0.840388	0.000000	0.420156	0.342370	
0.000000	0.463460	0.000000	0.463461	0.755254	
0.000000	0.000000	0.420742	0.841455	0.342813	
0.000000	1.000000	0.000000	0.000000	0.000000	
0.000000	0.316241	0.948679	0.000000	0.000000	
0.420188	0.840372	0.000000	0.000000	0.342370	
0.000000	0.816492	0.408248	0.408257	0.000000	
0.948688	0.316214	0.000000	0.000000	0.000000	
0.000000	0.000000	0.000000	0.378640	0.925544	
0.499948	0.499949	0.500016	0.500087	0.000000	
0.378640	0.000000	0.000000	0.000000	0.925544	
0.707107	0.707107	0.000000	0.000000	0.000000	
0.000000	0.000000	0.000000	0.965040	0.262104	
0.316241	0.000000	0.948679	0.000000	0.000000	
0.000000	0.408237	0.816497	0.408257	0.000000	
0.463460	0.463460	0.000000	0.000000	0.755254	
0.948683	0.000000	0.316229	0.000000	0.000000	
0.816494	0.408268	0.408234	0.000000	0.000000	
0.000000	0.707107	0.707107	0.000000	0.000000	
0.408257	0.408257	0.000000	0.816488	0.000000	
0.420197	0.000000	0.000000	0.840367	0.342370	
0.522428	0.000000	0.522428	0.522425	0.425688	
0.840372	0.000000	0.420188	0.000000	0.342370	
0.408237	0.000000	0.816497	0.408257	0.000000	
0.408237	0.816509	0.408234	0.000000	0.000000	
0.000000	0.463460	0.463461	0.000000	0.755254	
0.522428	0.522428	0.000000	0.522424	0.425688	
0.707107	0.000000	0.000000	0.707107	0.000000	
0.000000	0.000000	0.965040	0.000000	0.262104	
0.816492	0.000000	0.408248	0.408257	0.000000	
0.408248	0.816492	0.000000	0.408257	0.000000	
0.000000	0.965040	0.000000	0.000000	0.262104	
0.000000	0.707107	0.000000	0.707107	0.000000	
0.000000	0.000000	0.948686	0.316221	0.000000	
0.840364	0.420203	0.000000	0.000000	0.342370	
0.000000	0.000000	0.840388	0.420156	0.342370	
0.463460	0.000000	0.000000	0.463461	0.755254	
0.522439	0.522439	0.522403	0.000000	0.425688	
0.000000	0.948685	0.316224	0.000000	0.000000	
0.000000	0.840372	0.420188	0.000000	0.342370	
0.000000	0.775241	0.000000	0.000000	0.631665	
0.316197	0.948694	0.000000	0.000000	0.000000	
0.000000	0.000000	0.707107	0.707107	0.000000	
0.000000	0.522422	0.522422	0.522437	0.425688	
0.000000	0.000000	0.378640	0.000000	0.925544	
0.000000	0.035768	0.706201	0.707107	0.000000	
0.163444	0.985927	0.000000	0.000000	0.037920	
0.524511	0.000000	0.524511	0.524507	0.427385	
0.577333	0.000000	0.005889	0.816487	0.000000	
0.000000	0.704447	0.000000	0.713729	0.000000	
0.005799	0.940752	0.000000	0.000000	0.342809	
0.000000	0.744130	0.000000	0.522832	0.428013	
0.035418	0.009401	0.274165	0.010816	0.960958	
0.912932	0.033859	0.000000	0.407799	0.000000	
0.000000	0.000000	0.869790	0.355315	0.342370	
0.149227	0.297225	0.943074	0.000000	0.000000	
0.420170	0.000000	0.840383	0.000000	0.342371	
0.000000	0.658758	0.000000	0.000000	0.752543	
0.055890	0.416486	0.840482	0.000000	0.342061	
0.939509	0.000000	0.000000	0.039830	0.342657	
0.740625	0.000000	0.519732	0.000000	0.427561	
0.093213	0.024636	0.721349	0.000001	0.685875	
0.175278	0.330004	0.000000	0.658453	0.708136	
0.713857	0.000000	0.703000	0.000000	0.000000	
0.417290	0.202197	0.000000	0.499761	0.785574	
0.792555	0.264172	0.000000	0.000000	0.549609	
0.000000	0.000000	0.965817	0.000000	0.262315	
0.000000	0.000000	0.420150	0.840391	0.342370	
0.616962	0.000000	0.264647	0.000000	0.742976	
0.816738	0.000000	0.407757	0.408257	0.000000	
0.893428	0.000019	0.499263	0.013155	0.011510	
0.000000	0.504223	0.281769	0.816839	0.011250	
0.906438	0.422699	0.000000	0.052513	0.000000	
0.004333	0.001150	0.035505	0.269821	0.962280	
0.010419	0.011656	0.947992	0.317909	0.000000	
