0.000000	0.816492	0.408248	0.408257	0.000000	
0.000000	0.707107	0.000000	0.707107	0.000000	
0.316220	0.000000	0.948686	0.000000	0.000000	
0.000000	0.707107	0.707107	0.000000	0.000000	
0.408252	0.816502	0.408234	0.000000	0.000000	
0.707107	0.707107	0.000000	0.000000	0.000000	
0.707107	0.000000	0.000000	0.707107	0.000000	
0.000000	0.965040	0.000000	0.000000	0.262104	
0.000000	0.840388	0.000000	0.420156	0.342370	
0.000000	0.000000	0.378640	0.000000	0.925544	
0.000000	0.000000	0.965040	0.000000	0.262104	
0.000000	0.420197	0.000000	0.840367	0.342370	
0.000000	0.840372	0.420188	0.000000	0.342370	
0.775241	0.000000	0.000000	0.000000	0.631665	
0.463460	0.000000	0.000000	0.463461	0.755254	
0.000000	0.000000	0.420189	0.840372	0.342369	
0.378640	0.000000	0.000000	0.000000	0.925544	
0.316197	0.948694	0.000000	0.000000	0.000000	
0.000000	0.463460	0.000000	0.463461	0.755254	
0.420169	0.000000	0.840381	0.000000	0.342370	
0.000000	0.948686	0.000000	0.316221	0.000000	
0.000000	0.000000	0.316220	0.948686	0.000000	
0.000000	0.000000	0.000000	0.000000	1.000000	
0.499984	0.499984	0.499945	0.500087	0.000000	
0.000000	0.000000	0.000000	0.965040	0.262104	
0.000000	0.000000	1.000000	0.000000	0.000000	
0.000000	0.316220	0.948686	0.000000	0.000000	
0.000000	0.408256	0.408256	0.816489	0.000000	
0.463460	0.463460	0.000000	0.000000	0.755254	
0.000000	0.463461	0.463460	0.000000	0.755254	
0.816485	0.408263	0.000000	0.408257	0.000000	
0.000000	0.948685	0.316224	0.000000	0.000000	
0.000000	0.000000	0.775241	0.000000	0.631665	
0.408248	0.816492	0.000000	0.408257	0.000000	
0.522428	0.000000	0.522428	0.522425	0.425688	
0.000000	0.316220	0.000000	0.948686	0.000000	
0.522439	0.522439	0.522403	0.000000	0.425688	
0.948686	0.000000	0.000000	0.316221	0.000000	
0.420187	0.840372	0.000000	0.000000	0.342370	
0.000000	0.000000	0.000000	1.000000	0.000000	
0.816494	0.408268	0.408234	0.000000	0.000000	
0.816500	0.000000	0.408251	0.408240	0.000000	
0.408256	0.408256	0.000000	0.816489	0.000000	
0.000000	0.000000	0.463460	0.463461	0.755254	
0.424865	0.000000	0.000000	0.849723	0.346180	
0.463461	0.000000	0.463460	0.000000	0.755254	
0.840364	0.420203	0.000000	0.000000	0.342369	
0.000000	0.775241	0.000000	0.000000	0.631665	
0.000000	0.000000	0.707107	0.707107	0.000000	
0.948688	0.316214	0.000000	0.000000	0.000000	
0.000000	0.000000	0.000000	0.775241	0.631665	
0.316220	0.000000	0.000000	0.948686	0.000000	
0.965040	0.000000	0.000000	0.000000	0.262104	
0.000000	0.000000	0.948686	0.316221	0.000000	
1.000000	0.000000	0.000000	0.000000	0.000000	
0.408231	0.408231	0.816514	0.000000	0.000000	
0.000000	0.408237	0.816497	0.408257	0.000000	
0.000000	0.000000	0.000000	0.378640	0.925544	
0.408256	0.000000	0.408256	0.816489	0.000000	
0.840388	0.000000	0.000000	0.420156	0.342370	
0.522428	0.522428	0.000000	0.522425	0.425688	
0.707107	0.000000	0.707107	0.000000	0.000000	
0.000000	1.000000	0.000000	0.000000	0.000000	
0.000000	0.420168	0.840382	0.000000	0.342369	
0.840372	0.000000	0.420188	0.000000	0.342369	
0.000000	0.522428	0.522428	0.522425	0.425688	
0.000000	0.000000	0.840380	0.420172	0.342370	
0.000000	0.378640	0.000000	0.000000	0.925544	
0.948683	0.000000	0.316229	0.000000	0.000000	
0.408237	0.000000	0.816497	0.408257	0.000000	
0.003751	0.320827	0.947130	0.000000	0.000000	
0.813753	0.406897	0.415019	0.000000	0.000000	
0.380126	0.000000	0.855246	0.000000	0.352922	
0.463460	0.463460	0.000000	0.000000	0.755254	
0.008200	0.008121	0.652633	0.678869	0.343172	
0.000000	0.269719	0.000000	0.809181	0.521994	
0.171892	0.000000	0.000000	0.174270	0.974723	
0.905215	0.000000	0.000000	0.019899	0.425953	
0.000000	0.000000	0.471909	0.471910	0.769023	
0.000000	0.950004	0.000000	0.312237	0.000000	
0.948688	0.316214	0.000000	0.000000	0.000000	
0.646663	0.648141	0.000000	0.409464	0.000000	
0.230631	0.227303	0.954602	0.000000	0.000000	
0.949993	0.100220	0.304854	0.000000	0.000000	
0.438065	0.030615	0.000000	0.840911	0.345686	
1.000000	0.000000	0.000000	0.000000	0.000000	
0.244144	0.000000	0.000000	0.000000	0.972193	
0.457670	0.228846	0.755143	0.409788	0.000000	
0.840372	0.000000	0.420188	0.000000	0.342369	
0.000000	0.999653	0.000000	0.036917	0.000000	
0.599615	0.600751	0.402910	0.000000	0.342379	
0.577326	0.000000	0.816514	0.000000	0.000000	
0.370046	0.928880	0.000000	0.015778	0.000000	
0.005386	0.000041	0.671739	0.000000	0.748338	
0.840388	0.000000	0.000000	0.420156	0.342370	
0.152843	0.599673	0.159392	0.232774	0.774021	
0.816693	0.000000	0.408348	0.407929	0.000000	
0.033313	0.000000	0.932924	0.014731	0.358225	
0.844305	0.089387	0.000000	0.528355	0.000000	
0.408231	0.408231	0.816514	0.000000	0.000000	
