0.408256	0.000000	0.408256	0.816489	0.000000	
0.000000	0.000000	0.000000	0.000000	1.000000	
0.000000	0.316224	0.000000	0.948685	0.000000	
0.948688	0.316214	0.000000	0.000000	0.000000	
0.000000	0.000000	0.000000	1.000000	0.000000	
0.463461	0.000000	0.463460	0.000000	0.755254	
0.000000	0.775241	0.000000	0.000000	0.631665	
0.000000	0.000000	0.000000	0.965040	0.262104	
0.499994	0.499994	0.499955	0.500056	0.000000	
0.316220	0.000000	0.948686	0.000000	0.000000	
0.522445	0.522445	0.522410	0.000000	0.425664	
0.000000	0.000000	0.463460	0.463461	0.755254	
0.408252	0.816502	0.408234	0.000000	0.000000	
0.522435	0.522435	0.000000	0.522431	0.425664	
0.463460	0.000000	0.000000	0.463461	0.755254	
0.000000	0.948683	0.316228	0.000000	0.000000	
0.000000	0.463460	0.000000	0.463461	0.755254	
0.775241	0.000000	0.000000	0.000000	0.631665	
0.316224	0.000000	0.000000	0.948685	0.000000	
0.000000	0.000000	0.707107	0.707107	0.000000	
0.000000	0.000000	0.420189	0.840372	0.342368	
0.965040	0.000000	0.000000	0.000000	0.262104	
0.707107	0.000000	0.000000	0.707107	0.000000	
0.816491	0.408264	0.000000	0.408245	0.000000	
0.000000	0.522428	0.522428	0.522425	0.425688	
0.707107	0.000000	0.707107	0.000000	0.000000	
0.948686	0.000000	0.000000	0.316221	0.000000	
0.000000	0.000000	0.775241	0.000000	0.631665	
0.816500	0.408257	0.408234	0.000000	0.000000	
1.000000	0.000000	0.000000	0.000000	0.000000	
0.948683	0.000000	0.316228	0.000000	0.000000	
0.000000	0.707107	0.707107	0.000000	0.000000	
0.000000	0.378640	0.000000	0.000000	0.925544	
0.000000	0.420189	0.000000	0.840372	0.342368	
0.000000	0.420178	0.840378	0.000000	0.342368	
0.000000	0.316220	0.948686	0.000000	0.000000	
0.000000	0.463461	0.463460	0.000000	0.755254	
0.463460	0.463460	0.000000	0.000000	0.755254	
0.378640	0.000000	0.000000	0.000000	0.925544	
0.000000	0.000000	0.965040	0.000000	0.262104	
0.840365	0.420204	0.000000	0.000000	0.342368	
0.420187	0.840373	0.000000	0.000000	0.342368	
0.420178	0.000000	0.840378	0.000000	0.342368	
0.000000	0.707107	0.000000	0.707107	0.000000	
0.000000	0.408240	0.816502	0.408245	0.000000	
0.840368	0.000000	0.000000	0.420197	0.342368	
0.000000	0.000000	0.000000	0.775241	0.631665	
0.316248	0.948676	0.000000	0.000000	0.000000	
0.420189	0.000000	0.000000	0.840372	0.342368	
0.000000	0.000000	0.840368	0.420197	0.342368	
0.408241	0.000000	0.816502	0.408245	0.000000	
0.408256	0.408256	0.000000	0.816489	0.000000	
0.000000	0.000000	1.000000	0.000000	0.000000	
0.000000	0.000000	0.948686	0.316221	0.000000	
0.816497	0.000000	0.408250	0.408245	0.000000	
0.000000	0.000000	0.378640	0.000000	0.925544	
0.000000	0.000000	0.316224	0.948685	0.000000	
0.408231	0.408231	0.816514	0.000000	0.000000	
0.000000	0.840368	0.000000	0.420197	0.342368	
0.840373	0.000000	0.420188	0.000000	0.342368	
0.000000	0.000000	0.000000	0.378640	0.925544	
0.522428	0.000000	0.522428	0.522425	0.425688	
0.000000	0.816498	0.408250	0.408244	0.000000	
0.000000	0.408256	0.408256	0.816489	0.000000	
0.707107	0.707107	0.000000	0.000000	0.000000	
0.408250	0.816498	0.000000	0.408244	0.000000	
0.000000	0.965040	0.000000	0.000000	0.262104	
0.000000	1.000000	0.000000	0.000000	0.000000	
0.000000	0.948686	0.000000	0.316221	0.000000	
0.000000	0.840373	0.420188	0.000000	0.342368	
0.070387	0.007848	0.997489	0.000000	0.000000	
0.091772	0.769790	0.000000	0.000000	0.631665	
0.361140	0.000000	0.000000	0.000000	0.932511	
0.445039	0.890077	0.000000	0.000000	0.098507	
0.591161	0.000000	0.598760	0.547882	0.000000	
0.000000	0.000000	0.921894	0.419487	0.000000	
0.011435	0.000000	0.000000	0.778076	0.628066	
0.032343	0.771895	0.546254	0.000000	0.341724	
0.705811	0.705811	0.060417	0.003394	0.000000	
0.902481	0.126133	0.407507	0.000000	0.059638	
0.031935	0.715123	0.698943	0.000000	0.000000	
0.396835	0.000000	0.000000	0.918365	0.000000	
0.628510	0.000000	0.000000	0.788741	0.000000	
0.425892	0.357824	0.000000	0.556257	0.619006	
0.000000	0.296845	0.000000	0.592537	0.748854	
0.485336	0.452958	0.663868	0.000000	0.344322	
0.000000	0.249809	0.807165	0.422482	0.344229	
0.924569	0.276539	0.000883	0.000000	0.262104	
0.256243	0.263544	0.000000	0.823345	0.432420	
0.010642	0.000025	0.899069	0.000000	0.437677	
0.000467	0.999181	0.040449	0.000000	0.000000	
0.000000	0.316224	0.000000	0.948685	0.000000	
0.000000	0.707107	0.000000	0.707107	0.000052	
0.000000	0.378640	0.000000	0.000000	0.925544	
0.325381	0.000000	0.945695	0.007244	0.000000	
0.999910	0.000781	0.014253	0.000000	0.000000	
0.301396	0.566602	0.641777	0.419815	0.000000	
0.920647	0.187517	0.000000	0.005500	0.342368	
0.765641	0.000000	0.000000	0.000000	0.643742	
0.912520	0.000000	0.000000	0.409032	0.000000	
