0.000000	0.000000	0.000000	0.000000	1.000000	
0.000000	0.000000	0.378640	0.000000	0.925544	
0.000000	0.316220	0.000000	0.948686	0.000000	
0.000000	0.707107	0.707107	0.000000	0.000000	
0.463460	0.463460	0.000000	0.000000	0.755254	
0.420189	0.000000	0.000000	0.840372	0.342368	
0.000000	0.965040	0.000000	0.000000	0.262104	
0.408241	0.000000	0.816503	0.408244	0.000000	
0.000000	0.463461	0.463460	0.000000	0.755254	
0.948683	0.000000	0.316228	0.000000	0.000000	
0.000000	1.000000	0.000000	0.000000	0.000000	
0.316220	0.000000	0.948686	0.000000	0.000000	
0.000000	0.000000	0.000000	0.965040	0.262104	
0.522428	0.000000	0.522428	0.522425	0.425688	
0.522428	0.522428	0.000000	0.522425	0.425688	
0.000000	0.775241	0.000000	0.000000	0.631665	
0.000000	0.000000	0.965040	0.000000	0.262104	
0.000000	0.840387	0.000000	0.420157	0.342370	
0.000000	0.000000	1.000000	0.000000	0.000000	
0.000000	0.378640	0.000000	0.000000	0.925544	
0.000000	0.000000	0.000000	0.775241	0.631665	
0.000000	0.316220	0.948686	0.000000	0.000000	
0.840364	0.420203	0.000000	0.000000	0.342369	
0.816497	0.000000	0.408250	0.408245	0.000000	
0.499984	0.499984	0.499945	0.500087	0.000000	
0.816494	0.408268	0.408234	0.000000	0.000000	
0.000000	0.408240	0.816503	0.408244	0.000000	
0.840367	0.000000	0.000000	0.420198	0.342369	
0.420177	0.000000	0.840378	0.000000	0.342368	
0.378640	0.000000	0.000000	0.000000	0.925544	
0.948688	0.316214	0.000000	0.000000	0.000000	
0.000000	0.000000	0.948686	0.316221	0.000000	
0.000000	0.948686	0.000000	0.316221	0.000000	
0.522439	0.522439	0.522403	0.000000	0.425688	
0.420187	0.840373	0.000000	0.000000	0.342368	
0.316248	0.948676	0.000000	0.000000	0.000000	
0.000000	0.816498	0.408251	0.408244	0.000000	
0.408256	0.000000	0.408256	0.816489	0.000000	
0.707107	0.707107	0.000000	0.000000	0.000000	
1.000000	0.000000	0.000000	0.000000	0.000000	
0.948686	0.000000	0.000000	0.316221	0.000000	
0.816490	0.408266	0.000000	0.408244	0.000000	
0.965040	0.000000	0.000000	0.000000	0.262104	
0.000000	0.000000	0.000000	0.378640	0.925544	
0.316223	0.000000	0.000000	0.948685	0.000000	
0.000000	0.840372	0.420188	0.000000	0.342369	
0.000000	0.000000	0.775241	0.000000	0.631665	
0.000000	0.707107	0.000000	0.707107	0.000000	
0.000000	0.000000	0.316223	0.948685	0.000000	
0.000000	0.522428	0.522428	0.522425	0.425688	
0.408250	0.816498	0.000000	0.408244	0.000000	
0.840372	0.000000	0.420188	0.000000	0.342369	
0.408252	0.816502	0.408234	0.000000	0.000000	
0.000000	0.463460	0.000000	0.463461	0.755254	
0.000000	0.420190	0.000000	0.840374	0.342370	
0.000000	0.000000	0.420189	0.840372	0.342369	
0.000000	0.420169	0.840382	0.000000	0.342369	
0.000000	0.000000	0.000000	1.000000	0.000000	
0.408231	0.408231	0.816514	0.000000	0.000000	
0.775241	0.000000	0.000000	0.000000	0.631665	
0.707107	0.000000	0.000000	0.707107	0.000000	
0.000000	0.000000	0.463460	0.463461	0.755254	
0.463461	0.000000	0.463460	0.000000	0.755254	
0.000000	0.948683	0.316228	0.000000	0.000000	
0.463460	0.000000	0.000000	0.463461	0.755254	
0.000000	0.000000	0.840380	0.420172	0.342369	
0.408256	0.408256	0.000000	0.816489	0.000000	
0.000000	0.000000	0.707107	0.707107	0.000000	
0.707107	0.000000	0.707107	0.000000	0.000000	
0.000000	0.408256	0.408256	0.816489	0.000000	
0.722839	0.000000	0.508020	0.510211	0.000000	
0.002482	0.000000	0.842245	0.000000	0.544404	
0.000000	0.408256	0.408256	0.816489	0.000000	
0.000000	0.000000	0.948686	0.316221	0.000000	
0.000000	0.568152	0.645600	0.281168	0.425851	
0.294398	0.589569	0.000000	0.658985	0.362598	
0.503376	0.000000	0.772172	0.387767	0.000000	
0.517066	0.256882	0.000000	0.816489	0.000000	
0.013814	0.000298	0.744871	0.513617	0.425698	
0.469396	0.469396	0.757470	0.070574	0.000000	
0.000000	0.000000	0.829448	0.571835	0.000000	
0.736077	0.600796	0.000000	0.311824	0.000000	
0.774544	0.040202	0.000000	0.000000	0.631946	
0.041262	0.580612	0.582708	0.582386	0.000000	
0.423089	0.000000	0.715214	0.367919	0.418432	
0.684668	0.365592	0.000000	0.000000	0.630533	
0.649229	0.679180	0.000000	0.000000	0.342369	
0.315366	0.946029	0.000000	0.074653	0.000000	
0.305786	0.144813	0.515399	0.201569	0.776864	
0.000000	0.000000	0.420503	0.840999	0.342625	
0.704508	0.000000	0.000000	0.710301	0.000000	
0.658823	0.658823	0.349036	0.100393	0.000113	
0.910042	0.000000	0.000000	0.407232	0.077369	
1.000000	0.000000	0.000000	0.000000	0.000360	
0.013722	0.002585	0.000000	0.999903	0.000000	
0.027017	0.845748	0.000000	0.409041	0.342474	
0.706237	0.706237	0.000000	0.060878	0.000000	
0.065984	0.523902	0.000000	0.000000	0.860550	
0.894426	0.000000	0.447215	0.000000	0.000000	
0.796719	0.398790	0.454099	0.000000	0.000000	
