0.463461	0.000000	0.463460	0.000000	0.755254	
0.000000	0.420169	0.840382	0.000000	0.342369	
0.499984	0.499984	0.499945	0.500087	0.000000	
0.707107	0.000000	0.000000	0.707107	0.000000	
0.000000	0.000000	0.000000	0.775241	0.631665	
0.463460	0.463460	0.000000	0.000000	0.755254	
0.316223	0.000000	0.000000	0.948685	0.000000	
0.000000	0.316220	0.948686	0.000000	0.000000	
0.000000	0.000000	0.000000	0.000000	1.000000	
0.522428	0.522428	0.000000	0.522425	0.425688	
0.000000	0.408256	0.408256	0.816489	0.000000	
0.000000	0.000000	0.775241	0.000000	0.631665	
0.000000	0.000000	0.378640	0.000000	0.925544	
0.707107	0.707107	0.000000	0.000000	0.000000	
0.316197	0.948694	0.000000	0.000000	0.000000	
0.840364	0.420203	0.000000	0.000000	0.342369	
0.000000	0.000000	0.316223	0.948685	0.000000	
0.000000	0.000000	0.840380	0.420172	0.342369	
0.463460	0.000000	0.000000	0.463461	0.755254	
0.840367	0.000000	0.000000	0.420198	0.342369	
0.522439	0.522439	0.522403	0.000000	0.425688	
0.000000	0.408240	0.816503	0.408244	0.000000	
0.816490	0.408266	0.000000	0.408244	0.000000	
0.000000	0.316220	0.000000	0.948686	0.000000	
0.000000	0.948683	0.316228	0.000000	0.000000	
0.000000	0.000000	0.000000	0.965040	0.262104	
0.000000	0.000000	1.000000	0.000000	0.000000	
0.000000	0.840372	0.420188	0.000000	0.342369	
0.000000	0.000000	0.707107	0.707107	0.000000	
0.408256	0.000000	0.408256	0.816489	0.000000	
0.408241	0.000000	0.816503	0.408244	0.000000	
0.948688	0.316214	0.000000	0.000000	0.000000	
0.522428	0.000000	0.522428	0.522425	0.425688	
0.408252	0.816502	0.408234	0.000000	0.000000	
0.420189	0.000000	0.000000	0.840372	0.342369	
0.000000	0.522428	0.522428	0.522425	0.425688	
0.775241	0.000000	0.000000	0.000000	0.631665	
0.000000	1.000000	0.000000	0.000000	0.000000	
0.000000	0.775241	0.000000	0.000000	0.631665	
0.840372	0.000000	0.420188	0.000000	0.342369	
0.816494	0.408268	0.408234	0.000000	0.000000	
0.000000	0.965040	0.000000	0.000000	0.262104	
0.965040	0.000000	0.000000	0.000000	0.262104	
0.408250	0.816498	0.000000	0.408244	0.000000	
0.000000	0.000000	0.463460	0.463461	0.755254	
0.420187	0.840373	0.000000	0.000000	0.342369	
0.408256	0.408256	0.000000	0.816489	0.000000	
0.707107	0.000000	0.707107	0.000000	0.000000	
0.000000	0.816493	0.408248	0.408256	0.000000	
0.000000	0.948686	0.000000	0.316221	0.000000	
0.000000	0.000000	0.420189	0.840372	0.342369	
0.000000	0.463461	0.463460	0.000000	0.755254	
0.000000	0.000000	0.000000	1.000000	0.000000	
0.000000	0.707107	0.707107	0.000000	0.000000	
0.000000	0.463460	0.000000	0.463461	0.755254	
0.000000	0.000000	0.000000	0.378640	0.925544	
1.000000	0.000000	0.000000	0.000000	0.000000	
0.948686	0.000000	0.000000	0.316221	0.000000	
0.316220	0.000000	0.948686	0.000000	0.000000	
0.408231	0.408231	0.816514	0.000000	0.000000	
0.000000	0.840387	0.000000	0.420157	0.342370	
0.816498	0.000000	0.408250	0.408244	0.000000	
0.000000	0.000000	0.948686	0.316221	0.000000	
0.948683	0.000000	0.316228	0.000000	0.000000	
0.000000	0.000000	0.965040	0.000000	0.262104	
0.420177	0.000000	0.840378	0.000000	0.342369	
0.000000	0.420398	0.000000	0.840790	0.342540	
0.000000	0.378640	0.000000	0.000000	0.925544	
0.000000	0.707107	0.000000	0.707107	0.000000	
0.378640	0.000000	0.000000	0.000000	0.925544	
0.000000	0.000000	0.378640	0.000000	0.925544	
0.000000	0.420169	0.840382	0.000000	0.342369	
0.000396	0.000142	0.460748	0.921490	0.000878	
0.153222	0.000000	0.937592	0.316669	0.000000	
0.000000	0.101722	0.647780	0.000000	0.755583	
0.111030	0.944840	0.000000	0.322769	0.000000	
0.404878	0.000000	0.809778	0.404882	0.128077	
0.000000	0.654443	0.000000	0.000000	0.756776	
0.000000	0.825056	0.565051	0.000000	0.000000	
0.695709	0.003767	0.000000	0.695719	0.178892	
0.030332	0.267549	0.907894	0.321290	0.000000	
0.599909	0.000000	0.000000	0.513665	0.613542	
0.440136	0.012000	0.000000	0.898116	0.000000	
0.001716	0.036156	0.419083	0.841280	0.342739	
0.000000	0.547986	0.547986	0.631999	0.000000	
0.025573	0.504979	0.862753	0.000000	0.000000	
0.947718	0.318701	0.000000	0.016106	0.000000	
0.000000	0.350474	0.350474	0.000000	0.868525	
0.403127	0.000000	0.401760	0.822858	0.000000	
0.960030	0.001008	0.274584	0.000000	0.054265	
0.579509	0.000000	0.814966	0.000000	0.000000	
0.000000	0.057944	0.730452	0.703646	0.000000	
0.036151	0.000005	0.998201	0.047824	0.000000	
0.342623	0.000000	0.695420	0.000000	0.631665	
0.328378	0.151045	0.190356	0.847409	0.342796	
0.024397	0.939288	0.000000	0.000000	0.342383	
0.816494	0.408268	0.408234	0.000000	0.000000	
0.409967	0.406844	0.000000	0.816794	0.000000	
0.446637	0.000000	0.893297	0.050368	0.000000	
0.476870	0.787684	0.186905	0.000052	0.342369	
