0.000000	0.463461	0.463460	0.000000	0.755254	
0.378640	0.000000	0.000000	0.000000	0.925544	
0.948688	0.316214	0.000000	0.000000	0.000000	
0.420187	0.840373	0.000000	0.000000	0.342368	
0.408241	0.000000	0.816502	0.408245	0.000000	
0.000000	0.000000	0.000000	0.378640	0.925544	
0.316248	0.948676	0.000000	0.000000	0.000000	
0.000000	0.816498	0.408250	0.408244	0.000000	
0.000000	0.948686	0.000000	0.316221	0.000000	
0.707107	0.000000	0.707107	0.000000	0.000000	
0.000000	0.000000	0.378640	0.000000	0.925544	
0.408231	0.408231	0.816514	0.000000	0.000000	
0.000000	0.408240	0.816502	0.408245	0.000000	
0.000000	0.000000	0.840368	0.420197	0.342368	
0.408256	0.408256	0.000000	0.816489	0.000000	
0.408252	0.816502	0.408234	0.000000	0.000000	
0.000000	0.000000	0.707107	0.707107	0.000000	
0.000000	0.408256	0.408256	0.816489	0.000000	
0.463460	0.000000	0.000000	0.463461	0.755254	
0.000000	0.522428	0.522428	0.522425	0.425688	
0.816491	0.408264	0.000000	0.408245	0.000000	
0.000000	0.000000	0.000000	0.000000	1.000000	
0.000000	0.000000	0.000000	0.965040	0.262104	
0.816500	0.408257	0.408234	0.000000	0.000000	
0.840368	0.000000	0.000000	0.420197	0.342368	
0.000000	0.463460	0.000000	0.463461	0.755254	
0.816497	0.000000	0.408250	0.408245	0.000000	
0.000000	0.000000	0.775241	0.000000	0.631665	
0.000000	0.840373	0.420188	0.000000	0.342368	
0.463460	0.463460	0.000000	0.000000	0.755254	
0.000000	0.707107	0.707107	0.000000	0.000000	
0.316220	0.000000	0.948686	0.000000	0.000000	
0.499994	0.499994	0.499955	0.500056	0.000000	
0.522428	0.000000	0.522428	0.522425	0.425688	
0.775241	0.000000	0.000000	0.000000	0.631665	
0.000000	0.775241	0.000000	0.000000	0.631665	
0.000000	0.316220	0.948686	0.000000	0.000000	
0.840365	0.420204	0.000000	0.000000	0.342368	
0.408250	0.816498	0.000000	0.408244	0.000000	
0.000000	0.707107	0.000000	0.707107	0.000000	
0.000000	0.000000	0.965040	0.000000	0.262104	
0.420178	0.000000	0.840378	0.000000	0.342368	
1.000000	0.000000	0.000000	0.000000	0.000000	
0.000000	0.840368	0.000000	0.420197	0.342368	
0.000000	0.000000	0.000000	0.775241	0.631665	
0.000000	0.948683	0.316228	0.000000	0.000000	
0.000000	0.000000	0.316224	0.948685	0.000000	
0.000000	0.965040	0.000000	0.000000	0.262104	
0.707107	0.000000	0.000000	0.707107	0.000000	
0.522435	0.522435	0.000000	0.522431	0.425664	
0.463461	0.000000	0.463460	0.000000	0.755254	
0.948686	0.000000	0.000000	0.316221	0.000000	
0.408256	0.000000	0.408256	0.816489	0.000000	
0.522445	0.522445	0.522410	0.000000	0.425664	
0.420189	0.000000	0.000000	0.840372	0.342368	
0.000000	0.420189	0.000000	0.840372	0.342368	
0.000000	0.420178	0.840378	0.000000	0.342368	
0.000000	0.000000	0.420189	0.840372	0.342368	
0.316224	0.000000	0.000000	0.948685	0.000000	
0.000000	1.000000	0.000000	0.000000	0.000000	
0.000000	0.000000	0.463460	0.463461	0.755254	
0.840373	0.000000	0.420188	0.000000	0.342368	
0.707107	0.707107	0.000000	0.000000	0.000000	
0.965040	0.000000	0.000000	0.000000	0.262104	
0.000000	0.000000	1.000000	0.000000	0.000000	
0.000000	0.316224	0.000000	0.948685	0.000000	
0.000000	0.000000	0.948686	0.316221	0.000000	
0.000000	0.378640	0.000000	0.000000	0.925544	
0.948683	0.000000	0.316228	0.000000	0.000000	
0.000000	0.000000	0.000000	1.000000	0.000000	
0.000000	0.000000	0.378640	0.000000	0.925544	
0.212246	0.000000	0.000000	0.776098	0.593825	
0.456680	0.516173	0.000000	0.000000	0.725018	
0.838772	0.051839	0.420188	0.000000	0.342368	
0.699079	0.715045	0.000000	0.000000	0.000000	
0.030983	0.407063	0.816502	0.408245	0.000000	
0.247746	0.000000	0.000181	0.905904	0.343519	
0.192592	0.403622	0.000000	0.894426	0.000000	
0.020091	0.000000	0.000000	0.999798	0.000000	
0.515529	0.000000	0.000000	0.000000	0.856872	
0.002639	0.000347	0.707102	0.707107	0.000000	
0.623520	0.000000	0.453049	0.635257	0.084465	
0.965040	0.000000	0.000000	0.000000	0.262104	
0.020482	0.378086	0.000000	0.000000	0.925544	
0.000000	0.819353	0.409678	0.401030	0.000000	
0.188434	0.282919	0.339927	0.876869	0.000000	
0.263792	0.000000	0.000000	0.964580	0.000000	
0.413465	0.000000	0.813869	0.408245	0.000000	
0.527760	0.004356	0.849382	0.000000	0.000000	
0.584107	0.612703	0.012645	0.532840	0.000000	
0.774122	0.000000	0.000000	0.633906	0.040836	
0.000000	0.462159	0.462159	0.059583	0.756256	
0.429055	0.903279	0.000000	0.000000	0.000000	
0.000000	0.175621	0.000000	0.526872	0.896201	
0.149426	0.279433	0.948467	0.000000	0.000000	
0.000000	0.000000	0.953768	0.000000	0.300544	
0.429092	0.436337	0.611972	0.503623	0.000000	
0.000000	0.000000	0.339900	0.939684	0.038241	
0.808571	0.000000	0.000000	0.000000	0.594022	
0.000000	0.775241	0.000000	0.000000	0.631665	
