0.000000	0.420072	0.000000	0.840429	0.342371	
0.840377	0.000000	0.420177	0.000000	0.342371	
0.408307	0.408304	0.000000	0.816439	0.000000	
0.000000	0.378640	0.000000	0.000000	0.925544	
0.000000	0.707109	0.000000	0.707105	0.000000	
1.000000	0.000000	0.000000	0.000000	0.000000	
0.000000	0.000000	0.000000	0.965040	0.262104	
0.000000	0.948685	0.316224	0.000000	0.000000	
0.000000	0.000000	0.775241	0.000000	0.631666	
0.965040	0.000000	0.000000	0.000000	0.262104	
0.840404	0.000000	0.000000	0.420123	0.342370	
0.000000	0.000000	0.000000	0.378640	0.925544	
0.522408	0.000000	0.522436	0.522437	0.425688	
0.707109	0.000000	0.000000	0.707105	0.000000	
0.000000	0.000000	0.378640	0.000000	0.925544	
0.420169	0.000000	0.840381	0.000000	0.342371	
0.000000	0.816498	0.408236	0.408259	0.000000	
0.522406	0.522405	0.522469	0.000000	0.425688	
0.316281	0.000000	0.000000	0.948805	0.000000	
0.408237	0.816509	0.408234	0.000000	0.000000	
0.000000	0.316244	0.000000	0.948678	0.000000	
0.000000	0.000000	0.948674	0.316255	0.000000	
0.463481	0.000000	0.463478	0.000000	0.755231	
0.816484	0.408263	0.000000	0.408259	0.000000	
0.408232	0.816500	0.000000	0.408259	0.000000	
0.408148	0.408148	0.816597	0.000000	0.000000	
0.816498	0.000000	0.408236	0.408259	0.000000	
0.465151	0.465151	0.000000	0.000000	0.758009	
0.707107	0.707107	0.000000	0.000000	0.000000	
0.408228	0.000000	0.816502	0.408257	0.000000	
0.000000	0.000000	0.000000	1.000000	0.000000	
0.775242	0.000000	0.000000	0.000000	0.631665	
0.408156	0.000000	0.408156	0.816589	0.000000	
0.463462	0.000000	0.000000	0.463459	0.755254	
0.500644	0.500774	0.500583	0.498766	0.000000	
0.000000	0.840380	0.420179	0.000000	0.342361	
0.420172	0.840380	0.000000	0.000000	0.342370	
0.948687	0.000000	0.000000	0.316216	0.000000	
0.000000	0.775240	0.000000	0.000000	0.631667	
0.000000	0.463481	0.463478	0.000000	0.755231	
0.000000	0.000000	0.000000	0.000000	1.000000	
0.000000	0.000000	0.463488	0.463465	0.755234	
0.000000	0.840404	0.000000	0.420123	0.342371	
0.000000	0.408228	0.816502	0.408257	0.000000	
0.522505	0.522510	0.000000	0.522517	0.425757	
0.000000	0.000000	0.965040	0.000000	0.262104	
0.707107	0.000000	0.707107	0.000000	0.000000	
0.000000	0.000000	1.000000	0.000000	0.000000	
0.000000	0.948698	0.000000	0.316184	0.000000	
0.316183	0.948698	0.000000	0.000000	0.000000	
0.000000	0.707107	0.707107	0.000000	0.000000	
0.378640	0.000000	0.000000	0.000000	0.925544	
0.420072	0.000000	0.000000	0.840429	0.342371	
0.816494	0.408268	0.408234	0.000000	0.000000	
0.000000	0.000000	0.000000	0.775240	0.631666	
0.948685	0.000000	0.316224	0.000000	0.000000	
0.840364	0.420203	0.000000	0.000000	0.342370	
0.000000	0.965040	0.000000	0.000000	0.262104	
0.000000	0.000000	0.420072	0.840428	0.342374	
0.000000	0.000000	0.707109	0.707104	0.000000	
0.000000	0.408155	0.408156	0.816590	0.000000	
0.316241	0.000000	0.948679	0.000000	0.000000	
0.948688	0.316214	0.000000	0.000000	0.000000	
0.000000	0.420220	0.840356	0.000000	0.342371	
0.000000	0.000000	0.840403	0.420123	0.342374	
0.000000	0.316241	0.948679	0.000000	0.000000	
0.000000	0.000000	0.316244	0.948678	0.000000	
0.000000	0.463479	0.000000	0.463475	0.755234	
0.000000	1.000000	0.000000	0.000000	0.000000	
0.000000	0.522408	0.522436	0.522437	0.425688	
0.334240	0.160120	0.645920	0.711796	0.000000	
0.000000	0.000000	0.000000	0.378642	0.925548	
0.985541	0.000000	0.000000	0.170182	0.000000	
0.137272	0.000000	0.561369	0.817565	0.000000	
0.000000	0.000000	0.000000	0.965176	0.262141	
0.000000	0.932907	0.000000	0.360117	0.000000	
0.316283	0.000000	0.000000	0.948810	0.000000	
0.316166	0.948647	0.000000	0.010411	0.000000	
0.860519	0.248288	0.444815	0.000007	0.000000	
0.432015	0.206960	0.834871	0.280249	0.000000	
0.144805	0.000000	0.541746	0.000000	0.827975	
0.000000	0.394270	0.144955	0.840429	0.342371	
0.000000	0.000000	1.027680	0.000073	0.000000	
0.012391	0.233871	0.973433	0.000005	0.000000	
0.000000	0.000000	0.082113	0.000448	0.996898	
0.000000	0.000000	0.316244	0.948678	0.000000	
0.000420	0.408227	0.816502	0.408257	0.000000	
0.000000	0.380645	0.761214	0.000000	0.525037	
0.454895	0.000000	0.890555	0.002780	0.000000	
0.000000	0.069094	0.937043	0.000000	0.342379	
0.754256	0.000000	0.377118	0.000000	0.537475	
1.000000	0.000000	0.000000	0.000000	0.000000	
0.264414	0.875779	0.288436	0.283311	0.000000	
0.005349	0.773819	0.000000	0.345263	0.531593	
0.941075	0.000000	0.000000	0.000000	0.338200	
0.364042	0.364045	0.915401	0.006917	0.000000	
0.496953	0.497082	0.039214	0.710760	0.000000	
0.972363	0.000000	0.233508	0.000000	0.000000	
0.303029	0.909229	0.285634	0.000000	0.000000	
0.896797	0.448421	0.001494	0.000000	0.000000	
