1.000001	0.000000	0.000000	0.000000	0.000000	
0.000000	0.316090	0.000000	0.948986	0.000000	
0.707442	0.000000	0.707488	0.000000	0.000000	
0.000000	0.408590	0.408524	0.816195	0.000000	
0.000000	0.315947	0.948778	0.000000	0.000000	
0.000000	0.000000	0.706347	0.707866	0.000000	
0.816397	0.408431	0.000000	0.408267	0.000000	
0.000000	0.000000	0.000000	0.775402	0.631473	
0.000002	0.707071	0.707143	0.000000	0.000000	
0.000014	0.000000	0.419815	0.840929	0.341558	
0.521924	0.000000	0.521855	0.524300	0.424717	
0.323227	0.000000	0.000000	0.970820	0.000000	
0.000000	0.000000	0.000000	0.000000	1.000003	
0.706154	0.000000	0.000000	0.708060	0.000000	
0.948621	0.316417	0.000000	0.000000	0.000000	
0.316471	0.000000	0.948603	0.000000	0.000000	
0.000001	0.463467	0.463300	0.000000	0.755349	
0.000000	0.000000	0.840082	0.420816	0.342313	
0.775279	0.000000	0.000000	0.000000	0.631620	
0.462891	0.463877	0.000000	0.000000	0.755349	
0.000000	0.000000	0.951898	0.318410	0.000000	
0.420319	0.840334	0.000000	0.000000	0.342304	
0.000000	0.515256	0.526786	0.524720	0.426249	
0.407762	0.000000	0.816720	0.408289	0.000000	
0.000000	0.948741	0.000000	0.316058	0.000000	
0.000002	0.948588	0.316516	0.000000	0.000000	
0.948414	0.000000	0.000000	0.317037	0.000000	
0.407837	0.816741	0.408173	0.000000	0.000000	
0.000000	0.000000	1.000001	0.000000	0.000000	
0.000000	0.840321	0.000000	0.420360	0.342289	
0.000001	0.000002	0.965298	0.000000	0.262210	
0.000000	0.840692	0.419596	0.000000	0.342314	
0.000001	0.408553	0.816989	0.411359	0.000000	
0.840492	0.000000	0.419999	0.000000	0.342309	
0.815554	0.000000	0.407595	0.410780	0.000000	
0.522607	0.522655	0.522275	0.000000	0.425977	
0.406819	0.817210	0.000000	0.408262	0.000000	
0.707017	0.707201	0.000000	0.000000	0.000000	
0.965041	0.000000	0.000000	0.000000	0.262105	
0.000000	0.461511	0.000000	0.465306	0.755316	
0.418799	0.000000	0.000000	0.841383	0.341588	
0.463440	0.000000	0.463389	0.000000	0.755314	
0.000000	0.000000	0.378090	0.000000	0.925770	
0.408731	0.000000	0.408665	0.823594	0.000000	
0.000000	0.706985	0.000000	0.707230	0.000000	
0.522441	0.523553	0.000000	0.521285	0.425689	
0.836117	0.417629	0.417880	0.000000	0.000000	
0.378640	0.000000	0.000000	0.000000	0.925544	
0.408407	0.408544	0.000000	0.816270	0.000000	
0.000000	1.000002	0.000000	0.000000	0.000000	
0.948774	0.000000	0.315961	0.000000	0.000000	
0.840092	0.000000	0.000000	0.420819	0.342289	
0.000000	0.000000	0.775949	0.000000	0.630879	
0.000000	0.419897	0.000000	0.840878	0.341559	
0.840375	0.420225	0.000000	0.000000	0.342318	
0.000000	0.378763	0.000000	0.000000	0.925495	
0.463331	0.000000	0.000000	0.463492	0.755315	
0.000002	0.000000	0.463332	0.463493	0.755315	
0.000000	0.000000	0.000000	0.378641	0.925546	
0.000000	0.775203	0.000000	0.000000	0.631716	
0.316117	0.948721	0.000000	0.000000	0.000000	
0.000000	0.420199	0.841416	0.000000	0.342336	
0.419669	0.000000	0.840659	0.000000	0.342310	
0.000001	0.000000	0.000000	0.965271	0.261263	
0.408257	0.407972	0.816631	0.000000	0.000000	
0.000000	0.000000	0.000000	1.004736	0.000000	
0.501007	0.501028	0.500781	0.497185	0.000000	
0.000000	0.817308	0.407194	0.407681	0.000000	
0.000000	0.965041	0.000000	0.000000	0.262104	
0.000000	0.000000	0.316244	0.948678	0.000000	
0.803454	0.403472	0.000000	0.272947	0.342320	
0.463469	0.000910	0.463299	0.000000	0.755351	
0.004750	0.368880	0.000000	0.929746	0.000000	
0.000000	0.000000	0.000000	0.381399	0.932288	
0.000000	0.000000	0.600605	0.300856	0.740784	
0.413034	0.000000	0.827279	0.408393	0.000000	
0.903387	0.292681	0.000000	0.316349	0.000000	
0.715475	0.000000	0.731504	0.000000	0.000000	
0.000001	0.000000	0.000000	0.965157	0.261682	
0.000000	0.000000	0.988561	0.168915	0.000000	
0.928367	0.000000	0.000000	0.000000	0.371671	
0.316013	0.000000	0.000000	0.948756	0.000000	
0.000000	0.907050	0.452716	0.000000	0.000000	
0.181555	0.365988	0.816975	0.411352	0.000000	
0.459295	0.000000	0.000000	0.467492	0.755315	
0.934238	0.000000	0.417255	0.000000	0.000000	
0.000014	0.000000	0.419815	0.840929	0.341558	
0.091879	0.443973	0.893320	0.000000	0.000000	
0.447260	0.000000	0.895928	0.000000	0.000000	
0.445651	0.895213	0.000000	0.000000	0.000000	
0.000000	0.782539	0.000000	0.622603	0.000000	
0.387757	0.775233	0.000000	0.364429	0.342560	
0.524851	0.000020	0.000000	0.000000	0.851279	
0.188459	0.000000	0.701243	0.539385	0.428096	
0.391951	0.392787	0.000000	0.000000	0.834296	
0.093027	0.940585	0.000000	0.000000	0.338511	
0.000000	0.000000	0.939344	0.021368	0.342313	
0.657328	0.656869	0.369887	0.000000	0.000000	
0.000000	0.121430	0.000000	0.992601	0.000000	
0.000000	0.000000	0.316786	0.950304	0.000000	
