0.000000	0.000000	0.000000	0.965040	0.262104	
0.000000	0.707110	0.707104	0.000000	0.000000	
0.000000	0.707131	0.000000	0.707083	0.000000	
0.000000	0.840374	0.420210	0.000000	0.342338	
0.000000	0.000000	0.775240	0.000000	0.631667	
0.000000	0.000000	1.000000	0.000000	0.000000	
0.420230	0.840365	0.000000	0.000000	0.342337	
0.000000	0.000000	0.463331	0.463492	0.755314	
0.000000	0.000000	0.948646	0.316339	0.000000	
0.000000	0.419962	0.000000	0.840507	0.342316	
0.499569	0.499665	0.499284	0.501479	0.000000	
0.816508	0.000000	0.408284	0.408190	0.000000	
0.522314	0.000199	0.522344	0.522830	0.425448	
0.408155	0.408141	0.816597	0.000000	0.000000	
0.316244	0.000000	0.000000	0.948678	0.000000	
0.463292	0.463293	0.000000	0.000000	0.755460	
0.419962	0.000000	0.000000	0.840498	0.342337	
0.000000	0.000000	0.000000	0.378640	0.925544	
0.000000	0.000000	0.000000	0.000000	1.000000	
0.948688	0.000000	0.000000	0.316215	0.000000	
0.707106	0.707107	0.000000	0.000000	0.000000	
0.316183	0.948698	0.000000	0.000000	0.000000	
0.000000	0.948698	0.000000	0.316183	0.000000	
0.000000	0.316241	0.948679	0.000000	0.000000	
0.463417	0.000000	0.463410	0.000000	0.755312	
0.000000	0.463429	0.463392	0.000000	0.755315	
0.000000	0.522295	0.522324	0.522810	0.425505	
0.000000	0.408307	0.816497	0.408189	0.000000	
0.408576	0.816525	0.000000	0.408339	0.000000	
0.000000	0.420232	0.840370	0.000000	0.342320	
0.522158	0.522932	0.522190	0.000000	0.425688	
0.000000	0.378638	0.000000	0.000000	0.925545	
0.000000	0.000000	0.316244	0.948678	0.000000	
0.948688	0.316214	0.000000	0.000000	0.000000	
0.707110	0.000000	0.707104	0.000000	0.000000	
0.000000	0.948685	0.316224	0.000000	0.000000	
0.408433	0.408502	0.000000	0.816277	0.000000	
0.420232	0.000000	0.840370	0.000000	0.342320	
0.816478	0.408274	0.000000	0.408259	0.000000	
0.000000	0.408493	0.408490	0.816326	0.000000	
0.840376	0.420224	0.000000	0.000000	0.342315	
0.713012	0.000000	0.000000	0.712967	0.000000	
0.000000	0.000000	0.965268	0.000000	0.262166	
0.000000	0.463390	0.000000	0.463436	0.755312	
0.000000	0.840425	0.000000	0.420109	0.342338	
0.378640	0.000000	0.000000	0.000000	0.925544	
0.000000	0.000000	0.000000	1.000000	0.000000	
0.521975	0.522064	0.000000	0.523241	0.425689	
1.000000	0.000000	0.000000	0.000000	0.000000	
0.816513	0.408291	0.408173	0.000000	0.000000	
0.000000	0.000000	0.840456	0.420073	0.342305	
0.000000	0.316322	0.000000	0.948652	0.000000	
0.965040	0.000000	0.000000	0.000000	0.262104	
0.407925	0.816696	0.408173	0.000000	0.000000	
0.316241	0.000000	0.948679	0.000000	0.000000	
0.408307	0.000000	0.816497	0.408190	0.000000	
0.000000	0.000000	0.000000	0.775250	0.631655	
0.840424	0.000000	0.000000	0.420108	0.342340	
0.775237	0.000000	0.000000	0.000000	0.631670	
0.000000	1.000000	0.000000	0.000000	0.000000	
0.408365	0.000000	0.408362	0.816381	0.000000	
0.000000	0.000000	0.707129	0.707085	0.000000	
0.000000	0.816504	0.408292	0.408190	0.000000	
0.000000	0.000000	0.419967	0.840508	0.342307	
0.463428	0.000000	0.000000	0.463398	0.755312	
0.948685	0.000000	0.316224	0.000000	0.000000	
0.000000	0.965025	0.000000	0.000000	0.262156	
0.840373	0.000000	0.420217	0.000000	0.342340	
0.000000	0.000000	0.378640	0.000000	0.925544	
0.000000	0.775441	0.000000	0.000000	0.631421	
0.000000	0.389645	0.526956	0.000000	0.755314	
0.000000	0.000000	0.378640	0.000000	0.925544	
0.000000	0.195247	0.749517	0.000000	0.632537	
0.836245	0.000000	0.428944	0.000000	0.342433	
0.522158	0.522932	0.522190	0.000000	0.425688	
0.000000	0.840481	0.419996	0.000000	0.342338	
0.399218	0.762804	0.425464	0.320240	0.000000	
0.997861	0.000000	0.000000	0.065374	0.000000	
0.151598	0.349019	0.760956	0.212701	0.480529	
0.047015	0.293485	0.000359	0.000000	0.961201	
0.988571	0.000000	0.000000	0.182906	0.000000	
0.878101	0.000000	0.000703	0.432740	0.204143	
0.000000	0.316241	0.948679	0.000000	0.000000	
0.405019	0.000000	0.411681	0.816381	0.000000	
0.000000	0.000000	0.000000	0.982753	0.266915	
0.002042	1.002069	0.000000	0.000000	0.000000	
0.000000	0.894471	0.000000	0.447125	0.000000	
0.081609	0.040808	1.005403	0.000000	0.000000	
0.707106	0.707107	0.000000	0.000000	0.000000	
0.000000	0.000000	0.000000	0.000000	1.000000	
0.007899	0.823589	0.029739	0.000000	0.571877	
0.408947	0.409016	0.000000	0.815803	0.000000	
0.000000	0.577602	0.581366	0.573063	0.000000	
0.317379	0.000000	0.000000	0.952084	0.000000	
0.681235	0.000000	0.000525	0.703025	0.204143	
0.285109	0.520485	0.419358	0.421202	0.542810	
0.339544	0.619860	0.499418	0.501618	0.075969	
0.000000	0.948685	0.316224	0.000000	0.000000	
0.003638	0.031499	0.706421	0.707088	0.000000	
0.000000	0.315247	0.000000	0.949010	0.000000	
