0.707354	0.706860	0.000004	0.000000	0.000000	
0.316119	0.948726	0.000000	0.000000	0.000000	
0.000000	0.000000	0.316245	0.948679	0.000000	
0.817085	0.407923	0.000000	0.408441	0.000000	
0.522650	0.522698	0.522319	0.000000	0.425220	
0.000001	0.420585	0.000000	0.840323	0.342020	
0.000000	0.408590	0.408525	0.816197	0.000000	
0.965041	0.000000	0.000000	0.000000	0.262104	
0.000000	0.840332	0.000000	0.420366	0.342293	
0.000003	0.000000	0.965032	0.000000	0.262137	
0.775279	0.000000	0.000000	0.000000	0.631621	
0.000000	0.706985	0.000000	0.707230	0.000000	
0.501013	0.501034	0.500787	0.497192	0.000000	
0.000000	0.816350	0.409110	0.407681	0.000000	
0.000002	0.000002	0.706993	0.707238	0.000000	
0.000000	0.419679	0.840679	0.000000	0.342318	
0.521217	0.000000	0.521147	0.523659	0.427245	
0.420410	0.000000	0.000000	0.840374	0.342099	
0.316215	0.000000	0.000000	0.948691	0.000000	
0.000000	1.000003	0.000000	0.000000	0.000000	
0.000000	0.780955	0.000000	0.000000	0.636404	
0.419670	0.000000	0.840661	0.000000	0.342310	
0.000006	0.948598	0.316519	0.000000	0.000000	
0.000000	0.315947	0.948780	0.000000	0.000000	
0.840321	0.000000	0.000000	0.420360	0.342289	
0.000000	0.000000	1.000003	0.000000	0.000000	
0.706986	0.000000	0.000000	0.707232	0.000000	
0.420319	0.840334	0.000000	0.000000	0.342304	
0.000000	0.000000	0.000000	0.000000	1.000001	
0.948631	0.000000	0.000000	0.316399	0.000000	
0.462891	0.463877	0.000000	0.000000	0.755349	
0.840375	0.420225	0.000000	0.000000	0.342318	
0.000000	0.410090	0.814748	0.410767	0.000000	
0.000000	0.000014	0.421736	0.839624	0.342317	
0.840495	0.000000	0.420000	0.000000	0.342310	
0.406325	0.000000	0.818435	0.408690	0.000000	
0.000000	0.948742	0.000000	0.316058	0.000000	
0.000000	0.840231	0.420524	0.000000	0.342315	
0.000000	0.000000	0.776014	0.000000	0.630719	
0.000000	0.000000	0.000000	0.378827	0.926000	
0.000001	0.000000	0.948630	0.316402	0.000000	
0.000000	0.000000	0.840086	0.420818	0.342315	
1.000002	0.000000	0.000000	0.000000	0.000000	
0.463447	0.000000	0.463396	0.000000	0.755330	
0.408257	0.407972	0.816631	0.000000	0.000000	
0.707146	0.000000	0.707070	0.000000	0.000000	
0.408423	0.408531	0.000000	0.816273	0.000000	
0.000000	0.965043	0.000000	0.000000	0.262105	
0.000001	0.463332	0.000000	0.463493	0.755316	
0.378641	0.000000	0.000000	0.000000	0.925545	
0.948776	0.000000	0.315962	0.000000	0.000000	
0.000000	0.000000	0.000000	1.000001	0.000000	
0.948622	0.316417	0.000000	0.000000	0.000000	
0.000003	0.463469	0.463298	0.000000	0.755352	
0.816627	0.000000	0.408131	0.408128	0.000000	
0.000000	0.515256	0.526786	0.524720	0.426249	
0.407841	0.816750	0.408178	0.000000	0.000000	
0.000000	0.000000	0.000000	0.965152	0.262135	
0.818354	0.404098	0.408705	0.000000	0.000000	
0.000000	0.316925	0.000000	0.948543	0.000000	
0.000000	0.707148	0.707072	0.000000	0.000000	
0.000000	0.000000	0.378168	0.000000	0.925960	
0.000000	0.378763	0.000000	0.000000	0.925496	
0.463332	0.000000	0.000000	0.463492	0.755315	
0.408497	0.000000	0.408453	0.816273	0.000000	
0.000002	0.000003	0.463332	0.463493	0.755316	
0.406819	0.817210	0.000000	0.408262	0.000000	
0.520460	0.521567	0.000000	0.525404	0.425667	
0.315947	0.000000	0.948778	0.000000	0.000000	
0.000000	0.000000	0.000000	0.775401	0.631476	
0.000000	0.707711	0.054706	0.707003	0.000000	
0.000000	0.948742	0.000000	0.316058	0.000000	
0.000002	0.318373	0.938481	0.000000	0.164111	
0.009032	0.434568	0.690288	0.402397	0.428594	
0.516734	0.517834	0.000000	0.533491	0.425880	
0.406697	0.814459	0.421622	0.000000	0.000000	
0.727231	0.543421	0.423126	0.000000	0.000000	
0.885782	0.000000	0.313569	0.000000	0.342200	
0.000000	0.000000	0.841607	0.421580	0.342935	
0.000003	0.463138	0.462967	0.000000	0.755763	
0.000003	0.000000	0.940845	0.000000	0.338846	
0.654652	0.001401	0.030769	0.000000	0.755330	
0.521915	0.523206	0.522206	0.000000	0.425637	
0.000001	0.000000	0.000000	0.937617	0.347680	
0.000000	0.649675	0.000000	0.045993	0.758937	
0.045236	0.999036	0.006440	0.000000	0.000000	
0.097727	0.000623	0.932067	0.415162	0.000000	
0.580052	0.000000	0.000000	0.819634	0.000000	
0.351630	0.000000	0.936151	0.000000	0.000000	
0.000002	0.000004	0.607701	0.607912	0.511053	
0.997578	0.000000	0.000000	0.000000	0.069587	
0.948777	0.000000	0.315962	0.000000	0.000000	
0.463332	0.000000	0.000000	0.463493	0.755315	
0.700931	0.000000	0.713232	0.000000	0.000000	
0.000000	0.078162	0.000000	0.078568	0.993842	
0.408456	0.408563	0.000000	0.816339	0.000000	
0.000000	0.000000	0.000000	0.382391	0.924005	
0.217766	0.217823	0.000000	0.951388	0.000000	
0.394740	0.854063	0.000000	0.000000	0.342772	
0.000000	0.872673	0.437337	0.000000	0.217209	
