0.420200	0.000000	0.000000	0.840366	0.342370	
0.408237	0.816509	0.408234	0.000000	0.000000	
0.000000	0.522422	0.522422	0.522437	0.425688	
0.965040	0.000000	0.000000	0.000000	0.262104	
0.463460	0.000000	0.000000	0.463461	0.755254	
0.000000	0.816492	0.408248	0.408257	0.000000	
0.840372	0.000000	0.420188	0.000000	0.342370	
0.000000	0.840372	0.420188	0.000000	0.342370	
0.316197	0.948694	0.000000	0.000000	0.000000	
0.000000	0.000000	0.000000	0.378640	0.925544	
0.000000	1.000000	0.000000	0.000000	0.000000	
0.816492	0.000000	0.408248	0.408257	0.000000	
0.000000	0.420168	0.840382	0.000000	0.342370	
0.816494	0.408268	0.408234	0.000000	0.000000	
0.000000	0.316220	0.000000	0.948686	0.000000	
0.000000	0.000000	0.000000	0.000000	1.000000	
0.707107	0.000000	0.000000	0.707107	0.000000	
0.000000	0.463460	0.000000	0.463461	0.755254	
0.378640	0.000000	0.000000	0.000000	0.925544	
0.000000	0.000000	0.000000	0.965040	0.262104	
0.000000	0.707107	0.000000	0.707107	0.000000	
0.316220	0.000000	0.000000	0.948686	0.000000	
0.775241	0.000000	0.000000	0.000000	0.631665	
0.948688	0.316214	0.000000	0.000000	0.000000	
0.420172	0.840380	0.000000	0.000000	0.342370	
0.816485	0.408263	0.000000	0.408257	0.000000	
0.000000	0.000000	0.420150	0.840391	0.342370	
0.463460	0.000000	0.463461	0.000000	0.755254	
0.000000	0.840388	0.000000	0.420156	0.342370	
0.000000	0.463460	0.463461	0.000000	0.755254	
0.000000	0.000000	1.000000	0.000000	0.000000	
0.522424	0.000000	0.522424	0.522433	0.425688	
0.316241	0.000000	0.948679	0.000000	0.000000	
0.522428	0.522428	0.000000	0.522424	0.425688	
0.408231	0.408231	0.816514	0.000000	0.000000	
0.000000	0.000000	0.316219	0.948686	0.000000	
1.000000	0.000000	0.000000	0.000000	0.000000	
0.000000	0.316241	0.948679	0.000000	0.000000	
0.840364	0.420203	0.000000	0.000000	0.342370	
0.000000	0.378640	0.000000	0.000000	0.925544	
0.840388	0.000000	0.000000	0.420156	0.342370	
0.000000	0.000000	0.948686	0.316221	0.000000	
0.948686	0.000000	0.000000	0.316221	0.000000	
0.000000	0.000000	0.965040	0.000000	0.262104	
0.000000	0.000000	0.707107	0.707107	0.000000	
0.408229	0.000000	0.816501	0.408257	0.000000	
0.408257	0.000000	0.408258	0.816487	0.000000	
0.408257	0.408257	0.000000	0.816488	0.000000	
0.000000	0.000000	0.840388	0.420156	0.342370	
0.948683	0.000000	0.316229	0.000000	0.000000	
0.000000	0.420148	0.000000	0.840392	0.342370	
0.463460	0.463460	0.000000	0.000000	0.755254	
0.707107	0.000000	0.707107	0.000000	0.000000	
0.522439	0.522439	0.522403	0.000000	0.425688	
0.000000	0.408257	0.408258	0.816487	0.000000	
0.499948	0.499949	0.500016	0.500087	0.000000	
0.000000	0.965040	0.000000	0.000000	0.262104	
0.000000	0.000000	0.463460	0.463461	0.755254	
0.000000	0.775241	0.000000	0.000000	0.631665	
0.000000	0.000000	0.775241	0.000000	0.631665	
0.000000	0.408228	0.816502	0.408257	0.000000	
0.408248	0.816492	0.000000	0.408257	0.000000	
0.000000	0.000000	0.000000	1.000000	0.000000	
0.707107	0.707107	0.000000	0.000000	0.000000	
0.000000	0.948687	0.000000	0.316218	0.000000	
0.000000	0.000000	0.378640	0.000000	0.925544	
0.000000	0.707107	0.707107	0.000000	0.000000	
0.420169	0.000000	0.840381	0.000000	0.342370	
0.000000	0.000000	0.000000	0.775241	0.631665	
0.000000	0.948685	0.316224	0.000000	0.000000	
0.000000	0.000000	0.962815	0.065494	0.262104	
0.000000	0.000000	0.340553	0.000000	0.940384	
0.459536	0.088211	0.000000	0.467926	0.762532	
0.130488	0.870843	0.471310	0.045671	0.019659	
0.000000	0.000000	0.840388	0.420156	0.342370	
0.000000	0.000000	0.991108	0.164383	0.000000	
0.006155	0.000313	0.999392	0.040869	0.000976	
0.222411	0.878665	0.120510	0.000000	0.414519	
0.000000	0.441287	0.882624	0.162144	0.000000	
0.000000	0.420148	0.000000	0.840392	0.342370	
0.999793	0.000000	0.020344	0.000000	0.000000	
0.356840	0.713710	0.602745	0.000000	0.000000	
0.701407	0.089597	0.000000	0.707107	0.000000	
0.000000	0.775241	0.000000	0.000000	0.631665	
0.692897	0.000000	0.659448	0.318840	0.022010	
0.000000	0.000000	0.707107	0.707107	0.000000	
0.821800	0.327726	0.464680	0.041060	0.000374	
0.729717	0.387083	0.154697	0.420156	0.342370	
0.009635	0.000000	0.118517	0.644709	0.755428	
0.790299	0.000000	0.502537	0.000000	0.350549	
0.000000	0.000000	0.420150	0.840391	0.342370	
0.707107	0.000000	0.707107	0.000000	0.000000	
0.000000	0.707107	0.000000	0.707107	0.000000	
0.432534	0.000000	0.871066	0.232721	0.000000	
0.000000	0.000000	0.761950	0.161132	0.632905	
0.000000	0.000000	0.000000	0.994912	0.100750	
0.654465	0.025276	0.327478	0.694068	0.000000	
0.522424	0.000000	0.522424	0.522433	0.425688	
0.297924	0.000000	0.803753	0.181273	0.518584	
0.894430	0.000000	0.000000	0.447175	0.010248	
