0.707107	0.000000	0.707107	0.000000	0.000000	
0.816490	0.408266	0.000000	0.408244	0.000000	
0.000000	0.707107	0.000000	0.707107	0.000000	
0.499994	0.499994	0.499955	0.500056	0.000000	
0.000000	0.000000	0.316223	0.948685	0.000000	
0.948688	0.316214	0.000000	0.000000	0.000000	
0.840365	0.420204	0.000000	0.000000	0.342368	
0.316220	0.000000	0.948686	0.000000	0.000000	
0.000000	0.840368	0.000000	0.420197	0.342368	
0.408241	0.000000	0.816503	0.408244	0.000000	
0.965040	0.000000	0.000000	0.000000	0.262104	
0.000000	0.707107	0.707107	0.000000	0.000000	
0.000000	0.840373	0.420188	0.000000	0.342368	
0.000000	0.775241	0.000000	0.000000	0.631665	
0.000000	0.000000	1.000000	0.000000	0.000000	
0.408252	0.816502	0.408234	0.000000	0.000000	
0.816494	0.408268	0.408234	0.000000	0.000000	
0.948683	0.000000	0.316228	0.000000	0.000000	
0.000000	0.420189	0.000000	0.840372	0.342368	
0.707107	0.707107	0.000000	0.000000	0.000000	
0.522428	0.522428	0.000000	0.522425	0.425688	
0.463461	0.000000	0.463460	0.000000	0.755254	
0.316248	0.948676	0.000000	0.000000	0.000000	
0.420189	0.000000	0.000000	0.840372	0.342368	
0.000000	0.316224	0.000000	0.948685	0.000000	
0.000000	0.000000	0.948686	0.316221	0.000000	
0.000000	0.000000	0.420189	0.840372	0.342368	
0.000000	0.408256	0.408256	0.816489	0.000000	
0.463460	0.000000	0.000000	0.463461	0.755254	
0.000000	0.420169	0.840382	0.000000	0.342368	
0.000000	0.463461	0.463460	0.000000	0.755254	
0.000000	0.000000	0.000000	0.965040	0.262104	
0.408256	0.000000	0.408256	0.816489	0.000000	
0.000000	0.000000	0.378640	0.000000	0.925544	
0.816497	0.000000	0.408250	0.408245	0.000000	
0.000000	0.000000	0.000000	0.775241	0.631665	
0.522439	0.522439	0.522403	0.000000	0.425688	
0.000000	0.316220	0.948686	0.000000	0.000000	
0.000000	0.000000	0.965040	0.000000	0.262104	
0.378640	0.000000	0.000000	0.000000	0.925544	
0.000000	0.000000	0.840600	0.420313	0.342462	
0.463460	0.463460	0.000000	0.000000	0.755254	
0.000000	0.522428	0.522428	0.522425	0.425688	
0.000000	0.378640	0.000000	0.000000	0.925544	
0.408250	0.816498	0.000000	0.408244	0.000000	
0.840373	0.000000	0.420188	0.000000	0.342368	
0.840368	0.000000	0.000000	0.420198	0.342368	
0.948686	0.000000	0.000000	0.316221	0.000000	
0.000000	1.000000	0.000000	0.000000	0.000000	
0.000000	0.000000	0.000000	1.000000	0.000000	
0.707107	0.000000	0.000000	0.707107	0.000000	
0.000000	0.965040	0.000000	0.000000	0.262104	
0.000000	0.000000	0.707107	0.707107	0.000000	
0.408256	0.408256	0.000000	0.816489	0.000000	
0.000000	0.408240	0.816503	0.408244	0.000000	
0.420189	0.000000	0.840372	0.000000	0.342368	
1.000000	0.000000	0.000000	0.000000	0.000000	
0.316224	0.000000	0.000000	0.948685	0.000000	
0.000000	0.948686	0.000000	0.316221	0.000000	
0.408231	0.408231	0.816514	0.000000	0.000000	
0.000000	0.000000	0.000000	0.000000	1.000000	
0.000000	0.948683	0.316228	0.000000	0.000000	
0.000000	0.816498	0.408250	0.408244	0.000000	
0.775241	0.000000	0.000000	0.000000	0.631665	
0.000000	0.000000	0.463460	0.463461	0.755254	
0.522428	0.000000	0.522428	0.522425	0.425688	
0.000000	0.000000	0.000000	0.378640	0.925544	
0.000000	0.463460	0.000000	0.463461	0.755254	
0.000000	0.000000	0.775241	0.000000	0.631665	
0.420187	0.840373	0.000000	0.000000	0.342368	
0.000000	0.000000	0.000000	1.000606	0.000000	
0.543993	0.838237	0.000001	0.031993	0.020158	
0.424010	0.133683	0.889215	0.000000	0.107890	
0.000717	0.000170	0.801389	0.538427	0.260521	
0.235456	0.971885	0.000000	0.000000	0.000000	
0.000000	0.840368	0.000000	0.420197	0.342368	
0.888461	0.213066	0.000000	0.408593	0.000000	
0.744862	0.000000	0.667686	0.000000	0.000000	
0.423802	0.100568	0.672217	0.538164	0.262263	
0.000862	0.000205	0.964233	0.048820	0.260521	
0.000000	0.000000	0.000000	0.939934	0.341357	
0.800661	0.194812	0.201725	0.424191	0.345621	
0.167843	0.000000	0.000000	0.335683	0.926901	
0.000000	0.447075	0.894497	0.000000	0.000000	
0.005125	0.000000	0.780744	0.025186	0.639123	
0.403909	0.807816	0.445779	0.057546	0.000000	
0.000000	0.711706	0.703327	0.000000	0.000000	
0.934870	0.220912	0.000000	0.110929	0.260454	
0.453074	0.000000	0.812863	0.366030	0.000000	
0.775241	0.000000	0.000000	0.000000	0.631665	
0.521271	0.521271	0.524731	0.000000	0.425688	
0.031485	0.964397	0.000000	0.263385	0.000000	
0.000000	0.000000	1.000000	0.000000	0.000000	
0.997853	0.065493	0.000000	0.000000	0.000000	
0.900612	0.000000	0.097022	0.424792	0.000000	
0.396313	0.000000	0.396312	0.828646	0.000000	
0.989083	0.197399	0.000000	0.000000	0.000000	
0.595428	0.699994	0.000000	0.048459	0.432927	
0.478797	0.562880	0.000000	0.522529	0.425773	
0.200047	0.418488	0.000000	0.463844	0.755878	
