0.000000	0.000000	1.000000	0.000000	0.000000	
0.000000	0.000000	0.463461	0.463460	0.755254	
0.000000	0.000000	0.000000	1.000000	0.000000	
0.948688	0.316214	0.000000	0.000000	0.000000	
0.000000	0.378640	0.000000	0.000000	0.925544	
0.000000	0.000000	0.965040	0.000000	0.262104	
0.000000	0.000000	0.000000	0.000000	1.000000	
0.000000	0.000000	0.000000	0.965040	0.262104	
0.000000	0.316241	0.948679	0.000000	0.000000	
0.463460	0.000000	0.463461	0.000000	0.755254	
0.000000	0.000000	0.420150	0.840391	0.342370	
0.420200	0.000000	0.000000	0.840366	0.342370	
0.408257	0.408257	0.000000	0.816488	0.000000	
0.000000	0.316220	0.000000	0.948686	0.000000	
0.707107	0.707107	0.000000	0.000000	0.000000	
0.816485	0.408263	0.000000	0.408257	0.000000	
0.000000	0.840372	0.420188	0.000000	0.342370	
0.000000	0.000000	0.316219	0.948686	0.000000	
0.522424	0.000000	0.522424	0.522433	0.425688	
0.000000	0.408228	0.816502	0.408257	0.000000	
0.707107	0.000000	0.707107	0.000000	0.000000	
0.463460	0.463460	0.000000	0.000000	0.755254	
0.463460	0.000000	0.000000	0.463461	0.755254	
0.408248	0.816492	0.000000	0.408257	0.000000	
0.522439	0.522439	0.522403	0.000000	0.425688	
0.408257	0.000000	0.408258	0.816487	0.000000	
0.420172	0.840380	0.000000	0.000000	0.342370	
0.816492	0.000000	0.408248	0.408257	0.000000	
0.840372	0.000000	0.420188	0.000000	0.342370	
0.000000	0.522422	0.522422	0.522437	0.425688	
0.816494	0.408268	0.408234	0.000000	0.000000	
0.000000	0.840388	0.000000	0.420156	0.342370	
0.000000	0.408257	0.408258	0.816487	0.000000	
0.000000	0.000000	0.378640	0.000000	0.925544	
0.000000	0.463460	0.463461	0.000000	0.755254	
0.316205	0.948717	0.000000	0.000004	0.000000	
0.378640	0.000000	0.000000	0.000000	0.925544	
0.499948	0.499949	0.500016	0.500087	0.000000	
0.000000	0.000000	0.000000	0.775241	0.631665	
0.000000	0.816492	0.408248	0.408257	0.000000	
0.408229	0.000000	0.816501	0.408257	0.000000	
0.000000	0.948687	0.000000	0.316218	0.000000	
0.316241	0.000000	0.948679	0.000000	0.000000	
0.840388	0.000000	0.000000	0.420156	0.342370	
0.000000	0.775241	0.000000	0.000000	0.631665	
0.000000	0.000000	0.707107	0.707107	0.000000	
0.000000	0.948685	0.316224	0.000000	0.000000	
0.948686	0.000000	0.000000	0.316220	0.000000	
0.522428	0.522428	0.000000	0.522424	0.425688	
0.775241	0.000000	0.000000	0.000000	0.631665	
0.840364	0.420203	0.000000	0.000000	0.342370	
0.000000	0.000000	0.775241	0.000000	0.631665	
0.000000	0.000000	0.840397	0.420139	0.342370	
0.000000	0.420168	0.840382	0.000000	0.342370	
0.000000	1.000000	0.000000	0.000000	0.000000	
0.408231	0.408231	0.816514	0.000000	0.000000	
1.000000	0.000000	0.000000	0.000000	0.000000	
0.948683	0.000000	0.316229	0.000000	0.000000	
0.000000	0.463460	0.000000	0.463461	0.755254	
0.000000	0.965040	0.000000	0.000000	0.262104	
0.965040	0.000000	0.000000	0.000000	0.262104	
0.000000	0.420148	0.000000	0.840392	0.342370	
0.000000	0.000000	0.000000	0.378640	0.925544	
0.707107	0.000000	0.000000	0.707107	0.000000	
0.000000	0.000000	0.948686	0.316220	0.000000	
0.000000	0.707107	0.000000	0.707107	0.000000	
0.316220	0.000000	0.000000	0.948686	0.000000	
0.000000	0.707107	0.707107	0.000000	0.000000	
0.420169	0.000000	0.840381	0.000000	0.342370	
0.408237	0.816509	0.408234	0.000000	0.000000	
0.310453	0.931460	0.220264	0.000004	0.000000	
0.000000	0.000000	0.994422	0.331465	0.000000	
0.785678	0.003578	0.000000	0.000000	0.618625	
0.338222	0.676473	0.000000	0.000000	0.654209	
0.848248	0.000000	0.424126	0.323441	0.000000	
0.993451	0.005848	0.047057	0.031051	0.099212	
0.000000	0.881075	0.472977	0.000000	0.000000	
0.423209	0.000000	0.909058	0.000000	0.000000	
0.000000	0.000000	0.575965	0.814272	0.072288	
0.317996	0.039353	0.034128	0.946660	0.000000	
0.849228	0.409837	0.000000	0.000000	0.332933	
0.054417	0.213501	0.164283	0.243509	0.930145	
0.707107	0.707107	0.000000	0.000000	0.000000	
0.000000	0.316220	0.000000	0.948686	0.000000	
0.642636	0.000000	0.642636	0.000000	0.419079	
0.000000	0.000000	0.431666	0.914275	0.000000	
0.335709	0.335177	0.288976	0.831534	0.000000	
0.860593	0.309193	0.000000	0.408966	0.000000	
0.000000	0.000000	0.843067	0.421473	0.338221	
0.577311	0.000000	0.007787	0.816487	0.000000	
0.003998	0.912858	0.000000	0.408257	0.000000	
0.895164	0.447605	0.000000	0.012627	0.000000	
0.000000	0.000000	0.964762	0.000000	0.263123	
0.000000	0.000000	0.000000	1.000000	0.000000	
0.662403	0.661353	0.351701	0.014093	0.000000	
0.354519	0.205554	0.823595	0.408598	0.000000	
0.371537	0.743107	0.556839	0.000000	0.000000	
0.378251	0.022531	0.000000	0.000000	0.926232	
0.082397	0.698094	0.702941	0.027880	0.130535	
0.240776	0.736796	0.012543	0.000000	0.631665	
