0.769798	0.879800	0.782022	0.147086	5.153696	
0.341649	0.000575	0.000224	0.351753	9.422409	
0.314690	0.017478	0.298525	0.007611	9.277478	
0.828791	0.024187	0.812177	0.882649	5.036017	
0.909738	0.820596	0.051608	0.818522	5.067358	
0.187826	0.905466	0.763210	0.829406	5.008377	
0.000752	0.032186	0.951529	0.692340	7.755558	
0.803111	0.794131	0.929613	0.186208	5.021437	
0.004634	0.900831	0.018771	0.635444	7.897464	
0.138524	0.864545	0.873415	0.189554	5.999417	
0.912463	0.011453	0.016566	0.635499	7.937243	
0.001055	0.308031	0.000339	0.351827	9.329635	
0.000157	0.003341	0.679211	0.938624	7.812093	
0.121159	0.780062	0.781200	0.933269	5.353525	
0.030702	0.281350	0.858416	0.001381	7.856985	
0.000665	0.298475	0.290807	0.008942	9.226548	
0.767776	0.000004	0.002049	0.000113	8.858138	
0.000665	0.000787	0.298525	0.008942	9.595216	
0.914270	0.024187	0.794170	0.815195	5.244267	
0.824006	0.829738	0.844886	0.827354	3.358776	
0.901837	0.005058	0.666449	0.024246	7.697003	
0.000015	0.000538	0.000045	0.292878	9.602376	
0.301464	0.000000	0.000004	0.001607	9.623346	
0.001539	0.292867	0.000337	0.001610	9.596159	
0.306875	0.290941	0.000048	0.001607	9.213335	
0.654688	0.023532	0.929452	0.002289	7.886146	
0.168454	0.783235	0.872371	0.783906	5.012880	
0.655196	0.000746	0.688688	0.659641	7.974591	
0.188734	0.826493	0.225616	0.857015	5.866062	
0.777292	0.910022	0.122831	0.795132	5.193268	
0.006441	0.667271	0.663347	0.664796	8.032511	
0.180113	0.213012	0.869112	0.831376	5.908967	
0.055008	0.643882	0.057326	0.926090	7.805488	
0.001602	0.000000	0.000154	0.761055	8.650454	
0.663616	0.008228	0.013984	0.925999	7.823689	
0.657938	0.661098	0.684749	0.002394	7.968352	
0.640838	0.906584	0.017020	0.002289	7.888627	
0.923018	0.806818	0.800064	0.185604	4.950825	
0.671920	0.669062	0.004614	0.662775	7.970332	
0.914068	0.636540	0.016086	0.003025	7.974064	
0.010184	0.898933	0.634441	0.001729	7.917960	
0.001602	0.000010	0.317425	0.304121	9.254067	
0.000000	0.758822	0.000001	0.000000	8.682697	
0.005765	0.000110	0.756106	0.000103	8.673999	
0.000000	0.000000	0.000000	0.000000	10.000989	
0.812354	0.820596	0.051608	0.878808	5.003133	
0.816886	0.024187	0.794170	0.875482	5.131277	
0.000665	0.000094	0.326521	0.273124	9.232733	
0.923018	0.788763	0.800064	0.196377	5.019734	
0.804913	0.879800	0.782022	0.149486	4.971985	
0.000667	0.724375	0.000735	0.000114	8.959556	
0.138524	0.864545	0.858425	0.202325	5.971509	
0.175794	0.794130	0.872371	0.783906	4.945736	
0.055005	0.816857	0.787164	0.914852	5.222431	
0.767776	0.000002	0.002049	0.000113	8.860235	
0.627922	0.000515	0.854591	0.002216	7.967064	
0.001602	0.000010	0.000152	0.304121	9.648528	
0.166094	0.636540	0.064499	0.845871	7.451778	
0.150537	0.879800	0.872902	0.868335	4.650340	
0.902393	0.290881	0.002667	0.028954	7.938387	
0.663616	0.000862	0.313162	0.002507	8.989221	
0.001539	0.292867	0.001103	0.001610	9.595451	
0.909664	0.846724	0.051608	0.821503	5.006509	
0.005765	0.039875	0.780037	0.000103	8.610235	
0.671920	0.667853	0.012816	0.662775	8.090203	
0.912463	0.011453	0.016612	0.660596	7.765994	
0.777292	0.901472	0.122831	0.799424	5.140728	
0.186612	0.668071	0.866226	0.189946	6.920601	
0.021441	0.899024	0.014684	0.635727	7.875100	
0.055903	0.023963	0.000606	0.017504	9.867165	
0.000323	0.000000	0.791955	0.757675	7.146742	
0.220750	0.297780	0.000107	0.007787	9.184115	
0.323265	0.000575	0.000224	0.367266	9.421641	
0.016753	0.000862	0.313162	0.002506	9.615767	
0.180113	0.241591	0.869112	0.831376	5.869117	
0.175794	0.768509	0.872371	0.783906	5.081648	
0.019423	0.017092	0.679211	0.925999	7.700892	
0.913498	0.806818	0.793892	0.012155	5.289449	
0.663616	0.000863	0.013984	0.925999	7.892647	
0.324228	0.000000	0.000000	0.000000	9.648889	
0.824006	0.805725	0.845468	0.809080	3.489383	
0.186612	0.848076	0.866226	0.189946	5.876326	
0.803111	0.794131	0.929613	0.186208	5.021437	
0.920769	0.028752	0.926800	0.002133	7.075315	
0.001038	0.213990	0.342322	0.021075	9.255413	
0.828791	0.024187	0.873378	0.882649	4.957942	
0.000000	0.001816	0.028713	0.912484	8.380664	
0.808248	0.879765	0.022841	0.008800	6.696888	
0.000665	0.000791	0.324109	0.273124	9.542569	
0.804913	0.213721	0.782022	0.149486	6.241822	
0.181890	0.057810	0.866226	0.189946	7.484534	
0.186612	0.836032	0.866226	0.189800	5.952162	
0.018511	0.794131	0.929613	0.186208	6.592396	
0.686665	0.294826	0.688688	0.645294	7.445455	
0.797612	0.292867	0.000337	0.001610	8.047289	
0.818769	0.879713	0.000035	0.002362	6.748318	
0.899334	0.014581	0.016660	0.654118	7.761315	
0.828721	0.902362	0.122831	0.797629	5.188534	
0.004521	0.905466	0.763210	0.829406	5.467447	
0.002055	0.052969	0.000583	0.919178	8.369768	
