0.743797	0.000218	0.000145	0.000326	8.763827	
0.306107	0.014341	0.000218	0.316885	9.239186	
0.653354	0.015258	0.898398	0.039469	7.725478	
0.086861	0.884869	0.858937	0.774359	5.058693	
0.000663	0.000049	0.000121	0.296135	9.603142	
0.928624	0.000006	0.653246	0.007480	7.918073	
0.000031	0.293028	0.000263	0.000106	9.670548	
0.000410	0.000000	0.320817	0.000108	9.901739	
0.000669	0.643928	0.942698	0.004830	8.063906	
0.032368	0.683923	0.019750	0.926126	7.670954	
0.811579	0.812540	0.916425	0.123970	4.983714	
0.002337	0.042003	0.942698	0.646723	7.992199	
0.827707	0.845677	0.837093	0.833362	3.325019	
0.643256	0.941103	0.000458	0.011779	8.050225	
0.657676	0.670833	0.000543	0.674818	7.999181	
0.016735	0.312819	0.027608	0.320870	9.217381	
0.906086	0.137209	0.846235	0.793398	4.912566	
0.650903	0.685595	0.671926	0.000769	7.976645	
0.774299	0.782810	0.232494	0.926242	5.155071	
0.815599	0.111210	0.915261	0.797521	5.121027	
0.784830	0.925401	0.817950	0.117631	5.140509	
0.917046	0.019462	0.000558	0.647579	7.884090	
0.020739	0.014346	0.649444	0.916092	7.851241	
0.308483	0.028842	0.308802	0.001741	9.205531	
0.000642	0.749743	0.004165	0.003357	8.732317	
0.000267	0.668903	0.675232	0.661639	8.034115	
0.306142	0.306699	0.000005	0.000326	9.243896	
0.000000	0.000000	0.000000	0.000000	10.001793	
0.165996	0.781937	0.818665	0.915419	5.052044	
0.915992	0.780775	0.804257	0.099794	5.207084	
0.154484	0.781937	0.886696	0.793291	5.034919	
0.006517	0.000124	0.336162	0.314862	9.300269	
0.012329	0.891063	0.002532	0.627463	7.931742	
0.001560	0.358378	0.330682	0.003287	9.383559	
0.013428	0.918219	0.656494	0.002358	7.837563	
0.811728	0.111210	0.786865	0.926221	5.183411	
0.000002	0.000283	0.783241	0.005009	8.909885	
0.927726	0.637507	0.028252	0.022555	7.963123	
0.000009	0.001417	0.000171	0.787421	8.724556	
0.657329	0.024323	0.001883	0.927093	7.855930	
0.658578	0.003633	0.672108	0.666802	8.019082	
0.296212	0.004290	0.005465	0.001902	9.592708	
0.043023	0.683923	0.019779	0.926126	7.646127	
0.000012	0.017070	0.000171	0.787421	8.548188	
0.915992	0.768831	0.804257	0.091618	5.299573	
0.820989	0.115133	0.000529	0.062773	8.049294	
0.306107	0.873667	0.000252	0.316996	7.575954	
0.659667	0.024323	0.001883	0.927093	7.839859	
0.675657	0.652885	0.000299	0.674818	7.997379	
0.002020	0.917924	0.677779	0.003287	7.692252	
0.154484	0.780320	0.887095	0.780813	5.122738	
0.016462	0.000204	0.649444	0.916092	7.873958	
0.000087	0.000049	0.000121	0.307702	9.622285	
0.000054	0.305790	0.017683	0.326880	9.253535	
0.811728	0.111210	0.915274	0.926221	5.101275	
0.784830	0.886921	0.805276	0.149154	5.005274	
0.918633	0.019462	0.018112	0.642452	7.920015	
0.811579	0.820026	0.883681	0.123970	4.858803	
0.001049	0.282964	0.000006	0.008789	9.579404	
0.928624	0.000006	0.811607	0.119939	6.662299	
0.086861	0.884869	0.858937	0.774359	5.058693	
0.643256	0.941103	0.000458	0.119401	7.838763	
0.306107	0.005077	0.000053	0.000453	9.621116	
0.296212	0.008290	0.308840	0.001902	9.219650	
0.028619	0.005757	0.922947	0.665773	7.770836	
0.662701	0.646208	0.026477	0.022434	8.782040	
0.812165	0.111210	0.915261	0.797521	5.262565	
0.000410	0.016699	0.320817	0.000108	9.899679	
0.000077	0.096445	0.645410	0.002296	9.310579	
0.000642	0.096445	0.005395	0.007974	9.815151	
0.301247	0.000000	0.647753	0.314862	8.708823	
0.012966	0.360666	0.313312	0.001740	9.345703	
0.916893	0.649176	0.026477	0.022555	7.835732	
0.658578	0.734619	0.672303	0.654689	6.941739	
0.659476	0.015837	0.898398	0.039469	7.682156	
0.316312	0.683634	0.668011	0.000781	8.172602	
0.306107	0.022225	0.000218	0.316885	9.233773	
0.026384	0.764404	0.942698	0.039066	7.316984	
0.906086	0.137209	0.846235	0.796234	4.899398	
0.000912	0.759500	0.000127	0.007974	8.804062	
0.002020	0.885355	0.658695	0.003287	7.720449	
0.032353	0.306699	0.000005	0.005110	9.575871	
0.086861	0.079737	0.030314	0.761141	8.357366	
0.811579	0.820026	0.883681	0.118891	4.871252	
0.640697	0.005077	0.000053	0.000453	9.554784	
0.299623	0.873667	0.000424	0.316996	7.567472	
0.000025	0.885352	0.856188	0.820069	5.084156	
0.008137	0.892274	0.002980	0.119543	8.112702	
0.301231	0.941103	0.000897	0.121063	8.069068	
0.000079	0.017153	0.320817	0.000108	9.902552	
0.091943	0.042003	0.942698	0.051821	8.282133	
0.306107	0.022225	0.000130	0.316885	9.234086	
0.928624	0.000026	0.645510	0.007480	8.087883	
0.650903	0.683634	0.668011	0.000781	8.020066	
0.002181	0.769369	0.804257	0.091618	6.861779	
0.664728	0.015837	0.898398	0.051314	7.657327	
0.820989	0.115133	0.784574	0.898108	5.029063	
0.309371	0.643928	0.305152	0.004830	8.732389	
0.000087	0.523876	0.000121	0.307702	9.609204	
0.878203	0.806274	0.019482	0.119543	6.486675	
