0.001890	0.655623	0.659574	0.669038	8.210084	
0.809237	0.897447	0.812701	0.009388	5.156999	
0.000334	0.000665	0.283515	0.000586	9.587657	
0.652658	0.021556	0.008631	0.904974	7.791170	
0.226446	0.280046	0.858769	0.837046	5.804665	
0.000055	0.000160	0.000003	0.772188	8.610673	
0.674750	0.650269	0.000033	0.670640	8.029631	
0.036563	0.011222	0.858599	0.402009	8.176133	
0.851645	0.177752	0.216984	0.830705	5.888244	
0.118670	0.803727	0.909321	0.762924	5.243792	
0.929122	0.173941	0.791049	0.835918	5.045512	
0.001336	0.295727	0.003551	0.000997	9.722108	
0.653161	0.849812	0.008631	0.012643	7.719038	
0.016797	0.660426	0.000141	0.854957	7.669683	
0.949962	0.723849	0.026702	0.016697	7.471280	
0.026288	0.664130	0.865899	0.010084	7.733892	
0.124425	0.768607	0.792305	0.899059	5.207942	
0.816806	0.904646	0.163008	0.788512	4.933703	
0.295545	0.246345	0.000000	0.000000	9.183426	
0.306591	0.002919	0.000451	0.007726	9.779729	
0.004386	0.920441	0.033174	0.660630	7.782683	
0.300753	0.011136	0.000409	0.409206	9.487067	
0.000042	0.358131	0.003383	0.351858	9.472118	
0.949962	0.034883	0.026702	0.659331	7.926189	
0.017718	0.000001	0.778367	0.000034	8.773943	
0.201674	0.867581	0.258151	0.864927	5.799817	
0.660642	0.001186	0.906411	0.001869	7.769126	
0.000000	0.000000	0.000000	0.000000	10.002004	
0.301481	0.011963	0.304424	0.010825	9.219701	
0.000096	0.753268	0.000029	0.000811	8.697959	
0.018575	0.028455	0.663459	0.892689	7.806039	
0.820858	0.072802	0.806051	0.911312	5.079747	
0.770242	0.000028	0.000409	0.000006	8.627226	
0.937872	0.031494	0.589339	0.022794	8.281564	
0.045639	0.000000	0.304439	0.341552	9.235439	
0.103257	0.902925	0.790430	0.793767	5.144617	
0.000601	0.001563	0.000003	0.297787	9.778146	
0.660916	0.001186	0.660896	0.664765	8.135668	
0.851107	0.825258	0.848119	0.852560	3.284228	
0.658371	0.665758	0.684952	0.000079	8.024627	
0.766814	0.122065	0.887199	0.818739	5.092987	
0.835505	0.770461	0.043767	0.892965	5.212777	
0.039498	0.262627	0.365393	0.000259	9.266189	
0.039498	0.907374	0.365393	0.010843	8.127343	
0.851153	0.826947	0.205401	0.840384	4.584146	
0.000000	0.000001	0.000000	0.780080	8.539312	
0.018842	0.028455	0.694866	0.892689	7.420779	
0.783150	0.000028	0.000409	0.002440	8.524265	
0.000002	0.246030	0.000000	0.009171	9.755789	
0.100446	0.902925	0.790430	0.793767	5.153455	
0.952252	0.034745	0.026702	0.659381	8.058077	
0.044254	0.276982	0.237923	0.022884	9.069774	
0.708255	0.666658	0.002375	0.000508	8.502905	
0.000043	0.358131	0.000006	0.351858	9.482121	
0.000162	0.015004	0.014375	0.065325	9.866093	
0.000058	0.297096	0.000003	0.862093	7.913218	
0.217801	0.305888	0.854376	0.876829	5.867392	
0.929122	0.177752	0.797934	0.836560	4.997500	
0.872173	0.176273	0.795505	0.892965	4.856418	
0.883374	0.278861	0.234569	0.892965	5.846020	
0.019879	0.000000	0.283515	0.348690	9.267500	
0.297925	0.011353	0.000418	0.408973	9.480824	
0.040501	0.922822	0.348414	0.022804	8.103944	
0.006995	0.768607	0.792305	0.899062	5.439153	
0.657198	0.021556	0.032799	0.897766	7.699256	
0.201674	0.862818	0.258151	0.853753	5.865604	
0.658371	0.665758	0.686202	0.000518	8.014809	
0.660642	0.001186	0.856550	0.017083	7.683340	
0.809237	0.897447	0.812701	0.009388	5.156999	
0.000400	0.000000	0.793868	0.000034	8.672673	
0.037219	0.269416	0.865899	0.010084	7.826476	
0.220676	0.769287	0.794262	0.902209	5.053294	
0.000002	0.000209	0.000000	0.300290	9.780465	
0.851107	0.825907	0.695810	0.840285	4.098540	
0.944250	0.357993	0.000058	0.007323	8.413142	
0.820858	0.764289	0.003096	0.921189	5.451458	
0.817664	0.909691	0.002363	0.000805	6.827092	
0.291347	0.001426	0.010808	0.010825	9.575753	
0.816696	0.904646	0.173461	0.788512	4.910905	
0.002951	0.754380	0.000029	0.000164	8.692521	
0.003748	0.000665	0.283515	0.000586	9.584491	
0.003336	0.844600	0.015349	0.347791	8.020486	
0.000334	0.844640	0.866495	0.819289	4.993991	
0.301944	0.000303	0.304424	0.010825	9.249692	
0.660928	0.001652	0.654984	0.677423	8.072753	
0.793202	0.124768	0.887199	0.818739	4.944559	
0.924017	0.000639	0.660760	0.022794	7.818211	
0.036563	0.001670	0.858599	0.402286	8.186324	
0.942028	0.032701	0.214953	0.017173	8.103795	
0.012439	0.849812	0.006609	0.012643	8.281950	
0.069441	0.826947	0.205401	0.840384	6.272750	
0.004386	0.009741	0.033174	0.002043	9.958804	
0.851107	0.825258	0.830993	0.012614	5.365189	
0.657198	0.778213	0.903540	0.897408	4.725207	
0.000002	0.246030	0.000665	0.009253	9.703954	
0.012994	0.883878	0.807239	0.668282	6.048992	
0.013114	0.016142	0.269096	0.074012	9.427699	
0.035799	0.269618	0.855455	0.009355	7.831154	
0.815084	0.267106	0.365393	0.000298	7.703465	
0.660642	0.001428	0.033558	0.690239	8.491447	
