0.675756	0.008029	0.668421	0.658522	7.971762	
0.000003	0.002430	0.339412	0.320338	9.320476	
0.278518	0.000000	0.000002	0.000006	9.586103	
0.753035	0.000599	0.000676	0.000006	8.752053	
0.773811	0.149977	0.913521	0.790010	5.231998	
0.000000	0.000000	0.000000	0.000000	10.002271	
0.079594	0.823942	0.942026	0.823051	5.150077	
0.670857	0.662509	0.660722	0.000019	8.051536	
0.164329	0.169818	0.859084	0.855120	5.948454	
0.000000	0.303058	0.336691	0.001970	9.288015	
0.005098	0.663505	0.688321	0.668197	7.872932	
0.000407	0.002092	0.860983	0.341777	7.992028	
0.000218	0.000073	0.759181	0.000015	8.666861	
0.859922	0.843835	0.777148	0.117687	4.955361	
0.001927	0.000086	0.000297	0.773925	8.621192	
0.891807	0.020431	0.840387	0.855615	4.955938	
0.000646	0.765521	0.001437	0.000056	8.625572	
0.000004	0.000072	0.303149	0.000000	9.621078	
0.919254	0.021199	0.001726	0.630708	8.009493	
0.014525	0.904174	0.668413	0.000584	7.691638	
0.096534	0.847564	0.777148	0.893724	5.051974	
0.008989	0.737584	0.002242	0.928041	7.334677	
0.888114	0.015461	0.668603	0.001003	7.712286	
0.340580	0.310094	0.000001	0.000013	9.308159	
0.003273	0.693026	0.946962	0.013889	7.718989	
0.936590	0.875492	0.034031	0.799095	5.303706	
0.329375	0.018609	0.298076	0.000000	9.537308	
0.000502	0.026096	0.632726	0.959671	8.396989	
0.796869	0.155588	0.783119	0.887855	5.007152	
0.923550	0.658198	0.001726	0.013470	7.848973	
0.000494	0.000000	0.000002	0.300857	9.611406	
0.856743	0.868135	0.862305	0.854766	3.236364	
0.652280	0.025399	0.917542	0.002125	7.843456	
0.024827	0.981635	0.000008	0.658482	8.215720	
0.000505	0.305958	0.001736	0.000053	9.621716	
0.655945	0.036440	0.001297	0.944849	7.949887	
0.673841	0.666637	0.000680	0.661827	7.983867	
0.348006	0.005528	0.000001	0.317855	9.331956	
0.649441	0.916000	0.025017	0.023165	7.836700	
0.013370	0.327273	0.004847	0.309990	9.260505	
0.884720	0.015461	0.670340	0.000982	7.689260	
0.673841	0.659991	0.000298	0.661827	8.032096	
0.348920	0.010990	0.000749	0.000002	9.691691	
0.859922	0.853791	0.777148	0.117687	4.949213	
0.873548	0.149475	0.869202	0.803190	4.807123	
0.004865	0.654926	0.936626	0.045481	7.885998	
0.906316	0.026379	0.001726	0.621941	7.994990	
0.000102	0.294533	0.227074	0.000053	9.199176	
0.096534	0.849090	0.788779	0.143769	6.753632	
0.024827	0.979672	0.000008	0.649584	8.262563	
0.005844	0.000165	0.862332	0.335940	7.975905	
0.335411	0.664162	0.000002	0.003768	9.150584	
0.924114	0.657411	0.008857	0.000771	7.864202	
0.244216	0.843835	0.040538	0.117288	7.683033	
0.014013	0.026096	0.666988	0.858262	7.591637	
0.803790	0.161033	0.771669	0.883311	5.022406	
0.000646	0.765521	0.000317	0.007375	8.614780	
0.000484	0.000165	0.000445	0.291178	9.596449	
0.000000	0.000000	0.002448	0.828538	8.435643	
0.096534	0.850705	0.916725	0.801115	5.014529	
0.656319	0.011322	0.001297	0.934863	7.923096	
0.822121	0.149977	0.913521	0.803190	4.960951	
0.348006	0.004597	0.000001	0.317855	9.776239	
0.638812	0.000160	0.666705	0.952655	7.590381	
0.832044	0.850919	0.777148	0.903779	3.597850	
0.654975	0.025325	0.917542	0.004849	7.821612	
0.025556	0.654440	0.007452	0.661827	8.751126	
0.096534	0.847564	0.774682	0.893724	5.066168	
0.000003	0.005054	0.336691	0.320338	9.312419	
0.665895	0.848341	0.644160	0.015092	7.128208	
0.000003	0.000165	0.000445	0.000958	10.000392	
0.164329	0.243568	0.861781	0.855120	5.861926	
0.770713	0.000503	0.000004	0.002235	8.621915	
0.009315	0.737584	0.001740	0.928041	7.334817	
0.000001	0.000086	0.319037	0.000000	9.714077	
0.000425	0.000073	0.757797	0.000015	8.674628	
0.005098	0.654776	0.688214	0.668197	7.934319	
0.667312	0.002479	0.644826	0.012482	8.845134	
0.000102	0.305958	0.002239	0.000053	9.621610	
0.894710	0.033310	0.004850	0.304907	7.922760	
0.675756	0.000004	0.658514	0.658522	8.077117	
0.000646	0.765521	0.001404	0.000056	8.625803	
0.014152	0.643793	0.666988	0.689756	7.975654	
0.000407	0.000539	0.860983	0.341777	7.993655	
0.096534	0.850705	0.777148	0.893724	5.050382	
0.000003	0.849616	0.344868	0.320338	7.708550	
0.773811	0.149977	0.786956	0.143220	6.574512	
0.000484	0.000165	0.000462	0.290938	9.596476	
0.112886	0.026379	0.000044	0.621941	9.391458	
0.890536	0.015506	0.012813	0.032777	8.343328	
0.889950	0.847564	0.774682	0.893724	3.583033	
0.000102	0.301079	0.227074	0.000053	9.194330	
0.796869	0.155588	0.783119	0.887855	5.007152	
0.001651	0.156490	0.317825	0.005600	9.318967	
0.000341	0.002961	0.757797	0.906171	7.165016	
0.873548	0.143377	0.869202	0.856721	4.701276	
0.814313	0.801752	0.837343	0.081453	5.005154	
0.923550	0.660090	0.001726	0.013470	7.842302	
0.655651	0.025325	0.917542	0.004849	7.816908	
0.856551	0.149977	0.913521	0.790010	4.968950	
