0.937163	0.841520	0.019129	0.834275	5.270936	
0.150661	0.821621	0.239617	0.870342	6.009640	
0.039385	0.002039	0.958273	0.638199	8.154702	
0.021643	0.886333	0.688719	0.007610	7.480324	
0.785819	0.829017	0.904867	0.152556	4.961790	
0.106173	0.775506	0.798046	0.899216	5.198619	
0.002710	0.287066	0.000168	0.000044	9.612056	
0.769865	0.083492	0.802104	0.904745	5.280249	
0.000212	0.302867	0.306353	0.009628	9.226117	
0.160913	0.923200	0.827986	0.779837	5.028848	
0.645225	0.668534	0.660184	0.000513	8.188272	
0.878608	0.660184	0.033467	0.001366	7.657996	
0.169684	0.198932	0.864881	0.867059	5.892659	
0.898400	0.065954	0.809576	0.810882	5.063881	
0.642452	0.858260	0.028077	0.021755	7.809723	
0.276741	0.015549	0.018827	0.287069	9.137348	
0.745896	0.000019	0.000002	0.000683	8.932753	
0.000339	0.000146	0.298844	0.000247	9.803441	
0.665462	0.002776	0.672301	0.646603	8.114274	
0.015705	0.894755	0.018767	0.636952	7.857762	
0.010857	0.629044	0.929038	0.008978	8.066798	
0.873911	0.015900	0.659931	0.003033	7.679829	
0.003090	0.000203	0.000010	0.282601	9.587131	
0.150375	0.857321	0.864063	0.156237	6.008021	
0.013707	0.001594	0.753768	0.002854	8.761267	
0.287909	0.274106	0.000437	0.009628	9.171949	
0.658336	0.663696	0.002816	0.653467	8.429081	
0.843203	0.003777	0.027787	0.638001	7.814107	
0.000000	0.000000	0.000002	0.000000	10.400481	
0.000890	0.306652	0.000010	0.287953	9.211900	
0.276741	0.000077	0.305900	0.002759	9.198479	
0.824810	0.894337	0.009797	0.776194	5.259673	
0.013440	0.733859	0.000670	0.000154	8.836327	
0.827195	0.118104	0.874588	0.787879	4.936902	
0.643200	0.016066	0.015978	0.898699	7.831474	
0.134300	0.829017	0.905361	0.868881	4.784229	
0.002873	0.015545	0.657333	0.941689	7.949460	
0.000810	0.665015	0.679015	0.653443	8.088526	
0.000684	0.003755	0.004615	0.738229	8.800345	
0.000326	0.012414	0.298845	0.287069	9.187011	
0.890904	0.122608	0.874588	0.288872	6.024404	
0.849243	0.837680	0.876097	0.834570	3.288419	
0.000305	0.643906	0.008839	0.886570	7.821498	
0.267392	0.000785	0.000020	0.000030	9.588021	
0.776800	0.821621	0.240244	0.870342	4.862555	
0.676712	0.002182	0.958273	0.007071	7.926353	
0.741960	0.898856	0.855850	0.148716	5.243287	
0.937507	0.842655	0.808957	0.035654	5.241515	
0.010038	0.002039	0.958273	0.638199	8.197150	
0.160395	0.841520	0.238289	0.847389	5.990256	
0.776800	0.813902	0.012442	0.923432	5.393892	
0.106173	0.775506	0.826810	0.899216	5.099103	
0.148507	0.000468	0.905541	0.955490	6.753784	
0.665462	0.001880	0.672301	0.653320	8.070526	
0.750807	0.833495	0.894719	0.162828	5.081218	
0.741960	0.898856	0.855850	0.150000	5.240487	
0.741960	0.000536	0.002626	0.000692	8.810083	
0.937163	0.841520	0.238289	0.834275	4.866709	
0.013440	0.733859	0.000670	0.001818	8.834633	
0.020542	0.858310	0.854437	0.836818	4.921075	
0.266109	0.001456	0.001620	0.000034	9.581707	
0.003090	0.274555	0.000010	0.282601	9.168481	
0.278493	0.303133	0.145478	0.009335	8.907549	
0.843203	0.028637	0.027795	0.646744	7.724431	
0.840916	0.020369	0.905541	0.850926	5.004504	
0.000305	0.643906	0.052232	0.868995	7.728880	
0.003495	0.012680	0.282092	0.287069	9.169568	
0.000813	0.665065	0.670048	0.653443	8.114287	
0.849243	0.858310	0.853402	0.836818	3.257323	
0.030682	0.894755	0.018767	0.636952	7.836160	
0.678284	0.002182	0.958273	0.005952	7.915756	
0.824810	0.894337	0.004619	0.776194	5.263769	
0.276741	0.000077	0.305900	0.083887	9.057717	
0.000000	0.000000	0.000002	0.000000	10.002797	
0.000645	0.015969	0.067117	0.269364	9.468636	
0.169684	0.203594	0.864898	0.867059	5.888091	
0.012444	0.000374	0.235875	0.000976	9.564095	
0.642452	0.858310	0.000531	0.030878	7.840571	
0.834473	0.020369	0.023012	0.850926	6.591261	
0.898276	0.065954	0.854360	0.810882	4.970741	
0.011768	0.302867	0.286527	0.009628	9.189058	
0.809804	0.083492	0.802104	0.904745	5.083486	
0.000129	0.289865	0.000168	0.000044	9.652919	
0.890811	0.068456	0.873856	0.236019	6.135220	
0.276741	0.012680	0.018870	0.287069	9.141869	
0.145337	0.022784	0.905719	0.177212	7.897210	
0.150375	0.857321	0.864063	0.159873	5.998809	
0.654053	0.668534	0.660184	0.000513	8.128385	
0.824979	0.306656	0.000010	0.287953	7.575562	
0.916457	0.818354	0.808957	0.000706	5.321943	
0.005906	0.628953	0.929038	0.008978	8.072804	
0.159421	0.841520	0.238289	0.002746	7.845076	
0.011698	0.000374	0.235875	0.875431	7.993733	
0.000223	0.641185	0.055429	0.009314	9.420223	
0.859377	0.665015	0.679015	0.653443	6.439480	
0.003478	0.853735	0.854552	0.836818	4.943134	
0.253571	0.019172	0.000809	0.287069	9.148183	
0.003547	0.000000	0.000002	0.875738	8.641157	
0.000655	0.301717	0.000368	0.269364	9.202566	
0.871652	0.007222	0.659931	0.003033	7.802513	
