0.017379	0.863269	0.366479	0.009105	8.027677	
0.662976	0.008021	0.002872	0.878111	7.679472	
0.000096	0.019763	0.291445	0.284168	9.197130	
0.001194	0.300928	0.000387	0.003833	9.630496	
0.052526	0.031978	0.869786	0.659429	7.613202	
0.008005	0.890750	0.005309	0.665289	7.686412	
0.252370	0.078480	0.876125	0.877675	6.083346	
0.803858	0.784958	0.925241	0.037725	5.360761	
0.005091	0.598681	0.021195	0.905116	8.118910	
0.640756	0.662361	0.672500	0.002558	8.220804	
0.868457	0.865567	0.838648	0.861685	3.253060	
0.000000	0.000000	0.000000	0.000000	10.007708	
0.026933	0.676702	0.876840	0.019566	7.729790	
0.897381	0.849889	0.812444	0.005986	5.062458	
0.904766	0.081128	0.009709	0.666467	7.595705	
0.840836	0.033060	0.341879	0.027427	7.966123	
0.339450	0.011330	0.838598	0.028784	7.956952	
0.345288	0.883389	0.003155	0.028773	7.985362	
0.022400	0.010655	0.380912	0.859868	8.058567	
0.775397	0.135802	0.775027	0.905917	5.253327	
0.000000	0.000000	0.000000	0.270300	9.580991	
0.004220	0.338983	0.306372	0.011504	9.280670	
0.000365	0.667828	0.647083	0.647952	8.278250	
0.655220	0.665513	0.002810	0.646109	8.242880	
0.941550	0.661750	0.003818	0.031010	8.136028	
0.862015	0.133303	0.856446	0.249610	5.986038	
0.926990	0.753915	0.194106	0.772506	5.401700	
0.318393	0.027566	0.008130	0.303128	9.206489	
0.000096	0.738876	0.000395	0.003833	8.793191	
0.851039	0.860648	0.182126	0.264755	5.853110	
0.000099	0.000105	0.746718	0.000840	8.824726	
0.314068	0.329208	0.018037	0.001799	9.266348	
0.775544	0.865567	0.197260	0.894382	4.861738	
0.736979	0.002672	0.005449	0.002870	8.825115	
0.027635	0.805338	0.882483	0.840701	5.032302	
0.661192	0.004043	0.666381	0.663213	8.099390	
0.000241	0.000443	0.000566	0.749926	8.723899	
0.000000	0.000000	0.289146	0.000016	9.601901	
0.868401	0.175845	0.126573	0.861515	6.023905	
0.020160	0.372819	0.008200	0.283610	9.319746	
0.929644	0.077276	0.829772	0.786921	5.211833	
0.293243	0.000000	0.000000	0.000085	9.599491	
0.316647	0.010161	0.293467	0.038406	9.171930	
0.803843	0.068656	0.924630	0.843598	5.271011	
0.023113	0.857819	0.182126	0.270207	7.497642	
0.863345	0.001387	0.301491	0.029468	7.892508	
0.318393	0.000685	0.008130	0.270300	9.207222	
0.803858	0.883997	0.902149	0.037725	5.084539	
0.306406	0.010161	0.294613	0.000063	9.207795	
0.136737	0.861427	0.192282	0.879411	5.985613	
0.803843	0.068656	0.924630	0.843598	5.274301	
0.026933	0.345762	0.876840	0.019566	7.958089	
0.868401	0.175845	0.126573	0.003198	7.717450	
0.314068	0.329208	0.000073	0.000074	9.289081	
0.000096	0.007607	0.291163	0.284168	9.293868	
0.581797	0.000277	0.838598	0.024409	8.130179	
0.253677	0.078480	0.876125	0.877675	6.081418	
0.929644	0.091520	0.829772	0.875809	5.017116	
0.803643	0.880661	0.802524	0.075696	5.061705	
0.845331	0.135851	0.856431	0.249610	5.987677	
0.000728	0.333614	0.017982	0.270500	9.226129	
0.828094	0.300928	0.000387	0.055560	7.875775	
0.661162	0.004043	0.661675	0.663213	8.133977	
0.004687	0.736822	0.000007	0.014909	8.814401	
0.017379	0.849889	0.366479	0.005984	8.034482	
0.844308	0.856179	0.838648	0.878421	3.271001	
0.868401	0.869868	0.151619	0.852259	4.633497	
0.318393	0.775984	0.201151	0.270300	7.383584	
0.293243	0.000000	0.000000	0.000085	9.599539	
0.897381	0.849889	0.812444	0.005984	5.063387	
0.852833	0.857819	0.182126	0.269727	5.834024	
0.775397	0.135802	0.775027	0.905917	5.253327	
0.022400	0.010655	0.380912	0.859479	8.063779	
0.000000	0.064051	0.917831	0.000000	8.446254	
0.000516	0.000443	0.000566	0.743314	8.768095	
0.868667	0.032784	0.002418	0.650520	7.716769	
0.010647	0.300928	0.299278	0.003833	9.204614	
0.114387	0.928020	0.774274	0.776554	5.401439	
0.000152	0.276296	0.871370	0.702548	7.477521	
0.136737	0.865026	0.868608	0.879411	4.677279	
0.844252	0.175845	0.126573	0.878250	6.043490	
0.001194	0.300928	0.000094	0.003833	9.987587	
0.000000	0.000000	0.289146	0.000016	9.626439	
0.118401	0.002672	0.008746	0.002870	9.946554	
0.000728	0.164362	0.017982	0.270500	9.534558	
0.810483	0.838837	0.021195	0.873707	5.089946	
0.013047	0.135802	0.775027	0.905917	6.677543	
0.297616	0.027566	0.012099	0.303128	9.199840	
0.001194	0.062449	0.854510	0.654790	7.694467	
0.052526	0.297200	0.028886	0.016031	9.503114	
0.004687	0.857630	0.380995	0.014909	8.254478	
0.868282	0.759534	0.194106	0.830020	4.955595	
0.661162	0.004043	0.661675	0.663213	8.133977	
0.929644	0.091520	0.791396	0.875809	5.173504	
0.942492	0.000000	0.003282	0.000061	8.568943	
0.639209	0.014758	0.002285	0.753334	8.207516	
0.844244	0.175845	0.126573	0.780117	6.262342	
0.294792	0.147697	0.006813	0.000085	9.314701	
0.830140	0.836360	0.838648	0.028928	5.023969	
0.835560	0.891950	0.017220	0.827922	5.012971	
