0.002900	0.912675	0.063394	0.627385	7.918429	
0.668613	0.654658	0.000003	0.670833	8.050860	
0.761400	0.000005	0.000007	0.000185	8.688220	
0.000003	0.291252	0.000009	0.000050	9.667423	
0.928964	0.773975	0.155484	0.782939	5.277234	
0.153928	0.887323	0.157807	0.865705	6.031420	
0.001058	0.000000	0.764888	0.000001	8.867149	
0.003933	0.772029	0.003407	0.006391	8.647449	
0.134544	0.785794	0.904662	0.784825	5.143617	
0.862288	0.204580	0.892606	0.303236	5.964000	
0.013739	0.010347	0.900249	0.635283	7.899618	
0.637130	0.000725	0.000152	0.906777	8.013686	
0.827707	0.839263	0.837619	0.832270	3.331267	
0.645940	0.006997	0.904967	0.001805	7.860106	
0.289946	0.000000	0.000003	0.275546	9.178132	
0.900307	0.010300	0.344055	0.004543	8.062020	
0.000212	0.000000	0.000333	0.769888	8.918561	
0.833978	0.179716	0.773406	0.863304	4.862996	
0.000036	0.279730	0.008435	0.320451	9.219985	
0.771951	0.887323	0.159506	0.790478	5.086763	
0.894771	0.851819	0.152962	0.959062	5.051154	
0.000042	0.665072	0.650051	0.660649	8.178629	
0.834503	0.007587	0.009163	0.689293	7.492742	
0.661516	0.004463	0.663138	0.655880	8.140498	
0.889617	0.225967	0.248946	0.858059	5.807954	
0.001301	0.000008	0.329886	0.305148	9.276829	
0.000969	0.634041	0.024919	0.914326	7.952261	
0.000000	0.000000	0.000000	0.000000	10.259193	
0.000005	0.000000	0.000000	0.289739	9.623843	
0.836583	0.774271	0.846599	0.087560	5.060097	
0.960451	0.668618	0.005815	0.000083	8.005125	
0.030046	0.666089	0.892606	0.037286	7.621979	
0.000000	0.004039	0.264458	0.836191	7.923433	
0.655873	0.917439	0.000005	0.006491	7.871133	
0.169413	0.895469	0.803242	0.784848	4.958930	
0.170352	0.770428	0.804534	0.914361	5.100252	
0.784917	0.097755	0.886476	0.783847	5.191077	
0.290755	0.294364	0.000342	0.000363	9.203087	
0.314589	0.000000	0.324091	0.000484	9.318305	
0.000379	0.000000	0.306098	0.000474	9.993700	
0.000049	0.291585	0.341685	0.009770	9.277186	
0.658126	0.676880	0.667408	0.000079	8.033732	
0.289812	0.000000	0.000000	0.000000	9.596790	
0.034491	0.896114	0.653622	0.016579	7.724613	
0.887094	0.225948	0.250268	0.865801	5.854049	
0.925197	0.772029	0.155566	0.782996	5.268972	
0.847638	0.097755	0.886476	0.687252	5.654594	
0.013374	0.000797	0.902148	0.641933	7.873889	
0.833212	0.178839	0.773406	0.848930	4.935681	
0.208561	0.161386	0.796290	0.907054	6.131863	
0.642339	0.003102	0.896749	0.001843	7.912812	
0.000000	0.000009	0.000007	0.289739	9.672022	
0.000212	0.000000	0.000002	0.769888	8.953433	
0.010744	0.906284	0.063394	0.641933	7.791258	
0.827707	0.839263	0.848626	0.002358	4.980080	
0.300485	0.000000	0.324091	0.007023	9.250705	
0.000379	0.000000	0.306098	0.000490	9.882208	
0.637066	0.021944	0.000152	0.823583	7.871361	
0.289812	0.991742	0.732838	0.089579	7.210631	
0.668613	0.079380	0.000003	0.666236	8.527218	
0.000000	0.000000	0.000000	0.000000	10.001179	
0.290755	0.294364	0.000003	0.000363	9.231406	
0.000969	0.770455	0.024919	0.914360	6.985095	
0.020686	0.000008	0.329886	0.305148	9.252157	
0.000001	0.291252	0.850408	0.000050	7.979956	
0.158598	0.892803	0.157807	0.865705	6.030728	
0.001218	0.279730	0.000008	0.320451	9.227249	
0.000943	0.282667	0.000000	0.004268	9.682474	
0.764155	0.000006	0.020576	0.687389	7.876384	
0.862288	0.204580	0.892606	0.303236	5.964000	
0.784917	0.097755	0.886476	0.787189	5.173949	
0.289946	0.005728	0.000003	0.000363	9.590748	
0.011972	0.917697	0.799509	0.783394	5.388621	
0.871800	0.724263	0.000000	0.000000	7.218472	
0.762785	0.000000	0.000217	0.040641	8.647999	
0.655873	0.908296	0.000045	0.006491	7.837193	
0.134153	0.778568	0.904662	0.819376	5.040389	
0.168537	0.768941	0.811179	0.903035	5.077012	
0.897570	0.796506	0.802642	0.930379	3.760247	
0.004876	0.225705	0.224431	0.000000	9.194975	
0.001058	0.000000	0.764888	0.000001	8.796940	
0.862242	0.914425	0.812345	0.087560	5.053537	
0.000000	0.724276	0.000000	0.000000	8.904672	
0.795805	0.911879	0.063878	0.783288	5.293122	
0.891846	0.286895	0.344055	0.004543	7.888642	
0.819742	0.179806	0.899816	0.635283	5.942005	
0.766131	0.326809	0.000003	0.000363	8.272217	
0.005997	0.000000	0.002024	0.799788	8.433393	
0.874390	0.296789	0.149043	0.802849	6.055976	
0.000000	0.012215	0.000000	0.000005	9.995349	
0.862288	0.204580	0.892606	0.303236	5.964000	
0.626259	0.272794	0.000003	0.567296	9.087775	
0.655897	0.002489	0.860237	0.001805	7.886803	
0.677612	0.290492	0.000004	0.621308	8.488913	
0.013635	0.865058	0.012652	0.641933	7.787718	
0.034296	0.000000	0.305295	0.000490	9.915615	
0.637066	0.021689	0.000152	0.823583	7.871741	
0.170249	0.004039	0.264458	0.836191	7.648707	
0.000036	0.279730	0.000008	0.320451	9.229403	
0.000000	0.000009	0.000007	0.290302	9.657329	
