0.098609	0.771962	0.788068	0.874243	5.276359	
0.000003	0.000248	0.000001	0.284714	9.594570	
0.852428	0.862977	0.168101	0.201317	5.896375	
0.114513	0.870331	0.142045	0.856834	6.125937	
0.641016	0.868126	0.017353	0.065014	7.706440	
0.000008	0.302250	0.000048	0.000000	9.879246	
0.011399	0.306878	0.003978	0.327248	9.256903	
0.043430	0.880168	0.808444	0.832006	5.012200	
0.000000	0.000000	0.000000	0.000000	10.090262	
0.836400	0.127075	0.774884	0.852125	4.959208	
0.011791	0.881254	0.301628	0.003581	7.925745	
0.818430	0.127142	0.861882	0.774144	5.015416	
0.888398	0.854170	0.860587	0.039067	4.905592	
0.681354	0.671816	0.659527	0.000003	8.065798	
0.947816	0.824988	0.168246	0.771904	5.210099	
0.338725	0.035482	0.863074	0.027455	7.909140	
0.811644	0.792020	0.085406	0.890310	5.071804	
0.669655	0.000317	0.674866	0.658264	8.087234	
0.909930	0.009089	0.822490	0.823943	5.114179	
0.805566	0.927476	0.078547	0.783039	5.295942	
0.013602	0.365856	0.014837	0.863793	8.022304	
0.001008	0.753736	0.000139	0.001560	8.714108	
0.851408	0.372567	0.055238	0.027684	7.956285	
0.061679	0.042230	0.884675	0.375798	7.954771	
0.001008	0.000000	0.003719	0.739929	8.791632	
0.007271	0.663011	0.630981	0.664007	8.287861	
0.818475	0.776995	0.900029	0.079241	5.173932	
0.755058	0.003655	0.005634	0.000038	8.719327	
0.374330	0.332352	0.000115	0.000000	9.445712	
0.840601	0.844837	0.827798	0.830331	3.359554	
0.001054	0.020441	0.647285	0.873911	7.767531	
0.001181	0.000393	0.752899	0.001467	8.722819	
0.664728	0.670040	0.001985	0.655617	8.078196	
0.016327	0.622144	0.896373	0.011224	8.101349	
0.651432	0.001990	0.017731	0.899310	7.819259	
0.202674	0.237751	0.846376	0.832717	5.971485	
0.367402	0.000382	0.353719	0.001565	9.474416	
0.035615	0.301629	0.343497	0.006863	9.250963	
0.058796	0.862229	0.011622	0.312219	7.834522	
0.338725	0.000404	0.023697	0.282274	9.241141	
0.301222	0.000084	0.004173	0.000695	9.815449	
0.009407	0.000006	0.294454	0.311218	9.231470	
0.898742	0.006220	0.003726	0.543876	8.317344	
0.000203	0.000006	0.294454	0.000162	9.614870	
0.870253	0.028140	0.300120	0.056503	7.802034	
0.106651	0.760572	0.901553	0.817542	5.209281	
0.829321	0.923013	0.780421	0.049649	5.271405	
0.000001	0.647989	0.667591	0.685683	8.069844	
0.818430	0.127142	0.861882	0.774833	5.010387	
0.899513	0.006232	0.003698	0.620900	8.001151	
0.373333	0.791671	0.294103	0.000746	7.845328	
0.001253	0.004932	0.711910	0.284139	8.580288	
0.670344	0.670040	0.001985	0.664007	7.969589	
0.001008	0.765042	0.000139	0.001351	8.633792	
0.003822	0.015941	0.014837	0.005153	9.986696	
0.109122	0.760572	0.901553	0.817584	5.202278	
0.389444	0.230369	0.003401	0.000000	9.394033	
0.011791	0.831017	0.301628	0.003581	7.932595	
0.001375	0.000006	0.294454	0.003753	9.600934	
0.208207	0.286523	0.846795	0.832261	5.846543	
0.043760	0.880168	0.822899	0.885708	4.959308	
0.013602	0.365856	0.014837	0.863793	8.022304	
0.947896	0.824988	0.168246	0.777292	5.179136	
0.000945	0.897439	0.003719	0.724838	7.261201	
0.755058	0.004848	0.005634	0.000038	8.703189	
0.814851	0.006309	0.742289	0.004163	7.174362	
0.000008	0.300886	0.003800	0.000000	9.868765	
0.811210	0.927430	0.085143	0.783039	5.258270	
0.852428	0.862893	0.168101	0.212003	5.877743	
0.818430	0.134111	0.901424	0.001146	6.500326	
0.016327	0.629208	0.868137	0.011224	7.869604	
0.669655	0.002602	0.674866	0.695233	7.940017	
0.218086	0.875416	0.280218	0.849802	5.830134	
0.681354	0.671816	0.654625	0.001024	8.083613	
0.917227	0.290168	0.822490	0.847319	4.707522	
0.352343	0.009607	0.294103	0.001565	9.303696	
0.000945	0.000000	0.003719	0.724838	8.900357	
0.818430	0.877541	0.823285	0.001146	5.066178	
0.299372	0.003592	0.003931	0.001080	9.619457	
0.035615	0.300928	0.343497	0.010044	9.248468	
0.851755	0.372567	0.089169	0.027025	7.884225	
0.043760	0.880168	0.808960	0.832006	5.012137	
0.001253	0.004932	0.000001	0.284139	9.586332	
0.641016	0.002047	0.017353	0.885195	7.827786	
0.828868	0.156585	0.788068	0.874538	4.972609	
0.081750	0.127075	0.778964	0.874523	6.571397	
0.011525	0.000000	0.294454	0.305660	9.211432	
0.909930	0.103176	0.822490	0.823943	5.102411	
0.333856	0.000779	0.000000	0.274666	9.278211	
0.811704	0.852568	0.093158	0.888627	4.890043	
0.022151	0.791671	0.285166	0.000746	8.044776	
0.360773	0.233957	0.023697	0.282274	8.875977	
0.204119	0.003118	0.758437	0.836806	6.742130	
0.000008	0.755396	0.000107	0.001407	8.988525	
0.818475	0.776995	0.892013	0.001091	5.282917	
0.098609	0.771962	0.788068	0.874243	5.276359	
0.841808	0.001774	0.012584	0.000414	8.306680	
0.367245	0.134111	0.901424	0.001141	7.873656	
0.003280	0.667149	0.662134	0.001024	8.827312	
0.043760	0.880168	0.834548	0.832717	4.931875	
