0.000094	0.288364	0.002197	0.000057	9.604259	
0.283292	0.000000	0.000000	0.000000	9.589602	
0.000000	0.752019	0.005392	0.000002	8.710080	
0.861810	0.314947	0.080652	0.042519	7.746653	
0.003473	0.332604	0.000030	0.281186	9.248957	
0.014300	0.011938	0.327801	0.297436	9.235637	
0.048696	0.629132	0.889750	0.023653	7.835776	
0.318510	0.297171	0.011439	0.001051	9.230111	
0.900322	0.120726	0.784084	0.797610	5.108437	
0.005665	0.000756	0.675990	0.925153	7.741697	
0.858788	0.863321	0.852334	0.194116	4.545387	
0.747786	0.006014	0.000055	0.005747	8.747023	
0.663256	0.002177	0.675001	0.660113	8.009815	
0.910926	0.778307	0.770240	0.138688	5.287739	
0.858788	0.863321	0.135221	0.188302	5.980884	
0.892084	0.016983	0.643761	0.010332	7.815191	
0.331803	0.823998	0.000000	0.009710	8.010061	
0.000002	0.000014	0.289775	0.000021	9.595092	
0.000000	0.000520	0.000105	0.752937	8.748265	
0.846771	0.000652	0.831315	0.922256	5.113439	
0.210335	0.857304	0.196449	0.852657	5.836048	
0.028793	0.310455	0.284431	0.000057	9.180076	
0.001360	0.000013	0.000005	0.280478	9.585358	
0.910914	0.778547	0.184284	0.797452	5.049627	
0.880639	0.000021	0.000474	0.659961	7.707678	
0.000721	0.000063	0.763041	0.000388	8.636900	
0.013963	0.877158	0.015755	0.685211	7.482252	
0.662793	0.026370	0.934190	0.020743	7.830440	
0.057446	0.667583	0.020446	0.897782	7.582874	
0.287365	0.000000	0.336515	0.000143	9.270535	
0.179817	0.873963	0.914727	0.140003	6.116279	
0.000000	0.000000	0.000000	0.000000	10.011473	
0.003500	0.018115	0.863712	0.647854	7.763118	
0.290089	0.053878	0.063494	0.820345	7.783522	
0.840125	0.811777	0.940523	0.091943	5.127444	
0.168177	0.808464	0.788746	0.910006	4.969663	
0.671822	0.667934	0.675234	0.000021	8.163958	
0.846771	0.214060	0.831315	0.285128	5.834821	
0.650128	0.664277	0.000007	0.667912	8.127298	
0.829001	0.838308	0.853243	0.850420	3.289471	
0.343002	0.000020	0.001286	0.280477	9.273596	
0.000864	0.659359	0.668889	0.657182	8.118307	
0.036796	0.904483	0.856366	0.817256	5.024355	
0.819006	0.899369	0.202510	0.809198	4.753281	
0.043445	0.839700	0.362385	0.034898	7.951771	
0.010615	0.308672	0.857552	0.007116	7.909849	
0.283292	0.000000	0.000000	0.000000	9.591337	
0.000002	0.000014	0.289775	0.000007	9.595276	
0.331803	0.000021	0.000000	0.280477	9.249838	
0.886429	0.771129	0.787167	0.138688	5.149789	
0.160096	0.799813	0.788746	0.818508	4.986070	
0.056344	0.220620	0.377798	0.045419	9.344303	
0.910914	0.778127	0.074288	0.795857	5.299109	
0.914726	0.751692	0.184284	0.797452	5.235686	
0.000645	0.018130	0.865282	0.004115	8.298340	
0.000002	0.000004	0.019159	0.000206	9.979613	
0.000000	0.011938	0.327801	0.297436	9.287205	
0.663256	0.000052	0.675385	0.652412	8.063225	
0.850058	0.338414	0.004794	0.000614	7.988581	
0.178880	0.874556	0.855820	0.140003	5.992951	
0.792330	0.208784	0.831315	0.922256	5.061378	
0.003473	0.316797	0.002479	0.281186	9.215483	
0.000002	0.054566	0.306224	0.830785	8.003672	
0.000000	0.771086	0.000391	0.000097	8.644225	
0.217988	0.863321	0.135221	0.188302	7.267627	
0.914738	0.751452	0.784814	0.138688	5.383023	
0.892084	0.004800	0.643761	0.007259	7.833380	
0.027057	0.301520	0.053380	0.712610	8.491653	
0.023836	0.307211	0.002197	0.860068	7.900790	
0.000000	0.000000	0.821711	0.280543	7.951432	
0.000068	0.877158	0.015755	0.685211	7.533903	
0.861624	0.863321	0.150932	0.188612	5.947060	
0.865256	0.000613	0.018780	0.661373	7.665413	
0.900322	0.134711	0.782752	0.798817	5.079899	
0.283292	0.000000	0.297558	0.000007	9.198061	
0.829001	0.843291	0.863959	0.850420	3.278918	
0.854413	0.000000	0.000000	0.000000	8.377299	
0.852903	0.899369	0.199088	0.797276	4.743461	
0.001359	0.000013	0.000005	0.280478	9.585885	
0.287664	0.863321	0.852334	0.194116	5.830997	
0.295048	0.307211	0.002197	0.000057	9.221218	
0.210335	0.129320	0.849578	0.119219	7.455506	
0.169334	0.772313	0.788746	0.884335	5.067214	
0.802524	0.849453	0.894397	0.105890	4.909988	
0.002457	0.288364	0.002197	0.000057	9.593479	
0.211096	0.857304	0.196350	0.852657	5.954429	
0.288966	0.013552	0.004044	0.819483	7.946455	
0.846771	0.214060	0.831315	0.285128	5.834821	
0.785411	0.678366	0.020446	0.076293	7.678520	
0.000002	0.000014	0.283629	0.025953	9.558214	
0.742830	0.006014	0.001774	0.003489	8.828395	
0.010162	0.315620	0.857552	0.007116	7.924125	
0.283292	0.061792	0.000000	0.000000	9.493162	
0.829001	0.751416	0.863959	0.850420	3.678477	
0.214040	0.838308	0.853243	0.910219	4.638318	
0.288966	0.013552	0.045991	0.819483	7.884847	
0.852903	0.898271	0.211701	0.797276	4.738955	
0.284601	0.316797	0.000122	0.281186	8.999194	
0.014300	0.011938	0.661163	0.297436	8.949242	
0.000000	0.000000	0.824824	0.063210	8.255078	
