0.000007	0.000037	0.000000	0.279083	9.585278	
0.000000	0.287944	0.002549	0.000000	9.596386	
0.183833	0.861459	0.859092	0.883144	4.700343	
0.668067	0.665016	0.000025	0.672975	8.058677	
0.269015	0.016594	0.362595	0.000044	9.353314	
0.843500	0.849242	0.861021	0.853962	3.249921	
0.005293	0.744183	0.003652	0.000035	8.753507	
0.000002	0.000000	0.295270	0.000000	9.653806	
0.290627	0.018363	0.844248	0.021927	7.865471	
0.772393	0.777917	0.146827	0.925593	5.317006	
0.002720	0.661528	0.663324	0.662904	8.219257	
0.012524	0.267251	0.270107	0.000072	9.143158	
0.843414	0.141807	0.296320	0.853571	5.951189	
0.001685	0.685866	0.034620	0.865347	7.546457	
0.661816	0.000694	0.665935	0.680778	7.952720	
0.052341	0.020219	0.675918	0.920506	7.618118	
0.650677	0.911957	0.006743	0.011249	7.844585	
0.276796	0.000000	0.000331	0.000000	9.583305	
0.867786	0.006768	0.049234	0.351913	7.942247	
0.748858	0.000003	0.000559	0.000000	8.728798	
0.884120	0.001072	0.295044	0.000000	7.938393	
0.311266	0.283028	0.006645	0.000050	9.206623	
0.000000	0.000000	0.000000	0.000000	10.198420	
0.882726	0.065212	0.789995	0.815334	5.093286	
0.844261	0.221254	0.874413	0.130962	5.969539	
0.844255	0.862975	0.165626	0.192082	5.916223	
0.845030	0.815787	0.801143	0.109491	4.926386	
0.669014	0.016853	0.006755	0.910885	7.761719	
0.011964	0.852138	0.312084	0.003312	7.920991	
0.929266	0.810913	0.029316	0.842210	5.175158	
0.139464	0.861378	0.937410	0.791032	5.081386	
0.183081	0.863802	0.860855	0.153116	5.947352	
0.007393	0.009297	0.913390	0.637907	7.936987	
0.127978	0.953318	0.809363	0.858806	5.141901	
0.000002	0.000000	0.000017	0.742379	8.772525	
0.814357	0.908563	0.145478	0.795875	4.956796	
0.000000	0.000449	0.326779	0.391324	9.526188	
0.920665	0.642565	0.002672	0.000052	7.956609	
0.004291	0.682149	0.895100	0.000544	7.641982	
0.657897	0.675263	0.666202	0.000281	8.005075	
0.283902	0.006768	0.007923	0.351913	9.288459	
0.008652	0.273385	0.002474	0.306786	9.186372	
0.008133	0.861239	0.004553	0.643596	7.790273	
0.000984	0.003454	0.763702	0.000001	8.689513	
0.784089	0.017268	0.836887	0.929983	5.326457	
0.196368	0.135549	0.854928	0.856061	5.975917	
0.817879	0.828048	0.937537	0.032734	5.244187	
0.021785	0.273385	0.007883	0.306376	9.163070	
0.275266	0.630267	0.003671	0.003020	9.158001	
0.752721	0.000153	0.000542	0.000000	8.702788	
0.272941	0.006768	0.009421	0.351913	9.272829	
0.007393	0.010188	0.913390	0.637968	7.936218	
0.038453	0.853579	0.282719	0.045834	7.780727	
0.031531	0.016722	0.303220	0.000072	9.553989	
0.000711	0.000026	0.000636	0.750266	8.729476	
0.004438	0.266999	0.270107	0.000072	9.152324	
0.062810	0.322809	0.035367	0.875048	7.818116	
0.923916	0.848982	0.047789	0.840913	5.033937	
0.000043	0.281717	0.000261	0.000050	9.588361	
0.800478	0.785247	0.151485	0.925266	5.123711	
0.008527	0.852785	0.004553	0.653063	7.726470	
0.004586	0.016299	0.835069	0.000072	8.307261	
0.843414	0.159366	0.316990	0.000567	7.655462	
0.882726	0.065212	0.803195	0.815334	5.033629	
0.844113	0.862975	0.165626	0.170447	5.955170	
0.269647	0.007174	0.053816	0.037669	9.445727	
0.183833	0.861459	0.860855	0.153116	5.945684	
0.263229	0.020908	0.304628	0.003828	9.199587	
0.661816	0.000732	0.665935	0.680778	7.937078	
0.843414	0.274289	0.296320	0.852837	5.811974	
0.668067	0.665016	0.071967	0.859283	6.961524	
0.811880	0.908563	0.156988	0.795875	4.985507	
0.859089	0.035409	0.007991	0.347005	7.951415	
0.007528	0.682149	0.885848	0.000514	7.611018	
0.142017	0.916158	0.809363	0.861515	4.927371	
0.038453	0.810985	0.022301	0.045834	8.283717	
0.843500	0.848982	0.861021	0.856258	3.248724	
0.784092	0.017268	0.836905	0.899393	5.196138	
0.842761	0.785093	0.786344	0.178556	4.988990	
0.844016	0.216858	0.886009	0.133991	5.985735	
0.811880	0.908563	0.156988	0.000338	6.558312	
0.005771	0.830911	0.916368	0.858992	5.087272	
0.000099	0.001751	0.000000	0.279083	9.583448	
0.000000	0.000000	0.000000	0.000000	10.198420	
0.006445	0.009668	0.314617	0.351445	9.322023	
0.659366	0.025789	0.847009	0.030792	7.630532	
0.669014	0.016853	0.001679	0.910885	7.768049	
0.864549	0.848982	0.861021	0.856258	3.239908	
0.748858	0.050310	0.000559	0.000000	8.658519	
0.016565	0.787365	0.011142	0.032696	8.610280	
0.882726	0.065212	0.803195	0.815334	5.033629	
0.002009	0.279650	0.254170	0.000074	9.157476	
0.790279	0.704246	0.173735	0.000072	7.191684	
0.668391	0.664935	0.071967	0.859283	6.998873	
0.037938	0.788804	0.714528	0.109670	7.495268	
0.901627	0.076341	0.295270	0.000000	7.902111	
0.052341	0.000026	0.675918	0.920506	7.642141	
0.004823	0.830911	0.918132	0.032093	7.171448	
0.785762	0.925336	0.772611	0.109491	5.357462	
0.269647	0.281995	0.053816	0.037669	9.051350	
