0.000000	0.708536	0.000001	0.000000	0.000000	0.000000	0.000000	0.706012	
0.000000	0.000000	0.000000	0.000000	0.000000	0.000000	1.000008	0.000000	
0.000000	0.000000	0.000000	0.707095	0.000000	0.000000	0.000000	0.707119	
0.000000	0.000000	1.000709	0.000000	0.000000	0.000000	0.000000	0.000000	
0.000011	0.000001	0.706915	0.000000	0.000006	0.000007	0.707304	0.000000	
0.000000	0.000000	0.707127	0.000000	0.000000	0.707086	0.000000	0.000000	
0.000000	0.000000	0.000000	0.000000	0.000000	0.707221	0.706993	0.000000	
0.000565	0.000007	0.000009	0.000004	0.000055	0.000010	0.705819	0.708394	
0.000000	0.000000	0.000000	0.000000	0.000000	0.707198	0.000000	0.707016	
0.000000	1.000000	0.000000	0.000000	0.000000	0.000000	0.000000	0.000000	
0.000000	0.707192	0.000000	0.000000	0.000000	0.707171	0.000000	0.000000	
0.000010	0.000000	0.707365	0.000000	0.706849	0.000000	0.000002	0.000000	
0.000000	0.000000	0.000000	0.000000	0.000000	1.000001	0.000000	0.000000	
0.708055	0.000000	0.000000	0.000000	0.000000	0.706157	0.000000	0.000000	
0.708363	0.000456	0.000002	0.000000	0.000000	0.000007	0.000000	0.705906	
0.000000	0.706912	0.000000	0.000000	0.000000	0.000000	0.707301	0.000000	
0.707866	0.000000	0.000000	0.000000	0.707673	0.000000	0.000005	0.000000	
1.004564	0.000000	0.000000	0.000000	0.000000	0.000000	0.000000	0.000000	
0.000000	0.000001	0.707214	0.000000	0.000000	0.000000	0.000000	0.707000	
0.710282	0.703918	0.000001	0.000005	0.000000	0.000000	0.000000	0.000000	
0.705924	0.000000	0.000000	0.708288	0.000000	0.000000	0.000000	0.000000	
0.000000	0.000000	0.000000	0.000000	0.000000	0.000000	0.000000	1.000000	
0.000008	0.705924	0.000000	0.708288	0.000000	0.000000	0.000000	0.000000	
0.711658	0.000001	0.713167	0.000053	0.000027	0.000000	0.000084	0.000000	
0.000000	0.000000	0.000000	0.704302	0.000001	0.709903	0.000000	0.000000	
0.000002	0.707223	0.000000	0.000000	0.707007	0.000000	0.000002	0.000000	
0.000029	0.706241	0.707973	0.000000	0.000000	0.000000	0.000000	0.000000	
0.000000	0.000000	0.000000	0.709076	0.000001	0.000000	0.709466	0.000001	
0.000000	0.000000	0.000000	0.000000	0.705818	0.000000	0.000000	0.708394	
0.000000	0.000000	0.000000	0.000000	0.707213	0.000000	0.707000	0.000000	
0.000000	0.000000	0.000000	0.000000	1.000000	0.000000	0.000000	0.000000	
0.000000	0.000000	0.000000	0.707316	0.706897	0.000000	0.000000	0.000000	
0.709171	0.000000	0.000000	0.000000	0.000000	0.000000	0.705812	0.000000	
0.000000	0.000000	0.000000	0.000000	0.707050	0.707164	0.000000	0.000000	
0.000000	0.000000	0.000000	1.000000	0.000000	0.000000	0.000000	0.000000	
0.000000	0.000000	0.710580	0.704811	0.000000	0.000000	0.000000	0.000000	
0.000000	0.000000	0.000000	1.000000	0.000000	0.000000	0.000000	0.000000	
0.000000	0.000000	0.000000	0.000000	0.000000	1.000001	0.000000	0.000000	
0.000000	0.000000	0.707297	0.000000	0.706917	0.000000	0.000000	0.000000	
0.000000	0.000000	0.000000	0.000000	0.000000	0.000000	1.000008	0.000000	
0.998754	0.037236	0.000003	0.000005	0.000000	0.000000	0.000000	0.036429	
0.000002	0.707354	0.000000	0.000000	0.707139	0.000000	0.000002	0.000000	
0.697072	0.041800	0.029381	0.710399	0.000199	0.082539	0.000000	0.000000	
0.000001	0.000001	0.707214	0.000000	0.000000	0.000000	0.000000	0.707000	
0.000000	0.000000	0.000000	0.000000	0.000000	0.707221	0.706993	0.000000	
0.000010	0.000001	0.000000	0.709076	0.000000	0.000000	0.709466	0.000021	
0.009952	0.006693	0.000001	0.000010	0.698840	0.025980	0.714844	0.000000	
0.000074	0.706241	0.707973	0.000000	0.000000	0.000000	0.000000	0.000000	
0.000001	0.000001	0.000000	0.707316	0.706898	0.000000	0.000000	0.000000	
0.000000	0.000000	0.000000	0.707020	0.000001	0.707196	0.000000	0.000000	
0.708056	0.000000	0.000000	0.000000	0.000000	0.706157	0.000000	0.000000	
0.000000	0.708660	0.000001	0.000000	0.000000	0.000000	0.000000	0.706136	
0.000000	0.000000	0.000000	0.707288	0.000000	0.000000	0.000000	0.707312	
0.000000	0.000000	0.712483	0.000708	0.000051	0.710909	0.001492	0.000638	
0.032202	0.518629	0.014664	0.510334	0.000000	0.685078	0.000000	0.000000	
0.000000	0.000000	0.710580	0.704811	0.000000	0.000000	0.000000	0.000000	
0.716062	0.709646	0.000001	0.000005	0.000000	0.081036	0.000000	0.000000	
0.765212	0.000001	0.645315	0.000129	0.000000	0.002934	0.000000	0.000000	
0.702295	0.021797	0.029782	0.047893	0.056017	0.012472	0.706997	0.000275	
0.002195	0.000000	1.003997	0.000000	0.000000	0.033599	0.000000	0.000000	
0.000000	0.000000	0.000000	0.000000	1.000000	0.000000	0.000000	0.000000	
0.705614	0.000000	0.000000	0.000000	0.708854	0.000000	0.000077	0.000000	
0.000000	0.000000	0.000000	0.000000	0.714069	0.000000	0.000000	0.702846	
0.000008	0.700711	0.029587	0.712832	0.000200	0.000000	0.000000	0.000000	
0.000000	0.999231	0.000001	0.014009	0.000000	0.000034	0.028661	0.022837	
0.000000	0.706356	0.027042	0.006467	0.000000	0.000000	0.707292	0.006674	
0.000000	0.000011	0.718013	0.000000	0.000006	0.000003	0.718571	0.000000	
0.000000	0.000000	0.000000	0.000000	0.000000	0.000000	0.000000	1.000000	
0.000026	0.000571	0.000010	0.000000	0.000056	0.000010	0.714439	0.708961	
0.000000	0.000000	0.000000	0.000000	0.707050	0.707164	0.000000	0.000000	
0.837225	0.000539	0.000596	0.000000	0.000000	0.000000	0.009642	0.549216	
0.000000	0.000000	0.000000	0.000000	0.000000	0.707715	0.000000	0.709101	
0.011396	0.000006	0.000063	0.999851	0.000000	0.000000	0.011638	0.007470	
0.000000	0.000000	0.000000	0.000000	0.707213	0.000000	0.707000	0.000000	
0.000002	0.481380	0.000000	0.518112	0.707009	0.000000	0.000000	0.000000	
0.000000	0.000000	0.699975	0.040987	0.000006	0.000000	0.714119	0.000000	
0.013133	0.008819	0.000002	0.000014	0.997989	0.000168	0.062973	0.000000	
0.720224	0.043189	0.033409	0.682558	0.000199	0.111152	0.000000	0.007510	
0.000009	0.000001	0.000000	0.698189	0.000000	0.000000	0.719042	0.000000	
0.000000	0.000000	0.000000	0.000000	0.000000	1.009775	0.002921	0.007205	
0.152596	0.691102	0.706168	0.011244	0.000074	0.115433	0.001492	0.000638	
0.707842	0.000000	0.000000	0.000000	0.707648	0.000000	0.008315	0.000000	
0.000565	0.000007	0.000009	0.000011	0.000055	0.000010	0.705819	0.708394	
0.006151	0.685725	0.000000	0.734794	0.037832	0.000088	0.000000	0.000015	
0.000000	0.000000	0.000000	0.706585	0.000000	0.000000	0.000000	0.708015	
0.710988	0.053049	0.000000	0.000000	0.000000	0.000412	0.701201	0.000000	
0.005227	0.756146	0.000000	0.012661	0.000001	0.654261	0.000000	0.000000	
0.000000	0.000000	0.000000	0.000000	0.705818	0.000000	0.000000	0.708394	
0.000419	0.462580	0.019364	0.000000	0.462845	0.758468	0.000002	0.000000	
0.709858	0.000000	0.000000	0.000000	0.000000	0.707954	0.013795	0.000000	
0.000328	0.008780	0.708857	0.703156	0.000000	0.069253	0.000000	0.000000	
0.000000	0.000001	0.718273	0.000000	0.693822	0.000000	0.000000	0.051923	
0.183396	0.682892	0.018375	0.000000	0.000000	0.000000	0.000000	0.706886	
0.003144	0.997348	0.032866	0.075357	0.000008	0.000010	0.017427	0.000138	
0.710312	0.000000	0.001697	0.000004	0.000446	0.001212	0.000000	0.714450	
0.027342	0.697877	0.000000	0.000009	0.039653	0.001171	0.714805	0.000000	
0.000000	0.000000	0.000000	0.000000	0.000000	0.707198	0.000000	0.707016	
0.712010	0.705631	0.029447	0.000005	0.000000	0.121726	0.000000	0.048487	
0.012429	0.707176	0.000000	0.001222	0.707071	0.000000	0.000002	0.000000	
0.000000	0.000000	0.702873	0.042894	0.047734	0.709223	0.000005	0.000634	
