0.000000	0.000000	0.000000	0.000000	1.000000	0.000000	0.000000	0.000000	
0.000000	0.000000	0.707105	0.000000	0.000000	0.000000	0.707109	0.000000	
0.706929	0.000000	0.000000	0.000000	0.000000	0.000000	0.000000	0.707288	
0.000000	0.000000	1.000000	0.000000	0.000000	0.000000	0.000000	0.000000	
0.704816	0.709390	0.000000	0.000000	0.000000	0.000000	0.000000	0.000000	
0.000000	0.000000	0.000000	0.000000	0.706825	0.707391	0.000000	0.000000	
0.706986	0.000000	0.000000	0.000000	0.000000	0.000006	0.707275	0.000000	
0.000000	0.000000	0.000000	0.706748	0.000000	0.000000	0.707466	0.000000	
0.000000	0.000000	0.707027	0.000000	0.000000	0.707187	0.000000	0.000000	
0.000000	0.000000	0.000000	0.000000	0.000000	0.000000	0.000000	1.000000	
0.000076	0.000005	0.000000	0.000000	0.707376	0.000000	0.000000	0.706838	
0.000000	0.712352	0.000000	0.000000	0.000000	0.000000	0.000000	0.712744	
0.000000	0.000000	0.000000	0.707171	0.000000	0.707065	0.000000	0.000000	
0.707061	0.000000	0.000000	0.000000	0.707153	0.000000	0.000000	0.000000	
1.000000	0.000000	0.000000	0.000000	0.000000	0.000000	0.000000	0.000000	
0.000000	0.706991	0.000000	0.000000	0.707222	0.000000	0.000000	0.000000	
0.000000	0.706935	0.707279	0.000000	0.000000	0.000000	0.000000	0.000000	
0.000861	0.000001	0.000792	0.707761	0.706451	0.000000	0.000000	0.000000	
0.000000	0.000000	0.000000	1.000000	0.000000	0.000000	0.000000	0.000000	
0.707155	0.000000	0.000000	0.707097	0.000000	0.000000	0.000000	0.000000	
0.707199	0.000000	0.707014	0.000000	0.000001	0.000000	0.000000	0.000000	
0.000000	0.000000	0.707135	0.707078	0.000000	0.000000	0.000000	0.000000	
0.000000	1.000000	0.000000	0.000000	0.000000	0.000000	0.000000	0.000000	
0.000000	0.000000	0.000000	0.000000	0.716787	0.000000	0.715834	0.000458	
0.000000	0.000000	0.000000	0.000000	0.000000	0.000000	0.707102	0.707112	
0.000000	0.000000	0.000000	0.000000	0.000000	0.707086	0.707129	0.000000	
0.000000	0.000000	0.000000	0.000000	0.000000	0.000000	1.000230	0.000000	
0.000000	0.000000	0.000000	0.706949	0.000000	0.000000	0.000000	0.707264	
0.000000	0.706985	0.000000	0.000000	0.000000	0.707229	0.000000	0.000000	
0.707275	0.000000	0.000000	0.000000	0.000000	0.707079	0.000000	0.000000	
0.000003	0.000000	0.706165	0.000000	0.000000	0.000000	0.000000	0.708047	
0.000003	0.000004	0.707061	0.000000	0.707153	0.000000	0.000000	0.000000	
0.000000	0.707033	0.000000	0.707181	0.000000	0.000000	0.000000	0.000000	
0.000000	0.000000	0.000000	0.000000	0.000000	1.000000	0.000000	0.000000	
0.000162	0.706966	0.000000	0.000000	0.000000	0.000111	0.707247	0.000000	
0.000000	0.000000	0.000000	0.000000	0.000000	0.706832	0.000000	0.707381	
0.000000	0.682550	0.098061	0.723682	0.005371	0.000612	0.027888	0.000000	
0.000000	0.000000	0.000000	0.000000	0.000000	0.000000	0.000000	1.000000	
0.000000	0.000000	0.000000	1.000000	0.000000	0.000000	0.000000	0.000000	
0.000000	0.000000	0.000000	0.000000	0.000000	1.000000	0.000000	0.000000	
0.707262	0.000000	0.000000	0.000000	0.000000	0.000000	0.706952	0.000000	
0.000000	0.710667	0.704770	0.000000	0.000000	0.000000	0.000000	0.000000	
0.000000	0.000000	0.707135	0.707078	0.000000	0.000000	0.000000	0.000000	
0.000000	0.000000	0.000000	0.000000	0.706548	0.000000	0.707666	0.000000	
0.000008	0.000091	0.001167	0.707761	0.706451	0.000000	0.000000	0.000000	
0.049889	0.000346	0.705197	0.000000	0.014318	0.000000	0.707109	0.000000	
0.000000	0.000000	0.000000	0.705143	0.000000	0.709065	0.000000	0.000000	
0.000000	0.000000	0.000000	0.000000	0.000000	0.000000	1.000000	0.000000	
0.000005	0.000000	0.706368	0.000000	0.707837	0.000000	0.003473	0.000000	
0.000000	0.000000	0.000000	0.000000	0.000000	0.706832	0.000000	0.707381	
0.000000	0.000000	0.000000	0.000000	0.706452	0.707761	0.000000	0.000000	
0.708638	0.000000	0.000000	0.708580	0.000000	0.000000	0.000000	0.000000	
0.068090	0.002034	0.996340	0.056313	0.019716	0.000000	0.000000	0.000000	
0.000000	0.000000	0.000000	0.000000	0.000000	0.707086	0.707129	0.000000	
0.000000	0.000000	0.000000	0.688595	0.000000	0.000000	0.725146	0.000000	
0.000162	0.706981	0.000000	0.000000	0.000000	0.000130	0.707267	0.000000	
0.000000	0.000000	0.000000	0.000000	1.000000	0.000000	0.000000	0.000000	
0.062323	0.692198	0.054895	0.044898	0.007883	0.715463	0.000000	0.000000	
0.000000	0.000000	0.000000	0.000000	0.000000	0.000000	0.711581	0.702604	
0.014131	0.000006	0.718608	0.009854	0.000000	0.695202	0.000000	0.000000	
0.744878	0.000823	0.668367	0.064354	0.061125	0.020286	0.000000	0.000000	
0.706930	0.000000	0.000000	0.000000	0.000000	0.000000	0.000000	0.707288	
0.706571	0.001082	0.026275	0.000000	0.707153	0.000000	0.000000	0.000000	
0.000076	0.000006	0.000000	0.000000	0.707057	0.000000	0.000000	0.707413	
0.009567	0.727400	0.070622	0.015416	0.682407	0.000000	0.000000	0.000000	
0.000003	0.000001	0.706144	0.000000	0.000000	0.000000	0.000000	0.708069	
0.476903	0.002749	0.000000	0.000000	0.471591	0.742852	0.000000	0.000000	
0.000000	0.000000	0.000000	0.701157	0.000000	0.000000	0.000000	0.713049	
0.000000	0.712381	0.000000	0.000000	0.000000	0.000001	0.000000	0.712773	
0.692138	0.721723	0.000000	0.000000	0.000000	0.000000	0.007816	0.000000	
0.000608	0.958490	0.281889	0.015504	0.001893	0.030641	0.000101	0.025525	
0.999718	0.020796	0.008363	0.000000	0.000000	0.007813	0.000000	0.000000	
0.000199	0.015102	0.000846	0.000686	0.998735	0.000000	0.047992	0.000000	
0.700056	0.712700	0.000000	0.000000	0.000000	0.000000	0.015399	0.041751	
0.092050	0.008998	0.700952	0.000047	0.707259	0.000000	0.000000	0.000000	
0.703594	0.000000	0.000000	0.000000	0.042516	0.000006	0.718713	0.000000	
0.000000	0.000000	0.712182	0.000000	0.000054	0.000000	0.000000	0.701994	
0.000000	0.000000	0.000000	0.508125	0.000000	0.041156	0.510307	0.692605	
0.506433	0.509720	0.140918	0.000000	0.681068	0.000000	0.000000	0.000000	
0.000000	0.687524	0.000000	0.164606	0.000000	0.000001	0.000000	0.707343	
0.503968	0.047874	0.484605	0.006636	0.713289	0.000000	0.012772	0.000000	
0.003475	0.000167	0.998111	0.061553	0.000000	0.000000	0.000000	0.000000	
0.712780	0.002001	0.018285	0.712960	0.000000	0.000000	0.000000	0.037995	
0.001935	0.000020	0.026063	0.699160	0.714559	0.016532	0.000027	0.000000	
0.013091	0.995354	0.096637	0.000285	0.008138	0.000000	0.021300	0.000000	
0.000000	0.000000	0.000000	0.699185	0.000000	0.739742	0.000000	0.000000	
0.028265	0.002331	0.010907	0.705950	0.022096	0.000003	0.000000	0.707264	
0.014562	0.000006	0.740539	0.010154	0.000000	0.678248	0.000000	0.000000	
0.000008	0.492342	0.000034	0.045288	0.512642	0.000003	0.044371	0.704882	
0.000000	0.000000	0.707135	0.707078	0.000000	0.000000	0.000000	0.000000	
0.000000	0.000000	0.000000	0.000000	0.000000	0.000000	0.000000	1.000000	
0.000000	0.000000	0.000000	0.000000	0.000000	0.707086	0.707129	0.000000	
0.000000	0.000000	0.000000	0.713372	0.000000	0.008448	0.700735	0.000000	
0.447833	0.587956	0.674996	0.012675	0.015441	0.009768	0.000000	0.000000	
0.707867	0.143887	0.691476	0.009051	0.000000	0.000000	0.000000	0.000000	
0.711603	0.031553	0.000000	0.000000	0.008445	0.000000	0.000000	0.712744	
0.002502	0.682545	0.098061	0.723682	0.005374	0.000612	0.027888	0.000000	
0.000000	0.000000	0.000000	0.000000	0.000000	1.000028	0.000000	0.000000	
0.105237	0.005488	0.722336	0.000061	0.000111	0.036960	0.683428	0.000000	
0.000000	0.000000	0.000000	0.999951	0.000000	0.009926	0.000000	0.000000	
