0.000000	0.000000	0.000000	0.000000	0.707178	0.000000	0.000000	0.707035	
0.000000	0.000000	0.000000	0.000000	0.707046	0.707167	0.000000	0.000000	
0.708175	0.000003	0.000001	0.000000	0.000000	0.000001	0.000000	0.706291	
0.000000	0.000000	0.706913	0.000000	0.000000	0.000000	0.707301	0.000000	
0.000000	0.000000	0.000000	0.000000	0.000000	0.000000	0.707221	0.707629	
0.000000	0.707135	0.000000	0.000000	0.000000	0.000000	0.707264	0.000000	
0.708061	0.000001	0.000000	0.706152	0.000000	0.000000	0.000000	0.000000	
0.000000	0.000000	1.000001	0.000000	0.000000	0.000000	0.000000	0.000000	
0.706775	0.000000	0.707444	0.000000	0.000000	0.000000	0.000000	0.000000	
0.000000	1.000000	0.000000	0.000000	0.000000	0.000000	0.000000	0.000000	
0.000000	0.000000	0.000000	0.000000	0.727901	0.000000	0.685682	0.000000	
0.000002	0.706910	0.000000	0.707304	0.000000	0.000000	0.000000	0.000004	
0.000042	0.000161	0.707179	0.000000	0.000000	0.000000	0.000000	0.707035	
0.000000	0.000000	0.000000	0.709491	0.000000	0.709533	0.000012	0.000000	
0.000000	0.000000	0.000000	0.000000	0.000000	0.000000	1.000000	0.000000	
0.000000	0.707103	0.000000	0.000000	0.000000	0.000000	0.000000	0.707116	
0.000000	0.000000	0.000000	0.702385	0.713626	0.000000	0.000000	0.000000	
0.000000	0.000000	0.707350	0.000000	0.000000	0.707309	0.000000	0.000000	
0.000003	0.000083	0.707788	0.710371	0.000000	0.000000	0.000000	0.000000	
0.707021	0.000000	0.000000	0.000000	0.000000	0.707197	0.000000	0.000000	
0.000000	0.000000	0.000000	1.000000	0.000000	0.000000	0.000000	0.000000	
0.000000	0.000000	0.000000	0.000000	1.000000	0.000000	0.000000	0.000000	
0.708086	0.706136	0.000000	0.000000	0.000000	0.000000	0.000000	0.000000	
0.000000	0.000000	0.000000	0.000001	0.000000	0.707025	0.707200	0.000000	
0.000000	0.000000	0.671261	0.000000	0.741360	0.000002	0.000329	0.000000	
0.707230	0.000000	0.000000	0.000903	0.000000	0.000000	0.706986	0.000000	
0.000001	0.699968	0.000001	0.000000	0.718490	0.000000	0.000000	0.000000	
0.000000	0.000000	0.000000	0.000000	0.000000	1.000000	0.000000	0.000000	
0.000000	0.000000	0.000000	0.707233	0.000000	0.000000	0.706981	0.000000	
0.695164	0.000011	0.000000	0.001694	0.719047	0.000000	0.000000	0.000000	
0.000000	0.000000	0.000000	0.000000	0.000000	0.707150	0.000000	0.707065	
1.002288	0.000000	0.000000	0.000000	0.000000	0.000000	0.000000	0.000000	
0.000000	0.706425	0.707788	0.000000	0.000000	0.000000	0.000000	0.000000	
0.000000	0.000000	0.000000	0.000000	0.000000	0.000000	0.000000	1.000602	
0.000000	0.707118	0.000000	0.000000	0.000000	0.707096	0.000000	0.000000	
0.000000	0.000000	0.000000	0.707182	0.000000	0.000000	0.000000	0.707032	
0.016955	0.997687	0.000000	0.065638	0.000000	0.002300	0.004583	0.000004	
0.708777	0.000000	0.000092	0.000000	0.000052	0.000000	0.705436	0.000000	
0.000000	0.000000	0.706911	0.000000	0.000000	0.000000	0.707303	0.000000	
0.000083	0.000000	0.705945	0.708521	0.000000	0.000255	0.000002	0.000000	
0.704697	0.000001	0.709802	0.000000	0.000000	0.000000	0.000000	0.000000	
1.002287	0.000000	0.000000	0.000000	0.000000	0.000000	0.000000	0.000000	
0.010938	0.687092	0.000000	0.000000	0.000000	0.726489	0.000000	0.000000	
0.707204	0.000000	0.000000	0.000000	0.707010	0.000000	0.000000	0.000000	
0.000000	0.000000	0.000000	0.000000	0.000000	1.000000	0.000000	0.000000	
0.000000	0.000000	0.000000	0.707172	0.000000	0.000000	0.000000	0.707043	
0.000000	0.000001	0.707350	0.000000	0.000000	0.707309	0.000000	0.000000	
0.000000	0.000000	0.000000	0.703834	0.000000	0.715011	0.000000	0.000000	
0.000002	0.701940	0.000000	0.712824	0.000000	0.000000	0.000000	0.000004	
0.710368	0.000000	0.000003	0.000000	0.000001	0.703443	0.023357	0.000000	
0.000000	0.000000	1.000000	0.000000	0.000000	0.000000	0.000000	0.000000	
0.000000	0.000000	0.000000	0.000000	1.000001	0.000000	0.000000	0.000000	
0.000000	0.000000	0.000000	0.000000	0.000000	0.000000	1.000000	0.000000	
0.000000	0.000000	0.000000	0.000000	0.000000	0.000000	0.706887	0.707327	
0.001294	0.000221	0.000031	0.706089	0.000000	0.000000	0.708873	0.000000	
0.000560	0.703569	0.000000	0.000000	0.000000	0.000000	0.000000	0.710800	
0.000001	0.708844	0.000001	0.000000	0.709731	0.000000	0.000000	0.000000	
0.000000	0.000000	0.000000	0.000000	0.000000	0.000000	0.000000	1.000001	
0.000000	0.000000	0.000000	0.000000	0.716447	0.000000	0.698928	0.000000	
0.000000	0.000000	0.000000	0.000000	0.707178	0.000000	0.000000	0.707035	
0.043014	0.702848	0.710049	0.000217	0.000000	0.000000	0.000000	0.000000	
0.000000	0.705917	0.000000	0.000000	0.000000	0.001637	0.708478	0.000000	
0.000000	0.000000	0.000000	1.000000	0.000000	0.000000	0.000000	0.000000	
0.000000	0.000001	0.707214	0.000000	0.000000	0.000000	0.000000	0.707000	
0.708487	0.705782	0.000004	0.000000	0.000000	0.000000	0.000000	0.000000	
0.000000	0.000000	0.000000	0.000000	0.000000	0.706913	0.707301	0.000000	
0.707229	0.000006	0.000028	0.000000	0.000000	0.000001	0.000000	0.706986	
0.000000	0.000000	0.000000	0.000000	0.707046	0.707168	0.000000	0.000000	
0.708061	0.000001	0.000001	0.706152	0.000000	0.000000	0.000000	0.000000	
0.000000	0.000000	0.000000	0.000000	0.000000	0.678487	0.000000	0.734613	
0.000000	0.000000	0.708973	0.000000	0.705746	0.000002	0.000000	0.000000	
0.000000	0.000000	0.000000	0.705910	0.708303	0.000000	0.000000	0.000000	
0.000000	0.000000	0.000000	0.000000	0.000000	0.000000	0.000000	1.000001	
0.006194	0.042171	0.000000	0.000000	1.069862	0.000010	0.015265	0.000000	
0.522771	0.003890	0.000001	0.000000	0.477707	0.000001	0.000000	0.706289	
0.000000	0.000000	0.000000	0.707108	0.707105	0.000000	0.000000	0.000000	
0.000427	0.003408	0.506518	0.101263	0.482985	0.000000	0.000000	0.707035	
0.000000	0.000000	0.000000	0.000000	0.000000	0.000000	1.000000	0.000000	
0.043294	0.707427	0.714675	0.000536	0.000000	0.000000	0.013380	0.000000	
0.000002	0.706910	0.000000	0.707304	0.000000	0.000000	0.000000	0.000004	
0.008002	0.000076	0.000000	0.000139	0.000002	0.999719	0.022576	0.000000	
0.535762	0.098992	0.497623	0.030198	0.691291	0.000000	0.000000	0.000000	
0.000000	0.000000	0.000000	0.000000	0.000000	0.707150	0.000000	0.707065	
0.012554	0.000119	0.720593	0.012546	0.000139	0.075315	0.689027	0.000000	
0.000003	0.000083	0.707788	0.710371	0.000000	0.000000	0.000000	0.000000	
0.017646	0.998611	0.034357	0.029614	0.005171	0.000000	0.019526	0.000000	
0.000000	0.000000	0.000000	0.697592	0.000000	0.000000	0.000000	0.719358	
0.677170	0.035305	0.000000	0.044606	0.000000	0.733611	0.004583	0.000004	
0.052196	0.000494	0.000007	0.000010	0.005590	0.697529	0.716764	0.000000	
0.001864	0.487793	0.000000	0.032088	0.484450	0.725474	0.004502	0.000000	
0.000794	0.043065	0.001015	0.997932	0.000000	0.000000	0.047702	0.000004	
0.000000	0.000000	0.000000	0.000000	0.703668	0.703789	0.000000	0.097635	
0.000000	0.000000	0.000000	0.000000	0.707041	0.000000	0.707172	0.000000	
0.704799	0.702859	0.000000	0.097537	0.000000	0.000000	0.000000	0.000000	
0.707019	0.017305	0.000000	0.000006	0.000000	0.000000	0.706985	0.000000	
0.019953	0.139063	0.011943	0.644704	0.068554	0.748040	0.014660	0.000000	
0.000560	0.703491	0.007888	0.006631	0.000000	0.000000	0.000000	0.710798	
0.490829	0.508411	0.016786	0.022384	0.000000	0.000000	0.706981	0.000000	
0.999774	0.011489	0.034394	0.029688	0.000072	0.000119	0.019558	0.008716	
0.000000	0.000000	1.000201	0.004758	0.000000	0.014297	0.000000	0.000000	
