0.000000	0.000001	0.000080	0.711059	0.000000	0.703951	0.000003	0.000000	
0.000025	0.705455	0.708990	0.000000	0.000000	0.000000	0.000000	0.000000	
0.709950	0.000000	0.000005	0.000000	0.704317	0.000001	0.000001	0.000000	
0.000000	0.000000	0.000001	0.706239	0.710985	0.000022	0.000007	0.000000	
0.000005	0.000000	0.000000	0.000061	0.709587	0.000000	0.704704	0.000000	
0.000000	0.000000	0.000000	1.002048	0.000000	0.000000	0.000000	0.000000	
0.000000	0.000000	0.000000	0.000000	0.000000	0.000000	1.000021	0.000000	
0.000204	0.000001	0.709154	0.708802	0.000002	0.000003	0.000002	0.000040	
0.705498	0.000000	0.709033	0.000000	0.000000	0.000000	0.000000	0.000000	
0.000000	0.717675	0.000000	0.000000	0.000000	0.710835	0.000000	0.000000	
0.000002	0.709549	0.000009	0.000000	0.000000	0.000000	0.704733	0.000000	
0.000010	0.000000	0.720028	0.000003	0.000028	0.000000	0.715118	0.000000	
0.000000	0.000000	0.000000	0.000000	0.000000	0.000000	0.707038	0.707302	
0.706461	0.000000	0.000000	0.000004	0.000001	0.707849	0.000000	0.000000	
0.000017	0.706665	0.000014	0.000021	0.707628	0.000014	0.000000	0.000001	
0.006144	0.000001	0.715179	0.000915	0.000000	0.000000	0.000184	0.699205	
0.000001	0.000000	0.713937	0.000000	0.002017	0.706775	0.000000	0.000379	
1.005013	0.000000	0.000000	0.000000	0.000000	0.000000	0.000000	0.000000	
0.000000	0.000000	0.000002	0.000020	0.000000	0.708558	0.000000	0.705749	
0.000000	0.000000	0.000000	0.000000	1.000133	0.000000	0.000000	0.000000	
0.709465	0.000001	0.000000	0.000000	0.000000	0.000016	0.704791	0.000000	
0.000003	0.000584	0.000001	0.716435	0.000917	0.000000	0.711573	0.000000	
0.699697	0.000010	0.000000	0.715406	0.000000	0.000001	0.000001	0.000000	
0.000000	0.699433	0.000000	0.715151	0.000000	0.000000	0.000000	0.000000	
0.000000	0.000000	0.000000	0.000000	0.711703	0.706646	0.000001	0.000000	
0.000000	0.000000	0.000000	0.000000	0.708244	0.000051	0.000000	0.706127	
0.000000	1.009545	0.000000	0.000000	0.000000	0.000000	0.000000	0.000000	
0.000000	0.000000	0.000000	0.000000	0.000000	0.000000	0.000000	1.000025	
0.000000	0.000000	0.000000	0.712698	0.000000	0.000000	0.000000	0.720961	
0.000000	0.000000	0.000000	0.000000	0.000000	0.709525	0.704697	0.000000	
0.706546	0.709644	0.000000	0.000000	0.000000	0.000000	0.000006	0.000000	
0.000000	0.000000	1.001234	0.000000	0.000000	0.000000	0.000000	0.000000	
0.000024	0.002546	0.684582	0.000020	0.729186	0.000022	0.000296	0.000001	
0.000001	0.709986	0.000004	0.000000	0.000001	0.000000	0.000000	0.704514	
0.000000	0.000000	0.000000	0.000000	0.000000	1.000139	0.000000	0.000000	
0.708383	0.000001	0.000000	0.000000	0.000000	0.000000	0.000000	0.705902	
0.000000	0.000000	0.000000	0.000000	1.001020	0.000000	0.000000	0.000000	
0.000001	0.712792	0.000000	0.702004	0.000000	0.000000	0.000000	0.000000	
0.709465	0.000001	0.000000	0.000000	0.000000	0.000016	0.704791	0.000000	
0.000000	0.000000	0.000000	1.002048	0.000000	0.000000	0.000000	0.000000	
0.000002	0.709534	0.000000	0.000000	0.000000	0.000016	0.704718	0.000000	
0.000583	0.000038	0.000011	0.716145	0.000987	0.000000	0.711285	0.000000	
0.000000	0.000000	0.000000	0.000000	0.000000	1.000518	0.000000	0.000000	
0.003749	0.000000	1.008093	0.000049	0.000012	0.000022	0.007916	0.000000	
0.000120	0.000554	0.717448	0.014625	0.000010	0.000000	0.000000	0.697502	
0.000000	0.000000	0.000000	0.000000	0.000000	0.000000	1.000030	0.000000	
0.700640	0.000005	0.713645	0.000000	0.000000	0.000000	0.000000	0.000000	
0.000000	0.000000	0.000028	0.707444	0.000000	0.707584	0.000003	0.000000	
0.000000	0.709202	0.000000	0.000000	0.000000	0.711348	0.000000	0.000000	
0.705402	0.000000	0.000012	0.000004	0.000001	0.709118	0.000000	0.000000	
0.000002	0.000000	0.000000	0.000101	0.705713	0.000011	0.708584	0.000000	
0.000000	0.000000	0.000000	0.000000	0.704261	0.713128	0.000001	0.000000	
0.000000	0.000000	0.714531	0.000000	0.699712	0.000000	0.000000	0.000000	
0.712330	0.000000	0.001407	0.000000	0.702313	0.000000	0.000000	0.000000	
0.000000	0.000000	0.000000	0.000002	0.000020	0.708044	0.000000	0.706207	
0.000017	0.711986	0.000014	0.000021	0.702424	0.000015	0.000000	0.000001	
0.999741	0.000000	0.001134	0.000000	0.046048	0.000000	0.000000	0.000009	
0.000000	0.000000	0.000000	0.000000	0.000000	0.706981	0.707354	0.000000	
0.000232	0.718919	0.000524	0.000000	0.000000	0.000000	0.000000	0.708275	
0.000000	0.000000	0.000001	0.714762	0.699769	0.000001	0.000007	0.000000	
0.000000	0.000000	0.000000	0.000000	0.000000	0.000000	0.707040	0.707303	
0.000000	0.000001	0.714024	0.000000	0.002017	0.706861	0.000000	0.000379	
0.000000	0.000000	0.000000	0.713679	0.000000	0.000000	0.000000	0.721954	
0.000000	0.000000	0.000000	0.000000	0.708241	0.000085	0.000000	0.706124	
0.711230	0.000916	0.000214	0.000000	0.000000	0.000027	0.000000	0.705749	
0.000000	0.000000	0.000000	0.000000	0.000000	0.000000	0.000000	1.000114	
0.705349	0.711516	0.000000	0.000000	0.000000	0.000000	0.000000	0.000000	
0.000204	0.000000	0.707357	0.707007	0.001308	0.000003	0.000002	0.000040	
0.715019	0.003639	0.000000	0.704206	0.000000	0.000000	0.000000	0.000000	
0.002915	0.718559	0.722166	0.000000	0.000000	0.000000	0.000000	0.000000	
0.000010	0.000000	0.718961	0.000003	0.000028	0.000000	0.716168	0.000000	
0.000000	1.001662	0.000000	0.000000	0.000000	0.000000	0.000000	0.000000	
0.000000	0.000019	0.000000	0.720418	0.018425	0.000002	0.000000	0.700071	
0.000656	0.012119	0.002492	0.000691	0.703330	0.712296	0.000000	0.000000	
0.693971	0.029799	0.097911	0.018461	0.034799	0.712467	0.000000	0.000000	
0.000000	0.000000	0.000000	0.000000	0.000000	0.000000	1.000020	0.000368	
0.950255	0.264970	0.177773	0.000000	0.000000	0.000000	0.002308	0.000000	
0.714982	0.003639	0.000000	0.704170	0.000000	0.015311	0.000000	0.000000	
0.000118	0.000554	0.717112	0.000005	0.000000	0.000000	0.000000	0.697030	
0.000000	0.000000	0.000000	0.000000	1.001020	0.000000	0.000000	0.000000	
0.015932	0.000157	0.000184	0.000066	0.001447	0.000000	0.000000	0.999933	
0.704621	0.000001	0.000000	0.000000	0.000000	0.000000	0.000000	0.709910	
0.000000	0.000000	0.019636	0.710515	0.002008	0.703656	0.000000	0.000009	
0.000593	0.000711	0.017868	0.999898	0.000348	0.001879	0.005673	0.008964	
0.011700	0.494488	0.000010	0.000014	0.504553	0.708008	0.000000	0.000001	
0.166807	0.693953	0.023647	0.000000	0.002017	0.029073	0.000000	0.708201	
0.005330	0.709821	0.000000	0.000000	0.000000	0.000016	0.704410	0.001457	
0.009661	0.705377	0.708979	0.000000	0.000000	0.000000	0.000000	0.000000	
0.001567	0.000104	0.000028	0.713571	0.000000	0.000000	0.708729	0.000000	
0.008350	0.000000	1.000197	0.000000	0.000000	0.000000	0.000258	0.000000	
0.010482	0.010853	0.515740	0.508770	0.000201	0.010894	0.711491	0.012706	
0.000000	0.000000	0.000000	0.000000	0.000000	1.004738	0.000000	0.000000	
0.000000	0.000000	0.000000	0.000000	0.000000	0.000000	0.707042	0.707305	
0.000000	0.009704	0.590609	0.545665	0.000000	0.617602	0.000000	0.000000	
0.000005	0.000001	0.000000	0.000102	0.709587	0.000000	0.704705	0.000000	
0.193202	0.975326	0.011333	0.007990	0.118974	0.000000	0.000000	0.000000	
0.712739	0.057379	0.718629	0.000000	0.000000	0.000000	0.000000	0.000000	
0.102938	0.003869	0.706206	0.000000	0.698878	0.049076	0.000980	0.000000	
0.000000	0.000000	0.000000	0.000000	0.729834	0.000001	0.000001	0.727652	
0.000000	0.000000	0.000001	0.715637	0.700626	0.000001	0.000007	0.000000	
