0.000000	0.000000	0.000000	0.707078	0.000000	0.707173	0.000000	0.000000	
0.000000	0.706894	0.000000	0.000000	0.000000	0.707320	0.000000	0.000000	
0.000000	0.000000	0.000000	0.707122	0.000000	0.000000	0.707092	0.000000	
0.000000	0.000000	0.000000	0.000000	0.706884	0.000000	0.000000	0.707329	
0.000000	0.000000	0.707541	0.706672	0.000000	0.000000	0.000000	0.000000	
0.000000	0.000000	0.000002	0.000000	0.707065	0.707149	0.000000	0.000000	
0.000000	0.000000	0.706586	0.000000	0.707629	0.000000	0.000000	0.000000	
0.000000	0.000000	0.000000	0.707140	0.000000	0.000000	0.000000	0.707073	
0.707061	0.000000	0.000000	0.000000	0.000000	0.707152	0.000000	0.000000	
0.000000	0.000000	0.707127	0.000000	0.000000	0.000000	0.707086	0.000000	
0.000000	0.000000	1.000000	0.000000	0.000000	0.000000	0.000000	0.000000	
0.000000	0.000000	0.000000	0.000000	0.000000	0.707888	0.000000	0.707805	
0.000000	0.000000	0.000000	0.000000	0.000000	0.000000	0.707149	0.707082	
0.000000	0.000000	0.707065	0.000000	0.000000	0.707149	0.000000	0.000000	
0.706974	0.000000	0.000000	0.707239	0.000000	0.000000	0.000000	0.000000	
1.000000	0.000000	0.000000	0.000000	0.000000	0.000000	0.000000	0.000000	
0.707102	0.000000	0.000000	0.000020	0.000000	0.000000	0.707111	0.000000	
0.707063	0.000000	0.707150	0.000000	0.000000	0.000000	0.000000	0.000000	
0.000001	0.706577	0.000000	0.000000	0.707637	0.000000	0.000000	0.000000	
0.707199	0.707015	0.000000	0.000000	0.000000	0.000000	0.000000	0.000000	
0.000000	0.000002	0.000002	0.000000	0.706859	0.000000	0.707739	0.000000	
0.000000	0.706662	0.000000	0.000000	0.000000	0.000000	0.707551	0.000000	
0.000000	0.707047	0.000000	0.707166	0.000000	0.000000	0.000000	0.000000	
0.000000	0.000000	0.000000	0.000000	0.000000	0.000000	1.000000	0.000000	
0.000000	1.000000	0.000000	0.000000	0.000000	0.000000	0.000000	0.000000	
0.000000	0.707093	0.000000	0.000000	0.000000	0.000000	0.000000	0.707121	
0.000000	0.000000	0.000000	0.706848	0.707366	0.000000	0.000000	0.000000	
0.706850	0.000000	0.000000	0.000000	0.707363	0.000000	0.000000	0.000000	
0.000000	0.000000	0.000000	0.000000	0.000000	0.000000	0.000000	1.000131	
0.000000	0.000000	0.000000	1.000000	0.000000	0.000000	0.000000	0.000000	
0.000000	0.000000	0.000000	0.000705	0.000000	0.707122	0.707092	0.000000	
0.707156	0.000001	0.000001	0.000000	0.000000	0.000000	0.000000	0.707057	
0.000000	0.707063	0.707150	0.000000	0.000000	0.000000	0.000000	0.000000	
0.000000	0.000000	0.000000	0.000000	1.000000	0.000000	0.000000	0.000000	
0.000000	0.000000	0.000000	0.000000	0.000000	1.000000	0.000000	0.000000	
0.000000	0.000000	0.706612	0.000000	0.000000	0.000000	0.000000	0.707601	
0.000000	0.000000	0.000000	0.000000	0.000000	1.000000	0.000000	0.000000	
0.706850	0.000000	0.000000	0.000000	0.707363	0.000000	0.000000	0.000000	
0.702648	0.005984	0.711512	0.000000	0.000000	0.000000	0.000000	0.000000	
0.077091	0.000000	0.000017	0.986179	0.015750	0.000000	0.158540	0.000000	
0.003521	0.000247	0.703966	0.011217	0.065072	0.707148	0.000000	0.000000	
0.000000	0.000000	0.000002	0.000000	0.707688	0.000000	0.707623	0.000000	
0.707156	0.000001	0.000001	0.000000	0.000000	0.000000	0.000000	0.707057	
0.000000	0.000000	0.000000	0.000000	0.000000	0.000000	0.000000	1.000000	
0.000000	0.000000	0.000000	0.707140	0.000000	0.000000	0.000000	0.707073	
0.000000	0.000000	0.000000	0.000000	0.000000	0.000000	0.707070	0.707143	
0.000000	0.672448	0.740073	0.000001	0.000000	0.010275	0.000000	0.000000	
0.000000	0.000000	0.719841	0.694139	0.000000	0.000000	0.000000	0.000000	
0.000000	0.703376	0.038017	0.709801	0.000000	0.000000	0.000000	0.000000	
0.000000	0.000000	1.000000	0.000000	0.000000	0.000000	0.000000	0.000000	
0.707102	0.000000	0.000000	0.000020	0.000000	0.000000	0.707111	0.000000	
0.000000	0.000000	0.000000	0.000000	0.000000	0.708645	0.000000	0.708562	
0.706974	0.000000	0.000000	0.707239	0.000000	0.000000	0.000000	0.000000	
0.000000	0.000000	0.000000	0.000000	0.706884	0.000000	0.000000	0.707329	
0.677955	0.735103	0.000000	0.000000	0.000000	0.000000	0.000091	0.000000	
0.000000	0.000000	0.000000	0.000000	0.000000	0.000000	1.000000	0.000000	
0.706654	0.000201	0.000000	0.000001	0.000000	0.707565	0.000000	0.000000	
0.100537	0.684073	0.011446	0.012034	0.000000	0.692038	0.184278	0.096072	
0.000000	0.000000	0.000002	0.000000	0.707066	0.707149	0.000000	0.000000	
0.000000	0.000000	0.000000	0.707122	0.000000	0.000000	0.707092	0.000000	
0.110806	0.666547	0.011143	0.058801	0.715972	0.010760	0.193293	0.051637	
0.000000	0.505258	0.000000	0.505343	0.699531	0.000000	0.000000	0.000000	
0.000000	0.000000	0.707127	0.000000	0.000000	0.000000	0.707086	0.000000	
0.999053	0.014223	0.000000	0.032937	0.000535	0.024613	0.000000	0.000000	
0.036003	0.002326	0.691637	0.000521	0.000000	0.000000	0.000000	0.721343	
0.001055	0.022119	0.491492	0.510117	0.016204	0.708981	0.000000	0.000000	
0.000000	0.702517	0.000000	0.000719	0.000000	0.000000	0.000000	0.711667	
0.003293	0.968604	0.000161	0.005916	0.000000	0.000000	0.000000	0.248518	
0.009603	0.505661	0.012903	0.000001	0.494375	0.000000	0.707369	0.000000	
0.000000	0.000000	0.706881	0.000000	0.707925	0.000000	0.000000	0.000000	
0.000000	0.000000	0.000000	0.000705	0.000000	0.707122	0.707092	0.000000	
0.000000	0.000000	0.000000	0.000000	1.000000	0.000000	0.000000	0.000000	
0.112861	0.678911	0.011349	0.001120	0.726508	0.010918	0.002811	0.051419	
0.000000	0.000000	0.000000	0.000000	0.000000	0.000000	0.000000	1.000000	
0.000000	0.000000	0.000000	0.000000	0.000000	0.000000	0.999300	0.040164	
0.651291	0.731266	0.000000	0.202174	0.008772	0.032264	0.000000	0.000000	
0.702138	0.017799	0.091290	0.023348	0.000385	0.706500	0.000000	0.000000	
0.000126	0.725252	0.023890	0.000000	0.000006	0.000000	0.688069	0.000000	
0.000001	0.000000	0.000000	0.063660	0.000000	0.704102	0.707855	0.000000	
0.023151	0.485200	0.003804	0.004856	0.516136	0.708878	0.000000	0.000000	
0.000000	0.703376	0.038017	0.709801	0.000000	0.000000	0.000000	0.000000	
0.000000	0.000000	0.706444	0.000000	0.707769	0.000000	0.000000	0.000000	
0.001237	0.007652	0.008237	0.000365	0.000000	0.653272	0.000000	0.758421	
0.001442	0.009787	0.000046	0.000202	0.688316	0.000000	0.725718	0.000000	
0.041928	0.003845	0.688796	0.723485	0.000000	0.018906	0.000000	0.000000	
0.999662	0.021871	0.000000	0.014030	0.000000	0.000000	0.000000	0.000000	
0.048560	0.000000	0.000000	0.000000	0.997656	0.070234	0.000000	0.001822	
0.140826	0.953016	0.121423	0.000731	0.000000	0.000000	0.000000	0.267257	
0.690230	0.022054	0.690667	0.004393	0.013876	0.214156	0.000000	0.000000	
0.707699	0.000000	0.008161	0.000000	0.714074	0.000000	0.000000	0.000000	
0.000000	0.000000	0.000000	0.000000	0.706884	0.000000	0.000000	0.707329	
0.000074	0.022238	0.706873	0.000000	0.000000	0.000000	0.707182	0.000000	
0.004096	0.000090	0.000068	0.978378	0.000000	0.004127	0.184278	0.096072	
0.707128	0.000000	0.000075	0.000016	0.000000	0.000689	0.707137	0.000000	
0.666867	0.062298	0.002149	0.742159	0.000006	0.024560	0.000000	0.000000	
0.702814	0.076887	0.000001	0.001290	0.000000	0.014481	0.000000	0.707057	
0.000000	0.000000	0.703879	0.007732	0.066593	0.707180	0.000000	0.000000	
0.001083	0.026002	0.706044	0.029896	0.000000	0.000000	0.000000	0.707090	
0.015043	0.000004	0.000000	0.688062	0.726408	0.010916	0.000000	0.051412	
0.000000	0.000000	0.000000	0.707140	0.000000	0.000000	0.000000	0.707073	
