0.000000	0.000000	0.707495	0.706718	0.000000	0.000000	0.000000	0.000000	
0.000000	0.000000	0.000000	0.000000	0.707065	0.707149	0.000000	0.000000	
0.707063	0.000000	0.707150	0.000000	0.000000	0.000000	0.000000	0.000000	
0.000000	0.000038	0.000000	0.000058	0.000003	0.706558	0.707876	0.000000	
0.000000	0.000000	0.706866	0.000000	0.707348	0.000000	0.000000	0.000000	
0.000000	0.000000	0.000000	0.000000	1.000000	0.000000	0.000000	0.000000	
0.000000	0.000000	0.000013	0.000214	0.000006	0.707061	0.000000	0.707206	
0.000000	0.000000	1.000000	0.000000	0.000000	0.000000	0.000000	0.000000	
0.000000	0.000000	0.707065	0.000000	0.000000	0.707149	0.000000	0.000000	
0.000000	0.000000	0.000000	0.000000	0.000000	0.000000	0.707097	0.707116	
0.707049	0.000000	0.000000	0.707164	0.000000	0.000000	0.000000	0.000000	
0.000000	0.707063	0.707150	0.000000	0.000000	0.000000	0.000000	0.000000	
0.707061	0.000000	0.000000	0.000000	0.000000	0.707152	0.000000	0.000000	
0.000000	0.000000	0.000000	1.000000	0.000000	0.000000	0.000000	0.000000	
0.707199	0.707015	0.000000	0.000000	0.000000	0.000000	0.000000	0.000000	
1.000000	0.000000	0.000000	0.000000	0.000000	0.000000	0.000000	0.000000	
0.000000	0.706662	0.000000	0.000000	0.000000	0.000000	0.707551	0.000000	
0.707135	0.000000	0.000000	0.000000	0.707078	0.000000	0.000000	0.000000	
0.000000	0.000000	0.000000	0.000000	0.000000	1.000000	0.000000	0.000000	
0.000000	0.000000	0.000000	0.000000	0.000000	0.000000	1.000000	0.000000	
0.000000	0.000000	0.000000	0.707034	0.000000	0.000000	0.000000	0.707180	
0.000000	0.000000	0.000000	0.000000	0.000000	0.000000	0.000000	1.000003	
0.000446	0.710396	0.000001	0.000000	0.000006	0.710579	0.000001	0.000000	
0.000000	0.706585	0.000000	0.000000	0.707636	0.000000	0.000000	0.000000	
0.000000	0.000000	0.000000	0.707078	0.000000	0.707173	0.000000	0.000000	
0.707102	0.000000	0.000000	0.000000	0.000000	0.000000	0.707111	0.000000	
0.000000	0.000000	0.000000	0.000000	0.707121	0.000000	0.000000	0.707093	
0.000000	0.706290	0.000000	0.000000	0.000000	0.000000	0.000000	0.707923	
0.000000	0.707047	0.000000	0.707166	0.000000	0.000000	0.000000	0.000000	
0.707156	0.000000	0.000000	0.000000	0.000000	0.000000	0.000000	0.707057	
0.000143	0.000015	0.000000	0.000118	0.707102	0.000000	0.707111	0.000000	
0.000000	0.000000	0.712100	0.000000	0.000000	0.000000	0.000000	0.712043	
0.000000	1.000000	0.000000	0.000000	0.000000	0.000000	0.000000	0.000000	
0.000000	0.000000	0.000000	0.706943	0.707270	0.000000	0.000000	0.000000	
0.000000	0.000002	0.000000	0.706079	0.000000	0.000000	0.708133	0.000000	
0.000000	0.000000	0.707064	0.000000	0.000000	0.000000	0.707149	0.000000	
0.707156	0.000000	0.000000	0.000000	0.000000	0.000000	0.000000	0.707057	
0.004010	0.000000	0.000000	0.695475	0.000000	0.000000	0.718476	0.009515	
0.524285	0.492995	0.000000	0.000000	0.000000	0.000000	0.695892	0.000000	
0.000000	0.000000	0.707158	0.000000	0.000000	0.000000	0.000000	0.707056	
0.003278	0.964273	0.000160	0.091686	0.000000	0.000000	0.000000	0.248518	
0.000000	0.000000	0.000000	0.000000	0.000000	0.000000	1.000000	0.000000	
0.000000	0.706577	0.000000	0.000000	0.707637	0.000000	0.000000	0.000000	
0.000000	0.000000	0.000000	0.707128	0.000000	0.707142	0.000000	0.000000	
0.000000	0.000000	0.000000	0.705382	0.708915	0.000000	0.000000	0.000002	
0.000000	0.000000	0.709824	0.000000	0.704380	0.000000	0.000000	0.000000	
0.000139	0.000016	0.000000	0.000122	0.708601	0.000000	0.705610	0.000000	
0.738095	0.665363	0.000788	0.128772	0.000000	0.000000	0.000016	0.000000	
0.000000	0.000213	0.000003	0.000008	0.000010	0.700764	0.713517	0.003343	
0.000000	0.000000	0.000000	0.000000	1.000000	0.000000	0.000000	0.000000	
0.707099	0.000000	0.000000	0.000000	0.000000	0.707114	0.000000	0.000000	
0.153212	0.688909	0.047061	0.707427	0.000000	0.005648	0.000000	0.000000	
0.000000	0.000000	0.000000	0.000000	0.707099	0.707114	0.000000	0.000000	
0.000000	0.000000	0.707065	0.000000	0.000000	0.707149	0.000000	0.000000	
0.706883	0.000000	0.000000	0.000000	0.707331	0.000000	0.000000	0.000000	
0.000000	0.000000	0.000000	1.000000	0.000000	0.000000	0.000000	0.000000	
0.000005	0.706290	0.000000	0.000000	0.000000	0.000000	0.000000	0.707923	
0.000000	0.000000	0.000000	0.000000	0.000000	0.000000	0.000000	1.000002	
0.137850	0.686506	0.009085	0.025919	0.000000	0.000000	0.713409	0.000000	
0.000000	0.000000	0.000000	0.707140	0.000000	0.000000	0.000000	0.707073	
0.000446	0.710396	0.000001	0.000000	0.000006	0.710579	0.000001	0.000000	
0.031459	0.707378	0.706107	0.006238	0.000900	0.000000	0.000000	0.000190	
0.000000	0.000000	0.000000	0.000000	0.000000	1.000000	0.000000	0.000000	
0.000000	0.000000	0.694645	0.000002	0.000000	0.000000	0.720922	0.000000	
0.000000	0.000000	0.000000	0.000000	0.000000	0.707140	0.000000	0.707074	
0.018768	0.005897	0.999118	0.036598	0.000000	0.000000	0.006090	0.000000	
0.000000	0.000000	0.000000	0.000000	0.700135	0.000000	0.000000	0.714257	
0.000000	0.000000	0.705173	0.708834	0.000900	0.000001	0.000000	0.016858	
0.000000	0.000000	0.000000	0.000000	0.000000	0.000000	0.714267	0.701328	
0.700377	0.029544	0.004840	0.712949	0.000036	0.000001	0.000013	0.016858	
0.997738	0.006988	0.000000	0.039181	0.000000	0.000000	0.054172	0.000000	
0.589271	0.063892	0.804867	0.006120	0.000000	0.028780	0.000000	0.000000	
0.688813	0.003408	0.000046	0.053449	0.000000	0.722992	0.002347	0.000000	
0.114829	0.697134	0.027365	0.000000	0.000000	0.707141	0.001549	0.004535	
0.000000	0.000000	0.000000	0.000000	0.000134	0.707121	0.000000	0.707093	
0.000000	0.684276	0.000621	0.000000	0.729223	0.000000	0.000000	0.000000	
0.068595	0.000000	0.695792	0.000000	0.702170	0.000000	0.134633	0.000000	
0.000000	0.000000	0.000000	0.707035	0.005830	0.707155	0.000000	0.000000	
0.000009	0.000000	0.004018	0.000455	0.000006	0.004044	0.711127	0.703078	
0.706843	0.055760	0.000298	0.000550	0.000000	0.000000	0.000000	0.707385	
0.000138	0.693279	0.047239	0.001412	0.000000	0.000000	0.719118	0.000000	
0.715068	0.000131	0.011351	0.048365	0.697288	0.000000	0.000000	0.000000	
0.000000	0.000000	0.000000	1.000312	0.000000	0.000073	0.000000	0.005953	
0.624676	0.105997	0.824019	0.000140	0.000000	0.030431	0.000000	0.000000	
0.082812	0.078712	0.706624	0.000000	0.074490	0.000000	0.695892	0.000000	
0.000000	0.000000	0.000000	0.000000	0.000000	1.000000	0.000000	0.000000	
0.000000	0.725418	0.000000	0.689742	0.000000	0.000000	0.000000	0.000000	
0.654303	0.021733	0.004520	0.755705	0.000036	0.004757	0.001105	0.016858	
0.000000	0.000000	0.707495	0.706718	0.000000	0.000000	0.000000	0.000000	
0.000001	0.040682	0.000011	0.062544	0.002817	0.702739	0.708012	0.000000	
0.028757	0.030708	0.725218	0.000000	0.000000	0.008763	0.000000	0.705206	
0.000000	0.000000	0.000000	0.000000	0.000000	0.000000	0.000000	1.000000	
0.000000	0.000000	0.000000	0.707140	0.000000	0.000000	0.000000	0.707073	
0.038153	0.476673	0.015953	0.057196	0.518290	0.000215	0.000000	0.707622	
0.067460	0.006942	0.705018	0.000000	0.000000	0.708356	0.000000	0.000000	
0.698827	0.008365	0.009014	0.027656	0.033698	0.016467	0.713793	0.000102	
0.000018	0.005273	0.943859	0.060943	0.226928	0.008711	0.000000	0.231984	
0.010441	0.000052	0.000179	0.000810	0.000000	0.010475	0.999917	0.000000	
0.000002	0.000000	0.000121	0.000106	0.707099	0.707114	0.000000	0.000000	
0.996574	0.000000	0.000000	0.000000	0.085714	0.000000	0.000113	0.000000	
