0.000016	0.000001	0.000000	0.000000	0.706388	0.000000	0.000000	0.707827	
0.000000	0.000000	0.707069	0.000000	0.000000	0.000000	0.707191	0.000000	
0.000002	0.706419	0.000000	0.000000	0.707810	0.000000	0.000000	0.000000	
0.000000	0.000000	0.000000	0.000000	0.708679	0.708022	0.000000	0.000000	
0.000000	0.000000	0.000000	0.000000	0.000000	0.707113	0.000000	0.707101	
0.000233	0.708921	0.000005	0.001950	0.000000	0.000000	0.708672	0.000000	
0.000000	0.000000	0.706886	0.000000	0.000000	0.707556	0.000000	0.000000	
0.714474	0.000000	0.000000	0.000000	0.000000	0.714836	0.000000	0.000021	
0.000034	0.709500	0.000179	0.705512	0.000000	0.000000	0.000000	0.000000	
1.000006	0.000000	0.000000	0.000000	0.000000	0.000000	0.000000	0.000000	
0.000002	0.708062	0.706558	0.000000	0.000000	0.000000	0.000002	0.000000	
0.000000	0.000000	0.000000	0.000000	0.000000	0.000000	0.707114	0.707102	
0.000000	0.000000	0.000000	0.000000	1.000000	0.000000	0.000000	0.000000	
0.000000	0.000000	0.000000	0.000000	0.000000	1.000001	0.000000	0.000000	
0.706206	0.000000	0.000000	0.000015	0.000000	0.000000	0.708007	0.000000	
0.000000	0.000000	0.000000	1.000000	0.000000	0.000000	0.000000	0.000000	
0.000000	0.000000	0.000000	0.000000	0.709940	0.000000	0.709690	0.000000	
0.000000	1.003832	0.000000	0.000000	0.000000	0.000000	0.000000	0.000000	
0.000000	0.000000	1.000042	0.000000	0.000000	0.000000	0.000000	0.000000	
0.000003	0.000010	0.710673	0.000000	0.000000	0.000000	0.000000	0.710653	
0.711844	0.000000	0.000000	0.000000	0.713417	0.000000	0.000000	0.000000	
0.706860	0.000000	0.707353	0.000000	0.000000	0.000000	0.000000	0.000000	
0.000048	0.000011	0.000001	0.708705	0.000000	0.000000	0.000000	0.705649	
0.000000	0.000000	0.000000	0.000000	0.000000	0.000000	0.000000	1.000155	
0.707199	0.000000	0.000000	0.000012	0.000000	0.000000	0.000000	0.707074	
0.000001	0.000009	0.707214	0.707000	0.000000	0.000000	0.000000	0.000000	
0.000051	0.000001	0.000001	0.706941	0.707275	0.000000	0.000000	0.000000	
0.000002	0.708512	0.000002	0.000000	0.000000	0.707946	0.000000	0.000000	
0.000000	0.000000	0.000000	0.000000	0.000000	0.000000	1.000000	0.000000	
0.707217	0.000000	0.000000	0.706997	0.000000	0.000000	0.000000	0.000000	
0.000000	0.709929	0.000000	0.000000	0.000000	0.000000	0.000000	0.704564	
0.705403	0.709873	0.000000	0.000000	0.000002	0.000000	0.000000	0.000000	
0.000064	0.000744	0.737251	0.000000	0.739021	0.000000	0.000000	0.000000	
0.000000	0.000000	0.000000	0.706546	0.000000	0.707668	0.000000	0.000000	
0.000000	0.000000	0.000000	0.000000	0.000000	0.700401	0.717920	0.000000	
0.000001	0.000050	0.000000	0.707310	0.000000	0.000000	0.706915	0.000000	
0.000000	0.000000	0.000000	0.000000	0.707401	0.000000	0.707025	0.000000	
0.000000	0.000000	0.000000	1.000000	0.000000	0.000000	0.000000	0.000000	
0.705855	0.000000	0.000001	0.710153	0.000000	0.000000	0.000000	0.000000	
0.000051	0.000000	0.000001	0.706950	0.707285	0.000000	0.000000	0.000000	
0.000003	1.000129	0.028064	0.000022	0.000000	0.000000	0.000023	0.000000	
0.000000	0.000000	0.000000	0.000000	0.000000	1.000096	0.000000	0.000000	
0.000076	0.001672	0.718061	0.000000	0.009607	0.696051	0.000000	0.000000	
0.716240	0.028751	0.000000	0.000000	0.000000	0.123760	0.696175	0.000000	
0.000000	0.000000	0.000000	0.000000	0.000000	0.000000	0.000000	1.000037	
0.000000	0.000000	0.000000	0.000000	0.707683	0.707047	0.000001	0.000000	
0.707204	0.000000	0.000000	0.000000	0.707010	0.000000	0.000000	0.000000	
0.642342	0.046351	0.000001	0.000011	0.000004	0.000000	0.005349	0.768441	
0.000055	0.001011	0.706247	0.000000	0.708023	0.000000	0.000000	0.000000	
0.987053	0.057418	0.000671	0.085888	0.013919	0.000000	0.000000	0.121907	
0.000048	0.000013	0.000001	0.706035	0.000000	0.000000	0.000966	0.709200	
0.000000	0.000000	0.707069	0.000000	0.000000	0.000000	0.707192	0.000000	
0.000000	0.004762	0.004752	0.000519	0.000000	0.704517	0.000000	0.710266	
0.000009	0.000156	0.000007	0.710958	0.000000	0.000000	0.708793	0.000000	
0.000002	0.708589	0.000002	0.000000	0.000000	0.708024	0.000000	0.000002	
0.705442	0.709912	0.000000	0.000000	0.000002	0.000000	0.000000	0.000000	
0.000000	0.000000	0.000000	0.000000	0.000000	0.707046	0.707168	0.000000	
0.000002	0.707221	0.000000	0.707001	0.000000	0.000000	0.000000	0.000000	
0.714724	0.000000	0.000000	0.000000	0.000000	0.715087	0.000000	0.000021	
0.000002	0.708049	0.706545	0.000000	0.000000	0.000000	0.000012	0.000000	
0.000000	0.000000	0.000000	0.000000	0.000000	0.000000	0.706918	0.707297	
0.000001	0.000009	0.707214	0.707000	0.000000	0.000000	0.000000	0.000000	
0.000000	0.000000	0.000000	0.000000	1.000521	0.000000	0.000000	0.000000	
0.000016	0.000001	0.000000	0.000000	0.706389	0.000000	0.000000	0.707828	
0.000003	0.000010	0.710673	0.000000	0.000000	0.000000	0.000000	0.710653	
0.000033	0.709937	0.000005	0.001970	0.000000	0.000000	0.709687	0.000000	
0.000000	0.000000	0.000000	0.708541	0.000000	0.705670	0.000000	0.000000	
0.205343	0.610331	0.000017	0.000363	0.000166	0.000000	0.005348	0.768364	
0.000001	0.706419	0.000002	0.000000	0.707810	0.000000	0.000000	0.000000	
0.670639	0.080189	0.739542	0.000000	0.000000	0.000000	0.000000	0.000000	
0.000000	0.000000	1.000000	0.000000	0.000000	0.000000	0.000000	0.000000	
0.000000	0.000000	0.000000	0.000000	0.000000	0.000000	1.000001	0.000000	
0.000002	0.000010	0.711487	0.000000	0.000000	0.000000	0.000000	0.711468	
0.000000	0.000000	0.000000	0.000000	0.707405	0.000000	0.707029	0.000000	
0.668045	0.099505	0.739541	0.000026	0.000000	0.000000	0.000000	0.000000	
0.963146	0.268287	0.000000	0.000000	0.000000	0.000000	0.000072	0.019552	
0.000002	0.000050	0.000000	0.707305	0.000000	0.002648	0.706915	0.000000	
0.000002	0.707652	0.000000	0.707431	0.000000	0.000000	0.000000	0.000000	
0.000000	0.010498	0.000000	0.999961	0.000000	0.000000	0.000000	0.000000	
0.000012	0.000000	0.000000	0.000000	0.508459	0.508002	0.000000	0.695798	
0.042426	0.703110	0.044514	0.000000	0.707184	0.042084	0.000000	0.000000	
0.703142	0.707598	0.000000	0.074715	0.000000	0.000000	0.000000	0.000000	
0.006524	0.000073	0.000000	0.712389	0.000000	0.000000	0.000997	0.703597	
0.000000	0.000000	0.000000	0.000000	1.003989	0.004190	0.004849	0.000000	
0.060788	0.704751	0.000000	0.000071	0.000000	0.000000	0.000000	0.707243	
0.000000	0.000000	0.000000	0.000000	0.705276	0.711330	0.000000	0.000000	
0.000000	0.000000	1.000042	0.000000	0.000000	0.000000	0.000000	0.000000	
0.000610	0.010031	0.694875	0.717695	0.000000	0.044328	0.000000	0.000001	
0.714758	0.000000	0.000000	0.000000	0.000000	0.715121	0.000000	0.000021	
0.000074	0.000725	0.000000	0.000021	0.011843	0.000000	0.999930	0.000000	
0.000314	0.010866	0.512142	0.488954	0.000000	0.000000	0.707760	0.000000	
0.514737	0.506493	0.000002	0.696232	0.000002	0.000000	0.000000	0.000000	
0.001756	0.032403	0.662955	0.000000	0.747855	0.000000	0.022210	0.000000	
0.000099	0.000015	0.000002	0.704265	0.710050	0.000000	0.000000	0.000000	
0.685830	0.185712	0.010845	0.001489	0.000000	0.000000	0.000972	0.704608	
0.001224	0.700530	0.000311	0.000743	0.073198	0.710826	0.000000	0.000002	
0.679846	0.204372	0.142673	0.000000	0.000000	0.022933	0.694802	0.000000	
0.538067	0.031300	0.000970	0.046160	0.833040	0.000000	0.000000	0.121996	
0.000967	0.021131	0.717739	0.000000	0.009607	0.696040	0.006719	0.000000	
0.000000	1.002412	0.000000	0.000000	0.000000	0.000000	0.000000	0.000000	
