0.002195	0.448165	0.434805	0.781771	
0.709644	0.471975	0.468232	0.235112	
0.000042	0.975432	0.165314	0.160357	
0.851559	0.424902	0.221810	0.213168	
0.407374	0.816866	0.409388	0.000027	
0.430901	0.210120	0.853636	0.215621	
0.515065	0.000036	0.857752	0.000178	
0.704411	0.001016	0.710484	0.000073	
0.000001	0.000000	1.001901	0.000006	
0.366560	0.913109	0.000105	0.181363	
0.672313	0.222966	0.225902	0.670483	
0.196656	0.590618	0.783445	0.000004	
0.000379	0.320027	0.947963	0.000014	
0.181604	0.913340	0.000012	0.365314	
0.000005	0.990265	0.000002	0.140528	
0.000391	0.358851	0.916463	0.185745	
0.162731	0.975556	0.004056	0.151043	
1.000456	0.000003	0.000001	0.000014	
0.162376	0.000228	0.974400	0.161808	
0.000013	0.585446	0.788594	0.195653	
0.953230	0.000423	0.309192	0.000007	
0.585626	0.788053	0.000154	0.190467	
0.000001	0.000001	0.000000	1.000843	
0.428882	0.644524	0.001428	0.634497	
0.640134	0.430980	0.000178	0.637577	
0.226624	0.226868	0.674012	0.666195	
0.912843	0.365732	0.182228	0.000040	
0.638657	0.000008	0.639946	0.427781	
0.817393	0.407812	0.408834	0.000008	
0.162724	0.157311	0.975037	0.000202	
0.187842	0.364635	0.001699	0.914032	
0.950478	0.000105	0.000086	0.316839	
0.356278	0.000012	0.919833	0.174556	
0.361728	0.182057	0.915368	0.000014	
0.814430	0.415363	0.000208	0.407345	
0.423329	0.855151	0.214308	0.215159	
0.472206	0.236371	0.473850	0.706151	
0.195926	0.785208	0.000015	0.588167	
0.000691	0.641625	0.428304	0.637225	
0.989991	0.143199	0.000001	0.000014	
0.003787	0.817718	0.406242	0.409081	
0.000009	0.179981	0.368828	0.912877	
0.639139	0.000489	0.426439	0.642415	
0.639071	0.641063	0.425672	0.000009	
0.913043	0.000023	0.182123	0.366258	
0.316159	0.000011	0.000026	0.949417	
0.401445	0.000080	0.404954	0.824797	
0.000006	0.749261	0.756478	0.000250	
0.784033	0.589497	0.196793	0.000015	
0.781775	0.197206	0.592834	0.000011	
0.205531	0.779315	0.593310	0.004282	
0.000021	0.706841	0.000005	0.707701	
0.474498	0.473080	0.235680	0.704592	
0.223461	0.673538	0.226441	0.669185	
0.213831	0.428133	0.851408	0.215880	
0.000005	0.000883	0.318147	0.951208	
0.000198	0.949311	0.319477	0.000001	
0.366472	0.000012	0.170928	0.916054	
0.212226	0.426464	0.217258	0.854273	
0.191945	0.000001	0.786950	0.587071	
0.499108	0.501716	0.500741	0.500642	
0.408844	0.819513	0.000042	0.404006	
1.000208	0.000008	0.000002	0.142335	
0.000004	0.197987	0.787117	0.584908	
0.000028	0.783966	0.196538	0.589880	
0.781598	0.593491	0.000026	0.195710	
0.818469	0.000100	0.406611	0.407734	
0.000035	0.914013	0.363833	0.182411	
0.211720	0.212833	0.426094	0.855291	
0.854174	0.212534	0.212604	0.424821	
0.000017	0.000333	0.990745	0.138669	
0.588006	0.000040	0.196863	0.785002	
0.913469	0.000001	0.365775	0.181009	
0.145760	0.000198	0.998092	0.000000	
0.163723	0.000178	0.161900	0.974207	
0.714131	0.467021	0.241399	0.474637	
0.946061	0.187998	0.192365	0.185141	
0.138062	0.000001	0.000001	0.990733	
0.414708	0.400071	0.817630	0.000024	
0.589549	0.195853	0.000007	0.784684	
0.000501	0.000952	0.517368	0.858068	
0.000017	0.000319	0.949261	0.316120	
0.973918	0.162365	0.000000	0.162265	
0.001057	0.969633	0.000001	0.324581	
0.974042	0.000013	0.160824	0.162170	
0.000505	0.163062	0.163353	0.976562	
0.000361	0.990960	0.139079	0.000003	
0.915731	0.172309	0.000006	0.364906	
0.428388	0.010739	0.642250	0.645656	
0.706833	0.709458	0.000019	0.000008	
0.162362	0.973345	0.163805	0.000005	
0.000004	0.141205	0.991254	0.000002	
0.367082	0.183223	0.000003	0.912452	
0.215855	0.854245	0.215328	0.426611	
0.990755	0.000521	0.137809	0.000009	
0.234835	0.470933	0.707056	0.473639	
0.000037	0.784484	0.593010	0.196168	
0.641497	0.426241	0.639384	0.000004	
0.000298	0.137805	0.000016	0.990882	
0.001860	0.401584	0.820727	0.409365	
0.000980	0.200041	0.592948	0.783467	
0.000003	0.304831	0.000017	0.956209	
0.665815	0.673432	0.229968	0.225631	
0.000016	0.854120	0.521739	0.001028	
0.642332	0.638949	0.000050	0.424792	
0.470829	0.708009	0.236636	0.470717	
0.181762	0.916582	0.366272	0.000024	
0.784576	0.000749	0.589468	0.193431	
0.187548	0.192283	0.945786	0.188191	
0.426951	0.211287	0.217962	0.854134	
0.786912	0.192014	0.000001	0.590319	
0.365737	0.913075	0.184519	0.000535	
0.407762	0.407606	0.000004	0.817269	
0.211737	0.213141	0.858286	0.425440	
0.314262	0.003742	0.949853	0.000003	
0.179761	0.000833	0.914854	0.364062	
0.707172	0.000017	0.005775	0.713552	
0.856585	0.000006	0.000012	0.516379	
0.000089	0.161382	0.974592	0.157198	
0.000018	0.432986	0.654110	0.635269	
0.000018	1.002348	0.000000	0.000001	
0.856166	0.000004	0.517074	0.003056	
0.517408	0.000031	0.000001	0.856934	
0.190183	0.190230	0.189911	0.944711	
0.000677	0.638913	0.648621	0.421189	
0.000011	0.594742	0.196932	0.780441	
0.858269	0.515283	0.000102	0.000036	
0.515699	0.857391	0.000002	0.000012	
0.469098	0.467568	0.712988	0.232599	
0.949252	0.315135	0.000073	0.000067	
0.425536	0.638819	0.642004	0.002035	
0.408952	0.000074	0.816908	0.407194	
0.195580	0.590088	0.000005	0.783646	
0.163112	0.162697	0.000001	0.973836	
0.912943	0.367765	0.000001	0.182509	
0.000010	0.917257	0.166137	0.367570	
0.586432	0.001213	0.786973	0.195512	
0.000018	0.367131	0.182880	0.912343	
0.316376	0.948797	0.000012	0.000012	
0.473186	0.713570	0.465226	0.234022	
0.672071	0.221257	0.671582	0.223519	
0.199937	0.000139	0.592653	0.781260	
0.183898	0.364315	0.913595	0.000003	
0.195602	0.944925	0.184297	0.189368	
0.142413	0.989981	0.000002	0.000012	
0.585811	0.785245	0.201979	0.000070	
0.974764	0.162634	0.164090	0.000133	
0.000071	0.859883	0.000034	0.510860	
0.468653	0.240702	0.708186	0.470419	
0.000001	0.179609	0.914070	0.365433	
0.224259	0.670499	0.672320	0.222546	
0.000308	0.000069	0.718622	0.706421	
0.002204	0.000000	0.135675	0.990922	
0.707311	0.235232	0.477594	0.465359	
0.000006	0.515114	0.857604	0.000012	
0.588889	0.196425	0.785007	0.000003	
0.235312	0.708657	0.473826	0.469378	
0.181667	0.000006	0.363581	0.913928	
0.000001	0.517294	0.000001	0.856746	
0.000045	0.001511	0.856298	0.517501	
0.856319	0.213072	0.424361	0.207029	
0.211696	0.853685	0.426034	0.212935	
0.916410	0.180374	0.359229	0.000038	
0.783343	0.000025	0.196252	0.590151	
0.238224	0.473329	0.473531	0.707375	
0.036846	0.485774	0.225621	0.847940	
0.001198	0.253640	0.302999	0.920507	
0.162363	0.003003	0.974486	0.161822	
0.801155	0.199346	0.397024	0.403450	
0.387779	0.389220	0.838373	0.015637	
0.000010	0.917229	0.165489	0.367904	
0.266852	0.803643	0.534285	0.004854	
0.048674	0.747573	0.756092	0.000250	
0.303509	0.193830	0.682523	0.638809	
0.017386	0.509471	0.123127	0.853304	
0.202138	0.764170	0.581893	0.195560	
0.875101	0.000001	0.449902	0.181008	
0.002268	0.638909	0.648621	0.421189	
0.785252	0.000025	0.196028	0.591464	
0.988302	0.000865	0.000009	0.288451	
0.312609	0.948327	0.000002	0.061292	
0.553639	0.000033	0.000001	0.833857	
0.046795	0.011804	0.999940	0.000011	
0.724917	0.240412	0.243578	0.635588	
0.821509	0.000101	0.408748	0.399399	
0.033327	0.804656	0.575844	0.144423	
0.616455	0.168295	0.640304	0.428020	
0.548030	0.182060	0.040287	0.822831	
0.172609	0.012104	0.985858	0.000003	
0.821561	0.409891	0.400875	0.053953	
0.655104	0.657145	0.373547	0.000009	
0.989545	0.000003	0.000001	0.145826	
0.000038	0.451996	0.731561	0.510889	
0.184859	0.912942	0.365112	0.000027	
0.000018	0.986265	0.171792	0.000238	
0.153743	0.369370	0.406294	0.824797	
0.451558	0.872864	0.000000	0.194961	
0.052601	0.263928	0.189552	0.944415	
0.576016	0.328525	0.667020	0.451529	
0.000235	0.108921	0.000766	0.994368	
