0.102976	0.102977	0.145633	0.978572	
0.382628	0.596872	1.107373	0.416168	
0.061740	0.061730	0.087322	0.992459	
0.000000	0.000000	0.000000	1.000009	
0.223940	0.745193	2.577524	0.000759	
0.473681	0.580480	0.880237	0.000035	
0.110441	0.110470	0.156257	0.975494	
0.738549	0.211532	3.008040	0.478575	
0.457708	0.599340	1.406736	0.000012	
0.028437	0.028430	0.040222	0.998551	
0.646570	0.348164	1.477378	0.428495	
0.452193	0.456329	0.648431	0.422815	
0.679598	0.339357	1.517409	0.000240	
0.276955	0.705892	1.913310	0.420688	
0.217412	0.737646	3.083968	0.482910	
0.742542	0.221067	2.605841	0.000001	
0.465497	0.340568	0.788478	0.769634	
0.653878	0.252776	1.813456	0.868904	
0.243792	0.665363	1.933505	0.873272	
0.355056	0.642723	1.673116	0.518500	
0.396984	0.672179	2.548665	0.000000	
0.340418	0.458265	0.771314	0.775124	
0.637937	0.377660	1.171078	0.500072	
0.112968	0.112808	0.159885	0.975115	
0.339303	0.678939	1.515710	0.000051	
0.699530	0.270335	1.935754	0.485980	
0.580803	0.472083	0.876999	0.000035	
0.238010	0.238257	0.337054	0.880111	
0.178439	0.178371	0.252398	0.934438	
0.709248	0.273833	1.957444	0.373112	
0.112896	0.112848	0.159696	0.974467	
0.727317	0.171633	3.173969	0.951444	
0.133189	0.132995	0.188607	0.965201	
0.278976	0.741514	2.040021	0.361596	
0.347280	0.486485	0.836359	0.740918	
0.462291	0.489844	0.711738	0.353554	
0.465945	0.359941	0.762400	0.706106	
0.358563	0.663022	1.393582	0.009951	
0.635568	0.360982	1.380442	0.402205	
0.451653	0.600945	1.312878	0.000000	
0.545360	0.485080	0.802062	0.008869	
0.108935	0.108916	0.154071	0.976092	
0.033941	0.033932	0.048007	0.997876	
0.074931	0.074920	0.105975	0.988807	
0.399569	0.578869	1.019373	0.396380	
0.653502	0.253474	1.807166	0.866267	
0.198881	0.198807	0.281323	0.917770	
0.586279	0.413376	0.995623	0.360426	
0.742179	0.221666	2.597392	0.000001	
0.668649	0.355775	1.497840	0.000237	
0.000000	0.000000	0.000000	1.000012	
0.180993	0.757722	3.388790	0.002488	
0.142653	0.142370	0.202004	0.959950	
0.175137	0.726276	3.119397	0.935537	
0.461475	0.559023	0.877492	0.001486	
0.396999	0.672164	2.548176	0.000000	
0.255406	0.654161	1.800683	0.852215	
0.329962	0.615933	1.350724	0.628038	
0.142310	0.142750	0.202225	0.960539	
0.026307	0.026306	0.037204	0.998635	
0.745580	0.189555	3.231380	0.512041	
0.265080	0.705308	2.004713	0.431780	
0.332640	0.656019	1.533713	0.441954	
0.444213	0.609738	1.414064	0.000012	
0.661634	0.361907	1.376170	0.000048	
0.114231	0.114202	0.161568	0.973722	
0.648265	0.344484	1.484660	0.430333	
0.652307	0.255008	1.801805	0.868289	
0.467578	0.478804	0.690761	0.352448	
0.341742	0.677896	1.502236	0.002197	
0.270617	0.641197	1.649053	0.815445	
0.034174	0.034173	0.048329	0.997673	
0.262043	0.263659	0.374147	0.854481	
0.491215	0.349134	0.847943	0.732526	
0.383803	0.595332	1.100073	0.416105	
0.231009	0.738202	2.479440	0.000166	
0.578204	0.475263	0.876999	0.000035	
0.456122	0.566254	0.905895	0.007320	
0.610024	0.388905	1.103228	0.419532	
0.739870	0.227754	2.553140	0.000007	
0.069099	0.069278	0.098106	0.992063	
0.346411	0.484439	0.831905	0.744847	
0.194816	0.749660	2.965645	0.520883	
0.384555	0.670836	2.448327	0.000000	
0.704738	0.266315	1.993980	0.428819	
0.578663	0.475108	0.878089	0.000035	
0.653423	0.253621	1.805846	0.865713	
0.359049	0.497693	0.852390	0.697866	
0.276969	0.706553	1.916247	0.414626	
0.619818	0.378914	1.260966	0.374718	
0.034174	0.034173	0.048329	0.997673	
0.257204	0.262328	0.382370	0.878590	
0.181023	0.757712	3.388139	0.002657	
0.457360	0.564589	0.900128	0.007290	
0.061740	0.061730	0.087322	0.992459	
0.742405	0.221404	2.601266	0.000001	
0.462488	0.489383	0.710599	0.353206	
0.026347	0.026346	0.037261	0.998629	
0.175425	0.726182	3.113716	0.933924	
0.474807	0.355151	0.806448	0.733727	
0.730967	0.168453	3.256493	0.931867	
0.190562	0.190541	0.269511	0.924603	
0.676348	0.344501	1.500370	0.000238	
0.450006	0.602143	1.312000	0.000000	
0.679775	0.300233	1.683567	0.430810	
0.379940	0.649161	1.306381	0.000381	
0.322300	0.610056	1.342150	0.677831	
0.395473	0.661187	2.181854	0.000000	
0.269036	0.649067	1.690511	0.807212	
0.114604	0.114603	0.162076	0.973387	
0.571142	0.406676	0.984245	0.388560	
0.735118	0.238004	2.387119	0.000001	
0.350326	0.650228	1.451015	0.382756	
0.255606	0.654151	1.799152	0.851597	
0.477350	0.353047	0.817256	0.740462	
0.272235	0.272231	0.385002	0.838792	
0.142565	0.142412	0.201736	0.959234	
0.462533	0.489341	0.710422	0.353159	
0.567831	0.462072	0.886670	0.000236	
0.000000	0.000000	0.000000	1.703054	
0.395473	0.661187	2.181854	0.000000	
0.245656	0.735815	2.312326	0.012177	
0.641104	0.352553	1.341482	0.373644	
0.730967	0.168453	3.256493	0.931867	
0.486037	0.540150	0.788240	0.008767	
0.602819	0.389093	1.092936	0.412018	
0.034175	0.034172	0.048334	0.997725	
0.344143	0.453862	0.753731	0.763127	
0.262444	0.717269	2.096385	0.379192	
0.061740	0.061730	0.087322	0.992459	
0.114626	0.114590	0.162132	0.973574	
0.710176	0.274060	1.967939	0.333763	
0.231740	0.733276	2.454085	0.437073	
0.653423	0.253621	1.805846	0.865713	
0.679252	0.339830	1.514343	0.000239	
0.382430	0.644487	1.262782	0.015100	
0.457708	0.599340	1.406736	0.000012	
0.403223	0.403215	0.570248	0.591329	
0.675326	0.343183	1.501531	0.000238	
0.348147	0.482500	0.823690	0.739753	
0.181074	0.757695	3.387032	0.002656	
0.034174	0.034173	0.048329	0.997673	
0.741092	0.202483	2.983684	0.474939	
0.176187	0.725932	3.098793	0.929687	
0.653423	0.253621	1.805846	0.865713	
0.698887	0.263297	1.973917	0.548356	
0.179326	0.179307	0.253618	0.933552	
0.623423	0.331965	1.425055	0.621896	
0.262055	0.263638	0.374091	0.854410	
0.000000	0.000000	0.000000	1.000012	
0.244142	0.725826	2.286777	0.371748	
0.090874	0.090955	0.128692	0.983923	
0.569515	0.453525	0.916362	0.000035	
0.493451	0.350736	0.851784	0.725710	
0.466906	0.573993	1.093614	0.000000	
0.114637	0.114585	0.162167	0.973694	
0.255757	0.654052	1.797716	0.851117	
0.757110	0.181323	3.309957	0.031335	
0.406621	0.650523	1.949292	0.000000	
0.365697	0.591735	1.139500	0.522017	
0.595089	0.404750	1.058333	0.303189	
0.262442	0.263192	0.373727	0.853943	
0.113516	0.113479	0.160568	0.974124	
0.482565	0.350667	0.820073	0.731214	
0.351662	0.444601	0.718729	0.739405	
0.176187	0.725932	3.098793	0.929687	
0.034177	0.034171	0.048338	0.997775	
0.315572	0.694148	1.706994	0.011782	
0.581740	0.444990	0.964172	0.004557	
0.705817	0.250393	2.103457	0.580139	
0.000000	0.000000	0.000000	1.437557	
0.597262	0.381779	1.109349	0.418644	
0.466653	0.552099	0.857670	0.007069	
0.730862	0.168788	3.249437	0.929948	
0.424762	0.581684	1.054205	0.300145	
0.604269	0.332688	1.390704	0.707235	
0.285258	0.636034	1.554840	0.756931	
0.143967	0.143780	0.203758	0.958597	
0.227020	0.740342	2.575896	0.002059	
0.656263	0.253156	1.824258	0.856367	
0.303713	0.626605	1.446893	0.709849	
0.633021	0.394864	1.194404	0.010538	
0.277399	0.706191	1.911968	0.414717	
0.726735	0.256348	2.187074	0.000001	
0.026307	0.026306	0.037204	0.998635	
0.179326	0.179307	0.253618	0.933552	
0.213121	0.213102	0.301409	0.904677	
0.663816	0.357726	1.406359	0.013868	
0.294515	0.626193	1.471341	0.740751	
0.034131	0.034136	0.048280	0.997781	
0.707638	0.274672	1.943033	0.386704	
0.741537	0.200959	3.010735	0.478979	
0.639448	0.277936	1.604155	0.781706	
0.114626	0.114590	0.162132	0.973575	
0.727631	0.261837	2.138718	0.007604	
0.293676	0.708842	1.847803	0.060637	
0.641288	0.352062	1.339408	0.373190	
0.245848	0.735041	2.308186	0.000687	
0.364659	0.427039	0.657589	0.698499	
0.462790	0.344742	0.774383	0.756752	
