0.269459	0.710054	2.000485	0.339471	
0.246762	0.247130	0.349827	0.870529	
0.528736	0.371202	0.928044	0.626638	
0.727370	0.192198	3.158963	0.864905	
0.730882	0.177734	3.118140	0.854322	
0.223405	0.753784	2.610213	0.000027	
0.690618	0.338020	1.552156	0.009538	
0.474880	0.544117	0.822948	0.005040	
0.400396	0.604984	1.088535	0.307201	
0.499404	0.471619	0.730518	0.278871	
0.241437	0.693036	2.080869	0.787725	
0.355498	0.666898	1.415608	0.000016	
0.144063	0.144458	0.205096	0.960765	
0.737440	0.234228	2.442879	0.020858	
0.159906	0.159968	0.226352	0.947919	
0.390955	0.636832	1.461670	0.264115	
0.175445	0.730711	3.153232	0.878347	
0.607687	0.439920	1.303600	0.000015	
0.756855	0.183052	3.372206	0.000102	
0.430107	0.645873	2.801454	0.000000	
0.000000	0.000000	0.000000	1.000012	
0.742136	0.206109	2.797953	0.357735	
0.223138	0.739073	3.134316	0.397917	
0.662932	0.351412	1.571143	0.275910	
0.082668	0.082694	0.116990	0.986609	
0.678301	0.253039	1.954335	0.748118	
0.384091	0.490248	0.798913	0.617743	
0.574125	0.463543	0.892518	0.013242	
0.051253	0.051266	0.072512	0.994908	
0.200091	0.200379	0.283638	0.917336	
0.372626	0.321349	0.561899	0.818494	
0.692601	0.348002	2.286614	0.000023	
0.146348	0.146353	0.206985	0.956245	
0.281394	0.278390	0.400030	0.835147	
0.262451	0.663596	1.824724	0.779109	
0.386356	0.487400	0.788361	0.612365	
0.278690	0.703100	1.888992	0.437167	
0.666646	0.251556	1.891001	0.820302	
0.177255	0.729815	3.101020	0.864540	
0.656441	0.350098	1.528316	0.422563	
0.242415	0.725207	2.334192	0.351154	
0.368564	0.657423	1.393741	0.001830	
0.608897	0.439090	1.313507	0.000015	
0.483374	0.528625	0.788766	0.000251	
0.074853	0.075050	0.106291	0.990459	
0.206744	0.206836	0.292581	0.910751	
0.738440	0.201549	2.923146	0.526042	
0.738595	0.244947	2.326298	0.007152	
0.572638	0.464295	0.888483	0.013201	
0.252446	0.759714	2.313724	0.000024	
0.683408	0.359628	2.091037	0.000000	
0.000000	0.000000	0.000000	1.000009	
0.679477	0.340780	1.508947	0.004979	
0.533147	0.364292	0.928952	0.689915	
0.051253	0.051266	0.072512	0.994908	
0.509502	0.460555	0.759786	0.305617	
0.170788	0.170747	0.241561	0.940023	
0.368309	0.625870	1.270444	0.411180	
0.416951	0.590797	0.998969	0.346517	
0.754653	0.190029	3.239053	0.019058	
0.198126	0.198233	0.280424	0.918440	
0.732151	0.173940	3.199783	0.875497	
0.429562	0.646455	2.830738	0.000000	
0.488029	0.477907	0.698397	0.273095	
0.000000	0.000000	0.000000	1.153928	
0.279908	0.282317	0.400830	0.832038	
0.253768	0.678287	1.961807	0.747936	
0.435995	0.638111	2.397071	0.000000	
0.394413	0.615687	1.132887	0.290141	
0.281493	0.708228	1.934280	0.264813	
0.218290	0.746123	3.075293	0.002520	
0.744198	0.222774	2.594875	0.002271	
0.741780	0.173725	3.265038	0.712364	
0.177885	0.729661	3.101020	0.864540	
0.192404	0.749125	3.255362	0.379961	
0.594902	0.300652	1.323916	0.814054	
0.170912	0.170677	0.241877	0.940712	
0.144063	0.144458	0.205096	0.960765	
0.489424	0.567597	1.261995	0.000000	
0.663175	0.353689	1.524577	0.422563	
0.727147	0.192822	3.145901	0.861517	
0.695525	0.254221	2.021805	0.625420	
0.356033	0.666479	1.412381	0.000016	
0.683145	0.359953	2.085927	0.000000	
0.122801	0.123281	0.174767	0.971987	
0.378921	0.521384	0.890728	0.606866	
0.207338	0.207402	0.293362	0.910140	
0.565611	0.468779	0.872345	0.013041	
0.641132	0.385405	1.253642	0.001836	
0.468537	0.549263	0.846103	0.005120	
0.754740	0.189672	3.238313	0.019054	
0.374573	0.647925	1.508670	0.271345	
0.676380	0.325264	1.555092	0.342977	
0.275481	0.717088	2.016309	0.000631	
0.195368	0.195427	0.276428	0.920692	
0.264508	0.662468	1.806370	0.772274	
0.348173	0.687230	2.180729	0.000000	
0.484581	0.481673	0.687318	0.261917	
0.753227	0.194514	3.191061	0.002768	
0.609445	0.424241	1.139879	0.000014	
0.177255	0.729815	3.101020	0.864540	
0.442511	0.631623	2.238681	0.000000	
0.207333	0.207422	0.293410	0.910231	
0.731869	0.174942	3.189565	0.872845	
0.373620	0.648183	1.500027	0.270080	
0.679367	0.341334	1.513363	0.002112	
0.714647	0.197707	2.704861	0.891754	
0.464629	0.557936	0.868801	0.005291	
0.024327	0.024329	0.034408	0.998865	
0.562793	0.470251	0.864448	0.012963	
0.736004	0.250003	2.269442	0.007069	
0.391717	0.540909	0.928813	0.540181	
0.540448	0.381274	0.938096	0.564687	
0.124744	0.124885	0.176898	0.969706	
0.348771	0.348794	0.493292	0.716566	
0.192694	0.749029	3.249383	0.379158	
0.158395	0.156854	0.225106	0.955115	
0.279580	0.709585	1.952165	0.266959	
0.750275	0.204419	2.927754	0.265251	
0.394323	0.615780	1.133353	0.290229	
0.703375	0.311912	2.084394	0.000001	
0.482096	0.573382	1.253816	0.000000	
0.562715	0.470293	0.864228	0.012671	
0.841142	0.290965	2.423693	0.000000	
0.682117	0.361212	2.066261	0.000000	
0.234522	0.733284	2.444487	0.272743	
0.561797	0.312605	1.154300	0.805743	
0.261086	0.674445	1.892085	0.724467	
0.751918	0.200565	3.235290	0.000002	
0.598295	0.405389	1.079153	0.292193	
0.430488	0.551424	0.900572	0.338006	
0.145989	0.145632	0.206700	0.958094	
0.175857	0.731642	3.130798	0.848713	
0.000000	0.000000	0.000000	1.000010	
0.337872	0.670486	1.496870	0.226487	
0.313839	0.679423	1.617898	0.349630	
0.700632	0.310776	1.722640	0.005598	
0.484698	0.488337	0.697697	0.240727	
0.718197	0.260710	2.117238	0.277468	
0.728038	0.189078	3.125600	0.856254	
0.192331	0.753414	3.063873	0.038545	
0.428994	0.646925	2.858936	0.000000	
0.122801	0.123281	0.174767	0.971987	
0.498465	0.502681	0.713899	0.004628	
0.381543	0.541572	0.937873	0.564902	
0.350820	0.654418	1.369841	0.348925	
0.712929	0.202253	2.630863	0.854212	
0.334454	0.343899	0.492924	0.753763	
0.171810	0.170175	0.244195	0.945784	
0.207325	0.207439	0.293454	0.910309	
0.541207	0.455766	0.843717	0.232874	
0.705708	0.302710	1.781116	0.021464	
0.072780	0.073017	0.103470	0.991625	
0.000000	0.000000	0.000000	1.339803	
0.548054	0.470604	0.840338	0.001387	
0.234818	0.739552	2.780054	0.003330	
0.505285	0.497611	0.718835	0.011546	
0.412728	0.591593	1.037515	0.274257	
0.688786	0.230023	2.192651	0.835959	
0.685949	0.297785	1.713821	0.467018	
0.756186	0.183570	3.217945	0.002111	
0.157427	0.157405	0.222650	0.949234	
0.361898	0.646844	1.311388	0.324140	
0.593881	0.301998	1.315100	0.809658	
0.177081	0.730173	3.120922	0.869824	
0.250695	0.244711	0.358899	0.883256	
0.440062	0.440970	0.625308	0.475062	
0.307753	0.684232	1.654530	0.390937	
0.311533	0.585870	1.259724	0.785887	
0.221758	0.723540	2.549700	0.581050	
0.726873	0.260236	2.961060	0.347362	
0.427047	0.648019	2.811671	0.000000	
0.727913	0.257850	2.345915	0.002791	
0.336858	0.337200	0.477711	0.739944	
0.583731	0.450600	1.051598	0.000013	
0.454291	0.597856	1.312509	0.000000	
0.715272	0.307782	2.804157	0.000000	
0.483313	0.585750	1.523012	0.000000	
0.222382	0.222450	0.314644	0.895814	
0.693633	0.300799	1.734278	0.375786	
0.742495	0.223983	2.735065	0.001792	
0.600885	0.426436	1.043202	0.001606	
0.081161	0.081185	0.114861	0.987094	
0.371817	0.652712	1.328219	0.002715	
0.377029	0.608512	1.167186	0.405841	
0.221649	0.723585	2.551206	0.581366	
0.437367	0.637897	2.452621	0.000000	
0.758143	0.192427	3.169380	0.018676	
0.286285	0.695107	1.793455	0.520365	
0.587001	0.311076	1.261464	0.783001	
0.410754	0.599983	1.068964	0.276820	
0.186631	0.733728	3.049470	0.738977	
0.311939	0.585545	1.257161	0.784611	
0.000000	0.000000	0.000000	1.000010	
0.353942	0.549502	1.025620	0.667937	
0.713036	0.295826	2.288649	0.000001	
0.454660	0.540066	0.836316	0.249773	
0.473621	0.542331	0.824729	0.005040	
0.649780	0.397119	1.593626	0.000000	
0.206539	0.763402	2.906963	0.000002	
