0.572491	0.471543	0.865957	0.000014	
0.186144	0.756184	3.390854	0.000000	
0.678437	0.339417	1.514688	0.000880	
0.348387	0.322562	0.514441	0.787622	
0.472360	0.485283	0.696215	0.304715	
0.097933	0.097850	0.138558	0.981190	
0.419739	0.649721	2.481797	0.000000	
0.188949	0.749360	3.277734	0.406304	
0.476145	0.579299	1.285840	0.000000	
0.513530	0.368221	0.881018	0.647534	
0.381027	0.494180	0.827417	0.637023	
0.173258	0.173043	0.245141	0.938919	
0.271092	0.719017	2.001238	0.408224	
0.246961	0.247020	0.349542	0.869888	
0.393029	0.608864	1.130683	0.313127	
0.243557	0.683471	2.037591	0.770889	
0.221281	0.742198	2.600034	0.000033	
0.721053	0.276286	1.986327	0.339775	
0.382446	0.630224	1.477620	0.400509	
0.693915	0.236540	2.177373	0.755025	
0.656306	0.353197	1.526636	0.327557	
0.000000	0.000000	0.000000	1.000003	
0.191885	0.732816	3.135528	0.756595	
0.338237	0.678134	1.522671	0.011572	
0.745366	0.201219	3.050156	0.370742	
0.736944	0.178093	3.255402	0.780950	
0.743762	0.224226	2.572653	0.000000	
0.612609	0.388399	1.148851	0.314507	
0.148810	0.148625	0.210583	0.955524	
0.469413	0.568530	0.869408	0.000012	
0.678892	0.340262	1.511319	0.000878	
0.696826	0.277166	1.901781	0.440617	
0.186144	0.756184	3.390854	0.000000	
0.473530	0.478833	0.681476	0.312058	
0.182704	0.182345	0.258528	0.932252	
0.508162	0.337643	0.918577	0.760646	
0.738931	0.229264	2.498304	0.009778	
0.038879	0.038843	0.055015	0.997654	
0.066997	0.067024	0.094808	0.991266	
0.429009	0.640109	2.173165	0.000000	
0.306088	0.712420	1.735606	0.365530	
0.742824	0.207351	2.937382	0.366416	
0.612461	0.402167	1.310220	0.350008	
0.237667	0.676671	2.056515	0.876408	
0.201727	0.740468	2.992097	0.494331	
0.153156	0.153292	0.216883	0.952439	
0.735305	0.183051	3.153926	0.757856	
0.499184	0.501336	0.710709	0.014775	
0.227089	0.226843	0.321426	0.891930	
0.499830	0.500158	0.707589	0.014739	
0.595236	0.390759	1.077221	0.402064	
0.466718	0.588760	1.308818	0.000000	
0.226456	0.743130	2.566415	0.000460	
0.666813	0.245050	1.930792	0.865990	
0.354293	0.487966	0.831852	0.716193	
0.348427	0.671784	1.463204	0.007370	
0.351209	0.648151	1.477620	0.400509	
0.312697	0.299296	0.451346	0.816846	
0.406961	0.594490	1.059141	0.298660	
0.681021	0.303934	1.683054	0.396773	
0.672967	0.258411	1.899318	0.749029	
0.462576	0.595128	1.383734	0.000000	
0.756025	0.186779	3.390207	0.000001	
0.575885	0.404870	1.001411	0.381142	
0.470220	0.547827	0.848510	0.003936	
0.149238	0.149073	0.211177	0.955174	
0.333346	0.358630	0.529649	0.766847	
0.177359	0.177235	0.250913	0.935456	
0.353876	0.488458	0.833857	0.717387	
0.619264	0.409322	1.135674	0.003875	
0.343942	0.673978	1.482837	0.009622	
0.678780	0.340414	1.510338	0.000878	
0.320858	0.701837	2.293460	0.000029	
0.608158	0.375518	1.247995	0.467636	
0.116064	0.116494	0.165746	0.977876	
0.736259	0.180184	3.211918	0.771049	
0.737727	0.198841	3.023805	0.585846	
0.507969	0.476628	0.759048	0.240203	
0.230362	0.230204	0.325952	0.888186	
0.428123	0.640723	2.174599	0.000000	
0.267601	0.662167	1.764480	0.751011	
0.707985	0.277126	1.946493	0.333170	
0.000000	0.000000	0.000000	1.001821	
0.329843	0.641472	1.446560	0.526487	
0.384848	0.601345	1.117447	0.390981	
0.276581	0.694328	1.877770	0.463562	
0.191599	0.740094	3.150388	0.613270	
0.513714	0.492063	0.743290	0.002698	
0.346790	0.323559	0.509814	0.783428	
0.337480	0.634023	1.511934	0.583447	
0.691583	0.280814	1.854333	0.465484	
0.670405	0.352386	1.476090	0.000189	
0.594110	0.391826	1.071811	0.400599	
0.419739	0.649721	2.481797	0.000000	
0.329393	0.641809	1.449650	0.527402	
0.193547	0.193384	0.273784	0.922651	
0.276790	0.694444	1.877127	0.460891	
0.158571	0.158694	0.224505	0.948865	
0.238560	0.238718	0.338046	0.879739	
0.593259	0.417559	1.150877	0.314918	
0.475767	0.475777	0.672856	0.307528	
0.666281	0.246067	1.920898	0.862061	
0.756025	0.186779	3.390203	0.000001	
0.041230	0.041228	0.058311	0.996642	
0.185052	0.755682	3.205377	0.000441	
0.437933	0.583304	0.971634	0.107800	
0.424416	0.622506	1.374603	0.000000	
0.736814	0.180059	3.219008	0.762792	
0.216060	0.742814	2.798536	0.341272	
0.639352	0.328388	1.408221	0.519580	
0.467870	0.585786	1.281902	0.000000	
0.282610	0.648515	1.618439	0.754776	
0.117788	0.117902	0.166824	0.972453	
0.411350	0.589944	1.037574	0.294350	
0.750053	0.187428	3.323756	0.406882	
0.471248	0.372105	0.771227	0.674070	
0.000000	0.000000	0.000000	1.000024	
0.153152	0.153297	0.216898	0.952476	
0.355091	0.687234	2.345146	0.004750	
0.635191	0.362485	1.281027	0.343927	
0.238560	0.238719	0.338049	0.879743	
0.437903	0.580258	0.981827	0.169556	
0.736069	0.239868	2.506417	0.000032	
0.710991	0.267211	2.032273	0.345903	
0.651918	0.262658	1.780565	0.853450	
0.456467	0.457433	0.647674	0.407157	
0.243557	0.683471	2.037591	0.770889	
0.735759	0.203733	2.933176	0.573378	
0.279650	0.690811	1.848474	0.477485	
0.509735	0.494621	0.739903	0.047049	
0.225340	0.736532	2.635835	0.305795	
0.345691	0.643769	1.403663	0.416547	
0.447162	0.616605	1.662582	0.000000	
0.347903	0.347407	0.492347	0.719537	
0.698978	0.311231	1.713057	0.000974	
0.583110	0.398642	1.032328	0.389476	
0.098260	0.097721	0.139247	0.984130	
0.353306	0.489069	0.836518	0.718957	
0.178569	0.757676	3.307030	0.000041	
0.322991	0.689202	1.623286	0.023012	
0.415818	0.587237	1.038451	0.294565	
0.637171	0.390516	1.224675	0.018346	
0.282250	0.691590	1.841931	0.453390	
0.755874	0.187233	3.380250	0.000001	
0.328697	0.648740	1.437902	0.473761	
0.552426	0.466316	0.859292	0.003207	
0.467193	0.587888	1.299713	0.000000	
0.209526	0.718294	2.846485	0.866826	
0.355703	0.480112	0.807168	0.715705	
0.720722	0.253254	2.174841	0.367512	
0.485251	0.372698	0.813041	0.668487	
0.222357	0.741781	2.585608	0.000033	
0.608106	0.425254	0.979835	0.382706	
0.737789	0.209122	2.862759	0.471667	
0.665793	0.261573	1.820476	0.779674	
0.425024	0.650360	1.112951	0.000014	
0.424993	0.644210	2.273717	0.000000	
0.545125	0.454512	0.822616	0.324865	
0.635754	0.361778	1.286143	0.342858	
0.158576	0.158660	0.224449	0.948705	
0.187562	0.741485	3.232464	0.628385	
0.000000	0.000000	0.000000	1.000003	
0.387227	0.641999	1.282824	0.000000	
0.227080	0.226834	0.321438	0.891929	
0.409206	0.594237	1.073097	0.301494	
0.336033	0.354143	0.516526	0.755615	
0.062836	0.062822	0.088874	0.992269	
0.381983	0.595554	1.105105	0.427397	
0.247101	0.725382	2.261437	0.279839	
0.707642	0.273570	2.426119	0.505306	
0.312636	0.299318	0.451222	0.816704	
0.756100	0.185757	3.344988	0.002807	
0.357427	0.689030	2.324434	0.004638	
0.230362	0.230204	0.325952	0.888186	
0.159925	0.159974	0.226278	0.947659	
0.574187	0.396829	1.039954	0.443727	
0.665043	0.262882	1.808827	0.775322	
0.186007	0.742011	3.265059	0.634393	
0.595394	0.417285	1.018393	0.291748	
0.714771	0.279839	1.980315	0.023653	
0.190557	0.754707	3.296507	0.000000	
0.344567	0.679039	1.457222	0.307964	
0.408536	0.577281	1.000138	0.360143	
0.386924	0.661069	1.819837	0.003737	
0.471780	0.544621	0.833311	0.000011	
0.125133	0.124779	0.177105	0.970103	
0.691568	0.280808	1.854339	0.465484	
0.682996	0.332196	1.538224	0.397913	
0.281253	0.649260	1.620140	0.755467	
0.000000	0.000000	0.000000	1.000003	
0.552958	0.442967	0.886135	0.262276	
0.583374	0.441539	0.966940	0.004029	
0.272126	0.721148	2.190386	0.000000	
0.742220	0.227741	2.526322	0.009881	
0.203926	0.733287	2.739492	0.562272	
0.339812	0.347560	0.498010	0.739855	
0.375692	0.575550	1.035736	0.547973	
0.553003	0.442911	0.886135	0.262276	
0.725984	0.210586	2.681183	0.643782	
0.379503	0.645803	1.276291	0.010069	
