0.743801	0.238087	2.411980	0.000000	
0.740315	0.207535	3.101113	0.489060	
0.231309	0.732069	2.843427	0.441650	
0.124257	0.124538	0.176108	0.970226	
0.360272	0.731409	1.521486	0.000000	
0.565325	0.467515	0.875742	0.000000	
0.664391	0.244220	1.925727	0.879073	
0.693540	0.290392	1.793349	0.380376	
0.289443	0.280374	0.417780	0.843420	
0.646480	0.363279	1.439927	0.353522	
0.250661	0.838496	2.635132	0.000000	
0.185312	0.756321	3.345709	0.014408	
0.490601	0.368324	0.816486	0.675107	
0.368730	0.646927	1.566474	0.352907	
0.174209	0.173253	0.247097	0.941227	
0.212019	0.212108	0.299965	0.905962	
0.147241	0.147373	0.208603	0.956449	
0.076836	0.076935	0.108964	0.989453	
0.475751	0.475660	0.672803	0.308237	
0.675832	0.350629	1.456220	0.000000	
0.356210	0.500659	0.866409	0.702143	
0.241802	0.682734	1.997882	0.903341	
0.000000	0.000000	0.000000	1.000061	
0.751121	0.204686	3.331036	0.013404	
0.038775	0.038745	0.054861	0.997530	
0.468070	0.563815	0.866326	0.000000	
0.726785	0.179624	3.041900	0.883457	
0.281900	0.707795	1.872063	0.465522	
0.179398	0.761209	3.172096	0.934647	
0.296420	0.698008	1.752456	0.427725	
0.211353	0.211495	0.299251	0.906709	
0.662275	0.246791	1.898803	0.868091	
0.157346	0.157311	0.222516	0.949356	
0.034463	0.034468	0.048751	0.997742	
0.658838	0.351675	1.603211	0.345091	
0.363669	0.663955	1.495809	0.001684	
0.242483	0.725613	2.783943	0.499036	
0.127721	0.127948	0.180994	0.968717	
0.290237	0.279681	0.418517	0.844280	
0.473412	0.550536	0.835263	0.000000	
0.224268	0.741470	2.568215	0.000896	
0.491726	0.463584	0.717355	0.331301	
0.364985	0.504916	0.863599	0.668430	
0.757670	0.180077	3.398968	0.001664	
0.734196	0.242705	2.335381	0.000000	
0.176327	0.758482	3.376934	0.001902	
0.252604	0.679263	1.905195	0.867454	
0.280944	0.704858	1.862867	0.499318	
0.721149	0.201847	3.102149	0.899979	
0.570413	0.452403	0.919571	0.000000	
0.182508	0.721548	2.963975	0.923333	
0.081298	0.081317	0.115019	0.986892	
0.039435	0.039429	0.055768	0.996989	
0.502021	0.358935	0.862341	0.700985	
0.697067	0.282051	1.859242	0.392300	
0.617534	0.421071	1.227094	0.004588	
0.741108	0.200379	2.957079	0.475966	
0.499332	0.352052	0.867979	0.717358	
0.703841	0.341940	1.553161	0.000000	
0.159025	0.159227	0.225162	0.948948	
0.723178	0.264440	2.106716	0.007971	
0.471892	0.556838	0.847104	0.000000	
0.239527	0.741751	2.390882	0.002539	
0.182081	0.725610	3.108645	0.914711	
0.081296	0.081318	0.115031	0.986940	
0.398828	0.632657	1.542292	0.296680	
0.290649	0.279444	0.419619	0.845568	
0.281646	0.707967	1.874189	0.465981	
0.710930	0.269377	2.009216	0.316106	
0.562039	0.470393	0.871001	0.000000	
0.721870	0.199906	3.143478	0.911324	
0.244758	0.664946	1.931973	0.875724	
0.355160	0.669539	1.429514	0.000000	
0.176433	0.175847	0.249964	0.938056	
0.731375	0.212901	2.790723	0.565752	
0.176337	0.758478	3.376726	0.001902	
0.663205	0.244980	1.916209	0.875120	
0.639079	0.327400	1.494986	0.571931	
0.757670	0.180079	3.398933	0.001664	
0.039435	0.039429	0.055768	0.996989	
0.360431	0.495996	0.846280	0.690819	
0.210172	0.737137	3.131775	0.557296	
0.031037	0.031032	0.043896	0.998178	
0.143093	0.143016	0.202424	0.958551	
0.480106	0.470454	0.686148	0.322893	
0.265616	0.640195	1.673004	0.851904	
0.202069	0.740377	2.925579	0.476299	
0.250343	0.243605	0.359455	0.886779	
0.757666	0.180091	3.398672	0.001664	
0.477296	0.343605	0.822698	0.762524	
0.204038	0.204082	0.288662	0.913091	
0.725191	0.184313	2.955939	0.859909	
0.663951	0.336928	1.566786	0.355688	
0.731469	0.213162	2.789114	0.562065	
0.081296	0.081318	0.115032	0.986943	
0.466567	0.456304	0.668820	0.398528	
0.288015	0.701480	1.897114	0.304093	
0.752353	0.196188	3.098572	0.000148	
0.039435	0.039429	0.055768	0.996989	
0.159047	0.159023	0.224923	0.948172	
0.025328	0.025323	0.035822	0.998846	
0.402788	0.591881	1.054159	0.330568	
0.605408	0.427810	1.173726	0.140110	
0.223083	0.741884	2.630629	0.012726	
0.182081	0.725611	3.108645	0.914711	
0.710759	0.268587	2.022372	0.355941	
0.661382	0.249979	1.870700	0.856860	
0.540962	0.478061	0.819904	0.000000	
0.437585	0.586585	0.984837	0.070828	
0.176337	0.758478	3.376726	0.001902	
0.128071	0.128258	0.181541	0.967585	
0.348997	0.463902	0.778213	0.747795	
0.357362	0.667772	1.415965	0.000000	
0.540905	0.478094	0.819733	0.000000	
0.704853	0.267763	1.985768	0.415489	
0.371980	0.656728	1.341131	0.000000	
0.733940	0.175030	3.282423	0.860051	
0.488862	0.350094	0.850626	0.737593	
0.176337	0.758478	3.376726	0.001902	
0.635678	0.351613	1.333925	0.416477	
0.384576	0.621564	1.293736	0.352905	
0.710337	0.335461	1.605217	0.000000	
0.044243	0.044253	0.062595	0.996275	
0.240950	0.687760	2.032455	0.882418	
0.280160	0.700564	1.926484	0.451592	
0.730292	0.212519	2.785811	0.649471	
0.347350	0.469062	0.795287	0.752233	
0.408230	0.574523	0.986899	0.387594	
0.260531	0.724965	2.178398	0.010723	
0.699318	0.321342	2.067101	0.000000	
0.757428	0.180831	3.382721	0.001657	
0.286619	0.281742	0.409068	0.833269	
0.183195	0.725233	3.086594	0.908573	
0.200793	0.740847	2.947635	0.479664	
0.128859	0.128686	0.182371	0.967173	
0.437244	0.615769	1.026769	0.005929	
0.059137	0.059124	0.083647	0.993165	
0.200330	0.200256	0.283367	0.916501	
0.160882	0.160859	0.227518	0.946926	
0.648727	0.272726	1.673949	0.777307	
0.000000	0.000000	0.000000	1.626566	
0.025428	0.025425	0.035964	0.998792	
0.485570	0.524098	0.771486	0.021002	
0.201837	0.740463	2.929577	0.476909	
0.039620	0.039626	0.056039	0.996969	
0.177558	0.758075	3.350961	0.023462	
0.261326	0.669920	1.806573	0.827133	
0.200330	0.200256	0.283367	0.916501	
0.160882	0.160859	0.227518	0.946926	
0.757395	0.180934	3.380516	0.001656	
0.103184	0.103160	0.145949	0.978660	
0.248793	0.730579	2.271667	0.000802	
0.494658	0.503326	0.718175	0.094451	
0.719295	0.190794	2.942821	0.917128	
0.369673	0.499593	0.841458	0.656639	
0.716689	0.245096	2.330701	0.494423	
0.732401	0.244521	2.331879	0.000000	
0.681368	0.343594	1.501034	0.000000	
0.663156	0.248517	1.901654	0.863567	
0.250330	0.243612	0.359419	0.886729	
0.491141	0.463940	0.715740	0.330864	
0.387862	0.590816	1.216741	0.511402	
0.696663	0.282254	1.920457	0.422865	
0.636737	0.359759	1.327438	0.415562	
0.309761	0.697658	1.732066	0.000000	
0.187040	0.721873	2.954570	0.898098	
0.481716	0.356409	0.819406	0.718793	
0.183195	0.725233	3.086594	0.908573	
0.349372	0.492433	0.853795	0.731284	
0.757379	0.180986	3.379400	0.001655	
0.200715	0.200765	0.283975	0.916063	
0.245743	0.732969	2.508541	0.122732	
0.271601	0.670710	1.955607	0.750711	
0.214537	0.747582	3.152558	0.012786	
0.581376	0.447144	1.008452	0.072427	
0.442073	0.593863	0.983225	0.010757	
0.736643	0.236230	2.413613	0.009007	
0.246353	0.245848	0.348792	0.871763	
0.288842	0.709726	1.882187	0.002052	
0.402914	0.591753	1.053547	0.330431	
0.722209	0.198987	3.163375	0.916789	
0.749451	0.186622	3.245719	0.414475	
0.697169	0.281871	1.860766	0.392579	
0.595619	0.381113	1.111719	0.442906	
0.477483	0.466964	0.683039	0.341814	
0.116927	0.117270	0.166123	0.974162	
0.025195	0.025189	0.035635	0.998878	
0.200793	0.740847	2.947635	0.479664	
0.147221	0.147424	0.208772	0.956887	
0.644543	0.279469	1.620260	0.756664	
0.475071	0.372711	0.769966	0.661300	
0.681926	0.342884	1.505663	0.000000	
0.025328	0.025323	0.035822	0.998846	
0.273091	0.718545	2.052668	0.010172	
0.716794	0.278658	2.071433	0.004955	
0.183195	0.725233	3.086594	0.908573	
0.339205	0.471401	0.808727	0.774952	
0.758089	0.177422	3.345529	0.001640	
0.535163	0.328666	1.020735	0.792239	
0.663366	0.244646	1.919418	0.876416	
