0.584102	0.015645	0.000003	7.808741	
0.811719	0.258686	0.799990	4.407542	
0.262012	0.000000	0.002279	7.573298	
0.090606	0.283881	0.304187	7.057398	
0.191183	0.000062	0.781821	6.160406	
0.000043	0.195489	0.777805	6.165334	
0.000411	0.000396	0.124797	7.763992	
0.160640	0.308819	0.000027	7.325925	
0.638630	0.001757	0.199435	7.150327	
0.309450	0.163458	0.180464	6.954257	
0.263260	0.629724	0.643532	6.664715	
0.717013	0.002986	0.583596	6.846863	
0.674941	0.905284	0.677933	4.913176	
0.818557	0.023006	0.910647	4.761062	
0.000383	0.000000	0.617391	7.754404	
0.190116	0.776265	0.000525	6.182611	
0.147421	0.178992	0.323629	7.000164	
0.890657	0.023652	0.776094	4.875598	
0.000028	0.124099	0.000000	7.761833	
0.149863	0.148957	0.151172	7.107229	
0.123600	0.000002	0.000018	7.763606	
0.220034	0.218917	0.656895	6.579855	
0.001531	0.295698	0.152738	7.297247	
0.908461	0.829803	0.000337	4.744627	
0.608637	0.794733	0.182958	5.808819	
0.814632	0.811431	0.260165	4.470524	
0.640856	0.616135	0.205835	6.783371	
0.006118	0.790473	0.182958	6.187285	
0.852986	0.677089	0.677064	4.823018	
0.000071	0.177809	0.633675	7.286530	
0.854703	0.729001	0.859244	3.485827	
0.309065	0.162844	0.000016	7.295764	
0.219830	0.659268	0.220347	6.589281	
0.601330	0.197114	0.000000	7.363227	
0.709572	0.381388	0.007315	6.790769	
0.666827	0.690177	0.900216	4.866315	
0.011864	0.871423	0.792783	4.772059	
0.877791	0.023554	0.335224	5.963075	
0.219572	0.629914	0.009932	7.161395	
0.816229	0.600469	0.260457	5.769885	
0.643329	0.646267	0.643532	6.497585	
0.858606	0.238914	0.219276	5.471325	
0.907422	0.009181	0.000648	6.388614	
0.000000	0.000000	0.733580	6.985696	
0.134683	0.000002	0.136317	7.469887	
0.298750	0.051786	0.299913	7.139273	
0.000004	0.876082	0.620243	6.018270	
0.804375	0.246566	0.625279	5.763516	
0.216243	0.897808	0.224527	5.540087	
0.000551	0.268472	0.000027	7.577344	
0.000001	0.619208	0.733580	6.984576	
0.210659	0.588381	0.802152	5.847250	
0.771091	0.196262	0.002125	6.203245	
0.797801	0.890273	0.018615	4.772156	
0.646870	0.304924	0.634452	6.657523	
0.733052	0.000001	0.741896	5.703076	
0.257975	0.804144	0.798995	4.444150	
0.721075	0.000402	0.000001	6.925021	
0.192172	0.247329	0.219137	6.790050	
0.144358	0.000988	0.291149	7.319556	
0.000000	0.724819	0.000000	6.898702	
0.136083	0.133859	0.001562	7.471092	
0.198945	0.000385	0.602063	7.360457	
0.877791	0.610641	0.000648	6.042838	
0.002394	0.620533	0.209626	7.237077	
0.018531	0.013943	0.881392	6.289367	
0.777968	0.000604	0.192918	6.169316	
0.654021	0.219377	0.223558	6.599456	
0.000000	0.153895	0.304236	7.307867	
0.733063	0.733262	0.005511	5.668879	
0.000003	0.588381	0.000001	7.811056	
0.000000	0.000000	0.000000	8.001653	
0.301529	0.000270	0.157818	7.296867	
0.000205	0.741376	0.731621	5.628928	
0.013148	0.879505	0.018615	6.287173	
0.229138	0.778820	0.621605	5.765187	
0.587288	0.000000	0.725498	6.854267	
0.400590	0.767304	0.007877	6.479171	
0.000758	0.594864	0.874456	6.114071	
0.018531	0.784038	0.893464	4.846349	
0.000225	0.723883	0.331910	6.587577	
0.742068	0.876415	0.868770	3.405294	
0.626713	0.244044	0.806061	5.607883	
0.219382	0.218915	0.862564	5.483491	
0.873033	0.864278	0.735670	3.441914	
0.000000	0.000001	0.259802	7.577532	
0.000270	0.134211	0.136314	7.471146	
0.002668	0.177021	0.633675	7.281556	
0.002531	0.716735	0.000001	6.955248	
0.010761	0.733736	0.731621	5.691831	
0.726350	0.745325	0.000202	5.658957	
0.003426	0.023280	0.817346	6.343149	
0.783674	0.246566	0.625279	5.860156	
0.587288	0.000000	0.728011	6.745519	
0.161348	0.035341	0.013864	7.645019	
0.000000	0.817363	0.014530	6.364679	
0.729177	0.869779	0.868650	3.489304	
0.000031	0.619208	0.733580	6.888404	
0.007687	0.052438	0.316287	7.549792	
0.873033	0.864278	0.740700	3.406769	
0.776541	0.000604	0.192918	6.232553	
0.639702	0.625605	0.209682	6.738543	
0.228023	0.740170	0.628049	5.964325	
0.220188	0.629914	0.009932	7.160787	
0.793027	0.200949	0.000012	6.081374	
0.002403	0.620533	0.218117	7.228175	
0.014160	0.276080	0.000027	7.567414	
0.210103	0.588381	0.802152	5.848814	
0.808420	0.258341	0.282290	5.594946	
0.024056	0.790762	0.881392	4.778375	
0.000000	0.160388	0.302044	7.290431	
0.792583	0.846549	0.000310	4.786143	
0.908461	0.829803	0.000596	4.744621	
0.877791	0.018611	0.000648	6.298501	
0.192183	0.228485	0.000028	7.232543	
0.801712	0.037388	0.878116	4.703210	
0.728758	0.000208	0.741966	5.644108	
0.857881	0.826893	0.223837	4.312749	
0.646870	0.304924	0.645172	6.584215	
0.257975	0.799784	0.154043	5.723373	
0.219841	0.220272	0.655330	6.590962	
0.194161	0.243069	0.219137	6.781196	
0.658875	0.891329	0.795088	4.213145	
0.601330	0.196962	0.000000	7.363458	
0.298750	0.193688	0.159650	6.908400	
0.804375	0.254287	0.806985	4.406982	
0.257975	0.799784	0.798995	4.461814	
0.000009	0.000000	0.620243	7.700752	
0.011941	0.856483	0.791218	4.777916	
0.666827	0.637111	0.900216	5.250900	
0.769168	0.023280	0.000648	6.569721	
0.263260	0.646267	0.643532	6.556809	
0.718024	0.000000	0.583746	6.780662	
0.631495	0.037722	0.199435	7.147342	
0.852986	0.677089	0.683782	4.772649	
0.219830	0.656897	0.223837	6.603569	
0.654021	0.219170	0.776791	5.567341	
0.191647	0.000062	0.781821	6.151801	
0.854703	0.728615	0.859244	3.488792	
0.004564	0.258382	0.144516	7.285597	
0.219382	0.218813	0.862564	5.483923	
0.212208	0.148349	0.151172	7.069344	
0.000000	0.001187	0.001244	8.000153	
0.125811	0.000002	0.125181	7.518312	
0.000013	0.134211	0.125035	7.547976	
0.260586	0.000000	0.002279	7.574331	
0.000043	0.193625	0.777805	6.168031	
0.312566	0.063137	0.280807	7.114817	
0.133673	0.001027	0.304165	7.353110	
0.658875	0.221685	0.226459	6.560779	
0.002669	0.794733	0.182958	6.134618	
0.298750	0.051786	0.159650	7.212939	
0.819307	0.600469	0.260457	5.743483	
0.000411	0.000396	0.125970	7.761214	
0.719096	0.620152	0.590146	6.435043	
0.136083	0.118536	0.001562	7.715089	
0.000027	0.130805	0.000000	7.837651	
0.877791	0.023280	0.817346	4.666948	
0.590890	0.015645	0.000003	7.778885	
0.272589	0.142176	0.002279	7.297418	
0.192183	0.778640	0.000028	6.217335	
0.000009	0.000000	0.728011	6.932506	
0.678127	0.344112	0.007590	6.933273	
0.022421	0.629914	0.009932	7.546508	
0.198945	0.000385	0.624099	7.293866	
0.000225	0.724819	0.331910	6.580220	
0.133848	0.295698	0.304186	6.954740	
0.811719	0.258686	0.858307	4.304692	
0.025883	0.000000	0.819834	6.393684	
0.294323	0.203628	0.000001	7.205344	
0.908461	0.830246	0.818429	3.132271	
0.625861	0.026731	0.000003	7.612442	
0.002627	0.000002	0.125181	7.756916	
0.002394	0.620533	0.219137	7.227388	
0.806746	0.000604	0.192918	6.113039	
0.000000	0.160388	0.161780	7.366584	
0.733813	0.733262	0.699981	4.862965	
0.198945	0.000385	0.625523	7.285248	
0.141885	0.060557	0.795576	6.132977	
0.257975	0.861070	0.802814	4.348123	
0.298750	0.193688	0.161277	6.904772	
0.175069	0.221768	0.182484	6.902985	
0.190719	0.741229	0.010775	6.438789	
0.639702	0.625605	0.205835	6.742909	
0.018531	0.784038	0.893464	4.846349	
0.005634	0.193625	0.777805	6.162985	
0.678781	0.238612	0.007590	6.813369	
0.220034	0.218917	0.794781	5.638707	
0.822652	0.196962	0.616321	5.641801	
0.191248	0.778820	0.621605	5.807508	
0.819307	0.604596	0.260457	5.720625	
0.799865	0.811431	0.156847	4.639994	
0.739709	0.869779	0.868770	3.413929	
0.000013	0.813679	0.001646	6.437032	
0.147376	0.118536	0.028428	7.654904	
0.645443	0.630373	0.645172	6.549981	
0.829748	0.254287	0.176310	5.567229	
0.854703	0.728615	0.858203	3.489926	
0.701959	0.124099	0.000000	6.830692	
0.646607	0.312564	0.645172	6.621602	
