0.173210	0.622956	0.000025	7.280953	
0.692086	0.938137	0.694051	4.827012	
0.335362	0.000000	0.145921	7.386053	
0.792691	0.248107	0.822649	4.405167	
0.209706	0.868584	0.226707	5.490699	
0.285149	0.000000	0.004929	7.586164	
0.293890	0.159549	0.000221	7.309464	
0.000006	0.001438	0.722786	6.916906	
0.729625	0.743407	0.000315	5.627117	
0.000006	0.618333	0.010203	7.648204	
0.000128	0.128771	0.000000	7.756866	
0.569325	0.707416	0.000012	6.914668	
0.012534	0.862359	0.796653	4.750165	
0.285149	0.000000	0.300169	7.201534	
0.000577	0.883609	0.030487	6.293338	
0.635459	0.646409	0.278037	6.789012	
0.041341	0.006350	0.896936	6.300585	
0.251441	0.806913	0.799616	4.426277	
0.724599	0.000304	0.000380	6.959926	
0.178336	0.314325	0.186625	6.905406	
0.183317	0.595016	0.651542	6.854653	
0.000536	0.723086	0.000262	6.909810	
0.000221	0.784865	0.191963	6.132876	
0.869010	0.000000	0.575634	6.171499	
0.001541	0.157998	0.327474	7.338535	
0.000226	0.198801	0.614210	7.289466	
0.198564	0.784329	0.000681	6.131446	
0.159140	0.305731	0.001679	7.297136	
0.125273	0.000528	0.000215	7.766346	
0.000006	0.618333	0.182565	7.296306	
0.608237	0.795045	0.238563	5.747897	
0.675821	0.619969	0.004130	6.908303	
0.219003	0.220151	0.661636	6.546075	
0.000129	0.137894	0.134951	7.466100	
0.580721	0.000018	0.713324	6.823893	
0.871964	0.221065	0.222400	5.486134	
0.897091	0.010110	0.002139	6.350409	
0.611525	0.930986	0.000042	6.198206	
0.625595	0.000208	0.000019	7.612411	
0.652536	0.199007	0.228675	6.635668	
0.192616	0.000001	0.792547	6.189769	
0.000000	0.000000	0.000000	8.000913	
0.794629	0.009005	0.880216	4.796539	
0.650100	0.647584	0.643738	6.414626	
0.906773	0.020333	0.787671	4.868571	
0.000584	0.303374	0.309138	7.233853	
0.005027	0.611064	0.880369	6.015945	
0.796227	0.809710	0.259500	4.444832	
0.151918	0.151525	0.149197	7.100701	
0.177109	0.182555	0.306067	6.903146	
0.871101	0.863777	0.737735	3.424775	
0.000130	0.300790	0.171880	7.265270	
0.000011	0.707007	0.350783	6.738027	
0.000622	0.000000	0.575634	7.860245	
0.593838	0.205039	0.000000	7.386324	
0.316093	0.182555	0.171308	6.928383	
0.886580	0.794095	0.010981	4.790088	
0.901971	0.626203	0.000324	5.998711	
0.000767	0.000046	0.124498	7.760446	
0.730750	0.001332	0.742345	5.626912	
0.209694	0.655483	0.212580	6.606435	
0.000073	0.609647	0.776191	6.610438	
0.869575	0.751348	0.865743	3.331098	
0.580721	0.021330	0.841740	6.141356	
0.208008	0.778031	0.613449	5.837038	
0.793880	0.619076	0.177199	5.789043	
0.139108	0.000447	0.134564	7.463242	
0.580721	0.197628	0.840493	5.781941	
0.158369	0.631494	0.778760	5.802209	
0.000013	0.288262	0.003959	7.589934	
0.732238	0.862391	0.859997	3.458367	
0.780451	0.196784	0.000014	6.148782	
0.775542	0.001506	0.192734	6.202441	
0.679356	0.010877	0.358885	6.958960	
0.219784	0.220127	0.866407	5.484080	
0.879891	0.682390	0.683041	4.756597	
0.176439	0.004517	0.642673	7.145401	
0.631807	0.288262	0.638387	6.779282	
0.785208	0.889193	0.032739	4.809123	
0.000086	0.197963	0.779746	6.152773	
0.744785	0.224184	0.584749	6.162478	
0.139108	0.000447	0.305230	7.341092	
0.639958	0.718302	0.905914	4.859190	
0.134603	0.137466	0.000079	7.469106	
0.000228	0.742593	0.732807	5.610786	
0.000922	0.000000	0.276066	7.582217	
0.623566	0.000015	0.194923	7.241022	
0.021492	0.816338	0.896936	4.715109	
0.785241	0.005159	0.870044	4.816927	
0.178967	0.808027	0.010778	6.110691	
0.876683	0.679316	0.181057	5.198656	
0.906773	0.017592	0.787671	4.872314	
0.002771	0.215344	0.002139	7.587317	
0.161663	0.309752	0.010029	7.288982	
0.138367	0.013120	0.880722	6.054366	
0.883153	0.808838	0.010778	4.725925	
0.000905	0.003381	0.842274	6.316030	
0.731063	0.001327	0.742345	5.624581	
0.167855	0.595016	0.651542	6.883479	
0.878315	0.707416	0.000016	5.351869	
0.608269	0.795045	0.237993	5.748211	
0.219784	0.239913	0.866407	5.471779	
0.000128	0.007849	0.725631	6.886245	
0.290499	0.009748	0.154586	7.277034	
0.711997	0.739197	0.893900	4.259240	
0.635265	0.000001	0.630118	7.133537	
0.785208	0.889297	0.032025	4.905545	
0.871101	0.860161	0.736744	3.431565	
0.635459	0.005962	0.000019	7.544358	
0.580721	0.000022	0.841740	6.160787	
0.649502	0.216790	0.652101	6.682298	
0.606201	0.205039	0.000000	7.326159	
0.039779	0.664442	0.643920	6.788681	
0.000141	0.825671	0.779700	4.890912	
0.838810	0.287810	0.003959	5.913217	
0.000330	0.723086	0.000262	6.910009	
0.869010	0.000000	0.575634	6.171499	
0.621382	0.235226	0.808159	5.620206	
0.018236	0.858105	0.010980	6.274602	
0.879239	0.664908	0.683041	4.881014	
0.608237	0.012509	0.238563	7.272710	
0.141250	0.000001	0.635776	7.269015	
0.150803	0.921074	0.912846	4.575070	
0.187425	0.921402	0.687937	5.262166	
0.003404	0.816338	0.896936	4.737400	
0.796227	0.809710	0.259500	4.444832	
0.902542	0.748988	0.865743	3.416230	
0.000226	0.617015	0.629795	7.246408	
0.335362	0.000000	0.731754	6.518529	
0.635459	0.646409	0.264310	6.786972	
0.785241	0.006569	0.190258	6.128682	
0.135189	0.903052	0.147093	5.863207	
0.639637	0.156974	0.296583	6.811375	
0.324389	0.221065	0.222400	6.820597	
0.006177	0.300790	0.167897	7.305636	
0.000767	0.019774	0.002139	7.974366	
0.792691	0.235226	0.785659	4.556504	
0.000312	0.620625	0.000003	7.643706	
0.157925	0.012720	0.011518	7.658776	
0.235019	0.169228	0.000221	7.269919	
0.000926	0.007849	0.248440	7.565706	
0.014902	0.000046	0.122502	7.749880	
0.732238	0.862391	0.859410	3.458441	
0.774025	0.600994	0.023370	6.394108	
0.901971	0.627736	0.000019	5.989159	
0.000145	0.197963	0.779700	6.152870	
0.139108	0.000262	0.305230	7.368088	
0.199876	0.220151	0.646978	6.752804	
0.635466	0.671365	0.630118	6.431173	
0.139284	0.631494	0.001764	7.299096	
0.000226	0.199241	0.614831	7.285264	
0.000006	0.148536	0.313400	7.339994	
0.000330	0.202725	0.000262	7.606026	
0.000221	0.784865	0.188336	6.138931	
0.569325	0.707416	0.000016	6.914075	
0.139108	0.648184	0.908190	5.591766	
0.139108	0.715688	0.142220	6.411692	
0.180811	0.158975	0.309138	6.943770	
0.694110	0.921402	0.687937	4.765854	
0.000129	0.137894	0.134847	7.471309	
0.737497	0.001359	0.000004	6.876902	
0.152783	0.155356	0.155982	7.090402	
0.282209	0.017752	0.301984	7.181763	
0.139108	0.296691	0.134564	7.099699	
0.737293	0.224184	0.594501	6.171081	
0.611650	0.930986	0.000042	6.197543	
0.000026	0.647743	0.177314	7.156664	
0.139108	0.001300	0.134564	7.463054	
0.134007	0.138651	0.002841	7.463326	
0.874602	0.013120	0.000699	6.301732	
0.797500	0.203707	0.163950	5.768970	
0.792988	0.010729	0.854721	4.816142	
0.219003	0.220151	0.646978	6.652233	
0.272685	0.000001	0.277933	7.245429	
0.178967	0.808027	0.859698	4.434939	
0.886580	0.793991	0.011694	4.803230	
0.043766	0.017592	0.817273	6.293985	
0.766477	0.889193	0.090220	4.799548	
0.646600	0.228459	0.796506	5.512777	
0.593838	0.651299	0.000000	7.225927	
0.784418	0.235226	0.785659	4.617306	
0.002281	0.014307	0.202661	7.632890	
0.182516	0.055535	0.651652	6.994992	
0.756484	0.830952	0.870044	3.426795	
0.635466	0.671365	0.634776	6.401646	
0.324389	0.224135	0.222400	6.818017	
0.672877	0.752134	0.732807	4.840106	
0.786709	0.196692	0.309138	5.737027	
0.159140	0.305731	0.010628	7.287254	
0.639958	0.718302	0.905914	4.859190	
0.139108	0.715688	0.154682	6.384043	
0.644983	0.646409	0.293070	6.742860	
0.874602	0.013120	0.000716	6.301425	
0.913424	0.706726	0.865743	3.763651	
0.639637	0.157644	0.267681	6.829349	
0.724599	0.000304	0.000380	6.959926	
0.285149	0.625599	0.004859	7.196438	
0.000767	0.812581	0.002139	6.506263	
0.137308	0.617015	0.629795	7.048929	
0.635459	0.646409	0.008178	7.137153	
