0.000001	0.281670	0.000266	7.599727	
0.000026	0.000003	0.713482	6.981972	
0.620571	0.185950	0.011092	7.263282	
0.214926	0.670220	0.215370	6.534165	
0.000000	0.000000	0.000000	8.003142	
0.000009	0.155022	0.320497	7.331975	
0.195694	0.001476	0.777940	6.164860	
0.134539	0.000498	0.132608	7.478901	
0.195146	0.778438	0.000072	6.161988	
0.177089	0.304236	0.002218	7.258714	
0.180624	0.305487	0.167388	6.923816	
0.226235	0.806289	0.613054	5.849417	
0.000001	0.711541	0.560625	6.952763	
0.217169	0.874347	0.211638	5.501528	
0.214748	0.639570	0.775292	5.752562	
0.195087	0.000007	0.617768	7.276956	
0.811072	0.805345	0.257702	4.386997	
0.001186	0.632601	0.874169	5.881660	
0.313808	0.007598	0.174804	7.273802	
0.000086	0.135354	0.138292	7.464092	
0.000001	0.000834	0.574430	7.870316	
0.867913	0.224870	0.224270	5.477215	
0.637562	0.236638	0.617161	6.772397	
0.606565	0.008246	0.870940	6.022697	
0.741481	0.000290	0.742155	5.679938	
0.000001	0.737084	0.000266	6.926476	
0.121965	0.000134	0.000002	7.766968	
0.264923	0.815548	0.802258	4.390824	
0.611916	0.801488	0.250386	5.696385	
0.894823	0.801759	0.000034	4.788488	
0.000232	0.780908	0.190154	6.157510	
0.549415	0.703172	0.000000	7.001555	
0.630226	0.687487	0.174804	6.644851	
0.605907	0.005491	0.188386	7.344566	
0.737679	0.875915	0.864263	3.431356	
0.710412	0.002066	0.002824	7.003160	
0.732304	0.740412	0.002302	5.630284	
0.000081	0.799446	0.888729	4.788725	
0.003788	0.886691	0.000231	6.332756	
0.903952	0.015866	0.801033	4.802128	
0.301314	0.161106	0.000000	7.288637	
0.313360	0.179572	0.178700	6.915159	
0.893729	0.704601	0.703104	4.562114	
0.000031	0.610442	0.739618	6.552502	
0.894823	0.631739	0.015994	5.911562	
0.175209	0.167343	0.307220	6.935579	
0.710412	0.038840	0.334181	6.635991	
0.909464	0.009898	0.613799	6.088169	
0.676043	0.664409	0.874989	4.931101	
0.698411	0.589742	0.000172	6.949306	
0.810348	0.269433	0.802655	4.407643	
0.808606	0.005247	0.873535	4.715402	
0.603559	0.961983	0.000000	6.435729	
0.215318	0.220289	0.656559	6.584694	
0.000016	0.733252	0.745141	5.592831	
0.132261	0.135258	0.001237	7.477178	
0.000678	0.000149	0.122990	7.763774	
0.687499	0.888130	0.671796	4.814140	
0.015737	0.595681	0.000086	7.914058	
0.000030	0.123528	0.000104	7.763006	
0.220518	0.215191	0.863664	5.486500	
0.779461	0.000168	0.193268	6.159193	
0.654398	0.228895	0.216114	6.592649	
0.157396	0.000003	0.272098	7.409543	
0.855271	0.881999	0.737474	3.442551	
0.906497	0.000139	0.000006	6.395981	
0.179775	0.615808	0.000023	7.331416	
0.768002	0.216307	0.656559	5.746678	
0.381353	0.269433	0.807123	5.774792	
0.810463	0.895440	0.025469	4.724901	
0.004440	0.216307	0.656559	6.993272	
0.652884	0.650317	0.660905	6.436102	
0.282125	0.000128	0.000277	7.614522	
0.894232	0.731483	0.857273	3.512148	
0.001523	0.193561	0.773183	6.192955	
0.000026	0.000684	0.272121	7.578876	
0.777588	0.196547	0.000151	6.166324	
0.000577	0.015225	0.895064	6.339504	
0.148616	0.153380	0.148048	7.105735	
0.000030	0.616988	0.196939	7.304852	
0.811719	0.624797	0.252034	5.582340	
0.308433	0.003649	0.701858	6.686038	
0.008592	0.316871	0.161127	7.306803	
0.017903	0.874752	0.788067	4.790910	
0.547552	0.697959	0.002770	7.043269	
0.811801	0.867779	0.803523	3.211512	
0.175209	0.276957	0.005588	7.231008	
0.732361	0.000491	0.002511	6.888551	
0.267822	0.164042	0.329910	6.909193	
0.000605	0.317042	0.709937	6.686468	
0.606565	0.008246	0.870940	6.022697	
0.000249	0.117631	0.775292	6.491689	
0.148616	0.152199	0.148048	7.108702	
0.000577	0.799786	0.879775	4.763311	
0.737006	0.866514	0.002511	5.184875	
0.000583	0.719174	0.000032	6.939092	
0.000030	0.616987	0.196939	7.402784	
0.021939	0.591320	0.000086	7.782641	
0.654238	0.225457	0.215149	6.597678	
0.007241	0.826502	0.001949	6.355919	
0.162801	0.000771	0.259775	7.298403	
0.588641	0.885593	0.000007	6.146832	
0.652884	0.634671	0.649886	6.499439	
0.308433	0.003649	0.713451	6.598710	
0.007638	0.019550	0.877261	6.289788	
0.000000	0.000000	0.000000	8.100654	
0.893729	0.706948	0.703104	4.495044	
0.735052	0.871758	0.861881	3.443894	
0.214926	0.666725	0.215370	6.600183	
0.698411	0.599298	0.000172	6.916724	
0.223782	0.033620	0.213550	7.173340	
0.154849	0.000190	0.609317	7.417315	
0.191540	0.806289	0.612388	5.891206	
0.017903	0.871758	0.788260	4.794150	
0.134539	0.044474	0.132608	7.417301	
0.000580	0.135354	0.142936	7.452828	
0.723241	0.635315	0.926223	4.941323	
0.000031	0.123260	0.000104	7.763645	
0.261605	0.773565	0.002317	6.191410	
0.180624	0.305466	0.161127	6.934376	
0.261605	0.773565	0.224112	5.774065	
0.000842	0.155022	0.320497	7.331424	
0.894823	0.631739	0.032430	5.887935	
0.710412	0.002066	0.326565	6.657185	
0.004588	0.000499	0.128748	7.749120	
0.813247	0.269433	0.803845	4.390391	
0.880973	0.801759	0.007115	4.758447	
0.805620	0.737861	0.857273	3.696709	
0.813247	0.144756	0.205770	5.704892	
0.647778	0.703095	0.215137	6.158605	
0.901337	0.001585	0.808303	4.851999	
0.220518	0.211579	0.863664	5.490244	
0.313360	0.178336	0.178700	6.917519	
0.000022	0.000083	0.724811	6.898675	
0.214748	0.666763	0.775292	5.515337	
0.810463	0.895440	0.031287	4.716068	
0.637562	0.236330	0.622695	6.740029	
0.215318	0.216307	0.656559	6.589272	
0.264923	0.809771	0.802258	4.410346	
0.000001	0.000834	0.582379	7.839306	
0.777588	0.196547	0.654861	5.584040	
0.126022	0.000134	0.000002	7.757262	
0.810463	0.000650	0.025469	6.366502	
0.000001	0.703538	0.560625	7.013305	
0.779461	0.000169	0.191153	6.162448	
0.654398	0.228895	0.787203	5.501988	
0.741481	0.000522	0.739834	5.696713	
0.819681	0.703095	0.221025	5.014659	
0.297427	0.155552	0.000003	7.295670	
0.551001	0.144756	0.000136	7.651907	
0.777991	0.196547	0.000151	6.162450	
0.002321	0.305427	0.140701	7.434647	
0.000000	0.274742	0.000266	7.612238	
0.179775	0.618911	0.000002	7.316301	
0.131715	0.135258	0.001237	7.478524	
0.000041	0.745649	0.638221	6.281098	
0.000026	0.000003	0.271913	7.579454	
0.000029	0.779214	0.187103	6.172086	
0.778856	0.650491	0.250302	5.569525	
0.153116	0.002714	0.859957	6.036562	
0.262258	0.002719	0.010942	7.604795	
0.779461	0.000168	0.843170	4.856960	
0.658197	0.874717	0.620326	5.360268	
0.630226	0.013937	0.174804	7.217698	
0.000993	0.155022	0.320497	7.331338	
0.000842	0.755069	0.793397	5.318542	
0.713379	0.002066	0.326565	6.638198	
0.000069	0.241500	0.003606	7.658134	
0.606602	0.625683	0.000000	7.329635	
0.903952	0.039761	0.801033	4.783254	
0.137607	0.240311	0.633913	6.866222	
0.747119	0.198299	0.704141	5.894223	
0.656553	0.895440	0.213248	5.358197	
0.664936	0.801760	0.604985	5.662353	
0.807138	0.242900	0.205770	5.587586	
0.195146	0.778438	0.021843	6.135975	
0.017903	0.871758	0.803243	4.719017	
0.000086	0.135354	0.138292	7.464092	
0.732745	0.000139	0.000006	6.840354	
0.637562	0.236638	0.002865	7.151204	
0.195087	0.000007	0.018300	7.597062	
0.658197	0.871723	0.620520	5.430997	
0.000022	0.000817	0.725347	6.893268	
0.000139	0.679907	0.159793	6.939732	
0.001212	0.690643	0.024370	7.124223	
0.011801	0.019550	0.877261	6.284795	
0.267822	0.800183	0.802810	4.443312	
0.000001	0.688632	0.560625	7.081456	
0.805620	0.803802	0.857273	3.235567	
0.195816	0.184351	0.258667	6.826224	
0.126022	0.195360	0.006040	7.367428	
0.133099	0.133249	0.545033	7.571618	
0.593468	0.885593	0.000007	6.125467	
0.195339	0.001476	0.191909	7.423082	
0.175209	0.277488	0.000221	7.336802	
0.895265	0.631739	0.064685	5.830438	
0.714892	0.639244	0.864263	5.113248	
0.138418	0.621037	0.132608	7.110320	
0.810726	0.880723	0.008422	4.739265	
0.811801	0.867779	0.803523	3.211512	
