0.645677	0.641681	0.235834	6.604539	
0.000000	0.275126	0.000000	7.582003	
0.154162	0.151658	0.152888	7.090222	
0.805065	0.263349	0.810326	4.397736	
0.001964	0.184797	0.793749	6.114108	
0.136074	0.000328	0.137574	7.464014	
0.000928	0.775742	0.198788	6.171065	
0.617787	0.278060	0.628074	6.837298	
0.608709	0.186295	0.000000	7.339283	
0.000126	0.737229	0.737645	5.613137	
0.289048	0.156788	0.001367	7.279939	
0.194983	0.000230	0.628074	7.212893	
0.210312	0.220352	0.674926	6.531107	
0.287406	0.000877	0.000001	7.752828	
0.728010	0.745387	0.006836	5.639502	
0.660850	0.211766	0.225728	6.554215	
0.000000	0.000000	0.000000	8.000622	
0.022576	0.807501	0.882633	4.710871	
0.607853	0.001087	0.209424	7.309619	
0.790638	0.880306	0.016917	4.787142	
0.790786	0.627909	0.248053	5.794116	
0.274004	0.610088	0.658645	6.672314	
0.360967	0.700244	0.010506	6.808483	
0.016721	0.635388	0.017837	7.524995	
0.000943	0.727175	0.000017	6.880481	
0.346242	0.016025	0.148539	7.383959	
0.010495	0.877865	0.015578	6.291893	
0.000007	0.517572	0.743625	6.825563	
0.009381	0.015458	0.280353	7.568276	
0.005745	0.868023	0.608280	6.040036	
0.597907	0.005295	0.000000	7.846622	
0.346140	0.178303	0.190306	6.964464	
0.147346	0.318672	0.180906	6.985864	
0.619781	0.291059	0.795744	5.721573	
0.000174	0.170946	0.631223	7.252610	
0.850628	0.736263	0.881483	3.451576	
0.188824	0.627793	0.010638	7.212335	
0.166503	0.174829	0.289081	6.913504	
0.283665	0.108035	0.306967	7.025503	
0.678511	0.620129	0.005343	6.973995	
0.763748	0.001087	0.508308	6.629140	
0.000000	0.000822	0.930261	6.502593	
0.358142	0.008116	0.699287	6.806645	
0.218245	0.656676	0.230379	6.593206	
0.186276	0.824520	0.617194	5.746512	
0.000000	0.702687	0.598418	6.840504	
0.861629	0.211766	0.228472	5.484189	
0.344782	0.858826	0.008990	6.000694	
0.222344	0.888675	0.226397	5.523686	
0.774155	0.202787	0.004466	6.171388	
0.688376	0.913765	0.687145	4.776482	
0.645093	0.641681	0.651820	6.477800	
0.619802	0.767596	0.242217	5.834815	
0.123607	0.000755	0.000282	7.763986	
0.660159	0.699207	0.898191	4.843895	
0.890265	0.000230	0.628074	5.941325	
0.135147	0.137576	0.000279	7.465665	
0.000984	0.896667	0.801745	4.793248	
0.000026	0.125446	0.000002	7.786588	
0.880949	0.878173	0.739127	3.441262	
0.213167	0.221853	0.894525	5.536234	
0.897955	0.003999	0.005548	6.356102	
0.742093	0.851922	0.873911	3.398571	
0.897012	0.007289	0.810326	4.758157	
0.775604	0.249995	0.612914	5.819980	
0.164736	0.000203	0.323987	7.322366	
0.000268	0.307438	0.174420	7.270694	
0.769568	0.004027	0.197523	6.206995	
0.919993	0.670913	0.674992	5.025116	
0.804916	0.805931	0.268655	4.443216	
0.902398	0.792374	0.000265	4.853289	
0.001165	0.629104	0.187541	7.253567	
0.179443	0.278877	0.000285	7.227525	
0.191266	0.626186	0.829518	5.574227	
0.186164	0.003816	0.792794	6.101538	
0.728729	0.003344	0.000090	6.868842	
0.792680	0.058327	0.930261	4.953910	
0.736229	0.000214	0.737606	5.621244	
0.000126	0.017639	0.737491	6.849908	
0.000411	0.137096	0.137086	7.462516	
0.000000	0.173091	0.321969	7.371558	
0.000000	0.000056	0.130664	7.800162	
0.268268	0.809239	0.814309	4.370307	
0.191469	0.784528	0.000199	6.135783	
0.805065	0.266827	0.810322	4.398353	
0.886243	0.735544	0.860089	3.462657	
0.002047	0.024390	0.228738	7.559818	
0.000033	0.138955	0.324469	7.400717	
0.882891	0.025525	0.807964	4.704734	
0.629683	0.202733	0.185399	6.824123	
0.784581	0.003952	0.213694	6.126817	
0.629987	0.237733	0.623121	6.789817	
0.193842	0.022043	0.620914	7.231270	
0.358850	0.700244	0.010506	6.902472	
0.287987	0.112154	0.001331	7.384074	
0.354816	0.060412	0.699287	6.739031	
0.000023	0.517572	0.704681	7.042433	
0.897955	0.204879	0.002514	5.966762	
0.190093	0.259448	0.000285	7.199313	
0.346140	0.000721	0.003474	7.691823	
0.645677	0.636979	0.213390	6.628213	
0.660850	0.915482	0.215355	5.398442	
0.181801	0.163371	0.023041	7.285395	
0.135104	0.214251	0.887838	5.694953	
0.645677	0.641681	0.650424	6.451148	
0.186351	0.820558	0.622345	5.679977	
0.222344	0.888675	0.226115	5.536048	
0.200771	0.612904	0.658645	6.690059	
0.000411	0.137096	0.137086	7.462516	
0.796488	0.266160	0.230137	5.615104	
0.001426	0.000214	0.724578	6.898674	
0.000001	0.226182	0.138575	7.310705	
0.597907	0.861866	0.000000	6.070687	
0.008814	0.266826	0.004208	7.617573	
0.001964	0.188603	0.791617	6.116422	
0.186164	0.004689	0.787629	6.126946	
0.784616	0.248037	0.612914	5.771068	
0.878275	0.800025	0.011656	4.747532	
0.880774	0.670913	0.699291	4.716839	
0.014117	0.871463	0.803120	4.723695	
0.809707	0.857597	0.656879	4.115058	
0.003051	0.125446	0.000289	7.755520	
0.181889	0.630530	0.023041	7.191068	
0.000181	0.763235	0.005685	6.628492	
0.142034	0.000328	0.136989	7.451571	
0.608709	0.186148	0.000000	7.339567	
0.660159	0.706367	0.898191	4.794065	
0.897955	0.000543	0.005548	6.360032	
0.361057	0.190996	0.738765	6.319893	
0.175451	0.000009	0.237919	7.379660	
0.004348	0.629429	0.187541	7.229512	
0.696891	0.018618	0.134275	6.823867	
0.011346	0.639350	0.007220	7.515978	
0.000181	0.776497	0.198788	6.167405	
0.165948	0.170946	0.290581	6.940642	
0.016974	0.011624	0.004732	7.963670	
0.000735	0.714995	0.329812	6.629725	
0.188824	0.627793	0.829518	5.565449	
0.219636	0.671151	0.229281	6.533544	
0.742093	0.841857	0.873911	3.408590	
0.619781	0.291059	0.817022	5.618592	
0.784567	0.626882	0.248053	5.804528	
0.000126	0.737229	0.737491	5.614393	
0.600325	0.008721	0.000000	7.762111	
0.793080	0.878698	0.016917	4.775744	
0.113849	0.193254	0.620891	7.083035	
0.154162	0.152405	0.152888	7.088495	
0.351218	0.010490	0.148617	7.401777	
0.880949	0.869381	0.746130	3.383476	
0.728010	0.746114	0.007041	5.635149	
0.000000	0.000001	0.127680	7.890607	
0.607853	0.001087	0.193380	7.330894	
0.763748	0.001087	0.571542	6.506871	
0.801385	0.813897	0.270900	4.423596	
0.168494	0.271635	0.182402	6.880383	
0.874685	0.000229	0.650422	5.766169	
0.009366	0.008762	0.837510	6.306750	
0.358617	0.734957	0.745470	5.385254	
0.805065	0.012714	0.851561	4.727620	
0.020471	0.877865	0.015578	6.278671	
0.284902	0.108035	0.290581	7.004528	
0.181679	0.007949	0.007836	7.637238	
0.181801	0.780579	0.023041	6.146365	
0.880774	0.007567	0.724822	5.241819	
0.192284	0.000543	0.000180	7.723952	
0.639188	0.005201	0.651820	7.003801	
0.179490	0.278877	0.006034	7.221906	
0.629987	0.176433	0.623121	6.862554	
0.000345	0.714995	0.329812	6.630080	
0.005216	0.878529	0.900141	4.690494	
0.346140	0.195194	0.185247	6.944991	
0.919993	0.664415	0.674992	5.072407	
0.170959	0.010643	0.628074	7.243703	
0.147346	0.322874	0.293871	6.953297	
0.138888	0.162785	0.016400	7.437931	
0.172953	0.024330	0.817022	6.023078	
0.896284	0.001087	0.536665	6.386186	
0.192798	0.053930	0.245810	7.139904	
0.625485	0.779036	0.174666	5.838702	
0.191481	0.820558	0.622345	5.623593	
0.607853	0.042520	0.209418	7.251510	
0.346372	0.809239	0.174666	5.753900	
0.151050	0.000452	0.136989	7.430850	
0.714245	0.845716	0.900345	3.664227	
0.113849	0.187726	0.620891	7.183098	
0.878275	0.800025	0.034222	4.715473	
0.228543	0.024054	0.010895	7.548778	
0.274873	0.737229	0.736362	5.203778	
0.003710	0.610088	0.659774	7.136125	
0.608709	0.186907	0.722667	6.251845	
0.796493	0.813897	0.271199	4.474931	
0.805065	0.260425	0.003701	5.994203	
0.008814	0.269732	0.033053	7.580358	
0.163911	0.669061	0.629080	6.837840	
0.665965	0.818689	0.061681	5.727949	
0.654471	0.627704	0.898191	5.391281	
0.000954	0.009768	0.012614	7.975160	
0.123607	0.650180	0.000282	7.215002	
0.001962	0.024390	0.242157	7.553937	
0.351218	0.010636	0.148539	7.402539	
