0.625761	0.000065	0.192827	7.232703	
0.003166	0.156851	0.299833	7.292667	
0.002400	0.778429	0.191103	6.166987	
0.001803	0.000006	0.724984	6.902757	
0.000344	0.731802	0.736748	5.657744	
0.017684	0.015503	0.901122	6.338368	
0.221332	0.865721	0.215026	5.487029	
0.129170	0.134810	0.000002	7.487182	
0.001111	0.891768	0.000001	6.348393	
0.894548	0.018385	0.799056	4.777745	
0.218648	0.656783	0.218130	6.584697	
0.000911	0.624885	0.179949	7.280807	
0.002857	0.897131	0.798390	4.807919	
0.174477	0.001415	0.284542	7.240509	
0.000056	0.136150	0.137161	7.464633	
0.739603	0.733387	0.000052	5.626743	
0.000551	0.301968	0.293123	7.208525	
0.000828	0.306438	0.154613	7.308017	
0.179418	0.311711	0.156213	6.956495	
0.295540	0.858649	0.574844	5.801178	
0.818866	0.272355	0.798254	4.397444	
0.000203	0.000101	0.129720	7.820672	
0.020412	0.577304	0.741425	6.607876	
0.017684	0.814529	0.906085	4.755937	
0.297212	0.167095	0.000002	7.269893	
0.192829	0.775907	0.000002	6.182407	
0.894677	0.009996	0.003684	6.342134	
0.677547	0.919287	0.680136	4.934428	
0.000000	0.720182	0.527438	7.065608	
0.671758	0.689111	0.898072	4.830360	
0.221639	0.219247	0.656698	6.677104	
0.135867	0.000693	0.132608	7.476144	
0.000030	0.123528	0.000104	7.763011	
0.652663	0.251621	0.732194	5.851544	
0.287620	0.313202	0.000505	7.219822	
0.148616	0.152199	0.149009	7.106201	
0.893034	0.680482	0.658736	4.974025	
0.192908	0.654903	0.617434	6.762760	
0.563999	0.692961	0.000375	7.038665	
0.001682	0.194773	0.775079	6.180827	
0.189195	0.000698	0.777940	6.277323	
0.628031	0.648853	0.642293	6.573427	
0.258927	0.801237	0.805880	4.423391	
0.000178	0.544099	0.000000	7.978734	
0.000048	0.000292	0.271913	7.579179	
0.167117	0.179123	0.316588	6.946998	
0.000000	0.000000	0.000000	8.081683	
0.653344	0.754527	0.215025	5.746988	
0.736816	0.619490	0.006307	6.507154	
0.770279	0.002948	0.193996	6.212540	
0.192908	0.000698	0.596668	7.392384	
0.192829	0.595779	0.000002	7.394282	
0.000177	0.283857	0.001600	7.605341	
0.767477	0.198531	0.004553	6.215817	
0.300540	0.169540	0.184345	6.907595	
0.729224	0.864266	0.865423	3.481986	
0.000212	0.722138	0.000482	6.920562	
0.865883	0.730912	0.867083	3.471318	
0.770322	0.589469	0.203935	6.005238	
0.168342	0.298808	0.001055	7.268514	
0.612489	0.000000	0.005493	7.840215	
0.634171	0.179429	0.000000	7.393442	
0.863468	0.219257	0.222773	5.480759	
0.798719	0.901109	0.028784	4.784331	
0.625372	0.000065	0.656499	7.021544	
0.000009	0.864520	0.515675	6.303393	
0.693686	0.000188	0.542721	7.119007	
0.654140	0.219761	0.215149	6.602671	
0.302345	0.008776	0.155824	7.290752	
0.709646	0.000698	0.777940	5.720820	
0.858611	0.847718	0.733943	3.451625	
0.632792	0.619921	0.178822	6.855204	
0.005339	0.189352	0.628911	7.212102	
0.282241	0.000000	0.000514	7.592077	
0.790415	0.809635	0.252548	4.457868	
0.718179	0.001924	0.000509	6.948558	
0.800589	0.019235	0.896321	4.775015	
0.894677	0.797973	0.003684	4.801530	
0.894796	0.624539	0.000072	5.973677	
0.122980	0.000144	0.000002	7.764372	
0.625354	0.221075	0.647160	6.710243	
0.813883	0.235162	0.624541	5.715682	
0.215729	0.222074	0.879311	5.499895	
0.309557	0.112484	0.004046	7.407118	
0.000000	0.722061	0.559706	7.042204	
0.000000	0.357848	0.559706	7.703539	
0.000004	0.000005	0.151743	7.780330	
0.265606	0.798737	0.805880	4.440406	
0.179418	0.303712	0.157053	6.942084	
0.727717	0.851576	0.900216	3.560869	
0.137078	0.134810	0.000002	7.468669	
0.889273	0.627678	0.000072	5.940538	
0.255634	0.000000	0.302170	7.184327	
0.777584	0.190139	0.000013	6.176426	
0.879419	0.845689	0.732664	3.479092	
0.000020	0.159510	0.299833	7.290249	
0.653344	0.739415	0.215025	5.819178	
0.737989	0.000149	0.739935	5.712228	
0.215204	0.670504	0.215028	6.526611	
0.213312	0.219761	0.858958	5.631170	
0.889040	0.003424	0.009921	6.328223	
0.001190	0.897131	0.791484	4.839896	
0.829035	0.029758	0.869038	4.655399	
0.625924	0.000065	0.192827	7.232198	
0.767477	0.198531	0.299703	5.827200	
0.000078	0.778429	0.190284	6.169904	
0.302345	0.205341	0.162034	6.889764	
0.003389	0.872996	0.000027	6.312136	
0.000459	0.000224	0.730195	7.045755	
0.127879	0.247957	0.000505	7.325856	
0.000292	0.000425	0.897175	6.364010	
0.652663	0.237360	0.011635	7.158024	
0.174783	0.205711	0.756077	5.992357	
0.192829	0.784238	0.000002	6.137317	
0.151604	0.043712	0.006929	7.629983	
0.010043	0.290360	0.000031	7.584665	
0.000911	0.625179	0.179949	7.278101	
0.197728	0.000000	0.000514	7.612908	
0.889040	0.797973	0.003746	4.786976	
0.011392	0.000910	0.207116	7.590560	
0.790415	0.810356	0.252364	4.455480	
0.195484	0.000698	0.777940	6.268809	
0.000459	0.631046	0.729558	6.731984	
0.167117	0.177486	0.315849	6.948735	
0.625354	0.221075	0.647306	6.704476	
0.223469	0.867750	0.214601	5.487865	
0.589913	0.692961	0.007027	6.933611	
0.002288	0.000014	0.000838	7.997163	
0.297506	0.299220	0.000784	7.209609	
0.782815	0.000176	0.184345	6.162412	
0.814804	0.248119	0.625791	5.569146	
0.002885	0.783425	0.895179	4.968828	
0.001832	0.303712	0.157053	7.297788	
0.834762	0.728253	0.819105	3.599676	
0.626792	0.649411	0.642293	6.577598	
0.823546	0.272355	0.798254	4.383997	
0.000029	0.543954	0.000000	7.958414	
0.815521	0.856515	0.625791	4.310139	
0.282262	0.000000	0.156219	7.281015	
0.798719	0.897143	0.014028	4.792636	
0.000078	0.159644	0.177174	7.370232	
0.687675	0.675556	0.898072	4.814683	
0.150170	0.152199	0.149009	7.102893	
0.000007	0.160814	0.560301	7.622436	
0.000000	0.864520	0.515675	6.303462	
0.625761	0.169621	0.192827	6.893539	
0.000059	0.158769	0.019966	7.667278	
0.190798	0.000698	0.649221	7.199485	
0.886136	0.684350	0.658736	4.928756	
0.205540	0.602628	0.000000	7.342386	
0.613328	0.000000	0.000512	7.689304	
0.000212	0.722420	0.000487	6.916978	
0.162977	0.006073	0.203711	7.290864	
0.000382	0.194773	0.775240	6.195051	
0.739283	0.740063	0.000000	5.582835	
0.795110	0.631020	0.139131	5.767624	
0.693686	0.000188	0.559961	7.048065	
0.000211	0.731802	0.736748	5.661330	
0.718179	0.000000	0.000514	6.946537	
0.215047	0.722343	0.560309	6.497998	
0.625778	0.000425	0.900834	5.984871	
0.033121	0.000014	0.711113	7.085281	
0.316095	0.271839	0.003885	7.210365	
0.215047	0.722343	0.559706	6.515513	
0.816591	0.726760	0.625493	5.136495	
0.198731	0.000143	0.201855	7.222057	
0.718179	0.040916	0.000509	6.894212	
0.167117	0.206072	0.328433	6.940416	
0.018189	0.000000	0.000514	7.979278	
0.739283	0.740063	0.000000	5.582835	
0.894548	0.018385	0.798254	4.781161	
0.386339	0.000000	0.000514	7.799113	
0.150170	0.111986	0.149009	7.196577	
0.211418	0.311711	0.156213	6.909729	
0.212533	0.219761	0.858958	5.633492	
0.010265	0.733387	0.000052	7.024608	
0.653344	0.739227	0.215025	5.821120	
0.278971	0.008776	0.156201	7.263399	
0.815521	0.854200	0.169919	4.353046	
0.003907	0.169622	0.222294	7.258432	
0.033064	0.271008	0.730195	6.583262	
0.059470	0.206633	0.007765	7.625147	
0.687675	0.696231	0.864681	4.634600	
0.117397	0.859431	0.000028	6.085758	
0.296808	0.670048	0.000505	6.984456	
0.000000	0.812505	0.000000	6.467305	
0.693686	0.000188	0.560763	7.044887	
0.884683	0.654903	0.010223	5.928307	
0.637109	0.648853	0.642293	6.515759	
0.174477	0.001415	0.284542	7.240509	
0.000542	0.693710	0.649826	6.635936	
0.834381	0.272355	0.798254	4.358807	
0.296808	0.674167	0.000505	6.954055	
0.634171	0.157180	0.000000	7.398150	
0.174783	0.205711	0.741873	6.095668	
0.224209	0.801923	0.805880	4.430278	
0.005677	0.294778	0.650051	7.046228	
0.000238	0.731802	0.183687	6.482514	
0.889917	0.797973	0.707605	3.818834	
0.000528	0.000000	0.156219	7.695076	
