0.731509	0.729770	0.010430	5.699053	
0.000010	0.193926	0.785354	6.132818	
0.193638	0.000380	0.620514	7.293095	
0.239237	0.804009	0.617546	5.687293	
0.000796	0.674708	0.613672	6.961338	
0.931265	0.665891	0.689975	5.008675	
0.781850	0.617380	0.256983	5.767565	
0.000083	0.741888	0.740100	5.620949	
0.000927	0.001478	0.734135	6.834424	
0.012206	0.868131	0.009576	6.287290	
0.600886	0.000044	0.000125	7.750569	
0.293105	0.000000	0.007056	7.650207	
0.193757	0.004133	0.787474	6.112736	
0.217980	0.662858	0.219524	6.538813	
0.217921	0.213038	0.315959	6.820349	
0.810872	0.255880	0.805834	4.421753	
0.303933	0.000000	0.315959	7.302950	
0.785842	0.000011	0.196690	6.130470	
0.196116	0.778906	0.000138	6.161655	
0.221363	0.216640	0.867054	5.486910	
0.000000	0.898196	0.586838	6.184602	
0.000000	0.000000	0.546710	7.963986	
0.604761	0.000132	0.676773	7.016055	
0.690040	0.866495	0.654170	4.893856	
0.866547	0.724404	0.878839	3.531910	
0.137826	0.138910	0.000320	7.456498	
0.615254	0.199420	0.630171	6.875441	
0.734428	0.001478	0.734135	5.663514	
0.000006	0.000215	0.280543	7.587833	
0.303933	0.000000	0.163572	7.344373	
0.730010	0.000000	0.003065	6.861705	
0.631708	0.193674	0.000320	7.193901	
0.738902	0.859656	0.869388	3.414387	
0.278491	0.802848	0.802778	4.444647	
0.000255	0.123532	0.000000	7.765438	
0.003833	0.615355	0.195671	7.284940	
0.603091	0.645512	0.219524	6.812959	
0.000034	0.267739	0.000320	7.591019	
0.301049	0.213154	0.166694	6.870076	
0.011556	0.270243	0.162056	7.257444	
0.864749	0.004061	0.788481	4.803284	
0.786731	0.190836	0.001667	6.123766	
0.631708	0.194520	0.783537	5.743593	
0.785842	0.000011	0.884101	4.846939	
0.763077	0.010410	0.604012	6.467834	
0.661447	0.215646	0.222472	6.548424	
0.877214	0.215646	0.222472	5.496735	
0.003833	0.772421	0.195671	6.196281	
0.234092	0.631464	0.639324	6.720853	
0.667162	0.000253	0.162858	7.318969	
0.000028	0.616390	0.009854	7.720550	
0.304176	0.141511	0.015166	7.325164	
0.809499	0.800555	0.271172	4.422414	
0.184498	0.303456	0.190040	6.875109	
0.000076	0.008137	0.896691	6.354508	
0.155576	0.308625	0.000129	7.312378	
0.002884	0.170385	0.604423	7.393632	
0.785344	0.890242	0.000424	4.863754	
0.254249	0.619027	0.837492	5.647652	
0.000000	0.000282	0.120576	7.770300	
0.000255	0.177954	0.304446	7.263015	
0.784647	0.255940	0.608137	5.796975	
0.159376	0.151721	0.148077	7.092097	
0.660924	0.623602	0.660063	6.389475	
0.146555	0.011595	0.303776	7.310617	
0.727912	0.324208	0.011211	6.517509	
0.576462	0.782381	0.189182	6.016591	
0.222943	0.876064	0.219705	5.500182	
0.000010	0.884264	0.785354	4.850254	
0.663745	0.008137	0.932083	5.858484	
0.642231	0.629507	0.003879	7.132299	
0.884036	0.000000	0.000000	6.332275	
0.042722	0.779143	0.897240	4.845752	
0.887861	0.859268	0.741832	3.426323	
0.191149	0.625252	0.000328	7.242531	
0.227148	0.215824	0.661322	6.548178	
0.000196	0.718901	0.000809	6.955522	
0.000012	0.138656	0.140756	7.478524	
0.134723	0.000022	0.137020	7.469044	
0.684090	0.678096	0.878184	4.780778	
0.000000	0.000000	0.000000	8.013002	
0.126449	0.000000	0.000003	7.758750	
0.600886	0.005776	0.000125	7.743479	
0.854675	0.271049	0.899420	4.285584	
0.680728	0.000000	0.111565	7.023109	
0.264680	0.000275	0.163955	7.248904	
0.306319	0.682477	0.006288	6.836494	
0.677032	0.598802	0.031797	6.976553	
0.656006	0.261864	0.803326	5.420305	
0.000000	0.898196	0.657245	5.771456	
0.000016	0.861191	0.012318	6.294514	
0.254249	0.619027	0.799332	5.764174	
0.785344	0.189726	0.000424	6.134169	
0.001142	0.629013	0.198440	7.205080	
0.180926	0.302104	0.188575	6.881608	
0.857435	0.859503	0.742856	3.383226	
0.306319	0.687234	0.681619	6.049988	
0.193757	0.004133	0.784232	6.129223	
0.000695	0.000125	0.721740	6.919788	
0.799004	0.023831	0.869388	4.728815	
0.794492	0.860014	0.020089	4.747720	
0.604597	0.000132	0.675779	7.071884	
0.259755	0.207152	0.011156	7.165435	
0.002329	0.004133	0.076947	7.964203	
0.640709	0.643035	0.201371	6.735111	
0.733389	0.007147	0.621145	6.548491	
0.070754	0.182060	0.927002	6.008235	
0.306319	0.696695	0.028098	6.700249	
0.007908	0.849287	0.783882	4.845157	
0.126431	0.000000	0.000000	7.758998	
0.660924	0.627450	0.741737	5.831459	
0.070754	0.778908	0.896216	4.793078	
0.000003	0.633805	0.911947	5.985437	
0.858404	0.783483	0.204046	4.790448	
0.221363	0.216087	0.867054	5.487755	
0.005279	0.141511	0.015166	7.698250	
0.146742	0.151826	0.154607	7.101653	
0.000000	0.000000	0.943189	6.590227	
0.000012	0.137605	0.131765	7.475488	
0.005032	0.635189	0.659187	6.983318	
0.127424	0.123532	0.000000	7.519450	
0.794492	0.860341	0.660815	4.185305	
0.126449	0.000000	0.112752	7.547074	
0.630333	0.219048	0.000320	7.171853	
0.222943	0.876064	0.209972	5.510615	
0.931265	0.690303	0.684515	4.866730	
0.865766	0.218161	0.223472	5.482310	
0.746597	0.779996	0.869388	3.590991	
0.857739	0.724404	0.888625	3.549017	
0.267111	0.763010	0.801246	4.901799	
0.220658	0.215824	0.661322	6.552723	
0.781850	0.617380	0.219524	5.781551	
0.000394	0.264247	0.002506	7.574901	
0.303933	0.000000	0.007775	7.651679	
0.142016	0.218007	0.303776	6.926997	
0.165524	0.000477	0.291170	7.267108	
0.000196	0.744956	0.000805	6.768068	
0.187220	0.650680	0.613672	6.757282	
0.007922	0.782381	0.189182	6.148743	
0.194137	0.000384	0.625328	7.263301	
0.038265	0.297810	0.162056	7.229111	
0.771668	0.189726	0.278465	5.961852	
0.615254	0.199420	0.639895	6.802976	
0.218314	0.665863	0.229442	6.512438	
0.296177	0.209630	0.170324	6.860916	
0.126435	0.306646	0.000129	7.376405	
0.845916	0.017248	0.021013	6.271041	
0.004265	0.054766	0.633157	7.477575	
0.589280	0.857420	0.172763	5.766607	
0.600886	0.000044	0.879437	6.088077	
0.013411	0.199544	0.636068	7.163387	
0.834015	0.790549	0.021013	4.795520	
0.214914	0.629103	0.004058	7.180241	
0.730010	0.000000	0.003065	6.861705	
0.661037	0.004133	0.784232	5.889570	
0.001138	0.000215	0.271518	7.585961	
0.689261	0.678096	0.878184	4.741032	
0.002329	0.004133	0.003836	7.990389	
0.732484	0.011595	0.278770	6.418749	
0.000028	0.616390	0.015099	7.654305	
0.784647	0.260176	0.622356	5.723237	
0.191149	0.146123	0.000328	7.339407	
0.142803	0.306646	0.161704	7.013960	
0.275412	0.626733	0.799332	5.631675	
0.218314	0.689834	0.223982	6.435951	
0.000012	0.137605	0.725389	6.827101	
0.642231	0.651826	0.189183	6.591801	
0.857739	0.721874	0.888625	3.567722	
0.799736	0.860014	0.619867	4.399548	
0.192421	0.000217	0.634624	7.208973	
0.307385	0.857935	0.869388	4.294127	
0.784647	0.264021	0.639924	5.608149	
0.191919	0.017248	0.021013	7.578528	
0.604597	0.001555	0.856819	6.061385	
0.005404	0.000044	0.000125	7.996196	
0.228228	0.215646	0.222472	6.757910	
0.854675	0.267175	0.899420	4.288421	
0.306319	0.676335	0.681619	6.116521	
0.196268	0.780639	0.002770	6.155663	
0.738902	0.619434	0.869388	4.754900	
0.195262	0.000752	0.777361	6.167127	
0.809499	0.012922	0.116354	6.167974	
0.678104	0.195857	0.039722	6.867837	
0.642231	0.643035	0.204200	6.733042	
0.004265	0.054021	0.633011	7.479882	
0.000927	0.002953	0.160122	7.683304	
0.642231	0.724171	0.003879	6.446593	
0.785842	0.783429	0.206274	4.635924	
0.000003	0.006506	0.912246	6.592132	
0.001028	0.659466	0.220308	6.976229	
0.912192	0.183352	0.030318	6.062774	
0.006850	0.264247	0.654339	6.991968	
0.659308	0.009179	0.222472	6.962574	
0.662253	0.623602	0.660063	6.377959	
0.771703	0.010410	0.003902	6.690163	
0.001142	0.778155	0.198440	6.302972	
0.857435	0.827970	0.741594	3.429868	
0.000634	0.260059	0.000321	7.574178	
0.660924	0.155181	0.124485	6.916427	
0.262606	0.154359	0.001022	7.267578	
