0.745034	0.730163	0.000000	5.612074	
0.807892	0.879211	0.001325	4.728984	
0.000010	0.716812	0.000098	6.957023	
0.745795	0.215803	0.637293	6.120873	
0.262409	0.801237	0.805880	4.424185	
0.004923	0.271605	0.000112	7.574479	
0.782336	0.191287	0.000164	6.146627	
0.229259	0.214942	0.876554	5.514471	
0.875553	0.215291	0.217654	5.498743	
0.920830	0.807121	0.002409	4.862445	
0.258850	0.620961	0.804832	5.632124	
0.768351	0.631535	0.217215	5.785960	
0.664875	0.889121	0.676754	4.947492	
0.000003	0.192972	0.597562	7.433757	
0.866935	0.732009	0.856771	3.461890	
0.209341	0.003846	0.776594	6.149992	
0.163430	0.000003	0.296599	7.276265	
0.000000	0.614030	0.193575	7.376744	
0.867009	0.874478	0.737891	3.431449	
0.005263	0.290271	0.154007	7.282932	
0.000248	0.779081	0.192067	6.163306	
0.884622	0.603962	0.000000	6.093223	
0.785608	0.003535	0.190218	6.186561	
0.000000	0.000016	0.896685	6.362211	
0.190787	0.003697	0.625522	7.231032	
0.317598	0.703394	0.001830	6.692012	
0.000000	0.596123	0.003021	7.768823	
0.189053	0.800630	0.625871	5.766602	
0.289009	0.001128	0.000000	7.593317	
0.643936	0.640772	0.644179	6.499167	
0.890711	0.024727	0.798968	4.759052	
0.000007	0.000016	0.123538	7.763085	
0.000048	0.735283	0.733324	5.657677	
0.000094	0.002406	0.729180	6.921759	
0.189408	0.602177	0.000000	7.367701	
0.005307	0.128123	0.133594	7.487746	
0.625143	0.173388	0.009194	7.257335	
0.137914	0.135246	0.000002	7.464926	
0.706975	0.674661	0.898739	4.736818	
0.625400	0.142007	0.622602	7.000570	
0.808093	0.810356	0.252364	4.382696	
0.000003	0.650032	0.593764	7.293485	
0.546935	0.000348	0.730660	6.814522	
0.808016	0.257879	0.791323	4.462051	
0.184034	0.309800	0.176648	6.905422	
0.739912	0.001951	0.000000	6.962326	
0.011612	0.805238	0.893413	4.758408	
0.826074	0.019019	0.887647	4.669679	
0.000000	0.000000	0.000000	8.075799	
0.739912	0.607666	0.000000	6.704836	
0.571352	0.000000	0.219812	7.540377	
0.198936	0.788146	0.000016	6.106143	
0.632504	0.216601	0.738458	6.004200	
0.142544	0.000048	0.140789	7.544168	
0.000000	0.194740	0.780977	6.148861	
0.733587	0.000925	0.726332	5.719507	
0.226194	0.214942	0.655998	6.585420	
0.152735	0.150009	0.149023	7.102363	
0.011219	0.872621	0.002775	6.300673	
0.195557	0.629163	0.625154	6.818277	
0.125175	0.000263	0.000007	7.760256	
0.314542	0.149832	0.031531	7.291797	
0.571352	0.000000	0.000000	7.952913	
0.003074	0.590832	0.742039	6.649287	
0.617067	0.808643	0.246082	5.642874	
0.216091	0.864477	0.218863	5.487903	
0.302096	0.178647	0.186169	6.887439	
0.189688	0.177358	0.329208	6.929453	
0.217708	0.658150	0.217215	6.573869	
0.003605	0.172679	0.317192	7.297424	
0.000003	0.000000	0.272156	7.579556	
0.000002	0.607635	0.890613	6.059426	
0.922354	0.680113	0.664344	5.131059	
0.000000	0.123528	0.000015	7.763149	
0.003013	0.899939	0.798473	4.815184	
0.654140	0.217854	0.213836	6.605847	
0.702385	0.005445	0.338766	6.739900	
0.159913	0.280116	0.000204	7.265608	
0.298980	0.005908	0.161550	7.277753	
0.890695	0.003576	0.015604	6.324837	
0.755752	0.860461	0.881748	3.315902	
0.155212	0.743665	0.000000	6.459001	
0.000000	0.596123	0.008812	7.762800	
0.013531	0.659089	0.210397	6.998901	
0.002462	0.000718	0.000227	8.001049	
0.683384	0.883461	0.669768	4.850262	
0.193827	0.005905	0.170308	7.295463	
0.007561	0.870604	0.023580	6.275367	
0.748560	0.730163	0.000000	5.588071	
0.189053	0.800630	0.636659	5.698642	
0.289666	0.000019	0.221828	7.183727	
0.000000	0.239888	0.000000	7.650881	
0.795722	0.858488	0.001325	4.802211	
0.000003	0.186612	0.009947	7.668537	
0.809611	0.245851	0.818789	4.363543	
0.784963	0.005212	0.184303	6.151035	
0.301389	0.191287	0.003622	7.228266	
0.029957	0.186612	0.845444	5.955360	
0.136357	0.214942	0.010446	7.336198	
0.239226	0.006790	0.000000	7.657687	
0.847998	0.003531	0.885228	4.642866	
0.005307	0.128123	0.139137	7.474429	
0.856432	0.868561	0.732730	3.457799	
0.618796	0.810074	0.246082	5.628579	
0.867009	0.732009	0.847061	3.470980	
0.801691	0.190954	0.001325	6.056675	
0.645765	0.005905	0.206037	7.204912	
0.645765	0.220440	0.210948	6.665849	
0.207622	0.003846	0.781692	6.124150	
0.000094	0.009570	0.729180	6.913740	
0.233117	0.848022	0.156376	5.579082	
0.000680	0.715446	0.000361	6.969710	
0.014251	0.008386	0.886255	6.310855	
0.247841	0.222392	0.870371	5.471163	
0.631914	0.216601	0.000310	7.206444	
0.733981	0.000925	0.735026	5.653713	
0.744479	0.897188	0.845990	3.434722	
0.227731	0.214942	0.660315	6.552792	
0.216067	0.658150	0.217215	6.575576	
0.571352	0.002883	0.000000	7.879559	
0.171209	0.617550	0.804832	5.737646	
0.183485	0.000019	0.009190	7.691101	
0.731131	0.000000	0.002704	6.853972	
0.010994	0.896653	0.798403	4.797529	
0.889780	0.027418	0.782256	4.835108	
0.000987	0.214709	0.225296	7.175627	
0.625400	0.128816	0.622602	7.124376	
0.010451	0.805368	0.887437	4.744385	
0.706975	0.657165	0.880016	4.756694	
0.000008	0.000016	0.215832	7.591240	
0.000008	0.000016	0.123722	7.762695	
0.653862	0.649020	0.644179	6.455659	
0.184034	0.304431	0.169880	6.909024	
0.866934	0.220440	0.217699	5.485763	
0.890695	0.002576	0.015604	6.489349	
0.003074	0.729530	0.742089	5.715587	
0.000003	0.186611	0.597562	7.443785	
0.009733	0.294706	0.164485	7.261284	
0.923209	0.152835	0.664344	5.763232	
0.317598	0.703394	0.000108	6.743055	
0.303737	0.178647	0.191285	6.879372	
0.739912	0.608489	0.000000	6.694294	
0.922354	0.728468	0.694284	4.494680	
0.188976	0.175103	0.322972	6.969871	
0.702385	0.005445	0.338766	6.739900	
0.175950	0.806156	0.887437	4.406484	
0.157594	0.278836	0.000204	7.269490	
0.006089	0.592677	0.729224	6.648073	
0.195557	0.629163	0.640157	6.723000	
0.169316	0.002182	0.301295	7.268598	
0.632635	0.231570	0.820357	5.516477	
0.138068	0.160701	0.223779	7.148236	
0.189408	0.613774	0.000000	7.305820	
0.888919	0.795364	0.025837	4.769360	
0.654140	0.638956	0.211144	6.550511	
0.188298	0.004802	0.625522	7.233720	
0.771963	0.861175	0.191285	4.511967	
0.011493	0.804882	0.160819	6.101509	
0.563574	0.000348	0.730660	6.759034	
0.889780	0.001370	0.782256	4.868152	
0.304887	0.004748	0.186169	7.240507	
0.031562	0.298659	0.000112	7.565126	
0.035968	0.006767	0.000112	7.945372	
0.191649	0.650769	0.694284	6.399830	
0.010330	0.001855	0.272156	7.566399	
0.013081	0.000013	0.073341	7.896090	
0.257318	0.000032	0.888771	6.025981	
0.000000	0.596123	0.761234	6.490591	
0.920830	0.784876	0.008585	4.956626	
0.195907	0.008419	0.169880	7.267541	
0.138549	0.002182	0.313759	7.402622	
0.004504	0.128123	0.139137	7.596574	
0.702385	0.036113	0.336205	6.832223	
0.663301	0.723988	0.881816	4.588369	
0.580713	0.008353	0.730660	6.686706	
0.247711	0.000836	0.653937	7.007889	
0.254619	0.732009	0.847521	4.731409	
0.571352	0.181987	0.000000	7.590785	
0.547484	0.613811	0.744020	6.389567	
0.005833	0.011598	0.650021	7.526380	
0.841439	0.891727	0.738458	3.470782	
0.068635	0.900526	0.798473	4.710784	
0.880082	0.643163	0.663015	5.182247	
0.807876	0.188265	0.009947	6.090845	
0.807834	0.629369	0.221864	5.619454	
0.207622	0.186764	0.781692	5.757991	
0.250623	0.216601	0.000310	7.208615	
0.785039	0.920790	0.030546	5.212603	
0.316431	0.703394	0.052257	6.618920	
0.189688	0.177358	0.329208	6.929453	
0.155711	0.711578	0.007859	6.696498	
0.625467	0.806171	0.245563	5.612872	
0.005320	0.216978	0.183553	7.315219	
0.765500	0.004741	0.186151	6.305114	
0.003074	0.729530	0.742003	5.716167	
0.302195	0.808643	0.246082	5.718644	
0.000000	0.596123	0.008812	7.762800	
0.137914	0.126553	0.000002	7.641948	
0.647497	0.193387	0.732730	6.184982	
0.005307	0.711036	0.134238	6.814279	
