0.000000	0.000000	0.000000	0.000000	0.000000	0.000000	1.000000	0.000000	
0.706497	0.000023	0.000000	0.707716	0.000000	0.000000	0.000000	0.000000	
0.000000	0.705622	0.000000	0.000000	0.000000	0.000000	0.708588	0.000000	
0.707201	0.000000	0.707012	0.000001	0.000000	0.000000	0.000000	0.000000	
0.000000	0.706176	0.000000	0.000000	0.708036	0.000000	0.000000	0.000000	
0.000051	0.000001	0.707441	0.000000	0.000000	0.706773	0.000000	0.000000	
0.000000	0.000000	0.000000	0.000000	0.000000	1.000000	0.000000	0.000000	
0.707108	0.000000	0.000000	0.000000	0.707105	0.000000	0.000000	0.000000	
0.000000	0.000000	0.000000	0.699020	0.000000	0.000000	0.000000	0.715875	
0.000000	0.000000	0.000002	0.000000	0.000000	0.000000	0.709904	0.704317	
0.000000	0.000000	0.000000	0.000000	0.000000	0.706837	0.000000	0.707389	
0.000000	1.000000	0.000000	0.000000	0.000000	0.000000	0.000000	0.000000	
0.000000	0.000000	1.000000	0.000000	0.000000	0.000000	0.000000	0.000000	
0.000000	0.000000	0.707008	0.000000	0.000000	0.000000	0.000000	0.707206	
0.000000	0.000000	0.707105	0.000000	0.000000	0.000000	0.707108	0.000000	
0.000003	0.000001	0.000014	0.000000	0.706830	0.707489	0.000000	0.000000	
0.000000	0.707091	0.707221	0.000000	0.000000	0.000000	0.000000	0.000000	
0.000000	0.000000	0.000000	0.726351	0.000083	0.727029	0.000000	0.000000	
0.706696	0.000001	0.000000	0.000000	0.000000	0.707518	0.000000	0.000000	
0.000000	0.000000	0.000000	0.000000	0.000000	0.000000	0.000000	1.003761	
0.000000	0.707008	0.000000	0.000000	0.000000	0.000000	0.000000	0.707206	
0.000000	0.000000	0.000000	0.707108	0.707105	0.000000	0.000000	0.000000	
1.000000	0.000000	0.000000	0.000000	0.000000	0.000000	0.000000	0.000000	
0.000000	0.000000	0.000000	0.000000	1.000000	0.000000	0.000000	0.000000	
0.706959	0.000000	0.000000	0.000000	0.000000	0.000000	0.707384	0.000000	
0.000000	0.000000	0.706989	0.000000	0.707224	0.000000	0.000000	0.000000	
0.706709	0.000000	0.000000	0.000000	0.000000	0.000000	0.000000	0.707504	
0.000000	0.707120	0.000000	0.707095	0.000000	0.000000	0.000000	0.000000	
0.000000	0.000000	0.000000	1.000000	0.000000	0.000000	0.000000	0.000000	
0.000458	0.000001	0.002145	0.699713	0.000295	0.000000	0.714915	0.000000	
0.000000	0.000000	0.707106	0.707108	0.000000	0.000000	0.000000	0.000000	
0.000000	0.000000	0.000000	0.000000	0.707024	0.000000	0.000000	0.707189	
0.008079	0.000375	0.000387	0.000306	0.000083	0.696179	0.717819	0.003988	
0.000000	0.000000	0.000000	0.000000	0.707118	0.000000	0.707096	0.000000	
0.707111	0.707102	0.000000	0.000000	0.000000	0.000000	0.000000	0.000000	
0.000000	0.706737	0.000000	0.000000	0.000000	0.707479	0.000000	0.000000	
0.001057	0.030691	0.999468	0.000000	0.010978	0.000000	0.000000	0.000000	
0.000000	0.000000	0.000000	0.000000	0.000000	1.000012	0.000000	0.000000	
0.001347	0.000002	0.000001	0.000069	0.000000	0.706958	0.707384	0.000000	
0.000000	0.000000	0.707115	0.000000	0.000000	0.000000	0.707099	0.000000	
0.758220	0.647915	0.000000	0.047155	0.054414	0.013532	0.000000	0.004438	
0.012330	0.706333	0.018957	0.000001	0.000000	0.707517	0.001121	0.000000	
0.000001	0.000055	0.706443	0.000000	0.000000	0.707769	0.000000	0.000000	
0.000000	0.706176	0.000000	0.000000	0.708036	0.000000	0.000000	0.000000	
0.000000	0.000000	0.000000	0.707026	0.000000	0.000000	0.000000	0.707187	
0.706507	0.000024	0.708062	0.000094	0.000000	0.000000	0.000000	0.000000	
0.000001	0.000000	0.000010	0.000010	0.706665	0.707549	0.000000	0.000000	
1.000246	0.007242	0.001671	0.002348	0.012268	0.000000	0.000000	0.000000	
0.000000	0.000000	0.000000	0.000000	1.000000	0.000000	0.000000	0.000000	
0.002117	0.000003	0.000000	0.709806	0.000000	0.000031	0.704509	0.000000	
0.000000	0.000000	0.707106	0.707108	0.000000	0.000000	0.000000	0.000000	
0.000000	0.703393	0.000000	0.723611	0.000000	0.000000	0.000000	0.000000	
0.000000	0.000000	0.000000	0.000000	0.707026	0.000000	0.000000	0.707187	
0.000000	0.000000	0.000001	0.000000	0.000000	0.000000	0.727540	0.713878	
0.000000	0.000000	0.000000	0.000000	0.000000	0.000000	1.000000	0.000000	
0.706696	0.000001	0.000000	0.000000	0.000000	0.707518	0.000000	0.000000	
0.005100	0.000000	0.000112	0.718098	0.696187	0.000000	0.000000	0.000000	
0.000000	0.000000	0.707008	0.000000	0.000000	0.000000	0.000000	0.707206	
0.709508	0.001070	0.000000	0.000000	0.000000	0.000000	0.000000	0.704697	
0.000000	0.707041	0.707172	0.000002	0.000012	0.000000	0.000000	0.000000	
0.000000	0.000000	0.000000	0.000000	0.000000	0.707150	0.000000	0.707351	
0.000000	0.707331	0.000000	0.000000	0.000000	0.000000	0.000000	0.706883	
0.707126	0.000000	0.000000	0.000000	0.000000	0.000000	0.707105	0.000000	
0.000000	0.705622	0.000000	0.000000	0.000000	0.000000	0.708588	0.000000	
0.705862	0.000009	0.015609	0.036843	0.706992	0.017918	0.000000	0.000000	
0.000118	0.000774	0.706928	0.009569	0.707228	0.000000	0.000000	0.000000	
0.000000	0.000000	0.000000	0.000000	0.707118	0.000000	0.707096	0.000000	
0.706498	0.000023	0.000000	0.707717	0.000000	0.000000	0.000000	0.000000	
0.000000	0.000000	0.000000	0.000000	0.000000	0.000000	0.000000	1.000003	
0.000346	0.997475	0.000000	0.044732	0.054986	0.000316	0.000000	0.004438	
0.000000	0.000000	0.000000	0.705447	0.000080	0.709579	0.000000	0.000000	
0.000000	0.000000	0.000000	0.996225	0.000000	0.000000	0.000000	0.086814	
0.005042	0.001070	0.004939	0.000000	0.716092	0.000000	0.703763	0.000000	
0.000000	0.000000	0.000000	0.000000	0.000000	0.706962	0.000000	0.707478	
0.000000	0.000000	0.707106	0.707108	0.000000	0.000000	0.000000	0.000000	
0.710662	0.012857	0.000028	0.000001	0.001300	0.000000	0.000000	0.710945	
0.699276	0.000023	0.715204	0.000094	0.000000	0.000000	0.000000	0.000000	
0.000001	0.000055	0.705733	0.025266	0.000000	0.707511	0.000000	0.027047	
0.000000	0.000000	0.697877	0.000000	0.716270	0.000020	0.000000	0.000000	
0.000000	0.000000	0.000000	0.000000	0.000000	0.000000	0.000000	1.000003	
0.101913	0.001903	0.979728	0.212728	0.000000	0.049413	0.020301	0.021795	
0.000000	0.000000	0.000000	0.707027	0.000000	0.000000	0.000000	0.707187	
0.000000	0.997339	0.000000	0.072895	0.000000	0.000000	0.001636	0.000000	
0.011884	0.680805	0.100286	0.000001	0.083424	0.720656	0.001121	0.000000	
0.697314	0.000023	0.008001	0.717055	0.000000	0.000000	0.000000	0.000000	
0.000000	0.000000	0.000000	0.000000	0.064238	0.997795	0.016721	0.000000	
0.021778	0.000814	0.002388	0.648785	0.176973	0.732950	0.003229	0.100254	
0.118748	0.697227	0.007342	0.707306	0.000000	0.000000	0.000000	0.000000	
0.978228	0.060379	0.000000	0.211664	0.000000	0.049166	0.020200	0.000000	
0.000000	0.000000	0.000000	0.000000	0.999738	0.000000	0.000000	0.023149	
0.001186	0.000132	0.714956	0.000000	0.000000	0.000000	0.000000	0.699506	
0.706696	0.000001	0.000000	0.000000	0.000000	0.707518	0.000000	0.000000	
0.529648	0.000000	0.468481	0.000000	0.707105	0.000000	0.000000	0.000000	
0.000059	0.000383	0.512932	0.000000	0.515095	0.000000	0.000000	0.686715	
0.000000	0.749500	0.000000	0.000000	0.000000	0.000000	0.680817	0.000000	
0.535782	0.000000	0.000000	0.421810	0.000000	0.000000	0.731600	0.000000	
0.000000	0.000000	0.000000	0.000000	0.000000	0.000000	1.000000	0.000000	
0.000000	0.000000	0.502249	0.497752	0.000000	0.000000	0.707099	0.000000	
0.707111	0.707102	0.000000	0.000000	0.000000	0.000000	0.000000	0.000000	
0.031704	0.707605	0.701332	0.005577	0.015525	0.078265	0.000000	0.005146	
