0.000003	0.000000	0.706906	0.000000	0.000001	0.000000	0.707310	0.000000	
1.001927	0.000000	0.000000	0.000000	0.000000	0.000000	0.000000	0.000000	
0.706795	0.000003	0.000000	0.707418	0.000000	0.000000	0.000000	0.000000	
0.000000	0.000000	0.000000	0.000000	0.707116	0.000000	0.000000	0.707099	
0.000000	0.000000	0.000000	0.707078	0.707135	0.000000	0.000000	0.000000	
0.000000	0.000000	0.000000	0.000000	0.706977	0.707237	0.000000	0.000000	
0.706982	0.000000	0.000000	0.000000	0.000000	0.000000	0.707232	0.000001	
0.000000	0.000000	0.000000	0.000000	0.000000	0.000000	1.000006	0.000000	
0.707295	0.000000	0.000000	0.000000	0.706920	0.000000	0.000000	0.000000	
0.000000	0.000000	0.000000	0.000000	0.000000	0.000000	0.707308	0.707068	
0.707517	0.000001	0.000000	0.000000	0.000000	0.707211	0.000000	0.000000	
0.000000	0.000000	1.000271	0.000000	0.000000	0.000000	0.000000	0.000000	
0.707543	0.000524	0.706914	0.000000	0.000000	0.000000	0.000000	0.000004	
0.000000	0.707357	0.000002	0.000019	0.000000	0.706980	0.000000	0.000012	
0.000000	0.000000	0.707445	0.000000	0.000000	0.707128	0.000000	0.000000	
0.707120	0.000000	0.000000	0.000000	0.000000	0.000000	0.000000	0.707094	
0.000000	0.000003	0.707295	0.000000	0.706920	0.000000	0.000000	0.000000	
0.000000	0.000000	0.000000	0.000000	0.000000	0.000000	0.000000	1.000001	
0.706901	0.707323	0.000000	0.000006	0.000000	0.000000	0.000000	0.000000	
0.000000	0.000000	0.000000	0.706975	0.000000	0.000000	0.707239	0.000000	
0.000000	0.000000	0.000000	0.000000	0.000000	0.707135	0.000000	0.707080	
0.002697	0.000190	0.000061	0.706874	0.000000	0.707335	0.000000	0.000000	
0.000000	0.000000	0.000000	0.000000	1.000000	0.000000	0.000000	0.000000	
0.000000	0.709383	0.000000	0.000000	0.000000	0.000000	0.000000	0.709339	
0.000000	0.706914	0.000000	0.000000	0.000000	0.000000	0.707326	0.000000	
0.000000	1.000001	0.000000	0.000000	0.000000	0.000000	0.000000	0.000000	
0.000835	0.709842	0.000000	0.000000	0.704364	0.000000	0.000000	0.000000	
0.000000	0.000000	0.000000	1.000000	0.000000	0.000000	0.000000	0.000000	
0.000000	0.000000	0.000000	0.000000	0.000000	1.000001	0.000000	0.000000	
0.000000	0.707603	0.706611	0.000000	0.000000	0.000000	0.000000	0.000000	
0.000000	0.000000	0.707530	0.706685	0.000000	0.000000	0.000001	0.000000	
0.000001	0.706797	0.000000	0.707420	0.000000	0.000000	0.000000	0.000010	
0.000000	0.000001	0.707179	0.000000	0.000000	0.000000	0.000000	0.707039	
0.000000	0.000010	0.000660	0.000000	0.706909	0.000000	0.707314	0.000000	
0.000000	0.000000	0.000000	0.000000	0.000000	0.708472	0.709094	0.000000	
0.000002	0.000015	0.000014	0.703449	0.000000	0.000000	0.000104	0.710746	
0.000003	0.000000	0.707379	0.000000	0.000001	0.000000	0.706836	0.000000	
0.703391	0.000097	0.000000	0.000000	0.710805	0.000000	0.000000	0.000000	
0.000000	0.000006	0.707298	0.000000	0.000000	0.706923	0.000000	0.000000	
0.000000	0.000000	0.000000	0.000000	1.000000	0.000000	0.000000	0.000000	
0.111920	0.698314	0.000000	0.000000	0.000000	0.000000	0.707475	0.000001	
0.000000	0.000003	0.707414	0.000000	0.706802	0.000000	0.000000	0.000000	
0.000000	0.000004	0.000000	0.000661	0.699392	0.000000	0.714870	0.000000	
0.699581	0.000028	0.000000	0.714435	0.015800	0.002607	0.000000	0.000000	
0.000000	0.000000	0.000000	0.000000	0.000000	0.706564	0.707654	0.000000	
0.000000	0.000000	0.000000	0.000000	0.000000	0.706880	0.000000	0.707741	
0.000000	0.000043	0.000000	0.000000	0.707130	0.000000	0.000000	0.707086	
0.000000	0.000000	0.000000	0.000000	0.000000	0.000000	1.000007	0.000000	
0.000000	0.708013	0.000000	0.706201	0.000000	0.000000	0.000000	0.000000	
0.706879	0.000001	0.000000	0.000000	0.000000	0.707335	0.000000	0.000000	
0.000002	0.000021	0.000000	0.703451	0.000000	0.000000	0.000104	0.710748	
0.000000	0.000000	0.000000	0.000000	0.706977	0.707238	0.000000	0.000000	
0.000000	0.000000	0.000000	1.000000	0.000000	0.000000	0.000000	0.000000	
0.705218	0.000003	0.000001	0.005349	0.000000	0.000000	0.000000	0.708971	
0.014014	0.168701	0.983937	0.000071	0.015086	0.000002	0.023211	0.049477	
0.000000	0.000000	0.707530	0.706685	0.000000	0.000000	0.000001	0.000000	
0.000000	0.000000	0.000000	0.000000	0.000000	0.000000	0.000000	1.000001	
0.000000	0.000000	0.000000	0.707078	0.707136	0.000000	0.000000	0.000000	
0.000000	0.000001	0.000000	0.706975	0.000000	0.000000	0.707239	0.000000	
0.706643	0.000000	0.000000	0.000000	0.000000	0.000000	0.707571	0.000000	
0.000000	1.000000	0.000000	0.000000	0.000000	0.000000	0.000000	0.000000	
1.000898	0.000000	0.000000	0.000000	0.000000	0.000000	0.000000	0.000000	
0.006265	0.705775	0.000000	0.046649	0.706874	0.000000	0.000000	0.000000	
0.000000	0.709383	0.000000	0.000000	0.000000	0.000000	0.000000	0.709339	
0.000301	0.002687	0.000061	0.706873	0.000000	0.707335	0.000000	0.000000	
0.000000	0.000000	0.706787	0.000000	0.000000	0.000000	0.000000	0.710186	
0.000000	0.000000	0.000000	0.000000	0.000000	0.000000	0.707315	0.707075	
0.000000	0.708371	0.705841	0.000000	0.000000	0.000000	0.000000	0.000000	
0.708687	0.000510	0.705757	0.000000	0.000000	0.000000	0.000000	0.000004	
0.000000	0.710354	0.000000	0.000000	0.000000	0.704444	0.000000	0.000000	
0.000000	0.000000	0.000000	0.000000	0.000000	1.000001	0.000000	0.000000	
0.706981	0.707402	0.000000	0.000006	0.000000	0.000000	0.000000	0.000000	
0.707175	0.000524	0.706547	0.000000	0.000000	0.026411	0.000819	0.000004	
0.000004	0.000031	0.002704	0.706873	0.000000	0.707335	0.000000	0.000000	
0.014413	0.173502	0.984627	0.000072	0.015109	0.000002	0.023246	0.000844	
1.000001	0.000000	0.000000	0.000000	0.000000	0.000000	0.000000	0.000000	
0.000000	0.702100	0.000000	0.000000	0.000000	0.000000	0.712480	0.000011	
0.000000	0.000000	0.000000	0.000000	0.000000	0.000000	1.001514	0.000000	
0.693223	0.098970	0.000357	0.713248	0.084402	0.000000	0.000000	0.014342	
0.000000	0.703303	0.000000	0.000019	0.000000	0.711012	0.000000	0.000000	
0.000000	0.000000	0.687320	0.000000	0.000000	0.000000	0.735707	0.119011	
0.000001	0.000000	0.000000	0.706982	0.000000	0.000000	0.707246	0.000000	
0.699187	0.091965	0.000002	0.000000	0.135281	0.000000	0.000000	0.718023	
0.491467	0.339397	0.430480	0.000014	0.000000	0.677100	0.000000	0.000000	
0.010791	0.742644	0.000000	0.001611	0.000000	0.007596	0.000000	0.669928	
0.000473	0.023334	0.100623	0.000014	0.504398	0.520288	0.000000	0.687542	
0.000000	0.000000	0.000000	1.000000	0.000000	0.000000	0.000000	0.000000	
0.356493	0.363698	0.000000	0.000979	0.501810	0.000000	0.699168	0.000000	
0.000239	0.000021	0.001387	0.000008	0.000021	0.000000	0.001935	0.999998	
0.000000	0.000000	0.712955	0.000000	0.000000	0.701532	0.000000	0.003872	
0.703280	0.072803	0.000000	0.000000	0.000000	0.018256	0.706942	0.000000	
0.000000	0.000000	0.000000	0.000000	0.000000	1.000001	0.000000	0.000000	
0.000864	0.007302	0.006919	0.703372	0.000000	0.000000	0.002491	0.710746	
0.822789	0.568201	0.009188	0.000000	0.000001	0.024234	0.000000	0.000000	
0.073084	0.004289	0.002940	0.004867	0.699227	0.000000	0.000000	0.711244	
0.000000	0.000000	0.000000	0.707078	0.707136	0.000000	0.000000	0.000000	
0.000000	0.000000	0.726504	0.689493	0.000000	0.000000	0.000000	0.000000	
0.000000	0.707603	0.706611	0.000000	0.000000	0.000000	0.000000	0.000000	
0.105961	0.992823	0.000000	0.001718	0.000000	0.008723	0.000000	0.054887	
0.000000	0.000000	0.000000	0.000000	0.706977	0.707238	0.000000	0.000000	
