0.000000	0.000000	0.000000	0.000000	0.707097	0.000000	0.707116	0.000000	
0.000000	1.000000	0.000000	0.000000	0.000000	0.000000	0.000000	0.000000	
0.707221	0.000000	0.000000	0.000000	0.000000	0.706993	0.000000	0.000000	
0.000000	0.707264	0.706950	0.000000	0.000000	0.000000	0.000000	0.000000	
0.000000	0.706801	0.000000	0.000000	0.000000	0.707413	0.000000	0.000000	
0.000000	0.000000	0.000000	0.706627	0.707586	0.000000	0.000000	0.000000	
0.000000	0.000000	0.707097	0.000000	0.000000	0.000000	0.707117	0.000000	
0.707097	0.000000	0.000000	0.000000	0.000000	0.000000	0.707117	0.000000	
0.000000	0.000000	0.707110	0.707104	0.000000	0.000000	0.000000	0.000000	
0.000000	0.000000	0.706773	0.000000	0.000000	0.707441	0.000000	0.000000	
0.000000	0.000000	0.000000	1.000000	0.000000	0.000000	0.000000	0.000000	
0.000000	0.707097	0.000000	0.000000	0.000000	0.000000	0.707117	0.000000	
0.000000	0.706115	0.000000	0.000000	0.708097	0.000000	0.000000	0.000000	
0.000000	0.000000	1.000000	0.000000	0.000000	0.000000	0.000000	0.000000	
0.000000	0.715613	0.000000	0.715618	0.000000	0.000000	0.000000	0.000000	
0.000000	0.707051	0.000000	0.000000	0.000000	0.000000	0.000000	0.707163	
0.706967	0.000000	0.000011	0.707265	0.000000	0.000000	0.000000	0.000000	
0.000000	0.000000	0.000000	0.000000	1.000000	0.000000	0.000000	0.000000	
0.000000	0.000000	0.000000	0.000000	0.000000	0.000000	0.000000	1.000000	
0.000000	0.000000	0.707237	0.000000	0.706976	0.000000	0.000000	0.000000	
0.000000	0.000000	0.000000	0.000000	0.000000	0.707097	0.707117	0.000000	
0.000016	0.000000	0.000001	0.000000	0.000001	0.000002	0.707043	0.707170	
0.000000	0.000000	0.706592	0.000000	0.000000	0.000000	0.000000	0.707621	
0.707060	0.000000	0.707154	0.000000	0.000000	0.000000	0.000000	0.000000	
1.000000	0.000000	0.000000	0.000000	0.000000	0.000000	0.000000	0.000000	
0.000000	0.000000	0.000000	0.000000	0.713696	0.711240	0.000065	0.000000	
0.707062	0.707152	0.000000	0.000000	0.000000	0.000000	0.000000	0.000000	
0.000000	0.000000	0.000000	0.000000	0.000000	1.000000	0.000000	0.000000	
0.000000	0.000000	0.000000	0.707097	0.000000	0.000000	0.707117	0.000000	
0.000000	0.000000	0.000000	0.000000	0.000000	0.000000	1.000000	0.000000	
0.000000	0.000000	0.000000	0.000000	0.707132	0.000000	0.000000	0.707081	
0.704835	0.000000	0.000000	0.000000	0.709374	0.000000	0.000000	0.000000	
0.000000	0.000000	0.000000	0.706971	0.000000	0.000000	0.000000	0.707242	
0.000000	0.000000	0.000001	0.707098	0.000000	0.707117	0.000000	0.000000	
0.707062	0.000000	0.000000	0.000000	0.000000	0.000000	0.000000	0.707151	
0.000000	0.000000	0.000000	0.000000	0.000000	0.707132	0.000000	0.707082	
0.707056	0.000000	0.707157	0.000000	0.000000	0.000000	0.000000	0.000000	
0.000000	0.707095	0.000000	0.707118	0.000000	0.000000	0.000000	0.000000	
0.013489	0.000000	0.000300	0.701062	0.009366	0.000530	0.000000	0.712936	
0.000000	0.000000	0.000000	0.707097	0.000000	0.000000	0.707117	0.000000	
0.000000	0.000000	0.000001	0.707220	0.000000	0.706995	0.000000	0.000000	
0.000000	0.000000	0.000000	0.000000	0.707149	0.000000	0.707168	0.000000	
0.000000	0.000000	0.710478	0.703719	0.000000	0.000000	0.000000	0.000000	
0.011953	0.558300	0.433721	0.000682	0.000000	0.000000	0.000000	0.708106	
0.000000	0.000000	0.000000	0.000000	0.000000	0.710359	0.703840	0.000000	
0.000001	0.706115	0.000000	0.000000	0.708097	0.000000	0.000000	0.000000	
0.000000	0.000000	0.000000	0.000000	0.720361	0.708655	0.000065	0.000000	
0.000189	0.697112	0.000000	0.000259	0.118408	0.000000	0.707117	0.000000	
0.000000	0.000000	0.000000	0.000000	0.707148	0.000000	0.000000	0.707097	
0.000016	0.000000	0.000001	0.000000	0.000001	0.000000	0.710079	0.706633	
0.000000	0.000000	0.000000	0.999405	0.000001	0.000000	0.034505	0.000000	
0.000000	0.000000	0.697111	0.002277	0.716956	0.002199	0.000000	0.000000	
0.000000	0.000000	0.000000	0.000000	1.000000	0.000000	0.000000	0.000000	
0.000000	0.000000	0.707097	0.000000	0.000000	0.000000	0.000000	0.707117	
0.000000	0.709499	0.000000	0.000278	0.000000	0.704707	0.000000	0.000000	
0.000000	0.000000	0.000000	0.000000	0.000000	0.000000	0.000000	1.000988	
0.011640	0.000034	0.000452	0.000103	0.000505	0.502439	0.498099	0.707717	
0.000000	0.000000	0.000000	0.000000	0.000000	0.000000	1.000000	0.000000	
0.698524	0.000005	0.000001	0.000000	0.000000	0.000002	0.041953	0.728451	
0.974341	0.070059	0.176351	0.121053	0.000006	0.000000	0.000000	0.000000	
0.001272	0.059427	0.998499	0.000000	0.029772	0.000000	0.000000	0.006637	
0.704800	0.000000	0.006627	0.000000	0.709370	0.004161	0.000000	0.000000	
0.000000	0.000000	0.000000	0.000000	0.000000	1.000000	0.000000	0.000000	
0.000000	0.000000	0.000000	0.705893	0.708319	0.000000	0.000000	0.000000	
0.000000	0.000000	0.707174	0.000354	0.000001	0.000000	0.707039	0.000000	
0.696802	0.016812	0.074312	0.714687	0.000000	0.000000	0.000000	0.000000	
0.000000	0.773447	0.633861	0.000000	0.000000	0.000000	0.000000	0.000000	
0.702841	0.000000	0.000000	0.000000	0.000000	0.713322	0.000000	0.000000	
0.004289	0.999645	0.000000	0.000000	0.010923	0.023920	0.000000	0.000000	
0.556220	0.019548	0.021242	0.006348	0.023871	0.000801	0.653515	0.512501	
0.685127	0.713320	0.000000	0.147050	0.012294	0.000000	0.000000	0.000000	
0.000000	0.000000	0.706773	0.000000	0.000000	0.707441	0.000000	0.000000	
0.475344	0.020413	0.041250	0.522948	0.013389	0.705888	0.000064	0.000000	
0.030896	0.000420	0.706537	0.000000	0.711767	0.000000	0.000000	0.014882	
0.000000	0.000000	0.000000	0.515768	0.587469	0.000000	0.623201	0.022019	
0.550058	0.572542	0.645034	0.000000	0.000000	0.000000	0.000000	0.000000	
0.773315	0.014290	0.633861	0.000000	0.000000	0.000000	0.000000	0.000000	
0.000000	0.000000	0.000000	0.999728	0.000000	0.000000	0.000000	0.023302	
0.000000	0.000000	0.787092	0.619800	0.000000	0.002718	0.000000	0.000000	
0.705593	0.705683	0.000000	0.000242	0.000751	0.000000	0.000000	0.072330	
0.172102	0.681443	0.001035	0.000000	0.000000	0.713322	0.000000	0.000000	
0.679132	0.014951	0.072424	0.734589	0.000000	0.000000	0.000000	0.000000	
0.689400	0.000000	0.006482	0.000001	0.722477	0.004155	0.052003	0.000000	
0.999792	0.000000	0.000000	0.000000	0.020401	0.000000	0.000000	0.000000	
0.000000	0.000000	0.000000	0.000000	0.000000	0.497951	0.497965	0.710123	
0.000000	0.999765	0.000000	0.000000	0.021656	0.000000	0.000000	0.000000	
0.000025	0.000927	0.705053	0.000000	0.000000	0.000000	0.710269	0.000000	
0.000662	0.493133	0.000645	0.004311	0.009151	0.506658	0.707117	0.000000	
0.001595	0.000006	0.035319	0.706212	0.000000	0.000000	0.707117	0.000000	
0.052557	0.002768	0.998593	0.000000	0.000000	0.000000	0.000000	0.006434	
0.000000	0.000000	0.000000	0.000000	0.000000	0.000000	1.000000	0.000000	
0.497039	0.510358	0.000000	0.000000	0.000000	0.000860	0.000000	0.712489	
0.000000	0.000000	0.000000	0.000000	0.000000	0.000000	0.000000	1.000000	
0.000000	0.000000	0.000000	0.000000	0.000000	0.994212	0.019083	0.105731	
0.084796	0.662041	0.059149	0.747613	0.034109	0.000000	0.000000	0.000000	
0.695870	0.045387	0.000000	0.104942	0.000000	0.000000	0.051115	0.707163	
0.000000	0.000000	0.000000	0.729078	0.000000	0.022308	0.000191	0.755029	
0.022711	0.000610	0.502320	0.506125	0.700712	0.000000	0.000000	0.000000	
0.000948	0.012275	0.710864	0.000000	0.000000	0.000000	0.000000	0.704501	
0.059123	0.059130	0.000000	0.000020	0.994413	0.000000	0.000000	0.072330	
