0.707484	0.000000	0.706729	0.000000	0.000000	0.000000	0.000000	0.000000	
0.706986	0.000000	0.000000	0.000000	0.000000	0.000000	0.707227	0.000000	
0.706706	0.000000	0.000000	0.000109	0.000000	0.000000	0.000000	0.707507	
0.000000	0.706990	0.000000	0.000000	0.707223	0.000000	0.000000	0.000000	
0.000000	1.000000	0.000000	0.000000	0.000000	0.000000	0.000000	0.000000	
0.000000	0.000000	0.707014	0.000000	0.000000	0.707200	0.000000	0.000000	
0.000005	0.000380	0.000359	0.000000	0.706939	0.707310	0.000000	0.000000	
1.000000	0.000000	0.000000	0.000000	0.000000	0.000000	0.000000	0.000000	
0.000000	0.000000	0.000000	0.707017	0.000000	0.707196	0.000000	0.000000	
0.000000	0.000000	1.000000	0.000000	0.000000	0.000000	0.000000	0.000000	
0.000000	0.000000	0.000000	0.000000	1.000000	0.000000	0.000000	0.000000	
0.707072	0.707142	0.000000	0.000000	0.000000	0.000000	0.000000	0.000000	
0.000000	0.000000	0.000000	0.000000	0.000000	0.000000	1.000007	0.000000	
0.000000	0.000000	0.000000	0.706976	0.707238	0.000000	0.000000	0.000000	
0.000000	0.000000	0.000000	0.000000	0.000000	0.707367	0.707495	0.000000	
0.000000	0.000000	0.000000	0.000000	0.000000	1.000000	0.000000	0.000000	
0.000000	0.000000	0.000000	0.706888	0.000000	0.000000	0.000000	0.707326	
0.000007	0.706992	0.707225	0.000000	0.000000	0.000000	0.000000	0.000000	
0.000000	0.719368	0.000000	0.000000	0.000000	0.000000	0.000000	0.719262	
0.000000	0.000000	0.707642	0.000000	0.000000	0.000000	0.707138	0.000000	
0.000000	0.000000	0.000000	0.000000	0.705573	0.000000	0.708638	0.000000	
0.000000	0.000000	0.707417	0.000000	0.706796	0.000000	0.000000	0.000000	
0.000000	0.706986	0.000000	0.000000	0.000000	0.000000	0.707228	0.000000	
0.708196	0.000000	0.000000	0.709411	0.000000	0.000000	0.000000	0.000000	
0.000000	0.000000	0.707214	0.000000	0.000000	0.000000	0.000000	0.707000	
0.000000	0.000000	0.000000	1.000000	0.000000	0.000000	0.000000	0.000000	
0.000000	0.000000	0.000000	0.000000	0.708555	0.000000	0.000005	0.708439	
0.000000	0.000000	0.000000	0.000000	0.000000	0.000000	0.000000	1.000000	
0.000000	0.000000	0.000000	0.000000	0.000000	0.000000	0.708666	0.708390	
0.707162	0.000000	0.000000	0.000000	0.707395	0.000000	0.000000	0.000000	
0.706901	0.000002	0.000000	0.000000	0.000000	0.707312	0.000000	0.000000	
0.000000	0.706924	0.000000	0.000000	0.000000	0.707290	0.000000	0.000000	
0.000000	0.000000	0.709360	0.706384	0.000000	0.000000	0.000000	0.000000	
0.000072	0.707086	0.000000	0.707129	0.000000	0.000000	0.000000	0.000000	
0.000000	0.000000	0.000000	0.000000	0.000000	0.707072	0.000000	0.707141	
0.000000	0.000000	0.000000	0.706951	0.000000	0.000000	0.707262	0.000000	
0.000136	0.707087	0.000003	0.707126	0.000000	0.000000	0.000000	0.000000	
0.000787	0.000000	0.000603	0.699713	0.715408	0.000001	0.000000	0.000000	
0.000000	0.000000	0.000000	0.705889	0.000000	0.000000	0.708323	0.000000	
0.000006	0.000367	0.000372	0.000000	0.706901	0.707312	0.000000	0.000000	
0.000000	0.000000	0.707136	0.707078	0.000000	0.000000	0.000000	0.000000	
0.000281	0.531592	0.000000	0.465833	0.068326	0.070019	0.700598	0.000000	
0.769522	0.032507	0.001219	0.001110	0.016192	0.637585	0.000000	0.000000	
0.000000	0.000000	0.000000	1.000000	0.000000	0.000000	0.000000	0.000000	
0.000000	0.000000	0.000000	0.000000	0.000000	0.000000	1.000000	0.000000	
0.713827	0.000010	0.000000	0.703194	0.018283	0.000000	0.000000	0.000000	
0.000000	0.707172	0.000000	0.000000	0.707041	0.000000	0.000000	0.000000	
0.713618	0.000000	0.000000	0.000110	0.000000	0.000000	0.000000	0.700535	
0.000000	0.000000	0.000000	0.000000	0.000000	0.000000	0.000000	1.000000	
0.691142	0.002477	0.080168	0.001055	0.716446	0.050928	0.000000	0.000000	
0.000000	0.000000	0.705991	0.000000	0.000000	0.709277	0.000000	0.000000	
0.000000	0.000000	0.000000	0.000000	0.711673	0.000000	0.715785	0.000000	
0.000000	0.000000	0.000000	0.707017	0.000000	0.707196	0.000000	0.000000	
0.699512	0.000711	0.000000	0.000000	0.000000	0.000000	0.714620	0.000000	
0.998214	0.008174	0.034220	0.014886	0.049672	0.011538	0.000000	0.000000	
0.000000	0.706888	0.000000	0.000000	0.000000	0.000000	0.000000	0.707326	
0.704825	0.709382	0.000000	0.000000	0.000000	0.000000	0.000000	0.000000	
0.000004	0.707122	0.000000	0.000000	0.000000	0.707488	0.000000	0.000000	
0.000000	0.000000	0.000000	0.000000	1.000000	0.000000	0.000000	0.000000	
0.000000	0.000000	0.000000	0.000000	0.000000	0.706826	0.000000	0.707388	
0.708350	0.000031	0.705861	0.000000	0.000000	0.000000	0.000000	0.000000	
0.020740	0.018973	0.000294	0.000037	0.704836	0.000916	0.029860	0.708188	
0.000000	0.000000	0.000000	0.000000	0.000000	1.000002	0.000000	0.000000	
0.000000	0.000000	1.000722	0.000000	0.000000	0.000000	0.000000	0.000000	
0.000000	0.000000	0.706986	0.000000	0.000000	0.000000	0.707227	0.000000	
0.000001	0.000000	0.000000	0.000000	0.000017	0.000001	0.707967	0.706248	
0.000000	0.000000	0.707163	0.000000	0.000000	0.000000	0.000000	0.707051	
0.000000	0.000000	0.000000	0.706888	0.000000	0.000000	0.000000	0.707326	
0.075441	0.996482	0.001993	0.000854	0.034446	0.011841	0.000000	0.000000	
0.000000	0.000000	0.703300	0.000000	0.719079	0.000000	0.000000	0.000000	
0.000000	0.000000	0.000000	0.000000	0.000000	0.702356	0.711826	0.000000	
0.000111	0.697242	0.720342	0.000000	0.000000	0.005441	0.000000	0.000000	
0.525656	0.467011	0.007363	0.000936	0.069933	0.000918	0.025781	0.709287	
0.005218	0.024857	0.000002	0.001594	0.000857	0.701894	0.711826	0.000000	
0.708822	0.032974	0.000000	0.000000	0.704434	0.000000	0.000000	0.015988	
0.349812	0.368152	0.021853	0.022108	0.000000	0.512324	0.000000	0.722491	
0.713832	0.000010	0.000000	0.703199	0.018283	0.000000	0.000000	0.000000	
0.043906	0.509938	0.032348	0.480226	0.001421	0.052437	0.000000	0.712359	
0.000036	0.093988	0.701947	0.000000	0.000000	0.708397	0.000000	0.000000	
0.002509	0.705536	0.000000	0.000600	0.705410	0.000000	0.067886	0.000000	
0.706986	0.000000	0.000000	0.000000	0.000000	0.000000	0.707227	0.000000	
0.001492	0.034769	0.706279	0.707078	0.000000	0.000000	0.000000	0.000000	
0.004140	0.040793	0.998449	0.035084	0.000000	0.013694	0.000000	0.000000	
0.000113	0.001125	0.000045	0.017781	0.016867	0.999701	0.000000	0.000000	
0.707072	0.707142	0.000000	0.000000	0.000000	0.000000	0.000000	0.000000	
0.006933	0.486427	0.459585	0.733847	0.058717	0.024633	0.099852	0.000000	
0.000274	0.517029	0.000000	0.472766	0.063200	0.118737	0.700431	0.021835	
0.057519	0.999195	0.000000	0.000000	0.000000	0.000000	0.000000	0.000000	
0.000000	0.000000	0.000000	1.000000	0.000000	0.000000	0.000000	0.000000	
0.020584	0.019137	0.000294	0.000447	0.704839	0.000916	0.029777	0.708188	
0.000491	0.000005	0.032685	0.000000	0.000116	0.000000	0.000224	0.999466	
0.000000	0.706924	0.000000	0.000000	0.000000	0.707290	0.000000	0.000000	
0.811834	0.034295	0.000001	0.001171	0.017114	0.582628	0.000000	0.000000	
0.000000	0.000000	0.717278	0.000000	0.000000	0.026486	0.696389	0.028343	
0.201307	0.679144	0.705861	0.000000	0.000000	0.000000	0.000000	0.000000	
0.011857	0.012218	0.484715	0.039269	0.512220	0.709794	0.000000	0.000000	
0.000475	0.002265	0.670173	0.000000	0.023644	0.000000	0.000000	0.741824	
0.000000	0.000000	0.000000	0.000000	0.705573	0.000000	0.708638	0.000000	
0.000001	0.000000	0.000000	0.000000	0.000017	0.000001	0.707967	0.706248	
0.000000	0.000000	0.000000	0.706951	0.000000	0.000000	0.707262	0.000000	
