0.000000	0.000000	0.000000	0.000000	0.706923	0.707368	0.000000	0.000000	
0.000000	0.000000	0.706195	0.000000	0.000000	0.708018	0.000001	0.000000	
0.000000	0.707145	0.000000	0.000000	0.707069	0.000000	0.000000	0.000000	
0.000000	0.710928	0.000000	0.000000	0.000000	0.707245	0.000000	0.000013	
0.707295	0.000000	0.000000	0.000000	0.706920	0.000000	0.000000	0.000000	
0.000022	0.000001	0.695645	0.000001	0.718355	0.007486	0.000000	0.000000	
0.000000	0.000000	0.000000	0.707072	0.000000	0.000000	0.000000	0.707142	
0.000000	1.003045	0.000000	0.000000	0.000000	0.000000	0.000000	0.000000	
0.000000	0.000000	0.707160	0.000001	0.000000	0.000000	0.707068	0.000000	
0.000000	0.000000	0.000000	0.000000	0.000000	0.000000	0.707051	0.707163	
0.000000	0.000000	0.000000	0.000000	0.000000	0.000000	0.000000	1.000000	
1.000448	0.000000	0.000000	0.000000	0.000000	0.000000	0.000000	0.000000	
0.000006	0.707593	0.706620	0.000000	0.000000	0.000000	0.000000	0.000000	
0.000000	0.000000	0.000000	0.000000	0.000000	0.000000	1.000001	0.000000	
0.707120	0.000000	0.000000	0.000000	0.000000	0.000000	0.000000	0.707094	
0.000000	0.707671	0.000000	0.000000	0.000000	0.000000	0.000000	0.706543	
0.000000	0.711661	0.000000	0.702524	0.000000	0.000000	0.000001	0.000000	
0.000000	0.000000	0.000000	0.000000	0.707224	0.000000	0.000000	0.706990	
0.000000	0.000000	0.000000	0.000000	0.000000	1.000000	0.000000	0.000000	
0.709275	0.001876	0.705852	0.000000	0.000000	0.000000	0.000000	0.003376	
0.000000	0.000000	0.707398	0.709601	0.000000	0.000000	0.000000	0.000000	
0.000000	0.000000	0.000000	0.000000	0.710886	0.000000	0.703308	0.000000	
0.706879	0.000001	0.000000	0.000000	0.000000	0.707335	0.000000	0.000000	
0.000000	0.000000	0.000000	0.706951	0.707263	0.000000	0.000000	0.000000	
0.706975	0.000000	0.000000	0.000000	0.000000	0.000000	0.707239	0.000000	
0.000000	0.000000	1.000172	0.000000	0.000000	0.000000	0.000000	0.000000	
0.000000	0.000000	0.000000	1.000000	0.000000	0.000000	0.000000	0.000000	
0.000000	0.709113	0.000000	0.000000	0.000000	0.000000	0.705674	0.000000	
0.000000	0.000000	0.000000	0.000000	1.000000	0.000000	0.000000	0.000000	
0.000000	0.000000	0.000000	0.000000	0.000000	0.707031	0.707188	0.000000	
0.000002	0.000002	0.707060	0.000000	0.000000	0.000003	0.000000	0.707187	
0.000000	0.000000	0.000000	0.707714	0.000000	0.000000	0.706500	0.000000	
0.708156	0.000000	0.000000	0.706058	0.000000	0.000000	0.000002	0.000000	
0.709213	0.707416	0.000008	0.000001	0.000000	0.000000	0.000000	0.000000	
0.000000	0.000000	0.000000	0.000000	0.000000	0.707120	0.000000	0.707094	
0.000000	0.000000	0.000000	0.707375	0.000000	0.706839	0.000000	0.000000	
0.000000	0.000000	0.000000	0.000000	0.000000	0.708700	0.000000	0.705511	
0.005079	0.999283	0.003912	0.000548	0.000677	0.007327	0.001097	0.036587	
0.000000	0.000000	0.000000	0.000000	0.000000	1.000000	0.000000	0.000000	
0.708211	0.000000	0.000000	0.706003	0.000000	0.000000	0.000002	0.000000	
0.000000	0.000103	0.001187	0.710686	0.703509	0.000000	0.000000	0.000000	
0.000000	0.712846	0.709763	0.000000	0.000838	0.000000	0.000001	0.000000	
0.000000	0.018454	0.995116	0.000000	0.048479	0.000000	0.089943	0.000000	
0.702734	0.715629	0.000000	0.000001	0.000000	0.000000	0.000000	0.000000	
0.000000	0.706028	0.001516	0.000000	0.705953	0.054031	0.000000	0.015274	
0.000000	0.000003	0.707058	0.000022	0.000000	0.000007	0.000000	0.707185	
0.495715	0.000000	0.000000	0.000000	0.471858	0.000000	0.729121	0.000000	
0.000000	0.727870	0.000000	0.693832	0.000000	0.000000	0.000001	0.000000	
0.000000	0.000000	0.000000	1.000000	0.000000	0.000000	0.000000	0.000000	
0.000000	0.000000	0.706196	0.000000	0.000000	0.708019	0.000000	0.000000	
0.000000	0.000000	0.706948	0.000000	0.707265	0.000000	0.000000	0.000000	
0.000000	0.000000	0.707154	0.000095	0.000000	0.000000	0.707061	0.000000	
0.000000	0.711542	0.000000	0.000000	0.000000	0.000000	0.708091	0.000000	
0.000000	0.000000	0.000000	0.710863	0.000000	0.703391	0.000000	0.000000	
0.000000	0.000000	0.000000	0.000000	0.000000	0.000000	0.000000	1.000000	
0.000000	0.712965	0.000000	0.000000	0.000000	0.000547	0.000000	0.701200	
0.000000	0.000000	0.704684	0.709522	0.000000	0.000000	0.000000	0.000000	
0.697500	0.000000	0.086549	0.000000	0.702476	0.111941	0.000054	0.000000	
0.000000	0.000000	0.000000	0.000000	0.000000	0.707014	0.707200	0.000000	
0.000000	0.000000	0.000000	0.000000	0.706878	0.707336	0.000000	0.000000	
0.706755	0.000078	0.000004	0.000000	0.000000	0.707459	0.000001	0.000000	
0.000000	0.725690	0.000000	0.000000	0.000000	0.702402	0.000000	0.000013	
0.000000	0.000000	0.000000	0.000000	0.000000	0.000000	0.698577	0.715593	
0.000000	0.000000	0.000000	0.000000	1.000000	0.000000	0.000000	0.000000	
0.000000	0.000000	0.000000	0.707120	0.000000	0.000000	0.000000	0.707094	
0.707122	0.000000	0.000000	0.000000	0.000000	0.000000	0.000000	0.707096	
0.000000	0.000000	0.000000	0.000000	0.707130	0.000000	0.000000	0.707107	
0.000000	0.000000	0.000000	0.000000	0.000000	0.000000	1.000063	0.000000	
0.000000	0.000000	0.000000	0.708975	0.000000	0.000000	0.705235	0.000013	
0.000000	0.000000	0.000000	0.000000	0.707279	0.000000	0.707473	0.000000	
0.997599	0.000010	0.018225	0.000000	0.065793	0.000000	0.000000	0.011719	
0.710703	0.001880	0.703489	0.000000	0.000000	0.000000	0.000000	0.000000	
0.723964	0.000994	0.704629	0.000397	0.008374	0.000000	0.000000	0.007125	
0.715957	0.000000	0.000000	0.010394	0.000000	0.000000	0.000000	0.700143	
0.000000	0.000000	0.707398	0.709601	0.000000	0.000000	0.000000	0.000000	
0.000000	0.000000	0.000000	0.685163	0.000000	0.000000	0.000000	0.729348	
0.000000	0.000000	0.000000	0.708975	0.000000	0.000000	0.705235	0.000013	
0.000000	0.724330	0.000000	0.002330	0.689920	0.002453	0.000054	0.000000	
0.707241	0.705448	0.000008	0.000001	0.000000	0.000000	0.074657	0.000000	
0.000000	0.000000	0.000000	0.000000	1.000000	0.000000	0.000000	0.000000	
0.997599	0.000010	0.018225	0.000000	0.065793	0.000000	0.000000	0.011719	
0.000000	0.003254	0.995282	0.000000	0.048479	0.000000	0.089943	0.000000	
0.000009	0.000075	0.000000	0.000003	0.002653	0.707052	0.000000	0.707196	
0.000000	0.000000	0.000000	0.000000	0.000000	0.000000	0.707098	0.707210	
0.000000	0.499866	0.000000	0.000000	0.499812	0.707335	0.000000	0.000000	
0.000000	0.000000	0.000000	0.000000	0.707024	0.707469	0.000000	0.000000	
0.000119	0.707491	0.000000	0.015952	0.000000	0.000001	0.000006	0.706543	
0.000215	0.061604	0.707422	0.028878	0.703509	0.000000	0.000000	0.000000	
0.007257	0.997622	0.020346	0.006652	0.000000	0.064569	0.008403	0.000000	
0.000000	0.000000	0.000000	0.000000	0.000000	0.000000	0.000000	1.000001	
0.719780	0.000000	0.000000	0.035636	0.701984	0.028057	0.000000	0.007084	
0.000006	0.707595	0.706622	0.000000	0.000000	0.000000	0.000000	0.000000	
0.710680	0.000001	0.000000	0.000000	0.048891	0.701816	0.000000	0.000000	
0.027363	0.708987	0.004128	0.698693	0.000675	0.000289	0.000013	0.091665	
0.000977	0.000003	0.014433	0.996495	0.000000	0.063099	0.002739	0.052936	
0.000000	0.000000	0.000000	0.000000	0.000000	1.000000	0.000000	0.000000	
0.000219	0.021128	0.677479	0.000004	0.013822	0.000578	0.000000	0.735109	
0.005092	0.699977	0.014179	0.012798	0.000000	0.013208	0.713774	0.000000	
0.000000	0.000000	0.707154	0.000095	0.000000	0.000000	0.707061	0.000000	
0.709308	0.026201	0.000000	0.000001	0.014661	0.000000	0.706462	0.000000	
