0.000000	0.000000	0.000000	0.000000	0.000000	0.000000	1.000000	0.000000	
0.706476	0.000000	0.707737	0.000000	0.000000	0.000000	0.000000	0.000000	
0.000000	0.000000	0.707131	0.000000	0.000000	0.000000	0.000000	0.707083	
0.000000	0.000000	0.000000	0.707090	0.000000	0.000000	0.707331	0.000000	
0.000000	0.000000	0.707396	0.000000	0.000000	0.706819	0.000000	0.000000	
0.706986	0.000000	0.000000	0.000000	0.000000	0.000000	0.707227	0.000000	
0.000000	0.000000	0.000000	0.000000	0.000000	0.000000	0.706924	0.707289	
0.000001	0.000016	0.000001	0.710709	0.000000	0.000000	0.000000	0.710243	
0.000000	0.000000	0.000000	0.000000	1.000056	0.000000	0.000000	0.000000	
0.707072	0.707142	0.000000	0.000000	0.000000	0.000000	0.000000	0.000000	
0.000000	0.707713	0.000000	0.706500	0.000000	0.000000	0.000000	0.000000	
0.706901	0.000003	0.000000	0.000000	0.000000	0.707312	0.000000	0.000000	
0.000000	0.000000	0.000000	0.707176	0.000000	0.707038	0.000000	0.000000	
0.000000	1.000000	0.000000	0.000000	0.000000	0.000000	0.000000	0.000000	
0.000000	0.000000	0.000000	0.000000	0.000000	0.707234	0.000000	0.707594	
0.000000	0.706888	0.000053	0.000060	0.000007	0.000000	0.000000	0.707326	
0.000000	0.000000	0.000000	0.000000	0.707061	0.000000	0.707153	0.000000	
0.706881	0.000000	0.000001	0.000000	0.707333	0.000000	0.000000	0.000000	
0.000000	0.000000	0.000000	0.000000	0.000000	1.000000	0.000000	0.000000	
0.000000	0.000000	0.000000	1.000000	0.000000	0.000000	0.000000	0.000000	
0.000481	0.706476	0.707737	0.000069	0.000000	0.000393	0.000000	0.000015	
0.000000	0.000000	0.000000	0.000000	0.000000	0.000000	0.000000	1.000000	
1.000000	0.000000	0.000000	0.000000	0.000000	0.000000	0.000000	0.000000	
0.000023	0.706934	0.000000	0.000000	0.000000	0.000000	0.707279	0.000000	
0.000000	0.706960	0.000000	0.000000	0.000000	0.707319	0.000000	0.000000	
0.000000	0.000000	0.706986	0.000000	0.000000	0.000000	0.707227	0.000000	
0.000000	0.000000	0.706930	0.000000	0.707296	0.000000	0.000000	0.000000	
0.000000	0.000000	1.000000	0.000000	0.000000	0.000000	0.000000	0.000000	
0.000000	0.000000	0.708399	0.708253	0.000000	0.000000	0.000000	0.000000	
0.707131	0.000006	0.000000	0.000000	0.000000	0.000000	0.000000	0.707083	
0.706081	0.000000	0.000000	0.708131	0.000000	0.000000	0.000000	0.000000	
0.000000	0.000000	0.000000	0.706980	0.707245	0.000000	0.000000	0.000000	
0.000000	0.000000	0.000000	0.000000	0.706954	0.707259	0.000000	0.000000	
0.000001	0.706984	0.000000	0.000000	0.707342	0.000000	0.000001	0.000000	
0.000000	0.000000	0.000000	0.000000	0.000000	0.707070	0.707144	0.000000	
0.000000	0.000001	0.000000	0.000000	0.708877	0.000000	0.000000	0.709244	
0.000000	0.000000	0.000000	0.000000	0.000000	0.000000	0.000000	1.000000	
0.706901	0.000003	0.000000	0.000000	0.000000	0.707312	0.000000	0.000000	
0.744619	0.000000	0.000230	0.667493	0.000000	0.000000	0.000000	0.000000	
0.000000	0.000000	0.703797	0.000000	0.000000	0.710401	0.000000	0.000000	
0.701958	0.070350	0.025688	0.000000	0.706607	0.000000	0.048502	0.000000	
0.000000	0.000000	0.000000	0.000000	0.701995	0.712193	0.000000	0.000000	
0.000000	0.000000	0.000000	0.705768	0.000938	0.000000	0.708500	0.000000	
0.000000	0.000000	0.708432	0.708286	0.000000	0.000000	0.000000	0.000000	
0.000000	0.000000	0.000000	0.000000	0.702459	0.000000	0.000000	0.723700	
0.000559	0.706476	0.707737	0.000069	0.000000	0.000393	0.000000	0.000015	
0.000000	0.707001	0.000000	0.000000	0.000000	0.000000	0.000000	0.707212	
0.000000	0.000000	0.000000	0.705906	0.708410	0.000000	0.000000	0.000000	
0.075441	0.996482	0.001993	0.000854	0.034446	0.011841	0.000000	0.000000	
0.000000	0.000000	0.000000	0.000000	0.000000	0.700864	0.713295	0.000000	
0.000000	0.000000	0.000000	0.000000	0.707061	0.000000	0.707153	0.000000	
0.669239	0.697099	0.000000	0.262754	0.029909	0.000522	0.000000	0.000000	
0.707131	0.000006	0.000000	0.000000	0.000000	0.000000	0.000000	0.707083	
0.000000	0.000000	0.000000	0.000000	0.000000	1.000000	0.000000	0.000000	
0.000009	0.000034	0.002366	0.000004	0.000267	0.708786	0.000000	0.706033	
0.002021	0.042847	0.721506	0.025033	0.690624	0.000000	0.000256	0.000000	
0.000000	0.000000	0.000000	0.000000	0.000000	0.000000	1.000012	0.000000	
0.000000	0.000000	0.000000	0.700438	0.000000	0.713989	0.000000	0.000000	
0.706986	0.000000	0.000000	0.000000	0.000000	0.000000	0.707227	0.000000	
0.000000	0.000000	0.000000	0.000000	1.000015	0.000000	0.000000	0.000000	
0.000000	0.000000	0.999493	0.000000	0.030488	0.010088	0.000000	0.000000	
0.000000	0.000000	0.707131	0.000000	0.000000	0.000000	0.000000	0.707083	
0.000002	0.706925	0.000000	0.000000	0.000000	0.707289	0.000000	0.000000	
0.997550	0.008168	0.034197	0.047729	0.035323	0.011535	0.000000	0.000000	
0.000000	0.000000	0.706986	0.000000	0.000000	0.000000	0.707227	0.000000	
0.000023	0.706933	0.000000	0.000000	0.000000	0.000000	0.707281	0.000000	
0.000016	0.000000	0.000004	0.706946	0.000000	0.000001	0.000000	0.707276	
0.011036	0.711907	0.004459	0.702173	0.000000	0.000000	0.000000	0.000000	
0.704538	0.000000	0.709666	0.000000	0.000000	0.000000	0.000000	0.000000	
0.000000	0.000000	0.000000	0.000000	0.000000	0.000000	0.708473	0.705738	
0.000000	0.000000	0.000000	1.000000	0.000000	0.000000	0.000000	0.000000	
0.000001	0.706823	0.000000	0.000000	0.707491	0.000000	0.000082	0.000000	
0.707328	0.003928	0.003575	0.000000	0.000000	0.707533	0.000000	0.000000	
0.011017	0.709630	0.052018	0.701791	0.000000	0.000000	0.000000	0.032968	
0.037576	0.000000	0.000000	0.004071	0.000135	0.706120	0.000000	0.707083	
0.000023	0.700604	0.000000	0.000000	0.000000	0.000000	0.713550	0.000000	
0.984004	0.000000	0.000001	0.002749	0.178123	0.000000	0.000000	0.000000	
0.000000	0.000000	0.787957	0.615666	0.000100	0.010088	0.000000	0.000000	
0.000098	0.000364	0.029356	0.699830	0.000000	0.713997	0.000000	0.000000	
0.689767	0.041331	0.013351	0.000000	0.000630	0.000000	0.002973	0.722919	
0.000198	0.705072	0.709134	0.001516	0.000248	0.000110	0.000000	0.000000	
0.000000	0.000001	0.000000	0.000000	0.706452	0.000000	0.000000	0.711871	
0.000000	0.000000	0.683701	0.000628	0.000000	0.000000	0.000000	0.729763	
0.000000	0.000000	0.707014	0.000000	0.000000	0.707200	0.000000	0.000000	
0.700957	0.000055	0.000000	0.000000	0.000000	0.000000	0.713203	0.000000	
0.000000	0.000000	0.706986	0.000000	0.000000	0.000000	0.707227	0.000000	
0.733528	0.073514	0.026844	0.000001	0.673394	0.000000	0.048502	0.000000	
0.000041	0.706164	0.037893	0.000000	0.000000	0.000000	0.000000	0.707133	
0.047358	0.703451	0.056679	0.008608	0.708037	0.000034	0.001966	0.014190	
0.737694	0.000000	0.681547	0.000000	0.000000	0.000000	0.000000	0.000040	
0.708414	0.015995	0.072974	0.701832	0.000000	0.000000	0.000000	0.000000	
0.707071	0.707141	0.000000	0.000000	0.000000	0.001127	0.000000	0.000000	
0.000255	0.706997	0.004922	0.000000	0.000000	0.707200	0.000000	0.000000	
0.000000	0.000000	0.000000	0.000000	0.000000	0.000000	0.706924	0.707289	
0.000411	0.000086	0.678034	0.060885	0.732516	0.000000	0.000000	0.000000	
0.000000	0.000000	0.000000	0.069091	0.000000	0.703615	0.707239	0.000000	
0.000239	0.003516	0.000162	0.000229	0.692554	0.000000	0.720533	0.044085	
0.000002	0.000012	0.000003	0.536169	0.457947	0.050801	0.000000	0.707276	
0.000000	0.000000	0.000000	0.000000	0.000000	0.000000	0.000000	1.000000	
0.005309	0.031514	0.032190	0.998971	0.000000	0.000000	0.000000	0.000000	
