0.000000	0.000000	0.000000	0.000000	0.000000	0.707063	0.707156	0.000000	
0.000000	1.000379	0.000000	0.000000	0.000000	0.000000	0.000000	0.000000	
0.000000	0.000331	0.709717	0.000000	0.000002	0.000000	0.704497	0.000000	
0.000000	0.000000	1.007448	0.000000	0.000000	0.000000	0.000000	0.000000	
0.000000	0.000000	0.000000	0.707444	0.707594	0.000000	0.000000	0.000000	
0.711187	0.000000	0.000000	0.703004	0.000000	0.000000	0.000000	0.000000	
0.704807	0.709420	0.000002	0.000000	0.000003	0.000000	0.000000	0.000000	
0.000099	0.000006	0.707438	0.000000	0.000000	0.707513	0.000000	0.000001	
0.000000	0.000000	0.000000	0.000000	0.705934	0.708360	0.000000	0.000000	
0.000000	0.000000	0.000000	0.707070	0.000000	0.000000	0.707206	0.000000	
0.000000	0.000000	0.000000	0.000000	0.000000	1.000003	0.000000	0.000000	
0.000000	0.000000	0.000000	0.002046	0.000318	0.000003	0.701325	0.712868	
0.707071	0.000000	0.000000	0.000000	0.000000	0.707146	0.000000	0.000000	
0.000000	0.000000	0.000000	0.000000	0.000000	0.000000	1.000001	0.000000	
0.000000	0.000000	0.709252	0.000000	0.000000	0.000000	0.000000	0.705066	
0.000000	0.000000	0.710921	0.000000	0.703278	0.000000	0.000000	0.000000	
0.000000	0.000000	0.000000	0.000000	0.000000	0.000000	0.000000	1.000001	
0.000108	0.708825	0.001897	0.709129	0.000000	0.000000	0.000000	0.000001	
0.000000	0.000000	0.000000	0.000000	0.706233	0.000000	0.000000	0.710103	
0.000038	0.707014	0.000000	0.000000	0.000002	0.000000	0.707218	0.000000	
0.000036	0.001094	0.708021	0.706196	0.000000	0.000000	0.000000	0.000000	
0.000000	0.710425	0.000000	0.000000	0.000002	0.000000	0.000000	0.709819	
0.000000	0.000000	0.000008	0.707083	0.000002	0.000000	0.000000	0.707640	
0.000000	0.000002	0.000000	0.707072	0.000000	0.707147	0.000000	0.000000	
0.000000	0.000000	0.000000	1.000005	0.000000	0.000000	0.000000	0.000000	
0.707523	0.000001	0.712308	0.000000	0.000000	0.000000	0.000000	0.000000	
0.706953	0.000017	0.000000	0.000000	0.707262	0.000000	0.000000	0.000000	
0.000000	0.000000	0.000000	0.000000	1.000151	0.000000	0.000000	0.000000	
0.000000	0.707312	0.000002	0.000000	0.000000	0.707419	0.000000	0.000000	
0.705321	0.001431	0.000000	0.000000	0.000006	0.000001	0.000000	0.708892	
0.707006	0.000000	0.000000	0.000000	0.000000	0.000000	0.707210	0.000000	
0.000022	0.706984	0.000000	0.000000	0.707232	0.000000	0.000000	0.000000	
0.001058	0.702747	0.711456	0.000000	0.000000	0.000000	0.000000	0.000000	
0.000000	0.000001	0.000000	0.000000	0.707272	0.000000	0.706943	0.000000	
0.000000	0.000000	0.000000	0.000000	0.000000	0.705943	0.000000	0.708291	
1.000002	0.000000	0.000000	0.000000	0.000000	0.000000	0.000000	0.000000	
0.000004	0.000323	0.001807	0.000155	0.709787	0.005426	0.704839	0.000000	
0.000000	0.000047	0.709213	0.000000	0.000002	0.000000	0.705000	0.000000	
0.000000	0.000000	0.000000	0.707447	0.707596	0.000000	0.000000	0.000000	
0.000048	0.706984	0.000000	0.000000	0.707232	0.000000	0.000000	0.000000	
0.695469	0.002635	0.000000	0.000000	0.000000	0.718555	0.000000	0.000000	
0.366184	0.336297	0.536891	0.000002	0.003957	0.000000	0.000000	0.692576	
0.000000	0.707312	0.000003	0.000000	0.000000	0.707419	0.000000	0.000000	
0.000000	0.000000	0.000000	0.000000	0.709109	0.705118	0.000000	0.000000	
0.000104	0.708172	0.000000	0.000000	0.000002	0.000000	0.708376	0.000000	
0.000000	0.000000	0.000000	0.000000	1.000025	0.000000	0.000000	0.000000	
0.000000	0.000000	0.000002	0.705583	0.000000	0.710134	0.000000	0.000000	
0.000002	0.000099	0.707438	0.000000	0.000000	0.707513	0.000009	0.000001	
0.000000	0.000000	0.707415	0.000000	0.706801	0.000000	0.000000	0.000000	
0.000000	0.000000	0.000000	0.000000	0.000000	1.000005	0.000000	0.000000	
0.000000	0.000000	0.000008	0.707633	0.000000	0.000000	0.000000	0.706711	
0.691714	0.000000	0.003528	0.000000	0.722621	0.000027	0.000000	0.000000	
0.000000	0.000000	0.707035	0.707182	0.000000	0.000000	0.000000	0.000000	
0.562831	0.015300	0.000524	0.020182	0.000000	0.526624	0.641146	0.000000	
0.000000	0.000000	0.000000	0.000000	0.000000	0.000000	1.000038	0.000000	
0.703356	0.000001	0.710839	0.000000	0.000000	0.000000	0.000000	0.000000	
0.000002	0.000000	0.000000	0.000000	0.000003	0.707063	0.707156	0.000000	
0.000615	0.708225	0.708050	0.000038	0.000000	0.000000	0.000000	0.000000	
0.002479	0.000051	0.000111	0.000000	0.706805	0.000002	0.000000	0.707408	
0.706194	0.001424	0.000000	0.000000	0.000006	0.000001	0.000000	0.709770	
0.000146	0.708028	0.001895	0.708332	0.012759	0.000000	0.000000	0.051008	
0.711187	0.000000	0.000000	0.703005	0.000000	0.000000	0.000000	0.000000	
0.985180	0.082945	0.000047	0.001434	0.000000	0.020563	0.000000	0.153827	
0.000482	0.995485	0.095441	0.000005	0.000155	0.000449	0.000000	0.000001	
0.000540	0.140090	0.989496	0.002725	0.000004	0.047832	0.000039	0.000000	
0.000000	0.000000	0.000000	0.000000	0.000000	0.707407	0.000000	0.706811	
0.000000	0.710865	0.000000	0.000002	0.000002	0.000000	0.000000	0.710260	
0.000000	0.000000	0.000000	0.000000	0.000000	0.000000	0.000000	1.000001	
0.704807	0.709420	0.000002	0.000000	0.000003	0.000000	0.000000	0.000000	
0.000000	0.000000	0.000000	1.000026	0.000000	0.000000	0.000000	0.000000	
0.000000	0.000000	0.000000	0.002078	0.000155	0.000001	0.705588	0.708622	
0.000000	0.000000	0.000000	0.707099	0.000000	0.000000	0.707235	0.000000	
0.000000	0.000000	0.000002	0.722415	0.000000	0.692993	0.000195	0.000000	
0.000220	0.085621	0.479511	0.040360	0.491553	0.000042	0.727446	0.000000	
0.000000	0.000000	0.000000	0.707914	0.708063	0.000000	0.000000	0.000000	
0.006867	0.000313	0.995364	0.000005	0.000001	0.095973	0.000000	0.000000	
0.706808	0.000000	0.000000	0.000000	0.000006	0.000000	0.000000	0.707407	
0.012268	0.527567	0.470526	0.000000	0.707266	0.000000	0.000000	0.000000	
0.000000	0.001096	0.708880	0.707053	0.000000	0.000000	0.000000	0.000000	
0.561897	0.475896	0.033428	0.000000	0.000000	0.675780	0.000000	0.002722	
0.000000	0.000000	0.000000	0.000000	0.000000	0.000000	1.000004	0.000000	
0.000000	0.000000	0.000000	0.000000	0.000000	0.000000	0.708414	0.706480	
0.000000	0.000000	0.000000	0.000000	0.000000	1.000722	0.009983	0.000000	
0.000000	0.000000	0.000000	0.708407	0.000000	0.000000	0.708543	0.045827	
0.999999	0.000001	0.005125	0.000000	0.000000	0.000012	0.000000	0.000000	
0.000000	0.000000	0.000000	0.000000	1.000021	0.000000	0.000000	0.000000	
0.000099	0.000007	0.706864	0.000000	0.000000	0.706939	0.024194	0.000001	
0.705196	0.000017	0.000000	0.015161	0.705667	0.000000	0.080624	0.000000	
0.023845	0.710818	0.000000	0.703035	0.000000	0.000973	0.000000	0.000000	
0.096053	0.697837	0.058099	0.000000	0.000002	0.000000	0.000000	0.707407	
0.017351	0.746178	0.665500	0.000000	0.005786	0.000000	0.000000	0.000000	
0.000016	0.507555	0.000000	0.000000	0.507734	0.000000	0.000000	0.701919	
0.000558	0.567274	0.477384	0.000000	0.003882	0.000000	0.676513	0.000000	
0.765244	0.648120	0.045525	0.000000	0.000000	0.051652	0.000000	0.002736	
0.000000	0.000000	0.000000	0.000000	0.705935	0.708361	0.000000	0.000000	
0.000000	0.000001	0.001622	0.000071	0.000000	0.722027	0.034776	0.693550	
0.704692	0.006715	0.709490	0.000000	0.000000	0.000000	0.000000	0.000000	
0.147228	0.988787	0.018983	0.000000	0.000000	0.000000	0.021540	0.000000	
0.000000	0.000330	0.707586	0.031105	0.000002	0.000000	0.708339	0.000000	
0.000000	0.764256	0.000000	0.000000	0.000000	0.645474	0.000000	0.000000	
