0.000000	0.000000	0.000000	0.706916	0.000000	0.000000	0.000000	0.707297	
0.000000	0.000000	0.000000	1.000000	0.000000	0.000000	0.000000	0.000000	
0.000000	0.000000	0.706774	0.000000	0.707440	0.000000	0.000000	0.000000	
0.707144	0.000000	0.707069	0.000000	0.000000	0.000000	0.000000	0.000000	
0.707752	0.000017	0.000001	0.000000	0.706464	0.000000	0.000000	0.000000	
0.000511	0.000005	0.000008	0.000012	0.706772	0.707460	0.000000	0.000000	
0.706764	0.000000	0.000000	0.000000	0.000000	0.707449	0.000000	0.000000	
0.000000	0.000000	0.000000	0.711408	0.703141	0.000000	0.000023	0.000000	
0.000000	0.000000	0.000000	0.000000	0.000000	0.708219	0.713657	0.000000	
0.707072	0.707142	0.000000	0.000000	0.000000	0.000000	0.000000	0.000000	
0.000000	0.707144	0.707069	0.000000	0.000000	0.000000	0.000000	0.000000	
0.000000	0.000000	1.000000	0.000000	0.000000	0.000000	0.000000	0.000000	
0.707324	0.000002	0.000099	0.000000	0.000000	0.000000	0.000000	0.706984	
0.000000	0.000000	0.000000	0.000000	0.000000	0.000000	0.000000	1.000000	
0.000000	0.707107	0.000000	0.707107	0.000000	0.000000	0.000000	0.000000	
1.000000	0.000000	0.000000	0.000000	0.000000	0.000000	0.000000	0.000000	
0.000000	0.000000	0.706845	0.000002	0.000000	0.000000	0.707369	0.000000	
0.000002	0.707237	0.000000	0.000000	0.707911	0.000000	0.000000	0.000000	
0.708844	0.000017	0.000000	0.709049	0.000000	0.000000	0.000000	0.000002	
0.000000	0.000000	0.000023	0.000000	0.711395	0.000000	0.000000	0.711495	
0.000053	0.000005	0.703794	0.000000	0.000001	0.710409	0.000001	0.000001	
0.000000	0.000000	0.000000	0.000000	0.000000	0.000000	1.000048	0.000000	
0.000000	0.000000	0.000000	0.705977	0.000000	0.000000	0.708235	0.000000	
0.000000	0.706944	0.000002	0.000000	0.000000	0.000000	0.000000	0.707815	
0.000003	0.703802	0.001401	0.000000	0.000000	0.000000	0.712183	0.000000	
0.000000	0.000002	0.000001	0.000165	0.706985	0.000000	0.707230	0.000001	
0.000000	0.000000	0.000000	0.000000	1.000000	0.000000	0.000000	0.000000	
0.000000	0.000000	0.000000	0.000000	0.000000	0.711617	0.000000	0.710839	
0.000154	0.707273	0.000008	0.000001	0.000000	0.707201	0.000000	0.000000	
0.000000	0.000000	0.707541	0.706950	0.000000	0.000058	0.000000	0.000000	
0.000000	0.000000	0.000000	0.000000	0.000000	1.000000	0.000000	0.000000	
0.000005	0.000012	0.000001	0.000001	0.000000	0.000002	0.707486	0.706727	
0.000000	0.000000	0.706808	0.000000	0.000000	0.000000	0.000000	0.707642	
0.708396	0.000002	0.000155	0.000000	0.000000	0.000000	0.708642	0.000258	
0.000000	1.000000	0.000000	0.000000	0.000000	0.000000	0.000000	0.000000	
0.000000	0.000000	0.000000	0.707196	0.000002	0.707018	0.000000	0.000000	
0.000000	0.000000	0.000000	0.000000	1.000000	0.000000	0.000000	0.000000	
0.040099	0.516365	0.001360	0.549276	0.659339	0.024701	0.000000	0.011587	
0.997550	0.008168	0.034197	0.047729	0.035323	0.011535	0.000000	0.000000	
0.713846	0.000000	0.000000	0.708180	0.000000	0.000000	0.000000	0.000000	
0.707062	0.707152	0.000000	0.000000	0.000000	0.000000	0.000000	0.000000	
0.000017	0.000134	0.000100	0.000004	0.710803	0.000000	0.000000	0.710040	
0.699767	0.000000	0.000000	0.000000	0.000000	0.714371	0.000000	0.000000	
0.000000	0.000000	0.707486	0.000000	0.000000	0.000000	0.000000	0.706727	
0.000000	0.000000	0.705078	0.709401	0.000000	0.000055	0.000000	0.000000	
0.708255	0.000002	0.000030	0.000000	0.000000	0.000000	0.000000	0.707914	
0.000003	0.000000	0.000000	0.000000	0.000000	0.000003	0.709673	0.704786	
0.000000	0.000000	0.000000	1.000000	0.000000	0.000000	0.000000	0.000000	
0.000000	0.000000	0.000000	0.000000	0.000000	0.000000	1.001145	0.000000	
0.000000	0.000000	1.000000	0.000000	0.000000	0.000000	0.000000	0.000000	
0.000000	0.000000	0.000000	0.711169	0.000000	0.714013	0.000000	0.000000	
0.000053	0.000005	0.703794	0.000000	0.000001	0.710409	0.000001	0.000001	
0.000002	0.705169	0.000000	0.000000	0.726179	0.000000	0.000000	0.000000	
0.000000	0.000000	0.000000	0.000000	0.000000	1.000000	0.000000	0.000000	
0.707752	0.000017	0.000006	0.000000	0.706464	0.000000	0.000000	0.000000	
0.676564	0.004165	0.059469	0.190123	0.000000	0.000000	0.708989	0.000000	
0.000000	0.000000	0.706554	0.000000	0.707659	0.000000	0.000000	0.000000	
0.000171	0.715211	0.000156	0.000000	0.000000	0.000000	0.715696	0.000000	
0.000000	0.000000	0.000000	0.000000	0.703489	0.710848	0.000000	0.000000	
0.000000	0.000000	0.000000	0.000000	0.000000	0.000000	0.000000	1.000000	
0.698549	0.009045	0.715505	0.000000	0.000000	0.000000	0.000000	0.000000	
0.000000	0.000000	0.000000	0.000000	0.000000	0.707969	0.000000	0.706244	
0.000165	0.707273	0.000008	0.000001	0.000000	0.707201	0.000000	0.000000	
0.000000	0.000000	0.000000	0.705977	0.000000	0.000000	0.708235	0.000000	
0.166027	0.973493	0.024265	0.156060	0.000600	0.000340	0.000445	0.000000	
0.000000	0.704969	0.000000	0.709238	0.000000	0.000000	0.000000	0.000000	
0.000000	0.707560	0.000002	0.000000	0.000000	0.000000	0.000000	0.706814	
0.000000	0.000000	0.000000	0.710037	0.000001	0.000511	0.000000	0.704184	
0.000000	0.000000	0.000000	0.000000	0.000000	0.706801	0.707449	0.000000	
0.000000	0.000022	0.707035	0.000002	0.000000	0.000000	0.707179	0.000000	
0.000000	0.706046	0.708166	0.000004	0.000000	0.000000	0.000000	0.000000	
0.000004	0.000123	0.000090	0.000004	0.707631	0.000000	0.707876	0.000001	
0.002390	0.014886	0.714413	0.153655	0.676712	0.089474	0.011157	0.000000	
0.001055	0.016493	0.519696	0.547535	0.659457	0.024705	0.000000	0.015413	
0.000000	0.000000	0.000000	0.000000	0.000000	0.707972	0.000000	0.706241	
0.498414	0.053621	0.457771	0.006063	0.000000	0.734246	0.000000	0.000000	
0.000000	0.503794	0.000002	0.000000	0.000000	0.495931	0.000000	0.707825	
0.000003	0.705201	0.008712	0.001570	0.098078	0.702135	0.000000	0.000000	
0.008144	0.046848	0.995670	0.072580	0.029583	0.000000	0.015430	0.000000	
0.000515	0.000000	0.000000	0.000012	0.712671	0.701517	0.000000	0.000000	
0.077282	0.701669	0.708031	0.000004	0.019504	0.000000	0.000000	0.000000	
0.008648	0.707324	0.001136	0.000000	0.707767	0.004125	0.017168	0.000000	
0.000000	0.000402	0.505776	0.000000	0.000000	0.000000	0.506152	0.698570	
0.707745	0.000017	0.001136	0.000000	0.706458	0.004122	0.000000	0.000000	
0.708844	0.000017	0.000001	0.709049	0.000000	0.000000	0.000000	0.000002	
0.067144	0.996330	0.000886	0.047749	0.035338	0.007198	0.000000	0.000000	
0.505625	0.009266	0.486963	0.000000	0.000000	0.000000	0.712126	0.000000	
0.000000	0.000003	0.000511	0.000012	0.707486	0.000000	0.000000	0.706727	
0.000000	0.000000	0.000000	0.000000	0.000000	0.999978	0.009698	0.000000	
0.000000	0.000000	0.000000	0.709249	0.000000	0.023492	0.713693	0.011217	
0.498118	0.016413	0.504375	0.000000	0.000000	0.006409	0.705106	0.000000	
0.000000	0.000000	0.000000	0.000000	0.000000	0.706880	0.707333	0.000000	
0.037984	0.000048	0.000008	0.000000	0.704519	0.000000	0.711506	0.000258	
0.999854	0.000024	0.000002	0.000000	0.026569	0.000000	0.000000	0.000000	
0.000015	0.000071	0.019282	0.003806	0.000034	0.000000	1.008664	0.000000	
0.000051	0.000005	0.665495	0.000000	0.000000	0.768776	0.000001	0.000002	
0.000000	0.000000	0.000000	1.000000	0.000000	0.000000	0.000000	0.000000	
0.000086	0.000991	0.000032	0.008443	0.999605	0.030307	0.000000	0.000000	
0.000000	0.000000	0.705074	0.709397	0.000000	0.000055	0.003246	0.000000	
0.000000	0.690344	0.000000	0.723485	0.000000	0.000000	0.000000	0.000000	
