0.466003	0.614314	2.234657	0.000000	
0.358138	0.479118	0.801720	0.707896	
0.261598	0.259620	0.371454	0.858201	
0.653901	0.335174	1.434571	0.403269	
0.565402	0.462394	0.882734	0.000000	
0.000000	0.000000	0.000000	1.000002	
0.131927	0.132173	0.187164	0.965899	
0.233054	0.768264	2.547862	0.000006	
0.740267	0.225976	2.537634	0.001004	
0.723450	0.274956	1.987953	0.437248	
0.171301	0.729277	3.216339	0.934999	
0.676090	0.341549	1.498787	0.000000	
0.240903	0.672735	1.988434	0.876302	
0.391955	0.613368	1.089378	0.453728	
0.132150	0.131742	0.187216	0.966663	
0.478681	0.585036	1.460834	0.000000	
0.184129	0.756535	3.352705	0.000053	
0.457703	0.480474	0.696615	0.373194	
0.487266	0.353998	0.829398	0.717223	
0.200683	0.743840	3.056319	0.455291	
0.202240	0.202853	0.287308	0.916135	
0.116594	0.116848	0.165425	0.973755	
0.741269	0.204403	3.014461	0.459323	
0.665529	0.243492	1.934984	0.879892	
0.362419	0.643092	1.503759	0.395020	
0.734027	0.259841	3.364089	0.000053	
0.621620	0.409072	1.092889	0.374146	
0.058162	0.058183	0.082304	0.993488	
0.344337	0.678474	1.503039	0.000000	
0.460323	0.570656	0.895253	0.000000	
0.288482	0.731559	1.950663	0.422324	
0.732121	0.170722	3.227570	0.893865	
0.613208	0.390691	1.157456	0.304052	
0.751695	0.203197	3.366902	0.000018	
0.460710	0.569063	0.895668	0.000000	
0.153832	0.153631	0.217732	0.952501	
0.173663	0.728504	3.163989	0.920556	
0.477804	0.481291	0.683022	0.289627	
0.276283	0.707815	1.964569	0.324036	
0.000000	0.000000	0.000000	1.000002	
0.741933	0.223073	2.577430	0.000226	
0.153546	0.153982	0.218087	0.953381	
0.710208	0.243230	2.192248	0.546420	
0.128145	0.129160	0.183502	0.971688	
0.454886	0.619934	2.067581	0.000000	
0.042665	0.042769	0.060563	0.997947	
0.222100	0.741893	2.591748	0.000014	
0.665296	0.243932	1.930659	0.878148	
0.670902	0.350830	1.486826	0.000000	
0.339195	0.678194	1.514976	0.000000	
0.367364	0.497805	0.835583	0.673566	
0.637622	0.383516	1.215954	0.283275	
0.175823	0.176807	0.250917	0.939776	
0.257140	0.666446	1.847831	0.797716	
0.178030	0.757887	3.349459	0.052443	
0.483341	0.362486	0.803954	0.694198	
0.201821	0.743799	3.035868	0.440053	
0.563784	0.463441	0.877781	0.000000	
0.341508	0.659735	1.693446	0.436063	
0.478451	0.585990	1.480120	0.000000	
0.265331	0.264861	0.375660	0.849069	
0.390987	0.612109	1.141637	0.301230	
0.476482	0.483617	0.687947	0.291671	
0.153708	0.153692	0.217391	0.951658	
0.173663	0.728504	3.163989	0.920556	
0.226761	0.741952	2.534066	0.000014	
0.725815	0.250436	2.238209	0.269640	
0.139213	0.139851	0.198384	0.963687	
0.031235	0.031250	0.044206	0.998372	
0.456698	0.617318	1.997055	0.000000	
0.226298	0.226091	0.320206	0.892418	
0.341058	0.661957	1.519879	0.341080	
0.482248	0.362065	0.808764	0.696390	
0.278359	0.631208	1.563736	0.822488	
0.590875	0.413024	1.040451	0.281762	
0.549408	0.472878	0.837368	0.000000	
0.340443	0.677301	1.506956	0.000000	
0.709448	0.272544	2.005558	0.328166	
0.677437	0.339685	1.510731	0.000000	
0.279762	0.710106	1.958952	0.238390	
0.091082	0.091478	0.129745	0.986472	
0.484989	0.569975	1.261080	0.000000	
0.179046	0.757658	3.329210	0.000018	
0.683486	0.232351	2.121146	0.855556	
0.410390	0.592984	1.044151	0.282469	
0.751662	0.203287	3.364851	0.000018	
0.201650	0.744603	3.047812	0.421068	
0.745949	0.191317	3.272960	0.496434	
0.458835	0.571967	0.904848	0.000000	
0.372418	0.505662	0.849855	0.650168	
0.170013	0.169688	0.240707	0.941831	
0.651347	0.354547	1.422886	0.323356	
0.643000	0.356743	1.348473	0.341656	
0.279762	0.710106	1.958952	0.238390	
0.173479	0.728564	3.167693	0.921578	
0.751662	0.203288	3.364817	0.000018	
0.178032	0.757886	3.349421	0.052465	
0.241500	0.701663	2.166822	0.648459	
0.453591	0.579147	0.928291	0.000000	
0.131980	0.131827	0.186756	0.965318	
0.042699	0.042708	0.060405	0.996488	
0.471857	0.598964	1.705754	0.000000	
0.502701	0.470434	0.738121	0.276011	
0.702228	0.292629	1.824078	0.234017	
0.671445	0.256062	1.882551	0.769421	
0.390175	0.555964	0.968292	0.499911	
0.487988	0.354362	0.830878	0.715588	
0.025667	0.025664	0.036300	0.998752	
0.141050	0.141413	0.200364	0.961251	
0.353387	0.630703	1.359354	0.461159	
0.567104	0.461286	0.887983	0.000000	
0.735774	0.171175	3.251054	0.833292	
0.412303	0.590951	1.034862	0.280696	
0.175282	0.727996	3.135566	0.912719	
0.340538	0.677232	1.506340	0.000018	
0.585355	0.418054	1.016121	0.276930	
0.165202	0.164878	0.233905	0.945286	
0.743342	0.221127	2.605703	0.007046	
0.691892	0.297682	1.872998	0.402516	
0.261193	0.259832	0.370411	0.856827	
0.206326	0.748770	2.934338	0.000047	
0.723617	0.252209	2.267271	0.281472	
0.455849	0.566870	0.906902	0.030756	
0.476883	0.589384	1.535175	0.000000	
0.276600	0.718611	1.995121	0.039285	
0.176300	0.745516	3.240488	0.625088	
0.735774	0.171175	3.251054	0.833292	
0.000000	0.000000	0.000000	1.365225	
0.363369	0.648955	1.334763	0.235059	
0.186023	0.755946	3.315538	0.000052	
0.669109	0.312170	1.600983	0.449371	
0.486382	0.487529	0.690656	0.229005	
0.548073	0.369768	1.000631	0.609809	
0.280145	0.708824	1.950976	0.251637	
0.364481	0.601225	1.161828	0.502740	
0.282996	0.628354	1.600974	0.834027	
0.132060	0.131782	0.186981	0.965964	
0.649589	0.389937	1.206817	0.283151	
0.359483	0.477547	0.795467	0.704163	
0.045698	0.045669	0.064646	0.996220	
0.597889	0.310411	1.357791	0.781467	
0.601046	0.414539	1.067289	0.206669	
0.759812	0.175855	3.371269	0.000018	
0.688172	0.290426	1.934132	0.493265	
0.226032	0.226411	0.320474	0.892847	
0.207953	0.207662	0.294297	0.910415	
0.623932	0.392131	1.172633	0.204063	
0.305046	0.612139	1.385641	0.739401	
0.226362	0.226062	0.320364	0.892674	
0.359474	0.477557	0.795507	0.704186	
0.042699	0.042708	0.060405	0.996489	
0.293124	0.698169	1.818334	0.303008	
0.697702	0.268134	1.945118	0.491375	
0.132047	0.131791	0.186926	0.965815	
0.680339	0.262705	1.895490	0.669239	
0.644487	0.377633	1.251767	0.284138	
0.218030	0.777323	2.779821	0.044165	
0.179012	0.757669	3.329905	0.000017	
0.373565	0.636252	1.353945	0.443817	
0.467286	0.553324	0.868893	0.001770	
0.677728	0.339831	1.510566	0.000000	
0.572587	0.457670	0.905173	0.000000	
0.757527	0.179944	3.372731	0.052789	
0.182125	0.740770	3.128219	0.644121	
0.339762	0.338670	0.481369	0.736564	
0.455080	0.480562	0.699200	0.383353	
0.735964	0.173540	3.206355	0.824228	
0.477520	0.587560	1.500483	0.000000	
0.737641	0.232317	2.457308	0.003905	
0.634846	0.381682	1.219770	0.278168	
0.000000	0.000000	0.000000	1.034098	
0.360593	0.662892	1.418678	0.000000	
0.330554	0.587479	1.197743	0.684072	
0.776012	0.215478	2.787960	0.000025	
0.367971	0.608303	1.235740	0.480317	
0.352335	0.668883	1.463778	0.000000	
0.178101	0.727050	3.075972	0.896300	
0.132020	0.131805	0.186884	0.965680	
0.274935	0.709343	1.989358	0.295988	
0.741746	0.201347	2.840840	0.418212	
0.669142	0.312120	1.601342	0.449455	
0.265878	0.722643	2.148938	0.000003	
0.570683	0.455726	0.933831	0.000000	
0.538305	0.401174	0.900588	0.492749	
0.649360	0.362501	1.350481	0.246945	
0.379267	0.313562	0.602471	0.842986	
0.558031	0.389680	0.987067	0.506808	
0.054039	0.054033	0.076428	0.994222	
0.000000	0.000000	0.000000	1.476193	
0.466082	0.559327	0.866477	0.050279	
0.265749	0.688340	2.150153	0.690799	
0.688453	0.221886	2.241262	0.899264	
0.685944	0.302006	1.706175	0.375549	
0.475242	0.598221	1.774463	0.000000	
0.179043	0.757659	3.329269	0.000017	
0.275963	0.720054	2.242041	0.000013	
0.678815	0.339084	1.516463	0.000227	
0.436748	0.591112	0.997169	0.000864	
0.050802	0.050705	0.071911	0.996055	
0.600569	0.345645	1.228467	0.596184	
