0.741195	0.224069	2.564220	0.000077	
0.297945	0.290627	0.426714	0.822978	
0.023726	0.023727	0.033555	0.998895	
0.752389	0.201616	3.387351	0.000006	
0.581614	0.462822	0.901654	0.000000	
0.733258	0.191311	3.006210	0.710560	
0.220056	0.752709	2.648015	0.000000	
0.477029	0.577381	0.856038	0.000000	
0.205346	0.724888	3.020850	0.795401	
0.611706	0.341636	1.368323	0.627242	
0.051289	0.051273	0.072540	0.994957	
0.197516	0.196983	0.279776	0.920722	
0.616064	0.367550	1.151925	0.547080	
0.379818	0.616182	1.120483	0.492917	
0.677440	0.339215	1.516028	0.000003	
0.000000	0.000000	0.000000	1.000000	
0.440021	0.438798	0.623355	0.478901	
0.699470	0.268843	1.940688	0.510820	
0.090484	0.090567	0.128091	0.984115	
0.083390	0.083430	0.117992	0.986316	
0.336298	0.619448	1.420544	0.627136	
0.140230	0.140259	0.198373	0.959985	
0.270349	0.685861	1.868210	0.602432	
0.202076	0.752103	3.384892	0.000006	
0.338980	0.678261	1.515653	0.000020	
0.340612	0.475404	0.807923	0.777408	
0.456275	0.568659	0.904216	0.000000	
0.338362	0.617588	1.398400	0.619189	
0.205261	0.723903	3.015894	0.810656	
0.086480	0.086491	0.122318	0.985011	
0.437247	0.436092	0.619327	0.488681	
0.752380	0.201644	3.386730	0.000006	
0.185880	0.756242	3.389858	0.005160	
0.699708	0.268421	1.944564	0.511715	
0.051294	0.051271	0.072550	0.995044	
0.303441	0.302994	0.429741	0.796372	
0.736314	0.180658	3.176622	0.756861	
0.610557	0.342730	1.359199	0.625023	
0.677019	0.339673	1.509678	0.000003	
0.142488	0.142449	0.201537	0.958722	
0.390546	0.598822	1.056907	0.467903	
0.740359	0.226062	2.537957	0.009632	
0.261916	0.690797	1.940960	0.620035	
0.020103	0.020103	0.028431	0.999218	
0.090451	0.090592	0.128209	0.984549	
0.226330	0.754419	2.577355	0.000000	
0.343994	0.675343	1.505337	0.000000	
0.200699	0.199535	0.284811	0.920349	
0.026713	0.026712	0.037777	0.998574	
0.566719	0.464793	0.883611	0.000000	
0.291089	0.297234	0.425265	0.821368	
0.559631	0.373701	0.984160	0.600343	
0.173728	0.174617	0.247583	0.940547	
0.752389	0.201616	3.387351	0.000006	
0.691963	0.280212	1.830990	0.512833	
0.558509	0.374589	0.979498	0.598282	
0.268939	0.683669	1.870561	0.610100	
0.496598	0.362109	0.844067	0.690545	
0.084761	0.084767	0.119880	0.985572	
0.587288	0.438286	0.983177	0.000002	
0.192136	0.733687	3.244713	0.772233	
0.075787	0.075789	0.107182	0.988467	
0.739860	0.227251	2.522530	0.009579	
0.093026	0.093027	0.131560	0.982545	
0.221157	0.748513	2.620624	0.000000	
0.355071	0.487011	0.825305	0.716077	
0.023726	0.023727	0.033556	0.998920	
0.335285	0.620028	1.421495	0.627477	
0.342612	0.675558	1.492248	0.001571	
0.674750	0.342919	1.491623	0.000003	
0.622807	0.352080	1.334296	0.505372	
0.391519	0.600202	1.059327	0.459533	
0.738031	0.192452	3.163039	0.656775	
0.186089	0.756221	3.385522	0.000006	
0.000000	0.000000	0.000000	1.000000	
0.481139	0.541570	0.811725	0.001074	
0.127308	0.127437	0.180238	0.967711	
0.444278	0.455937	0.653055	0.450323	
0.752384	0.201633	3.386981	0.000006	
0.086070	0.086070	0.121722	0.985078	
0.729787	0.200891	2.839101	0.673358	
0.174186	0.173970	0.246494	0.938215	
0.396124	0.592861	1.039255	0.462161	
0.274878	0.266427	0.394263	0.859763	
0.350399	0.606039	1.305100	0.593284	
0.756552	0.184636	3.390865	0.005175	
0.613944	0.339214	1.368556	0.624707	
0.592986	0.433288	1.006496	0.000000	
0.672657	0.245024	2.074451	0.879114	
0.674237	0.343624	1.487147	0.000003	
0.358819	0.662943	1.392273	0.000000	
0.094025	0.094060	0.133032	0.982394	
0.020277	0.020276	0.028676	0.999187	
0.599796	0.403936	1.035116	0.404107	
0.292372	0.294965	0.419187	0.814694	
0.186252	0.756167	3.381958	0.000006	
0.025112	0.025113	0.035515	0.998760	
0.075787	0.075789	0.107182	0.988467	
0.274686	0.683687	1.831909	0.589500	
0.194415	0.732956	3.056941	0.716856	
0.141021	0.141081	0.199565	0.959672	
0.485665	0.526572	0.773456	0.000000	
0.224062	0.747078	2.580467	0.000000	
0.451044	0.442438	0.644147	0.459307	
0.348637	0.671395	1.455333	0.000010	
0.678064	0.338206	1.519092	0.000003	
0.200270	0.199758	0.283655	0.918234	
0.084761	0.084767	0.119880	0.985572	
0.752318	0.201817	3.382777	0.000006	
0.609365	0.420184	1.070041	0.000000	
0.026713	0.026712	0.037778	0.998578	
0.437578	0.431176	0.623580	0.504859	
0.477031	0.540334	0.822654	0.006612	
0.261929	0.690792	1.940960	0.620035	
0.281952	0.285358	0.406365	0.831029	
0.391243	0.600574	1.060838	0.460015	
0.286066	0.283501	0.406382	0.827182	
0.235915	0.716238	2.404781	0.573615	
0.052250	0.052220	0.073916	0.994906	
0.186252	0.756167	3.381958	0.000006	
0.000000	0.000000	0.000000	2.445088	
0.108941	0.108914	0.154088	0.976151	
0.094350	0.094353	0.133435	0.982051	
0.756536	0.184662	3.390261	0.005174	
0.666828	0.277424	1.745229	0.663005	
0.175591	0.758661	3.381968	0.000215	
0.623391	0.342379	1.295500	0.523408	
0.567537	0.391191	1.013924	0.544094	
0.335321	0.620000	1.421225	0.627380	
0.733050	0.206135	2.905457	0.606289	
0.738801	0.229714	2.488453	0.000005	
0.340349	0.676504	1.505238	0.000020	
0.698258	0.275050	1.890764	0.499506	
0.191845	0.733789	3.251055	0.773666	
0.026713	0.026712	0.037778	0.998578	
0.579228	0.385275	1.046046	0.466813	
0.248843	0.248751	0.351922	0.867685	
0.057933	0.057933	0.081929	0.993267	
0.000000	0.000000	0.000000	2.014211	
0.753145	0.198641	3.378299	0.000006	
0.265777	0.685399	1.898871	0.618159	
0.142951	0.142882	0.202219	0.958603	
0.676413	0.340622	1.505840	0.000003	
0.437639	0.430693	0.624133	0.504967	
0.477896	0.538913	0.807233	0.040562	
0.378883	0.575009	1.045166	0.501158	
0.104416	0.104413	0.147668	0.977970	
0.281964	0.285337	0.406307	0.830961	
0.230009	0.744435	2.503081	0.000000	
0.605706	0.415452	1.085886	0.309844	
0.631718	0.324169	1.387433	0.575915	
0.727315	0.211072	2.631824	0.599172	
0.086070	0.086070	0.121722	0.985078	
0.350836	0.605663	1.302062	0.592191	
0.485199	0.350952	0.828563	0.730154	
0.405102	0.622564	1.100441	0.302394	
0.705688	0.262323	2.008552	0.526702	
0.093022	0.093043	0.131590	0.982686	
0.603143	0.349994	1.205002	0.550585	
0.084761	0.084767	0.119880	0.985572	
0.581872	0.395842	1.069794	0.427436	
0.149844	0.149844	0.211913	0.954041	
0.075787	0.075789	0.107182	0.988467	
0.026712	0.026712	0.037777	0.998573	
0.444417	0.456615	0.654250	0.449196	
0.485230	0.527334	0.775464	0.000000	
0.699385	0.309457	1.815038	0.013152	
0.292683	0.294409	0.417714	0.813080	
0.350399	0.606039	1.305100	0.593284	
0.724078	0.206374	2.645059	0.677857	
0.163818	0.163808	0.231681	0.944855	
0.000000	0.000000	0.000000	1.618784	
0.218305	0.723737	2.656800	0.630357	
0.581614	0.462822	0.901654	0.000000	
0.296659	0.297439	0.421192	0.805911	
0.756535	0.184666	3.390179	0.005174	
0.386577	0.648845	1.434042	0.000000	
0.263521	0.688126	1.924022	0.625473	
0.203587	0.751560	3.350605	0.000006	
0.496922	0.518786	0.738926	0.006105	
0.093026	0.093030	0.131565	0.982567	
0.297945	0.290627	0.426714	0.822978	
0.327454	0.523256	0.986048	0.789198	
0.714841	0.238549	2.311746	0.557280	
0.120323	0.120321	0.170163	0.970621	
0.462771	0.441570	0.671559	0.452808	
0.651540	0.341356	1.327640	0.600236	
0.185489	0.722771	2.916592	0.893569	
0.084759	0.084792	0.119918	0.985793	
0.051295	0.051271	0.072551	0.995057	
0.684066	0.329603	1.575855	0.001824	
0.000000	0.000000	0.000000	2.379609	
0.707097	0.259839	2.032751	0.532309	
0.388857	0.601100	1.066195	0.470930	
0.255685	0.692270	2.000146	0.632792	
0.313593	0.620105	1.358103	0.753281	
0.026713	0.026712	0.037779	0.998603	
0.739768	0.227472	2.519689	0.009569	
0.539378	0.476794	0.813952	0.000000	
0.238854	0.740211	2.393448	0.000000	
