0.057185	0.057277	0.081049	0.994469	
0.451892	0.575251	0.927027	0.004156	
0.541548	0.474058	0.821980	0.004312	
0.184494	0.756493	3.386179	0.060492	
0.358492	0.496691	0.849120	0.698087	
0.754512	0.192411	3.386520	0.060650	
0.000000	0.000000	0.000000	1.000000	
0.239662	0.852868	2.726994	0.000000	
0.664880	0.358789	1.448105	0.001359	
0.128076	0.128035	0.181156	0.966849	
0.347108	0.686256	2.066980	0.000000	
0.724134	0.206133	3.002025	0.798162	
0.218168	0.219106	0.310524	0.901917	
0.260974	0.700637	1.980108	0.610463	
0.086311	0.086501	0.122494	0.986491	
0.101023	0.100966	0.142910	0.979754	
0.740029	0.233067	2.455535	0.000070	
0.162717	0.162994	0.230751	0.946649	
0.630228	0.365596	1.389161	0.428079	
0.678452	0.284350	1.755178	0.542663	
0.028738	0.028737	0.040643	0.998391	
0.665790	0.239594	1.966722	0.896207	
0.557834	0.383549	0.982495	0.525986	
0.443403	0.471587	0.689779	0.437607	
0.336080	0.653920	1.604608	0.475717	
0.241651	0.665373	1.943697	0.896940	
0.349719	0.340054	0.501724	0.739770	
0.205540	0.728366	2.819730	0.670456	
0.428307	0.611390	1.218395	0.003876	
0.353932	0.715035	1.512934	0.000000	
0.661156	0.260896	1.797753	0.795804	
0.264117	0.705928	2.009133	0.456610	
0.124594	0.124532	0.176247	0.968785	
0.338641	0.684143	1.530615	0.000000	
0.105576	0.105607	0.149377	0.977650	
0.326156	0.324531	0.462470	0.762229	
0.207894	0.207760	0.294111	0.909933	
0.249388	0.661224	1.868749	0.866705	
0.631821	0.364686	1.399523	0.425375	
0.063468	0.063491	0.089806	0.992143	
0.441375	0.474756	0.698972	0.441010	
0.661140	0.363666	1.419643	0.001338	
0.743191	0.226093	2.543906	0.000005	
0.342477	0.623239	1.297834	0.515033	
0.264629	0.819324	2.362181	0.000000	
0.348822	0.530379	0.964155	0.702376	
0.185317	0.756224	3.368387	0.060189	
0.096543	0.096344	0.136723	0.982765	
0.000000	0.000000	0.000000	1.000000	
0.715335	0.227789	2.624430	0.703954	
0.148131	0.148192	0.209643	0.955417	
0.536774	0.477214	0.807537	0.003471	
0.215707	0.724065	2.881030	0.714452	
0.584274	0.431990	0.941017	0.331951	
0.424401	0.613041	1.200740	0.003789	
0.663709	0.243755	1.926165	0.879785	
0.028738	0.028737	0.040643	0.998391	
0.463562	0.563387	0.936297	0.012028	
0.336832	0.690902	2.037651	0.000000	
0.757563	0.180022	3.386795	0.060502	
0.743609	0.224939	2.559579	0.000072	
0.148047	0.148367	0.210174	0.956775	
0.339385	0.622172	1.328442	0.552829	
0.663322	0.244516	1.918773	0.876795	
0.527674	0.404794	0.878802	0.505647	
0.235238	0.749653	2.460809	0.000000	
0.345001	0.673127	1.475764	0.000019	
0.510488	0.496345	0.729850	0.022638	
0.456878	0.568485	0.903804	0.004087	
0.730788	0.219033	2.656999	0.498629	
0.424298	0.613163	1.201546	0.000035	
0.194799	0.771804	3.258074	0.000025	
0.349555	0.529789	0.962617	0.701564	
0.088503	0.088491	0.125175	0.984321	
0.338347	0.689826	2.018199	0.000000	
0.644591	0.383968	1.308889	0.058245	
0.221857	0.221605	0.313956	0.897024	
0.000000	0.000000	0.000000	1.000000	
0.338223	0.336121	0.479881	0.741968	
0.030688	0.030687	0.043400	0.998138	
0.061896	0.061885	0.087543	0.992425	
0.124235	0.124468	0.176234	0.969915	
0.250958	0.660060	1.852454	0.862156	
0.704446	0.276305	1.927599	0.367728	
0.213815	0.732930	2.745392	0.515372	
0.758806	0.175006	3.385700	0.020973	
0.451777	0.489174	0.721293	0.384201	
0.126103	0.126012	0.178403	0.968154	
0.569388	0.365275	1.089659	0.596028	
0.722849	0.206978	2.977250	0.806980	
0.689105	0.279953	1.831312	0.487303	
0.162607	0.163200	0.231317	0.947953	
0.252170	0.659401	1.841271	0.857585	
0.652430	0.373363	1.310792	0.004644	
0.101016	0.100970	0.142892	0.979683	
0.758786	0.174810	3.387079	0.060507	
0.328183	0.328570	0.464952	0.754777	
0.558655	0.381548	0.990351	0.528728	
0.192103	0.754669	3.255194	0.058272	
0.207925	0.207743	0.294191	0.910073	
0.349081	0.530268	0.965012	0.702828	
0.061879	0.061911	0.087592	0.992735	
0.125008	0.125034	0.176844	0.968369	
0.542992	0.472960	0.826310	0.000883	
0.449528	0.574585	0.933171	0.000920	
0.000000	0.000000	0.000000	1.635541	
0.295272	0.716747	2.693841	0.000040	
0.737628	0.238127	2.393769	0.000068	
0.030686	0.030689	0.043402	0.998169	
0.338605	0.684171	1.530849	0.000000	
0.362304	0.636481	1.434435	0.417489	
0.430181	0.607288	1.161116	0.013975	
0.256861	0.703126	2.020713	0.620678	
0.663465	0.244235	1.921500	0.877898	
0.453372	0.453677	0.641950	0.421499	
0.235250	0.749647	2.460656	0.000000	
0.628603	0.368387	1.371910	0.418673	
0.088503	0.088490	0.125175	0.984321	
0.124233	0.124472	0.176246	0.969950	
0.457906	0.563834	0.894931	0.008862	
0.353518	0.525730	0.942698	0.691077	
0.168810	0.168885	0.238901	0.941552	
0.202401	0.737311	2.934243	0.548405	
0.410260	0.526318	0.861222	0.482885	
0.251095	0.659986	1.851189	0.861639	
0.589781	0.400730	1.040879	0.374228	
0.758786	0.174810	3.387079	0.060507	
0.662857	0.245426	1.909991	0.873245	
0.652215	0.371760	1.318045	0.024318	
0.424588	0.613063	1.199938	0.003787	
0.273293	0.710817	1.980755	0.275423	
0.175931	0.175899	0.248830	0.936184	
0.349833	0.648640	1.417463	0.378112	
0.086311	0.086501	0.122493	0.986491	
0.337737	0.690225	2.024199	0.000000	
0.644900	0.281709	1.595802	0.775227	
0.194557	0.773197	3.293015	0.035250	
0.560676	0.460435	0.882359	0.000000	
0.347699	0.671135	1.458951	0.001683	
0.069102	0.069095	0.097731	0.990470	
0.326446	0.324364	0.463232	0.762933	
0.633681	0.362318	1.412968	0.428645	
0.028738	0.028737	0.040643	0.998391	
0.000000	0.000000	0.000000	1.871556	
0.739193	0.197412	3.013065	0.558408	
0.723120	0.267503	2.079030	0.000004	
0.431082	0.606729	1.162506	0.013987	
0.758786	0.174810	3.387079	0.060507	
0.644900	0.281709	1.595802	0.775227	
0.446537	0.462106	0.669064	0.439127	
0.000000	0.000000	0.000000	2.309699	
0.112717	0.112740	0.159459	0.974399	
0.349555	0.529789	0.962617	0.701564	
0.235244	0.749650	2.460729	0.000000	
0.603197	0.325004	1.297994	0.679003	
0.074746	0.074742	0.105709	0.988800	
0.305768	0.710512	2.498222	0.079380	
0.563397	0.458088	0.892393	0.000000	
0.218436	0.218633	0.309334	0.899972	
0.327699	0.329428	0.467155	0.756785	
0.728449	0.178825	3.060840	0.875228	
0.356441	0.676512	1.804684	0.000000	
0.739619	0.233896	2.445178	0.000069	
0.403375	0.599184	1.211051	0.380055	
0.584310	0.415682	1.006762	0.292539	
0.197152	0.771665	3.238018	0.033672	
0.138981	0.138845	0.196646	0.961244	
0.471722	0.547138	0.835604	0.003926	
0.210042	0.734410	2.805517	0.525874	
0.029233	0.029232	0.041343	0.998321	
0.086343	0.086441	0.122329	0.985746	
0.668260	0.351585	1.436555	0.010419	
0.249388	0.661224	1.868749	0.866705	
0.417709	0.610142	1.083138	0.004661	
0.124258	0.124427	0.176131	0.969595	
0.197964	0.771146	3.175056	0.000439	
0.028736	0.028741	0.040648	0.998461	
0.205439	0.748441	2.834515	0.002713	
0.290281	0.684816	1.813579	0.564590	
0.678850	0.317252	1.639537	0.327598	
0.238231	0.673972	2.016573	0.875648	
0.000000	0.000000	0.000000	1.012767	
0.634633	0.296687	1.484653	0.728437	
0.721775	0.186642	2.888500	0.877315	
0.339124	0.677380	1.513097	0.000020	
0.230340	0.717083	2.305719	0.709124	
0.324310	0.696607	2.022548	0.000000	
0.758786	0.174810	3.387079	0.060507	
0.074746	0.074742	0.105709	0.988800	
0.521486	0.488074	0.756062	0.090983	
0.266507	0.267138	0.378274	0.847149	
0.739583	0.233975	2.444210	0.000069	
0.147885	0.148698	0.211190	0.959371	
0.322483	0.555227	1.106733	0.778512	
0.086343	0.086441	0.122329	0.985746	
0.647983	0.312416	1.479091	0.594500	
0.549670	0.392273	0.960128	0.518671	
0.498528	0.479593	0.720978	0.237659	
0.359504	0.635682	1.423961	0.431322	
0.086311	0.086501	0.122493	0.986490	
