0.275235	0.657905	1.727883	0.732342	
0.339445	0.351648	0.506614	0.743326	
0.213819	0.740114	2.664485	0.331800	
0.287795	0.706199	1.867749	0.243894	
0.000000	0.000000	0.000000	1.008515	
0.469445	0.548892	0.843813	0.002231	
0.261234	0.263602	0.373982	0.856914	
0.730362	0.252138	2.234555	0.010014	
0.250760	0.738193	2.268929	0.012390	
0.483122	0.489988	0.698399	0.241968	
0.170526	0.172554	0.245366	0.946766	
0.364383	0.663706	1.374390	0.000238	
0.207786	0.748956	2.797594	0.006957	
0.381142	0.626097	1.283620	0.339775	
0.117556	0.116893	0.166700	0.975771	
0.336918	0.695118	2.144033	0.000701	
0.720403	0.304451	1.799019	0.229292	
0.386391	0.547699	0.957287	0.536422	
0.510843	0.398621	0.832459	0.560876	
0.662884	0.363734	1.371483	0.000095	
0.467224	0.565754	0.970874	0.001081	
0.547059	0.472930	0.832062	0.000653	
0.664722	0.343771	1.549630	0.298043	
0.735264	0.225446	2.642534	0.362912	
0.673095	0.298756	1.809156	0.589087	
0.247251	0.245670	0.350760	0.873955	
0.260110	0.262276	0.372430	0.857826	
0.146208	0.145338	0.207423	0.960539	
0.207786	0.748956	2.797594	0.006957	
0.735951	0.227620	2.616939	0.359721	
0.506465	0.390633	0.829820	0.578628	
0.490811	0.515909	0.748297	0.002075	
0.434841	0.593479	1.025471	0.009361	
0.205230	0.206980	0.293895	0.916300	
0.224083	0.736351	2.519552	0.381386	
0.663663	0.362798	1.377015	0.000095	
0.314457	0.326182	0.470282	0.789297	
0.246972	0.245826	0.350090	0.873005	
0.636404	0.363880	1.302338	0.347175	
0.267195	0.658787	1.754928	0.764501	
0.390377	0.515401	0.858961	0.571608	
0.517532	0.490804	0.761055	0.007736	
0.732511	0.260301	2.167833	0.000140	
0.256081	0.732797	2.204286	0.005600	
0.387019	0.668917	1.300705	0.003768	
0.045294	0.045068	0.064213	0.999247	
0.658138	0.266986	1.749685	0.767183	
0.371987	0.635997	1.431475	0.372434	
0.356928	0.679955	1.878897	0.003320	
0.486808	0.482395	0.691376	0.254939	
0.486816	0.482528	0.691302	0.254156	
0.745295	0.218199	2.768059	0.004339	
0.395193	0.514792	0.843355	0.565790	
0.231805	0.230316	0.328616	0.890802	
0.301418	0.682259	1.696478	0.405740	
0.337103	0.350165	0.505724	0.749277	
0.207786	0.748956	2.797594	0.006957	
0.736471	0.226436	2.634102	0.361898	
0.046049	0.045813	0.065292	0.999204	
0.216345	0.741600	2.622330	0.428431	
0.254455	0.733689	2.224001	0.006443	
0.474105	0.542110	0.822914	0.002197	
0.657083	0.268830	1.734224	0.761323	
0.357936	0.666323	1.405202	0.013996	
0.090656	0.090184	0.127236	0.987088	
0.542864	0.473624	0.827105	0.010788	
0.496594	0.398990	0.792469	0.561535	
0.257407	0.655523	1.820513	0.850576	
0.698214	0.290719	1.819410	0.352760	
0.660829	0.363760	1.368580	0.006004	
0.206876	0.205063	0.293965	0.916812	
0.336694	0.357392	0.525478	0.759415	
0.463471	0.556899	0.876781	0.006522	
0.187884	0.186095	0.262102	0.934847	
0.481564	0.387101	0.772660	0.616206	
0.260549	0.730445	2.160084	0.006277	
0.381643	0.492654	0.803690	0.622092	
0.308385	0.701021	1.766859	0.005955	
0.046049	0.045812	0.065294	0.999219	
0.668192	0.359912	1.403777	0.004059	
0.698602	0.295694	1.800549	0.268984	
0.220208	0.735333	2.539180	0.500216	
0.738635	0.229980	2.551143	0.461459	
0.261455	0.658537	1.784794	0.798366	
0.235054	0.228488	0.336866	0.903504	
0.545671	0.471666	0.838095	0.006341	
0.653313	0.260750	1.770487	0.830149	
0.090487	0.090194	0.128186	0.985654	
0.371811	0.636134	1.432410	0.372630	
0.748131	0.217009	2.713536	0.004260	
0.471782	0.478242	0.681063	0.320405	
0.312377	0.699400	1.705989	0.021027	
0.709763	0.269304	2.016086	0.385688	
0.499120	0.501498	0.710870	0.014160	
0.193454	0.192504	0.274422	0.926024	
0.364997	0.502466	0.856522	0.670914	
0.466695	0.552800	0.856186	0.002252	
0.661300	0.363299	1.374978	0.014921	
0.146241	0.145370	0.207378	0.960539	
0.357567	0.647085	1.448588	0.372850	
0.471771	0.365257	0.775149	0.690530	
0.477260	0.386083	0.755146	0.628884	
0.471634	0.478485	0.681634	0.320558	
0.639663	0.360166	1.305082	0.343284	
0.657104	0.266564	1.740522	0.790073	
0.263041	0.720106	2.085010	0.321596	
0.050636	0.050435	0.071675	0.997470	
0.214807	0.753067	2.717294	0.006776	
0.295366	0.686230	1.734203	0.410435	
0.736152	0.239553	2.375415	0.010730	
0.241216	0.242134	0.343265	0.878027	
0.551899	0.458071	0.846776	0.235190	
0.306719	0.323112	0.470219	0.808129	
0.706141	0.282310	1.899699	0.281709	
0.652953	0.374194	1.313129	0.000097	
0.598475	0.342077	1.223631	0.615042	
0.742888	0.221853	2.632923	0.004142	
0.388393	0.486851	0.773794	0.611483	
0.281009	0.708193	1.920585	0.247173	
0.698602	0.295694	1.800549	0.268984	
0.565212	0.461008	0.936669	0.008805	
0.722771	0.225126	2.546970	0.589941	
0.147093	0.146128	0.208662	0.960525	
0.488806	0.516570	0.752834	0.065832	
0.254095	0.733878	2.227865	0.006453	
0.206897	0.205084	0.293936	0.916812	
0.266773	0.656060	1.766457	0.791237	
0.051801	0.051645	0.073423	0.997117	
0.313006	0.696431	1.715388	0.008045	
0.382269	0.622488	1.259573	0.337093	
0.255606	0.707994	2.098004	0.488005	
0.004696	0.004682	0.006656	1.002440	
0.649585	0.378061	1.291260	0.013104	
0.358754	0.669576	1.419524	0.004095	
0.251703	0.723159	2.193199	0.336120	
0.697129	0.300218	1.767471	0.264355	
0.205392	0.206678	0.293152	0.914978	
0.459922	0.505443	0.751500	0.317979	
0.556473	0.464020	0.873690	0.006509	
0.724358	0.253158	2.316608	0.314318	
0.117455	0.116559	0.167060	0.978451	
0.374061	0.656662	1.292644	0.329774	
0.734832	0.242985	2.369396	0.010825	
0.603562	0.353331	1.197880	0.535965	
0.653239	0.268308	1.718728	0.781981	
0.383853	0.489902	0.793643	0.616940	
0.255448	0.733146	2.213218	0.024957	
0.441766	0.585361	0.990268	0.002765	
0.472756	0.381328	0.752643	0.637258	
0.271866	0.648414	1.695447	0.809127	
0.648667	0.379105	1.285430	0.013059	
0.502662	0.497888	0.714152	0.044345	
0.470180	0.495094	0.720674	0.297205	
0.656876	0.269410	1.735259	0.761717	
0.624664	0.356645	1.270469	0.440889	
0.561537	0.420441	0.940838	0.354402	
0.203502	0.205048	0.290996	0.917439	
0.716748	0.262686	2.163019	0.332060	
0.478283	0.535619	0.803794	0.002165	
0.338757	0.353391	0.511060	0.746534	
0.707015	0.293441	1.857588	0.089417	
0.413382	0.448145	0.658995	0.552679	
0.363280	0.637809	1.303174	0.342893	
0.281057	0.718918	1.963273	0.022447	
0.346360	0.673423	1.469410	0.064983	
0.224083	0.736351	2.519552	0.381386	
0.046040	0.045815	0.065259	0.998909	
0.068577	0.068055	0.097380	0.995717	
0.726167	0.250123	2.281229	0.443869	
0.551145	0.444934	0.876923	0.262895	
0.206863	0.205102	0.293848	0.916656	
0.336980	0.356171	0.519487	0.754302	
0.260549	0.730445	2.160084	0.006277	
0.725078	0.219243	2.551180	0.583356	
0.732718	0.243880	2.326473	0.116185	
0.698680	0.295563	1.801608	0.269119	
0.419409	0.437602	0.631454	0.538840	
0.475049	0.392284	0.752103	0.605557	
0.315777	0.678287	1.620267	0.340350	
0.309398	0.700667	1.772440	0.081733	
0.653271	0.373413	1.335624	0.022034	
0.467914	0.550088	0.856346	0.046177	
0.247995	0.726497	2.365528	0.365861	
0.589306	0.443631	0.969079	0.053723	
0.286414	0.691468	1.805198	0.425844	
0.090103	0.089766	0.127676	0.986134	
0.736152	0.239553	2.375415	0.010730	
0.388118	0.507131	0.839544	0.588806	
0.562436	0.459689	0.896641	0.016291	
0.657161	0.368018	1.341639	0.014638	
0.265128	0.657173	1.781526	0.796625	
0.535812	0.353923	0.940508	0.735922	
0.186994	0.184713	0.266010	0.936122	
0.436580	0.589463	0.992834	0.002770	
0.357667	0.665134	1.401404	0.090291	
0.723972	0.252383	2.293615	0.318896	
0.554296	0.410389	0.921558	0.444760	
0.653059	0.268445	1.717346	0.781425	
0.240124	0.741177	2.386448	0.006865	
0.526345	0.465591	0.795715	0.231268	
