0.728446	0.207264	2.662981	0.619014	
0.335983	0.455451	0.785140	0.830466	
0.599883	0.468482	0.909227	0.000000	
0.217207	0.223879	0.322614	0.918858	
0.097451	0.097425	0.137835	0.980999	
0.365135	0.658053	1.356243	0.002002	
0.360266	0.609192	1.299542	0.540560	
0.208421	0.728392	2.875209	0.672846	
0.735485	0.237274	2.402060	0.006153	
0.625182	0.355382	1.426290	0.555360	
0.670708	0.350637	1.472757	0.000000	
0.245097	0.732194	2.333304	0.000000	
0.056610	0.056609	0.080059	0.993576	
0.478582	0.568488	0.841314	0.000719	
0.153938	0.153916	0.217716	0.951563	
0.747249	0.218291	3.305385	0.000001	
0.470743	0.447159	0.685395	0.426256	
0.450972	0.323354	0.773419	0.830807	
0.301811	0.543849	1.120714	0.873074	
0.657578	0.257272	1.814153	0.829527	
0.128359	0.128341	0.181554	0.966627	
0.416811	0.566931	0.955985	0.355371	
0.275809	0.692094	1.860835	0.525190	
0.025088	0.025087	0.035481	0.998768	
0.705059	0.305238	1.929024	0.174682	
0.000000	0.000000	0.000000	1.000000	
0.088334	0.088298	0.124952	0.984584	
0.195027	0.753867	3.362369	0.000000	
0.583887	0.442712	0.980079	0.000000	
0.025144	0.025143	0.035559	0.998760	
0.021794	0.021793	0.030821	0.999060	
0.563381	0.480633	0.830422	0.000000	
0.264712	0.721350	2.056349	0.474268	
0.667515	0.362167	1.459582	0.000000	
0.741508	0.223133	2.581108	0.006571	
0.392989	0.582328	1.035069	0.435227	
0.163281	0.163635	0.231818	0.946828	
0.176687	0.758502	3.399598	0.000000	
0.336201	0.451747	0.774279	0.805951	
0.436239	0.607558	1.242906	0.000000	
0.755786	0.188018	3.397977	0.000001	
0.601441	0.430557	1.025243	0.012098	
0.246196	0.663507	1.928658	0.875669	
0.560200	0.402160	1.169473	0.578686	
0.207967	0.729930	2.894192	0.653291	
0.449425	0.328700	0.778483	0.829449	
0.445845	0.477797	0.708188	0.426657	
0.155613	0.155607	0.220075	0.950372	
0.459539	0.623651	0.964391	0.001058	
0.088309	0.088308	0.124888	0.984286	
0.060128	0.060119	0.085048	0.992899	
0.105339	0.105331	0.148979	0.977612	
0.307414	0.734821	2.370000	0.000000	
0.663572	0.246346	1.928297	0.875541	
0.234351	0.743292	2.454759	0.000000	
0.386057	0.586752	1.066141	0.440129	
0.683600	0.285929	1.770112	0.498375	
0.064137	0.064137	0.090704	0.991741	
0.030101	0.030101	0.042570	0.998191	
0.000000	0.000000	0.000000	1.468333	
0.197381	0.752827	3.258611	0.000006	
0.339838	0.449716	0.737230	0.782344	
0.269705	0.698134	1.921564	0.551370	
0.374420	0.847395	1.646192	0.000000	
0.184594	0.738748	3.253237	0.715296	
0.461205	0.618947	0.953344	0.001049	
0.249270	0.662611	1.917880	0.871393	
0.447480	0.469833	0.675124	0.446468	
0.729385	0.251415	2.329332	0.101449	
0.735143	0.208597	3.001522	0.580791	
0.218714	0.220869	0.314247	0.905042	
0.755778	0.188043	3.397436	0.000001	
0.446311	0.335844	0.741870	0.789789	
0.549816	0.475253	0.828552	0.000067	
0.667563	0.362109	1.459978	0.000000	
0.105512	0.105506	0.149225	0.977539	
0.155629	0.155606	0.220109	0.950466	
0.598640	0.429267	1.036484	0.000996	
0.093505	0.093412	0.132308	0.983032	
0.000000	0.000000	0.000000	1.001205	
0.623746	0.460365	0.963719	0.000000	
0.688324	0.270279	1.883261	0.563101	
0.179128	0.757749	3.360509	0.005391	
0.461366	0.618648	0.952776	0.001048	
0.594922	0.438872	1.024360	0.000000	
0.718171	0.275209	2.076258	0.000100	
0.394017	0.582634	1.038493	0.415070	
0.241193	0.239325	0.342922	0.882505	
0.457253	0.324826	0.788403	0.825293	
0.030101	0.030101	0.042570	0.998191	
0.334440	0.490936	0.898760	0.818283	
0.246611	0.670562	1.956290	0.852977	
0.357748	0.665964	1.402931	0.000000	
0.088319	0.088303	0.124912	0.984397	
0.155636	0.155605	0.220126	0.950514	
0.666622	0.358369	1.473104	0.000000	
0.251006	0.661697	1.900878	0.864562	
0.756159	0.185709	3.323799	0.000006	
0.570219	0.398100	1.003183	0.439647	
0.459529	0.463278	0.659399	0.391071	
0.273826	0.725479	2.718651	0.000000	
0.272503	0.693180	1.889492	0.541101	
0.064650	0.064648	0.091431	0.991626	
0.108731	0.108723	0.153781	0.976140	
0.753624	0.193147	3.172831	0.000006	
0.268917	0.698606	1.928871	0.553206	
0.557739	0.413082	0.935920	0.400715	
0.064651	0.064648	0.091432	0.991633	
0.461379	0.354824	0.756008	0.724689	
0.459410	0.624014	0.965246	0.000793	
0.096041	0.095970	0.135873	0.981859	
0.221414	0.222270	0.314959	0.898595	
0.111459	0.111441	0.157652	0.974995	
0.000000	0.000000	0.000000	2.154392	
0.718178	0.273995	2.022649	0.004619	
0.181933	0.756847	3.302357	0.005302	
0.155669	0.155592	0.220179	0.950658	
0.341061	0.448066	0.731377	0.778134	
0.426466	0.614582	1.244670	0.000000	
0.251448	0.661540	1.897110	0.861503	
0.025144	0.025143	0.035560	0.998763	
0.223362	0.742351	2.572958	0.015411	
0.672760	0.347851	1.490582	0.015972	
0.664136	0.245191	1.918177	0.871512	
0.616022	0.377990	1.270734	0.418176	
0.388602	0.587251	1.063896	0.422207	
0.209526	0.739279	3.178089	0.521197	
0.628950	0.458458	0.976310	0.000000	
0.343726	0.686435	1.508561	0.000000	
0.504039	0.350993	0.888301	0.723716	
0.108732	0.108722	0.153779	0.976133	
0.218943	0.220403	0.312973	0.902945	
0.064651	0.064648	0.091432	0.991633	
0.741471	0.223222	2.579908	0.006568	
0.459037	0.625064	0.967729	0.001060	
0.752239	0.197094	3.098120	0.000026	
0.253292	0.660535	1.878959	0.855772	
0.588562	0.379082	1.084746	0.466115	
0.155597	0.155728	0.220345	0.951117	
0.172940	0.731621	3.244856	0.898175	
0.030101	0.030101	0.042570	0.998193	
0.324263	0.596996	1.254819	0.690513	
0.096041	0.095971	0.135872	0.981854	
0.227732	0.740512	2.515859	0.001305	
0.629893	0.458129	0.978552	0.000000	
0.735005	0.193615	3.029851	0.676798	
0.179458	0.757671	3.348845	0.000001	
0.000000	0.000000	0.000000	1.933012	
0.678887	0.338829	1.517537	0.000313	
0.443248	0.466684	0.683114	0.446982	
0.269323	0.652318	1.719998	0.795035	
0.358743	0.460999	0.765332	0.731279	
0.064138	0.064137	0.090705	0.991746	
0.554050	0.472189	0.842531	0.000000	
0.154060	0.153770	0.217967	0.952641	
0.259810	0.656271	1.800938	0.824482	
0.734716	0.241048	2.431315	0.000004	
0.096035	0.095974	0.135857	0.981794	
0.411406	0.584811	1.028730	0.326988	
0.468964	0.548816	0.844219	0.000000	
0.222542	0.222181	0.314990	0.896692	
0.000000	0.000000	0.000000	1.429120	
0.233536	0.737095	2.444009	0.007567	
0.108754	0.108714	0.153857	0.976410	
0.425850	0.616714	1.253722	0.000000	
0.597796	0.372402	1.129642	0.463943	
0.253512	0.703653	2.065494	0.585260	
0.348150	0.501001	0.877912	0.728220	
0.660895	0.251395	1.859429	0.847935	
0.687365	0.325051	1.607307	0.001772	
0.179128	0.757749	3.360509	0.005391	
0.503834	0.351183	0.887354	0.723171	
0.474990	0.453493	0.693903	0.402033	
0.030101	0.030101	0.042570	0.998193	
0.748658	0.205276	2.850817	0.000024	
0.064651	0.064648	0.091434	0.991647	
0.025088	0.025087	0.035481	0.998768	
0.259501	0.657192	1.821227	0.831154	
0.334061	0.520811	0.964377	0.764624	
0.095051	0.095024	0.134441	0.981953	
0.712906	0.284574	1.964920	0.000000	
0.749386	0.203316	2.882080	0.000024	
0.469569	0.547972	0.841599	0.000000	
0.155604	0.155701	0.220289	0.950963	
0.222519	0.222193	0.314931	0.896597	
0.614121	0.376768	1.267468	0.434248	
0.000000	0.000000	0.000000	2.191081	
0.701117	0.266693	1.972613	0.471859	
0.221425	0.743173	2.599076	0.001345	
0.432382	0.610309	1.242906	0.000000	
0.319922	0.625951	1.516646	0.692971	
0.647006	0.380184	1.273784	0.000273	
0.226905	0.721573	2.422895	0.548388	
0.482493	0.479379	0.684563	0.277669	
0.108763	0.108710	0.153890	0.976529	
0.178801	0.757853	3.367416	0.005401	
0.541125	0.419994	0.882161	0.410580	
0.734600	0.194746	3.008915	0.672394	
0.298384	0.706459	1.904304	0.000126	
0.755511	0.188819	3.380292	0.000024	
