0.261947	0.693939	1.966968	0.574791	
0.195764	0.731154	3.011801	0.730292	
0.601465	0.353725	1.256874	0.579025	
0.245425	0.664411	1.929138	0.873797	
0.022330	0.022320	0.031587	0.999319	
0.000000	0.000000	0.000000	1.000007	
0.582199	0.376000	1.019520	0.597837	
0.669270	0.350385	1.443020	0.000054	
0.749185	0.225553	2.569606	0.000983	
0.182741	0.184821	0.262991	0.938137	
0.315095	0.283650	0.472311	0.866009	
0.085991	0.085819	0.121722	0.986394	
0.045320	0.045308	0.064099	0.996058	
0.193953	0.754148	3.392419	0.051295	
0.076215	0.076178	0.107816	0.988664	
0.131762	0.131681	0.186398	0.965060	
0.338473	0.677886	1.517921	0.000191	
0.453918	0.569452	0.911984	0.006745	
0.698743	0.270668	1.887871	0.626728	
0.431937	0.443624	0.637594	0.500489	
0.730850	0.204739	3.176931	0.762114	
0.542595	0.473036	0.825862	0.000000	
0.285214	0.313667	0.473224	0.867284	
0.246890	0.830197	2.576731	0.000000	
0.325508	0.610617	1.347087	0.668176	
0.182804	0.184476	0.262339	0.936602	
0.222611	0.742521	2.584720	0.000000	
0.188713	0.724382	3.121891	0.913045	
0.492543	0.342176	0.863485	0.754212	
0.433122	0.438711	0.625025	0.497571	
0.458750	0.563061	0.890101	0.006588	
0.023223	0.023217	0.032845	0.999086	
0.130312	0.130253	0.184332	0.965745	
0.675660	0.272534	1.809021	0.640742	
0.264873	0.672782	1.834274	0.707179	
0.339124	0.677421	1.513719	0.000190	
0.000000	0.000000	0.000000	1.382025	
0.071905	0.071986	0.101879	0.990512	
0.087586	0.087524	0.123907	0.984996	
0.562231	0.459380	0.887319	0.005905	
0.583329	0.375526	1.023390	0.598445	
0.600574	0.334186	1.240463	0.635257	
0.175431	0.758529	3.389997	0.082873	
0.730971	0.204431	3.183684	0.763348	
0.674704	0.343802	1.503115	0.000189	
0.081600	0.081583	0.115412	0.986731	
0.285518	0.313169	0.471592	0.865476	
0.750973	0.221808	2.620589	0.001001	
0.559108	0.461264	0.878319	0.000387	
0.220063	0.743575	2.619290	0.000000	
0.023450	0.023454	0.033171	0.999012	
0.577342	0.369979	1.023189	0.620615	
0.735116	0.185259	3.017739	0.709705	
0.672600	0.263389	1.844802	0.710402	
0.365530	0.660053	1.410502	0.000000	
0.751115	0.221510	2.624723	0.001003	
0.677667	0.338908	1.515196	0.000001	
0.188377	0.733815	3.093498	0.742824	
0.081826	0.081815	0.115728	0.986611	
0.285214	0.313667	0.473224	0.867284	
0.458948	0.562860	0.889288	0.006636	
0.174431	0.758760	3.389997	0.082873	
0.042711	0.042660	0.060449	0.997220	
0.363253	0.589101	1.081692	0.609746	
0.433146	0.438657	0.624891	0.497508	
0.183076	0.184189	0.261737	0.935497	
0.305920	0.305313	0.433077	0.792594	
0.100483	0.100899	0.143011	0.982239	
0.627100	0.326474	1.359437	0.579648	
0.121017	0.121118	0.171344	0.970776	
0.000000	0.000000	0.000000	2.134166	
0.303215	0.305533	0.433865	0.797915	
0.473142	0.542586	0.825739	0.000000	
0.557852	0.337841	1.105298	0.724890	
0.126980	0.126964	0.179589	0.967301	
0.673680	0.261336	1.862543	0.716563	
0.076209	0.076279	0.107923	0.988939	
0.183264	0.183533	0.259762	0.931350	
0.343028	0.604732	1.254565	0.593022	
0.675053	0.342563	1.491793	0.000055	
0.424097	0.422655	0.601298	0.534215	
0.755907	0.186116	3.360539	0.083407	
0.738084	0.193149	3.100682	0.635853	
0.183846	0.735364	3.183542	0.763260	
0.000000	0.000000	0.000000	2.151427	
0.089184	0.089097	0.126187	0.984599	
0.174431	0.758760	3.389997	0.082873	
0.489010	0.523541	0.761218	0.011925	
0.358631	0.664961	1.439606	0.000000	
0.225290	0.742270	2.551993	0.000000	
0.023454	0.023450	0.033172	0.999024	
0.573894	0.363250	1.017438	0.664855	
0.073097	0.073055	0.103412	0.989676	
0.211852	0.724127	2.583983	0.631012	
0.685002	0.239133	2.078098	0.789487	
0.571742	0.451951	0.920423	0.021088	
0.000000	0.000000	0.000000	1.023204	
0.076607	0.076647	0.108425	0.988566	
0.101075	0.101065	0.142948	0.979421	
0.023450	0.023454	0.033171	0.999012	
0.220044	0.743583	2.619544	0.000000	
0.678070	0.339219	1.514419	0.000002	
0.352829	0.669454	1.477466	0.000000	
0.049410	0.049405	0.069880	0.995173	
0.739891	0.187956	3.204250	0.655919	
0.264230	0.679145	1.881327	0.677724	
0.296811	0.294865	0.421085	0.810281	
0.117512	0.117533	0.166231	0.972098	
0.200727	0.751144	3.100459	0.033113	
0.565471	0.395916	1.000394	0.484574	
0.429216	0.441748	0.633431	0.507794	
0.156782	0.156761	0.221740	0.949663	
0.465809	0.552857	0.858253	0.000000	
0.556299	0.328875	1.095020	0.744120	
0.755850	0.186288	3.356835	0.083320	
0.101075	0.101065	0.142948	0.979421	
0.204466	0.737768	2.982382	0.539240	
0.638330	0.296533	1.524235	0.699574	
0.176430	0.758385	3.376285	0.050220	
0.434918	0.430765	0.618626	0.506122	
0.000000	0.000000	0.000000	1.159515	
0.246968	0.732486	2.289752	0.000000	
0.582795	0.372159	1.083583	0.510346	
0.130318	0.130249	0.184347	0.965790	
0.341544	0.675733	1.498910	0.000007	
0.541094	0.475593	0.827190	0.000000	
0.740541	0.186047	3.243845	0.663598	
0.023450	0.023454	0.033171	0.999012	
0.363037	0.589372	1.082924	0.610269	
0.459009	0.562717	0.888937	0.006583	
0.081600	0.081583	0.115412	0.986731	
0.042719	0.042656	0.060469	0.997410	
0.216559	0.216146	0.306528	0.902697	
0.749652	0.224292	2.586134	0.006181	
0.699966	0.305701	1.764399	0.000000	
0.294226	0.296329	0.420766	0.811368	
0.556241	0.328942	1.094654	0.743931	
0.725829	0.218198	2.527530	0.553073	
0.000000	0.000000	0.000000	1.894210	
0.089184	0.089097	0.126187	0.984599	
0.292006	0.300254	0.431456	0.823002	
0.758342	0.176497	3.356509	0.049940	
0.339260	0.677324	1.512841	0.000190	
0.244949	0.732629	2.309804	0.027476	
0.153022	0.153063	0.216500	0.952192	
0.458344	0.563742	0.892748	0.000000	
0.202944	0.203248	0.287620	0.914732	
0.384447	0.565165	1.004976	0.502503	
0.268666	0.667655	1.789538	0.706188	
0.605964	0.383314	1.146886	0.389403	
0.657013	0.290114	1.626389	0.637695	
0.559108	0.461264	0.878319	0.000387	
0.189525	0.733990	3.010586	0.708121	
0.054283	0.054274	0.076774	0.994207	
0.609648	0.398976	1.113055	0.261414	
0.176430	0.758385	3.376285	0.050220	
0.081600	0.081583	0.115412	0.986731	
0.023454	0.023450	0.033172	0.999024	
0.596740	0.338535	1.210394	0.620772	
0.000000	0.000000	0.000000	2.627883	
0.654974	0.293373	1.602137	0.629668	
0.458352	0.563732	0.892713	0.000000	
0.306230	0.305137	0.433871	0.793410	
0.049500	0.049495	0.070007	0.995153	
0.248381	0.731074	2.271958	0.000000	
0.340557	0.676627	1.511175	0.000000	
0.174431	0.758760	3.389997	0.082873	
0.596521	0.339754	1.209693	0.623059	
0.758249	0.176802	3.350923	0.049861	
0.619145	0.389092	1.163311	0.270008	
0.564699	0.457013	0.897353	0.000392	
0.217265	0.717130	2.628308	0.789528	
0.572730	0.386515	1.025211	0.476512	
0.351740	0.610274	1.284639	0.554223	
0.023926	0.023926	0.033837	0.998867	
0.101075	0.101065	0.142948	0.979421	
0.117512	0.117532	0.166231	0.972096	
0.729671	0.212932	2.611270	0.541553	
0.203003	0.203104	0.287316	0.914153	
0.439491	0.433249	0.626066	0.496547	
0.748192	0.206146	2.823249	0.001878	
0.232158	0.720491	2.806012	0.662905	
0.216449	0.216207	0.306286	0.902290	
0.563171	0.458186	0.892090	0.000391	
0.640529	0.359699	1.317331	0.330809	
0.000000	0.000000	0.000000	1.694994	
0.325887	0.690830	1.766562	0.001690	
0.448362	0.580057	0.987768	0.002882	
0.738763	0.193319	3.099012	0.618636	
0.188870	0.755221	3.359935	0.083393	
0.069960	0.070092	0.099248	0.991675	
0.605561	0.383435	1.128183	0.388220	
0.625841	0.332874	1.329339	0.564191	
0.121019	0.121114	0.171336	0.970750	
0.418969	0.416264	0.594732	0.553603	
0.267260	0.725514	2.369176	0.000000	
0.689051	0.235895	2.130898	0.789532	
0.378228	0.559269	0.997869	0.542121	
0.089096	0.089186	0.126195	0.984636	
0.302701	0.294570	0.436454	0.823230	
