0.000000	0.000000	0.707107	0.000000	0.000000	0.000000	0.000000	0.707107	
0.707105	0.000000	0.000000	0.000000	0.707109	0.000000	0.000000	0.000000	
0.999869	0.000000	0.000000	0.000000	0.000000	0.000000	0.016174	0.000000	
0.000000	0.000000	0.707107	0.000000	0.000000	0.707107	0.000000	0.000000	
0.000000	0.000000	0.999869	0.000000	0.000000	0.000000	0.016174	0.000000	
0.000000	0.999869	0.000000	0.000000	0.000000	0.000000	0.016174	0.000000	
0.000000	0.707104	0.000000	0.707110	0.000000	0.000000	0.000000	0.000000	
0.000000	1.000000	0.000000	0.000000	0.000000	0.000000	0.000000	0.000000	
0.000000	0.000000	0.000000	0.000000	0.999869	0.000000	0.016174	0.000000	
0.707104	0.000000	0.000000	0.707110	0.000000	0.000000	0.000000	0.000000	
0.000000	0.000000	0.707104	0.707110	0.000000	0.000000	0.000000	0.000000	
0.707107	0.000000	0.000000	0.000000	0.000000	0.707107	0.000000	0.000000	
0.000000	0.000000	0.000000	0.000000	0.000000	0.000000	0.000000	1.000000	
0.000000	0.000000	0.000000	0.000000	0.000000	1.000000	0.000000	0.000000	
0.000000	0.000000	0.000000	0.707107	0.000000	0.000000	0.000000	0.707107	
0.707124	0.000000	0.707090	0.000000	0.000000	0.000000	0.000000	0.000000	
0.000000	0.000000	0.707105	0.000000	0.707109	0.000000	0.000000	0.000000	
0.707046	0.707168	0.000000	0.000000	0.000000	0.000000	0.000000	0.000000	
0.000000	0.000000	0.000000	0.707105	0.707109	0.000000	0.000000	0.000000	
0.000000	0.000000	0.000000	0.000000	0.707107	0.000000	0.000000	0.707107	
0.000000	0.000000	0.000000	0.999869	0.000000	0.000000	0.016174	0.000000	
0.000000	0.000000	0.000000	0.000000	0.707107	0.707107	0.000000	0.000000	
0.000000	0.000000	0.000000	0.000000	1.000000	0.000000	0.000000	0.000000	
0.000000	0.000000	0.000000	0.000000	0.000000	0.000000	1.000000	0.000000	
0.000000	0.707107	0.000000	0.000000	0.000000	0.707107	0.000000	0.000000	
0.000000	0.000000	0.000000	0.000000	0.000000	0.707107	0.000000	0.707107	
0.000000	0.000000	0.000000	1.000000	0.000000	0.000000	0.000000	0.000000	
0.000000	0.000000	0.000000	0.000000	0.000000	0.999869	0.016174	0.000000	
1.000000	0.000000	0.000000	0.000000	0.000000	0.000000	0.000000	0.000000	
0.707107	0.000000	0.000000	0.000000	0.000000	0.000000	0.000000	0.707107	
0.000000	0.707105	0.000000	0.000000	0.707109	0.000000	0.000000	0.000000	
0.000000	0.708125	0.000000	0.000000	0.000000	0.000000	0.000000	0.708125	
0.000000	0.000000	0.000000	0.707107	0.000000	0.707107	0.000000	0.000000	
0.000000	0.707124	0.707090	0.000000	0.000000	0.000000	0.000000	0.000000	
0.000000	0.000000	1.000000	0.000000	0.000000	0.000000	0.000000	0.000000	
0.001789	0.000154	0.000000	0.000452	0.000024	0.000000	0.016182	0.999867	
0.000000	0.000000	1.000000	0.000000	0.000000	0.000000	0.000000	0.000000	
0.706338	0.011508	0.000370	0.706437	0.002333	0.043538	0.000000	0.000000	
0.000000	0.700808	0.002447	0.002227	0.713342	0.000016	0.000000	0.000000	
0.000000	0.000000	0.000000	0.707107	0.000000	0.707107	0.000000	0.000000	
0.013626	0.704099	0.000236	0.040042	0.022812	0.027405	0.000231	0.707945	
0.748311	0.672967	0.000000	0.092273	0.000000	0.000000	0.016348	0.000000	
0.000000	0.700046	0.000000	0.099679	0.000000	0.707107	0.000000	0.000000	
0.000000	0.695646	0.718385	0.000051	0.000075	0.000000	0.000000	0.000000	
0.000000	0.000000	0.000000	0.000000	0.000000	0.999869	0.016174	0.000000	
0.497348	0.022427	0.002119	0.488681	0.000000	0.073897	0.000000	0.712648	
0.723270	0.690360	0.000000	0.000000	0.000000	0.016853	0.000000	0.000000	
0.022644	0.502197	0.018791	0.519944	0.697393	0.000000	0.000000	0.045234	
0.000000	0.000000	0.000000	0.000000	0.000000	0.000000	0.000000	1.000000	
0.000000	0.000000	0.000000	0.707107	0.000000	0.000000	0.000000	0.707107	
0.000000	0.000000	0.000000	0.999869	0.000000	0.000000	0.016174	0.000000	
0.000000	0.000650	0.005081	0.005123	0.729846	0.683573	0.000000	0.000000	
0.001789	0.000154	0.000000	0.000452	0.000023	0.000000	0.016182	0.999867	
0.000000	0.000000	0.000000	0.000000	0.000000	0.000000	1.000000	0.000000	
0.464327	0.004535	0.533207	0.707062	0.000000	0.011674	0.000000	0.000039	
0.006871	0.457521	0.530334	0.047502	0.712034	0.010891	0.000000	0.002792	
0.035363	0.996398	0.064338	0.000427	0.008722	0.035963	0.023646	0.001393	
0.000000	0.000000	0.707107	0.000000	0.000000	0.000000	0.000000	0.707107	
0.032401	0.701673	0.082099	0.707208	0.000495	0.000000	0.000054	0.000000	
0.685239	0.002602	0.000363	0.000000	0.001582	0.728312	0.000000	0.000000	
0.000000	0.000000	0.000000	0.000000	1.000000	0.000000	0.000000	0.000000	
0.093907	0.994979	0.000468	0.002328	0.005056	0.035973	0.000144	0.001393	
0.000000	0.000000	0.000000	0.000000	0.721118	0.000000	0.000000	0.721118	
0.695055	0.001818	0.718896	0.000050	0.009160	0.000492	0.000067	0.000000	
0.000000	0.000000	0.741926	0.019447	0.000000	0.670200	0.000000	0.000000	
0.091499	0.001290	0.995641	0.033080	0.000000	0.000000	0.016182	0.000000	
0.000000	0.000000	0.000000	0.000000	0.000000	0.707107	0.000000	0.707107	
0.002181	0.000011	0.699524	0.000074	0.714439	0.000000	0.015470	0.000000	
0.000000	0.000000	0.000000	0.000000	0.000000	1.000000	0.000000	0.000000	
0.993701	0.007903	0.008085	0.111231	0.000049	0.002732	0.000252	0.007118	
0.000000	0.000000	0.000000	1.000000	0.000000	0.000000	0.000000	0.000000	
0.705771	0.017227	0.022903	0.032595	0.707109	0.000000	0.000000	0.000000	
0.997725	0.009802	0.019519	0.041660	0.000093	0.011667	0.000000	0.054529	
0.000000	0.706721	0.706687	0.000000	0.000027	0.049731	0.000000	0.000000	
0.000000	0.000000	1.001975	0.000000	0.000000	0.000000	0.000016	0.000000	
0.718971	0.686257	0.000000	0.142243	0.000000	0.016924	0.000000	0.000000	
0.000000	0.000000	0.000000	1.010966	0.000000	0.000000	0.016353	0.000000	
0.035367	0.996522	0.061277	0.000427	0.008456	0.036126	0.023644	0.001393	
0.672287	0.008101	0.006679	0.000000	0.000000	0.740216	0.000000	0.000000	
0.000000	0.707104	0.000000	0.707110	0.000000	0.000000	0.000000	0.000000	
0.707105	0.000002	0.000000	0.000000	0.707109	0.000019	0.000000	0.000000	
0.000000	0.000000	0.000000	0.000000	0.000000	0.999887	0.000000	0.015038	
0.705285	0.040254	0.000370	0.706438	0.001405	0.043538	0.000000	0.000000	
0.000000	0.000000	0.000000	0.000000	0.000000	0.999971	0.016175	0.000000	
0.998628	0.004919	0.022941	0.002073	0.030727	0.031753	0.015362	0.000000	
0.027147	0.718056	0.082661	0.050700	0.050794	0.020883	0.000000	0.686469	
0.000000	0.540533	0.000004	0.000000	0.455877	0.707107	0.000000	0.000484	
0.492453	0.029903	0.008316	0.498551	0.711415	0.043082	0.000000	0.002808	
0.000921	0.020057	0.000415	0.741615	0.001209	0.669936	0.030505	0.000000	
0.010442	0.695283	0.000271	0.045314	0.706740	0.162898	0.000000	0.002849	
0.009873	0.000033	0.000826	0.009791	0.999487	0.028834	0.000000	0.000000	
0.336034	0.310572	0.530336	0.047503	0.712036	0.010619	0.000000	0.002792	
0.327225	0.302431	0.516433	0.723734	0.001605	0.104665	0.000000	0.002713	
0.703786	0.037455	0.709239	0.001153	0.000000	0.000000	0.016174	0.000000	
0.000000	0.000000	0.000000	0.000000	0.707054	0.008665	0.000000	0.707107	
0.002181	0.000011	0.699685	0.000002	0.714604	0.000000	0.015314	0.000000	
0.074359	0.006354	0.000015	0.000773	0.000980	0.004087	0.005489	0.997187	
0.003274	0.999763	0.021542	0.000000	0.000000	0.000000	0.000000	0.000000	
0.000000	0.000000	0.000000	0.998023	0.062868	0.000000	0.000000	0.000000	
0.647351	0.000124	0.005847	0.000081	0.045350	0.003694	0.000000	0.762303	
