0.000000	0.000000	0.000000	0.000000	0.000000	0.707107	0.000000	0.707107	
1.000000	0.000000	0.000000	0.000000	0.000000	0.000000	0.000000	0.000000	
0.707046	0.707168	0.000000	0.000000	0.000000	0.000000	0.000000	0.000000	
0.000000	0.000000	0.000000	0.707107	0.000000	0.000000	0.000000	0.707107	
0.000000	0.707104	0.000000	0.707110	0.000000	0.000000	0.000000	0.000000	
0.000000	0.999869	0.000000	0.000000	0.000000	0.000000	0.016174	0.000000	
0.707107	0.000000	0.000000	0.000000	0.000000	0.707107	0.000000	0.000000	
0.000000	0.000000	0.000000	0.000000	0.000000	0.999869	0.016174	0.000000	
0.000000	0.000000	0.000000	0.000000	1.000000	0.000000	0.000000	0.000000	
0.999869	0.000000	0.000000	0.000000	0.000000	0.000000	0.016174	0.000000	
0.000000	0.000000	0.000000	0.000000	0.000000	0.000000	1.000000	0.000000	
0.000000	0.707124	0.707090	0.000000	0.000000	0.000000	0.000000	0.000000	
0.707104	0.000000	0.000000	0.707110	0.000000	0.000000	0.000000	0.000000	
0.000000	0.000000	0.000000	0.000000	0.000000	1.000000	0.000000	0.000000	
0.000000	0.000000	0.000000	1.000000	0.000000	0.000000	0.000000	0.000000	
0.000000	0.000000	1.000000	0.000000	0.000000	0.000000	0.000000	0.000000	
0.000000	0.707110	0.000000	0.000000	0.000000	0.000000	0.000000	0.707104	
0.000000	0.000000	0.000000	0.000000	0.707107	0.707107	0.000000	0.000000	
0.000000	0.000000	0.707107	0.000000	0.000000	0.707107	0.000000	0.000000	
0.000142	0.001541	0.000327	0.000000	0.000427	0.000026	0.016184	0.999868	
0.000000	0.000000	0.000000	0.000000	0.000000	0.000000	0.000000	1.000000	
0.000000	0.000000	0.707105	0.000000	0.707109	0.000000	0.000000	0.000000	
0.000000	0.707107	0.000000	0.000000	0.000000	0.707107	0.000000	0.000000	
0.000000	0.000000	0.000000	0.999869	0.000000	0.000000	0.016174	0.000000	
0.000000	0.000000	0.707104	0.707110	0.000000	0.000000	0.000000	0.000000	
0.000000	0.000000	0.999869	0.000000	0.000000	0.000000	0.016174	0.000000	
0.707107	0.000000	0.000000	0.000000	0.000000	0.000000	0.000000	0.707107	
0.000000	0.000000	0.000000	0.707105	0.707109	0.000000	0.000000	0.000000	
0.707105	0.000000	0.000000	0.000000	0.707109	0.000000	0.000000	0.000000	
0.000000	0.000000	0.000000	0.000000	0.707107	0.000000	0.000000	0.707107	
0.000000	0.707105	0.000000	0.000000	0.707109	0.000000	0.000000	0.000000	
0.000000	0.000000	0.707107	0.000000	0.000000	0.000000	0.000000	0.707107	
0.000000	0.000000	0.000000	0.000000	0.999869	0.000000	0.016174	0.000000	
0.707124	0.000000	0.707090	0.000000	0.000000	0.000000	0.000000	0.000000	
0.000000	1.000000	0.000000	0.000000	0.000000	0.000000	0.000000	0.000000	
0.000000	0.000000	0.000000	0.707107	0.000000	0.707107	0.000000	0.000000	
0.607136	0.018822	0.001108	0.792742	0.000002	0.041560	0.000153	0.064112	
0.706693	0.001496	0.000000	0.000000	0.036269	0.707087	0.000000	0.000000	
0.000000	0.000000	0.000000	0.000000	0.000000	0.000000	1.000000	0.000000	
0.048699	0.635347	0.766112	0.054454	0.020062	0.000010	0.000000	0.060554	
0.007469	0.001269	0.704881	0.704927	0.078502	0.000000	0.000000	0.000000	
0.000000	0.000000	0.000000	0.000000	0.000000	0.999869	0.016174	0.000000	
0.707012	0.707134	0.007377	0.001334	0.006212	0.000121	0.000000	0.000000	
0.000000	0.000000	0.000000	0.000000	1.000000	0.000000	0.000000	0.000000	
0.000000	0.022608	0.000000	0.000165	0.000000	0.000022	0.000000	0.999744	
0.000000	0.000000	1.000000	0.000000	0.000000	0.000000	0.000000	0.000000	
0.000000	0.000000	0.000000	0.707107	0.000000	0.707107	0.000000	0.000000	
0.000000	0.975424	0.213158	0.000000	0.045915	0.031671	0.000000	0.000000	
0.000669	0.000040	0.000000	0.033952	0.810796	0.026262	0.000000	0.587167	
0.000451	0.011504	0.000020	0.699334	0.714702	0.000000	0.000000	0.000000	
0.000000	0.000000	0.000000	1.000000	0.000000	0.000000	0.000000	0.000000	
0.998835	0.037885	0.000000	0.000000	0.029896	0.000000	0.000000	0.000000	
0.000000	0.000000	0.999869	0.000000	0.000000	0.000000	0.016174	0.000000	
0.006425	0.000003	0.000028	0.741095	0.000018	0.000000	0.000522	0.671369	
0.706380	0.031020	0.007899	0.000000	0.707109	0.000000	0.000000	0.000000	
0.000625	0.987001	0.008039	0.150628	0.047519	0.000000	0.012988	0.025464	
0.019969	0.688670	0.037020	0.006096	0.723828	0.000736	0.000559	0.000459	
0.655908	0.003702	0.754832	0.000000	0.000000	0.000000	0.000000	0.000122	
0.000572	0.510250	0.000000	0.000000	0.510253	0.692305	0.000000	0.000000	
0.017334	0.597802	0.018401	0.800655	0.000000	0.026169	0.000000	0.016890	
0.000000	0.000000	0.000000	0.999869	0.000000	0.000000	0.016174	0.000000	
0.006871	0.457521	0.530334	0.047502	0.712034	0.010891	0.000000	0.002792	
0.000142	0.001537	0.000326	0.000112	0.000427	0.000035	0.016184	0.999868	
0.000000	0.000000	0.000000	0.000000	0.000000	1.000000	0.000000	0.000000	
0.000000	0.000000	0.000000	0.000000	0.999869	0.000000	0.016174	0.000000	
0.000000	0.707107	0.000000	0.000000	0.000000	0.707107	0.000000	0.000000	
0.266567	0.000431	0.656766	0.000000	0.000013	0.708802	0.000193	0.000000	
0.000000	0.000000	0.713598	0.000000	0.000000	0.009442	0.000000	0.703064	
0.054520	0.713365	0.000777	0.000420	0.011278	0.000000	0.000000	0.698577	
0.710675	0.037635	0.045333	0.078714	0.695760	0.009258	0.016167	0.029061	
0.000000	0.000000	0.000000	0.000000	0.000000	0.707107	0.000000	0.707107	
0.718974	0.000033	0.000067	0.004922	0.047024	0.000477	0.000000	0.693427	
0.018410	0.000000	0.000043	0.000512	0.999235	0.033618	0.007712	0.000000	
0.610181	0.026206	0.002383	0.797074	0.000000	0.032661	0.000002	0.007760	
0.509550	0.049360	0.000001	0.003505	0.065925	0.501841	0.000000	0.694060	
0.001330	0.015799	0.000039	0.000024	0.000001	0.000016	0.999874	0.000000	
0.015641	0.000000	0.015641	0.000020	0.000000	0.999755	0.000000	0.000000	
0.000817	0.720700	0.000000	0.000000	0.036988	0.693219	0.000000	0.000000	
0.000000	0.000000	0.000000	0.000000	0.690563	0.728610	0.000000	0.000000	
0.001411	0.279497	0.323946	0.552241	0.708521	0.105568	0.000000	0.002793	
0.002151	0.974918	0.012653	0.215814	0.052297	0.000010	0.007725	0.000077	
0.001582	0.426556	0.494389	0.007844	0.750706	0.105566	0.000000	0.006946	
0.406926	0.014800	0.000743	0.531423	0.000000	0.021775	0.000105	0.748776	
0.028789	0.376694	0.605079	0.000415	0.010917	0.072727	0.000000	0.700121	
0.032356	0.000006	0.000005	0.999094	0.000007	0.000000	0.000000	0.027629	
0.004831	0.000335	0.714471	0.000000	0.053542	0.697607	0.000000	0.000000	
0.707329	0.030274	0.002708	0.000000	0.000000	0.707982	0.000000	0.000000	
0.004453	0.014503	0.000467	0.020310	0.999036	0.026165	0.000000	0.024975	
0.699522	0.706608	0.012032	0.104214	0.000002	0.019204	0.000000	0.000000	
0.001651	0.326119	0.516364	0.783189	0.051350	0.109963	0.000000	0.000083	
0.000000	0.000000	0.000000	0.722170	0.691771	0.000000	0.016177	0.000708	
0.700412	0.098018	0.000000	0.000000	0.707241	0.000566	0.000000	0.000000	
0.010253	0.719867	0.000000	0.000000	0.694029	0.000000	0.000000	0.003159	
0.999850	0.000011	0.002403	0.000000	0.000067	0.016820	0.003323	0.000000	
0.000000	0.000000	0.000000	0.000000	0.000000	0.728335	0.000197	0.685221	
0.076216	0.994351	0.012843	0.069878	0.020099	0.000010	0.000000	0.002209	
0.000000	0.000000	1.000000	0.000000	0.000000	0.000000	0.000131	0.000000	
0.000024	0.000228	0.000000	0.011615	0.812875	0.026309	0.000000	0.588217	
0.998829	0.000000	0.000000	0.045605	0.000000	0.000000	0.016174	0.000000	
0.444840	0.483157	0.754107	0.000000	0.000000	0.000000	0.000000	0.000000	
