0.000000	0.000000	0.000000	0.000000	0.000000	0.706618	0.000000	0.707689	
0.000000	0.000000	0.000000	0.000000	1.000761	0.000000	0.000000	0.000000	
0.000947	0.000910	0.054529	0.002865	0.000000	0.009757	0.016082	0.999000	
0.000001	0.000000	1.000209	0.000000	0.000000	0.000000	0.016131	0.000000	
0.000000	0.000000	1.002315	0.000000	0.000000	0.000000	0.000000	0.000000	
0.000000	0.000732	0.000000	0.709844	0.000000	0.708737	0.000000	0.000001	
0.000000	0.000000	0.000000	0.999957	0.000000	0.000000	0.016128	0.000000	
0.000002	0.706712	0.708149	0.000000	0.000001	0.000001	0.000000	0.000000	
0.000000	0.000000	0.000000	0.000000	0.999976	0.000000	0.016144	0.000000	
0.000000	0.000000	0.000000	0.000001	0.708005	0.000000	0.000000	0.706375	
0.000001	0.000001	0.706941	0.707442	0.000001	0.000000	0.000000	0.000000	
0.000000	0.000000	0.000000	0.000000	0.707963	0.706513	0.000000	0.000000	
0.000005	0.706856	0.000001	0.707737	0.000007	0.000001	0.000000	0.000001	
0.000001	0.999986	0.000007	0.000000	0.000001	0.000001	0.016152	0.000000	
0.706411	0.000011	0.707993	0.000000	0.000001	0.000000	0.000000	0.000000	
0.000000	0.000000	0.000000	0.000000	0.000000	0.000000	0.000000	1.000048	
0.000001	0.000000	0.717174	0.000000	0.000000	0.716736	0.000000	0.000006	
0.710593	0.000030	0.000000	0.000125	0.000000	0.000000	0.000000	0.709220	
0.707371	0.707142	0.000000	0.000000	0.000003	0.000000	0.000000	0.000000	
0.000000	0.000000	0.000000	1.002103	0.000000	0.000000	0.000000	0.000000	
0.000001	0.708124	0.000000	0.000000	0.000000	0.000001	0.000000	0.706493	
0.000000	0.000000	0.000000	0.707850	0.000000	0.000000	0.000000	0.706524	
0.000000	0.000000	0.000000	0.000000	0.000000	0.999924	0.016172	0.000000	
0.000000	0.000000	0.000000	0.000000	0.000000	0.000000	1.000289	0.000000	
1.001041	0.000000	0.000000	0.000000	0.000000	0.000000	0.000000	0.000000	
0.706834	0.000002	0.000000	0.707581	0.000000	0.000001	0.000000	0.000000	
0.000000	0.000000	0.707944	0.000002	0.706777	0.000001	0.000000	0.000000	
0.000002	0.000000	0.000000	0.706540	0.708077	0.000001	0.000000	0.000000	
0.000000	0.000000	0.000000	0.000000	0.000000	1.000152	0.000000	0.000000	
0.000000	0.000001	0.708328	0.000000	0.000000	0.000000	0.000000	0.706710	
1.000468	0.000007	0.000000	0.000137	0.000000	0.000000	0.016152	0.000000	
0.707619	0.000000	0.000005	0.000000	0.000000	0.707041	0.000000	0.000001	
0.000655	0.708555	0.000004	0.000000	0.708527	0.000001	0.000000	0.000000	
0.000000	1.001430	0.000000	0.000000	0.000000	0.000000	0.000000	0.000001	
0.000000	0.708273	0.000000	0.000000	0.000000	0.707858	0.000000	0.000018	
0.707334	0.000003	0.000004	0.000000	0.707306	0.000001	0.000000	0.000000	
0.000000	0.000000	0.000000	0.000000	0.999918	0.000001	0.016135	0.000000	
0.753988	0.014255	0.657467	0.000000	0.000001	0.000001	0.000000	0.000000	
0.000000	0.000000	0.000000	0.000000	1.000161	0.000000	0.000000	0.000000	
0.000000	0.000001	0.000000	0.000000	0.708015	0.000000	0.000000	0.706385	
0.000002	0.000000	0.000000	0.700167	0.714379	0.000001	0.000000	0.000000	
0.000005	0.001135	0.055712	0.000106	0.000000	0.000000	0.016151	0.998377	
0.707571	0.000002	0.000004	0.000000	0.707543	0.000001	0.000000	0.000000	
0.000008	0.000010	0.000505	0.646218	0.000000	0.000000	0.000000	0.763240	
0.000001	0.000001	0.706964	0.707465	0.000001	0.000000	0.000000	0.000000	
0.000240	0.706649	0.046251	0.000000	0.706608	0.000001	0.000000	0.000000	
0.707411	0.707183	0.000001	0.000000	0.000003	0.000000	0.000000	0.000000	
1.003002	0.000000	0.000000	0.000000	0.000000	0.000000	0.000000	0.000000	
0.000001	0.000000	0.706833	0.000000	0.000000	0.707507	0.000000	0.000000	
0.710048	0.022080	0.000000	0.000218	0.000000	0.704880	0.016157	0.000000	
0.000000	0.000000	0.000000	1.000875	0.000000	0.000000	0.000000	0.000000	
0.000000	0.000000	0.000000	0.000000	0.000000	0.000000	1.000328	0.000000	
0.000000	0.000000	0.000000	0.000000	0.707987	0.706537	0.000000	0.000000	
0.000001	1.000052	0.000007	0.000000	0.000001	0.000001	0.016153	0.000000	
0.000000	0.000000	0.000000	0.000000	0.000000	0.706625	0.000000	0.707696	
0.000000	0.000000	1.003098	0.000000	0.000000	0.000000	0.000000	0.000000	
0.707873	0.000030	0.000000	0.000141	0.000000	0.000000	0.000000	0.706505	
0.000000	0.000001	0.708363	0.000000	0.000000	0.000001	0.000000	0.706745	
0.000004	0.708168	0.000000	0.000000	0.000000	0.000000	0.000000	0.706538	
0.707619	0.000000	0.000005	0.000000	0.000000	0.707041	0.000000	0.000001	
0.000000	0.708276	0.000000	0.000000	0.000000	0.707861	0.000000	0.000018	
0.000005	0.706868	0.000001	0.707750	0.000007	0.000001	0.000000	0.000001	
0.706819	0.000030	0.000000	0.707567	0.000000	0.000001	0.000000	0.000000	
0.000000	0.000000	0.711330	0.000002	0.710178	0.000001	0.000000	0.000000	
0.000000	1.000396	0.000001	0.000000	0.000000	0.000000	0.000000	0.000001	
0.000000	0.000000	0.000000	0.000000	0.000000	0.999924	0.016172	0.000000	
0.000000	0.000000	0.000000	0.708027	0.000000	0.706285	0.000000	0.000000	
0.000000	0.000000	0.000000	0.000000	0.000000	1.000070	0.000000	0.000000	
0.000000	0.000001	1.000210	0.000000	0.000000	0.000000	0.016131	0.000000	
0.000000	0.000000	0.000000	0.000000	0.000000	0.000000	0.000000	1.000048	
0.000000	0.000000	0.000000	1.000032	0.000000	0.000000	0.016129	0.000000	
0.000002	0.706701	0.708138	0.000000	0.000001	0.000001	0.000000	0.000000	
0.000432	0.000001	0.019842	0.000000	0.000011	0.999982	0.000000	0.000000	
0.013873	0.064369	0.000075	0.000181	0.997921	0.000000	0.000196	0.000000	
0.000000	0.000000	0.000000	0.708028	0.000000	0.706285	0.000000	0.000000	
0.000000	0.000000	0.000000	0.000000	0.000000	0.706837	0.000000	0.707908	
0.705706	0.000003	0.708666	0.000000	0.000000	0.000000	0.000000	0.000000	
0.000000	0.000000	0.000000	0.000000	0.655795	0.755443	0.000000	0.000000	
0.000000	0.000002	0.714508	0.700236	0.000001	0.000000	0.000000	0.000000	
1.002557	0.000000	0.011375	0.000000	0.000001	0.000000	0.000000	0.000000	
0.000000	0.000000	0.000000	0.694903	0.000000	0.000001	0.000524	0.719292	
0.000002	0.000000	0.000000	0.739125	0.675621	0.000001	0.000000	0.000000	
0.003536	0.000289	0.706762	0.011402	0.000000	0.707537	0.000000	0.000000	
0.005289	0.551221	0.475338	0.686303	0.000000	0.000000	0.000000	0.000001	
0.000000	0.745263	0.000001	0.000000	0.000005	0.744827	0.000000	0.000019	
0.000000	0.000000	0.000000	0.000000	0.999918	0.000001	0.016135	0.000000	
0.088134	0.998676	0.000000	0.000138	0.000000	0.000000	0.016186	0.000000	
0.707851	0.000003	0.000004	0.000000	0.707823	0.000001	0.000000	0.000000	
0.000000	1.000396	0.000001	0.000000	0.000000	0.000000	0.000000	0.000001	
0.000000	0.018351	0.020364	0.999646	0.000000	0.001278	0.016153	0.000000	
0.000000	0.000000	0.708359	0.000000	0.000000	0.000001	0.000827	0.706741	
0.029437	0.737356	0.666543	0.033313	0.100665	0.000001	0.000074	0.000000	
0.000000	0.000000	1.003128	0.000000	0.000000	0.000000	0.000000	0.000000	
0.000000	0.000000	0.000000	0.000000	0.000000	0.999929	0.016172	0.000000	
0.707672	0.000008	0.000005	0.000000	0.000000	0.707094	0.000000	0.000000	
0.000000	0.000001	0.000000	0.000000	0.708078	0.000000	0.000000	0.706448	
0.000183	0.041777	0.001853	0.000079	0.040351	0.000000	0.000331	1.000020	
0.000000	0.000000	0.000000	1.000504	0.000000	0.000000	0.000011	0.000000	
0.000004	0.708198	0.000000	0.000000	0.000001	0.000000	0.000000	0.706568	
0.675379	0.000713	0.000054	0.206054	0.000000	0.027020	0.000000	0.707710	
