0.000000	0.000000	0.000000	0.000000	0.999869	0.000000	0.016174	0.000000	
0.000000	0.000000	0.000000	0.707107	0.000000	0.707107	0.000000	0.000000	
0.000000	0.000000	0.000000	0.000000	0.707107	0.000000	0.000000	0.707107	
0.000000	0.707107	0.000000	0.000000	0.000000	0.707106	0.000000	0.000000	
0.707212	0.707002	0.000000	0.000000	0.000000	0.000000	0.000000	0.000000	
0.000000	0.000000	0.707107	0.000000	0.000000	0.707107	0.000000	0.000000	
0.000000	0.999869	0.000000	0.000000	0.000000	0.000000	0.016174	0.000000	
0.000000	0.000000	0.000000	0.000000	1.000000	0.000000	0.000000	0.000000	
0.000000	0.000000	0.707104	0.707110	0.000000	0.000000	0.000000	0.000000	
0.000000	0.000000	0.707107	0.000000	0.000000	0.000000	0.000000	0.707107	
0.000000	0.000000	0.000000	0.000000	0.000000	0.000000	0.000000	1.000000	
0.999869	0.000000	0.000000	0.000000	0.000000	0.000000	0.016174	0.000000	
1.000000	0.000000	0.000000	0.000000	0.000000	0.000000	0.000000	0.000000	
0.000000	0.000000	1.000000	0.000000	0.000000	0.000000	0.000000	0.000000	
0.000000	0.000000	0.000000	0.000000	0.000000	0.000000	1.000000	0.000000	
0.000010	0.002676	0.000037	0.000001	0.000000	0.000000	0.016182	0.999865	
0.000000	0.000000	0.000000	0.000000	0.000000	0.999869	0.016174	0.000000	
0.000000	0.707107	0.000000	0.000000	0.000000	0.000000	0.000000	0.707107	
0.000000	0.000000	0.000000	0.707164	0.707168	0.000000	0.000000	0.000000	
0.000000	1.005016	0.000000	0.000000	0.000000	0.000000	0.000000	0.000000	
0.000000	0.000000	0.707105	0.000000	0.707110	0.000000	0.000000	0.000000	
0.000000	0.000000	0.000000	0.000000	0.000000	1.000000	0.000000	0.000000	
0.000000	0.000000	0.000000	0.000000	0.707107	0.707107	0.000000	0.000000	
0.707107	0.000000	0.000000	0.000000	0.000000	0.707106	0.000000	0.000000	
0.000000	0.707151	0.707062	0.000000	0.000000	0.000000	0.000000	0.000000	
0.707100	0.000000	0.000000	0.707114	0.000000	0.000000	0.000000	0.000000	
0.707105	0.000000	0.000000	0.000000	0.707109	0.000000	0.000000	0.000000	
0.000000	0.000000	0.000000	0.707107	0.000000	0.000000	0.000000	0.707107	
0.000000	0.707030	0.000000	0.707184	0.000000	0.000000	0.000000	0.000000	
0.000000	0.000000	0.000000	0.999869	0.000000	0.000000	0.016174	0.000000	
0.000000	0.000000	0.000000	0.000000	0.000000	0.707107	0.000000	0.707107	
0.707157	0.000000	0.707056	0.000000	0.000000	0.000000	0.000000	0.000000	
0.000000	0.000000	0.999869	0.000000	0.000000	0.000000	0.016174	0.000000	
0.000000	0.707104	0.000000	0.000000	0.707110	0.000000	0.000000	0.000000	
0.707107	0.000000	0.000000	0.000000	0.000000	0.000000	0.000000	0.707107	
0.000000	0.000000	0.000000	1.000000	0.000000	0.000000	0.000000	0.000000	
0.000000	0.000000	0.000000	0.000000	0.718502	0.696442	0.016186	0.000000	
0.000000	0.000000	0.000000	0.000000	0.000000	1.000000	0.000000	0.000000	
0.000000	1.000000	0.000000	0.000000	0.000000	0.000000	0.000000	0.000000	
0.987866	0.118020	0.098768	0.021110	0.000532	0.000000	0.001281	0.000000	
0.707157	0.000000	0.707056	0.000000	0.000000	0.000000	0.000000	0.000000	
0.000010	0.002676	0.000002	0.000001	0.000014	0.000000	0.016182	0.999865	
0.000000	0.000000	0.707107	0.000000	0.000000	0.707107	0.000000	0.000000	
0.000000	0.000000	0.000000	0.000000	0.707107	0.707107	0.000000	0.000000	
0.000000	0.706889	0.707324	0.000000	0.000000	0.000000	0.000000	0.000000	
0.495131	0.000000	0.493375	0.000000	0.717870	0.034323	0.000000	0.000000	
0.000000	0.000000	0.000000	0.000000	0.000000	0.000000	1.000000	0.000000	
0.024673	0.002115	0.494895	0.009248	0.495603	0.000000	0.000000	0.713272	
0.000000	0.000000	0.000000	0.715149	0.715153	0.000000	0.000000	0.000000	
0.482852	0.511420	0.074642	0.000000	0.000000	0.707295	0.000000	0.000000	
0.000000	0.707107	0.000000	0.000000	0.000000	0.000000	0.000000	0.707107	
0.707099	0.000000	0.000722	0.707114	0.000000	0.000000	0.000000	0.000000	
0.063883	0.000089	0.999027	0.000000	0.000000	0.000000	0.016710	0.000000	
0.006332	0.000394	0.118895	0.992154	0.017101	0.029996	0.016174	0.000000	
0.707107	0.000000	0.000000	0.000000	0.000000	0.000000	0.000000	0.707107	
0.000000	0.000000	0.000000	0.000000	0.000000	1.006120	0.016275	0.000010	
0.448464	0.000989	0.468421	0.000000	0.761223	0.000000	0.000000	0.000000	
0.151601	0.647840	0.030903	0.001021	0.743803	0.000001	0.000026	0.055874	
0.707212	0.707002	0.000000	0.000000	0.000000	0.000000	0.000000	0.000000	
0.000000	0.000000	1.000000	0.000000	0.000000	0.000000	0.000000	0.000000	
0.000000	0.000000	0.000000	0.707161	0.000000	0.000000	0.000000	0.707161	
0.000000	0.707030	0.000001	0.707184	0.000000	0.000000	0.000000	0.000000	
0.704229	0.045849	0.000000	0.000000	0.000044	0.705720	0.000034	0.068524	
0.000000	0.000000	0.000000	0.000000	1.000000	0.000000	0.000000	0.000000	
0.000000	0.000000	0.000000	0.000000	0.000000	0.707107	0.000000	0.707107	
0.001584	0.020871	0.638595	0.767544	0.051254	0.002621	0.000993	0.000000	
0.000000	0.000000	0.000000	1.000000	0.000000	0.000000	0.000000	0.000000	
0.227827	0.973578	0.057949	0.001536	0.021265	0.000030	0.023182	0.044258	
0.000000	0.000000	0.000000	0.707107	0.000000	0.707107	0.000000	0.000000	
0.014134	0.073491	0.702981	0.014724	0.000000	0.000000	0.000000	0.707107	
0.969308	0.050481	0.107276	0.014722	0.033442	0.211636	0.016174	0.000000	
0.000000	0.000000	0.000000	0.000000	0.000000	0.000000	0.000000	1.000000	
0.024673	0.002115	0.494895	0.009248	0.495603	0.000000	0.000000	0.713272	
0.321577	0.330445	0.000927	0.534938	0.004066	0.707968	0.000000	0.000000	
0.707540	0.000000	0.707439	0.000000	0.000000	0.000000	0.000000	0.000000	
0.113078	0.814769	0.013331	0.568311	0.014471	0.000000	0.000000	0.000000	
0.001253	0.019966	0.000260	0.676518	0.736269	0.002745	0.000000	0.000000	
0.706247	0.706038	0.000228	0.052154	0.000173	0.002476	0.000000	0.000000	
0.000251	0.076087	0.000002	0.000000	0.000000	0.000001	0.009397	0.997057	
0.112661	0.709526	0.007891	0.000069	0.000080	0.005999	0.000000	0.695544	
0.257299	0.665241	0.010714	0.026194	0.008612	0.713879	0.000000	0.000000	
0.033678	0.030999	0.001414	0.047596	0.997685	0.000000	0.016174	0.000000	
0.497612	0.001089	0.496177	0.000000	0.720967	0.033691	0.000000	0.000000	
0.000000	0.000000	0.000000	0.000000	0.000000	0.000000	1.000000	0.000000	
0.000000	0.000000	0.719438	0.000000	0.695243	0.000000	0.002828	0.000000	
0.967951	0.050410	0.101222	0.014692	0.033373	0.220665	0.016174	0.000000	
0.000000	0.999869	0.000000	0.000000	0.000000	0.000000	0.016174	0.000000	
0.000022	0.000481	0.004520	0.519082	0.000000	0.480139	0.000000	0.707107	
0.000000	0.000000	0.000000	0.000000	0.000000	0.999869	0.016174	0.000000	
0.000000	0.000000	0.000000	0.984256	0.176640	0.006229	0.000000	0.000000	
0.696088	0.083061	0.051220	0.000332	0.076711	0.007393	0.000000	0.707107	
0.000000	0.000000	1.000000	0.000000	0.000000	0.000000	0.000000	0.000000	
0.366509	0.378226	0.526598	0.067824	0.051349	0.661871	0.000000	0.000000	
0.478741	0.000000	0.019279	0.000000	0.524245	0.710209	0.000001	0.030417	
0.000000	0.000000	0.000000	0.999871	0.000000	0.000000	0.016075	0.000000	
0.000036	0.998776	0.019284	0.000024	0.000208	0.002353	0.000000	0.045496	
0.077283	0.556197	0.007296	0.376354	0.736982	0.002745	0.000000	0.000000	
0.039333	0.101823	0.688468	0.706791	0.000211	0.000134	0.000000	0.120595	
0.000000	0.000000	0.000000	0.000000	1.000000	0.000000	0.000000	0.000000	
0.000000	0.000000	0.721041	0.000000	0.000000	0.000000	0.000000	0.692892	
