0.000000	0.000000	0.000000	0.000000	0.707107	0.000000	0.000000	0.707107	
0.000000	1.000002	0.000000	0.000000	0.000000	0.000000	0.000000	0.000000	
0.000000	0.999869	0.000000	0.000000	0.000000	0.000000	0.016172	0.000000	
0.000000	0.000000	0.000000	0.707110	0.000000	0.707108	0.000000	0.000000	
0.707132	0.000000	0.000000	0.000000	0.000000	0.000000	0.000000	0.707082	
0.720768	0.000000	0.000000	0.000000	0.000000	0.710387	0.000000	0.000000	
0.000000	0.000000	0.000000	0.000000	0.999869	0.000000	0.016174	0.000000	
0.709382	0.000000	0.000000	0.708618	0.000000	0.000000	0.000000	0.000000	
0.706687	0.707526	0.000000	0.000000	0.000000	0.000000	0.000000	0.000000	
0.000000	0.000000	0.707108	0.000000	0.000000	0.000000	0.000000	0.707106	
0.000000	0.000000	0.707102	0.707112	0.000000	0.000000	0.000000	0.000000	
1.011260	0.000000	0.000000	0.000000	0.000000	0.000000	0.000000	0.000000	
0.001435	0.707062	0.707150	0.000000	0.000000	0.000000	0.000000	0.000000	
0.000000	0.707103	0.000000	0.000000	0.707110	0.000000	0.000000	0.000000	
0.000000	0.000000	0.000000	0.707104	0.707110	0.000000	0.000000	0.000000	
0.000000	0.000000	0.000000	0.999869	0.000000	0.000000	0.016174	0.000000	
0.000000	0.000000	0.707104	0.000000	0.707110	0.000000	0.000000	0.000000	
0.707064	0.000000	0.707150	0.000000	0.000000	0.000000	0.000000	0.000000	
0.000000	0.000000	1.000001	0.000000	0.000000	0.000000	0.000000	0.000000	
0.999869	0.000000	0.000000	0.000000	0.000000	0.000000	0.016171	0.000000	
0.000000	0.000000	0.000000	0.707107	0.000000	0.000000	0.000000	0.707107	
0.000000	0.000000	0.000000	0.000000	0.000000	0.707107	0.000000	0.707107	
0.000000	0.000000	0.000000	0.000000	0.000000	0.000000	1.000018	0.000000	
0.000000	0.000000	0.000000	0.000000	0.000000	0.999869	0.016174	0.000000	
0.000000	0.000000	0.000000	0.000000	0.000000	1.000000	0.000000	0.000000	
0.707103	0.000000	0.000000	0.000000	0.707110	0.000000	0.000000	0.000000	
0.000000	0.000000	0.000000	0.000000	0.707108	0.707106	0.000000	0.000000	
0.000000	0.000000	0.000000	0.000000	1.000000	0.000000	0.000000	0.000000	
0.000000	0.000000	0.000000	1.000000	0.000000	0.000000	0.000000	0.000000	
0.000000	0.000000	0.707051	0.000000	0.000000	0.707162	0.000000	0.000000	
0.000000	0.707130	0.000000	0.000000	0.000000	0.707084	0.000000	0.000000	
0.000000	0.000000	0.000000	0.000000	0.000000	0.000000	0.000000	1.000000	
0.000000	0.707107	0.000000	0.000002	0.000000	0.000000	0.000000	0.707107	
0.000000	0.000000	0.999869	0.000000	0.000000	0.000000	0.016168	0.000000	
0.000000	0.707102	0.000000	0.707112	0.000000	0.000000	0.000000	0.000000	
0.002672	0.000088	0.000095	0.000003	0.000068	0.000000	0.016184	0.999995	
0.000000	0.000000	1.000001	0.000000	0.000000	0.000000	0.000000	0.000000	
0.992026	0.019440	0.119127	0.000000	0.000000	0.000237	0.036319	0.000000	
0.000000	0.520881	0.500439	0.000225	0.001455	0.691550	0.000000	0.000000	
0.000000	0.000000	0.000000	0.000000	0.000000	0.707107	0.000000	0.707107	
0.000000	0.000000	0.707108	0.000000	0.000000	0.000000	0.000000	0.707106	
0.000000	0.000000	0.000000	0.000000	0.707108	0.707106	0.000000	0.000000	
0.707103	0.000000	0.000000	0.000000	0.707110	0.000000	0.000000	0.000000	
0.000000	0.000000	0.000000	0.000000	0.000000	0.000000	1.000000	0.000000	
0.002583	0.704608	0.709592	0.000000	0.000000	0.000000	0.000000	0.000000	
0.000000	0.707107	0.000000	0.000002	0.000000	0.000000	0.000000	0.707107	
0.000000	0.000000	0.999869	0.000000	0.000000	0.000000	0.016168	0.000000	
0.000000	0.000000	0.000000	1.000000	0.000000	0.000000	0.000000	0.000000	
0.647469	0.009488	0.762020	0.000000	0.004440	0.000000	0.000000	0.000000	
0.002671	0.000131	0.000095	0.000066	0.000000	0.000000	0.016184	0.999995	
0.000000	0.000000	0.000000	0.503643	0.503632	0.000000	0.000000	0.712251	
0.000000	0.000000	0.000000	0.000000	0.999869	0.000000	0.016174	0.000000	
0.000017	0.000000	0.707051	0.000000	0.000000	0.707162	0.000000	0.000000	
0.707130	0.000000	0.000000	0.000000	0.000000	0.707084	0.000000	0.000000	
0.000000	0.000000	0.000000	0.707104	0.707110	0.000000	0.000000	0.000000	
1.012006	0.000000	0.000000	0.000000	0.000000	0.000000	0.000000	0.000000	
0.000000	0.000000	0.000000	0.000000	1.000000	0.000000	0.000000	0.000000	
0.000000	0.000000	0.707102	0.707112	0.000000	0.000000	0.000000	0.000000	
0.156968	0.987372	0.021399	0.000003	0.000000	0.000000	0.000000	0.000000	
0.006862	0.000145	0.001417	0.998181	0.070831	0.000000	0.016366	0.079536	
0.000000	0.000000	0.000000	0.000000	0.707107	0.000000	0.000000	0.707107	
0.000001	0.707102	0.000000	0.707111	0.000000	0.000000	0.000000	0.000000	
0.048975	0.778188	0.000000	0.011953	0.626005	0.000000	0.000000	0.000000	
0.707102	0.000000	0.000000	0.707111	0.000000	0.000000	0.000000	0.000000	
0.000000	0.000000	0.000000	0.707110	0.000000	0.707108	0.000000	0.000000	
0.000000	0.000000	0.000000	0.000000	0.000000	0.000000	0.000000	1.000000	
0.000000	0.000000	0.707104	0.000000	0.707110	0.000000	0.000000	0.000000	
0.000000	0.000000	0.000000	0.000000	0.000000	1.000000	0.000000	0.000000	
0.713829	0.714228	0.073747	0.000000	0.000000	0.000000	0.000000	0.005694	
0.000000	0.000000	0.000000	0.000000	0.000000	0.999869	0.016174	0.000000	
0.707105	0.000000	0.000000	0.000000	0.000000	0.000000	0.000000	0.707108	
0.014374	0.714216	0.000000	0.045045	0.025654	0.000000	0.011381	0.699141	
0.000040	0.000004	0.000001	0.000001	0.000001	0.000000	0.016404	0.999995	
0.046797	0.705912	0.000000	0.004302	0.000000	0.000000	0.000000	0.707474	
0.034069	0.998703	0.078682	0.088891	0.024502	0.006986	0.000000	0.001000	
0.000000	0.000000	0.000000	0.000000	0.000000	1.000000	0.000000	0.000000	
0.000000	0.000000	0.000000	0.000000	0.000000	0.000000	0.000000	1.000000	
0.000000	0.000000	0.715263	0.698232	0.029503	0.000024	0.000000	0.000000	
0.707102	0.000000	0.000000	0.707111	0.000000	0.000000	0.000000	0.000000	
0.707103	0.000000	0.000000	0.000000	0.707110	0.000000	0.000000	0.000000	
0.000000	0.000000	0.000000	0.000000	0.695874	0.718164	0.000000	0.000000	
0.707126	0.004662	0.000000	0.000000	0.000000	0.000000	0.000000	0.707092	
0.000001	0.725064	0.009186	0.694326	0.000000	0.000000	0.000000	0.000000	
0.000015	0.004053	0.004082	0.998811	0.045890	0.000000	0.000000	0.021839	
0.014373	0.714204	0.000000	0.045268	0.025655	0.000000	0.011382	0.699143	
0.000000	0.717205	0.017772	0.060906	0.001450	0.689329	0.000000	0.081867	
0.000000	0.000000	0.000000	0.000000	0.710333	0.000000	0.000000	0.710332	
0.734455	0.672602	0.001017	0.063606	0.000256	0.000000	0.016151	0.077286	
0.706516	0.004471	0.027142	0.000000	0.000000	0.707163	0.000000	0.000000	
0.007674	0.000000	0.000016	0.707088	0.000000	0.707084	0.000000	0.000000	
0.000983	0.035877	0.706453	0.000000	0.000000	0.000000	0.000000	0.707363	
0.000000	0.000000	0.577189	0.571054	0.583738	0.000000	0.000000	0.000000	
0.000271	0.000023	0.002762	0.703440	0.731111	0.000000	0.000000	0.000000	
0.000017	0.000000	0.707051	0.000000	0.000000	0.707162	0.000000	0.000000	
0.000122	0.045842	0.000018	0.702185	0.010364	0.000000	0.000000	0.717496	
0.013392	0.000800	0.000000	0.714982	0.025630	0.000525	0.011371	0.698485	
0.000582	0.007865	0.000000	0.000156	0.998189	0.059630	0.000000	0.000000	
0.589219	0.003791	0.807970	0.000000	0.000000	0.000000	0.000000	0.000000	
0.001434	0.706728	0.706816	0.000000	0.000000	0.000000	0.000000	0.039175	
0.000000	0.000000	0.000000	0.000000	0.999869	0.000000	0.016174	0.000097	
