0.000000	0.000000	0.707102	0.707112	0.000000	0.000000	0.000000	0.000000	
0.000000	0.000000	0.000000	0.000000	0.707107	0.000000	0.000000	0.707107	
0.000000	1.000002	0.000000	0.000000	0.000000	0.000000	0.000000	0.000000	
0.000017	0.000000	0.707051	0.000000	0.000000	0.707162	0.000000	0.000000	
0.000000	0.707102	0.000000	0.707112	0.000000	0.000000	0.000000	0.000000	
0.000000	0.000000	0.000000	0.000000	0.000000	1.000000	0.000000	0.000000	
0.000000	0.000000	0.000000	0.000000	0.000000	0.000000	1.000000	0.000000	
0.000000	0.000000	0.000000	0.000000	0.000000	0.707107	0.000000	0.707107	
0.000000	0.000000	0.000000	0.000000	0.000000	0.999869	0.016174	0.000000	
0.000000	0.000000	0.000000	1.000000	0.000000	0.000000	0.000000	0.000000	
0.720768	0.000000	0.000000	0.000000	0.000000	0.710387	0.000000	0.000000	
1.000200	0.001415	0.003066	0.000000	0.000015	0.000000	0.015998	0.000000	
0.000000	0.000000	0.000000	0.999869	0.000000	0.000000	0.016174	0.000000	
0.000000	0.000000	0.000000	0.707104	0.707110	0.000000	0.000000	0.000000	
0.000000	0.707103	0.000000	0.000000	0.707110	0.000000	0.000000	0.000000	
0.000000	0.000000	0.000000	0.000000	1.000000	0.000000	0.000000	0.000000	
0.707102	0.000000	0.000000	0.707111	0.000000	0.000000	0.000000	0.000000	
0.001996	0.001779	0.000101	0.000041	0.000000	0.000003	0.016182	0.999865	
0.000000	0.999869	0.000000	0.000000	0.000000	0.000000	0.016172	0.000000	
0.000000	0.000000	0.707108	0.000000	0.000000	0.000000	0.000000	0.707106	
0.000000	0.000000	0.000000	0.707107	0.000000	0.000000	0.000000	0.707107	
0.706687	0.707526	0.000000	0.000000	0.000000	0.000000	0.000000	0.000000	
0.000000	0.000000	0.000000	0.707110	0.000000	0.707108	0.000000	0.000000	
0.707103	0.000000	0.000000	0.000000	0.707110	0.000000	0.000000	0.000000	
0.002583	0.704608	0.709592	0.000000	0.000000	0.000000	0.000000	0.000000	
0.000000	0.707107	0.000000	0.000002	0.000000	0.000000	0.000000	0.707107	
1.011260	0.000000	0.000000	0.000000	0.000000	0.000000	0.000000	0.000000	
0.000000	0.000000	0.707104	0.000000	0.707110	0.000000	0.000000	0.000000	
0.000000	0.000000	0.000000	0.000000	0.707108	0.707106	0.000000	0.000000	
0.707132	0.000000	0.000000	0.000000	0.000000	0.000000	0.000000	0.707082	
0.000000	0.000000	0.000000	0.000000	0.999869	0.000000	0.016174	0.000000	
0.000000	0.707130	0.000000	0.000000	0.000000	0.707084	0.000000	0.000000	
0.000000	0.000000	1.000001	0.000000	0.000000	0.000000	0.000000	0.000000	
0.000000	0.000000	0.999869	0.000000	0.000000	0.000000	0.016168	0.000000	
0.000000	0.000000	0.000000	0.000000	0.000000	0.000000	0.000000	1.000000	
0.707064	0.000000	0.707150	0.000000	0.000000	0.000000	0.000000	0.000000	
0.000000	0.000000	0.000000	0.000000	0.000000	0.000000	0.000000	1.000000	
0.000000	0.000000	0.999869	0.000000	0.000000	0.000000	0.016168	0.000000	
0.713829	0.714228	0.073747	0.000000	0.000000	0.000000	0.000000	0.005694	
0.000000	0.000000	0.000000	0.000000	0.707107	0.000000	0.000000	0.707107	
1.012006	0.000000	0.000000	0.000000	0.000000	0.000000	0.000000	0.000000	
0.000000	0.000000	0.000000	0.707108	0.000000	0.707106	0.000000	0.000000	
0.000000	0.000000	0.000000	0.000000	0.000000	1.000000	0.000000	0.000000	
0.707105	0.000000	0.000000	0.000000	0.000000	0.000000	0.000000	0.707108	
0.000000	0.000000	0.000000	0.000000	0.999869	0.000000	0.016174	0.000000	
0.000001	0.707102	0.000000	0.707112	0.000000	0.000000	0.000000	0.000000	
0.647469	0.009488	0.762020	0.000000	0.004440	0.000000	0.000000	0.000000	
0.000000	0.000000	0.707102	0.707112	0.000000	0.000000	0.000000	0.000000	
0.014374	0.714216	0.000000	0.045045	0.025654	0.000000	0.011381	0.699141	
0.000000	0.000000	1.000001	0.000000	0.000000	0.000000	0.000000	0.000000	
0.000017	0.000000	0.707051	0.000000	0.000000	0.707162	0.000000	0.000000	
0.000000	0.000000	0.000000	0.000000	0.000000	0.999869	0.016174	0.000000	
0.000000	0.000000	0.000000	0.707104	0.707110	0.000000	0.000000	0.000000	
0.007303	0.706066	0.041878	0.000000	0.000014	0.000000	0.000000	0.707343	
0.707102	0.000000	0.000000	0.707111	0.000000	0.000000	0.000000	0.000000	
0.000000	0.000000	0.000000	0.000000	0.707108	0.707106	0.000000	0.000000	
0.000000	0.000000	0.000000	0.000000	1.000000	0.000000	0.000000	0.000000	
0.000000	0.000000	0.707108	0.000000	0.000000	0.000000	0.000000	0.707106	
0.000001	0.703195	0.713368	0.000000	0.000000	0.000000	0.000000	0.000000	
0.000000	0.520881	0.500439	0.000225	0.001455	0.691550	0.000000	0.000000	
0.999869	0.000000	0.000000	0.000000	0.000000	0.000000	0.016171	0.000000	
0.156968	0.987372	0.021399	0.000003	0.000000	0.000000	0.000000	0.000000	
0.000000	0.000000	0.000000	0.000000	0.000000	0.707107	0.000000	0.707107	
0.000000	0.000000	0.000000	0.503643	0.503632	0.000000	0.000000	0.712251	
0.707103	0.000000	0.000000	0.000000	0.707110	0.000000	0.000000	0.000000	
0.000048	0.000002	0.002676	0.000002	0.000000	0.000000	0.016182	0.999866	
0.000000	0.000000	0.000000	0.000000	0.000000	0.000000	1.000000	0.000000	
0.006862	0.000145	0.001417	0.998181	0.070831	0.000000	0.016366	0.079536	
0.000000	0.000000	0.707104	0.000000	0.707110	0.000000	0.000000	0.000000	
0.000000	0.000000	0.000000	1.000000	0.000000	0.000000	0.000000	0.000000	
0.048975	0.778188	0.000000	0.011953	0.626005	0.000000	0.000000	0.000000	
0.707130	0.000000	0.000000	0.000000	0.000000	0.707084	0.000000	0.000000	
0.707694	0.130772	0.691952	0.057158	0.000023	0.000000	0.000000	0.002030	
0.004598	0.000071	0.005304	0.999857	0.015350	0.000000	0.000344	0.000000	
0.706547	0.006441	0.027271	0.707111	0.000000	0.000000	0.000000	0.000000	
0.000000	0.000000	0.000000	0.000000	0.707108	0.707107	0.000000	0.000000	
0.000000	0.000000	0.000000	0.711362	0.711368	0.024462	0.000000	0.000000	
0.000000	0.639270	0.001499	0.000000	0.000000	0.788228	0.000000	0.000000	
0.011427	0.707022	0.000000	0.000000	0.000014	0.000000	0.000000	0.707118	
0.000000	0.082163	0.000000	0.702317	0.000000	0.000000	0.000000	0.707107	
0.000001	0.725200	0.690934	0.000000	0.000000	0.000000	0.000000	0.000000	
0.000000	0.000000	0.000000	0.000000	0.707107	0.000000	0.000000	0.707107	
0.000000	0.000000	0.000000	0.000000	0.000000	0.000000	1.000000	0.000000	
0.009878	0.011841	0.737483	0.000000	0.000000	0.000000	0.000000	0.684122	
0.000348	0.004247	0.048423	0.998591	0.000000	0.000000	0.021286	0.000000	
0.707986	0.014734	0.041553	0.000000	0.000014	0.000016	0.000000	0.709356	
0.011904	0.741843	0.670279	0.000000	0.000000	0.000000	0.015912	0.000000	
0.704611	0.705448	0.000000	0.076895	0.000000	0.000000	0.000000	0.000000	
0.000000	0.000000	0.000000	0.000000	0.999869	0.000000	0.016174	0.000097	
0.001626	1.000000	0.000000	0.000001	0.000000	0.001361	0.000000	0.000000	
0.999273	0.037981	0.000000	0.000000	0.000000	0.003242	0.000000	0.000000	
0.019274	0.000000	0.706683	0.014826	0.000000	0.723991	0.000646	0.000000	
0.000000	0.000000	0.000000	0.000000	0.000000	0.707107	0.000000	0.707107	
0.701278	0.018099	0.009161	0.074364	0.708708	0.000000	0.000000	0.000000	
0.000001	0.707102	0.000000	0.707111	0.000000	0.000000	0.000000	0.000000	
0.000051	0.002009	0.000024	0.036236	0.036476	0.995447	0.016124	0.078604	
0.000000	0.000000	0.000000	0.000000	0.000000	1.000000	0.000000	0.000000	
0.992026	0.019440	0.119127	0.000000	0.000000	0.000237	0.036319	0.000000	
0.209472	0.004297	0.977642	0.007926	0.000015	0.000000	0.015993	0.000000	
0.706516	0.004471	0.027142	0.000000	0.000000	0.707163	0.000000	0.000000	
