0.000000	0.000000	0.000000	0.000000	0.000000	0.000000	0.000000	1.000000	
0.000000	0.000000	0.000000	0.577348	0.000000	0.816498	0.000000	0.000000	
0.000000	1.000000	0.000000	0.000000	0.000000	0.000000	0.000000	0.000000	
0.000000	0.000000	0.000000	0.577360	0.816490	0.000000	0.000000	0.000000	
0.000000	0.000000	0.707107	0.000000	0.000000	0.000000	0.000000	0.707107	
0.000000	0.707107	0.000000	0.000000	0.707107	0.000000	0.000000	0.000000	
0.816502	0.000000	0.000000	0.577343	0.000000	0.000000	0.000000	0.000000	
0.000000	0.707089	0.707125	0.000000	0.000000	0.000000	0.000000	0.000000	
0.000000	0.000000	0.000000	0.000000	0.707107	0.000000	0.000000	0.707107	
0.707107	0.000000	0.000000	0.000000	0.000000	0.000000	0.707107	0.000000	
0.000000	0.000000	0.000000	0.577300	0.000000	0.000000	0.816532	0.000000	
0.000000	0.000000	0.000000	0.000000	0.000000	0.707107	0.707107	0.000000	
0.000000	0.707107	0.000000	0.000000	0.000000	0.000000	0.707107	0.000000	
0.707024	0.707189	0.000000	0.000000	0.000000	0.000000	0.000000	0.000000	
0.000000	0.000000	0.000000	1.000000	0.000000	0.000000	0.000000	0.000000	
0.000000	0.707107	0.000000	0.000000	0.000000	0.707107	0.000000	0.000000	
0.000000	0.000000	0.816501	0.577344	0.000000	0.000000	0.000000	0.000000	
0.707143	0.000000	0.707071	0.000000	0.000000	0.000000	0.000000	0.000000	
0.000000	0.816504	0.000000	0.577340	0.000000	0.000000	0.000000	0.000000	
0.000000	0.000000	0.000000	0.577353	0.000000	0.000000	0.000000	0.816495	
0.707107	0.000000	0.000000	0.000000	0.707107	0.000000	0.000000	0.000000	
0.000000	0.000000	0.000000	0.000000	0.000000	0.707107	0.000000	0.707107	
1.000000	0.000000	0.000000	0.000000	0.000000	0.000000	0.000000	0.000000	
0.707107	0.000000	0.000000	0.000000	0.000000	0.000000	0.000000	0.707107	
0.000000	0.707107	0.000000	0.000000	0.000000	0.000000	0.000000	0.707107	
0.000000	0.000000	0.000000	0.000000	1.000000	0.000000	0.000000	0.000000	
0.000000	0.000000	0.000000	0.000000	0.000000	0.000000	0.707107	0.707107	
0.000000	0.000000	0.000000	0.000000	0.707107	0.000000	0.707107	0.000000	
0.707107	0.000000	0.000000	0.000000	0.000000	0.707107	0.000000	0.000000	
0.000000	0.000000	1.000000	0.000000	0.000000	0.000000	0.000000	0.000000	
0.000000	0.000000	0.000000	0.000000	0.707107	0.707107	0.000000	0.000000	
0.000000	0.000000	0.707107	0.000000	0.000000	0.000000	0.707107	0.000000	
0.000000	0.000000	0.000000	0.000000	0.000000	0.000000	1.000000	0.000000	
0.000000	0.000000	0.000000	0.000000	0.000000	1.000000	0.000000	0.000000	
0.000000	0.000000	0.707107	0.000000	0.707107	0.000000	0.000000	0.000000	
0.000000	0.000000	0.707164	0.000000	0.000000	0.707164	0.000000	0.000000	
0.000000	0.000000	0.000000	0.000000	0.707107	0.000000	0.000000	0.707107	
0.721890	0.008323	0.053672	0.000000	0.687658	0.000000	0.058644	0.000000	
0.000000	0.000000	0.000000	0.000000	0.000000	0.728497	0.000000	0.685049	
0.003012	0.707083	0.707125	0.000000	0.000000	0.000000	0.000000	0.000000	
0.000000	0.000000	0.711548	0.016533	0.702379	0.000453	0.000596	0.009409	
0.997246	0.060125	0.003210	0.000000	0.043305	0.000000	0.000000	0.000013	
0.709325	0.001577	0.040344	0.000000	0.105288	0.005308	0.044272	0.694373	
0.181870	0.982822	0.026808	0.000000	0.016302	0.000000	0.000000	0.000000	
0.581116	0.000000	0.591015	0.555124	0.000000	0.000024	0.069588	0.000000	
0.000000	0.000000	0.000000	0.000000	0.000000	0.707107	0.707107	0.000000	
0.000000	0.000000	0.000000	0.000000	0.999643	0.000000	0.000000	0.026736	
0.569238	0.507366	0.026335	0.000008	0.000787	0.646363	0.000460	0.008318	
0.000000	0.000000	0.000000	0.000000	0.000000	0.000000	1.000000	0.000000	
0.000463	0.046361	0.701903	0.088965	0.034276	0.028629	0.000000	0.703757	
0.000000	0.000000	0.000000	0.000000	0.707107	0.707107	0.000000	0.000000	
0.000000	0.000000	0.000000	0.577348	0.000000	0.816498	0.000000	0.000000	
0.699364	0.000000	0.711278	0.011268	0.000000	0.002050	0.069588	0.000000	
0.000318	0.004171	0.053233	0.574885	0.816490	0.000134	0.000000	0.000000	
0.474150	0.485274	0.001787	0.000000	0.000000	0.734584	0.008622	0.000000	
0.000024	0.001036	0.705059	0.000000	0.000015	0.012980	0.705180	0.073778	
0.000000	0.704782	0.000000	0.000874	0.000000	0.000000	0.000000	0.709424	
0.000000	0.000000	0.000000	0.999809	0.019530	0.000000	0.000000	0.000000	
0.000000	0.000000	0.000000	0.418259	0.591492	0.019849	0.689059	0.000000	
0.104653	0.516877	0.000000	0.000000	0.500942	0.000000	0.686540	0.000000	
0.000000	0.000000	0.709446	0.000000	0.000000	0.709445	0.000000	0.000000	
0.000000	0.000000	0.000000	0.000000	0.000000	0.000000	0.707107	0.707107	
0.789670	0.000008	0.001572	0.613681	0.000000	0.000000	0.000000	0.000000	
0.000096	0.037367	0.565706	0.409556	0.000013	0.045060	0.000000	0.713312	
0.000000	0.816504	0.000000	0.577340	0.000000	0.000000	0.000000	0.000000	
0.707107	0.000000	0.000000	0.000000	0.000000	0.000000	0.707107	0.000000	
0.008442	0.000020	0.000457	0.000574	0.000136	0.000026	0.000000	0.999964	
0.009536	0.706553	0.000008	0.000000	0.707680	0.024077	0.000000	0.000209	
0.084370	0.416701	0.000000	0.315852	0.503105	0.000000	0.689504	0.000000	
0.000000	0.000000	1.000000	0.000000	0.000000	0.000000	0.000000	0.000000	
0.773265	0.689216	0.035403	0.000011	0.001070	0.043636	0.000004	0.000122	
0.000000	0.000000	0.000000	0.000000	0.000000	1.000000	0.000000	0.000000	
0.000000	0.474181	0.000000	0.000000	0.480755	0.000000	0.000000	0.737582	
0.023203	0.576651	0.577147	0.577786	0.000000	0.000000	0.000000	0.000000	
0.498538	0.005748	0.001778	0.000000	0.495079	0.028324	0.711270	0.000000	
0.009762	0.723340	0.037119	0.000000	0.704423	0.024326	0.000000	0.000211	
0.000000	0.989966	0.010757	0.126201	0.000028	0.000000	0.062676	0.000000	
0.000260	0.697688	0.000000	0.101138	0.000000	0.000000	0.709227	0.000000	
0.000000	0.000000	0.000000	0.000000	0.000000	0.707176	0.707176	0.000000	
0.000000	0.816504	0.000000	0.577340	0.000000	0.000000	0.000000	0.000000	
0.000700	0.080220	0.988043	0.124589	0.002760	0.042854	0.000000	0.013541	
0.007659	0.000018	0.000693	0.000000	0.000202	0.000000	0.000131	0.999979	
0.000000	0.000000	0.000000	1.000046	0.000050	0.000000	0.000000	0.000001	
0.581791	0.050869	0.570623	0.577340	0.000000	0.000000	0.000000	0.000000	
0.000000	0.707432	0.000000	0.000083	0.000000	0.000000	0.000000	0.706782	
0.720730	0.002467	0.053583	0.024355	0.686902	0.045760	0.059273	0.000000	
0.020970	0.704006	0.709023	0.025091	0.000000	0.024354	0.000000	0.000000	
0.000134	0.306021	0.394239	0.000059	0.000000	0.000000	0.501384	0.706782	
0.020041	0.002833	0.004092	0.000005	0.719218	0.694477	0.000000	0.000000	
0.999140	0.041155	0.000000	0.000000	0.000787	0.000060	0.000000	0.004965	
0.695152	0.001667	0.037651	0.000000	0.000012	0.713121	0.060463	0.056084	
0.412457	0.450048	0.000050	0.011864	0.009038	0.803324	0.019802	0.000002	
0.000025	0.001130	0.000004	0.000000	0.014322	0.999803	0.013728	0.000000	
0.000000	0.000000	0.000000	0.577347	0.000974	0.816498	0.000000	0.000000	
0.726776	0.686000	0.035839	0.002095	0.001032	0.000122	0.000001	0.000001	
0.011471	0.056046	0.523858	0.000322	0.500569	0.000000	0.687115	0.000000	
0.512623	0.000366	0.005863	0.341346	0.051020	0.012855	0.018737	0.786069	
0.000074	0.005040	0.056763	0.000035	0.716390	0.000000	0.695369	0.000000	
0.000000	0.000000	0.707123	0.000000	0.007994	0.707168	0.000000	0.000000	
0.000000	0.000000	0.000000	0.000000	0.000000	0.000000	1.000000	0.000000	
