0.000000	0.707019	0.000000	0.000000	0.707196	0.000000	0.000000	0.000000	
0.821208	0.000001	0.000001	0.570658	0.000000	0.000000	0.000000	0.000001	
0.000000	1.000023	0.000000	0.000000	0.000000	0.000000	0.000000	0.000000	
0.000000	0.000000	0.000000	0.000000	0.000000	0.707108	0.000000	0.707107	
0.000000	0.000000	0.000000	0.000000	1.001257	0.000000	0.000000	0.000000	
1.011227	0.000000	0.000000	0.000000	0.000000	0.000000	0.000000	0.000000	
0.000000	0.000000	0.000000	0.577188	0.000000	0.000000	0.816613	0.000000	
0.711120	0.000000	0.000000	0.000000	0.000000	0.000000	0.703142	0.000000	
0.000000	0.000000	0.000000	0.000000	0.000000	1.000011	0.000000	0.000000	
0.000000	0.000008	0.821261	0.573151	0.000002	0.000000	0.000000	0.000000	
0.000000	0.707494	0.000000	0.000000	0.000000	0.706725	0.000000	0.000000	
0.000000	0.000000	0.000000	0.000000	0.000000	0.000000	0.000000	1.000003	
0.000000	0.000000	0.000000	0.000000	0.707106	0.000000	0.000000	0.707112	
0.000021	0.700889	0.713312	0.000000	0.000000	0.000000	0.000000	0.000000	
0.000000	0.816900	0.000001	0.576782	0.000000	0.000000	0.000000	0.000000	
0.000000	0.000000	0.000002	0.000000	0.707364	0.706852	0.000000	0.000000	
0.712075	0.000000	0.000000	0.000004	0.000000	0.702109	0.000000	0.000000	
0.000000	0.000000	0.000000	0.576717	0.000000	0.816948	0.000000	0.000000	
0.000001	0.707412	0.000000	0.000000	0.000003	0.000000	0.707115	0.000000	
0.000000	0.000000	0.000000	0.000000	0.000000	0.000000	1.000005	0.000000	
0.000000	0.000000	0.000000	0.000000	0.000000	0.707020	0.707199	0.000000	
0.000000	0.000000	0.000000	0.577363	0.000000	0.000000	0.000000	0.816490	
0.000000	0.000000	0.000000	0.580668	0.819305	0.000000	0.000000	0.000000	
0.000000	0.000000	0.000000	0.000000	0.706771	0.000000	0.707601	0.000000	
0.000001	0.000001	0.711200	0.000000	0.000002	0.000000	0.000000	0.702995	
0.707141	0.000000	0.000000	0.000000	0.000000	0.000000	0.000000	0.707104	
0.000000	0.000000	0.000000	1.000020	0.000000	0.000000	0.000000	0.000000	
0.000000	0.000000	0.713641	0.000002	0.000000	0.000000	0.702349	0.000000	
0.000000	0.707818	0.000000	0.000000	0.000000	0.000000	0.000000	0.707782	
0.716337	0.000000	0.000006	0.003656	0.704596	0.000000	0.000000	0.000000	
0.701182	0.000170	0.713167	0.000000	0.001250	0.000000	0.000000	0.000000	
0.708588	0.705638	0.000000	0.000001	0.000005	0.000000	0.000000	0.000000	
0.000007	0.000000	0.713044	0.000000	0.702982	0.000001	0.000000	0.000000	
0.000180	0.000012	0.713000	0.000000	0.000003	0.701656	0.000000	0.000000	
0.000004	0.000000	0.000018	0.000000	0.000001	0.000000	0.707127	0.707090	
0.000000	0.000000	1.016010	0.000000	0.000000	0.000000	0.000000	0.000000	
0.000000	0.707818	0.000000	0.000000	0.000000	0.000000	0.000000	0.707782	
0.000000	0.000000	0.000000	0.415003	0.000000	0.587872	0.000000	0.694394	
0.000000	0.000000	0.000000	0.000000	0.000000	1.000003	0.000000	0.000000	
0.000000	0.000000	0.000000	1.000020	0.000000	0.000000	0.000000	0.000000	
0.000005	0.000000	0.000017	0.000000	0.000000	0.000000	0.707141	0.707079	
0.716885	0.000824	0.000000	0.000039	0.000000	0.000000	0.699824	0.007014	
0.000001	0.707412	0.000000	0.000000	0.000003	0.000000	0.707115	0.000000	
0.000000	0.000000	0.000002	0.000000	0.707365	0.706852	0.000000	0.000000	
0.000000	0.000000	0.000000	0.576192	0.018879	0.816642	0.028059	0.000000	
0.000000	0.999943	0.005291	0.000000	0.000000	0.011437	0.000000	0.000000	
0.000001	0.000001	0.711203	0.000001	0.000002	0.000000	0.000000	0.702999	
0.000000	0.000000	0.713102	0.000005	0.000000	0.000000	0.701085	0.000000	
0.000000	0.000000	0.000000	0.000000	0.000000	0.000000	0.000000	1.000003	
0.000000	0.000000	0.000000	0.000000	0.707107	0.000000	0.000000	0.707113	
0.000000	0.707026	0.000000	0.000000	0.707204	0.000000	0.000000	0.000000	
0.712075	0.000000	0.000000	0.000004	0.000000	0.702109	0.000000	0.000000	
0.000000	0.000005	0.823821	0.567708	0.000003	0.000000	0.000000	0.000000	
0.000000	0.000000	0.000000	0.000000	0.706797	0.000000	0.707627	0.000000	
0.000000	0.705507	0.002474	0.037976	0.000000	0.705764	0.008813	0.051381	
0.000021	0.700828	0.713251	0.000000	0.000000	0.000000	0.013128	0.000000	
0.000000	0.000000	0.000000	0.000000	1.000015	0.000000	0.000000	0.000000	
0.000000	0.000000	0.000000	0.000000	0.000000	0.707095	0.707274	0.000000	
0.000000	0.816900	0.000001	0.576782	0.000000	0.000000	0.000000	0.000000	
0.000000	0.000000	0.000000	0.000000	0.000000	0.000000	1.000005	0.000000	
0.732483	0.030201	0.676169	0.000004	0.000032	0.000630	0.090050	0.000000	
0.000000	0.000000	0.000000	0.577188	0.000000	0.000000	0.816613	0.000000	
0.000000	0.000000	0.000000	0.577363	0.000000	0.000000	0.000000	0.816490	
0.000000	0.000000	1.018428	0.000000	0.000000	0.000000	0.000000	0.000000	
0.821413	0.000001	0.000000	0.570800	0.000000	0.000000	0.000000	0.000001	
0.000180	0.000012	0.713269	0.000000	0.000000	0.701415	0.000000	0.000000	
0.707895	0.706336	0.000000	0.000000	0.000005	0.000000	0.000000	0.000000	
0.706819	0.000192	0.000026	0.000005	0.710569	0.000000	0.000000	0.000000	
0.000006	0.000000	0.713149	0.000000	0.703085	0.000001	0.000000	0.000000	
1.010091	0.000000	0.000008	0.005156	0.030509	0.000000	0.000000	0.000000	
0.707142	0.000000	0.000000	0.000000	0.000000	0.000000	0.000000	0.707106	
0.000000	0.000000	0.000000	0.580967	0.819727	0.000000	0.000000	0.000000	
0.000000	0.000000	0.000000	0.000000	0.706380	0.001350	0.707211	0.050271	
0.000764	0.013882	0.706943	0.018686	0.007416	0.706854	0.000000	0.000000	
0.000000	0.000000	0.000000	0.556893	0.018247	0.830571	0.028074	0.000000	
0.821717	0.000001	0.000000	0.570927	0.000000	0.000000	0.000000	0.000000	
0.710680	0.702635	0.000000	0.035239	0.000005	0.000000	0.000000	0.000000	
0.000000	0.000000	0.000000	0.000000	0.000000	1.000069	0.000000	0.000000	
0.000000	0.000000	0.000000	0.000000	0.000000	0.000000	1.000016	0.000000	
0.398983	0.268795	0.000000	0.000000	0.000000	0.000000	0.514090	0.710154	
0.023265	0.000042	0.000000	0.716569	0.000000	0.000000	0.699884	0.000046	
0.018665	0.018354	0.999468	0.000001	0.004892	0.000004	0.021026	0.000000	
0.008780	0.491811	0.000000	0.000000	0.510514	0.708158	0.000000	0.000000	
0.719901	0.000000	0.000006	0.000141	0.700469	0.000000	0.000000	0.000000	
0.000000	0.000000	0.000000	0.000000	0.000000	0.000000	0.000000	1.000003	
0.503196	0.010611	0.000004	0.000000	0.477402	0.720259	0.000000	0.000000	
0.000021	0.703393	0.711463	0.000000	0.000118	0.000000	0.000000	0.000000	
1.004471	0.028324	0.000008	0.023470	0.030950	0.000000	0.000000	0.019828	
0.000000	0.705698	0.000000	0.000000	0.000000	0.000000	0.000000	0.709375	
0.000000	0.000000	0.000000	0.999820	0.020034	0.000000	0.000000	0.000000	
0.508984	0.496194	0.000000	0.002993	0.022784	0.006111	0.703245	0.000000	
0.014920	0.575212	0.009250	0.035571	0.018892	0.817188	0.028078	0.000000	
0.000000	0.000000	0.706080	0.103605	0.000000	0.000000	0.702349	0.000000	
0.000001	0.000010	0.823485	0.567476	0.000003	0.027399	0.007902	0.000000	
0.738950	0.020837	0.682935	0.000725	0.051977	0.000000	0.000000	0.019870	
0.000000	0.816906	0.000001	0.576786	0.000000	0.000000	0.000000	0.000000	
0.000002	0.707261	0.000000	0.000000	0.000005	0.000000	0.706964	0.000000	
0.000001	0.000001	0.707928	0.005261	0.000002	0.000000	0.000000	0.706268	
0.007651	0.007486	0.674790	0.000005	0.740179	0.000141	0.025063	0.000000	
0.000000	0.000000	0.000000	0.000000	0.707107	0.000000	0.000000	0.707113	
