0.000000	0.000000	0.707121	0.000000	0.707093	0.000000	0.000000	0.000000	
0.000000	0.000000	1.012653	0.000000	0.000000	0.000000	0.000000	0.000000	
0.000000	0.000000	0.000000	0.577089	0.816681	0.000000	0.000000	0.000000	
0.000000	0.000000	0.000000	0.000000	0.000000	0.000000	1.000000	0.000000	
0.000000	0.000000	0.000000	0.000000	0.000000	1.000000	0.000000	0.000000	
0.000000	0.000000	0.000000	0.577490	0.000000	0.816398	0.000000	0.000000	
0.000000	0.000000	0.816480	0.577373	0.000000	0.000000	0.000000	0.000000	
0.000000	1.000465	0.000000	0.000000	0.000000	0.000000	0.000000	0.000000	
0.000000	0.000000	0.000000	0.577362	0.000000	0.000000	0.000000	0.816488	
0.000000	0.000000	0.000000	0.000000	0.707107	0.000000	0.000000	0.707107	
0.000000	0.000000	0.000000	0.000000	0.707131	0.707082	0.000000	0.000000	
0.000000	0.000000	0.000000	0.000000	0.000000	0.000000	0.707107	0.707107	
0.000000	0.000000	0.000000	0.000000	0.000000	0.000000	0.000000	1.000000	
0.816482	0.000000	0.000000	0.577372	0.000000	0.000000	0.000000	0.000000	
0.000000	0.707132	0.000000	0.000000	0.000000	0.707082	0.000000	0.000000	
0.707500	0.000000	0.000000	0.000000	0.000000	0.000000	0.000000	0.707448	
0.000000	0.816473	0.000000	0.577384	0.000000	0.000000	0.000000	0.000000	
1.000001	0.000000	0.000000	0.000000	0.000000	0.000000	0.000000	0.000000	
0.707046	0.707168	0.000000	0.000000	0.000000	0.000000	0.000000	0.000000	
0.000000	0.000000	0.000000	0.000000	0.000000	0.707107	0.000000	0.707107	
0.000000	0.000000	0.707187	0.000000	0.000000	0.000000	0.000000	0.707026	
0.000000	0.000000	0.000000	1.000415	0.000000	0.000000	0.000000	0.000000	
0.000000	0.000000	0.000000	0.000000	0.707106	0.000000	0.707107	0.000000	
0.000000	0.707040	0.707173	0.000000	0.000000	0.000000	0.000000	0.000000	
0.000000	0.000000	0.000000	0.577239	0.000000	0.000000	0.816576	0.000000	
0.000000	0.000000	0.707139	0.000000	0.000000	0.707075	0.000000	0.000000	
0.000000	0.707115	0.000000	0.000001	0.000043	0.000000	0.707106	0.000000	
0.707132	0.000000	0.000000	0.000000	0.000000	0.707081	0.000000	0.000000	
0.000000	0.707149	0.000000	0.000000	0.000000	0.000000	0.000000	0.707065	
0.000000	0.707100	0.000000	0.000000	0.707114	0.000000	0.000000	0.000000	
0.707040	0.000000	0.707173	0.000000	0.000000	0.000000	0.000000	0.000000	
0.000000	0.000000	0.709505	0.000000	0.000000	0.000000	0.709408	0.000000	
0.707110	0.000000	0.000000	0.000000	0.707104	0.000000	0.000000	0.000000	
0.000000	0.000000	0.000000	0.000000	0.000000	0.707106	0.707107	0.000000	
0.707106	0.000000	0.000000	0.000000	0.000000	0.000000	0.707107	0.000000	
0.000000	0.000000	0.000000	0.000000	1.000000	0.000000	0.000000	0.000000	
0.000000	0.000000	0.000000	0.000000	0.000000	0.707107	0.000000	0.707107	
0.024452	0.000114	0.002216	0.017884	0.998493	0.030384	0.034161	0.002423	
0.806739	0.045654	0.038539	0.586893	0.000000	0.000000	0.052284	0.000000	
0.000000	0.000000	0.000000	0.577362	0.000000	0.000000	0.000000	0.816488	
0.000000	0.000000	0.000000	0.000000	0.707106	0.000000	0.707107	0.000000	
0.707133	0.000000	0.000000	0.000002	0.000000	0.000000	0.000000	0.707081	
0.000000	0.000000	0.000000	0.000000	0.707133	0.707084	0.000000	0.000000	
0.703815	0.709061	0.000000	0.000000	0.000000	0.000000	0.000000	0.043460	
0.000000	1.000228	0.000000	0.000000	0.000000	0.000000	0.000000	0.000000	
0.000000	0.000000	0.000000	0.577241	0.000000	0.000003	0.816578	0.000000	
0.021486	0.000109	0.001947	0.015715	0.719499	0.021348	0.024818	0.693208	
0.000000	0.816432	0.000000	0.577443	0.000000	0.000000	0.000000	0.000000	
0.000000	0.000000	0.000000	0.577089	0.816681	0.000000	0.000000	0.000000	
0.000000	0.000000	0.000000	0.000000	0.000000	0.000000	1.000000	0.000000	
0.583261	0.000000	0.000000	0.000000	0.000000	0.001510	0.583263	0.566101	
0.000000	0.707149	0.000000	0.000000	0.000000	0.000000	0.000000	0.707065	
0.000506	0.000007	0.028868	0.576793	0.000000	0.816434	0.000000	0.000000	
0.000000	0.000000	0.000000	0.000000	0.000000	0.707106	0.707107	0.000000	
0.000000	0.000000	1.000095	0.000000	0.000000	0.000000	0.000000	0.000000	
0.000000	0.000000	0.000000	1.000562	0.000000	0.000000	0.000000	0.000000	
0.707132	0.000000	0.000000	0.000000	0.000000	0.707081	0.000000	0.000000	
0.000000	0.707040	0.707173	0.000000	0.000000	0.000000	0.000000	0.000000	
1.000000	0.000000	0.000000	0.000000	0.000000	0.000000	0.000000	0.000000	
0.000000	0.000000	0.000000	0.000000	0.000000	0.000000	0.707107	0.707107	
0.000000	0.000000	0.000000	0.000000	0.000000	1.000000	0.000000	0.000000	
0.000000	0.000000	0.705337	0.000000	0.046022	0.000000	0.707377	0.000000	
0.000000	0.000000	0.000000	0.000000	0.000000	0.000000	0.000000	1.000000	
0.000000	0.000000	0.707189	0.000000	0.000000	0.000000	0.000000	0.707025	
0.704588	0.014695	0.704874	0.000000	0.000110	0.080569	0.000000	0.000000	
0.000000	0.703512	0.000000	0.021079	0.000000	0.729786	0.000000	0.000000	
0.000000	0.707100	0.000000	0.000000	0.707114	0.000000	0.000000	0.000000	
0.000000	0.707112	0.000000	0.000000	0.000054	0.000000	0.707103	0.000000	
0.000000	0.000000	0.816480	0.577373	0.000000	0.000000	0.000000	0.000000	
0.000000	0.000000	0.707139	0.000000	0.000000	0.707075	0.000000	0.000000	
0.028331	0.000149	0.696102	0.000000	0.717384	0.000000	0.000000	0.000000	
0.706802	0.000000	0.000000	0.000000	0.707412	0.000000	0.000000	0.000000	
0.700107	0.712660	0.000000	0.000000	0.000000	0.000000	0.010155	0.043174	
0.000000	0.000000	0.826481	0.571352	0.000000	0.000000	0.000000	0.000000	
0.000000	0.000000	0.739294	0.000000	0.674325	0.000000	0.000000	0.000000	
0.013072	0.000070	0.998991	0.042978	0.000000	0.000000	0.000000	0.000000	
0.000146	0.000000	0.003506	0.000000	0.736828	0.677755	0.000000	0.000000	
0.999941	0.004034	0.000000	0.000000	0.000000	0.000000	0.000000	0.010448	
0.000001	0.000000	0.000051	0.001015	0.361828	0.511519	0.000203	0.779377	
0.000000	0.707036	0.000000	0.010630	0.000043	0.000000	0.707106	0.000000	
0.705589	0.000000	0.705722	0.000000	0.000000	0.000179	0.070027	0.000000	
0.000228	0.000000	0.013006	0.593801	0.000000	0.804507	0.000000	0.000000	
0.000000	0.000000	0.054619	0.003082	0.000259	0.998502	0.000000	0.000000	
0.000002	0.765960	0.000000	0.000000	0.000000	0.000023	0.000000	0.646516	
0.067979	0.703526	0.000000	0.000000	0.707412	0.000000	0.000000	0.000000	
0.499929	0.007864	0.002399	0.000001	0.000000	0.020715	0.480753	0.737849	
0.039663	0.997693	0.017366	0.000026	0.000006	0.052560	0.000000	0.000000	
0.806724	0.045654	0.038538	0.586883	0.000011	0.000000	0.052283	0.006036	
0.700162	0.065783	0.000000	0.000000	0.000000	0.710872	0.000000	0.010654	
0.001869	0.047098	0.000819	0.000000	0.000000	0.002458	0.000000	0.998901	
0.000000	0.000000	0.000000	0.000000	0.999481	0.000227	0.032154	0.002026	
0.000028	0.001974	0.705335	0.000000	0.046022	0.000000	0.707377	0.000000	
0.000000	0.000000	0.000000	0.000000	0.000000	0.000000	0.707107	0.707107	
0.000000	0.000000	0.000000	0.000000	0.000000	0.000000	0.999981	0.006187	
0.706732	0.016278	0.001421	0.000001	0.706916	0.000000	0.023096	0.000000	
0.468649	0.539602	0.000000	0.000000	0.000000	0.699346	0.000000	0.010654	
0.000075	0.047445	0.705721	0.015899	0.000000	0.000000	0.000000	0.706721	
0.023493	0.000947	0.000141	0.000001	0.633808	0.000160	0.005101	0.773116	
0.000000	0.369478	0.354980	0.863194	0.000000	0.000000	0.000000	0.000000	
0.000000	0.000000	0.000000	0.407814	0.000000	0.360903	0.000000	0.838711	
