0.818636	0.000000	0.000000	0.575383	0.000001	0.000001	0.000000	0.000000	
0.000000	0.000000	0.000000	0.000000	1.000060	0.000000	0.000000	0.000000	
0.708082	0.707970	0.000000	0.000000	0.000000	0.000000	0.000000	0.000000	
0.000000	0.000023	0.735133	0.000304	0.000014	0.728126	0.000000	0.000634	
0.000000	0.000000	0.000000	0.000000	0.000000	0.708812	0.709276	0.000000	
0.000000	0.000000	0.000000	0.577249	0.000000	0.816572	0.000000	0.000000	
0.000000	0.000000	0.000000	1.000721	0.000000	0.000000	0.000000	0.000000	
1.005646	0.000000	0.000000	0.000000	0.000000	0.000000	0.000000	0.000000	
0.000027	0.815888	0.000000	0.578318	0.000002	0.000000	0.000000	0.000000	
0.000000	0.000000	0.000000	0.000000	0.000000	0.000000	0.000000	1.000506	
0.707483	0.000002	0.000000	0.000000	0.000000	0.000000	0.706751	0.000000	
0.707508	0.000002	0.000000	0.000000	0.000000	0.706730	0.000000	0.000000	
0.000000	0.000000	0.000000	0.000000	0.000000	0.000000	0.707264	0.706964	
0.000091	0.003191	0.726152	0.000000	0.000006	0.000002	0.692124	0.000000	
0.000000	0.000000	0.000000	0.000000	0.707291	0.000000	0.707022	0.000000	
0.000004	0.690449	0.723491	0.000007	0.000083	0.000000	0.000000	0.000000	
0.000000	0.000000	0.000000	0.577193	0.000000	0.000000	0.816619	0.000000	
0.000590	0.000006	0.722733	0.000000	0.000003	0.000000	0.000000	0.691188	
0.000000	0.000000	0.000000	0.000000	0.000000	0.000000	1.003150	0.000000	
0.000001	0.000017	0.722395	0.000001	0.691498	0.000000	0.000000	0.000000	
0.000000	0.000000	0.000011	0.000000	0.709006	0.000000	0.000000	0.708728	
0.000000	0.000000	0.000000	0.577368	0.000000	0.000000	0.000000	0.816497	
0.000000	1.000045	0.000000	0.000000	0.000000	0.000000	0.000000	0.000000	
0.000060	0.709589	0.000000	0.000000	0.000005	0.000000	0.709290	0.000000	
0.000022	0.709687	0.000003	0.000000	0.000000	0.000000	0.000000	0.709695	
0.000000	0.000000	1.048502	0.000000	0.000000	0.000000	0.000000	0.000000	
0.708873	0.000006	0.000000	0.000000	0.000003	0.000000	0.000000	0.706194	
0.708575	0.000001	0.000007	0.000000	0.705643	0.000000	0.000000	0.000000	
0.001305	0.000837	0.826788	0.562662	0.000000	0.000000	0.000000	0.000000	
0.000019	0.707420	0.000000	0.000000	0.000000	0.709326	0.000017	0.000000	
0.000004	0.707958	0.000608	0.000001	0.707741	0.000001	0.000000	0.000000	
0.000000	0.000000	0.000000	0.000000	0.000000	1.000238	0.000000	0.000000	
0.691182	0.000092	0.722723	0.000001	0.000499	0.000000	0.000000	0.000000	
0.000001	0.000001	0.000007	0.000000	0.707491	0.706736	0.000000	0.000000	
0.000000	0.000000	0.000000	0.000000	0.000000	0.707261	0.000000	0.706962	
0.000000	0.000000	0.000000	0.577907	0.816554	0.000000	0.000000	0.000000	
0.000004	0.690523	0.723568	0.001923	0.000083	0.000001	0.000000	0.000000	
0.000000	0.000000	0.000000	0.000000	0.000000	0.000000	0.000000	1.000039	
0.000016	0.000556	0.721068	0.000000	0.000006	0.000002	0.694649	0.000000	
0.815497	0.068878	0.000000	0.575217	0.000976	0.000001	0.000000	0.000000	
0.693268	0.000092	0.720745	0.000001	0.007566	0.000000	0.000000	0.000000	
0.000000	0.000000	0.000000	0.577198	0.000000	0.000000	0.816627	0.000000	
0.000000	0.000000	0.000000	0.000000	0.000000	0.000000	0.707262	0.706963	
0.000054	0.707191	0.000003	0.000000	0.000000	0.000000	0.000000	0.707198	
0.000017	0.000001	0.722398	0.000001	0.691501	0.000000	0.000000	0.000000	
0.000000	0.000000	0.000000	0.000000	0.000000	0.000000	1.000065	0.000000	
0.140843	0.142451	0.987146	0.000001	0.002651	0.000000	0.000000	0.000000	
0.000000	0.000000	0.000000	1.000362	0.000000	0.000000	0.000000	0.000000	
0.000001	0.000000	0.000007	0.000000	0.707493	0.706738	0.000000	0.000000	
1.005073	0.000000	0.000000	0.000000	0.000000	0.000000	0.000000	0.000000	
0.000000	0.000000	0.000000	0.000000	0.000000	0.707262	0.000000	0.706963	
0.001115	0.001077	0.826784	0.562659	0.000000	0.000013	0.000000	0.000000	
0.000590	0.000006	0.722203	0.000000	0.000003	0.000000	0.000000	0.691769	
0.000000	0.000000	0.000011	0.000000	0.707278	0.000000	0.000000	0.706978	
0.711690	0.030726	0.000000	0.001724	0.008127	0.713249	0.000001	0.000000	
0.000002	0.708747	0.000000	0.000000	0.000000	0.706262	0.000000	0.000000	
0.000004	0.714611	0.000024	0.000002	0.713522	0.000001	0.000000	0.000000	
0.000000	0.000000	0.000000	0.000000	0.000000	1.000011	0.000000	0.000000	
0.709544	0.000006	0.000000	0.000000	0.000003	0.000000	0.000000	0.706863	
0.000000	0.000000	0.000000	0.567179	0.020000	0.823431	0.000000	0.000000	
0.000000	0.000000	0.000000	0.000000	1.000097	0.000000	0.000000	0.000000	
0.705573	0.000000	0.001591	0.016084	0.001317	0.000000	0.708554	0.000000	
0.000000	0.000000	0.000000	0.000000	0.000000	0.708915	0.709378	0.000000	
0.713675	0.713562	0.000000	0.000000	0.000013	0.000000	0.000000	0.000000	
0.708654	0.000001	0.000003	0.000000	0.705722	0.000000	0.000000	0.000000	
0.000006	0.000601	0.735910	0.000305	0.000014	0.728896	0.000000	0.000625	
0.006953	0.711738	0.000000	0.000000	0.000000	0.000000	0.711035	0.000000	
0.000000	0.000000	0.000000	0.000000	0.707293	0.000000	0.707024	0.000000	
0.000000	0.000000	0.000000	0.577368	0.000000	0.000000	0.000000	0.816497	
0.000010	0.816098	0.000000	0.578467	0.000002	0.000000	0.000000	0.000000	
0.000000	0.000000	0.000000	0.576807	0.816892	0.000000	0.000000	0.000000	
0.000000	1.000045	0.000000	0.000000	0.000000	0.000000	0.000000	0.000000	
0.000006	1.000023	0.000002	0.002188	0.000595	0.000001	0.000000	0.000000	
0.728830	0.006953	0.032022	0.000000	0.000009	0.000000	0.000000	0.728256	
0.002206	0.053860	0.490056	0.353835	0.000000	0.000000	0.798692	0.000000	
0.001118	0.001102	0.841810	0.539808	0.000000	0.026692	0.000000	0.000591	
1.001784	0.000000	0.000000	0.019438	0.000000	0.000000	0.000000	0.000000	
0.000000	0.000000	0.000000	0.000000	0.000000	0.000000	0.707263	0.706963	
0.000019	0.690527	0.723572	0.001923	0.000004	0.000001	0.000000	0.000000	
0.000001	0.000001	0.000006	0.288352	0.946989	0.140234	0.000000	0.020336	
0.000019	0.706546	0.000000	0.000000	0.000000	0.708450	0.049646	0.000000	
0.033113	0.574675	0.000000	0.408017	0.000001	0.000000	0.000000	0.711035	
0.144529	0.692872	0.015684	0.000246	0.707742	0.000001	0.000000	0.002293	
0.000025	0.000577	0.706864	0.000310	0.000014	0.707377	0.000000	0.000604	
0.000059	0.706481	0.000000	0.000000	0.000006	0.000000	0.708382	0.000000	
0.831415	0.532965	0.157571	0.006251	0.000000	0.000000	0.000000	0.000000	
0.000000	0.000000	0.000000	0.000000	0.000000	0.000000	1.000322	0.000000	
0.000000	0.000000	0.000011	0.000000	0.707950	0.000000	0.000000	0.707650	
0.005856	0.199263	0.982348	0.000000	0.002667	0.000003	0.007723	0.000000	
0.000010	0.818121	0.000000	0.579901	0.000002	0.000000	0.000000	0.008791	
0.702869	0.000093	0.714263	0.000001	0.043443	0.000000	0.000000	0.000000	
0.705102	0.000000	0.001590	0.016073	0.001316	0.000000	0.714840	0.000000	
0.707395	0.004137	0.000000	0.000000	0.000000	0.709313	0.000016	0.000000	
0.000590	0.000006	0.722203	0.000000	0.000003	0.000000	0.000000	0.691769	
0.000000	0.000000	0.000000	0.000000	0.707294	0.000000	0.707024	0.000000	
0.708198	0.000001	0.001009	0.008438	0.705318	0.000000	0.026890	0.020504	
0.473281	0.000063	0.494878	0.000000	0.000342	0.000000	0.728813	0.000000	
0.000232	0.000000	0.000021	1.000058	0.000001	0.000000	0.000000	0.000000	
0.104515	0.439657	0.544016	0.000246	0.707014	0.000001	0.000000	0.002290	
0.000218	0.001433	0.049510	0.000000	0.998795	0.000000	0.000000	0.000000	
