0.707107	0.000000	0.000000	0.000000	0.000000	0.707107	0.000000	0.000000	
0.707107	0.000000	0.000000	0.000000	0.000000	0.000000	0.000000	0.707107	
0.707107	0.000000	0.000000	0.000000	0.707107	0.000000	0.000000	0.000000	
0.000000	0.707107	0.000000	0.000000	0.707107	0.000000	0.000000	0.000000	
0.000000	0.000000	0.816501	0.577344	0.000000	0.000000	0.000000	0.000000	
0.000000	0.000000	0.000000	0.000000	0.000000	0.707107	0.707107	0.000000	
1.000000	0.000000	0.000000	0.000000	0.000000	0.000000	0.000000	0.000000	
0.000000	0.000000	0.000000	1.000000	0.000000	0.000000	0.000000	0.000000	
0.000000	0.707089	0.707125	0.000000	0.000000	0.000000	0.000000	0.000000	
0.000000	0.000000	0.000000	0.000000	0.000000	1.000000	0.000000	0.000000	
0.000000	0.000000	0.000000	0.000000	0.000000	0.000000	0.707107	0.707107	
0.000000	0.000000	0.000000	0.000000	1.000000	0.000000	0.000000	0.000000	
0.707143	0.000000	0.707071	0.000000	0.000000	0.000000	0.000000	0.000000	
0.000000	0.000000	0.707107	0.000000	0.707107	0.000000	0.000000	0.000000	
0.000000	0.707107	0.000000	0.000000	0.000000	0.707107	0.000000	0.000000	
0.707024	0.707189	0.000000	0.000000	0.000000	0.000000	0.000000	0.000000	
0.000000	0.000000	0.000000	0.000000	0.000000	0.000000	0.000000	1.000000	
0.000000	0.000000	0.000000	0.577360	0.816490	0.000000	0.000000	0.000000	
0.000000	0.000000	0.000000	0.000000	0.707107	0.000000	0.000000	0.707107	
0.000000	0.000000	0.707107	0.000000	0.000000	0.707107	0.000000	0.000000	
0.000000	0.000000	0.000000	0.000000	0.000000	0.000000	1.000000	0.000000	
0.000000	0.000000	0.000000	0.577348	0.000000	0.816498	0.000000	0.000000	
0.000000	0.000000	1.000000	0.000000	0.000000	0.000000	0.000000	0.000000	
0.000000	0.000000	0.707107	0.000000	0.000000	0.000000	0.707107	0.000000	
0.816502	0.000000	0.000000	0.577343	0.000000	0.000000	0.000000	0.000000	
0.000000	0.707107	0.000000	0.000000	0.000000	0.000000	0.000000	0.707107	
0.000000	1.000000	0.000000	0.000000	0.000000	0.000000	0.000000	0.000000	
0.707107	0.000000	0.000000	0.000000	0.000000	0.000000	0.707107	0.000000	
0.000000	0.000000	0.707107	0.000000	0.000000	0.000000	0.000000	0.707107	
0.000000	0.000000	0.000000	0.577353	0.000000	0.000000	0.000000	0.816495	
0.000000	0.000000	0.000000	0.000000	0.707107	0.707107	0.000000	0.000000	
0.000000	0.707107	0.000000	0.000000	0.000000	0.000000	0.707107	0.000000	
0.000000	0.816504	0.000000	0.577340	0.000000	0.000000	0.000000	0.000000	
0.000000	0.000000	0.000000	0.000000	0.707107	0.000000	0.707107	0.000000	
0.000000	0.000000	0.000000	0.577300	0.000000	0.000000	0.816532	0.000000	
0.000000	0.000000	0.000000	0.000000	0.000000	0.707107	0.000000	0.707107	
0.000000	0.000000	0.000000	0.000000	0.000000	0.000000	1.000000	0.000000	
0.000000	0.000000	0.000000	0.000000	0.999643	0.000000	0.000000	0.026736	
0.711792	0.005011	0.702392	0.000020	0.000013	0.000000	0.000000	0.000000	
0.000000	0.816504	0.000000	0.577340	0.000000	0.000000	0.000000	0.000000	
0.000000	0.000000	0.707107	0.000000	0.707107	0.000000	0.000000	0.000000	
0.003161	0.768910	0.000843	0.004085	0.000794	0.651398	0.010151	0.008383	
0.008200	0.650389	0.000000	0.001076	0.000011	0.008509	0.000000	0.759509	
0.004595	0.014028	0.706953	0.000000	0.000000	0.000000	0.000000	0.707107	
0.000000	0.000000	0.000000	0.577360	0.816490	0.000000	0.000000	0.000000	
0.000000	0.000000	0.000000	0.577348	0.000000	0.816498	0.000000	0.000000	
0.000000	0.000000	0.000000	0.418259	0.591492	0.019849	0.689059	0.000000	
0.000000	0.000000	0.000000	0.000000	0.000000	0.000000	0.000000	1.000000	
0.000260	0.697688	0.000000	0.101138	0.000000	0.000000	0.709227	0.000000	
0.997790	0.019538	0.044015	0.000000	0.043325	0.014816	0.000000	0.000000	
0.000000	0.000000	0.000000	0.000000	0.707107	0.000000	0.707107	0.000000	
0.001923	0.717494	0.696068	0.000000	0.000000	0.002374	0.026133	0.000000	
0.000096	0.037367	0.565706	0.409556	0.000013	0.045060	0.000000	0.713312	
0.000000	0.000000	0.000000	0.000000	0.707107	0.000000	0.000000	0.707107	
0.000000	0.000000	0.000000	0.000000	0.000000	0.000000	0.707107	0.707107	
0.000000	0.000000	0.816501	0.577344	0.000000	0.000000	0.000000	0.000000	
0.018817	0.588010	0.000000	0.000000	0.808005	0.000000	0.008707	0.030698	
0.181870	0.982822	0.026808	0.000000	0.016302	0.000000	0.000000	0.000000	
0.709325	0.001577	0.040344	0.000000	0.105288	0.005308	0.044272	0.694373	
0.819807	0.081073	0.166555	0.540824	0.030813	0.012752	0.000000	0.000000	
0.000000	0.000000	0.000000	0.000000	0.000000	0.707107	0.000000	0.707107	
0.000000	0.000000	0.000000	0.000000	0.707107	0.707107	0.000000	0.000000	
0.000000	0.000000	1.000000	0.000000	0.000000	0.000000	0.000000	0.000000	
0.000000	0.000000	0.000000	0.000000	0.000000	0.707107	0.707107	0.000000	
0.000000	0.000000	0.000000	0.999809	0.019530	0.000000	0.000000	0.000000	
0.668727	0.740188	0.000068	0.029267	0.000000	0.015033	0.000000	0.061992	
0.000000	0.000000	0.000000	0.000000	0.000000	1.000000	0.000000	0.000000	
0.498538	0.005748	0.001778	0.000000	0.495079	0.028324	0.711270	0.000000	
0.000000	0.000000	0.707107	0.000000	0.000000	0.000000	0.707107	0.000000	
0.569238	0.507366	0.026335	0.000008	0.000787	0.646363	0.000460	0.008318	
0.505717	0.026531	0.496821	0.060597	0.702171	0.000000	0.000000	0.000000	
0.000000	0.000000	0.707107	0.000000	0.000000	0.707107	0.000000	0.000000	
0.699877	0.100888	0.000001	0.000000	0.707112	0.001642	0.000000	0.000000	
0.017911	0.000042	0.813176	0.581413	0.019565	0.000000	0.000000	0.000000	
0.816380	0.012104	0.000000	0.577316	0.000000	0.009065	0.000000	0.000787	
0.001956	0.717738	0.696306	0.000000	0.000000	0.002375	0.000678	0.000000	
0.000134	0.018911	0.001282	0.000001	0.706559	0.000000	0.000000	0.711545	
0.477414	0.003623	0.595154	0.000008	0.000761	0.646363	0.000028	0.008318	
0.033168	0.000830	0.997149	0.067765	0.000000	0.000000	0.000000	0.000000	
0.000056	0.009243	0.000804	0.577757	0.817157	0.000019	0.000000	0.000000	
0.000000	0.853138	0.000000	0.521685	0.000000	0.000000	0.000000	0.000000	
0.000000	0.999877	0.000000	0.015666	0.000991	0.000000	0.000465	0.000000	
0.000000	0.000000	0.000000	0.000000	0.000000	0.000000	0.999387	0.035005	
0.018805	0.587652	0.020527	0.000000	0.808005	0.000000	0.008707	0.030698	
1.007435	0.005053	0.027693	0.000000	0.000000	0.000000	0.000000	0.000000	
0.025363	0.000062	0.001119	0.000000	0.000000	0.999677	0.000000	0.001280	
0.746156	0.665054	0.028649	0.000003	0.000029	0.007787	0.000460	0.008508	
0.000000	0.000000	0.000000	0.000000	0.000000	0.000000	0.707107	0.707107	
0.005277	0.000103	0.000234	0.004012	0.000000	0.537925	0.000000	0.845665	
0.704983	0.055061	0.004880	0.000000	0.000000	0.707146	0.000000	0.000000	
0.000016	0.042830	0.001827	0.000291	0.703676	0.000000	0.709227	0.000000	
0.022966	0.717693	0.000000	0.000000	0.003375	0.697423	0.008721	0.030745	
0.009647	0.001462	0.000002	0.576533	0.012297	0.025371	0.816539	0.000000	
0.000000	0.000000	0.000000	0.000000	0.998871	0.000000	0.047533	0.000000	
0.000000	0.000000	0.000000	1.045584	0.000000	0.000000	0.000000	0.002967	
0.488451	0.025625	0.512164	0.060492	0.004154	0.000000	0.703399	0.000000	
0.007855	0.662611	0.000000	0.087519	0.000011	0.002823	0.000000	0.743786	
0.587008	0.041682	0.000000	0.416112	0.000000	0.693206	0.000000	0.000000	
0.707097	0.003686	0.000000	0.000000	0.000000	0.000000	0.000382	0.707107	
0.000000	0.000000	0.707107	0.000000	0.707107	0.000000	0.000000	0.000000	
