0.000000	0.816501	0.000000	0.577344	0.000000	0.000000	0.000000	0.000000	
0.000000	0.000000	0.000000	0.000000	1.000000	0.000000	0.000000	0.000000	
0.000000	0.000000	0.000000	0.000000	0.000000	0.707107	0.000000	0.707107	
0.707107	0.000000	0.000000	0.000000	0.000000	0.000000	0.000000	0.707107	
0.000000	0.000000	0.707107	0.000000	0.000000	0.000000	0.707107	0.000000	
0.000000	0.000000	0.000000	0.577360	0.816490	0.000000	0.000000	0.000000	
0.000000	0.000000	0.816498	0.577348	0.000000	0.000000	0.000000	0.000000	
0.000000	1.000000	0.000000	0.000000	0.000000	0.000000	0.000000	0.000000	
0.707107	0.000000	0.000000	0.000000	0.707107	0.000000	0.000000	0.000000	
0.000000	0.000000	0.707107	0.000000	0.000000	0.000000	0.000000	0.707107	
0.000000	0.707107	0.000000	0.000000	0.000000	0.000000	0.707107	0.000000	
0.000000	0.000000	0.000000	0.000000	0.707107	0.000000	0.707107	0.000000	
0.000000	0.707107	0.000000	0.000000	0.000000	0.000000	0.000000	0.707107	
0.000000	0.000000	0.000000	0.577300	0.000000	0.000000	0.816532	0.000000	
0.000000	0.000000	0.000000	1.000000	0.000000	0.000000	0.000000	0.000000	
0.707102	0.000000	0.707111	0.000000	0.000000	0.000000	0.000000	0.000000	
0.707107	0.000000	0.000000	0.000000	0.000000	0.707107	0.000000	0.000000	
1.000000	0.000000	0.000000	0.000000	0.000000	0.000000	0.000000	0.000000	
0.000000	0.000000	1.000000	0.000000	0.000000	0.000000	0.000000	0.000000	
0.000000	0.000000	0.000000	0.000000	0.000000	0.000000	1.000000	0.000000	
0.000000	0.000000	0.000000	0.000000	0.707107	0.707107	0.000000	0.000000	
0.000000	0.000000	0.000000	0.577353	0.000000	0.000000	0.000000	0.816495	
0.707148	0.707066	0.000000	0.000000	0.000000	0.000000	0.000000	0.000000	
0.000000	0.000000	0.000000	0.000000	0.000000	0.707107	0.707107	0.000000	
0.000000	0.707107	0.000000	0.000000	0.707107	0.000000	0.000000	0.000000	
0.000000	0.000000	0.000000	0.000000	0.000000	0.000000	0.000000	1.000000	
0.000000	0.000000	0.000000	0.000000	0.000000	1.000000	0.000000	0.000000	
0.000000	0.000000	0.000000	0.577348	0.000000	0.816498	0.000000	0.000000	
0.707107	0.000000	0.000000	0.000000	0.000000	0.000000	0.707107	0.000000	
0.000000	0.000000	0.707107	0.000000	0.707107	0.000000	0.000000	0.000000	
0.000000	0.707107	0.000000	0.000000	0.000000	0.707107	0.000000	0.000000	
0.000000	0.000000	0.707107	0.000000	0.000000	0.707107	0.000000	0.000000	
0.000000	0.000000	0.000000	0.000000	0.000000	0.000000	0.707107	0.707107	
0.816502	0.000000	0.000000	0.577343	0.000000	0.000000	0.000000	0.000000	
0.000000	0.707102	0.707112	0.000000	0.000000	0.000000	0.000000	0.000000	
0.000000	0.000000	0.000000	0.000000	0.707107	0.000000	0.000000	0.707107	
0.707058	0.000000	0.000000	0.008279	0.707107	0.000028	0.000000	0.000000	
0.000000	0.000000	0.707053	0.000005	0.000000	0.707053	0.012299	0.000000	
0.000000	0.000000	0.000000	0.000000	0.707107	0.000000	0.000000	0.707107	
0.692091	0.717085	0.037047	0.073713	0.000000	0.000000	0.000000	0.000000	
0.000000	0.000000	0.000000	0.000000	0.000000	0.000000	0.999776	0.021158	
0.000000	0.706901	0.017049	0.000000	0.000000	0.707107	0.000000	0.000000	
0.000000	0.000000	0.000000	1.000000	0.000000	0.000000	0.000000	0.000000	
0.001781	0.048655	0.048703	0.573238	0.816490	0.000000	0.000000	0.000000	
0.000000	0.000000	1.000000	0.000000	0.000000	0.000000	0.000000	0.000000	
0.064758	0.997901	0.000000	0.000000	0.000000	0.000000	0.000000	0.000000	
0.707107	0.000000	0.000000	0.000000	0.000000	0.000000	0.707107	0.000000	
0.020588	0.816242	0.000000	0.577344	0.000000	0.000000	0.000000	0.000000	
0.000548	0.000100	0.020708	0.693634	0.047238	0.047428	0.700594	0.158764	
0.998538	0.050377	0.008087	0.000025	0.000000	0.005579	0.000530	0.016957	
0.000000	0.000000	0.000000	0.000000	0.707107	0.707107	0.000000	0.000000	
0.011758	0.000484	0.000251	0.000000	0.118401	0.983728	0.011647	0.134110	
0.004469	0.047022	0.047911	0.000000	0.000102	0.702740	0.708700	0.000000	
0.000000	0.000000	0.707107	0.000000	0.000000	0.000000	0.000000	0.707107	
0.000000	0.000000	0.707107	0.000000	0.707107	0.000000	0.000000	0.000000	
0.510959	0.001225	0.000035	0.000137	0.070862	0.500251	0.000048	0.695447	
0.026950	0.001253	0.422052	0.303022	0.490837	0.000000	0.698857	0.000000	
0.000000	0.707089	0.707125	0.000000	0.000000	0.000000	0.000000	0.000000	
0.000000	0.682600	0.000000	0.027311	0.730282	0.000000	0.000000	0.000000	
0.000000	0.000000	0.000000	0.000000	0.997207	0.041425	0.000000	0.063766	
0.816502	0.000000	0.000000	0.577343	0.000000	0.000035	0.000000	0.000000	
0.000000	0.000000	0.000000	0.000000	0.000000	0.707107	0.000000	0.707107	
0.000000	0.000000	0.816498	0.577348	0.000000	0.000000	0.000000	0.000000	
0.707107	0.000000	0.000000	0.000000	0.000000	0.707107	0.000000	0.000000	
0.698908	0.000000	0.698917	0.098143	0.113756	0.000000	0.000000	0.021701	
0.032421	0.705951	0.004413	0.023712	0.000000	0.000000	0.707107	0.000000	
0.002007	0.525165	0.005759	0.021036	0.000110	0.000000	0.473019	0.707125	
0.000000	0.000000	0.568785	0.422616	0.000283	0.009470	0.028457	0.704968	
0.017735	0.000399	0.000063	0.000219	0.492211	0.019777	0.513142	0.702643	
0.000000	0.000000	0.000000	0.577005	0.020212	0.816514	0.000000	0.000000	
0.000000	0.000000	0.000000	0.000000	0.000000	0.000000	0.000000	1.000000	
0.001864	0.514444	0.514455	0.000000	0.000000	0.000000	0.686061	0.000000	
0.799479	0.020028	0.019662	0.612990	0.000000	0.000000	0.000000	0.002961	
0.504049	0.000000	0.000000	0.000000	0.495918	0.707107	0.000000	0.000000	
0.728001	0.002196	0.688781	0.000000	0.028086	0.000000	0.011979	0.000000	
0.000000	0.000000	0.707107	0.000000	0.707107	0.000000	0.000000	0.000000	
0.033246	0.997473	0.000033	0.028004	0.078358	0.000000	0.000000	0.013744	
0.000000	0.085520	0.996168	0.000000	0.000000	0.022846	0.000000	0.000000	
0.017902	0.000000	0.000071	0.012946	0.999749	0.000000	0.000000	0.003699	
0.000000	0.000000	0.000000	0.588232	0.020605	0.832401	0.000000	0.000000	
0.003311	0.000081	0.020480	0.596104	0.040761	0.000133	0.787420	0.158812	
0.000000	0.703877	0.000004	0.001091	0.703878	0.000000	0.095456	0.000000	
0.018590	0.000672	0.691441	0.055867	0.047238	0.047428	0.700594	0.158764	
0.000008	0.000000	0.000000	0.002899	0.707101	0.707107	0.000000	0.000000	
0.684868	0.031458	0.000000	0.000000	0.000000	0.000000	0.727988	0.000000	
0.492111	0.479471	0.000000	0.190092	0.712883	0.000000	0.000000	0.000000	
0.000075	0.000001	0.004372	0.000353	0.000300	0.697557	0.701002	0.155135	
0.137330	0.714086	0.043199	0.005368	0.000000	0.685074	0.000000	0.000000	
0.001082	0.000032	0.000004	0.000001	0.707106	0.000000	0.000000	0.707107	
0.000000	0.000000	0.000000	0.000000	0.000000	1.000000	0.000000	0.000000	
0.997071	0.000059	0.006411	0.000000	0.000000	0.015518	0.000000	0.074614	
0.008558	0.000352	0.000183	0.000000	0.086179	0.716013	0.000087	0.692694	
0.000000	0.000000	0.000000	0.000000	0.000000	0.000000	0.707107	0.707107	
0.000000	0.000000	0.000000	0.000000	0.000000	0.000000	0.999776	0.021158	
0.000000	0.000000	0.701810	0.000000	0.000000	0.714499	0.089039	0.000000	
0.025668	0.001194	0.401981	0.319937	0.514275	0.000000	0.710701	0.000000	
0.703514	0.703433	0.000000	0.101241	0.000000	0.000000	0.000000	0.000000	
0.001210	0.577911	0.577920	0.576217	0.000000	0.000000	0.000000	0.000000	
0.000725	0.705711	0.705721	0.000096	0.000000	0.000000	0.062689	0.000000	
0.000000	0.833392	0.000000	0.552683	0.000000	0.000000	0.000000	0.000000	
