0.000000	0.000000	0.707144	0.000000	0.000000	0.000000	0.000000	0.707095	
0.000000	0.000000	0.000000	1.000000	0.000000	0.000000	0.000000	0.000000	
0.000000	0.000000	0.000000	0.000000	1.000000	0.000000	0.000000	0.000000	
0.816504	0.000000	0.000000	0.577340	0.000000	0.000000	0.000000	0.000000	
0.707132	0.000000	0.000000	0.000000	0.000000	0.707081	0.000000	0.000000	
0.000000	0.000000	0.000000	0.577300	0.000000	0.000000	0.816532	0.000000	
0.000000	0.000000	0.000000	0.000000	0.707107	0.000000	0.000000	0.707107	
0.000000	0.000000	0.000000	0.000000	0.000000	0.707107	0.707107	0.000000	
0.000000	0.707061	0.707153	0.000000	0.000000	0.000000	0.000000	0.000000	
1.000000	0.000000	0.000000	0.000000	0.000000	0.000000	0.000000	0.000000	
0.707106	0.000000	0.000000	0.000000	0.000000	0.000000	0.707107	0.000000	
0.000000	0.000000	0.000000	0.000000	0.000000	0.000000	1.000000	0.000000	
0.000000	0.000000	0.707132	0.000000	0.000000	0.707081	0.000000	0.000000	
0.000000	0.000000	0.000000	0.577362	0.000000	0.000000	0.000000	0.816488	
0.000000	0.000000	0.707106	0.000000	0.707107	0.000000	0.000000	0.000000	
0.000000	0.000000	0.000000	0.000000	0.000000	0.707107	0.000000	0.707107	
0.000000	1.000000	0.000000	0.000000	0.000000	0.000000	0.000000	0.000000	
0.707046	0.707168	0.000000	0.000000	0.000000	0.000000	0.000000	0.000000	
0.000000	0.707107	0.000000	0.000000	0.000000	0.000000	0.707107	0.000000	
0.707133	0.000000	0.000000	0.000000	0.000000	0.000000	0.000000	0.707081	
0.000000	0.816473	0.000000	0.577383	0.000000	0.000000	0.000000	0.000000	
0.000000	0.000000	0.000000	0.000000	0.000000	0.000000	0.707107	0.707107	
0.000000	0.000000	0.000000	0.577490	0.000000	0.816398	0.000000	0.000000	
0.000000	0.000000	0.000000	0.577360	0.816490	0.000000	0.000000	0.000000	
0.000000	0.707132	0.000000	0.000000	0.000000	0.707082	0.000000	0.000000	
0.707107	0.000000	0.000000	0.000000	0.707107	0.000000	0.000000	0.000000	
0.000000	0.000000	0.000000	0.000000	0.000000	0.000000	0.000000	1.000000	
0.000000	0.000000	0.000000	0.000000	0.707130	0.707083	0.000000	0.000000	
0.000000	0.000000	0.000000	0.000000	0.707107	0.000000	0.707107	0.000000	
0.000005	0.000329	0.816504	0.577340	0.000000	0.000000	0.000000	0.000000	
0.000000	0.707107	0.000000	0.000000	0.707107	0.000000	0.000000	0.000000	
0.000000	0.000000	1.000021	0.000000	0.000000	0.000000	0.000000	0.000000	
0.000000	0.707149	0.000000	0.000000	0.000000	0.000000	0.000000	0.707065	
0.000000	0.000000	0.000000	0.000000	0.000000	1.000000	0.000000	0.000000	
0.000000	0.000000	0.707107	0.000000	0.000000	0.000000	0.707107	0.000000	
0.707303	0.000005	0.707392	0.000000	0.000000	0.000000	0.000000	0.000002	
0.000000	0.000000	0.000000	0.000000	0.000000	0.000000	1.000000	0.000000	
0.000000	0.000000	0.000000	0.000000	0.707107	0.000000	0.000000	0.707107	
0.339274	0.337357	0.000151	0.000002	0.550187	0.748602	0.015991	0.001288	
0.727761	0.684860	0.031066	0.000000	0.018839	0.000000	0.000000	0.003232	
0.000000	0.707061	0.707153	0.000000	0.000000	0.000000	0.000000	0.000000	
0.000000	0.000000	0.000000	0.000000	0.000000	0.000000	0.707107	0.707107	
0.031267	0.036325	0.685158	0.113130	0.717957	0.000972	0.000000	0.000000	
0.000000	0.000000	0.000000	0.577490	0.000000	0.816398	0.000000	0.000000	
0.000000	0.000000	0.000000	0.000000	0.000000	1.000000	0.000000	0.000000	
0.693734	0.224021	0.676443	0.096071	0.000000	0.050665	0.008797	0.000000	
0.000000	0.000000	0.000000	0.498764	0.000000	0.000000	0.000000	0.866738	
0.000000	0.000000	0.000000	0.000000	0.000000	0.707107	0.707107	0.000000	
0.000000	0.004175	0.000000	0.000000	0.703753	0.000000	0.710621	0.000000	
0.000000	0.000000	0.707132	0.000000	0.000000	0.707081	0.000000	0.000000	
0.001443	0.708879	0.039199	0.000000	0.000076	0.000000	0.709963	0.000000	
0.000000	0.000000	0.707144	0.000000	0.000000	0.000000	0.000000	0.707095	
0.502963	0.000000	0.496456	0.024412	0.000000	0.707081	0.000000	0.000000	
0.000000	0.000000	0.000000	0.000000	1.000000	0.000000	0.000000	0.000000	
0.992685	0.004045	0.007888	0.000000	0.120409	0.000065	0.000000	0.000000	
0.000000	0.000000	0.000000	0.577360	0.816490	0.000000	0.000000	0.000000	
0.692653	0.167758	0.039409	0.022755	0.704031	0.000000	0.059050	0.000000	
0.000000	0.000000	0.000000	0.000000	0.000000	0.707107	0.000000	0.707107	
0.026982	0.000000	0.834631	0.590466	0.000000	0.000000	0.000000	0.000000	
0.000000	0.000197	0.706516	0.000000	0.028897	0.000000	0.707107	0.000000	
0.472877	0.001514	0.010098	0.000083	0.000000	0.002000	0.021647	0.882268	
0.016126	0.583047	0.568368	0.575852	0.000000	0.006043	0.071501	0.000000	
0.719928	0.000000	0.018557	0.000004	0.000404	0.000000	0.706389	0.000082	
0.000012	1.050102	0.000458	0.000000	0.000000	0.000000	0.016744	0.001282	
0.000423	0.000000	0.999232	0.000000	0.006467	0.000004	0.038635	0.000000	
0.000000	0.000000	0.000000	1.000000	0.000000	0.000000	0.000000	0.000000	
0.000000	0.716252	0.000000	0.023380	0.697450	0.000000	0.000000	0.000000	
0.000000	0.000000	0.000000	0.000000	0.000000	0.000000	0.000000	1.000000	
0.028881	0.553965	0.449302	0.000000	0.000000	0.000000	0.006340	0.700269	
0.000274	0.709659	0.000000	0.000734	0.000738	0.704442	0.011983	0.000000	
0.791752	0.003303	0.081477	0.605083	0.000000	0.018831	0.000000	0.000000	
0.000007	0.000647	0.025216	0.576587	0.013641	0.000000	0.816532	0.000000	
0.000000	0.000000	0.000000	0.046173	0.000032	0.000000	0.498881	0.865440	
0.033085	0.002942	0.818524	0.579310	0.000000	0.000000	0.000000	0.000000	
0.927197	0.000294	0.275234	0.001237	0.254068	0.000000	0.000000	0.000000	
0.002176	0.023515	0.994340	0.093215	0.000000	0.050657	0.008795	0.014510	
0.032213	0.037425	0.705905	0.000000	0.707631	0.000971	0.000000	0.000000	
0.000253	0.009150	0.008430	0.008809	0.997443	0.006044	0.071511	0.000000	
0.000000	0.000000	0.000000	0.000000	0.000000	0.707203	0.000000	0.707203	
0.000000	0.000000	0.707173	0.000000	0.000000	0.707122	0.000000	0.000000	
0.000013	0.000242	0.008113	0.000631	0.689144	0.000000	0.000000	0.734881	
0.000000	0.582011	0.000000	0.411579	0.000000	0.000000	0.000000	0.720546	
0.000001	0.000008	0.037784	0.000000	0.000741	0.000006	0.005639	0.999270	
0.000000	0.828691	0.005002	0.586034	0.000000	0.000000	0.000000	0.000000	
0.000000	0.000000	0.000000	0.999947	0.000000	0.001916	0.000000	0.010095	
0.000000	0.000000	0.000000	0.000000	0.000000	0.996053	0.088762	0.000000	
0.109303	0.951464	0.284295	0.040657	0.017091	0.000000	0.000000	0.000000	
0.394849	0.070082	0.518398	0.457395	0.000000	0.000000	0.646823	0.000002	
0.000027	0.000001	0.007075	0.000013	0.000116	0.000000	0.999975	0.000000	
0.408031	0.000000	0.402752	0.019804	0.000614	0.819090	0.000000	0.000000	
0.000000	0.703010	0.027990	0.006694	0.010114	0.000000	0.710526	0.000000	
0.000000	0.000000	0.000000	0.000000	0.707078	0.707031	0.000000	0.012159	
0.000000	0.045686	0.513814	0.016584	0.502293	0.000000	0.000000	0.693783	
0.035516	0.008267	0.037985	0.001719	0.005607	0.710584	0.701615	0.000000	
0.000000	0.000000	0.000000	0.582859	0.000045	0.823988	0.000000	0.000000	
0.727707	0.684809	0.027081	0.000006	0.027299	0.000000	0.000000	0.000082	
0.692648	0.223670	0.675385	0.095920	0.000000	0.051019	0.008418	0.055614	
0.000000	0.699127	0.714998	0.000000	0.000000	0.000000	0.000000	0.000000	
0.702167	0.000000	0.000000	0.000000	0.000000	0.000000	0.712451	0.000002	
0.008245	0.075246	0.000106	0.555501	0.792837	0.238953	0.000000	0.000000	
