0.000000	0.000000	0.707107	0.000000	0.000000	0.000000	0.000000	0.707106	
0.000000	0.000000	0.707108	0.000000	0.000000	0.707108	0.000000	0.000000	
0.000000	0.000000	0.000000	0.000000	0.000000	0.000000	0.707107	0.707107	
0.000000	0.000000	0.707107	0.000000	0.707107	0.000000	0.000000	0.000000	
0.000000	0.000000	0.000000	0.000000	0.000000	0.707107	0.707107	0.000000	
0.000000	0.707107	0.000000	0.000000	0.000000	0.000000	0.707107	0.000000	
0.000000	0.816504	0.000000	0.577340	0.000000	0.000000	0.000000	0.000000	
0.000000	0.000000	0.000000	0.000000	0.000000	0.707107	0.000000	0.707107	
0.000000	0.707107	0.000000	0.000000	0.707107	0.000000	0.000000	0.000000	
1.000000	0.000000	0.000000	0.000000	0.000000	0.000000	0.000000	0.000000	
0.000000	0.000000	0.000000	0.000000	0.000000	1.000000	0.000000	0.000000	
0.000000	1.000000	0.000000	0.000000	0.000000	0.000000	0.000000	0.000000	
0.707107	0.000000	0.000000	0.000000	0.000000	0.000000	0.707107	0.000000	
0.000000	0.000000	0.000000	0.000000	0.707107	0.707107	0.000000	0.000000	
0.000000	0.000000	0.000000	0.577348	0.000000	0.816498	0.000000	0.000000	
0.000000	0.707107	0.000000	0.000000	0.000000	0.000000	0.000000	0.707106	
0.000000	0.000000	1.000000	0.000000	0.000000	0.000000	0.000000	0.000000	
0.000000	0.707062	0.707151	0.000000	0.000000	0.000000	0.000000	0.000000	
0.000000	0.000000	0.000000	1.000000	0.000000	0.000000	0.000000	0.000000	
0.707145	0.000000	0.707068	0.000000	0.000000	0.000000	0.000000	0.000000	
0.000000	0.000000	0.000000	0.000000	0.707107	0.000000	0.000000	0.707107	
0.000000	0.000000	0.000000	0.577360	0.816490	0.000000	0.000000	0.000000	
0.000000	0.000000	0.816501	0.577344	0.000000	0.000000	0.000000	0.000000	
0.000000	0.000000	0.000000	0.000000	0.000000	0.000000	1.000000	0.000000	
0.000000	0.000000	0.000000	0.000000	0.707107	0.000000	0.707107	0.000000	
0.707107	0.000000	0.000000	0.000000	0.000000	0.000000	0.000000	0.707106	
0.707431	0.706783	0.000000	0.000000	0.000000	0.000000	0.000000	0.000000	
0.707107	0.000000	0.000000	0.000000	0.707107	0.000000	0.000000	0.000000	
0.000000	0.000000	0.000000	0.577353	0.000000	0.000000	0.000000	0.816495	
0.816502	0.000000	0.000000	0.577343	0.000000	0.000000	0.000000	0.000000	
0.000000	0.000000	0.000000	0.000000	1.000000	0.000000	0.000000	0.000000	
0.000000	0.000000	0.000000	0.000000	0.000000	0.000000	0.000000	1.000000	
0.707094	0.000000	0.000000	0.000000	0.000000	0.707119	0.000000	0.000000	
0.000000	0.707096	0.000000	0.000000	0.000000	0.707118	0.000000	0.000000	
0.000000	0.000000	0.000000	0.577300	0.000000	0.000000	0.816532	0.000000	
0.000000	0.000000	0.707107	0.000000	0.000000	0.000000	0.707107	0.000000	
0.721132	0.692157	0.025506	0.015360	0.000063	0.000000	0.000379	0.000876	
0.000000	0.000000	0.000000	0.577353	0.000000	0.000000	0.000000	0.816495	
0.576917	0.021644	0.004673	0.003558	0.000000	0.000000	0.000000	0.816495	
0.023439	0.835538	0.000000	0.547157	0.042173	0.000000	0.000000	0.012983	
0.000000	0.000000	0.000000	0.000000	0.000000	0.707107	0.000000	0.707107	
0.522243	0.004786	0.027617	0.029502	0.010338	0.000097	0.852111	0.045513	
0.468880	0.000003	0.000051	0.001963	0.883166	0.012821	0.001284	0.000000	
0.000000	0.000000	0.000000	0.000000	0.707107	0.000000	0.707107	0.000000	
0.000000	0.657836	0.000000	0.000000	0.000000	0.753237	0.000000	0.000000	
0.811107	0.027628	0.000000	0.582356	0.050547	0.000000	0.000287	0.012986	
0.000000	0.000000	0.000000	1.000000	0.000000	0.000000	0.000000	0.000000	
0.007678	0.052941	0.497875	0.000113	0.000465	0.000305	0.000000	0.866520	
0.026281	0.702490	0.000111	0.000173	0.001804	0.000430	0.710866	0.021957	
0.019964	0.552225	0.000000	0.366757	0.749734	0.000000	0.000000	0.010295	
0.012079	0.001641	0.000000	0.000000	0.000072	0.999694	0.000000	0.021539	
0.000000	0.000000	0.000000	0.000000	0.000000	0.000000	0.000000	1.000000	
0.001544	0.000184	0.000005	0.705946	0.041919	0.000000	0.707191	0.003343	
0.575076	0.001307	0.034334	0.034446	0.010914	0.816337	0.036398	0.046276	
0.707147	0.000000	0.707067	0.000000	0.000000	0.000000	0.000000	0.000000	
0.000000	0.000000	0.000000	0.000000	0.000000	0.707107	0.707107	0.000000	
0.000000	0.000000	0.707370	0.000000	0.000000	0.707371	0.000000	0.000000	
0.000000	0.000000	0.000000	0.000000	0.707107	0.000000	0.000000	0.707107	
0.178931	0.021442	0.796364	0.577343	0.001627	0.000000	0.000000	0.000527	
0.000000	0.705204	0.708827	0.015865	0.000061	0.000000	0.000000	0.000015	
0.000000	0.000000	0.000000	0.000000	0.707107	0.707107	0.000000	0.000000	
0.000000	0.000000	0.000000	0.577360	0.816490	0.000000	0.000000	0.000000	
0.000000	0.999159	0.000000	0.040586	0.000000	0.000000	0.000000	0.005839	
0.056746	0.000126	0.998353	0.000000	0.000000	0.008463	0.000662	0.000000	
0.985124	0.000558	0.000009	0.146933	0.031683	0.010049	0.000000	0.106774	
0.000000	0.000000	0.000000	0.000000	0.000000	0.000000	0.707107	0.707107	
0.000000	0.000000	0.000000	0.000000	0.000000	0.000000	0.999934	0.011477	
0.123574	0.696224	0.000000	0.000000	0.000000	0.001315	0.000000	0.707106	
0.000398	0.049230	0.725632	0.000023	0.685871	0.020888	0.000000	0.013358	
0.000000	0.000000	0.000000	0.579286	0.000000	0.819239	0.000000	0.000000	
0.010346	0.031746	0.703583	0.000156	0.000000	0.031037	0.709150	0.000000	
0.000000	0.032409	0.032480	0.003427	0.999346	0.000000	0.000000	0.000000	
0.019624	0.542840	0.000000	0.360524	0.759871	0.000000	0.000000	0.010325	
0.000000	0.000000	0.720372	0.000000	0.000000	0.720372	0.000000	0.000000	
0.000000	0.000000	0.000000	0.000000	0.000000	0.000000	0.578384	0.815765	
0.015358	0.564760	0.037962	0.000018	0.509430	0.648312	0.000000	0.002918	
0.000000	0.000006	0.003543	0.000160	0.000020	0.702553	0.000000	0.711622	
0.000000	0.578770	0.000000	0.409241	0.036942	0.000000	0.706390	0.000000	
0.042296	0.042003	0.000189	0.703365	0.041916	0.000000	0.707130	0.000026	
0.498244	0.013154	0.026356	0.029257	0.009867	0.000093	0.859436	0.118187	
0.000000	0.707062	0.707151	0.000000	0.000000	0.000000	0.000000	0.000000	
0.000000	0.000000	0.000000	0.534645	0.000000	0.022451	0.000000	0.844779	
0.000000	0.000000	0.000000	0.000000	0.703819	0.000000	0.710444	0.000000	
0.000000	0.000000	0.000000	0.000000	0.000000	0.000000	0.000000	1.000000	
0.811338	0.027636	0.000000	0.582522	0.037927	0.023526	0.000287	0.012959	
0.000000	0.000000	0.000000	0.000000	0.716073	0.709582	0.000000	0.000000	
0.014405	0.398474	0.000000	0.256367	0.535875	0.002017	0.047417	0.698526	
0.000000	0.000000	0.000000	0.000000	0.000000	0.689755	0.724268	0.000000	
0.000818	0.715442	0.000000	0.000000	0.008781	0.000000	0.000000	0.698617	
0.708122	0.702978	0.000000	0.000000	0.000000	0.066219	0.000000	0.000000	
0.000013	0.001626	0.023907	0.000001	0.022597	0.999237	0.000000	0.020970	
0.021915	0.000001	0.999606	0.000000	0.082002	0.000000	0.000000	0.000000	
0.000240	0.021238	0.703171	0.008440	0.000000	0.045722	0.709181	0.000000	
0.708933	0.000000	0.000000	0.000000	0.705276	0.000000	0.000000	0.000000	
0.000000	0.000000	0.000000	0.000000	0.996092	0.088341	0.000000	0.000000	
0.000000	0.000000	0.000000	0.695849	0.718188	0.000000	0.000000	0.000000	
0.043122	0.999004	0.000000	0.000000	0.011470	0.000000	0.000000	0.000000	
0.013148	0.000674	0.829919	0.622333	0.000000	0.000000	0.000000	0.000000	
0.000000	0.816475	0.000000	0.577320	0.000000	0.000000	0.000000	0.008412	
0.698033	0.019848	0.000000	0.000000	0.000000	0.744578	0.000000	0.001870	
