0.000000	0.000000	0.000000	0.000000	0.000000	0.000000	1.000000	0.000000	
0.707351	0.707473	0.000000	0.000000	0.000000	0.000000	0.000000	0.000000	
0.000000	0.000000	0.000000	0.577089	0.816681	0.000000	0.000000	0.000000	
0.000000	0.000000	0.000000	0.000000	0.707089	0.000000	0.707124	0.000000	
0.000000	0.000000	0.707114	0.000000	0.000000	0.000000	0.000000	0.707101	
0.000000	1.000433	0.000000	0.000000	0.000000	0.000000	0.000000	0.000000	
0.000000	0.000000	0.816432	0.577443	0.000000	0.000000	0.000000	0.000000	
0.000000	0.706860	0.707355	0.000000	0.000000	0.000000	0.000000	0.000000	
0.707708	0.000000	0.000000	0.000000	0.000000	0.000000	0.000000	0.706889	
0.000000	0.000000	0.000000	1.000016	0.000000	0.000000	0.000000	0.000000	
0.707188	0.000000	0.000000	0.000000	0.000000	0.000000	0.707028	0.000000	
0.707134	0.000000	0.000000	0.000000	0.000000	0.707082	0.000000	0.000000	
0.000000	0.000000	1.000002	0.000000	0.000000	0.000000	0.000000	0.000000	
0.000000	0.000000	0.000000	0.000000	0.000000	0.000000	0.000000	1.000000	
0.000000	0.000000	0.000000	0.577362	0.000000	0.000000	0.000000	0.816489	
0.000000	0.816432	0.000000	0.577443	0.000000	0.000000	0.000000	0.000000	
0.707139	0.000000	0.000000	0.000000	0.707076	0.000000	0.000000	0.000000	
0.000000	0.000000	0.707087	0.000000	0.000000	0.000000	0.707126	0.000000	
0.000000	0.707139	0.000000	0.000000	0.000000	0.707076	0.000000	0.000000	
0.817532	0.000175	0.000000	0.578221	0.000000	0.000000	0.000000	0.000000	
0.000000	0.000000	0.000000	0.000000	0.000000	1.000000	0.000000	0.000000	
0.000000	0.000000	0.000000	0.000000	0.000000	0.707089	0.707124	0.000000	
0.707049	0.000000	0.707170	0.000000	0.000000	0.000000	0.000000	0.000000	
1.000370	0.000000	0.000000	0.000000	0.000000	0.000000	0.000000	0.000000	
0.000000	0.707186	0.000000	0.000000	0.000000	0.000000	0.707029	0.000000	
0.000000	0.000000	0.707173	0.000000	0.707112	0.000000	0.000000	0.000000	
0.000000	0.000000	0.000000	0.000000	0.707121	0.707093	0.000000	0.000000	
0.000000	0.707144	0.000000	0.000000	0.707074	0.000000	0.000000	0.000000	
0.000000	0.000000	0.000000	0.577490	0.000000	0.816398	0.000000	0.000000	
0.000000	0.000000	0.000000	0.000000	0.000000	0.707109	0.000000	0.707109	
0.000000	0.000000	0.000000	0.000000	0.000000	0.000000	0.707108	0.707108	
0.000000	0.000000	0.000000	0.577187	0.000000	0.000000	0.816612	0.000000	
0.000000	0.000000	0.000000	0.000000	1.000035	0.000000	0.000000	0.000000	
0.000000	0.000000	0.000000	0.000000	0.707113	0.000000	0.000000	0.707101	
0.000000	0.707918	0.000000	0.000000	0.000000	0.000000	0.000000	0.707758	
0.000000	0.000000	0.707141	0.000000	0.000000	0.707089	0.000000	0.000000	
0.707213	0.000538	0.000000	0.000000	0.000000	0.000000	0.000000	0.707055	
0.000000	0.000000	0.000000	0.577187	0.000000	0.000000	0.816612	0.000000	
0.001486	0.074159	0.698653	0.027106	0.033188	0.000000	0.000000	0.710315	
0.000000	0.000000	0.707319	0.000000	0.000000	0.707266	0.000000	0.000000	
0.705660	0.708553	0.000028	0.000000	0.000018	0.000000	0.000000	0.000000	
0.000000	0.000000	0.816433	0.577443	0.000000	0.000000	0.000000	0.000000	
0.000450	0.814809	0.026501	0.579128	0.000000	0.000000	0.000000	0.000000	
0.002562	0.701242	0.012317	0.089586	0.000000	0.000000	0.707162	0.000000	
0.707676	0.010137	0.707870	0.000000	0.000000	0.000000	0.000021	0.000000	
0.000000	0.000000	0.000000	0.000000	0.707106	0.000000	0.000000	0.707108	
0.040920	0.706878	0.016247	0.000290	0.000001	0.000110	0.000000	0.706290	
0.000002	0.576981	0.007857	0.007991	0.816682	0.000000	0.000000	0.000000	
0.000000	0.000000	1.000002	0.000000	0.000000	0.000000	0.000000	0.000000	
0.000000	0.000000	0.000000	0.000000	0.000000	0.707141	0.000000	0.707141	
0.000000	0.000000	0.000000	0.000000	0.707089	0.000000	0.707124	0.000000	
0.707116	0.000000	0.000000	0.000000	0.707052	0.000000	0.000000	0.008737	
0.707134	0.000000	0.000000	0.000000	0.000000	0.707082	0.000000	0.000000	
0.115367	0.968199	0.000399	0.073609	0.207836	0.000801	0.000000	0.030595	
0.001116	0.028777	0.000003	0.572137	0.121214	0.810641	0.000000	0.000000	
0.000000	0.000000	0.707173	0.000000	0.707113	0.000000	0.000000	0.000000	
1.000271	0.000000	0.000000	0.000000	0.000000	0.000000	0.000000	0.000000	
0.000000	0.000000	0.000000	0.000000	0.000000	0.707089	0.707124	0.000000	
0.018066	0.000000	0.001410	0.749173	0.032723	0.000569	0.015342	0.661388	
0.000033	0.706934	0.707429	0.001189	0.000000	0.000000	0.000000	0.000000	
0.000000	0.707685	0.000000	0.000000	0.000000	0.706532	0.000000	0.000000	
0.000000	0.000000	0.000000	0.002824	0.704213	0.710004	0.000000	0.000000	
0.712669	0.004604	0.000000	0.000000	0.000000	0.000000	0.704874	0.000000	
0.000000	0.000000	0.000000	0.000000	0.000000	0.000000	1.000000	0.000000	
0.000000	0.000000	0.000000	0.000000	0.000000	0.000000	0.000000	1.000000	
0.025786	0.000070	0.000636	0.286924	0.960097	0.032609	0.000000	0.044048	
0.000000	0.000000	0.707088	0.000000	0.000000	0.000000	0.707127	0.000000	
0.000000	0.000000	0.000000	0.000000	0.000000	0.000000	0.707203	0.707202	
0.802281	0.018326	0.074000	0.555965	0.000000	0.007964	0.000000	0.250091	
0.002035	0.000277	0.000000	1.000012	0.000000	0.000000	0.000000	0.000000	
0.000000	0.000000	0.000000	0.000000	0.000000	1.000000	0.000000	0.000000	
0.000000	0.000000	0.000000	0.000000	1.000037	0.000000	0.000000	0.000000	
1.000271	0.000000	0.000000	0.000000	0.000000	0.000000	0.000000	0.000000	
0.000000	0.000000	0.000000	0.000000	0.000000	0.000000	0.999025	0.044165	
0.712617	0.004603	0.008573	0.000000	0.000000	0.000000	0.704874	0.000000	
0.000258	0.026919	0.000075	0.000269	0.000363	0.577708	0.000000	0.817458	
0.000000	0.706861	0.707356	0.000000	0.000000	0.000000	0.000000	0.000000	
0.705661	0.708554	0.000027	0.000000	0.000018	0.000000	0.000000	0.000000	
0.001116	0.028772	0.000532	0.572137	0.121214	0.810641	0.000000	0.000000	
0.034608	0.731050	0.012838	0.002451	0.682738	0.000223	0.000021	0.000028	
0.802281	0.018326	0.074000	0.555965	0.000000	0.007964	0.000000	0.250091	
0.707213	0.000538	0.000000	0.000709	0.000000	0.000000	0.000000	0.707055	
0.731528	0.010478	0.024274	0.000000	0.682757	0.000000	0.000021	0.000028	
0.000000	0.000000	0.707173	0.000000	0.707112	0.000000	0.000000	0.000000	
0.000075	0.008594	0.707087	0.000000	0.000000	0.707086	0.002789	0.000000	
0.000000	0.000000	0.000000	0.586374	0.000000	0.000000	0.810041	0.000000	
0.000000	0.000000	0.000000	0.000000	0.000000	0.008811	0.724302	0.689440	
0.000000	0.000000	0.000015	0.577006	0.816563	0.000000	0.000000	0.017022	
0.002047	0.000154	0.000000	0.000000	0.000000	0.707185	0.707028	0.000000	
0.104906	0.689293	0.001407	0.009436	0.036242	0.715368	0.018422	0.060258	
0.003623	0.991548	0.017416	0.126674	0.000000	0.021388	0.003776	0.000000	
0.042503	0.734225	0.000309	0.000301	0.000001	0.000001	0.000000	0.686437	
0.000000	0.000000	0.000000	0.025181	0.585833	0.000000	0.810041	0.000000	
0.686920	0.000000	0.077593	0.000000	0.000000	0.694203	0.000000	0.246093	
0.000000	0.802256	0.000000	0.596981	0.000000	0.000000	0.000000	0.000000	
0.000331	0.032128	0.816503	0.576423	0.000000	0.007112	0.000000	0.000000	
0.000000	0.707562	0.000000	0.000000	0.000000	0.000000	0.707405	0.000000	
0.753242	0.017737	0.660021	0.000008	0.004480	0.000000	0.000000	0.000000	
0.000000	0.000000	0.000000	1.000015	0.000000	0.000000	0.000000	0.000000	
0.000000	0.000000	0.000000	0.000000	0.707106	0.000000	0.000000	0.707108	
