0.000000	0.000000	0.000000	0.000000	0.707788	0.000001	0.000001	0.706670	
0.000000	0.001575	0.000000	0.001103	0.713656	0.712647	0.000001	0.000000	
0.000000	0.000000	0.000000	0.000000	0.000000	0.000000	1.002257	0.000000	
0.000023	0.707680	0.000029	0.000006	0.000005	0.000000	0.000001	0.706850	
0.698832	0.000034	0.001981	0.000034	0.000009	0.720149	0.000001	0.000004	
0.709201	0.000004	0.000009	0.000002	0.000010	0.000008	0.705331	0.000001	
0.000000	0.000000	0.000000	0.577204	0.000005	0.000001	0.816810	0.000001	
0.000029	0.705922	0.000000	0.000008	0.000009	0.708510	0.000003	0.000000	
0.000013	0.000001	0.706908	0.000007	0.707485	0.000000	0.000000	0.000001	
0.000003	1.002712	0.000000	0.000002	0.000001	0.000007	0.000001	0.000000	
0.000141	0.001894	0.708313	0.000000	0.000005	0.706043	0.000001	0.000000	
0.000000	0.000001	0.707658	0.000000	0.000000	0.000005	0.000000	0.706973	
0.000006	0.000181	0.000018	0.000000	0.003750	0.713735	0.000000	0.712495	
0.707986	0.000209	0.706596	0.000008	0.000001	0.000007	0.000001	0.000001	
0.000000	0.000000	0.000000	0.000000	0.000000	1.000315	0.000000	0.000000	
0.000004	0.000004	0.000000	0.576706	0.819043	0.000000	0.000002	0.000001	
0.705101	0.709183	0.000013	0.000013	0.000013	0.000012	0.000002	0.000001	
0.000024	0.707200	0.000002	0.000000	0.707166	0.000001	0.000002	0.000001	
1.004692	0.000000	0.000001	0.000001	0.000002	0.000000	0.000002	0.000000	
0.000001	0.000004	1.001704	0.000000	0.000001	0.000000	0.000001	0.000000	
0.000001	0.000000	0.000000	0.000000	0.000000	0.000000	0.707511	0.706876	
0.000015	0.709843	0.708633	0.000000	0.000006	0.000001	0.000000	0.000001	
0.000000	0.000000	0.000000	0.000000	1.002416	0.000000	0.000000	0.000000	
0.000000	0.000000	0.000000	0.576968	0.000000	0.000002	0.000000	0.816917	
0.000000	0.000000	0.000001	0.000000	0.706647	0.000000	0.707982	0.000001	
0.000012	0.817669	0.000007	0.576808	0.000001	0.000002	0.000001	0.000001	
0.709613	0.000000	0.000043	0.000001	0.000005	0.000002	0.000002	0.707297	
0.000110	0.000001	0.004138	0.573106	0.000003	0.819794	0.000001	0.000001	
0.000000	0.000000	0.821626	0.579909	0.000006	0.000007	0.000000	0.000000	
0.000000	0.000000	0.000000	1.006910	0.000000	0.000000	0.000000	0.000000	
0.000016	0.706603	0.000001	0.000009	0.000009	0.000005	0.707922	0.000001	
0.000000	0.000000	0.000000	0.000000	0.000000	0.708246	0.706591	0.000000	
0.817978	0.000005	0.000016	0.576243	0.000001	0.000004	0.000000	0.000000	
0.000003	0.000000	0.707215	0.000000	0.000001	0.000000	0.707418	0.000000	
0.000000	0.000000	0.000000	0.000000	0.000000	0.000000	0.000000	1.000102	
0.708088	0.000005	0.000000	0.000000	0.706231	0.000000	0.000001	0.000001	
0.000029	0.000000	0.004206	0.582449	0.000003	0.813181	0.000001	0.000001	
0.001893	0.000023	0.705864	0.000000	0.000005	0.708454	0.000003	0.000000	
0.000000	0.000000	0.000000	1.000150	0.000000	0.000000	0.000000	0.000000	
0.000013	0.000001	0.707510	0.000007	0.708087	0.000000	0.000000	0.000001	
0.000024	0.707282	0.000002	0.000006	0.707248	0.000001	0.000002	0.000001	
0.707708	0.000002	0.000022	0.000009	0.000000	0.000003	0.706813	0.000001	
0.000012	0.817594	0.000023	0.576755	0.000001	0.000002	0.000001	0.000001	
0.000000	0.000000	0.000000	0.000000	0.000000	0.741189	0.739457	0.000000	
0.000000	0.000000	0.000000	0.000000	0.000000	1.048574	0.000000	0.000000	
0.000029	0.706800	0.707890	0.000002	0.000006	0.000007	0.000000	0.000001	
0.000000	0.000002	0.823178	0.581005	0.000006	0.000007	0.000000	0.000000	
0.708025	0.000209	0.706636	0.000008	0.000001	0.000007	0.000001	0.000001	
0.000001	0.000004	1.001309	0.000000	0.000001	0.000000	0.000001	0.000000	
0.000000	0.000000	0.000000	0.000000	0.000000	0.000000	0.000000	1.000103	
0.000005	1.001967	0.000000	0.000000	0.000000	0.000007	0.000001	0.000000	
0.000000	0.000001	0.707788	0.000000	0.000000	0.000005	0.000000	0.707103	
0.736559	0.009487	0.000021	0.002556	0.676887	0.000002	0.000001	0.000001	
0.000016	0.706894	0.000001	0.000009	0.000009	0.000005	0.708214	0.000001	
0.000000	0.000000	0.000000	0.000000	1.002390	0.000000	0.000000	0.000000	
0.705183	0.709266	0.000013	0.000013	0.000002	0.000012	0.000002	0.000001	
0.000000	0.000000	0.000001	0.000000	0.706647	0.000000	0.707982	0.000001	
0.000003	0.000000	0.707569	0.000000	0.000000	0.000001	0.707772	0.000000	
0.000031	0.735271	0.000001	0.000010	0.000010	0.678004	0.000003	0.000000	
0.000000	0.000000	0.000000	0.000000	0.000001	0.000000	0.707468	0.706835	
0.817881	0.000005	0.000026	0.576174	0.000001	0.000004	0.000000	0.000001	
0.000000	0.000000	0.000000	0.577204	0.000005	0.000001	0.816810	0.000001	
0.000004	0.000004	0.000000	0.576706	0.819043	0.000001	0.000002	0.000001	
0.689798	0.000033	0.001956	0.000034	0.000009	0.728753	0.000001	0.001635	
0.000000	0.000000	0.000000	0.576970	0.000000	0.000002	0.000000	0.816920	
0.000387	0.004017	0.003475	0.000000	0.000186	0.708311	0.000000	0.707694	
0.708387	0.000005	0.000043	0.000000	0.000009	0.000002	0.000000	0.706083	
0.000000	0.001937	0.000028	0.000009	0.718789	0.715457	0.000003	0.000000	
0.151314	0.687045	0.069951	0.019006	0.028868	0.000001	0.000001	0.706706	
0.000000	0.000000	0.000000	0.000000	0.000000	0.000000	1.002229	0.000000	
1.004692	0.000000	0.000001	0.000001	0.000002	0.000000	0.000002	0.000000	
0.000000	0.000000	0.000000	0.000000	0.707788	0.000001	0.000001	0.706670	
0.000001	0.000000	0.000001	0.000000	0.000000	0.410217	0.403148	0.818217	
0.000024	0.707305	0.000002	0.000006	0.707271	0.000001	0.000000	0.000001	
0.748284	0.666759	0.000013	0.000013	0.000002	0.000012	0.000002	0.000001	
0.000000	0.000000	0.000000	0.000000	0.000000	0.000000	0.709685	0.709048	
0.684915	0.021656	0.728621	0.000000	0.000053	0.000001	0.013448	0.000000	
0.708423	0.000000	0.000043	0.000001	0.000009	0.000002	0.000002	0.706119	
0.000000	0.000000	0.000000	0.000000	0.000000	0.000000	0.000000	1.000342	
0.706695	0.022345	0.002116	0.000000	0.016126	0.000000	0.707439	0.000000	
0.000000	0.001941	0.000000	0.000009	0.720295	0.716955	0.000003	0.000000	
0.000027	0.003656	0.003208	0.066431	0.002349	1.048722	0.000000	0.000000	
0.000508	0.018954	0.692829	0.009500	0.720763	0.001884	0.000001	0.018710	
0.815627	0.056698	0.000023	0.576756	0.000001	0.000002	0.000001	0.003580	
0.993970	0.011770	0.066928	0.000106	0.075485	0.000003	0.007200	0.043573	
0.079246	1.002058	0.037775	0.000010	0.000001	0.000006	0.091560	0.011930	
0.000000	0.000000	0.000000	0.574046	0.001661	0.000000	0.812344	0.105784	
0.000000	0.000000	0.000000	0.576968	0.000000	0.000002	0.000000	0.816917	
0.000016	0.707874	0.000001	0.000009	0.000002	0.000005	0.709196	0.000001	
0.000149	0.001999	0.714484	0.003794	0.000004	0.712205	0.000001	0.000000	
0.000001	0.000001	0.707746	0.002950	0.000000	0.000005	0.000001	0.707067	
0.697373	0.092527	0.000024	0.009658	0.701706	0.113036	0.000001	0.000001	
0.034681	0.000342	0.703403	0.000020	0.057640	0.000006	0.707947	0.000001	
0.000001	0.002682	1.000205	0.000001	0.000008	0.007430	0.000001	0.000001	
0.665686	0.017875	0.001888	0.000032	0.000009	0.746983	0.000001	0.000004	
0.000000	0.000000	0.000000	1.000150	0.000000	0.000000	0.000000	0.000000	
0.000004	0.000004	0.000000	0.585654	0.810757	0.000000	0.000002	0.000001	
0.000000	0.000000	0.000000	0.000000	0.000000	0.000000	1.001153	0.000000	
0.000164	0.705702	0.012629	0.035343	0.000001	0.709291	0.000003	0.000000	
0.005670	0.000000	0.000161	0.000514	0.998698	0.000001	0.059119	0.000001	
