1.000000	0.000000	0.000000	0.000000	0.000000	0.000000	0.000000	0.000000	
0.000000	0.000000	0.000000	0.000000	0.000000	0.707107	0.000000	0.707107	
0.000000	0.707106	0.000000	0.000000	0.000000	0.707107	0.000000	0.000000	
0.000000	0.000000	0.816501	0.577344	0.000000	0.000000	0.000000	0.000000	
0.000000	0.000000	0.000000	0.000000	0.000000	0.707107	0.707107	0.000000	
0.000000	0.000000	0.000000	0.000000	0.000000	0.000000	0.707107	0.707107	
0.000000	1.000000	0.000000	0.000000	0.000000	0.000000	0.000000	0.000000	
0.000000	0.000000	0.000000	0.000000	0.000000	0.000000	0.000000	1.000000	
0.707107	0.000000	0.000000	0.000000	0.000000	0.000000	0.000000	0.707106	
0.000000	0.000000	0.000000	0.000000	0.707107	0.707107	0.000000	0.000000	
0.707107	0.000000	0.000000	0.000000	0.000000	0.000000	0.707107	0.000000	
0.000000	0.707062	0.707151	0.000000	0.000000	0.000000	0.000000	0.000000	
0.000000	0.816504	0.000000	0.577340	0.000000	0.000000	0.000000	0.000000	
0.000000	0.000000	0.000000	0.577300	0.000000	0.000000	0.816532	0.000000	
0.000000	0.000000	0.000000	0.000000	0.000000	1.000000	0.000000	0.000000	
0.000000	0.000000	0.707107	0.000000	0.000000	0.000000	0.707107	0.000000	
0.000000	0.000000	0.707107	0.000000	0.707107	0.000000	0.000000	0.000000	
0.000000	0.000000	0.000000	0.577353	0.000000	0.000000	0.000000	0.816495	
0.000000	0.000000	0.000000	0.577348	0.000000	0.816498	0.000000	0.000000	
0.000000	0.000000	1.000000	0.000000	0.000000	0.000000	0.000000	0.000000	
0.707107	0.000000	0.000000	0.000000	0.707107	0.000000	0.000000	0.000000	
0.000000	0.707107	0.000000	0.000000	0.707107	0.000000	0.000000	0.000000	
0.816502	0.000000	0.000000	0.577343	0.000000	0.000000	0.000000	0.000000	
0.000000	0.000000	0.707106	0.000000	0.000000	0.707107	0.000000	0.000000	
0.000000	0.000000	0.000000	0.000000	0.707107	0.000000	0.707107	0.000000	
0.707327	0.706887	0.000000	0.000000	0.000000	0.000000	0.000000	0.000000	
0.000000	0.000000	0.707107	0.000000	0.000000	0.000000	0.000000	0.707107	
0.707145	0.000000	0.707068	0.000000	0.000000	0.000000	0.000000	0.000000	
0.000000	0.000000	0.000000	0.000000	0.707107	0.000000	0.000000	0.707107	
0.000000	0.000000	0.000000	1.000000	0.000000	0.000000	0.000000	0.000000	
0.000000	0.000000	0.000000	0.000000	1.000000	0.000000	0.000000	0.000000	
0.707095	0.000000	0.000000	0.000000	0.000000	0.707119	0.000000	0.000000	
0.000000	0.000000	0.000000	0.577360	0.816490	0.000000	0.000000	0.000000	
0.000000	0.707107	0.000000	0.000000	0.000000	0.000000	0.707107	0.000000	
0.000000	0.000000	0.000000	0.000000	0.000000	0.000000	1.000000	0.000000	
0.000000	0.707107	0.000000	0.000000	0.000000	0.000000	0.000000	0.707106	
0.000000	0.000000	0.000000	0.577300	0.000000	0.000000	0.816532	0.000000	
0.051935	0.051399	0.996685	0.009191	0.000001	0.002829	0.034462	0.000196	
0.000000	0.000000	0.000000	0.574547	0.031379	0.813749	0.089588	0.000000	
0.196734	0.013033	0.785592	0.586649	0.001719	0.009629	0.000169	0.000032	
0.000000	0.000000	0.000000	0.000000	0.000000	0.000000	0.000000	1.000000	
0.000000	0.000000	0.000000	0.000000	1.000000	0.000000	0.000000	0.000000	
0.010281	0.707052	0.707050	0.007132	0.000036	0.000000	0.000000	0.000075	
0.000000	0.441194	0.000000	0.058375	0.004750	0.549465	0.002513	0.707106	
0.023439	0.835538	0.000000	0.547157	0.042173	0.000000	0.000000	0.012983	
0.011244	0.998216	0.026887	0.015925	0.028642	0.000262	0.040383	0.003151	
0.000000	0.013859	0.000000	0.444849	0.000000	0.549465	0.002513	0.707106	
0.000000	0.000000	0.000000	1.000000	0.000000	0.000000	0.000000	0.000000	
0.000000	0.000000	0.583242	0.411048	0.000000	0.700619	0.001119	0.000000	
0.000000	0.000000	0.000000	0.000000	0.000000	0.707107	0.707107	0.000000	
0.693335	0.000000	0.000000	0.000000	0.006451	0.000000	0.720587	0.000000	
0.000000	0.000000	0.000000	0.000000	0.707107	0.707107	0.000000	0.000000	
0.000000	0.000000	0.000000	0.000000	0.000000	0.000000	1.000000	0.000000	
0.000000	0.000000	0.000000	0.000000	0.000000	0.000000	0.707107	0.707107	
0.794299	0.012141	0.000004	0.605183	0.050534	0.000014	0.000287	0.012983	
0.000000	0.000000	0.000000	0.000000	0.000000	1.000000	0.000000	0.000000	
0.000000	0.000000	0.718733	0.000000	0.000000	0.000000	0.718733	0.000000	
0.704943	0.045919	0.009036	0.000008	0.708215	0.003860	0.000000	0.000000	
0.000000	0.000000	0.000000	0.000000	0.707107	0.000000	0.000000	0.707107	
0.020859	0.000083	0.486692	0.309900	0.816488	0.000000	0.002199	0.000000	
0.000447	0.526589	0.471890	0.004869	0.707107	0.000000	0.000000	0.000000	
0.000000	0.707107	0.000000	0.000000	0.000000	0.000000	0.000000	0.707106	
0.592580	0.000044	0.007508	0.000000	0.005352	0.802628	0.076911	0.000000	
0.007989	0.707062	0.000184	0.000000	0.000006	0.000015	0.707107	0.000000	
0.000000	0.707096	0.000000	0.000000	0.000000	0.707118	0.000000	0.000000	
0.707327	0.706887	0.000000	0.000000	0.000000	0.000000	0.000000	0.000000	
0.000001	0.026504	0.558199	0.064022	0.429026	0.002684	0.000000	0.707431	
0.460567	0.030512	0.887207	0.000234	0.001856	0.009485	0.000171	0.000032	
0.000000	0.000000	0.000000	0.000000	0.707107	0.000000	0.707107	0.000000	
0.000000	0.000000	0.000000	0.577360	0.816490	0.000000	0.000000	0.000000	
0.547028	0.002831	0.004319	0.000026	0.000503	0.018146	0.002357	0.836898	
0.999246	0.038833	0.000000	0.000000	0.000000	0.000000	0.000000	0.000000	
0.056060	0.816265	0.000000	0.578531	0.000000	0.000000	0.000000	0.000000	
0.066553	0.712304	0.001526	0.010259	0.012101	0.695410	0.061462	0.023840	
0.462753	0.177016	0.006338	0.000005	0.501495	0.000072	0.000000	0.709723	
0.704347	0.041248	0.000614	0.046866	0.000000	0.000000	0.707109	0.000000	
0.000017	0.000000	0.000001	0.008971	0.000000	0.002603	0.999956	0.000000	
0.111632	0.001996	0.000000	0.000000	0.697403	0.703353	0.000000	0.080361	
0.819453	0.000000	0.000000	0.573146	0.000000	0.000000	0.000000	0.000000	
0.000601	0.707997	0.000910	0.004875	0.737401	0.000000	0.000000	0.000000	
0.011244	0.999037	0.027911	0.015939	0.027460	0.000262	0.000023	0.003331	
0.693367	0.037426	0.073441	0.000642	0.106660	0.707858	0.002776	0.000000	
0.000000	0.000000	0.707095	0.000000	0.000000	0.004157	0.707107	0.000000	
0.707298	0.706858	0.008988	0.000000	0.000000	0.000000	0.000000	0.000000	
0.012017	0.660905	0.026616	0.074221	0.000000	0.005522	0.746199	0.000000	
0.000000	0.000000	0.000000	0.571645	0.000000	0.000753	0.000000	0.820501	
0.000882	0.006754	0.707074	0.000000	0.707107	0.000000	0.000000	0.000000	
0.000523	0.000540	0.011541	0.000027	0.707012	0.000000	0.707107	0.000000	
0.000000	0.000000	0.470737	0.000000	0.000000	0.470737	0.746199	0.000000	
1.010804	0.000076	0.028435	0.006883	0.022143	0.071606	0.039686	0.000000	
0.013921	0.000468	0.000351	0.000000	0.999903	0.000000	0.000000	0.000000	
0.000000	0.000000	0.000000	0.574475	0.032677	0.813749	0.089588	0.000000	
0.007382	0.000235	0.000300	0.719174	0.000000	0.000000	0.694792	0.000000	
0.087006	0.000046	0.000000	0.000000	0.000000	0.000567	0.000545	0.996208	
0.704839	0.062207	0.000096	0.000000	0.707579	0.000000	0.000000	0.000000	
0.000001	0.031955	0.701694	0.080473	0.011029	0.002739	0.000000	0.707107	
0.000000	0.000000	0.000000	0.000000	0.000000	0.000000	0.700488	0.713664	
0.321073	0.021271	0.946485	0.010936	0.001718	0.002181	0.022356	0.000032	
0.000000	0.000000	0.000000	0.994993	0.054342	0.006984	0.083595	0.000000	
0.003546	0.000014	0.000062	0.545290	0.838957	0.000000	0.000000	0.000000	
