0.016355	0.622152	0.193500	7.266590	
0.003310	0.822202	0.574388	6.233286	
0.889281	0.771095	0.027329	4.895092	
0.263467	0.805050	0.813323	4.384599	
0.331353	0.864568	0.095704	5.800510	
0.225049	0.641310	0.192356	6.770185	
0.223020	0.208733	0.863468	5.491827	
0.860510	0.732343	0.890811	3.496487	
0.303811	0.000627	0.155235	7.305700	
0.768009	0.000013	0.190807	6.303374	
0.610650	0.188698	0.000000	7.469082	
0.000000	0.167984	0.603273	7.435999	
0.628679	0.633204	0.664750	6.525261	
0.018834	0.009515	0.900895	6.358684	
0.617306	0.000544	0.900895	6.035120	
0.644126	0.229290	0.626883	6.676123	
0.000000	0.000000	0.000000	8.015621	
0.000216	0.136317	0.133591	7.474277	
0.000344	0.798918	0.915782	4.877218	
0.061686	0.631872	0.008829	7.611649	
0.725686	0.000829	0.001909	6.890266	
0.253934	0.790022	0.589443	5.870852	
0.643841	0.000762	0.154934	7.336340	
0.000011	0.181224	0.805915	6.057530	
0.844618	0.315983	0.615896	5.623042	
0.207274	0.002608	0.677295	6.854876	
0.690061	0.881557	0.664504	4.842977	
0.888464	0.877490	0.741243	3.440351	
0.793717	0.199314	0.006060	6.176618	
0.785618	0.887235	0.005249	4.854577	
0.221226	0.862083	0.223673	5.478062	
0.000068	0.730585	0.729622	5.789856	
0.004584	0.883606	0.005366	6.319971	
0.003592	0.895563	0.782788	4.879440	
0.016355	0.790964	0.193023	6.124735	
0.000115	0.141648	0.313984	7.350121	
0.000001	0.000000	0.117091	7.780572	
0.803347	0.790022	0.258776	4.486500	
0.726042	0.000067	0.724307	5.805352	
0.915079	0.020928	0.810082	4.814337	
0.324319	0.001700	0.695200	6.770929	
0.004159	0.000544	0.730826	6.853166	
0.009709	0.336763	0.700625	6.743431	
0.694859	0.001103	0.573597	6.997171	
0.133231	0.000001	0.137013	7.521560	
0.191281	0.620088	0.866531	5.629273	
0.007722	0.000000	0.545581	7.989754	
0.198115	0.771374	0.000008	6.229055	
0.000086	0.000008	0.279610	7.622124	
0.728478	0.854876	0.859197	3.485893	
0.156634	0.000339	0.288897	7.295961	
0.643841	0.227134	0.206563	6.725110	
0.721919	0.660828	0.935506	4.874319	
0.010029	0.131082	0.002600	7.736841	
0.796604	0.276145	0.810082	4.437467	
0.643841	0.220489	0.818209	5.584932	
0.876206	0.224359	0.217099	5.495224	
0.135868	0.131082	0.000070	7.479853	
0.191281	0.616545	0.000505	7.339743	
0.000718	0.315133	0.134959	7.417366	
0.329638	0.195574	0.213728	6.887068	
0.195836	0.000544	0.793735	6.185167	
0.148607	0.306729	0.001112	7.342410	
0.200538	0.225244	0.676347	6.528604	
0.679490	0.311409	0.005435	6.858223	
0.889281	0.657634	0.691672	4.887681	
0.001023	0.895563	0.571260	6.237085	
0.207066	0.611147	0.669871	6.660920	
0.724336	0.738537	0.000001	5.701669	
0.000064	0.287315	0.001070	7.614528	
0.165605	0.316125	0.186842	6.932071	
0.011871	0.761816	0.001393	6.630672	
0.861274	0.006500	0.012621	6.287475	
0.116786	0.000191	0.001217	7.778320	
0.794572	0.000544	0.900895	4.838067	
0.639394	0.801575	0.199997	5.584111	
0.301035	0.159050	0.002947	7.288627	
0.548783	0.000000	0.000008	7.951389	
0.150617	0.145266	0.148723	7.118257	
0.206246	0.208234	0.288897	6.857908	
0.259348	0.000000	0.000002	7.575194	
0.329677	0.676541	0.001988	6.918064	
0.639919	0.644466	0.261898	6.747095	
0.907870	0.001286	0.643435	5.895875	
0.224650	0.641310	0.192356	6.840092	
0.888681	0.775383	0.008215	4.906045	
0.000027	0.272101	0.313984	7.209033	
0.116786	0.000670	0.001202	7.779779	
0.000000	0.000000	0.810266	6.471216	
0.009709	0.336763	0.693962	6.794096	
0.778617	0.186791	0.009828	6.216173	
0.804164	0.004620	0.190965	6.109823	
0.321360	0.001700	0.682758	6.858826	
0.003465	0.899903	0.781170	4.918977	
0.004584	0.107615	0.819330	6.352880	
0.016355	0.790964	0.227072	6.086528	
0.915079	0.020928	0.804866	4.834479	
0.208844	0.225412	0.855421	5.500602	
0.676908	0.310302	0.060132	6.793038	
0.548783	0.000000	0.000059	7.948363	
0.311847	0.131082	0.000330	7.371320	
0.799328	0.790022	0.257486	4.502515	
0.615727	0.178559	0.757615	5.983977	
0.301035	0.159510	0.170013	6.950606	
0.000035	0.671793	0.001070	7.303767	
0.889281	0.657634	0.691504	4.888952	
0.132758	0.131082	0.000330	7.487503	
0.068962	0.631872	0.140106	7.321172	
0.895701	0.001325	0.643435	5.855353	
0.191281	0.620088	0.000000	7.319745	
0.167090	0.000000	0.508843	7.687949	
0.619883	0.195290	0.000000	7.314364	
0.002141	0.887235	0.603212	6.207802	
0.307762	0.799597	0.683219	5.304050	
0.793717	0.190855	0.597848	5.965194	
0.621324	0.000544	0.900895	6.012125	
0.198463	0.223494	0.678225	6.445592	
0.728478	0.854876	0.859090	3.485924	
0.004584	0.052519	0.003146	7.915336	
0.657827	0.898520	0.626883	5.476847	
0.839387	0.881557	0.664504	4.075369	
0.208355	0.002976	0.793489	6.086309	
0.000216	0.127037	0.133591	7.512867	
0.165605	0.315905	0.189047	6.931756	
0.315413	0.676541	0.004523	6.888062	
0.068962	0.631872	0.011405	7.584191	
0.280052	0.018419	0.028799	7.528021	
0.031288	0.790660	0.924362	4.914590	
0.331353	0.863533	0.104699	5.798551	
0.235067	0.195290	0.138467	6.940391	
0.794712	0.000222	0.873197	4.777599	
0.734851	0.000745	0.717722	5.776315	
0.191281	0.619609	0.669871	6.637516	
0.148607	0.306729	0.010085	7.312098	
0.664835	0.643858	0.668996	6.159277	
0.170048	0.731358	0.731383	5.442959	
0.000064	0.112930	0.001070	7.796081	
0.779482	0.887235	0.004890	4.887308	
0.793717	0.192334	0.169072	5.780741	
0.175992	0.148908	0.257391	6.933533	
0.860510	0.005576	0.008528	6.292917	
0.148288	0.001016	0.184393	7.344916	
0.002280	0.291910	0.138360	7.347579	
0.655971	0.197307	0.646863	6.691663	
0.028990	0.879453	0.022385	6.262021	
0.000380	0.258645	0.000000	7.620596	
0.013089	0.000000	0.545469	7.940435	
0.654982	0.053933	0.184950	6.975952	
0.155013	0.000006	0.288897	7.299168	
0.696356	0.117663	0.573086	6.949002	
0.000210	0.000008	0.271590	7.584389	
0.223020	0.893846	0.855421	4.254859	
0.639919	0.663579	0.261898	6.683980	
0.687381	0.234771	0.215112	6.487279	
0.191281	0.620088	0.689718	6.481553	
0.198115	0.729447	0.000008	6.511881	
0.018834	0.009352	0.900895	6.358884	
0.639394	0.801575	0.199997	5.584111	
0.724219	0.727259	0.017936	5.781808	
0.860510	0.736092	0.868732	3.433695	
0.301319	0.005978	0.159264	7.285361	
0.003310	0.822202	0.574985	6.219404	
0.705800	0.000829	0.001909	7.038977	
0.654982	0.717622	0.887311	4.711496	
0.012814	0.004021	0.138467	7.760699	
0.012166	0.159050	0.682633	6.884292	
0.263467	0.805050	0.120166	5.770285	
0.792314	0.276145	0.810082	4.457354	
0.148288	0.001016	0.184393	7.344916	
0.664229	0.641310	0.662602	6.279952	
0.000861	0.656633	0.012846	7.417575	
0.788742	0.000866	0.689341	5.931132	
0.168971	0.785936	0.729018	5.034695	
0.644144	0.226912	0.206563	6.745552	
0.776377	0.887235	0.005249	4.904695	
0.783538	0.199314	0.133636	5.904837	
0.888486	0.778943	0.023999	4.984126	
0.198109	0.002693	0.000914	7.614955	
0.639919	0.726905	0.261898	6.161705	
0.150339	0.879052	0.664504	5.448467	
0.261045	0.289156	0.271231	6.751405	
0.624678	0.000544	0.900895	5.994563	
0.150227	0.258645	0.013083	7.308352	
0.012405	0.131082	0.000070	7.760666	
0.676908	0.310302	0.084043	6.741662	
0.016355	0.776418	0.227072	6.148947	
0.001514	0.941651	0.776626	5.179992	
0.909263	0.217093	0.900895	4.486071	
0.234609	0.195290	0.135632	6.942559	
0.786322	0.004634	0.107909	6.341099	
0.648333	0.315539	0.060132	7.005767	
0.779871	0.002252	0.005381	6.546044	
0.191281	0.600709	0.000001	7.396636	
0.878331	0.778943	0.725813	4.088657	
0.182787	0.202540	0.798867	5.690486	
0.009709	0.336763	0.693962	6.794096	
0.005713	0.165800	0.221287	7.249358	
0.643681	0.023775	0.156283	7.276318	
0.615727	0.178559	0.757019	5.999309	
0.004509	0.084234	0.263952	7.586979	
