0.170029	0.972965	0.157760	0.000076	
0.182977	0.000006	0.364712	0.913502	
0.365654	0.182705	0.000001	0.912964	
0.000237	0.993222	0.141475	0.000838	
0.639936	0.000121	0.639870	0.426546	
0.000000	0.318041	0.000000	0.948305	
0.000222	0.639749	0.427756	0.639020	
0.001775	0.857688	0.515092	0.000001	
0.141725	0.000044	0.000002	0.990124	
0.912170	0.367256	0.183600	0.000008	
0.000028	0.141708	0.990252	0.000001	
0.162268	0.163222	0.973743	0.000005	
0.212643	0.212563	0.854255	0.425204	
0.000000	0.000000	0.857100	0.515637	
0.857835	0.000000	0.000002	0.514885	
0.816445	0.000470	0.408960	0.408524	
0.229673	0.228302	0.666404	0.672058	
0.912533	0.366408	0.000000	0.183320	
0.161018	0.000143	0.973828	0.162658	
0.784199	0.000007	0.589549	0.195624	
0.185487	0.913093	0.000013	0.364149	
0.161432	0.000004	0.162179	0.973869	
0.857201	0.515571	0.000000	0.000001	
0.427051	0.639609	0.639673	0.000005	
0.515915	0.000007	0.857027	0.000010	
0.236857	0.472909	0.706529	0.471122	
0.000000	0.000000	0.990355	0.141347	
0.973612	0.162666	0.000000	0.162248	
0.000070	0.949149	0.315727	0.000001	
0.000000	0.000000	1.000401	0.000000	
0.212699	0.428363	0.852156	0.213891	
0.639595	0.000012	0.426848	0.639770	
0.671146	0.224283	0.223391	0.671076	
0.222713	0.672278	0.670039	0.224281	
0.000165	0.408791	0.409647	0.816289	
0.000005	0.973887	0.160673	0.162948	
0.000000	0.162821	0.162725	0.973606	
0.409540	0.410094	0.815490	0.000000	
0.212817	0.853348	0.426464	0.213292	
0.857945	0.000059	0.514302	0.000008	
0.707318	0.000006	0.707420	0.000003	
0.785255	0.195828	0.000006	0.588144	
0.784343	0.195974	0.589094	0.000004	
0.000002	0.588487	0.195871	0.784981	
0.000000	0.708388	0.706209	0.000016	
0.212471	0.853695	0.212604	0.427133	
1.000520	0.000000	0.000000	0.000000	
0.671148	0.672127	0.224286	0.220015	
0.000011	0.426879	0.638765	0.640953	
0.000011	0.409687	0.815833	0.408918	
0.184432	0.370018	0.910886	0.000005	
0.000066	0.316498	0.948956	0.000001	
0.588605	0.000001	0.196615	0.784668	
0.472646	0.235566	0.472039	0.706982	
0.000007	0.000000	0.949239	0.315981	
0.195522	0.588398	0.784925	0.000017	
0.585686	0.196053	0.786851	0.000000	
0.000000	0.858447	0.000003	0.513777	
0.000195	0.198002	0.785907	0.592243	
0.498616	0.500801	0.501087	0.500165	
0.000000	0.708883	0.000002	0.705913	
0.000000	0.141555	0.000000	0.990306	
0.000004	0.913338	0.183321	0.364526	
0.192780	0.190528	0.184194	0.945181	
0.990276	0.000037	0.140933	0.000003	
0.974456	0.162360	0.157961	0.000008	
0.408799	0.408761	0.000000	0.816705	
0.233131	0.709468	0.470714	0.471123	
0.912599	0.181971	0.367089	0.000001	
0.704968	0.470198	0.238181	0.475824	
0.360191	0.000022	0.914989	0.183670	
0.406097	0.817853	0.000000	0.408949	
0.000004	0.000006	0.706887	0.707859	
0.000003	0.515893	0.857052	0.000003	
0.853530	0.425467	0.213032	0.213623	
0.407452	0.816963	0.409096	0.000011	
0.946152	0.188739	0.188586	0.186612	
0.639219	0.641363	0.000009	0.425119	
0.990409	0.140337	0.000001	0.000005	
0.428407	0.211833	0.852644	0.213113	
0.408154	0.000010	0.407035	0.817528	
0.000000	0.949308	0.000001	0.315373	
0.705857	0.240711	0.471571	0.471724	
0.189509	0.189747	0.945055	0.189087	
0.000000	0.366813	0.912512	0.183892	
0.818837	0.406190	0.406400	0.000025	
0.426491	0.213558	0.211402	0.853499	
0.913366	0.000006	0.365002	0.182903	
0.949176	0.000018	0.000000	0.315859	
0.161101	0.973845	0.000000	0.161748	
0.639904	0.427229	0.639368	0.000041	
0.000001	0.182872	0.913284	0.364930	
0.364895	0.913478	0.000000	0.182546	
0.409648	0.000012	0.816015	0.408624	
0.198134	0.000388	0.786435	0.592598	
0.367357	0.912225	0.183379	0.000001	
0.424912	0.852978	0.216035	0.213687	
0.784658	0.000004	0.196264	0.588509	
0.364568	0.000018	0.182572	0.913466	
0.479940	0.464105	0.706638	0.235851	
0.427301	0.000309	0.642093	0.641168	
0.195319	0.000701	0.586995	0.786511	
0.707779	0.000011	0.000000	0.706865	
0.197736	0.785101	0.587400	0.000010	
0.000014	0.913133	0.365536	0.182712	
0.000250	0.786213	0.196003	0.587176	
0.784372	0.588973	0.000005	0.196134	
0.588621	0.784862	0.000000	0.195741	
0.182035	0.913695	0.364258	0.000006	
0.316714	0.948809	0.000000	0.000000	
0.000010	0.589191	0.784388	0.195130	
0.708755	0.476678	0.469271	0.225088	
0.973509	0.000036	0.162006	0.163750	
0.857739	0.215567	0.426883	0.207574	
0.195564	0.785502	0.000002	0.587654	
0.000000	0.163124	0.973707	0.162053	
0.475777	0.706293	0.469071	0.235378	
0.000006	0.786355	0.586263	0.196630	
0.590402	0.000014	0.783459	0.196105	
0.514799	0.000004	0.000117	0.857665	
0.589372	0.783934	0.196815	0.000003	
0.211986	0.426323	0.213963	0.853419	
0.196917	0.587980	0.000001	0.784933	
0.000034	0.000026	0.513005	0.858768	
0.475329	0.472294	0.236224	0.704146	
0.000465	0.516120	0.000110	0.856887	
0.225196	0.672755	0.223996	0.668782	
0.182897	0.365255	0.000003	0.913252	
0.000010	0.639689	0.640039	0.426520	
0.156867	0.156009	0.000001	0.975672	
0.949147	0.316365	0.000000	0.000000	
0.000202	0.990420	0.000000	0.140910	
0.000000	0.000000	0.141735	0.990187	
0.707437	0.707176	0.000000	0.000003	
0.913176	0.000056	0.183070	0.365020	
0.315749	0.000022	0.949198	0.000008	
0.141705	0.000159	0.990233	0.000001	
0.000107	0.364738	0.182365	0.913597	
0.000000	1.000319	0.000000	0.000000	
0.000036	0.196256	0.588443	0.784941	
0.852831	0.213228	0.212740	0.427827	
0.514026	0.858153	0.000000	0.000000	
0.365271	0.183131	0.913230	0.000329	
0.467390	0.236606	0.707696	0.474793	
0.141088	0.990501	0.000002	0.000003	
0.316284	0.000002	0.000019	0.949101	
0.183069	0.000000	0.913238	0.365052	
0.235148	0.471785	0.473178	0.706837	
0.948945	0.000065	0.316433	0.000008	
0.912639	0.183960	0.000001	0.366152	
0.426124	0.640473	0.000007	0.639466	
0.000032	0.182301	0.364902	0.913519	
0.192026	0.945771	0.185243	0.186881	
0.000000	0.816930	0.409343	0.407223	
0.588494	0.196935	0.000000	0.784656	
0.816819	0.410106	0.000004	0.407356	
0.000000	0.000000	0.316602	0.948874	
0.640404	0.639598	0.426561	0.000001	
0.000000	0.000000	0.000000	1.000267	
0.671174	0.224499	0.671523	0.221053	
0.790055	0.585472	0.183843	0.000002	
0.470162	0.706750	0.237685	0.472993	
0.990381	0.000066	0.000000	0.141378	
0.640168	0.426454	0.000001	0.639406	
0.213512	0.213416	0.427064	0.852860	
0.788264	0.395769	0.006132	0.472549	
0.240643	0.080347	0.697292	0.671038	
0.000011	0.407346	0.811171	0.420361	
0.688266	0.229978	0.688553	0.005100	
0.000880	0.905232	0.426624	0.007315	
0.183391	0.902778	0.000003	0.390015	
0.000439	0.513961	0.028879	0.857690	
0.756911	0.572120	0.315613	0.024867	
0.141703	0.000161	0.990220	0.000001	
0.183086	0.983365	0.000000	0.000001	
0.588661	0.784916	0.000000	0.195564	
0.676476	0.454968	0.447898	0.367857	
0.145972	0.881698	0.419100	0.161749	
0.863470	0.168656	0.212910	0.425866	
0.977783	0.000036	0.162717	0.135067	
0.948931	0.000065	0.316428	0.000483	
0.846628	0.423031	0.315921	0.071251	
0.671099	0.683801	0.216622	0.190578	
0.000003	0.515893	0.857052	0.000003	
0.009059	0.879552	0.212570	0.427065	
0.189955	0.191238	0.963456	0.000005	
0.430431	0.323205	0.843121	0.001741	
0.000007	0.000000	0.949239	0.315981	
0.912578	0.183948	0.000001	0.366161	
0.000309	0.970806	0.242022	0.006644	
0.643531	0.009283	0.739947	0.196919	
0.339506	0.936945	0.000002	0.086523	
0.188936	0.189173	0.942198	0.203380	
0.212643	0.212563	0.854255	0.425204	
0.000000	0.000000	0.996990	0.082534	
0.000002	0.707609	0.707202	0.006848	
0.293103	0.127715	0.000001	0.947835	
0.375978	0.764095	0.469066	0.235376	
0.711048	0.000049	0.504337	0.490501	
0.001398	0.064511	0.003050	0.998214	
