0.021211	0.011841	0.208171	0.995856	0.435353	1.774855	0.077874	0.004332	
0.000009	0.000657	0.000851	0.000974	0.000112	3.922691	0.006116	0.000866	
0.005800	0.000934	0.337960	3.162026	2.053163	0.059090	0.188056	0.034215	
2.788850	0.401544	0.000091	1.573353	0.041810	0.108685	1.360948	0.051713	
0.061826	0.000163	0.004816	0.105909	0.006467	4.752806	0.158306	0.235119	
0.039758	0.026966	0.982027	0.088276	0.029787	1.322055	0.496393	0.022326	
0.551604	0.412019	0.053903	0.087377	0.254976	1.880860	1.110801	0.000169	
0.438645	0.034351	0.214425	0.823746	0.028651	0.053425	0.683456	1.613631	
0.076557	0.010268	2.402137	0.015167	0.031691	0.030634	0.086865	1.876143	
0.316776	0.012809	0.187419	0.807699	0.021244	1.738280	0.098997	0.189884	
1.046325	0.071084	2.216663	0.148507	0.475792	0.342903	0.017547	0.000592	
0.008735	0.001185	1.633033	0.003122	0.038613	1.840153	0.059375	0.018082	
0.167940	0.027821	0.963488	0.063301	0.001900	1.446553	0.520268	0.431826	
0.955850	0.002524	0.073458	1.612002	0.042399	0.091948	0.089174	0.171042	
0.000007	0.000522	0.000676	0.000964	0.000078	3.387045	0.537401	0.017455	
0.678605	0.506883	0.066314	0.107495	0.004221	1.877221	1.110801	0.000169	
0.851663	0.138907	0.010436	0.713046	0.524476	2.344860	0.006016	0.833948	
0.000001	0.000001	0.000017	0.000001	0.000000	0.000416	0.000079	17.463797	
0.066530	0.003249	5.502843	0.756582	0.103220	29.334752	0.001795	0.546115	
0.162784	0.046463	0.006529	1.830121	0.077848	0.308877	0.030447	1.412959	
0.058907	2.354607	0.145376	0.081758	0.346158	3.330443	0.075490	1.280101	
0.046128	1.276353	0.686936	0.215667	0.824921	0.063470	0.041884	1.792090	
0.334973	0.028182	0.258906	0.016234	0.200249	0.872071	0.002607	1.385919	
0.008253	0.000022	0.000259	0.005348	0.000092	5.198818	0.012119	3.848723	
1.133428	19.517918	2.582269	0.063647	0.345419	0.393124	5.101252	0.047792	
0.076612	0.042767	2.584024	0.333638	0.449822	0.422135	0.022364	0.004532	
10.477956	1.240988	0.409152	3.716378	3.625975	0.009254	0.002285	1.134159	
0.358117	0.664066	0.016698	0.687616	0.156607	1.707389	0.112076	0.001975	
0.714432	2.011738	0.209217	3.684635	0.227920	0.237476	0.116244	0.007498	
0.213123	0.035306	1.462387	0.093632	0.002804	1.481585	0.007064	0.445984	
1.661458	0.116016	0.180182	0.296429	0.655390	0.096259	1.187320	0.020295	
1.155058	0.012929	0.146569	0.186879	1.114559	0.059333	2.407927	1.105694	
0.082074	0.012777	5.298947	0.066163	0.008622	0.323738	1.182391	0.034109	
0.000219	0.000037	0.000100	0.000214	0.000006	0.000100	11.422691	0.019794	
0.288253	0.215310	0.028168	0.706193	0.063784	1.792122	1.065807	0.063937	
0.665540	1.351902	0.259075	0.280954	0.021181	2.736573	0.016272	0.281233	
0.001767	0.015950	0.286948	0.006531	0.525536	0.726193	1.433398	0.003361	
3.950181	0.568755	0.000129	0.260020	0.041943	0.109032	1.365304	0.031631	
6.280778	0.076259	0.198915	0.042789	0.043918	0.111919	0.015703	0.009878	
0.043672	0.007222	3.052123	0.169827	0.003840	0.018080	0.007558	0.016127	
0.126016	0.017052	0.009217	0.540178	0.243925	0.802092	1.312711	0.155491	
0.087067	0.180650	4.358650	0.135378	0.030182	0.258781	4.269667	0.018815	
3.945900	0.014170	0.064030	0.328151	0.028966	0.354230	0.010931	3.712979	
0.004863	0.003463	0.000850	0.001357	0.000050	4.842278	4.181406	1.196504	
1.901682	0.031339	0.020867	0.169017	0.043085	2.287057	4.360592	0.258459	
0.418957	0.941370	0.617737	0.001540	0.032324	0.070061	0.003133	1.477849	
0.429374	0.332643	3.077744	0.117535	0.491150	0.060710	0.054033	0.949165	
1.438653	0.025201	0.800066	0.002145	0.046760	1.393768	0.084720	0.107680	
0.025976	0.044420	0.004532	0.006335	8.240164	0.198263	0.001205	0.005562	
0.021781	0.001060	0.728438	1.466864	0.080616	10.320167	0.000633	0.945738	
2.171082	0.169935	4.678128	0.312648	0.211483	0.445216	0.032588	0.001099	
0.193869	2.042870	0.210252	0.226716	0.056901	2.786650	2.445795	0.004309	
0.379650	0.771177	0.147786	0.160267	0.216077	1.777535	0.019752	0.183159	
0.003384	0.000017	0.170683	1.525706	0.031147	1.548526	0.839883	0.003028	
0.860602	0.602707	0.142837	0.350230	0.094460	2.435035	0.876555	0.018094	
0.103471	0.057761	0.955216	0.137785	0.185767	1.526360	0.016971	0.071934	
0.178476	0.003992	2.763545	0.550569	0.100722	0.153043	0.278877	0.048340	
0.065352	0.045903	0.926401	0.059252	1.080877	2.726603	0.015441	0.011787	
0.103971	0.008728	2.628452	1.733481	0.028729	0.293135	0.002046	0.000179	
0.004739	0.059630	0.006051	0.006731	0.001642	2.616222	1.194126	0.018716	
0.114564	0.015443	0.008670	0.491908	0.222128	0.730417	1.434701	0.153891	
2.299149	1.601945	0.065826	0.335311	0.013276	0.027468	0.252781	0.011638	
2.494863	0.027925	0.316581	0.238218	0.032891	0.070420	3.844986	1.462711	
0.813954	1.522555	0.013350	1.540183	0.148195	1.099706	0.160379	0.013119	
1.828585	0.008506	0.195184	0.312394	0.003794	0.079105	0.001319	0.011756	
2.772324	0.059356	1.470857	0.298621	1.757835	0.132330	0.087324	0.004365	
0.020886	0.453487	2.314910	0.089072	0.658705	0.003222	0.041663	0.008860	
0.166201	3.608670	0.318738	0.224735	0.988244	0.006622	0.001679	0.017034	
0.668496	0.055206	0.033745	0.043919	0.789655	1.991970	0.006959	0.429948	
2.709731	1.130659	2.094569	0.008374	0.096804	0.148234	0.015627	0.316726	
0.023047	0.253510	0.165853	0.061260	0.248481	0.646725	1.582262	0.030834	
1.480268	0.826340	0.174620	0.306218	0.412854	3.396292	0.037740	0.028602	
0.000144	0.023363	1.531778	1.035589	0.045514	3.482375	0.037866	0.000930	
0.086689	1.882245	0.999506	0.048817	2.301638	0.006723	0.001683	0.002712	
1.611287	0.112046	0.018156	0.072011	0.544821	2.470343	0.024789	0.001391	
0.163565	1.266875	0.109642	2.406025	0.088293	0.027709	1.303347	0.058357	
0.686376	0.046380	0.284968	0.086025	0.020612	1.372481	0.057112	0.011311	
0.089203	0.000315	0.008297	10.546627	0.013150	0.050487	0.020788	0.033557	
0.000340	0.003626	0.030842	0.014899	0.000119	0.026156	4.921151	4.384378	
0.007926	0.019376	2.392832	0.256611	0.005736	0.271944	0.171573	0.627968	
0.056370	0.002744	1.885221	0.120491	0.052846	9.507189	0.000583	0.871237	
0.362875	0.659908	0.016707	0.688019	0.156699	1.708390	0.112142	0.002165	
1.580262	0.212670	0.885232	1.773468	0.067626	0.294170	0.319560	0.003785	
0.676794	0.505530	0.066137	0.107208	0.004210	1.880860	1.110801	0.000169	
0.004760	0.001026	0.213104	1.856534	0.078971	0.313334	0.030886	1.433351	
0.001840	0.000339	0.109350	0.977463	0.641925	1.548508	0.839873	0.003028	
0.595670	0.421182	0.022441	0.059345	1.082582	2.730904	0.015465	0.016673	
2.542180	1.339049	2.233440	0.320038	1.033839	0.195430	0.004682	0.009480	
0.343015	0.759950	0.500867	0.001215	0.026363	0.056810	0.561892	1.594788	
0.057147	0.031902	1.222338	0.161844	0.218203	1.795020	0.019946	0.004309	
0.025440	0.062264	1.290786	0.121773	0.076216	1.886087	0.004864	0.671027	
0.129727	2.816730	0.189444	0.960925	0.937550	0.006282	0.001592	0.287763	
0.068490	0.704219	0.099341	0.067846	1.587258	0.000042	2.317755	0.027549	
1.584209	0.353512	0.080266	0.162753	0.144201	2.010595	0.068473	0.009445	
0.031366	0.000564	1.229643	1.769245	0.019445	0.438068	3.779219	4.503048	
1.960220	0.030805	0.196401	0.204725	0.096985	2.641915	4.634422	0.525398	
0.970596	0.053698	0.493829	0.055658	0.077142	1.018869	0.026752	2.736638	
0.002349	0.000184	0.003089	0.000042	0.000163	8.781765	0.013038	0.002466	
0.439025	5.182357	0.433898	4.135759	0.388238	0.199687	0.284963	0.021757	
0.000094	0.000000	0.000117	0.001692	0.000087	3.000184	0.757068	0.003023	
1.407966	0.188447	0.178251	0.529013	0.532845	0.185999	0.774079	0.222003	
0.293574	0.689841	0.587510	0.001223	0.442190	0.070145	0.003137	1.479620	
0.015080	0.225073	4.668635	0.424376	0.108757	3.742486	0.003090	0.624097	
0.723923	1.181102	0.000564	0.110927	1.880083	5.218700	0.056989	0.006517	
0.060357	0.000564	0.690596	0.401295	1.750919	0.011713	0.523708	0.000974	
0.125691	0.006138	21.913174	0.038948	0.470871	0.017364	0.004589	0.014652	
3.752980	1.565964	2.900979	0.092100	0.135385	0.205476	0.016807	0.036952	
0.664457	1.561343	0.193842	0.001884	0.681090	0.108042	0.004833	2.280468	
1.367460	0.196890	0.158578	0.262530	1.510985	0.115679	1.011495	0.022379	
1.568633	0.017558	0.199049	0.149778	1.436420	0.076467	4.167739	1.630522	
0.031632	0.089071	6.984214	1.010788	0.279415	0.291130	7.600566	0.016957	
0.010290	0.000334	1.821949	0.771677	0.053738	1.601772	0.097364	0.033763	
0.265675	0.041353	2.031842	0.014253	0.029780	0.028787	0.032377	1.728182	
0.062675	0.008448	0.449412	1.729148	0.738403	2.559536	0.087258	0.761218	
0.033738	0.018971	0.723752	5.600243	0.245878	0.235774	0.093024	0.000783	
0.019359	0.003014	1.249858	0.060452	0.002105	1.510900	0.591731	0.016810	
0.066698	0.733669	0.479984	0.143940	0.697887	0.041852	2.447726	0.040437	
0.000042	0.000092	0.001544	0.018810	0.000601	31.782407	26.279177	0.159909	
0.005722	0.013181	0.225883	2.238923	0.015743	1.631929	3.492505	0.048507	
1.791115	0.159540	0.020551	0.049602	0.580268	2.724628	0.006990	0.024027	
0.020291	0.000988	0.678622	1.366548	0.232310	10.320167	0.000633	0.945738	
1.440099	0.025227	0.799809	0.000930	0.046760	1.393768	0.084720	0.107680	
0.054997	0.090007	0.083700	1.816974	0.726341	3.712555	0.040526	0.351791	
18.326716	0.159467	0.552864	0.033637	0.418420	0.100146	0.001800	0.025410	
0.673390	0.027228	0.073161	1.034314	0.042356	2.388133	0.145237	0.025313	
35.361920	1.248119	1.552038	0.104543	0.619766	0.042644	7.884875	0.037794	
0.013637	0.000036	0.000428	0.008837	0.000153	8.590229	0.010061	6.352070	
1.156410	2.507933	0.104613	0.085393	0.140078	0.424129	0.000423	0.249759	
1.870236	0.186466	0.991570	0.123410	0.155467	0.102250	0.034784	3.515690	
0.119033	0.005813	20.752469	0.036885	0.445930	99.436372	0.006061	0.078397	
5.285537	0.013995	0.160733	3.372089	0.058784	0.348509	0.010793	6.813968	
0.700418	0.517777	1.450156	1.416651	0.117233	0.142656	0.031112	0.001071	
0.016370	0.002207	0.117378	0.451621	0.206977	0.680598	1.336846	0.359726	
0.019799	0.048456	1.004543	0.090300	0.059087	1.383374	0.535310	0.604865	
0.291429	0.820623	0.085343	1.503027	2.025627	0.130913	0.139237	0.023781	
0.000176	0.000125	0.009219	0.001408	0.000052	5.024012	4.338337	1.191399	
0.163807	0.001946	3.119040	0.274599	2.610222	0.016377	0.060105	0.030290	
2.268005	0.002954	0.012589	1.292622	0.133934	1.015987	0.151697	0.222095	
0.000480	0.000015	0.000170	0.000400	0.000012	0.000187	21.373010	0.036928	
0.161275	0.017217	1.345205	0.009285	1.760972	0.040220	0.043232	2.400811	
3.680989	0.013219	0.115594	0.310676	0.027424	3.362843	0.017338	5.545261	
0.006800	0.016624	2.053060	0.183873	0.084344	0.244355	0.531919	0.601034	
0.030473	0.001611	1.827288	0.801077	0.016967	1.613480	0.098075	0.034009	
0.097186	0.004714	1.543326	0.297033	0.044533	0.060097	0.442035	1.629801	
0.006126	0.000085	0.000402	0.000527	0.000049	4.304610	0.010024	3.622389	
0.005925	0.000955	0.345279	3.230508	2.097629	0.044167	0.218472	0.018210	
0.059129	0.495777	0.042707	0.876322	1.915362	0.386557	0.799122	1.219196	
0.003145	0.000020	30.085205	1.921387	0.413292	42.970110	0.003783	1.151149	
1.683584	0.702490	1.239396	1.855812	0.089278	0.115923	0.076497	0.294211	
0.104962	0.072339	1.476345	0.139192	0.659817	3.001917	0.011943	0.102302	
0.095764	2.232745	0.553788	0.073975	0.071912	0.025884	0.010187	3.093851	
15.968721	8.068519	0.718879	0.081121	1.821591	0.136974	0.002448	0.034799	
0.110799	0.005411	19.316937	0.034334	0.707523	92.007117	0.005629	1.712866	
0.015116	0.000738	2.635327	20.951326	0.188871	91.097367	0.005765	0.074563	
0.172150	0.037096	0.006529	1.830121	0.077848	0.308877	0.030447	1.412959	
0.541730	0.374964	1.091245	1.138030	0.090285	0.109863	0.561627	0.000956	
1.068917	0.154650	0.012891	0.052092	0.971970	2.367895	0.748672	0.024227	
0.015559	0.002097	0.111563	0.458357	0.206977	0.680598	1.336846	0.359726	
0.704714	0.477392	1.396600	3.450489	0.164609	0.210598	0.189108	0.001613	
0.153549	0.318588	4.146288	0.135146	0.030131	0.263583	4.266774	0.025131	
0.772083	0.576705	0.075549	0.096275	0.000611	2.104015	1.273444	0.000136	
0.073254	1.206968	0.633097	0.021065	1.485373	0.028909	0.890948	0.020954	
0.032281	0.004351	0.231468	0.846882	0.389694	0.029802	1.390611	0.368633	
0.261685	0.035274	0.072280	1.226559	0.523781	0.059077	0.034007	2.129680	
0.599460	7.076163	0.592458	5.647103	0.530113	1.522925	0.422151	0.013654	
0.043723	0.004819	0.284585	1.106603	0.507155	1.007165	0.005989	3.173520	
4.547002	0.021152	0.462746	0.766580	0.002138	0.196706	0.003257	0.029039	
1.401656	0.098729	0.015807	0.062695	0.453372	2.128793	0.673074	0.021781	
0.008725	0.000277	0.000733	0.000864	2.159750	0.226184	0.492365	0.556341	
1.871906	0.029417	0.187552	0.195501	0.092615	2.522888	4.865592	0.525398	
2.792546	0.218578	3.566438	0.072525	0.191820	0.403820	0.029558	0.001295	
0.764905	0.024077	47.911851	4.011306	0.124891	0.291114	0.004538	0.250630	
0.075149	0.052686	1.064453	0.100358	0.067686	1.703145	0.629388	0.008847	
0.003386	0.035879	0.001330	0.054214	1.974166	1.778784	1.305676	0.033661	
0.042748	0.007023	1.530892	0.265963	1.081188	0.433625	3.820700	0.014386	
1.876656	0.176767	0.021634	0.041966	0.607895	2.854353	0.007323	0.032719	
0.055336	0.000996	2.169312	3.188285	0.034734	0.048270	0.072136	3.315987	
0.878831	0.159796	0.002740	0.059464	1.084743	2.736355	0.009559	0.035942	
13.267842	0.115448	0.363879	0.108088	0.303959	0.074746	0.001308	1.443460	
0.015455	0.360339	2.303473	0.068764	0.066847	2.260189	0.013262	0.766859	
2.947375	0.426695	0.139764	0.283395	0.022661	3.303417	0.006913	0.035473	
0.001339	0.000105	0.001760	0.002056	0.000152	8.155511	0.012108	0.022501	
0.241877	3.277909	0.086457	0.205482	5.376652	0.047585	0.001705	0.007679	
0.461136	0.066195	0.053456	0.775630	0.999172	2.044398	1.407155	0.028108	
2.319933	0.024851	0.141867	0.142209	0.019919	2.147454	0.075424	3.588513	
0.001337	0.000105	0.001757	0.002053	0.000151	8.142976	0.012090	0.035063	
0.164862	0.017600	1.379540	0.009518	1.805241	0.041000	0.043066	2.460110	
0.104425	2.434664	0.603870	0.085038	0.078522	0.170633	0.011598	2.745983	
1.277299	0.022375	0.675614	1.054613	0.062521	1.838827	0.065869	0.141927	
0.055768	0.001755	10.194272	0.849168	0.135271	0.000636	0.000960	0.181878	
0.853680	0.155223	0.031620	0.059415	1.034832	2.672749	0.009337	0.038169	
1.687338	0.254164	0.080423	0.163071	0.108030	1.982995	0.004150	0.021294	
0.463489	0.327720	0.017461	0.035824	0.991597	2.298801	0.024018	0.014072	
0.044534	0.000801	1.745859	2.565926	0.027569	1.211982	0.073445	3.423608	
1.685287	0.287240	0.247530	0.010716	1.666748	0.088399	4.818076	0.008684	
1.164036	2.177406	0.019092	2.202616	0.212458	0.041905	0.181592	0.025880	
0.137634	0.004260	0.075897	1.924006	3.125535	0.029568	0.002999	0.212215	
0.008175	0.001262	1.530652	0.065150	0.002535	1.819904	0.712750	0.020248	
3.078703	0.240976	3.931897	0.080218	0.211483	0.445216	0.032588	0.001099	
1.172347	0.836745	0.038428	0.175825	0.004051	2.334795	1.563744	0.000238	
