0.035834	0.000024	0.003220	4.030734	0.001592	2.655444	0.008177	0.860769	
0.290422	0.003478	1.945966	0.187246	3.541898	0.072282	0.000550	0.242127	
0.172150	0.037096	0.006529	1.830121	0.077848	0.308877	0.030447	1.412959	
0.179687	0.012264	1.685700	0.054944	0.012250	1.302384	2.745078	0.030948	
0.013523	0.119108	0.009009	1.906216	3.445334	0.046924	1.661108	7.399232	
2.461968	0.219295	1.603299	0.088656	1.219296	5.858162	0.017310	0.051671	
0.461136	0.066195	0.053456	0.775630	0.999172	2.044398	1.407155	0.028108	
0.604615	1.211748	0.051910	1.246069	2.294915	4.900821	0.011995	0.030384	
0.650503	1.159088	1.091559	4.155963	0.043333	0.017793	0.091893	0.113468	
0.171401	0.348165	0.067906	3.831390	0.151443	0.050262	0.000564	0.021757	
4.852556	0.058304	1.691549	0.192913	1.015388	0.243912	0.047171	0.034966	
0.947033	2.924474	0.380001	5.336692	0.330111	0.073162	0.163562	0.010573	
0.061757	0.174470	0.128384	2.667521	4.424806	0.041859	0.004245	0.320501	
0.004228	0.000173	0.034222	0.016532	0.000465	0.029678	5.524614	5.159870	
0.489608	0.010513	0.033181	1.702174	1.419179	1.837038	0.002028	0.311856	
0.132611	3.120790	0.777408	0.160734	0.174711	4.353731	0.022699	8.190893	
1.471209	1.049208	0.058053	0.215479	4.077223	0.047718	0.003917	0.277431	
0.092416	0.000326	0.008596	10.926553	0.013623	0.052305	0.021537	0.034765	
1.154360	0.002776	0.514537	0.895482	1.904064	0.007509	1.103424	0.011848	
1.125620	0.788343	0.744338	0.224698	0.150961	3.456747	1.333509	0.000594	
0.556268	0.042472	0.003421	4.394270	0.190344	0.036360	0.052986	0.025177	
0.010290	0.000334	1.821949	0.771677	0.053738	1.601772	0.097364	0.033763	
0.702503	1.494489	0.373602	1.198568	5.074053	1.341375	0.043205	0.439600	
0.440264	6.571112	0.263576	0.627551	0.161152	0.013542	0.060725	0.297837	
4.941648	0.076590	0.144407	0.317215	3.935609	0.025725	0.219151	1.489196	
0.048906	0.001337	0.006276	0.005290	3.572238	4.122451	1.332457	0.000654	
0.001339	0.000105	0.001760	0.002056	0.000152	8.155511	0.012108	0.022501	
0.000832	0.000027	0.000294	0.000005	0.000013	0.000204	23.235827	0.039850	
1.579299	0.004170	0.121371	2.663422	0.163571	0.030262	0.146433	0.217486	
0.125691	0.006138	21.913174	0.038948	0.470871	0.017364	0.004589	0.014652	
0.054997	0.090007	0.083700	1.816974	0.726341	3.712555	0.040526	0.351791	
0.510387	1.110635	0.084236	1.818139	0.846231	0.010950	0.755787	0.001447	
0.019032	0.040991	0.006975	0.044653	4.537917	0.069419	0.814173	0.153078	
0.038715	0.902629	0.223879	0.027877	0.029023	0.010440	1.082650	2.337573	
1.021049	0.079960	0.499125	0.001212	0.030361	0.056613	0.558415	1.592393	
0.000225	0.000069	0.000034	0.000012	0.000049	0.000033	0.000080	17.010856	
0.074838	0.001347	2.933875	4.311980	0.044880	0.024886	0.095425	0.117829	
0.896190	2.372548	1.697878	0.336101	0.269322	0.210246	0.077786	0.299168	
0.161952	0.012365	0.041241	1.573039	0.068138	0.013016	1.632639	0.016713	
0.061263	0.042907	1.452338	0.799042	0.565744	0.011784	0.506048	0.000969	
1.014495	1.652025	1.887846	1.897620	0.018125	1.039176	0.046930	0.123986	
0.008185	0.021669	0.001922	0.002687	9.503660	0.227252	4.189650	0.160631	
0.000123	0.000263	0.000066	1.939770	2.611931	5.174406	0.027808	0.419251	
0.115551	1.565943	0.710213	0.125515	3.550683	0.039031	2.032946	0.018198	
0.466804	0.948213	0.181713	0.160660	0.260290	2.141247	0.000508	0.224449	
0.112708	0.005830	0.693644	0.081152	0.016937	0.960780	0.823195	1.857513	
3.291516	0.060744	0.366927	0.398449	0.155326	0.000076	0.259864	0.005294	
0.132166	1.499167	1.133349	1.281598	1.400782	0.408667	1.537043	0.385632	
3.906431	0.051892	0.121579	0.202427	0.052206	5.186060	0.057459	0.046774	
0.087938	0.841161	0.643353	0.997910	3.562781	0.033741	0.031130	4.337787	
0.088893	0.000625	1.925003	8.293641	0.364451	0.074537	0.066067	0.049515	
1.792232	0.004477	0.110948	1.195572	4.892623	0.043988	0.017434	5.926127	
0.921167	0.090834	0.021265	3.614923	1.637357	3.528397	0.050071	0.316341	
0.099429	0.016626	1.757701	0.067588	0.044512	0.060069	0.441827	1.601494	
0.006588	0.000211	0.160772	0.009290	6.299307	3.673757	0.211863	0.001112	
0.070932	0.010213	0.008226	0.013618	0.000134	3.749518	1.078848	0.023869	
0.004656	0.010998	0.000700	0.111243	0.018899	8.836381	0.045771	9.707971	
0.087605	0.008639	0.564246	2.194059	1.005535	2.320579	0.012532	0.791520	
0.168741	3.934188	0.975797	0.121506	0.216164	0.046268	0.230730	5.748382	
0.076237	0.053394	1.079408	0.101768	0.068637	1.727074	0.638231	0.000284	
1.558954	1.041562	1.011338	0.305298	0.205112	4.696711	0.175301	0.000683	
1.460642	1.022980	0.040326	0.213341	0.141928	0.011615	0.548294	0.000969	
0.982793	2.119010	0.088647	2.127912	0.026862	4.843669	0.011854	2.548792	
3.835543	0.040730	0.481547	0.365702	0.050481	1.036982	5.826791	2.422857	
3.389593	0.109859	0.285268	1.566843	0.017683	3.235648	2.449300	1.412780	
0.822063	1.772355	0.042444	0.222885	0.148277	0.012134	0.561827	0.001009	
0.112987	0.001726	1.045121	3.754759	0.093100	0.059502	0.000886	3.163170	
0.904464	1.778356	1.437653	0.228921	0.085283	0.149666	0.046207	2.894719	
1.736363	0.004019	0.064844	0.152463	10.854817	1.179319	0.021312	0.015550	
9.031772	2.861893	1.389624	0.115209	1.939623	1.314248	0.000623	0.044905	
1.079510	0.181456	0.106272	1.933004	4.115299	0.055850	0.106895	0.324510	
7.544245	0.116928	0.223109	0.484443	1.899088	0.078271	0.240156	10.426508	
0.025976	0.044420	0.004532	0.006335	8.240164	0.198263	0.001205	0.005562	
0.219900	1.571622	2.184531	2.552184	0.188305	0.224911	0.180109	0.365835	
0.185812	0.713407	0.539266	0.161718	1.241059	0.056034	2.549898	0.266464	
0.338034	0.863914	0.617009	0.123093	2.758419	1.062822	0.077530	0.298185	
0.004568	0.106503	0.026416	1.906650	0.135347	0.016948	1.929287	4.165567	
0.006867	0.062907	0.658639	5.656489	4.524128	0.007838	0.071686	0.022729	
4.669565	0.415931	3.040945	0.168151	2.312614	0.643267	0.017007	0.052843	
0.245993	1.758103	2.443737	2.855014	0.210648	0.275665	0.011557	0.394739	
0.127574	0.012440	1.595882	0.001315	0.032937	0.061416	0.639559	1.751430	
0.000323	0.004066	1.677288	1.430639	0.452639	3.202852	2.089993	2.213239	
1.034436	0.072656	0.073451	4.766508	0.107299	3.043262	0.003359	0.034803	
2.042977	0.055835	0.207033	0.215808	0.102235	2.976531	5.628632	0.002910	
0.016239	0.004628	0.000209	0.159454	5.100412	3.557083	0.495222	0.136813	
1.225016	2.639532	0.120705	2.658016	0.007967	6.027135	0.014750	0.056418	
0.000340	0.003626	0.030842	0.014899	0.000119	0.026156	4.921151	4.384378	
0.002543	0.004162	0.004747	3.090056	0.008713	3.631582	0.042133	0.111314	
0.939990	1.848205	1.344235	0.229586	0.213813	0.154430	0.047399	2.986681	
0.750353	0.012705	0.023808	6.673874	0.247726	1.121117	0.150060	4.866714	
0.202377	2.295569	1.735418	1.769684	0.031113	0.452714	1.726842	0.428234	
0.135021	2.945035	0.312225	4.530323	1.114599	0.034321	2.840968	0.031998	
0.000128	0.316929	0.075405	5.281813	0.114875	0.049453	1.750604	7.797885	
0.193869	2.042870	0.210252	0.226716	0.056901	2.786650	2.445795	0.004309	
2.063618	3.377236	3.140611	0.860068	3.352322	0.378222	0.082320	0.231847	
0.722407	1.987318	0.968425	3.027479	1.585930	1.169004	0.021046	0.169695	
0.000064	0.000182	0.001852	0.014481	0.000059	4.476489	0.811507	5.733068	
22.508070	0.195851	0.867689	69.563975	0.271705	0.478766	0.008626	0.121773	
0.045884	0.836176	4.676880	17.859506	5.376035	0.104639	0.000471	1.652453	
0.001456	0.015431	0.405129	0.062111	21.667506	79.635862	5.864986	0.014387	
0.000896	0.063430	6.566433	18.985663	1.245093	0.012534	0.169876	0.040212	
0.461897	0.009184	2.846556	0.272370	0.935005	2.515000	0.158092	0.288342	
0.022336	0.062501	1.892363	0.133383	3.079984	0.788611	0.003385	0.239751	
0.431510	0.032947	0.002654	3.408742	0.147654	1.095695	0.168806	0.013289	
0.343015	0.759950	0.500867	0.001215	0.026363	0.056810	0.561892	1.594788	
0.017623	0.000405	0.348945	0.015742	0.279652	0.101459	14.604649	2.921568	
0.001337	0.000105	0.001757	0.002053	0.000151	8.142976	0.012090	0.035063	
18.326716	0.159467	0.552864	0.033637	0.418420	0.100146	0.001800	0.025410	
0.017274	0.197616	0.002170	6.004106	1.590276	0.134058	0.426732	0.185176	
0.020354	0.074107	2.031269	2.825699	0.489380	0.026744	5.680834	0.054150	
0.366453	0.035754	5.315505	0.386089	2.227347	4.325558	0.031006	0.508244	
1.060226	0.178214	0.104374	1.955868	0.902080	0.031638	0.060554	0.501636	
0.139040	1.884260	1.164301	0.167283	4.732253	0.041881	0.005727	0.006762	
0.364753	3.247787	0.247026	0.177067	6.679767	0.058955	0.023366	7.911106	
2.299149	1.601945	0.065826	0.335311	0.013276	0.027468	0.252781	0.011638	
0.230155	0.545680	0.101657	0.508411	0.359572	1.837715	3.334554	8.131780	
3.389593	0.109859	0.285268	1.566843	0.017683	3.235648	2.449300	1.412780	
2.285489	0.384170	0.224994	4.097778	8.719343	0.118333	0.230710	0.018526	
0.739271	2.005431	0.872304	2.984516	1.540133	1.212795	0.129192	0.169731	
0.125558	2.726213	0.183356	1.061698	0.937550	0.006282	0.001592	0.287763	
0.127661	1.549110	0.155793	10.995249	0.356304	0.067831	0.001619	0.675962	
0.052897	0.113929	2.325885	1.661332	0.025507	0.010473	0.722910	0.077317	
3.971798	21.457434	11.166882	4.128382	0.070673	1.126853	0.000636	0.064865	
0.081455	0.001391	2.537054	0.389960	2.424135	3.506284	2.485497	0.065567	
0.281410	4.878728	1.193209	3.483558	0.413960	0.047497	0.071287	11.318552	
2.621224	5.754623	0.031953	0.675426	8.828472	0.070970	0.168044	0.008271	
0.000151	0.000046	0.000023	0.000003	0.000275	0.000046	0.000171	24.228280	
0.772834	0.061133	0.422822	0.001570	1.168462	0.082115	0.829835	1.950280	
0.002129	0.000037	0.066330	0.010131	0.000375	5.721644	4.903634	0.083125	
0.098619	0.001357	0.003725	0.008758	11.403502	0.015363	0.039317	0.023319	
0.058077	0.009954	0.041974	7.994046	10.105497	0.137145	0.262652	0.804283	
0.000383	0.006849	0.000277	0.155781	8.751115	5.920348	0.259336	1.783196	
1.687338	0.254164	0.080423	0.163071	0.108030	1.982995	0.004150	0.021294	
0.243722	0.510941	0.342699	3.336429	0.084299	0.157925	1.509496	0.009155	
0.005718	0.070736	1.828922	0.107866	90.104458	14.026328	6.116009	0.015003	
0.060425	0.174580	2.117553	3.093074	0.107946	0.040346	0.000998	3.491991	
0.082158	0.013586	1.333733	1.817499	0.073962	2.892024	1.353915	1.804548	
0.041361	0.001130	0.005308	0.004474	3.021094	3.486417	6.592828	0.016720	
2.350456	0.001006	0.198177	3.500278	7.544055	0.102383	0.203641	1.783219	
0.706728	7.617680	0.314016	0.497367	0.078464	1.959207	0.130592	2.353379	
0.001727	0.000287	0.129392	0.011098	9.383899	0.012709	2.028560	0.023313	
0.033293	0.070698	4.149355	0.022188	0.083835	4.024616	0.213496	5.179010	
8.822159	0.136734	0.260902	0.566503	2.220773	0.006768	0.278868	1.913574	
0.002037	0.144185	4.574971	13.518060	0.886524	0.131151	0.121726	0.028814	
1.442448	3.054109	2.647784	0.111614	2.029017	0.541448	2.796996	1.044504	
0.000321	0.000006	0.009987	0.097158	0.000512	7.820606	6.702513	0.035410	
0.212583	2.629959	1.558049	0.012498	6.227484	0.055105	0.145841	0.009012	
7.179211	0.995434	0.804527	3.689307	0.056046	12.944384	0.038804	0.018187	
0.002543	0.004162	0.004747	3.090056	0.008713	3.631582	0.042133	0.111314	
0.417766	1.603972	1.213200	0.363679	0.819147	0.087125	3.964732	0.424890	
0.004843	0.112919	0.032042	1.004826	0.026503	0.009907	1.046178	2.158087	
0.170143	0.406224	4.176989	0.478273	3.949357	0.036292	0.085096	0.005828	
3.834188	0.300261	1.825750	0.004516	0.001031	0.191478	2.036514	5.807384	
0.000032	0.000010	0.000303	0.000012	0.000052	0.000035	0.000006	15.177110	
0.163551	0.002499	1.555329	5.572663	0.018953	0.086894	0.068562	4.661327	
0.000616	0.000010	0.019174	0.167821	0.001048	13.664270	0.127432	0.035191	
1.505079	3.568431	0.651527	0.130439	0.867266	0.303331	0.000858	8.260131	
0.063296	0.001326	0.039049	7.038257	1.717589	1.850467	0.206101	0.982632	
0.846287	0.002114	0.570006	0.888947	3.244876	7.043758	0.027350	8.911590	
0.114157	0.032535	0.001471	9.332469	0.057038	6.421357	0.894234	0.247046	
0.014212	0.175823	0.104558	2.228657	79.233821	0.423402	4.735231	0.072247	
0.636878	1.590510	1.396559	0.364919	3.686632	0.774307	0.011728	2.115679	
0.004600	0.000756	0.268787	2.514833	1.632928	0.654908	1.300192	0.013535	
0.051929	1.001664	8.221834	0.800115	9.390131	0.032339	0.146589	0.769880	
1.614835	3.502131	0.186793	0.120167	0.203101	0.600157	0.002543	0.350614	
0.020409	0.003375	1.426314	0.071948	0.002404	1.823929	0.719864	0.019867	
0.078712	1.120385	0.111411	7.862949	1.358698	0.017688	0.001289	0.026515	
1.052742	2.239580	0.559865	0.099058	5.475650	1.322576	0.045562	0.189493	
0.000118	0.001481	1.145708	13.254716	0.286897	0.056072	4.573509	7.098379	
1.411956	3.295941	0.181296	3.260910	0.042343	0.367192	0.021352	0.157255	
0.046979	0.000031	0.004222	0.411324	18.872271	10.017549	0.035681	3.755937	
0.277295	4.639742	0.353937	0.381132	5.230521	6.131935	0.105240	1.306135	
0.010992	0.021729	1.123430	0.117024	1.147028	1.664979	3.633050	0.661102	
0.079219	0.000515	1.745241	12.591392	3.181050	1.972456	0.607202	0.012769	
3.848914	0.124746	0.323924	1.779164	0.020079	3.674108	2.858522	0.028685	
2.016242	0.018730	0.155979	3.453935	0.211375	0.039916	0.135301	0.278592	
0.044397	1.720703	0.193006	6.486148	1.916735	0.144078	0.012767	1.344231	
1.154595	2.444636	1.783413	0.084092	4.228186	0.565354	2.909521	0.642374	
32.667436	0.602872	0.353619	3.007843	1.381825	0.000678	2.311830	0.047097	
0.094284	0.015591	1.715132	2.146955	0.091072	0.137400	0.910287	0.053722	
0.052346	0.007537	0.006070	0.087824	0.000200	5.598540	5.050518	0.052289	
0.016138	0.001101	0.151400	2.398654	0.016273	1.708963	3.628734	0.040910	
0.008347	0.000212	0.000795	0.056126	10.104291	0.468416	0.051455	0.000363	
0.001512	0.000020	0.033538	0.241966	0.000986	6.763396	1.190232	8.896487	
1.520066	8.332147	3.320137	1.485964	0.181573	14.531071	0.001284	0.045446	
4.532050	0.354912	2.066674	0.001685	0.002260	0.223312	2.375095	6.772890	
0.027340	0.637423	0.158100	13.363432	0.589698	0.125903	0.626779	0.221785	
2.098900	0.000898	0.176967	3.125663	7.183011	1.787146	0.221109	1.368574	
0.258755	0.027624	2.166021	0.014944	2.813016	0.062742	0.067326	3.376542	
1.044857	2.222806	0.574196	0.098792	5.460971	1.347849	0.045562	0.189493	
0.005822	0.000441	0.216549	0.143020	0.081614	27.022373	0.860772	0.016196	
1.732455	4.312617	0.776293	0.155418	0.114697	0.015609	0.017443	8.374859	
0.000241	0.000070	0.000036	0.000005	0.000051	0.000034	0.000138	19.479873	
0.483096	3.533129	1.398291	0.013855	1.387619	0.097599	6.225587	0.097045	
0.840939	1.879596	1.795304	0.454729	4.593951	0.964872	0.014615	0.033207	
0.004460	0.056578	0.007858	2.555832	0.496429	3.196220	0.000772	0.340936	
0.000118	0.002564	0.307070	2.286127	0.610030	0.004000	0.000424	1.716963	
2.016242	0.018730	0.155979	3.453935	0.211375	0.039916	0.135301	0.278592	
0.023682	0.086226	2.258515	3.148308	0.006519	0.027149	6.256006	0.057628	
0.000129	0.001620	1.253486	14.501603	0.313886	0.061347	5.003745	5.281065	
