0.007366	0.313813	0.124743	0.941827	
0.138253	0.413570	0.441303	0.785135	
0.137980	0.001793	0.991125	0.001293	
0.315405	0.949570	0.000000	0.000000	
0.029211	0.124811	0.203742	0.971240	
0.250011	0.093213	0.213358	0.940512	
0.430740	0.409197	0.167432	0.787601	
0.000163	0.137268	0.991135	0.000488	
0.458085	0.225616	0.431123	0.744752	
0.632144	0.752651	0.187558	0.001844	
0.593800	0.175204	0.786263	0.004105	
0.514569	0.858210	0.000000	0.000000	
0.411202	0.013777	0.376024	0.831047	
0.196424	0.587962	0.000166	0.785470	
0.201611	0.153189	0.584653	0.771573	
0.783915	0.191906	0.591487	0.000036	
0.402062	0.008343	0.663027	0.632471	
0.864356	0.002617	0.504091	0.000281	
0.000000	0.000000	1.000653	0.000000	
0.356853	0.895137	0.195100	0.185999	
0.153232	0.920003	0.362448	0.000908	
0.001115	0.315380	0.949614	0.001388	
0.000952	0.764456	0.131324	0.632258	
0.393236	0.388639	0.833983	0.009146	
0.949211	0.316660	0.000020	0.000003	
1.000663	0.000000	0.000000	0.000000	
0.013562	0.301603	0.000022	0.954071	
0.371128	0.176311	0.912382	0.005167	
0.032949	0.481946	0.209180	0.850954	
0.233964	0.004564	0.000020	0.972945	
0.223407	0.413079	0.223890	0.854671	
0.347752	0.169121	0.088467	0.918659	
0.209012	0.105589	0.000020	0.972907	
0.118940	0.443839	0.083755	0.884937	
0.000000	0.256279	0.420834	0.870927	
0.000047	0.141345	0.000686	0.990616	
0.000226	0.398434	0.000002	0.917873	
0.380403	0.001152	0.224137	0.897969	
0.015148	0.399187	0.079732	0.913917	
0.537078	0.110676	0.117154	0.828838	
0.000002	0.001758	0.253547	0.967940	
0.186505	0.173559	0.967619	0.000071	
0.708183	0.000036	0.000016	0.707038	
0.143136	0.990419	0.000057	0.000002	
0.278969	0.000014	0.650926	0.707041	
0.208292	0.347369	0.914934	0.012914	
0.195975	0.590009	0.783996	0.000000	
0.141254	0.097826	0.146530	0.974937	
0.355866	0.179777	0.000033	0.917847	
0.183077	0.363580	0.000007	0.914127	
0.130385	0.000007	0.699846	0.703281	
0.000042	0.001776	0.717618	0.697336	
0.990836	0.139609	0.000002	0.000000	
0.621834	0.451697	0.000018	0.640808	
0.000048	0.145297	0.122929	0.982424	
0.990384	0.002999	0.142681	0.000281	
0.000375	0.733907	0.680220	0.000000	
0.043442	0.185614	0.146980	0.971248	
0.148093	0.794392	0.004188	0.590270	
0.816525	0.408855	0.408792	0.020048	
0.786201	0.588123	0.193040	0.001844	
0.006370	0.000923	0.146620	0.989878	
0.177875	0.000263	0.106229	0.978920	
0.086291	0.171367	0.359126	0.914089	
0.396480	0.002580	0.008752	0.918662	
0.915151	0.350386	0.202249	0.004771	
0.798509	0.160499	0.000247	0.581471	
0.141488	0.000000	0.000012	0.990499	
0.617747	0.650053	0.443617	0.017258	
0.187619	0.158696	0.307520	0.919948	
0.572050	0.003596	0.097183	0.815185	
0.014971	0.918433	0.543032	0.003672	
0.323845	0.173682	0.156856	0.917412	
0.140077	0.068537	0.273517	0.949932	
0.949226	0.000285	0.316577	0.000511	
0.434916	0.809240	0.396775	0.008527	
0.000000	1.000605	0.000000	0.000000	
0.000524	0.369366	0.286735	0.884671	
0.002373	0.160106	0.324408	0.932973	
0.858207	0.514489	0.000011	0.000000	
0.000234	0.009980	0.441526	0.897874	
0.500863	0.189420	0.223493	0.815178	
0.317607	0.001542	0.948846	0.000502	
0.733691	0.001082	0.680460	0.000348	
0.708990	0.706067	0.000001	0.000071	
0.515669	0.209670	0.014683	0.831438	
0.579421	0.006126	0.211922	0.787719	
0.209200	0.780651	0.590015	0.000000	
0.625604	0.440871	0.644750	0.000522	
0.100726	0.202039	0.004971	0.974905	
0.159384	0.155455	0.000384	0.975622	
0.167344	0.163218	0.660176	0.714822	
0.446407	0.000023	0.084455	0.891589	
0.000635	0.207995	0.591517	0.779894	
0.242939	0.449194	0.102484	0.854278	
0.514954	0.001292	0.857975	0.001718	
0.000300	0.710188	0.000001	0.709605	
0.424516	0.640403	0.000052	0.641000	
0.113232	0.470624	0.157434	0.861519	
0.028327	0.118385	0.094311	0.988723	
0.000261	0.151365	0.167574	0.974928	
0.398881	0.651984	0.645819	0.006044	
0.974842	0.172519	0.145767	0.004196	
0.100835	0.099048	0.000686	0.990610	
0.002108	0.990252	0.143546	0.004120	
0.000000	0.520438	0.854607	0.000000	
0.002617	0.070449	0.427010	0.902249	
0.000000	0.000000	0.000000	1.000554	
0.913007	0.190547	0.362449	0.001111	
0.163910	0.001367	0.332624	0.929491	
0.162325	0.976609	0.145267	0.000190	
0.001805	0.949803	0.314813	0.003898	
0.004561	0.137429	0.694700	0.707032	
0.149633	0.003749	0.169307	0.974846	
0.184937	0.563636	0.170724	0.787622	
0.589031	0.785039	0.000017	0.195203	
0.020983	0.041670	0.303469	0.952351	
0.000495	0.000505	0.849693	0.528427	
0.015240	0.372706	0.161486	0.914308	
0.184056	0.769222	0.612801	0.010734	
0.594422	0.029234	0.778652	0.202291	
0.316274	0.000296	0.000021	0.949378	
0.913406	0.364913	0.000004	0.183402	
0.140464	0.068727	0.274273	0.949674	
0.005333	0.143584	0.131004	0.981597	
0.001672	0.150296	0.695509	0.703458	
0.494216	0.241778	0.728853	0.409212	
1.000623	0.000687	0.000016	0.003395	
0.027739	0.118522	0.094310	0.988710	
0.000000	0.000000	0.000000	6.361351	
0.223773	0.413756	0.222244	0.854654	
0.519368	0.539987	0.473989	0.463963	
0.190617	0.002050	0.586788	0.787701	
0.800177	0.198853	0.566913	0.000035	
0.159443	0.974201	0.000016	0.163730	
0.398762	0.653259	0.644518	0.006044	
0.577099	0.286875	0.641462	0.417819	
0.857540	0.428386	0.180898	0.222816	
0.242653	0.448666	0.102363	0.854652	
0.725960	0.145916	0.334378	0.584281	
0.515231	0.001632	0.000002	0.857774	
0.000951	0.764042	0.133890	0.632283	
0.639045	0.640959	0.001423	0.426671	
0.000665	0.217751	0.619264	0.755306	
0.799801	0.160758	0.000255	0.579620	
0.916717	0.000871	0.155734	0.369634	
0.236883	0.464989	0.441794	0.730633	
0.468134	0.395968	0.767303	0.191244	
0.652446	0.002709	0.419078	0.632592	
0.001142	0.917365	0.160758	0.366155	
0.451654	0.226751	0.832847	0.229064	
0.000094	0.854684	0.076787	0.514688	
0.858589	0.000228	0.000014	0.513920	
0.141355	0.097682	0.146530	0.974941	
0.364111	0.913344	0.000000	0.186008	
0.208819	0.242784	0.649941	0.690121	
0.445611	0.846488	0.223755	0.190042	
0.639229	0.426746	0.000017	0.640818	
0.239122	0.231102	0.452085	0.828412	
0.631968	0.752440	0.187506	0.023720	
0.010106	0.785451	0.592569	0.181728	
0.159273	0.155346	0.008070	0.975580	
0.401087	0.029296	0.663039	0.632482	
0.589947	0.196970	0.000003	0.783927	
0.973955	0.161804	0.000600	0.162417	
0.286739	0.829677	0.479959	0.017106	
0.006333	0.369532	0.916167	0.159586	
0.130315	0.000007	0.696092	0.707040	
0.810394	0.005562	0.432674	0.396680	
0.781432	0.593750	0.001563	0.195037	
0.000293	0.515226	0.000002	0.857761	
0.142875	0.000297	0.977095	0.163017	
0.797140	0.013973	0.224310	0.604972	
0.821487	0.414768	0.392903	0.003736	
0.182978	0.363704	0.000007	0.914026	
0.000003	0.000147	0.314750	0.949774	
0.189869	0.950854	0.191823	0.155632	
0.000313	0.949064	0.000001	0.317257	
0.880991	0.153655	0.399587	0.204421	
0.361443	0.365141	0.220517	0.829841	
0.426870	0.215526	0.204165	0.854920	
0.183771	0.789489	0.004073	0.586823	
0.141321	0.000000	0.007178	0.990608	
0.209024	0.105555	0.000020	0.972888	
0.015420	0.646286	0.618474	0.448036	
0.266577	0.475637	0.721321	0.428406	
0.000022	0.311209	0.000095	0.951114	
0.760718	0.005122	0.376327	0.530006	
0.009234	0.413254	0.373938	0.831078	
0.000004	0.003542	0.510739	0.860425	
0.000596	0.402781	0.823765	0.400717	
0.000723	0.000105	0.140570	0.990770	
0.922013	0.000000	0.350057	0.169201	
0.007197	0.594079	0.167433	0.787603	
0.191604	0.576408	0.021402	0.794840	
0.498047	0.096480	0.101806	0.856504	
0.733630	0.001081	0.680404	0.010570	
0.002824	0.915052	0.361549	0.182011	
0.367552	0.185681	0.000034	0.912020	
0.407788	0.409009	0.000001	0.817150	
