0.000000	0.000000	0.000000	0.707107	0.000000	0.000000	0.000000	0.707107	
0.000000	0.000000	0.000000	0.000000	0.707600	0.000000	0.707600	0.000000	
0.000000	0.000000	0.707104	0.000000	0.707109	0.000000	0.000000	0.000000	
0.000000	0.000000	0.000000	0.000000	0.000000	0.712207	0.712207	0.000000	
0.000000	0.000000	0.707117	0.707097	0.000000	0.000000	0.000000	0.000000	
0.000000	0.707107	0.000000	0.000000	0.000000	0.000000	0.707106	0.000000	
0.000000	0.000000	0.707107	0.000000	0.000000	0.000000	0.000000	0.707107	
0.707136	0.000000	0.707077	0.000000	0.000000	0.000000	0.000000	0.000000	
0.000000	0.000000	0.000000	0.707108	0.000000	0.707106	0.000000	0.000000	
0.000000	0.000000	0.000000	0.000000	0.707107	0.000000	0.000000	0.707107	
0.000000	0.000000	0.000000	0.000000	0.000000	0.000000	1.000000	0.000000	
1.000000	0.000000	0.000000	0.000000	0.000000	0.000000	0.000000	0.000000	
0.707324	0.706890	0.000000	0.000000	0.000000	0.000000	0.000000	0.000000	
0.000002	0.707156	0.000000	0.707145	0.000000	0.000000	0.000000	0.000000	
0.707107	0.000000	0.000000	0.000000	0.000000	0.000000	0.707107	0.000000	
0.000000	0.000000	0.000000	0.000000	0.707108	0.707106	0.000000	0.000000	
0.000000	0.000000	0.000000	0.707107	0.000000	0.000000	0.707107	0.000000	
0.000000	0.000000	0.000000	0.000000	1.000000	0.000000	0.000000	0.000000	
0.000000	0.000000	0.000000	1.000000	0.000000	0.000000	0.000000	0.000000	
0.707108	0.000000	0.000000	0.707106	0.000000	0.000000	0.000000	0.000000	
0.000000	0.000000	0.000000	0.000000	0.000000	1.000000	0.000000	0.000000	
0.000000	0.000000	0.000000	0.000000	0.000000	0.000000	0.707107	0.707107	
0.000000	0.707106	0.000000	0.000000	0.000000	0.000000	0.000000	0.707107	
0.000000	0.000000	0.000000	0.000000	0.000000	0.000000	0.000000	1.000000	
0.000000	1.000000	0.000000	0.000000	0.000000	0.000000	0.000000	0.000000	
0.707110	0.000000	0.000000	0.000000	0.000000	0.707104	0.000000	0.000000	
0.000000	0.707136	0.707077	0.000000	0.000000	0.000000	0.000000	0.000000	
0.707107	0.000000	0.000000	0.000000	0.000000	0.000000	0.000000	0.707107	
0.000000	0.707179	0.000000	0.000000	0.000000	0.707034	0.000000	0.000000	
0.000000	0.000000	0.000000	0.707381	0.707378	0.000000	0.000000	0.000000	
0.707108	0.000000	0.000000	0.000000	0.707105	0.000000	0.000000	0.000000	
0.000000	0.000000	0.000000	0.000000	0.000000	0.707107	0.000000	0.707107	
0.000000	0.000000	0.707108	0.000000	0.000000	0.707106	0.000000	0.000000	
0.000000	0.000000	1.000000	0.000000	0.000000	0.000000	0.000000	0.000000	
0.000000	0.000000	0.707107	0.000000	0.000000	0.000000	0.707107	0.000000	
0.000000	0.707108	0.000000	0.000000	0.707105	0.000000	0.000000	0.000000	
0.000000	0.000000	0.000000	0.000000	0.707108	0.707106	0.000000	0.000000	
0.701100	0.018284	0.711859	0.000816	0.016113	0.000000	0.030104	0.014647	
0.498113	0.498659	0.000000	0.000323	0.000095	0.709381	0.000000	0.000000	
0.000000	0.000000	0.710106	0.704049	0.000000	0.000000	0.008792	0.001075	
0.000000	0.000000	0.000000	0.000000	0.000000	0.000000	0.000000	1.000000	
0.015061	0.711806	0.000028	0.001439	0.704788	0.000000	0.000000	0.000000	
0.000000	0.000000	0.000000	0.735847	0.000000	0.000000	0.000000	0.677236	
0.000000	0.000000	0.475619	0.000547	0.520043	0.000000	0.000000	0.709466	
0.021590	0.632705	0.773298	0.000792	0.000000	0.000000	0.035012	0.001184	
0.000000	0.000000	0.000000	0.000000	0.708358	0.000000	0.708358	0.000000	
0.000000	0.000000	0.999269	0.038239	0.000004	0.000000	0.000000	0.000000	
0.001580	0.032472	0.000075	0.700190	0.093156	0.707105	0.000000	0.000677	
0.000000	0.000000	0.707107	0.000000	0.000000	0.000000	0.707107	0.000000	
0.000000	0.000000	0.000000	0.000000	0.000000	0.000000	0.707107	0.707107	
0.000000	0.000000	0.000000	0.709119	0.709116	0.000000	0.000000	0.000000	
0.000000	0.000000	0.000000	0.000000	0.000000	0.707107	0.000000	0.707107	
0.000000	0.000000	0.000000	0.707107	0.000000	0.000000	0.707107	0.000000	
0.002317	0.712782	0.000541	0.706706	0.000000	0.000000	0.005493	0.001079	
0.118606	0.992884	0.000819	0.000136	0.010622	0.000000	0.000000	0.000435	
0.706719	0.707494	0.000000	0.000000	0.000000	0.000000	0.000000	0.000000	
0.000000	0.000000	0.000000	1.000000	0.000000	0.000000	0.000000	0.000000	
0.999728	0.023350	0.000000	0.000000	0.000000	0.000000	0.000000	0.000000	
0.474019	0.470698	0.003751	0.744134	0.000000	0.000628	0.000000	0.000000	
0.000000	0.000000	0.000000	0.000000	0.000000	0.000000	1.000000	0.000000	
0.529446	0.443573	0.005091	0.024681	0.000001	0.044245	0.721344	0.000000	
0.022857	0.001245	0.766617	0.000000	0.000000	0.641652	0.007628	0.000000	
0.013705	0.587916	0.000000	0.000012	0.000000	0.000002	0.036710	0.807972	
0.000000	0.707948	0.000000	0.002236	0.000000	0.000000	0.706261	0.000000	
0.000000	0.000000	0.000000	0.000000	0.000000	1.000000	0.000000	0.000000	
0.000000	0.000000	0.707107	0.000000	0.000000	0.000000	0.000000	0.707107	
0.502807	0.483690	0.003207	0.001539	0.716072	0.000000	0.021399	0.000000	
0.566185	0.029823	0.027330	0.038789	0.016972	0.450052	0.000000	0.688304	
0.000000	0.000000	0.000000	0.000000	1.000000	0.000000	0.000000	0.000000	
0.706518	0.000000	0.028736	0.000098	0.000000	0.707096	0.000028	0.004617	
0.007274	0.000063	0.802108	0.049165	0.480507	0.350992	0.000000	0.008381	
0.000000	0.000000	0.000000	0.000000	0.000000	0.712207	0.712207	0.000000	
0.700437	0.019398	0.711217	0.052007	0.016120	0.000000	0.001430	0.014647	
0.099140	0.000766	0.713715	0.000012	0.000000	0.693384	0.000000	0.000000	
0.086738	0.004382	0.700533	0.017471	0.000000	0.000000	0.037495	0.707107	
0.004859	0.000212	0.679831	0.743495	0.000000	0.000000	0.000000	0.000000	
0.000000	0.000000	0.000000	0.000000	0.000000	0.999920	0.000000	0.012687	
0.675498	0.052645	0.000000	0.740977	0.000000	0.000000	0.000000	0.000000	
0.693792	0.021806	0.000000	0.000402	0.000003	0.000000	0.725109	0.009191	
0.000000	0.000000	0.008848	0.707051	0.000000	0.000000	0.000000	0.707107	
0.000000	0.000000	0.000000	0.000000	0.000000	0.000000	0.000000	1.004886	
0.003894	0.003820	0.667251	0.000306	0.743342	0.044031	0.000000	0.015815	
0.000000	0.000000	0.000000	0.000000	0.000000	0.694459	0.017724	0.724683	
0.001253	0.007278	0.000000	0.000000	0.000000	0.006184	0.999959	0.000000	
0.576842	0.042120	0.000000	0.000011	0.000000	0.000002	0.036122	0.814969	
0.004614	0.569512	0.000458	0.000011	0.000000	0.000002	0.035570	0.821203	
0.000130	0.000125	0.000009	0.000000	0.003153	0.707100	0.707107	0.000000	
0.000000	0.000000	0.001718	0.422290	0.459642	0.002079	0.000000	0.781277	
0.997536	0.049154	0.060590	0.000974	0.000000	0.000000	0.000000	0.016546	
0.009111	0.705473	0.030051	0.069801	0.000000	0.000000	0.709612	0.000000	
0.000000	0.000000	0.707107	0.000000	0.000000	0.000000	0.707107	0.000000	
0.000000	0.706806	0.035869	0.000001	0.707713	0.000000	0.026192	0.000000	
0.000000	0.000000	0.999985	0.000000	0.005500	0.000000	0.000000	0.000000	
0.000000	0.013564	0.000001	0.486682	0.000000	0.000000	0.546178	0.681748	
0.000000	0.706977	0.000000	0.000000	0.003456	0.706840	0.000000	0.023422	
0.000217	0.015760	0.000335	0.597819	0.335308	0.000000	0.736970	0.000010	
0.000395	0.703076	0.703017	0.000000	0.132731	0.000000	0.000000	0.000000	
0.498773	0.498191	0.000000	0.000000	0.710180	0.000000	0.000000	0.000000	
0.706719	0.707494	0.000000	0.000000	0.000000	0.000000	0.000000	0.000000	
0.000000	0.000000	0.000000	0.000000	0.722868	0.000000	0.703875	0.011811	
