0.707107	0.000000	0.000000	0.000000	0.000000	0.000000	0.000000	0.707107	
0.000000	0.000000	0.000000	0.000000	0.000000	0.707107	0.000000	0.707107	
0.000000	0.000000	0.000000	0.000000	0.707107	0.000000	0.000000	0.707107	
0.000000	0.000000	0.000000	0.000000	0.707106	0.707108	0.000000	0.000000	
0.000000	0.000000	0.000000	0.000000	0.000000	1.000000	0.000000	0.000000	
0.000000	0.000000	0.707107	0.000000	0.000000	0.000000	0.000000	0.707107	
0.000000	0.000000	0.000000	0.000000	1.000000	0.000000	0.000000	0.000000	
0.000000	0.707112	0.000000	0.707101	0.000000	0.000000	0.000000	0.000000	
0.000000	0.707107	0.000000	0.000000	0.000000	0.000000	0.000000	0.707107	
0.000000	0.000000	0.000000	0.707107	0.000000	0.000000	0.707107	0.000000	
0.000000	0.000000	0.000000	0.707107	0.000000	0.000000	0.000000	0.707107	
0.000000	0.000000	0.000000	0.000000	0.000000	0.000000	1.000000	0.000000	
0.707062	0.707152	0.000000	0.000000	0.000000	0.000000	0.000000	0.000000	
0.000000	0.000000	0.000000	0.707106	0.707107	0.000000	0.000000	0.000000	
0.000000	0.707107	0.000000	0.000000	0.000000	0.000000	0.707106	0.000000	
0.000000	0.000000	0.000000	0.000000	0.707107	0.000000	0.707107	0.000000	
0.000000	0.000000	0.000000	0.000000	0.000000	0.707107	0.707107	0.000000	
0.000000	0.707108	0.000000	0.000000	0.707105	0.000000	0.000000	0.000000	
0.707136	0.000000	0.707077	0.000000	0.000000	0.000000	0.000000	0.000000	
0.000000	0.000000	0.000000	1.000000	0.000000	0.000000	0.000000	0.000000	
0.000000	1.000000	0.000000	0.000000	0.000000	0.000000	0.000000	0.000000	
0.707178	0.000000	0.000000	0.000000	0.000000	0.000000	0.707177	0.000000	
1.000000	0.000000	0.000000	0.000000	0.000000	0.000000	0.000000	0.000000	
0.000000	0.000000	0.707108	0.000000	0.000000	0.707106	0.000000	0.000000	
0.000001	0.707587	0.000000	0.000000	0.000000	0.707584	0.000000	0.000000	
0.000000	0.707136	0.707077	0.000000	0.000000	0.000000	0.000000	0.000000	
0.000000	0.000000	1.000000	0.000000	0.000000	0.000000	0.000000	0.000000	
0.000000	0.000000	0.000000	0.707108	0.000000	0.707106	0.000000	0.000000	
0.000000	0.000000	0.707107	0.000000	0.000000	0.000000	0.707107	0.000000	
0.000000	0.000000	0.707108	0.000000	0.707105	0.000000	0.000000	0.000000	
0.707108	0.000000	0.000000	0.707105	0.000000	0.000000	0.000000	0.000000	
0.000000	0.000000	0.000000	0.000000	0.000000	0.000000	0.000000	1.000000	
0.000000	0.000000	0.000000	0.000000	0.000000	0.000000	0.707107	0.707107	
0.707110	0.000000	0.000000	0.000000	0.000000	0.707104	0.000000	0.000000	
0.000000	0.000000	0.707112	0.707102	0.000000	0.000000	0.000000	0.000000	
0.707108	0.000000	0.000000	0.000000	0.707105	0.000000	0.000000	0.000000	
0.000000	0.000000	0.000000	0.707106	0.707107	0.000000	0.000000	0.000000	
0.000000	0.707107	0.000000	0.000000	0.000000	0.000000	0.000000	0.707107	
0.706110	0.705860	0.047506	0.000000	0.030514	0.000000	0.000000	0.000000	
0.000000	0.000000	0.707112	0.707102	0.000000	0.000000	0.000000	0.000000	
0.000000	0.000000	0.000000	1.000000	0.000000	0.000000	0.000000	0.000000	
0.020927	0.462546	0.000004	0.000000	0.480244	0.000000	0.744969	0.000000	
0.000000	0.000000	0.000000	0.000000	0.000000	0.000000	0.000000	1.000000	
0.000000	0.000000	0.706852	0.000000	0.000000	0.706850	0.000000	0.026883	
0.000000	0.000000	0.000000	0.000000	0.000000	0.707107	0.000000	0.707107	
0.697536	0.018454	0.014996	0.000000	0.000006	0.019553	0.000000	0.718422	
0.688944	0.037682	0.033449	0.010821	0.000002	0.722976	0.000000	0.002482	
0.987770	0.000000	0.047535	0.014878	0.147671	0.004756	0.000000	0.000039	
0.000000	0.000000	1.000000	0.000000	0.000000	0.000000	0.000000	0.000000	
0.000000	0.706947	0.000000	0.000997	0.000000	0.015005	0.707106	0.000000	
0.040495	0.003143	0.662698	0.019030	0.005950	0.000177	0.000000	0.747555	
0.705523	0.028089	0.034739	0.000324	0.005344	0.014577	0.707107	0.000000	
0.000000	0.000000	0.000000	0.000000	0.000000	0.000000	1.000000	0.000000	
0.000000	0.707112	0.000000	0.707101	0.000000	0.000000	0.000000	0.000000	
0.000000	0.000000	0.000000	0.707108	0.000000	0.707106	0.000000	0.000000	
0.000000	0.000000	0.000000	0.000000	0.000000	0.707107	0.707107	0.000000	
0.000000	0.000000	0.000000	0.000000	0.000000	0.000000	0.707107	0.707107	
0.694537	0.048366	0.717037	0.000002	0.004036	0.000000	0.030104	0.014647	
0.000000	0.000000	0.000000	0.000000	0.000000	1.000000	0.000000	0.000000	
0.000019	0.007699	0.694034	0.000000	0.719896	0.000000	0.001939	0.001712	
0.101612	0.502639	0.484065	0.052069	0.000000	0.707106	0.000000	0.000000	
0.000014	0.029610	0.693919	0.020330	0.002896	0.021010	0.718596	0.018869	
0.734269	0.001954	0.003329	0.676779	0.017410	0.045309	0.021456	0.000000	
0.000000	0.000000	0.000000	0.000000	0.707106	0.707108	0.000000	0.000000	
0.000000	0.000000	0.000000	0.000000	1.000000	0.000000	0.000000	0.000000	
0.030981	0.641340	0.581063	0.000111	0.035340	0.498156	0.027310	0.000000	
0.000000	0.000000	0.000000	0.000000	0.707107	0.000000	0.000000	0.707107	
0.000000	0.000000	0.000000	0.707107	0.000000	0.000000	0.707107	0.000000	
0.017178	0.699000	0.002302	0.000000	0.714675	0.010859	0.021488	0.000000	
0.000000	0.000000	0.000000	0.707107	0.000000	0.000000	0.000000	0.707107	
0.024517	0.997611	0.003094	0.000000	0.059723	0.011500	0.021485	0.000000	
0.712552	0.000953	0.035175	0.000031	0.700736	0.000000	0.000000	0.000000	
0.000000	0.000000	0.000000	0.733342	0.000000	0.000000	0.000000	0.679860	
0.017799	0.724243	0.002385	0.000000	0.683122	0.010786	0.093185	0.000000	
0.008920	0.002001	0.000030	0.000000	0.686645	0.726784	0.021488	0.000000	
0.000156	0.000019	0.000003	0.037330	0.000057	1.004522	0.000000	0.029144	
0.251464	0.659094	0.034159	0.000000	0.043278	0.707584	0.000000	0.000000	
0.000000	0.000000	0.000000	0.000000	0.000000	0.715949	0.000000	0.712775	
0.085157	0.474735	0.050470	0.011905	0.000000	0.485091	0.727580	0.000000	
0.025965	0.981981	0.003214	0.000008	0.058871	0.093792	0.000000	0.150886	
0.696557	0.062300	0.001169	0.005739	0.000000	0.000000	0.000000	0.718757	
0.694527	0.048366	0.717028	0.003971	0.004035	0.000000	0.030178	0.014861	
0.000000	0.000000	0.000000	0.000000	0.720076	0.000054	0.000000	0.693895	
0.042993	0.000495	0.701521	0.002025	0.001728	0.000000	0.000000	0.713939	
0.000000	0.000000	0.707407	0.707397	0.000000	0.000000	0.000000	0.000000	
0.000000	0.000000	0.000000	0.000000	0.000000	0.000000	0.707107	0.707107	
0.037893	0.474113	0.035057	0.490163	0.089783	0.000000	0.726380	0.000000	
0.000000	0.002932	0.000000	0.999271	0.000000	0.000000	0.000000	0.038059	
0.709904	0.000950	0.070588	0.000031	0.700721	0.006529	0.000000	0.000000	
0.896211	0.046299	0.000584	0.000033	0.000542	0.057130	0.458471	0.012340	
0.017387	0.706604	0.025580	0.707271	0.000090	0.000095	0.000000	0.000000	
0.000000	0.000000	0.900567	0.000000	0.000000	0.000000	0.440167	0.000000	
0.734272	0.000096	0.003329	0.676779	0.017410	0.045309	0.021456	0.000000	
0.000000	0.000000	0.000000	0.000000	0.000000	0.000000	1.000010	0.000000	
0.000020	0.000003	0.001076	0.706752	0.706754	0.000000	0.000000	0.031608	
0.000000	0.000000	0.000000	0.000000	1.000000	0.000000	0.000000	0.000000	
0.000000	0.000000	0.629005	0.000276	0.000000	0.629003	0.456199	0.027302	
0.123195	0.675409	0.071617	0.014605	0.000000	0.000000	0.000000	0.723397	
0.638301	0.141776	0.001122	0.000000	0.018585	0.764614	0.022968	0.000000	
0.000082	0.014933	0.000009	0.705777	0.000000	0.705933	0.064410	0.000000	
