0.000000	1.000000	0.000000	0.000000	0.000000	0.000000	0.000000	0.000000	
0.000000	0.707107	0.000000	0.000000	0.000000	0.000000	0.707107	0.000000	
0.707116	0.707098	0.000000	0.000000	0.000000	0.000000	0.000000	0.000000	
0.000000	0.707108	0.000000	0.707106	0.000000	0.000000	0.000000	0.000000	
0.707107	0.000000	0.000000	0.000000	0.000000	0.000000	0.707107	0.000000	
0.707107	0.000000	0.000000	0.000000	0.000000	0.000000	0.000000	0.707107	
0.000000	0.000000	0.000000	0.000000	0.000000	0.000000	0.707107	0.707107	
0.000000	0.000000	0.707107	0.000000	0.000000	0.707106	0.000000	0.000000	
0.000000	0.707107	0.000000	0.000000	0.000000	0.707106	0.000000	0.000000	
0.000000	0.707081	0.707132	0.000000	0.000000	0.000000	0.000000	0.000000	
0.000000	0.000000	0.707107	0.000000	0.000000	0.000000	0.707107	0.000000	
0.000000	0.000000	0.000000	0.707107	0.707107	0.000000	0.000000	0.000000	
0.000000	0.000000	0.000000	0.707107	0.000000	0.000000	0.707107	0.000000	
0.707107	0.000000	0.000000	0.000000	0.000000	0.707106	0.000000	0.000000	
0.000000	0.000000	0.707107	0.000000	0.000000	0.000000	0.000000	0.707107	
0.707107	0.000000	0.000000	0.000000	0.707107	0.000000	0.000000	0.000000	
0.000000	0.000000	0.707108	0.707106	0.000000	0.000000	0.000000	0.000000	
1.000000	0.000000	0.000000	0.000000	0.000000	0.000000	0.000000	0.000000	
0.000000	0.000000	0.000000	0.000000	0.000000	0.707107	0.707107	0.000000	
0.000000	0.000000	0.000000	0.000000	0.000000	0.707107	0.000000	0.707107	
0.000000	0.000000	0.000000	0.000000	0.000000	0.000000	1.000000	0.000000	
0.000000	0.707107	0.000000	0.000000	0.707107	0.000000	0.000000	0.000000	
0.000000	0.000000	0.000000	0.000000	0.707107	0.000000	0.000000	0.707107	
0.000000	0.000000	1.000000	0.000000	0.000000	0.000000	0.000000	0.000000	
0.000000	0.000000	0.000000	0.707107	0.000000	0.707106	0.000000	0.000000	
0.000000	0.000000	0.000000	0.000000	0.707107	0.707106	0.000000	0.000000	
0.000000	0.000000	0.000000	1.000000	0.000000	0.000000	0.000000	0.000000	
0.000000	0.000000	0.000000	0.707107	0.000000	0.000000	0.000000	0.707107	
0.707108	0.000000	0.000000	0.707106	0.000000	0.000000	0.000000	0.000000	
0.000000	0.000000	0.000000	0.000000	1.000000	0.000000	0.000000	0.000000	
0.000000	0.707107	0.000000	0.000000	0.000000	0.000000	0.000000	0.707107	
0.000000	0.000000	0.000000	0.000000	0.000000	1.000000	0.000000	0.000000	
0.000000	0.000000	0.000000	0.000000	0.000000	0.000000	0.000000	1.000000	
0.000000	0.000000	0.000000	0.000000	0.707107	0.000000	0.707107	0.000000	
0.000000	0.000000	0.707107	0.000000	0.707107	0.000000	0.000000	0.000000	
0.707136	0.000000	0.707077	0.000000	0.000000	0.000000	0.000000	0.000000	
0.707107	0.000000	0.000000	0.000000	0.707107	0.000000	0.000000	0.000000	
0.480716	0.527927	0.000115	0.013103	0.039301	0.698404	0.000000	0.026836	
0.000685	0.042833	0.000159	0.511545	0.000000	0.000000	0.486822	0.707467	
0.000000	0.000000	0.707107	0.000000	0.000000	0.000000	0.000000	0.707107	
0.000000	0.000000	0.000000	0.707107	0.000000	0.707106	0.000000	0.000000	
0.000217	0.009038	0.704229	0.701630	0.058103	0.151275	0.043257	0.000000	
0.484429	0.509988	0.021716	0.000004	0.000004	0.000027	0.710994	0.000091	
0.000000	0.000000	1.000000	0.000000	0.000000	0.000000	0.000000	0.000000	
0.000000	0.000000	0.000000	0.000000	0.707107	0.707106	0.000000	0.000000	
0.000000	0.706940	0.000696	0.014076	0.707081	0.000000	0.000000	0.012865	
0.036347	0.000036	0.515588	0.504394	0.691394	0.001572	0.020153	0.000000	
0.000000	0.999679	0.000000	0.000000	0.000000	0.000000	0.025351	0.000000	
0.000000	0.000000	0.000000	0.000000	0.000000	0.000000	0.000000	1.000000	
0.000000	0.000000	0.000000	0.000000	0.707107	0.000000	0.707107	0.000000	
0.000000	0.000000	0.000000	0.707107	0.000000	0.000000	0.707107	0.000000	
0.000000	0.659705	0.027849	0.026713	0.004133	0.000000	0.022076	0.750198	
0.000000	0.000000	0.000000	0.000000	1.000000	0.000000	0.000000	0.000000	
0.003051	0.485957	0.000095	0.497798	0.718355	0.000000	0.000000	0.000000	
0.000000	0.000000	0.000000	0.000000	0.000000	0.000000	0.707107	0.707107	
0.000000	0.000000	0.713797	0.000000	0.000000	0.009533	0.700287	0.000000	
0.720601	0.045408	0.000649	0.000000	0.000002	0.000004	0.691716	0.014183	
0.675279	0.196789	0.000661	0.709328	0.042158	0.013648	0.000000	0.012746	
0.000000	0.000000	0.000000	0.000000	0.000000	1.000000	0.000000	0.000000	
0.014269	0.594134	0.788800	0.000000	0.000000	0.150028	0.045679	0.000000	
0.672690	0.738756	0.030847	0.007455	0.000091	0.000040	0.000000	0.026836	
0.000000	0.000000	0.698852	0.000000	0.106830	0.706969	0.019724	0.000000	
0.000000	0.000000	0.000000	0.000000	0.000000	0.000000	1.000000	0.000000	
0.000000	0.000000	0.000000	0.000000	0.000000	0.707107	0.707107	0.000000	
0.705242	0.047578	0.000000	0.000000	0.000002	0.707369	0.000000	0.000000	
0.000000	0.707108	0.000000	0.707106	0.000000	0.000400	0.000336	0.000000	
0.000000	0.000000	0.000000	0.000000	0.707107	0.000000	0.000000	0.707107	
0.000000	0.000000	0.000000	1.000000	0.000000	0.000000	0.000000	0.000000	
0.000000	0.000000	0.000000	0.000000	0.000000	0.707107	0.000000	0.707107	
0.707136	0.000000	0.707077	0.000000	0.000000	0.000000	0.000000	0.000000	
0.984880	0.128532	0.000009	0.000246	0.000004	0.083203	0.081039	0.000114	
0.706727	0.000940	0.009017	0.005144	0.016701	0.010519	0.006217	0.707107	
0.000000	0.000000	0.999650	0.000000	0.016812	0.000000	0.000000	0.020427	
0.023204	0.988922	0.016506	0.000000	0.000000	0.150322	0.045114	0.000000	
0.000000	0.515861	0.000000	0.000000	0.000000	0.000209	0.515861	0.683940	
0.000000	0.000000	0.000000	0.998975	0.000117	0.003469	0.050225	0.000000	
0.030664	0.001868	0.000028	0.710007	0.000002	0.000004	0.008527	0.703473	
0.005910	0.706281	0.000000	0.000000	0.000002	0.033647	0.000000	0.707107	
0.000000	0.000000	0.699883	0.000000	0.131751	0.701723	0.019724	0.000000	
0.706726	0.022410	0.707132	0.000000	0.000000	0.000000	0.000000	0.000000	
0.003008	0.000146	0.000345	0.000006	0.000027	0.707100	0.707107	0.000000	
0.695241	0.000925	0.008870	0.053025	0.016477	0.010378	0.006133	0.716472	
0.406757	0.000087	0.033342	0.003162	0.426062	0.385958	0.000000	0.712994	
0.036959	0.000969	0.705710	0.691607	0.000000	0.000023	0.000332	0.149287	
0.024800	0.000024	0.695006	0.000000	0.127875	0.000000	0.000000	0.707107	
0.000000	0.705709	0.000706	0.014052	0.705850	0.058971	0.000000	0.012865	
0.000000	0.000000	0.708166	0.000000	0.708166	0.024205	0.000000	0.000000	
0.002993	0.000196	0.086753	0.671678	0.000000	0.000000	0.677264	0.288297	
0.000000	0.000000	0.000000	0.707107	0.707107	0.000000	0.000000	0.000000	
0.000000	0.698552	0.000136	0.715559	0.000000	0.000000	0.000000	0.000000	
0.702933	0.000000	0.000000	0.710809	0.000000	0.000000	0.000000	0.034166	
0.001372	0.000168	0.026321	0.000010	0.706617	0.707107	0.000675	0.000000	
0.000000	0.000000	0.000000	0.000000	0.000000	1.000036	0.000000	0.000000	
0.705318	0.047583	0.000000	0.000000	0.000000	0.707445	0.000007	0.000000	
0.036462	0.002171	0.000000	0.000000	0.000038	0.000000	0.999149	0.019140	
0.000000	0.000000	0.000000	0.000000	0.999673	0.025576	0.000000	0.000000	
0.014154	0.589366	0.792408	0.000000	0.000000	0.150033	0.045037	0.000000	
0.000000	0.000000	0.695463	0.000000	0.130919	0.042221	0.705272	0.000276	
0.000000	0.000000	0.000000	0.006683	0.000000	0.006683	0.000000	0.999955	
0.705666	0.045108	0.000003	0.000000	0.000000	0.000000	0.707107	0.000599	
