0.000000	0.000000	0.000000	0.000000	0.000000	0.000000	0.707107	0.707107	
0.000000	0.707107	0.000000	0.000000	0.000000	0.000000	0.000000	0.707107	
0.000000	0.000000	0.000000	0.000000	0.000000	0.707107	0.707107	0.000000	
0.000000	0.000000	0.000000	0.000000	0.000000	0.000000	1.000000	0.000000	
0.707108	0.000000	0.000000	0.707106	0.000000	0.000000	0.000000	0.000000	
0.000000	1.000000	0.000000	0.000000	0.000000	0.000000	0.000000	0.000000	
0.000000	0.000000	0.000000	0.000000	0.707107	0.000000	0.707107	0.000000	
0.000000	0.707136	0.707077	0.000000	0.000000	0.000000	0.000000	0.000000	
0.000000	0.000000	0.707107	0.000000	0.000000	0.000000	0.000000	0.707107	
0.000000	0.000000	0.000000	0.000000	0.000000	0.707107	0.000000	0.707107	
0.000000	0.000000	0.000000	0.000000	1.000000	0.000000	0.000000	0.000000	
0.000000	0.707108	0.000000	0.707106	0.000000	0.000000	0.000000	0.000000	
0.707107	0.000000	0.000000	0.000000	0.000000	0.000000	0.707107	0.000000	
0.707136	0.000000	0.707077	0.000000	0.000000	0.000000	0.000000	0.000000	
1.000000	0.000000	0.000000	0.000000	0.000000	0.000000	0.000000	0.000000	
0.000000	0.707106	0.000000	0.000000	0.707107	0.000000	0.000000	0.000000	
0.000000	0.000000	0.000000	0.707107	0.000000	0.000000	0.707107	0.000000	
0.000000	0.000000	0.000000	1.000000	0.000000	0.000000	0.000000	0.000000	
0.000000	0.000000	0.000000	0.000000	0.707107	0.707106	0.000000	0.000000	
0.000000	0.000000	0.000000	0.000000	0.000000	0.000000	0.000000	1.000000	
0.707107	0.000000	0.000000	0.000000	0.707107	0.000000	0.000000	0.000000	
0.000000	0.000000	0.000000	0.000000	0.000000	1.000000	0.000000	0.000000	
0.000000	0.000000	0.000000	0.707107	0.000000	0.707106	0.000000	0.000000	
0.000000	0.000000	1.000000	0.000000	0.000000	0.000000	0.000000	0.000000	
0.000000	0.707107	0.000000	0.000000	0.000000	0.000000	0.707107	0.000000	
0.000000	0.000000	0.707107	0.000000	0.000000	0.000000	0.707107	0.000000	
0.000000	0.000000	0.707376	0.707374	0.000000	0.000000	0.000000	0.000000	
0.000000	0.707107	0.000000	0.000000	0.000000	0.707106	0.000000	0.000000	
0.707108	0.000000	0.000000	0.000000	0.000000	0.707107	0.000000	0.000000	
0.000000	0.000000	0.707107	0.000000	0.000000	0.707106	0.000000	0.000000	
0.707323	0.000000	0.000000	0.000000	0.000000	0.000000	0.000000	0.707323	
0.000000	0.000000	0.000000	0.707106	0.707107	0.000000	0.000000	0.000000	
0.000000	0.000000	0.000000	0.707107	0.000000	0.000000	0.000000	0.707107	
0.000000	0.000000	0.707106	0.000000	0.707107	0.000000	0.000000	0.000000	
0.707116	0.707098	0.000000	0.000000	0.000000	0.000000	0.000000	0.000000	
0.000000	0.000000	0.000000	0.000000	0.707107	0.000000	0.000000	0.707107	
0.000000	0.659722	0.000000	0.751518	0.000000	0.000000	0.000000	0.000000	
0.000000	0.000000	0.000000	0.000000	0.707107	0.000000	0.000000	0.707107	
0.000000	0.000000	0.000000	1.000000	0.000000	0.000000	0.000000	0.000000	
0.000017	0.027042	0.001696	0.000034	0.028672	0.998935	0.001504	0.036474	
0.013168	0.993816	0.000000	0.000246	0.001092	0.083259	0.072269	0.000113	
0.000000	0.000000	0.707106	0.000000	0.707107	0.000000	0.000000	0.000000	
0.000000	0.000000	0.000000	0.000000	0.707107	0.707106	0.000000	0.000000	
0.000000	0.000000	0.707107	0.000000	0.000000	0.000000	0.707107	0.000000	
0.000000	0.000000	0.000000	0.742956	0.669340	0.000000	0.000000	0.000000	
0.708439	0.000870	0.705103	0.030702	0.000000	0.000000	0.000000	0.000000	
0.000000	0.000000	0.000000	0.707107	0.000000	0.707106	0.000000	0.000000	
0.707185	0.000000	0.000000	0.000000	0.000000	0.000000	0.000000	0.707185	
0.473042	0.020448	0.489814	0.729482	0.059954	0.000000	0.000000	0.012549	
0.000000	0.000000	0.000000	0.000000	0.000000	0.000000	0.000000	1.000000	
0.000000	0.707136	0.707077	0.000000	0.000000	0.000000	0.000000	0.000000	
0.000000	0.000000	0.000000	0.707107	0.000000	0.000000	0.707107	0.000000	
0.011301	0.703512	0.000033	0.022093	0.012394	0.005031	0.000000	0.710124	
0.000000	0.000000	0.000000	0.000000	1.000000	0.000000	0.000000	0.000000	
0.998630	0.013568	0.007915	0.000001	0.003147	0.000000	0.049814	0.000000	
0.000000	0.707108	0.000000	0.000000	0.000000	0.707106	0.000000	0.000000	
0.671300	0.000155	0.001250	0.042702	0.000016	0.744914	0.000000	0.077421	
0.707108	0.000000	0.000000	0.000000	0.707105	0.000000	0.000000	0.000000	
0.000000	0.698437	0.000000	0.111549	0.707290	0.000000	0.000000	0.000000	
0.367314	0.007969	0.002250	0.025826	0.334747	0.000000	0.499701	0.722073	
0.000000	0.000000	0.000000	0.707107	0.000000	0.000000	0.000000	0.707107	
0.000000	0.000000	0.707107	0.000000	0.000000	0.000000	0.000000	0.707107	
0.000000	0.000000	0.000000	0.000000	0.000000	0.000000	1.000000	0.000000	
0.664851	0.047042	0.000455	0.725878	0.000064	0.000000	0.162906	0.071082	
0.000413	0.006547	0.000168	0.000000	0.000000	0.706475	0.029086	0.707118	
0.672690	0.738756	0.030847	0.007455	0.000091	0.000040	0.000000	0.026836	
0.020851	0.716230	0.001425	0.003229	0.029375	0.108594	0.687700	0.031315	
0.000000	0.000000	0.988326	0.000000	0.013003	0.000000	0.151893	0.000000	
0.000000	0.000000	0.000000	0.000000	0.000000	0.707107	0.707107	0.000000	
0.000000	0.000000	0.000000	0.000000	0.707107	0.000000	0.707107	0.000000	
0.525525	0.000000	0.000129	0.003309	0.472912	0.027205	0.707512	0.000000	
0.000000	0.000000	0.517085	0.026922	0.493569	0.697685	0.000000	0.039036	
0.674408	0.738207	0.014915	0.000121	0.000005	0.000000	0.000000	0.001411	
0.000000	0.000000	0.000000	0.000000	0.000000	0.000000	0.707327	0.707327	
0.006655	0.651861	0.001119	0.000000	0.000000	0.000000	0.762877	0.041396	
0.447334	0.017626	0.482810	0.000000	0.031190	0.231210	0.109750	0.707107	
0.000000	0.000000	0.000000	0.000000	0.000000	0.999533	0.050493	0.000000	
0.716513	0.005979	0.000646	0.000000	0.000000	0.244600	0.030811	0.664641	
0.073455	0.659383	0.000453	0.729028	0.000064	0.019144	0.162981	0.064569	
0.037909	0.706146	0.707103	0.000000	0.000000	0.000000	0.000000	0.000000	
0.707107	0.000000	0.000000	0.000000	0.707107	0.000000	0.000000	0.000000	
0.000000	0.000000	0.707043	0.009460	0.707107	0.000000	0.000000	0.000000	
0.000000	0.000000	0.000000	0.492334	0.509107	0.000000	0.007098	0.705951	
0.000000	0.000000	0.000000	0.713880	0.000000	0.713878	0.004454	0.000000	
0.000000	0.000000	0.517085	0.026922	0.493569	0.697685	0.000000	0.039036	
0.000000	0.000000	0.000000	0.707189	0.000000	0.000000	0.707189	0.000000	
0.051059	0.479222	0.001791	0.000000	0.481938	0.014133	0.735559	0.000000	
0.000000	0.000000	0.702432	0.702430	0.000000	0.146148	0.000000	0.039254	
0.000000	0.000000	0.707107	0.000000	0.000000	0.000000	0.707107	0.000000	
0.000000	0.000000	0.000000	0.742956	0.669340	0.000000	0.000000	0.000000	
0.000000	0.000000	0.000000	0.000000	0.697880	0.716215	0.000000	0.000000	
0.697127	0.026931	0.697588	0.005771	0.001662	0.163405	0.000000	0.000000	
0.000000	0.999987	0.005097	0.000000	0.000000	0.000000	0.000000	0.000000	
0.032866	0.706331	0.000000	0.004707	0.707108	0.000000	0.000000	0.000000	
0.022113	0.697307	0.007041	0.000000	0.000919	0.111481	0.080716	0.711139	
0.998625	0.052009	0.000032	0.006637	0.000000	0.000000	0.000000	0.000000	
0.617880	0.009206	0.096072	0.032438	0.000000	0.783963	0.000000	0.000000	
0.000000	0.000000	0.000000	0.000000	0.000000	0.700100	0.000000	0.714045	
0.000000	0.000000	0.000000	0.000000	0.000000	0.000000	1.000385	0.000000	
0.046561	0.339923	0.000639	0.021825	0.315659	0.516860	0.738793	0.081231	
