0.000000	1.000049	0.000000	0.000000	0.000000	0.000000	0.000000	0.000000	
1.000000	0.000000	0.000000	0.000000	0.000000	0.000000	0.000000	0.000000	
0.000000	0.000000	0.707104	0.000000	0.707109	0.000000	0.000000	0.000000	
0.000000	0.000000	0.000000	0.000000	0.707108	0.707106	0.000000	0.000000	
0.000000	0.707136	0.707077	0.000000	0.000000	0.000000	0.000000	0.000000	
0.707110	0.000000	0.000000	0.000000	0.000000	0.707104	0.000000	0.000000	
0.000000	0.000000	0.000000	0.000000	0.000000	0.000000	0.707107	0.707107	
0.000000	0.000000	0.707108	0.000000	0.000000	0.707106	0.000000	0.000000	
0.000000	0.000000	0.000000	0.707108	0.707105	0.000000	0.000000	0.000000	
0.000000	0.000000	0.000000	0.000000	0.000000	1.000000	0.000000	0.000000	
0.000000	0.707107	0.000000	0.000000	0.000000	0.000000	0.707107	0.000000	
0.706702	0.707512	0.000000	0.000000	0.000000	0.000000	0.000000	0.000000	
0.000000	0.000000	0.000000	1.000000	0.000000	0.000000	0.000000	0.000000	
0.000000	0.000000	0.000000	0.707108	0.000000	0.707106	0.000000	0.000000	
0.000000	0.000000	0.000000	0.000000	0.000000	0.000000	0.000000	1.000000	
0.707107	0.000000	0.000000	0.000000	0.000000	0.000000	0.000000	0.707107	
0.707136	0.000000	0.707077	0.000000	0.000000	0.000000	0.000000	0.000000	
0.707108	0.000000	0.000000	0.000000	0.707105	0.000000	0.000000	0.000000	
0.000000	0.707106	0.000000	0.000000	0.000000	0.000000	0.000000	0.707107	
0.000000	0.000000	0.000000	0.000000	0.707107	0.000000	0.000000	0.707107	
0.000000	0.707108	0.000000	0.000000	0.707105	0.000000	0.000000	0.000000	
0.000000	0.000000	0.000000	0.000000	1.000000	0.000000	0.000000	0.000000	
0.707108	0.000000	0.000000	0.707106	0.000000	0.000000	0.000000	0.000000	
0.000000	0.707460	0.000000	0.706812	0.000000	0.000000	0.000000	0.000000	
0.000000	0.000000	0.000000	0.000000	0.000000	0.707107	0.707107	0.000000	
0.000000	0.000000	0.707107	0.000000	0.000000	0.000000	0.000000	0.707107	
0.000000	0.000000	0.000000	0.707107	0.000000	0.000000	0.707107	0.000000	
0.000000	0.000000	0.000000	0.000000	0.000000	0.707107	0.000000	0.707107	
0.000000	0.000000	0.000000	0.000000	0.000000	0.000000	1.000000	0.000000	
0.000000	0.000000	0.707107	0.000000	0.000000	0.000000	0.707107	0.000000	
0.000000	0.000000	0.000000	0.707107	0.000000	0.000000	0.000000	0.707107	
0.707107	0.000000	0.000000	0.000000	0.000000	0.000000	0.707106	0.000000	
0.000000	0.707179	0.000000	0.000000	0.000000	0.707034	0.000000	0.000000	
0.000000	0.000000	0.707117	0.707097	0.000000	0.000000	0.000000	0.000000	
0.000000	0.000000	1.000000	0.000000	0.000000	0.000000	0.000000	0.000000	
0.000000	0.000000	0.000000	0.000000	0.707107	0.000000	0.707107	0.000000	
0.000000	0.000000	0.000000	0.707108	0.000000	0.707106	0.000000	0.000000	
0.000000	0.707107	0.000000	0.000000	0.000000	0.000000	0.707107	0.000000	
0.000000	0.707435	0.000000	0.706778	0.000000	0.000000	0.000000	0.000000	
0.707102	0.000000	0.000000	0.000000	0.000000	0.000000	0.707111	0.000000	
0.966184	0.160423	0.012231	0.001089	0.001507	0.201496	0.000000	0.000000	
0.566185	0.029823	0.027330	0.038789	0.016972	0.450052	0.000000	0.688304	
0.000000	0.000000	0.000000	0.000000	0.000000	0.000000	1.000000	0.000000	
0.034883	0.000002	0.997871	0.000000	0.000000	0.000000	0.000000	0.055183	
0.002975	0.030352	0.727658	0.000000	0.000000	0.008801	0.000000	0.685206	
0.023144	0.678222	0.734492	0.000000	0.000000	0.000000	0.000000	0.000000	
0.000000	0.000000	0.000000	0.707107	0.000000	0.000000	0.000000	0.707107	
0.707108	0.000021	0.000000	0.000000	0.707105	0.000000	0.000000	0.000000	
0.000000	0.000000	0.000000	0.000000	1.000000	0.000000	0.000000	0.000000	
0.013705	0.587916	0.000000	0.000012	0.000000	0.000002	0.036710	0.807972	
0.000000	0.000209	0.019514	0.019564	0.706567	0.000000	0.000000	0.707107	
0.000308	0.707108	0.000000	0.000000	0.707105	0.000000	0.000000	0.000000	
0.000000	0.000000	0.707107	0.000000	0.000000	0.000000	0.707107	0.000000	
0.718673	0.008721	0.000000	0.000807	0.001106	0.695292	0.000000	0.000000	
0.000000	0.000000	0.000000	0.707107	0.000000	0.000000	0.707107	0.000000	
0.000000	0.000000	0.702773	0.093118	0.708920	0.000000	0.000000	0.000000	
0.012100	0.000001	0.000128	0.999927	0.000000	0.000000	0.000000	0.000000	
0.000000	0.000000	0.000000	0.000000	0.000000	0.707107	0.000000	0.707107	
0.706702	0.707512	0.000000	0.000000	0.000005	0.000000	0.000000	0.000000	
0.000000	0.000000	0.000000	0.000000	0.707108	0.707106	0.000000	0.000000	
0.000000	0.000000	0.000000	0.000000	0.000000	0.707107	0.707107	0.000000	
0.000000	0.000000	0.000000	0.000000	0.000000	1.000033	0.000000	0.000000	
0.000000	0.000000	0.000000	0.000000	0.000000	0.000000	0.707107	0.707107	
0.000000	0.000000	0.707117	0.707097	0.000000	0.000000	0.000000	0.000000	
0.000000	0.000000	0.707108	0.000000	0.000000	0.707106	0.000000	0.000000	
0.000000	0.000000	0.000000	0.000000	0.707107	0.000000	0.707107	0.000000	
0.000000	0.000000	0.000000	0.000000	0.000000	0.000000	0.000000	1.000000	
0.707108	0.000000	0.000000	0.707106	0.000000	0.000000	0.000000	0.000000	
0.701100	0.018284	0.711859	0.000816	0.016113	0.000000	0.030104	0.014647	
0.000000	0.999239	0.000994	0.000000	0.000441	0.000000	0.000000	0.038982	
0.000000	0.000000	0.000000	0.707108	0.707105	0.000000	0.000000	0.000000	
0.000000	0.707181	0.000000	0.000000	0.000000	0.707035	0.000000	0.000000	
0.085697	0.013264	0.694523	0.018947	0.022323	0.000000	0.720751	0.000000	
0.697643	0.000000	0.002037	0.000000	0.000000	0.716255	0.016430	0.000000	
0.005320	0.000406	0.000014	0.000012	0.611054	0.012724	0.039156	0.846619	
0.000001	0.000001	0.009012	0.707049	0.000000	0.000000	0.707107	0.000000	
0.000000	0.099178	0.000000	0.000000	0.000044	0.000000	0.000000	0.997340	
0.002061	0.019789	0.000024	0.000002	0.019778	0.999407	0.033238	0.000000	
0.556531	0.435721	0.005331	0.019803	0.000000	0.000000	0.707107	0.000000	
0.017516	0.745765	0.001601	0.026782	0.665439	0.000000	0.000000	0.000000	
0.000000	0.000000	0.707117	0.707097	0.000000	0.000000	0.000000	0.000000	
0.016837	0.000745	0.745811	0.026783	0.665466	0.000000	0.000000	0.000000	
0.004365	0.000333	0.000211	0.000010	0.501925	0.501942	0.704348	0.000000	
0.000000	0.000000	0.000000	0.000000	0.000000	0.000000	0.707107	0.707107	
0.000000	0.000000	0.999555	0.000000	0.000000	0.000000	0.000000	0.030852	
0.000000	0.000000	0.000000	0.728552	0.000000	0.000000	0.000000	0.684990	
0.017963	0.715469	0.000000	0.698414	0.000000	0.000000	0.000000	0.000000	
0.029561	0.690720	0.015699	0.000000	0.000000	0.001554	0.000000	0.722345	
0.000000	0.000000	0.017181	0.999803	0.000000	0.009912	0.000000	0.000000	
0.000000	0.000000	0.000000	0.000000	0.711808	0.000000	0.711808	0.000000	
0.000032	0.000782	0.007932	0.000000	0.707137	0.707037	0.000000	0.000000	
0.000000	0.000000	0.000000	0.666801	0.007890	0.745194	0.000000	0.000000	
0.023309	0.999085	0.000000	0.035879	0.000000	0.000000	0.000000	0.000000	
0.000000	0.000000	0.000000	0.000000	0.000000	0.707107	0.000000	0.707107	
0.001779	0.023933	0.001255	0.706700	0.707105	0.000000	0.000000	0.000000	
0.000120	0.000002	0.011538	0.000000	0.999933	0.000000	0.000000	0.000000	
0.706702	0.707512	0.000000	0.000147	0.000000	0.000192	0.000000	0.000322	
0.695797	0.001089	0.003039	0.695801	0.000000	0.000000	0.178094	0.000000	
0.062249	0.704140	0.706827	0.000000	0.000000	0.000000	0.026605	0.000000	
0.995788	0.076919	0.022979	0.000000	0.000000	0.000000	0.044296	0.000000	
