0.707648	0.000001	0.000002	0.000002	0.000002	0.706903	0.000000	0.000000	
0.000000	0.000000	0.000000	1.001463	0.000000	0.000000	0.000000	0.000000	
0.000000	0.000000	0.000000	0.707814	0.000002	0.707072	0.000000	0.000000	
0.000000	0.000000	0.000000	0.000000	1.009473	0.000000	0.000000	0.000000	
0.000000	0.000000	0.000000	0.000000	0.000000	0.708085	0.707925	0.000000	
0.707390	0.000001	0.000002	0.000001	0.000000	0.000000	0.706961	0.000001	
0.000000	0.709270	0.711818	0.000285	0.000000	0.000000	0.000001	0.000003	
1.004177	0.000000	0.000000	0.000000	0.000000	0.000000	0.000000	0.000000	
0.000000	0.000000	0.000000	0.000000	0.000000	0.707998	0.000000	0.706959	
0.000000	0.000000	0.000004	0.000000	0.707827	0.706493	0.000000	0.000000	
0.000000	0.000000	0.000000	0.000006	0.709423	0.000000	0.704965	0.000000	
0.708648	0.705697	0.000000	0.000001	0.000000	0.000002	0.000000	0.000000	
0.000051	0.707678	0.000000	0.000000	0.706726	0.000004	0.000006	0.000001	
0.000347	0.708875	0.000000	0.000001	0.000000	0.000000	0.708186	0.000001	
0.000000	0.000006	0.000000	0.707188	0.000000	0.000000	0.000000	0.707400	
0.708645	0.000000	0.000003	0.000000	0.000000	0.000000	0.000001	0.705977	
0.000000	0.000000	0.000000	0.000000	0.000000	1.000889	0.000000	0.000000	
0.000000	0.000000	0.000000	0.000000	0.000000	0.000000	1.000104	0.000000	
0.000002	0.000019	0.708877	0.000001	0.708331	0.000003	0.000002	0.000001	
0.000003	0.709862	0.000001	0.000000	0.000000	0.000001	0.000000	0.709268	
0.000013	0.000001	0.000004	0.000000	0.000001	0.000000	0.707098	0.707337	
0.000002	1.000866	0.000000	0.000000	0.000000	0.000000	0.000000	0.000000	
0.000000	0.000007	0.709430	0.000001	0.000526	0.000000	0.000001	0.706065	
0.000336	0.709049	0.000000	0.707067	0.000000	0.000000	0.000006	0.000000	
0.000001	0.000003	0.708064	0.000000	0.000000	0.707320	0.000000	0.000000	
0.707675	0.000003	0.000000	0.000001	0.706724	0.000004	0.000006	0.000000	
0.000000	0.000000	0.000000	0.707685	0.000000	0.000000	0.706994	0.000000	
0.710200	0.000000	0.000000	0.704761	0.000000	0.000000	0.000002	0.000000	
0.000000	0.000000	0.000000	0.000000	0.000000	0.000000	0.000000	1.002173	
0.000000	0.000005	0.708429	0.706350	0.000000	0.000000	0.000002	0.000000	
0.000005	0.707548	0.000002	0.000002	0.000000	0.706904	0.000001	0.000003	
0.000025	0.000001	0.707455	0.000001	0.000000	0.000000	0.706917	0.000000	
0.707019	0.000465	0.709560	0.000008	0.000160	0.000004	0.000006	0.000003	
0.000000	0.000000	0.000000	0.000000	0.708435	0.000000	0.000002	0.706288	
0.000002	0.000000	1.007603	0.000000	0.000000	0.000000	0.000000	0.000000	
0.000000	0.000000	0.000001	0.707429	0.706894	0.000000	0.000000	0.000001	
0.000000	0.000006	0.000000	0.707092	0.000000	0.000001	0.000000	0.707374	
0.999826	0.000002	0.026445	0.000061	0.000000	0.000000	0.000000	0.000000	
0.000347	0.708973	0.000000	0.000000	0.000000	0.000000	0.708284	0.000001	
0.702933	0.069468	0.022833	0.028084	0.000000	0.000000	0.707123	0.000000	
0.000000	0.000000	0.000000	0.000006	0.708109	0.000000	0.707990	0.000001	
0.000000	0.000000	0.000000	0.000000	1.004834	0.000000	0.000000	0.000000	
0.000002	1.000774	0.000000	0.000001	0.000000	0.000000	0.000000	0.000000	
0.000000	0.000000	0.000000	0.000000	0.000000	0.000000	1.000042	0.000000	
0.000000	0.000000	0.000000	1.001463	0.000000	0.000000	0.000000	0.000000	
0.000051	0.702784	0.001103	0.000000	0.711617	0.000004	0.000006	0.000001	
0.000000	0.000000	0.000000	0.491820	0.000000	0.508307	0.707132	0.000000	
0.000000	0.000007	0.709392	0.000001	0.000526	0.000000	0.000001	0.706002	
0.000625	0.708970	0.000000	0.706989	0.000000	0.000000	0.000006	0.000000	
0.000005	0.000000	0.708446	0.706366	0.000000	0.000000	0.000001	0.000000	
0.707715	0.000001	0.000002	0.000002	0.000000	0.706971	0.000018	0.000000	
0.707681	0.000000	0.000000	0.000001	0.706729	0.000004	0.000006	0.000000	
0.000001	0.000003	0.708244	0.000000	0.000000	0.707500	0.000001	0.000000	
0.000000	0.000000	0.000000	0.000000	0.000000	1.000921	0.000000	0.000000	
0.000019	0.000005	0.711865	0.000001	0.711317	0.000001	0.000002	0.000001	
0.000000	0.000000	0.000000	0.707268	0.000000	0.000000	0.707108	0.000000	
0.708830	0.705878	0.000000	0.000001	0.000000	0.000000	0.000000	0.000000	
0.000000	0.000000	0.000004	0.000000	0.707342	0.706934	0.000000	0.000000	
0.000000	0.000000	0.000001	0.707457	0.706922	0.000000	0.000000	0.000001	
0.000000	0.000000	0.000000	0.000000	0.000000	0.707779	0.000001	0.706735	
0.000000	0.000002	0.716161	0.000001	0.000000	0.000000	0.715591	0.000000	
0.000000	0.000000	0.000000	0.707814	0.000002	0.707072	0.000000	0.000000	
0.704237	0.031772	0.055660	0.705071	0.060291	0.000000	0.000001	0.000000	
0.000000	0.705496	0.708951	0.000283	0.000025	0.000000	0.000000	0.000000	
0.705530	0.000001	0.708912	0.000061	0.000000	0.000017	0.000000	0.000000	
0.000000	0.000000	0.000000	0.000000	0.708308	0.000001	0.000002	0.706256	
0.020002	0.703980	0.029931	0.034052	0.000011	0.710938	0.000000	0.000000	
0.000002	0.000000	1.000872	0.000000	0.000000	0.000000	0.000000	0.000000	
0.708645	0.000000	0.000003	0.000000	0.000000	0.000000	0.000001	0.705977	
0.000003	0.709921	0.000001	0.000000	0.000000	0.000000	0.000001	0.709326	
0.000000	0.000000	0.000000	0.000000	0.000000	0.000000	0.000000	1.000455	
0.000000	0.000000	0.000000	0.000000	0.000013	0.000011	0.710306	0.710602	
0.030082	0.008423	0.710496	0.000001	0.710634	0.000000	0.000001	0.000003	
0.000000	0.000000	0.000000	0.695935	0.000000	0.719264	0.003443	0.027728	
0.006543	0.006441	0.000022	0.001398	1.003083	0.000000	0.000000	0.000000	
0.015092	0.665004	0.000000	0.000143	0.681819	0.000003	0.304890	0.000000	
0.000000	0.000000	0.039986	0.713600	0.045698	0.000000	0.715609	0.000000	
0.413042	0.571678	0.000516	0.020598	0.045161	0.038942	0.707941	0.000000	
0.000625	0.708934	0.000007	0.706953	0.000000	0.000000	0.000006	0.000000	
0.000000	0.000000	0.000000	0.000000	0.499207	0.000000	0.508327	0.710304	
0.000000	0.000000	0.000000	0.000000	0.000000	0.000000	0.000000	1.000117	
0.000020	0.000979	0.072728	0.709527	0.712286	0.000004	0.000006	0.000000	
0.000000	0.094324	0.995734	0.044856	0.000001	0.000001	0.000001	0.000561	
0.000000	0.000000	0.000000	0.000000	0.000000	0.707748	0.000001	0.706704	
0.008941	0.979532	0.000001	0.000002	0.000003	0.005195	0.000000	0.217934	
0.704021	0.075861	0.000004	0.026691	0.000178	0.003332	0.000004	0.706361	
0.705415	0.000001	0.709002	0.000061	0.000000	0.000017	0.000001	0.000000	
0.020104	0.707576	0.001069	0.000716	0.000001	0.707120	0.000000	0.000000	
1.000941	0.006471	0.000000	0.000001	0.000000	0.000000	0.000000	0.000000	
0.489234	0.022072	0.038667	0.489813	0.001012	0.000000	0.000001	0.720852	
0.000001	0.000000	0.002142	0.020430	0.710456	0.707552	0.021421	0.063668	
0.000022	0.044467	0.707081	0.002754	0.026342	0.000000	0.708284	0.000001	
0.000000	0.000000	0.000000	0.000000	0.710390	0.000000	0.000002	0.704320	
0.554933	0.000001	0.508748	0.000046	0.000002	0.667744	0.000000	0.000000	
0.000001	0.000000	0.737401	0.000000	0.000000	0.685387	0.000000	0.000000	
0.000000	0.000000	0.000000	0.000000	0.000000	0.000000	1.000103	0.000000	
0.013162	0.707351	0.710016	0.000284	0.000025	0.000000	0.042095	0.000003	
0.069037	0.003115	0.001283	0.996118	0.021989	0.000591	0.059172	0.000000	
0.000000	0.000020	0.512901	0.000001	0.000154	0.000000	0.506897	0.714455	
0.000000	0.000000	0.000000	0.000006	0.709457	0.000000	0.705000	0.000001	
