0.340898	0.184155	0.001279	0.054023	
0.479237	0.086064	0.002935	0.000014	
0.319640	0.174336	0.014760	0.048477	
0.002916	0.362998	0.275463	0.000000	
0.342827	0.053011	0.155343	0.012412	
0.336634	0.185370	0.034140	0.000679	
0.565750	0.006276	0.000025	0.074902	
0.025079	0.541911	0.043690	0.000014	
0.000157	0.212720	0.347213	0.025860	
0.392952	0.124664	0.000233	0.008130	
0.000000	0.000000	0.000000	0.854821	
0.529602	0.001060	0.000047	0.019180	
0.278738	0.064488	0.163907	0.029067	
0.339728	0.146501	0.092005	0.003319	
0.598371	0.025117	0.001083	0.000548	
0.365876	0.093796	0.045384	0.022095	
0.003258	0.281168	0.021687	0.272481	
0.035405	0.386915	0.065068	0.020298	
0.347075	0.177993	0.004027	0.004972	
0.454227	0.081572	0.031033	0.001211	
0.004529	0.536126	0.087824	0.000135	
0.507599	0.000395	0.000010	0.107977	
0.468363	0.092665	0.006996	0.000014	
0.007882	0.418221	0.009532	0.101358	
0.343528	0.171482	0.056211	0.000038	
0.507885	0.002735	0.006992	0.005637	
0.323451	0.153922	0.045683	0.008424	
0.872750	0.384759	0.000292	0.000002	
1.057038	0.003739	0.008276	0.002935	
0.228941	0.215617	0.045934	0.037642	
0.348071	0.144630	0.002719	0.017550	
0.711277	0.000037	0.007440	0.003930	
0.252698	0.252334	0.010335	0.004986	
6.872391	0.000004	0.000069	0.000002	
0.221094	0.061863	0.213284	0.113941	
0.429905	0.098566	0.055564	0.001460	
0.231203	0.000065	0.286492	0.020274	
0.334757	0.149698	0.052287	0.020846	
0.477952	0.011260	0.029038	0.028342	
0.575965	0.182290	0.000008	0.003636	
0.391338	0.100323	0.013385	0.022095	
0.553523	0.000103	0.036017	0.005998	
0.251295	0.305466	0.034299	0.000721	
0.564121	0.000433	0.072051	0.000098	
0.627260	0.066720	0.058165	0.000003	
0.000001	0.000000	1.670778	0.000000	
0.704740	0.023969	0.022731	0.000003	
0.422099	0.075584	0.042597	0.008635	
0.006799	0.005496	0.401268	0.131080	
0.350607	0.152920	0.040140	0.001301	
0.296740	0.013679	0.161889	0.118167	
0.029510	0.456793	0.011269	0.038914	
0.381621	0.076107	0.047295	0.035401	
0.360318	0.305742	0.000337	0.000227	
0.605998	0.003263	0.001922	0.005991	
0.424056	0.154226	0.012748	0.000721	
0.479599	0.010351	0.053554	0.005776	
0.033098	0.523033	0.000036	0.006059	
0.583311	0.005874	0.021780	0.000015	
0.067642	0.164199	0.309062	0.003084	
0.060344	0.139143	0.244351	0.153443	
0.001754	0.527425	0.000682	0.023105	
0.036491	0.498455	0.210299	0.000003	
0.012271	0.301530	0.166105	0.041446	
0.392775	0.108761	0.013829	0.004264	
0.334551	0.006300	0.199054	0.000169	
0.018804	0.355954	0.039416	0.130582	
0.251129	0.252151	0.000597	0.016892	
0.001123	6.162352	0.000720	0.000022	
0.383044	0.090627	0.011149	0.075145	
0.417087	0.070045	0.144031	0.000058	
0.575641	0.057075	0.000320	0.000099	
0.469917	0.004732	0.082258	0.000009	
0.295402	0.123608	0.141288	0.009197	
0.686295	0.127033	0.000016	0.003900	
0.338815	0.173757	0.017043	0.004977	
0.157338	0.366490	0.012058	0.000987	
0.141305	0.343015	0.030065	0.038409	
0.106503	0.129071	0.233674	0.078151	
0.578760	0.021916	0.021542	0.003572	
0.429881	0.109229	0.002799	0.000013	
0.637321	0.000126	0.022861	0.003790	
0.186482	0.002080	0.169839	0.335411	
0.495277	0.023270	0.000262	0.023693	
0.147358	0.416369	0.000011	0.000328	
0.599437	0.001042	0.000335	0.013634	
0.147343	0.140897	0.205118	0.046764	
0.016598	0.407839	0.000236	0.136094	
0.428420	0.046495	0.062214	0.001126	
0.331719	0.040831	0.119871	0.046914	
0.728817	0.007340	0.019708	0.000019	
0.005448	0.001939	0.455089	0.081375	
0.247135	0.246780	0.010108	0.016897	
0.035618	0.389239	0.065459	0.017369	
0.176413	0.176159	0.151684	0.016905	
0.586462	0.000371	0.022467	0.011127	
0.329518	0.083196	0.076560	0.020434	
0.129068	0.362163	0.017693	0.051669	
0.390887	0.084481	0.019968	0.013417	
0.389239	0.083354	0.007190	0.044987	
0.587256	0.000127	0.002011	0.010176	
0.007573	0.001730	0.453170	0.081375	
0.012570	0.254355	0.268409	0.074845	
0.332667	0.088183	0.000789	0.135806	
0.342402	0.086449	0.077073	0.000302	
0.033418	0.528088	0.000046	0.001034	
0.586253	0.000371	0.022701	0.011128	
0.098544	0.284316	0.182288	0.009277	
0.432455	0.106027	0.000935	0.055112	
0.368151	0.158758	0.039234	0.003250	
0.026266	0.567555	0.045758	0.000004	
0.424455	0.134658	0.002828	0.000014	
0.341427	0.052795	0.153256	0.014829	
0.496065	0.000314	0.044346	0.009691	
0.593889	0.033120	0.000317	0.000243	
0.400227	0.339288	0.003095	0.000003	
0.651492	0.009039	0.000002	0.054473	
0.353836	0.077858	0.012619	0.094351	
0.014229	0.216566	0.259062	0.119417	
0.257721	0.004200	0.203920	0.077584	
0.485372	0.008574	0.002064	0.017571	
0.013536	0.371807	0.040530	0.135848	
0.252698	0.252334	0.010335	0.004986	
0.003554	0.390438	0.185088	0.032617	
0.016505	0.487361	0.011484	0.021411	
0.338223	0.149505	0.038988	0.018323	
0.487470	0.048256	0.210606	0.000003	
0.371823	0.102959	0.051514	0.004360	
0.232827	0.219277	0.044719	0.036720	
0.249824	0.249464	0.004734	0.016897	
0.003906	0.462378	0.162536	0.000135	
0.186754	0.001808	0.169839	0.335411	
0.469912	0.004732	0.082155	0.000118	
0.134203	0.376570	0.018397	0.050879	
0.388956	0.125861	0.046141	0.003220	
0.002165	0.488446	0.011397	0.039261	
0.498731	0.010641	0.055226	0.000764	
0.425623	0.108147	0.002772	0.004815	
23.446952	0.000013	0.020611	0.000001	
0.399785	0.171206	0.003607	0.000038	
0.145332	0.352789	0.013730	0.039265	
0.430695	0.092647	0.037025	0.000013	
0.000765	0.072870	0.523006	0.000003	
0.000149	0.201807	0.351571	0.025557	
0.391338	0.100323	0.013385	0.022095	
0.176449	0.171875	0.148057	0.007793	
0.293668	0.122882	0.144210	0.009205	
0.632577	0.000125	0.024365	0.006117	
0.002293	0.000269	0.486899	0.047001	
0.716650	0.015410	0.019583	0.000003	
0.280572	0.073108	0.146845	0.040787	
0.391911	0.140110	0.086422	0.000132	
0.001115	0.251457	0.348372	0.002946	
0.679838	0.072313	0.000017	0.000003	
0.462722	0.009873	0.051657	0.042425	
0.422817	0.009961	0.012651	0.094056	
0.304325	0.001509	0.235727	0.055615	
0.260001	0.254764	0.013608	0.000202	
0.293197	0.122685	0.154491	0.006446	
0.010245	0.439873	0.070393	0.008319	
0.412380	0.003973	0.000001	0.387801	
0.712348	0.006400	0.023841	0.000003	
0.239352	0.001006	0.200545	0.122427	
0.028150	0.719673	0.002241	0.000003	
0.007854	0.445967	0.071035	0.004932	
0.297664	0.001251	0.249203	0.053141	
0.003417	0.389891	0.185774	0.032617	
0.000463	0.527409	0.022808	0.042859	
0.012038	0.334743	0.167909	0.022454	
0.040850	0.096800	0.382922	0.029142	
0.001707	0.513143	0.001328	0.020105	
0.108171	0.094506	0.281566	0.084625	
0.030071	0.006452	0.406847	0.093621	
0.462722	0.009873	0.051657	0.042425	
0.007805	0.181741	0.412570	0.000021	
0.253197	0.252120	0.010341	0.004986	
0.344932	0.172183	0.053554	0.000038	
0.359497	0.090280	0.071830	0.019757	
0.391146	0.139836	0.087633	0.000002	
0.444068	0.079748	0.047081	0.000879	
0.101574	0.290655	0.171969	0.001459	
0.005046	0.277230	0.246565	0.053574	
0.234415	0.061842	0.022589	0.263498	
0.121629	0.413262	0.019266	0.056261	
0.206585	0.003095	0.362407	0.005949	
0.358613	0.003522	0.155798	0.002734	
0.271571	0.099980	0.216470	0.000184	
0.593889	0.033120	0.000317	0.000243	
0.106833	0.106679	0.290766	0.016906	
0.502073	0.001951	0.049308	0.000005	
0.001199	0.407737	0.168108	0.007495	
0.688613	0.007579	0.000001	0.093631	
0.547802	0.000952	0.025785	0.013037	
0.274648	0.005831	0.217227	0.022928	
0.321810	0.018970	0.199013	0.000169	
0.218000	0.050125	0.236308	0.026028	
0.301116	0.001271	0.259104	0.026248	
0.000066	0.185831	0.272381	0.065579	
0.004019	0.111755	0.417427	0.004487	
0.010853	0.482628	0.013434	0.022177	
