0.124788	0.000065	0.188516	0.186747	
0.000000	0.500109	0.000000	0.000000	
0.060027	0.062952	0.000032	0.377148	
0.062931	0.437157	0.000014	0.000016	
0.123775	0.000104	0.249830	0.126429	
0.374497	0.000087	0.000082	0.125486	
0.186626	0.249553	0.000858	0.063120	
0.358353	0.077587	0.063779	0.000751	
0.069964	0.228608	0.138958	0.062683	
0.248058	0.186693	0.001651	0.063751	
0.187177	0.124971	0.000338	0.187661	
0.125291	0.000790	0.311742	0.062319	
0.000000	0.000000	0.000000	0.500171	
0.174876	0.067879	0.065181	0.192192	
0.124888	0.124900	0.250384	0.000000	
0.124075	0.001206	0.062759	0.312091	
0.000376	0.187564	0.253763	0.058404	
0.004095	0.248841	0.059734	0.187427	
0.126066	0.124303	0.187124	0.062607	
0.000139	0.000143	0.437814	0.061977	
0.250675	0.002452	0.122998	0.124053	
0.125196	0.123758	0.063533	0.187638	
0.312810	0.187299	0.000009	0.000032	
0.374820	0.124881	0.000392	0.000012	
0.001528	0.065036	0.311847	0.121686	
0.187611	0.248183	0.063656	0.001034	
0.249939	0.001179	0.247993	0.001021	
0.124157	0.061305	0.124925	0.189719	
0.187346	0.000656	0.311410	0.000733	
0.000219	0.312379	0.000620	0.186920	
0.000687	0.311472	0.187259	0.000738	
0.059260	0.005216	0.061467	0.374177	
0.062549	0.375414	0.062139	0.000016	
0.187872	0.000135	0.250392	0.061744	
0.000161	0.437353	0.000000	0.062680	
0.000000	0.000000	0.251164	0.248970	
0.125276	0.000238	0.374628	0.000011	
0.063163	0.063615	0.311397	0.061981	
0.123808	0.060711	0.315536	0.000438	
0.000014	0.189454	0.062505	0.248313	
0.062950	0.062534	0.187379	0.187276	
0.000034	0.124897	0.187274	0.187937	
0.062955	0.061549	0.251093	0.124536	
0.000140	0.375934	0.061444	0.062681	
0.125156	0.123144	0.125476	0.126767	
0.188073	0.187480	0.000217	0.124690	
0.062248	0.062493	0.126339	0.249052	
0.062652	0.312507	0.000344	0.124605	
0.438222	0.000005	0.000001	0.061961	
0.247524	0.061954	0.190004	0.000677	
0.252048	0.063588	0.060115	0.124442	
0.001150	0.063332	0.061472	0.374212	
0.000397	0.000000	0.062289	0.437409	
0.124291	0.186953	0.066150	0.122720	
0.061090	0.186035	0.004083	0.249013	
0.063968	0.000610	0.000015	0.435505	
0.249436	0.124769	0.000023	0.125880	
0.000423	0.187962	0.125575	0.186186	
0.000054	0.060541	0.251114	0.188395	
0.000012	0.062385	0.437648	0.000055	
0.002473	0.126256	0.123231	0.248333	
0.125308	0.000384	0.124270	0.250175	
0.313903	0.000277	0.061909	0.124041	
0.203507	0.120172	0.050007	0.126479	
0.251891	0.123554	0.062464	0.062287	
0.126584	0.186785	0.000413	0.186398	
0.313451	0.051761	0.072688	0.062247	
0.062341	0.375106	0.000075	0.062639	
0.186563	0.000167	0.186941	0.126500	
0.184047	0.125435	0.127062	0.063939	
0.123477	0.063893	0.187583	0.125178	
0.187025	0.122132	0.189807	0.001166	
0.187865	0.187304	0.125307	0.000003	
0.310745	0.126474	0.000073	0.062869	
0.124978	0.374935	0.000099	0.000163	
0.060922	0.000054	0.252002	0.187173	
0.250352	0.249551	0.000032	0.000171	
0.064152	0.124812	0.248822	0.062344	
0.188202	0.000345	0.000541	0.311013	
0.124796	0.313167	0.062139	0.000016	
0.311735	0.000547	0.000187	0.187662	
0.125305	0.000066	0.000025	0.374699	
0.190193	0.060145	0.188587	0.061250	
0.124604	0.188499	0.125871	0.061243	
0.376773	0.060877	0.000021	0.062486	
0.315535	0.055771	0.127220	0.002035	
0.126592	0.249012	0.000014	0.124450	
0.124427	0.062239	0.000011	0.313424	
0.062308	0.000043	0.125746	0.312013	
0.312251	0.000122	0.187737	0.000006	
0.061966	0.000190	0.187810	0.250151	
0.375144	0.000044	0.125297	0.000034	
0.000658	0.248934	0.126129	0.124813	
0.000125	0.314012	0.126287	0.059661	
0.234912	0.140077	0.124812	0.000315	
0.000939	0.186587	0.187408	0.125171	
0.124315	0.312244	0.000001	0.063586	
0.375327	0.000090	0.062459	0.062282	
0.061459	0.124411	0.061318	0.253329	
0.000921	0.125905	0.311351	0.061954	
0.063952	0.312756	0.060838	0.062664	
0.062931	0.249729	0.000676	0.186913	
0.186100	0.064421	0.249672	0.000019	
0.000263	0.374491	0.000736	0.124716	
0.064288	0.188927	0.121519	0.125441	
0.062811	0.246290	0.066475	0.124513	
0.002762	0.126627	0.246240	0.124588	
0.001433	0.249355	0.249142	0.000301	
0.065123	0.126718	0.119543	0.188761	
0.123350	0.064464	0.249168	0.063190	
0.251119	0.001579	0.058114	0.189267	
0.121094	0.064919	0.061202	0.253356	
0.062277	0.124742	0.187967	0.125158	
0.252353	0.061824	0.126303	0.059668	
0.125096	0.125051	0.000156	0.249773	
0.062482	0.126946	0.310452	0.000595	
0.123343	0.249682	0.123060	0.004452	
0.060672	0.185046	0.191737	0.062644	
0.000807	0.187511	0.311738	0.000025	
0.247241	0.189187	0.063680	0.000105	
0.186908	0.312971	0.000038	0.000308	
0.437827	0.062282	0.000000	0.000011	
0.000857	0.061522	0.188486	0.249252	
0.000863	0.124818	0.000035	0.374423	
0.000497	0.125029	0.374506	0.000065	
0.187716	0.065412	0.122998	0.124053	
0.000543	0.000005	0.187427	0.312292	
0.186769	0.004146	0.063876	0.245356	
0.062316	0.000119	0.375125	0.062559	
0.064850	0.185140	0.250311	0.000163	
0.000167	0.250934	0.186171	0.062877	
0.062661	0.062435	0.374931	0.000020	
0.000081	0.374956	0.124828	0.000316	
0.060847	0.187954	0.063067	0.188231	
0.500119	0.000000	0.000000	0.000000	
0.127102	0.185685	0.187301	0.000073	
0.063416	0.062293	0.062220	0.312216	
0.001609	0.062691	0.000872	0.434924	
0.002320	0.000056	0.372874	0.124841	
0.000471	0.186197	0.000011	0.313428	
0.312531	0.000000	0.125106	0.062552	
0.247872	0.001660	0.187980	0.062665	
0.000000	0.000000	0.311904	0.188263	
0.312361	0.124412	0.062639	0.000761	
0.052965	0.125390	0.000000	0.321748	
0.000084	0.429254	0.069060	0.001683	
0.000055	0.250093	0.000156	0.249774	
0.317739	0.057686	0.000322	0.124363	
0.002413	0.125323	0.063442	0.308990	
0.249623	0.063086	0.000277	0.187188	
0.000005	0.062501	0.375046	0.062688	
0.186683	0.063149	0.000575	0.249709	
0.057824	0.009539	0.308298	0.124568	
0.436828	0.000438	0.062859	0.000066	
0.060408	0.249070	0.190004	0.000677	
0.125471	0.248646	0.062288	0.063712	
0.188284	0.000086	0.125566	0.186167	
0.189143	0.186305	0.062465	0.062288	
0.000000	0.000000	0.500170	0.000000	
0.001010	0.071337	0.115258	0.312510	
0.250238	0.000439	0.000606	0.248885	
0.000465	0.307827	0.065104	0.126746	
0.000337	0.000016	0.125362	0.374422	
0.055360	0.312482	0.131963	0.000311	
0.062279	0.000123	0.437682	0.000028	
0.000811	0.187512	0.188205	0.123593	
0.192404	0.072289	0.071071	0.164362	
0.123547	0.064567	0.248888	0.063192	
0.045791	0.168595	0.096011	0.189725	
0.186352	0.000084	0.251937	0.061740	
0.314752	0.000278	0.061057	0.124040	
0.061757	0.182320	0.255896	0.000163	
0.124994	0.373781	0.001239	0.000163	
0.192316	0.199199	0.057017	0.051607	
0.362114	0.004885	0.070877	0.062282	
0.062692	0.245823	0.066348	0.125234	
0.312501	0.051474	0.073004	0.063130	
0.187201	0.127585	0.121784	0.063942	
0.000029	0.002811	0.252917	0.244351	
0.000387	0.255193	0.053972	0.190566	
0.000342	0.000011	0.125362	0.374422	
0.093337	0.093346	0.187128	0.126363	
0.058896	0.000626	0.193633	0.247007	
0.186854	0.124755	0.000898	0.187674	
0.065571	0.244153	0.190155	0.000200	
0.004631	0.116911	0.192815	0.185791	
0.310580	0.128469	0.059036	0.002045	
0.163109	0.083964	0.252920	0.000163	
0.000020	0.273670	0.090289	0.136169	
0.187025	0.122132	0.189807	0.001166	
0.000650	0.444617	0.053440	0.001419	
0.071217	0.071727	0.356067	0.001144	
0.067869	0.114935	0.064219	0.253161	
0.000863	0.124773	0.000075	0.374406	
0.072651	0.299550	0.064160	0.063798	
0.180458	0.036719	0.031774	0.251493	
0.193109	0.000133	0.001835	0.305108	
0.125121	0.122327	0.252512	0.000163	
0.185181	0.184628	0.123517	0.006828	
0.255294	0.060493	0.124737	0.059666	
