0.223558	0.670891	0.671132	0.222823	
0.784455	0.193393	0.589320	0.004763	
0.000002	0.989911	0.000000	0.141875	
0.642797	0.638082	0.423937	0.003681	
0.783955	0.000002	0.590530	0.191788	
0.912053	0.000003	0.183271	0.366972	
0.365438	0.000002	0.914167	0.182686	
0.000022	0.140958	0.990050	0.000009	
0.427306	0.639458	0.000001	0.639196	
0.000000	1.000163	0.000000	0.000000	
0.366451	0.000002	0.182846	0.912320	
0.469706	0.707880	0.235016	0.472414	
0.000000	0.408683	0.410053	0.815509	
0.000020	0.127139	0.983621	0.132625	
0.640403	0.425346	0.639658	0.000004	
0.213654	0.425734	0.214209	0.853123	
0.408395	0.000000	0.408509	0.816606	
0.638188	0.429187	0.000000	0.639190	
0.000136	0.000129	0.857068	0.515292	
0.000011	0.857009	0.000000	0.515375	
0.234654	0.706688	0.472427	0.471651	
0.316394	0.000005	0.948686	0.000010	
0.000000	0.949762	0.315934	0.000000	
0.590011	0.000001	0.790000	0.196262	
0.000000	0.710743	0.000001	0.710914	
0.214311	0.425570	0.853047	0.213164	
0.225599	0.673547	0.224319	0.669815	
0.000004	0.514546	0.857551	0.000000	
0.784259	0.588842	0.195652	0.000000	
0.000000	0.000006	0.949010	0.315358	
0.161350	0.973522	0.162174	0.000000	
0.215454	0.850459	0.430230	0.212760	
0.973533	0.161755	0.000001	0.161660	
0.184802	0.365073	0.916140	0.000001	
0.858425	0.513436	0.000000	0.000000	
0.855952	0.216471	0.424718	0.208704	
0.196774	0.784097	0.588816	0.000000	
0.000827	0.195638	0.785308	0.590572	
0.990050	0.141049	0.000000	0.000000	
0.706704	0.000000	0.000022	0.707596	
0.196138	0.000008	0.588743	0.784185	
0.411026	0.818446	0.000001	0.403405	
0.140518	0.990093	0.000000	0.000000	
0.913553	0.364664	0.000040	0.182302	
0.000035	0.000017	0.141451	0.992116	
0.472222	0.234865	0.706563	0.471929	
0.429234	0.212413	0.212906	0.852617	
0.000137	0.587364	0.785356	0.195682	
0.318384	0.000003	0.000000	0.948236	
0.591537	0.190128	0.783578	0.000027	
0.184241	0.000021	0.923189	0.368527	
0.000000	0.913033	0.187524	0.364260	
0.641437	0.000118	0.429629	0.637889	
0.589936	0.193822	0.000000	0.785315	
0.945808	0.186476	0.187894	0.188390	
0.225227	0.223692	0.672871	0.668242	
0.315173	0.949074	0.000000	0.000006	
0.000000	0.365863	0.183127	0.912513	
0.708483	0.705951	0.000000	0.000000	
0.914618	0.000003	0.362928	0.182779	
0.196157	0.787141	0.000001	0.584813	
0.140966	0.000010	0.990105	0.000001	
0.184156	0.000003	0.364657	0.913116	
0.164103	0.162909	0.976999	0.000002	
0.471511	0.471296	0.707086	0.235946	
0.816682	0.410538	0.000160	0.405790	
0.642229	0.000004	0.637931	0.425172	
0.914636	0.181352	0.000000	0.361415	
0.495477	0.496282	0.524861	0.500014	
0.514970	0.857275	0.000017	0.000000	
0.000002	0.783024	0.590373	0.197243	
0.000001	0.423071	0.636748	0.645239	
0.408498	0.001398	0.817974	0.408206	
0.590851	0.783223	0.193799	0.000006	
0.973640	0.160472	0.162274	0.000105	
0.708513	0.471629	0.235525	0.469426	
0.000022	0.973489	0.162105	0.161449	
0.182217	0.912325	0.367080	0.000017	
0.364262	0.913617	0.180878	0.000006	
0.191240	0.189837	0.944870	0.188066	
0.000000	0.196115	0.588523	0.784389	
0.000043	0.816227	0.406964	0.410109	
0.000000	0.990035	0.140954	0.000000	
0.974199	0.000007	0.160538	0.158831	
0.000001	0.358049	0.915808	0.182219	
0.707566	0.000051	0.707427	0.000001	
0.001765	0.912412	0.366045	0.186465	
1.000043	0.000000	0.000000	0.000000	
0.674562	0.225079	0.225363	0.666161	
0.000000	0.182471	0.365586	0.912773	
0.211161	0.213124	0.853641	0.426086	
0.365129	0.913648	0.000000	0.178828	
0.640225	0.641191	0.000000	0.427440	
0.195570	0.588863	0.000000	0.784796	
0.427257	0.210294	0.853593	0.211556	
0.588333	0.000005	0.196429	0.784426	
0.949836	0.000538	0.000000	0.312925	
0.515014	0.000014	0.858087	0.000000	
0.000050	0.000047	0.314974	0.950307	
0.948675	0.000002	0.316646	0.000001	
0.184657	0.912394	0.000000	0.365422	
0.852593	0.427731	0.211667	0.213523	
0.000006	0.000002	0.509654	0.860801	
0.000000	0.589234	0.195260	0.784895	
0.369471	0.181524	0.000000	0.912504	
0.000000	0.000000	0.000000	1.000829	
0.787102	0.000251	0.196212	0.585051	
0.856930	0.198360	0.212586	0.426763	
0.160638	0.159849	0.000001	0.974021	
0.000000	0.182980	0.913415	0.363606	
0.470847	0.471836	0.235764	0.709955	
0.189133	0.189571	0.187855	0.946180	
0.428330	0.640873	0.638921	0.001476	
0.408451	0.408111	0.000000	0.816477	
0.189081	0.946501	0.182202	0.188019	
0.214919	0.215370	0.429243	0.851699	
0.000003	0.858476	0.516664	0.000007	
0.000154	0.000001	0.706727	0.707543	
0.000007	0.408532	0.818038	0.408238	
0.913388	0.364193	0.182403	0.000004	
0.426894	0.852012	0.216720	0.212379	
0.214322	0.853077	0.212586	0.426763	
0.000000	0.000001	0.990045	0.140989	
0.235810	0.472698	0.706650	0.470794	
0.411938	0.815325	0.407125	0.000602	
0.000037	0.513056	0.000001	0.859624	
0.517567	0.000020	0.000098	0.855886	
0.365540	0.180842	0.913106	0.000001	
0.989865	0.000005	0.142276	0.000002	
0.000005	0.316272	0.000024	0.949122	
0.183308	0.365740	0.000001	0.912570	
0.000027	0.319309	0.951179	0.000000	
0.473051	0.706932	0.470117	0.235933	
0.235432	0.469055	0.473845	0.707273	
0.000000	0.162455	0.162164	0.975363	
0.666678	0.222278	0.695149	0.229164	
0.163752	0.000001	0.163214	0.973042	
0.707929	0.469826	0.472407	0.235114	
0.949345	0.314350	0.000000	0.000000	
0.786620	0.592626	0.000191	0.182737	
0.000002	0.705845	0.709407	0.000000	
0.195565	0.587119	0.785658	0.000000	
0.000004	0.141153	0.000000	0.990025	
0.000125	0.636336	0.429867	0.640596	
0.410494	0.410054	0.814515	0.000008	
0.785158	0.196509	0.000000	0.587532	
0.194711	0.000002	0.784003	0.589484	
0.858204	0.000079	0.513474	0.000000	
0.162741	0.973214	0.000001	0.162729	
0.426628	0.000162	0.643339	0.642349	
0.707855	0.234694	0.470882	0.471482	
0.141985	0.000005	0.000273	0.989883	
0.000083	0.783815	0.195759	0.589398	
0.000000	0.000000	1.000921	0.000000	
0.000002	0.949103	0.000000	0.315574	
0.915166	0.179301	0.361179	0.000000	
0.673792	0.668695	0.222012	0.222855	
0.817010	0.406859	0.409491	0.000166	
0.472059	0.232346	0.476031	0.704969	
0.161845	0.000001	0.973580	0.162542	
0.000004	0.637492	0.641254	0.427544	
0.990146	0.000001	0.000001	0.140153	
0.858559	0.000000	0.002478	0.513229	
0.602475	0.783148	0.000001	0.187648	
0.817191	0.000606	0.407390	0.410582	
0.238410	0.954998	0.006932	0.177008	
0.198230	0.200072	0.864051	0.427953	
0.010050	0.020012	0.917387	0.404198	
0.000028	0.000026	0.141588	0.993082	
0.640099	0.641223	0.000000	0.427408	
0.000001	0.403845	0.607811	0.684286	
0.000002	0.903185	0.389631	0.180424	
0.000003	0.635478	0.644990	0.428129	
0.350314	0.935431	0.006366	0.152483	
0.990048	0.141049	0.000000	0.002354	
0.876411	0.482174	0.000000	0.000000	
0.223558	0.670891	0.671132	0.222823	
0.468879	0.150242	0.088806	0.866017	
0.000002	0.989911	0.000001	0.141875	
0.512194	0.076919	0.000099	0.856498	
0.715643	0.352237	0.603507	0.005374	
0.700208	0.695072	0.000338	0.180481	
0.410494	0.410054	0.814515	0.000008	
0.557604	0.555113	0.607691	0.164292	
0.662280	0.022699	0.654634	0.364025	
0.231953	0.111573	0.567607	0.782971	
0.000000	0.000001	0.973580	0.229090	
0.638178	0.429179	0.005291	0.639195	
0.215001	0.848668	0.435944	0.212951	
0.948675	0.000002	0.316646	0.000001	
0.049651	0.983032	0.245366	0.005652	
0.105195	0.000001	0.981319	0.162542	
0.407513	0.407174	0.140171	0.808622	
0.421846	0.642772	0.000001	0.639506	
0.012022	0.999951	0.002926	0.000105	
0.682845	0.007705	0.287529	0.680484	
0.759005	0.012754	0.012261	0.651145	
0.131418	0.057240	0.989635	0.016212	
0.858163	0.000087	0.513450	0.004257	
0.139008	0.902080	0.409499	0.000166	
