0.006484	0.649187	0.674217	0.680631	7.965678	
0.000025	0.000086	0.298670	0.000342	9.690915	
0.014062	0.303694	0.001918	0.341125	9.339137	
0.842588	0.869456	0.858109	0.878824	3.265990	
0.288796	0.000118	0.003443	0.002415	9.591503	
0.780241	0.783525	0.129914	0.910183	5.216285	
0.006199	0.258316	0.002602	0.000000	9.570254	
0.209078	0.766322	0.851567	0.861156	4.927510	
0.002511	0.000528	0.001475	0.297855	9.653081	
0.000001	0.000000	0.000003	0.000000	10.007317	
0.304408	0.251086	0.017901	0.000582	9.175768	
0.925412	0.788594	0.113780	0.804058	5.184684	
0.165986	0.862860	0.214620	0.866730	5.879926	
0.657383	0.669717	0.000238	0.669457	8.027073	
0.314433	0.048752	0.847496	0.041199	7.833300	
0.285325	0.863593	0.059631	0.028928	7.774308	
0.957422	0.715912	0.001154	0.028985	7.626290	
0.326734	0.008344	0.312793	0.000379	9.423267	
0.006208	0.646469	0.023477	0.921767	7.902461	
0.317703	0.011446	0.017525	0.331450	9.317291	
0.656425	0.679960	0.661187	0.000415	8.023511	
0.679943	0.008350	0.108372	0.966024	7.785060	
0.002516	0.970711	0.001441	0.692790	7.905581	
0.804680	0.053612	0.946599	0.826481	5.291033	
0.859973	0.871873	0.199350	0.147217	5.950733	
0.002780	0.773391	0.005172	0.000255	8.681373	
0.809402	0.872011	0.203721	0.838845	4.710242	
0.912417	0.103322	0.822978	0.781553	5.177296	
0.000008	0.385241	0.310210	0.005496	9.419293	
0.099660	0.652062	0.918743	0.008298	7.698772	
0.000001	0.000399	0.757327	0.000324	8.680345	
0.807382	0.225853	0.818926	0.934201	4.888476	
0.027341	0.894431	0.643906	0.042033	7.762231	
0.003146	0.032470	0.921887	0.658673	7.842349	
0.755664	0.000119	0.000011	0.002441	8.750898	
0.197101	0.193853	0.847962	0.854409	5.857978	
0.914544	0.788997	0.820320	0.100276	5.119014	
0.679943	0.000725	0.671941	0.659295	7.927873	
0.000014	0.000098	0.000003	0.771898	8.688925	
0.003479	0.016254	0.340666	0.328296	9.320490	
0.026872	0.033543	0.643906	0.935612	7.953057	
0.946708	0.014315	0.000932	0.632897	8.218515	
0.791222	0.835600	0.914786	0.056385	5.153730	
0.901078	0.028964	0.651207	0.025578	7.755051	
0.285299	0.241076	0.059481	0.100369	8.901564	
0.000517	0.646517	0.023477	0.921767	7.909138	
0.780241	0.782027	0.129914	0.909623	5.542417	
0.849163	0.869392	0.845450	0.838489	3.281854	
0.925412	0.788594	0.157098	0.805162	5.079837	
0.800719	0.838246	0.859588	0.102060	4.894174	
0.286166	0.861956	0.011313	0.028928	7.854441	
0.946708	0.014315	0.000932	0.628685	8.243489	
0.285350	0.002623	0.000192	0.000185	9.591541	
0.786461	0.011965	0.000011	0.003364	8.613100	
0.842588	0.869456	0.160836	0.878824	4.643089	
0.014062	0.303694	0.044499	0.336823	9.240396	
0.064550	0.000119	0.000011	0.002407	9.902975	
0.317703	0.000733	0.017525	0.331450	9.327255	
0.000014	0.134128	0.757327	0.000324	8.475243	
0.003151	0.958776	0.000012	0.692790	7.819374	
0.020019	0.000086	0.298914	0.042430	9.608758	
0.000008	0.389723	0.296561	0.005496	9.407731	
0.679943	0.008350	0.671560	0.034130	8.488731	
0.679943	0.000725	0.672179	0.659295	7.918513	
0.165986	0.857246	0.214620	0.866730	5.881529	
0.006199	0.258316	0.002592	0.000000	9.587271	
0.859973	0.871873	0.202546	0.149072	5.934937	
0.006484	0.042264	0.674217	0.680631	8.446858	
0.004177	0.780013	0.005172	0.028852	8.551508	
0.200010	0.193853	0.847962	0.858307	5.852882	
0.800743	0.838529	0.877793	0.062770	4.988993	
0.901078	0.011730	0.644363	0.024911	7.835001	
0.000646	0.865089	0.624714	0.013557	7.915946	
0.197101	0.000375	0.847962	0.854409	6.304467	
0.285417	0.863512	0.877793	0.062770	6.126660	
0.310063	0.084993	0.051314	0.866796	7.713864	
0.872973	0.646517	0.085769	0.025250	7.665520	
0.133301	0.782034	0.859704	0.794191	5.043917	
0.314433	0.008344	0.847496	0.035016	7.893843	
0.014367	0.296614	0.144990	0.717282	8.298381	
0.138599	0.000528	0.001475	0.297855	9.374526	
0.896372	0.084392	0.835743	0.785683	5.104454	
0.201525	0.859394	0.852177	0.858307	4.536153	
0.844263	0.053612	0.912283	0.826481	5.004521	
0.003146	0.032470	0.921887	0.645783	7.933004	
0.859973	0.871873	0.203524	0.147217	5.937035	
0.006107	0.252595	0.974292	0.000000	8.457146	
0.314433	0.008344	0.052458	0.029277	9.512262	
0.000001	0.252595	0.000003	0.000000	9.595715	
0.285299	0.241076	0.072319	0.104143	8.864146	
0.165986	0.842543	0.214620	0.862396	5.889823	
0.679943	0.005539	0.011349	0.667869	8.610970	
0.946708	0.014315	0.000932	0.632897	8.218515	
0.931073	0.011535	0.157098	0.026218	8.201362	
0.844770	0.715912	0.026179	0.004167	7.275443	
0.656425	0.675417	0.660956	0.000415	8.063846	
0.064550	0.010669	0.000578	0.002407	9.886867	
0.059561	0.883935	0.915256	0.149072	6.378917	
0.000076	0.653559	0.023005	0.041662	9.346520	
0.951185	0.224682	0.765475	0.628685	6.428333	
