0.899217	0.017015	0.839528	0.828408	5.025524	
0.925405	0.776973	0.790239	0.125003	5.277110	
0.876073	0.858923	0.010189	0.842317	4.943077	
0.642584	0.915573	0.003087	0.007477	8.032873	
0.672725	0.643550	0.659697	0.007199	8.168498	
0.000001	0.000000	0.000001	0.000000	10.015998	
0.287413	0.305191	0.000318	0.000257	9.230896	
0.000000	0.007484	0.393163	0.332298	9.491039	
0.162243	0.801189	0.895231	0.798519	4.917521	
0.803451	0.926403	0.868791	0.186359	4.872917	
0.014655	0.000000	0.741482	0.006912	8.769376	
0.000034	0.646749	0.671820	0.667645	8.115206	
0.001014	0.313344	0.285416	0.000022	9.259336	
0.667617	0.665430	0.006341	0.674153	8.069917	
0.033391	0.920184	0.001220	0.673273	7.706397	
0.308270	0.004662	0.000528	0.314390	9.272763	
0.672738	0.000091	0.667087	0.666279	7.968873	
0.326366	0.034399	0.317218	0.019201	9.236367	
0.191766	0.846897	0.223689	0.861384	5.844816	
0.000000	0.625144	0.911844	0.023175	8.005586	
0.880929	0.030972	0.334376	0.000197	7.992365	
0.026784	0.030296	0.856404	0.673768	7.618384	
0.187910	0.801189	0.825869	0.895890	4.776229	
0.857316	0.152042	0.868791	0.195561	5.950122	
0.813571	0.198516	0.792903	0.867657	4.784105	
0.000126	0.755444	0.000162	0.001902	8.757880	
0.001062	0.313344	0.005429	0.000003	9.627121	
0.641656	0.001400	0.892868	0.005996	7.855588	
0.855439	0.860462	0.852536	0.861384	3.244280	
0.860789	0.626235	0.014306	0.035384	7.858431	
0.803451	0.824484	0.907011	0.195495	5.111979	
0.000231	0.005186	0.007073	0.771105	8.633615	
0.864465	0.858395	0.238072	0.151271	5.892322	
0.004928	0.003055	0.627202	0.930800	8.102358	
0.000160	0.001621	0.000324	0.314589	9.689723	
0.746554	0.000704	0.000328	0.001034	8.744902	
0.288296	0.001597	0.000056	0.000988	9.613131	
0.899755	0.017015	0.014377	0.654929	7.765831	
0.000104	0.937534	0.638312	0.035477	8.038738	
0.817583	0.924709	0.045704	0.805335	5.204686	
0.000098	0.000001	0.305858	0.000000	9.796521	
0.001610	0.646299	0.019761	0.954814	8.121093	
0.000138	0.295633	0.000194	0.292906	9.226261	
0.001969	0.915201	0.800899	0.797120	5.325383	
0.804480	0.092792	0.880188	0.784601	5.098873	
0.321434	0.039186	0.051734	0.863451	7.829955	
0.002424	0.239097	0.001422	0.000198	9.576985	
0.804480	0.006699	0.349231	0.784601	6.634506	
0.743829	0.000704	0.000328	0.001034	8.831909	
0.000000	0.625425	0.913836	0.008733	8.030969	
0.764117	0.001707	0.888113	0.000197	6.980725	
0.819557	0.924709	0.045704	0.805335	5.198605	
0.861407	0.883861	0.735964	0.919080	3.904271	
0.000000	0.003396	0.393163	0.332298	9.498534	
0.134131	0.846897	0.211735	0.861384	5.977206	
0.842777	0.825213	0.052019	0.942143	5.184434	
0.000046	0.003047	0.000351	0.294080	9.635076	
0.293058	0.000307	0.339582	0.004180	9.288497	
0.852968	0.001672	0.335768	0.000197	8.000583	
0.855439	0.874681	0.852536	0.128335	4.690802	
0.326366	0.039468	0.022437	0.863451	7.892775	
0.672725	0.643550	0.676117	0.007199	8.047740	
0.000137	0.000248	0.771445	0.000067	8.766082	
0.009457	0.198207	0.810547	0.281342	7.600748	
0.313947	0.004662	0.000528	0.302635	9.241388	
0.000231	0.000442	0.003405	0.755039	8.742079	
0.864465	0.858394	0.224991	0.151271	5.959478	
0.173950	0.108388	0.352662	0.009536	9.157846	
0.888544	0.142126	0.851474	0.782368	4.895865	
0.001014	0.313344	0.285416	0.000003	9.260132	
0.637339	0.662008	0.006341	0.035946	8.881787	
0.134131	0.011527	0.268188	0.861384	7.638225	
0.035699	0.931665	0.849002	0.870708	5.095566	
0.000104	0.937534	0.638312	0.024824	8.055131	
0.813977	0.198207	0.792903	0.867657	4.793137	
0.860789	0.630600	0.014306	0.035384	7.834631	
0.000001	0.000070	0.000002	0.142863	9.746065	
0.001610	0.646299	0.000189	0.954814	8.133461	
0.131873	0.295633	0.000195	0.329625	9.178913	
0.876073	0.858923	0.009807	0.870631	4.943104	
0.170948	0.039468	0.033908	0.011778	9.559616	
0.842744	0.858707	0.238132	0.151271	6.156769	
0.118164	0.786442	0.792087	0.919758	5.205962	
0.925405	0.776973	0.790239	0.124722	5.317448	
0.000025	0.625773	0.000189	0.000911	9.616142	
0.899755	0.000264	0.014377	0.654929	7.780813	
0.162243	0.801189	0.889543	0.799423	4.898013	
0.000001	0.000070	0.000002	0.094987	9.858238	
0.131381	0.279393	0.008257	0.788500	7.831272	
0.887372	0.142126	0.845326	0.782368	5.023491	
0.812062	0.195102	0.000324	0.870580	6.383083	
0.148014	0.296326	0.005429	0.023243	9.288592	
0.876070	0.027920	0.334376	0.000032	8.030051	
0.641591	0.001427	0.000328	0.006000	9.605842	
0.801352	0.916856	0.260494	0.149144	6.404404	
0.876073	0.858923	0.006767	0.842317	5.058157	
0.291140	0.011367	0.319147	0.005996	9.378371	
0.308270	0.004662	0.000528	0.314390	9.272763	
0.173950	0.135784	0.855095	0.865057	6.009335	
0.026784	0.030296	0.012251	0.650181	9.393318	
