0.946848	0.000861	0.036385	0.657181	7.952083	
0.901829	0.831859	0.132423	0.766513	5.071919	
0.635079	0.009031	0.004885	0.897311	7.900445	
0.817411	0.091712	0.796346	0.915945	5.100821	
0.269724	0.788970	0.937485	0.822315	4.969846	
0.670912	0.669172	0.000625	0.668537	7.936589	
0.015237	0.027986	0.653514	0.886850	7.730696	
0.003201	0.000004	0.761022	0.000116	8.645300	
0.146804	0.001385	0.861077	0.385451	7.812386	
0.272969	0.000520	0.030181	0.000006	9.541082	
0.334338	0.298312	0.005922	0.012410	9.254113	
0.004639	0.948302	0.041424	0.659111	7.935292	
0.000023	0.002090	0.299110	0.385451	9.401508	
0.004639	0.948302	0.830559	0.814141	5.328918	
0.805450	0.917028	0.834729	0.167954	4.860009	
0.000356	0.002985	0.000495	0.766021	8.613325	
0.001610	0.666328	0.667027	0.676369	8.008323	
0.796873	0.783264	0.112156	0.910045	5.170769	
0.893019	0.249351	0.225096	0.875904	5.831929	
0.028433	0.659043	0.952901	0.014212	7.974983	
0.808933	0.934071	0.086896	0.792183	5.250485	
0.008200	0.298085	0.296199	0.007855	9.199057	
0.780902	0.000536	0.000000	0.000033	8.531325	
0.129400	0.855731	0.763621	0.891838	5.037714	
0.841275	0.832367	0.842096	0.819721	3.341339	
0.938257	0.029092	0.651227	0.032312	7.910941	
0.671508	0.016619	0.950113	0.004350	7.894026	
0.260514	0.000000	0.306918	0.000327	9.191770	
0.675942	0.662896	0.673343	0.001000	7.913597	
0.004210	0.001550	0.014252	0.274653	9.560161	
0.000000	0.000000	0.000000	0.000000	10.000257	
0.000699	0.298085	0.004920	0.000031	9.667510	
0.799171	0.793548	0.936831	0.154143	5.141616	
0.007823	0.000000	0.296084	0.002994	9.630369	
0.000086	0.644659	0.030257	0.934780	7.981119	
0.000003	0.775533	0.000000	0.000000	8.574666	
0.000762	0.378404	0.002698	0.360791	9.506530	
0.970257	0.688385	0.045152	0.025666	7.844990	
0.662481	0.000019	0.670751	0.672166	7.961886	
0.654680	0.937849	0.026350	0.017377	7.910548	
0.021159	0.940013	0.665602	0.014212	7.856965	
0.273338	0.001550	0.033029	0.275713	9.117595	
0.000964	0.001549	0.832287	0.654180	7.756110	
0.841275	0.832367	0.834255	0.819721	3.354238	
0.008200	0.000044	0.000427	0.749831	8.712880	
0.006950	0.839458	0.945075	0.809896	5.314282	
0.893373	0.250260	0.224575	0.910045	5.923778	
0.933081	0.008862	0.037041	0.657181	7.860584	
0.008200	0.001514	0.014325	0.274496	9.559381	
0.830640	0.783183	0.007591	0.000000	7.003330	
0.000762	0.378404	0.002713	0.264914	9.350739	
0.634594	0.001406	0.004885	0.895710	7.907441	
0.263068	0.091712	0.058556	0.256248	9.252893	
0.028454	0.654978	0.947193	0.045214	7.918194	
0.000604	0.905591	0.021489	0.660846	7.742874	
0.675942	0.663365	0.672942	0.001000	7.913311	
0.000644	0.000428	0.268235	0.388539	9.381233	
0.640002	0.779135	0.026350	0.658426	7.420479	
0.269724	0.788970	0.936831	0.824057	4.961250	
0.129400	0.854232	0.855231	0.908290	4.766609	
0.007615	0.000000	0.296084	0.008086	9.626592	
0.000006	0.752095	0.000000	0.000005	8.706051	
0.809418	0.926186	0.086896	0.793783	5.199068	
0.817411	0.091712	0.796695	0.915978	5.099418	
0.827051	0.902617	0.834729	0.167954	4.724734	
0.259950	0.000056	0.000501	0.015176	9.557037	
0.654246	0.937849	0.026350	0.017377	7.914212	
0.334338	0.298312	0.009345	0.000260	9.263828	
0.899510	0.834033	0.131276	0.764341	5.077020	
0.757442	0.000536	0.000000	0.000034	8.670451	
0.127515	0.230293	0.342851	0.000302	9.021045	
0.806340	0.133236	0.878319	0.766531	5.089105	
0.129400	0.855731	0.855231	0.271397	5.945085	
0.859006	0.183442	0.853266	0.141394	5.972906	
0.248144	0.928026	0.766763	0.764543	5.302516	
0.251668	0.014261	0.296712	0.014121	9.144902	
0.000157	0.644659	0.030257	0.895270	7.809910	
0.000001	0.000369	0.014824	0.019321	9.960315	
0.000108	0.000007	0.760965	0.000116	8.648864	
0.796519	0.782355	0.112677	0.875904	5.085452	
0.007050	0.273436	0.005584	0.020227	9.547563	
0.003201	0.008720	0.674886	0.904280	7.779467	
0.259950	0.000056	0.877222	0.015176	7.882948	
0.000644	0.009910	0.268235	0.388539	9.370890	
0.826407	0.902617	0.834729	0.154203	4.832700	
0.817325	0.001549	0.832287	0.655538	6.122279	
0.066581	0.001104	0.955418	0.810597	6.945930	
0.328931	0.842885	0.002527	0.770143	6.565117	
0.259950	0.000056	0.000501	0.015176	9.557037	
0.800047	0.794063	0.855270	0.153999	4.979760	
0.334338	0.298225	0.005922	0.000243	9.347348	
0.806357	0.913231	0.077650	0.809506	5.111018	
0.236358	0.948219	0.830309	0.764543	5.150385	
0.273785	0.923726	0.000001	0.823940	6.405743	
0.007615	0.000000	0.296084	0.008086	9.626592	
0.654246	0.937699	0.026350	0.017377	8.325319	
0.127515	0.243115	0.342851	0.023225	8.987511	
0.008200	0.001234	0.014439	0.682740	9.332449	
0.028454	0.634524	0.760520	0.048174	8.101045	
0.274253	0.841203	0.945075	0.812300	4.891042	
