0.912502	0.078378	0.817943	0.771553	5.259070	
0.001055	0.326582	0.004119	0.295966	9.262854	
0.651388	0.672675	0.685436	0.000191	7.964003	
0.025114	0.323694	0.292541	0.001600	9.236604	
0.152161	0.870645	0.840661	0.862201	4.646535	
0.853355	0.890425	0.201324	0.241668	5.853003	
0.912180	0.797083	0.106729	0.778492	5.223234	
0.889023	0.030162	0.625027	0.018402	7.909300	
0.015055	0.638929	0.898534	0.031762	7.851656	
0.331593	0.020633	0.311805	0.011493	9.259767	
0.286997	0.001127	0.000001	0.000284	9.612753	
0.015055	0.796658	0.910096	0.835719	5.185932	
0.000760	0.953786	0.676347	0.000042	7.914337	
0.000002	0.000007	0.295155	0.000107	9.825950	
0.830095	0.910934	0.116695	0.782046	5.069361	
0.028615	0.673128	0.651052	0.666499	8.061555	
0.009034	0.010998	0.776039	0.007908	8.888861	
0.001084	0.000036	0.002395	0.741933	8.781945	
0.786011	0.835259	0.158147	0.878934	4.865754	
0.637280	0.906589	0.028612	0.031544	7.864789	
0.007117	0.643743	0.020162	0.903246	7.855022	
0.126056	0.870645	0.868271	0.244904	5.972855	
0.818848	0.916286	0.788476	0.111209	5.098052	
0.000287	0.005460	0.310820	0.289250	9.224864	
0.852364	0.159364	0.202155	0.858762	5.918713	
0.887438	0.006251	0.109344	0.637658	7.675713	
0.651745	0.673128	0.000280	0.672614	8.024097	
0.802630	0.090548	0.933987	0.787173	5.313606	
0.855556	0.906567	0.942053	0.231492	4.907749	
0.917658	0.639358	0.016324	0.022332	7.966906	
0.000002	0.000007	0.000003	0.000086	10.015099	
0.347818	0.307418	0.000311	0.011163	9.317708	
0.356907	0.001498	0.003160	0.308623	9.357838	
0.007117	0.947920	0.020086	0.656304	7.993253	
0.834231	0.164143	0.867039	0.220602	5.920910	
0.357301	0.000036	0.043069	0.864997	7.984926	
0.001681	0.309712	0.000003	0.000045	9.914069	
0.001063	0.000082	0.000480	0.295562	9.610658	
0.004358	0.017065	0.664833	0.945851	7.932886	
0.015981	0.069624	0.863112	0.290455	7.793456	
0.922754	0.813443	0.787264	0.079408	5.232934	
0.841108	0.861213	0.847710	0.848737	3.287449	
0.658212	0.000146	0.662732	0.671858	8.065938	
0.748905	0.000200	0.000442	0.000037	8.740822	
0.000200	0.778888	0.000285	0.000050	8.680770	
0.353722	0.090417	0.868448	0.062957	7.804241	
0.011416	0.778888	0.087071	0.000195	8.443247	
0.003885	0.032965	0.001329	0.772524	8.538418	
0.008936	0.296718	0.809095	0.034756	7.960292	
0.326547	0.000100	0.311805	0.011939	9.274128	
0.785513	0.202944	0.202155	0.859757	6.107205	
0.345042	0.088786	0.868448	0.303317	7.480397	
0.912502	0.078134	0.817943	0.795693	5.178760	
0.145611	0.870645	0.868271	0.862201	4.652271	
0.677809	0.897898	0.000480	0.295562	7.227437	
0.001554	0.017065	0.684608	0.945851	7.787878	
0.633561	0.686381	0.670398	0.000191	8.089862	
0.003353	0.668477	0.815851	0.780842	6.244045	
0.637625	0.682934	0.705141	0.809327	6.219923	
0.894706	0.022070	0.634301	0.011873	7.908340	
0.076480	0.017055	0.048024	0.003451	9.810884	
0.023413	0.323694	0.292541	0.011076	9.511246	
0.854128	0.150321	0.871557	0.261945	5.915681	
0.876958	0.890425	0.246242	0.254281	5.825352	
0.768042	0.148656	0.925653	0.787173	5.309239	
0.902761	0.000036	0.044282	0.306794	7.946122	
0.007117	0.947920	0.020086	0.656319	7.993249	
0.356625	0.000036	0.022294	0.011939	9.691791	
0.347818	0.307418	0.000311	0.007314	9.322211	
0.000534	0.000075	0.268950	0.001880	9.589333	
0.356907	0.000036	0.003160	0.308623	9.358053	
0.000115	0.296718	0.005398	0.005257	9.606051	
0.651284	0.673128	0.000280	0.672614	8.046495	
0.126304	0.870645	0.868271	0.254545	5.971922	
0.000087	0.005460	0.310820	0.289250	9.229202	
0.818848	0.916286	0.787688	0.114201	5.096931	
0.789529	0.835259	0.158147	0.878934	4.856523	
0.000760	0.933557	0.676347	0.007510	7.820481	
0.354885	0.078378	0.787014	0.787833	6.655247	
0.001063	0.032965	0.001321	0.295562	9.565187	
0.000549	0.296718	0.022110	0.289697	9.186652	
0.836642	0.910934	0.088989	0.782046	5.120803	
0.002962	0.000027	0.786408	0.004723	8.643260	
0.840869	0.159364	0.202155	0.858762	5.930976	
0.889015	0.640634	0.016750	0.022332	7.822044	
0.003353	0.093006	0.817943	0.780842	6.803939	
0.005001	0.312115	0.043069	0.864997	7.941238	
0.747270	0.002732	0.004277	0.000190	8.773760	
0.852364	0.857223	0.179746	0.858633	4.578035	
0.922754	0.813443	0.779137	0.059798	5.313213	
0.841367	0.791679	0.158147	0.848759	4.875594	
0.796760	0.959469	0.191997	0.797499	5.237910	
0.818848	0.916286	0.787688	0.114201	5.096931	
0.852364	0.857223	0.896358	0.858633	3.297411	
0.885832	0.030162	0.633808	0.011873	7.854471	
0.002058	0.673128	0.000280	0.656742	8.715230	
0.015055	0.003641	0.910096	0.072371	8.338231	
0.840869	0.159364	0.202155	0.851825	5.933661	
0.000760	0.948306	0.914168	0.000042	7.042964	
0.034801	0.876974	0.896877	0.826735	4.991262	
