0.133781	0.781476	0.796843	0.912808	5.141041	
0.761968	0.000981	0.001384	0.000109	8.784744	
0.016025	0.929438	0.666114	0.000068	7.859867	
0.000454	0.654052	0.658676	0.679838	8.201213	
0.003988	0.000270	0.278143	0.000496	9.580911	
0.313658	0.319968	0.015444	0.011047	9.250333	
0.000302	0.743258	0.003496	0.000681	8.766967	
0.800173	0.892418	0.085980	0.772573	5.221866	
0.931234	0.015245	0.000765	0.650751	7.938938	
0.200421	0.868756	0.840257	0.179862	5.898481	
0.659506	0.024484	0.924470	0.015960	7.811292	
0.001399	0.649010	0.022629	0.912808	7.849944	
0.003639	0.338087	0.000251	0.316219	9.470918	
0.002560	0.000464	0.002653	0.277680	9.578829	
0.016578	0.016457	0.327576	0.307429	9.236908	
0.804180	0.817287	0.886577	0.060544	5.042327	
0.005016	0.651106	0.905918	0.003967	7.870965	
0.908207	0.079789	0.804349	0.787850	5.184457	
0.829701	0.023996	0.942122	0.829330	5.223210	
0.000024	0.000621	0.763935	0.000049	8.642004	
0.658106	0.929825	0.007242	0.025864	7.856447	
0.307973	0.021639	0.003297	0.313596	9.221077	
0.658134	0.662306	0.666431	0.000107	8.095325	
0.941767	0.796643	0.116691	0.780260	5.345964	
0.859846	0.898455	0.267772	0.322887	5.898690	
0.829701	0.850196	0.844069	0.853240	3.276605	
0.315286	0.226450	0.877012	0.874031	5.882089	
0.000513	0.904800	0.807125	0.821130	5.203540	
0.296795	0.000607	0.000618	0.003536	9.806685	
0.799297	0.908023	0.797396	0.105805	5.108475	
0.000000	0.000000	0.000000	0.000000	10.280538	
0.134667	0.856094	0.148924	0.828832	6.093781	
0.905828	0.025132	0.632491	0.035648	7.892168	
0.645774	0.006205	0.000499	0.929436	7.972275	
0.015520	0.905908	0.000000	0.643389	7.903552	
0.003639	0.304945	0.001522	0.000027	9.778765	
0.916228	0.827069	0.803819	0.008058	5.197311	
0.660522	0.000038	0.659168	0.671408	8.069230	
0.002558	0.018003	0.617083	0.910336	8.155267	
0.905106	0.620777	0.009188	0.003536	8.179490	
0.005221	0.261129	0.271539	0.000005	9.228598	
0.037719	0.053369	0.853825	0.359595	7.907979	
0.000002	0.000523	0.000000	0.747693	8.787435	
0.829701	0.815537	0.065723	0.878215	4.951800	
0.303285	0.001712	0.275188	0.000212	9.257379	
0.666588	0.667731	0.000686	0.650147	8.117094	
0.924152	0.876081	0.832264	0.777958	3.691722	
0.303628	0.338087	0.000814	0.000027	9.348296	
0.015690	0.000177	0.000000	0.303968	9.776135	
0.016578	0.000060	0.327576	0.307429	9.255694	
0.000012	0.338087	0.013112	0.279717	9.253114	
0.005170	0.877630	0.002543	0.640527	7.830354	
0.161429	0.773733	0.877459	0.765971	5.263430	
0.029460	0.078428	0.840902	0.788250	6.651009	
0.001399	0.654304	0.014079	0.912808	7.825412	
0.003988	0.000270	0.278143	0.000494	9.581057	
0.809179	0.912155	0.797396	0.089809	5.124726	
0.767864	0.855654	0.225198	0.852000	4.835342	
0.200421	0.868756	0.840257	0.255603	5.841458	
0.016025	0.906196	0.666015	0.000107	7.736746	
0.001103	0.000723	0.746494	0.000000	8.745898	
0.191686	0.856094	0.148924	0.868699	5.946311	
0.133781	0.781476	0.797383	0.912808	5.138663	
0.799297	0.902844	0.004038	0.105805	6.635123	
0.005221	0.244079	0.260539	0.000053	9.150965	
0.829701	0.023996	0.932963	0.850465	5.143182	
0.005016	0.651106	0.887786	0.008243	7.769723	
0.810428	0.000572	0.932963	0.014306	7.209357	
0.843957	0.302207	0.014079	0.032354	7.921586	
0.656094	0.669494	0.666015	0.000107	8.195941	
0.000251	0.251100	0.002440	0.000003	9.574283	
0.645774	0.837067	0.000013	0.929436	6.325049	
0.829701	0.026957	0.029052	0.912613	6.688975	
0.844790	0.086171	0.809756	0.008022	6.591198	
0.660522	0.049845	0.658999	0.013785	8.822502	
0.000002	0.000003	0.000000	0.767925	8.792494	
0.859846	0.032589	0.005682	0.342913	7.949715	
0.924152	0.876081	0.832264	0.046629	5.063795	
0.000000	0.000000	0.000000	0.000000	10.280538	
0.859846	0.893161	0.275970	0.322887	5.888061	
0.924152	0.079789	0.832264	0.787850	5.168202	
0.303615	0.000607	0.000618	0.003536	9.785716	
0.674791	0.040023	0.673936	0.307429	8.332710	
0.000520	0.745282	0.005131	0.000436	8.840697	
0.285978	0.073799	0.087689	0.260024	9.025096	
0.941767	0.797348	0.120525	0.763552	5.433189	
0.809184	0.869595	0.086815	0.772573	5.150327	
0.761968	0.000981	0.004877	0.000109	8.780952	
0.002558	0.080291	0.921974	0.932195	6.910172	
0.924152	0.868529	0.832264	0.040913	5.080469	
0.133781	0.794383	0.797383	0.912808	5.073659	
0.001103	0.000723	0.002294	0.000083	10.133601	
0.002560	0.656833	0.977160	0.277680	7.800378	
0.761968	0.000981	0.001384	0.014119	8.778533	
0.005221	0.820252	0.260539	0.000053	7.942709	
0.005221	0.244079	0.211801	0.000076	9.170462	
0.672699	0.876081	0.833032	0.046516	5.881374	
0.810428	0.000572	0.932963	0.000443	7.218135	
0.191686	0.856094	0.144959	0.868699	5.955235	
0.197727	0.868218	0.865581	0.241187	5.847358	
