0.330143	0.003733	0.000151	0.332640	9.322612	
0.044065	0.255686	0.008746	0.846083	7.823960	
0.895941	0.013544	0.641831	0.032074	7.810624	
0.630357	0.929037	0.037653	0.031926	7.984476	
0.653608	0.062080	0.031718	0.859072	7.598670	
0.824523	0.781151	0.085732	0.928738	5.231417	
0.633011	0.017624	0.926287	0.000161	8.025226	
0.000025	0.316689	0.002768	0.006742	9.828402	
0.020389	0.870867	0.165955	0.363522	7.695020	
0.000000	0.003610	0.000077	0.771764	8.588926	
0.007657	0.000038	0.292410	0.375215	9.359009	
0.008860	0.322125	0.299579	0.013325	9.227366	
0.008873	0.381934	0.001036	0.352760	9.488169	
0.000221	0.663052	0.662725	0.671057	8.023659	
0.012939	0.027108	0.642396	0.939206	8.007092	
0.918681	0.795136	0.165660	0.806316	5.016784	
0.031818	0.063687	0.890446	0.611048	7.900447	
0.000000	0.000000	0.000000	0.000000	10.002883	
0.951345	0.670503	0.039943	0.035502	7.851019	
0.789599	0.797576	0.917722	0.080453	5.242423	
0.868915	0.854966	0.155901	0.150801	6.012690	
0.770036	0.000000	0.000448	0.000000	8.605605	
0.299856	0.000017	0.000856	0.000000	9.607581	
0.014675	0.909852	0.647154	0.006063	7.857006	
0.000000	0.000002	0.293273	0.000141	9.633958	
0.297026	0.272931	0.020888	0.006711	9.154801	
0.042897	0.669914	0.913149	0.014734	7.654652	
0.861823	0.080142	0.878954	0.871494	4.830474	
0.885024	0.062264	0.021513	0.240991	7.786136	
0.302997	0.000000	0.295281	0.007743	9.205642	
0.000000	0.000002	0.758485	0.001360	8.699127	
0.000100	0.776655	0.001356	0.000006	8.682453	
0.668536	0.003430	0.662239	0.671822	7.978111	
0.113624	0.937629	0.809223	0.818553	5.103206	
0.670020	0.667591	0.008497	0.664083	7.989449	
0.868915	0.276347	0.155351	0.841915	5.907292	
0.794410	0.919514	0.128651	0.811115	5.059149	
0.670939	0.673913	0.657858	0.000077	7.979734	
0.000893	0.000084	0.005048	0.285276	9.588569	
0.874842	0.850099	0.868916	0.858445	3.244957	
0.000100	0.769989	0.001356	0.360663	8.453472	
0.014675	0.909803	0.682448	0.006063	7.601559	
0.000100	0.060418	0.005058	0.000006	9.902569	
0.042897	0.687909	0.912948	0.003902	7.536729	
0.796973	0.797862	0.926735	0.193077	5.006047	
0.024286	0.381934	0.041706	0.371259	9.458842	
0.908715	0.795136	0.165660	0.809743	5.028199	
0.906890	0.854966	0.012612	0.150801	6.394641	
0.000893	0.002895	0.005048	0.285276	9.582475	
0.023860	0.041734	0.639403	0.877539	7.757109	
0.141809	0.938407	0.809223	0.818032	5.089108	
0.868915	0.854966	0.155901	0.150801	6.012690	
0.794011	0.846970	0.639612	0.780889	4.833026	
0.001019	0.813980	0.000213	0.000650	8.918724	
0.000006	0.000000	0.295281	0.000001	9.602256	
0.008860	0.318549	0.299699	0.013325	9.221246	
0.031499	0.255686	0.017474	0.846083	7.846405	
0.905461	0.072651	0.878954	0.818705	4.965998	
0.942749	0.846970	0.046854	0.792782	5.293471	
0.891764	0.062757	0.291830	0.608359	7.557686	
0.951351	0.794555	0.793716	0.106634	5.362625	
0.000025	0.316985	0.002708	0.009353	9.826473	
0.880840	0.063713	0.021758	0.036699	8.150780	
0.305892	0.057402	0.042554	0.776339	8.029071	
0.000226	0.000002	0.766648	0.000141	8.615001	
0.000221	0.663052	0.662725	0.674243	8.000642	
0.000178	0.011026	0.299535	0.299002	9.201308	
0.895941	0.003031	0.641333	0.032074	7.826240	
0.778177	0.919497	0.162056	0.808670	5.075394	
0.630357	0.929037	0.037653	0.011452	8.013246	
0.669875	0.035161	0.001082	0.663086	8.632063	
0.299856	0.000004	0.000856	0.000000	9.607604	
0.665163	0.001576	0.662239	0.671822	8.020085	
0.786570	0.031248	0.844669	0.273316	6.358921	
0.297026	0.272931	0.020888	0.006242	9.167093	
0.002216	0.041451	0.128651	0.810066	8.212075	
0.824523	0.781106	0.086248	0.928738	5.372103	
0.000310	0.002165	0.874872	0.653370	7.743618	
0.951351	0.794555	0.773748	0.106634	5.466854	
0.608902	0.000025	0.662239	0.654197	8.495844	
0.000310	0.002165	0.874872	0.658434	7.707758	
0.629291	0.929037	0.037653	0.011452	8.019924	
0.139581	0.938407	0.027174	0.818032	6.659113	
0.914685	0.758057	0.194307	0.809743	5.150598	
0.000750	0.001962	0.289418	0.375215	9.360718	
0.867901	0.819909	0.920796	0.106634	5.126024	
0.892684	0.001032	0.628256	0.032074	7.920364	
0.797098	0.919514	0.128651	0.798799	5.182330	
0.000003	0.000084	0.014917	0.285276	9.613014	
0.020654	0.000001	0.202102	0.000005	9.643597	
0.093904	0.381934	0.670046	0.352760	8.641326	
0.133788	0.749609	0.188781	0.858470	6.641863	
0.000852	0.909803	0.682272	0.014969	7.607055	
0.291232	0.917840	0.009882	0.018181	8.443822	
0.141809	0.938407	0.813220	0.811404	5.097024	
0.295131	0.062090	0.000639	0.006242	9.574110	
0.671784	0.657522	0.202684	0.000005	8.362496	
0.810960	0.788891	0.061955	0.000001	6.791470	
0.044395	0.003676	0.008746	0.846083	8.272152	
0.042897	0.618441	0.912948	0.003902	8.316619	
