0.124959	0.802973	0.915986	0.807266	5.031859	
0.791709	0.811868	0.889779	0.170433	4.888873	
0.105501	0.918806	0.793254	0.799355	5.246576	
0.640256	0.000066	0.938359	0.006511	8.059925	
0.983946	0.676167	0.014665	0.000032	8.179360	
0.769377	0.000775	0.000002	0.000163	8.598228	
0.001455	0.775492	0.000020	0.002525	8.559980	
0.921951	0.194933	0.766030	0.784912	5.206471	
0.011181	0.024973	0.660247	0.960210	8.026033	
0.660429	0.001058	0.659230	0.681685	8.038924	
0.789891	0.080871	0.927308	0.793579	5.335084	
0.088845	0.809185	0.804474	0.885390	5.005338	
0.000000	0.000000	0.285995	0.000000	9.592508	
0.802781	0.938723	0.006644	0.802237	5.403341	
0.302740	0.005536	0.000022	0.312389	9.233926	
0.652591	0.935260	0.011336	0.023111	7.922920	
0.869245	0.164975	0.861565	0.151547	5.987624	
0.868946	0.881884	0.298184	0.219574	5.831276	
0.001247	0.329184	0.002080	0.274713	9.237579	
0.883992	0.865419	0.861361	0.862807	3.258266	
0.000001	0.000785	0.000048	0.298137	9.612061	
0.786303	0.794592	0.197335	0.916780	5.017288	
0.029630	0.650879	0.878574	0.022717	7.703181	
0.000019	0.299420	0.007185	0.000000	9.729338	
0.659988	0.664802	0.000648	0.688074	8.035718	
0.920566	0.011919	0.672572	0.009209	7.720783	
0.002903	0.657081	0.668009	0.679557	7.977568	
0.206592	0.219450	0.825687	0.863277	5.851924	
0.028586	0.939128	0.635348	0.022139	8.039104	
0.297103	0.000073	0.000248	0.000113	9.606860	
0.000030	0.004682	0.000000	0.770434	8.641542	
0.790245	0.943927	0.766618	0.182571	5.405637	
0.659043	0.674855	0.676314	0.000049	7.933227	
0.000019	0.299420	0.309062	0.000000	9.232772	
0.192745	0.879753	0.270348	0.862807	5.832135	
0.935801	0.012437	0.022719	0.674430	7.767396	
0.001011	0.012177	0.895736	0.650724	7.793515	
0.022965	0.890215	0.014952	0.664235	7.651104	
0.779952	0.133721	0.811060	0.881815	4.999672	
0.000000	0.000000	0.000000	0.000000	10.160693	
0.925503	0.791398	0.145334	0.784688	5.181218	
0.000030	0.002972	0.306841	0.296745	9.217819	
0.914830	0.788911	0.762310	0.157546	5.252663	
0.686595	0.000023	0.022145	0.975106	7.957356	
0.000000	0.000238	0.792243	0.000113	8.801089	
0.001147	0.667152	0.014578	0.943308	7.923336	
0.256529	0.282751	0.012973	0.000161	9.147008	
0.292536	0.010719	0.324715	0.000000	9.235943	
0.925763	0.197739	0.811060	0.793276	4.988933	
0.000000	0.000001	0.800903	0.000113	8.762240	
0.000000	0.000000	0.000000	0.000000	10.015264	
0.124959	0.802973	0.915986	0.807266	5.031859	
0.000030	0.000787	0.000048	0.288140	9.596607	
0.660429	0.001058	0.659230	0.686037	7.954850	
0.642108	0.000000	0.931086	0.082364	7.872387	
0.686595	0.000023	0.022145	0.008058	9.151447	
0.779952	0.141312	0.811060	0.881815	4.982444	
0.026886	0.016471	0.659630	0.944919	7.919330	
0.029630	0.650879	0.878574	0.020427	7.706663	
0.786303	0.794097	0.197335	0.916262	5.017375	
0.291931	0.001807	0.002883	0.007639	9.654334	
0.002903	0.665717	0.660218	0.865238	7.120547	
0.294205	0.776742	0.012617	0.009882	8.291939	
0.222439	0.879753	0.291195	0.862807	5.814762	
0.206592	0.221403	0.825687	0.863277	5.850814	
0.983946	0.676167	0.013162	0.000047	8.183327	
0.326500	0.667738	0.012973	0.000548	9.036334	
0.868985	0.881884	0.320020	0.217874	5.868136	
0.813367	0.930153	0.002753	0.802237	5.327215	
0.650217	0.943927	0.766618	0.182571	6.342475	
0.668688	0.664802	0.051161	0.688074	7.888954	
0.097127	0.796100	0.022719	0.674430	7.531520	
0.292536	0.000000	0.324715	0.000000	9.247905	
0.789825	0.142239	0.917975	0.793579	5.117919	
0.652591	0.802734	0.059500	0.023111	7.743897	
0.002903	0.657081	0.668009	0.004239	8.809530	
0.918774	0.010692	0.350785	0.000000	8.140335	
0.866999	0.876593	0.938359	0.218192	4.765067	
0.866040	0.865419	0.827553	0.862807	3.275222	
0.883666	0.226560	0.861364	0.264826	5.796882	
0.000475	0.005736	0.309563	0.000000	9.620017	
0.038698	0.939128	0.635348	0.022139	8.022869	
0.087073	0.307027	0.014513	0.884700	7.784010	
0.302740	0.000471	0.000022	0.312389	9.238736	
0.000000	0.307027	0.000028	0.000000	9.651836	
0.001665	0.007461	0.816016	0.298492	8.166621	
0.684690	0.000023	0.022145	0.975106	7.972405	
0.790245	0.942413	0.787214	0.219573	5.144489	
0.000030	0.000787	0.306841	0.296745	9.220311	
0.935801	0.012436	0.022719	0.674430	7.767427	
0.105501	0.867541	0.793254	0.845625	5.007927	
0.000455	0.000073	0.000000	0.770833	8.592045	
0.769975	0.299420	0.817212	0.000000	6.591138	
0.810916	0.310842	0.224493	0.923276	6.071183	
0.020479	0.802734	0.001258	0.002776	8.400792	
0.868843	0.881884	0.320020	0.217874	5.979876	
0.005770	0.308010	0.306841	0.296745	8.833947	
0.290214	0.197739	0.817119	0.009449	7.621912	
0.004093	0.776951	0.899867	0.292856	6.534450	
0.769975	0.282078	0.029699	0.046924	8.094612	
