0.002047	0.329922	0.306854	0.000002	9.276115	
0.661024	0.665526	0.664647	0.000206	8.064132	
0.783475	0.788252	0.885738	0.185068	4.983099	
0.010548	0.012751	0.883162	0.739272	7.098979	
0.125725	0.793685	0.916138	0.801767	5.092283	
0.890285	0.788766	0.105383	0.785958	5.157892	
0.950412	0.000342	0.025146	0.642823	8.092029	
0.821409	0.821372	0.841834	0.850991	3.355086	
0.000583	0.661437	0.672582	0.676584	7.961468	
0.025503	0.317712	0.008653	0.870844	7.907706	
0.662699	0.660716	0.000021	0.674950	8.035969	
0.645692	0.916347	0.044423	0.021711	7.827486	
0.000000	0.000000	0.000000	0.000000	10.050883	
0.852747	0.003386	0.640963	0.025975	7.788036	
0.000894	0.000035	0.324263	0.300149	9.256417	
0.005824	0.000480	0.644695	0.900174	7.855463	
0.006086	0.001546	0.014155	0.755292	8.664198	
0.319738	0.017372	0.005655	0.269618	9.197204	
0.000016	0.774697	0.000000	0.000000	8.673645	
0.000002	0.897147	0.007772	0.664976	7.709025	
0.308849	0.020469	0.262343	0.021737	9.152198	
0.901533	0.145400	0.790994	0.786471	5.078318	
0.790289	0.937238	0.822807	0.055556	5.300230	
0.759125	0.001613	0.000005	0.000000	8.680334	
0.000181	0.297278	0.014021	0.304379	9.205320	
0.000658	0.000029	0.300149	0.000000	9.616672	
0.187555	0.324108	0.879883	0.878336	5.937133	
0.874957	0.144041	0.874465	0.204670	5.952021	
0.668681	0.005293	0.659032	0.661919	8.103910	
0.287250	0.329922	0.016663	0.000007	9.233227	
0.281867	0.000104	0.000087	0.000000	9.587499	
0.860633	0.664407	0.011205	0.027043	7.613522	
0.018004	0.920383	0.644617	0.024788	7.892311	
0.000000	0.000000	0.765989	0.000000	8.618866	
0.809192	0.152748	0.932618	0.808376	5.025160	
0.649634	0.019884	0.916312	0.021770	7.839644	
0.943618	0.799855	0.822734	0.066199	5.276182	
0.025975	0.329922	0.880533	0.000043	7.952889	
0.000000	0.000527	0.000007	0.268160	9.577743	
0.000181	0.297278	0.000003	0.001566	9.605954	
0.659020	0.008903	0.000021	0.901014	7.830661	
0.759125	0.000000	0.000005	0.000000	8.661577	
0.000552	0.302486	0.000942	0.293395	9.231270	
0.790101	0.788252	0.885738	0.067909	5.205583	
0.788566	0.086941	0.801910	0.901139	5.149309	
0.646651	0.019884	0.916312	0.021770	7.865575	
0.836395	0.187948	0.281129	0.847234	5.888524	
0.000002	0.758972	0.000068	0.000045	8.753658	
0.930978	0.006159	0.878621	0.037186	6.846990	
0.773197	0.897584	0.885738	0.188895	4.903367	
0.651716	0.138504	0.695730	0.000712	8.423978	
0.005824	0.145887	0.644695	0.900174	7.597268	
0.790101	0.788252	0.885738	0.188895	4.939744	
0.000189	0.297479	0.324464	0.000013	9.409322	
0.000181	0.297278	0.000003	0.000013	9.722881	
0.017324	0.004606	0.018368	0.261994	9.532651	
0.008068	0.002866	0.305404	0.293366	9.220101	
0.794945	0.788210	0.098113	0.933264	5.313061	
0.306026	0.324108	0.879883	0.878336	5.909646	
0.874957	0.144041	0.874465	0.204670	5.952021	
0.000031	0.000000	0.306695	0.000000	9.625277	
0.000000	0.000000	0.000000	0.000000	10.000958	
0.274504	0.330849	0.023399	0.000214	9.217733	
0.860633	0.664407	0.025151	0.010983	7.616920	
0.621447	0.925504	0.017966	0.069540	7.999926	
0.018004	0.909462	0.644617	0.025780	7.842585	
0.275935	0.000029	0.009060	0.000000	9.575620	
0.025503	0.317712	0.007908	0.870844	7.908599	
0.204667	0.827875	0.878222	0.192984	5.890948	
0.758991	0.003148	0.024647	0.795741	7.112028	
0.849280	0.821372	0.878621	0.850991	3.331580	
0.009493	0.730246	0.035125	0.675034	8.149531	
0.006086	0.000310	0.014155	0.755292	8.796826	
0.809196	0.152748	0.932618	0.765546	5.239981	
0.319236	0.018278	0.005655	0.269618	9.195137	
0.948800	0.799855	0.822734	0.062783	5.315985	
0.000000	0.000527	0.848617	0.268160	8.051758	
0.092836	0.787583	0.780986	0.923555	5.332025	
0.134519	0.793685	0.916138	0.800828	5.075770	
0.141470	0.125714	0.915019	0.810317	6.419890	
0.000894	0.061749	0.315213	0.002602	9.533715	
0.809196	0.152748	0.932618	0.809208	5.022494	
0.823322	0.661437	0.877895	0.676584	5.351884	
0.646651	0.006544	0.916312	0.028707	7.866710	
0.026034	0.316618	0.007908	0.870844	7.906013	
0.006086	0.001546	0.000873	0.739272	8.785566	
0.874957	0.331861	0.874465	0.204670	5.900900	
0.000198	0.006317	0.767559	0.000000	8.602742	
0.629313	0.758972	0.009563	0.021476	8.460353	
0.662699	0.002994	0.000021	0.674950	8.911243	
0.275825	0.661833	0.023399	0.000214	8.944462	
0.000023	0.295465	0.000013	0.295476	9.215306	
0.852625	0.002857	0.643728	0.848288	6.114295	
0.006086	0.780290	0.015423	0.751935	7.221963	
0.758991	0.003148	0.044810	0.781599	7.149041	
0.002047	0.329922	0.097521	0.000002	9.483400	
0.083560	0.081941	0.781305	0.927030	6.740894	
0.621447	0.799345	0.833549	0.069738	6.433258	
0.759307	0.000000	0.000005	0.000000	8.830601	
0.794945	0.794813	0.098113	0.907142	5.144855	
