0.000131	0.689024	0.953363	0.000423	7.808833	
0.800035	0.907206	0.779913	0.159341	5.060209	
0.748014	0.188118	0.789519	0.924818	5.322952	
0.933981	0.803344	0.799182	0.051344	5.343484	
0.858277	0.052958	0.306207	0.025675	7.815240	
0.090697	0.645422	0.001920	0.883444	7.653802	
0.796786	0.033111	0.000000	0.638247	7.941523	
0.000000	0.000000	0.000000	0.000000	10.002057	
0.155303	0.168691	0.864285	0.838785	5.986046	
0.658829	0.033111	0.001903	0.868027	7.657279	
0.169085	0.870437	0.169647	0.862643	5.963195	
0.000000	0.265031	0.000000	0.000083	9.577155	
0.004124	0.000026	0.662899	0.942594	7.930081	
0.282289	0.024789	0.010105	0.337487	9.222725	
0.910776	0.166598	0.769638	0.814952	5.056139	
0.001288	0.341653	0.313037	0.000857	9.316066	
0.658829	0.032974	0.892266	0.001451	7.704785	
0.089227	0.852159	0.883274	0.778799	5.029490	
0.303525	0.000002	0.000000	0.000354	9.615116	
0.015313	0.955209	0.000012	0.668594	7.956877	
0.811063	0.806150	0.144975	0.876286	4.881104	
0.002215	0.000000	0.000001	0.286055	9.590383	
0.659252	0.681679	0.001760	0.665035	7.957009	
0.000018	0.000001	0.000120	0.765210	8.623407	
0.000001	0.000000	0.304959	0.000012	9.639435	
0.000000	0.265031	0.000000	0.290268	9.218557	
0.302618	0.325649	0.000000	0.000966	9.262490	
0.658829	0.897317	0.002301	0.033594	7.731675	
0.900479	0.787900	0.160708	0.828365	4.958088	
0.884246	0.196595	0.858292	0.198009	5.867328	
0.000030	0.682873	0.656910	0.668706	7.945266	
0.000011	0.772175	0.000773	0.000405	8.583531	
0.001230	0.940144	0.683611	0.000419	7.764897	
0.855447	0.862963	0.867617	0.860594	3.233150	
0.755430	0.194264	0.905490	0.778497	5.241805	
0.004424	0.000884	0.890576	0.672416	7.633201	
0.663734	0.682734	0.658030	0.000562	7.966758	
0.307928	0.018411	0.306232	0.002506	9.212907	
0.167233	0.870604	0.779230	0.829171	4.869615	
0.910141	0.664098	0.015555	0.020555	7.725280	
0.773927	0.000000	0.000012	0.006117	8.680486	
0.000001	0.000000	0.766771	0.000012	8.704326	
0.900970	0.203752	0.160708	0.861327	5.969612	
0.659323	0.000021	0.663080	0.679800	7.984607	
0.803878	0.770996	0.899444	0.127002	5.137655	
0.111167	0.771584	0.790100	0.909680	5.273085	
0.017641	0.004802	0.280830	0.324642	9.210263	
0.755430	0.188185	0.789519	0.909991	5.230849	
0.009417	0.001008	0.041782	0.835243	8.261542	
0.884246	0.245482	0.858000	0.193650	5.832054	
0.757890	0.198549	0.897689	0.862446	4.959067	
0.126018	0.785141	0.792111	0.910098	5.150637	
0.933416	0.805298	0.813731	0.137775	5.081129	
0.000000	0.000000	0.285144	0.001986	9.755548	
0.004424	0.000884	0.890576	0.864386	6.649052	
0.018092	0.023871	0.280830	0.324642	9.202539	
0.844944	0.053109	0.247682	0.020552	7.961476	
0.002215	0.000014	0.000001	0.283020	9.587440	
0.910776	0.166598	0.000529	0.814952	6.518519	
0.000000	0.683947	0.306207	0.025828	8.814882	
0.804619	0.805298	0.900343	0.127002	4.966716	
0.855447	0.862963	0.812709	0.860594	3.313548	
0.001132	0.682873	0.650530	0.668706	7.988771	
0.167233	0.870437	0.185942	0.862643	5.926189	
0.823268	0.870437	0.193992	0.862643	4.603896	
0.096437	0.000000	0.907522	0.022669	8.206702	
0.858277	0.052958	0.306207	0.017789	7.826571	
0.033024	0.012181	0.071146	0.000000	9.829076	
0.651864	0.805298	0.813731	0.135193	5.983548	
0.023429	0.870437	0.185942	0.862643	6.231987	
0.015313	0.949352	0.001586	0.668594	7.915678	
0.355610	0.022550	0.001920	0.869156	8.010585	
0.658829	0.897317	0.001903	0.033594	7.732091	
0.005047	0.683715	0.268633	0.000562	8.800648	
0.900479	0.787900	0.160708	0.862000	4.861563	
0.282289	0.025306	0.010105	0.337487	9.221923	
0.910776	0.166598	0.769638	0.838785	4.997384	
0.307928	0.000000	0.306232	0.002018	9.236059	
0.165560	0.199328	0.858986	0.878810	5.915772	
0.038286	0.865046	0.882775	0.862300	4.902492	
0.000000	0.257476	0.000000	0.001876	9.573137	
0.021188	0.000026	0.662899	0.794853	7.800543	
0.637320	0.010259	0.848244	0.016504	7.819537	
0.009904	0.940073	0.697794	0.030544	7.612970	
0.814169	0.893468	0.779913	0.159341	4.961080	
0.855447	0.196530	0.267448	0.860596	5.817344	
0.167233	0.870604	0.779230	0.829165	4.869871	
0.659252	0.684084	0.001760	0.665035	7.938991	
0.069511	0.683715	0.877663	0.000562	7.674406	
0.804619	0.783544	0.024924	0.118951	6.682223	
0.303525	0.160796	0.000000	0.028774	9.257699	
0.659323	0.004575	0.652954	0.679800	8.051657	
0.658829	0.685657	0.037421	0.035246	8.510296	
0.146228	0.684084	0.013758	0.671821	8.409639	
0.855447	0.862963	0.867617	0.668624	4.246097	
0.773860	0.188185	0.935278	0.909991	5.166979	
0.119225	0.342934	0.666743	0.023044	8.774729	
0.800035	0.907040	0.218539	0.161336	6.108832	
0.119225	0.000026	0.666743	0.022669	9.087198	
0.823268	0.870437	0.193992	0.862637	4.620900	
