0.707107	0.000000	0.707107	0.000000	0.000000	
0.000000	0.707107	0.000000	0.707107	0.000000	
0.000000	0.707108	0.000000	0.000000	0.707105	
0.000000	0.000000	1.000000	0.000000	0.000000	
0.408253	0.000000	0.816493	0.408251	0.000000	
0.000000	0.000000	0.000000	0.000000	1.000000	
0.000000	0.000000	0.408257	0.408257	0.816488	
0.948683	0.000000	0.000000	0.316229	0.000000	
0.707107	0.707107	0.000000	0.000000	0.000000	
0.316221	0.000000	0.000000	0.000000	0.948686	
0.816496	0.000000	0.408246	0.408251	0.000000	
0.000000	0.948684	0.000000	0.000000	0.316225	
0.707108	0.000000	0.000000	0.000000	0.707105	
0.000000	0.408237	0.408237	0.816508	0.000000	
0.948684	0.000000	0.316226	0.000000	0.000000	
0.816497	0.000000	0.000000	0.408247	0.408248	
0.316225	0.000000	0.948684	0.000000	0.000000	
0.000000	0.000000	0.707108	0.000000	0.707105	
0.408254	0.000000	0.816494	0.000000	0.408248	
0.408251	0.816495	0.000000	0.000000	0.408248	
0.000000	0.408254	0.816494	0.000000	0.408248	
0.000000	1.000000	0.000000	0.000000	0.000000	
0.408237	0.408237	0.000000	0.816508	0.000000	
0.000000	0.707107	0.707107	0.000000	0.000000	
0.948684	0.316224	0.000000	0.000000	0.000000	
0.000000	0.316242	0.000000	0.948679	0.000000	
0.000000	0.000000	0.000000	1.000000	0.000000	
0.948684	0.000000	0.000000	0.000000	0.316225	
0.408240	0.000000	0.000000	0.816501	0.408248	
0.500032	0.500032	0.000000	0.499928	0.500009	
0.000000	0.816497	0.408247	0.000000	0.408248	
0.000000	0.000000	0.816497	0.408247	0.408248	
0.408257	0.000000	0.000000	0.408257	0.816488	
0.316215	0.948687	0.000000	0.000000	0.000000	
0.816496	0.408247	0.000000	0.408251	0.000000	
0.316242	0.000000	0.000000	0.948679	0.000000	
0.000000	0.000000	0.948683	0.316229	0.000000	
0.000000	0.000000	0.410553	0.821125	0.410575	
0.000000	0.408257	0.408257	0.000000	0.816488	
0.816495	0.408247	0.408253	0.000000	0.000000	
0.000000	0.408240	0.000000	0.816501	0.408248	
0.816497	0.000000	0.408247	0.000000	0.408248	
0.000000	0.000000	0.000000	0.948684	0.316225	
0.000000	0.316221	0.000000	0.000000	0.948686	
0.000000	0.000000	0.000000	0.316221	0.948686	
0.707107	0.000000	0.000000	0.707107	0.000000	
0.000000	0.948683	0.000000	0.316229	0.000000	
0.000000	0.816497	0.000000	0.408247	0.408248	
0.000000	0.500066	0.500066	0.499962	0.499906	
0.408257	0.408257	0.000000	0.000000	0.816488	
1.000000	0.000000	0.000000	0.000000	0.000000	
0.408250	0.816494	0.000000	0.408251	0.000000	
0.000000	0.316225	0.948684	0.000000	0.000000	
0.000000	0.000000	0.948684	0.000000	0.316225	
0.816497	0.408248	0.000000	0.000000	0.408248	
0.500066	0.000000	0.500066	0.499962	0.499906	
0.000000	0.000000	0.316221	0.000000	0.948686	
0.408237	0.408237	0.816508	0.000000	0.000000	
0.000000	0.948684	0.316226	0.000000	0.000000	
0.000000	0.000000	0.707107	0.707107	0.000000	
0.000000	0.000000	0.316242	0.948679	0.000000	
0.408237	0.000000	0.408237	0.816508	0.000000	
0.500004	0.500006	0.499968	0.500022	0.000000	
0.000000	0.000000	0.000000	0.707108	0.707105	
0.500010	0.500010	0.499973	0.000000	0.500008	
0.000000	0.408257	0.000000	0.408257	0.816488	
0.408251	0.816496	0.408247	0.000000	0.000000	
0.000000	0.408265	0.816487	0.408251	0.000000	
0.000000	0.816496	0.408246	0.408251	0.000000	
0.408257	0.000000	0.408257	0.000000	0.816488	
0.000000	0.000000	1.000000	0.000615	0.000000	
0.723671	0.000000	0.690145	0.000000	0.000000	
0.408257	0.000000	0.408257	0.000000	0.816488	
0.923567	0.000000	0.000042	0.000000	0.413032	
0.426146	0.431602	0.000000	0.794792	0.020625	
0.292851	0.284465	0.000000	0.408267	0.816509	
0.000000	0.892918	0.000000	0.450220	0.000000	
0.000000	0.408265	0.816487	0.408251	0.000000	
0.998471	0.000000	0.000000	0.060411	0.000000	
0.905078	0.046491	0.451011	0.000000	0.000000	
0.901099	0.318295	0.000010	0.000000	0.318551	
0.025770	0.012927	0.477729	0.000000	0.878367	
0.000000	0.948684	0.000000	0.000000	0.316225	
0.853888	0.000000	0.000000	0.520457	0.000000	
0.037595	0.576109	0.000004	0.816508	0.000000	
0.500032	0.500032	0.000000	0.499928	0.500009	
0.000000	0.297209	0.000000	0.500001	0.822573	
0.448276	0.000000	0.894294	0.000000	0.000000	
0.000000	0.175124	0.000000	0.550165	0.816492	
0.000000	0.307098	0.642026	0.700369	0.054550	
0.739114	0.000001	0.000000	0.315257	0.597568	
0.408254	0.000000	0.816494	0.000000	0.408248	
0.401884	0.596470	0.508532	0.000000	0.508568	
0.449548	0.899089	0.000000	0.000000	0.093430	
0.408237	0.000000	0.408237	0.816508	0.000000	
0.707108	0.000359	0.000000	0.000000	0.707105	
0.213281	0.000069	0.000000	0.150781	0.965286	
0.715559	0.686550	0.000000	0.128939	0.000000	
0.000000	0.650288	0.277835	0.499929	0.500005	
0.002372	0.000000	0.310161	0.930464	0.195016	
