0.000000	0.000000	0.707108	0.000000	0.707105	
0.408260	0.408263	0.000000	0.000000	0.816484	
0.000000	0.000000	0.000000	1.000000	0.000000	
0.500045	0.499923	0.000000	0.500133	0.499899	
0.408236	0.408238	0.816508	0.000000	0.000000	
0.000000	0.000000	0.316191	0.948696	0.000000	
0.000000	0.408263	0.408263	0.000000	0.816482	
0.000000	0.707108	0.000000	0.000000	0.707105	
0.000000	0.000000	0.316199	0.000000	0.948693	
0.000000	0.000000	0.707107	0.707107	0.000000	
0.948684	0.316224	0.000000	0.000000	0.000000	
1.000000	0.000000	0.000000	0.000000	0.000000	
0.316203	0.000000	0.000000	0.000000	0.948692	
0.500004	0.500006	0.499968	0.500022	0.000000	
0.408251	0.816495	0.000000	0.000000	0.408248	
0.000000	0.316243	0.000000	0.948678	0.000000	
0.816497	0.000000	0.000000	0.408247	0.408248	
0.707107	0.000000	0.707107	0.000000	0.000000	
0.948682	0.000000	0.000000	0.316231	0.000000	
0.000000	0.000000	0.408218	0.816512	0.408248	
0.000000	0.000000	0.948684	0.000000	0.316225	
0.000000	0.499940	0.499940	0.500215	0.499906	
0.000000	0.948684	0.000000	0.000000	0.316225	
0.000000	0.816497	0.408245	0.408252	0.000000	
0.707108	0.000000	0.000000	0.000000	0.707105	
0.000000	0.000000	0.000000	0.316203	0.948692	
0.000000	0.316199	0.000000	0.000000	0.948693	
0.000000	0.408236	0.408236	0.816509	0.000000	
0.816495	0.408247	0.408253	0.000000	0.000000	
0.000000	0.408269	0.816484	0.408252	0.000000	
0.000000	0.000000	0.948682	0.316231	0.000000	
0.816498	0.000000	0.408246	0.000000	0.408248	
0.000000	0.816497	0.000000	0.408247	0.408248	
0.000000	0.000000	0.816497	0.408247	0.408248	
0.000000	0.816498	0.408246	0.000000	0.408248	
0.000000	0.408263	0.000000	0.408263	0.816482	
0.000000	0.000000	0.000000	0.707108	0.707105	
0.408250	0.816494	0.000000	0.408251	0.000000	
0.948684	0.000000	0.316226	0.000000	0.000000	
0.316243	0.000000	0.000000	0.948678	0.000000	
0.408266	0.000000	0.816488	0.000000	0.408248	
0.408261	0.000000	0.000000	0.408261	0.816484	
0.707107	0.000000	0.000000	0.707107	0.000000	
0.000000	1.000000	0.000000	0.000000	0.000000	
0.000000	0.000000	0.000000	0.948684	0.316225	
0.000000	0.948684	0.316226	0.000000	0.000000	
0.948684	0.000000	0.000000	0.000000	0.316225	
0.707105	0.707109	0.000000	0.000000	0.000000	
0.316215	0.948687	0.000000	0.000000	0.000000	
0.316225	0.000000	0.948684	0.000000	0.000000	
0.499940	0.000000	0.499940	0.500215	0.499906	
0.816483	0.408276	0.000000	0.000000	0.408248	
0.000000	0.707107	0.000000	0.707107	0.000000	
0.816496	0.408247	0.000000	0.408251	0.000000	
0.408231	0.408234	0.000000	0.816513	0.000000	
0.000000	0.000000	1.000000	0.000000	0.000000	
0.408263	0.000000	0.408263	0.000000	0.816482	
0.000000	0.000000	0.000000	0.000000	1.000000	
0.408237	0.000000	0.408237	0.816508	0.000000	
0.500043	0.500045	0.500004	0.000000	0.499908	
0.000000	0.000000	0.408263	0.408263	0.816482	
0.816497	0.000000	0.408245	0.408251	0.000000	
0.408218	0.000000	0.000000	0.816512	0.408248	
0.000000	0.408218	0.000000	0.816512	0.408248	
0.000000	0.316225	0.948684	0.000000	0.000000	
0.408271	0.816535	0.408149	0.000000	0.000000	
0.000000	0.948682	0.000000	0.316231	0.000000	
0.000000	0.707107	0.707107	0.000000	0.000000	
0.000000	0.408266	0.816488	0.000000	0.408248	
0.408270	0.000000	0.816485	0.408251	0.000000	
0.694494	0.000000	0.000000	0.719359	0.014166	
0.026467	0.986982	0.158636	0.000000	0.000000	
0.828392	0.000000	0.560149	0.000000	0.000000	
0.009633	0.000000	0.999954	0.000000	0.000000	
0.010799	0.707002	0.000000	0.500133	0.499899	
0.934255	0.000000	0.000000	0.405821	0.000000	
0.000000	0.585648	0.700248	0.408252	0.000000	
0.001976	0.000000	0.715544	0.000000	0.698564	
0.017550	0.654459	0.755893	0.000000	0.000000	
0.992675	0.001699	0.120805	0.000000	0.000000	
0.913821	0.457886	0.000000	0.005867	0.000000	
0.664861	0.676728	0.000000	0.000000	0.316225	
0.817005	0.408538	0.000000	0.000000	0.407740	
0.000000	0.000000	0.000000	0.686406	0.727218	
0.312180	0.000000	0.000000	0.950024	0.000000	
0.547485	0.007837	0.000000	0.729959	0.409853	
0.403424	0.000000	0.584206	0.629248	0.316225	
0.104538	0.001782	0.000000	0.907238	0.408096	
0.874361	0.000000	0.000000	0.000000	0.502353	
0.871261	0.000000	0.435627	0.095823	0.204820	
0.000000	0.000000	0.613350	0.676117	0.408248	
0.000000	0.354237	0.455932	0.000000	0.816482	
0.177221	0.684538	0.000000	0.707107	0.000000	
0.504517	0.000000	0.504517	0.000000	0.710579	
0.000189	0.000086	0.000000	0.411398	0.925823	
0.400954	0.400957	0.400926	0.719533	0.000000	
0.316412	0.000000	0.949244	0.024882	0.000000	
0.104581	0.303833	0.000000	0.963934	0.000000	
0.112573	0.000000	0.112573	0.000000	0.987762	
0.500045	0.499923	0.000000	0.500133	0.499899	
