0.316231	0.000000	0.949112	0.000000	0.000000	
0.501398	0.000000	0.500402	0.503042	0.495372	
0.408944	0.000000	0.816445	0.411087	0.000000	
0.000000	1.000019	0.000000	0.000000	0.000000	
1.000075	0.000000	0.000000	0.000000	0.000000	
0.000002	0.815735	0.409891	0.000000	0.408320	
0.508561	0.506627	0.000000	0.486457	0.499056	
0.000004	0.948720	0.316598	0.000000	0.000000	
0.408733	0.000000	0.000000	0.408133	0.816442	
0.315977	0.000003	0.000000	0.948807	0.000000	
0.000001	0.947352	0.000000	0.320637	0.000000	
0.706926	0.000000	0.707388	0.000000	0.000000	
0.000001	0.707011	0.000000	0.707294	0.000000	
0.814043	0.412419	0.000000	0.409496	0.000000	
0.000000	0.000000	0.949182	0.314887	0.000000	
0.000178	0.508780	0.509087	0.486675	0.495381	
0.000278	0.407946	0.816734	0.000000	0.408372	
0.000001	0.316624	0.000000	0.948602	0.000000	
0.406383	0.406312	0.819123	0.000000	0.000000	
0.000000	0.000000	0.706147	0.709744	0.000000	
0.000000	0.000000	0.000000	0.000000	1.000602	
0.000003	0.000000	0.313718	0.949940	0.000000	
0.948606	0.000000	0.316560	0.000000	0.000000	
0.000000	0.000000	0.707062	0.000000	0.707256	
0.000003	0.000001	0.317142	0.000000	0.948428	
0.000000	0.408121	0.408388	0.000000	0.816612	
0.409140	0.816115	0.408853	0.000000	0.000000	
0.500517	0.500418	0.501056	0.000000	0.499024	
0.000000	0.000000	0.000001	0.316606	0.948601	
0.408891	0.000000	0.408486	0.816146	0.000000	
0.499744	0.497809	0.502524	0.500173	0.000000	
0.948993	0.316187	0.000000	0.000000	0.000000	
0.317041	0.951141	0.000000	0.000000	0.000000	
0.000279	0.816438	0.000000	0.409421	0.407530	
0.407176	0.408561	0.000000	0.000006	0.816927	
0.707385	0.707245	0.000000	0.000000	0.000000	
0.708486	0.000000	0.000000	0.000000	0.708680	
0.000000	0.000000	0.948708	0.000000	0.316403	
0.000001	0.000003	0.412713	0.829704	0.413573	
0.407818	0.000000	0.000000	0.818722	0.404476	
0.000002	0.000006	0.815957	0.410189	0.407539	
0.000098	0.409316	0.817187	0.408446	0.000000	
0.000000	0.706936	0.707398	0.000000	0.000000	
0.000012	0.000000	0.000000	0.951030	0.309235	
0.000003	0.710226	0.000000	0.000000	0.710657	
0.000000	0.000000	0.404874	0.406936	0.819067	
0.408036	0.000000	0.816914	0.000000	0.408420	
0.408079	0.816549	0.000000	0.000000	0.408578	
0.817765	0.408620	0.000000	0.000000	0.405514	
0.000197	0.817753	0.412069	0.409118	0.000000	
0.703223	0.000000	0.000000	0.711172	0.000000	
0.000000	0.000000	0.000000	1.005618	0.000000	
0.948360	0.000000	0.000000	0.317355	0.000000	
0.410905	0.409343	0.000000	0.814701	0.000000	
0.000000	0.000000	1.000067	0.000000	0.000000	
0.409351	0.000314	0.409625	0.000000	0.819079	
0.000001	0.411406	0.000000	0.411570	0.813643	
0.816268	0.000000	0.406941	0.410629	0.000000	
0.000002	0.317398	0.000000	0.000011	0.948339	
0.000141	0.407203	0.000000	0.817487	0.407595	
0.408667	0.816470	0.000000	0.407923	0.000000	
0.000001	0.948770	0.000000	0.000000	0.316118	
0.000000	0.316228	0.949103	0.000000	0.000000	
0.001183	0.000000	0.000000	0.708605	0.705732	
0.816371	0.000001	0.409094	0.000000	0.407823	
0.316356	0.000000	0.000000	0.000000	0.948698	
0.000002	0.408921	0.408516	0.816207	0.000000	
0.948745	0.000000	0.000000	0.000000	0.316148	
0.815931	0.000001	0.000000	0.410290	0.407612	
0.816548	0.407968	0.408862	0.000000	0.000000	
0.693190	0.000001	0.126086	0.075697	0.739635	
0.003621	0.001256	0.195016	0.543139	0.823437	
0.013956	0.708820	0.000000	0.054294	0.711465	
0.728875	0.413706	0.000000	0.000000	0.554800	
0.000000	0.000000	0.959765	0.000000	0.288670	
0.248662	0.000000	0.000065	0.115052	0.962194	
0.141653	0.000001	0.000000	0.989976	0.000000	
0.000110	0.306806	0.000000	0.913575	0.331328	
0.033424	0.822243	0.586265	0.000000	0.000000	
0.000307	0.898924	0.000000	0.451298	0.043377	
0.894665	0.447224	0.000076	0.000000	0.000000	
0.881389	0.000001	0.402384	0.104096	0.245631	
0.466093	0.000000	0.000000	0.903392	0.000000	
0.000001	0.568207	0.000000	0.192573	0.838839	
0.292466	0.291277	0.416042	0.000005	0.815450	
0.864722	0.236692	0.000000	0.454448	0.025176	
0.022716	0.315256	0.000000	0.949094	0.000000	
0.025276	0.999925	0.000000	0.000000	0.000000	
0.000134	0.391708	0.000000	0.000012	0.920165	
0.359499	0.000000	0.000000	0.721717	0.593207	
0.000281	0.786264	0.000000	0.525497	0.325136	
0.000000	0.000000	0.000000	0.000000	1.000602	
0.853649	0.426505	0.360160	0.000000	0.000000	
0.000001	0.000003	0.456022	0.916772	0.223534	
0.000000	0.000000	0.319750	0.000000	0.956227	
0.383608	0.380090	0.769746	0.000000	0.341686	
0.000000	0.000000	0.676348	0.000000	0.739629	
0.716844	0.697496	0.000000	0.000000	0.000000	
0.392971	0.000000	0.392582	0.784370	0.278390	
0.000001	0.948796	0.000000	0.000000	0.316126	
