0.408240	0.000000	0.000000	0.816501	0.408248	
0.000000	0.816497	0.000000	0.408247	0.408248	
0.000000	0.948683	0.000000	0.316229	0.000000	
1.000000	0.000000	0.000000	0.000000	0.000000	
0.948683	0.000000	0.000000	0.316229	0.000000	
0.000000	0.316242	0.000000	0.948679	0.000000	
0.000000	0.000000	0.000000	0.316221	0.948686	
0.948684	0.000000	0.000000	0.000000	0.316225	
0.000000	0.000000	0.408257	0.408257	0.816488	
0.000000	0.816496	0.408246	0.408251	0.000000	
0.408251	0.816496	0.408247	0.000000	0.000000	
0.408237	0.408237	0.816508	0.000000	0.000000	
0.000000	0.000000	0.408243	0.816499	0.408248	
0.000000	0.000000	0.707108	0.000000	0.707105	
0.408257	0.000000	0.000000	0.408257	0.816488	
0.816496	0.408247	0.000000	0.408251	0.000000	
0.707107	0.000000	0.000000	0.707107	0.000000	
0.000000	0.408253	0.816493	0.408251	0.000000	
0.408257	0.408257	0.000000	0.000000	0.816488	
0.408253	0.000000	0.816493	0.408251	0.000000	
0.000000	0.000000	0.948683	0.316229	0.000000	
0.000000	0.000000	0.000000	0.707108	0.707105	
0.000000	0.316225	0.948684	0.000000	0.000000	
0.000000	0.000000	0.948684	0.000000	0.316225	
0.500010	0.500010	0.499973	0.000000	0.500008	
0.707107	0.000000	0.707107	0.000000	0.000000	
0.816497	0.000000	0.000000	0.408247	0.408248	
0.000000	0.316221	0.000000	0.000000	0.948686	
0.000000	0.408257	0.408257	0.000000	0.816488	
0.316221	0.000000	0.000000	0.000000	0.948686	
0.000000	0.000000	0.000000	1.000000	0.000000	
0.707108	0.000000	0.000000	0.000000	0.707105	
0.000000	0.000000	0.816497	0.408247	0.408248	
0.000000	0.948684	0.000000	0.000000	0.316225	
0.000000	0.707107	0.000000	0.707107	0.000000	
0.000000	0.408240	0.000000	0.816501	0.408248	
0.000000	0.408253	0.816494	0.000000	0.408248	
0.816496	0.000000	0.408246	0.408251	0.000000	
0.408257	0.000000	0.408257	0.000000	0.816488	
0.707107	0.707107	0.000000	0.000000	0.000000	
0.000000	0.000000	0.000000	0.948684	0.316225	
0.000000	0.707108	0.000000	0.000000	0.707105	
0.500034	0.000000	0.500034	0.499930	0.500002	
0.408237	0.408237	0.000000	0.816508	0.000000	
0.316225	0.000000	0.948684	0.000000	0.000000	
0.408253	0.000000	0.816494	0.000000	0.408248	
0.816497	0.408248	0.000000	0.000000	0.408248	
0.816497	0.000000	0.408247	0.000000	0.408248	
0.000000	0.000000	1.000000	0.000000	0.000000	
0.316215	0.948687	0.000000	0.000000	0.000000	
0.316242	0.000000	0.000000	0.948679	0.000000	
0.948684	0.000000	0.316226	0.000000	0.000000	
0.000000	0.816497	0.408247	0.000000	0.408248	
0.948684	0.316224	0.000000	0.000000	0.000000	
0.000000	0.408257	0.000000	0.408257	0.816488	
0.000000	0.000000	0.316221	0.000000	0.948686	
0.000000	0.000000	0.316238	0.948680	0.000000	
0.000000	0.408237	0.408237	0.816508	0.000000	
0.408250	0.816494	0.000000	0.408251	0.000000	
0.500032	0.500032	0.000000	0.499928	0.500007	
0.000000	0.000000	0.707107	0.707107	0.000000	
0.408237	0.000000	0.408237	0.816508	0.000000	
0.000000	0.500034	0.500034	0.499930	0.500002	
0.000000	0.707107	0.707107	0.000000	0.000000	
0.816495	0.408247	0.408253	0.000000	0.000000	
0.000000	0.948684	0.316226	0.000000	0.000000	
0.500005	0.500005	0.499968	0.500022	0.000000	
0.408251	0.816495	0.000000	0.000000	0.408248	
0.000000	1.000000	0.000000	0.000000	0.000000	
0.000000	0.000000	0.000000	0.000000	1.000000	
0.000000	0.000000	0.947005	0.321220	0.000000	
0.000000	0.492988	0.511873	0.502415	0.502487	
0.003866	0.000024	0.447624	0.895295	0.031089	
0.449687	0.000000	0.000000	0.835334	0.316225	
0.838513	0.000011	0.000000	0.000000	0.546468	
0.552407	0.771634	0.000000	0.000000	0.317994	
0.000000	0.000000	0.912871	0.000000	0.408248	
0.000000	0.000000	0.816497	0.408247	0.408248	
0.408250	0.816494	0.000000	0.408251	0.000000	
0.000000	0.000000	0.000000	0.000000	1.004882	
0.000000	0.878514	0.289812	0.413713	0.000000	
0.154388	0.388043	0.000000	0.903377	0.116025	
0.402506	0.641721	0.654537	0.000000	0.000000	
0.948684	0.000000	0.000000	0.000000	0.316225	
0.078981	0.028120	0.032245	0.944422	0.316225	
0.410084	0.815911	0.408381	0.000000	0.000000	
0.707107	0.000000	0.000000	0.707107	0.000000	
0.842646	0.000000	0.538467	0.000000	0.000000	
0.000000	0.646793	0.644199	0.000000	0.408248	
0.075941	0.158082	0.266832	0.000000	0.957939	
0.999939	0.012261	0.000000	0.000000	0.000000	
0.447805	0.895602	0.000000	0.000000	0.000000	
0.000000	1.000000	0.000000	0.000000	0.000000	
0.708497	0.000000	0.000000	0.500879	0.500824	
0.000505	0.005766	0.027833	0.999596	0.000000	
0.316225	0.000000	0.948684	0.000000	0.000000	
0.000000	0.000000	0.207027	0.621058	0.755928	
0.870718	0.274195	0.000000	0.000000	0.408248	
0.332986	0.236207	0.000000	0.408257	0.816488	
0.000000	0.000000	0.576144	0.000000	0.817348	
