0.000000	0.000000	0.000000	0.707108	0.707105	
0.408257	0.408257	0.000000	0.000000	0.816488	
0.948684	0.000000	0.000000	0.000000	0.316225	
0.000000	0.707107	0.707107	0.000000	0.000000	
0.000000	0.408243	0.000000	0.816499	0.408248	
0.000000	0.316232	0.000000	0.000000	0.948682	
0.408253	0.000000	0.816494	0.000000	0.408248	
0.408237	0.408237	0.816508	0.000000	0.000000	
0.000000	0.816497	0.408247	0.000000	0.408248	
0.000000	0.707107	0.000000	0.707107	0.000000	
0.000000	0.816498	0.408247	0.408246	0.000000	
0.816497	0.000000	0.000000	0.408247	0.408248	
0.408246	0.408246	0.000000	0.816499	0.000000	
0.000000	0.707108	0.000000	0.000000	0.707105	
0.000000	0.316225	0.948684	0.000000	0.000000	
0.000000	0.000000	0.707107	0.707107	0.000000	
0.000000	0.948683	0.000000	0.316229	0.000000	
0.408257	0.000000	0.408257	0.000000	0.816488	
0.316238	0.000000	0.000000	0.948680	0.000000	
0.000000	0.408257	0.000000	0.408257	0.816488	
0.408243	0.000000	0.000000	0.816499	0.408248	
0.816497	0.408248	0.000000	0.000000	0.408248	
0.000000	0.000000	0.948683	0.316229	0.000000	
0.000000	0.000000	0.707108	0.000000	0.707105	
0.316232	0.000000	0.000000	0.000000	0.948682	
0.000000	1.000000	0.000000	0.000000	0.000000	
0.948683	0.000000	0.000000	0.316229	0.000000	
0.316225	0.000000	0.948684	0.000000	0.000000	
0.500010	0.500010	0.499973	0.000000	0.500007	
0.000000	0.948684	0.000000	0.000000	0.316225	
0.000000	0.500000	0.500000	0.499998	0.500002	
0.816497	0.408248	0.408247	0.000000	0.000000	
0.000000	0.000000	0.948684	0.000000	0.316225	
0.816496	0.408247	0.000000	0.408251	0.000000	
0.408254	0.000000	0.816495	0.408246	0.000000	
0.000000	0.316238	0.000000	0.948680	0.000000	
0.000000	0.816497	0.000000	0.408247	0.408248	
0.000000	0.000000	0.816497	0.408247	0.408248	
0.000000	0.000000	0.000000	0.316232	0.948682	
0.000000	0.408257	0.408257	0.000000	0.816488	
0.500000	0.000000	0.500000	0.499998	0.500002	
0.000000	0.000000	0.408257	0.408257	0.816488	
0.408248	0.816497	0.000000	0.000000	0.408248	
0.948684	0.000000	0.316226	0.000000	0.000000	
0.000000	0.000000	0.316232	0.000000	0.948682	
0.000000	0.000000	0.000000	1.000000	0.000000	
0.000000	0.948684	0.316226	0.000000	0.000000	
0.500032	0.500032	0.000000	0.499934	0.500001	
0.816498	0.000000	0.408247	0.408246	0.000000	
0.000000	0.408252	0.408252	0.816493	0.000000	
0.316230	0.948682	0.000000	0.000000	0.000000	
0.707107	0.000000	0.707107	0.000000	0.000000	
0.816497	0.000000	0.408247	0.000000	0.408248	
0.000000	0.000000	0.000000	0.000000	1.000000	
0.408248	0.816497	0.408247	0.000000	0.000000	
0.000000	0.408253	0.816494	0.000000	0.408248	
0.707108	0.000000	0.000000	0.000000	0.707105	
0.000000	0.000000	0.000000	0.948684	0.316225	
0.408251	0.816496	0.000000	0.408246	0.000000	
0.000000	0.408253	0.816493	0.408251	0.000000	
0.408257	0.000000	0.000000	0.408257	0.816488	
0.500005	0.500005	0.499968	0.500022	0.000000	
0.000000	0.000000	0.316238	0.948680	0.000000	
0.707107	0.000000	0.000000	0.707107	0.000000	
0.707107	0.707107	0.000000	0.000000	0.000000	
1.000000	0.000000	0.000000	0.000000	0.000000	
0.948684	0.316224	0.000000	0.000000	0.000000	
0.000000	0.000000	0.408243	0.816499	0.408248	
0.408252	0.000000	0.408252	0.816493	0.000000	
0.000000	0.000000	1.000000	0.000000	0.000000	
0.000000	0.985456	0.000000	0.000000	0.181387	
0.139087	0.231640	0.540370	0.000000	0.811122	
0.321429	0.000000	0.000000	0.000000	0.946934	
0.000229	0.249292	0.452092	0.847186	0.126538	
0.549067	0.530969	0.000000	0.444641	0.493884	
0.898546	0.000279	0.000000	0.449272	0.000000	
0.000000	0.000000	1.000000	0.000000	0.000000	
0.000000	0.630277	0.000000	0.000000	0.891318	
0.643826	0.646785	0.408856	0.000000	0.000000	
0.415159	0.000000	0.830532	0.000000	0.374435	
0.074053	0.867302	0.000000	0.508742	0.000000	
0.648123	0.764668	0.000000	0.000000	0.000000	
0.000000	0.000000	0.408257	0.408257	0.816488	
0.572389	0.575020	0.408783	0.000000	0.452464	
0.016361	0.212387	0.000000	0.147437	0.970963	
0.000000	0.447191	0.000000	0.894396	0.008725	
0.000000	0.707107	0.000000	0.707107	0.000000	
0.406526	0.000000	0.416319	0.000000	0.822878	
0.000000	0.000000	0.863804	0.503828	0.000000	
0.737047	0.000000	0.000000	0.425559	0.525034	
0.001825	0.706797	0.707088	0.000000	0.021461	
0.148242	0.000000	0.299358	0.943493	0.000001	
0.822990	0.000000	0.000000	0.000000	0.568375	
0.345860	0.000000	0.627218	0.717979	0.129352	
0.297433	0.427087	0.000000	0.854049	0.000000	
0.267467	0.131390	0.065666	0.861882	0.408890	
0.001374	0.002996	0.287558	0.866392	0.408249	
0.000000	0.992174	0.000000	0.124863	0.000000	
0.000000	0.977672	0.210137	0.000000	0.000000	
0.000000	0.777716	0.477590	0.408736	0.000000	
