0.000000	0.000000	0.948683	0.316229	0.000000	
0.948684	0.000000	0.000000	0.000000	0.316225	
0.408253	0.000000	0.816494	0.000000	0.408248	
0.000000	0.316225	0.948684	0.000000	0.000000	
0.000000	0.816498	0.408247	0.408246	0.000000	
0.000000	0.000000	0.816497	0.408247	0.408248	
0.707107	0.000000	0.000000	0.707107	0.000000	
0.000000	0.948684	0.316226	0.000000	0.000000	
0.408248	0.816497	0.408247	0.000000	0.000000	
0.000000	0.500000	0.500000	0.499998	0.500002	
0.000000	0.000000	0.408243	0.816499	0.408248	
0.707107	0.000000	0.707107	0.000000	0.000000	
0.000000	0.000000	0.707108	0.000000	0.707105	
0.816497	0.000000	0.000000	0.408247	0.408248	
0.816496	0.408247	0.000000	0.408251	0.000000	
0.000000	0.316232	0.000000	0.000000	0.948682	
0.000000	0.408252	0.408252	0.816493	0.000000	
0.408257	0.000000	0.000000	0.408257	0.816488	
0.000000	0.000000	0.707107	0.707107	0.000000	
0.000000	0.707107	0.000000	0.707107	0.000000	
0.000000	0.408253	0.816493	0.408251	0.000000	
0.408243	0.000000	0.000000	0.816499	0.408248	
0.408237	0.408237	0.816508	0.000000	0.000000	
0.500010	0.500010	0.499973	0.000000	0.500007	
0.316238	0.000000	0.000000	0.948680	0.000000	
0.408257	0.000000	0.408257	0.000000	0.816488	
0.000000	0.000000	1.000000	0.000000	0.000000	
0.000000	1.000000	0.000000	0.000000	0.000000	
0.000000	0.948684	0.000000	0.000000	0.316225	
0.816497	0.408248	0.408247	0.000000	0.000000	
0.408251	0.408251	0.000000	0.816493	0.000000	
0.000000	0.816497	0.408247	0.000000	0.408248	
0.000000	0.408253	0.816494	0.000000	0.408248	
0.408248	0.816497	0.000000	0.000000	0.408248	
0.000000	0.707107	0.707107	0.000000	0.000000	
0.000000	0.000000	0.000000	0.948684	0.316225	
0.000000	0.000000	0.948684	0.000000	0.316225	
0.000000	0.816497	0.000000	0.408247	0.408248	
0.408252	0.000000	0.408252	0.816493	0.000000	
0.000000	0.948683	0.000000	0.316229	0.000000	
0.948684	0.316224	0.000000	0.000000	0.000000	
0.316232	0.000000	0.000000	0.000000	0.948682	
0.000000	0.000000	0.316232	0.000000	0.948682	
0.816498	0.000000	0.408247	0.408246	0.000000	
0.816497	0.000000	0.408247	0.000000	0.408248	
0.000000	0.000000	0.408257	0.408257	0.816488	
0.316230	0.948682	0.000000	0.000000	0.000000	
0.948684	0.000000	0.316226	0.000000	0.000000	
0.000000	0.408257	0.408257	0.000000	0.816488	
0.000000	0.316238	0.000000	0.948680	0.000000	
0.000000	0.000000	0.000000	0.707108	0.707105	
0.707108	0.000000	0.000000	0.000000	0.707105	
0.000000	0.000000	0.000000	0.316232	0.948682	
0.500005	0.500005	0.499968	0.500022	0.000000	
1.000000	0.000000	0.000000	0.000000	0.000000	
0.000000	0.000000	0.000000	0.000000	1.000000	
0.707107	0.707107	0.000000	0.000000	0.000000	
0.000000	0.408243	0.000000	0.816499	0.408248	
0.408250	0.816494	0.000000	0.408251	0.000000	
0.316225	0.000000	0.948684	0.000000	0.000000	
0.000000	0.707108	0.000000	0.000000	0.707105	
0.816497	0.408248	0.000000	0.000000	0.408248	
0.500000	0.000000	0.500000	0.499998	0.500002	
0.000000	0.000000	0.316238	0.948680	0.000000	
0.408257	0.408257	0.000000	0.000000	0.816488	
0.408254	0.000000	0.816495	0.408246	0.000000	
0.000000	0.408257	0.000000	0.408257	0.816488	
0.000000	0.000000	0.000000	1.000000	0.000000	
0.500034	0.500034	0.000000	0.499930	0.500001	
0.948683	0.000000	0.000000	0.316229	0.000000	
0.903895	0.000000	0.451945	0.000000	0.000000	
0.013324	0.621114	0.524858	0.575078	0.091489	
0.000000	0.383274	0.000000	0.766560	0.515254	
0.000000	0.408253	0.816494	0.000000	0.408248	
0.953450	0.270574	0.000000	0.133159	0.000000	
0.058752	0.000000	0.443332	0.894430	0.000006	
0.382447	0.764888	0.000000	0.503261	0.124135	
0.000000	0.948683	0.000000	0.316229	0.000000	
0.000000	0.097480	0.569067	0.816493	0.000000	
0.000000	0.471200	0.333643	0.000000	0.816488	
0.255080	0.132662	0.957798	0.000000	0.000000	
0.408251	0.408251	0.000000	0.816493	0.000000	
0.406106	0.000000	0.406106	0.000000	0.818913	
0.402980	0.201490	0.000000	0.049939	0.891445	
0.403012	0.403012	0.806059	0.000000	0.159472	
0.000000	0.077797	0.586128	0.000000	0.807160	
0.000000	0.000000	0.816707	0.407499	0.408575	
0.000000	0.000000	0.999991	0.004123	0.000000	
0.293158	0.000000	0.118579	0.000000	0.948682	
0.000000	0.000000	0.947980	0.327082	0.000000	
0.001871	0.407951	0.815899	0.409733	0.000000	
0.504938	0.496422	0.500661	0.498393	0.000000	
0.000000	0.436111	0.000000	0.218055	0.881037	
0.000000	0.000000	0.413943	0.827898	0.413948	
0.000000	0.914121	0.000000	0.000000	0.408807	
0.014678	0.000000	0.912444	0.000000	0.408937	
0.408254	0.001492	0.000000	0.408257	0.816488	
0.000000	0.737350	0.023632	0.419488	0.528948	
0.178594	0.178594	0.180551	0.096329	0.947210	
0.943211	0.000000	0.005303	0.000000	0.334779	
