0.000000	0.000000	0.948683	0.316229	0.000000	
0.408254	0.000000	0.816494	0.000000	0.408248	
1.000000	0.000000	0.000000	0.000000	0.000000	
0.000000	0.816497	0.408247	0.000000	0.408248	
0.707107	0.000000	0.707107	0.000000	0.000000	
0.316215	0.948687	0.000000	0.000000	0.000000	
0.000000	1.000000	0.000000	0.000000	0.000000	
0.707107	0.707107	0.000000	0.000000	0.000000	
0.408250	0.816494	0.000000	0.408251	0.000000	
0.408237	0.000000	0.408237	0.816508	0.000000	
0.408251	0.816495	0.000000	0.000000	0.408248	
0.408257	0.000000	0.000000	0.408257	0.816488	
0.816497	0.000000	0.000000	0.408247	0.408248	
0.816497	0.408248	0.000000	0.000000	0.408248	
0.000000	0.316225	0.948684	0.000000	0.000000	
0.948684	0.000000	0.316226	0.000000	0.000000	
0.000000	0.408240	0.000000	0.816501	0.408248	
0.000000	0.408253	0.816494	0.000000	0.408248	
0.316242	0.000000	0.000000	0.948679	0.000000	
0.816495	0.408247	0.408253	0.000000	0.000000	
0.408240	0.000000	0.000000	0.816501	0.408248	
0.000000	0.000000	0.408241	0.816501	0.408248	
0.000000	0.316221	0.000000	0.000000	0.948686	
0.408253	0.000000	0.816493	0.408251	0.000000	
0.000000	0.707108	0.000000	0.000000	0.707105	
0.000000	0.000000	0.316242	0.948679	0.000000	
0.000000	0.000000	0.707107	0.707107	0.000000	
0.000000	0.000000	0.000000	0.000000	1.000000	
0.500066	0.000000	0.500066	0.499962	0.499906	
0.316221	0.000000	0.000000	0.000000	0.948686	
0.000000	0.948684	0.000000	0.000000	0.316225	
0.000000	0.000000	1.000000	0.000000	0.000000	
0.816496	0.408247	0.000000	0.408251	0.000000	
0.707107	0.000000	0.000000	0.707107	0.000000	
0.000000	0.000000	0.316221	0.000000	0.948686	
0.500032	0.500032	0.000000	0.499928	0.500007	
0.408257	0.000000	0.408257	0.000000	0.816488	
0.000000	0.707107	0.000000	0.707107	0.000000	
0.000000	0.816496	0.408246	0.408251	0.000000	
0.816497	0.000000	0.408247	0.000000	0.408248	
0.000000	0.816497	0.000000	0.408247	0.408248	
0.316225	0.000000	0.948684	0.000000	0.000000	
0.000000	0.316242	0.000000	0.948679	0.000000	
0.000000	0.000000	0.000000	0.948684	0.316225	
0.000000	0.948683	0.000000	0.316229	0.000000	
0.948683	0.000000	0.000000	0.316229	0.000000	
0.948684	0.316224	0.000000	0.000000	0.000000	
0.500005	0.500005	0.499968	0.500022	0.000000	
0.000000	0.000000	0.000000	0.316221	0.948686	
0.408251	0.816496	0.408247	0.000000	0.000000	
0.000000	0.000000	0.707108	0.000000	0.707105	
0.000000	0.000000	0.000000	0.707108	0.707105	
0.000000	0.500066	0.500066	0.499962	0.499906	
0.000000	0.408265	0.816487	0.408251	0.000000	
0.816496	0.000000	0.408246	0.408251	0.000000	
0.948684	0.000000	0.000000	0.000000	0.316225	
0.707108	0.000000	0.000000	0.000000	0.707105	
0.000000	0.000000	0.816497	0.408247	0.408248	
0.500010	0.500010	0.499973	0.000000	0.500008	
0.000000	0.707107	0.707107	0.000000	0.000000	
0.408257	0.408257	0.000000	0.000000	0.816488	
0.000000	0.408257	0.408257	0.000000	0.816488	
0.000000	0.000000	0.948684	0.000000	0.316225	
0.000000	0.408257	0.000000	0.408257	0.816488	
0.408237	0.408237	0.816508	0.000000	0.000000	
0.000000	0.948684	0.316226	0.000000	0.000000	
0.408237	0.408237	0.000000	0.816508	0.000000	
0.000000	0.000000	0.408257	0.408257	0.816488	
0.000000	0.000000	0.000000	1.000000	0.000000	
0.000000	0.408237	0.408237	0.816508	0.000000	
0.000000	0.710973	0.234879	0.000000	0.662834	
0.427205	0.575789	0.000000	0.506865	0.506944	
0.614231	0.000000	0.614231	0.496178	0.000000	
0.000455	0.593137	0.418521	0.692082	0.000000	
0.893283	0.449495	0.000000	0.000000	0.000000	
0.199394	0.184584	0.536054	0.000000	0.829415	
0.745337	0.000000	0.538634	0.411258	0.000000	
0.448069	0.896131	0.000000	0.000000	0.000000	
0.432176	0.429594	0.435953	0.000000	0.663266	
0.024201	0.999707	0.000000	0.000000	0.000000	
0.577538	0.000004	0.000000	0.816796	0.000000	
0.440503	0.440503	0.729300	0.282906	0.000157	
0.011820	0.000000	0.712747	0.503953	0.523800	
0.000000	0.000000	0.000000	0.707108	0.707105	
0.416003	0.000000	0.063401	0.907151	0.000000	
0.427823	0.873701	0.000000	0.000000	0.231547	
0.313075	0.278993	0.838684	0.000000	0.419344	
0.000000	0.000000	0.912879	0.000000	0.408252	
0.905817	0.000000	0.058306	0.000000	0.422953	
0.291524	0.300561	0.837420	0.000000	0.418711	
0.325975	0.647821	0.000000	0.715124	0.000000	
0.000000	0.343983	0.000000	0.687982	0.639027	
0.411790	0.000000	0.000000	0.404692	0.816488	
0.000000	0.424692	0.834291	0.391318	0.000000	
0.000000	0.483154	0.000000	0.317633	0.817689	
0.048655	0.048655	0.094948	0.993472	0.000000	
0.000000	0.000000	0.000000	0.318744	0.956255	
0.000000	0.944115	0.000000	0.000000	0.329617	
0.212103	0.039750	0.960592	0.175199	0.000000	
0.585799	0.000000	0.000000	0.000000	0.810465	
