0.268656	0.814468	0.799994	4.401317	
0.706544	0.000000	0.000000	7.034905	
0.000589	0.004695	0.721409	6.923209	
0.569367	0.000049	0.000000	8.076512	
0.267109	0.796726	0.622275	5.818806	
0.874298	0.003094	0.010235	6.302100	
0.001958	0.732457	0.750359	5.621341	
0.063649	0.616278	0.878856	5.893780	
0.600589	0.000000	0.717111	6.708494	
0.000016	0.791860	0.188957	6.146943	
0.000286	0.730255	0.000751	6.870844	
0.197092	0.166926	0.328425	6.942588	
0.658458	0.219021	0.216563	6.574733	
0.203586	0.633406	0.002680	7.309951	
0.307058	0.000004	0.168695	7.288937	
0.856920	0.876127	0.724887	3.524973	
0.196581	0.001025	0.778348	6.162749	
0.007902	0.791860	0.881730	4.794890	
0.004818	0.655693	0.195162	7.030521	
0.726025	0.000004	0.747784	5.626358	
0.000048	0.309564	0.163587	7.295185	
0.288172	0.149637	0.012309	7.282294	
0.000000	0.000000	0.000000	8.032885	
0.783412	0.000004	0.914297	4.946605	
0.653729	0.617810	0.013294	7.105414	
0.282393	0.635248	0.627343	6.737894	
0.006494	0.909182	0.033438	6.354461	
0.628171	0.149977	0.621500	6.932215	
0.796154	0.821656	0.261846	4.392888	
0.716413	0.765145	0.000851	5.733450	
0.271030	0.209704	0.146791	7.158925	
0.038848	0.888798	0.775800	4.848619	
0.649080	0.903664	0.718500	4.798074	
0.805892	0.903836	0.049566	4.728376	
0.810095	0.225697	0.570888	5.859499	
0.006319	0.611805	0.708308	6.951347	
0.125334	0.000000	0.000309	7.827305	
0.221529	0.216369	0.893393	5.530055	
0.810094	0.264218	0.802463	4.404532	
0.644185	0.655931	0.631221	6.477682	
0.196034	0.797982	0.000136	6.137367	
0.647843	0.939173	0.032910	5.985224	
0.000150	0.140253	0.136116	7.457552	
0.886465	0.018593	0.797546	4.765434	
0.011912	0.015230	0.907922	6.369189	
0.633382	0.696131	0.005057	6.687062	
0.000000	0.726274	0.582320	6.725677	
0.661672	0.694715	0.891540	4.842147	
0.158911	0.000037	0.272017	7.262317	
0.876067	0.672092	0.681760	4.834877	
0.031031	0.000009	0.602472	7.744270	
0.000024	0.000775	0.298256	7.822878	
0.002161	0.619764	0.000000	7.699202	
0.134253	0.140756	0.000043	7.476470	
0.216961	0.878683	0.224868	5.495364	
0.275793	0.000019	0.000130	7.583447	
0.216961	0.660337	0.211317	6.568296	
0.159767	0.320359	0.000002	7.322339	
0.619193	0.271780	0.787240	5.941890	
0.000049	0.283311	0.000000	7.588520	
0.803301	0.615168	0.272709	5.677482	
0.630661	0.204725	0.010333	7.172345	
0.770905	0.003018	0.194697	6.202436	
0.912774	0.755397	0.889424	3.446759	
0.150567	0.154375	0.151168	7.100444	
0.727802	0.001694	0.572611	6.786916	
0.572541	0.777679	0.272709	6.001295	
0.871408	0.616416	0.000120	6.064605	
0.217534	0.638000	0.816882	5.599374	
0.138450	0.000001	0.136642	7.460463	
0.000011	0.126660	0.000000	7.756114	
0.000024	0.166945	0.298256	7.271452	
0.000045	0.000001	0.122604	7.767970	
0.888817	0.809395	0.024235	4.714195	
0.000024	0.194989	0.780901	6.148806	
0.178878	0.306825	0.184966	6.895791	
0.215818	0.002345	0.625373	7.231657	
0.771391	0.204061	0.000907	6.261707	
0.746698	0.873503	0.862612	3.366412	
0.611083	0.000000	0.187478	7.348100	
0.653336	0.615518	0.272709	6.678776	
0.215570	0.218186	0.659679	6.565107	
0.873656	0.222058	0.227298	5.483105	
0.000589	0.221136	0.625732	7.198019	
0.002658	0.000001	0.130445	7.747075	
0.732905	0.000004	0.747784	5.576631	
0.192991	0.000020	0.631901	7.225499	
0.007553	0.001287	0.254511	7.571941	
0.758343	0.876098	0.037362	4.935013	
0.888817	0.809886	0.027797	4.707187	
0.815978	0.000014	0.889587	4.728848	
0.754133	0.873503	0.862615	3.314840	
0.865984	0.225697	0.227298	5.473415	
0.737603	0.000000	0.000004	6.936996	
0.307058	0.000004	0.178675	7.262091	
0.179281	0.306825	0.184966	6.895081	
0.215570	0.217204	0.659679	6.565702	
0.083249	0.616618	0.888871	5.863238	
0.000024	0.192834	0.782160	6.145517	
0.649080	0.931241	0.003552	5.974745	
0.128794	0.000000	0.000098	7.758526	
0.038848	0.869637	0.790774	4.740071	
0.707769	0.876524	0.214904	4.997880	
0.000054	0.732457	0.753168	5.654662	
0.133599	0.135723	0.001090	7.478901	
0.012157	0.015230	0.887538	6.307741	
0.655451	0.215773	0.000043	7.051531	
0.596954	0.783450	0.216856	5.885616	
0.000000	0.732291	0.582320	6.680356	
0.658013	0.219021	0.220235	6.571460	
0.215170	0.878683	0.224893	5.559520	
0.116180	0.288698	0.055949	7.297188	
0.064585	0.615786	0.653939	6.995325	
0.192991	0.773933	0.631901	5.981351	
0.822216	0.018593	0.799478	4.780682	
0.215290	0.799368	0.000136	6.133786	
0.000622	0.900720	0.042396	6.315905	
0.814612	0.000000	0.588040	6.249498	
0.188484	0.171621	0.297585	6.888570	
0.644185	0.655931	0.632228	6.471400	
0.865984	0.002638	0.227298	5.890885	
0.004150	0.218164	0.631826	7.159337	
0.000039	0.655693	0.205015	7.031021	
0.000515	0.281507	0.000002	7.586369	
0.810095	0.225697	0.624928	5.596874	
0.215133	0.650907	0.004918	7.109482	
0.000048	0.300583	0.164305	7.281572	
0.645794	0.005264	0.191433	7.152044	
0.003079	0.620522	0.000000	7.648763	
0.856920	0.629851	0.000729	5.892766	
0.000016	0.791860	0.191145	6.099336	
0.221757	0.018087	0.005198	7.567522	
0.000000	0.000000	0.000000	8.000640	
0.274272	0.149637	0.000000	7.284950	
0.198993	0.279660	0.791936	5.774802	
0.000286	0.732539	0.000751	6.855709	
0.888659	0.009164	0.035308	6.284412	
0.912244	0.844427	0.866432	3.041617	
0.242948	0.219021	0.216563	6.814008	
0.628171	0.149977	0.631221	6.872884	
0.000758	0.000000	0.728196	6.872634	
0.216961	0.660337	0.220343	6.558384	
0.832260	0.288698	0.055799	5.851083	
0.268656	0.814468	0.807028	4.372763	
0.301496	0.007433	0.724887	6.500144	
0.645315	0.659969	0.327004	6.579142	
0.000863	0.125721	0.035779	7.710034	
0.137253	0.000001	0.193257	7.350674	
0.765352	0.621419	0.234565	5.845170	
0.000000	0.141517	0.150565	7.524715	
0.580812	0.000049	0.000000	8.034619	
0.158911	0.001528	0.254511	7.258175	
0.031031	0.000009	0.603939	7.695559	
0.857538	0.681786	0.035779	5.639857	
0.791673	0.279660	0.791936	4.637836	
0.856267	0.871475	0.737653	3.425495	
0.217534	0.641246	0.811968	5.578130	
0.617956	0.280047	0.807679	5.658780	
0.616907	0.001274	0.726143	6.607977	
0.693813	0.881985	0.654422	4.879478	
0.647688	0.616278	0.128083	6.886491	
0.012689	0.881985	0.909635	4.719707	
0.023994	0.131508	0.252778	7.289469	
0.150567	0.154375	0.152264	7.098466	
0.661672	0.681200	0.891540	4.944766	
0.869257	0.683172	0.681280	4.786813	
0.192991	0.775122	0.631901	5.783498	
0.622106	0.280047	0.848528	5.537257	
0.203586	0.670979	0.002630	7.119173	
0.205206	0.217204	0.659679	6.579969	
0.271203	0.760243	0.018005	6.214046	
0.216961	0.660337	0.220138	6.558509	
0.856635	0.857430	0.012289	4.603574	
0.223564	0.225697	0.227298	6.777259	
0.647688	0.635314	0.620520	6.755517	
0.202738	0.000020	0.631901	7.209824	
0.000052	0.611252	0.090594	7.538019	
0.000690	0.900151	0.042644	6.316220	
0.625462	0.001274	0.735997	6.495382	
0.672297	0.694715	0.891540	4.764879	
0.794026	0.877337	0.726036	3.682716	
0.212721	0.216369	0.891573	5.534431	
0.798400	0.877488	0.028017	4.731788	
0.654282	0.873503	0.862612	4.051803	
0.020893	0.619764	0.000000	7.677648	
0.745537	0.204621	0.000043	6.488346	
0.034172	0.888798	0.775800	4.914983	
0.779056	0.020370	0.881229	4.849406	
0.649080	0.931241	0.000311	5.974818	
0.647088	0.652411	0.273724	6.543935	
0.727872	0.000000	0.000443	6.878164	
0.007553	0.122396	0.254511	7.526121	
0.025894	0.126660	0.000000	7.739590	
0.023994	0.005472	0.252778	7.539585	
0.115036	0.288698	0.055949	7.298944	
0.185999	0.599913	0.723342	6.297993	
0.022061	0.628794	0.732589	6.466222	
0.005920	0.822033	0.216563	5.950660	
0.001971	0.740458	0.000751	6.823465	
0.275793	0.000018	0.001025	7.582215	
