0.635342	0.292675	0.628624	6.760982	
0.245825	0.804959	0.801989	4.423912	
0.891163	0.217759	0.218721	5.524734	
0.739562	0.885304	0.868661	3.435342	
0.796176	0.893115	0.007768	4.800455	
0.193712	0.000017	0.775441	6.180938	
0.624589	0.638783	0.180597	6.786172	
0.731354	0.000337	0.734306	5.678612	
0.051830	0.899302	0.794022	4.764852	
0.220195	0.660791	0.216266	6.556694	
0.282739	0.006270	0.138513	7.332834	
0.214493	0.000000	0.596703	7.361791	
0.033137	0.641288	0.901140	5.844706	
0.000004	0.727621	0.000002	6.878440	
0.003305	0.185900	0.629063	7.218300	
0.615955	0.213269	0.785829	5.863214	
0.133748	0.138517	0.000168	7.466850	
0.003275	0.558598	0.000000	7.974928	
0.136736	0.000100	0.137936	7.463928	
0.007836	0.808521	0.908001	4.798553	
0.125547	0.000107	0.000008	7.758467	
0.000341	0.126822	0.000002	7.755351	
0.000006	0.319024	0.165667	7.403299	
0.000000	0.000000	0.128284	7.928296	
0.292360	0.191696	0.195808	6.929669	
0.213413	0.615015	0.000000	7.335010	
0.198784	0.272115	0.000016	7.191445	
0.163550	0.000127	0.297815	7.278915	
0.222866	0.224268	0.877249	5.489101	
0.889137	0.025368	0.804610	4.730742	
0.860935	0.873923	0.724428	3.523379	
0.879492	0.628760	0.024901	5.896104	
0.808098	0.802008	0.269537	4.417042	
0.000107	0.137429	0.137005	7.468778	
0.629184	0.208307	0.000156	7.187829	
0.408670	0.747242	0.000934	6.595255	
0.000029	0.745953	0.736161	5.633528	
0.000012	0.004579	0.716737	6.965981	
0.679633	0.680837	0.891422	4.814493	
0.000343	0.620524	0.664871	6.987114	
0.883682	0.802318	0.001750	4.758182	
0.000000	0.285504	0.000003	7.605033	
0.644332	0.649195	0.640852	6.461564	
0.697688	0.920820	0.669115	4.873128	
0.699086	0.576833	0.000092	6.947290	
0.024374	0.000071	0.891862	6.318852	
0.780342	0.198395	0.000156	6.147368	
0.633366	0.004546	0.197989	7.206852	
0.275498	0.024764	0.000934	7.563276	
0.800831	0.225543	0.596724	5.787300	
0.000004	0.727621	0.436799	6.852670	
0.172676	0.319024	0.186911	6.940952	
0.619604	0.792492	0.273484	5.703145	
0.198412	0.778835	0.000051	6.155358	
0.883682	0.022838	0.003670	6.299293	
0.720746	0.000367	0.000029	6.927344	
0.824622	0.267583	0.803293	4.357454	
0.002094	0.191793	0.778188	6.166190	
0.144769	0.154293	0.152051	7.113521	
0.219691	0.226360	0.647666	6.637577	
0.780468	0.003085	0.192252	6.152037	
0.001075	0.887872	0.006419	6.334462	
0.000000	0.000000	0.000000	8.000094	
0.598893	0.000052	0.694166	6.950795	
0.243114	0.628888	0.637184	6.725718	
0.003608	0.003897	0.272589	7.572340	
0.341926	0.860094	0.034660	5.947453	
0.917475	0.672350	0.672959	5.018395	
0.664901	0.223090	0.213266	6.524797	
0.644853	0.000001	0.000000	7.654130	
0.776678	0.635063	0.190140	5.737369	
0.255363	0.623694	0.776924	5.763711	
0.739175	0.740002	0.001136	5.630769	
0.219835	0.862722	0.216048	5.486293	
0.003181	0.123385	0.293573	7.359742	
0.216580	0.802345	0.616107	5.904793	
0.804695	0.024070	0.891862	4.739124	
0.272488	0.154529	0.005976	7.266966	
0.000368	0.782584	0.183944	6.157060	
0.004553	0.627606	0.190140	7.219972	
0.157363	0.206591	0.274170	6.868660	
0.856647	0.727309	0.847843	3.498935	
0.726439	0.000140	0.320473	6.613775	
0.007836	0.805038	0.907906	4.860249	
0.171940	0.893115	0.007768	6.000675	
0.781630	0.194329	0.000155	6.146776	
0.611945	0.000052	0.694166	6.822905	
0.891163	0.215539	0.227171	5.521212	
0.214493	0.000000	0.626516	7.198021	
0.145048	0.285620	0.188165	6.961826	
0.222866	0.234989	0.873852	5.478197	
0.606878	0.753260	0.003094	6.412284	
0.625782	0.638783	0.680564	6.500154	
0.870928	0.862013	0.749704	3.341887	
0.635081	0.025368	0.187099	7.152352	
0.002094	0.205092	0.778188	6.147992	
0.007836	0.000265	0.279274	7.576142	
0.000107	0.137429	0.139941	7.455029	
0.917761	0.648243	0.099372	5.736284	
0.016566	0.006888	0.860093	6.291207	
0.000343	0.226360	0.646396	7.058348	
0.222327	0.215373	0.206519	6.870819	
0.133748	0.138517	0.000016	7.467072	
0.778676	0.245086	0.630800	5.816497	
0.248626	0.237371	0.163882	6.831899	
0.883682	0.037689	0.003670	6.276170	
0.220166	0.659088	0.652722	6.478427	
0.282739	0.000212	0.138464	7.378758	
0.199757	0.185900	0.241465	6.884782	
0.255268	0.000000	0.014435	7.558625	
0.219691	0.226360	0.022720	7.142338	
0.725329	0.000005	0.000010	6.916279	
0.697710	0.008509	0.310706	6.894146	
0.215953	0.000000	0.276602	7.189262	
0.902711	0.644654	0.199847	5.481208	
0.000690	0.723931	0.435455	6.882675	
0.852978	0.727309	0.847843	3.538534	
0.679633	0.677708	0.891422	4.838630	
0.003380	0.574774	0.000000	7.921181	
0.247011	0.805562	0.809353	4.391767	
0.051951	0.816792	0.694166	5.682376	
0.220195	0.660043	0.216266	6.559224	
0.804695	0.026499	0.891862	4.736202	
0.000341	0.727229	0.000002	6.956932	
0.883589	0.038197	0.804610	4.698707	
0.000000	0.903655	0.000003	6.398638	
0.913944	0.196017	0.808873	4.446900	
0.012711	0.004579	0.716737	6.952322	
0.243114	0.630500	0.637184	6.715768	
0.620419	0.792492	0.273484	5.695634	
0.000000	0.000000	0.000000	8.000094	
0.000000	0.296039	0.693482	6.736634	
0.731505	0.887611	0.868661	3.497694	
0.822598	0.905884	0.004155	4.747179	
0.007836	0.808521	0.217831	6.000776	
0.635899	0.294834	0.628624	6.759795	
0.149340	0.000272	0.189331	7.342796	
0.000006	0.319024	0.165452	7.475141	
0.615955	0.218585	0.786225	5.763594	
0.782262	0.003085	0.193955	6.145514	
0.227564	0.285987	0.693482	6.306079	
0.216580	0.804058	0.615832	5.704782	
0.003271	0.253459	0.018627	7.548882	
0.049711	0.891981	0.798979	4.722103	
0.739175	0.740002	0.001588	5.630305	
0.684403	0.022129	0.669915	6.638939	
0.629184	0.208307	0.000156	7.187829	
0.917475	0.672350	0.669915	5.040851	
0.000341	0.123385	0.293573	7.362650	
0.171940	0.893115	0.273520	5.589334	
0.004558	0.634758	0.190140	7.204798	
0.664901	0.218202	0.213266	6.528865	
0.272488	0.152098	0.005976	7.272264	
0.605630	0.822891	0.694166	5.274712	
0.644853	0.000001	0.000000	7.499910	
0.778165	0.571847	0.000159	6.421263	
0.086655	0.006149	0.014022	7.862791	
0.000000	0.000000	0.098712	7.822262	
0.245235	0.662939	0.000934	6.933399	
0.000341	0.124238	0.000104	7.761021	
0.193712	0.000017	0.780573	6.152662	
0.780468	0.906739	0.196360	4.544519	
0.883602	0.799162	0.000000	4.773064	
0.625782	0.638783	0.180597	6.781361	
0.628763	0.674529	0.669915	6.374622	
0.722120	0.821371	0.870916	3.613425	
0.215511	0.226392	0.693154	6.309565	
0.178650	0.650430	0.206519	6.705705	
0.051830	0.899302	0.000059	6.298407	
0.245235	0.001148	0.000934	7.571838	
0.629184	0.221794	0.796915	5.627087	
0.663775	0.225456	0.003670	6.933625	
0.207101	0.641288	0.901140	5.488551	
0.058573	0.025368	0.804610	6.421955	
0.000317	0.003232	0.000002	7.996816	
0.003608	0.004573	0.272589	7.571859	
0.008420	0.004579	0.700998	7.119810	
0.000006	0.211615	0.038981	7.707860	
0.786397	0.668489	0.672959	5.221284	
0.659278	0.003361	0.177903	7.204816	
0.248626	0.237844	0.163882	6.829409	
0.219682	0.185900	0.241465	6.862155	
0.007988	0.659099	0.656771	6.792772	
0.780468	0.003085	0.193955	6.149434	
0.000341	0.124092	0.000002	7.761474	
0.002094	0.739927	0.778188	5.349068	
0.212405	0.630500	0.637184	6.736160	
0.003266	0.733135	0.293573	6.579816	
0.849102	0.000000	0.822980	4.671999	
0.149340	0.293632	0.197985	6.915615	
0.000000	0.267551	0.779149	6.577887	
0.699086	0.576833	0.037513	6.896881	
0.644332	0.003567	0.647668	7.023371	
0.216580	0.804058	0.622422	5.666257	
0.209373	0.001928	0.253002	7.184724	
0.728178	0.677708	0.889226	4.469028	
0.000341	0.128508	0.132031	7.515804	
0.130974	0.138517	0.000016	7.473533	
0.000341	0.729244	0.000002	6.865362	
0.629184	0.315716	0.155507	6.918365	
