0.000001	0.000000	61.377349	8.257660	
34.977196	0.000075	3.271052	0.071792	
56.721679	0.000070	0.000027	6.120267	
3.823746	31.043742	0.000002	3.922818	
0.000000	0.000000	0.000000	134.407704	
0.000045	125.168946	27.633797	0.000000	
49.197789	9.832999	2.782646	0.000026	
13.341816	86.842877	0.000000	0.001262	
4.272462	0.496325	27.567716	0.031717	
68.191009	0.000084	0.000032	0.000000	
3.298503	18.495338	2.793261	0.009494	
111.990086	35.974553	0.000001	0.000000	
0.000004	51.042912	4.738382	0.001650	
51.178793	6.656336	0.000004	0.000000	
93.360504	42.006425	0.000007	0.000000	
55.925172	0.000069	0.000026	23.551834	
3.320244	0.152679	28.399940	12.395739	
30.152578	3.502774	0.176373	3.332090	
0.363103	39.132057	0.000000	16.710223	
0.050087	5.694480	33.720611	0.003035	
0.025323	51.065587	0.000050	5.288739	
36.587124	135.962131	0.000000	0.000004	
0.000001	0.000000	87.397656	0.000001	
0.000097	179.582115	0.000001	0.000009	
11.980708	50.766840	0.000000	6.541894	
0.004669	6.431220	40.644439	0.010780	
0.000000	0.000000	0.000000	44.493663	
193.745309	87.173350	0.000000	0.000000	
0.002480	112.071938	20.475702	0.000000	
55.925172	0.000069	0.000026	23.551834	
5.517203	30.936014	0.000002	0.003976	
0.000000	0.001108	73.138087	15.508524	
3.014526	43.239307	0.106647	0.003644	
0.001268	64.818629	0.470176	6.509734	
0.363103	39.132057	0.000000	16.710223	
39.940369	10.985432	0.000002	0.206837	
4.701688	0.546187	30.337266	0.000221	
55.054862	0.004744	0.000000	6.127750	
107.557797	0.095866	0.026129	0.000000	
0.089991	59.131420	4.228921	0.000021	
116.519395	15.154563	0.000008	0.000000	
22.483605	0.005408	2.281720	0.046722	
49.197789	9.832999	2.782646	0.000026	
0.000000	0.000001	93.378822	0.000000	
0.000463	11.284458	60.846017	0.000004	
0.000075	138.886773	0.000057	0.000007	
115.998329	15.086793	6.772352	0.000000	
49.273402	9.848111	0.000051	0.000026	
53.395855	0.513311	0.000000	0.010249	
11.980708	50.766840	0.000000	6.541894	
3.030265	45.995289	5.040659	0.000435	
54.558168	0.071032	0.000000	5.886829	
11.327158	87.617439	0.000000	0.001247	
3.330052	0.000042	25.294714	0.052746	
147.821786	67.282240	0.000000	0.000000	
0.000002	0.000000	0.000000	174.922025	
0.680903	0.002757	37.546806	2.063392	
56.306649	24.377823	0.000000	0.001286	
0.000043	132.177496	28.877263	0.000000	
60.453060	0.001371	6.166286	0.000010	
0.000000	0.001108	73.138087	15.508524	
60.199885	0.000074	0.000000	25.352049	
0.000001	0.000000	0.000000	134.407704	
0.025701	4.057820	64.295766	0.000037	
0.385618	2.739321	38.691497	4.288436	
1.975856	120.644627	0.000000	0.000000	
6.504213	45.785409	0.000001	5.047431	
0.000041	8.305262	52.488117	0.013921	
54.487302	0.000118	0.000568	0.111351	
19.223219	86.229855	0.000000	0.001247	
72.943235	7.094241	0.000000	3.765217	
4.701688	0.546187	30.337266	0.000221	
3.790499	58.947234	6.731217	0.000010	
54.558168	0.071032	0.000000	5.886829	
31.843247	0.000397	3.231571	0.066171	
111.502486	43.960565	0.000000	0.000000	
0.000045	125.168946	27.633797	0.000000	
0.000000	0.000000	0.000101	80.299136	
113.376262	0.932994	0.000000	0.056685	
66.828271	13.350337	0.000000	0.000000	
14.642823	103.075903	0.000001	0.000000	
0.000311	7.575127	47.873764	0.000106	
0.000000	0.000001	55.910505	6.764184	
58.531852	0.481669	0.000000	4.844791	
0.001274	65.144676	0.472541	0.015567	
45.669119	0.000570	4.634671	0.000267	
0.000044	134.498648	14.659485	0.000000	
5.635889	0.732875	45.132702	0.000176	
0.000170	0.068180	94.168351	0.000000	
58.245335	19.292432	0.000000	0.001286	
3.865060	41.579857	0.398441	0.000009	
0.000002	0.012545	40.241977	4.448929	
51.791565	0.360634	0.000000	5.588444	
56.242240	0.003355	0.000059	0.001252	
0.000109	0.043875	60.599537	0.123251	
5.994942	0.000075	41.786421	0.000452	
0.075197	49.410349	4.761039	0.000498	
45.669119	0.000570	4.634671	0.000267	
0.000000	0.000002	0.000000	196.604394	
1.535199	33.745784	202.595613	0.000000	
89.060018	24.897920	0.000000	0.000009	
7.722063	116.389257	0.000220	0.000000	
75.105157	7.304503	0.000000	0.014180	
66.828271	13.350337	0.000000	0.000000	
0.131691	164.540481	0.000000	0.000005	
5.300784	1.395701	43.529448	0.000170	
0.000000	0.000005	0.000000	350.171293	
0.000002	0.000000	146.440076	0.000085	
21.152971	94.886167	0.000000	0.000015	
0.225933	7.552052	66.009066	0.000006	
97.442046	32.463119	0.000000	0.002146	
0.000002	0.012545	40.241977	4.448929	
66.291415	0.000022	0.000031	7.152841	
0.000042	78.468351	4.600340	0.000004	
126.302569	0.005599	0.030682	0.000000	
55.304641	0.001254	6.302251	0.000010	
36.588917	0.000188	3.713179	0.002428	
107.636862	10.468439	0.000000	0.003187	
81.078939	22.666702	0.000000	0.001118	
1.362712	50.079331	0.000000	0.000042	
0.225933	7.552052	66.009066	0.000006	
20.306120	9.136492	131.825723	0.000000	
3.865060	41.579857	0.398441	0.000009	
34.919290	0.006566	0.110115	0.000236	
0.000000	0.000000	153.579217	0.016169	
0.000000	0.000000	0.000101	80.299136	
0.833525	48.116936	5.177320	0.000452	
58.531852	0.481669	0.000000	4.844791	
0.853429	49.265921	5.091206	0.000229	
0.000000	0.000000	0.000001	64.613136	
66.828271	13.350337	0.000000	0.000000	
67.265532	0.139853	7.135663	0.000000	
9.264665	105.801569	0.000000	0.002219	
0.000000	0.000000	156.085758	0.000115	
207.445331	0.342556	3.662716	0.000000	
48.352207	16.996010	0.000007	0.000000	
0.028042	56.547612	0.000000	0.001799	
7.196355	0.000009	61.489546	0.044446	
9.530742	0.000003	64.721913	0.307038	
74.156593	14.814321	0.000000	0.000000	
0.000000	0.001244	81.008717	1.779757	
119.887937	0.410657	0.000000	0.001787	
0.000000	0.000000	0.000000	31.081286	
26.236158	0.087620	2.662557	0.001177	
95.042852	38.047072	0.000007	0.000000	
16.344268	69.256911	0.000000	0.153588	
1.740397	117.561657	6.642489	0.000000	
0.259395	121.527104	0.000048	0.000000	
1.220356	80.874685	0.000000	0.000007	
56.306649	24.377823	0.000000	0.001286	
7.522964	0.978439	60.362253	0.000008	
8.783679	55.818575	0.040918	0.000000	
48.569708	3.086385	0.000000	0.000349	
6.892142	0.088660	63.453638	0.000024	
0.000001	0.000000	0.000000	195.801544	
1.460608	85.872530	8.843018	0.000000	
30.373321	0.136939	2.215788	0.000050	
80.406112	8.279021	0.000000	0.026911	
18.861798	88.264448	0.000575	0.000000	
3.951166	0.459000	30.445550	0.000221	
0.029567	0.000467	66.366011	2.065713	
0.000051	94.838156	0.000001	0.008640	
0.025559	25.895767	2.716393	0.000605	
26.159797	1.189228	2.746921	0.000611	
334.192535	0.783683	0.000002	0.000000	
0.000000	0.000000	0.000000	34.978761	
1.528439	0.011154	84.283706	0.000339	
59.835781	0.127508	0.000003	0.001332	
31.965013	180.351861	0.000034	0.000000	
0.067938	164.307002	9.282686	0.000000	
0.000001	0.000000	0.000000	133.036336	
0.246233	99.023540	0.582295	0.000000	
0.000000	0.000000	0.000001	69.195469	
0.000000	0.000000	292.026412	0.000009	
8.783679	55.818575	0.040918	0.000000	
0.000410	84.110964	0.000022	1.135573	
114.846777	0.102363	0.004464	0.000000	
0.127305	82.990381	7.996714	0.000001	
0.000112	190.536473	0.786552	0.000000	
0.000000	0.000000	0.000000	31.081286	
346.603609	0.308928	0.000006	0.000000	
13.651922	88.861380	0.000000	0.000016	
0.000027	46.145429	3.349385	0.126667	
0.000000	0.000002	113.152894	6.565575	
8.783679	55.818575	0.040918	0.000000	
0.057574	261.973974	33.697234	0.000000	
0.000002	0.000000	0.000000	141.282514	
3.035307	0.000264	133.333674	0.000000	
4.791931	325.611025	0.000002	0.000000	
200.509223	5.478613	0.265812	0.000000	
0.143441	174.231816	0.000000	0.000000	
16.170105	113.826966	0.000000	0.000000	
160.536018	1.387107	0.000000	0.000000	
0.029567	0.000467	66.366011	2.065713	
0.000001	0.000000	0.000000	86.555911	
8.252214	46.271744	0.000002	0.000001	
0.000002	0.000000	0.000000	169.917231	
59.835781	0.127508	0.000003	0.001332	
1.300088	88.418915	0.000000	0.000000	
1.184886	0.011391	67.067002	0.012874	
