0.859168	0.006782	0.517837	0.003282	
0.000153	0.625638	0.759941	0.192459	
0.001177	0.002649	0.949591	0.322055	
0.127872	0.994616	0.000427	0.000002	
0.002378	0.992839	0.137789	0.000809	
0.000274	0.000874	0.861324	0.515794	
0.196897	0.735219	0.610513	0.228201	
0.875428	0.241837	0.177409	0.385847	
0.911746	0.383386	0.160451	0.000068	
0.009025	0.707673	0.406808	0.583689	
0.796128	0.000801	0.579993	0.188204	
0.393567	0.062684	0.821616	0.413589	
0.927684	0.004031	0.381703	0.005946	
0.925556	0.170064	0.011536	0.350815	
0.942451	0.341105	0.000081	0.000000	
0.314335	0.836924	0.207380	0.401660	
0.005204	0.153146	0.980341	0.144221	
0.328158	0.870555	0.372182	0.065219	
0.017056	0.992641	0.005481	0.136261	
0.110772	0.507100	0.205165	0.833089	
0.000509	0.355840	0.938486	0.003710	
0.851716	0.139430	0.508999	0.076110	
0.674729	0.745274	0.004499	0.007133	
1.003477	0.000000	0.000000	0.000000	
0.704180	0.223706	0.519005	0.437716	
0.900619	0.381303	0.158245	0.153700	
0.607757	0.190458	0.000920	0.775667	
0.469154	0.521316	0.682173	0.218248	
0.415268	0.015784	0.088328	0.907732	
0.178355	0.973896	0.168826	0.000068	
0.977298	0.000036	0.158804	0.162402	
0.041644	0.979101	0.156996	0.142229	
0.794562	0.012381	0.434328	0.431945	
0.320989	0.932831	0.006039	0.183538	
0.188816	0.212330	0.943901	0.185713	
0.179458	0.006137	0.839795	0.517949	
0.662166	0.006514	0.018590	0.752540	
0.009996	0.541615	0.000639	0.843525	
0.624830	0.013355	0.683359	0.384332	
0.374161	0.234950	0.899699	0.004419	
0.010340	0.020479	0.987789	0.176819	
0.001045	0.004381	0.315832	0.951925	
0.019176	0.533641	0.848509	0.001838	
0.860106	0.002195	0.000419	0.516659	
0.201230	0.216678	0.837833	0.464658	
0.418560	0.645294	0.645014	0.002381	
0.166107	0.930627	0.009548	0.338318	
0.488485	0.876487	0.006104	0.001542	
0.005837	0.953926	0.306762	0.006090	
0.287171	0.001474	0.960614	0.000175	
0.155447	0.616050	0.000704	0.775905	
0.183302	0.960016	0.155086	0.161042	
0.491827	0.249672	0.699491	0.460281	
0.631230	0.749977	0.155547	0.161520	
0.190692	0.520632	0.698618	0.460852	
0.005825	0.394772	0.816608	0.437348	
0.137626	0.000568	0.000495	0.994916	
0.000000	0.000000	1.002513	0.000000	
0.000746	0.960511	0.000000	0.520960	
0.000000	0.000000	0.000000	1.002438	
0.160188	0.628051	0.765960	0.001248	
0.722395	0.538902	0.209062	0.384526	
0.004312	0.402585	0.904718	0.160439	
0.312243	0.834128	0.022854	0.460359	
0.001485	0.000050	0.148181	0.992944	
0.674172	0.244310	0.659511	0.237766	
0.594985	0.001783	0.786477	0.191824	
0.347374	0.929207	0.169154	0.000068	
0.947142	0.261648	0.199369	0.002284	
0.012523	0.707759	0.590268	0.397664	
0.502684	0.550945	0.510002	0.437999	
0.800045	0.465581	0.008926	0.383922	
0.860907	0.150232	0.468445	0.159195	
0.491264	0.760149	0.146377	0.411526	
0.837398	0.550898	0.010380	0.000064	
0.041603	0.013676	0.506548	0.863958	
0.035054	0.824168	0.132153	0.553894	
0.419223	0.322105	0.820085	0.231496	
0.948237	0.004819	0.008110	0.323330	
0.830797	0.408956	0.385136	0.015034	
0.383172	0.177082	0.007181	0.908585	
0.482169	0.861702	0.173162	0.000051	
0.404666	0.348392	0.851466	0.032331	
0.287662	0.959703	0.001570	0.000696	
0.132786	0.147794	0.607653	0.815241	
0.215338	0.451923	0.846883	0.198811	
0.143211	0.000151	0.995934	0.001020	
0.177162	0.317881	0.933757	0.001540	
0.550972	0.313796	0.777153	0.000039	
0.759513	0.635794	0.162554	0.000955	
0.193108	0.001187	0.590610	0.788825	
0.000388	0.937556	0.192011	0.297582	
0.008397	0.844926	0.505880	0.199096	
0.006308	0.146222	0.898525	0.421444	
0.014206	0.151136	0.991348	0.003501	
0.050471	0.623759	0.110088	0.775962	
0.205442	0.805480	0.562199	0.000008	
0.304666	0.177350	0.209303	0.916675	
0.646527	0.436604	0.629648	0.019628	
0.003126	0.826654	0.349956	0.446885	
0.748456	0.632938	0.000236	0.216572	
0.302231	0.009324	0.928570	0.231695	
0.592032	0.688013	0.000003	0.431853	
0.142489	0.002215	0.167539	0.977683	
0.134141	0.922091	0.337469	0.155592	
0.361569	0.003557	0.567624	0.742914	
0.130636	0.065982	0.898501	0.421433	
0.909116	0.001644	0.176902	0.386175	
0.040900	0.961600	0.003388	0.280716	
0.993589	0.001527	0.137841	0.000072	
0.705596	0.470299	0.496820	0.198684	
0.124406	0.001255	0.976489	0.189640	
0.000000	1.092823	0.000000	0.000000	
0.422531	0.000080	0.007188	0.908410	
0.190246	0.008149	0.358963	0.919952	
0.976721	0.170442	0.011788	0.159195	
0.521526	0.619635	0.004271	0.593966	
0.537590	0.003314	0.194703	0.823213	
0.150532	0.978885	0.006264	0.160314	
0.247329	0.281976	0.394779	0.842132	
0.423387	0.219950	0.199703	0.858892	
0.433829	0.859245	0.222559	0.176799	
0.681381	0.013846	0.735517	0.004296	
0.401389	0.767702	0.468001	0.188448	
0.162044	0.931804	0.335194	0.000263	
0.557972	0.811009	0.000965	0.203578	
0.982977	0.000000	0.000000	0.201806	
0.470153	0.404773	0.000149	0.791415	
0.102013	0.380921	0.377037	0.840967	
0.684304	0.344080	0.159852	0.625279	
0.521429	0.022336	0.857282	0.051558	
0.518589	0.521148	0.306115	0.609025	
0.017024	0.234596	0.003036	0.976296	
0.374401	0.002612	0.396155	0.842968	
0.613382	0.677497	0.419309	0.010020	
0.019721	0.862785	0.514362	0.012271	
0.911275	0.385814	0.007437	0.155613	
0.238821	0.221742	0.065000	0.946344	
0.858531	0.313595	0.000074	0.416753	
0.683116	0.217195	0.659271	0.237679	
0.036796	0.539406	0.844147	0.000065	
0.436147	0.863836	0.147068	0.218642	
0.909265	0.420808	0.019750	0.000068	
0.162025	0.931697	0.335155	0.002715	
0.905664	0.002342	0.209748	0.373592	
0.113246	0.257242	0.877552	0.394600	
0.353637	0.002221	0.817179	0.463196	
0.857854	0.006771	0.518609	0.003280	
0.000301	0.000959	0.945280	0.338182	
0.905381	0.014108	0.012685	0.431932	
0.963018	0.046131	0.168778	0.220563	
0.090872	0.087694	0.142741	0.986970	
0.294070	0.137972	0.315952	0.893313	
0.150297	0.977355	0.006254	0.162868	
0.815717	0.156033	0.528929	0.199057	
0.602549	0.001806	0.780341	0.191769	
0.842836	0.542822	0.010381	0.000805	
0.613328	0.421848	0.509902	0.440645	
0.970360	0.217344	0.009286	0.130027	
0.651198	0.731810	0.221848	0.019727	
0.876284	0.440611	0.202853	0.014388	
0.318608	0.356047	0.199884	0.859163	
0.002234	0.009363	0.260296	0.968554	
0.134373	0.993317	0.062533	0.003505	
0.394424	0.747376	0.501738	0.198684	
0.281838	0.005277	0.907727	0.325626	
0.000000	1.088625	0.000000	0.091024	
0.282169	0.900182	0.031594	0.337688	
0.238821	0.221742	0.065000	0.946344	
0.556708	0.809171	0.027217	0.206829	
0.181504	0.970241	0.102776	0.154964	
0.330856	0.223021	0.005553	0.919130	
0.062490	0.231770	0.973975	0.017692	
0.649084	0.010091	0.763194	0.003761	
0.320686	0.071620	0.948377	0.003488	
0.764923	0.171329	0.334418	0.528662	
0.000153	0.625329	0.759565	0.199170	
0.206797	0.037438	0.958502	0.207223	
0.025959	0.383613	0.928031	0.025705	
0.008755	0.073872	0.512238	0.859543	
0.178192	0.973005	0.174107	0.000068	
0.756535	0.639770	0.164623	0.005097	
0.725639	0.541322	0.210001	0.374841	
0.000144	0.001208	0.159853	0.990853	
0.670529	0.722004	0.001162	0.183927	
0.719867	0.479811	0.506868	0.001472	
0.010380	0.968982	0.247198	0.091732	
0.042232	0.987310	0.174361	0.012256	
0.009506	0.745396	0.428493	0.517452	
0.285224	0.948057	0.003683	0.154460	
0.010145	0.629715	0.000742	0.779625	
0.004347	0.405837	0.912026	0.099169	
0.000000	0.000000	0.000000	1.004085	
0.059169	0.905586	0.164467	0.395124	
0.423555	0.641938	0.644951	0.002463	
0.445874	0.431167	0.783376	0.096842	
0.349489	0.793873	0.310733	0.394562	
0.407186	0.769865	0.495588	0.012200	
0.213179	0.711212	0.687102	0.028807	
0.608618	0.013008	0.698089	0.383629	
