0.499962	0.499974	0.500044	0.500020	0.000000	
0.000000	0.000000	0.948673	0.316260	0.000000	
0.000000	0.441488	0.000000	0.441462	0.781153	
0.000000	0.000000	0.000000	1.000000	0.000000	
0.948682	0.000000	0.000000	0.316231	0.000000	
0.000000	0.441513	0.441508	0.000000	0.781113	
0.816492	0.408253	0.000000	0.408256	0.000000	
0.408319	0.408329	0.816421	0.000000	0.000000	
0.831696	0.000000	0.415852	0.000000	0.367898	
0.000000	0.000000	0.352642	0.000000	0.935758	
0.831719	0.415806	0.000000	0.000000	0.367898	
0.000000	0.707107	0.000000	0.707107	0.000000	
0.316234	0.948681	0.000000	0.000000	0.000000	
0.000000	0.000000	0.707107	0.707107	0.000000	
0.844019	0.000000	0.422014	0.422002	0.000000	
0.000000	0.000000	0.316228	0.948683	0.000000	
0.408285	0.000000	0.408279	0.816463	0.000000	
0.408277	0.408287	0.000000	0.816463	0.000000	
0.000000	0.000000	0.748971	0.000000	0.662603	
0.000000	0.408285	0.408279	0.816463	0.000000	
0.000000	0.316267	0.948670	0.000000	0.000000	
0.000000	0.000000	0.000000	0.959163	0.282855	
0.000000	0.000000	0.441476	0.441478	0.781151	
0.000000	0.000000	0.000000	0.352642	0.935758	
0.000000	0.408315	0.816527	0.408121	0.000000	
0.000000	0.316228	0.000000	0.948683	0.000000	
0.352574	0.000000	0.000000	0.000000	0.935784	
0.000000	0.415711	0.000000	0.831766	0.367898	
0.316227	0.000000	0.948684	0.000000	0.000000	
0.415937	0.831653	0.000000	0.000000	0.367898	
0.316228	0.000000	0.000000	0.948683	0.000000	
0.000000	1.000000	0.000000	0.000000	0.000000	
0.000000	0.415891	0.831676	0.000000	0.367898	
0.000000	0.816492	0.408250	0.408257	0.000000	
0.441477	0.000000	0.000000	0.441477	0.781151	
0.000000	0.000000	0.000000	0.000000	1.000000	
0.408318	0.816419	0.408334	0.000000	0.000000	
0.415711	0.000000	0.000000	0.831766	0.367898	
0.948681	0.316235	0.000000	0.000000	0.000000	
0.959163	0.000000	0.000000	0.000000	0.282855	
0.000000	0.748985	0.000000	0.000000	0.662587	
0.514099	0.514111	0.514245	0.000000	0.454912	
0.948677	0.000000	0.316246	0.000000	0.000000	
0.000000	0.000000	0.831698	0.415848	0.367898	
0.514161	0.000000	0.514154	0.514139	0.454912	
0.000000	0.514192	0.514184	0.514211	0.454763	
0.707111	0.000000	0.707103	0.000000	0.000000	
0.000000	0.707111	0.707103	0.000000	0.000000	
0.000000	0.948697	0.000000	0.316236	0.000000	
0.000000	0.831693	0.000000	0.415858	0.367898	
0.748969	0.000000	0.000000	0.000000	0.662605	
0.441471	0.441482	0.000000	0.000000	0.781151	
0.000000	0.000000	0.415711	0.831766	0.367898	
0.000000	0.959162	0.000000	0.000000	0.282856	
0.000000	0.000000	0.000000	0.748970	0.662604	
0.000000	0.948665	0.316283	0.000000	0.000000	
0.408083	0.816567	0.000000	0.408273	0.000000	
0.707099	0.707115	0.000000	0.000000	0.000000	
0.408291	0.000000	0.816478	0.408242	0.000000	
0.441478	0.000000	0.441473	0.000000	0.781152	
1.000000	0.000000	0.000000	0.000000	0.000000	
0.000000	0.831696	0.415852	0.000000	0.367898	
0.415891	0.000000	0.831676	0.000000	0.367898	
0.000000	0.000000	0.959163	0.000000	0.282855	
0.831698	0.000000	0.000000	0.415848	0.367898	
0.000000	0.352642	0.000000	0.000000	0.935758	
0.514152	0.514164	0.000000	0.514139	0.454912	
0.000000	0.000000	1.000000	0.000000	0.000000	
0.707107	0.000000	0.000000	0.707107	0.000000	
0.816449	0.408238	0.408354	0.000000	0.000000	
0.343205	0.000000	0.343200	0.686321	0.541653	
0.094670	0.094672	0.990997	0.000000	0.000000	
0.000000	0.707111	0.707103	0.000000	0.000000	
0.578491	0.672016	0.295589	0.000000	0.358843	
0.000000	0.365141	0.630996	0.515524	0.450279	
0.000000	0.000000	0.229590	0.004736	0.973317	
0.024986	0.000318	0.981493	0.203034	0.000000	
0.912824	0.000000	0.408354	0.000000	0.000000	
0.618917	0.718978	0.316246	0.000000	0.000000	
0.453914	0.891525	0.000000	0.005400	0.000000	
0.000000	0.625232	0.034266	0.001601	0.783445	
0.000000	0.576396	0.000000	0.821682	0.000000	
0.881785	0.471704	0.000000	0.020513	0.000000	
0.000000	0.393608	0.843529	0.000000	0.368285	
0.000387	0.000115	0.019224	0.000000	0.999815	
0.016119	0.000205	0.633188	0.634277	0.449091	
1.000000	0.000000	0.000000	0.000000	0.000000	
0.648507	0.642419	0.408334	0.000000	0.000000	
0.636363	0.000000	0.622975	0.000000	0.454912	
0.846995	0.000000	0.409372	0.420702	0.000000	
0.372486	0.355099	0.257316	0.817892	0.000000	
0.769192	0.456641	0.003172	0.447265	0.023555	
0.000000	0.234181	0.000000	0.974724	0.000000	
0.000000	0.399814	0.799526	0.448227	0.000000	
0.441471	0.441481	0.000000	0.000000	0.781152	
0.810296	0.012589	0.573122	0.129084	0.000000	
0.948682	0.000000	0.000000	0.316231	0.000000	
0.748403	0.000000	0.258101	0.488398	0.368027	
0.000000	0.031384	0.000000	0.351243	0.935758	
0.707107	0.000000	0.000000	0.707107	0.000000	
