0.000000	0.959163	0.000000	0.000000	0.282855	
0.408232	0.408232	0.000000	0.816513	0.000000	
0.707107	0.000000	0.000000	0.707107	0.000000	
0.000000	0.831698	0.000000	0.415848	0.367898	
0.000000	0.000000	0.000000	0.959163	0.282855	
0.000000	0.000000	0.000000	1.000000	0.000000	
0.816497	0.000000	0.408251	0.408246	0.000000	
0.000000	0.000000	0.441478	0.441478	0.781149	
0.514162	0.000000	0.514157	0.514148	0.454898	
0.514159	0.514160	0.000000	0.514142	0.454903	
0.415832	0.831706	0.000000	0.000000	0.367898	
0.408231	0.816501	0.408256	0.000000	0.000000	
0.000000	0.707111	0.707103	0.000000	0.000000	
0.408242	0.000000	0.816502	0.408243	0.000000	
0.000000	0.000000	0.831698	0.415848	0.367898	
0.000000	0.352583	0.000000	0.000000	0.935781	
0.000000	0.415841	0.831701	0.000000	0.367898	
0.408234	0.000000	0.408230	0.816513	0.000000	
0.441478	0.000000	0.000000	0.441478	0.781149	
1.000000	0.000000	0.000000	0.000000	0.000000	
0.000000	0.316228	0.000000	0.948683	0.000000	
0.000000	0.748969	0.000000	0.000000	0.662605	
0.000000	0.948683	0.000000	0.316229	0.000000	
0.408233	0.816507	0.000000	0.408243	0.000000	
0.000000	0.000000	0.352583	0.000000	0.935781	
0.000000	0.000000	0.748969	0.000000	0.662605	
0.000000	0.000000	0.000000	0.748969	0.662605	
0.816496	0.408255	0.000000	0.408243	0.000000	
0.000000	0.000000	0.000000	0.352583	0.935781	
0.959163	0.000000	0.000000	0.000000	0.282855	
0.816491	0.408252	0.408255	0.000000	0.000000	
0.000000	0.000000	0.316228	0.948683	0.000000	
0.000000	0.441478	0.000000	0.441478	0.781149	
0.408237	0.408238	0.816508	0.000000	0.000000	
0.000000	0.707107	0.000000	0.707107	0.000000	
0.000000	0.000000	0.415845	0.831699	0.367898	
0.831697	0.000000	0.415850	0.000000	0.367898	
0.748969	0.000000	0.000000	0.000000	0.662605	
0.000000	0.000000	0.000000	0.000000	1.000000	
0.000000	0.514161	0.514155	0.514146	0.454903	
0.000000	0.831697	0.415850	0.000000	0.367898	
0.000000	0.816497	0.408251	0.408246	0.000000	
0.000000	0.441480	0.441476	0.000000	0.781149	
0.948688	0.000000	0.316213	0.000000	0.000000	
0.441478	0.441478	0.000000	0.000000	0.781149	
0.500015	0.500016	0.499983	0.499986	0.000000	
0.831698	0.000000	0.000000	0.415848	0.367898	
0.000000	0.000000	0.948683	0.316229	0.000000	
0.000000	0.000000	1.000000	0.000000	0.000000	
0.707111	0.000000	0.707103	0.000000	0.000000	
0.415845	0.000000	0.000000	0.831699	0.367898	
0.441480	0.000000	0.441476	0.000000	0.781149	
0.000000	0.000000	0.959163	0.000000	0.282855	
0.316227	0.000000	0.948684	0.000000	0.000000	
0.948683	0.316229	0.000000	0.000000	0.000000	
0.000000	0.408242	0.816502	0.408243	0.000000	
0.000000	1.000000	0.000000	0.000000	0.000000	
0.000000	0.948688	0.316213	0.000000	0.000000	
0.352583	0.000000	0.000000	0.000000	0.935781	
0.000000	0.415845	0.000000	0.831699	0.367898	
0.000000	0.408234	0.408230	0.816513	0.000000	
0.415841	0.000000	0.831701	0.000000	0.367898	
0.514164	0.514165	0.514133	0.000000	0.454903	
0.831695	0.415854	0.000000	0.000000	0.367898	
0.707106	0.707107	0.000000	0.000000	0.000000	
0.316234	0.948681	0.000000	0.000000	0.000000	
0.000000	0.316226	0.948684	0.000000	0.000000	
0.948683	0.000000	0.000000	0.316229	0.000000	
0.316228	0.000000	0.000000	0.948683	0.000000	
0.000000	0.000000	0.707107	0.707107	0.000000	
0.826296	0.426482	0.000000	0.000000	0.367898	
0.620093	0.000000	0.247664	0.000000	0.750650	
0.129505	0.186752	0.000000	0.975897	0.000008	
0.511324	0.004880	0.187922	0.774247	0.324144	
0.686720	0.044024	0.002040	0.668617	0.281825	
0.000456	0.000166	0.441478	0.441478	0.781149	
0.010208	0.550564	0.001633	0.835799	0.000131	
0.993835	0.000378	0.125925	0.000000	0.001523	
0.002948	0.000000	0.000000	0.621732	0.783224	
0.514187	0.000000	0.514181	0.686462	0.000000	
0.000000	0.000000	0.831698	0.415848	0.367898	
0.956052	0.000000	0.293197	0.000000	0.000000	
0.000000	0.850596	0.381265	0.000000	0.368796	
0.000000	0.000000	0.931639	0.002880	0.368601	
0.244870	0.969556	0.000000	0.000000	0.000000	
0.007692	0.000000	0.999970	0.000000	0.000000	
0.000029	0.707129	0.499983	0.499986	0.000000	
0.552330	0.000000	0.783651	0.284294	0.000000	
0.524856	0.503236	0.000000	0.514142	0.454903	
0.000000	0.448038	0.894014	0.000000	0.000015	
0.424631	0.711465	0.000000	0.000000	0.563482	
0.166328	0.000000	0.988273	0.000270	0.000000	
0.000171	0.000300	0.000000	1.000000	0.000000	
0.016038	0.000000	0.352326	0.000000	0.936067	
0.000000	0.000000	0.000000	0.959163	0.282855	
0.000000	0.000000	0.707107	0.707107	0.000000	
0.048447	0.322232	0.651722	0.000000	0.685155	
0.938996	0.000000	0.000000	0.343929	0.000000	
0.000000	0.959162	0.000000	0.001299	0.282855	
0.010059	0.542523	0.607249	0.580362	0.000130	
