0.000000	0.316227	0.948684	0.000000	0.000000	
0.831698	0.000000	0.000000	0.415848	0.367898	
0.000000	0.000000	0.959163	0.000000	0.282855	
0.816495	0.408254	0.000000	0.408247	0.000000	
0.514159	0.514160	0.000000	0.514148	0.454898	
0.000000	0.000000	0.707107	0.707107	0.000000	
0.408232	0.408233	0.000000	0.816513	0.000000	
0.500014	0.500015	0.499984	0.499986	0.000000	
0.415832	0.831706	0.000000	0.000000	0.367898	
0.000000	0.831698	0.000000	0.415848	0.367898	
0.000000	0.000000	0.415845	0.831699	0.367898	
0.000000	0.831697	0.415850	0.000000	0.367898	
0.000000	0.352583	0.000000	0.000000	0.935781	
0.316228	0.000000	0.000000	0.948683	0.000000	
0.000000	0.441478	0.000000	0.441478	0.781149	
0.831695	0.415854	0.000000	0.000000	0.367898	
0.000000	0.948683	0.000000	0.316229	0.000000	
0.748969	0.000000	0.000000	0.000000	0.662605	
0.000000	0.000000	0.441478	0.441478	0.781149	
0.000000	0.408234	0.408230	0.816513	0.000000	
0.000000	0.000000	1.000000	0.000000	0.000000	
0.816497	0.000000	0.408251	0.408246	0.000000	
0.408237	0.408238	0.816508	0.000000	0.000000	
0.408231	0.816501	0.408256	0.000000	0.000000	
0.000000	0.000000	0.000000	1.000000	0.000000	
0.000000	0.316228	0.000000	0.948683	0.000000	
0.000000	1.000000	0.000000	0.000000	0.000000	
0.441478	0.441478	0.000000	0.000000	0.781149	
0.000000	0.000000	0.000000	0.748969	0.662605	
0.000000	0.000000	0.000000	0.959163	0.282855	
0.707107	0.000000	0.000000	0.707107	0.000000	
0.441478	0.000000	0.000000	0.441478	0.781149	
0.831697	0.000000	0.415850	0.000000	0.367898	
0.000000	0.441480	0.441476	0.000000	0.781149	
0.000000	0.000000	0.000000	0.352583	0.935781	
0.316227	0.000000	0.948684	0.000000	0.000000	
0.000000	0.816497	0.408251	0.408246	0.000000	
0.000000	0.748969	0.000000	0.000000	0.662605	
0.816492	0.408250	0.408255	0.000000	0.000000	
0.000000	0.707107	0.000000	0.707107	0.000000	
0.514162	0.000000	0.514157	0.514148	0.454898	
0.000000	0.707111	0.707103	0.000000	0.000000	
0.415845	0.000000	0.000000	0.831699	0.367898	
0.408234	0.000000	0.408230	0.816513	0.000000	
0.000000	0.514162	0.514157	0.514148	0.454898	
0.000000	0.000000	0.316228	0.948683	0.000000	
0.000000	0.000000	0.748969	0.000000	0.662605	
0.707111	0.000000	0.707103	0.000000	0.000000	
0.514166	0.514166	0.514135	0.000000	0.454897	
0.948683	0.000000	0.000000	0.316229	0.000000	
0.948688	0.000000	0.316213	0.000000	0.000000	
0.707106	0.707107	0.000000	0.000000	0.000000	
0.000000	0.959163	0.000000	0.000000	0.282855	
1.000000	0.000000	0.000000	0.000000	0.000000	
0.441480	0.000000	0.441476	0.000000	0.781149	
0.000000	0.415845	0.000000	0.831699	0.367898	
0.316234	0.948681	0.000000	0.000000	0.000000	
0.000000	0.000000	0.948683	0.316229	0.000000	
0.000000	0.000000	0.831698	0.415848	0.367898	
0.000000	0.948688	0.316213	0.000000	0.000000	
0.948683	0.316229	0.000000	0.000000	0.000000	
0.415841	0.000000	0.831701	0.000000	0.367898	
0.000000	0.408242	0.816501	0.408246	0.000000	
0.000000	0.000000	0.000000	0.000000	1.000000	
0.959163	0.000000	0.000000	0.000000	0.282855	
0.000000	0.000000	0.352583	0.000000	0.935781	
0.408242	0.000000	0.816501	0.408246	0.000000	
0.352583	0.000000	0.000000	0.000000	0.935781	
0.408233	0.816506	0.000000	0.408246	0.000000	
0.000000	0.415841	0.831701	0.000000	0.367898	
0.943675	0.285999	0.175818	0.000000	0.000000	
0.537234	0.212420	0.817031	0.000000	0.000000	
0.272437	0.000000	0.919658	0.000000	0.282855	
0.408233	0.816506	0.000000	0.408246	0.000000	
0.056309	0.623346	0.000000	0.000000	0.783780	
0.000000	0.409120	0.407342	0.816513	0.000000	
0.000000	0.000000	0.831530	0.415764	0.368372	
0.044789	0.999170	0.000252	0.000000	0.000000	
0.010789	0.000000	0.000000	0.929803	0.367898	
0.000000	0.352583	0.000139	0.000000	0.935781	
0.856191	0.336800	0.137712	0.000000	0.368071	
0.411475	0.000000	0.409687	0.814153	0.000000	
0.750867	0.337488	0.636682	0.000000	0.000000	
0.749228	0.000000	0.000000	0.000000	0.662312	
0.508703	0.076707	0.514448	0.514439	0.455155	
0.000000	0.838562	0.401828	0.000000	0.367898	
0.015665	0.893017	0.451051	0.000000	0.001669	
0.811617	0.200340	0.417991	0.000000	0.369792	
0.397910	0.397911	0.000000	0.397901	0.724575	
0.849435	0.000000	0.000000	0.424716	0.313171	
0.170627	0.000000	0.348325	0.170493	0.905808	
0.000000	0.000000	0.000000	0.748969	0.662605	
0.000000	0.439121	0.045679	0.441491	0.781172	
0.316228	0.000000	0.000000	0.948683	0.000000	
0.218439	0.993305	0.000015	0.001882	0.000000	
0.543133	0.601348	0.305615	0.499986	0.000000	
0.458434	0.000000	0.595661	0.000000	0.664975	
0.878794	0.253248	0.003078	0.404446	0.000000	
0.000000	0.000000	1.000000	0.000000	0.000000	
0.000687	0.000000	0.316228	0.948683	0.000000	
