1.025446	0.000000	0.349486	0.000000	0.000000	
1.078155	0.352852	0.534833	0.000000	0.000000	
0.037543	0.011731	0.046638	1.032960	0.449609	
0.054474	0.448595	0.000000	0.000000	1.058082	
1.203748	0.000000	0.000000	0.000000	0.000000	
1.001429	0.000000	0.000000	0.301787	0.000000	
0.052511	0.000000	0.891168	0.507840	0.209561	
1.023583	0.000000	0.000000	0.039164	0.265699	
0.003901	0.000055	0.382205	1.095075	0.000000	
0.171058	0.380165	0.967405	0.000000	0.353097	
0.084484	0.359271	0.867984	0.536555	0.000000	
0.913383	0.479094	0.000000	0.397730	0.000374	
0.151757	1.005508	0.405679	0.232070	0.000431	
0.081708	0.000955	0.000076	0.265731	1.125912	
0.155582	1.030853	0.415904	0.000000	0.000432	
0.357290	0.987793	0.001239	0.000000	0.510959	
0.302316	0.000000	1.002728	0.000000	0.000000	
0.001892	0.942448	0.000000	0.587826	0.057061	
0.046033	0.823704	0.469657	0.000000	0.461306	
0.352539	1.014531	0.001266	0.000000	0.000000	
0.524251	0.000000	0.787668	0.538257	0.000000	
0.000868	0.000412	0.002225	0.000000	1.108447	
0.939471	0.000000	0.471590	0.000000	0.548150	
0.002377	0.000000	1.219979	0.000000	0.000066	
0.000865	0.430759	1.079956	0.000000	0.000000	
0.000805	0.868398	0.000000	0.000000	0.710494	
0.006816	0.023825	0.490727	0.000000	0.951035	
1.036038	0.398466	0.000000	0.000000	0.000000	
0.011958	0.000000	1.020176	0.000000	0.208172	
0.798041	0.011326	0.006122	0.825953	0.000000	
0.680063	0.000290	0.002969	0.378670	0.862930	
0.382736	0.198118	1.000116	0.000000	0.365036	
0.003661	0.002156	0.604752	0.344035	0.755879	
0.538542	0.541026	0.787790	0.000000	0.000000	
0.000581	1.192888	0.000000	0.000000	0.000000	
0.616481	0.404946	0.601378	0.541382	0.000000	
0.410409	0.944503	0.000000	0.397117	0.000000	
0.007574	0.000107	0.742115	0.860627	0.000000	
0.433295	0.007137	0.635616	0.918790	0.000000	
0.001215	0.605047	0.424157	0.000000	0.857131	
0.338644	0.000000	0.000000	1.101255	0.016252	
0.815527	0.000000	0.007900	0.000000	0.717099	
0.414624	0.000000	0.000166	0.000000	1.040989	
0.579796	0.501579	0.000000	0.000000	0.846044	
0.923955	0.000000	0.000000	0.525612	0.216894	
0.010905	0.000155	1.068517	0.322759	0.000000	
0.002050	1.021207	0.000000	0.000000	0.352623	
0.324742	0.007098	0.371404	0.997804	0.483661	
0.016400	1.068401	0.000000	0.308393	0.000000	
0.007673	0.000130	0.906880	0.000000	0.647287	
0.959977	0.000000	0.521350	0.314556	0.000000	
0.464526	0.010154	0.000179	0.939626	0.455461	
0.545233	0.000000	0.707938	0.498979	0.430945	
0.698155	0.260677	0.495807	0.000000	0.896856	
0.001864	0.928722	0.650747	0.000000	0.001557	
0.731075	0.000000	0.808145	0.000000	0.000000	
0.000515	0.000375	0.000005	1.052689	0.000000	
0.513604	1.009994	0.534200	0.000000	0.000000	
0.785995	0.792992	0.000000	0.000000	0.000000	
0.954687	0.628962	0.000000	0.000000	0.496748	
0.444830	0.668748	0.726587	0.027984	0.523009	
0.440192	0.670681	0.726381	0.000000	0.522429	
0.000353	0.000005	1.043723	0.379316	0.001037	
0.642674	0.000000	0.942634	0.000000	0.232784	
0.880504	0.051783	0.492272	0.287864	0.000000	
0.337647	0.000000	0.000169	1.098016	0.019111	
0.608569	0.432293	0.829672	0.000017	0.025168	
0.929244	0.073982	0.019833	0.530414	0.087293	
1.094032	0.000000	0.372861	0.000000	0.000000	
0.355351	0.000000	1.300063	0.000000	0.000000	
0.672412	0.441685	0.655939	0.590499	0.000000	
0.701764	0.812981	0.000000	0.323648	0.115223	
0.016400	1.068401	0.000000	0.308393	0.000000	
0.503057	0.000000	0.737852	0.498678	0.430685	
0.103770	0.000000	1.161304	0.000000	0.238602	
0.035605	0.000000	1.372407	0.000000	0.000000	
0.166390	0.581608	0.920606	0.000000	0.000000	
0.824238	0.000000	0.000000	0.000000	0.724725	
0.277339	0.226001	0.850766	0.525028	0.000000	
0.105646	0.962526	0.000000	0.000000	0.604220	
0.440944	0.007343	0.646839	0.910298	0.007753	
0.034815	0.026065	0.702050	0.201807	0.806163	
1.135906	0.000000	0.000000	0.000000	0.238374	
0.938822	0.708397	0.000000	0.000000	0.000653	
0.201204	0.579023	0.000723	0.000000	0.995751	
0.343950	1.140359	0.000000	0.000000	0.000000	
0.088949	0.001509	0.901566	0.000000	0.646596	
0.000869	0.432879	1.085271	0.000000	0.000000	
0.144024	0.946042	0.181461	0.682466	0.020784	
1.407145	0.000000	0.119649	0.000000	0.000000	
0.769310	0.013051	0.677711	0.000000	0.492690	
0.000395	0.000000	0.002621	0.000000	1.212535	
0.801936	0.413368	0.632473	0.000000	0.014005	
1.032543	0.000000	0.000000	0.311163	0.000000	
0.363374	0.817052	0.596182	0.000000	0.000168	
0.930929	0.000000	0.000000	0.529580	0.218532	
0.000583	1.196547	0.000000	0.000000	0.000000	
0.743388	0.000000	1.161869	0.000000	0.091227	
0.484589	0.010592	0.000000	1.007692	0.485629	
0.020225	0.000000	0.343241	0.000000	0.990926	
