0.352583	0.000000	0.000000	0.000000	0.935781	
0.707107	0.000000	0.707107	0.000000	0.000000	
0.441480	0.000000	0.441480	0.000000	0.781147	
0.000000	0.415845	0.000000	0.831699	0.367898	
0.408232	0.000000	0.408232	0.816513	0.000000	
0.000000	0.707107	0.000000	0.707107	0.000000	
0.441480	0.000000	0.000000	0.441480	0.781147	
0.000000	0.000000	0.707107	0.707107	0.000000	
0.408237	0.408238	0.816508	0.000000	0.000000	
0.500001	0.500002	0.500010	0.499986	0.000000	
0.000000	0.408248	0.816498	0.408247	0.000000	
0.514160	0.000000	0.514159	0.514148	0.454897	
0.514159	0.514160	0.000000	0.514148	0.454898	
0.408248	0.000000	0.816497	0.408247	0.000000	
0.831698	0.000000	0.000000	0.415848	0.367898	
0.000000	1.000000	0.000000	0.000000	0.000000	
0.000000	0.000000	0.316228	0.948683	0.000000	
0.831696	0.415852	0.000000	0.000000	0.367898	
0.000000	0.352583	0.000000	0.000000	0.935781	
0.948688	0.000000	0.316213	0.000000	0.000000	
0.316228	0.000000	0.000000	0.948683	0.000000	
0.000000	0.000000	0.441480	0.441480	0.781147	
0.000000	0.000000	0.000000	0.748969	0.662605	
1.000000	0.000000	0.000000	0.000000	0.000000	
0.816492	0.408250	0.408255	0.000000	0.000000	
0.408246	0.816494	0.408255	0.000000	0.000000	
0.748969	0.000000	0.000000	0.000000	0.662605	
0.000000	0.816496	0.408250	0.408247	0.000000	
0.000000	0.000000	0.000000	0.352583	0.935781	
0.415845	0.000000	0.000000	0.831699	0.367898	
0.000000	0.000000	0.000000	0.959163	0.282855	
0.000000	0.514160	0.514159	0.514148	0.454898	
0.959163	0.000000	0.000000	0.000000	0.282855	
0.948683	0.316229	0.000000	0.000000	0.000000	
0.408252	0.816495	0.000000	0.408247	0.000000	
0.000000	0.000000	0.831698	0.415848	0.367898	
0.415848	0.000000	0.831698	0.000000	0.367898	
0.707107	0.000000	0.000000	0.707107	0.000000	
0.000000	0.441480	0.000000	0.441480	0.781147	
0.000000	0.000000	0.948683	0.316229	0.000000	
0.000000	0.948688	0.316213	0.000000	0.000000	
0.000000	0.831697	0.415850	0.000000	0.367898	
0.000000	0.408232	0.408232	0.816513	0.000000	
0.707106	0.707107	0.000000	0.000000	0.000000	
0.000000	0.000000	0.000000	0.000000	1.000000	
0.000000	0.000000	1.000000	0.000000	0.000000	
0.415848	0.831698	0.000000	0.000000	0.367898	
0.816496	0.000000	0.408250	0.408247	0.000000	
0.000000	0.831698	0.000000	0.415848	0.367898	
0.316227	0.000000	0.948684	0.000000	0.000000	
0.000000	0.316227	0.948684	0.000000	0.000000	
0.000000	0.948683	0.000000	0.316229	0.000000	
0.316234	0.948681	0.000000	0.000000	0.000000	
0.441480	0.441481	0.000000	0.000000	0.781147	
0.816496	0.408251	0.000000	0.408247	0.000000	
0.000000	0.959163	0.000000	0.000000	0.282855	
0.000000	0.000000	0.000000	1.000000	0.000000	
0.000000	0.441480	0.441480	0.000000	0.781147	
0.948683	0.000000	0.000000	0.316229	0.000000	
0.000000	0.000000	0.415845	0.831699	0.367898	
0.000000	0.316228	0.000000	0.948683	0.000000	
0.000000	0.707107	0.707107	0.000000	0.000000	
0.831697	0.000000	0.415850	0.000000	0.367898	
0.000000	0.000000	0.352583	0.000000	0.935781	
0.514148	0.514149	0.514171	0.000000	0.454897	
0.408232	0.408233	0.000000	0.816513	0.000000	
0.000000	0.000000	0.959163	0.000000	0.282855	
0.000000	0.415842	0.831701	0.000000	0.367898	
0.000000	0.000000	0.748969	0.000000	0.662605	
0.000000	0.748969	0.000000	0.000000	0.662605	
0.000000	0.508008	0.000000	0.362957	0.781147	
0.000000	0.123082	0.321713	0.075273	0.935781	
0.000000	0.707107	0.707107	0.000000	0.000000	
0.766451	0.392580	0.002541	0.462362	0.288239	
0.026295	0.312036	0.143493	0.075273	0.935781	
0.441480	0.000000	0.000000	0.441480	0.781147	
0.948683	0.000000	0.000000	0.316229	0.000000	
0.315937	0.333607	0.425978	0.000000	0.783904	
0.000000	0.000000	0.861554	0.430776	0.269363	
0.707103	0.707104	0.003155	0.000000	0.000000	
0.009984	0.448017	0.896260	0.000000	0.000000	
0.036772	0.918701	0.000000	0.138875	0.367898	
0.000000	0.514160	0.514159	0.514148	0.454898	
0.929276	0.033113	0.000000	0.000000	0.367898	
0.602635	0.000000	0.602635	0.000000	0.523825	
0.628889	0.000000	0.000000	0.630529	0.454897	
0.000000	0.000000	1.000000	0.000062	0.000000	
0.185096	0.017674	0.071929	0.979456	0.056261	
0.024526	0.000000	0.948366	0.316229	0.000000	
0.514159	0.514160	0.000000	0.514148	0.454898	
0.916662	0.431493	0.000000	0.000000	0.000000	
0.403734	0.000000	0.434478	0.805753	0.000000	
0.152255	0.267870	0.000322	0.683980	0.663673	
0.000000	0.000000	0.707107	0.707107	0.000000	
0.000000	0.945409	0.325886	0.000000	0.000000	
0.435255	0.437807	0.294092	0.000000	0.729649	
0.434498	0.434499	0.610276	0.499986	0.000000	
0.000000	0.000000	0.264858	0.964287	0.000000	
0.143646	0.000000	0.143646	0.142480	0.982457	
0.684390	0.203510	0.000000	0.714007	0.000000	
