0.000000	0.000000	0.959163	0.000000	0.282855	
0.000000	0.816496	0.408250	0.408247	0.000000	
0.000000	0.352583	0.000000	0.000000	0.935781	
0.000000	0.000000	0.441480	0.441480	0.781147	
0.000000	0.000000	0.000000	0.959163	0.282855	
0.500001	0.500002	0.500010	0.499986	0.000000	
0.000000	1.000000	0.000000	0.000000	0.000000	
0.415848	0.831698	0.000000	0.000000	0.367898	
0.514160	0.000000	0.514159	0.514148	0.454897	
0.816496	0.000000	0.408250	0.408247	0.000000	
0.000000	0.316227	0.948684	0.000000	0.000000	
0.000000	0.831697	0.415850	0.000000	0.367898	
0.000000	0.000000	0.000000	0.000000	1.000000	
0.000000	0.408232	0.408232	0.816513	0.000000	
0.707106	0.707107	0.000000	0.000000	0.000000	
0.000000	0.000000	0.948683	0.316229	0.000000	
0.707107	0.000000	0.707107	0.000000	0.000000	
0.408248	0.816498	0.000000	0.408247	0.000000	
0.748969	0.000000	0.000000	0.000000	0.662605	
0.948683	0.000000	0.000000	0.316229	0.000000	
0.959163	0.000000	0.000000	0.000000	0.282855	
0.408232	0.000000	0.408232	0.816513	0.000000	
0.000000	0.000000	1.000000	0.000000	0.000000	
0.316228	0.000000	0.000000	0.948683	0.000000	
0.000000	0.959163	0.000000	0.000000	0.282855	
0.000000	0.707107	0.000000	0.707107	0.000000	
0.441480	0.000000	0.000000	0.441480	0.781147	
0.000000	0.831698	0.000000	0.415848	0.367898	
0.948683	0.316229	0.000000	0.000000	0.000000	
0.000000	0.707107	0.707107	0.000000	0.000000	
0.816496	0.408251	0.000000	0.408247	0.000000	
0.000000	0.514160	0.514159	0.514148	0.454898	
0.000000	0.000000	0.415845	0.831699	0.367898	
0.000000	0.000000	0.000000	0.352583	0.935781	
0.000000	0.948683	0.000000	0.316229	0.000000	
0.000000	0.415845	0.000000	0.831699	0.367898	
0.000000	0.415842	0.831701	0.000000	0.367898	
0.408237	0.408238	0.816508	0.000000	0.000000	
0.000000	0.948688	0.316213	0.000000	0.000000	
0.000000	0.000000	0.831698	0.415848	0.367898	
0.000000	0.000000	0.707107	0.707107	0.000000	
0.415845	0.000000	0.000000	0.831699	0.367898	
0.000000	0.000000	0.748969	0.000000	0.662605	
0.000000	0.000000	0.000000	1.000000	0.000000	
0.000000	0.441480	0.000000	0.441480	0.781147	
1.000000	0.000000	0.000000	0.000000	0.000000	
0.000000	0.316228	0.000000	0.948683	0.000000	
0.831698	0.000000	0.000000	0.415848	0.367898	
0.000000	0.000000	0.000000	0.748969	0.662605	
0.948688	0.000000	0.316213	0.000000	0.000000	
0.514148	0.514149	0.514171	0.000000	0.454897	
0.831697	0.000000	0.415850	0.000000	0.367898	
0.000000	0.408248	0.816498	0.408247	0.000000	
0.514159	0.514160	0.000000	0.514148	0.454898	
0.408232	0.408233	0.000000	0.816513	0.000000	
0.000000	0.748969	0.000000	0.000000	0.662605	
0.316227	0.000000	0.948684	0.000000	0.000000	
0.000000	0.000000	0.352583	0.000000	0.935781	
0.831696	0.415852	0.000000	0.000000	0.367898	
0.415848	0.000000	0.831698	0.000000	0.367898	
0.707107	0.000000	0.000000	0.707107	0.000000	
0.408248	0.000000	0.816497	0.408247	0.000000	
0.441480	0.441481	0.000000	0.000000	0.781147	
0.441480	0.000000	0.441480	0.000000	0.781147	
0.352583	0.000000	0.000000	0.000000	0.935781	
0.000000	0.441480	0.441480	0.000000	0.781147	
0.316234	0.948681	0.000000	0.000000	0.000000	
0.000000	0.000000	0.316228	0.948683	0.000000	
0.816492	0.408250	0.408255	0.000000	0.000000	
0.408246	0.816494	0.408255	0.000000	0.000000	
0.000000	0.000000	0.429741	0.143248	0.895022	
0.929866	0.000000	0.000000	0.000000	0.367898	
0.280479	0.639813	0.000000	0.715521	0.000000	
0.405144	0.094164	0.000000	0.831894	0.367984	
0.006084	0.436680	0.780255	0.000000	0.564224	
0.098708	0.338484	0.000000	0.000000	0.935781	
0.003183	0.999995	0.000000	0.000000	0.000000	
0.362893	0.630083	0.514171	0.000000	0.454897	
0.610121	0.000000	0.000000	0.015247	0.792162	
0.583151	0.000127	0.825389	0.000000	0.000141	
0.000000	0.000000	0.000000	0.752458	0.665692	
0.901695	0.000000	0.438054	0.000000	0.000000	
0.505985	0.629618	0.000737	0.359398	0.477533	
0.069240	0.739119	0.000000	0.020205	0.669959	
0.825167	0.512962	0.236580	0.000000	0.000000	
0.000000	0.816496	0.408250	0.408247	0.000000	
0.000000	0.659386	0.659331	0.000004	0.361239	
0.316227	0.000000	0.948684	0.000000	0.000000	
0.441480	0.000000	0.441480	0.000000	0.781147	
0.413355	0.807873	0.420140	0.000000	0.000000	
0.294625	0.544559	0.000000	0.000000	0.786779	
0.000000	0.441480	0.000000	0.441480	0.781147	
0.000283	0.034081	0.440163	0.441480	0.781147	
0.517957	0.772269	0.000000	0.000000	0.367904	
0.567770	0.826207	0.000000	0.000000	0.010831	
0.831696	0.415852	0.000000	0.000000	0.367898	
0.000000	0.707107	0.000000	0.707107	0.000000	
0.441480	0.000000	0.000000	0.441480	0.781147	
0.334467	0.000000	0.000000	0.944336	0.000000	
0.000000	0.316184	0.948556	0.000000	0.019911	
