0.000000	0.352583	0.000000	0.000000	0.935781	
0.514159	0.514160	0.000000	0.514148	0.454898	
0.352583	0.000000	0.000000	0.000000	0.935781	
0.408232	0.408233	0.000000	0.816513	0.000000	
0.500014	0.500015	0.499984	0.499986	0.000000	
0.000000	0.000000	0.316228	0.948683	0.000000	
0.816497	0.000000	0.408251	0.408246	0.000000	
0.000000	0.316227	0.948684	0.000000	0.000000	
0.415836	0.831704	0.000000	0.000000	0.367898	
0.816495	0.408254	0.000000	0.408247	0.000000	
0.000000	0.000000	0.415845	0.831699	0.367898	
0.000000	0.000000	0.948683	0.316229	0.000000	
0.000000	0.441480	0.441476	0.000000	0.781149	
0.000000	0.948688	0.316213	0.000000	0.000000	
0.000000	0.000000	0.959163	0.000000	0.282855	
0.000000	0.415845	0.000000	0.831699	0.367898	
0.000000	0.707107	0.000000	0.707107	0.000000	
0.000000	0.000000	0.000000	0.352583	0.935781	
0.415845	0.000000	0.000000	0.831699	0.367898	
0.000000	0.000000	0.748969	0.000000	0.662605	
0.707106	0.707107	0.000000	0.000000	0.000000	
0.000000	0.408242	0.816501	0.408246	0.000000	
0.831697	0.000000	0.415850	0.000000	0.367898	
0.000000	0.000000	0.352583	0.000000	0.935781	
0.441478	0.441478	0.000000	0.000000	0.781149	
0.000000	0.000000	0.707107	0.707107	0.000000	
0.000000	1.000000	0.000000	0.000000	0.000000	
0.000000	0.000000	0.000000	0.000000	1.000000	
0.408234	0.816500	0.408256	0.000000	0.000000	
0.514162	0.000000	0.514157	0.514148	0.454898	
0.000000	0.000000	0.000000	0.959163	0.282855	
0.707111	0.000000	0.707103	0.000000	0.000000	
0.000000	0.000000	0.000000	0.748969	0.662605	
0.000000	0.000000	1.000000	0.000000	0.000000	
0.000000	0.748969	0.000000	0.000000	0.662605	
0.316227	0.000000	0.948684	0.000000	0.000000	
0.000000	0.415841	0.831701	0.000000	0.367898	
0.000000	0.000000	0.441478	0.441478	0.781149	
0.000000	0.816497	0.408251	0.408246	0.000000	
0.000000	0.316228	0.000000	0.948683	0.000000	
0.948683	0.000000	0.000000	0.316229	0.000000	
0.441480	0.000000	0.441476	0.000000	0.781149	
0.316234	0.948681	0.000000	0.000000	0.000000	
0.000000	0.831697	0.415850	0.000000	0.367898	
0.000000	0.000000	0.000000	1.000000	0.000000	
0.000000	0.514162	0.514157	0.514148	0.454898	
0.831695	0.415854	0.000000	0.000000	0.367898	
0.408242	0.000000	0.816501	0.408247	0.000000	
0.316228	0.000000	0.000000	0.948683	0.000000	
0.408234	0.000000	0.408230	0.816513	0.000000	
0.831698	0.000000	0.000000	0.415848	0.367898	
0.959163	0.000000	0.000000	0.000000	0.282855	
0.408237	0.408238	0.816508	0.000000	0.000000	
0.000000	0.831698	0.000000	0.415848	0.367898	
0.000000	0.000000	0.831698	0.415848	0.367898	
0.514166	0.514166	0.514135	0.000000	0.454897	
0.000000	0.959163	0.000000	0.000000	0.282855	
0.000000	0.948683	0.000000	0.316229	0.000000	
0.948683	0.316229	0.000000	0.000000	0.000000	
0.748969	0.000000	0.000000	0.000000	0.662605	
0.000000	0.707111	0.707103	0.000000	0.000000	
0.000000	0.441478	0.000000	0.441478	0.781149	
0.408233	0.816505	0.000000	0.408247	0.000000	
0.415841	0.000000	0.831701	0.000000	0.367898	
0.707107	0.000000	0.000000	0.707107	0.000000	
0.816492	0.408250	0.408255	0.000000	0.000000	
0.441478	0.000000	0.000000	0.441478	0.781149	
0.948688	0.000000	0.316213	0.000000	0.000000	
1.000000	0.000000	0.000000	0.000000	0.000000	
0.000000	0.408234	0.408230	0.816513	0.000000	
0.796074	0.041045	0.395771	0.031858	0.454898	
0.000000	0.000000	1.000321	0.000000	0.000000	
0.000000	0.000000	0.816202	0.577767	0.000000	
0.000000	0.641936	0.699831	0.316553	0.000000	
0.444897	0.444898	0.000000	0.000000	0.778172	
0.379604	0.745339	0.365659	0.408246	0.000000	
0.602145	0.602146	0.000000	0.524254	0.000000	
0.695360	0.723824	0.000000	0.000000	0.000000	
0.000000	0.577687	0.000000	0.817021	0.000000	
0.001352	0.000000	0.000004	0.999999	0.000000	
0.902153	0.451081	0.000000	0.000000	0.000000	
0.000000	0.000000	0.000000	0.000000	1.000000	
0.923366	0.000000	0.109753	0.000000	0.367898	
0.764126	0.382069	0.321666	0.408247	0.000000	
0.415841	0.000000	0.831701	0.000000	0.367898	
0.769572	0.416062	0.000000	0.000000	0.484409	
0.000000	0.000000	0.948683	0.316229	0.000000	
0.828988	0.000000	0.000000	0.000000	0.559272	
0.232682	0.000000	0.000000	0.077561	0.976013	
0.415836	0.831704	0.000000	0.000000	0.367898	
0.310624	0.000000	0.937532	0.000000	0.156671	
0.000000	0.000000	0.760563	0.377998	0.535117	
0.597452	0.000000	0.597446	0.281385	0.454898	
0.000000	0.000000	0.943672	0.000000	0.373360	
0.743583	0.000000	0.488349	0.444802	0.103687	
0.000000	0.000000	0.000000	0.930130	0.367230	
0.000000	0.753171	0.547841	0.364149	0.000000	
0.577137	0.000000	0.579014	0.578356	0.000000	
0.889657	0.000000	0.000000	0.444827	0.103693	
0.381852	0.596139	0.707941	0.000000	0.000000	
