0.000000	0.000000	0.732164	6.854862	
0.857137	0.218889	0.220020	5.483130	
0.816859	0.192935	0.619735	5.699605	
0.154838	0.000188	0.280473	7.278103	
0.193104	0.000006	0.777736	6.169909	
0.003162	0.778483	0.197115	6.156534	
0.003610	0.730027	0.738480	5.655827	
0.625101	0.800329	0.246962	5.699339	
0.278389	0.000107	0.000128	7.608674	
0.229446	0.659993	0.223137	6.563020	
0.658818	0.598043	0.233014	6.799105	
0.612235	0.208070	0.000675	7.310995	
0.797292	0.254407	0.817513	4.402039	
0.013925	0.871014	0.801933	4.728515	
0.000265	0.124571	0.000149	7.761111	
0.138258	0.136849	0.000050	7.460606	
0.891804	0.044775	0.795164	4.746282	
0.204961	0.238670	0.898326	5.546010	
0.869819	0.026110	0.598636	6.040593	
0.013304	0.003089	0.890471	6.327392	
0.630572	0.663125	0.640145	6.458556	
0.171046	0.317079	0.195876	6.908410	
0.000476	0.000007	0.280362	7.586544	
0.628664	0.000000	0.210696	7.341390	
0.265908	0.622677	0.788554	5.698534	
0.690204	0.683859	0.938000	4.909439	
0.244512	0.642858	0.618260	6.745341	
0.000000	0.000000	0.000000	8.001049	
0.902179	0.784440	0.025678	4.860508	
0.307533	0.172406	0.002705	7.272402	
0.612687	0.279512	0.792238	5.826170	
0.630572	0.015632	0.650498	7.012223	
0.283093	0.000069	0.152844	7.284098	
0.000467	0.000117	0.127808	7.754574	
0.789785	0.023817	0.891247	4.804331	
0.795388	0.189613	0.000209	6.091269	
0.784240	0.000605	0.198053	6.171755	
0.204961	0.781642	0.000002	6.131537	
0.007513	0.753165	0.572254	6.566349	
0.001289	0.724031	0.000037	6.903512	
0.000508	0.163949	0.293344	7.271183	
0.128659	0.000004	0.000000	7.751366	
0.013177	0.884336	0.015709	6.299170	
0.786161	0.593691	0.262584	5.864054	
0.665219	0.217243	0.228922	6.570722	
0.136046	0.000121	0.136847	7.465664	
0.000000	0.620695	0.198637	7.389940	
0.727900	0.000980	0.009524	6.878908	
0.149020	0.152376	0.150547	7.102347	
0.193865	0.622445	0.006703	7.255840	
0.019217	0.265943	0.174312	7.233772	
0.220361	0.889482	0.213985	5.523681	
0.881994	0.864706	0.741381	3.415284	
0.048788	0.607874	0.732597	6.498003	
0.733766	0.886273	0.891163	3.515604	
0.693187	0.872101	0.676340	4.722079	
0.000111	0.594911	0.000021	7.778186	
0.003664	0.000006	0.638732	7.686807	
0.004404	0.275992	0.000002	7.578038	
0.739936	0.735318	0.001135	5.609799	
0.251503	0.186375	0.175885	6.858314	
0.921379	0.661299	0.710854	4.831203	
0.036699	0.800703	0.907942	4.789581	
0.162578	0.321905	0.000138	7.318869	
0.330607	0.683194	0.025760	6.840221	
0.720275	0.003211	0.583555	6.756863	
0.217290	0.000009	0.610789	7.286558	
0.891804	0.026110	0.011151	6.304248	
0.196207	0.798673	0.577487	5.940764	
0.181090	0.192579	0.312866	6.889394	
0.269436	0.804015	0.811694	4.394751	
0.629246	0.013991	0.896114	5.932735	
0.727900	0.000980	0.748878	5.617102	
0.820430	0.896307	0.046595	4.662967	
0.218744	0.220923	0.656050	6.594239	
0.000012	0.136400	0.139422	7.458805	
0.000008	0.193385	0.788424	6.114695	
0.858979	0.725754	0.858939	3.505466	
0.000611	0.193385	0.633536	7.180988	
0.804585	0.805348	0.272224	4.418096	
0.787239	0.005520	0.192857	6.114519	
0.807094	0.189613	0.000866	6.038539	
0.803778	0.805519	0.267125	4.417563	
0.701430	0.707252	0.879734	4.425297	
0.005799	0.025157	0.632960	7.529289	
0.009951	0.620695	0.187867	7.258480	
0.629246	0.000109	0.194413	7.207785	
0.629246	0.000109	0.890507	5.933958	
0.000000	0.620695	0.000021	7.640773	
0.000467	0.010432	0.126656	7.802859	
0.818654	0.870700	0.005236	4.702079	
0.809174	0.185945	0.633590	5.669388	
0.891804	0.026110	0.019637	6.293199	
0.013304	0.163949	0.259109	7.231697	
0.003162	0.780814	0.197115	6.143875	
0.789785	0.023817	0.891247	4.804331	
0.765795	0.003704	0.004015	6.669740	
0.251503	0.186375	0.172793	6.901186	
0.273045	0.000000	0.158400	7.264453	
0.857137	0.218889	0.219360	5.485656	
0.142031	0.007051	0.016053	7.694193	
0.226793	0.220908	0.857681	5.476650	
0.869819	0.026110	0.788216	4.773168	
0.665219	0.173984	0.003606	7.046603	
0.037948	0.800815	0.891547	4.733764	
0.252197	0.649848	0.618909	6.676602	
0.719262	0.003224	0.607148	6.709662	
0.133515	0.136849	0.000050	7.471916	
0.738473	0.869162	0.891163	3.457294	
0.164350	0.321905	0.008521	7.306209	
0.669331	0.869073	0.182060	5.318493	
0.000137	0.000007	0.007400	7.993540	
0.177316	0.005971	0.627065	7.243065	
0.714468	0.890150	0.639270	4.843267	
0.000265	0.128577	0.000149	7.751241	
0.136046	0.000121	0.136847	7.465664	
0.885372	0.867202	0.735868	3.466582	
0.209109	0.632297	0.732222	6.080669	
0.194290	0.317079	0.198166	6.865342	
0.330607	0.162881	0.025760	7.303877	
0.035817	0.264071	0.124771	7.303747	
0.618852	0.650266	0.250762	6.700844	
0.921379	0.719916	0.656642	4.796418	
0.012870	0.915247	0.780337	4.950030	
0.204961	0.784370	0.000002	6.117050	
0.043102	0.683859	0.617302	6.806498	
0.193104	0.000006	0.811636	6.014723	
0.278715	0.000107	0.006407	7.585632	
0.174285	0.781642	0.739877	4.989344	
0.153633	0.000188	0.280473	7.279912	
0.171948	0.650266	0.249633	6.730197	
0.193700	0.630234	0.006703	7.205024	
0.003697	0.276128	0.000000	7.637598	
0.857044	0.676737	0.842298	3.885542	
0.797292	0.254407	0.809529	4.427855	
0.620953	0.723574	0.000248	6.631008	
0.167330	0.186310	0.302329	6.908933	
0.030999	0.656445	0.005434	7.367212	
0.017177	0.020407	0.878898	6.278438	
0.195850	0.783523	0.577487	6.017446	
0.014656	0.884336	0.016524	6.296231	
0.630572	0.663125	0.633661	6.500641	
0.620069	0.279512	0.792238	5.746604	
0.231406	0.226546	0.662655	6.525686	
0.218744	0.220923	0.180053	6.827214	
0.220361	0.858545	0.214892	5.486642	
0.000012	0.187417	0.636040	7.175281	
0.901282	0.784440	0.025760	4.857577	
0.007653	0.005076	0.735173	6.809495	
0.762239	0.686648	0.001135	5.824401	
0.000885	0.135215	0.138572	7.613641	
0.786467	0.600242	0.249217	5.830392	
0.000611	0.681342	0.786706	5.791139	
0.669264	0.217733	0.221035	6.538471	
0.016260	0.000007	0.267894	7.559265	
0.004670	0.622926	0.732597	6.480950	
0.000611	0.193385	0.788424	6.114298	
0.042669	0.000000	0.730898	6.824576	
0.187944	0.869162	0.891163	4.286073	
0.315648	0.719916	0.002336	6.564542	
0.803778	0.805519	0.267086	4.610459	
0.775913	0.253247	0.887807	4.486839	
0.172306	0.325478	0.827463	5.652972	
0.332491	0.843535	0.171727	5.639254	
0.177316	0.005971	0.627065	7.243065	
0.003162	0.778406	0.197115	6.384728	
0.000166	0.799290	0.000066	6.442668	
0.803137	0.606022	0.249217	5.721468	
0.644932	0.180445	0.670783	6.431264	
0.669331	0.846968	0.182060	5.428483	
0.891804	0.017031	0.891075	4.675851	
0.035786	0.806619	0.011151	6.355316	
0.000087	0.131713	0.000150	7.744912	
0.906153	0.613787	0.732597	4.931586	
0.344263	0.188608	0.646270	6.797283	
0.888602	0.797777	0.020432	4.766755	
0.278715	0.013807	0.011699	7.577339	
0.191853	0.328520	0.005399	7.273202	
0.050992	0.262986	0.124771	7.283998	
0.856090	0.218889	0.225945	5.480579	
0.000043	0.624360	0.176633	7.266605	
0.265908	0.623119	0.788554	5.696016	
0.665219	0.211290	0.220755	6.583144	
0.128866	0.000004	0.000000	7.750894	
0.000015	0.800815	0.891547	4.784115	
0.273045	0.000000	0.731277	6.431223	
0.762239	0.686648	0.837466	4.309757	
0.021627	0.042453	0.002934	7.914954	
0.012533	0.797777	0.623177	6.061619	
0.017219	0.020407	0.870418	6.270496	
0.266608	0.630308	0.304968	6.773371	
0.000009	0.635502	0.636040	7.095371	
0.723168	0.000140	0.280473	6.495757	
0.000006	0.140954	0.633536	7.283647	
0.194290	0.317079	0.198166	6.865342	
0.762239	0.675392	0.645200	5.554300	
0.885372	0.867202	0.735907	3.466509	
0.204961	0.003658	0.135658	7.336257	
0.013925	0.871014	0.769822	4.939943	
0.278715	0.695852	0.006407	6.700923	
