0.612655	0.292125	0.752753	5.987515	
0.000315	0.625519	0.195371	7.393236	
0.007583	0.188576	0.622681	7.247190	
0.148316	0.146411	0.148862	7.120063	
0.194308	0.044694	0.313800	7.184086	
0.000000	0.000000	0.000000	8.149755	
0.332115	0.001566	0.696487	6.783345	
0.916312	0.667084	0.026031	5.732332	
0.687512	0.000000	0.486106	7.174725	
0.000010	0.521938	0.667206	7.338032	
0.785584	0.625519	0.195371	5.737301	
0.153635	0.210019	0.303664	6.974717	
0.193115	0.775929	0.002827	6.177004	
0.009000	0.696065	0.288109	6.785200	
0.136446	0.000008	0.131184	7.477835	
0.004126	0.307691	0.135624	7.468811	
0.184709	0.331167	0.125977	7.056552	
0.012168	0.892960	0.002256	6.337553	
0.293000	0.288366	0.000060	7.314184	
0.000647	0.000239	0.711625	6.995292	
0.224829	0.654142	0.767840	5.613593	
0.879837	0.872781	0.740483	3.422928	
0.805042	0.250025	0.793968	4.458471	
0.134605	0.649683	0.584004	7.027258	
0.803617	0.303372	0.597655	5.820274	
0.000313	0.728562	0.003773	7.031553	
0.702141	0.930843	0.683604	4.823038	
0.002070	0.771395	0.197173	6.198415	
0.658597	0.222345	0.207471	6.661442	
0.719911	0.000479	0.002193	6.932212	
0.311188	0.160214	0.000000	7.304567	
0.732613	0.735007	0.003086	5.661624	
0.796880	0.807166	0.253596	4.436572	
0.282509	0.005512	0.000080	7.620351	
0.000120	0.000037	0.246376	7.578024	
0.123989	0.000000	0.000000	7.764210	
0.857294	0.729447	0.859987	3.478129	
0.000837	0.135365	0.134636	7.472393	
0.218686	0.223136	0.861575	5.480690	
0.784006	0.000077	0.202200	6.312090	
0.000000	0.000000	0.126040	7.890316	
0.859129	0.000000	0.552197	6.243398	
0.647293	0.197971	0.021773	7.135654	
0.273292	0.000130	0.270682	7.190601	
0.168717	0.917902	0.674757	5.478662	
0.898360	0.012351	0.810216	4.753759	
0.219716	0.007848	0.639403	7.123140	
0.619349	0.000000	0.000000	7.660745	
0.921694	0.806681	0.052860	4.794439	
0.877330	0.226680	0.218506	5.490536	
0.004417	0.165867	0.293795	7.266396	
0.140885	0.266935	0.003614	7.298192	
0.894612	0.005420	0.003702	6.347231	
0.226210	0.654142	0.212823	6.601205	
0.665930	0.810831	0.261011	5.602189	
0.137456	0.136237	0.000000	7.464780	
0.791963	0.892960	0.027861	4.792045	
0.000044	0.127635	0.000243	7.819460	
0.682918	0.681065	0.880512	4.772587	
0.000634	0.634147	0.000215	7.677990	
0.735314	0.871614	0.872438	3.448211	
0.789836	0.018849	0.884507	4.796018	
0.223412	0.888246	0.219979	5.515797	
0.000313	0.728987	0.730687	5.745625	
0.221647	0.232134	0.645231	6.648978	
0.303068	0.000112	0.147741	7.318992	
0.023757	0.797627	0.885780	4.755509	
0.002868	0.331102	0.860609	5.966399	
0.207246	0.000001	0.767604	6.220317	
0.213507	0.627000	0.011223	7.191252	
0.621048	0.023353	0.199356	7.224321	
0.009378	0.000186	0.904677	6.378432	
0.303622	0.686889	0.002086	6.793744	
0.916312	0.667084	0.701214	4.841334	
0.654125	0.632311	0.273252	6.703663	
0.783616	0.199075	0.000032	6.187832	
0.655166	0.641725	0.648533	6.430645	
0.265053	0.849122	0.822584	4.324714	
0.726097	0.002996	0.743984	5.648040	
0.004903	0.901822	0.770589	4.962667	
0.306173	0.160361	0.147771	7.002966	
0.000425	0.288366	0.000036	7.709235	
0.701687	0.346806	0.051270	6.705427	
0.002333	0.196069	0.761661	6.257503	
0.000019	0.276234	0.300134	7.191286	
0.025276	0.873126	0.793396	4.752236	
0.266764	0.849122	0.842393	4.305542	
0.012170	0.887846	0.015422	6.309021	
0.215490	0.824756	0.000001	6.097205	
0.000072	0.893522	0.120340	6.142020	
0.153635	0.127635	0.303664	7.083955	
0.022282	0.645587	0.170604	7.114248	
0.703003	0.002566	0.004531	7.053749	
0.005296	0.284219	0.135624	7.320242	
0.093609	0.349948	0.861154	5.846075	
0.857294	0.727473	0.859887	3.492501	
0.150637	0.151001	0.153511	7.094412	
0.625753	0.639748	0.125888	6.888096	
0.332115	0.001548	0.696487	6.783418	
0.859129	0.000000	0.552197	6.243398	
0.791963	0.892960	0.002256	4.824795	
0.902087	0.000000	0.014314	6.363634	
0.137685	0.266935	0.003614	7.303592	
0.282509	0.008164	0.005543	7.574766	
0.706116	0.628361	0.011526	6.619433	
0.805042	0.250025	0.795425	4.451738	
0.613392	0.135365	0.772057	5.999664	
0.000000	0.000000	0.000000	8.001197	
0.209365	0.000005	0.767604	6.206743	
0.647293	0.125618	0.021773	7.363674	
0.131161	0.000000	0.000000	7.747147	
0.916312	0.667084	0.705608	4.806011	
0.850348	0.873452	0.740525	3.414645	
0.664301	0.007848	0.641144	6.854168	
0.921694	0.655777	0.211075	5.537921	
0.773919	0.303372	0.597655	5.993318	
0.003812	0.710677	0.288109	6.676819	
0.151111	0.000001	0.227612	7.286007	
0.000772	0.276664	0.003597	7.580247	
0.898360	0.012351	0.824612	4.737690	
0.009958	0.198776	0.636197	7.220371	
0.877330	0.226680	0.218275	5.490890	
0.216730	0.221822	0.861575	5.483245	
0.658597	0.222345	0.207637	6.578856	
0.924040	0.806681	0.000797	5.011506	
0.836414	0.012351	0.824721	4.668561	
0.021740	0.003936	0.138379	7.698234	
0.732613	0.734916	0.003086	5.662277	
0.219716	0.007848	0.640297	7.096876	
0.136800	0.000008	0.134756	7.468607	
0.224829	0.654565	0.767840	5.610947	
0.688371	0.685136	0.588752	6.191939	
0.702141	0.930843	0.686020	4.767013	
0.719869	0.866105	0.872438	3.556899	
0.000422	0.135365	0.135678	7.474269	
0.137456	0.133879	0.000000	7.470357	
0.282944	0.000008	0.131007	7.333442	
0.016999	0.139814	0.218275	7.294794	
0.016404	0.000186	0.904677	6.368824	
0.000349	0.728562	0.000026	6.870450	
0.016803	0.003936	0.231680	7.555635	
0.028241	0.799616	0.885780	4.749139	
0.730820	0.002996	0.743584	5.616588	
0.223484	0.888246	0.222512	5.512172	
0.283615	0.157436	0.176451	6.929397	
0.784802	0.000174	0.196788	6.127522	
0.824617	0.136543	0.000000	6.087482	
0.000010	0.516395	0.663535	7.350229	
0.639232	0.882368	0.270905	5.431208	
0.814690	0.804666	0.253596	4.376825	
0.692879	0.678368	0.877651	4.724866	
0.001834	0.127012	0.000243	7.819418	
0.000011	0.799358	0.672733	5.740583	
0.164348	0.910971	0.678983	5.420145	
0.000575	0.195936	0.777200	6.167139	
0.222281	0.654142	0.225811	6.592621	
0.005714	0.276234	0.293795	7.176705	
0.214840	0.207196	0.000219	7.238495	
0.125994	0.000219	0.694652	6.937697	
0.629837	0.011659	0.196048	7.187171	
0.135756	0.287836	0.139359	7.055734	
0.622543	0.009005	0.001746	7.619090	
0.213507	0.302659	0.694205	6.513900	
0.898360	0.010580	0.810216	4.773191	
0.916678	0.007848	0.706473	5.462297	
0.011661	0.830404	0.858564	4.771611	
0.000465	0.805668	0.253596	6.063677	
0.217940	0.008172	0.174001	7.254439	
0.663935	0.667084	0.640278	6.336807	
0.125994	0.661746	0.694652	6.307079	
0.315652	0.287836	0.682817	6.449812	
0.001271	0.136237	0.000000	7.733324	
0.293298	0.742236	0.251569	6.107567	
0.841142	0.866490	0.003889	4.763786	
0.014034	0.198776	0.639856	7.115974	
0.145571	0.276234	0.293795	6.894356	
0.873776	0.642958	0.734109	4.647118	
0.636341	0.642958	0.881881	5.422312	
0.131060	0.000000	0.000000	7.747425	
0.656887	0.131210	0.000043	7.211247	
0.137548	0.093160	0.176451	7.220490	
0.209293	0.000005	0.767604	6.208173	
0.815929	0.035890	0.008470	6.322554	
0.005332	0.277986	0.196788	7.193910	
0.218777	0.131446	0.000000	7.461226	
0.000534	0.195936	0.886290	6.129341	
0.745442	0.291193	0.002065	6.465678	
0.701040	0.930843	0.686204	5.142664	
0.265150	0.127635	0.000243	7.575324	
0.020166	0.756242	0.003086	6.767007	
0.014184	0.000037	0.742328	6.774133	
0.012658	0.656536	0.301062	7.057465	
0.213241	0.654142	0.731776	5.945523	
0.136877	0.000008	0.131007	7.477180	
0.650836	0.632656	0.270905	6.591658	
0.784213	0.184728	0.874771	4.518948	
0.025276	0.861352	0.823409	4.632944	
0.000000	0.000000	0.222287	7.734147	
0.019519	0.003930	0.138379	7.707002	
0.810057	0.000037	0.246376	5.976726	
