0.332115	0.001548	0.696487	6.783421	
0.280957	0.177111	0.170686	6.898827	
0.610824	0.810831	0.258595	5.705895	
0.093609	0.349948	0.861154	5.846075	
0.000647	0.000239	0.711625	6.995292	
0.655518	0.887031	0.009552	5.791817	
0.275480	0.830404	0.853977	4.256834	
0.282808	0.008164	0.297326	7.183427	
0.212443	0.612591	0.645231	6.769718	
0.877330	0.226786	0.225430	5.484945	
0.606230	0.194779	0.000000	7.342608	
0.921694	0.806681	0.017011	4.852388	
0.733939	0.000479	0.002193	6.829581	
0.735314	0.871614	0.872438	3.448211	
0.005494	0.889654	0.003807	6.335583	
0.212958	0.619982	0.003633	7.285557	
0.726786	0.001478	0.745291	5.651422	
0.000386	0.888568	0.597326	6.106766	
0.783616	0.199075	0.000910	6.129647	
0.219917	0.306858	0.008226	7.201673	
0.791963	0.892960	0.027861	4.792045	
0.207246	0.000001	0.767604	6.220317	
0.016404	0.000186	0.904846	6.369492	
0.732613	0.738603	0.003086	5.636115	
0.612655	0.292125	0.752753	6.026655	
0.220839	0.826151	0.644611	5.752687	
0.150637	0.151001	0.153511	7.094412	
0.000019	0.276234	0.300134	7.191286	
0.786286	0.000377	0.196048	6.120226	
0.898360	0.012351	0.810216	4.753760	
0.658597	0.222345	0.219556	6.564477	
0.155323	0.329244	0.196596	6.970399	
0.222281	0.654142	0.225811	6.592643	
0.000000	0.000000	0.126040	7.890316	
0.138651	0.136274	0.001772	7.460118	
0.151111	0.000001	0.299760	7.306809	
0.000634	0.625276	0.000208	7.730904	
0.687512	0.000000	0.511132	7.176019	
0.005813	0.196069	0.767604	6.217573	
0.701687	0.346806	0.051270	6.705427	
0.000044	0.127635	0.000243	7.819460	
0.220008	0.007848	0.641144	7.091147	
0.642405	0.230333	0.645231	6.583520	
0.000313	0.728987	0.730687	5.745625	
0.131161	0.000000	0.000000	7.747147	
0.628273	0.015485	0.000000	7.577129	
0.216730	0.221822	0.861575	5.483245	
0.005714	0.165867	0.293795	7.266379	
0.784979	0.002558	0.907414	4.906044	
0.814690	0.804666	0.253596	4.376825	
0.000772	0.276664	0.003597	7.580247	
0.308689	0.161043	0.001348	7.297262	
0.002070	0.771395	0.197173	6.198415	
0.136800	0.000008	0.134756	7.468607	
0.252212	0.647365	0.680814	6.419567	
0.005296	0.284219	0.135624	7.320242	
0.193115	0.775929	0.002827	6.177004	
0.692879	0.680275	0.877651	4.712572	
0.009000	0.696065	0.288109	6.785200	
0.902087	0.000000	0.014314	6.363801	
0.221647	0.232134	0.645231	6.648982	
0.000000	0.515162	0.702402	7.103986	
0.000120	0.000037	0.259846	7.578764	
0.892653	0.872781	0.740483	3.450960	
0.000313	0.728562	0.003773	7.031553	
0.772832	0.654142	0.228215	5.583961	
0.935186	0.660516	0.680814	5.136077	
0.023757	0.799358	0.885780	4.757188	
0.000422	0.139468	0.135678	7.460675	
0.857294	0.727473	0.859887	3.492501	
0.300708	0.273732	0.000029	7.198167	
0.153635	0.127635	0.303664	7.083955	
0.805042	0.250025	0.795425	4.451738	
0.709648	0.924172	0.697366	4.585088	
0.006468	0.160209	0.650392	7.128616	
0.303622	0.686889	0.002086	6.793744	
0.303068	0.000112	0.147741	7.319650	
0.655166	0.641875	0.648533	6.555878	
0.629837	0.011659	0.196048	7.187193	
0.223412	0.888246	0.225811	5.508619	
0.650836	0.632656	0.270905	6.591658	
0.000000	0.000000	0.000000	8.149755	
0.004903	0.901822	0.770589	4.962667	
0.000315	0.625519	0.195371	7.393236	
0.280325	0.000000	0.000000	7.635092	
0.822708	0.185537	0.340483	5.699448	
0.784213	0.184728	0.874771	4.518948	
0.330689	0.000112	0.694133	6.800313	
0.139230	0.637742	0.648533	6.863947	
0.894612	0.005420	0.003702	6.347231	
0.137456	0.136237	0.000000	7.464780	
0.668224	0.326967	0.000000	6.976498	
0.629837	0.011659	0.196048	7.187193	
0.833008	0.724599	0.000001	5.244382	
0.854740	0.727473	0.863134	3.493757	
0.894612	0.201765	0.662976	5.326585	
0.217241	0.619982	0.003633	7.232628	
0.268410	0.034213	0.295852	7.135293	
0.006468	0.160099	0.288109	7.266593	
0.000575	0.195936	0.777200	6.167139	
0.006973	0.889517	0.001041	6.334956	
0.612655	0.810831	0.756908	4.796465	
0.602213	0.828736	0.249181	5.661300	
0.183301	0.654142	0.884507	5.391106	
0.000426	0.139468	0.135678	7.459742	
0.018391	0.002965	0.885780	6.310214	
0.022282	0.645587	0.170604	7.114248	
0.216211	0.889654	0.230654	5.515401	
0.726097	0.001777	0.747771	5.623485	
0.805738	0.000028	0.134756	6.152418	
0.308046	0.171434	0.013147	7.262711	
0.000313	0.728562	0.743408	5.655911	
0.265053	0.849122	0.853977	4.286863	
0.783293	0.000186	0.904846	4.908323	
0.755357	0.677960	0.203182	5.584562	
0.016803	0.003936	0.231680	7.555635	
0.216096	0.826151	0.656160	5.622181	
0.000634	0.634147	0.000215	7.677992	
0.784213	0.856614	0.881371	3.349133	
0.142700	0.226804	0.000000	7.300965	
0.687287	0.687995	0.877651	4.680478	
0.650836	0.632656	0.217994	6.602079	
0.606230	0.194779	0.000000	7.342608	
0.152518	0.151001	0.141601	7.204518	
0.219917	0.206625	0.656160	6.699306	
0.134605	0.649683	0.584004	7.027258	
0.873868	0.873452	0.740525	3.419866	
0.123989	0.000000	0.000000	7.764210	
0.924040	0.806681	0.000797	5.011506	
0.877330	0.233917	0.218223	5.486520	
0.142504	0.123586	0.304162	7.095520	
0.655166	0.642958	0.648533	6.377819	
0.812217	0.807556	0.253596	4.375865	
0.125519	0.833061	0.008904	6.082990	
0.136800	0.000008	0.135668	7.466335	
0.125994	0.000219	0.694652	6.937697	
0.000426	0.137055	0.000043	7.840214	
0.636341	0.642958	0.125888	6.800263	
0.283615	0.157436	0.176451	6.929397	
0.025276	0.873126	0.793396	4.752236	
0.898360	0.012351	0.824721	4.708297	
0.217241	0.619982	0.231351	6.815458	
0.263339	0.000004	0.000855	7.583336	
0.916312	0.682010	0.701214	4.728728	
0.157403	0.313170	0.169872	6.977671	
0.303068	0.017341	0.147741	7.303746	
0.658597	0.222345	0.213122	6.644039	
0.009000	0.698551	0.288109	6.699304	
0.719911	0.000479	0.002193	6.932212	
0.209365	0.000005	0.767604	6.206743	
0.028241	0.799616	0.885780	4.749638	
0.687512	0.000000	0.539562	7.142127	
0.606053	0.214104	0.760525	6.067349	
0.306002	0.266899	0.002412	7.191046	
0.220008	0.003522	0.648015	7.051408	
0.220008	0.629807	0.645231	6.658700	
0.000349	0.728562	0.000026	6.870586	
0.783616	0.199075	0.000032	6.206633	
0.833008	0.824756	0.000001	4.727762	
0.000000	0.000000	0.000000	8.001204	
0.005943	0.276234	0.126080	7.335072	
0.021740	0.003936	0.138379	7.698234	
0.151239	0.143596	0.836617	5.746271	
0.005714	0.276234	0.293795	7.178426	
0.000193	0.227964	0.012857	7.575533	
0.000010	0.515162	0.663535	7.394313	
0.301208	0.810831	0.258595	5.821422	
0.892086	0.000001	0.295382	6.002993	
0.212958	0.633531	0.232560	6.858363	
0.847995	0.160079	0.288109	5.757590	
0.688925	0.088920	0.793181	5.520654	
0.805042	0.245726	0.779836	4.750675	
0.694107	0.195936	0.777200	5.296068	
0.655518	0.887031	0.688973	4.918676	
0.302011	0.679558	0.000889	6.847701	
0.007357	0.003936	0.231680	7.573090	
0.199032	0.160926	0.218532	6.880334	
0.172367	0.854542	0.645052	5.754245	
0.006973	0.889517	0.000001	6.421354	
0.023794	0.784352	0.885780	4.828862	
0.859129	0.000000	0.564146	6.209796	
0.280073	0.008205	0.247548	7.151354	
0.153830	0.221772	0.004479	7.299267	
0.822708	0.185537	0.021281	6.002121	
0.021777	0.276234	0.293795	7.158339	
0.140249	0.645552	0.100272	7.034761	
0.157403	0.312383	0.171474	6.975256	
0.000586	0.668508	0.009929	7.384511	
0.692956	0.303372	0.000000	6.757914	
0.707845	0.682010	0.701214	5.434751	
0.642977	0.004049	0.659148	6.956959	
0.796880	0.805668	0.253596	4.442508	
0.784213	0.856750	0.881371	3.286155	
0.796880	0.805668	0.014098	4.916257	
0.029575	0.861163	0.773491	4.846277	
0.973309	0.849122	0.853977	3.495430	
0.139844	0.873452	0.740525	5.094076	
0.644712	0.654142	0.884585	5.243240	
0.742800	0.314197	0.237955	6.027841	
0.220008	0.003522	0.649250	7.047182	
