0.741670	0.746867	0.000000	5.579914	
0.225176	0.219852	0.664401	6.526622	
0.891867	0.034331	0.013519	6.289530	
0.615820	0.272021	0.847727	5.562284	
0.693265	0.666778	0.925355	4.950896	
0.014324	0.886047	0.000031	6.319405	
0.801326	0.215949	0.635692	5.604504	
0.000000	0.000000	0.000000	8.000293	
0.000607	0.603955	0.000031	7.732902	
0.002327	0.003448	0.260811	7.570880	
0.221199	0.217895	0.863017	5.483242	
0.581543	0.000000	0.705340	6.880332	
0.000009	0.127425	0.000042	7.754828	
0.584574	0.000000	0.226266	7.406830	
0.783018	0.870232	0.042859	4.773087	
0.003308	0.000000	0.612540	7.894112	
0.266647	0.823861	0.835083	4.344723	
0.845666	0.263353	0.825655	4.346165	
0.007307	0.295253	0.177402	7.241012	
0.729273	0.602551	0.000000	6.652137	
0.165338	0.000025	0.304823	7.285082	
0.006415	0.192631	0.792305	6.088160	
0.607218	0.652004	0.203846	6.759456	
0.314729	0.184125	0.200258	6.875697	
0.266333	0.797324	0.646290	5.511558	
0.690730	0.899034	0.672480	4.814096	
0.701414	0.000000	0.616893	6.735638	
0.727551	0.000167	0.000069	6.879176	
0.001531	0.617242	0.185912	7.338050	
0.784413	0.000812	0.196499	6.127287	
0.195330	0.776134	0.000041	6.174706	
0.153411	0.152023	0.151721	7.090039	
0.667811	0.217258	0.220767	6.539430	
0.302115	0.171311	0.000013	7.271832	
0.000000	0.000116	0.131076	7.747609	
0.899471	0.804135	0.042189	4.733940	
0.193105	0.603414	0.000000	7.355621	
0.221296	0.662089	0.223362	6.543202	
0.198184	0.000317	0.790559	6.095552	
0.276595	0.003782	0.169381	7.240753	
0.000511	0.136082	0.138579	7.461026	
0.631852	0.014497	0.000069	7.556931	
0.010126	0.637641	0.656249	6.932789	
0.784414	0.192101	0.001811	6.133834	
0.152215	0.292343	0.224322	6.879278	
0.002605	0.737071	0.566959	6.704621	
0.000256	0.738371	0.733231	5.658283	
0.187189	0.614355	0.650534	6.799154	
0.213600	0.867212	0.224332	5.486907	
0.861942	0.225429	0.225651	5.473385	
0.625530	0.198036	0.000001	7.269734	
0.030061	0.874734	0.788214	4.772745	
0.647606	0.637641	0.656249	6.414090	
0.000280	0.006669	0.741029	6.776671	
0.801326	0.004013	0.857947	4.738156	
0.128308	0.000000	0.000018	7.753355	
0.924793	0.000000	0.616893	6.143048	
0.001378	0.801002	0.906448	4.857050	
0.001378	0.028409	0.906448	6.357267	
0.815103	0.796427	0.275284	4.425470	
0.855564	0.610438	0.199649	5.621854	
0.857432	0.726930	0.874652	3.505991	
0.638620	0.226470	0.623912	6.740600	
0.158002	0.288313	0.006613	7.273954	
0.894853	0.033775	0.800303	4.750575	
0.165419	0.000000	0.612540	7.362796	
0.629135	0.792170	0.249332	5.718745	
0.000700	0.737192	0.000006	7.083740	
0.272401	0.000000	0.000000	7.580242	
0.861243	0.885834	0.740295	3.429401	
0.733726	0.862957	0.863023	3.448597	
0.000343	0.277502	0.000088	7.583509	
0.184790	0.614513	0.780149	5.911750	
0.000048	0.799861	0.201912	6.085642	
0.929818	0.694103	0.669678	4.970860	
0.000642	0.900802	0.646316	5.852886	
0.140942	0.134303	0.000061	7.461727	
0.195330	0.171382	0.287871	6.866875	
0.135338	0.001932	0.140225	7.457531	
0.629876	0.733075	0.000000	6.661934	
0.731354	0.001291	0.746703	5.591085	
0.000083	0.152283	0.251090	7.274303	
0.002500	0.220074	0.633746	7.164067	
0.195330	0.221030	0.287871	6.795833	
0.848338	0.881492	0.781509	3.168645	
0.195882	0.000317	0.791072	6.096947	
0.005315	0.754882	0.747292	5.628448	
0.733726	0.864494	0.862112	3.448988	
0.053858	0.891709	0.646316	5.931585	
0.730236	0.682743	0.270272	5.840741	
0.741670	0.602551	0.000000	6.567013	
0.006339	0.627065	0.201820	7.203448	
0.638620	0.226470	0.623912	6.740600	
0.870864	0.000000	0.000000	6.312803	
0.643548	0.019986	0.158909	7.182913	
0.228673	0.002235	0.000806	7.579669	
0.695044	0.000000	0.616893	6.784208	
0.644285	0.643937	0.656249	6.408968	
0.631852	0.198568	0.000069	7.237629	
0.815103	0.796427	0.259265	4.446930	
0.228785	0.748786	0.650534	5.758317	
0.194156	0.162613	0.812092	5.685666	
0.002500	0.219857	0.185912	7.216889	
0.701548	0.673498	0.270272	5.938634	
0.227087	0.242492	0.203940	6.761792	
0.000700	0.737192	0.000032	6.920267	
0.741670	0.189528	0.275389	6.081495	
0.266647	0.795193	0.835083	4.367773	
0.865432	0.746867	0.000000	5.111226	
0.856047	0.728495	0.868698	3.489576	
0.866560	0.219857	0.240317	5.477348	
0.154197	0.290643	0.010381	7.278059	
0.000007	0.882978	0.002078	6.329189	
0.289799	0.170808	0.000072	7.253382	
0.139941	0.134226	0.000061	7.464145	
0.276595	0.000095	0.169381	7.244039	
0.227087	0.637638	0.650437	6.679867	
0.053495	0.271145	0.858757	5.828935	
0.194658	0.778409	0.000041	6.162900	
0.614063	0.654171	0.205115	6.730797	
0.000258	0.746437	0.156069	6.451167	
0.183244	0.614513	0.780149	5.914532	
0.228785	0.003739	0.650534	7.026934	
0.000344	0.111757	0.736070	6.629260	
0.000346	0.019986	0.158909	7.677928	
0.755706	0.000116	0.658949	6.087863	
0.784414	0.194380	0.000032	6.133247	
0.924793	0.000000	0.621055	6.119105	
0.784404	0.868667	0.047209	4.756295	
0.688136	0.194217	0.917275	5.239336	
0.154668	0.590815	0.704016	6.631629	
0.307642	0.184125	0.191035	6.889663	
0.784413	0.000812	0.201873	6.119771	
0.727054	0.000145	0.000069	6.882480	
0.176524	0.798398	0.223362	5.684489	
0.801326	0.000145	0.857947	4.742270	
0.164246	0.001126	0.250839	7.244231	
0.643548	0.019986	0.668139	6.889868	
0.053495	0.796254	0.862698	4.684909	
0.000258	0.141209	0.138642	7.450822	
0.002990	0.197233	0.252949	7.184144	
0.006339	0.003650	0.000000	7.989959	
0.030509	0.872543	0.803071	4.701531	
0.806099	0.760716	0.671668	4.391979	
0.690914	0.894967	0.672480	4.802391	
0.845666	0.271145	0.825655	4.290286	
0.227087	0.210466	0.664401	6.551090	
0.002218	0.209220	0.000031	7.596518	
0.002500	0.220074	0.636425	7.127851	
0.027532	0.015018	0.875042	6.265606	
0.124454	0.000000	0.000018	7.761172	
0.221296	0.666289	0.223362	6.512835	
0.135338	0.001947	0.140225	7.457366	
0.023645	0.000000	0.612540	7.858261	
0.002327	0.003448	0.202965	7.619582	
0.154668	0.154189	0.151721	7.082610	
0.644285	0.643937	0.011256	7.152990	
0.187299	0.614513	0.000000	7.371296	
0.702005	0.678065	0.914931	4.755015	
0.025254	0.675721	0.616331	6.901407	
0.000009	0.126158	0.006871	7.750245	
0.894844	0.034331	0.800303	4.749506	
0.232251	0.242492	0.203940	6.758670	
0.006770	0.223698	0.000000	7.585941	
0.768144	0.637638	0.002876	6.138162	
0.165419	0.000000	0.612540	7.362796	
0.929818	0.694103	0.663429	4.984554	
0.144110	0.662089	0.007720	7.143066	
0.144275	0.152023	0.151721	7.110735	
0.789966	0.000086	0.000391	6.485137	
0.845666	0.271145	0.790967	4.419712	
0.271803	0.000023	0.000000	7.579873	
0.000083	0.232686	0.231444	7.161053	
0.844091	0.733075	0.802471	3.822608	
0.695044	0.000000	0.616893	6.784208	
0.736638	0.866226	0.857947	3.459305	
0.053495	0.796193	0.862968	4.826599	
0.047094	0.014900	0.873213	6.231557	
0.135338	0.001932	0.137299	7.582453	
0.201683	0.210466	0.684613	6.406135	
0.638515	0.226470	0.145697	6.843474	
0.001747	0.210466	0.686356	6.901386	
0.636729	0.271145	0.035829	7.117907	
0.866560	0.187861	0.218159	5.531942	
0.000343	0.026481	0.061243	7.872579	
0.801326	0.000145	0.840380	4.759239	
0.003409	0.001291	0.159702	7.688595	
0.032147	0.638931	0.656249	6.893717	
0.674663	0.000003	0.270415	7.018096	
0.203365	0.801002	0.906448	4.436395	
0.658638	0.744756	0.569935	6.074927	
0.000009	0.151759	0.000042	7.698512	
0.838369	0.000145	0.000111	6.376212	
0.030509	0.874743	0.008040	6.269124	
0.203102	0.206756	0.003117	7.204087	
0.000258	0.727058	0.003759	6.882534	
0.894581	0.000415	0.588671	6.168351	
0.183244	0.614513	0.778774	5.922026	
0.749750	0.746437	0.743070	4.233978	
0.177505	0.840129	0.224105	5.557922	
