0.741594	0.000059	0.738650	5.577257	
0.000031	0.900378	0.000008	6.375084	
0.896853	0.000083	0.624396	6.022264	
0.000001	0.000001	0.000000	8.010609	
0.354870	0.808903	0.094005	5.957903	
0.187446	0.000083	0.624396	7.249307	
0.149183	0.151665	0.155692	7.093306	
0.572324	0.002916	0.726802	6.761234	
0.878811	0.865576	0.734890	3.456343	
0.000943	0.000149	0.129712	7.750137	
0.792196	0.017758	0.908080	4.856854	
0.201248	0.626908	0.627800	6.895565	
0.000257	0.000005	0.271660	7.581201	
0.063884	0.639475	0.920955	5.879935	
0.633361	0.196864	0.000200	7.178613	
0.136678	0.137834	0.000000	7.464520	
0.641800	0.629175	0.284314	6.721515	
0.001989	0.719100	0.766146	5.718562	
0.000001	0.603801	0.224965	7.492699	
0.876255	0.035423	0.000962	6.275218	
0.784078	0.197025	0.001087	6.131454	
0.719584	0.000059	0.501291	6.938635	
0.248797	0.808136	0.822515	4.359874	
0.014495	0.575540	0.000000	7.876748	
0.664638	0.215773	0.214134	6.533450	
0.226182	0.753753	0.630771	5.859555	
0.766242	0.252518	0.615451	5.863421	
0.217647	0.885510	0.238349	5.501076	
0.000463	0.787029	0.195689	6.124842	
0.326704	0.137852	0.001562	7.383100	
0.183409	0.346309	0.000135	7.358675	
0.597994	0.000001	0.197146	7.381186	
0.003195	0.157950	0.306690	7.315479	
0.732639	0.861678	0.864946	3.458483	
0.514661	0.210020	0.842105	6.023189	
0.187446	0.000103	0.785792	6.138844	
0.326288	0.155543	0.192295	6.964391	
0.000694	0.322011	0.150417	7.345305	
0.869843	0.687776	0.664919	4.834633	
0.817174	0.621768	0.271187	5.595590	
0.000001	0.275166	0.000000	7.585254	
0.645730	0.000001	0.000145	7.578611	
0.003189	0.901720	0.812542	4.766446	
0.000295	0.209053	0.622754	7.314241	
0.898047	0.415519	0.000000	6.345906	
0.001999	0.722404	0.002856	6.911639	
0.772172	0.000172	0.199500	6.196200	
0.158855	0.002554	0.306541	7.299992	
0.448927	0.706475	0.007747	6.977541	
0.285059	0.340643	0.000000	7.301150	
0.186115	0.628789	0.014756	7.207510	
0.658609	0.201087	0.609155	6.748605	
0.797869	0.872270	0.048835	4.727035	
0.810886	0.803828	0.271187	4.418436	
0.640360	0.899544	0.711880	4.895800	
0.864383	0.724172	0.879483	3.536504	
0.213921	0.332255	0.215846	6.852949	
0.910867	0.806583	0.000000	4.838566	
0.000001	0.594421	0.724974	6.851134	
0.269919	0.618418	0.812502	5.625623	
0.650282	0.638732	0.652469	6.413481	
0.309879	0.003566	0.150417	7.321089	
0.893571	0.016174	0.795085	4.798969	
0.751165	0.575540	0.000000	6.600029	
0.000767	0.122476	0.001715	7.764771	
0.736759	0.735060	0.000155	5.637826	
0.135294	0.000010	0.138565	7.465459	
0.003042	0.139788	0.138027	7.455695	
0.125377	0.000176	0.000000	7.759840	
0.780645	0.276753	0.823771	4.473101	
0.218015	0.666573	0.215068	6.516807	
0.184404	0.175953	0.320720	6.925906	
0.000016	0.011165	0.857727	6.298961	
0.209921	0.784923	0.004719	6.227161	
0.700693	0.675628	0.929648	4.916649	
0.862374	0.219021	0.221959	5.481847	
0.726592	0.003655	0.003408	6.894500	
0.000001	0.000471	0.603831	7.735326	
0.016559	0.793827	0.883134	4.778602	
0.000058	0.184952	0.790415	6.117630	
0.218527	0.218780	0.869955	5.489866	
0.213717	0.223378	0.661339	6.580996	
0.282725	0.000001	0.000000	7.618531	
0.001753	0.000645	0.731688	6.850817	
0.207213	0.214891	0.138027	6.922896	
0.002945	0.252593	0.241448	7.199967	
0.012450	0.219054	0.001744	7.574110	
0.211428	0.666573	0.215068	6.672804	
0.187661	0.000103	0.789968	6.115950	
0.213717	0.882882	0.661339	5.323279	
0.796812	0.735060	0.807991	3.686942	
0.848946	0.002949	0.000000	6.353994	
0.629122	0.010290	0.046784	7.514032	
0.817174	0.803828	0.271187	4.388387	
0.000058	0.003797	0.631357	7.572439	
0.658222	0.201510	0.609155	6.716381	
0.857100	0.219021	0.221959	5.482784	
0.184404	0.014996	0.240429	7.215811	
0.214241	0.332181	0.007937	7.285801	
0.213717	0.217099	0.672254	6.509652	
0.631720	0.201510	0.207070	6.782617	
0.282725	0.000001	0.000000	7.618531	
0.156738	0.633174	0.006981	7.293409	
0.737015	0.338113	0.003473	6.709403	
0.269219	0.626908	0.811628	5.590647	
0.795336	0.852536	0.019670	4.747141	
0.005162	0.669359	0.933710	5.899280	
0.896549	0.000678	0.626589	6.003489	
0.218527	0.215773	0.853057	5.489871	
0.631794	0.898410	0.716962	4.898627	
0.125377	0.000173	0.000001	7.759733	
0.866127	0.687776	0.665243	4.830070	
0.012522	0.235970	0.276619	7.158055	
0.887641	0.016174	0.807257	4.731213	
0.640360	0.899544	0.004172	5.897122	
0.817435	0.008514	0.272772	5.952840	
0.016559	0.793827	0.883130	4.778790	
0.205399	0.872852	0.214550	5.511922	
0.187446	0.000083	0.624396	7.249307	
0.001999	0.869505	0.002856	6.410690	
0.575047	0.002916	0.726802	6.751096	
0.136678	0.121891	0.000000	7.506882	
0.001554	0.191088	0.796152	6.080355	
0.001753	0.000645	0.131196	7.745198	
0.325584	0.136842	0.000013	7.384200	
0.641800	0.629175	0.207720	6.748338	
0.746980	0.346309	0.003473	6.469282	
0.597994	0.000001	0.194615	7.382915	
0.000058	0.003225	0.790415	6.485664	
0.186115	0.168785	0.320529	6.936744	
0.034152	0.801299	0.672254	5.850162	
0.807582	0.281501	0.846721	4.358326	
0.309879	0.003338	0.150417	7.324119	
0.000767	0.138292	0.001715	7.727800	
0.000001	0.598977	0.224781	7.517778	
0.000131	0.717794	0.000002	6.951065	
0.746289	0.797620	0.882041	3.593502	
0.617905	0.201438	0.833527	5.648560	
0.700693	0.675302	0.929648	4.919610	
0.787243	0.223378	0.661339	5.482505	
0.000001	0.000001	0.000000	8.011454	
0.700693	0.675302	0.308663	5.980789	
0.797276	0.017758	0.904462	4.825402	
0.448228	0.706475	0.000000	6.984880	
0.707517	0.003655	0.003408	7.036991	
0.880167	0.884531	0.813944	3.183826	
0.918731	0.805609	0.000000	4.873635	
0.000453	0.787029	0.193475	6.140845	
0.650228	0.632467	0.654796	6.439493	
0.002929	0.139788	0.138027	7.607949	
0.000650	0.895606	0.819380	4.799817	
0.719584	0.000059	0.529319	6.918546	
0.162808	0.614758	0.625556	6.963300	
0.139293	0.001248	0.137281	7.458305	
0.873966	0.002916	0.726802	5.263624	
0.000150	0.542302	0.000000	7.997947	
0.218015	0.720770	0.025762	6.486461	
0.213921	0.308195	0.192417	6.865405	
0.326704	0.213913	0.222460	6.833496	
0.022121	0.022174	0.277437	7.534690	
0.269919	0.800137	0.812502	4.528123	
0.000295	0.199911	0.622754	7.326177	
0.000058	0.003797	0.155356	7.687524	
0.213283	0.641607	0.680680	6.353706	
0.286104	0.002328	0.000000	7.618186	
0.000056	0.631363	0.006327	7.569908	
0.000257	0.000016	0.001525	8.000284	
0.640360	0.899544	0.711367	4.946500	
0.000001	0.185618	0.790415	6.294262	
0.786356	0.872270	0.008337	4.912368	
0.001388	0.812238	0.822515	4.878257	
0.033642	0.136842	0.000013	7.758934	
0.005292	0.968609	0.000000	6.769109	
0.746289	0.797294	0.882041	3.680234	
0.000059	0.274499	0.000000	7.584763	
0.704849	0.140636	0.000070	6.777975	
0.003189	0.905926	0.836171	4.719236	
0.213717	0.223378	0.115672	6.990719	
0.799150	0.090930	0.139387	6.014101	
0.000519	0.793827	0.883130	4.797144	
0.887923	0.878282	0.836439	3.038293	
0.787243	0.223378	0.661339	5.482505	
0.218736	0.212933	0.854063	5.557591	
0.032824	0.272511	0.131196	7.284644	
0.198971	0.882882	0.633906	5.525925	
0.866127	0.682417	0.665243	4.875978	
0.001496	0.018145	0.215068	7.570811	
0.185204	0.175953	0.320720	6.924395	
0.000058	0.015074	0.790415	6.467303	
0.185202	0.014996	0.237668	7.215286	
0.201248	0.626908	0.650301	6.674163	
0.198933	0.173070	0.008337	7.385924	
0.775776	0.353761	0.199332	5.886172	
0.209689	0.227193	0.015539	7.169112	
0.771827	0.875138	0.320720	4.641873	
0.306945	0.257945	0.150317	6.894153	
0.797869	0.872270	0.071620	4.649050	
0.856008	0.796522	0.000025	4.772080	
0.221542	0.217099	0.657325	6.611720	
0.631128	0.000001	0.836439	5.917549	
