0.031957	0.818891	0.857821	0.916221	5.070387	
0.784031	0.900696	0.109225	0.788799	5.178849	
0.938329	0.237837	0.768564	0.896908	5.092148	
0.877158	0.224171	0.131759	0.887876	5.990478	
0.809640	0.791581	0.874990	0.143149	4.917830	
0.004886	0.646212	0.912367	0.002404	7.892101	
0.940701	0.797196	0.154048	0.837549	5.060484	
0.668541	0.666210	0.000124	0.663881	8.040828	
0.158176	0.866980	0.859514	0.147727	6.010909	
0.878982	0.875181	0.153484	0.296567	5.976850	
0.861860	0.240225	0.860815	0.140177	5.914189	
0.775095	0.769453	0.122843	0.894882	5.286509	
0.667047	0.030889	0.016396	0.880173	7.600759	
0.001992	0.665799	0.658306	0.664071	8.088993	
0.044368	0.855430	0.065799	0.384049	7.937875	
0.000000	0.000000	0.000000	0.000000	10.062167	
0.003632	0.000547	0.288920	0.000056	9.779113	
0.811709	0.032640	0.832506	0.890242	5.031829	
0.005186	0.013181	0.357879	0.913091	8.129464	
0.283134	0.016137	0.008209	0.325638	9.212571	
0.856687	0.919561	0.841894	0.034586	5.031140	
0.039641	0.055541	0.856543	0.340040	7.853264	
0.279423	0.029536	0.308914	0.039110	9.119651	
0.000002	0.000687	0.000582	0.756033	8.890508	
0.000001	0.760764	0.000096	0.000013	8.704798	
0.000018	0.001038	0.000002	0.304002	9.695906	
0.283235	0.316504	0.023338	0.004881	9.189526	
0.000027	0.288960	0.005272	0.325547	9.240058	
0.280337	0.000547	0.000013	0.000343	9.586955	
0.188389	0.236509	0.856503	0.867023	5.825598	
0.000965	0.000007	0.364546	0.349934	9.453601	
0.660833	0.658281	0.685138	0.005018	7.982672	
0.025113	0.659778	0.001905	0.929389	7.850199	
0.006408	0.289761	0.000073	0.005048	9.618835	
0.923398	0.029864	0.649403	0.039243	7.888889	
0.664954	0.019778	0.669845	0.647795	8.200373	
0.194749	0.788447	0.901575	0.799956	4.927329	
0.143151	0.932755	0.810388	0.774751	5.198375	
0.001877	0.006604	0.764893	0.003516	8.614135	
0.971075	0.678142	0.023383	0.000151	7.990653	
0.184365	0.862042	0.130372	0.856204	6.021886	
0.021808	0.935295	0.654278	0.021133	7.900691	
0.764698	0.000328	0.000014	0.000309	8.626969	
0.854662	0.846158	0.843579	0.829294	3.446163	
0.955625	0.002676	0.000149	0.668870	7.973261	
0.004832	0.206022	0.304391	0.002404	9.213318	
0.669745	0.017613	0.868684	0.014781	7.585125	
0.655047	0.919087	0.014724	0.022693	7.820181	
0.006408	0.289761	0.000073	0.004955	9.924604	
0.044368	0.033253	0.000202	0.324430	9.547019	
0.194749	0.789491	0.862559	0.793878	4.879522	
0.948849	0.002672	0.005902	0.668870	7.921088	
0.215514	0.862042	0.130372	0.856204	5.954210	
0.031957	0.836778	0.017342	0.922079	6.733536	
0.929173	0.231465	0.862531	0.302529	6.012589	
0.283235	0.316504	0.005041	0.383228	9.009856	
0.839282	0.798090	0.784189	0.865789	3.623409	
0.885066	0.216875	0.002945	0.902627	6.383644	
0.189180	0.923150	0.784234	0.775483	5.168587	
0.001951	0.665799	0.656372	0.004834	8.999927	
0.001730	0.006604	0.769559	0.003516	8.586508	
0.021862	0.909187	0.644530	0.021133	7.842855	
0.005493	0.000547	0.288920	0.000072	9.778662	
0.278981	0.006801	0.288281	0.010054	9.171403	
0.776620	0.839825	0.000073	0.004955	7.045752	
0.010925	0.000547	0.000069	0.002722	9.988760	
0.061729	0.855430	0.005011	0.396518	8.036540	
0.283238	0.316504	0.023338	0.000148	9.193927	
0.772812	0.000298	0.011754	0.000000	8.566583	
0.000001	0.750620	0.000096	0.000013	8.741011	
0.860816	0.919561	0.841894	0.021631	5.050093	
0.877158	0.838324	0.131228	0.840388	4.714291	
0.013820	0.660835	0.901767	0.007732	7.730839	
0.812159	0.238440	0.819016	0.893564	4.692218	
0.200312	0.032640	0.832094	0.882278	6.231542	
0.929173	0.234450	0.856503	0.867023	4.695262	
0.031957	0.836778	0.857821	0.916221	5.027980	
0.939469	0.670392	0.856503	0.033609	6.128196	
0.158176	0.866980	0.843990	0.147727	6.019998	
0.945258	0.818636	0.152378	0.837472	4.984923	
0.000012	0.000687	0.000582	0.756033	8.683331	
0.657824	0.008359	0.685120	0.652832	8.036944	
0.784031	0.900696	0.111598	0.788799	5.172771	
0.039641	0.055541	0.861067	0.324879	7.820303	
0.940771	0.664224	0.011061	0.031665	7.863759	
0.926382	0.037696	0.645737	0.039780	7.952974	
0.784057	0.900696	0.013790	0.888546	5.215553	
0.001992	0.665799	0.657134	0.664037	8.096945	
0.283134	0.016137	0.005254	0.325612	9.215407	
0.005186	0.009719	0.363907	0.348671	9.431460	
0.270246	0.000547	0.000123	0.000343	9.581350	
0.797500	0.867690	0.861977	0.156285	4.756093	
0.859698	0.864097	0.243791	0.274781	5.776104	
0.190219	0.236509	0.856503	0.867023	5.819470	
0.143151	0.930008	0.878778	0.774751	5.111851	
0.784057	0.885266	0.016394	0.888546	5.171616	
0.042537	0.033253	0.003699	0.324430	9.553332	
0.927584	0.788447	0.900965	0.799956	3.795651	
0.006428	0.223790	0.000073	0.004955	9.914947	
0.971075	0.678142	0.025951	0.689033	7.156828	
