0.676869	0.667538	0.662347	0.000202	7.951827	
0.005581	0.000030	0.315135	0.000083	9.771741	
0.276961	0.220838	0.851867	0.837533	5.808050	
0.000028	0.768483	0.000135	0.000501	8.658676	
0.925842	0.125268	0.817115	0.794656	5.077713	
0.881238	0.001471	0.713404	0.002173	7.306313	
0.201797	0.856884	0.859013	0.137718	5.953057	
0.802881	0.203392	0.892495	0.763975	5.015739	
0.650149	0.004313	0.028771	0.929207	7.906996	
0.002737	0.294988	0.342169	0.000111	9.285500	
0.005637	0.000010	0.661095	0.943319	7.949999	
0.311924	0.015430	0.364730	0.000097	9.376578	
0.659779	0.004980	0.672599	0.669044	7.990821	
0.006586	0.293334	0.862458	0.000561	7.900909	
0.198840	0.804331	0.783230	0.902519	4.935833	
0.763250	0.000056	0.000099	0.000362	8.817326	
0.919320	0.804331	0.783230	0.140893	5.113028	
0.000021	0.000941	0.000343	0.292491	9.599393	
0.013990	0.302992	0.027347	0.252325	9.135997	
0.202049	0.789318	0.900769	0.777412	5.027546	
0.883574	0.630288	0.018113	0.019357	7.869235	
0.000000	0.000000	0.000000	0.000000	10.001642	
0.786846	0.800465	0.860224	0.164146	4.922095	
0.005588	0.000203	0.924601	0.640561	7.989767	
0.000856	0.000000	0.005273	0.762345	8.640918	
0.001933	0.001656	0.768365	0.000000	8.633014	
0.000003	0.000030	0.330830	0.292491	9.265076	
0.866256	0.163670	0.159996	0.885653	5.997424	
0.676926	0.668248	0.001067	0.665064	8.047547	
0.304091	0.005027	0.002761	0.312656	9.233389	
0.865734	0.803464	0.114736	0.840121	4.873382	
0.005759	0.926106	0.000816	0.660668	7.853314	
0.212678	0.894078	0.772124	0.778101	5.079757	
0.005637	0.625970	0.000078	0.924472	8.081595	
0.000164	0.857059	0.672243	0.041712	7.545462	
0.669937	0.000331	0.961238	0.014262	7.990524	
0.806292	0.924316	0.109354	0.790054	5.168849	
0.857932	0.856942	0.850627	0.842426	3.244514	
0.870565	0.202667	0.867699	0.188549	5.857206	
0.341973	0.296999	0.000377	0.000971	9.288866	
0.297038	0.000013	0.000005	0.000498	9.641002	
0.834301	0.910329	0.861423	0.013107	5.081749	
0.809403	0.104802	0.780104	0.896644	5.110384	
0.865845	0.006458	0.001715	0.661740	7.670887	
0.669842	0.906694	0.000691	0.008716	7.697790	
0.000002	0.676369	0.673036	0.678202	8.012586	
0.015707	0.220838	0.001076	0.003309	9.566723	
0.870565	0.199970	0.846499	0.187528	5.865654	
0.000050	0.000030	0.330830	0.005249	9.679925	
0.143717	0.819008	0.819447	0.890898	4.801868	
0.295005	0.000035	0.008926	0.000367	9.594122	
0.286460	0.220838	0.837788	0.837533	5.832071	
0.683131	0.661542	0.665133	0.000202	7.930561	
0.006586	0.293334	0.862458	0.000550	7.902100	
0.013990	0.300691	0.000035	0.249913	9.167812	
0.865734	0.803464	0.114736	0.840121	4.873382	
0.001709	0.926106	0.008593	0.660668	7.854933	
0.076728	0.676556	0.000279	0.953025	7.772500	
0.881238	0.042982	0.713404	0.002173	7.248118	
0.201797	0.856884	0.859013	0.141243	5.944985	
0.002734	0.236685	0.346481	0.000550	9.273234	
0.319332	0.001070	0.330830	0.005157	9.295595	
0.000099	0.756986	0.000051	0.004596	8.755824	
0.678834	0.668248	0.000050	0.665064	7.918856	
0.017283	0.069201	0.005274	0.013787	9.850488	
0.859462	0.005027	0.009843	0.306512	7.908850	
0.202049	0.789155	0.897479	0.780688	4.997715	
0.865845	0.242492	0.119943	0.872878	5.970557	
0.002954	0.001656	0.768365	0.000000	8.627941	
0.000164	0.841855	0.672243	0.041712	7.557476	
0.301677	0.220838	0.858302	0.012206	7.624133	
0.000103	0.000027	0.000343	0.292491	9.604243	
0.276489	0.296225	0.002533	0.000016	9.184111	
0.858233	0.803464	0.860363	0.840121	3.430711	
0.787791	0.104802	0.780104	0.899069	5.210667	
0.304091	0.005027	0.001597	0.312656	9.234627	
0.000028	0.000000	0.000000	0.762345	8.768566	
0.784648	0.104802	0.811032	0.888306	5.059658	
0.000000	0.197569	0.000000	0.000000	9.615513	
0.833266	0.896804	0.108774	0.790054	4.982095	
0.843537	0.908337	0.861423	0.141457	4.752660	
0.212678	0.894078	0.772124	0.780360	5.068315	
0.832290	0.852808	0.001201	0.013194	6.629943	
0.763250	0.004618	0.000134	0.000362	8.630651	
0.000002	0.009422	0.660691	0.665639	8.715625	
0.872399	0.805625	0.860511	0.141457	4.762147	
0.882009	0.631852	0.018113	0.019357	7.856456	
0.925842	0.125268	0.817115	0.794656	5.077713	
0.763250	0.002573	0.020554	0.902713	6.989935	
0.000002	0.676369	0.673036	0.674521	7.940523	
0.000848	0.000203	0.924601	0.640561	7.992631	
0.802881	0.203392	0.866226	0.789061	4.834058	
0.005637	0.002768	0.661095	0.929207	7.868454	
0.917756	0.805895	0.783230	0.140893	5.099666	
0.002335	0.924608	0.000816	0.896550	6.833703	
0.761706	0.097923	0.772124	0.899069	5.419045	
0.274627	0.296225	0.000649	0.027723	9.149857	
0.683131	0.670533	0.673009	0.000202	7.807722	
0.199671	0.003424	0.027697	0.000827	9.674480	
0.743436	0.002573	0.020554	0.902485	7.119504	
