0.043711	0.700307	0.926390	0.000080	7.525062	
0.037424	0.921919	0.002457	0.667333	7.737438	
0.760731	0.004552	0.001084	0.001469	8.644501	
0.000000	0.290127	0.291527	0.000558	9.194829	
0.306524	0.049877	0.000012	0.849752	7.859380	
0.866887	0.000000	0.004817	0.308436	7.932129	
0.036507	0.698352	0.668408	0.636757	7.973303	
0.776218	0.904612	0.777940	0.151524	5.194263	
0.291196	0.222390	0.862976	0.850773	5.876078	
0.000539	0.290254	0.000332	0.000000	9.598159	
0.023063	0.829386	0.779167	0.932149	5.379353	
0.877194	0.842481	0.950378	0.062048	5.169041	
0.804126	0.099168	0.934937	0.803546	5.214860	
0.936134	0.036703	0.655409	0.025158	7.872757	
0.869604	0.225024	0.178461	0.851462	5.862967	
0.669971	0.662758	0.670389	0.000034	7.983132	
0.142787	0.819132	0.935078	0.855539	4.975349	
0.662138	0.932505	0.042374	0.021373	7.797967	
0.927488	0.227008	0.777448	0.806783	5.039060	
0.303703	0.000000	0.000000	0.001877	9.627624	
0.023063	0.045618	0.662653	0.932149	7.794619	
0.000231	0.000000	0.005111	0.288442	9.596523	
0.840708	0.817378	0.834820	0.816770	3.407248	
0.338398	0.000175	0.287908	0.018658	9.251841	
0.001713	0.000000	0.000598	0.768217	8.606610	
0.359671	0.000000	0.002696	0.295170	9.328825	
0.667994	0.664135	0.000025	0.669899	7.987239	
0.338398	0.295795	0.023413	0.012533	9.255415	
0.000118	0.754126	0.003292	0.000002	8.691223	
0.663565	0.022474	0.926390	0.000080	7.815612	
0.037337	0.932611	0.831759	0.832672	5.153731	
0.000054	0.000001	0.761555	0.000784	8.647867	
0.011598	0.016920	0.264319	0.288344	9.137422	
0.000000	0.000000	0.000000	0.000000	10.038845	
0.670843	0.000000	0.659437	0.672341	7.982985	
0.776801	0.225335	0.839707	0.913784	4.919955	
0.877194	0.862918	0.188474	0.204383	5.864746	
0.869604	0.853740	0.178461	0.851384	4.589450	
0.190860	0.864677	0.202618	0.853979	5.850346	
0.923270	0.815218	0.111768	0.805385	5.073655	
0.000000	0.001601	0.291527	0.000558	9.598716	
0.005460	0.727886	0.040234	0.931509	7.336819	
0.033168	0.855657	0.253342	0.000288	7.860849	
0.055178	0.304171	0.005078	0.294034	9.127132	
0.000055	0.000227	0.827155	0.644392	7.876095	
0.887595	0.827530	0.770130	0.204172	4.882793	
0.849118	0.324449	0.023748	0.018533	7.916347	
0.070813	0.304171	0.018477	0.293551	9.078577	
0.849118	0.865317	0.023748	0.792152	5.069127	
0.000531	0.000846	0.288013	0.001088	9.593181	
0.190883	0.851727	0.795738	0.888037	4.747051	
0.029723	0.827530	0.770130	0.204172	6.515196	
0.191402	0.865141	0.201169	0.886979	5.880818	
0.013911	0.307261	0.279221	0.065155	9.090377	
0.043711	0.689577	0.926390	0.288195	7.199388	
0.936134	0.036870	0.655409	0.025158	7.872407	
0.037433	0.003253	0.925320	0.050562	8.353079	
0.000085	0.827552	0.039837	0.041601	8.474580	
0.960330	0.754699	0.042460	0.013685	7.339669	
0.037433	0.008869	0.636384	0.890444	7.834590	
0.338398	0.295795	0.023413	0.000815	9.276378	
0.000103	0.727886	0.040234	0.932149	7.573940	
0.338398	0.000001	0.283335	0.000803	9.268520	
0.893669	0.802224	0.111768	0.807672	5.000846	
0.011598	0.008846	0.264319	0.266959	9.148603	
0.302262	0.012939	0.041070	0.309315	9.163333	
0.289496	0.223873	0.840133	0.851193	5.886445	
0.670843	0.833255	0.659437	0.672341	6.316442	
0.760029	0.225335	0.839707	0.890479	4.942679	
0.754722	0.000421	0.000002	0.001446	8.690038	
0.000118	0.238665	0.003292	0.011031	9.562890	
0.142787	0.817016	0.935078	0.855520	5.013220	
0.869587	0.099875	0.128849	0.802412	6.342894	
0.041450	0.000000	0.002696	0.052770	9.863761	
0.776218	0.890762	0.833679	0.136324	4.969931	
0.887785	0.174358	0.745049	0.851517	5.061418	
0.004327	0.817378	0.834820	0.816770	5.293669	
0.302262	0.820795	0.041070	0.309584	7.576341	
0.297146	0.000000	0.871243	0.311712	7.870274	
0.673869	0.662758	0.670389	0.000034	7.954357	
0.877194	0.862918	0.211196	0.225572	5.812549	
0.877194	0.842481	0.950378	0.062048	5.169041	
0.644787	0.932505	0.030679	0.020758	7.944267	
0.306524	0.082397	0.000012	0.849752	7.791705	
0.290437	0.000000	0.000084	0.000065	9.602719	
0.698809	0.000000	0.926390	0.020545	7.551159	
0.000231	0.000002	0.001103	0.284496	9.588867	
0.887587	0.826120	0.770130	0.204172	4.904474	
0.005408	0.099875	0.128849	0.816840	7.973393	
0.692489	0.009644	0.668408	0.636757	8.054795	
0.887587	0.826120	0.828449	0.204172	4.656074	
0.297146	0.000000	0.871243	0.830125	6.570620	
0.297920	0.932505	0.030679	0.013721	8.075378	
0.013911	0.287585	0.278110	0.000811	9.163162	
0.659687	0.664135	0.029123	0.026865	8.666780	
0.290437	0.000000	0.002615	0.013900	9.591242	
0.013149	0.290254	0.000332	0.000769	9.583352	
0.849118	0.865317	0.657527	0.792152	4.728346	
0.061511	0.837719	0.002698	0.046958	8.283990	
0.869389	0.663713	0.213180	0.204172	7.070691	
