0.282547	0.000078	0.000043	0.000548	9.587718	
0.211260	0.194126	0.884085	0.866152	5.855256	
0.292667	0.000078	0.003138	0.853417	7.931547	
0.869256	0.316524	0.027939	0.001949	7.909284	
0.664251	0.004911	0.671859	0.667832	7.974586	
0.377483	0.000561	0.901606	0.022416	8.125902	
0.001626	0.000000	0.339308	0.287903	9.274903	
0.365978	0.000002	0.298763	0.000362	9.351245	
0.000652	0.007402	0.009424	0.297993	9.588375	
0.000000	0.000000	0.000000	0.000000	10.000248	
0.059094	0.854238	0.842614	0.856857	4.906568	
0.805801	0.099712	0.915243	0.800365	5.106459	
0.786236	0.177182	0.785291	0.901985	5.038883	
0.815199	0.929267	0.113473	0.777441	5.216002	
0.000019	0.757142	0.000001	0.000155	8.674156	
0.853767	0.853852	0.842614	0.856857	3.268118	
0.665020	0.661195	0.000199	0.668957	8.037287	
0.824160	0.853852	0.175740	0.861322	4.621106	
0.384707	0.908324	0.000175	0.026327	8.165558	
0.744513	0.000335	0.000115	0.000626	8.777662	
0.070057	0.809740	0.916414	0.815748	5.112449	
0.000049	0.000024	0.300143	0.000562	9.607355	
0.028678	0.009269	0.901733	0.649095	7.802717	
0.031270	0.893167	0.008283	0.646836	7.777303	
0.039701	0.932896	0.628989	0.029005	8.014871	
0.789287	0.825390	0.923786	0.090681	5.149703	
0.857378	0.193244	0.863686	0.239544	5.812496	
0.883886	0.013600	0.637134	0.036316	7.805182	
0.000050	0.000038	0.000008	0.762683	8.655822	
0.016085	0.651829	0.004457	0.932828	7.931853	
0.000000	0.292398	0.000036	0.000155	9.597866	
0.388214	0.313551	0.033670	0.000984	9.387498	
0.000087	0.000322	0.780829	0.007952	8.670599	
0.007151	0.015688	0.647399	0.865746	7.753265	
0.804444	0.775126	0.149157	0.938037	5.233856	
0.000652	0.285359	0.003643	0.297993	9.192841	
0.842364	0.908324	0.800053	0.001932	5.157729	
0.384028	0.000002	0.006752	0.290562	9.381682	
0.884135	0.099855	0.781880	0.820082	5.044298	
0.005270	0.644826	0.923843	0.045883	7.886465	
0.644158	0.669866	0.664240	0.000489	8.154046	
0.873089	0.011893	0.012954	0.646567	7.763549	
0.003258	0.672214	0.684790	0.654776	7.909578	
0.000000	0.293584	0.342641	0.009215	9.287981	
0.883673	0.820505	0.769429	0.094291	5.127765	
0.803557	0.855978	0.149157	0.855124	4.758162	
0.031026	0.893167	0.006059	0.647006	7.779384	
0.003139	0.000002	0.267234	0.619516	9.229217	
0.864633	0.000024	0.290593	0.002142	7.903059	
0.371033	0.000002	0.339658	0.290562	9.038126	
0.764415	0.798704	0.901138	0.122025	5.214484	
0.007662	0.285992	0.344273	0.009211	9.263866	
0.369138	0.009202	0.662060	0.667999	8.508118	
0.402858	0.010304	0.025605	0.264275	9.469240	
0.872523	0.054704	0.168612	0.636000	7.441234	
0.000010	0.293564	0.896704	0.009274	7.974603	
0.000359	0.679833	0.002377	0.953418	7.877418	
0.374631	0.908324	0.016884	0.007596	8.142996	
0.000013	0.292188	0.000106	0.000155	9.601221	
0.786236	0.176263	0.002039	0.901985	6.547931	
0.000000	0.766662	0.000001	0.000155	8.614595	
0.369138	0.009202	0.899267	0.018570	8.166904	
0.380206	0.679833	0.002377	0.013652	9.003214	
0.005805	0.009269	0.899267	0.649095	7.884861	
0.857780	0.193244	0.863383	0.244881	5.811248	
0.001624	0.000000	0.002907	0.289034	9.590792	
0.762512	0.000335	0.000121	0.000626	8.640856	
0.668343	0.669658	0.000199	0.667118	7.964908	
0.000000	0.000113	0.000043	0.044427	9.937699	
0.009688	0.697127	0.673872	0.654776	7.902337	
0.869256	0.316524	0.000250	0.001949	7.944253	
0.051686	0.908324	0.800053	0.001932	6.764391	
0.869498	0.853852	0.842614	0.856857	3.259004	
0.000176	0.295290	0.000552	0.280553	9.188888	
0.001013	0.000000	0.753542	0.000672	8.696309	
0.864370	0.866971	0.867798	0.144055	4.657512	
0.199610	0.000339	0.670920	0.782455	7.550092	
0.858344	0.099712	0.915243	0.800365	4.994777	
0.000691	0.000024	0.290593	0.002142	9.593202	
0.070057	0.818470	0.911494	0.815748	5.054598	
0.070205	0.933619	0.916414	0.809159	5.246818	
0.041244	0.019427	0.008283	0.646838	9.391599	
0.277311	0.004773	0.025494	0.266007	9.143352	
0.000013	0.292188	0.000106	0.009255	9.587702	
0.002184	0.022657	0.004457	0.060382	9.889861	
0.858344	0.099712	0.960787	0.766052	5.437181	
0.804444	0.008591	0.151706	0.020086	8.368808	
0.000019	0.757142	0.756005	0.000155	7.621828	
0.840823	0.000078	0.832369	0.025822	6.626999	
0.650851	0.853511	0.668479	0.856857	5.407361	
0.789287	0.148752	0.923786	0.090681	6.628752	
0.365978	0.075778	0.298763	0.000362	9.226288	
0.379716	0.662759	0.011033	0.013652	9.117732	
0.071820	0.002094	0.339308	0.142844	9.283409	
0.001486	0.298909	0.896704	0.058629	7.922611	
0.041170	0.672246	0.000199	0.664977	8.583617	
0.184059	0.194126	0.877133	0.866152	6.128326	
0.898294	0.100322	0.773335	0.846456	5.073263	
0.883673	0.822296	0.769429	0.125400	5.048418	
0.055884	0.004911	0.671859	0.297159	8.818261	
