0.908938	0.674730	0.007271	0.007832	7.662558	
0.664218	0.000423	0.674154	0.668749	8.019279	
0.180474	0.855658	0.171351	0.853261	5.915017	
0.886717	0.114877	0.870538	0.278584	6.023747	
0.111323	0.778451	0.901404	0.783641	5.232349	
0.000019	0.006632	0.751804	0.007189	8.705667	
0.809818	0.841466	0.827804	0.825500	3.417875	
0.028265	0.690660	0.012063	0.938614	7.670801	
0.197470	0.137079	0.848876	0.860064	5.965352	
0.664024	0.050785	0.864585	0.024787	7.759030	
0.160302	0.783635	0.766155	0.898827	5.182442	
0.963527	0.246814	0.793322	0.791718	5.238965	
0.292889	0.000140	0.333865	0.017079	9.297881	
0.768492	0.905632	0.787761	0.183882	5.127429	
0.000017	0.763764	0.000180	0.000158	8.640770	
0.287647	0.000141	0.000197	0.000150	9.593330	
0.880807	0.025133	0.644996	0.025346	7.750176	
0.741815	0.004040	0.000181	0.000762	8.774967	
0.788697	0.855658	0.171351	0.862520	4.766587	
0.343192	0.001651	0.000002	0.303603	9.302774	
0.139325	0.917351	0.793322	0.791718	5.115776	
0.012044	0.311804	0.328799	0.001086	9.290991	
0.000023	0.000108	0.000067	0.301686	9.648445	
0.687735	0.680689	0.006662	0.657691	7.987109	
0.049436	0.313975	0.007945	0.280959	9.136509	
0.000000	0.000000	0.000000	0.000000	10.007130	
0.787805	0.927425	0.141380	0.796567	5.164406	
0.111323	0.007045	0.901404	0.686545	7.348338	
0.000001	0.007012	0.388074	0.343638	9.488366	
0.014037	0.679236	0.661525	0.670293	7.992135	
0.919344	0.784352	0.801669	0.172931	5.055224	
0.025577	0.657745	0.895211	0.014829	7.710198	
0.037315	0.030972	0.641181	0.847157	7.735012	
0.857679	0.135715	0.197911	0.847550	5.976561	
0.659846	0.902957	0.000886	0.000038	7.855676	
0.917821	0.000151	0.012236	0.662140	7.794634	
0.668402	0.680618	0.667486	0.003062	7.915736	
0.000002	0.000012	0.305422	0.000000	9.743081	
0.758876	0.151077	0.937398	0.778833	5.455607	
0.011406	0.957809	0.659801	0.002856	8.039788	
0.795134	0.793639	0.931516	0.066729	5.333518	
0.000003	0.893965	0.002129	0.667218	7.690436	
0.000001	0.001496	0.001737	0.759688	8.654568	
0.000000	0.314497	0.000000	0.000415	9.643472	
0.385115	0.287906	0.018788	0.040211	9.322551	
0.656838	0.000534	0.020903	0.945464	7.971948	
0.855642	0.000151	0.012236	0.832281	6.675533	
0.000001	0.288036	0.000955	0.013982	9.579016	
0.189871	0.855658	0.171351	0.853261	5.900764	
0.011406	0.961433	0.651317	0.002826	8.124909	
0.000017	0.763764	0.000790	0.000025	8.652228	
0.857679	0.828251	0.197911	0.847550	4.592953	
0.963527	0.247284	0.820671	0.791718	5.134301	
0.000000	0.314497	0.301380	0.000415	9.392890	
0.941321	0.249387	0.134887	0.184518	7.513526	
0.000481	0.654854	0.864295	0.014829	7.885282	
0.000019	0.006632	0.746739	0.007189	8.730009	
0.010732	0.000074	0.355217	0.829411	8.060306	
0.028193	0.659975	0.352071	0.899682	7.428810	
0.000014	0.001219	0.300583	0.000001	9.717288	
0.809818	0.840137	0.827804	0.838249	3.393009	
0.660283	0.000122	0.020903	0.945466	7.976873	
0.119946	0.804125	0.804553	0.897948	4.983225	
0.023501	0.886335	0.002072	0.667218	7.637205	
0.139325	0.915135	0.793404	0.791718	5.105515	
0.049436	0.313992	0.007850	0.280959	9.137019	
0.290391	0.000140	0.333865	0.010220	9.303963	
0.919344	0.855158	0.801669	0.172931	4.843727	
0.000001	0.010878	0.363013	0.343638	9.418028	
0.923047	0.000151	0.012236	0.003366	8.506987	
0.880807	0.025133	0.644996	0.006957	7.774090	
0.759095	0.905632	0.787100	0.183882	5.186819	
0.000001	0.001496	0.001819	0.761035	8.647753	
0.678803	0.680689	0.006662	0.657691	8.055562	
0.667257	0.000423	0.018788	0.655447	8.947248	
0.139325	0.028201	0.863715	0.791718	6.662834	
0.287449	0.000141	0.000197	0.000150	9.592946	
0.965316	0.000122	0.807386	0.945466	5.780082	
0.794838	0.780646	0.931516	0.066729	5.400421	
0.668402	0.682710	0.850246	0.003062	6.850821	
0.376707	0.283541	0.000244	0.024670	9.332085	
0.857679	0.163373	0.199550	0.847550	5.913889	
0.758876	0.151077	0.937398	0.807130	5.318058	
0.759114	0.902957	0.000870	0.000038	7.132438	
0.664024	0.000188	0.864585	0.017584	7.845647	
0.897688	0.302730	0.868303	0.279177	5.872409	
0.162539	0.784112	0.901404	0.866137	4.876328	
0.000017	0.007533	0.125941	0.007423	9.894926	
0.028193	0.627247	0.012551	0.899682	7.925638	
0.768640	0.932809	0.872436	0.000038	5.539948	
0.056981	0.659254	0.000790	0.018097	9.380857	
0.343192	0.001618	0.000005	0.297103	9.292590	
0.963527	0.247284	0.818636	0.791718	5.141699	
0.658432	0.246814	0.014926	0.791718	7.538524	
0.010732	0.000958	0.016657	0.829411	8.324455	
0.011406	0.957809	0.659801	0.002846	8.050141	
0.886717	0.107806	0.870538	0.316509	6.090203	
0.162539	0.783997	0.036162	0.866137	6.692690	
0.287647	0.000175	0.000196	0.011229	9.582233	
0.672583	0.680689	0.006662	0.677597	8.071565	
