1.000000	0.000000	0.000000	0.000000	
0.265438	0.800597	0.537204	0.000000	
0.888440	0.000000	0.000000	0.458993	
0.000000	0.942761	0.235746	0.235861	
0.000000	0.000000	0.000000	1.000658	
0.801298	0.000000	0.266426	0.535671	
0.000114	0.894188	0.448800	0.000034	
0.800928	0.266948	0.535960	0.000000	
0.446470	0.000000	0.895014	0.000000	
0.235640	0.000000	0.235749	0.942857	
0.000005	0.802151	0.268940	0.533131	
0.000000	1.000000	0.000000	0.000000	
0.000025	0.536691	0.800541	0.266884	
0.266461	0.534829	0.000000	0.801891	
0.000000	0.808993	0.527388	0.266854	
0.532384	0.000000	0.803354	0.266871	
0.000000	0.446681	0.000000	0.894705	
0.802374	0.000000	0.533837	0.266868	
0.320559	0.642168	0.304372	0.633256	
0.312918	0.312861	0.638261	0.630819	
0.532484	0.272173	0.000000	0.801696	
0.000000	0.908266	0.000000	0.441452	
0.236111	0.236146	0.942598	0.000000	
0.263657	0.000000	0.802457	0.535303	
0.894220	0.000000	0.447630	0.000000	
0.000002	0.577337	0.578305	0.576417	
0.630279	0.320437	0.633542	0.317543	
0.533976	0.000000	0.267491	0.802072	
0.290396	0.290669	0.289904	0.864401	
0.893856	0.456885	0.000000	0.000000	
0.000007	0.194941	0.000036	0.981285	
0.267247	0.000000	0.535735	0.800983	
0.232705	0.943742	0.000000	0.234958	
0.572588	0.582939	0.000000	0.578106	
0.197061	0.984532	0.000000	0.000019	
0.804643	0.530690	0.000000	0.266307	
0.266012	0.801856	0.000000	0.535040	
0.236061	0.942532	0.236486	0.000000	
0.000000	0.000000	0.446472	0.894799	
0.706979	0.000000	0.707307	0.000000	
0.195639	0.000000	0.981442	0.000000	
0.703735	0.710471	0.000000	0.000000	
0.980484	0.000000	0.000000	0.196610	
0.000004	0.535712	0.265661	0.801522	
0.000000	0.000000	0.980564	0.196205	
0.000342	0.000271	0.183650	0.983547	
0.708355	0.000000	0.000000	0.706019	
0.000007	0.268458	0.538760	0.799943	
0.235517	0.235428	0.000000	0.942925	
0.000000	0.206247	0.978502	0.000000	
0.003941	0.238657	0.942606	0.233533	
0.000000	0.262299	0.802902	0.535308	
0.000000	0.000000	0.703683	0.710532	
0.631978	0.320052	0.315245	0.632793	
0.802098	0.536129	0.267292	0.000000	
0.234683	0.000000	0.942884	0.236418	
0.446934	0.000000	0.000014	0.894569	
0.000052	0.708109	0.708571	0.000000	
0.865592	0.288720	0.290247	0.288358	
0.000017	0.235819	0.235973	0.943663	
0.981478	0.194749	0.000067	0.000000	
0.574632	0.580132	0.577284	0.000000	
0.446872	0.895364	0.000058	0.000000	
0.631932	0.634402	0.313466	0.316578	
0.293492	0.863498	0.288751	0.295118	
0.950605	0.235789	0.000000	0.238564	
0.000003	0.981197	0.193359	0.000000	
0.195072	0.000000	0.000000	0.981480	
0.577337	0.000000	0.578305	0.576417	
0.515217	0.810887	0.000000	0.286416	
0.958952	0.241393	0.241458	0.000000	
0.317110	0.629740	0.634684	0.316303	
0.278495	0.280423	0.872333	0.287850	
0.267220	0.535410	0.801207	0.000000	
0.980370	0.000000	0.197168	0.000000	
0.000000	0.000000	0.894765	0.447821	
0.000000	0.000000	1.000011	0.000000	
0.000002	0.704919	0.000041	0.709792	
0.523040	0.810098	0.266380	0.006653	
0.809281	0.269184	0.000000	0.540571	
0.000001	0.980917	0.000000	0.194442	
0.000000	0.445989	0.895039	0.000000	
0.534503	0.268208	0.801481	0.000000	
0.942387	0.000000	0.237236	0.235860	
0.246659	0.969107	0.000000	0.000000	
0.000009	0.362761	0.257539	0.895791	
0.602112	0.597480	0.000000	0.585563	
0.429605	0.903754	0.000064	0.000000	
0.369961	0.866799	0.254868	0.261451	
0.131844	0.131968	0.467693	0.865549	
0.000037	0.792186	0.554434	0.262658	
0.000114	0.894188	0.448799	0.000355	
0.085776	0.717815	0.291830	0.633256	
0.203728	0.819294	0.535960	0.000000	
0.000001	0.981642	0.000000	0.191352	
0.980558	0.194566	0.000067	0.043994	
0.709017	0.000037	0.000000	0.705396	
0.000386	0.704887	0.000000	0.709332	
0.010001	0.042681	0.797452	0.601792	
0.000016	0.221622	0.009239	0.975984	
