0.534159	0.000000	0.271439	0.800645	
0.000001	0.801716	0.534853	0.266808	
0.578947	0.579576	0.000000	0.574581	
0.894689	0.447097	0.000000	0.000000	
0.235698	0.236121	0.000000	0.944352	
0.000001	0.708247	0.000000	0.707161	
0.000130	0.237306	0.942322	0.236169	
0.942462	0.237358	0.000000	0.235446	
0.943461	0.000000	0.235777	0.234291	
0.287277	0.287615	0.867571	0.287798	
0.000150	0.908048	0.000000	0.454858	
0.000001	0.899430	0.451724	0.000000	
0.279223	0.547341	0.789318	0.000000	
0.001129	0.000000	0.444546	0.896862	
0.000000	0.534436	0.266277	0.802494	
0.632813	0.631782	0.317671	0.316757	
0.000000	0.576116	0.575976	0.579954	
0.802109	0.534182	0.000000	0.266970	
0.634687	0.317387	0.629440	0.317122	
0.800804	0.000000	0.271050	0.539211	
0.000000	0.942784	0.235608	0.235902	
0.533663	0.000000	0.803549	0.267229	
0.532566	0.265400	0.805157	0.000000	
0.706897	0.707329	0.000000	0.000000	
0.801276	0.265410	0.536466	0.000000	
0.235241	0.942364	0.000000	0.237982	
0.000144	0.000882	0.980216	0.199094	
0.266787	0.000000	0.801690	0.534900	
0.631955	0.316378	0.317256	0.632366	
1.000000	0.000000	0.000000	0.000000	
0.443837	0.000000	0.000000	0.896109	
0.706578	0.000000	0.000000	0.707684	
0.446973	0.894751	0.000000	0.000000	
0.288708	0.289042	0.288769	0.865867	
0.980642	0.195823	0.000000	0.000000	
0.802258	0.000000	0.534379	0.266703	
0.575470	0.577691	0.578885	0.000000	
0.799123	0.269438	0.000000	0.537582	
0.000000	0.266819	0.801785	0.534741	
0.707282	0.000000	0.707272	0.000000	
0.000000	0.000000	0.000000	1.000000	
0.981075	0.000000	0.194064	0.000000	
0.000000	0.266480	0.534454	0.802529	
0.196801	0.980444	0.000000	0.000000	
0.000000	0.235653	0.235669	0.942830	
0.000000	0.980495	0.000000	0.196545	
0.000000	0.534226	0.801488	0.268736	
0.319797	0.638975	0.635775	0.319137	
0.000000	0.196585	0.980487	0.000000	
0.266387	0.000000	0.534266	0.802247	
0.000000	0.194928	0.000000	0.980818	
0.000001	0.000000	0.898077	0.449975	
0.000000	0.695905	0.718135	0.000000	
0.237022	0.948353	0.237368	0.000000	
0.195950	0.000048	0.000000	0.997661	
0.316927	0.317175	0.632388	0.631746	
0.230096	0.000000	0.943793	0.243012	
0.267379	0.801929	0.534246	0.000000	
0.000081	0.444761	0.000000	0.907064	
0.235889	0.236440	0.942578	0.000000	
0.000000	0.000000	1.000000	0.000000	
0.534491	0.267219	0.000000	0.801819	
0.000000	0.801516	0.267054	0.535028	
0.447821	0.000000	0.894130	0.000000	
0.893402	0.000000	0.000000	0.449259	
0.530033	0.804614	0.268113	0.000000	
0.980497	0.000000	0.000000	0.196546	
0.236033	0.000000	0.235690	0.944267	
0.000000	0.000000	0.708366	0.705846	
0.000000	1.000000	0.000000	0.000000	
0.000000	0.980812	0.194957	0.000000	
0.266272	0.531321	0.000000	0.804243	
0.273092	0.812599	0.000000	0.542602	
0.285902	0.868499	0.288963	0.283810	
0.317472	0.634254	0.317172	0.629573	
0.895999	0.000000	0.450039	0.000021	
0.800549	0.536575	0.266850	0.000000	
0.944432	0.237960	0.239070	0.000000	
0.534907	0.801760	0.000000	0.266821	
0.000005	0.000000	0.196644	0.983345	
0.196526	0.000000	0.980499	0.000000	
0.577992	0.000000	0.578019	0.576038	
0.000000	0.447819	0.894125	0.000000	
0.866111	0.289603	0.288468	0.287696	
0.193793	0.980241	0.054116	0.009354	
0.997393	0.000000	0.000000	0.072189	
0.801959	0.267292	0.534244	0.000000	
0.064512	0.188570	0.996120	0.000000	
0.846389	0.000000	0.165024	0.545923	
0.691738	0.000000	0.489618	0.530822	
0.014194	0.976908	0.237243	0.000000	
0.532566	0.265400	0.805157	0.000000	
0.000001	0.831872	0.554971	0.000000	
0.000025	0.801716	0.534853	0.266808	
0.163897	0.095862	0.047095	0.996015	
0.187345	0.779380	0.267076	0.535071	
0.001129	0.000000	0.444548	0.896866	
0.235511	0.470567	0.793063	0.317577	
0.425028	0.128560	0.000000	0.896531	
0.000000	0.502523	0.323286	0.803077	
