0.000004	0.983844	0.179401	0.000000	
0.000001	0.983123	0.000000	0.195368	
0.448465	0.000000	0.894950	0.001167	
0.941643	0.248467	0.000000	0.230057	
0.000001	0.446900	0.000000	0.894898	
0.000002	0.579685	0.574811	0.577803	
0.707922	0.000000	0.000000	0.706493	
0.000017	0.264532	0.805172	0.531261	
0.798093	0.541505	0.005658	0.266811	
0.802186	0.000000	0.269280	0.533015	
0.541530	0.275262	0.000000	0.806740	
0.000067	0.448766	0.894542	0.000000	
0.000000	0.235377	0.234559	0.943320	
0.534150	0.000000	0.267887	0.801937	
0.291162	0.290967	0.279370	0.868080	
0.802625	0.000000	0.533788	0.267030	
0.000430	0.899053	0.000000	0.438570	
0.980910	0.195277	0.000000	0.000000	
0.242282	0.974791	0.000000	0.000000	
0.446286	0.000000	0.000000	0.895101	
0.266686	0.537680	0.000000	0.803980	
0.267824	0.805557	0.533772	0.000000	
0.000003	0.807238	0.256402	0.535024	
0.533671	0.804911	0.259881	0.000000	
0.462662	0.932798	0.000000	0.000000	
0.895764	0.000000	0.446982	0.000000	
0.944817	0.000000	0.235329	0.235967	
0.700059	0.718024	0.000000	0.000000	
0.235648	0.000000	0.235947	0.942922	
0.000006	0.000000	0.894426	0.447494	
0.000000	1.000126	0.000000	0.000000	
0.809225	0.276937	0.520700	0.000000	
0.906633	0.454060	0.000000	0.002984	
0.000011	0.267340	0.533185	0.802730	
0.000330	0.536223	0.265231	0.801489	
0.267552	0.000000	0.533606	0.803365	
0.322540	0.319045	0.629151	0.631598	
0.530245	0.269789	0.803980	0.000409	
0.534968	0.801253	0.000000	0.268359	
0.001258	0.000614	0.447379	0.894445	
0.535287	0.000000	0.801444	0.267065	
0.000003	0.000000	0.981378	0.196423	
0.281158	0.292206	0.873291	0.281926	
0.000001	0.813626	0.527772	0.254149	
0.858219	0.313220	0.287031	0.288661	
0.000000	0.000000	1.000106	0.000000	
0.235942	0.000026	0.942693	0.236602	
0.258988	0.806662	0.000000	0.531414	
0.235301	0.943463	0.000000	0.236044	
0.230768	0.238179	0.000000	0.943674	
0.000000	0.000000	0.000000	1.000366	
0.980733	0.000000	0.195946	0.000000	
0.000000	0.000000	0.195982	0.981937	
0.195858	0.000001	0.000000	0.981313	
1.000091	0.000000	0.000000	0.000000	
0.000000	0.211645	0.977426	0.000000	
0.635343	0.636920	0.308389	0.309929	
0.633883	0.320985	0.636658	0.307682	
0.783065	0.563470	0.264159	0.000000	
0.006960	0.707917	0.000000	0.706522	
0.000036	0.234291	0.942987	0.236962	
0.981560	0.000000	0.000000	0.194054	
0.000003	0.946113	0.220368	0.240269	
0.942452	0.234389	0.239558	0.000000	
0.262185	0.536266	0.802640	0.000000	
0.578896	0.576421	0.000000	0.580744	
0.196073	0.000001	0.980758	0.000000	
0.000001	0.710841	0.704864	0.000000	
0.314661	0.633422	0.632620	0.317243	
0.000516	0.896395	0.446344	0.000023	
0.575543	0.582731	0.580241	0.000000	
0.000023	0.535916	0.802750	0.261847	
0.319315	0.633515	0.315717	0.634347	
0.235323	0.946792	0.235625	0.000000	
0.000010	0.000000	0.717318	0.706748	
0.236283	0.242579	0.941006	0.000000	
0.578906	0.000040	0.574595	0.579071	
0.288205	0.866851	0.287005	0.288634	
0.706713	0.000000	0.707610	0.000000	
0.266576	0.000000	0.801334	0.536108	
0.000000	0.197948	0.000000	0.982792	
0.795804	0.276379	0.000000	0.538946	
0.632904	0.316475	0.314907	0.632697	
0.894524	0.000000	0.000000	0.447303	
0.085517	0.000000	0.716861	0.701499	
0.000007	0.212202	0.941700	0.261877	
0.580622	0.000000	0.141270	0.801937	
0.894524	0.000000	0.000000	0.447303	
0.894104	0.000000	0.448028	0.000000	
0.000005	0.000000	0.331113	0.950862	
0.000001	0.267357	0.813771	0.536935	
0.463161	0.089609	0.707500	0.533043	
0.199624	0.562548	0.802626	0.000000	
0.238913	0.000000	0.941527	0.241172	
0.767676	0.279623	0.002307	0.580804	
0.458234	0.000000	0.000000	0.889596	
0.571571	0.583869	0.578843	0.000000	
0.087722	0.996402	0.000000	0.000000	
0.827129	0.419157	0.247220	0.309498	
0.450608	0.000000	0.899227	0.001173	
