0.266920	0.000000	0.534646	0.801847	
0.802352	0.000000	0.535463	0.267543	
0.000000	0.980594	0.000000	0.196053	
0.000000	0.195246	0.980755	0.000000	
0.801372	0.266591	0.000000	0.535476	
0.000000	0.538783	0.797719	0.270928	
0.000000	0.236183	0.236340	0.944669	
0.000000	0.447081	0.000000	0.894495	
0.000003	0.577012	0.577396	0.577676	
0.000000	0.708073	0.000000	0.706142	
0.534185	0.267882	0.000000	0.801987	
0.235342	0.942661	0.000000	0.236657	
0.707627	0.000000	0.000000	0.706588	
0.235728	0.235489	0.942857	0.000000	
0.443915	0.896224	0.000000	0.000000	
0.000000	0.000000	1.000011	0.000000	
0.799908	0.536433	0.269086	0.000000	
0.000000	0.000000	0.000000	1.000001	
0.534235	0.000000	0.802036	0.268047	
0.000000	0.266802	0.802556	0.533597	
0.943027	0.000000	0.234952	0.235632	
0.446720	0.000000	0.894791	0.000000	
0.706876	0.000000	0.707340	0.000000	
0.000000	0.894411	0.447249	0.000000	
0.894754	0.000000	0.000000	0.446826	
0.446864	0.000000	0.000000	0.894604	
0.576820	0.576244	0.000000	0.578984	
0.980579	0.000000	0.000000	0.196126	
0.000000	0.981074	0.194579	0.000000	
0.533819	0.798888	0.277160	0.000000	
0.000001	0.446507	0.895768	0.000000	
0.287745	0.867504	0.285561	0.288621	
0.267459	0.534351	0.000000	0.801834	
0.267145	0.806851	0.000000	0.526902	
0.866056	0.288943	0.288477	0.288515	
0.289670	0.290318	0.865010	0.289147	
0.534370	0.000000	0.267173	0.801942	
0.801473	0.000000	0.268215	0.534513	
0.304553	0.640081	0.318218	0.630696	
0.000005	0.000007	0.708746	0.705471	
0.000143	0.951876	0.222269	0.236996	
0.944410	0.238458	0.000000	0.235271	
0.942483	0.236903	0.235807	0.000000	
0.314632	0.630077	0.636172	0.315149	
0.629102	0.313549	0.318310	0.636124	
0.632448	0.631481	0.316913	0.317511	
0.000006	0.706873	0.707343	0.000000	
0.000000	0.235543	0.943333	0.235435	
0.000000	0.000001	0.980646	0.195800	
0.535400	0.801288	0.000000	0.267000	
0.000989	0.895254	0.000000	0.447076	
0.535478	0.264729	0.801987	0.000000	
0.981045	0.194816	0.000000	0.000000	
1.000002	0.000000	0.000000	0.000000	
0.235007	0.948340	0.243199	0.000000	
0.707465	0.706749	0.000000	0.000000	
0.266902	0.000000	0.802856	0.535206	
0.000007	0.538653	0.267260	0.799019	
0.894475	0.000000	0.447122	0.000000	
0.894769	0.446670	0.000000	0.000000	
0.801877	0.267267	0.534382	0.000000	
0.195986	0.000000	0.980608	0.000000	
0.000000	1.000000	0.000000	0.000000	
0.000001	0.000001	0.196243	0.980556	
0.630230	0.314716	0.636330	0.315227	
0.195841	0.980636	0.000000	0.000000	
0.288978	0.288639	0.288638	0.866700	
0.000002	0.000003	0.447081	0.894505	
0.235495	0.000000	0.943141	0.234584	
0.195887	0.000000	0.000000	0.980627	
0.000000	0.267294	0.536450	0.803634	
0.000048	0.802285	0.535162	0.264467	
0.000002	0.195880	0.000000	0.980629	
0.265703	0.534376	0.802400	0.000000	
0.236189	0.235084	0.000000	0.942843	
0.235582	0.000000	0.235739	0.942832	
0.578741	0.576185	0.577123	0.000000	
0.267648	0.802513	0.533235	0.000002	
0.000001	0.806332	0.267061	0.536759	
0.000001	0.000003	0.893363	0.449355	
0.315589	0.315165	0.634447	0.631330	
0.801507	0.535292	0.000000	0.266553	
0.980575	0.000000	0.196151	0.000000	
0.577033	0.000000	0.577413	0.577609	
0.776276	0.258734	0.574855	0.000000	
0.828790	0.491755	0.000000	0.266999	
0.553847	0.007970	0.129340	0.829875	
0.000001	0.440613	0.883944	0.156665	
0.943027	0.000000	0.234952	0.235632	
0.353855	0.353440	0.000000	0.866700	
0.153141	0.000000	0.063933	0.989008	
0.620236	0.012136	0.000000	0.784530	
0.980602	0.000000	0.196157	0.000000	
0.909702	0.417853	0.000000	0.000000	
0.730551	0.000000	0.659916	0.273729	
0.226027	0.000000	0.679903	0.699321	
0.015260	0.897064	0.000000	0.441644	
0.000006	0.706873	0.707343	0.000004	
0.829568	0.000000	0.558614	0.000000	
0.301528	0.909057	0.000000	0.288684	
