0.000000	0.000000	0.000000	0.707107	0.000000	0.000000	0.000000	0.707107	
0.000000	0.000000	0.707103	0.000000	0.707111	0.000000	0.000000	0.000000	
0.000000	0.000000	0.000000	0.707153	0.000000	0.000000	0.707153	0.000000	
0.000000	0.000000	0.707114	0.707099	0.000000	0.000000	0.000000	0.000000	
0.000000	1.000009	0.000000	0.000000	0.000000	0.000000	0.000000	0.000000	
0.000000	0.000000	0.000000	0.000000	0.000000	0.000000	1.000000	0.000000	
0.000000	0.000000	0.000000	0.000000	1.000000	0.000000	0.000000	0.000000	
0.000000	0.000000	1.000000	0.000000	0.000000	0.000000	0.000000	0.000000	
0.000000	0.000000	0.000000	1.000000	0.000000	0.000000	0.000000	0.000000	
0.707066	0.000000	0.000000	0.000000	0.707148	0.000000	0.000000	0.000000	
0.000000	0.000000	0.000000	0.000000	0.000000	0.707107	0.707107	0.000000	
0.000000	0.000000	0.000000	0.000000	0.000000	0.000000	0.000000	1.000000	
0.000000	0.000000	0.000000	0.000000	0.000000	1.000000	0.000000	0.000000	
0.000000	0.707140	0.000000	0.707073	0.000000	0.000000	0.000000	0.000000	
0.000000	0.000000	0.000000	0.000000	0.707100	0.707113	0.000000	0.000000	
0.000000	0.000000	0.000000	0.707107	0.707107	0.000000	0.000000	0.000000	
0.707382	0.000001	0.706832	0.000000	0.000000	0.000000	0.000000	0.000000	
0.000000	0.707124	0.000000	0.000000	0.000000	0.707090	0.000000	0.000000	
0.707239	0.706976	0.000000	0.000000	0.000000	0.000000	0.000000	0.000000	
0.000000	0.000000	0.000000	0.717240	0.000000	0.717251	0.000000	0.000000	
1.002450	0.000000	0.000000	0.000000	0.000000	0.000000	0.000000	0.000000	
0.000000	0.000000	0.707099	0.000000	0.000000	0.707114	0.000000	0.000000	
0.000000	0.000000	0.000000	0.000000	0.000000	0.000000	0.707107	0.707107	
0.707106	0.000000	0.000000	0.000000	0.000000	0.000000	0.000000	0.707108	
0.000000	0.000000	0.000000	0.000000	0.707107	0.000000	0.000000	0.707107	
0.000000	0.000000	0.000000	0.000000	0.000000	0.707107	0.000000	0.707107	
0.000000	0.707380	0.706834	0.000000	0.000000	0.000000	0.000000	0.000000	
0.707140	0.000000	0.000000	0.707073	0.000000	0.000000	0.000000	0.000000	
0.000000	0.707114	0.000000	0.000000	0.000000	0.000000	0.000000	0.707099	
0.707044	0.000000	0.000000	0.000000	0.000000	0.707170	0.000000	0.000000	
0.000000	0.000000	0.707107	0.000000	0.000000	0.000000	0.000000	0.707107	
0.708709	0.000000	0.000000	0.000000	0.000000	0.000000	0.708830	0.000000	
0.000000	0.707120	0.000000	0.000000	0.000000	0.000000	0.707098	0.000000	
0.000000	0.000000	0.000000	0.000000	0.707110	0.000000	0.707110	0.000000	
0.000000	0.707108	0.000000	0.000000	0.707106	0.000000	0.000000	0.000000	
0.000000	0.000000	0.707107	0.000000	0.000000	0.000000	0.707106	0.000000	
0.000000	0.000000	0.707106	0.000000	0.000000	0.000000	0.000000	0.707107	
0.685046	0.000250	0.045334	0.000019	0.727088	0.000000	0.000171	0.000000	
0.056061	0.006364	0.704789	0.000000	0.000000	0.707170	0.000000	0.000000	
0.035646	0.721535	0.000741	0.683296	0.105938	0.000000	0.000000	0.000000	
0.000000	0.000000	0.000000	0.707100	0.000000	0.707113	0.000000	0.000000	
0.000616	0.707114	0.000026	0.000000	0.000000	0.000000	0.000000	0.707099	
0.000000	0.000000	0.000000	0.000000	0.707100	0.707113	0.000000	0.000000	
1.000014	0.000000	0.000000	0.000000	0.000000	0.000000	0.000000	0.000000	
0.000000	0.000047	0.693438	0.000000	0.000000	0.138365	0.707106	0.000000	
0.000000	0.000000	0.000000	0.000000	0.000000	0.000000	0.000000	1.000000	
0.562896	0.825166	0.041993	0.018448	0.000000	0.000000	0.000000	0.012142	
0.000000	0.000000	0.707103	0.000000	0.707111	0.000000	0.000000	0.000000	
0.000000	0.000000	1.000000	0.000000	0.000000	0.000000	0.000000	0.000000	
0.714625	0.046278	0.000082	0.079446	0.000000	0.032577	0.000000	0.692680	
0.038453	0.685354	0.031958	0.000508	0.726491	0.000000	0.000000	0.000000	
0.000000	0.000000	0.000000	0.708562	0.708618	0.000000	0.000000	0.000000	
0.000000	0.000000	0.000000	0.000000	1.000000	0.000000	0.000000	0.000000	
0.032870	0.706360	0.000000	0.000000	0.000000	0.707090	0.000000	0.000000	
0.039921	0.705190	0.010252	0.000000	0.031762	0.000000	0.707106	0.000000	
0.001917	1.000007	0.000000	0.001579	0.000000	0.000000	0.000000	0.000000	
0.693880	0.000001	0.720733	0.000000	0.000000	0.004394	0.000000	0.000000	
0.708729	0.000000	0.000000	0.000000	0.000000	0.000000	0.708584	0.000000	
0.707044	0.000000	0.000000	0.000000	0.000000	0.707170	0.000000	0.000000	
0.000000	0.000000	0.707115	0.707099	0.000000	0.000000	0.000000	0.000000	
0.491745	0.000000	0.000000	0.000000	0.491802	0.000000	0.720266	0.000000	
0.000000	0.000000	0.000000	0.000000	0.000000	0.707107	0.000000	0.707107	
0.000000	0.000000	0.000000	0.000000	0.000000	0.000000	0.707107	0.707107	
0.000000	0.000000	0.000000	0.000000	0.000000	0.000000	1.000000	0.000000	
0.000000	0.000000	0.000000	0.000000	0.000000	1.000000	0.000000	0.000000	
0.707503	0.005973	0.002801	0.706544	0.000000	0.000000	0.000000	0.013834	
0.000000	0.000000	0.000000	0.000000	0.707110	0.000000	0.000000	0.707110	
0.000000	0.000000	0.000000	0.707107	0.000000	0.000000	0.000000	0.707107	
0.000000	0.000000	0.000000	1.000000	0.000000	0.000000	0.000000	0.000000	
0.000000	0.000000	0.000000	0.707107	0.000000	0.000000	0.707107	0.000000	
0.000000	0.000000	0.000000	0.000000	0.000000	0.707122	0.707122	0.000000	
0.000000	0.707380	0.706834	0.000000	0.000000	0.000000	0.000000	0.000000	
0.000000	0.000000	0.000000	0.000000	0.000000	0.000000	0.000000	1.000000	
0.000000	0.000000	0.000000	0.707100	0.000000	0.707113	0.000000	0.000000	
0.000000	0.000000	0.000000	0.000000	0.000000	0.000000	1.000000	0.000336	
0.000128	0.001091	0.000050	0.706552	0.000105	0.027984	0.707107	0.000000	
0.000000	0.000000	0.000000	0.000000	0.505002	0.505012	0.000000	0.699954	
0.166150	0.006581	0.000171	0.000024	0.986079	0.000000	0.000000	0.000000	
0.029743	0.632458	0.340130	0.000000	0.000000	0.000000	0.718710	0.000000	
0.020331	0.000623	0.715538	0.000000	0.000000	0.000000	0.000000	0.698286	
0.493495	0.505696	0.025397	0.000000	0.000000	0.707170	0.000000	0.000000	
0.683882	0.000160	0.000000	0.000000	0.000000	0.000000	0.732812	0.000000	
0.016231	0.001842	0.706855	0.000000	0.000000	0.707170	0.000000	0.000000	
0.706802	0.023327	0.002823	0.004933	0.000000	0.707175	0.000000	0.000498	
0.439926	0.000000	0.000015	0.000000	0.559667	0.000124	0.705058	0.000000	
0.000000	0.000000	0.000000	0.000000	0.458935	0.000000	0.487595	0.742718	
0.000000	0.000000	0.000000	0.999990	0.000000	0.004451	0.000000	0.000000	
0.002120	0.000004	0.707099	0.000000	0.707111	0.000000	0.000000	0.000000	
0.059022	0.684684	0.011182	0.000018	0.727904	0.000000	0.000171	0.000000	
0.705293	0.000000	0.050596	0.000000	0.000000	0.000000	0.000000	0.707108	
0.015419	0.473486	0.020702	0.499342	0.003284	0.041678	0.000000	0.723915	
0.706766	0.020445	0.008611	0.707099	0.000000	0.000000	0.000000	0.000000	
0.000000	0.707374	0.706828	0.000032	0.004162	0.000000	0.000000	0.000000	
0.000000	0.000000	0.707034	0.005255	0.000000	0.000000	0.707053	0.012268	
0.732743	0.029022	0.009027	0.000104	0.679826	0.000000	0.000000	0.000000	
0.012485	0.715889	0.030016	0.051403	0.000003	0.000000	0.000046	0.695560	
0.025872	0.464962	0.001843	0.009596	0.564045	0.000000	0.000000	0.682831	
0.701103	0.000152	0.712150	0.016970	0.000864	0.000000	0.023977	0.020805	
0.000000	0.000000	0.000000	0.707203	0.709071	0.000000	0.000000	0.000000	
0.107160	0.994035	0.000000	0.000617	0.000000	0.020040	0.000000	0.003199	
