0.707107	0.000000	0.000000	0.000000	0.707107	0.000000	0.000000	0.000000	
0.000000	0.000000	0.000000	0.000000	0.000000	0.707107	0.000000	0.707107	
0.707155	0.000000	0.707058	0.000000	0.000000	0.000000	0.000000	0.000000	
0.707108	0.000000	0.000000	0.707105	0.000000	0.000000	0.000000	0.000000	
1.000000	0.000000	0.000000	0.000000	0.000000	0.000000	0.000000	0.000000	
0.000000	0.000000	0.000000	1.000000	0.000000	0.000000	0.000000	0.000000	
0.000000	1.000000	0.000000	0.000000	0.000000	0.000000	0.000000	0.000000	
0.000000	0.000000	0.000000	0.707107	0.707107	0.000000	0.000000	0.000000	
0.000000	0.707107	0.000000	0.000000	0.000000	0.000000	0.707107	0.000000	
0.000000	0.707155	0.707059	0.000000	0.000000	0.000000	0.000000	0.000000	
0.000000	0.000000	0.000000	0.000000	0.000000	0.707107	0.707107	0.000000	
0.000000	0.000000	0.000000	0.000000	0.000000	1.000000	0.000000	0.000000	
0.000000	0.707107	0.000000	0.000000	0.000000	0.000000	0.000000	0.707107	
0.000000	0.000000	0.000000	0.000000	1.000000	0.000000	0.000000	0.000000	
0.000000	0.000000	1.000000	0.000000	0.000000	0.000000	0.000000	0.000000	
0.000000	0.000000	0.707107	0.000000	0.707107	0.000000	0.000000	0.000000	
0.000000	0.000000	0.000000	0.000000	0.707107	0.707106	0.000000	0.000000	
0.000000	0.000000	0.000000	0.000000	0.000000	0.000000	0.000000	1.000000	
0.000000	0.000000	0.000000	0.707107	0.000000	0.707106	0.000000	0.000000	
0.707011	0.707203	0.000000	0.000000	0.000000	0.000000	0.000000	0.000000	
0.000000	0.000000	0.000000	0.000000	0.000000	0.000000	0.707107	0.707107	
0.000000	0.000000	0.707108	0.707105	0.000000	0.000000	0.000000	0.000000	
0.000000	0.707107	0.000000	0.000000	0.000000	0.707106	0.000000	0.000000	
0.000000	0.000000	0.707107	0.000000	0.000000	0.707106	0.000000	0.000000	
0.000000	0.000000	0.707107	0.000000	0.000000	0.000000	0.707107	0.000000	
0.000000	0.000000	0.000000	0.707107	0.000000	0.000000	0.000000	0.707107	
0.000000	0.707107	0.000000	0.000000	0.707107	0.000000	0.000000	0.000000	
0.000000	0.000000	0.000000	0.000000	0.000000	0.000000	1.000000	0.000000	
0.707107	0.000000	0.000000	0.000000	0.000000	0.707106	0.000000	0.000000	
0.707107	0.000000	0.000000	0.000000	0.000000	0.000000	0.000000	0.707107	
0.000000	0.000000	0.707107	0.000000	0.000000	0.000000	0.000000	0.707107	
0.000000	0.000000	0.000000	0.707107	0.000000	0.000000	0.707107	0.000000	
0.000000	0.000000	0.000000	0.000000	0.707107	0.000000	0.000000	0.707107	
0.000000	0.707108	0.000000	0.707105	0.000000	0.000000	0.000000	0.000000	
0.000000	0.000000	0.000000	0.000000	0.707107	0.000000	0.707107	0.000000	
0.707107	0.000000	0.000000	0.000000	0.000000	0.000000	0.707107	0.000000	
0.000000	0.000000	0.000000	0.000000	1.000000	0.000000	0.000000	0.000000	
0.322527	0.633124	0.000000	0.051968	0.712440	0.000000	0.000000	0.003428	
0.365968	0.927717	0.000516	0.070945	0.013156	0.000733	0.013884	0.003267	
0.429883	0.902981	0.000000	0.001352	0.000438	0.000000	0.000000	0.003447	
0.545565	0.461925	0.067205	0.002203	0.009316	0.695971	0.000000	0.000000	
0.671713	0.027362	0.740344	0.000000	0.000000	0.000000	0.000000	0.000000	
0.707107	0.000000	0.000000	0.000000	0.000000	0.000000	0.707107	0.000000	
0.000000	0.000000	0.000000	0.000000	0.000000	1.000000	0.000000	0.000000	
0.000000	0.000000	0.000000	0.708563	0.000090	0.000000	0.705648	0.000000	
0.000000	0.000000	0.707107	0.000000	0.000000	0.000000	0.707107	0.000000	
0.056518	0.700726	0.009870	0.062836	0.004580	0.041497	0.707107	0.000000	
0.031864	0.706436	0.707059	0.000000	0.000000	0.000011	0.000000	0.000000	
0.000000	0.000000	0.000000	1.000000	0.000000	0.000000	0.000000	0.000000	
0.000000	0.000000	0.000000	0.000000	0.000000	0.000000	0.707107	0.707107	
0.706475	0.024234	0.000001	0.000000	0.000000	0.017480	0.000000	0.707107	
0.000000	0.000000	0.731101	0.682265	0.000000	0.000191	0.000000	0.002186	
0.000000	0.000000	0.706920	0.006368	0.706949	0.000000	0.000000	0.021145	
0.050284	0.623617	0.003658	0.333274	0.006154	0.705301	0.000000	0.000000	
0.000000	0.000000	0.707107	0.000000	0.000000	0.707106	0.000000	0.000000	
0.121407	0.652292	0.000083	0.000007	0.000000	0.000000	0.032519	0.747474	
0.701911	0.052212	0.001927	0.705887	0.079465	0.000031	0.000745	0.000000	
0.000000	0.000000	0.000000	0.707107	0.000000	0.000000	0.000000	0.707107	
0.000000	0.000000	0.000000	0.697419	0.708198	0.127927	0.000058	0.000000	
0.000000	0.000000	0.000000	0.000000	0.000000	0.707107	0.707107	0.000000	
0.000000	0.000000	0.000000	0.000000	0.000000	0.707107	0.000000	0.707107	
0.000000	0.000000	0.000000	0.000000	0.000000	0.000000	0.000000	1.000020	
0.000000	0.000000	0.994821	0.000000	0.000000	0.015296	0.056703	0.082957	
0.031365	0.688151	0.024992	0.723913	0.000000	0.001104	0.028042	0.001681	
0.999194	0.004753	0.004485	0.038660	0.000000	0.001386	0.000000	0.008454	
0.694763	0.124912	0.005931	0.000168	0.705928	0.000000	0.000000	0.061528	
0.000000	0.000000	0.000000	0.000000	0.707107	0.000000	0.000000	0.707107	
0.000000	0.000000	0.000000	0.000000	0.707107	0.000000	0.707107	0.000000	
0.000000	0.000000	0.000000	0.000000	0.000000	0.000000	1.000000	0.000000	
0.000000	0.000000	0.000000	0.000000	0.707107	0.707106	0.000000	0.000000	
0.020604	0.001595	0.518801	0.056446	0.000000	0.495458	0.000000	0.694085	
0.003121	0.038608	0.000000	0.752830	0.000000	0.657074	0.000000	0.000000	
0.000000	0.000000	0.010688	0.733156	0.733233	0.000000	0.000000	0.021385	
0.000000	0.000000	0.000000	0.000000	0.000000	0.000000	1.000000	0.000000	
0.001278	0.006725	0.706876	0.000000	0.000000	0.706909	0.023640	0.000000	
0.720855	0.000000	0.000000	0.000000	0.701228	0.000000	0.000000	0.000000	
0.000000	0.524049	0.014765	0.000000	0.000000	0.524256	0.671052	0.000000	
0.028192	0.003932	0.714600	0.077748	0.000000	0.008352	0.025845	0.694085	
0.014609	0.000063	0.000106	0.001610	0.701004	0.091527	0.000000	0.707107	
0.000000	0.000000	0.000000	0.707317	0.000000	0.000000	0.000000	0.706897	
0.706264	0.000000	0.033806	0.000362	0.000000	0.006933	0.707107	0.000000	
0.036753	0.493442	0.046568	0.000227	0.000404	0.481700	0.720513	0.042687	
0.000000	0.000000	0.731101	0.682265	0.000000	0.000191	0.000000	0.002186	
0.000000	0.000000	0.000000	1.000000	0.000000	0.000000	0.000000	0.000000	
0.464896	0.014280	0.001862	0.000000	0.465119	0.756219	0.021320	0.000028	
0.495279	0.080723	0.003401	0.044850	0.495993	0.045878	0.705723	0.000582	
0.018647	0.704798	0.006115	0.000065	0.705071	0.051791	0.000000	0.061536	
0.057625	0.704716	0.000000	0.008108	0.000000	0.707114	0.000000	0.000000	
0.127884	0.000170	0.991761	0.010684	0.001593	0.000000	0.005251	0.000000	
0.000000	0.000000	0.484024	0.499238	0.135981	0.010894	0.703131	0.087938	
0.000548	0.000100	0.698967	0.006296	0.714909	0.000000	0.000000	0.021146	
0.001052	0.032257	0.000195	0.366396	0.003337	0.448713	0.112067	0.806721	
0.000000	0.707077	0.008449	0.707125	0.000000	0.000000	0.000000	0.000000	
0.000000	0.000000	0.000000	0.756889	0.000000	0.653125	0.023589	0.003175	
0.000000	0.000000	0.707315	0.000000	0.000000	0.010875	0.701930	0.082957	
0.466277	0.000000	0.000000	0.000000	0.452531	0.760004	0.000000	0.014024	
0.052887	0.737477	0.000000	0.000013	0.000000	0.000000	0.009443	0.675807	
0.993760	0.016563	0.000000	0.107700	0.000000	0.000000	0.000000	0.023799	
0.000000	0.000000	0.000000	0.000000	0.000000	0.000000	0.707252	0.707252	
0.000000	0.000000	0.000000	0.000000	0.000000	1.000000	0.000666	0.000000	
