0.000000	0.000000	0.000000	0.000000	0.000000	0.710166	0.000000	0.710170	
0.000000	0.000000	1.014080	0.000000	0.000000	0.000000	0.000000	0.000000	
0.707572	0.000000	0.000000	0.000000	0.000000	0.706647	0.000000	0.000000	
0.000000	0.000000	0.000000	0.716191	0.000001	0.714511	0.000000	0.000000	
0.000000	0.000000	0.000000	0.000000	0.706955	0.707261	0.000000	0.000000	
0.000134	0.000006	0.716139	0.000000	0.000000	0.000000	0.698431	0.000000	
0.000000	0.000000	0.000000	0.000000	0.000000	1.000001	0.000000	0.000000	
0.708055	0.007695	0.724892	0.000084	0.000000	0.000000	0.000000	0.000000	
0.000000	0.000000	0.000000	0.000000	0.000000	0.000000	0.000000	1.000002	
0.000000	0.707044	0.000000	0.707171	0.000000	0.000000	0.000000	0.000000	
0.000000	0.000000	0.000000	0.000000	0.000000	0.000000	0.707106	0.707108	
1.000006	0.000000	0.000000	0.000000	0.000000	0.000000	0.000000	0.000000	
0.000000	0.000000	0.705950	0.000000	0.002583	0.000000	0.000002	0.708666	
0.707108	0.000000	0.000000	0.000000	0.000000	0.000000	0.707113	0.000000	
0.000000	0.709458	0.000000	0.000000	0.000000	0.704751	0.000000	0.000000	
0.704311	0.709893	0.000000	0.000000	0.000000	0.000000	0.000000	0.000000	
0.000000	0.710901	0.000000	0.000000	0.000000	0.000000	0.703814	0.000000	
0.000000	0.000000	0.000000	0.000000	0.000000	0.000000	1.000001	0.000000	
0.000000	0.000000	0.723106	0.001977	0.712388	0.000457	0.000000	0.000000	
0.000000	0.000000	0.000000	0.707148	0.000000	0.000000	0.000000	0.707069	
0.000000	0.000000	0.000000	0.000000	0.000000	0.707109	0.707109	0.000000	
0.000000	0.000000	0.000000	0.000000	1.000005	0.000000	0.000000	0.000000	
0.003542	0.711931	0.004392	0.000000	0.702460	0.000000	0.000000	0.000093	
0.001447	0.708313	0.000162	0.000000	0.000000	0.000000	0.000000	0.705902	
0.000000	1.008992	0.000000	0.000000	0.000000	0.000000	0.000000	0.000000	
0.000000	0.000000	0.000000	1.010190	0.000000	0.000000	0.000000	0.000000	
0.000045	0.699593	0.716187	0.000782	0.000000	0.000000	0.000009	0.000000	
0.000002	0.000009	0.000263	0.000001	0.708035	0.000000	0.706178	0.000000	
0.000000	0.000011	0.000272	0.711870	0.702313	0.000000	0.000000	0.000000	
0.705396	0.000000	0.000002	0.000000	0.708815	0.000000	0.000000	0.000000	
0.706987	0.000000	0.000000	0.000000	0.000000	0.000000	0.000000	0.707232	
0.000000	0.000014	0.000962	0.000009	0.709129	0.000000	0.000000	0.709653	
0.006221	0.000000	0.707027	0.707186	0.000000	0.004361	0.000000	0.000000	
0.707044	0.000001	0.000001	0.707172	0.000000	0.000000	0.000000	0.000000	
0.000000	0.000000	0.000000	0.710056	0.000001	0.000000	0.704149	0.000000	
0.000000	0.000000	0.733167	0.000000	0.002683	0.712552	0.000003	0.002563	
0.000000	0.000000	0.000000	1.023501	0.000000	0.000000	0.000000	0.000000	
0.003543	0.712026	0.004392	0.000000	0.702390	0.000000	0.000000	0.000144	
0.000000	0.000000	0.000000	0.000000	1.000005	0.000000	0.000000	0.000000	
0.000000	0.000000	0.000000	0.000000	0.000000	0.000000	0.707105	0.707109	
0.000134	0.000006	0.716666	0.000000	0.000000	0.000000	0.698945	0.000000	
0.981492	0.191400	0.000001	0.003478	0.000000	0.006400	0.000000	0.004288	
0.000000	0.000000	0.000000	0.000000	0.000000	0.000000	1.000001	0.000000	
0.000000	0.000000	0.000000	0.707118	0.000000	0.707101	0.000000	0.000000	
0.000000	0.702551	0.719214	0.000000	0.000000	0.000000	0.000000	0.000000	
0.000000	0.000000	0.000000	0.000000	0.000000	0.707105	0.000000	0.707109	
0.000036	0.000002	0.002410	0.016309	0.710139	0.000000	0.000000	0.710794	
0.000000	0.000000	0.000000	0.707103	0.000000	0.000000	0.000000	0.707111	
0.000000	0.000000	0.000000	0.000000	0.000000	1.000007	0.000000	0.000000	
0.001706	0.011871	0.342411	0.332254	0.000000	0.529890	0.701025	0.000845	
0.000000	0.000000	0.000000	0.000000	0.004874	0.000000	0.000000	0.999995	
0.662185	0.004205	0.001593	0.085829	0.000000	0.745881	0.000000	0.000000	
0.696783	0.710811	0.000000	0.087176	0.000000	0.000000	0.000000	0.040533	
0.000001	0.000005	0.000000	0.000179	0.708195	0.000000	0.706135	0.000000	
0.706987	0.000000	0.000000	0.000000	0.000000	0.000000	0.000000	0.707232	
0.000000	0.998490	0.013259	0.000000	0.000000	0.000000	0.072083	0.000000	
0.000000	0.000000	0.000000	0.000000	0.706957	0.707263	0.000000	0.000000	
0.738814	0.022919	0.024528	0.723144	0.000000	0.000000	0.000000	0.000000	
0.760654	0.000056	0.014211	0.000000	0.000000	0.000000	0.663883	0.000000	
0.000000	0.000003	0.718125	0.695917	0.000000	0.000000	0.000000	0.000000	
0.000000	0.000000	0.719507	0.000000	0.000000	0.000000	0.000000	0.694751	
0.000000	0.707044	0.000000	0.707171	0.000000	0.000000	0.000000	0.000000	
0.021448	0.502741	0.000000	0.051608	0.005910	0.490137	0.709833	0.000000	
0.704816	0.008026	0.721580	0.000000	0.000000	0.000000	0.000000	0.000000	
0.000000	0.711157	0.000000	0.000000	0.000000	0.703035	0.000000	0.000000	
0.000000	0.720708	0.000000	0.001022	0.000000	0.000000	0.000000	0.705974	
0.705396	0.000000	0.000002	0.000000	0.708815	0.000000	0.000000	0.000000	
0.000011	0.000277	0.006688	0.711839	0.702312	0.000000	0.000000	0.000000	
0.000000	0.000000	0.720197	0.000000	0.713899	0.000000	0.000000	0.000000	
0.000059	0.000004	0.719672	0.000000	0.000000	0.694337	0.000000	0.000000	
0.000000	0.000000	1.034540	0.000000	0.000000	0.000000	0.000000	0.000000	
0.000000	0.000000	0.000000	0.707108	0.000000	0.000000	0.707109	0.000000	
0.495357	0.094975	0.511540	0.002499	0.000448	0.014996	0.695474	0.006501	
0.738669	0.022914	0.018500	0.728878	0.000000	0.000000	0.000000	0.000000	
0.714325	0.027886	0.000001	0.031399	0.000000	0.000000	0.699080	0.000000	
0.068861	0.000664	0.060294	0.000000	0.691817	0.000000	0.000000	0.728357	
0.733785	0.000002	0.026735	0.000000	0.678864	0.000000	0.000000	0.000000	
0.000000	0.000000	0.518385	0.502248	0.000000	0.692119	0.000000	0.000000	
0.000002	0.000009	0.000263	0.000007	0.707766	0.000000	0.706413	0.006996	
0.998895	0.064586	0.010719	0.000000	0.000000	0.000000	0.007439	0.000000	
0.705082	0.710670	0.000000	0.000000	0.000000	0.009212	0.000000	0.000000	
0.000000	0.000000	0.398674	0.388527	0.000000	0.533800	0.640663	0.000000	
0.003369	0.713063	0.000000	0.000584	0.000000	0.000000	0.000000	0.707374	
0.012481	0.995565	0.031368	0.099567	0.000000	0.001999	0.001975	0.000000	
0.000000	0.707044	0.000001	0.707171	0.000000	0.000000	0.000000	0.000000	
0.000000	0.707097	0.000000	0.000000	0.000000	0.707119	0.000000	0.000000	
0.003913	0.090272	0.000557	0.508677	0.506149	0.733295	0.006603	0.000147	
0.000000	0.000003	0.720563	0.693404	0.000006	0.000000	0.000000	0.000000	
0.660535	0.050126	0.001593	0.086976	0.000000	0.746308	0.000000	0.000000	
0.000000	0.000000	0.000000	0.000000	0.000000	0.000000	1.000071	0.000000	
0.009573	0.000328	0.000220	0.000010	0.000007	0.644999	0.000000	0.764126	
0.693035	0.007532	0.734188	0.013112	0.000000	0.000000	0.000000	0.000000	
0.001929	0.000094	0.106994	0.698979	0.000000	0.000000	0.000000	0.707368	
0.000000	0.000000	0.466686	0.452159	0.000000	0.004986	0.000000	0.773290	
0.706987	0.000000	0.000000	0.000087	0.000004	0.000000	0.000000	0.707232	
0.000000	0.705055	0.721778	0.000000	0.000000	0.000000	0.000000	0.000000	
0.000000	0.000000	0.000000	0.000000	0.000000	0.000000	0.707105	0.707109	
0.000000	0.000000	0.000000	1.016979	0.000000	0.000000	0.000000	0.000000	
0.000000	0.000000	0.000051	0.117777	0.035346	0.992450	0.000000	0.000000	
0.003974	0.000000	0.504862	0.504969	0.000000	0.000000	0.706867	0.000000	
