0.000000	0.000000	0.707113	0.707100	0.000000	0.000000	0.000000	0.000000	
0.000000	0.707139	0.000000	0.707075	0.000000	0.000000	0.000000	0.000000	
0.000000	0.000000	0.707107	0.000000	0.000000	0.000000	0.707107	0.000000	
0.707130	0.000000	0.000000	0.707083	0.000000	0.000000	0.000000	0.000000	
0.000000	0.000000	0.000000	0.000000	0.000000	0.000000	0.000000	1.000000	
0.707155	0.000000	0.707058	0.000000	0.000000	0.000000	0.000000	0.000000	
0.000000	0.000000	0.000000	0.000000	0.000000	0.000000	0.707107	0.707107	
0.000000	0.707108	0.000000	0.000000	0.000000	0.707106	0.000000	0.000000	
0.000000	0.000000	0.707107	0.000000	0.000000	0.000000	0.000000	0.707107	
0.000000	0.000000	0.000000	0.000000	0.707107	0.000000	0.000000	0.707107	
0.000000	0.000000	0.707108	0.000000	0.000000	0.707106	0.000000	0.000000	
0.000000	0.000000	0.000000	0.000000	0.707107	0.707106	0.000000	0.000000	
0.000000	0.000000	0.000000	0.000000	0.000000	0.707107	0.707107	0.000000	
0.000000	1.000000	0.000000	0.000000	0.000000	0.000000	0.000000	0.000000	
0.707114	0.000000	0.000000	0.000000	0.000000	0.000000	0.000000	0.707113	
0.000000	0.000000	0.000000	0.000000	0.000000	0.000000	1.000000	0.000000	
0.000000	0.000000	0.000000	0.707108	0.000000	0.707106	0.000000	0.000000	
0.707144	0.000000	0.000000	0.000000	0.000000	0.707070	0.000000	0.000000	
0.000000	0.000000	0.000000	0.000000	0.000000	0.707107	0.000000	0.707107	
0.000000	0.000000	0.000000	0.000000	0.707107	0.000000	0.707107	0.000000	
0.000000	0.707114	0.000000	0.000000	0.000000	0.000000	0.000000	0.707100	
0.000000	0.000000	0.000000	1.000000	0.000000	0.000000	0.000000	0.000000	
0.707107	0.000000	0.000000	0.000000	0.000000	0.000000	0.707107	0.000000	
0.000000	0.000000	1.000000	0.000000	0.000000	0.000000	0.000000	0.000000	
0.000000	0.707107	0.000000	0.000000	0.000000	0.000000	0.707107	0.000000	
1.000001	0.000000	0.000000	0.000000	0.000000	0.000000	0.000000	0.000000	
0.000000	0.000000	0.000000	0.000000	0.000000	1.000000	0.000000	0.000000	
0.000000	0.000000	0.000000	0.707107	0.000000	0.000000	0.707107	0.000000	
0.000000	0.000000	0.707107	0.000000	0.707107	0.000000	0.000000	0.000000	
0.000000	0.706978	0.707235	0.000000	0.000000	0.000000	0.000000	0.000000	
0.707107	0.000000	0.000000	0.000000	0.707107	0.000000	0.000000	0.000000	
0.000000	0.000000	0.000000	0.707107	0.000000	0.000000	0.000000	0.707107	
0.707190	0.707024	0.000000	0.000000	0.000000	0.000000	0.000000	0.000000	
0.000000	0.000000	0.000000	0.000000	1.000000	0.000000	0.000000	0.000000	
0.000000	0.000000	0.000000	0.707107	0.707107	0.000000	0.000000	0.000000	
0.000000	0.707107	0.000000	0.000000	0.707106	0.000000	0.000000	0.000000	
0.018636	0.702782	0.071813	0.003558	0.000003	0.706695	0.034097	0.000131	
0.003212	0.000174	0.000261	1.037390	0.000000	0.012967	0.000000	0.000000	
0.000000	0.000000	0.000000	0.707107	0.000000	0.000000	0.000000	0.707107	
0.029479	0.706342	0.707214	0.007674	0.000291	0.000000	0.000662	0.000000	
0.719666	0.012983	0.000000	0.000006	0.694189	0.000000	0.000000	0.003783	
0.000000	0.000000	0.000000	0.000000	0.000000	0.000000	0.707107	0.707107	
0.990560	0.058536	0.102191	0.002968	0.055305	0.037057	0.000000	0.021949	
0.539981	0.000040	0.539907	0.683592	0.000000	0.000000	0.000000	0.000083	
0.000000	0.000000	0.000000	0.000000	0.000000	0.000000	0.000000	1.000000	
0.707155	0.000010	0.707058	0.000000	0.000000	0.000000	0.000000	0.000000	
0.000000	0.000000	0.000000	0.000000	0.707107	0.707106	0.000000	0.000000	
0.487866	0.476845	0.000000	0.000000	0.000000	0.731168	0.000000	0.000000	
0.698467	0.698304	0.156518	0.000000	0.000000	0.000000	0.000000	0.004184	
0.000000	0.691272	0.000000	0.013254	0.000399	0.023166	0.722067	0.007042	
0.111556	0.685704	0.085302	0.014308	0.097483	0.019383	0.002345	0.707107	
0.002349	0.000052	0.000007	0.507561	0.507566	0.000000	0.696242	0.000000	
0.000000	0.000000	0.999986	0.000111	0.000527	0.001791	0.004868	0.000000	
0.000000	0.000000	0.000000	0.000000	1.019499	0.000000	0.000000	0.094222	
0.059932	0.677535	0.000010	0.676985	0.024161	0.057862	0.303056	0.000000	
0.011342	0.357355	0.033865	0.360024	0.008177	0.508588	0.000000	0.726805	
0.000000	0.000000	0.707088	0.000013	0.000000	0.707086	0.000000	0.007479	
0.000000	0.000000	0.000000	0.000000	0.000000	1.000000	0.000000	0.000000	
0.000000	0.000000	0.000000	0.707108	0.000003	0.707106	0.000000	0.000000	
0.073790	0.007505	0.750051	0.000651	0.000000	0.000000	0.657208	0.000000	
0.710034	0.000000	0.000000	0.000000	0.000000	0.000000	0.000000	0.704181	
0.047607	0.001271	0.705459	0.707052	0.011696	0.000000	0.000000	0.000000	
0.000000	0.000000	0.000000	0.707107	0.707107	0.000000	0.000000	0.000000	
0.000000	0.000000	0.000000	0.000000	0.000000	0.707107	0.707107	0.000000	
0.000000	0.000000	0.000000	0.000000	0.707107	0.000000	0.000000	0.707107	
0.482976	0.000000	0.000000	0.000000	0.000000	0.482925	0.730423	0.000000	
0.000000	0.000000	0.707107	0.000000	0.707107	0.000000	0.000000	0.000000	
0.000000	0.000000	0.000000	0.000000	0.000000	0.000000	1.000000	0.000000	
0.114570	0.970332	0.000556	0.001173	0.194899	0.000000	0.002299	0.085661	
0.000000	0.055321	0.000000	0.704940	0.000000	0.000000	0.707107	0.000000	
0.017459	0.706723	0.000000	0.000102	0.706937	0.000000	0.000000	0.021882	
0.000000	0.000000	0.707107	0.000000	0.000000	0.000000	0.000000	0.707107	
0.000000	0.000000	0.000000	0.000000	0.000000	1.000000	0.000000	0.000000	
0.989556	0.058477	0.102087	0.042478	0.068145	0.037082	0.000000	0.021964	
0.033140	0.031506	0.998945	0.000000	0.000000	0.000000	0.000000	0.004184	
0.000000	0.685747	0.000000	0.727840	0.000000	0.000000	0.000000	0.000000	
0.113098	0.698003	0.000000	0.000000	0.000000	0.000000	0.000000	0.707107	
0.000000	0.000000	0.000000	0.000000	0.000000	0.000000	0.000000	1.043674	
0.000919	0.005894	0.707815	0.000185	0.010923	0.056149	0.704052	0.000000	
0.707107	0.000108	0.000056	0.000000	0.707107	0.000000	0.000000	0.000000	
0.000000	0.000000	0.706549	0.000000	0.000000	0.706547	0.039739	0.000000	
0.007485	0.508966	0.000000	0.000000	0.000000	0.490813	0.707107	0.000000	
0.000000	0.000000	0.000000	0.707107	0.707107	0.000000	0.000000	0.000000	
0.000000	0.000000	0.707107	0.000000	0.000000	0.000000	0.000000	0.707107	
0.011898	0.000063	0.014772	0.000000	0.019347	0.000084	0.402125	0.915214	
0.000000	0.000000	0.707126	0.000000	0.707126	0.000000	0.000000	0.000000	
0.072126	0.694358	0.720377	0.000000	0.018967	0.000000	0.000000	0.013521	
0.021669	0.323770	0.000000	0.336049	0.467145	0.749753	0.000003	0.037681	
0.691028	0.005002	0.000000	0.013249	0.000396	0.023158	0.722284	0.007042	
0.707079	0.000000	0.006766	0.000000	0.000000	0.000000	0.000000	0.707110	
0.000108	0.000000	0.746305	0.665563	0.000000	0.000000	0.000000	0.007392	
0.067165	0.997741	0.000006	0.000005	0.000000	0.000000	0.000001	0.001479	
0.022767	0.705495	0.034155	0.003558	0.000003	0.706695	0.034097	0.000131	
0.000000	0.000000	0.000000	0.705969	0.010890	0.000000	0.000000	0.708159	
0.001866	0.323021	0.025983	0.004230	0.329186	0.503655	0.730193	0.000000	
0.000000	0.000000	0.000000	0.000000	0.000000	0.000000	0.999791	0.020439	
0.020870	0.712853	0.000000	0.000000	0.702538	0.000000	0.027021	0.000000	
0.707190	0.707024	0.000000	0.000000	0.000000	0.000000	0.000000	0.000000	
0.705823	0.040024	0.707214	0.007674	0.000291	0.000000	0.000662	0.000000	
0.000000	0.000000	0.000000	0.000000	0.707107	0.000000	0.000000	0.707107	
