0.000000	0.000000	0.000000	0.707107	0.000000	0.707106	0.000000	0.000000	
0.000000	0.000000	0.707107	0.000000	0.000000	0.000000	0.000000	0.707107	
0.000000	0.707107	0.000000	0.000000	0.707106	0.000000	0.000000	0.000000	
1.000000	0.000000	0.000000	0.000000	0.000000	0.000000	0.000000	0.000000	
0.000000	0.708672	0.000000	0.000000	0.000000	0.000000	0.705539	0.000000	
0.707108	0.000000	0.000000	0.000000	0.000000	0.000000	0.707108	0.000000	
0.709319	0.000001	0.000000	0.000000	0.000000	0.709317	0.000000	0.000000	
0.707107	0.000000	0.000000	0.000000	0.707107	0.000000	0.000000	0.000000	
0.000000	0.000000	0.000000	0.707107	0.707107	0.000000	0.000000	0.000000	
0.000000	0.000000	0.000000	0.000000	0.000000	1.000000	0.000000	0.000000	
0.000000	0.000000	0.000000	0.000000	0.707122	0.707121	0.000000	0.000000	
0.000000	0.000000	0.707107	0.000000	0.707107	0.000000	0.000000	0.000000	
0.000000	0.000000	0.000000	0.000000	1.000000	0.000000	0.000000	0.000000	
0.000000	0.000000	0.000000	0.000000	0.000000	0.000000	1.000000	0.000000	
0.704046	0.710848	0.000000	0.000000	0.000000	0.000000	0.000000	0.000000	
0.000000	0.000000	0.000000	0.000000	0.707107	0.000000	0.000000	0.707107	
0.000000	0.000000	0.000000	0.000000	0.707107	0.000000	0.707107	0.000000	
0.000000	1.006481	0.000000	0.000000	0.000000	0.000000	0.000000	0.000000	
0.000000	0.000000	0.707108	0.000000	0.000000	0.707106	0.000000	0.000000	
0.707107	0.000000	0.000000	0.000000	0.000000	0.000000	0.000000	0.707107	
0.000000	0.000000	0.707113	0.707100	0.000000	0.000000	0.000000	0.000000	
0.000000	0.000000	0.000000	0.000000	0.000000	0.707107	0.707107	0.000000	
0.000000	0.000000	0.000000	0.000000	0.000000	0.000000	0.000000	1.000000	
0.707155	0.000000	0.707058	0.000000	0.000000	0.000000	0.000000	0.000000	
0.000000	0.000000	0.707107	0.000000	0.000000	0.000000	0.707107	0.000000	
0.000000	0.000000	0.000000	0.707107	0.000000	0.000000	0.000000	0.707107	
0.000000	0.000000	0.000000	0.707107	0.000000	0.000000	0.707107	0.000000	
0.000000	0.706978	0.707235	0.000000	0.000000	0.000000	0.000000	0.000000	
0.000000	0.000000	0.000000	0.000000	0.000000	0.707107	0.000000	0.707107	
0.000000	0.000000	0.000000	1.000000	0.000000	0.000000	0.000000	0.000000	
0.000000	0.708575	0.000006	0.706112	0.000000	0.000061	0.000000	0.000000	
0.000000	0.000000	0.000000	0.000000	0.000000	0.000000	0.707110	0.707110	
0.000000	0.710591	0.000000	0.000000	0.000000	0.704679	0.000000	0.000000	
0.707113	0.000000	0.000000	0.707100	0.000000	0.000000	0.000000	0.000000	
0.000000	0.708132	0.000000	0.000000	0.000000	0.000000	0.001788	0.706078	
0.000000	0.000000	1.000000	0.000000	0.000000	0.000000	0.000000	0.000000	
0.000000	0.000000	0.000000	0.000000	0.000000	0.000000	0.707107	0.707107	
0.023613	0.709989	0.000028	0.000000	0.000000	0.704472	0.000000	0.000000	
0.000000	0.000000	0.000000	0.000000	0.707107	0.707106	0.000000	0.000000	
0.000000	0.000000	0.000000	0.707107	0.000000	0.707106	0.000000	0.000000	
0.029479	0.706342	0.707214	0.007674	0.000291	0.000000	0.000662	0.000000	
0.000000	0.000000	0.000000	1.000000	0.000000	0.000000	0.000000	0.000000	
0.706518	0.026759	0.062072	0.000000	0.000000	0.000000	0.000000	0.709744	
0.000000	0.000000	0.707107	0.000000	0.707107	0.000000	0.000000	0.000000	
0.734356	0.000843	0.678764	0.000000	0.000000	0.002075	0.000000	0.000000	
0.463509	0.009282	0.001542	0.533920	0.000000	0.000000	0.707107	0.000000	
0.715375	0.000000	0.000000	0.698120	0.000000	0.000000	0.029464	0.000000	
1.000000	0.000000	0.000000	0.000000	0.000000	0.000000	0.000000	0.000000	
0.000000	0.000000	0.000000	0.707107	0.000000	0.000000	0.000000	0.707107	
0.000000	0.000000	0.000000	0.000000	0.707107	0.000000	0.707107	0.000000	
0.000000	0.000000	0.000000	0.000000	0.000000	0.707107	0.707107	0.000000	
0.000000	0.000000	0.707107	0.000000	0.000000	0.000000	0.707107	0.000000	
0.000000	0.999980	0.000000	0.000000	0.000000	0.000000	0.006392	0.000000	
0.000000	0.708393	0.000538	0.705931	0.000000	0.000064	0.000000	0.000000	
0.000000	0.000000	0.707962	0.002151	0.039032	0.704831	0.000000	0.021772	
0.067129	0.705199	0.000000	0.000000	0.058375	0.000000	0.710788	0.079447	
0.000000	0.000000	0.000000	0.677796	0.655194	0.000000	0.000000	0.333681	
0.000000	0.000000	0.707107	0.000000	0.000000	0.000000	0.000000	0.707107	
0.000000	0.000000	0.000000	0.000000	1.000000	0.000000	0.000000	0.000000	
0.000000	0.000000	0.000000	0.000000	0.000000	0.000000	1.000000	0.000000	
0.000000	0.000000	1.000000	0.000000	0.000000	0.000000	0.000000	0.000000	
0.000000	0.000000	0.000000	0.000000	0.000000	0.000000	0.000000	1.000000	
0.000000	0.000000	0.000000	0.000000	0.707107	0.000000	0.000000	0.707107	
0.680820	0.000088	0.000130	0.000473	0.732531	0.000000	0.000000	0.000000	
0.108171	0.723125	0.000075	0.012942	0.687639	0.063166	0.000000	0.000000	
0.000000	0.707114	0.000000	0.000000	0.000000	0.000000	0.000000	0.707100	
0.729124	0.666134	0.000006	0.000156	0.000591	0.155536	0.000000	0.021265	
0.716822	0.000498	0.000028	0.043561	0.000000	0.696547	0.000000	0.000000	
0.476991	0.009129	0.502972	0.724626	0.000350	0.000871	0.000011	0.000000	
0.000000	0.000000	0.000000	0.000000	0.000000	0.707107	0.000000	0.707107	
0.707107	0.000000	0.000000	0.000000	0.000000	0.000000	0.707107	0.000000	
0.000000	0.000000	0.000000	0.000000	0.000000	1.000000	0.000000	0.000000	
0.000000	0.000000	0.000000	0.000000	0.000000	0.009552	1.000063	0.030057	
0.000000	0.708671	0.000000	0.000000	0.000000	0.000887	0.705539	0.000000	
0.111556	0.685704	0.085302	0.014308	0.097483	0.019383	0.002345	0.707107	
0.000045	0.008240	0.000000	0.000006	0.000005	0.000004	0.000000	0.999995	
0.698831	0.023772	0.000000	0.032721	0.057684	0.062255	0.705126	0.078814	
0.624181	0.008511	0.000025	0.037934	0.000000	0.780083	0.018978	0.000000	
0.000000	0.000000	0.000000	0.000000	0.000000	0.707117	0.000000	0.707117	
0.079447	0.727463	0.017421	0.000000	0.690510	0.000000	0.000000	0.000000	
0.004584	0.476584	0.003127	0.540594	0.000000	0.000000	0.000000	0.720698	
0.069001	0.003535	0.000001	0.000010	0.000000	0.993817	0.044032	0.078587	
0.005217	0.693555	0.731219	0.026571	0.000346	0.000001	0.000001	0.000000	
0.495628	0.006684	0.495854	0.713047	0.000012	0.000922	0.000010	0.000000	
0.000000	0.000000	0.709326	0.051417	0.711187	0.000000	0.000000	0.000000	
0.729551	0.666525	0.000006	0.000156	0.000592	0.155627	0.000000	0.007488	
0.000000	0.707227	0.000538	0.704770	0.000000	0.057351	0.000000	0.000000	
0.000886	0.019875	0.019902	0.999604	0.000002	0.000000	0.000010	0.000000	
0.000656	0.000001	0.000071	0.479148	0.518003	0.014708	0.000000	0.708431	
0.807541	0.000528	0.085671	0.035806	0.000000	0.000000	0.000000	0.582460	
0.000000	0.000000	1.000000	0.000000	0.000000	0.000000	0.000000	0.000000	
0.000000	0.710591	0.000000	0.000000	0.000000	0.704679	0.000000	0.000000	
0.003190	0.096583	0.675168	0.000000	0.000000	0.000000	0.731307	0.000000	
0.687593	0.079064	0.010788	0.023900	0.719414	0.000138	0.048517	0.019175	
0.493149	0.002477	0.515548	0.003648	0.000000	0.700710	0.000000	0.000000	
0.016868	0.992341	0.121864	0.001629	0.003188	0.029236	0.003318	0.003710	
0.000005	0.007565	0.000000	0.000000	0.710550	0.704679	0.000000	0.000000	
0.702125	0.011621	0.712601	0.007678	0.000003	0.000000	0.000001	0.000000	
0.000000	0.000000	0.000000	0.000000	0.000000	0.000000	0.707110	0.707110	
0.463509	0.009282	0.001542	0.533920	0.000000	0.000000	0.707107	0.000000	
