0.000000	0.000000	0.000000	0.000000	0.000000	0.000000	0.000000	1.000000	
0.000000	0.000000	0.707107	0.000000	0.000000	0.000000	0.000000	0.707107	
0.000000	0.000000	0.000000	0.707110	0.000000	0.707104	0.000000	0.000000	
0.000000	1.000002	0.000000	0.000000	0.000000	0.000000	0.000000	0.000000	
0.707386	0.000000	0.706828	0.000000	0.000000	0.000000	0.000000	0.000000	
1.000932	0.000000	0.000000	0.000000	0.000000	0.000000	0.000000	0.000000	
0.000000	0.000000	0.000000	0.000000	0.000000	0.000000	1.000000	0.000000	
0.000000	0.000000	0.000000	1.000000	0.000000	0.000000	0.000000	0.000000	
0.000000	0.707114	0.000000	0.000000	0.000000	0.000000	0.000000	0.707100	
0.000000	0.000000	0.000000	0.707107	0.000000	0.000000	0.707107	0.000000	
0.000000	0.000000	0.000000	0.000000	0.707108	0.707106	0.000000	0.000000	
0.707108	0.000000	0.000000	0.000000	0.707106	0.000000	0.000000	0.000000	
0.000000	0.707108	0.000000	0.000000	0.000000	0.707106	0.000000	0.000000	
0.000000	0.000000	0.000000	0.000000	0.000000	1.000000	0.000000	0.000000	
0.000000	0.000000	0.000000	0.000000	0.707107	0.000000	0.000000	0.707107	
0.000000	0.000000	0.000000	0.000000	0.000000	0.707107	0.000000	0.707107	
0.000000	0.707140	0.000000	0.707073	0.000000	0.000000	0.000000	0.000000	
0.000000	0.000000	0.000000	0.000000	1.000000	0.000000	0.000000	0.000000	
0.000000	0.000000	0.000000	0.000000	0.000000	0.707107	0.707107	0.000000	
0.000000	0.000000	0.000000	0.707107	0.000000	0.000000	0.000000	0.707107	
0.000000	0.000000	0.707107	0.000000	0.707106	0.000000	0.000000	0.000000	
0.000000	0.000000	0.707107	0.000000	0.000000	0.000000	0.707107	0.000000	
0.000000	0.707108	0.000000	0.000000	0.707106	0.000000	0.000000	0.000000	
0.000000	0.000000	0.707114	0.707099	0.000000	0.000000	0.000000	0.000000	
0.707109	0.000000	0.000000	0.000000	0.000000	0.000000	0.707109	0.000000	
0.000000	0.000000	0.707111	0.000000	0.000000	0.707103	0.000000	0.000000	
0.000000	0.000000	0.000000	0.000000	0.707107	0.000000	0.707107	0.000000	
0.707172	0.000003	0.000000	0.000000	0.000000	0.707042	0.000000	0.000000	
0.000000	0.706978	0.707235	0.000000	0.000000	0.000000	0.000000	0.000000	
0.707082	0.000001	0.000000	0.000000	0.000000	0.000000	0.000000	0.707132	
0.707140	0.000000	0.000000	0.707073	0.000000	0.000000	0.000000	0.000000	
0.000000	0.000000	1.000000	0.000000	0.000000	0.000000	0.000000	0.000000	
0.707238	0.706975	0.000000	0.000000	0.000000	0.000000	0.000000	0.000000	
0.000000	0.000000	0.000000	0.707107	0.707107	0.000000	0.000000	0.000000	
0.000000	0.000000	0.000000	0.000000	0.000000	0.000000	0.707107	0.707107	
0.000000	0.707107	0.000000	0.000000	0.000000	0.000000	0.707107	0.000000	
0.501789	0.501602	0.000000	0.000000	0.704700	0.000000	0.000000	0.000000	
0.096760	0.704636	0.002370	0.000158	0.702948	0.000060	0.000000	0.000016	
0.000000	0.707108	0.000000	0.000000	0.000000	0.707106	0.000000	0.000000	
0.000000	0.000000	0.000000	0.707097	0.707097	0.005333	0.000000	0.000000	
0.707174	0.000003	0.000000	0.000000	0.000000	0.707040	0.000000	0.000000	
0.000000	0.000000	0.000000	0.000000	0.000000	1.000000	0.000000	0.000000	
0.000000	0.000000	0.000000	0.000000	1.000000	0.000000	0.000000	0.000000	
0.000000	0.000000	0.710265	0.000000	0.000000	0.710258	0.000000	0.000000	
0.000000	0.000000	0.707060	0.000000	0.000000	0.008121	0.707107	0.000000	
0.000000	0.000000	0.000000	0.000000	0.707108	0.707106	0.000000	0.000000	
0.000000	0.000000	0.000000	0.000000	0.000000	0.000000	0.707107	0.707107	
0.000000	0.000000	0.000000	0.707107	0.000000	0.000000	0.000000	0.707107	
0.000000	0.000000	0.000000	0.000000	0.000000	0.000000	1.000000	0.000000	
1.000000	0.000000	0.000000	0.000000	0.000000	0.000000	0.000000	0.000000	
0.000000	0.000000	0.000000	1.000000	0.000000	0.000000	0.000000	0.000000	
0.001260	0.021931	0.706766	0.000000	0.707106	0.000000	0.000000	0.000000	
0.000000	0.000000	0.000000	0.000000	0.000000	0.000000	0.000000	1.000000	
0.760531	0.643392	0.014939	0.000529	0.000000	0.075087	0.000000	0.042162	
0.000700	0.706978	0.707235	0.000000	0.000000	0.000000	0.000000	0.000000	
0.706728	0.021642	0.000459	0.008173	0.000000	0.000000	0.000000	0.707107	
0.000000	0.000000	0.707107	0.000000	0.000000	0.000000	0.000000	0.707107	
0.000000	0.000000	0.000000	0.707111	0.000000	0.707103	0.000000	0.000000	
0.707107	0.000000	0.000000	0.000003	0.000000	0.000000	0.707107	0.000000	
0.000000	0.000000	0.000000	0.000000	0.000000	0.707107	0.707107	0.000000	
0.001107	0.000231	0.010964	0.000542	0.737063	0.000000	0.675657	0.037142	
0.695432	0.051625	0.017899	0.717239	0.000000	0.009534	0.000000	0.012614	
0.000000	0.000000	0.000000	0.000000	0.707107	0.000000	0.000000	0.707107	
0.000113	0.001851	0.663155	0.745924	0.001046	0.038351	0.048463	0.000000	
0.727964	0.002050	0.682496	0.000657	0.000000	0.000192	0.065294	0.000000	
0.000000	0.000000	1.000000	0.000000	0.000000	0.000000	0.000000	0.000000	
0.000000	0.000000	0.000000	0.000000	0.000000	0.707107	0.000000	0.707107	
0.109725	0.712061	0.000114	0.000004	0.027649	0.000000	0.000000	0.692940	
0.152184	0.987599	0.000159	0.000694	0.038582	0.000000	0.000000	0.000000	
0.000000	0.000000	0.000000	0.707107	0.000000	0.000000	0.707107	0.000000	
0.040513	0.660970	0.045886	0.746645	0.000000	0.038388	0.020498	0.000000	
0.118945	0.668975	0.002703	0.007630	0.000229	0.000000	0.735778	0.025888	
0.089962	0.501357	0.523838	0.000003	0.028135	0.684973	0.000000	0.000000	
0.000000	0.000000	0.000000	0.706527	0.706527	0.040474	0.000000	0.000000	
0.000000	0.705076	0.000000	0.000000	0.000000	0.705074	0.150992	0.000000	
0.023699	0.001752	0.000001	0.003279	0.706703	0.707103	0.000000	0.000000	
0.704923	0.070488	0.006273	0.000003	0.000000	0.708458	0.000000	0.000000	
0.516248	0.000000	0.000000	0.012905	0.000000	0.050695	0.487958	0.718443	
0.694047	0.051522	0.017864	0.717459	0.000000	0.009527	0.020482	0.012606	
0.000000	0.000000	0.000000	0.688282	0.000000	0.000000	0.000000	0.725443	
0.000000	0.000000	0.000000	0.000000	0.000000	0.707107	0.000000	0.707107	
0.000000	0.000000	0.000000	0.707107	0.000000	0.000000	0.707107	0.000000	
0.000000	0.000000	0.000000	1.000000	0.000000	0.000000	0.000000	0.000000	
0.727964	0.002050	0.682496	0.000657	0.000000	0.000192	0.065294	0.000000	
0.000000	0.000000	0.000000	0.705967	0.040204	0.707103	0.000000	0.000000	
1.009989	0.000012	0.000000	0.000000	0.000000	0.036557	0.000000	0.000000	
0.766396	0.648354	0.015054	0.000533	0.000000	0.000367	0.000000	0.042367	
0.000000	0.000000	0.723875	0.000000	0.689931	0.000000	0.000000	0.000000	
0.205912	0.633237	0.002649	0.008692	0.000232	0.000000	0.745561	0.025839	
0.000000	0.000000	0.000000	0.000000	0.746190	0.000000	0.000000	0.665733	
0.000349	0.003651	0.069823	0.068229	0.000356	0.995172	0.000000	0.009368	
0.472853	0.000000	0.466395	0.000000	0.747587	0.000004	0.000000	0.000000	
0.096472	0.702539	0.055452	0.000158	0.702991	0.000060	0.000000	0.000016	
0.707109	0.000000	0.000000	0.000000	0.000000	0.000000	0.707109	0.000000	
0.040513	0.660970	0.045886	0.746645	0.000000	0.038388	0.020498	0.000000	
0.152307	0.988394	0.000159	0.000689	0.005299	0.000000	0.000000	0.000016	
0.000000	0.000000	0.000000	0.000000	0.000000	0.000000	0.000000	1.000000	
0.000000	0.000000	0.000000	0.000000	0.000000	0.000000	0.689954	0.723853	
0.111269	0.722082	0.681535	0.000006	0.038344	0.000000	0.000000	0.016007	
0.003295	0.051659	0.995266	0.018394	0.000095	0.080912	0.000847	0.020118	
