0.000000	0.000000	0.000000	0.000000	0.000000	0.707107	0.707107	0.000000	
0.000000	0.707155	0.707059	0.000000	0.000000	0.000000	0.000000	0.000000	
0.707107	0.000000	0.000000	0.000000	0.707107	0.000000	0.000000	0.000000	
0.000000	0.000000	0.000000	0.000000	0.000000	1.000000	0.000000	0.000000	
0.000000	0.000000	0.000000	0.707107	0.000000	0.000000	0.000000	0.707107	
0.000000	0.000000	0.707107	0.000000	0.000000	0.000000	0.707107	0.000000	
0.000000	0.000000	0.000000	0.707107	0.000000	0.707106	0.000000	0.000000	
0.000000	0.000000	0.000000	0.000000	0.707107	0.000000	0.000000	0.707107	
0.000000	0.000000	1.000000	0.000000	0.000000	0.000000	0.000000	0.000000	
0.707107	0.000000	0.000000	0.000000	0.000000	0.000000	0.707107	0.000000	
0.000000	0.000000	0.707108	0.707105	0.000000	0.000000	0.000000	0.000000	
1.000000	0.000000	0.000000	0.000000	0.000000	0.000000	0.000000	0.000000	
0.000000	0.000000	0.000000	0.000000	0.707107	0.707106	0.000000	0.000000	
0.000000	0.000000	0.000000	0.000000	0.000000	0.707107	0.000000	0.707107	
0.000000	0.000000	0.000000	0.000000	1.000000	0.000000	0.000000	0.000000	
0.000000	1.000000	0.000000	0.000000	0.000000	0.000000	0.000000	0.000000	
0.000000	0.707107	0.000000	0.000000	0.000000	0.000000	0.000000	0.707107	
0.000000	0.000000	0.707107	0.000000	0.000000	0.000000	0.000000	0.707107	
0.000000	0.000000	0.000000	0.707107	0.707107	0.000000	0.000000	0.000000	
0.000000	0.707108	0.000000	0.707105	0.000000	0.000000	0.000000	0.000000	
0.707107	0.000000	0.000000	0.000000	0.000000	0.000000	0.000000	0.707107	
0.000000	0.707107	0.000000	0.000000	0.707107	0.000000	0.000000	0.000000	
0.000000	0.707107	0.000000	0.000000	0.000000	0.000000	0.707107	0.000000	
0.707108	0.000000	0.000000	0.707105	0.000000	0.000000	0.000000	0.000000	
0.707155	0.000000	0.707058	0.000000	0.000000	0.000000	0.000000	0.000000	
0.707011	0.707203	0.000000	0.000000	0.000000	0.000000	0.000000	0.000000	
0.000000	0.000000	0.000000	1.000000	0.000000	0.000000	0.000000	0.000000	
0.000000	0.000000	0.707107	0.000000	0.707107	0.000000	0.000000	0.000000	
0.000000	0.707107	0.000000	0.000000	0.000000	0.707106	0.000000	0.000000	
0.000000	0.000000	0.000000	0.000000	0.000000	0.000000	1.000000	0.000000	
0.707107	0.000000	0.000000	0.000000	0.000000	0.707106	0.000000	0.000000	
0.000000	0.000000	0.000000	0.707107	0.000000	0.000000	0.707107	0.000000	
0.000000	0.000000	0.000000	0.000000	0.000000	0.000000	0.707107	0.707107	
0.000000	0.000000	0.707107	0.000000	0.000000	0.707106	0.000000	0.000000	
0.000000	0.000000	0.000000	0.000000	0.000000	0.000000	0.000000	1.000000	
0.000000	0.000000	0.000000	0.000000	0.707107	0.000000	0.707107	0.000000	
0.740538	0.000012	0.002915	0.003753	0.672154	0.000000	0.000000	0.000000	
0.000000	0.000000	0.000000	0.000000	0.000000	0.000000	1.000000	0.000000	
0.000000	0.000000	0.000000	1.000000	0.000000	0.000000	0.000000	0.000000	
0.008658	0.008275	0.000409	0.707033	0.000000	0.000000	0.000000	0.707135	
0.000000	0.000000	0.000000	0.000000	0.000000	0.707107	0.707107	0.000000	
0.000000	0.684032	0.728442	0.038654	0.000000	0.005249	0.000000	0.000000	
0.036609	0.704221	0.089841	0.023109	0.701364	0.000000	0.047070	0.000000	
0.000000	0.000000	0.000000	0.000000	0.000000	1.000000	0.000000	0.000000	
0.000000	0.000000	0.000000	0.000000	0.000000	0.000000	0.000000	1.000000	
0.000000	0.000000	0.000000	0.000000	1.000000	0.000000	0.000000	0.000000	
0.000601	0.012075	0.539939	0.000052	0.000469	0.456420	0.000000	0.707107	
0.000000	0.000000	0.000000	0.000000	0.000000	0.000000	0.707116	0.707116	
0.511150	0.002368	0.000000	0.511153	0.000000	0.691126	0.000000	0.000000	
0.000001	0.000116	0.733962	0.007946	0.000000	0.678878	0.000000	0.019020	
0.707134	0.005518	0.707058	0.000000	0.000000	0.000000	0.000000	0.000000	
0.688538	0.013803	0.000393	0.000188	0.000925	0.724967	0.004355	0.011371	
0.707340	0.000000	0.000000	0.000741	0.005989	0.029558	0.046478	0.704698	
0.000222	0.991039	0.126262	0.032253	0.028626	0.000000	0.006297	0.000000	
0.703519	0.707420	0.028831	0.028288	0.025910	0.034820	0.027086	0.019230	
0.000000	0.000000	0.000000	0.707107	0.707107	0.000000	0.000000	0.000000	
0.691002	0.042246	0.000035	0.052511	0.000000	0.000000	0.719704	0.000000	
0.000000	0.707087	0.005522	0.707105	0.000000	0.000430	0.000000	0.000000	
0.000000	0.000000	0.000000	0.707107	0.000000	0.000000	0.707107	0.000000	
0.000000	0.000000	0.000000	0.000000	0.707107	0.000000	0.000000	0.707107	
0.000000	0.000000	0.707107	0.000000	0.707107	0.000000	0.000000	0.000000	
0.000000	0.000000	0.000000	0.000000	0.707107	0.000000	0.707107	0.000000	
0.000000	0.000000	0.000000	0.000000	0.707107	0.707106	0.000000	0.000000	
0.706352	0.000000	0.029461	0.706963	0.000000	0.000002	0.000337	0.020047	
0.026864	0.539316	0.009888	0.000052	0.000469	0.456420	0.000000	0.707107	
0.997939	0.059213	0.015104	0.000456	0.000400	0.000006	0.019393	0.002543	
0.000000	0.000000	0.707107	0.000000	0.000000	0.000000	0.707107	0.000000	
0.000000	0.000000	0.000000	0.000000	0.000000	0.707107	0.000000	0.707107	
0.000000	0.707084	0.000000	0.000000	0.005645	0.000000	0.707107	0.000000	
0.000000	0.000000	0.998688	0.051207	0.000000	0.000000	0.000000	0.000000	
0.003393	0.000000	0.706731	0.703741	0.026070	0.058878	0.027515	0.019087	
0.000010	0.686652	0.052755	0.000005	0.000925	0.724967	0.004355	0.011371	
0.000000	0.000000	0.000000	0.511752	0.000000	0.000000	0.453984	0.729389	
0.036351	0.699268	0.090706	0.022953	0.706233	0.000000	0.047071	0.000000	
0.000000	0.706317	0.005107	0.000000	0.000000	0.000000	0.033022	0.707107	
0.000000	0.999949	0.000000	0.000000	0.010122	0.000000	0.000000	0.000000	
0.000000	0.000000	0.000000	0.000000	1.000000	0.000000	0.000000	0.000000	
0.000005	0.000116	0.733968	0.007767	0.000000	0.678882	0.000249	0.018701	
0.080791	0.700374	0.000004	0.021847	0.048365	0.707012	0.016315	0.000000	
0.680181	0.048158	0.731426	0.001194	0.000891	0.004080	0.005596	0.000000	
0.000000	0.000000	0.000000	0.000000	0.014753	0.017008	0.999746	0.000000	
0.041663	0.003632	0.000638	0.001449	0.001194	0.999127	0.000000	0.000000	
0.703466	0.010093	0.070950	0.000000	0.707107	0.000000	0.000000	0.000000	
0.706520	0.003163	0.000000	0.706525	0.000016	0.040520	0.000000	0.000000	
0.000000	0.000000	0.000000	0.703584	0.706875	0.072789	0.000000	0.000000	
0.737640	0.045886	0.028762	0.000001	0.000020	0.002023	0.000066	0.678047	
0.470689	0.033326	0.506151	0.721868	0.000891	0.005264	0.005596	0.000000	
0.011136	0.000788	0.999928	0.001108	0.000891	0.004080	0.000010	0.000000	
0.000000	0.000000	0.000000	0.000000	0.000000	0.707107	0.707107	0.000000	
0.541461	0.004225	0.541403	0.000000	0.000000	0.643336	0.000000	0.000000	
0.000000	0.000000	0.000000	0.000000	0.000000	0.714754	0.011162	0.704864	
0.047242	0.786767	0.062133	0.611993	0.000000	0.000000	0.000000	0.019238	
0.055993	0.000009	0.000000	0.705901	0.000000	0.000000	0.706094	0.000000	
0.000188	0.000000	0.003020	0.045705	0.500131	0.000000	0.510048	0.699200	
0.000000	0.000000	0.000000	0.000000	0.713908	0.000436	0.700239	0.000000	
0.000000	0.000000	0.000000	0.000000	0.707107	0.707106	0.000000	0.000000	
0.818559	0.057046	0.075234	0.010900	0.018451	0.000000	0.588496	0.000000	
0.020509	0.500450	0.011051	0.000000	0.499006	0.000000	0.707107	0.000000	
0.000000	0.000000	0.000000	0.000000	0.000000	0.000000	0.000000	1.000000	
0.000000	0.750752	0.660323	0.018553	0.000000	0.000000	0.000000	0.000000	
