0.000000	0.000122	0.000000	0.000838	0.708912	0.706260	0.000001	0.000000	
0.000000	0.000000	0.000000	0.000000	0.000000	1.001840	0.000000	0.000000	
0.000000	0.000000	0.000004	0.708001	0.000001	0.000017	0.706715	0.000000	
1.008420	0.000007	0.000008	0.000002	0.000000	0.000001	0.000001	0.000000	
0.712783	0.000023	0.000019	0.711541	0.000010	0.000002	0.000002	0.000000	
0.000001	0.000258	0.000254	0.707942	0.000005	0.000001	0.000000	0.706991	
0.711325	0.000045	0.000012	0.000062	0.000005	0.000001	0.000021	0.710351	
0.000001	0.000010	0.000010	0.000000	0.709938	0.000025	0.704571	0.000024	
0.000000	0.000122	0.000000	0.706383	0.713073	0.000003	0.000043	0.000004	
0.000000	0.000000	1.003200	0.000003	0.000001	0.000001	0.000000	0.000000	
0.000000	0.000000	0.000000	0.000000	1.014558	0.000000	0.000000	0.000000	
0.000000	0.000000	0.000000	0.000000	0.000000	0.000000	1.002901	0.000000	
0.709044	0.710558	0.000018	0.000004	0.000000	0.000005	0.000001	0.000008	
0.000006	0.000000	0.708119	0.000005	0.000007	0.000006	0.707248	0.000006	
0.000001	0.000252	0.706524	0.709225	0.000000	0.000085	0.000003	0.000004	
0.000003	0.000000	0.706610	0.000001	0.709851	0.000002	0.000000	0.000000	
0.000000	0.000000	0.000004	0.000004	0.000000	0.000006	0.708596	0.707796	
0.707993	0.000005	0.000005	0.000001	0.000007	0.000024	0.706471	0.000024	
0.000018	0.712532	0.000037	0.000063	0.000037	0.000059	0.702481	0.000011	
0.000005	0.709937	0.705470	0.000003	0.000051	0.000001	0.000000	0.000009	
0.000043	0.000000	0.000000	0.000000	0.000001	0.708045	0.000001	0.707075	
0.000045	0.709428	0.000013	0.000038	0.000008	0.708271	0.000001	0.000000	
0.000023	0.707391	0.000004	0.000118	0.710245	0.000002	0.000042	0.000000	
0.000000	0.000000	0.000000	0.000000	0.000000	0.000000	0.000000	1.000368	
0.001337	0.000000	0.715671	0.000049	0.000001	0.713230	0.000001	0.000000	
0.000002	1.009759	0.000004	0.000006	0.000001	0.000002	0.000002	0.000000	
0.000000	0.000003	0.710071	0.000003	0.000015	0.000005	0.000001	0.709271	
0.708833	0.000019	0.000005	0.000047	0.000001	0.706414	0.000000	0.000000	
0.000001	0.000000	0.000000	0.000000	0.000001	0.708140	0.706892	0.000002	
0.705817	0.000022	0.709318	0.000041	0.000005	0.000001	0.000004	0.000000	
0.703747	0.000001	0.000024	0.000002	0.711027	0.000004	0.000000	0.000001	
0.000000	0.712931	0.000008	0.000007	0.000000	0.000005	0.000000	0.704132	
0.000000	0.000004	0.000000	1.000513	0.000000	0.000001	0.000000	0.000001	
0.000045	0.707091	0.000013	0.709795	0.000000	0.000004	0.000003	0.000009	
0.000000	0.000001	0.000000	0.000001	0.708194	0.000002	0.000002	0.707216	
0.000001	0.000020	0.000001	0.708517	0.000000	0.706972	0.000001	0.000000	
0.000002	1.008825	0.000004	0.000006	0.000000	0.000002	0.000002	0.000000	
0.000018	0.708200	0.000037	0.000062	0.000037	0.000058	0.707365	0.000011	
0.711278	0.000023	0.703692	0.000004	0.000010	0.000203	0.000000	0.000003	
0.000044	0.706560	0.000009	0.709261	0.000020	0.000265	0.000001	0.000009	
0.000000	0.000000	0.000000	0.000000	0.000000	0.000000	1.002943	0.000000	
0.000001	0.000000	0.000000	0.000000	0.000001	0.708213	0.706966	0.000002	
0.000039	0.709667	0.705201	0.000003	0.000052	0.000001	0.000000	0.000011	
0.000000	0.000000	0.000006	0.000000	0.000000	0.000006	0.708662	0.707862	
0.000000	0.000003	0.710039	0.000003	0.000015	0.000053	0.000001	0.709403	
0.000000	0.000000	0.000000	0.000000	0.000000	0.000000	0.000000	1.000407	
0.713962	0.000023	0.000019	0.712719	0.000010	0.000002	0.000002	0.000000	
0.000000	0.000001	0.000000	0.000001	0.708194	0.000002	0.000002	0.707216	
0.708094	0.000001	0.000005	0.000002	0.000003	0.000024	0.706573	0.000024	
0.000000	0.000000	0.000000	0.000000	0.000043	0.708113	0.000000	0.707143	
0.000002	0.000005	0.708790	0.000034	0.000006	0.000006	0.707958	0.000012	
0.001182	0.719670	0.000146	0.000064	0.000005	0.000065	0.004299	0.700797	
0.705975	0.000019	0.000023	0.000002	0.709419	0.000003	0.000000	0.000001	
0.018397	0.705756	0.000012	0.006324	0.708228	0.017235	0.006757	0.018291	
0.000044	0.709437	0.000013	0.000038	0.000008	0.708280	0.000001	0.000001	
0.000000	0.000000	1.000203	0.000009	0.000001	0.000001	0.000000	0.000000	
0.000000	0.000000	0.000004	0.708035	0.000001	0.000017	0.706749	0.000000	
0.000003	0.000000	0.706629	0.000001	0.709816	0.000002	0.000002	0.000000	
0.000000	0.000000	0.000000	0.000000	0.000000	1.000347	0.000000	0.000000	
0.000000	0.000152	0.000000	0.706462	0.713153	0.000001	0.000043	0.000004	
0.000001	0.000010	0.000009	0.000000	0.707831	0.000002	0.707038	0.000000	
0.710261	0.711777	0.000018	0.000004	0.000000	0.000002	0.000001	0.000005	
0.000001	0.000001	0.000020	0.708714	0.000000	0.707166	0.000001	0.000005	
0.000004	0.000000	0.000000	1.000493	0.000000	0.000000	0.000000	0.000001	
0.708909	0.000019	0.000023	0.000049	0.000001	0.706490	0.000000	0.000000	
0.085721	0.004570	0.482557	0.000036	0.491419	0.723048	0.000001	0.000000	
0.711325	0.000046	0.000012	0.000062	0.000005	0.000001	0.000021	0.710351	
1.004516	0.000007	0.000008	0.000004	0.000001	0.000002	0.000000	0.000003	
0.000010	0.000258	0.000254	0.707984	0.000005	0.000000	0.000000	0.707033	
0.484340	0.000003	0.487369	0.725471	0.000006	0.000264	0.044073	0.000024	
0.000000	0.000000	0.000000	0.000000	1.002176	0.000000	0.027936	0.000000	
0.000493	0.000006	0.705835	0.000006	0.000322	0.709219	0.000001	0.000000	
0.000000	0.000000	0.000009	0.000000	0.000000	0.000000	0.708748	0.707948	
0.004487	0.008821	0.000017	0.010113	0.702080	0.000058	0.000002	0.712667	
0.263017	0.661018	0.000012	0.026029	0.000292	0.000001	0.719045	0.000000	
0.000001	0.000000	0.710802	0.000001	0.714007	0.000002	0.000002	0.000000	
0.000000	0.000000	0.000000	0.000000	0.000000	0.000000	0.000000	1.003926	
0.000044	0.707091	0.000013	0.709795	0.000000	0.000088	0.000003	0.000009	
0.082609	0.664671	0.744920	0.000002	0.091987	0.000002	0.027623	0.000003	
0.514111	0.000014	0.000004	0.491841	0.000001	0.709062	0.000000	0.000000	
0.704062	0.000019	0.000024	0.000002	0.711345	0.000003	0.000000	0.000001	
0.000000	0.000000	0.000000	0.000000	0.000000	1.001840	0.000000	0.000000	
0.000000	0.000000	0.000000	0.000000	0.000000	0.000000	1.000598	0.000000	
0.018845	0.722948	0.000013	0.006478	0.690996	0.017281	0.006759	0.000092	
0.000000	0.000002	0.487138	0.511811	0.709765	0.000018	0.000002	0.000005	
0.521209	0.000033	0.513084	0.000064	0.000005	0.000001	0.010407	0.708282	
0.000000	0.000109	0.000113	0.000869	0.739103	0.674569	0.000001	0.000000	
0.009941	0.000570	0.000494	0.707247	0.000016	0.000005	0.000000	0.711066	
0.704208	0.056354	0.026527	0.000002	0.040905	0.000024	0.706618	0.000024	
0.337203	0.957919	0.000008	0.000441	0.000000	0.000001	0.000001	0.000000	
0.000043	0.000000	0.000000	0.000000	0.000000	0.708133	0.000001	0.707164	
0.000214	0.003588	0.000003	0.003904	0.719634	0.000002	0.694893	0.000000	
0.344775	0.001562	0.000239	0.375000	0.000010	0.488169	0.709707	0.000000	
0.004409	0.035829	0.758735	0.000067	0.000004	0.000069	0.004538	0.659422	
0.186306	0.471944	0.502696	0.026132	0.000293	0.000003	0.721896	0.000000	
0.000001	0.000001	0.000020	0.706341	0.000000	0.709728	0.000001	0.000000	
0.713701	0.000023	0.000019	0.712458	0.000010	0.027306	0.000002	0.000000	
0.000009	0.000000	0.000001	1.001159	0.000000	0.000000	0.000000	0.000000	
0.345663	0.000002	0.344553	0.512893	0.000004	0.000025	0.706475	0.000024	
0.019352	0.001514	0.019656	0.000003	0.999832	0.001909	0.001287	0.000024	
