0.282293	0.468441	0.470690	0.715422	
0.673109	0.220879	0.682723	0.208990	
0.833717	0.388066	0.000552	0.407200	
0.216543	0.219348	0.447736	0.860719	
0.003510	0.590116	0.225244	0.790783	
0.161109	0.991408	0.157861	0.000140	
0.480080	0.223437	0.740542	0.444367	
0.421125	0.221316	0.214056	0.858966	
0.529019	0.000059	0.003922	0.870696	
0.626215	0.003091	0.678951	0.404948	
1.003040	0.001084	0.162872	0.000254	
0.870291	0.000359	0.507196	0.002847	
0.008747	0.918939	0.366788	0.181725	
0.518149	0.004941	0.872634	0.000815	
0.190945	0.952833	0.185207	0.177369	
0.587266	0.196879	0.809271	0.004814	
0.001815	0.985354	0.165696	0.145393	
0.952229	0.187123	0.190676	0.177320	
0.000068	0.157927	0.982678	0.167099	
0.864660	0.522096	0.001998	0.002513	
0.721248	0.000669	0.000339	0.713811	
0.000098	0.409178	0.415870	0.820721	
0.645794	0.427287	0.000041	0.648673	
0.000662	0.000089	0.157559	0.995591	
0.978780	0.165144	0.000044	0.182494	
0.000058	0.146912	0.152539	0.982847	
0.000024	0.000089	0.519439	0.859633	
0.999572	0.000927	0.000470	0.154828	
0.417017	0.416197	0.823952	0.003982	
0.210598	0.423991	0.894148	0.233355	
0.191346	0.691246	0.494695	0.523725	
0.963921	0.000567	0.329142	0.000102	
0.000101	0.364135	0.921687	0.191110	
0.001766	0.959666	0.001367	0.318257	
0.156446	0.172245	0.978164	0.000299	
0.205016	0.003720	0.799871	0.588313	
0.003639	0.381057	0.189552	0.920015	
0.000126	0.310187	0.004586	0.957443	
0.743544	0.238912	0.504138	0.457569	
0.599330	0.002020	0.800934	0.186467	
0.192138	0.924055	0.000770	0.360474	
0.924063	0.178660	0.000020	0.358871	
0.770021	0.000714	0.640087	0.155099	
0.477637	0.485207	0.240510	0.705960	
1.013671	0.000749	0.002578	0.000080	
0.415592	0.822947	0.002801	0.406893	
0.000082	0.592850	0.800151	0.192043	
0.005588	0.172765	0.379493	0.925718	
0.000204	0.884403	0.520854	0.000372	
0.438873	0.760029	0.236529	0.461261	
0.879353	0.415110	0.182132	0.189004	
0.424075	0.866085	0.201475	0.200096	
0.002492	0.003765	0.904731	0.518982	
0.001198	0.958902	0.303280	0.000840	
0.003892	0.174509	0.933558	0.356840	
0.188972	0.181715	0.001808	0.983557	
0.000000	0.000070	0.000058	1.008996	
0.000064	0.643440	0.660079	0.428033	
0.000050	1.023851	0.000019	0.000183	
0.004201	0.869288	0.000865	0.513404	
0.208666	0.770431	0.000825	0.640832	
0.194646	0.000086	0.603800	0.786493	
0.172081	0.000160	1.013433	0.000763	
0.681906	0.447600	0.659088	0.003784	
0.866448	0.218505	0.228843	0.418491	
0.000410	0.405847	0.831007	0.400900	
0.148906	0.000753	0.000928	1.007106	
0.185151	0.183718	0.962015	0.189442	
0.166715	0.984973	0.010686	0.178872	
0.441500	0.651459	0.019743	0.636978	
0.381332	0.164945	0.000058	0.917459	
0.920304	0.000872	0.389204	0.158055	
0.178546	0.369299	0.926874	0.001882	
0.369272	0.000342	0.921872	0.202697	
0.485742	0.746609	0.506174	0.263947	
0.423229	0.216908	0.892221	0.238486	
0.000525	0.186229	0.613805	0.795595	
0.439270	0.405509	0.001350	0.821078	
0.000351	0.000000	0.989174	0.328532	
0.965023	0.323521	0.000021	0.004661	
0.174192	0.000716	0.375071	0.925287	
0.804056	0.201767	0.001145	0.597259	
0.832630	0.419407	0.446406	0.000259	
0.637417	0.002978	0.448156	0.673372	
0.189354	0.374347	0.000779	0.914845	
0.715991	0.005975	0.740505	0.000850	
0.404222	0.842492	0.417018	0.004105	
0.788934	0.599249	0.002090	0.200227	
0.692860	0.230811	0.244769	0.656682	
0.010809	0.991716	0.170424	0.000324	
0.714769	0.472941	0.486062	0.209958	
0.512526	0.506517	0.525257	0.491371	
0.000109	0.523111	0.000105	0.868712	
0.652615	0.644358	0.001653	0.425976	
0.598257	0.811489	0.196312	0.010464	
0.000740	0.711407	0.725553	0.000369	
0.199105	0.187369	0.200103	0.954529	
0.003027	0.325525	0.953245	0.001537	
0.922303	0.014650	0.186373	0.355375	
0.406695	0.000789	0.834033	0.430164	
0.184138	0.202734	0.885850	0.395343	
0.000222	0.513568	0.864856	0.000813	
0.174105	0.919725	0.395678	0.000140	
0.833318	0.004113	0.412713	0.409681	
0.206194	0.688401	0.263282	0.685807	
0.184586	0.797174	0.586027	0.003632	
0.521259	0.867782	0.000467	0.000669	
0.309751	0.008078	0.960961	0.000182	
0.874126	0.214299	0.412725	0.201378	
0.001773	0.185911	0.817843	0.565776	
0.815979	0.000773	0.209045	0.592325	
0.000158	0.000008	0.714069	0.710676	
0.373823	0.007308	0.179022	0.926394	
0.001349	0.192812	0.993044	0.002705	
0.366739	0.184732	0.927874	0.000254	
0.000040	0.001299	1.006811	0.000256	
0.672316	0.698871	0.230200	0.248197	
0.173399	0.000891	0.927402	0.353767	
0.497350	0.480971	0.736166	0.206896	
0.215282	0.865379	0.439212	0.202731	
0.318011	0.956362	0.001001	0.001195	
0.654290	0.642480	0.429780	0.004906	
0.003813	0.727852	0.000855	0.720824	
0.139841	0.994741	0.007236	0.009180	
0.933286	0.353320	0.012970	0.178042	
0.787566	0.600379	0.192833	0.010279	
0.941201	0.358992	0.168511	0.000141	
0.411449	0.008603	0.425014	0.824896	
0.234103	0.226639	0.690994	0.684881	
0.591512	0.805694	0.002108	0.202005	
0.589901	0.012338	0.225207	0.790660	
0.005975	0.805169	0.427704	0.432831	
0.359809	0.923763	0.001017	0.184997	
0.176610	0.571358	0.808579	0.015063	
0.989187	0.000707	0.143288	0.161989	
0.602445	0.192415	0.000139	0.806558	
0.411637	0.666320	0.635977	0.000028	
0.212904	0.865662	0.229608	0.418482	
0.505179	0.247415	0.472048	0.709816	
0.000029	0.151388	0.002429	0.999326	
0.003713	0.434868	0.657194	0.634870	
0.000844	0.802280	0.210741	0.576713	
0.001378	1.001514	0.001627	0.154668	
0.433500	0.000841	0.653711	0.656068	
0.910802	0.200149	0.377505	0.004087	
0.200939	0.604708	0.001409	0.797205	
0.320830	0.000273	0.000627	0.957965	
0.794015	0.170647	0.606539	0.005744	
0.997234	0.168258	0.001442	0.001190	
0.350205	0.934384	0.181787	0.008817	
0.706436	0.717767	0.000465	0.000665	
0.001710	0.929611	0.171641	0.359257	
0.156286	0.000324	0.984217	0.167310	
0.206918	0.433790	0.219295	0.871224	
0.992595	0.167475	0.181526	0.007941	
0.199933	0.702707	0.686196	0.212999	
0.000166	0.000634	0.335493	0.954245	
0.960154	0.000679	0.000772	0.318182	
0.192923	0.008175	0.157423	0.993583	
0.000764	0.654861	0.451281	0.640706	
0.739039	0.517391	0.250875	0.419968	
0.230824	0.483534	0.698460	0.491360	
0.005563	0.000004	1.054722	0.138305	
0.871581	0.001073	0.000716	0.519700	
0.000973	0.778753	0.611205	0.184429	
0.305239	0.636188	0.734249	0.004085	
0.321609	0.006287	0.157810	0.950967	
0.154289	0.911559	0.005686	0.416225	
0.001270	0.966466	0.201932	0.246255	
0.510597	0.468025	0.736985	0.207126	
1.013671	0.000749	0.002578	0.000080	
0.809358	0.143372	0.011497	0.581601	
0.926571	0.022667	0.145867	0.385595	
0.000382	0.012503	1.006125	0.000255	
0.167198	0.587023	0.824420	0.009987	
0.962734	0.003706	0.328739	0.000102	
0.128127	0.911419	0.403520	0.004091	
0.005975	0.805169	0.427704	0.432831	
0.151602	0.003954	0.549964	0.840325	
0.998315	0.013922	0.042834	0.178924	
0.243447	0.000207	0.258145	0.958601	
0.191524	0.005730	0.986829	0.002689	
0.192050	0.958346	0.167467	0.177794	
0.986418	0.166433	0.182244	0.007807	
0.944721	0.153916	0.001364	0.317431	
0.783969	0.591622	0.002072	0.250427	
0.879096	0.215517	0.408034	0.201931	
0.902702	0.462641	0.087836	0.165559	
0.515910	0.012115	0.750094	0.444996	
0.905435	0.452374	0.011134	0.009190	
0.944041	0.023095	0.082592	0.359614	
0.001391	0.755165	0.126988	0.656129	
0.000050	1.020319	0.000019	0.003763	
0.057610	0.928217	0.171713	0.359408	
0.727388	0.581269	0.379694	0.076418	
0.377900	0.416063	0.840437	0.000300	
0.381354	0.368300	0.579285	0.697006	
0.165487	0.027759	0.002744	0.997670	
0.426550	0.010194	0.643413	0.662102	
0.045023	0.014380	0.639374	0.786471	
