0.143834	0.143812	0.203407	0.957849	
0.322578	0.282584	0.492035	0.880577	
0.755736	0.187921	3.392188	0.003698	
0.615912	0.361345	1.393353	0.546993	
0.409737	0.604691	0.987385	0.481054	
0.720983	0.221535	2.935299	0.753510	
0.095380	0.095183	0.135102	0.983331	
0.754229	0.235556	2.483188	0.000271	
0.475641	0.431665	0.701319	0.481553	
0.288891	0.318967	0.465397	0.861798	
0.198419	0.724179	3.002020	0.832364	
0.227290	0.740986	2.522626	0.006098	
0.349131	0.629119	1.515691	0.573472	
0.581828	0.462678	0.912694	0.002383	
0.692795	0.341542	1.534715	0.000006	
0.349976	0.670952	1.484809	0.000000	
0.198902	0.198998	0.281517	0.917776	
0.023339	0.023339	0.033007	0.998926	
0.648824	0.250748	1.806049	0.904815	
0.050114	0.050110	0.070876	0.995025	
0.705256	0.256786	2.059288	0.506968	
0.270507	0.682733	1.823706	0.691785	
0.474974	0.539809	0.817252	0.000584	
0.078962	0.078928	0.111700	0.987767	
0.000000	0.000000	0.000000	1.000000	
0.501639	0.499064	0.711264	0.000638	
0.198697	0.724077	2.996698	0.830974	
0.027269	0.027269	0.038565	0.998531	
0.648114	0.251982	1.789307	0.899058	
0.422125	0.532439	0.859193	0.421743	
0.100178	0.100172	0.141678	0.979769	
0.312026	0.654574	1.525860	0.532588	
0.754508	0.191634	3.312135	0.003615	
0.615273	0.416393	1.146837	0.000313	
0.416959	0.538827	0.882904	0.429374	
0.141277	0.141269	0.199804	0.959298	
0.000000	0.000000	0.000000	1.023433	
0.399689	0.634849	1.287653	0.001200	
0.720376	0.225052	2.488742	0.599745	
0.346518	0.329665	0.504018	0.767586	
0.239830	0.735039	2.429253	0.001453	
0.507990	0.349153	0.898840	0.720663	
0.083768	0.083749	0.118481	0.986018	
0.680878	0.336033	1.539435	0.000355	
0.657650	0.310533	1.540348	0.527654	
0.693281	0.250548	2.040008	0.671911	
0.051195	0.051193	0.072402	0.994774	
0.386799	0.559020	1.193742	0.644030	
0.217843	0.215212	0.309861	0.909199	
0.711437	0.294362	2.098869	0.000038	
0.533270	0.421654	0.863224	0.442820	
0.500108	0.499942	0.707398	0.000636	
0.300941	0.301409	0.426704	0.799280	
0.217547	0.215224	0.309476	0.908333	
0.262655	0.687827	1.895348	0.715473	
0.611963	0.401239	1.147380	0.261126	
0.026282	0.026277	0.037172	0.998747	
0.645732	0.256475	1.754993	0.882435	
0.192161	0.732268	3.040052	0.735130	
0.358823	0.576966	1.185105	0.640433	
0.661166	0.310128	1.549951	0.530742	
0.387159	0.558344	0.977634	0.510845	
0.755716	0.187984	3.391180	0.003697	
0.607441	0.421729	1.096708	0.057319	
0.736568	0.241510	2.355889	0.001349	
0.503370	0.353525	0.877676	0.708673	
0.098813	0.098780	0.139766	0.980502	
0.083760	0.083754	0.118460	0.985922	
0.048800	0.048797	0.069017	0.995279	
0.725289	0.212144	2.674771	0.640981	
0.328686	0.683709	1.578009	0.079340	
0.000000	0.000000	0.000000	1.001141	
0.135770	0.135958	0.192405	0.963240	
0.220066	0.744036	2.618633	0.000766	
0.683142	0.332837	1.560692	0.000366	
0.587121	0.490439	0.829938	0.000000	
0.755688	0.188070	3.389292	0.003695	
0.084616	0.084611	0.119668	0.985614	
0.742804	0.223358	2.575259	0.000001	
0.136220	0.136261	0.192725	0.962371	
0.325305	0.698131	1.669979	0.000000	
0.077220	0.077201	0.109218	0.988176	
0.354830	0.590432	1.252436	0.629626	
0.533015	0.421795	0.862259	0.422728	
0.097322	0.096986	0.137848	0.983129	
0.726093	0.210109	2.705831	0.647890	
0.369478	0.576574	1.065688	0.543539	
0.283852	0.690506	1.816682	0.464284	
0.000000	0.000000	0.000000	1.000000	
0.024777	0.024776	0.035041	0.998804	
0.200130	0.723546	2.969515	0.823874	
0.638128	0.327763	1.449447	0.552781	
0.502409	0.352366	0.876815	0.713462	
0.194627	0.194319	0.275505	0.922325	
0.484887	0.524851	0.773491	0.010465	
0.232091	0.738463	2.460312	0.000878	
0.643548	0.260223	1.717404	0.867544	
0.300259	0.300412	0.424991	0.799838	
0.285045	0.314940	0.471526	0.862851	
0.500470	0.499739	0.708329	0.000230	
0.743170	0.221106	2.607119	0.000926	
0.729094	0.202300	2.830733	0.675721	
0.188812	0.188841	0.267089	0.926057	
0.646012	0.257287	1.744575	0.879562	
0.272150	0.636910	1.620296	0.826115	
0.615519	0.362130	1.392457	0.546724	
0.106846	0.106714	0.151129	0.977724	
0.355238	0.579722	1.207203	0.652610	
0.000000	0.000000	0.000000	1.182036	
0.617841	0.412654	1.129216	0.005792	
0.047500	0.047496	0.067179	0.995546	
0.127388	0.127362	0.180177	0.967153	
0.368021	0.578121	1.073472	0.545988	
0.422526	0.611009	1.138108	0.001094	
0.679303	0.337126	1.529726	0.013879	
0.023340	0.023339	0.033008	0.998929	
0.492241	0.424990	0.745932	0.486705	
0.078943	0.078938	0.111647	0.987505	
0.218001	0.725641	2.813242	0.651962	
0.233329	0.737920	2.445025	0.000873	
0.755487	0.188771	3.374078	0.001883	
0.155716	0.155811	0.220417	0.950615	
0.083776	0.083779	0.118484	0.985889	
0.190955	0.726238	3.008639	0.834095	
0.355238	0.579722	1.207203	0.652610	
0.023903	0.023902	0.033805	0.998894	
0.754693	0.188588	3.365195	0.156173	
0.466755	0.554334	0.856957	0.011153	
0.565876	0.380071	1.012853	0.523858	
0.342648	0.526586	0.968064	0.728660	
0.264756	0.721128	2.114351	0.212474	
0.193473	0.193697	0.274144	0.922840	
0.051198	0.051191	0.072410	0.994835	
0.603193	0.437877	1.004645	0.000000	
0.000000	0.000000	0.000000	1.182058	
0.374591	0.571491	1.039781	0.533871	
0.700132	0.302400	1.975649	0.246227	
0.666263	0.247203	1.917615	0.846586	
0.322247	0.690125	1.665565	0.011741	
0.729645	0.190568	2.998016	0.775766	
0.245468	0.686749	2.037334	0.752051	
0.099669	0.099663	0.140959	0.979979	
0.445305	0.437711	0.634190	0.479837	
0.738561	0.231660	2.546511	0.012437	
0.615858	0.415802	1.150136	0.011002	
0.214616	0.714964	2.538724	0.735055	
0.348192	0.328314	0.509826	0.772469	
0.083758	0.083756	0.118454	0.985890	
0.489090	0.428232	0.733068	0.483695	
0.269020	0.720713	2.059227	0.031498	
0.047500	0.047496	0.067179	0.995546	
0.155712	0.155818	0.220434	0.950658	
0.463451	0.555768	0.867919	0.011230	
0.205688	0.205663	0.290907	0.911556	
0.369783	0.600571	1.159321	0.474088	
0.729146	0.192044	2.971141	0.769220	
0.643548	0.260223	1.717404	0.867544	
0.099669	0.099663	0.140960	0.979981	
0.675330	0.342159	1.495207	0.000000	
0.755259	0.189350	3.361312	0.003383	
0.381405	0.651598	1.409861	0.001287	
0.299905	0.617988	1.420106	0.743055	
0.616078	0.375453	1.126078	0.533085	
0.027144	0.027141	0.038389	0.998616	
0.730503	0.256366	2.557718	0.014628	
0.000000	0.000000	0.000000	2.441914	
0.655837	0.367438	1.342493	0.000361	
0.127393	0.127359	0.180188	0.967184	
0.500612	0.499879	0.708129	0.002026	
0.732099	0.181973	3.287706	0.864787	
0.284885	0.315072	0.471438	0.862754	
0.745383	0.214312	2.875919	0.134683	
0.227290	0.740986	2.522626	0.006098	
0.220000	0.721761	2.652421	0.678407	
0.549213	0.468647	0.845667	0.000004	
0.099669	0.099663	0.140960	0.979981	
0.205679	0.205668	0.290883	0.911514	
0.027269	0.027269	0.038565	0.998531	
0.077792	0.077781	0.110025	0.987928	
0.755720	0.187972	3.391438	0.003697	
0.412692	0.543626	0.899130	0.434619	
0.083776	0.083779	0.118484	0.985889	
0.681945	0.278649	1.792777	0.600393	
0.444703	0.437999	0.632796	0.479216	
0.305973	0.699798	1.745697	0.000649	
0.642885	0.261372	1.707669	0.863287	
0.000000	0.000000	0.000000	1.725646	
0.642885	0.261372	1.707669	0.863287	
0.727868	0.192421	2.957269	0.784309	
0.099669	0.099663	0.140959	0.979979	
0.227290	0.740986	2.522626	0.006098	
0.194495	0.194390	0.275149	0.921655	
0.562263	0.381242	0.999903	0.526952	
0.492513	0.512847	0.740852	0.010205	
0.562541	0.384185	1.003575	0.519990	
0.116678	0.116498	0.165137	0.973414	
0.592249	0.438808	1.044514	0.003580	
0.687854	0.326184	1.653936	0.000990	
0.000000	0.000000	0.000000	1.572720	
0.027145	0.027139	0.038393	0.998668	
