0.462990	0.557916	0.881942	0.000000	
0.260449	0.728793	2.042285	0.700052	
0.219452	0.746609	3.395972	0.134564	
0.341612	0.588560	1.355686	0.743601	
0.079303	0.079450	0.112518	0.988795	
0.000000	0.000000	0.000000	1.000000	
0.202896	0.726585	2.871025	0.728857	
0.295526	0.265762	0.440812	0.894322	
0.672022	0.347741	1.470127	0.011239	
0.043161	0.043145	0.061043	0.996506	
0.721239	0.211331	3.050269	0.855950	
0.740860	0.224813	2.558731	0.000310	
0.177295	0.177882	0.251800	0.937048	
0.340525	0.676947	1.505461	0.000061	
0.583764	0.472744	0.880961	0.000000	
0.686182	0.267840	1.878126	0.621606	
0.221550	0.743419	2.598415	0.000923	
0.437229	0.461549	0.668151	0.472201	
0.121216	0.121091	0.171490	0.971002	
0.019639	0.019639	0.027774	0.999250	
0.600649	0.338280	1.348748	0.684776	
0.555843	0.363913	1.008052	0.623564	
0.073863	0.074172	0.105171	0.992007	
0.000000	0.000000	0.000000	1.000000	
0.268977	0.726037	2.053754	0.305212	
0.742905	0.221761	2.608214	0.000315	
0.616093	0.332079	1.406404	0.657471	
0.020290	0.020288	0.028694	0.999221	
0.423752	0.423508	0.599494	0.531518	
0.315464	0.334560	0.488899	0.795296	
0.083513	0.083459	0.118144	0.986375	
0.121249	0.121085	0.171560	0.971251	
0.587056	0.471196	0.886193	0.003557	
0.416891	0.585463	1.014924	0.280808	
0.074173	0.073971	0.105122	0.991195	
0.340959	0.676744	1.505908	0.000026	
0.177324	0.177601	0.251400	0.935970	
0.267758	0.701625	1.935633	0.584251	
0.679461	0.339380	1.516140	0.000662	
0.068829	0.069141	0.098065	0.993718	
0.686954	0.266489	1.890275	0.625118	
0.281492	0.692110	1.763708	0.688280	
0.217952	0.740104	3.099604	0.405217	
0.726300	0.199563	3.046812	0.807790	
0.558419	0.361911	1.023755	0.630651	
0.179222	0.757274	3.395972	0.134564	
0.722848	0.208676	2.875682	0.765050	
0.276903	0.276648	0.391791	0.833368	
0.000000	0.000000	0.000000	1.458618	
0.020289	0.020288	0.028693	0.999200	
0.232788	0.732816	2.432645	0.270979	
0.177359	0.177655	0.251374	0.936039	
0.439210	0.587589	1.015141	0.190842	
0.083472	0.083491	0.118091	0.986127	
0.676302	0.343683	1.489108	0.000653	
0.120402	0.120234	0.170354	0.971653	
0.068841	0.069124	0.098009	0.993413	
0.686947	0.266501	1.890165	0.625086	
0.758255	0.176980	3.361856	0.000400	
0.231237	0.741926	3.130614	0.126944	
0.341091	0.676648	1.505059	0.000026	
0.491927	0.346196	0.855619	0.741453	
0.074189	0.073951	0.105092	0.991032	
0.368065	0.591401	1.098663	0.546708	
0.248845	0.657366	1.860311	0.878900	
0.422471	0.420518	0.598972	0.540518	
0.189384	0.731431	3.133421	0.793241	
0.594116	0.468666	0.902287	0.003603	
0.633480	0.308011	1.617963	0.740887	
0.645750	0.329742	1.451469	0.495185	
0.696111	0.263771	1.984786	0.545588	
0.048855	0.048850	0.069093	0.995281	
0.366153	0.659508	1.404923	0.000000	
0.000000	0.000000	0.000000	1.024821	
0.086895	0.086872	0.122909	0.984979	
0.201624	0.750237	2.970404	0.009088	
0.207175	0.745181	3.078167	0.325051	
0.327852	0.349048	0.509256	0.776757	
0.287724	0.707434	1.802758	0.556296	
0.679872	0.338818	1.519791	0.000664	
0.180020	0.757087	3.396711	0.134592	
0.073897	0.074106	0.104993	0.991060	
0.136113	0.136245	0.192799	0.962884	
0.725533	0.199915	2.750069	0.739913	
0.584502	0.472485	0.882644	0.000000	
0.421064	0.417081	0.598387	0.550603	
0.274837	0.697252	1.871737	0.565731	
0.025260	0.025258	0.035723	0.998768	
0.758196	0.177168	3.357905	0.000399	
0.448909	0.579103	0.980107	0.000044	
0.541414	0.373945	0.956559	0.593704	
0.186168	0.185257	0.263985	0.931606	
0.397880	0.585775	1.049405	0.385139	
0.667645	0.242347	1.962857	0.876401	
0.680764	0.337594	1.527767	0.000666	
0.329267	0.351326	0.511544	0.772598	
0.580176	0.447898	0.990571	0.051374	
0.267119	0.710377	2.053141	0.359213	
0.257786	0.696395	2.064016	0.610014	
0.438554	0.590083	1.010913	0.000188	
0.086896	0.086871	0.122909	0.984975	
0.000000	0.000000	0.000000	1.021716	
0.048854	0.048850	0.069094	0.995280	
0.758226	0.177031	3.357536	0.000399	
0.074020	0.074068	0.104788	0.989425	
0.726942	0.208766	2.869192	0.697982	
0.579431	0.362274	1.182987	0.617832	
0.025260	0.025258	0.035723	0.998768	
0.556454	0.388485	0.966713	0.517501	
0.191893	0.192151	0.271982	0.924309	
0.249694	0.677952	1.985605	0.789378	
0.341135	0.676616	1.504776	0.000061	
0.110910	0.111069	0.157203	0.976017	
0.396863	0.586721	1.054345	0.386421	
0.039177	0.039170	0.055411	0.997059	
0.216744	0.216814	0.306656	0.901362	
0.493358	0.512286	0.740059	0.000161	
0.190800	0.753239	3.115221	0.123153	
0.717193	0.224021	2.580114	0.691650	
0.319306	0.600905	1.354178	0.742931	
0.143349	0.143366	0.202761	0.958093	
0.189862	0.731265	3.123798	0.790936	
0.448128	0.443158	0.639677	0.461299	
0.579086	0.362635	1.180561	0.616859	
0.276119	0.275929	0.390633	0.834225	
0.741452	0.236047	2.428315	0.006335	
0.372714	0.653734	1.362973	0.000000	
0.697493	0.261596	2.006333	0.550831	
0.541414	0.373945	0.956559	0.593704	
0.679949	0.338714	1.520469	0.000664	
0.000000	0.000000	0.000000	2.531562	
0.086895	0.086872	0.122909	0.984979	
0.441383	0.586696	0.996335	0.000187	
0.556454	0.388485	0.966713	0.517501	
0.086896	0.086871	0.122909	0.984975	
0.213843	0.708805	2.598911	0.841044	
0.029732	0.029730	0.042049	0.998275	
0.306504	0.696990	1.790510	0.173503	
0.725468	0.212976	2.826867	0.688345	
0.618297	0.325456	1.377032	0.644704	
0.277705	0.277679	0.392752	0.831650	
0.186168	0.185257	0.263985	0.931606	
0.309973	0.600933	1.314270	0.749292	
0.201623	0.750237	2.970430	0.009088	
0.383875	0.550149	0.965841	0.547495	
0.679956	0.275432	1.810321	0.601859	
0.758226	0.177031	3.357536	0.000399	
0.565481	0.449684	0.909564	0.156182	
0.638823	0.392024	1.282433	0.000000	
0.000000	0.000000	0.000000	2.760477	
0.440164	0.577644	0.994308	0.187615	
0.136580	0.136512	0.193215	0.962344	
0.318959	0.611247	1.332895	0.698667	
0.266533	0.723405	2.227607	0.006977	
0.480096	0.354024	0.807152	0.729518	
0.029732	0.029730	0.042049	0.998275	
0.379596	0.640969	1.280461	0.177401	
0.136564	0.136523	0.193164	0.962209	
0.605122	0.381078	1.144749	0.399448	
0.601402	0.305643	1.332587	0.763781	
0.610697	0.417067	1.082362	0.000512	
0.702568	0.254523	2.212326	0.601008	
0.731934	0.244801	2.417877	0.653243	
0.000000	0.000000	0.000000	2.179135	
0.400375	0.583333	1.037197	0.381961	
0.469905	0.547797	0.844586	0.000000	
0.227129	0.715025	2.373659	0.621062	
0.741426	0.236101	2.427654	0.006334	
0.595048	0.434361	1.039776	0.003241	
0.186282	0.185392	0.263769	0.931534	
0.086442	0.086420	0.122264	0.985127	
0.685339	0.289132	1.911832	0.527995	
0.294242	0.707528	2.040627	0.175641	
0.491520	0.348381	0.847962	0.737400	
0.186285	0.185392	0.263773	0.931546	
0.236134	0.710412	2.311084	0.622066	
0.739685	0.229393	2.507182	0.000304	
0.574546	0.339935	1.142073	0.676469	
0.086892	0.086874	0.122901	0.984942	
0.729147	0.193937	2.892449	0.733953	
0.282719	0.637315	1.631986	0.805803	
0.468401	0.431253	0.692734	0.481133	
0.494313	0.511207	0.739547	0.013199	
0.000000	0.000000	0.000000	1.003860	
0.438026	0.591822	1.014066	0.000189	
0.037243	0.037228	0.052682	0.997509	
0.243823	0.737012	2.870798	0.008802	
0.144656	0.144807	0.204909	0.957882	
0.701918	0.294364	1.828594	0.271900	
0.291371	0.293420	0.416472	0.815350	
0.435710	0.594231	1.001846	0.000195	
0.230901	0.721624	2.409718	0.515924	
0.747554	0.207866	2.807571	0.000338	
0.318578	0.336968	0.494871	0.792874	
0.000000	0.000000	0.000000	1.425862	
0.580732	0.334657	1.184068	0.689613	
0.385783	0.642448	1.269657	0.007431	
0.279192	0.694397	1.833326	0.555630	
0.391646	0.564406	0.976600	0.501800	
0.579965	0.469525	0.875323	0.133999	
