0.671633	0.237234	2.017159	0.886986	
0.192405	0.754587	3.360759	0.032377	
0.128350	0.127796	0.181907	0.969347	
0.583616	0.471108	0.889954	0.000008	
0.222884	0.742765	2.580180	0.001442	
0.000000	0.000000	0.000000	1.000294	
0.345689	0.640762	1.458987	0.473334	
0.195098	0.195348	0.276356	0.921445	
0.704733	0.270905	1.953293	0.442542	
0.727342	0.173839	3.142739	0.932594	
0.071837	0.071777	0.101635	0.990182	
0.196725	0.739734	3.134066	0.586737	
0.116192	0.115518	0.164869	0.976711	
0.339405	0.677277	1.515092	0.000002	
0.471353	0.580501	0.880126	0.000008	
0.643373	0.354098	1.421902	0.431390	
0.462365	0.483625	0.700977	0.351150	
0.747172	0.221048	2.618189	0.000790	
0.501919	0.363086	0.855330	0.679481	
0.251390	0.661855	1.859633	0.867573	
0.564262	0.487459	1.198283	0.000000	
0.734728	0.212146	3.008535	0.567190	
0.256717	0.259160	0.368135	0.862333	
0.674867	0.344461	1.503321	0.000000	
0.599585	0.388334	1.101050	0.381684	
0.395792	0.615126	1.138439	0.247777	
0.277116	0.710348	1.927293	0.403864	
0.348785	0.509589	0.912106	0.727518	
0.758168	0.178079	3.388589	0.030589	
0.480879	0.378655	0.794169	0.654314	
0.687661	0.299259	1.715538	0.395663	
0.339828	0.677183	1.518764	0.000002	
0.222178	0.743061	2.589654	0.001446	
0.182319	0.725247	3.137933	0.931243	
0.184874	0.757558	3.340667	0.024331	
0.181679	0.181029	0.258983	0.937962	
0.061381	0.061277	0.086878	0.993557	
0.726128	0.176591	3.130872	0.938066	
0.339100	0.450776	0.754847	0.781182	
0.030645	0.030618	0.043360	0.998727	
0.594153	0.400523	1.059075	0.344687	
0.632286	0.276739	1.577109	0.813184	
0.440288	0.607274	1.295874	0.000000	
0.115985	0.115632	0.164313	0.974859	
0.388475	0.567665	1.014697	0.485198	
0.252047	0.657587	1.849700	0.862943	
0.680078	0.338438	1.521971	0.000062	
0.457163	0.599964	0.942971	0.000000	
0.343417	0.643546	1.395002	0.424832	
0.522588	0.486420	0.766781	0.016072	
0.269341	0.266188	0.382926	0.852775	
0.477733	0.468882	0.683098	0.334276	
0.647885	0.334300	1.494921	0.479467	
0.270210	0.694178	1.920091	0.512862	
0.130109	0.130523	0.184974	0.967743	
0.726730	0.175717	3.105668	0.922175	
0.043013	0.042982	0.060855	0.996791	
0.458734	0.475951	0.687673	0.377353	
0.188982	0.189305	0.267920	0.926893	
0.260135	0.689740	1.961490	0.618846	
0.339852	0.676957	1.512200	0.000002	
0.403114	0.607947	1.101564	0.241921	
0.598959	0.388978	1.097940	0.380898	
0.274082	0.632268	1.598650	0.832986	
0.697548	0.271215	1.904247	0.551531	
0.139661	0.139590	0.197563	0.960542	
0.618845	0.372471	1.249944	0.403384	
0.245027	0.242574	0.348413	0.879321	
0.205466	0.738015	2.823009	0.477878	
0.580256	0.472514	0.882447	0.000027	
0.677880	0.234881	2.071108	0.868153	
0.375055	0.613734	1.178726	0.387467	
0.734213	0.176612	3.205923	0.826415	
0.030647	0.030616	0.043366	0.998808	
0.231208	0.739199	2.472458	0.001386	
0.426701	0.600239	1.035746	0.009037	
0.666303	0.358305	1.445102	0.000009	
0.401989	0.341259	0.621125	0.762467	
0.746063	0.223561	2.584006	0.000780	
0.344129	0.517671	0.934930	0.732662	
0.115939	0.115657	0.164192	0.974455	
0.727342	0.173839	3.142739	0.932594	
0.579818	0.471830	0.883887	0.002914	
0.583286	0.415823	1.014824	0.306741	
0.676597	0.342104	1.518948	0.000000	
0.457947	0.501601	0.744677	0.335107	
0.750271	0.198932	3.167562	0.222709	
0.194143	0.753682	3.256387	0.026269	
0.314415	0.645631	1.475028	0.580095	
0.275970	0.700608	1.916668	0.409043	
0.341578	0.678451	1.506461	0.000002	
0.559999	0.325985	1.120025	0.753902	
0.758049	0.178453	3.380611	0.030520	
0.000000	0.000000	0.000000	1.000207	
0.300811	0.614862	1.405522	0.748048	
0.694354	0.287073	1.949946	0.441386	
0.195107	0.195341	0.276361	0.921457	
0.447204	0.574737	0.933934	0.092123	
0.079463	0.079355	0.112441	0.988251	
0.289749	0.290027	0.410401	0.815422	
0.649569	0.338491	1.485598	0.443118	
0.397982	0.613007	1.127324	0.246008	
0.190795	0.740410	2.981109	0.562328	
0.124281	0.123563	0.176325	0.972649	
0.344298	0.514566	0.935576	0.740992	
0.679496	0.231506	2.107599	0.881878	
0.134221	0.133639	0.190230	0.966179	
0.425506	0.602347	1.043984	0.000000	
0.154174	0.154084	0.218070	0.951675	
0.237420	0.682146	2.079139	0.838071	
0.061378	0.061277	0.086878	0.993543	
0.348939	0.513746	0.925037	0.727086	
0.282786	0.717083	2.212756	0.000710	
0.217594	0.217240	0.307982	0.901506	
0.465053	0.483910	0.698706	0.338988	
0.000000	0.000000	0.000000	1.000350	
0.501347	0.363584	0.852955	0.678179	
0.658337	0.272663	1.744613	0.746428	
0.266893	0.714229	2.050909	0.286732	
0.734396	0.176053	3.217404	0.829221	
0.139667	0.139586	0.197579	0.960585	
0.384912	0.561885	0.994666	0.507908	
0.374125	0.620090	1.177705	0.432775	
0.116982	0.116857	0.165534	0.972979	
0.702268	0.267864	1.970604	0.445700	
0.352051	0.669395	1.473351	0.000277	
0.575045	0.395554	1.013086	0.432306	
0.657486	0.366518	1.349002	0.000000	
0.579896	0.471843	0.884190	0.000622	
0.199003	0.735257	3.058067	0.649329	
0.738668	0.231933	2.508807	0.004208	
0.618141	0.352498	1.291435	0.517998	
0.199057	0.751090	2.976282	0.003458	
0.543846	0.322006	1.065218	0.796904	
0.373385	0.652480	1.313694	0.000000	
0.246302	0.715225	2.205614	0.463160	
0.735075	0.238569	2.400605	0.004690	
0.065645	0.065588	0.092877	0.991928	
0.501374	0.499081	0.710797	0.019621	
0.632311	0.319995	1.415842	0.614561	
0.230906	0.683219	2.144392	0.861447	
0.696468	0.270703	1.903254	0.559046	
0.256744	0.258989	0.367877	0.861908	
0.642598	0.287338	1.572622	0.724979	
0.601267	0.410184	1.075080	0.257733	
0.124273	0.123568	0.176308	0.972597	
0.301967	0.668205	1.644369	0.516233	
0.496544	0.510056	0.726897	0.000546	
0.000000	0.000000	0.000000	1.676683	
0.130459	0.130132	0.184728	0.967019	
0.459054	0.499894	0.739749	0.333784	
0.182066	0.180567	0.258592	0.937154	
0.343198	0.518635	0.939618	0.735316	
0.200630	0.739536	2.843012	0.481673	
0.675352	0.347584	1.479642	0.000294	
0.726730	0.175717	3.105668	0.922175	
0.147165	0.147079	0.208185	0.956098	
0.263035	0.716514	2.090191	0.284859	
0.187367	0.188302	0.266889	0.930279	
0.640864	0.355971	1.344849	0.378231	
0.259104	0.256842	0.368303	0.862589	
0.711300	0.285544	1.910280	0.006519	
0.332795	0.549758	1.074004	0.746187	
0.553714	0.403941	0.938017	0.450934	
0.241366	0.734562	2.440942	0.004325	
0.705570	0.273508	2.012734	0.393735	
0.236267	0.722324	2.323530	0.444603	
0.310056	0.699000	1.704714	0.219745	
0.495896	0.509447	0.726053	0.051382	
0.579892	0.471849	0.884193	0.000622	
0.265460	0.669069	1.811548	0.744611	
0.000000	0.000000	0.000000	1.000536	
0.618753	0.299265	1.421335	0.742273	
0.735547	0.181726	3.127218	0.753663	
0.729261	0.252388	2.263251	0.034736	
0.378353	0.379996	0.538605	0.654238	
0.596463	0.403646	1.076675	0.319871	
0.065715	0.065552	0.093050	0.992982	
0.368889	0.603335	1.172766	0.472984	
0.237870	0.702925	2.274264	0.692650	
0.181833	0.181009	0.259756	0.939547	
0.407008	0.337556	0.637543	0.775118	
0.669315	0.242252	1.965658	0.864697	
0.732410	0.242482	2.467702	0.187626	
0.458450	0.567011	0.896655	0.000000	
0.129367	0.128997	0.183252	0.967970	
0.660392	0.292003	1.627531	0.625502	
0.246130	0.732205	2.294855	0.055948	
0.244224	0.243024	0.346305	0.876317	
0.080638	0.080480	0.114116	0.988192	
0.341954	0.581914	1.152224	0.643275	
0.000000	0.000000	0.000000	1.188127	
0.730954	0.194359	2.895364	0.704177	
0.194947	0.736719	3.137770	0.665293	
0.298075	0.670435	1.673037	0.525675	
0.338519	0.773020	1.628347	0.540338	
0.385730	0.640586	1.246854	0.003599	
0.699139	0.286983	1.844044	0.326010	
0.501431	0.499223	0.710962	0.000001	
0.621606	0.408683	1.150367	0.000008	
