0.264787	0.639579	1.679212	0.858017	
0.398080	0.532270	0.889164	0.521970	
0.168405	0.169160	0.240005	0.945030	
0.110894	0.111072	0.157162	0.976230	
0.755309	0.187819	3.157197	0.001929	
0.368924	0.654638	1.336697	0.024708	
0.500771	0.484770	0.717738	0.209353	
0.873935	0.288430	2.317061	0.000128	
0.374837	0.632965	1.341866	0.334787	
0.634148	0.381577	1.256723	0.261866	
0.737163	0.187986	3.130871	0.709900	
0.348727	0.346949	0.494466	0.721249	
0.000000	0.000000	0.000000	1.120346	
0.353642	0.683581	2.113078	0.000000	
0.255751	0.256140	0.362613	0.860290	
0.475744	0.576002	0.859086	0.000001	
0.289450	0.291101	0.413298	0.818804	
0.197636	0.752857	3.168839	0.001936	
0.205921	0.747209	2.804398	0.338145	
0.274871	0.674598	1.788935	0.629824	
0.702287	0.363058	1.453347	0.000002	
0.730346	0.261301	2.856069	0.394317	
0.655711	0.253233	1.822804	0.861193	
0.250453	0.748955	2.303295	0.000046	
0.203005	0.720052	3.017408	0.910528	
0.695973	0.252878	2.071071	0.631140	
0.561781	0.471647	0.853873	0.000006	
0.228916	0.230006	0.326101	0.891485	
0.482313	0.565951	1.157818	0.000000	
0.563088	0.396735	0.934711	0.545206	
0.476401	0.575790	1.233445	0.000000	
0.732850	0.199816	2.911498	0.662967	
0.161644	0.161362	0.228795	0.947477	
0.654321	0.256943	1.791106	0.848178	
0.459523	0.628622	0.970933	0.000001	
0.701524	0.245925	2.153670	0.643190	
0.751300	0.201688	3.069897	0.001846	
0.000000	0.000000	0.000000	1.004122	
0.736278	0.216685	2.713311	0.428390	
0.183423	0.723616	3.003165	0.908490	
0.736260	0.238416	2.391378	0.001465	
0.381491	0.863989	1.638045	0.000002	
0.208803	0.744883	2.758932	0.381768	
0.652875	0.371980	1.324368	0.006868	
0.588304	0.400688	1.203560	0.456389	
0.640738	0.414083	1.114930	0.246931	
0.514416	0.494103	0.739730	0.000006	
0.354125	0.683266	2.105877	0.000000	
0.187383	0.755411	3.156032	0.001929	
0.233167	0.759392	2.514106	0.000050	
0.232356	0.232807	0.329584	0.886448	
0.296686	0.689644	1.748335	0.369339	
0.344079	0.337007	0.492581	0.745176	
0.273031	0.676194	1.800800	0.666511	
0.187246	0.186186	0.265817	0.931735	
0.481527	0.514110	0.742317	0.232034	
0.387665	0.553676	0.943758	0.555559	
0.260486	0.646044	1.729619	0.856645	
0.214817	0.211291	0.306411	0.914900	
0.512304	0.494682	0.734308	0.009782	
0.476256	0.576050	1.236322	0.000000	
0.703037	0.362420	1.457760	0.000002	
0.305143	0.323572	0.471556	0.811717	
0.374749	0.518281	0.888950	0.630707	
0.355905	0.666701	1.414386	0.000102	
0.715574	0.268044	2.023660	0.388388	
0.548984	0.432412	0.966069	0.389166	
0.041265	0.041143	0.058417	0.998609	
0.476759	0.574824	0.858065	0.000001	
0.187835	0.755257	3.147566	0.001924	
0.751300	0.201688	3.069897	0.001846	
0.232282	0.232956	0.330009	0.887093	
0.384617	0.608518	1.201338	0.394679	
0.206113	0.745478	2.798543	0.386847	
0.236156	0.736046	2.409955	0.001175	
0.731760	0.202688	2.862153	0.652436	
0.136196	0.136440	0.193137	0.963278	
0.742368	0.243685	2.359480	0.000888	
0.698530	0.295972	1.784692	0.348191	
0.217699	0.726320	2.808562	0.647797	
0.656256	0.262985	1.766658	0.800014	
0.469554	0.518456	0.763543	0.259744	
0.356161	0.681726	2.074859	0.000000	
0.262445	0.645976	1.723286	0.848434	
0.256298	0.682008	2.020572	0.736860	
0.232280	0.232960	0.330020	0.887109	
0.041164	0.041210	0.058303	0.997418	
0.418152	0.582001	1.003031	0.290072	
0.192259	0.751386	3.027092	0.422283	
0.314200	0.315993	0.448639	0.780978	
0.353253	0.671362	1.433176	0.018243	
0.168537	0.168742	0.238834	0.942313	
0.700437	0.276853	1.931385	0.408898	
0.471297	0.585748	1.341668	0.000001	
0.730036	0.208756	2.859502	0.651870	
0.666188	0.353643	1.628869	0.322295	
0.551366	0.379669	0.977339	0.554781	
0.507627	0.496480	0.724907	0.027171	
0.476407	0.509102	0.740177	0.246190	
0.376255	0.516400	0.888144	0.632664	
0.669036	0.382886	1.306582	0.000580	
0.093967	0.094059	0.133062	0.982880	
0.288510	0.689425	1.787487	0.424101	
0.354230	0.683187	2.104275	0.000000	
0.258398	0.726080	2.179621	0.001348	
0.730974	0.217990	2.640262	0.503764	
0.746443	0.217103	2.971917	0.001402	
0.267116	0.636683	1.647174	0.851874	
0.190891	0.754457	3.135847	0.001883	
0.735913	0.236495	2.410641	0.001476	
0.458562	0.631442	0.977507	0.000001	
0.458166	0.632397	0.979963	0.000001	
0.457730	0.389974	0.704839	0.617577	
0.703256	0.301144	1.818069	0.031745	
0.468252	0.544493	0.822425	0.253997	
0.590082	0.427226	0.964821	0.348831	
0.718482	0.204643	2.683594	0.786397	
0.232218	0.233078	0.330339	0.887593	
0.196580	0.196845	0.278652	0.920468	
0.673323	0.351862	1.590324	0.000001	
0.403075	0.606717	1.161154	0.297025	
0.190891	0.754457	3.135847	0.001883	
0.244686	0.734261	2.316984	0.001134	
0.594249	0.436609	1.040850	0.000000	
0.744915	0.216378	2.702534	0.001668	
0.353232	0.671328	1.433214	0.018243	
0.356127	0.681752	2.075366	0.000000	
0.581089	0.461929	0.905538	0.000012	
0.717435	0.236844	2.366745	0.547393	
0.726203	0.232458	2.640344	0.503764	
0.627135	0.415706	1.090555	0.318913	
0.354140	0.537281	0.999270	0.687279	
0.162028	0.161794	0.229310	0.947029	
0.189740	0.752605	3.077605	0.422888	
0.044798	0.044817	0.063389	0.996276	
0.256568	0.698440	2.035321	0.573763	
0.620169	0.369545	1.248543	0.406436	
0.350259	0.685199	2.102152	0.000000	
0.190982	0.754425	3.134159	0.001882	
0.269388	0.714152	2.033505	0.258905	
0.563148	0.440005	0.884861	0.335507	
0.729509	0.210088	2.836693	0.647007	
0.311654	0.312624	0.442802	0.782964	
0.044793	0.044834	0.063425	0.996633	
0.433030	0.592885	1.004455	0.050823	
0.284995	0.718633	1.940466	0.001217	
0.341027	0.687327	1.775985	0.000025	
0.232082	0.233315	0.331009	0.888594	
0.381267	0.548977	0.967184	0.552783	
0.392108	0.631512	1.192003	0.172254	
0.727121	0.226117	2.451196	0.461900	
0.084327	0.084603	0.119919	0.988124	
0.171618	0.172311	0.244183	0.941863	
0.707930	0.292158	1.857940	0.001171	
0.573277	0.465974	0.884063	0.000012	
0.482699	0.561135	1.096627	0.000000	
0.698989	0.313246	1.713468	0.000002	
0.325130	0.600965	1.277561	0.680690	
0.751300	0.201688	3.069897	0.001846	
0.682391	0.301713	1.714580	0.415109	
0.472725	0.583212	1.314510	0.000000	
0.351590	0.654174	1.520273	0.353543	
0.253000	0.728297	2.219952	0.001087	
0.640738	0.414083	1.114930	0.246931	
0.203032	0.204115	0.289591	0.917320	
0.476759	0.574824	0.858065	0.000001	
0.703267	0.312385	1.780524	0.047872	
0.305454	0.656082	1.563490	0.561773	
0.471221	0.380186	0.749059	0.642017	
0.347931	0.671491	1.466154	0.000324	
0.731078	0.203566	2.844679	0.654640	
0.618775	0.440159	1.021701	0.002739	
0.136783	0.137023	0.193966	0.962930	
0.508213	0.468529	0.742395	0.292683	
0.346819	0.604491	1.170423	0.651933	
0.213890	0.731519	2.619025	0.510572	
0.191630	0.754200	3.122082	0.001875	
0.025123	0.025164	0.035634	1.000119	
0.709930	0.296972	2.106691	0.000001	
0.647550	0.277940	1.643796	0.751918	
0.372544	0.668680	1.846194	0.000000	
0.746155	0.217839	2.958725	0.000032	
0.332468	0.691141	1.889693	0.000237	
0.652875	0.371980	1.324368	0.006868	
0.375780	0.614015	1.201338	0.394679	
0.561384	0.471469	0.853884	0.000205	
0.467171	0.555406	0.881930	0.006585	
0.214827	0.746399	2.860986	0.001515	
0.691620	0.285511	1.846570	0.442308	
0.496280	0.502581	0.715457	0.078519	
0.296457	0.686675	1.818557	0.430432	
0.349813	0.607618	1.142044	0.686853	
0.353699	0.503642	0.875660	0.713431	
0.136826	0.137012	0.193841	0.962677	
0.629865	0.372108	1.250658	0.321654	
0.287583	0.711707	1.967022	0.000022	
0.202982	0.204241	0.289922	0.917933	
0.218072	0.729547	2.586678	0.513897	
0.735306	0.240804	2.363632	0.001450	
0.344181	0.683599	1.775823	0.000025	
