0.000000	0.000000	0.000000	0.000000	0.000000	0.707065	0.000000	0.707148	
0.000000	0.000000	0.000000	0.000000	0.000000	0.000000	1.000000	0.000000	
0.000000	0.723157	0.000000	0.000000	0.000000	0.000000	0.000000	0.725744	
0.000000	0.000000	0.000000	0.707022	0.000000	0.000000	0.000000	0.707191	
0.000000	0.000000	0.000000	0.707298	0.000000	0.706916	0.000000	0.000000	
1.000000	0.000000	0.000000	0.000000	0.000000	0.000000	0.000000	0.000000	
0.706655	0.707559	0.000000	0.000000	0.000000	0.000000	0.000000	0.000000	
0.000000	0.707303	0.000000	0.000000	0.000000	0.706911	0.000000	0.000000	
0.000000	0.000000	0.707112	0.707102	0.000000	0.000000	0.000000	0.000000	
0.000000	0.707151	0.707062	0.000000	0.000000	0.000000	0.000000	0.000000	
0.000000	0.000000	0.000088	0.000005	0.707100	0.000000	0.707113	0.000000	
0.000000	0.000000	0.706804	0.000000	0.707410	0.000000	0.000000	0.000000	
0.000000	0.000000	0.000000	0.000000	0.000000	0.000000	0.707617	0.706943	
0.706832	0.000051	0.000000	0.000000	0.707382	0.000000	0.000000	0.000000	
0.000000	0.000000	0.707853	0.000000	0.000000	0.707674	0.000000	0.000000	
0.707146	0.000000	0.707068	0.000000	0.000000	0.000000	0.000000	0.000000	
0.000000	0.000000	1.000000	0.000000	0.000000	0.000000	0.000000	0.000000	
0.000000	0.707829	0.000001	0.000000	0.000002	0.000000	0.708086	0.000000	
0.000000	0.707107	0.000000	0.707107	0.000000	0.000000	0.000000	0.000000	
0.000000	0.000000	0.707040	0.000000	0.000000	0.000000	0.000000	0.707176	
0.707105	0.000000	0.000000	0.000000	0.000000	0.000000	0.707111	0.000000	
0.000000	0.000000	0.000000	0.000000	0.000000	0.000000	0.000000	1.000000	
0.000000	0.704539	0.000000	0.000000	0.709665	0.000000	0.000000	0.000000	
0.707412	0.000000	0.000000	0.000002	0.000001	0.706806	0.000000	0.000000	
0.000000	1.000000	0.000000	0.000000	0.000000	0.000000	0.000000	0.000000	
0.000000	0.000000	0.000000	1.000000	0.000000	0.000000	0.000000	0.000000	
0.706911	0.000000	0.000000	0.707303	0.000000	0.000000	0.000000	0.000000	
0.000000	0.000000	0.706934	0.000000	0.000001	0.000000	0.707280	0.000000	
0.000006	0.000000	0.000047	0.000004	0.707039	0.000000	0.000000	0.707175	
0.000000	0.000000	0.000000	0.713576	0.000000	0.000000	0.713779	0.000000	
0.000000	0.000000	0.000000	0.706807	0.707406	0.000000	0.000000	0.000000	
0.000020	0.000000	0.000001	0.000001	0.000000	0.705457	0.709851	0.000000	
0.000000	0.000000	0.000000	0.000000	0.000000	1.000000	0.000000	0.000000	
0.707016	0.000002	0.000000	0.000010	0.000000	0.000000	0.000000	0.707198	
0.000044	0.000000	0.000001	0.000000	0.707823	0.706450	0.000000	0.000000	
0.000000	0.000000	0.000000	0.000000	1.000000	0.000000	0.000000	0.000000	
0.000000	0.000000	0.707040	0.000000	0.000000	0.000000	0.000000	0.707176	
0.000000	0.000000	0.000000	0.000000	0.000000	1.000018	0.000000	0.000000	
0.032767	0.559624	0.439633	0.000000	0.003771	0.012092	0.701707	0.000000	
0.704479	0.000865	0.014254	0.000000	0.709582	0.000897	0.000000	0.000000	
0.703341	0.000000	0.000000	0.000000	0.000000	0.000000	0.710853	0.000000	
0.000000	0.000000	0.704444	0.000000	0.000001	0.000000	0.709760	0.000000	
0.000000	0.708142	0.000000	0.000000	0.706070	0.000000	0.000000	0.000000	
0.001423	0.706432	0.045575	0.707901	0.000000	0.000000	0.000000	0.000000	
0.000000	0.707039	0.000000	0.000000	0.000000	0.000000	0.000000	0.707175	
0.000000	0.000000	0.710197	0.000056	0.001279	0.704393	0.033127	0.000000	
0.000000	0.000000	0.000002	0.000000	0.707411	0.706805	0.000000	0.000000	
0.000003	0.000000	0.000011	0.000082	0.000645	0.711883	0.702847	0.002114	
0.996010	0.025409	0.005908	0.075053	0.000008	0.001215	0.040607	0.000000	
0.077592	0.999037	0.000270	0.029720	0.000000	0.002143	0.000000	0.000292	
0.000000	0.707303	0.000000	0.000000	0.000000	0.706911	0.000000	0.000000	
0.000000	0.000000	0.000000	0.000000	0.000000	0.000000	1.000001	0.000000	
0.703140	0.000000	0.711089	0.000000	0.000000	0.000000	0.000000	0.000000	
0.000000	0.000000	0.708569	0.705642	0.000000	0.000000	0.000000	0.000000	
0.000000	0.000000	0.703966	0.000000	0.710233	0.000000	0.000000	0.000000	
0.000000	0.000000	0.000000	0.000000	0.000000	0.000000	0.707580	0.706633	
0.706657	0.707561	0.000000	0.000000	0.000000	0.000000	0.000000	0.000000	
0.000000	0.000000	0.000000	1.000000	0.000000	0.000000	0.000000	0.000000	
0.000000	0.000000	1.000000	0.000000	0.000000	0.000000	0.000000	0.000000	
0.000000	0.713446	0.700544	0.000000	0.005448	0.016972	0.000000	0.000000	
0.000000	0.000000	0.000000	0.000000	1.000000	0.000000	0.000000	0.000000	
0.000000	0.000000	0.000000	0.715805	0.000000	0.000000	0.701235	0.000000	
0.000002	0.001580	0.010261	0.000000	0.000660	0.698539	0.001192	0.715646	
0.000047	0.000000	0.000002	0.000004	0.707735	0.000000	0.000000	0.707688	
0.000000	0.000000	0.000000	0.707298	0.000000	0.706916	0.000000	0.000000	
0.565826	0.005884	0.508428	0.647028	0.016115	0.004442	0.000000	0.068002	
0.360915	0.369273	0.033006	0.485600	0.707825	0.000000	0.000584	0.000000	
0.000000	0.000000	0.000000	0.707023	0.000000	0.000000	0.000000	0.707192	
0.000033	0.000001	0.000120	0.000007	0.706932	0.000000	0.707282	0.000000	
0.000000	0.000000	0.000000	0.000000	0.000000	0.000000	0.000000	1.000000	
0.707413	0.000000	0.000003	0.000002	0.000001	0.706807	0.000000	0.000000	
0.707129	0.000000	0.000000	0.000009	0.000000	0.000000	0.000000	0.707085	
0.000000	0.000000	0.101892	0.687629	0.718790	0.011172	0.000000	0.000000	
0.000000	0.702769	0.000009	0.000000	0.000010	0.000000	0.711436	0.000000	
0.000000	0.995868	0.000002	0.091070	0.000003	0.000000	0.011663	0.000000	
0.697305	0.000050	0.000000	0.000000	0.710902	0.000000	0.091563	0.000000	
0.000000	0.000000	0.000000	0.000000	0.000000	0.000000	0.712491	0.701840	
0.000115	0.000000	0.020414	0.001652	0.706742	0.000000	0.000000	0.707175	
0.961484	0.000000	0.000000	0.000013	0.270982	0.000000	0.000301	0.046019	
0.000000	0.707151	0.707062	0.000000	0.000000	0.000000	0.000000	0.000000	
0.705546	0.000000	0.000000	0.705938	0.000000	0.000000	0.005776	0.062459	
0.000000	0.000000	1.000000	0.000000	0.000000	0.000000	0.000000	0.000000	
0.526635	0.000613	0.009849	0.001043	0.458558	0.000651	0.000000	0.715909	
0.705840	0.000000	0.000003	0.044601	0.012787	0.706757	0.000000	0.011586	
0.000115	0.000004	0.000004	0.000003	0.039257	0.653724	0.755853	0.000000	
0.000000	0.000000	0.000000	1.000000	0.000000	0.000000	0.000000	0.000000	
0.000000	0.000000	0.707258	0.707247	0.000000	0.000000	0.000000	0.000000	
0.003465	0.019850	0.704755	0.000000	0.000000	0.000000	0.000000	0.709169	
0.000081	0.571626	0.400025	0.716399	0.000000	0.000814	0.014096	0.000000	
0.000209	0.003224	0.018258	0.698894	0.017896	0.000000	0.715384	0.000000	
0.010511	0.000018	0.011413	0.000011	0.018510	0.999708	0.000000	0.000000	
0.000000	0.000000	0.703376	0.000000	0.710246	0.000000	0.000000	0.028549	
0.675192	0.000000	0.737201	0.032107	0.000000	0.035457	0.000000	0.000000	
0.000000	0.000000	0.000000	0.000000	0.000000	0.000000	1.000281	0.000000	
0.000000	0.000000	0.000000	0.694514	0.000000	0.147641	0.000000	0.710203	
0.000000	0.000000	0.000000	0.000000	1.004556	0.000000	0.000000	0.000000	
0.711337	0.712247	0.000000	0.000000	0.000000	0.000000	0.000000	0.000000	
0.133157	0.002470	0.694981	0.000003	0.001427	0.706255	0.023473	0.000000	
0.000000	0.000000	0.000000	0.000000	0.000000	0.000000	0.000000	1.000000	
0.000000	0.702269	0.000000	0.029230	0.013677	0.009572	0.000000	0.711299	
