0.000000	0.000000	0.707014	0.707201	0.000000	0.000000	0.000000	0.000000	
0.717853	0.000670	0.000000	0.000000	0.000000	0.697283	0.000000	0.000000	
0.000000	0.707105	0.707109	0.000000	0.000000	0.000000	0.000000	0.000000	
0.000000	0.000000	0.707261	0.000000	0.000000	0.000000	0.000000	0.706952	
0.000000	0.000000	0.709852	0.000000	0.000000	0.000000	0.704351	0.000000	
0.000000	0.000000	0.707123	0.000000	0.000000	0.707123	0.000000	0.000000	
0.000000	0.000000	0.000000	0.000000	0.000000	0.000000	1.000001	0.000000	
0.000000	0.000000	0.000000	0.707070	0.000000	0.000000	0.000000	0.707144	
0.000001	0.707109	0.000001	0.000000	0.000000	0.707108	0.000000	0.000000	
0.000000	0.000000	0.000000	0.000000	0.707042	0.000000	0.707172	0.000000	
0.000000	0.706803	0.000023	0.000001	0.000002	0.000000	0.707411	0.000000	
0.000000	0.000000	0.000000	0.000000	0.000000	1.000000	0.000000	0.000000	
0.718748	0.000009	0.697487	0.000012	0.000003	0.000724	0.000000	0.000000	
0.000000	0.000000	0.000000	0.000000	1.000045	0.000000	0.000000	0.000000	
0.000000	1.000001	0.000000	0.000000	0.000000	0.000000	0.000000	0.000000	
0.000000	0.000000	0.707782	0.000000	0.707591	0.000000	0.000000	0.000000	
0.000000	0.000000	0.000000	0.000000	0.706857	0.000000	0.000000	0.707356	
0.000000	0.707269	0.000000	0.706944	0.000000	0.000000	0.000000	0.000000	
1.000002	0.000000	0.000000	0.000000	0.000000	0.000000	0.000000	0.000000	
0.713070	0.000000	0.000002	0.000000	0.000002	0.000000	0.701704	0.000000	
0.000000	0.000000	0.000000	0.000000	0.000000	0.000000	0.707271	0.706943	
0.000000	0.000000	0.000000	0.000000	0.000000	0.713749	0.714745	0.000000	
0.000000	0.000000	0.000000	0.707100	0.707114	0.000000	0.000000	0.000000	
0.707136	0.000001	0.000001	0.000000	0.707079	0.000000	0.000000	0.000000	
0.000000	0.000000	1.000000	0.000000	0.000000	0.000000	0.000000	0.000000	
0.720098	0.693898	0.000000	0.000000	0.000000	0.000000	0.000000	0.000000	
0.716703	0.000000	0.001212	0.697378	0.000003	0.000000	0.000000	0.000000	
0.000000	0.000000	0.000000	0.707043	0.000000	0.000000	0.707171	0.000000	
0.000675	0.707136	0.000002	0.000000	0.707079	0.000000	0.000000	0.000000	
0.000000	0.000000	0.000000	1.000000	0.000000	0.000000	0.000000	0.000000	
0.000004	0.000000	0.000003	0.000000	0.707132	0.707133	0.000000	0.000000	
0.000000	0.000000	0.000000	0.000000	0.000000	0.707108	0.000000	0.707106	
0.000000	0.000000	0.000000	0.000000	0.000000	0.000000	0.000000	1.000004	
0.000000	0.000000	0.000000	0.707173	0.000000	0.707166	0.000000	0.000000	
0.718367	0.000000	0.000000	0.000000	0.000000	0.000001	0.000366	0.696069	
0.000711	0.705650	0.000001	0.000000	0.000000	0.000000	0.000000	0.708562	
0.000000	0.000000	1.000391	0.000000	0.000000	0.000000	0.000000	0.000000	
0.000000	0.000000	0.000005	0.000000	0.707107	0.707108	0.000000	0.000000	
0.000000	0.000000	0.707262	0.000000	0.000000	0.000000	0.000000	0.706952	
0.712634	0.000004	0.000023	0.000000	0.000000	0.000000	0.701537	0.000000	
0.985117	0.168655	0.029274	0.000010	0.000000	0.000000	0.000000	0.015629	
0.000000	0.000000	0.000189	0.000000	0.000018	0.006111	0.707259	0.706930	
0.000000	0.703857	0.000000	0.000000	0.710342	0.000000	0.000000	0.000000	
0.710636	0.000000	0.000000	0.000000	0.000000	0.000001	0.000001	0.703954	
0.707199	0.000000	0.000000	0.707015	0.000000	0.000000	0.000000	0.000000	
0.000000	0.000000	0.000000	0.000000	0.000000	1.000001	0.000000	0.000000	
0.000000	0.000000	0.000000	0.000000	0.000000	0.706816	0.707398	0.000000	
0.037130	0.701669	0.024100	0.000015	0.003599	0.000000	0.000618	0.715277	
0.718231	0.003938	0.696995	0.000012	0.000000	0.000724	0.000000	0.000000	
0.000000	0.000000	0.000000	0.000000	0.700997	0.000000	0.000000	0.713165	
0.000000	0.000000	0.000000	0.000000	0.000000	0.000000	1.000001	0.000000	
0.000000	0.711971	0.000000	0.000099	0.000000	0.000000	0.702210	0.000000	
0.085655	0.996200	0.015797	0.000000	0.000000	0.000000	0.000000	0.000000	
0.000001	0.707110	0.000001	0.000000	0.000000	0.707109	0.000000	0.000000	
0.000000	0.000000	0.707014	0.707201	0.000000	0.000000	0.000000	0.000000	
0.039625	0.705225	0.707761	0.000000	0.000000	0.000000	0.012857	0.000000	
0.000000	0.000000	0.711029	0.000000	0.000000	0.000000	0.703166	0.000000	
0.000000	0.000000	0.000000	1.000331	0.000000	0.000000	0.000000	0.000000	
0.000721	0.000033	0.006885	0.701796	0.000000	0.000000	0.712344	0.000000	
0.000000	0.000000	0.000000	0.707100	0.707114	0.000000	0.000000	0.000000	
0.000006	0.000000	0.707204	0.000000	0.707013	0.000000	0.000000	0.000000	
0.707136	0.000001	0.000001	0.000000	0.707079	0.000000	0.000002	0.000000	
0.000000	0.000000	0.000000	0.000000	0.000000	0.000000	0.000000	1.000003	
0.000000	0.000000	0.000000	0.705167	0.000000	0.000000	0.000000	0.709091	
0.073111	0.013913	0.002013	0.699056	0.000000	0.722709	0.000192	0.015760	
0.000000	0.000000	0.000000	0.000000	0.707043	0.000000	0.707170	0.000000	
0.000000	0.708168	0.000000	0.706435	0.000000	0.000000	0.000000	0.000000	
0.000000	0.000000	0.000000	0.000000	1.000000	0.000000	0.000000	0.000000	
0.714854	0.010558	0.000000	0.000000	0.000000	0.699196	0.000001	0.000000	
0.010419	0.000611	0.703017	0.000000	0.075480	0.707133	0.000000	0.000000	
0.000000	0.000000	0.000000	0.000000	0.000000	0.707108	0.000000	0.707106	
0.712690	0.701479	0.000000	0.000000	0.000000	0.000000	0.000001	0.000000	
1.046095	0.000000	0.000000	0.000000	0.000000	0.000000	0.000002	0.000000	
0.665831	0.000007	0.014686	0.746401	0.000000	0.000000	0.000000	0.000000	
0.039629	0.705283	0.707819	0.000000	0.000000	0.000000	0.000526	0.000000	
0.000000	0.000000	0.000000	0.000000	0.712628	0.000000	0.701543	0.000000	
0.000000	0.000000	0.000000	1.000000	0.000000	0.000000	0.000000	0.000000	
0.000000	0.000000	0.711647	0.000000	0.000000	0.000000	0.702561	0.000000	
0.001249	0.000008	0.000000	0.070881	0.000744	0.707177	0.000001	0.704038	
0.030482	0.000000	0.746623	0.664549	0.000003	0.000000	0.000000	0.000000	
0.073112	0.013913	0.002013	0.699071	0.000000	0.722724	0.000002	0.015760	
0.000000	0.000000	0.005237	0.707242	0.000000	0.000000	0.000000	0.706952	
0.000000	0.000000	0.000000	0.000000	1.000000	0.000000	0.000000	0.000000	
0.717604	0.003935	0.696388	0.000012	0.000000	0.013238	0.000000	0.000000	
0.006693	0.705518	0.000000	0.000000	0.005827	0.000000	0.000021	0.708639	
0.000000	0.000000	0.000000	0.000000	0.000000	0.000000	1.000001	0.000000	
0.702028	0.001128	0.091570	0.000000	0.707785	0.000000	0.000002	0.000000	
0.000023	0.000441	0.000001	0.000000	0.700996	0.000000	0.000650	0.713165	
0.007612	0.000000	0.713290	0.000000	0.701127	0.000000	0.000000	0.000000	
0.033588	0.006045	0.705647	0.025663	0.031399	0.702602	0.000000	0.074869	
0.005503	0.000249	0.000759	0.029175	0.001555	0.706190	0.707398	0.000000	
0.014090	0.001828	0.998238	0.018282	0.054638	0.000000	0.000000	0.000000	
0.546935	0.000105	0.000368	0.546792	0.634009	0.000000	0.008533	0.000000	
0.000001	0.000054	0.006127	0.000000	0.000571	0.000631	0.715594	0.698491	
0.712702	0.701492	0.000000	0.000000	0.000000	0.000000	0.000000	0.000000	
0.000000	0.000000	0.000000	0.706628	0.000000	0.000000	0.710298	0.000000	
0.004658	0.515083	0.011963	0.484320	0.707079	0.000000	0.000000	0.000000	
0.000000	0.799451	0.000001	0.600756	0.000000	0.031061	0.000000	0.000000	
0.000005	0.000000	0.707262	0.000000	0.000000	0.000000	0.000000	0.706952	
0.710636	0.000000	0.000000	0.000000	0.000000	0.000001	0.000001	0.703954	
