0.000000	0.000001	0.000000	0.000001	0.707084	0.000000	0.000000	0.707130	
0.000002	0.000000	0.000000	0.707100	0.000000	0.000000	0.707114	0.000000	
0.000000	0.000000	0.707160	0.000000	0.707055	0.000000	0.000000	0.000000	
0.000000	0.000000	0.000000	0.000000	0.000000	0.000000	1.000000	0.000000	
0.000000	0.000000	0.000000	0.707097	0.000000	0.707117	0.000000	0.000000	
0.000000	0.000000	0.000000	0.000000	0.000000	1.000000	0.000000	0.000000	
0.000000	0.706879	0.000000	0.000000	0.707335	0.000000	0.000000	0.000000	
0.707000	0.000012	0.000000	0.707214	0.000000	0.000000	0.000000	0.000000	
0.000000	0.000000	0.000000	1.000000	0.000000	0.000000	0.000000	0.000000	
0.000000	0.707197	0.000001	0.000000	0.000001	0.000000	0.707017	0.000000	
0.000000	0.000000	0.000000	0.000000	0.000000	0.707062	0.000000	0.707152	
0.000000	0.000000	0.707222	0.000000	0.000000	0.000000	0.000000	0.707088	
0.000000	0.706999	0.000000	0.000000	0.000000	0.000000	0.000000	0.707215	
0.000000	0.707105	0.707109	0.000000	0.000000	0.000000	0.000000	0.000000	
0.000017	0.715322	0.000000	0.715104	0.000000	0.000000	0.000000	0.000016	
0.000000	0.000000	0.000000	0.000000	0.707012	0.000000	0.707202	0.000000	
0.000000	0.000042	0.707242	0.000001	0.000000	0.707354	0.000000	0.000000	
0.000000	0.000000	0.000000	0.000000	0.000000	0.000000	0.000000	1.000001	
0.708928	0.705306	0.000000	0.000000	0.000000	0.000000	0.000000	0.000000	
0.707105	0.000000	0.707109	0.000000	0.000000	0.000000	0.000000	0.000000	
0.000000	0.000001	0.000001	0.000000	0.707098	0.707116	0.000000	0.000000	
0.000000	0.000000	0.706995	0.707219	0.000000	0.000000	0.000000	0.000000	
0.000000	1.000063	0.000000	0.000000	0.000000	0.000000	0.000000	0.000000	
0.000000	0.000000	1.000000	0.000000	0.000000	0.000000	0.000000	0.000000	
0.000001	0.707016	0.000000	0.000000	0.000000	0.707198	0.000000	0.000000	
0.000000	0.000000	0.000000	0.000000	1.000001	0.000000	0.000000	0.000000	
0.000000	0.000000	0.707128	0.000000	0.000000	0.000000	0.707086	0.000000	
1.000467	0.000000	0.000000	0.000000	0.000000	0.000000	0.000000	0.000000	
0.706675	0.000170	0.001359	0.000035	0.707545	0.000000	0.000030	0.000000	
0.000000	0.000000	0.000000	0.000000	0.000000	0.707105	0.707109	0.000000	
0.707061	0.000004	0.000000	0.000000	0.000000	0.707345	0.000000	0.000000	
0.000000	0.000000	0.000000	0.706705	0.707570	0.000000	0.000306	0.000000	
0.000000	0.000000	0.000000	0.000000	0.000000	0.000000	0.707031	0.707183	
0.713090	0.000112	0.000000	0.000000	0.000000	0.000000	0.000000	0.713314	
0.706986	0.000000	0.000000	0.000000	0.000000	0.000000	0.707228	0.000000	
0.000000	0.000000	0.000000	0.707062	0.000000	0.000000	0.000000	0.707152	
0.003812	0.674288	0.018500	0.000000	0.738227	0.000000	0.000000	0.000000	
0.000000	0.707197	0.000001	0.000000	0.000001	0.000000	0.707017	0.000000	
0.000000	0.000000	0.708524	0.000004	0.000000	0.708636	0.000000	0.000000	
0.000000	0.703124	0.000997	0.038834	0.005408	0.062650	0.000000	0.707215	
0.000000	0.698696	0.718635	0.000191	0.000000	0.000000	0.000000	0.000002	
0.000000	0.000000	1.000000	0.000000	0.000000	0.000000	0.000000	0.000000	
0.000000	0.000000	0.000000	0.000000	0.000000	0.000000	0.000000	1.000000	
0.000016	0.000003	0.005375	0.480484	0.061257	0.515115	0.707114	0.000000	
0.000000	0.000000	0.000000	0.000000	0.000000	0.000000	0.706345	0.707867	
0.000000	0.000000	0.707153	0.000000	0.000000	0.000000	0.707111	0.000000	
0.706942	0.005719	0.000826	0.000000	0.000000	0.707249	0.000000	0.000000	
0.708649	0.000000	0.000000	0.000001	0.706781	0.000000	0.000000	0.000000	
1.000084	0.000000	0.000000	0.000000	0.000000	0.000000	0.000000	0.000000	
0.000000	0.000000	0.000000	0.000000	0.000000	0.000000	1.000000	0.000000	
0.000000	0.000000	0.000000	0.000000	0.000000	1.000021	0.000000	0.000000	
0.000000	0.990461	0.114209	0.000000	0.037874	0.000001	0.067158	0.000000	
0.000000	0.000000	0.707043	0.000000	0.000000	0.000000	0.000000	0.707265	
0.000000	0.000000	0.000000	0.000000	0.707111	0.000000	0.707301	0.000000	
0.707104	0.000000	0.707110	0.000000	0.000000	0.000000	0.000000	0.000000	
0.000000	0.000000	0.000002	0.707099	0.000000	0.000000	0.707114	0.000000	
0.716502	0.000033	0.007097	0.001782	0.000000	0.000000	0.000000	0.700472	
0.000000	0.000000	0.000000	0.707161	0.000000	0.000000	0.000000	0.707251	
0.000001	0.707017	0.000000	0.000000	0.000000	0.707197	0.000000	0.000000	
0.000017	0.707234	0.000000	0.706980	0.000000	0.000000	0.000000	0.000000	
0.000000	0.000000	0.000000	0.000000	0.000000	0.706997	0.000000	0.707216	
0.000001	0.000000	0.000000	0.000001	0.704015	0.000000	0.000000	0.710185	
0.322191	0.002159	0.620815	0.000000	0.699341	0.025446	0.000000	0.145791	
0.705773	0.000012	0.027574	0.706524	0.000000	0.000000	0.044147	0.000000	
0.000000	0.000000	0.000000	0.707276	0.706938	0.000000	0.000000	0.000000	
0.716367	0.000000	0.000000	0.000000	0.000000	0.000000	0.697724	0.000000	
0.708928	0.705306	0.000000	0.000000	0.000000	0.000000	0.000000	0.000000	
0.000000	0.000000	0.000000	0.000000	0.707193	0.707210	0.000000	0.000000	
0.000000	0.000000	0.000000	1.000007	0.000000	0.000000	0.000000	0.000000	
0.000000	0.000000	0.000000	0.707097	0.000000	0.707117	0.000000	0.000000	
0.002203	0.046778	0.706026	0.707802	0.000000	0.000000	0.000000	0.000000	
0.000000	0.000000	0.000000	0.000000	1.000001	0.000000	0.000000	0.000000	
0.000000	0.000000	0.000000	0.000000	0.717856	0.696384	0.000000	0.000000	
0.674098	0.039010	0.002860	0.738227	0.000000	0.000000	0.041877	0.063305	
0.000001	0.000042	0.708742	0.000004	0.000000	0.705469	0.000000	0.000000	
0.000000	0.990374	0.114199	0.000000	0.040109	0.000001	0.067158	0.000000	
0.702005	0.000033	0.041227	0.000000	0.000000	0.000000	0.030618	0.724679	
0.512533	0.008471	0.012868	0.007209	0.493672	0.714676	0.000000	0.000000	
0.003104	0.003308	0.713971	0.000000	0.713880	0.000000	0.000000	0.000000	
0.706594	0.707197	0.000000	0.028513	0.000000	0.000000	0.000000	0.000000	
0.001290	0.706997	0.000000	0.000000	0.000000	0.000000	0.000000	0.707215	
0.000000	0.000000	0.000000	0.000000	0.000000	1.000000	0.000000	0.000000	
0.000000	0.000000	0.000000	0.000000	0.000000	0.000000	1.000000	0.000000	
0.000094	0.000008	0.010416	0.011154	0.715689	0.000000	0.000000	0.722126	
0.008592	0.690095	0.000000	0.000000	0.000000	0.759555	0.000000	0.000000	
0.706571	0.000170	0.001362	0.012278	0.707548	0.000000	0.000030	0.000000	
0.000000	0.000000	0.000000	0.000000	0.000000	0.707105	0.707109	0.000000	
0.000000	0.000000	0.716819	0.000000	0.000000	0.000000	0.000000	0.697261	
0.707104	0.000000	0.707110	0.000000	0.000000	0.000000	0.000000	0.000000	
0.000017	0.707234	0.000000	0.706980	0.000000	0.000000	0.000000	0.000000	
0.000000	0.000000	0.000000	0.000000	0.708415	0.000000	0.708605	0.000000	
0.000001	0.003996	0.000476	0.000001	0.000153	0.000000	0.000271	0.999992	
1.000461	0.000000	0.000752	0.000004	0.000000	0.000000	0.000000	0.000000	
0.000000	0.000000	0.000000	0.707157	0.000000	0.000000	0.002309	0.707251	
0.000000	0.704306	0.000001	0.000000	0.027438	0.000000	0.709367	0.000000	
0.000395	0.000030	0.000000	0.536947	0.015349	0.461886	0.708453	0.000000	
0.087079	0.000000	0.002153	0.996155	0.013347	0.000000	0.000302	0.000000	
0.000000	0.000000	0.000000	0.000000	0.000000	0.000000	0.706310	0.707915	
0.000225	0.000000	0.008814	0.007374	0.000006	0.711345	0.000000	0.702749	
0.000000	0.698696	0.718635	0.000191	0.000000	0.000000	0.000000	0.000002	
