0.715698	0.715301	0.000050	0.000038	0.000000	0.000000	0.000000	0.000000	
0.000004	0.706804	0.000023	0.000000	0.000002	0.000000	0.707411	0.000000	
0.000000	0.000000	0.000000	0.000000	0.000000	0.707957	0.707980	0.000000	
0.000000	0.000000	0.000000	0.707156	0.707058	0.000000	0.000000	0.000000	
0.000000	0.000000	0.000002	0.000000	0.706858	0.000000	0.000000	0.707356	
1.000004	0.000000	0.000000	0.000000	0.000000	0.000000	0.000000	0.000000	
0.000000	0.000000	0.707128	0.000000	0.000000	0.000000	0.707085	0.000000	
0.000000	0.707493	0.000011	0.000000	0.706772	0.000000	0.000000	0.000000	
0.000000	0.000000	1.002973	0.000000	0.000000	0.000000	0.000000	0.000000	
0.000000	0.000000	0.000000	0.707097	0.000000	0.707117	0.000000	0.000000	
0.000000	0.707105	0.707109	0.000000	0.000000	0.000000	0.000000	0.000000	
0.707045	0.000000	0.000001	0.000001	0.000000	0.000000	0.707169	0.000000	
0.000000	0.000000	0.000000	0.000000	0.000000	1.000001	0.000000	0.000000	
0.000000	0.000000	0.000000	0.000000	0.707075	0.000000	0.707139	0.000000	
0.000000	0.000000	0.000000	0.000000	1.000001	0.000000	0.000000	0.000000	
0.000006	0.000001	0.707628	0.000014	0.706591	0.000000	0.000000	0.000000	
0.000000	0.000000	0.707274	0.000027	0.000000	0.000000	0.000000	0.706948	
0.000000	0.000000	0.000000	0.000000	0.000000	0.707280	0.000000	0.706967	
0.707203	0.000119	0.000000	0.707018	0.000000	0.000007	0.000000	0.000000	
0.707159	0.000000	0.000000	0.000000	0.000000	0.707158	0.000000	0.000000	
0.705874	0.000113	0.708355	0.000030	0.000000	0.000000	0.000000	0.000000	
0.000000	0.000000	0.000000	0.706948	0.000000	0.000000	0.000000	0.707299	
0.000000	0.000000	0.000000	0.000000	0.000000	0.000000	0.000000	1.000001	
0.000007	0.708072	0.000000	0.000000	0.000000	0.000000	0.000000	0.707305	
0.000000	0.000000	0.000000	0.000000	0.000000	0.000000	1.000604	0.000000	
0.000000	1.000001	0.000000	0.000000	0.000000	0.000000	0.000000	0.000000	
0.000000	0.000000	0.000000	1.000001	0.000000	0.000000	0.000000	0.000000	
0.000000	0.000453	0.707812	0.000000	0.000000	0.706415	0.000000	0.000000	
0.707535	0.000474	0.000000	0.000007	0.000000	0.000000	0.000000	0.707206	
0.000000	0.707463	0.000000	0.707138	0.000000	0.000000	0.000000	0.000000	
0.707140	0.000380	0.000009	0.000000	0.707102	0.000000	0.000002	0.000000	
0.000006	0.708402	0.000012	0.000000	0.000000	0.707004	0.000000	0.000000	
0.000000	0.000000	0.000000	0.707099	0.000000	0.000000	0.707114	0.000000	
0.000000	0.000000	0.706975	0.707239	0.000000	0.000000	0.000000	0.000000	
0.000000	0.000000	0.000000	0.000000	0.000000	0.000000	0.707301	0.706916	
0.000000	0.000000	0.000000	0.000000	0.707112	0.707113	0.000000	0.000000	
0.710010	0.000382	0.000010	0.000000	0.704194	0.000000	0.000002	0.000000	
0.707044	0.000000	0.000001	0.000000	0.000000	0.000000	0.707170	0.000000	
0.000017	0.000274	0.027700	0.713924	0.699680	0.000000	0.000000	0.000000	
0.000000	0.000000	0.000000	0.000000	1.000000	0.000000	0.000000	0.000000	
0.000000	0.000000	0.000000	0.000000	0.000000	1.000004	0.000000	0.000000	
0.999662	0.019790	0.014995	0.026535	0.012667	0.058706	0.000000	0.000000	
0.000000	0.000000	0.000000	0.706950	0.000000	0.000000	0.000000	0.707297	
0.712765	0.713372	0.000049	0.000013	0.000000	0.000000	0.000000	0.000000	
0.000006	0.000000	0.707628	0.000014	0.706591	0.000000	0.000002	0.000000	
0.000000	0.708266	0.705945	0.000000	0.000000	0.000000	0.000000	0.000000	
0.707161	0.000000	0.000000	0.000000	0.000000	0.707160	0.000000	0.000000	
0.257567	0.966009	0.014733	0.000010	0.031425	0.000000	0.005342	0.001463	
0.000000	0.000000	0.000000	0.000000	0.707117	0.707118	0.000000	0.000000	
0.000000	0.000000	0.000000	0.707099	0.000000	0.000000	0.707114	0.000000	
0.000000	0.000000	0.703556	0.000000	0.000000	0.000000	0.710640	0.000779	
0.000000	0.000000	1.000327	0.000978	0.005096	0.000000	0.000000	0.000000	
0.000000	0.000000	0.000000	0.000000	0.000000	0.000000	0.707311	0.706906	
0.713691	0.002779	0.699879	0.000030	0.000000	0.000000	0.055397	0.000000	
0.000000	0.000000	0.000000	0.000000	0.000000	0.706954	0.707260	0.000000	
0.000000	0.000000	0.708941	0.000000	0.000000	0.000000	0.000034	0.705797	
0.000002	0.708618	0.000009	0.000000	0.705697	0.000000	0.000000	0.000000	
0.000000	0.000000	0.000000	1.000002	0.000000	0.000000	0.000000	0.000000	
0.000000	0.707468	0.000000	0.707143	0.000000	0.000000	0.000000	0.000000	
0.000000	0.000000	0.000000	0.698067	0.000000	0.717362	0.000000	0.000000	
0.000151	0.709464	0.000011	0.000000	0.000000	0.000000	0.000000	0.705587	
0.707203	0.000119	0.000000	0.707018	0.000000	0.000164	0.000000	0.000000	
0.000000	0.000000	0.000000	0.000000	0.000000	0.000000	0.000000	1.000204	
0.724073	0.000473	0.000001	0.000000	0.000000	0.000000	0.000999	0.715532	
0.000000	0.000000	0.000000	0.000000	0.000000	0.708282	0.000000	0.708237	
0.000000	0.000000	0.708741	0.705469	0.000000	0.000000	0.000000	0.000000	
0.000000	0.000000	0.000000	0.000000	0.000000	0.000000	1.001600	0.000000	
0.000001	0.707197	0.000023	0.000000	0.000002	0.000000	0.707154	0.000000	
0.000000	0.000000	0.705205	0.000013	0.000000	0.709004	0.000000	0.000001	
0.000006	0.699119	0.015170	0.000000	0.000000	0.714901	0.000000	0.000000	
0.000000	0.000000	0.000000	0.000000	0.707072	0.000000	0.707141	0.000000	
0.000000	0.000000	0.000002	0.000000	0.706857	0.000000	0.000000	0.707356	
0.000000	0.000000	0.000000	0.000000	0.000000	0.000000	0.999979	0.013050	
0.706201	0.035807	0.002349	0.000000	0.000000	0.707111	0.000000	0.000000	
0.542341	0.000087	0.515229	0.000023	0.000638	0.000000	0.664196	0.000000	
0.000079	0.028773	0.708893	0.000000	0.000032	0.000000	0.003389	0.705608	
0.707280	0.706935	0.000032	0.000001	0.000006	0.000000	0.000000	0.000019	
0.000000	0.000000	0.000000	0.000000	0.000000	0.000000	0.707301	0.706916	
0.000021	0.000019	0.016114	0.000001	0.000000	0.699383	0.000000	0.724626	
0.054180	0.478553	0.517557	0.707239	0.000851	0.000000	0.000000	0.000000	
0.039958	0.978573	0.000015	0.000000	0.024793	0.000000	0.200462	0.000000	
0.005239	0.507039	0.000017	0.000178	0.000402	0.000037	0.507036	0.697132	
0.706440	0.000005	0.000000	0.708164	0.000000	0.000004	0.000000	0.000000	
0.149409	0.689880	0.708355	0.000030	0.000018	0.000000	0.000000	0.000000	
0.994013	0.183482	0.000015	0.000009	0.021035	0.000001	0.000000	0.004109	
0.000000	0.000000	0.000000	0.000000	0.000000	0.000000	0.000000	1.000004	
0.000004	0.000000	0.524527	0.505649	0.709758	0.000000	0.000002	0.013836	
0.000000	0.000000	0.000000	0.000000	0.707106	0.707107	0.000000	0.000000	
0.000428	0.000025	0.000093	0.000440	0.030246	0.999542	0.000145	0.000000	
0.707140	0.000380	0.000009	0.000000	0.707102	0.000000	0.000002	0.000000	
0.000012	0.000000	0.000003	0.000015	0.005202	0.707077	0.707120	0.000000	
0.005572	0.000321	0.001287	0.005732	0.698332	0.001831	0.715963	0.000000	
0.124145	0.697656	0.000009	0.000043	0.705694	0.000000	0.000000	0.000000	
0.705873	0.000113	0.708354	0.000030	0.000890	0.000000	0.000000	0.000000	
0.000000	0.000000	0.000000	0.000000	1.000001	0.000000	0.000000	0.000000	
0.707726	0.000462	0.000000	0.000006	0.000000	0.000000	0.000000	0.707015	
0.000000	0.000000	0.000000	0.698008	0.000000	0.717302	0.000000	0.000000	
0.000000	0.000000	0.000000	1.000002	0.000000	0.000000	0.000000	0.000000	
0.000000	0.707468	0.000000	0.707143	0.000000	0.000000	0.000000	0.000000	
0.000006	0.699153	0.015171	0.000000	0.000000	0.714864	0.000000	0.000000	
