0.000000	0.000000	0.000000	0.707014	0.000000	0.000000	0.707238	0.000000	
0.000000	0.000000	0.000000	0.000000	0.000000	0.707054	0.000000	0.707160	
0.000062	0.707783	0.000000	0.706532	0.000000	0.000000	0.000000	0.000000	
0.000000	1.005150	0.000000	0.000000	0.000000	0.000000	0.000000	0.000000	
0.707589	0.000000	0.706629	0.000000	0.000000	0.000000	0.000000	0.000000	
0.000000	0.000000	0.705696	0.000000	0.000000	0.000000	0.000000	0.708558	
0.000000	0.000000	0.000000	0.000000	0.000000	0.707214	0.707002	0.000001	
0.000001	0.000000	0.000000	0.000000	0.706749	0.707609	0.000000	0.000000	
0.000000	0.000000	0.000000	0.706348	0.707865	0.000000	0.000000	0.000000	
0.000000	0.000000	0.000000	0.000000	0.000000	1.000000	0.000000	0.000000	
1.003132	0.000000	0.000000	0.000000	0.000000	0.000000	0.000000	0.000000	
0.000000	0.000000	0.706752	0.000000	0.000000	0.000179	0.707461	0.000000	
0.000957	0.706725	0.000545	0.000000	0.005742	0.001546	0.738644	0.000003	
0.000000	0.000000	0.000000	0.000000	0.710535	0.000000	0.000001	0.704099	
0.000000	0.000000	0.000000	0.706756	0.000000	0.707457	0.000000	0.000000	
0.000000	0.000000	0.000000	0.000000	0.000000	0.000000	1.000000	0.000000	
0.000054	0.710814	0.000001	0.000000	0.000000	0.000000	0.000000	0.704056	
0.000000	0.000000	1.000000	0.000000	0.000000	0.000000	0.000000	0.000000	
0.708172	0.000000	0.000000	0.000000	0.000000	0.706040	0.000000	0.000000	
0.708280	0.000003	0.000000	0.705941	0.000000	0.000000	0.000000	0.000000	
0.000000	0.000000	0.000000	1.000000	0.000000	0.000000	0.000000	0.000000	
0.000000	0.000000	0.000000	0.000000	1.000000	0.000000	0.000000	0.000000	
0.000000	0.000000	0.000000	0.000000	0.000000	0.000000	0.000000	1.000000	
0.000001	0.000000	0.000000	0.000000	0.706703	0.000000	0.707515	0.000002	
0.000101	0.000000	0.707176	0.000000	0.707038	0.000000	0.000000	0.000000	
0.709107	0.707233	0.000000	0.000046	0.000000	0.000002	0.000000	0.000000	
0.000000	0.000000	0.707117	0.707098	0.000000	0.000000	0.000000	0.000000	
0.000000	0.000000	0.706766	0.000000	0.000000	0.707448	0.000000	0.000000	
0.000000	0.000000	0.000000	0.707515	0.000000	0.000000	0.000000	0.708014	
0.707882	0.000020	0.000001	0.000000	0.000018	0.000000	0.706331	0.000000	
0.709304	0.000814	0.000000	0.000000	0.000000	0.000000	0.000000	0.707282	
0.000000	0.000011	0.000000	0.000000	0.006230	0.000000	0.713926	0.700194	
0.000001	0.707329	0.000000	0.000000	0.707121	0.000000	0.000027	0.000000	
0.711935	0.000001	0.000037	0.000000	0.708553	0.000000	0.000000	0.000000	
0.000000	0.708611	0.705599	0.000000	0.000000	0.000000	0.000000	0.000000	
0.000000	0.710177	0.000000	0.000000	0.000000	0.707522	0.000000	0.000027	
0.000000	0.000001	0.000000	0.000000	0.713953	0.000000	0.000000	0.700194	
0.000000	0.000000	0.706991	0.000000	0.000000	0.000000	0.000000	0.707227	
0.000000	0.000000	0.697866	0.000293	0.000001	0.716228	0.000000	0.000000	
0.000001	0.000000	0.000000	0.000000	0.708192	0.000000	0.706025	0.000053	
0.000000	0.000000	0.000000	0.000000	0.000000	0.000000	1.000000	0.000000	
0.000000	0.000000	0.000000	0.701825	0.000000	0.000000	0.000000	0.714844	
0.000000	0.000000	0.000000	0.000000	0.000000	0.707054	0.000000	0.707160	
0.708915	0.000000	0.705099	0.000000	0.000000	0.000000	0.000000	0.016581	
0.000000	0.000000	0.000000	1.000000	0.000000	0.000000	0.000000	0.000000	
0.708382	0.000010	0.000000	0.707529	0.000000	0.000000	0.000000	0.000000	
0.000000	0.000000	0.000000	0.000000	0.000000	0.000000	0.706997	0.707216	
0.000006	0.000106	0.744388	0.000000	0.744219	0.000000	0.000000	0.000000	
0.000001	0.707380	0.000000	0.000000	0.707173	0.000000	0.000027	0.000000	
0.708499	0.000000	0.000001	0.000000	0.000000	0.707865	0.000000	0.000000	
0.012719	0.000877	0.013600	0.706768	0.000000	0.000000	0.707238	0.000000	
0.000000	0.708611	0.705599	0.000000	0.000000	0.000000	0.000000	0.000000	
0.000000	0.000000	1.000293	0.000000	0.000000	0.000000	0.000000	0.000000	
0.000103	0.707380	0.000438	0.000001	0.000000	0.000006	0.707177	0.001676	
0.000148	0.842679	0.000520	0.007314	0.031930	0.000000	0.015072	0.537213	
0.704076	0.000007	0.000000	0.000003	0.000000	0.000001	0.000001	0.710125	
0.000000	0.000000	0.000000	0.000000	0.000000	0.000000	0.000000	1.000000	
0.000000	0.000000	0.000000	0.698484	0.001653	0.715625	0.000000	0.000386	
0.000000	0.000000	0.000000	0.000000	0.000000	1.000000	0.000000	0.000000	
0.997414	0.005854	0.000173	0.000133	0.000000	0.000024	0.000008	0.071634	
0.000000	0.000000	0.000000	0.000000	0.000000	0.707215	0.707002	0.000000	
0.000062	0.708336	0.000000	0.707084	0.000000	0.000000	0.000000	0.000000	
0.708155	0.029385	0.010292	0.005703	0.006859	0.000018	0.705318	0.000000	
0.000000	0.000000	0.000000	0.000000	1.000000	0.000000	0.000000	0.000000	
0.000000	0.710177	0.000000	0.000000	0.000000	0.707522	0.000000	0.000027	
0.700743	0.715515	0.000063	0.000046	0.000000	0.000002	0.000000	0.000000	
0.000000	0.000000	0.000000	0.706022	0.708191	0.000000	0.000000	0.000000	
0.000000	0.000000	0.707117	0.707098	0.000000	0.000000	0.000000	0.000000	
0.000117	0.000007	0.000003	0.000001	0.706749	0.707609	0.000000	0.000000	
0.707750	0.000024	0.000600	0.000000	0.707610	0.000000	0.000000	0.000000	
0.000000	1.004822	0.000000	0.000000	0.000000	0.000000	0.000000	0.000000	
0.000000	0.000000	0.706987	0.000000	0.000000	0.000000	0.707226	0.000000	
0.000000	0.709721	0.000000	0.000441	0.000789	0.722661	0.000000	0.000006	
0.000000	0.000000	0.000000	0.707014	0.000000	0.000000	0.707238	0.000000	
0.493341	0.013822	0.017051	0.029382	0.000821	0.506842	0.705961	0.000386	
0.000000	0.000000	0.000000	0.000000	0.000000	0.000000	0.000000	1.000057	
0.014579	0.983163	0.000010	0.000412	0.192885	0.000252	0.000008	0.071963	
0.000000	0.000000	0.709787	0.000000	0.000000	0.000180	0.705582	0.015841	
0.700376	0.716502	0.000064	0.000046	0.000000	0.000000	0.000000	0.000000	
0.000148	0.843241	0.000520	0.016915	0.002402	0.000000	0.007775	0.537213	
0.704130	0.044784	0.008173	0.008088	0.039485	0.707610	0.000000	0.000000	
0.000001	0.707184	0.000000	0.000000	0.707238	0.000000	0.013230	0.000000	
0.000000	0.000000	0.000000	0.000000	1.000000	0.000000	0.000000	0.000000	
0.000000	0.000000	0.000000	0.706022	0.708191	0.000000	0.000000	0.000000	
0.002864	0.054717	0.995155	0.081639	0.000000	0.000000	0.000000	0.000000	
0.046021	0.497047	0.000385	0.000013	0.500376	0.004664	0.738699	0.001445	
0.003174	0.000000	0.049236	0.000000	0.049825	0.997844	0.000000	0.012229	
0.000000	0.700117	0.714028	0.000000	0.000000	0.000000	0.000000	0.000000	
1.001951	0.000010	0.000000	0.000004	0.001141	0.006375	0.000001	0.026185	
0.000000	0.000000	0.000000	0.000000	0.000000	0.000000	1.000023	0.000000	
0.000000	0.000000	0.000000	0.000000	0.000000	0.000000	0.706997	0.707216	
0.000101	0.000000	0.706900	0.020628	0.707063	0.000000	0.000000	0.000000	
0.496674	0.000000	0.000000	0.000000	0.505276	0.707878	0.000000	0.000000	
0.000043	0.497172	0.000000	0.496293	0.000000	0.000000	0.000000	0.711804	
0.726362	0.049064	0.685563	0.001007	0.000000	0.000000	0.000000	0.000000	
0.000000	0.000000	0.718659	0.000000	0.000000	0.695363	0.000000	0.000000	
0.000000	0.000000	0.000000	0.706756	0.000000	0.707458	0.000000	0.000000	
0.000000	0.000000	0.707117	0.707098	0.000000	0.000000	0.000000	0.000000	
0.707253	0.000024	0.001426	0.000000	0.707115	0.000000	0.000000	0.000000	
0.000000	0.000000	0.000000	1.000012	0.000000	0.000000	0.000000	0.000000	
