0.000000	0.000000	0.000000	0.706948	0.000000	0.000000	0.707265	0.000000	
0.000000	0.000000	0.707248	0.000000	0.000000	0.000000	0.707007	0.000000	
0.000000	0.707117	0.000000	0.000000	0.707096	0.000000	0.000000	0.000000	
0.000000	0.707139	0.000000	0.707074	0.000000	0.000000	0.000000	0.000000	
0.000000	0.000000	0.707131	0.000000	0.000000	0.000000	0.000000	0.707082	
0.000000	0.000000	0.706212	0.000000	0.000000	0.708000	0.000000	0.000000	
0.000000	0.000000	0.000000	0.000000	1.000000	0.000000	0.000000	0.000000	
0.706718	0.707505	0.000000	0.000000	0.000000	0.000000	0.000000	0.000000	
0.000000	1.000282	0.000000	0.000000	0.000000	0.000000	0.000000	0.000000	
0.000002	0.706971	0.000000	0.000000	0.000001	0.000000	0.707242	0.000000	
0.000000	0.707131	0.000000	0.000000	0.000000	0.000000	0.000000	0.707082	
0.711121	0.000000	0.000000	0.705789	0.000000	0.000000	0.000000	0.000000	
0.000000	0.000000	0.000000	0.000001	0.707945	0.000000	0.707722	0.000000	
0.000000	0.000000	0.000000	0.000000	0.000000	0.000000	0.000000	1.000000	
0.706724	0.000000	0.000000	0.000000	0.000000	0.707490	0.000000	0.000000	
0.000000	0.000000	0.000000	0.000000	0.000000	0.706972	0.707241	0.000000	
0.000000	0.000000	0.000000	0.707117	0.707096	0.000000	0.000000	0.000000	
0.000056	0.708294	0.000001	0.000027	0.000000	0.705917	0.000000	0.000000	
0.707146	0.000000	0.707068	0.000000	0.000000	0.000000	0.000000	0.000000	
0.000000	0.000000	0.000000	0.000000	0.000000	0.000000	1.000000	0.000000	
0.706514	0.000000	0.000000	0.000000	0.707699	0.000000	0.000000	0.000000	
0.705928	0.000000	0.000000	0.000000	0.000000	0.000000	0.709360	0.000000	
0.000000	0.000000	0.000034	0.708151	0.000000	0.000000	0.000000	0.706065	
0.000000	0.000000	0.000000	1.000000	0.000000	0.000000	0.000000	0.000000	
0.000000	0.000000	0.000000	0.000000	0.000000	0.000000	0.707433	0.707541	
0.707171	0.000003	0.000744	0.000016	0.000000	0.000116	0.000000	0.707052	
1.000000	0.000000	0.000000	0.000000	0.000000	0.000000	0.000000	0.000000	
0.000000	0.000000	0.000000	0.000004	0.000000	0.707861	0.000000	0.707708	
0.000000	0.000000	1.000000	0.000000	0.000000	0.000000	0.000000	0.000000	
0.000000	0.000000	0.000000	0.000000	0.000000	1.000000	0.000000	0.000000	
0.000000	0.000000	0.000001	0.000000	0.707129	0.000000	0.000000	0.707085	
0.000064	0.707008	0.707206	0.000000	0.000000	0.000000	0.000000	0.000000	
0.000000	0.000000	0.707116	0.000000	0.707098	0.000000	0.000000	0.000000	
0.000000	0.000000	0.707541	0.706975	0.000000	0.000000	0.000000	0.000000	
0.000000	0.000000	0.000000	0.707125	0.000000	0.707088	0.000000	0.000000	
0.000000	0.000001	0.000000	0.000000	0.706480	0.707733	0.000000	0.000000	
0.027101	0.706294	0.024780	0.000000	0.000000	0.000000	0.707006	0.000000	
0.000056	0.705629	0.000024	0.000049	0.000000	0.708581	0.000000	0.000000	
0.000000	0.000000	0.000000	0.706287	0.707926	0.000000	0.000000	0.000041	
0.707168	0.000003	0.000744	0.000016	0.000000	0.000550	0.000000	0.707049	
0.000000	0.724982	0.000000	0.002660	0.690331	0.005989	0.000000	0.000000	
0.000000	0.000000	0.692883	0.000000	0.000000	0.000000	0.721050	0.000000	
0.000000	0.000000	0.706665	0.707548	0.000000	0.000000	0.000000	0.000000	
0.711668	0.000705	0.006431	0.003815	0.000000	0.702235	0.018410	0.000042	
0.002384	0.720941	0.033863	0.693462	0.000000	0.000000	0.000000	0.004876	
0.519309	0.499152	0.033559	0.692831	0.000000	0.000000	0.000000	0.004872	
0.000000	0.000000	0.000000	0.000000	0.705443	0.000001	0.709072	0.000000	
0.000000	0.000000	0.710969	0.001384	0.703243	0.000000	0.000000	0.000000	
0.000000	1.000000	0.000000	0.000000	0.000000	0.000000	0.000000	0.000000	
0.000000	0.000000	0.000000	0.000000	0.000000	1.000000	0.000000	0.000000	
0.040066	0.479402	0.467640	0.000000	0.000000	0.000032	0.000000	0.741751	
0.000000	0.000000	0.706965	0.000002	0.000000	0.708790	0.000000	0.000000	
0.705869	0.000000	0.000000	0.000000	0.007969	0.000000	0.709403	0.000000	
0.046462	0.000825	0.998376	0.032947	0.000000	0.000000	0.000000	0.000000	
0.000000	0.000000	0.000000	0.705641	0.000000	0.000000	0.709229	0.000000	
0.000105	0.000100	0.701526	0.000000	0.000000	0.000000	0.000000	0.712858	
0.005366	0.696057	0.717966	0.000000	0.000000	0.000555	0.000699	0.000000	
0.997865	0.002438	0.009017	0.005349	0.000000	0.000000	0.063478	0.010962	
0.640357	0.306059	0.704465	0.000000	0.000000	0.000137	0.000688	0.000000	
0.703185	0.006629	0.006355	0.003769	0.710851	0.000000	0.002206	0.010962	
0.706718	0.707505	0.000000	0.000000	0.000000	0.000000	0.000000	0.000000	
0.000000	0.000000	0.000000	0.000000	0.000000	0.707655	0.706652	0.000003	
0.000000	0.000000	0.000001	0.000000	0.707129	0.000000	0.000000	0.707085	
0.000000	0.000000	0.000000	0.707170	0.000000	0.707819	0.000000	0.000000	
0.000000	0.000000	0.000000	0.000000	1.000000	0.000000	0.000000	0.000000	
0.000001	0.001510	0.000000	0.000000	0.703808	0.710390	0.000000	0.000000	
0.000000	0.000000	0.000000	0.000000	0.000000	0.000000	0.000000	1.000000	
0.000000	0.000000	0.000000	0.000000	0.000000	0.000000	1.000000	0.000000	
0.000000	0.000001	0.000000	0.000009	0.000000	0.707861	0.000000	0.707708	
0.000000	0.000000	0.000000	1.000000	0.000000	0.000000	0.000000	0.000000	
0.000000	0.000000	0.000000	0.694576	0.000000	0.000013	0.000000	0.719431	
0.000000	0.000000	0.000000	0.000000	0.000000	0.000000	0.708444	0.705871	
0.697233	0.012379	0.716669	0.032963	0.000000	0.000000	0.000040	0.000000	
0.001964	0.056790	0.056840	0.734977	0.673312	0.000000	0.000000	0.000000	
0.532104	0.000000	0.000000	0.000000	0.000000	0.496937	0.686670	0.000000	
0.000000	0.000000	0.000000	0.000000	0.000000	0.000000	0.708852	0.706268	
0.242285	0.247329	0.000383	0.335303	0.001119	0.517983	0.000000	0.707418	
0.010738	0.000000	0.999970	0.000000	0.000000	0.000000	0.000000	0.000000	
0.000024	0.053145	0.000011	0.713515	0.005693	0.698598	0.000000	0.000000	
0.019133	0.697421	0.005421	0.115211	0.001641	0.000023	0.000000	0.707898	
0.726906	0.000000	0.000000	0.000084	0.691640	0.000000	0.000000	0.000000	
0.000000	0.000020	0.018648	0.000022	0.029893	0.999327	0.017229	0.000000	
0.997891	0.002438	0.009018	0.009789	0.000000	0.000000	0.063482	0.000025	
0.000204	0.015322	0.697224	0.099853	0.064249	0.000000	0.000000	0.706785	
0.000000	0.000000	0.000000	0.000000	0.715609	0.000000	0.000000	0.698501	
0.000002	0.000048	0.005282	0.000102	0.705317	0.000000	0.708966	0.000000	
0.711678	0.000705	0.000858	0.014422	0.000000	0.702351	0.006501	0.000042	
0.000000	0.000000	0.713244	0.000000	0.700916	0.000000	0.000000	0.000000	
0.514997	0.495007	0.079016	0.690520	0.083285	0.000000	0.000000	0.004873	
0.703626	0.704409	0.093440	0.000043	0.000000	0.000000	0.000000	0.000000	
0.000000	0.000000	0.000000	0.000000	0.000000	0.000000	0.000000	1.000000	
0.000000	0.000000	0.000000	0.708203	0.000000	0.000000	0.707302	0.000000	
0.000000	0.000000	0.706619	0.707502	0.000000	0.011401	0.000000	0.000000	
0.000001	0.000042	0.000001	0.998690	0.051166	0.000000	0.000000	0.000000	
0.000000	0.000000	0.000000	0.000000	0.000000	0.707702	0.706699	0.000000	
0.022053	0.752356	0.000000	0.000000	0.666856	0.000000	0.000000	0.000000	
0.000004	0.000000	0.000054	0.004895	0.999923	0.011401	0.000000	0.000000	
0.004317	0.000029	0.707147	0.000000	0.000000	0.000000	0.706919	0.014468	
0.487290	0.003322	0.500807	0.005832	0.000000	0.716037	0.000000	0.000000	
0.004342	0.720731	0.037529	0.693443	0.000000	0.004684	0.000000	0.004876	
