0.709650	0.704955	0.000121	0.000000	0.000000	0.000000	0.000000	0.000000	
0.000000	0.000000	0.707137	0.707079	0.000000	0.000000	0.000000	0.000000	
0.000000	0.706408	0.000000	0.000000	0.000000	0.000000	0.000000	0.707815	
0.000000	0.708611	0.705599	0.000000	0.000000	0.000000	0.000000	0.000000	
0.000000	0.000000	0.706766	0.000000	0.000000	0.707448	0.000000	0.000000	
0.000000	0.000022	0.000017	0.000001	0.000000	0.708671	0.705539	0.000000	
0.000007	0.000000	0.000000	0.707133	0.000000	0.000000	0.709104	0.000000	
0.000000	0.000000	0.000000	1.000000	0.000000	0.000000	0.000000	0.000000	
0.709148	0.000000	0.000000	0.000000	0.705063	0.000000	0.000000	0.000000	
0.710394	0.000139	0.000015	0.708065	0.000001	0.000000	0.000000	0.000000	
0.709241	0.000000	0.704967	0.000000	0.000000	0.000000	0.000000	0.000000	
0.000002	0.708045	0.000000	0.000000	0.000000	0.706879	0.000000	0.000000	
0.000030	0.000002	0.000001	0.000000	0.707179	0.000000	0.707038	0.000000	
0.708168	0.000000	0.000000	0.000000	0.000000	0.706044	0.000000	0.000000	
0.000000	0.000000	0.706987	0.000000	0.000000	0.000000	0.707226	0.000000	
0.000000	0.000000	0.000000	0.707030	0.707184	0.000000	0.000000	0.000000	
0.000000	0.000000	0.000000	0.707613	0.000000	0.706673	0.000000	0.000000	
0.000000	0.000000	1.000000	0.000000	0.000000	0.000000	0.000000	0.000000	
0.000000	0.000000	0.000000	0.000000	0.706972	0.707429	0.000000	0.000000	
0.709330	0.000802	0.000000	0.000001	0.000002	0.000000	0.704877	0.000000	
0.000000	0.000000	0.000000	0.000000	0.000000	0.000000	0.000000	1.000000	
0.000001	0.709962	0.000000	0.000000	0.709753	0.000000	0.000028	0.000000	
0.000149	0.000000	0.000000	0.000013	0.000148	0.000000	0.707001	0.707214	
0.000000	0.707343	0.000000	0.000000	0.000000	0.000000	0.706873	0.000000	
0.000000	1.000002	0.000000	0.000000	0.000000	0.000000	0.000000	0.000000	
0.000029	0.710168	0.000000	0.710061	0.000000	0.000000	0.000003	0.000000	
0.000000	0.000000	0.000000	0.000000	0.000000	0.707863	0.000000	0.706513	
0.000001	0.000000	0.707394	0.000000	0.708043	0.000000	0.000000	0.000000	
0.000000	0.000000	0.000000	0.000000	0.000000	0.000000	1.000000	0.000000	
0.705298	0.000000	0.000019	0.000000	0.000000	0.000000	0.000000	0.709930	
0.000000	0.000000	0.707152	0.000000	0.000000	0.000000	0.000000	0.707061	
0.000000	0.000000	0.000000	0.000000	1.000001	0.000000	0.000000	0.000000	
0.000055	0.000302	0.000009	0.708586	0.000000	0.000000	0.000002	0.708670	
1.003454	0.000000	0.000000	0.000000	0.000000	0.000000	0.000000	0.000000	
0.000000	0.000000	0.000000	0.000000	0.000000	1.000000	0.000000	0.000000	
0.000000	0.000000	0.000000	0.000000	0.707788	0.000000	0.000000	0.706425	
0.000000	0.000000	0.000000	0.000000	1.002757	0.000000	0.000000	0.000000	
0.712254	0.702254	0.000121	0.000000	0.000003	0.000000	0.000000	0.000000	
0.000000	0.000000	0.000000	0.000000	0.000000	0.000000	0.000000	1.000000	
0.707235	0.000000	0.000000	0.707329	0.000708	0.000000	0.000000	0.000000	
0.000000	0.000000	0.000000	0.000000	0.000000	0.722258	0.692627	0.013303	
0.000002	0.707689	0.000167	0.000000	0.000000	0.706525	0.000000	0.000000	
0.000000	0.000000	0.706990	0.000162	0.000000	0.000000	0.000000	0.707224	
0.000000	0.000000	0.000007	0.703774	0.000000	0.000866	0.710626	0.000000	
0.000000	0.000000	0.000000	0.000000	0.000000	0.000000	1.000001	0.000000	
0.722470	0.000000	0.000000	0.000000	0.000000	0.691538	0.000000	0.000000	
0.000000	0.000000	0.000000	0.000000	0.707036	0.000000	0.000000	0.707178	
0.004148	0.069861	0.452402	0.003615	0.076487	0.885866	0.000000	0.006210	
0.000000	0.000000	0.000000	0.000000	0.000000	1.000000	0.000000	0.000000	
0.000000	0.740208	0.028487	0.000000	0.001367	0.000010	0.000000	0.671932	
0.693611	0.000018	0.001612	0.014277	0.000291	0.000003	0.720380	0.000000	
0.000000	0.000000	0.000000	0.000000	0.707012	0.000000	0.707205	0.000000	
0.000000	0.000000	0.706987	0.000000	0.000000	0.000000	0.707226	0.000000	
0.000000	0.000000	0.000000	0.000000	0.000000	0.702444	0.000002	0.713084	
0.997414	0.005854	0.000173	0.000133	0.000000	0.000024	0.000008	0.071634	
0.000000	0.692648	0.006053	0.000000	0.000000	0.000000	0.721253	0.000000	
0.000001	0.709469	0.000000	0.000000	0.705493	0.000000	0.000028	0.000000	
0.000000	0.000000	0.000000	0.000000	0.703873	0.717306	0.000000	0.000000	
0.000000	0.000000	0.000000	0.711361	0.702827	0.000000	0.000000	0.000000	
0.039132	0.995726	0.000027	0.080822	0.021587	0.000000	0.000000	0.000000	
0.000000	0.000000	0.000000	0.700583	0.000000	0.713614	0.000000	0.000000	
0.000002	0.000000	0.707394	0.000000	0.708043	0.000000	0.000000	0.000000	
0.707627	0.001441	0.707260	0.000000	0.000000	0.000000	0.000000	0.000000	
0.000000	0.000000	0.000000	1.000004	0.000000	0.000000	0.000000	0.000000	
0.705257	0.000000	0.000018	0.000000	0.000000	0.000000	0.000000	0.709953	
0.000000	0.000000	0.987917	0.024028	0.000000	0.003661	0.153070	0.000139	
0.000055	0.000301	0.000009	0.706893	0.000000	0.000000	0.000045	0.707332	
0.000211	0.000000	0.000000	0.000002	0.000002	0.000001	0.706994	0.707220	
0.709637	0.000000	0.000000	0.000000	0.704574	0.000000	0.000000	0.000000	
0.000000	0.000000	0.707137	0.707079	0.000000	0.000000	0.000000	0.000000	
0.000291	0.719697	0.000000	0.719589	0.000000	0.000000	0.000000	0.000000	
0.000000	0.712460	0.701714	0.000000	0.000000	0.000000	0.001337	0.000000	
0.051949	0.000001	0.000007	0.000563	0.000022	0.000249	0.996078	0.071620	
0.726999	0.000000	0.000001	0.000000	0.687403	0.000000	0.000000	0.000000	
0.001544	0.019572	0.508413	0.503674	0.011823	0.000014	0.698074	0.000000	
0.035892	0.504708	0.501875	0.015098	0.011824	0.001983	0.701236	0.000000	
0.998532	0.086755	0.036178	0.017217	0.000000	0.000000	0.000010	0.000000	
0.000000	0.444078	0.012727	0.003603	0.000000	0.895872	0.010711	0.000000	
0.058382	0.983486	0.000000	0.000000	0.172124	0.000000	0.000028	0.000000	
0.000000	0.000000	0.000000	0.707305	0.000000	0.708006	0.000000	0.000000	
0.000001	0.709566	0.000000	0.000000	0.705589	0.000000	0.000028	0.000000	
0.693320	0.000056	0.001598	0.014271	0.000291	0.020110	0.720380	0.000000	
0.000029	0.707131	0.001241	0.707026	0.000133	0.000000	0.026895	0.000000	
0.003537	0.059578	0.385812	0.003334	0.065229	0.919011	0.000000	0.006213	
0.000000	0.000000	0.000000	0.000000	1.000001	0.000000	0.000000	0.000000	
0.000000	0.328565	0.012645	0.000022	0.000607	0.663782	0.000000	0.671932	
0.000000	0.000000	0.999992	0.000000	0.000000	0.000000	0.003961	0.000000	
0.707229	0.000000	0.000000	0.707323	0.000724	0.000000	0.000000	0.000000	
0.000000	0.000000	0.697904	0.000000	0.721563	0.000000	0.000000	0.000000	
0.000000	0.000000	0.706280	0.706222	0.049225	0.000000	0.000000	0.000000	
0.108874	0.696193	0.025277	0.000048	0.001305	0.047776	0.000000	0.707488	
0.000000	0.713466	0.702704	0.022478	0.000000	0.000000	0.000034	0.000000	
0.012004	0.000000	0.000034	0.704018	0.000295	0.000003	0.710259	0.000000	
0.000000	0.000000	0.000000	0.000000	0.000000	0.000000	0.000000	1.000000	
0.705369	0.000000	0.000018	0.000000	0.000000	0.000000	0.000000	0.710067	
0.007335	0.000414	0.000008	0.000000	0.717545	0.000044	0.694772	0.048698	
0.693172	0.000000	0.720772	0.000000	0.000000	0.000000	0.000000	0.000000	
0.000000	0.000000	0.000000	0.000000	0.000000	1.000000	0.000000	0.000000	
0.000000	0.000000	0.000000	0.000000	0.706784	0.707466	0.000000	0.000000	
0.000000	0.000000	0.000000	0.000000	0.000000	0.708877	0.705745	0.000000	
