0.008078	0.000027	0.000002	0.000000	0.000004	0.751451	0.000033	0.736373	
0.000010	0.000624	0.823782	0.000487	0.000012	0.001269	0.774327	0.000485	
0.720217	0.000010	0.723007	0.000102	0.001273	0.000017	0.000075	0.000087	
0.000503	0.730027	0.000032	0.000065	0.727315	0.000003	0.000073	0.000004	
0.718362	0.001408	0.000133	0.000036	0.721523	0.001079	0.000057	0.000007	
0.730190	0.729753	0.000097	0.003569	0.001277	0.000017	0.000132	0.003765	
0.000009	0.000574	0.757850	0.000444	0.000011	0.000051	0.000086	0.736620	
0.725489	0.000009	0.000088	0.000105	0.000970	0.000040	0.709749	0.000213	
0.006957	0.732254	0.000153	0.000097	0.002764	0.007849	0.000957	0.732952	
0.000000	0.000001	0.000017	0.000001	1.033456	0.000018	0.000075	0.000065	
0.000000	0.001907	0.722050	0.706176	0.000270	0.000214	0.000005	0.000064	
0.000009	0.000118	0.000005	1.028468	0.000000	0.000003	0.000023	0.000028	
0.000041	0.000584	0.000000	0.744766	0.000151	0.000019	0.000034	0.729041	
0.724138	0.000210	0.000134	0.000018	0.000089	0.719514	0.000057	0.000019	
0.000001	0.000070	1.077140	0.000045	0.000015	0.000068	0.000001	0.000161	
0.003132	0.000001	0.770243	0.000039	0.000201	0.749638	0.000060	0.000068	
1.030275	0.000005	0.000103	0.000122	0.000005	0.000012	0.000034	0.000027	
0.000143	0.000001	0.000000	0.000002	0.727023	0.000215	0.000111	0.707104	
0.000001	0.000030	0.000288	0.717680	0.000264	0.000033	0.708754	0.000070	
0.002412	0.718270	0.000297	0.000118	0.003989	0.001129	0.722533	0.000067	
0.000000	0.000000	0.000000	0.000000	0.000000	0.000000	1.006576	0.000000	
0.000019	0.000003	0.000548	0.000139	0.717883	0.000029	0.699605	0.000016	
0.000100	0.717247	0.710794	0.000225	0.001310	0.000019	0.000072	0.000046	
0.002245	0.710748	0.000232	0.759772	0.000069	0.000458	0.000099	0.000183	
0.000000	0.000007	0.000000	0.000000	0.000000	1.009059	0.000002	0.000007	
0.730766	0.000390	0.000136	0.000082	0.000438	0.000034	0.000927	0.731444	
0.719479	0.002635	0.000314	0.712435	0.000758	0.000026	0.001233	0.000078	
0.000000	0.000000	0.000000	0.000000	0.000000	0.000000	0.000000	1.011828	
0.000035	0.000000	0.000032	0.709251	0.709450	0.000048	0.000075	0.000067	
0.000375	0.000004	0.003590	0.000014	0.000130	0.712624	0.713587	0.000038	
0.000000	0.000002	0.000674	0.709033	0.000136	0.712922	0.000115	0.000186	
0.000007	0.002114	0.000116	0.002161	0.715476	0.711254	0.000002	0.000177	
0.000015	0.000466	0.731052	0.000422	0.723047	0.000002	0.000073	0.000018	
0.000789	0.000007	0.000024	0.000105	0.000001	0.000083	0.721676	0.722281	
0.001070	1.003744	0.000217	0.000109	0.000099	0.000005	0.000004	0.000107	
0.005738	0.728267	0.000323	0.000120	0.000018	0.728109	0.000120	0.000015	
0.023073	0.712038	0.000071	0.000085	0.722006	0.000012	0.000034	0.000012	
0.000009	0.000117	0.000005	1.021586	0.000000	0.000043	0.000022	0.000028	
0.000000	0.000000	0.000000	0.000000	0.000000	0.000000	0.000000	1.010996	
0.721345	0.000010	0.724138	0.000102	0.001275	0.000017	0.000004	0.000066	
0.002274	0.716108	0.000400	0.718062	0.000997	0.000003	0.000002	0.000178	
0.000702	0.000735	0.000060	0.000007	0.716045	0.705346	0.000019	0.000198	
0.002871	0.740599	0.000154	0.000097	0.005042	0.000293	0.000055	0.725659	
0.000014	0.000000	0.000785	0.000105	0.000001	0.000083	0.718293	0.715991	
0.000301	0.000275	0.726781	0.000421	0.000128	0.000036	0.703447	0.000059	
0.000001	0.000386	0.000414	0.720008	0.000094	0.003938	0.000166	0.705370	
0.731542	0.006398	0.000252	0.000691	0.007255	0.000222	0.000983	0.711563	
0.713066	0.001396	0.000082	0.000111	0.724350	0.000073	0.000049	0.000472	
0.725909	0.000009	0.000088	0.000106	0.000962	0.000061	0.710093	0.000213	
0.000010	0.000592	0.782203	0.000033	0.000011	0.000052	0.000089	0.760290	
0.709275	0.713680	0.000035	0.003809	0.000099	0.000008	0.000004	0.000069	
0.731601	0.000212	0.000135	0.000037	0.000071	0.711923	0.000057	0.000019	
0.000000	0.000001	0.000000	0.000005	0.000000	0.723813	0.000008	0.720776	
0.004229	0.718261	0.000297	0.000118	0.003989	0.001129	0.722533	0.000067	
0.719864	0.002637	0.000328	0.712815	0.002516	0.000026	0.000133	0.000078	
0.000036	0.000000	0.000031	0.709361	0.709560	0.000048	0.000075	0.000067	
0.000000	0.000000	0.000000	0.000000	0.000000	0.000000	1.007249	0.000000	
0.000000	0.000007	0.000000	0.000000	0.000000	1.010015	0.000002	0.000007	
0.006038	0.000002	0.726261	0.000037	0.000190	0.706751	0.000057	0.000064	
0.000010	0.000639	1.075512	0.000045	0.000015	0.000068	0.000001	0.000161	
0.000000	0.000030	0.000289	0.719736	0.000264	0.000384	0.710785	0.000068	
0.002434	0.759864	0.000337	0.000074	0.005148	0.726742	0.000248	0.000012	
0.000000	0.000011	0.000073	0.715177	0.000142	0.703210	0.000110	0.000066	
0.000046	0.000008	0.000542	0.000129	0.709461	0.000002	0.707844	0.000017	
0.001074	1.007686	0.000227	0.000166	0.000099	0.000005	0.000002	0.000001	
0.000006	0.000000	0.000146	0.003591	0.000451	0.713415	0.714379	0.000038	
0.000000	0.001894	0.716888	0.706922	0.000269	0.000214	0.000005	0.000064	
0.000142	0.000001	0.000004	0.000002	0.724860	0.000215	0.000974	0.705001	
0.000000	0.000169	0.741833	0.000066	0.733728	0.000002	0.000074	0.000018	
1.029781	0.000005	0.000190	0.000165	0.000586	0.000012	0.000035	0.000068	
0.000000	0.000017	0.000000	0.000000	1.033152	0.000018	0.000075	0.000078	
0.000787	0.738118	0.685194	0.000165	0.023202	0.000006	0.000075	0.000069	
0.000373	0.000004	0.003576	0.000014	0.000452	0.714931	0.715896	0.000038	
0.728831	0.002806	0.000320	0.710873	0.000763	0.000072	0.000042	0.000079	
0.000000	0.000030	0.000288	0.717672	0.000264	0.000383	0.712722	0.000035	
0.000011	0.000012	0.001022	0.000001	0.719484	0.708733	0.000019	0.000199	
0.013601	0.710182	0.061660	0.024027	0.724676	0.000034	0.000049	0.000490	
0.000000	0.000000	0.000000	0.000000	0.000000	0.000000	1.006576	0.000000	
0.032951	0.000537	0.029862	0.662706	0.762535	0.000042	0.000055	0.000068	
0.000766	0.000008	0.000000	0.000000	0.000000	0.743696	0.000943	0.744386	
0.002269	0.718315	0.000293	0.723832	0.000096	0.000449	0.000097	0.000179	
0.000092	0.000000	0.000003	0.000002	0.537078	0.507759	0.000984	0.692808	
0.000000	0.000059	0.000000	0.000001	1.030701	0.000017	0.000075	0.000078	
0.721784	0.040539	0.000134	0.011618	0.000070	0.727383	0.000057	0.000019	
1.029875	0.000005	0.000103	0.000122	0.000587	0.000012	0.000035	0.000068	
0.718651	0.075195	0.725373	0.000007	0.001278	0.000017	0.000004	0.000066	
0.000575	0.000052	0.000000	0.735588	0.000150	0.004023	0.000163	0.720067	
0.058490	0.999236	0.000185	0.207666	0.000582	0.000010	0.002430	0.000067	
0.000000	0.000005	0.010166	1.007806	0.000176	0.000006	0.009358	0.000069	
0.000000	0.000000	0.000000	0.000000	0.000000	0.000000	0.000000	1.018615	
0.002297	0.759198	0.000314	0.000124	0.004216	0.001194	0.677904	0.000067	
0.000153	0.019483	0.697293	0.000115	0.000017	0.749048	0.000010	0.000015	
0.000000	0.000007	0.000000	0.000000	0.000000	1.046630	0.057683	0.022255	
0.753718	0.000402	0.000140	0.000031	0.000452	0.000035	0.000956	0.711918	
0.727305	0.000009	0.000077	0.000106	0.000973	0.000040	0.711525	0.000213	
0.002413	0.768482	0.000341	0.000075	0.005207	0.734984	0.000244	0.000012	
0.000000	0.000297	0.696837	0.720664	0.000175	0.000006	0.001574	0.000077	
0.001526	0.729858	0.723151	0.000038	0.001332	0.000020	0.000077	0.000047	
0.000001	0.000012	0.000074	0.726409	0.000001	0.714254	0.000112	0.000030	
0.719234	0.009970	0.000067	0.002487	0.743203	0.000017	0.000132	0.003772	
