0.707146	0.000000	0.707068	0.000000	0.000000	0.000000	0.000000	0.000000	
0.000000	0.000000	0.706716	0.707498	0.000000	0.000000	0.000000	0.000001	
0.000000	0.000000	0.000000	0.000000	0.000000	0.706901	0.707313	0.000000	
0.000000	0.000000	0.000000	1.000000	0.000000	0.000000	0.000000	0.000000	
0.706343	0.000001	0.000000	0.000000	0.000000	0.707870	0.000000	0.000000	
0.000000	0.000000	0.000000	0.706900	0.000000	0.000000	0.707313	0.000000	
0.000000	1.000000	0.000000	0.000000	0.000000	0.000000	0.000000	0.000000	
0.000000	0.000000	0.707087	0.000000	0.000000	0.707126	0.000000	0.000000	
0.707132	0.000000	0.000000	0.000000	0.000000	0.000000	0.000000	0.707082	
0.000000	0.000000	0.000000	0.000000	0.000000	1.000000	0.000000	0.000000	
0.707427	0.706786	0.000000	0.000000	0.000000	0.000000	0.000000	0.000000	
0.707101	0.000000	0.000000	0.000000	0.000000	0.000000	0.707113	0.000000	
1.000000	0.000000	0.000000	0.000000	0.000000	0.000000	0.000000	0.000000	
0.000000	0.705706	0.000000	0.000000	0.000000	0.708505	0.000000	0.000000	
0.000000	0.000000	0.000000	0.000000	0.707095	0.707118	0.000000	0.000000	
0.000000	0.000000	0.707112	0.000000	0.707102	0.000000	0.000000	0.000000	
0.000000	0.000000	0.707039	0.000000	0.000001	0.000000	0.000000	0.707174	
0.000000	0.000000	1.000000	0.000000	0.000000	0.000000	0.000000	0.000000	
0.000000	0.000000	0.000000	0.706930	0.707596	0.000000	0.000000	0.000000	
0.000000	0.000000	0.000000	0.000000	1.000000	0.000000	0.000000	0.000000	
0.000000	0.000000	0.000000	0.707130	0.000000	0.707085	0.000000	0.000000	
0.000000	0.000000	0.000000	0.000000	0.707582	0.000000	0.706631	0.000000	
0.000000	0.000000	0.000000	0.707041	0.000000	0.000000	0.000000	0.707173	
0.000000	0.707123	0.000000	0.000000	0.000000	0.000000	0.000000	0.707090	
0.000000	0.000000	0.000000	0.000000	0.707128	0.000000	0.000000	0.707086	
0.000013	0.706519	0.000000	0.000000	0.000000	0.000000	0.707694	0.000000	
0.000000	0.000000	0.706934	0.000000	0.000000	0.000000	0.707279	0.000000	
0.000000	0.000000	0.000000	0.000000	0.000000	0.000000	0.707123	0.707090	
0.707106	0.000000	0.000000	0.707108	0.000000	0.000000	0.000000	0.000000	
0.707103	0.000000	0.000000	0.000000	0.707111	0.000000	0.000000	0.000000	
0.000000	0.707107	0.000000	0.707107	0.000000	0.000000	0.000000	0.000000	
0.000000	0.707151	0.707062	0.000000	0.000000	0.000000	0.000000	0.000000	
0.000000	0.000000	0.000000	0.000000	0.000000	0.707111	0.000000	0.707102	
0.000000	0.000000	0.000000	0.000000	0.000000	0.000000	0.000000	1.000003	
0.000000	0.706832	0.000000	0.000000	0.707382	0.000000	0.000000	0.000000	
0.000000	0.000000	0.000000	0.000000	0.000000	0.000000	1.000000	0.000000	
0.000000	0.000000	0.000000	0.000000	0.707128	0.000000	0.000000	0.707086	
0.000000	0.000000	0.000000	0.000000	0.000000	0.707128	0.000000	0.707085	
0.031637	0.718474	0.000000	0.000000	0.690376	0.077819	0.011199	0.000000	
0.000000	0.000000	0.704873	0.003887	0.026246	0.041526	0.043902	0.709658	
0.030266	0.991169	0.135436	0.001132	0.000373	0.048366	0.064736	0.098850	
0.000000	0.000000	0.000000	0.707400	0.000000	0.000000	0.000000	0.706814	
0.000000	0.000000	0.000000	0.719160	0.000000	0.000000	0.704968	0.000000	
0.000000	0.000000	0.000000	0.000000	0.000000	1.000005	0.000000	0.000000	
0.700503	0.075430	0.009991	0.000000	0.705212	0.077819	0.011199	0.000000	
0.015853	0.510226	0.000000	0.000001	0.488844	0.000000	0.000000	0.707425	
0.706343	0.000001	0.000000	0.000000	0.000000	0.707870	0.000000	0.000000	
0.669643	0.700244	0.004993	0.000712	0.247407	0.000000	0.000509	0.000000	
0.706789	0.000000	0.000000	0.000001	0.000000	0.000000	0.000000	0.707425	
0.000000	0.705706	0.000000	0.000000	0.000000	0.708505	0.000000	0.000000	
0.000000	0.000000	0.000000	0.707162	0.000000	0.707118	0.000000	0.000000	
0.000000	0.000000	0.000000	0.000000	0.000000	0.000000	0.707123	0.707090	
0.006850	0.699911	0.000000	0.714197	0.000000	0.000000	0.000000	0.000000	
0.632608	0.000001	0.772959	0.001202	0.000000	0.048252	0.003278	0.000000	
0.000063	0.009379	0.671661	0.741016	0.005782	0.000000	0.005318	0.000444	
0.000000	0.000000	0.000000	0.000000	0.706896	0.000000	0.707317	0.000000	
0.011840	0.659482	0.750671	0.027860	0.000000	0.025712	0.000000	0.000000	
0.000000	0.000000	0.000000	0.000000	0.000000	0.000000	0.000000	1.000000	
0.000000	0.000000	0.000000	0.000000	1.000000	0.000000	0.000000	0.000000	
0.000000	0.000000	0.995529	0.092130	0.000001	0.000000	0.018968	0.008665	
0.000067	0.010062	0.720529	0.007083	0.004166	0.000000	0.693969	0.000000	
0.714833	0.012753	0.000000	0.705253	0.002643	0.000032	0.000000	0.009930	
0.997237	0.001743	0.016005	0.000000	0.015950	0.013223	0.069509	0.000000	
0.000000	0.000000	0.000000	0.000000	0.000000	0.714506	0.700091	0.000000	
0.000000	0.000000	0.704807	0.000000	0.000000	0.709399	0.000000	0.000000	
0.000000	0.000000	0.000000	1.000000	0.000000	0.000000	0.000000	0.000000	
0.001193	0.720846	0.018966	0.000000	0.000000	0.000000	0.694403	0.000000	
0.000000	0.000000	0.000000	0.707104	0.707109	0.000000	0.000000	0.000000	
0.000000	0.000000	0.707112	0.000000	0.707102	0.000000	0.000000	0.000000	
0.698696	0.000614	0.000335	0.000000	0.000000	0.000000	0.715568	0.000000	
0.000000	0.000000	0.000000	0.000000	0.000000	0.000000	1.000000	0.000000	
0.000000	0.000000	0.000000	0.000000	0.707095	0.707118	0.000000	0.000000	
0.717776	0.012805	0.000000	0.702256	0.002643	0.000031	0.000000	0.009989	
0.013287	0.001700	0.611062	0.017291	0.352157	0.000000	0.046198	0.707090	
0.705336	0.025967	0.000000	0.000001	0.040882	0.000000	0.000000	0.707633	
0.000363	0.000013	0.000013	0.068376	0.997660	0.000000	0.000000	0.000000	
0.004292	0.706091	0.000000	0.708700	0.000000	0.000000	0.000000	0.002960	
0.708427	0.042164	0.018752	0.000938	0.000000	0.125429	0.695529	0.000000	
0.405272	0.077713	0.495428	0.004347	0.790799	0.012603	0.003344	0.000000	
0.000000	0.000000	0.000000	0.000000	0.000000	0.698198	0.000000	0.715904	
0.000000	0.000000	0.021000	0.000437	0.704494	0.709399	0.000000	0.000000	
0.663297	0.693608	0.004946	0.000705	0.247699	0.158041	0.000511	0.000000	
0.000000	0.000000	0.000000	0.000000	0.000000	0.707051	0.707463	0.000000	
0.707574	0.000001	0.000000	0.000000	0.000000	0.709104	0.000000	0.000000	
0.000063	0.009382	0.671883	0.741260	0.000103	0.000000	0.005320	0.000463	
0.014811	0.000793	0.999989	0.000000	0.000000	0.000000	0.000000	0.000000	
0.022439	0.722200	0.000000	0.000001	0.691936	0.000000	0.000000	0.001895	
0.429297	0.007714	0.020456	0.424025	0.802471	0.000032	0.000000	0.010370	
0.000000	0.000000	0.000000	0.000000	0.706896	0.000000	0.707317	0.000000	
0.000000	0.000000	0.000000	0.000000	0.000000	1.000000	0.000000	0.000000	
0.000000	0.000000	0.000000	0.678950	0.000000	0.734249	0.000000	0.000000	
0.000340	0.008760	0.007720	0.700148	0.000000	0.000000	0.021031	0.713593	
0.025338	0.965065	0.076415	0.247011	0.002584	0.000000	0.032755	0.008665	
0.012364	0.688655	0.003639	0.019203	0.000000	0.729539	0.000000	0.000000	
0.000000	0.706100	0.000000	0.000000	0.000000	0.000000	0.000000	0.708112	
0.000286	0.005015	0.000059	0.000667	0.508398	0.000000	0.508726	0.696940	
0.000000	0.000000	0.000000	0.000000	0.000000	0.000000	1.000000	0.000000	
0.000000	0.000000	0.000000	0.000000	0.000000	0.000000	0.000000	1.000000	
0.000000	0.004313	0.703041	0.000001	0.061123	0.708505	0.000000	0.000000	
0.000000	0.000000	0.000000	0.706870	0.000000	0.000000	0.707284	0.009177	
