0.000012	0.005372	0.145558	0.343530	0.005809	
0.000139	0.366111	0.000136	0.133466	0.000428	
0.103458	0.159614	0.265742	0.004168	0.000931	
0.370513	0.001288	0.124797	0.000229	0.003454	
0.500280	0.000000	0.000000	0.000000	0.000000	
0.081724	0.028457	0.038540	0.336310	0.015250	
0.000000	0.449775	0.049765	0.000741	0.000000	
0.042455	0.040759	0.086456	0.365036	0.001778	
0.244245	0.002998	0.119347	0.006575	0.127080	
0.144790	0.001957	0.000992	0.348157	0.004400	
0.000243	0.006426	0.123711	0.002302	0.367563	
0.000000	0.500281	0.000000	0.000000	0.000000	
0.096127	0.138704	0.170848	0.023467	0.071135	
0.118927	4.701551	0.170567	0.289130	0.000000	
0.156222	0.161487	0.155027	0.027346	0.000200	
0.011256	0.017964	0.001145	0.469006	0.000873	
0.000000	0.000000	0.000000	0.000000	0.500245	
0.000004	0.479188	0.004403	0.000149	0.016537	
0.140140	0.003453	0.103664	0.003458	0.249563	
0.000282	0.185924	0.001258	0.312816	0.000000	
0.026685	0.003082	0.000007	0.457121	0.013387	
0.373845	0.000000	0.000001	0.000000	0.126435	
0.117516	0.000669	0.005362	0.005467	0.371231	
0.000000	0.000000	0.500247	0.000000	0.000000	
0.000000	0.000000	0.000000	0.381646	0.118649	
0.000000	0.000000	0.249212	0.000098	0.250935	
0.011132	0.440360	0.007371	0.038386	0.002995	
0.000000	0.378891	0.000000	0.001264	0.120125	
0.028201	0.429208	0.033806	0.005701	0.003379	
0.126841	0.373388	0.000000	0.000043	0.000007	
0.246990	0.002646	0.000206	0.000212	0.250191	
0.000629	0.001041	0.369525	0.006134	0.122916	
0.000000	0.000000	0.000000	0.500246	0.000000	
0.023815	0.412578	0.022696	0.016807	0.024385	
0.000000	0.369034	0.129083	0.001922	0.000241	
0.041645	0.076096	0.000796	0.381751	0.000005	
0.037713	0.456013	0.004536	0.001931	0.000087	
0.103168	0.164656	0.227643	0.003905	0.000873	
0.065570	0.117217	0.001235	0.316254	0.000005	
0.000768	0.247663	0.119310	0.000029	0.132511	
0.070896	0.067538	0.018403	0.341784	0.001658	
0.000137	0.361970	0.000136	0.131957	0.006080	
0.000000	0.370298	0.129526	0.000370	0.000086	
0.367717	0.001278	0.125405	0.002428	0.003454	
0.371727	0.002191	0.000308	0.000318	0.125701	
0.000445	0.006962	0.124765	0.000510	0.367563	
0.080912	0.149949	0.139142	0.001341	0.128900	
0.160725	0.165282	0.174084	0.000108	0.000082	
0.000074	0.000107	0.375734	0.000617	0.123714	
0.127082	0.259801	0.000435	0.112978	0.000000	
0.200120	0.185503	0.000193	0.114224	0.000256	
0.022555	0.422006	0.023121	0.000259	0.032304	
0.082842	0.132216	0.042920	0.000999	0.241275	
0.021288	0.396358	0.005054	0.077340	0.000256	
0.003504	0.002044	0.149985	0.338940	0.005809	
0.014069	0.024643	0.000083	0.452513	0.008938	
0.003561	0.373335	0.000000	0.000143	0.123241	
0.052891	0.094551	0.000996	0.351439	0.000418	
0.000004	0.494513	0.004570	0.001108	0.000086	
0.142105	0.003067	0.102085	0.003458	0.249563	
0.131182	0.140436	0.103235	0.000391	0.125003	
0.127350	4.685626	0.178069	0.289130	0.000000	
0.238773	0.010928	0.002277	0.000274	0.248026	
0.000000	0.449763	0.049764	0.000753	0.000000	
0.000000	0.000000	0.000000	4.990520	0.042841	
0.000032	0.000054	0.000003	0.375154	0.125003	
0.000045	0.196318	0.000450	0.049815	0.253654	
0.006512	0.257602	0.201525	0.027313	0.007292	
0.004531	0.136948	0.109816	0.106256	0.142730	
0.003853	0.475195	0.008198	0.012254	0.000745	
0.198712	0.080430	0.098331	0.120315	0.002506	
0.011852	0.250819	0.116319	0.120798	0.000506	
0.000000	0.000000	0.000000	0.500282	0.000000	
0.070503	0.067439	0.018338	0.340566	0.003435	
0.000025	0.000042	0.015957	0.360509	0.123714	
0.139999	0.228945	0.129052	0.001804	0.000443	
0.002384	0.294026	0.005491	0.011376	0.186970	
0.168608	0.000724	0.119648	0.138244	0.073071	
0.265740	0.106337	0.002142	0.003339	0.122736	
0.008249	0.022223	0.000007	0.467938	0.001862	
0.000472	0.006935	0.124765	0.000510	0.367563	
0.000269	0.000288	0.250467	0.124834	0.124441	
0.066217	0.121121	0.001266	0.314813	0.000005	
0.143722	0.001250	0.101944	0.003800	0.249563	
0.112487	0.042880	0.135217	0.090984	0.118729	
0.052933	0.094627	0.000997	0.351721	0.000003	
0.139206	0.246807	0.000000	0.114282	0.000000	
0.006336	0.118539	0.006495	0.004809	0.364067	
0.112737	0.105369	0.022409	0.124530	0.135201	
0.111177	0.177439	0.203858	0.000400	0.007371	
0.010045	0.005822	0.362277	0.116387	0.005765	
0.366738	0.124760	0.001120	0.007581	0.000081	
0.000037	0.000029	0.155307	0.338590	0.006318	
0.130909	0.000950	0.031975	0.086292	0.250125	
0.012766	0.429867	0.016609	0.038119	0.002883	
0.023048	0.431458	0.036708	0.005701	0.003379	
0.138813	0.235142	0.000308	0.000318	0.125713	
0.132892	0.036927	0.075521	0.002513	0.252399	
0.218853	0.001247	0.156204	0.121543	0.002398	
0.081589	0.129938	0.042215	0.000982	0.245526	
