0.308557	0.000052	0.091535	0.000001	0.102286	
0.000000	0.000000	0.000000	0.000000	0.503665	
0.092088	0.005389	0.320245	0.088061	0.000319	
0.005205	0.105093	0.212229	0.091583	0.092842	
0.096606	0.360508	0.034804	0.007050	0.005350	
0.085262	0.014110	0.000506	0.314301	0.088461	
0.282042	0.004381	0.017421	0.108672	0.092485	
0.112335	0.075216	0.081358	0.142631	0.093567	
0.389934	0.000281	0.098334	0.001953	0.011962	
0.185397	0.010850	0.225141	0.083196	0.001467	
0.000314	0.003421	0.397989	0.094197	0.006517	
0.003647	0.129643	0.004063	0.097119	0.269177	
0.122513	0.190330	0.099520	0.085657	0.006976	
0.067370	0.047529	0.112854	0.133541	0.151526	
0.002391	0.160848	0.243076	0.096292	0.001978	
0.117903	0.087518	0.195485	0.001096	0.101362	
0.003523	0.121937	0.121761	0.139869	0.115844	
0.000100	0.001142	0.100271	0.201458	0.199217	
0.301153	0.004477	0.196912	0.000136	0.000119	
0.014160	0.182797	0.105915	0.105154	0.096427	
0.003324	0.382790	0.099838	0.005262	0.011980	
0.502278	0.000000	0.000004	0.000000	0.000001	
0.106616	0.085624	0.302267	0.000834	0.006967	
0.113069	0.196532	0.001971	0.189771	0.000426	
0.203537	0.054251	0.002448	0.154734	0.087340	
0.000010	0.002607	0.091246	0.310325	0.098512	
0.094791	0.000551	0.404901	0.002525	0.002807	
0.162389	0.117859	0.121077	0.006776	0.095604	
0.001411	0.001174	0.005436	0.198777	0.299266	
0.089840	0.002197	0.289637	0.008742	0.111799	
0.001628	0.167277	0.002215	0.325363	0.007601	
0.306910	0.096042	0.000121	0.095625	0.003492	
0.070909	0.052635	0.103507	0.170683	0.104804	
0.094659	0.294499	0.030859	0.081082	0.001967	
0.393807	0.104771	0.000022	0.000145	0.003450	
0.063391	0.018013	0.086426	0.069958	0.265213	
0.095033	0.144966	0.005853	0.057578	0.199055	
0.004162	0.000171	0.299395	0.000749	0.200995	
0.190188	0.003055	0.002762	0.107617	0.202848	
0.189095	0.058907	0.116293	0.088565	0.049395	
0.000091	0.023502	0.279752	0.180552	0.020026	
0.101122	0.013273	0.006642	0.001155	0.380385	
0.016016	0.111818	0.274200	0.012981	0.088543	
0.016798	0.198845	0.002426	0.001012	0.282949	
0.239014	0.001965	0.095997	0.074342	0.094648	
0.012390	0.003980	0.007297	0.094300	0.384524	
0.000082	0.405258	0.000310	0.100207	0.000071	
0.080188	0.016096	0.082563	0.320226	0.006833	
0.000033	0.003793	0.093090	0.405480	0.002279	
0.070171	0.271609	0.152318	0.008343	0.001557	
0.001438	0.017019	0.196324	0.004287	0.282932	
0.187126	0.003754	0.192619	0.006524	0.112270	
0.199618	0.006841	0.001636	0.000972	0.293437	
0.307361	0.081650	0.000395	0.000810	0.114236	
0.010222	0.079633	0.089606	0.321325	0.005993	
0.013130	0.269381	0.095806	0.000040	0.123926	
0.193774	0.056495	0.019590	0.131886	0.100056	
0.005176	0.053663	0.220162	0.153257	0.072488	
0.014904	0.115415	0.273943	0.095805	0.002828	
0.314267	0.005515	0.005191	0.177204	0.000334	
0.000017	0.000000	0.000009	0.504152	0.000004	
0.297021	0.081105	0.099145	0.023314	0.006568	
0.000030	0.001769	0.302406	0.105063	0.098007	
0.002506	0.298212	0.006431	0.197347	0.000495	
0.200737	0.007427	0.076680	0.213017	0.004678	
0.178508	0.002469	0.004044	0.309236	0.011162	
0.126221	0.092739	0.008364	0.003431	0.273786	
0.002843	0.097241	0.001431	0.201459	0.199218	
0.092778	0.003130	0.005801	0.203795	0.200982	
0.303685	0.011483	0.100260	0.082755	0.007007	
0.000745	0.001137	0.000934	0.399689	0.100341	
0.108461	0.031822	0.027057	0.070128	0.264858	
0.231969	0.173405	0.000130	0.001093	0.096110	
0.196773	0.131754	0.000087	0.167615	0.008865	
0.170569	0.132384	0.203487	0.001958	0.000072	
0.001658	0.193406	0.119553	0.002341	0.201687	
0.000889	0.100231	0.000230	0.302716	0.099805	
0.001133	0.311184	0.208044	0.000045	0.000235	
0.404306	0.003118	0.000130	0.001099	0.093988	
0.003724	0.197600	0.301235	0.000052	0.001991	
0.013391	0.009570	0.021851	0.265205	0.193386	
0.199639	0.002397	0.302300	0.000052	0.000477	
0.000009	0.302207	0.000769	0.000106	0.202554	
0.009432	0.293800	0.024216	0.076688	0.098396	
0.001146	0.000002	0.405842	0.001097	0.093858	
0.098007	0.083169	0.115259	0.003191	0.203125	
0.306863	0.002285	0.000293	0.000008	0.192831	
0.000854	0.099568	0.001610	0.400358	0.002279	
0.106756	0.000698	0.113835	0.000034	0.281495	
0.103492	0.070027	0.002475	0.321900	0.006602	
0.004854	0.192727	0.105765	0.180552	0.020026	
0.089433	0.280478	0.028956	0.003240	0.100146	
0.191180	0.005609	0.093705	0.000610	0.213435	
0.002892	0.101685	0.100241	0.010992	0.287433	
0.035677	0.057063	0.014847	0.003457	0.391196	
0.000861	0.097017	0.391458	0.002228	0.017204	
0.032771	0.024173	0.129270	0.020076	0.299308	
0.008149	0.118855	0.115900	0.055646	0.205897	
0.069824	0.003165	0.239792	0.167737	0.025677	
0.114940	0.003794	0.186218	0.108976	0.092824	
0.210592	0.175139	0.001549	0.102251	0.013098	
0.005503	0.190472	0.190197	0.001051	0.115883	
0.097367	0.002575	0.002037	0.397121	0.004400	
0.188089	0.288854	0.007674	0.014408	0.003937	
0.121944	0.084277	0.207781	0.079921	0.009173	
0.117056	0.001986	0.182138	0.000040	0.205232	
0.117289	0.180124	0.001284	0.009598	0.193886	
0.001164	0.117336	0.197221	0.002387	0.200966	
0.000220	0.002499	0.219299	0.081073	0.199295	
0.017941	0.173012	0.027912	0.187183	0.098043	
0.002842	0.226697	0.000922	0.091334	0.197468	
0.000881	0.401896	0.000917	0.000637	0.099871	
0.000003	0.000002	0.507297	0.000000	0.000003	
0.290783	0.207658	0.000022	0.000187	0.003450	
0.072503	0.227384	0.099021	0.003240	0.100157	
0.000003	0.506634	0.000002	0.000002	0.000001	
0.000058	0.290445	0.113982	0.097275	0.000155	
0.403789	0.002245	0.000311	0.100379	0.000071	
0.001267	0.085744	0.227113	0.190443	0.000129	
0.115921	0.211022	0.001750	0.079241	0.094297	
0.128072	0.194440	0.156637	0.019989	0.002807	
0.174188	0.008397	0.004080	0.311982	0.006495	
0.222749	0.165643	0.000055	0.000808	0.114749	
0.121775	0.087976	0.189747	0.001087	0.102533	
0.113043	0.196486	0.001970	0.189727	0.000567	
0.228417	0.057055	0.000219	0.193738	0.027152	
0.085473	0.011219	0.001289	0.024204	0.380365	
0.123229	0.191443	0.100102	0.083445	0.007008	
0.021370	0.034657	0.028147	0.321756	0.098757	
0.000134	0.003785	0.096973	0.229912	0.427739	
0.025161	0.000427	0.040701	0.234512	0.204947	
0.138284	0.028616	0.242494	0.089466	0.005349	
0.099783	0.295610	0.027946	0.002163	0.076716	
0.002391	0.160848	0.243076	0.096292	0.001978	
0.062126	0.000025	0.023502	0.292723	0.123932	
0.000282	0.003069	0.357051	0.084416	0.057336	
0.109530	0.085581	0.306208	0.000423	0.000624	
0.396565	0.000067	0.087677	0.000001	0.017715	
0.001614	0.165815	0.003691	0.325364	0.007601	
0.002371	0.321564	0.007356	0.070364	0.100854	
0.130345	0.243335	0.032591	0.095024	0.000503	
0.097862	0.083046	0.115089	0.011469	0.208440	
0.004926	0.391994	0.009710	0.095233	0.000451	
0.007262	0.119351	0.121091	0.057166	0.200465	
0.187385	0.287774	0.007645	0.015514	0.003932	
0.183647	0.010748	0.223017	0.082411	0.006293	
0.104127	0.004720	0.357597	0.013167	0.025629	
0.007128	0.453194	0.036033	0.003761	0.002032	
0.003745	0.133150	0.003159	0.094829	0.269650	
0.125079	0.227692	0.001888	0.087606	0.060041	
0.005658	0.054344	0.225534	0.157373	0.062100	
0.073314	0.051722	0.122811	0.145323	0.119650	
0.115025	0.176648	0.008088	0.009633	0.192797	
0.030076	0.022319	0.182429	0.001329	0.267086	
0.001073	0.120987	0.000278	0.365405	0.015754	
0.219371	0.151611	0.043001	0.079917	0.009172	
0.002527	0.000113	0.008672	0.470645	0.023298	
0.002040	0.000232	0.291891	0.000160	0.207796	
0.000009	0.301941	0.000774	0.000106	0.202380	
0.000869	0.138737	0.268622	0.005869	0.092839	
0.001608	0.187610	0.126044	0.002383	0.202125	
0.015672	0.000743	0.007318	0.094453	0.385238	
0.154069	0.024785	0.302860	0.002212	0.018234	
0.000014	0.000822	0.140480	0.268026	0.098025	
0.241872	0.014497	0.222584	0.019671	0.004617	
0.017901	0.079504	0.007512	0.298322	0.100428	
0.000054	0.004005	0.100442	0.198673	0.199350	
0.011101	0.222860	0.003345	0.063123	0.201771	
0.212187	0.007272	0.001794	0.000044	0.281462	
0.031420	0.048253	0.365737	0.005065	0.052218	
0.028275	0.284531	0.099509	0.085647	0.006975	
0.128530	0.219518	0.084594	0.005532	0.064284	
0.311080	0.078887	0.022185	0.000809	0.091486	
0.227837	0.066847	0.056837	0.147549	0.003257	
0.000002	0.083852	0.218873	0.000198	0.202443	
0.012739	0.261353	0.104074	0.000190	0.123926	
0.054172	0.091711	0.162256	0.190558	0.006495	
0.240102	0.070446	0.028208	0.076341	0.087220	
0.004011	0.399004	0.000917	0.000088	0.099766	
0.013748	0.116483	0.273758	0.095740	0.002827	
0.159765	0.111524	0.082344	0.031173	0.117967	
0.052545	0.044627	0.004790	0.397054	0.004399	
0.002963	0.099022	0.193128	0.118925	0.092719	
0.408037	0.002375	0.000174	0.001139	0.090555	
0.149028	0.002194	0.255833	0.008810	0.090665	
0.404933	0.045133	0.011276	0.041809	0.001403	
0.124470	0.000527	0.214041	0.000052	0.163468	
0.395988	0.006950	0.002768	0.096147	0.000474	
0.117005	0.001722	0.186207	0.108969	0.091775	
0.120954	0.006333	0.110639	0.000647	0.264731	
0.331917	0.005251	0.002631	0.164196	0.000478	
0.002115	0.248790	0.171936	0.003275	0.095534	
0.047679	0.076260	0.352050	0.015295	0.010955	
0.202818	0.005364	0.179286	0.001054	0.114474	
0.217223	0.001265	0.073089	0.205620	0.004864	
0.098231	0.073216	0.049880	0.014119	0.270416	
0.000076	0.361011	0.139235	0.001328	0.000005	
0.016190	0.000028	0.309154	0.116371	0.064250	
0.287971	0.001883	0.005726	0.084981	0.121506	
0.009276	0.000227	0.230778	0.060231	0.201869	
