0.000083	0.004372	0.169539	0.319323	0.007013	
0.000000	0.000000	0.500310	0.000000	0.000000	
0.121742	0.127325	0.006383	0.001635	0.245558	
0.000000	0.000000	0.000000	0.500265	0.000000	
0.000001	0.000176	0.182428	0.308872	0.008914	
0.035664	0.083304	0.341096	0.039636	0.000627	
0.000000	0.502216	0.000000	0.000000	0.000000	
0.002404	0.000270	0.142584	0.351150	0.003915	
0.029739	0.021366	0.139280	0.299447	0.010535	
0.502637	0.000000	0.000000	0.000000	0.000000	
0.246874	0.247588	0.004528	0.000304	0.000990	
0.108535	0.222360	0.045577	0.003595	0.122211	
0.334020	0.002226	0.044833	0.006086	0.113187	
0.000201	0.123309	0.022088	0.000810	0.353969	
0.001509	0.000170	0.143590	0.351173	0.003915	
0.250022	0.003117	0.000723	0.001625	0.247176	
0.000000	0.367042	0.005203	0.006981	0.123512	
0.000430	0.016715	0.478671	0.004530	0.000000	
0.001356	0.119567	0.016090	0.250023	0.113299	
0.070739	0.000745	0.216478	0.006684	0.205650	
0.006872	0.015771	0.471840	0.003491	0.002323	
0.000103	0.014372	0.467914	0.010927	0.007013	
0.000000	0.000000	0.000000	0.000000	0.502232	
0.370754	0.111732	0.016144	0.000303	0.001350	
0.002465	0.000277	0.146182	0.347484	0.003915	
0.000695	0.107049	0.077371	0.311489	0.003731	
0.112603	0.248085	0.015374	0.008640	0.115679	
0.013676	0.074230	0.411331	0.000552	0.000535	
0.000000	0.000000	0.000000	0.500265	0.000000	
0.000000	0.000000	0.499501	0.000553	0.000000	
0.248228	0.004912	0.000723	0.001625	0.247176	
0.000134	0.082136	0.063598	0.022508	0.331981	
0.117898	0.129612	0.006343	0.001625	0.247166	
0.004237	0.000052	0.351816	0.114844	0.032444	
0.127495	0.000945	0.001750	0.115309	0.257454	
0.000483	0.000331	0.178924	0.312041	0.008595	
0.000000	0.373926	0.005301	0.000000	0.123514	
0.147244	0.106190	0.003617	0.124839	0.120841	
0.062158	0.044659	0.291117	0.091894	0.010535	
0.253006	0.099525	0.013922	0.116675	0.017230	
0.228530	0.011580	0.003427	0.120484	0.136341	
0.036808	0.197704	0.003233	0.006497	0.258144	
0.000036	0.005209	0.177347	0.308851	0.008914	
0.369522	0.000345	0.004970	0.125320	0.000159	
0.000000	0.243236	0.000000	0.251755	0.007372	
0.000000	0.000000	0.000000	38.248523	0.012601	
0.135764	0.117694	0.000036	0.119376	0.129840	
0.094281	0.402902	0.001267	0.001833	0.000000	
0.000034	0.001641	0.057755	0.104236	0.336686	
0.000000	0.000000	0.499677	0.000553	0.000000	
0.251371	0.001802	0.003613	0.124710	0.120750	
0.176549	0.001818	0.128581	0.186557	0.006757	
0.346388	0.128088	0.009867	0.000424	0.017454	
0.128172	0.002197	0.003759	0.244761	0.123212	
0.001855	0.251325	0.003589	0.122458	0.123514	
0.160569	0.162349	0.178858	0.000439	0.000000	
0.001376	0.121396	0.014244	0.250030	0.113303	
0.141998	0.105862	0.002702	0.000252	0.249494	
0.023046	0.000234	0.111277	0.245541	0.120180	
0.005846	0.123061	0.000059	0.119281	0.254307	
0.071699	0.157966	0.006550	0.148477	0.115676	
0.000000	0.000000	0.488074	0.012278	0.000000	
0.111687	0.263452	0.001106	0.121811	0.002249	
0.342148	0.126159	0.008793	0.002943	0.020329	
0.363873	0.008756	0.003407	0.005694	0.120956	
0.230541	0.233097	0.256799	0.000130	0.000331	
0.000148	0.090732	0.070254	0.023991	0.317146	
0.108922	0.251766	0.015374	0.008640	0.115679	
0.004863	0.239386	0.003367	0.006585	0.248119	
0.125504	0.003358	0.000059	0.119239	0.254218	
0.025897	0.059498	0.057073	0.239729	0.118128	
0.001269	0.182259	0.141701	0.151027	0.024115	
0.000771	0.372736	0.011748	0.000103	0.114944	
0.070599	0.000260	0.181681	0.239887	0.009759	
0.128326	0.002200	0.004036	0.245551	0.120185	
0.000004	0.000054	0.000029	0.375815	0.124398	
0.230200	0.100072	0.046227	0.003595	0.122219	
0.293850	0.002106	0.004224	0.143219	0.058847	
0.019580	0.000198	0.094541	0.208613	0.177366	
0.000001	0.000000	56.664305	0.000000	0.000000	
0.003223	0.127632	0.023453	0.000155	0.347884	
0.034950	0.079107	0.327189	0.142856	0.002638	
0.002921	0.104998	0.077185	0.311305	0.003915	
0.109768	0.080102	0.003310	0.294669	0.012736	
0.000000	0.373926	0.005301	0.000000	0.123514	
0.113957	0.237075	0.004839	0.008130	0.138588	
0.003151	0.220718	0.006175	0.001962	0.268290	
0.160022	0.005517	0.005696	0.124570	0.206459	
0.176117	0.002000	0.128831	0.186556	0.006756	
0.232807	0.145393	0.003464	0.005880	0.112734	
0.069751	0.000953	0.001912	0.127366	0.302304	
0.143129	0.057414	0.007920	0.274616	0.017228	
0.003880	0.069594	0.231970	0.076054	0.120751	
0.248417	0.004916	0.000723	0.001431	0.247176	
0.035745	0.186206	0.003444	0.000249	0.274709	
0.080775	0.002785	0.205431	0.006783	0.206438	
0.000000	0.000000	0.000000	0.000000	0.502500	
0.272251	0.098874	0.007718	0.000331	0.123049	
0.186849	0.136723	0.004618	0.159388	0.015151	
0.355431	0.008553	0.003392	0.005563	0.129754	
