0.001542	0.717132	0.000000	0.000001	0.696937	0.000000	0.000000	0.000000	
1.000010	0.000000	0.000000	0.000000	0.000000	0.000000	0.000000	0.000000	
0.000000	0.000000	0.000000	0.707280	0.706933	0.000000	0.000000	0.000000	
0.004255	0.717535	0.696510	0.001501	0.000000	0.000000	0.000000	0.000000	
0.707228	0.000000	0.706985	0.000000	0.000000	0.000000	0.000000	0.000000	
0.000000	0.000000	0.000000	0.706809	0.000000	0.000000	0.000000	0.707404	
0.694559	0.719444	0.000000	0.000003	0.000000	0.000000	0.000000	0.001862	
0.000000	0.000000	0.000000	0.000000	0.707213	0.707001	0.000000	0.000000	
0.000000	0.000000	0.000000	0.000000	0.000000	0.000000	1.000000	0.000000	
0.000000	0.000000	0.000000	0.707237	0.000000	0.000000	0.706977	0.000000	
0.000000	0.000000	0.706912	0.000000	0.707554	0.000000	0.000000	0.000000	
0.000000	0.000000	0.000000	0.707217	0.000000	0.706996	0.000000	0.000000	
0.000000	0.000000	0.706731	0.000000	0.000000	0.002341	0.711594	0.000000	
0.000000	0.000000	0.000000	0.000000	0.705888	0.000000	0.000000	0.708324	
0.000020	0.712006	0.000000	0.000001	0.000000	0.000000	0.000000	0.706190	
0.000005	0.000000	0.000004	0.000000	0.000007	0.709598	0.704607	0.000020	
0.000000	0.000000	0.000000	0.000000	0.000000	1.000000	0.000000	0.000000	
0.000006	0.716859	0.000000	0.712636	0.000000	0.000000	0.000000	0.000000	
0.709567	0.000008	0.000000	0.000050	0.707408	0.000000	0.000000	0.000802	
0.707109	0.000000	0.000000	0.000000	0.000000	0.000000	0.000000	0.707303	
0.000000	0.000000	0.000000	0.000000	1.000001	0.000000	0.000000	0.000000	
0.708200	0.000000	0.000001	0.000000	0.000000	0.000000	0.706012	0.000000	
0.000000	0.000000	0.707237	0.000006	0.000000	0.706977	0.000000	0.000000	
0.000000	0.000000	0.707140	0.707073	0.000000	0.000000	0.000000	0.000000	
0.710041	0.000223	0.000000	0.001058	0.000000	0.709176	0.000000	0.000001	
0.712948	0.000000	0.000000	0.709064	0.000000	0.000000	0.000000	0.000000	
0.000000	0.000000	0.000000	0.000000	0.000000	0.000000	0.707001	0.707213	
0.000000	0.000000	0.708367	0.000000	0.000000	0.000000	0.000000	0.709215	
0.000000	0.000000	0.000000	1.000000	0.000000	0.000000	0.000000	0.000000	
0.000002	0.000349	0.004758	0.000130	0.000002	0.697049	0.000000	0.717024	
0.000000	1.000001	0.000000	0.000000	0.000000	0.000000	0.000000	0.000000	
0.000001	0.000025	0.000002	0.000001	0.706494	0.000000	0.707732	0.000002	
0.000000	0.000000	0.000000	0.000000	0.000000	0.000000	0.000000	1.000015	
0.000012	0.712271	0.000000	0.001038	0.000000	0.701904	0.000000	0.000001	
0.000000	0.000000	1.000001	0.000000	0.000000	0.000000	0.000000	0.000000	
0.000012	0.710089	0.000000	0.000000	0.000000	0.000000	0.704112	0.000000	
0.000000	0.000000	0.703009	0.000007	0.000013	0.000000	0.711316	0.000000	
0.707649	0.706573	0.000000	0.000003	0.000000	0.000000	0.000000	0.001862	
0.000012	0.712271	0.000003	0.001066	0.000000	0.701904	0.000000	0.000001	
0.738309	0.000000	0.674462	0.000000	0.000000	0.000000	0.000000	0.000000	
0.000006	0.707164	0.000000	0.707050	0.000000	0.000000	0.000000	0.000000	
0.000000	0.000000	0.000000	0.721330	0.000000	0.719580	0.000000	0.000000	
0.000000	0.000000	0.000000	0.000000	0.000000	1.000001	0.000000	0.000000	
0.000000	0.000000	0.000000	0.000000	0.707213	0.707001	0.000000	0.000000	
0.001524	0.708716	0.000000	0.000002	0.709139	0.000000	0.000000	0.000003	
0.000000	0.000000	0.000000	0.742341	0.670022	0.000000	0.000000	0.000000	
0.000000	0.000000	0.000000	0.000000	0.706530	0.000000	0.000000	0.707683	
0.000000	0.000000	0.000000	0.706967	0.000000	0.000000	0.000000	0.707247	
0.995448	0.092080	0.000003	0.000025	0.000001	0.028410	0.000000	0.000000	
0.000093	0.002394	0.706060	0.000000	0.708148	0.000000	0.000000	0.000000	
0.000000	0.000000	0.000000	0.000000	0.680630	0.014405	0.732486	0.000000	
0.710327	0.000000	0.000000	0.000000	0.000000	0.000000	0.000000	0.703872	
0.000000	0.000000	0.712880	0.701282	0.000000	0.000000	0.000000	0.002523	
0.715605	0.001388	0.000000	0.698502	0.000000	0.000000	0.000000	0.001863	
0.000000	0.715753	0.000000	0.000000	0.000000	0.000000	0.000000	0.702195	
0.000000	0.000000	0.000000	1.000000	0.000000	0.000000	0.000000	0.000000	
0.709713	0.000008	0.000000	0.001101	0.707554	0.000000	0.000000	0.000000	
0.000000	0.000000	0.704670	0.000001	0.000000	0.709566	0.000000	0.000000	
0.000000	0.000000	0.000000	0.000000	0.000000	0.705462	0.708748	0.000000	
0.000000	1.017287	0.000000	0.000000	0.000000	0.000000	0.000000	0.000000	
0.000000	0.000000	0.000000	0.000000	1.000001	0.000000	0.000000	0.000000	
0.000000	0.000000	0.000000	0.000000	0.000000	0.000000	0.000000	1.000016	
0.000000	0.000000	0.000000	0.000000	0.000000	0.000000	0.707001	0.707213	
0.000012	0.706901	0.000000	0.000000	0.000000	0.000000	0.707312	0.000000	
0.000000	0.000000	1.000001	0.000000	0.000000	0.000000	0.000000	0.000000	
0.000000	0.000004	0.707159	0.000000	0.000000	0.000000	0.000000	0.707372	
0.000000	0.000000	0.000000	0.000000	0.000000	0.707039	0.000000	0.707228	
0.711347	0.001760	0.000002	0.000011	0.000001	0.702839	0.000000	0.000000	
0.705334	0.017624	0.000001	0.001124	0.000000	0.028932	0.708064	0.000000	
0.000000	0.000000	0.000000	0.000000	0.000000	0.000000	1.000000	0.000000	
0.000000	0.000000	0.000000	0.707237	0.000000	0.000000	0.706977	0.000000	
0.004200	0.708359	0.705842	0.000064	0.000000	0.000000	0.000000	0.000000	
0.001199	0.000000	0.000000	0.000002	0.000000	0.998264	0.058896	0.000000	
0.063806	0.001926	0.709804	0.012556	0.000000	0.000887	0.000169	0.704475	
0.000473	0.057026	0.002520	0.054343	0.689982	0.000074	0.719842	0.000187	
0.988420	0.001620	0.000028	0.027189	0.017908	0.001561	0.148183	0.001443	
0.707228	0.000000	0.706985	0.000000	0.000000	0.000000	0.000000	0.000000	
0.000000	0.000000	0.003240	0.732869	0.716483	0.000000	0.000000	0.000000	
0.519786	0.000000	0.000000	0.000000	0.484136	0.000000	0.000000	0.703872	
0.031609	0.999492	0.000000	0.004120	0.000001	0.000000	0.000000	0.000490	
0.000686	0.009124	0.997437	0.028797	0.064853	0.000000	0.000000	0.000000	
0.000020	0.709878	0.000000	0.009380	0.000000	0.010693	0.000000	0.704221	
0.712498	0.000000	0.037199	0.001107	0.703871	0.000000	0.000000	0.000000	
0.000000	0.000000	0.000000	0.812245	0.000021	0.000000	0.583317	0.000000	
0.000000	0.707182	0.707032	0.000000	0.000000	0.000000	0.000000	0.000000	
0.000000	0.000000	0.000000	0.000000	0.690257	0.000000	0.000000	0.725469	
0.000000	0.000000	0.718475	0.718406	0.000000	0.005491	0.000000	0.000000	
0.000000	0.000000	0.357749	0.350716	0.000895	0.001704	0.519294	0.692348	
0.000012	0.716865	0.000003	0.001073	0.000000	0.706431	0.000000	0.000000	
0.000000	0.000000	0.000000	0.000000	1.000001	0.000000	0.000000	0.000000	
0.001542	0.717263	0.000000	0.000000	0.697065	0.000000	0.000000	0.000000	
0.000000	0.000000	0.495270	0.495223	0.000000	0.000000	0.713767	0.000000	
0.000000	0.000000	0.072782	0.000000	0.094921	0.000008	0.994377	0.000000	
0.673537	0.739237	0.004301	0.000003	0.000000	0.013774	0.000000	0.020481	
0.030487	0.695899	0.058994	0.695880	0.164643	0.000000	0.000092	0.000002	
0.704440	0.106791	0.010988	0.000015	0.000000	0.702201	0.000000	0.001181	
0.019991	0.021070	0.001817	0.000792	0.026201	0.706115	0.000000	0.707389	
0.000000	0.698593	0.010962	0.000000	0.000000	0.000000	0.715435	0.000000	
0.000000	0.000000	0.000000	0.000000	0.000000	0.705462	0.708748	0.000000	
0.000095	0.002453	0.723425	0.000000	0.690399	0.000000	0.000000	0.000000	
