0.707074	0.707139	0.000000	0.000000	0.000000	0.000000	0.000000	0.000000	
0.000000	0.000000	0.706956	0.000000	0.000000	0.000000	0.000000	0.707257	
0.000000	0.000000	0.707103	0.000000	0.000000	0.707110	0.000000	0.000000	
0.707074	0.000000	0.000000	0.707139	0.000000	0.000000	0.000000	0.000000	
0.000000	0.000000	0.000000	0.000000	1.000000	0.000000	0.000000	0.000000	
0.000000	0.000000	0.000000	0.707108	0.707106	0.000000	0.000000	0.000000	
0.000000	0.000000	0.000000	0.000000	0.000000	1.000000	0.000000	0.000000	
0.000000	0.000000	0.000000	0.000000	0.000000	0.000000	1.000037	0.000000	
0.000000	0.000000	1.000000	0.000000	0.000000	0.000000	0.000000	0.000000	
0.000000	0.000000	0.000001	0.000000	0.000000	0.707142	0.000000	0.707073	
0.000000	0.000000	0.000000	0.706830	0.000000	0.000000	0.707384	0.000000	
0.000000	0.000000	0.000000	0.000000	0.000000	0.000000	0.000000	1.000000	
0.000000	0.707100	0.000000	0.000000	0.000000	0.000000	0.707114	0.000000	
1.000000	0.000000	0.000000	0.000000	0.000000	0.000000	0.000000	0.000000	
0.000000	0.000000	0.000000	0.000000	0.707150	0.000000	0.707064	0.000000	
0.707120	0.000000	0.000000	0.000000	0.000000	0.707097	0.000000	0.000000	
0.707145	0.000000	0.707069	0.000000	0.000000	0.000000	0.000000	0.000000	
0.000000	1.000000	0.000000	0.000000	0.000000	0.000000	0.000000	0.000000	
0.000000	0.000000	0.707075	0.707139	0.000000	0.000000	0.000000	0.000000	
0.000000	0.000000	0.000000	0.000000	0.707020	0.000000	0.000000	0.707194	
0.000000	0.000000	0.000000	0.000000	0.707135	0.707088	0.000000	0.000000	
0.000000	0.000000	0.707151	0.000000	0.000000	0.000000	0.707063	0.000000	
0.000001	0.000000	0.000011	0.707010	0.000000	0.000112	0.000000	0.707211	
0.000000	0.707145	0.707069	0.000000	0.000000	0.000000	0.000000	0.000000	
0.707098	0.000000	0.000000	0.000000	0.707116	0.000000	0.000000	0.000000	
0.000000	0.707049	0.000000	0.000000	0.000000	0.000000	0.000000	0.707166	
0.707045	0.000000	0.000000	0.000000	0.000000	0.000000	0.000000	0.707168	
0.000000	0.000000	0.000000	0.000000	0.000000	0.707155	0.707072	0.000000	
0.000000	0.000000	0.000000	1.000000	0.000000	0.000000	0.000000	0.000000	
0.000000	0.707099	0.000000	0.000000	0.000000	0.707115	0.000000	0.000000	
0.000000	0.000000	0.707096	0.000000	0.707118	0.000000	0.000000	0.000000	
0.000000	0.707103	0.000000	0.000000	0.707110	0.000000	0.000000	0.000000	
0.000000	0.000000	0.000000	0.707104	0.000000	0.707109	0.000000	0.000000	
0.707136	0.000000	0.000000	0.000000	0.000000	0.000000	0.707077	0.000000	
0.000000	0.707251	0.000000	0.706963	0.000000	0.000000	0.000000	0.000000	
0.000000	0.000000	0.000000	0.000000	0.000000	0.000000	0.707046	0.707168	
0.000000	0.000000	0.000000	0.000000	0.000000	0.000000	1.000039	0.000000	
0.000000	0.000000	0.000000	0.000000	0.708541	0.705670	0.000000	0.000000	
0.000000	0.000000	1.000000	0.000000	0.000000	0.000000	0.000000	0.000000	
0.000000	0.000000	0.000000	0.000000	1.000000	0.000000	0.000000	0.000000	
0.000000	0.003522	0.704000	0.000000	0.000000	0.000000	0.000000	0.710193	
0.000000	0.000000	0.000000	0.000000	0.000000	0.000000	0.000000	1.000000	
0.000000	0.707099	0.000000	0.000000	0.000000	0.707115	0.000000	0.000000	
0.008311	0.686221	0.000000	0.000000	0.686278	0.240943	0.000000	0.000000	
0.000000	0.000000	0.000000	1.000000	0.000000	0.000000	0.000000	0.000000	
0.000000	0.000000	0.000000	0.000000	0.000000	0.707019	0.707195	0.000000	
0.707040	0.000000	0.706964	0.000000	0.017199	0.000902	0.000000	0.000000	
0.000000	0.707704	0.000000	0.706542	0.000000	0.000000	0.000000	0.000000	
0.000000	0.000000	0.710222	0.000000	0.000000	0.000000	0.703978	0.000000	
0.000000	0.000000	0.000000	0.706828	0.000000	0.000000	0.707385	0.000000	
0.031707	0.005439	0.000498	0.715953	0.000000	0.707101	0.000000	0.000000	
0.000000	0.000000	0.707103	0.000000	0.000000	0.707110	0.000000	0.000000	
0.698535	0.039942	0.015355	0.000000	0.713641	0.030578	0.000000	0.000000	
0.000000	0.000000	0.000000	0.000000	0.000000	1.000000	0.000000	0.000000	
0.023503	0.706665	0.000000	0.000000	0.000000	0.000000	0.000000	0.707171	
0.000000	0.000000	0.000000	0.000000	0.706756	0.000000	0.707542	0.000000	
0.000002	0.000277	0.012485	0.697489	0.716327	0.015510	0.000000	0.000000	
0.728195	0.684021	0.033752	0.026618	0.000000	0.000000	0.000000	0.000000	
0.000000	0.000000	0.000000	0.000000	0.707020	0.000000	0.000000	0.707194	
0.000000	0.707145	0.707069	0.000000	0.000000	0.000000	0.000000	0.000000	
0.000000	0.707015	0.000000	0.000000	0.000000	0.000000	0.707199	0.000000	
0.000000	0.000000	0.000000	0.000000	0.000000	0.000000	0.707017	0.707196	
0.707108	0.003330	0.000000	0.002311	0.000000	0.707097	0.000000	0.000000	
0.706958	0.000008	0.000000	0.000000	0.000000	0.000000	0.000000	0.707256	
0.999876	0.015228	0.000000	0.003991	0.000000	0.000000	0.000000	0.000000	
0.706309	0.002973	0.011605	0.024211	0.000000	0.000000	0.707388	0.000000	
0.000000	0.000000	0.707075	0.707139	0.000000	0.000000	0.000000	0.000000	
0.707074	0.000000	0.000000	0.707139	0.000000	0.000000	0.000000	0.000000	
0.000011	0.000003	0.000001	0.706959	0.000000	0.000112	0.000000	0.707262	
0.000000	0.000001	0.000000	0.000000	0.000001	0.723756	0.000000	0.690056	
0.048227	0.997653	0.030421	0.000000	0.000000	0.035537	0.013457	0.000006	
0.000000	0.000000	0.703695	0.036524	0.704664	0.000000	0.083234	0.000000	
0.000000	0.703508	0.032956	0.000000	0.000000	0.000000	0.000000	0.710466	
0.000000	0.000000	0.707096	0.000000	0.707118	0.000000	0.000000	0.000000	
0.014552	0.002496	0.715579	0.001949	0.000000	0.715739	0.000000	0.000000	
0.020050	0.670107	0.028808	0.035549	0.735718	0.000000	0.083224	0.016652	
0.491233	0.507404	0.055496	0.708477	0.000000	0.000000	0.000000	0.000000	
0.000000	0.707145	0.707069	0.000000	0.000000	0.000000	0.000000	0.000000	
0.708097	0.055408	0.710185	0.000000	0.000000	0.000000	0.000000	0.000000	
0.709642	0.026527	0.000000	0.000000	0.000000	0.704063	0.000000	0.000000	
0.000000	0.000000	0.000000	0.000000	0.000000	0.707156	0.707070	0.000000	
0.045700	0.010891	0.457143	0.060447	0.001515	0.114214	0.000000	0.879166	
0.728453	0.684263	0.033764	0.000142	0.000000	0.000000	0.000000	0.000000	
0.498322	0.028417	0.030690	0.500120	0.000000	0.000074	0.734515	0.000000	
0.000000	0.704746	0.000000	0.000182	0.000415	0.000000	0.709460	0.000000	
0.000015	0.000002	0.000169	0.018627	0.708296	0.705670	0.000000	0.000000	
0.000011	0.000003	0.000001	0.706980	0.007481	0.000112	0.000000	0.707201	
0.000000	0.000000	0.703577	0.000000	0.000000	0.000000	0.711687	0.000000	
0.002747	0.000265	0.022019	0.998728	0.014301	0.017771	0.039117	0.000000	
0.000000	0.000000	0.506377	0.026633	0.507093	0.000000	0.696943	0.000000	
0.584616	0.000000	0.000000	0.000000	0.397664	0.000000	0.000000	0.707168	
0.001836	0.028511	0.003011	0.000248	0.998643	0.000000	0.033434	0.027719	
0.000004	0.024997	0.000813	0.000000	0.024288	0.738723	0.000000	0.674505	
0.719582	0.041035	0.030479	0.721462	0.000000	0.000106	0.000000	0.000000	
0.012948	0.999143	0.013252	0.000495	0.000079	0.037012	0.000000	0.000000	
0.000000	0.000000	0.000000	0.000000	0.000000	0.000000	0.000000	1.000000	
0.005512	0.000219	0.000096	0.000063	0.000019	0.999985	0.000000	0.000000	
0.000000	0.000000	0.000000	0.000000	0.000000	0.000000	0.704478	0.709727	
0.998193	0.045432	0.013252	0.000522	0.000079	0.037012	0.000000	0.000000	
0.820317	0.000000	0.000000	0.000000	0.557991	0.125315	0.000000	0.004789	
