0.707069	0.000000	0.000000	0.000000	0.000000	0.707189	0.000000	0.000000	
0.000000	0.707103	0.000000	0.000000	0.707110	0.000000	0.000000	0.000000	
0.706970	0.000000	0.000000	0.000000	0.000000	0.000000	0.000000	0.707243	
0.707074	0.707139	0.000000	0.000000	0.000000	0.000000	0.000000	0.000000	
1.000000	0.000000	0.000000	0.000000	0.000000	0.000000	0.000000	0.000000	
0.000000	0.000000	0.000000	1.000000	0.000000	0.000000	0.000000	0.000000	
0.000000	0.000000	0.707107	0.000000	0.000000	0.707107	0.000000	0.000000	
0.000000	0.000000	0.000000	0.000000	0.000000	0.000000	0.707732	0.706481	
0.000019	0.000000	0.000000	0.707042	0.000000	0.707171	0.000000	0.000000	
0.000000	0.000000	0.000000	0.000000	0.000000	1.000000	0.000000	0.000000	
0.000000	1.000000	0.000000	0.000000	0.000000	0.000000	0.000000	0.000000	
0.000000	0.000000	0.000000	0.000000	0.703694	0.000000	0.710503	0.000003	
0.706936	0.000000	0.000000	0.707277	0.000000	0.000000	0.000000	0.000000	
0.000000	0.000000	0.000000	0.706891	0.000000	0.000000	0.707322	0.000000	
0.000000	0.000000	0.706901	0.000000	0.000000	0.000000	0.707358	0.000000	
0.000000	0.000000	0.000000	0.000000	0.707102	0.707112	0.000000	0.000000	
0.000000	0.706949	0.000000	0.000000	0.000000	0.000000	0.707264	0.000000	
0.000000	0.000000	0.706677	0.707536	0.000000	0.000000	0.000000	0.000000	
0.000000	0.000000	0.000000	0.707152	0.707062	0.000000	0.000000	0.000000	
0.000000	0.707077	0.000020	0.000000	0.000000	0.707183	0.000000	0.000000	
0.000000	0.706576	0.000001	0.707639	0.000000	0.000000	0.000000	0.000000	
0.000000	0.000000	0.706850	0.000000	0.000000	0.000000	0.000000	0.707363	
0.000000	0.000000	0.000000	0.000000	0.000000	0.706968	0.707246	0.000000	
0.000000	0.000000	0.707111	0.000000	0.707104	0.000000	0.000000	0.000000	
0.000000	0.000000	0.000000	0.000000	1.000000	0.000000	0.000000	0.000000	
0.000000	0.706856	0.000000	0.000000	0.000000	0.000000	0.000000	0.707358	
0.000000	0.707088	0.707126	0.000000	0.000000	0.000000	0.000000	0.000000	
0.000000	0.000000	0.000000	0.000000	0.000000	0.000000	0.000000	1.000000	
0.000000	0.000000	0.000000	0.000000	0.000000	0.000000	1.000000	0.000000	
0.000000	0.000000	1.000000	0.000000	0.000000	0.000000	0.000000	0.000000	
0.000000	0.000000	0.000000	0.000000	0.000000	0.707176	0.000000	0.707038	
0.707141	0.000000	0.000000	0.000000	0.707072	0.000000	0.000000	0.000000	
0.000000	0.000000	0.000000	0.000000	0.707113	0.000000	0.000000	0.707101	
0.706595	0.000000	0.000000	0.000000	0.000000	0.000000	0.707618	0.000000	
0.707036	0.000000	0.707177	0.000000	0.000000	0.000000	0.000000	0.000000	
0.000000	0.000000	0.000000	0.707156	0.000000	0.000000	0.000000	0.707057	
0.000000	0.000000	0.704925	0.000000	0.000000	0.710450	0.000000	0.000000	
0.000000	0.000000	0.000000	0.000000	1.000000	0.000000	0.000000	0.000000	
0.000000	0.000000	0.000019	0.706782	0.000000	0.707431	0.000000	0.000000	
0.000000	0.000000	0.000000	0.000000	0.000000	0.706976	0.707237	0.000000	
0.703810	0.001411	0.000096	0.710386	0.000000	0.000000	0.000000	0.000000	
0.000000	0.000000	0.999404	0.000000	0.034513	0.000000	0.000000	0.000000	
0.000000	0.000000	0.706904	0.000000	0.000000	0.000000	0.707361	0.000000	
0.000000	0.000000	0.000000	0.000000	0.705542	0.000000	0.000000	0.708668	
0.644865	0.757967	0.070948	0.000000	0.000106	0.056819	0.037053	0.000000	
0.000029	0.995783	0.070992	0.000019	0.007616	0.057611	0.000000	0.000000	
0.000000	0.707016	0.000000	0.000000	0.707197	0.000000	0.000000	0.000000	
0.702624	0.000000	0.000000	0.000000	0.000000	0.000000	0.000000	0.711562	
0.000159	0.514321	0.485769	0.000000	0.013792	0.000000	0.000000	0.708096	
0.000021	0.000526	0.707248	0.000000	0.001077	0.000000	0.000000	0.707114	
0.000000	0.000000	0.000000	0.000000	0.703693	0.000000	0.710502	0.001985	
0.000000	0.707031	0.707183	0.000000	0.000000	0.000000	0.000000	0.000000	
0.000000	0.000000	0.000000	0.707521	0.706693	0.000000	0.000000	0.000000	
0.707016	0.000000	0.000000	0.000000	0.707197	0.000000	0.000000	0.000000	
0.000000	0.000000	0.000000	0.000000	0.000000	0.000000	1.000687	0.000000	
0.000000	0.707074	0.000237	0.000000	0.000000	0.707179	0.000000	0.000000	
0.994193	0.040529	0.070975	0.000000	0.000311	0.071075	0.000557	0.000000	
0.000000	0.000000	0.000000	0.000000	0.000000	0.000000	0.000000	1.000000	
0.000000	0.000000	0.000000	0.000000	0.000000	1.000000	0.000000	0.000000	
0.000000	0.000000	0.000000	0.000000	0.000000	0.707032	0.000000	0.707587	
0.000000	0.000000	0.000000	0.706923	0.000000	0.000000	0.707291	0.000000	
0.716591	0.000000	0.725976	0.000000	0.000000	0.000000	0.000000	0.000000	
0.706507	0.000000	0.000000	0.000000	0.000000	0.707708	0.000000	0.000000	
0.000147	0.692756	0.000000	0.000000	0.000000	0.000000	0.721172	0.000000	
0.000000	0.000000	0.000000	1.000000	0.000000	0.000000	0.000000	0.000000	
0.000020	0.000001	0.000001	0.713278	0.000007	0.001692	0.000000	0.701010	
0.000000	0.698963	0.027808	0.700569	0.038587	0.000067	0.135619	0.000000	
0.000000	0.000000	0.690158	0.000000	0.723658	0.000000	0.000000	0.000000	
0.738059	0.002536	0.000000	0.000010	0.035336	0.000000	0.675595	0.018292	
0.000000	0.000000	0.706677	0.707536	0.000000	0.000000	0.000000	0.000000	
0.000000	0.000000	0.000000	0.000000	0.000000	0.000000	0.706945	0.707268	
0.000000	0.000000	0.000000	0.000000	0.706656	0.707558	0.000000	0.000000	
0.013472	0.519912	0.000914	0.483841	0.000542	0.000000	0.007365	0.706051	
0.498748	0.010268	0.492398	0.088804	0.014098	0.706808	0.000000	0.033143	
0.711127	0.052124	0.043377	0.000006	0.000000	0.000000	0.700601	0.002085	
0.710078	0.000000	0.000000	0.000000	0.710008	0.000000	0.004806	0.000000	
0.000000	0.000000	0.000000	0.707162	0.000000	0.000000	0.000000	0.707052	
0.000024	0.006465	0.000178	0.721565	0.689998	0.049320	0.027780	0.000000	
0.715247	0.000000	0.000000	0.000000	0.000000	0.000000	0.000000	0.698872	
0.000000	0.000000	0.385657	0.000000	0.000000	0.517266	0.000000	0.764006	
0.005388	0.000395	0.726271	0.684900	0.000000	0.067117	0.007102	0.002103	
0.037081	0.712068	0.043377	0.000000	0.000000	0.000000	0.700600	0.000000	
0.000000	0.000000	0.000000	0.000000	0.000000	1.000000	0.000000	0.000000	
0.707074	0.707139	0.000000	0.000000	0.000000	0.000000	0.000000	0.000000	
0.000000	0.000000	0.000000	0.000000	0.000000	0.706968	0.707246	0.000000	
0.000000	0.000000	0.981726	0.000000	0.193699	0.000000	0.000000	0.000000	
0.000016	0.011891	0.696858	0.007782	0.120028	0.707723	0.000000	0.012235	
0.000582	0.005588	0.039713	0.511484	0.486589	0.707112	0.000000	0.000000	
0.000000	0.000000	0.000000	0.000002	0.707102	0.707112	0.000000	0.000000	
0.002697	0.000010	0.016156	0.017420	0.703288	0.000000	0.710503	0.000047	
0.000000	0.998562	0.050842	0.000000	0.000000	0.000000	0.017029	0.000000	
0.000000	0.000000	0.000000	0.000000	0.000000	0.000000	0.710784	0.711109	
0.000115	0.373006	0.352328	0.000000	0.487729	0.000000	0.000000	0.708421	
0.060300	0.521475	0.480346	0.005143	0.715026	0.000000	0.000000	0.019239	
0.000000	0.001010	0.696490	0.000022	0.717571	0.000000	0.000000	0.000000	
0.049811	0.000000	0.049821	0.997514	0.000000	0.001799	0.000000	0.000000	
0.000020	0.660752	0.751183	0.000000	0.000025	0.000000	0.000000	0.000000	
0.019362	0.701089	0.029293	0.710552	0.000000	0.048547	0.000000	0.000000	
0.000000	0.000000	0.000000	0.364976	0.000000	0.000000	0.931017	0.000000	
0.000000	0.000000	0.000000	0.000000	0.000000	0.000000	0.000000	1.000000	
