1.003381	0.000000	0.000000	0.000000	0.000000	0.000000	0.000000	0.000000	
0.000000	0.000000	0.706904	0.000000	0.707310	0.000000	0.000001	0.000000	
0.000000	0.000000	0.000000	0.000000	0.000000	0.000000	0.707021	0.707193	
0.707327	0.000000	0.000000	0.000000	0.000000	0.000000	0.706887	0.000000	
0.707283	0.000010	0.000000	0.000050	0.706931	0.000000	0.000000	0.000001	
0.000000	0.000000	0.000000	0.000000	0.707273	0.000000	0.706940	0.000000	
0.000000	0.000000	0.000000	0.000000	0.000000	0.707197	0.000000	0.707018	
0.000000	0.000000	0.000000	0.000000	0.000000	1.000001	0.000000	0.000000	
0.000000	0.000000	0.706806	0.000000	0.000000	0.000000	0.000000	0.707679	
0.705764	0.000005	0.000115	0.000002	0.000003	0.708605	0.000000	0.000000	
0.000000	0.000000	0.000000	0.706835	0.000000	0.000000	0.000000	0.707379	
0.000000	0.000003	0.000003	0.000001	0.706669	0.707544	0.000000	0.000000	
0.000000	0.000000	0.000000	0.000000	1.000000	0.000000	0.000000	0.000000	
0.000000	0.000000	0.000000	0.707160	0.000000	0.000000	0.707054	0.000000	
0.000000	0.000000	0.708134	0.000000	0.000000	0.707318	0.000000	0.000000	
0.000000	0.000000	0.000002	0.000000	0.706965	0.000000	0.000000	0.707251	
0.707228	0.000000	0.706985	0.000000	0.000000	0.000000	0.000000	0.000000	
0.000000	0.000000	0.000000	0.707217	0.000000	0.706996	0.000000	0.000000	
0.000000	0.000000	0.000000	0.000000	0.000000	0.000000	1.000000	0.000000	
0.000001	0.706861	0.000000	0.000007	0.000000	0.708446	0.000000	0.000000	
0.000000	0.000000	0.707273	0.000000	0.000000	0.000000	0.706940	0.000000	
0.000070	0.708783	0.000000	0.000000	0.000000	0.000000	0.705426	0.000000	
0.000000	0.000000	0.000000	1.000001	0.000000	0.000000	0.000000	0.000000	
0.000090	0.707361	0.000002	0.000000	0.000000	0.000000	0.000000	0.706855	
0.000000	0.000000	0.707140	0.707073	0.000000	0.000000	0.000000	0.000000	
0.000000	0.000000	0.000000	0.000000	0.000000	0.707059	0.707155	0.000000	
0.000000	0.000000	1.000000	0.000000	0.000000	0.000000	0.000000	0.000000	
0.709040	0.000000	0.000000	0.705177	0.000000	0.000000	0.000000	0.000000	
0.707664	0.000000	0.000041	0.000000	0.000000	0.000000	0.000070	0.706549	
0.000008	0.706222	0.000080	0.000000	0.709243	0.000000	0.000001	0.000000	
0.000000	0.000000	0.000000	0.000000	0.000000	0.000000	0.000000	1.000063	
0.000000	0.000000	0.000000	0.707574	0.707090	0.000000	0.000000	0.000000	
0.000000	0.708542	0.000000	0.706549	0.000000	0.000000	0.000000	0.000000	
0.000070	0.709272	0.704935	0.000000	0.000000	0.000000	0.000000	0.000006	
0.000000	1.002359	0.000000	0.000000	0.000000	0.000000	0.000000	0.000000	
0.706903	0.707313	0.000139	0.000000	0.000000	0.000000	0.000000	0.000000	
0.000152	0.115094	0.684967	0.013041	0.033247	0.000000	0.015917	0.746297	
0.000000	0.000000	0.000000	0.710812	0.703383	0.000000	0.000063	0.000000	
0.000003	0.000010	0.000000	0.000107	0.998667	0.049977	0.012944	0.000115	
0.000000	0.000000	1.000000	0.000000	0.000000	0.000000	0.000000	0.000000	
0.000000	0.000000	0.706906	0.000000	0.707311	0.000000	0.000000	0.000000	
0.000000	0.000000	0.000000	0.000000	0.000000	0.707198	0.000000	0.707019	
0.000000	0.000000	0.000000	0.000000	0.000000	0.000000	1.000004	0.000000	
0.707268	0.000000	0.000000	0.000050	0.706946	0.000000	0.000000	0.000000	
0.000000	0.000000	0.709764	0.709696	0.000000	0.000000	0.000000	0.000000	
0.207045	0.680537	0.702619	0.018124	0.000000	0.000000	0.000065	0.000007	
0.000000	0.000003	0.000003	0.000001	0.706669	0.707544	0.000000	0.000000	
0.726237	0.000000	0.000726	0.687644	0.000000	0.000000	0.000000	0.000000	
0.000000	0.000000	0.000000	0.000000	0.000000	1.000283	0.000000	0.000000	
0.000000	0.000000	0.000000	0.706835	0.000000	0.000000	0.000000	0.707379	
0.000888	0.707460	0.000000	0.000007	0.000000	0.706753	0.000000	0.000000	
0.000471	0.706286	0.000063	0.708068	0.000000	0.000000	0.000005	0.000000	
0.002522	0.703699	0.054848	0.013121	0.032165	0.022761	0.707155	0.000000	
0.000188	0.711820	0.005089	0.000000	0.702345	0.000000	0.000001	0.000000	
0.032991	0.000411	0.039173	0.000004	0.680739	0.000949	0.000000	0.730733	
0.708674	0.705536	0.000000	0.000000	0.000000	0.000000	0.000000	0.000000	
0.000000	0.000000	0.709602	0.000000	0.000000	0.000000	0.704602	0.000000	
0.711453	0.000000	0.702734	0.000000	0.000000	0.000000	0.000000	0.000000	
0.000084	0.005081	0.000461	0.000095	0.005015	0.703578	0.725646	0.000000	
0.000000	0.000000	0.000000	0.707278	0.000199	0.000000	0.706935	0.000000	
0.000000	0.000000	0.000000	0.000000	0.000000	0.000000	0.707024	0.707196	
0.757089	0.004826	0.027816	0.009710	0.031455	0.020277	0.651698	0.002437	
0.000000	0.000000	0.000000	1.000005	0.000000	0.000000	0.000000	0.000000	
0.703690	0.002772	0.039812	0.002090	0.037759	0.000000	0.040973	0.707309	
1.000000	0.000000	0.000000	0.000000	0.000000	0.000000	0.000000	0.000000	
0.000000	0.000000	0.000000	0.000000	0.000000	0.000000	0.000000	1.000000	
0.000501	0.707360	0.000041	0.000000	0.000000	0.000000	0.000004	0.706854	
0.707404	0.000005	0.000116	0.000000	0.000003	0.707280	0.000000	0.000000	
0.003790	0.000064	0.000984	0.632057	0.005127	0.774895	0.000000	0.000000	
0.024264	1.000332	0.007193	0.000002	0.000000	0.000000	0.000000	0.000000	
0.000000	0.000000	0.000000	0.000006	0.707273	0.000000	0.706940	0.000000	
0.000000	0.000000	0.707529	0.000000	0.000000	0.706686	0.000000	0.000000	
0.076182	0.709705	0.041018	0.002266	0.004100	0.000000	0.714638	0.000000	
0.731796	0.002883	0.041402	0.002174	0.001124	0.000000	0.042549	0.679032	
0.037777	0.000847	0.706305	0.000009	0.707721	0.000000	0.000000	0.000000	
0.726237	0.000000	0.000331	0.687644	0.000000	0.000000	0.000000	0.000000	
0.000001	0.710734	0.000000	0.000007	0.000000	0.703461	0.000000	0.000000	
0.310093	0.351016	0.013077	0.000000	0.532912	0.000000	0.704603	0.000000	
0.000087	0.685225	0.176651	0.007521	0.005722	0.000000	0.000000	0.707186	
1.001332	0.014909	0.000000	0.000000	0.000000	0.000002	0.000000	0.043101	
0.757132	0.030336	0.027780	0.009718	0.001019	0.020563	0.651689	0.005887	
0.000000	0.000000	0.707273	0.000000	0.000000	0.000000	0.706940	0.000000	
0.000109	0.082855	0.493101	0.009388	0.023934	0.000000	0.462881	0.731484	
0.000000	0.000000	0.000000	0.000000	0.000000	0.000000	0.707039	0.707910	
0.704674	0.000000	0.704431	0.084915	0.000668	0.000000	0.000000	0.000000	
0.000000	0.000000	0.000000	0.688874	0.000000	0.000000	0.724881	0.000000	
0.239034	0.670354	0.702975	0.018590	0.000000	0.000000	0.000065	0.000007	
0.075661	0.467340	0.000852	0.013172	0.000133	0.525413	0.707021	0.000000	
0.032992	0.000411	0.039174	0.000004	0.680751	0.000949	0.000000	0.730722	
0.000000	0.000000	0.000000	0.706835	0.000000	0.000000	0.000000	0.707379	
0.000000	0.000000	0.000000	0.000000	0.000000	0.000000	0.000000	1.000063	
0.002538	0.033743	0.999442	0.000000	0.000005	0.000274	0.000000	0.000000	
0.000000	0.000000	0.000000	0.000000	0.000000	1.009918	0.000000	0.008664	
0.706931	0.707341	0.000139	0.000000	0.000000	0.000000	0.000000	0.000000	
0.706705	0.000011	0.000027	0.003402	0.000003	0.709559	0.000000	0.000000	
0.000000	0.000000	0.000000	1.000270	0.000000	0.000000	0.002663	0.000000	
0.000000	0.000000	0.000000	0.000000	0.000000	0.707631	0.015170	0.707615	
0.000000	0.000000	0.000000	0.000000	0.000000	0.000000	1.000000	0.000000	
0.007322	0.000124	0.000042	0.632047	0.000098	0.774895	0.000000	0.000000	
0.000000	0.000003	0.000003	0.000001	0.706669	0.707544	0.000000	0.000000	
