0.000000	0.710069	0.000000	0.000000	0.000000	0.000000	0.000000	0.704345	
0.000000	0.000000	0.706642	0.707572	0.000000	0.000000	0.000000	0.000000	
0.711827	0.000343	0.000061	0.702503	0.000083	0.000000	0.000000	0.000000	
0.000000	0.000000	0.707034	0.000000	0.000002	0.000000	0.707182	0.000000	
0.000000	0.000000	0.000000	0.707623	0.706591	0.000000	0.000000	0.000000	
0.707644	0.000003	0.000000	0.000000	0.706581	0.000000	0.000053	0.000000	
0.000000	0.000000	0.706510	0.000000	0.000000	0.707704	0.000000	0.000000	
0.708871	0.000023	0.000001	0.000000	0.000000	0.706081	0.000000	0.000000	
0.000000	0.000000	0.000000	0.000000	0.000000	1.000132	0.000000	0.000000	
0.000000	0.709924	0.000001	0.000000	0.000001	0.000000	0.704339	0.000000	
0.000000	0.708125	0.000000	0.706090	0.000000	0.000000	0.000000	0.000000	
0.000001	0.000000	0.707112	0.000000	0.000000	0.000000	0.000000	0.707102	
0.000000	0.000000	0.000000	0.707108	0.000000	0.707106	0.000000	0.000000	
0.000000	1.005755	0.000000	0.000000	0.000000	0.000000	0.000000	0.000000	
0.000390	0.000022	0.000001	0.000012	0.707170	0.707044	0.000000	0.000001	
0.710390	0.000044	0.000006	0.000000	0.000000	0.000012	0.706042	0.000000	
0.000000	0.000000	0.000000	0.000000	0.000000	0.000000	1.000021	0.000000	
0.000000	0.000000	0.000000	0.707165	0.000000	0.000000	0.000000	0.707057	
0.000002	0.707971	0.706293	0.000000	0.000000	0.000000	0.000000	0.000000	
1.009676	0.000000	0.000000	0.000000	0.000000	0.000000	0.000000	0.000000	
0.707834	0.000000	0.706379	0.000000	0.000000	0.000000	0.000000	0.000000	
0.000000	0.000003	0.000000	0.000000	0.000000	0.000000	0.708786	0.705425	
0.000328	0.708347	0.000001	0.000002	0.000000	0.706092	0.000054	0.000000	
0.000000	0.707638	0.000000	0.000000	0.706575	0.000000	0.000000	0.000000	
0.000000	0.000000	0.000000	1.000057	0.000000	0.000000	0.000000	0.000000	
0.000000	0.000000	0.000000	0.000000	0.000000	0.707191	0.000000	0.707023	
0.713267	0.000000	0.000000	0.000000	0.000004	0.000000	0.000000	0.701824	
0.000000	0.000000	0.000000	0.000000	0.707179	0.000000	0.707092	0.000000	
0.707364	0.707358	0.000001	0.000000	0.000000	0.000040	0.000000	0.000000	
0.000139	0.000015	0.707640	0.000001	0.706576	0.000004	0.000000	0.000000	
0.000000	0.000000	0.000000	0.000000	0.708698	0.000000	0.000000	0.705513	
0.000000	0.000000	0.000000	0.707226	0.000000	0.000000	0.706989	0.000000	
0.000000	0.000000	0.000000	0.000000	0.000000	0.707103	0.707111	0.000000	
0.000000	0.000000	0.000000	0.000000	1.000091	0.000000	0.000000	0.000000	
0.000000	0.000000	0.000000	0.000000	0.000000	0.000000	0.000000	1.000009	
0.000000	0.000000	1.000035	0.000000	0.000000	0.000000	0.000000	0.000000	
0.000000	0.704819	0.000001	0.000002	0.000000	0.709638	0.000054	0.000000	
0.000000	0.000000	0.000000	0.707368	0.000000	0.000000	0.706851	0.000000	
0.000000	0.666014	0.000001	0.001682	0.747501	0.000003	0.000000	0.000000	
0.000000	0.000000	0.707034	0.000000	0.000002	0.000000	0.707182	0.000000	
0.762067	0.000025	0.000001	0.000000	0.000000	0.655157	0.000000	0.000000	
0.706456	0.041349	0.000047	0.000000	0.706601	0.000000	0.000053	0.000000	
0.000000	0.000000	0.706993	0.000000	0.000000	0.707223	0.000000	0.000000	
0.000000	0.000000	0.000000	0.000000	0.000000	0.707927	0.000000	0.714048	
0.000004	0.004662	0.706667	0.707532	0.000000	0.000108	0.000000	0.000000	
0.000533	0.000015	0.032598	0.989097	0.104781	0.098375	0.000000	0.000234	
0.000001	0.000000	0.707112	0.000000	0.000000	0.000000	0.000000	0.707102	
0.000000	0.000000	0.000000	0.000000	0.707543	0.000000	0.707456	0.000000	
0.000000	0.000000	0.000000	0.000000	0.000000	0.000000	0.000000	1.000002	
0.708144	0.000010	0.000077	0.706109	0.000000	0.000115	0.000000	0.000000	
0.000000	0.000000	0.000000	0.000000	0.000000	1.000132	0.000000	0.000000	
0.707821	0.000000	0.706394	0.000000	0.000000	0.000000	0.000000	0.000000	
0.000000	0.707928	0.000001	0.000000	0.000000	0.000000	0.706346	0.000000	
0.000000	0.000003	0.000000	0.000000	0.000000	0.000000	0.709731	0.704475	
0.025600	0.997741	0.000000	0.000000	0.062245	0.000000	0.000497	0.000000	
0.000000	0.000000	0.000000	0.000000	1.000112	0.000000	0.000000	0.000000	
0.000277	0.000270	0.000017	0.000000	0.700427	0.707093	0.094398	0.024543	
0.000000	0.707656	0.000000	0.001350	0.000001	0.000000	0.000000	0.707484	
0.000000	0.000000	0.000000	0.000004	0.706699	0.000000	0.000000	0.707538	
0.706686	0.000000	0.000000	0.000000	0.000000	0.000000	0.000000	0.707528	
0.000000	0.000000	0.000000	0.000000	0.000000	0.706225	0.708154	0.000000	
0.709262	0.000045	0.000006	0.000000	0.000000	0.000012	0.707089	0.000000	
0.998457	0.096831	0.083262	0.000000	0.002457	0.000001	0.000000	0.000000	
0.000000	0.000000	0.000000	0.000000	0.000000	0.000000	1.000003	0.000000	
0.706433	0.707784	0.000109	0.000001	0.000000	0.000000	0.000000	0.000000	
0.000000	0.000000	0.000000	0.706517	0.000000	0.000000	0.000000	0.707706	
0.000000	0.000000	1.000035	0.000000	0.000000	0.000000	0.000000	0.000000	
0.000131	0.000011	0.665731	0.001614	0.746286	0.000101	0.000000	0.000000	
0.000000	0.000000	0.000000	0.708669	0.000000	0.706020	0.000000	0.000000	
0.000002	0.707839	0.706382	0.000000	0.000000	0.000000	0.000000	0.000000	
0.000000	0.000000	0.000000	0.707627	0.706595	0.000000	0.000000	0.000000	
0.000000	0.566889	0.000000	0.823805	0.000000	0.000000	0.000841	0.000000	
0.963314	0.000001	0.263760	0.000033	0.000000	0.000000	0.054236	0.000000	
0.722424	0.011709	0.000000	0.000000	0.000000	0.000000	0.000000	0.694103	
0.000004	0.025100	0.000240	0.000818	0.002792	0.706739	0.000000	0.707023	
0.056845	0.706457	0.000001	0.000000	0.000000	0.705787	0.000000	0.000000	
0.000000	0.000000	0.000003	0.000000	0.000000	0.000000	0.711094	0.707722	
0.006527	0.086756	0.086826	0.992405	0.000000	0.005299	0.000000	0.000000	
0.000000	0.000000	0.000000	0.707108	0.000000	0.707106	0.000000	0.000000	
0.000000	0.000000	1.002063	0.000000	0.000000	0.000000	0.000000	0.000000	
0.002167	0.706591	0.000361	0.048201	0.002025	0.000000	0.000000	0.705993	
0.000150	0.000016	0.751818	0.000000	0.659373	0.000004	0.000000	0.000000	
0.506160	0.043042	0.026583	0.000000	0.507918	0.000000	0.000000	0.695171	
0.000000	0.000000	0.719849	0.000000	0.000002	0.000000	0.694131	0.000000	
0.043293	0.706514	0.706382	0.000000	0.000000	0.000000	0.000000	0.000000	
0.000000	0.000811	0.007437	0.720336	0.694074	0.000000	0.000000	0.000020	
0.000001	0.000000	0.711004	0.000000	0.000000	0.000000	0.000000	0.703840	
0.659021	0.053706	0.043013	0.001606	0.742779	0.000100	0.094091	0.024121	
0.020806	0.000698	0.000493	0.012002	0.000002	0.692376	0.721634	0.000000	
0.000000	0.704107	0.000000	0.710094	0.000000	0.000000	0.000018	0.000000	
0.000000	0.000000	0.000000	0.000000	0.707902	0.000000	0.707815	0.000000	
0.707426	0.023782	0.706396	0.000000	0.000000	0.000000	0.000000	0.000000	
0.708201	0.074345	0.000000	0.702764	0.000080	0.000000	0.000000	0.000000	
0.723542	0.724926	0.000044	0.000001	0.000000	0.000000	0.000000	0.000000	
0.439802	0.000496	0.442626	0.000924	0.005279	0.782272	0.000000	0.000001	
0.000000	0.000000	0.000000	0.000000	0.000000	1.000132	0.000000	0.000000	
0.000275	0.000000	0.000275	0.000041	0.707170	0.707044	0.000000	0.000001	
0.773575	0.000025	0.000001	0.000000	0.000000	0.633716	0.000000	0.000000	
0.000000	0.000001	0.000000	0.000051	0.998767	0.000000	0.000002	0.050505	
0.000623	1.005628	0.000000	0.000000	0.000000	0.000000	0.000000	0.005526	
