0.707226	0.000000	0.000001	0.706990	0.000000	0.000000	0.000000	0.000000	
0.000000	1.001990	0.000000	0.000000	0.000000	0.000000	0.000000	0.000000	
0.000346	0.708295	0.000000	0.000006	0.000000	0.000000	0.000000	0.705926	
0.000000	0.000000	0.000000	0.707644	0.000000	0.706657	0.000000	0.000000	
0.000005	0.000037	0.709100	0.705119	0.000000	0.000000	0.000000	0.000000	
0.000000	0.706060	0.708171	0.000000	0.000001	0.000001	0.000000	0.000000	
0.000000	0.000000	0.000000	0.000000	0.000000	0.000000	0.707352	0.707435	
0.000000	0.000000	0.707158	0.000000	0.000000	0.000000	0.707055	0.000000	
0.000000	0.000001	0.000000	0.707558	0.706656	0.000000	0.000000	0.000000	
0.000000	0.000000	0.000000	0.707072	0.000000	0.000000	0.000000	0.707142	
0.000000	0.000000	0.000000	0.000000	0.000000	0.000000	0.000000	1.000001	
0.000000	0.000205	0.708965	0.000002	0.000000	0.705302	0.000000	0.000000	
0.000000	0.000000	0.000000	0.707766	0.000000	0.000000	0.706447	0.000000	
0.000000	0.708817	0.000000	0.000002	0.000000	0.705394	0.000004	0.000000	
0.000000	0.000000	0.000000	0.000000	0.000000	1.000000	0.000000	0.000000	
0.000000	0.000000	0.000000	0.000000	0.000000	0.000000	1.000000	0.000000	
0.706726	0.707489	0.000000	0.000000	0.000000	0.000000	0.000000	0.000000	
0.000000	0.000000	0.000000	0.000000	0.000000	0.707584	0.706790	0.000000	
0.709454	0.000000	0.000101	0.000000	0.000021	0.000000	0.705669	0.000001	
0.707165	0.000977	0.000007	0.000002	0.000000	0.000000	0.000000	0.708004	
0.706240	0.000001	0.000000	0.000000	0.000000	0.707973	0.000000	0.000000	
0.000497	0.708506	0.000168	0.000050	0.000000	0.000000	0.709012	0.000000	
0.000000	0.000000	1.002784	0.000000	0.000000	0.000000	0.000000	0.000000	
0.000000	0.000000	0.000000	0.000000	1.000000	0.000000	0.000000	0.000000	
0.000000	0.000000	0.708799	0.000001	0.705453	0.000000	0.000000	0.000000	
0.707270	0.000028	0.000271	0.000001	0.706947	0.000000	0.000000	0.000000	
0.000003	0.000028	0.000028	0.000000	0.709640	0.000000	0.707543	0.000000	
0.000000	0.000000	0.000000	1.000000	0.000000	0.000000	0.000000	0.000000	
0.706026	0.000000	0.708187	0.000001	0.000000	0.000000	0.000000	0.000000	
0.000000	0.000000	0.000000	0.000000	0.706357	0.707855	0.000000	0.000000	
0.001044	0.000154	0.705525	0.000257	0.000411	0.004586	0.000002	0.709271	
0.000000	0.000000	0.000000	0.000000	0.000000	0.707359	0.000000	0.707351	
0.000000	0.000000	0.000000	0.000000	0.706750	0.000000	0.000000	0.707463	
0.000071	0.708990	0.000103	0.000001	0.705219	0.000000	0.000000	0.000000	
1.000000	0.000000	0.000000	0.000000	0.000000	0.000000	0.000000	0.000000	
0.000001	0.707216	0.000000	0.707388	0.000000	0.000000	0.000000	0.000000	
0.000313	0.004472	0.000358	0.707058	0.000000	0.000047	0.000000	0.707142	
0.999548	0.023401	0.018881	0.000000	0.000002	0.000000	0.000000	0.000000	
0.712363	0.000028	0.000270	0.000001	0.712037	0.000000	0.000000	0.000000	
0.000001	0.000000	0.000000	0.707527	0.706687	0.000000	0.000000	0.000000	
0.000170	0.703907	0.713058	0.000001	0.000001	0.000230	0.000000	0.000232	
0.705708	0.000000	0.708504	0.000000	0.000000	0.000000	0.000000	0.000000	
0.004244	0.714517	0.000000	0.000000	0.000000	0.700950	0.000004	0.000000	
0.000000	0.000000	0.000000	0.000000	0.000000	0.710785	0.709986	0.000000	
0.710567	0.711353	0.000000	0.000000	0.000000	0.000000	0.000000	0.000000	
0.706060	0.000000	0.000000	0.000000	0.000021	0.000000	0.709079	0.000001	
0.581200	0.176429	0.002704	0.046786	0.000040	0.000014	0.041602	0.792442	
0.000000	0.000000	0.000000	0.000000	0.706358	0.707855	0.000000	0.000000	
0.000005	0.000037	0.709100	0.705119	0.000000	0.000000	0.000000	0.000000	
0.000010	0.708625	0.000003	0.000001	0.707600	0.000000	0.000000	0.000000	
0.000000	0.000881	0.708845	0.000002	0.000000	0.705422	0.000000	0.000000	
0.000000	0.000000	0.000000	0.706385	0.000001	0.000000	0.707829	0.000000	
0.000000	0.000000	0.707148	0.000000	0.000000	0.000000	0.707066	0.000000	
0.000000	0.000000	0.748325	0.000000	0.668691	0.000000	0.000000	0.000000	
0.706240	0.000001	0.000000	0.000000	0.000000	0.707973	0.000000	0.000000	
0.000000	0.707216	0.000000	0.707388	0.000000	0.000000	0.000000	0.000021	
0.000000	0.000000	0.000000	0.000000	1.000000	0.000000	0.000000	0.000000	
0.707371	0.000000	0.000001	0.707136	0.000001	0.000000	0.000004	0.000000	
0.000817	0.999846	0.000000	0.000001	0.000023	0.006810	0.000000	0.021482	
0.000497	0.708506	0.000208	0.000050	0.000000	0.000000	0.709012	0.000000	
0.000000	0.000000	0.000000	1.000000	0.000000	0.000000	0.000000	0.000000	
0.002887	0.000004	0.000001	0.000044	0.699730	0.000000	0.000000	0.726388	
0.000004	0.000040	0.000001	0.000000	0.705381	0.000000	0.708852	0.000000	
0.000000	0.000000	0.000000	0.000000	0.000000	1.000000	0.000000	0.000000	
0.000000	0.000000	0.000000	0.000000	0.000000	0.000000	0.707114	0.707173	
0.001032	0.000152	0.705141	0.010786	0.000411	0.004752	0.000002	0.708969	
0.000000	0.000000	0.000000	0.000000	0.000000	0.707472	0.000000	0.706742	
0.000007	0.705838	0.000000	0.000006	0.000027	0.000000	0.000000	0.718170	
0.000000	0.000000	0.000000	0.000000	0.000000	0.000000	0.000000	1.005177	
0.000000	0.000000	0.000000	0.000000	0.000000	0.000000	1.000000	0.000000	
0.000000	0.000000	0.000000	0.710061	0.000000	0.709726	0.000000	0.000000	
0.000000	0.000000	1.006198	0.000000	0.000000	0.000000	0.000000	0.000000	
0.018576	0.706264	0.037856	0.000000	0.000000	0.000000	0.707441	0.000000	
0.706302	0.000000	0.000000	0.000000	0.000021	0.000000	0.709322	0.000001	
0.100364	0.007803	0.000001	0.002552	0.994917	0.000000	0.000000	0.000000	
0.022115	0.000415	0.000803	0.707211	0.706656	0.000000	0.000427	0.000000	
0.000000	0.000000	0.000000	0.000000	0.000000	0.015254	0.001742	1.000235	
0.000170	0.703907	0.713058	0.000001	0.000001	0.000230	0.000000	0.000232	
0.000021	0.000002	0.002034	0.000031	0.493149	0.492059	0.000000	0.723185	
0.000333	0.701408	0.000516	0.713057	0.000000	0.000000	0.004145	0.000019	
0.480815	0.000019	0.495876	0.000000	0.723151	0.000000	0.000000	0.000000	
0.699897	0.700653	0.024054	0.000000	0.000000	0.000000	0.137500	0.000000	
0.000000	0.000000	0.000000	0.694072	0.000000	0.719907	0.000000	0.000000	
0.653644	0.006268	0.000091	0.000000	0.772244	0.067212	0.000691	0.000000	
0.012263	0.693543	0.000351	0.000026	0.000000	0.000000	0.000000	0.720311	
0.716657	0.000001	0.000355	0.000000	0.000000	0.718417	0.032193	0.000000	
0.000000	0.000000	0.000000	0.000000	0.000000	0.000000	0.707364	0.707423	
0.029485	0.000000	0.000015	0.000170	0.701772	0.018466	0.733056	0.000000	
0.000000	0.000000	0.000000	0.000000	0.706331	0.708064	0.000000	0.000000	
0.000001	0.002158	0.000172	0.730124	0.000000	0.000000	0.000000	0.693411	
0.000000	0.000000	0.000000	0.000000	0.000000	0.000000	1.000000	0.000000	
0.067580	1.004141	0.009545	0.000000	0.000001	0.000000	0.000000	0.000000	
0.067523	0.067559	0.001804	0.946420	0.310166	0.020215	0.000000	0.000000	
0.000004	0.000037	0.709101	0.705119	0.000005	0.000000	0.000000	0.000000	
0.000000	0.000000	0.000000	0.000000	0.000000	1.000000	0.000000	0.000000	
0.707315	0.000000	0.000096	0.707080	0.000000	0.000000	0.001228	0.000000	
0.000000	0.000009	0.690626	0.000002	0.000000	0.723267	0.000000	0.000000	
0.693771	0.000976	0.000351	0.000026	0.000000	0.000000	0.000000	0.720196	
0.000000	0.000000	1.002065	0.002972	0.000000	0.000000	0.000000	0.037844	
0.000000	0.000000	0.000000	0.706423	0.000000	0.000000	0.707867	0.000000	
