0.000000	0.000000	0.000000	0.000000	0.000000	1.000003	0.000000	0.000000	
0.708969	0.000000	0.000000	0.000000	0.000000	0.000000	0.705242	0.000000	
0.000000	0.000000	0.000000	0.000000	0.000000	0.000000	1.000119	0.000000	
0.000000	0.000000	0.708761	0.000000	0.000000	0.000000	0.000000	0.705453	
0.000000	0.000000	0.000000	0.000000	0.706951	0.000000	0.000000	0.707265	
0.000003	0.000037	0.707252	0.000000	0.706976	0.000000	0.000000	0.000000	
0.000000	0.000000	0.000000	0.000000	0.706467	0.000000	0.707747	0.000000	
0.000178	0.707151	0.000001	0.000000	0.000000	0.000000	0.707077	0.000000	
0.000006	0.001050	0.709428	0.707946	0.000001	0.000000	0.000000	0.000000	
0.000031	0.707159	0.707056	0.000000	0.000001	0.000000	0.000000	0.000000	
0.707161	0.000001	0.707058	0.000000	0.000000	0.000000	0.000000	0.000000	
0.000449	0.705690	0.000874	0.708524	0.000001	0.000000	0.000000	0.000000	
0.707720	0.000008	0.000000	0.000000	0.706497	0.000001	0.000000	0.000000	
0.000000	0.000000	0.000000	0.709098	0.000000	0.000000	0.708035	0.000000	
0.000001	0.000000	0.000000	0.707336	0.000000	0.706891	0.000000	0.000000	
0.000000	0.000000	0.000000	0.707093	0.000000	0.000000	0.000000	0.707126	
0.706676	0.000000	0.000000	0.000000	0.000000	0.000000	0.000000	0.707557	
0.000000	0.000000	0.726243	0.000000	0.000000	0.723808	0.000000	0.000000	
0.000000	0.000000	0.000000	0.000000	0.000000	0.000000	0.000000	1.000001	
0.000000	0.000000	0.000000	0.707233	0.706987	0.000000	0.000000	0.000000	
1.001907	0.000000	0.000000	0.000000	0.000000	0.000000	0.000000	0.000000	
0.000000	0.000000	0.000000	0.000000	0.000000	0.706981	0.000001	0.707237	
0.709346	0.706832	0.000000	0.000000	0.000000	0.000000	0.000018	0.000000	
0.004467	0.711057	0.005580	0.000000	0.000000	0.707360	0.000001	0.000000	
0.000000	0.000000	0.000000	1.000171	0.000000	0.000000	0.000000	0.000000	
0.708040	0.000000	0.000000	0.706193	0.000000	0.000005	0.000000	0.000000	
0.000000	0.000000	0.000000	0.000000	0.707243	0.706984	0.000000	0.000000	
0.000000	0.000000	0.000000	0.000000	1.000002	0.000000	0.000000	0.000000	
0.708410	0.000000	0.000000	0.000000	0.000010	0.706666	0.000000	0.000000	
0.000000	0.000000	0.000000	0.000000	0.000000	0.000000	0.707089	0.707127	
0.000000	1.000622	0.000000	0.000000	0.000000	0.000000	0.000000	0.000000	
0.000000	0.000000	0.000000	0.000215	0.000000	0.706541	0.707974	0.000000	
0.000492	0.707244	0.000000	0.000000	0.707032	0.000000	0.000010	0.000000	
0.000000	0.000000	1.000687	0.000000	0.000000	0.000000	0.000000	0.000000	
0.002122	0.707080	0.000010	0.000003	0.000002	0.000000	0.000013	0.707522	
0.000000	0.000000	0.706824	0.000000	0.000000	0.000000	0.709893	0.000000	
0.004477	0.712650	0.005592	0.000000	0.000001	0.707017	0.000001	0.000000	
0.000628	0.025768	0.979107	0.000001	0.000000	0.000000	0.210200	0.000000	
0.000000	0.000000	0.000000	0.000000	0.706952	0.000000	0.000000	0.707266	
0.000001	0.000000	0.000000	0.706568	0.000000	0.707657	0.000000	0.000000	
0.000000	0.705626	0.000001	0.000000	0.000000	0.000000	0.708876	0.000000	
0.002104	0.701101	0.000010	0.000383	0.000002	0.000001	0.000013	0.713871	
0.704328	0.000000	0.006738	0.000000	0.000000	0.000000	0.000000	0.709862	
0.000000	0.000000	0.000000	1.000012	0.000000	0.000000	0.000000	0.000000	
0.000000	0.000000	0.000000	0.000000	0.000000	0.708137	0.706615	0.000000	
0.006883	0.000156	0.443969	0.556180	0.043175	0.000000	0.000000	0.713308	
0.705558	0.000001	0.711046	0.000000	0.000000	0.000000	0.000000	0.000000	
0.000000	0.000000	0.000000	0.696508	0.718167	0.000000	0.000000	0.000000	
0.000015	0.000164	0.707900	0.000000	0.000000	0.000000	0.706371	0.000000	
0.000000	0.000000	0.728879	0.003613	0.000000	0.729699	0.000000	0.000000	
0.000000	0.000000	0.000000	0.000000	1.000003	0.000000	0.000000	0.000000	
0.000000	0.000037	0.704465	0.000322	0.709747	0.000000	0.000001	0.000726	
0.000000	0.000000	0.000000	0.000000	0.700945	0.713230	0.000000	0.000000	
0.000013	0.000958	0.000000	0.715558	0.000034	0.000000	0.699288	0.000000	
0.001700	0.000095	0.708271	0.000000	0.000000	0.000000	0.000000	0.708214	
0.015917	0.994375	0.008642	0.000001	0.073622	0.000001	0.000011	0.073994	
0.000000	0.000000	0.000000	0.000000	0.000000	0.706980	0.000001	0.707237	
0.000449	0.705690	0.000874	0.708524	0.000001	0.000000	0.000000	0.000000	
0.000000	0.000000	0.000000	0.000000	0.706798	0.000000	0.707435	0.000000	
0.000000	0.000000	0.000000	0.000000	0.000000	0.000000	0.000000	1.000002	
0.000000	0.000000	0.000000	0.000000	0.000000	0.000000	0.706609	0.707606	
0.000492	0.707244	0.000000	0.000000	0.707032	0.000000	0.000010	0.000000	
0.000000	0.000000	0.000000	0.000000	0.000000	1.000003	0.000000	0.000000	
0.707251	0.000000	0.000000	0.000000	0.000006	0.706965	0.000000	0.000000	
0.000006	0.001050	0.709428	0.707946	0.000001	0.000000	0.000000	0.000000	
0.000031	0.707161	0.707058	0.000000	0.000001	0.000000	0.000000	0.000000	
0.709678	0.000000	0.000000	0.707826	0.000000	0.000000	0.000000	0.000000	
0.000000	0.000000	0.000000	0.000000	0.000000	0.000000	1.000119	0.000000	
0.720053	0.009510	0.000000	0.000000	0.000106	0.000002	0.727320	0.000000	
0.707720	0.000008	0.000000	0.000000	0.706497	0.000002	0.000000	0.000000	
0.704967	0.702469	0.110330	0.025454	0.000000	0.000156	0.000018	0.000000	
1.002952	0.000000	0.000000	0.000000	0.000000	0.000000	0.000000	0.000000	
0.001372	0.029166	0.703437	0.067094	0.706986	0.000000	0.000000	0.000000	
0.000000	0.000001	0.002829	0.493909	0.009250	0.000000	0.496148	0.717648	
0.009921	0.723739	0.029768	0.000009	0.039682	0.688565	0.013552	0.000000	
0.000079	0.000001	0.000000	0.000489	0.000000	0.708743	0.000000	0.706338	
0.713522	0.009423	0.000000	0.003522	0.015251	0.000997	0.720897	0.000000	
0.000000	0.000000	0.000000	0.707281	0.707035	0.000000	0.000000	0.000000	
0.000492	0.707244	0.000000	0.000000	0.707032	0.000000	0.000010	0.000000	
0.000000	0.000000	0.000000	0.000000	0.000000	0.000000	1.000119	0.000000	
0.045899	1.003267	0.041355	0.037680	0.000000	0.000000	0.000001	0.000728	
0.001653	0.091768	0.728289	0.018286	0.056201	0.676531	0.001448	0.000000	
0.709446	0.000000	0.000000	0.707595	0.000000	0.000005	0.000000	0.000000	
0.059316	0.000783	0.000000	0.717206	0.015381	0.001005	0.727021	0.000000	
0.492422	0.006542	0.000628	0.491328	0.000000	0.721497	0.000000	0.000000	
1.002315	0.022198	0.065143	0.000490	0.001494	0.000000	0.000000	0.000000	
0.710018	0.012252	0.005570	0.000000	0.000000	0.708394	0.000000	0.000000	
0.000000	0.000000	0.000000	0.000000	0.000000	0.000000	0.000000	1.000002	
0.000000	0.000000	0.708815	0.000000	0.000000	0.000000	0.000000	0.705399	
0.000000	0.000000	0.000000	0.000000	0.000000	0.708159	0.706637	0.000000	
0.000000	0.000000	0.000000	0.000000	0.000000	1.000003	0.000000	0.000000	
0.680353	0.001131	0.227979	0.006048	0.696430	0.000000	0.010087	0.000000	
0.002739	0.704178	0.046168	0.708528	0.000001	0.000000	0.000000	0.000000	
0.071211	0.703568	0.707059	0.000000	0.000000	0.000005	0.000000	0.000000	
0.000354	0.508162	0.015452	0.011405	0.498528	0.000494	0.000007	0.703219	
0.000074	0.001587	0.707950	0.706471	0.000001	0.000000	0.000000	0.000000	
0.000000	0.000000	0.000000	0.785006	0.000000	0.000000	0.000000	0.628897	
0.000000	0.000000	0.000000	0.000000	0.998418	0.000000	0.000000	0.076002	
0.000000	0.000000	0.000000	1.000012	0.000000	0.000000	0.000000	0.000000	
0.667773	0.011828	0.743231	0.039629	0.000000	0.000000	0.000000	0.000000	
