0.000000	0.000000	0.000000	0.000000	0.707084	0.000000	0.000000	0.707130	
0.000000	0.000000	0.000000	0.000000	0.000000	0.000000	0.000000	1.000005	
0.000000	0.000000	1.000000	0.000000	0.000000	0.000000	0.000000	0.000000	
0.000000	0.000000	0.000000	0.000000	0.000000	0.000000	0.707109	0.707105	
0.000000	0.000000	0.708867	0.727279	0.000001	0.000123	0.000000	0.000000	
0.000000	0.000000	0.000000	0.000000	0.000000	0.000000	1.000000	0.000000	
0.000000	0.708474	0.705737	0.000000	0.000003	0.000135	0.000000	0.000000	
0.000000	0.000000	0.000000	0.711949	0.000000	0.702232	0.000000	0.000000	
0.000000	0.000000	0.707113	0.000000	0.000000	0.707101	0.000000	0.000000	
0.000000	0.707084	0.000000	0.000000	0.000000	0.000000	0.000000	0.707130	
0.000000	0.000000	0.000000	0.000001	0.000000	0.706880	0.707334	0.000000	
0.000000	0.000000	0.707084	0.000000	0.000000	0.000000	0.000000	0.707130	
0.000000	0.000000	0.000000	1.000000	0.000000	0.000000	0.000000	0.000000	
0.000000	0.000000	0.000000	0.000000	0.707114	0.707100	0.000000	0.000000	
0.707437	0.000000	0.000000	0.000000	0.706778	0.000000	0.000000	0.000000	
0.000000	0.707041	0.000013	0.000000	0.707174	0.000000	0.000000	0.000000	
0.000000	0.000000	0.707048	0.000000	0.707166	0.000000	0.000000	0.000000	
0.707084	0.000000	0.000000	0.000000	0.000000	0.000000	0.000000	0.707130	
0.000000	0.710767	0.000001	0.000000	0.000002	0.000000	0.710920	0.000000	
0.000000	0.707168	0.000000	0.000000	0.000000	0.707046	0.000000	0.000000	
0.001403	0.000004	0.000021	0.707965	0.000000	0.000003	0.000007	0.706247	
0.000000	1.000001	0.000000	0.000000	0.000000	0.000000	0.000000	0.000000	
0.000000	0.000000	0.000000	0.000000	0.000000	0.707373	0.000000	0.706841	
0.000000	0.000011	0.000000	0.000000	0.707079	0.000000	0.707135	0.000000	
0.707195	0.000000	0.707019	0.000000	0.000000	0.000000	0.000000	0.000000	
0.000000	0.000000	0.000000	0.000000	1.000000	0.000000	0.000000	0.000000	
1.000287	0.000000	0.000000	0.000000	0.000000	0.000000	0.000000	0.000000	
0.707026	0.000001	0.000000	0.000000	0.000000	0.000000	0.707188	0.000000	
0.000000	0.704323	0.000000	0.710179	0.000000	0.000000	0.000000	0.000000	
0.707387	0.706827	0.000000	0.000000	0.000000	0.000000	0.000000	0.000000	
0.695701	0.000327	0.000016	0.719441	0.000000	0.000000	0.000650	0.000000	
0.000000	0.000000	0.000000	0.708308	0.000044	0.000004	0.705903	0.000011	
0.707169	0.000000	0.000000	0.000000	0.000001	0.707045	0.000000	0.000000	
0.000000	0.000000	0.000000	0.000000	0.000000	1.000000	0.000000	0.000000	
0.000000	0.000000	0.707026	0.000000	0.000000	0.000000	0.707188	0.000000	
0.000000	0.000000	0.000000	0.720141	0.693920	0.000000	0.000002	0.000000	
0.000000	0.000000	0.000000	0.000000	0.000000	1.000000	0.000000	0.000000	
0.000000	0.707084	0.000001	0.000000	0.000000	0.000000	0.000000	0.707130	
0.000000	0.000000	0.000000	0.720141	0.693920	0.000000	0.000002	0.000000	
0.000000	0.000000	0.000000	0.707172	0.000000	0.707041	0.000000	0.000000	
0.000000	0.000000	0.000000	0.000000	0.000000	0.000000	0.000000	1.000006	
0.000002	0.000012	0.706855	0.707362	0.000001	0.000000	0.000001	0.000000	
0.000000	0.000000	0.000000	0.000000	0.703179	0.712705	0.000000	0.000000	
0.000004	0.000000	0.000004	0.000000	0.000006	0.002691	0.704843	0.709358	
0.000000	0.000000	0.000000	0.000000	0.000000	0.000000	1.000001	0.000000	
0.000000	0.000000	0.000000	0.707084	0.000000	0.000000	0.000000	0.707130	
0.702605	0.029083	0.019090	0.031349	0.709698	0.000000	0.000000	0.021979	
0.000000	0.707031	0.000063	0.000000	0.000002	0.000000	0.707183	0.000000	
0.000000	0.000000	0.707084	0.000000	0.000000	0.000000	0.000000	0.707130	
0.000000	0.705741	0.000000	0.000000	0.708606	0.000000	0.000000	0.000000	
0.000000	0.000000	0.707028	0.000000	0.000000	0.000000	0.707191	0.000000	
0.711666	0.000000	0.000000	0.000000	0.000002	0.702518	0.000000	0.000070	
0.016877	0.000013	0.711138	0.000000	0.000002	0.702850	0.000000	0.000000	
0.707408	0.706848	0.000000	0.000000	0.000000	0.000000	0.000000	0.000000	
0.693583	0.000000	0.002531	0.720771	0.000000	0.000000	0.000000	0.000000	
0.000000	0.000000	0.000000	0.000001	0.000000	0.706941	0.707395	0.000000	
0.707195	0.000000	0.707019	0.000000	0.000000	0.000000	0.000000	0.000000	
0.000000	0.000000	0.000000	0.707466	0.000000	0.000000	0.706749	0.000000	
0.000000	0.706204	0.000000	0.000001	0.000000	0.708106	0.000000	0.000000	
0.055301	0.001120	0.991247	0.004648	0.004851	0.122816	0.013562	0.000170	
0.000000	0.707010	0.704278	0.000000	0.000003	0.064273	0.000000	0.000000	
0.000000	0.000000	0.000000	1.000000	0.000000	0.000000	0.000000	0.000000	
0.043231	0.998414	0.024289	0.026091	0.005407	0.000000	0.000000	0.000000	
0.000000	0.000000	0.000000	0.000000	0.000000	0.711468	0.000000	0.702724	
0.000000	0.000000	0.000000	0.000000	0.705095	0.000000	0.000000	0.709113	
0.000000	0.000000	0.000000	0.000000	1.000000	0.000000	0.000000	0.000000	
0.000000	0.000000	0.707024	0.000000	0.707241	0.000012	0.000000	0.000000	
0.000000	0.706883	0.000000	0.707390	0.000000	0.000000	0.000000	0.000000	
0.503829	0.000048	0.004220	0.505198	0.045937	0.000000	0.000000	0.699145	
0.707026	0.000001	0.000000	0.000000	0.000000	0.000000	0.707188	0.000000	
0.000000	0.000011	0.000000	0.000000	0.707025	0.000000	0.707190	0.000000	
1.000286	0.000000	0.000000	0.000000	0.000000	0.000000	0.000000	0.000000	
0.000000	0.000000	0.707025	0.001080	0.000000	0.000000	0.707188	0.000000	
0.506721	0.000001	0.000000	0.000000	0.000000	0.000002	0.506838	0.700755	
0.011281	0.000095	0.692877	0.720128	0.000000	0.039701	0.000000	0.000000	
0.000000	0.000000	0.707084	0.000000	0.000000	0.000000	0.000000	0.707130	
0.000000	0.000000	0.000000	0.000000	0.698669	0.717216	0.000000	0.000000	
0.000000	0.000000	0.000000	0.000000	0.707065	0.000000	0.005195	0.707130	
0.014631	0.786853	0.000000	0.049116	0.042695	0.000000	0.613717	0.000000	
0.000000	0.000000	0.000000	0.000000	1.000000	0.000000	0.000000	0.000000	
0.000000	0.000000	0.000000	0.000000	0.000000	0.000000	1.000000	0.000000	
0.715323	0.000000	0.000132	0.000000	0.107740	0.704081	0.000000	0.000000	
0.000447	0.016108	0.680852	0.022363	0.732037	0.000000	0.000000	0.000000	
0.502442	0.502045	0.703920	0.000000	0.000000	0.000000	0.000000	0.000000	
0.000238	0.008567	0.000092	0.000512	0.670615	0.000000	0.741841	0.000000	
0.000000	0.000000	0.000000	0.000000	0.000000	0.000000	0.000000	1.000019	
0.831533	0.037718	0.008028	0.072408	0.000000	0.000000	0.000000	0.549396	
0.030382	0.003260	0.516680	0.528302	0.000000	0.693911	0.119582	0.000000	
0.013398	0.706957	0.000000	0.000000	0.000000	0.000000	0.000000	0.707131	
0.000000	0.000000	0.000000	0.695748	0.000462	0.718286	0.000000	0.000000	
0.493878	0.491091	0.034976	0.716725	0.000000	0.000000	0.000000	0.000000	
0.009872	0.000542	0.000597	0.000008	0.000000	0.702280	0.000000	0.711837	
0.007825	0.000011	0.008193	0.721562	0.000000	0.000000	0.000000	0.693495	
0.000000	0.000000	0.000000	0.707105	0.707109	0.000000	0.000000	0.000000	
0.071084	0.071028	0.994949	0.001894	0.000000	0.000000	0.000000	0.000000	
0.009490	0.711761	0.025438	0.701577	0.034306	0.000121	0.000001	0.000000	
0.003345	0.707187	0.707019	0.000000	0.000000	0.000000	0.000000	0.000000	
0.707408	0.706848	0.000000	0.000000	0.000000	0.000000	0.000000	0.000000	
0.516802	0.011776	0.505720	0.040974	0.689453	0.000000	0.000000	0.000000	
0.000000	0.000000	0.000000	1.025870	0.017292	0.000000	0.000002	0.000000	
