0.000000	0.000000	0.000000	0.000000	0.000000	0.000000	0.000000	1.000000	
0.000000	0.000000	0.000000	0.000000	0.707695	0.000000	0.706518	0.000000	
0.000001	0.000000	0.000168	0.707156	0.000000	0.707134	0.000000	0.000000	
0.000002	0.000027	0.706909	0.000000	0.000000	0.000000	0.000000	0.707306	
0.000000	0.000000	0.705908	0.000012	0.708379	0.000000	0.000000	0.000018	
0.000000	0.000000	0.000000	0.000000	1.000000	0.000000	0.000000	0.000000	
0.000000	0.000000	0.000000	0.708482	0.705984	0.000000	0.000000	0.000000	
0.000000	0.706640	0.000000	0.000000	0.000000	0.000000	0.707573	0.000000	
0.000000	0.000000	0.000000	0.000000	0.000000	0.706853	0.707745	0.000000	
0.000000	0.000000	0.000000	0.000000	0.707297	0.000000	0.000000	0.706916	
0.707017	0.000000	0.707197	0.000000	0.000000	0.000000	0.000000	0.000000	
0.000000	0.000000	0.707093	0.000000	0.000000	0.707121	0.000000	0.000000	
0.000000	0.000000	0.000000	0.000665	0.708102	0.707069	0.000000	0.000000	
1.000000	0.000000	0.000000	0.000000	0.000000	0.000000	0.000000	0.000000	
0.708694	0.000000	0.000000	0.000000	0.000000	0.708845	0.000000	0.000000	
0.707026	0.707187	0.000000	0.000000	0.000000	0.000000	0.000000	0.000000	
0.000000	1.000000	0.000000	0.000000	0.000000	0.000000	0.000000	0.000000	
0.000000	0.000000	0.000000	0.000000	0.000000	1.000000	0.000000	0.000000	
0.707066	0.000000	0.000000	0.707147	0.000000	0.000000	0.000000	0.000000	
0.000000	0.705695	0.000006	0.708518	0.000000	0.000000	0.000000	0.000000	
0.706847	0.000000	0.000000	0.000000	0.000000	0.000000	0.000000	0.707367	
0.706954	0.000000	0.000000	0.000000	0.707260	0.000000	0.000000	0.000000	
0.000000	0.707101	0.000000	0.000000	0.000000	0.707113	0.000000	0.000000	
0.706635	0.000000	0.000000	0.000000	0.000000	0.000000	0.707578	0.000000	
0.000000	0.000000	0.707070	0.000000	0.000000	0.000000	0.707144	0.000000	
0.000000	0.000000	0.000000	0.000000	0.000000	0.000000	1.000000	0.000000	
0.000000	0.000000	0.000000	0.707817	0.000000	0.000000	0.000000	0.706395	
0.000000	0.706574	0.000000	0.000000	0.000000	0.000000	0.000000	0.707639	
0.000000	0.707165	0.000000	0.000000	0.707049	0.000000	0.000000	0.000007	
0.000009	0.000000	0.000000	0.000000	0.000000	0.707854	0.000000	0.706359	
0.000000	0.000000	0.000000	0.000000	0.000000	0.000000	0.707891	0.706366	
0.000000	0.000000	0.000000	1.000000	0.000000	0.000000	0.000000	0.000000	
0.000000	0.707023	0.707191	0.000000	0.000000	0.000000	0.000000	0.000000	
0.000000	0.000000	1.000000	0.000000	0.000000	0.000000	0.000000	0.000000	
0.001002	0.000137	0.706430	0.707887	0.000000	0.000000	0.000000	0.000000	
0.000000	0.000000	0.000000	0.706638	0.000000	0.000000	0.707575	0.000000	
0.000000	0.707022	0.000000	0.000000	0.707192	0.000000	0.000000	0.000000	
0.001004	0.000043	0.705139	0.709172	0.000000	0.000000	0.000000	0.000000	
0.007239	0.085145	0.000160	0.702195	0.039777	0.000001	0.000000	0.705763	
0.000000	0.000000	0.000000	0.710704	0.000000	0.000000	0.706181	0.000000	
0.000000	0.000000	0.000000	1.000000	0.000000	0.000000	0.000000	0.000000	
0.000000	0.000000	0.000000	0.000000	0.000000	0.000000	0.708140	0.710730	
0.000000	0.000000	0.000000	0.000000	0.000000	1.000000	0.000000	0.000000	
0.000000	0.000000	0.707114	0.000000	0.000000	0.707142	0.000000	0.000000	
0.000001	0.000000	0.000000	0.708117	0.000000	0.706147	0.000000	0.000000	
0.699260	0.000000	0.001336	0.719263	0.000000	0.000000	0.000000	0.000000	
0.690921	0.000000	0.000000	0.006227	0.000000	0.027788	0.000000	0.722392	
0.000493	0.034255	0.033575	0.000000	0.998494	0.001075	0.001859	0.027141	
0.000009	0.000000	0.000000	0.000000	0.000000	0.707854	0.000000	0.706359	
0.668145	0.000000	0.727244	0.009303	0.000000	0.000000	0.000000	0.157047	
0.000002	0.000027	0.708607	0.000000	0.000000	0.000000	0.000000	0.709005	
0.477137	0.501753	0.000000	0.000000	0.000000	0.029439	0.001284	0.728626	
0.000000	0.000000	0.000000	0.000000	0.708832	0.000000	0.705377	0.000000	
0.699042	0.717307	0.000000	0.000000	0.000000	0.000000	0.000000	0.000000	
0.167338	0.975346	0.130307	0.013817	0.059466	0.000000	0.001323	0.000000	
0.000000	0.000000	1.000000	0.000000	0.000000	0.000000	0.000000	0.000000	
0.994735	0.039932	0.024168	0.000000	0.000000	0.009569	0.093250	0.000000	
0.000000	0.707097	0.000019	0.000000	0.000000	0.707117	0.000000	0.000000	
0.000000	0.707061	0.000000	0.000000	0.000000	0.000000	0.707153	0.000000	
0.000000	0.692160	0.720200	0.019276	0.000000	0.000000	0.000000	0.043070	
0.000000	0.000000	0.705871	0.000000	0.708342	0.000000	0.000000	0.000033	
0.024457	0.000668	0.718277	0.000000	0.119945	0.000000	0.684322	0.035108	
0.000000	0.000000	0.000000	0.000000	0.000000	0.000000	0.000000	1.000000	
0.000002	0.000000	0.000000	0.000665	0.708103	0.706135	0.000000	0.000000	
0.001602	0.464231	0.000000	0.003584	0.519797	0.000001	0.000000	0.717186	
0.706601	0.000000	0.000000	0.000309	0.000000	0.709959	0.000000	0.000000	
0.000000	0.705693	0.000007	0.708517	0.000000	0.000000	0.000000	0.000000	
0.705316	0.000000	0.000000	0.000000	0.708893	0.000000	0.000000	0.000000	
0.000000	0.000000	0.000000	0.000000	0.000000	0.000000	1.000000	0.000000	
0.000000	0.000000	0.000000	0.000002	0.000000	0.707705	0.707760	0.000000	
0.700219	0.000000	0.000000	0.000000	0.000000	0.000000	0.713928	0.000000	
0.000000	0.000000	0.000000	0.717317	0.697005	0.000000	0.000000	0.000000	
0.000000	0.981786	0.000000	0.000000	0.000000	0.000000	0.000000	0.189991	
0.000000	0.000000	0.706011	0.000000	0.708482	0.004111	0.000000	0.000002	
0.000086	0.000671	0.000055	0.973880	0.013130	0.006003	0.027859	0.225997	
0.013638	0.002167	0.706300	0.707891	0.000000	0.000000	0.000000	0.000000	
0.000002	0.000002	0.006429	0.000067	0.000000	0.000001	0.706871	0.707314	
0.703189	0.000000	0.070034	0.000000	0.706974	0.000000	0.000000	0.028478	
0.000000	0.000000	0.000000	0.703595	0.710601	0.000000	0.000000	0.000000	
0.000043	0.000829	0.000001	0.000021	0.997220	0.001072	0.001854	0.085952	
0.004835	0.000000	0.000118	0.706173	0.034687	0.707192	0.000000	0.000000	
0.707066	0.000000	0.000000	0.707147	0.000000	0.000000	0.000000	0.000000	
0.000000	0.705687	0.000007	0.708511	0.000000	0.000000	0.000000	0.004294	
0.523068	0.459971	0.118899	0.005163	0.000000	0.000000	0.707575	0.000000	
0.519753	0.014458	0.000000	0.533911	0.000141	0.000000	0.666773	0.000000	
0.019570	0.001360	0.000793	0.000029	0.510012	0.492137	0.705555	0.000000	
0.703311	0.000000	0.000000	0.001767	0.000000	0.706655	0.080673	0.000000	
0.000000	0.000000	0.711437	0.000019	0.000000	0.000765	0.001323	0.703317	
0.000000	0.000000	0.000000	0.000000	0.000000	0.000000	1.000000	0.000000	
0.074521	0.680152	0.009788	0.000102	0.000000	0.729252	0.000000	0.000000	
0.000000	0.000000	0.000000	0.000000	0.000000	0.708169	0.706428	0.000000	
0.000000	0.707024	0.707192	0.000000	0.000000	0.000000	0.000000	0.000000	
0.607622	0.797152	0.032280	0.000000	0.000000	0.000000	0.020675	0.000000	
0.000031	0.681883	0.000000	0.004922	0.003318	0.000001	0.000000	0.731485	
0.000009	0.000000	0.000000	0.000000	0.000000	0.707854	0.000000	0.706359	
0.000000	0.000000	0.709230	0.000000	0.000000	0.709258	0.001925	0.000000	
0.000005	0.000000	0.000000	0.000175	0.708424	0.704939	0.000000	0.035127	
0.000000	0.000000	0.000000	0.000000	0.000000	1.000000	0.000000	0.000000	
0.000000	0.688563	0.016855	0.000000	0.000000	0.037326	0.724028	0.000000	
0.707403	0.001718	0.000000	0.005106	0.003443	0.000001	0.000000	0.706782	
