0.000000	0.000005	0.000000	0.000005	0.707061	0.000000	0.707153	0.000000	
0.706687	0.000000	0.000187	0.000000	0.000067	0.707893	0.000014	0.000000	
0.000000	0.000000	0.000000	1.000000	0.000000	0.000000	0.000000	0.000000	
0.000000	0.000000	0.000000	0.707277	0.000000	0.000000	0.000000	0.707215	
0.000000	0.706300	0.000000	0.000000	0.000000	0.707912	0.000000	0.000000	
0.707189	0.000000	0.000000	0.000002	0.000009	0.000110	0.000000	0.707025	
0.000000	0.000000	0.706875	0.000000	0.000000	0.000000	0.707339	0.000000	
0.000000	0.706574	0.000000	0.000000	0.000000	0.000000	0.707639	0.000000	
0.000000	0.000000	0.706399	0.707814	0.000000	0.000000	0.000000	0.000000	
0.000000	0.706854	0.000000	0.000000	0.000000	0.000000	0.000000	0.707367	
0.000000	0.000000	0.707065	0.000000	0.000000	0.000001	0.000022	0.707150	
0.000005	0.707071	0.000005	0.707143	0.000000	0.000000	0.000000	0.000000	
0.000000	0.000000	0.000000	0.000000	0.000000	0.000000	0.000000	1.000000	
0.000000	0.000000	0.000000	0.000000	0.000000	0.709438	0.000000	0.708928	
0.706575	0.000000	0.000000	0.707638	0.000000	0.000000	0.000000	0.000000	
1.000000	0.000000	0.000000	0.000000	0.000000	0.000000	0.000000	0.000000	
0.000000	0.000004	0.000077	0.707111	0.000001	0.707126	0.000000	0.000000	
0.000000	0.000000	0.000000	0.704282	0.709920	0.000000	0.000000	0.000000	
0.000000	0.000000	0.000000	0.000000	0.000004	0.000000	0.710698	0.703679	
0.000000	0.000000	0.000000	0.000000	0.000000	0.704382	0.709821	0.000000	
0.000000	0.000000	0.000000	0.000000	0.000000	1.007243	0.000000	0.000000	
0.000000	0.000000	0.000000	0.000000	0.000000	0.000000	1.000006	0.000000	
0.000000	0.000000	0.000000	0.000000	0.710779	0.000006	0.000000	0.703809	
0.706595	0.000000	0.000000	0.000000	0.000000	0.000000	0.707618	0.000000	
0.000000	0.000000	1.000000	0.000000	0.000000	0.000000	0.000000	0.000000	
0.000009	0.707400	0.706816	0.000000	0.000000	0.000000	0.000000	0.000000	
0.000000	0.000000	0.707112	0.000000	0.000000	0.707101	0.000000	0.000000	
0.000000	0.000000	0.000000	0.000000	1.000000	0.000000	0.000000	0.000000	
0.707155	0.000000	0.000000	0.000000	0.707058	0.000000	0.000000	0.000000	
0.000052	0.000011	0.000001	0.704584	0.000000	0.000000	0.709621	0.000000	
0.000000	1.000000	0.000000	0.000000	0.000000	0.000000	0.000000	0.000000	
0.707036	0.000000	0.707177	0.000000	0.000000	0.000000	0.000000	0.000000	
0.000000	0.000000	0.707015	0.000000	0.707198	0.000000	0.000000	0.000000	
0.000000	0.000000	0.000000	0.000000	0.707551	0.706662	0.000000	0.000000	
0.707026	0.707187	0.000000	0.000000	0.000000	0.000000	0.000000	0.000000	
0.000000	0.707016	0.000000	0.000000	0.707197	0.000000	0.000000	0.000000	
0.707423	0.000000	0.000000	0.000000	0.000000	0.000000	0.707721	0.000000	
0.000000	0.000000	0.707112	0.000000	0.000000	0.707101	0.000000	0.000000	
0.706906	0.000000	0.000000	0.000002	0.000009	0.000110	0.000000	0.707309	
0.000000	0.000000	0.000000	0.000000	0.000000	1.000000	0.000000	0.000000	
0.007120	0.999868	0.006899	0.000000	0.000000	0.000000	0.000000	0.012987	
0.999454	0.000001	0.000000	0.000000	0.000178	0.018901	0.027103	0.000023	
0.000281	0.697470	0.004812	0.000000	0.000000	0.000114	0.000000	0.716600	
0.000000	0.000000	0.000000	0.000000	0.707120	0.707093	0.000000	0.000000	
0.000026	0.707400	0.706816	0.000000	0.000000	0.000000	0.000000	0.000000	
0.000000	0.000077	0.000001	0.707112	0.000001	0.707125	0.000000	0.000000	
0.000000	0.000000	0.000000	0.707156	0.000000	0.000000	0.000000	0.707057	
0.694678	0.043594	0.692289	0.180609	0.056090	0.000000	0.000000	0.022564	
0.710656	0.000000	0.000000	0.000000	0.703539	0.000858	0.000000	0.000000	
0.000002	0.001869	0.623393	0.753672	0.000000	0.011026	0.281434	0.000000	
0.000000	0.000000	0.000000	0.000000	0.707173	0.000006	0.000000	0.707081	
0.056915	0.000013	0.996808	0.000000	0.052667	0.019016	0.000010	0.000023	
0.000000	0.705265	0.049728	0.000000	0.707197	0.000000	0.000000	0.000000	
0.273042	0.558234	0.004820	0.783358	0.011693	0.000098	0.001064	0.003573	
0.000000	0.000000	0.000000	0.000000	1.000008	0.000000	0.000000	0.000000	
0.000000	0.000000	0.706875	0.000000	0.000000	0.000000	0.707339	0.000000	
0.000000	0.000005	0.000005	0.000000	0.000948	0.000000	0.704217	0.710067	
0.000000	0.707099	0.000000	0.000000	0.000000	0.707114	0.000000	0.000000	
0.707548	0.000000	0.000000	0.000000	0.000000	0.706665	0.000000	0.000000	
0.000000	0.000000	0.000000	0.000000	0.000000	0.707150	0.000000	0.707064	
0.000000	0.000000	0.500926	0.498943	0.707198	0.000000	0.000000	0.000000	
0.000000	0.000000	0.706905	0.000000	0.000000	0.000000	0.000022	0.707309	
0.439160	0.897861	0.028813	0.000000	0.011566	0.000098	0.001057	0.004350	
0.000000	0.000000	0.000000	1.000000	0.000000	0.000000	0.000000	0.000000	
0.000000	0.000000	0.000000	0.000000	0.000000	0.000000	1.000011	0.000000	
0.598164	0.000002	0.000000	0.801291	0.000000	0.011488	0.000000	0.000000	
0.000000	0.000000	0.000000	0.000000	0.000000	0.707087	0.707127	0.000000	
0.000000	0.000000	0.000000	0.000000	0.000000	0.000000	0.000000	1.000000	
0.001008	0.715251	0.000000	0.000000	0.000000	0.000000	0.700286	0.000000	
0.000000	0.000000	0.000000	0.707153	0.707061	0.000000	0.000000	0.000000	
0.000000	0.000000	0.000000	0.707778	0.000000	0.000000	0.708488	0.000000	
0.000000	0.000005	0.000000	0.000005	0.714928	0.000000	0.701045	0.000000	
0.495380	0.023624	0.132553	0.523700	0.008519	0.679806	0.000000	0.000000	
0.000000	0.703805	0.000000	0.705583	0.000000	0.000000	0.000000	0.082593	
0.000293	0.727685	0.005021	0.050546	0.000868	0.000120	0.000000	0.684030	
0.439629	0.898820	0.042455	0.000000	0.011584	0.000098	0.000003	0.004356	
0.001820	0.003832	0.000400	0.680459	0.007847	0.000066	0.733268	0.003463	
0.047445	0.064732	0.709127	0.000000	0.000000	0.000000	0.700499	0.000000	
0.000000	0.000000	0.000000	0.709178	0.000000	0.000000	0.000000	0.709078	
0.000000	0.000000	0.000000	0.000000	0.707120	0.707093	0.000000	0.000000	
0.000000	0.000000	0.000000	0.000000	0.000000	0.707149	0.000000	0.707064	
0.000000	0.000000	0.000000	0.000000	1.010381	0.000000	0.000000	0.006287	
0.000000	0.644264	0.000173	0.000000	0.764291	0.027967	0.000000	0.000000	
0.000000	0.000000	0.707112	0.000000	0.000000	0.707101	0.000000	0.000000	
0.000000	0.000000	0.000000	0.000000	0.707417	0.000000	0.707489	0.000000	
0.002084	0.015534	0.449563	0.523519	0.723819	0.000000	0.000000	0.000000	
0.007505	0.712972	0.693913	0.000000	0.000000	0.000000	0.100514	0.000000	
0.495732	0.000000	0.495831	0.032350	0.712280	0.003511	0.000000	0.000000	
0.010218	0.993803	0.000000	0.000000	0.000000	0.028069	0.000000	0.107071	
0.301222	0.638534	0.020565	0.000000	0.000000	0.707896	0.000000	0.000066	
0.000000	0.000000	0.000000	0.000000	0.706913	0.000000	0.000000	0.707301	
0.317252	0.639027	0.017230	0.000935	0.000000	0.000000	0.700499	0.000195	
0.000000	0.000000	0.000000	0.999857	0.000000	0.000000	0.000000	0.016932	
0.038380	0.053017	0.579421	0.812304	0.011693	0.000098	0.001064	0.003431	
0.000000	0.000000	0.000000	0.000000	0.000004	0.000000	0.710704	0.703685	
0.007710	0.000000	0.000002	0.000000	0.000432	0.999970	0.000000	0.000000	
0.001456	0.029215	0.028815	0.003827	0.000000	0.712256	0.700840	0.000000	
0.742395	0.029294	0.071537	0.000000	0.000996	0.000000	0.000023	0.665487	
0.973617	0.175691	0.021665	0.000341	0.103250	0.000038	0.000865	0.100439	
0.000000	0.000000	0.000000	0.000000	0.000000	0.000000	0.000000	1.000000	
