0.264760	0.678121	1.843131	0.730550	
0.722127	0.197399	2.931761	0.846868	
0.761534	0.219987	2.678182	0.000000	
0.181177	0.757462	3.392181	0.000001	
0.554581	0.360487	0.987448	0.671789	
0.019103	0.019104	0.027017	0.999286	
0.347964	0.580426	1.250408	0.715123	
0.165959	0.163982	0.236130	0.951516	
0.672982	0.265437	1.817066	0.739496	
0.469375	0.569915	0.871748	0.000000	
0.118191	0.118190	0.167148	0.971666	
0.076265	0.076281	0.107886	0.988439	
0.265440	0.258437	0.380539	0.867789	
0.577148	0.465328	0.888935	0.000000	
0.064951	0.064968	0.091888	0.991688	
0.221966	0.757213	2.640883	0.000002	
0.258427	0.265480	0.380722	0.868028	
0.339259	0.677524	1.513843	0.000000	
0.605825	0.337515	1.316499	0.650050	
0.179498	0.725952	3.032583	0.893181	
0.420618	0.425518	0.608223	0.541661	
0.000000	0.000000	0.000000	1.000001	
0.382034	0.576487	0.962494	0.630571	
0.676201	0.340745	1.502912	0.000000	
0.040889	0.040889	0.057826	0.996656	
0.342292	0.675315	1.493758	0.000000	
0.000000	0.000000	0.000000	1.617396	
0.078050	0.078054	0.110388	0.987778	
0.261486	0.265046	0.377823	0.858843	
0.251229	0.735274	2.256731	0.000000	
0.580419	0.463898	0.898340	0.000000	
0.761921	0.219461	2.691523	0.000000	
0.311150	0.618367	1.464172	0.770612	
0.425589	0.417682	0.609034	0.548573	
0.364908	0.548240	0.974076	0.672525	
0.264948	0.261478	0.377188	0.858025	
0.673423	0.263098	1.835774	0.745282	
0.461405	0.565333	0.885537	0.000000	
0.019103	0.019104	0.027017	0.999286	
0.678589	0.339452	1.514071	0.000000	
0.591953	0.328016	1.250950	0.715368	
0.550091	0.361479	0.970632	0.670782	
0.722140	0.196007	2.931092	0.850192	
0.179732	0.726888	3.036456	0.878949	
0.042245	0.042242	0.059747	0.996481	
0.260342	0.677496	1.873695	0.740751	
0.065827	0.065822	0.093098	0.991349	
0.169458	0.169609	0.239971	0.941321	
0.119498	0.119493	0.168997	0.971052	
0.000000	0.000000	0.000000	2.448965	
0.724266	0.189760	2.955629	0.852339	
0.264520	0.261725	0.376091	0.856613	
0.083994	0.084019	0.118841	0.985986	
0.336789	0.591210	1.204249	0.648638	
0.673730	0.262595	1.840309	0.746890	
0.555842	0.467671	0.857183	0.000000	
0.353256	0.556895	1.039118	0.645125	
0.422564	0.417968	0.601787	0.548279	
0.740495	0.225798	2.541675	0.006074	
0.019296	0.019297	0.027290	0.999272	
0.241893	0.742488	2.428287	0.000000	
0.259504	0.677984	1.881414	0.743426	
0.074642	0.074647	0.105570	0.988845	
0.582268	0.328617	1.213569	0.730086	
0.164868	0.165097	0.233655	0.944909	
0.185985	0.737106	2.971410	0.862144	
0.679092	0.338754	1.518583	0.000000	
0.040889	0.040888	0.057826	0.996663	
0.341271	0.676634	1.517476	0.000000	
0.463134	0.562740	0.877446	0.000000	
0.546488	0.366186	0.997515	0.629621	
0.117765	0.117758	0.166548	0.971914	
0.239985	0.244624	0.349302	0.886232	
0.083993	0.084021	0.118846	0.986009	
0.239481	0.230394	0.346091	0.907614	
0.192261	0.723402	2.819434	0.807024	
0.117571	0.117559	0.166280	0.972032	
0.453127	0.570138	0.915268	0.000000	
0.166360	0.166372	0.235296	0.943073	
0.249817	0.252416	0.359038	0.871238	
0.431211	0.611168	1.251715	0.000000	
0.616696	0.341970	1.270188	0.548778	
0.673818	0.262429	1.841779	0.747410	
0.289400	0.643333	1.553358	0.739622	
0.260485	0.724532	2.144226	0.009764	
0.074004	0.074005	0.104660	0.988995	
0.724310	0.189635	2.957896	0.852955	
0.259392	0.678049	1.882451	0.743785	
0.020789	0.020788	0.029400	0.999148	
0.416650	0.426992	0.611459	0.549816	
0.564028	0.462399	0.881339	0.000000	
0.678221	0.337947	1.520955	0.000000	
0.745551	0.235275	2.447540	0.000000	
0.040860	0.040859	0.057786	0.996675	
0.553503	0.363639	0.979001	0.659888	
0.372431	0.581262	1.092524	0.522642	
0.000000	0.000000	0.000000	2.931009	
0.724268	0.189754	2.955735	0.852368	
0.258691	0.703674	2.040158	0.499680	
0.196542	0.752324	3.085337	0.000001	
0.339250	0.545983	1.044917	0.729322	
0.168370	0.168390	0.238153	0.941664	
0.083994	0.084019	0.118841	0.985986	
0.064249	0.064249	0.090862	0.991711	
0.068923	0.068927	0.097481	0.990494	
0.557063	0.462794	0.873001	0.000054	
0.339118	0.677626	1.514756	0.000000	
0.573656	0.346784	1.113500	0.647958	
0.118195	0.118187	0.167159	0.971705	
0.262770	0.259992	0.373604	0.858767	
0.577445	0.363608	1.088710	0.563749	
0.676971	0.256618	1.893273	0.769465	
0.019103	0.019104	0.027017	0.999286	
0.677977	0.338589	1.523129	0.000000	
0.000000	0.000000	0.000000	1.426844	
0.466408	0.558172	0.864925	0.000000	
0.219869	0.712615	2.415010	0.712499	
0.378332	0.546377	0.983389	0.653863	
0.753185	0.219989	2.653945	0.000000	
0.424215	0.417252	0.607535	0.551241	
0.341055	0.676640	1.520684	0.000000	
0.428111	0.599952	1.031076	0.000000	
0.729307	0.177411	3.089411	0.867070	
0.225238	0.710468	2.347113	0.694828	
0.042419	0.042420	0.059991	0.996407	
0.390676	0.564852	0.989282	0.484439	
0.331226	0.580218	1.240370	0.741720	
0.085635	0.085628	0.121111	0.985276	
0.000000	0.000000	0.000000	1.426844	
0.261490	0.671971	1.850721	0.731522	
0.570123	0.453733	0.927138	0.003648	
0.239210	0.230556	0.345330	0.906468	
0.665056	0.271840	1.744075	0.735364	
0.019296	0.019297	0.027290	0.999272	
0.074664	0.074670	0.105602	0.988841	
0.533788	0.333130	1.012975	0.758677	
0.115102	0.115094	0.162786	0.973198	
0.424787	0.416600	0.607121	0.551028	
0.752455	0.219815	2.653555	0.000000	
0.271926	0.718625	2.031345	0.022953	
0.591885	0.371956	1.118747	0.498310	
0.171989	0.172008	0.243268	0.939037	
0.679382	0.336284	1.531739	0.000000	
0.068924	0.068926	0.097478	0.990477	
0.584654	0.334844	1.224512	0.717360	
0.676470	0.246854	1.978242	0.795224	
0.509536	0.494470	0.731822	0.000048	
0.717217	0.210689	2.547026	0.723937	
0.256883	0.704556	2.059323	0.504539	
0.171992	0.172005	0.243257	0.939018	
0.117572	0.117559	0.166281	0.972034	
0.358924	0.551426	1.024423	0.641081	
0.078051	0.078052	0.110384	0.987755	
0.337268	0.547504	1.054725	0.735523	
0.457932	0.564095	0.895255	0.000000	
0.738883	0.248193	2.295022	0.000000	
0.018216	0.018217	0.025763	0.999360	
0.341307	0.676180	1.501472	0.007856	
0.040860	0.040859	0.057786	0.996678	
0.271882	0.271927	0.384598	0.839311	
0.646020	0.379140	1.276488	0.000000	
0.222609	0.741811	2.589845	0.000001	
0.019296	0.019297	0.027290	0.999272	
0.546669	0.366014	0.998434	0.630041	
0.420715	0.425302	0.607499	0.541295	
0.228111	0.709180	2.312329	0.685450	
0.000000	0.000000	0.000000	1.374340	
0.275822	0.644892	1.628886	0.795874	
0.675983	0.341055	1.500946	0.000000	
0.381949	0.560219	1.003960	0.536772	
0.745551	0.235275	2.447540	0.000000	
0.419336	0.422237	0.600677	0.545086	
0.194566	0.721005	2.769930	0.815308	
0.205958	0.759996	2.957961	0.009717	
0.468563	0.554551	0.852960	0.000000	
0.637571	0.325451	1.395198	0.557388	
0.720223	0.199314	2.701284	0.783503	
0.264289	0.261879	0.375500	0.855870	
0.659692	0.281824	1.671596	0.690525	
0.019296	0.019297	0.027290	0.999270	
0.338066	0.678376	1.521560	0.000000	
0.117959	0.117951	0.166825	0.971819	
0.069178	0.069179	0.097835	0.990397	
0.077798	0.077800	0.110028	0.987844	
0.582666	0.357958	1.118577	0.575226	
0.562633	0.459457	0.899466	0.003561	
0.140250	0.140256	0.198357	0.959881	
0.311150	0.618367	1.464172	0.770612	
0.411861	0.553877	0.939505	0.430283	
0.240472	0.229812	0.348847	0.911790	
0.509599	0.494508	0.731795	0.000048	
0.745142	0.236185	2.439595	0.000000	
0.083952	0.084096	0.119041	0.986918	
0.376836	0.563991	1.027877	0.545651	
0.386148	0.640062	1.239074	0.000000	
0.649357	0.375374	1.298385	0.008755	
0.437294	0.588809	0.992167	0.002290	
0.238265	0.705594	2.519080	0.751828	
0.117951	0.117959	0.166825	0.971819	
0.722154	0.195968	2.931805	0.850386	
