0.698638	0.271992	1.915056	0.503093	
0.173384	0.173296	0.245220	0.938318	
0.384520	0.596860	1.101129	0.409554	
0.678565	0.339753	1.514508	0.000015	
0.462954	0.556815	0.870654	0.005361	
0.029015	0.028989	0.041038	0.998878	
0.347903	0.627234	1.482415	0.570665	
0.602374	0.376657	1.135657	0.427302	
0.243142	0.667279	1.949941	0.866005	
0.462634	0.459396	0.656651	0.391016	
0.178032	0.744778	3.203327	0.598159	
0.114800	0.114751	0.162388	0.973570	
0.097289	0.097273	0.137591	0.980995	
0.333767	0.457116	0.777294	0.797157	
0.743883	0.224503	2.567999	0.001882	
0.242273	0.237086	0.347123	0.892094	
0.629305	0.468072	0.944842	0.046396	
0.000000	0.000000	0.000000	1.000001	
0.654147	0.255159	1.798901	0.866382	
0.339658	0.678544	1.513711	0.000000	
0.061832	0.061806	0.087448	0.992588	
0.463751	0.332578	0.790841	0.802245	
0.640185	0.353958	1.462570	0.452091	
0.737846	0.209821	2.900452	0.493303	
0.272118	0.693472	1.898814	0.502545	
0.221865	0.742037	2.590288	0.000001	
0.390286	0.621710	1.247684	0.293327	
0.029475	0.029468	0.041689	0.998416	
0.695196	0.277471	1.872623	0.470567	
0.326294	0.519947	0.978351	0.794335	
0.271535	0.693790	1.903977	0.503737	
0.244041	0.666825	1.941101	0.862523	
0.131493	0.131451	0.185992	0.965019	
0.172115	0.172067	0.243418	0.939087	
0.652380	0.336618	1.592560	0.482432	
0.463477	0.332730	0.789976	0.801603	
0.177671	0.758166	3.375441	0.001330	
0.730266	0.169778	3.228964	0.929544	
0.388920	0.593194	1.081030	0.401302	
0.264648	0.264447	0.374307	0.849055	
0.652009	0.255812	1.788577	0.861782	
0.676828	0.340341	1.508547	0.000000	
0.043318	0.043320	0.061266	0.996271	
0.000000	0.000000	0.000000	1.050742	
0.461745	0.467409	0.665582	0.376843	
0.170787	0.729820	3.202730	0.924436	
0.102789	0.102765	0.145381	0.978792	
0.757405	0.179520	3.286690	0.000725	
0.602711	0.395023	1.080985	0.382217	
0.610164	0.405309	1.101772	0.211742	
0.467048	0.551064	0.852044	0.019183	
0.352701	0.669013	1.435202	0.008416	
0.427692	0.365682	0.765514	0.796234	
0.314845	0.524068	1.019425	0.837139	
0.392076	0.595823	1.083082	0.374743	
0.597125	0.399755	1.056390	0.375879	
0.421362	0.595083	1.029178	0.197188	
0.737931	0.209808	2.702648	0.414983	
0.241492	0.733583	2.345788	0.000001	
0.130160	0.129892	0.184275	0.966932	
0.283257	0.702466	1.879113	0.311832	
0.259196	0.653076	1.791572	0.844200	
0.756462	0.182463	3.231784	0.009789	
0.110851	0.110881	0.156839	0.975313	
0.245905	0.247136	0.350408	0.873137	
0.358845	0.642973	1.324087	0.371211	
0.178665	0.178707	0.252727	0.934115	
0.479160	0.463705	0.689030	0.351772	
0.052099	0.052113	0.073713	0.994764	
0.651038	0.257576	1.772989	0.855231	
0.000000	0.000000	0.000000	1.000383	
0.171148	0.729706	3.195353	0.922416	
0.509654	0.494446	0.731857	0.000000	
0.030558	0.030546	0.043218	0.998376	
0.695674	0.276676	1.880727	0.472337	
0.679108	0.339006	1.519353	0.000015	
0.660013	0.328244	1.669945	0.502181	
0.354556	0.666066	1.418285	0.007507	
0.178665	0.178707	0.252727	0.934116	
0.337088	0.585201	1.177666	0.657581	
0.677614	0.341056	1.506090	0.000014	
0.429785	0.599012	1.044309	0.025603	
0.030807	0.030800	0.043572	0.998246	
0.274275	0.654807	1.691564	0.745893	
0.449005	0.352268	0.761108	0.768637	
0.177814	0.758120	3.372407	0.001329	
0.110854	0.110884	0.156834	0.975313	
0.639782	0.360855	1.427979	0.402960	
0.344131	0.677412	1.544733	0.000000	
0.739013	0.228993	2.498460	0.007702	
0.581606	0.451201	1.026580	0.000453	
0.280585	0.703447	1.903169	0.326006	
0.686016	0.247060	2.059288	0.744581	
0.043318	0.043320	0.061266	0.996271	
0.204194	0.738962	2.830218	0.480658	
0.000000	0.000000	0.000000	1.010129	
0.730266	0.169778	3.228964	0.929544	
0.396872	0.590984	1.059301	0.368802	
0.480065	0.464944	0.690059	0.345317	
0.130133	0.129906	0.184209	0.966733	
0.325370	0.521062	0.987591	0.799891	
0.612903	0.387735	1.146832	0.314806	
0.695480	0.277016	1.877764	0.471690	
0.231350	0.227953	0.330089	0.898168	
0.350899	0.448909	0.749396	0.760638	
0.153074	0.152912	0.216600	0.952718	
0.489407	0.481176	0.698375	0.252498	
0.645824	0.339096	1.449580	0.453706	
0.000000	0.000000	0.000000	1.913682	
0.346783	0.658789	1.497260	0.318160	
0.238085	0.703372	2.188331	0.674950	
0.131630	0.131377	0.186348	0.966058	
0.030800	0.030806	0.043572	0.998244	
0.593510	0.416626	1.018646	0.290092	
0.648444	0.380244	1.338643	0.007073	
0.052123	0.052135	0.073744	0.994749	
0.425091	0.602538	1.044530	0.000000	
0.102788	0.102766	0.145381	0.978791	
0.404441	0.575079	1.000003	0.385429	
0.739095	0.228799	2.500927	0.007709	
0.652379	0.258291	1.771050	0.854671	
0.219224	0.224582	0.321680	0.911179	
0.178131	0.758054	3.365873	0.001327	
0.296931	0.709796	1.959263	0.000000	
0.429004	0.367598	0.765235	0.788581	
0.608400	0.407049	1.093161	0.210551	
0.294786	0.630896	1.595592	0.792917	
0.733751	0.218457	2.668435	0.442171	
0.171148	0.729706	3.195353	0.922416	
0.693364	0.278553	1.862717	0.462757	
0.498910	0.501329	0.710710	0.029061	
0.695563	0.274478	1.897782	0.471179	
0.694453	0.238129	2.142530	0.729152	
0.615839	0.411877	1.087170	0.210551	
0.630195	0.294042	1.489745	0.737613	
0.000000	0.000000	0.000000	1.173962	
0.542175	0.393839	0.921021	0.522418	
0.299513	0.708226	1.934747	0.000000	
0.427257	0.368072	0.754133	0.784443	
0.368150	0.489977	0.817525	0.668453	
0.231265	0.227999	0.329854	0.897805	
0.734601	0.244307	2.323321	0.002352	
0.052099	0.052113	0.073713	0.994764	
0.240697	0.733945	2.355216	0.000001	
0.097346	0.097261	0.137685	0.981441	
0.340802	0.644058	1.440751	0.457301	
0.652478	0.372636	1.315462	0.000013	
0.275588	0.708750	1.971900	0.336372	
0.121487	0.121538	0.171931	0.970336	
0.030807	0.030800	0.043573	0.998252	
0.289267	0.634601	1.643115	0.812988	
0.730266	0.169778	3.228964	0.929544	
0.185011	0.184960	0.261643	0.929232	
0.398320	0.611345	1.120079	0.252378	
0.174468	0.726359	3.112135	0.934791	
0.584932	0.385904	1.061229	0.444369	
0.628749	0.381067	1.194429	0.337997	
0.328876	0.521236	0.976983	0.783337	
0.241880	0.237297	0.346017	0.890469	
0.655767	0.338061	1.426210	0.383248	
0.389610	0.550720	0.953865	0.512870	
0.253137	0.682775	1.959454	0.725193	
0.135939	0.135997	0.192374	0.962596	
0.097346	0.097261	0.137685	0.981441	
0.537916	0.399232	0.901222	0.508665	
0.177814	0.758120	3.372407	0.001329	
0.213665	0.735182	2.644155	0.438124	
0.695355	0.234580	2.176953	0.747012	
0.498932	0.501314	0.710721	0.029062	
0.569753	0.459685	0.969240	0.000436	
0.385809	0.643951	1.292958	0.000000	
0.740448	0.197698	2.882756	0.490460	
0.034263	0.034251	0.048464	0.997874	
0.718244	0.278933	2.189337	0.000000	
0.239318	0.702121	2.201763	0.668806	
0.390808	0.379617	0.577238	0.669313	
0.696254	0.275465	1.896126	0.457343	
0.000000	0.000000	0.000000	1.263609	
0.052099	0.052113	0.073713	0.994764	
0.670916	0.347960	1.457250	0.000000	
0.153016	0.152946	0.216446	0.952341	
0.385650	0.612825	1.200228	0.397025	
0.706432	0.278622	1.919472	0.333114	
0.322168	0.688653	1.626238	0.060349	
0.507805	0.495068	0.727462	0.032963	
0.594914	0.381150	1.118461	0.442418	
0.252024	0.695946	2.065792	0.631680	
0.337658	0.437989	0.725104	0.791564	
0.097346	0.097261	0.137685	0.981441	
0.276205	0.653974	1.690618	0.745535	
0.467560	0.550355	0.849775	0.019151	
0.728192	0.232141	2.478798	0.412848	
0.645851	0.269456	1.676391	0.815019	
0.000000	0.000000	0.000000	1.174892	
0.311416	0.619109	1.462241	0.736998	
0.169275	0.730298	3.233984	0.932999	
0.725895	0.258949	2.166147	0.001635	
0.462644	0.459386	0.656651	0.391016	
0.191247	0.191207	0.270494	0.924110	
0.220469	0.221291	0.313707	0.899789	
