0.756199	0.190291	3.150408	0.013806	
0.380965	0.747634	1.517954	0.000040	
0.402011	0.584352	0.990454	0.471252	
0.668585	0.353886	1.429596	0.000156	
0.000000	0.000000	0.000000	1.446781	
0.559068	0.464840	0.868790	0.006200	
0.218062	0.209581	0.315013	0.929464	
0.671186	0.389820	2.599572	0.000011	
0.110170	0.111212	0.158118	0.981560	
0.466405	0.551961	0.855114	0.012264	
0.102487	0.101253	0.145829	0.986744	
0.284800	0.691967	1.757006	0.638200	
0.237586	0.737564	2.407919	0.002256	
0.571560	0.406637	0.986169	0.389777	
0.347657	0.326521	0.507972	0.774836	
0.616130	0.354673	1.295592	0.515867	
0.471349	0.572979	1.121924	0.000092	
0.740688	0.195122	2.962816	0.566896	
0.041726	0.041872	0.059335	0.998991	
0.221287	0.727186	2.839482	0.647274	
0.326285	0.371193	0.559056	0.793467	
0.430748	0.438031	0.625205	0.505382	
0.269240	0.636300	1.653386	0.853984	
0.142154	0.141126	0.201157	0.963833	
0.373358	0.622599	1.324883	0.437848	
0.689534	0.278645	1.841359	0.501498	
0.763117	0.238669	2.471339	0.009236	
0.083411	0.084426	0.120204	0.993986	
0.667508	0.391718	2.385598	0.000027	
0.343808	0.328855	0.497498	0.765472	
0.295123	0.687352	1.688226	0.589579	
0.041905	0.041706	0.059400	0.999609	
0.410900	0.560921	0.961264	0.408663	
0.602352	0.337578	1.296215	0.647202	
0.107171	0.105793	0.152554	0.985289	
0.737531	0.203486	2.822338	0.541698	
0.228572	0.723265	2.715231	0.605222	
0.331622	0.346978	0.502241	0.760248	
0.232369	0.739852	2.471619	0.035137	
0.471638	0.572425	1.117643	0.000092	
0.470752	0.545954	0.835917	0.005134	
0.369726	0.769754	1.624452	0.000125	
0.683543	0.271282	1.874915	0.617604	
0.083426	0.084416	0.120214	0.994041	
0.179347	0.181437	0.258735	0.941455	
0.557502	0.462900	0.872273	0.006206	
0.762609	0.239454	2.461278	0.000288	
0.671393	0.359196	1.411276	0.012704	
0.124625	0.126688	0.180731	0.978713	
0.399585	0.583393	1.023784	0.432759	
0.277636	0.618611	1.513046	0.852208	
0.000000	0.000000	0.000000	1.783362	
0.466011	0.553075	0.864376	0.039661	
0.705552	0.299172	1.852910	0.005164	
0.556995	0.463621	0.876864	0.001308	
0.464204	0.487864	0.711724	0.338791	
0.712863	0.208542	2.657013	0.846030	
0.249866	0.730982	2.256017	0.000055	
0.339012	0.688372	1.541154	0.014430	
0.278676	0.617952	1.505389	0.848581	
0.678938	0.378669	2.775194	0.000012	
0.142366	0.141092	0.201486	0.964930	
0.640017	0.340435	1.356753	0.468501	
0.041725	0.041875	0.059341	0.999045	
0.713274	0.272004	1.970336	0.442110	
0.287035	0.291423	0.412545	0.827335	
0.466444	0.575900	1.088971	0.000090	
0.279171	0.630244	1.574262	0.819012	
0.754546	0.194906	3.068389	0.011367	
0.092553	0.093448	0.132877	0.989090	
0.000000	0.000000	0.000000	2.012046	
0.232098	0.223941	0.335454	0.914430	
0.229787	0.723483	2.695261	0.616590	
0.277079	0.678235	1.793391	0.596748	
0.346633	0.336596	0.497150	0.747209	
0.280139	0.629637	1.566810	0.815730	
0.136145	0.134980	0.193466	0.968297	
0.719393	0.237623	2.291977	0.505068	
0.466444	0.575900	1.088971	0.000090	
0.269993	0.635852	1.647206	0.851245	
0.436372	0.526623	0.809361	0.409902	
0.334664	0.683350	1.553722	0.014398	
0.042176	0.041657	0.060026	1.004497	
0.621022	0.407225	1.133580	0.000131	
0.734330	0.240504	2.391981	0.000382	
0.712861	0.272656	1.964231	0.440908	
0.477634	0.536051	0.805634	0.005019	
0.565256	0.315200	1.182826	0.802656	
0.236068	0.231346	0.334118	0.897771	
0.269366	0.687948	1.872960	0.620200	
0.083534	0.084203	0.119610	0.991204	
0.659928	0.399797	2.183701	0.000010	
0.000000	0.000000	0.000000	2.223637	
0.205810	0.749639	2.950701	0.005686	
0.351567	0.342239	0.504057	0.735321	
0.565892	0.456218	0.901811	0.000112	
0.342252	0.348485	0.497279	0.733273	
0.225190	0.709564	2.495279	0.776297	
0.751506	0.194817	3.049842	0.175525	
0.284862	0.283091	0.402892	0.827405	
0.464553	0.579209	1.111416	0.000091	
0.668712	0.381245	2.053524	0.000029	
0.346286	0.360036	0.518269	0.730665	
0.042221	0.041632	0.060133	1.005520	
0.094316	0.093527	0.133913	0.987584	
0.251372	0.667553	1.942829	0.842791	
0.142977	0.140977	0.202485	0.968181	
0.432325	0.599644	1.026637	0.001053	
0.230349	0.234859	0.335362	0.897021	
0.713576	0.210354	2.590410	0.819538	
0.205838	0.709216	2.667606	0.912551	
0.265666	0.723775	2.156473	0.004373	
0.000000	0.000000	0.000000	1.117969	
0.348506	0.653835	1.391094	0.306801	
0.705219	0.300730	1.865411	0.001727	
0.568815	0.468300	1.024586	0.000066	
0.264399	0.704348	2.055798	0.481045	
0.693199	0.287040	1.949465	0.455239	
0.579865	0.403024	1.027641	0.397625	
0.300789	0.682359	1.699062	0.404551	
0.519376	0.388118	0.869202	0.573030	
0.393603	0.421239	0.624674	0.623000	
0.266953	0.723111	2.143117	0.004348	
0.433761	0.600305	1.097836	0.000044	
0.142977	0.140977	0.202485	0.968181	
0.521097	0.487760	0.763864	0.023573	
0.699486	0.310575	1.799539	0.012441	
0.083550	0.084168	0.119521	0.990775	
0.249732	0.246609	0.355430	0.875743	
0.664220	0.395276	2.293525	0.000033	
0.673003	0.294633	1.775605	0.572915	
0.000000	0.000000	0.000000	1.329695	
0.365857	0.353067	0.526917	0.714999	
0.701129	0.289026	1.816555	0.411867	
0.335586	0.624712	1.320758	0.542352	
0.688337	0.252726	2.152990	0.760626	
0.331710	0.346779	0.501818	0.759850	
0.282338	0.693668	1.843173	0.437180	
0.464904	0.578598	1.107224	0.000091	
0.734632	0.242334	2.374322	0.008919	
0.298054	0.704501	1.825668	0.000253	
0.042182	0.041654	0.060041	1.004633	
0.214646	0.701424	2.501814	0.906029	
0.215850	0.210608	0.305515	0.920952	
0.472206	0.565371	1.021806	0.000086	
0.732603	0.222811	2.564055	0.440885	
0.213670	0.748675	2.829149	0.005583	
0.085540	0.086092	0.122188	0.989487	
0.340748	0.347405	0.495921	0.736577	
0.651669	0.325335	1.451799	0.494689	
0.280353	0.702264	1.902705	0.350405	
0.400367	0.632542	1.227046	0.000075	
0.199529	0.719265	2.900359	0.909355	
0.663139	0.396382	2.265551	0.000010	
0.555414	0.422569	0.920356	0.363972	
0.041594	0.042142	0.060048	1.005858	
0.667347	0.346118	1.425650	0.336557	
0.161494	0.163863	0.233416	0.954727	
0.302538	0.614742	1.405662	0.745236	
0.721292	0.291562	1.860968	0.347167	
0.422926	0.605963	1.056353	0.005996	
0.568811	0.468302	1.024564	0.000066	
0.284967	0.283079	0.403043	0.827628	
0.000000	0.000000	0.000000	1.023421	
0.753852	0.196737	3.032837	0.012864	
0.362012	0.607892	1.183998	0.487504	
0.260563	0.255520	0.372167	0.868341	
0.206947	0.738681	2.756377	0.473620	
0.652628	0.364232	1.317173	0.316244	
0.355857	0.678030	1.822323	0.002813	
0.711688	0.213500	2.484130	0.788446	
0.346633	0.336596	0.497150	0.747209	
0.530203	0.511363	0.711116	0.001791	
0.041655	0.042015	0.059714	1.002622	
0.000000	0.000000	0.000000	1.020166	
0.206782	0.750651	2.829930	0.039813	
0.606426	0.444246	1.287037	0.000078	
0.498482	0.511517	0.749520	0.000071	
0.083487	0.084290	0.119840	0.992283	
0.660000	0.399722	2.185449	0.000010	
0.560601	0.342466	1.085514	0.687768	
0.563658	0.421576	0.942026	0.349881	
0.279741	0.698660	1.987751	0.441182	
0.719376	0.273558	1.991953	0.352653	
0.329913	0.340799	0.489069	0.760728	
0.753818	0.196829	3.031204	0.012857	
0.718423	0.250240	2.216462	0.404567	
0.300789	0.682359	1.699062	0.404551	
0.371283	0.347010	0.543612	0.733773	
0.469075	0.498061	0.726490	0.292574	
0.732159	0.216002	2.630514	0.507397	
0.500861	0.496209	0.711672	0.092686	
0.612500	0.371065	1.201822	0.446137	
0.327193	0.667238	1.530464	0.354291	
0.312621	0.330853	0.481346	0.798698	
0.240886	0.236576	0.343765	0.889615	
0.255687	0.717584	2.279089	0.431542	
0.276841	0.717238	2.006853	0.004103	
0.645160	0.371894	1.272019	0.307792	
0.000000	0.000000	0.000000	1.023421	
