0.051116	0.051117	0.072292	0.994778	
0.573543	0.380885	1.035984	0.498381	
0.222485	0.748854	2.605113	0.000150	
0.745478	0.181548	3.222022	0.593768	
0.203644	0.734516	2.990462	0.618613	
0.235015	0.673312	2.049232	0.893373	
0.000000	0.000000	0.000000	1.000016	
0.467111	0.587934	0.899481	0.000082	
0.751981	0.201824	3.348934	0.001319	
0.127651	0.124624	0.182896	0.983493	
0.670867	0.237119	2.013656	0.889660	
0.123855	0.127041	0.182223	0.984982	
0.584024	0.472387	1.285599	0.000002	
0.219196	0.216667	0.311777	0.907414	
0.233481	0.742860	3.371856	0.000003	
0.682882	0.341137	1.513858	0.002469	
0.692910	0.275631	1.877740	0.486676	
0.155373	0.155378	0.219741	0.950510	
0.629362	0.364398	1.408598	0.451788	
0.454438	0.454534	0.642903	0.416992	
0.276209	0.685006	1.831118	0.549237	
0.028195	0.028196	0.039876	0.998436	
0.379267	0.573061	1.038907	0.505406	
0.656212	0.409638	2.485213	0.000000	
0.388622	0.615318	1.359199	0.421387	
0.339058	0.677730	1.514109	0.000001	
0.325387	0.497140	0.911505	0.815267	
0.489445	0.340494	0.865308	0.777216	
0.748501	0.222923	2.599660	0.000001	
0.583670	0.469876	0.892745	0.000062	
0.569076	0.479774	1.174318	0.000007	
0.501813	0.332668	0.907516	0.783929	
0.682711	0.341076	1.513832	0.002496	
0.085918	0.086065	0.121819	0.986182	
0.266021	0.689034	1.919019	0.588098	
0.124798	0.128198	0.183810	0.984640	
0.143263	0.143352	0.202813	0.958495	
0.186025	0.756194	3.385456	0.000020	
0.000000	0.000000	0.000000	1.000290	
0.229942	0.744991	2.506460	0.011213	
0.340025	0.679669	1.513034	0.000001	
0.652700	0.423596	2.383564	0.000000	
0.748974	0.221272	2.621374	0.000528	
0.672652	0.236112	2.033386	0.887178	
0.345295	0.479527	0.822231	0.750888	
0.635145	0.353277	1.332178	0.414762	
0.567295	0.386467	1.008446	0.489951	
0.693478	0.277941	1.865835	0.465202	
0.601634	0.462055	0.933018	0.000059	
0.757087	0.182284	3.380820	0.000003	
0.471697	0.456841	0.682164	0.392606	
0.386087	0.564913	1.002538	0.497209	
0.379599	0.619407	1.323408	0.412618	
0.239072	0.671334	2.007000	0.876898	
0.466891	0.588284	0.900541	0.005847	
0.204824	0.734073	2.968759	0.614393	
0.744841	0.181216	3.227576	0.582949	
0.195569	0.195588	0.276621	0.920394	
0.395713	0.556957	0.980435	0.487208	
0.221176	0.734092	2.852893	0.474407	
0.237424	0.672145	2.023937	0.883502	
0.132866	0.132870	0.187910	0.964065	
0.671249	0.296960	1.689914	0.550219	
0.744054	0.231809	2.482618	0.000001	
0.582363	0.470287	1.263444	0.000007	
0.346612	0.477950	0.815874	0.746845	
0.000000	0.000000	0.000000	1.269181	
0.034103	0.034122	0.048270	0.998029	
0.653372	0.422595	2.378005	0.000000	
0.125026	0.128433	0.184128	0.984526	
0.722171	0.211962	3.136579	0.847399	
0.339403	0.648971	1.458196	0.430880	
0.186049	0.756186	3.384916	0.000020	
0.184188	0.757488	3.357929	0.000020	
0.682849	0.341178	1.513585	0.002468	
0.757586	0.180256	3.384483	0.000020	
0.565582	0.392399	0.989937	0.484270	
0.453252	0.477498	0.695541	0.395681	
0.502724	0.331758	0.912039	0.786746	
0.339035	0.680400	1.519466	0.000828	
0.699362	0.251700	2.067411	0.597950	
0.554470	0.475483	0.833322	0.000061	
0.672638	0.236139	2.033094	0.887065	
0.276427	0.708738	1.927708	0.440597	
0.261681	0.258391	0.371617	0.862503	
0.464046	0.596302	0.919188	0.000059	
0.749099	0.203461	2.858235	0.000017	
0.453599	0.479620	0.701670	0.392779	
0.757736	0.179268	3.362642	0.000020	
0.581923	0.470519	1.258964	0.000007	
0.153793	0.154173	0.218303	0.952928	
0.402121	0.591305	1.052964	0.337407	
0.672526	0.236370	2.030679	0.886122	
0.702940	0.274034	1.938678	0.391718	
0.271688	0.706064	1.952334	0.445148	
0.348494	0.475912	0.807899	0.741826	
0.228244	0.745800	2.528660	0.000009	
0.738722	0.199699	2.939925	0.533838	
0.682867	0.341200	1.513511	0.002496	
0.070386	0.070379	0.099546	0.990111	
0.552738	0.476982	0.831410	0.000061	
0.650633	0.337663	1.425504	0.409076	
0.180197	0.727512	3.181440	0.916850	
0.489670	0.344333	0.850750	0.748787	
0.342518	0.677814	1.496978	0.000818	
0.200861	0.200881	0.284100	0.915824	
0.125054	0.128398	0.184168	0.984618	
0.651217	0.425575	2.364605	0.000000	
0.371984	0.623261	1.252472	0.381619	
0.236565	0.676011	2.048806	0.880240	
0.473449	0.558614	0.843821	0.000059	
0.000000	0.000000	0.000000	1.507360	
0.552348	0.389828	0.957884	0.508944	
0.756876	0.183004	3.371299	0.000003	
0.253162	0.667391	1.883382	0.816949	
0.374572	0.569115	1.035707	0.534768	
0.667178	0.354367	1.447177	0.000520	
0.642011	0.426163	2.174396	0.000000	
0.125293	0.127976	0.182938	0.980886	
0.190575	0.719971	2.948011	0.911610	
0.412112	0.603061	1.078465	0.212620	
0.397276	0.352355	0.598597	0.729107	
0.657761	0.342943	1.497563	0.361692	
0.551148	0.479858	0.836711	0.032301	
0.341106	0.678831	1.506040	0.000877	
0.672217	0.237168	2.022599	0.882980	
0.610617	0.379162	1.157269	0.377141	
0.035251	0.035247	0.049856	0.997585	
0.260311	0.259110	0.368692	0.857569	
0.582568	0.470182	1.265500	0.000007	
0.719343	0.200350	2.938767	0.888948	
0.270551	0.700255	1.949138	0.453004	
0.722627	0.273281	2.031286	0.000001	
0.455893	0.429106	0.664910	0.497736	
0.132866	0.132870	0.187909	0.964065	
0.706285	0.269165	1.987633	0.392824	
0.346669	0.641587	1.350087	0.402917	
0.177510	0.758125	3.328052	0.000072	
0.000000	0.000000	0.000000	1.437950	
0.359279	0.485063	0.817266	0.701377	
0.393187	0.561161	0.975608	0.479970	
0.667065	0.354515	1.446238	0.000660	
0.371653	0.658441	1.456787	0.000008	
0.706300	0.269137	1.987895	0.392870	
0.472630	0.560275	0.848074	0.000059	
0.203196	0.751215	3.252028	0.000002	
0.124798	0.128198	0.183810	0.984640	
0.369401	0.491713	0.831637	0.672027	
0.672217	0.237168	2.022599	0.882980	
0.638799	0.427287	2.041206	0.008093	
0.209376	0.210254	0.298191	0.910697	
0.731994	0.172202	3.215994	0.900791	
0.338242	0.649577	1.458196	0.430880	
0.274628	0.707856	1.945050	0.379721	
0.581895	0.407182	1.015313	0.347888	
0.581493	0.442192	0.963767	0.066064	
0.496603	0.452487	0.723071	0.396418	
0.041370	0.041368	0.058508	0.996616	
0.627938	0.369448	1.288556	0.377769	
0.000000	0.000000	0.000000	1.702686	
0.191431	0.744833	3.014089	0.456496	
0.566308	0.480948	1.148250	0.000007	
0.136394	0.136459	0.193032	0.962365	
0.489202	0.344765	0.848687	0.747518	
0.763136	0.180487	3.362463	0.017264	
0.261009	0.659862	1.798908	0.796217	
0.675999	0.234181	2.067906	0.881186	
0.415574	0.593916	1.044593	0.246350	
0.226790	0.746479	2.547560	0.000009	
0.745204	0.196146	3.044927	0.418504	
0.294312	0.643015	1.544564	0.681062	
0.377567	0.568873	1.029230	0.522867	
0.000000	0.000000	0.000000	2.098473	
0.365261	0.662005	1.456701	0.000008	
0.711303	0.265396	2.030252	0.380827	
0.586971	0.402363	1.038561	0.353483	
0.706734	0.296108	2.044621	0.174679	
0.044302	0.044299	0.062655	0.996111	
0.184387	0.728577	3.119063	0.875042	
0.257979	0.258596	0.366306	0.857905	
0.473842	0.363394	0.780989	0.697422	
0.589026	0.435483	1.034145	0.135072	
0.262640	0.704540	2.023600	0.467487	
0.745427	0.214558	2.768577	0.000017	
0.494901	0.453113	0.719432	0.395119	
0.348494	0.475912	0.807899	0.741826	
0.651028	0.418169	2.473263	0.008298	
0.125026	0.128433	0.184128	0.984526	
0.575667	0.328387	1.161215	0.713685	
0.258505	0.664438	1.834160	0.798100	
0.132866	0.132870	0.187910	0.964065	
0.743758	0.228778	3.237237	0.000002	
0.085918	0.086065	0.121819	0.986182	
0.709775	0.283382	1.915202	0.164965	
0.153778	0.154200	0.218373	0.953098	
0.482948	0.350093	0.869139	0.779660	
0.632776	0.442929	2.019011	0.000002	
0.238003	0.741130	2.406279	0.000009	
0.668356	0.242124	1.961286	0.869025	
0.466321	0.554462	0.840424	0.175154	
