0.130617	0.131207	0.186090	0.968337	
0.132420	0.132307	0.187279	0.964886	
0.681131	0.338026	1.526288	0.000000	
0.360030	0.644875	1.494381	0.386172	
0.274809	0.699181	1.914963	0.426814	
0.567877	0.461713	0.888060	0.000000	
0.261306	0.259364	0.370983	0.858251	
0.032039	0.032051	0.045340	0.998250	
0.470543	0.466249	0.668654	0.355160	
0.246204	0.666002	1.961482	0.874883	
0.108898	0.109097	0.154467	0.977262	
0.751129	0.222559	2.612016	0.000000	
0.067067	0.067150	0.095035	0.991814	
0.702534	0.267741	1.972898	0.442584	
0.221414	0.743231	2.600551	0.000000	
0.669853	0.238637	2.003653	0.885411	
0.374747	0.615568	1.184624	0.377555	
0.749548	0.211285	3.393999	0.000000	
0.600864	0.385464	1.116573	0.399753	
0.638531	0.361244	1.488405	0.437211	
0.190462	0.190465	0.269360	0.924614	
0.342846	0.486311	0.843184	0.757056	
0.740157	0.213899	3.245576	0.478286	
0.461773	0.574020	0.899308	0.000000	
0.000000	0.000000	0.000000	1.000001	
0.339024	0.677614	1.515844	0.000000	
0.487102	0.337152	0.857449	0.775540	
0.201949	0.739877	3.189426	0.562444	
0.745045	0.183228	3.213915	0.567490	
0.341515	0.482496	0.837032	0.762542	
0.576571	0.455355	0.917293	0.000000	
0.132420	0.132307	0.187279	0.964886	
0.352640	0.670329	1.510464	0.000000	
0.502292	0.347186	0.883832	0.730587	
0.381144	0.596519	1.106474	0.431863	
0.111569	0.111341	0.157965	0.976211	
0.697915	0.274208	1.914707	0.447135	
0.747577	0.229822	2.514940	0.000000	
0.397671	0.603195	1.188822	0.365142	
0.213521	0.736595	2.971139	0.502642	
0.226546	0.226822	0.320937	0.892078	
0.633266	0.352786	1.462576	0.502130	
0.681224	0.337940	1.526914	0.000000	
0.168851	0.169497	0.240153	0.943503	
0.029486	0.029489	0.041707	0.998345	
0.130666	0.131114	0.185829	0.967572	
0.101390	0.101390	0.143388	0.979229	
0.456559	0.469009	0.672555	0.393597	
0.251380	0.666200	1.897917	0.855821	
0.472036	0.544424	0.833388	0.000000	
0.033041	0.033052	0.046752	0.998053	
0.272171	0.700991	1.945277	0.429130	
0.222447	0.742816	2.586656	0.000003	
0.665153	0.248195	1.909230	0.847439	
0.600815	0.390290	1.103299	0.396931	
0.392881	0.587523	1.055724	0.405592	
0.185400	0.718991	2.889991	0.922375	
0.352225	0.595883	1.177461	0.572835	
0.699996	0.272688	1.934299	0.434983	
0.261269	0.259385	0.370887	0.858125	
0.659883	0.258136	1.817195	0.811453	
0.339314	0.678095	1.513625	0.000000	
0.467347	0.564269	0.870870	0.000000	
0.351769	0.471282	0.789000	0.732281	
0.186461	0.756088	3.388309	0.000003	
0.756356	0.185423	3.391503	0.000000	
0.192746	0.192749	0.272590	0.922719	
0.562614	0.464617	0.873334	0.000000	
0.022102	0.022102	0.031257	0.999033	
0.033763	0.033763	0.047749	0.997730	
0.633178	0.352893	1.461711	0.501888	
0.738927	0.205715	2.903116	0.483342	
0.480664	0.466573	0.686935	0.345802	
0.594846	0.409617	1.041060	0.339829	
0.215321	0.735475	2.842144	0.477225	
0.517864	0.353778	0.924946	0.701352	
0.135097	0.134977	0.191095	0.963420	
0.275662	0.699205	1.921340	0.424510	
0.676114	0.347609	1.495616	0.000000	
0.058223	0.058224	0.082341	0.993209	
0.111338	0.111568	0.157945	0.976140	
0.740574	0.214758	3.233744	0.454694	
0.339038	0.677604	1.515753	0.000000	
0.033763	0.033763	0.047749	0.997730	
0.700135	0.272429	1.936631	0.435447	
0.344075	0.503839	0.892703	0.742818	
0.574481	0.457460	0.908535	0.000000	
0.023956	0.023956	0.033879	0.998856	
0.756343	0.185449	3.390905	0.000000	
0.225763	0.221035	0.322802	0.908892	
0.159426	0.162601	0.232252	0.959140	
0.224696	0.740813	2.552496	0.015465	
0.202104	0.740283	3.075991	0.519298	
0.344576	0.628590	1.346978	0.501664	
0.267951	0.703169	1.979642	0.435826	
0.409490	0.579904	1.021674	0.353495	
0.075072	0.075071	0.106169	0.988677	
0.108910	0.109075	0.154404	0.977036	
0.588423	0.405191	1.046362	0.340051	
0.508127	0.362497	0.881163	0.677697	
0.666987	0.357725	1.435091	0.000000	
0.661943	0.256631	1.909230	0.847439	
0.463451	0.466602	0.661885	0.372543	
0.134169	0.134002	0.189798	0.964181	
0.634439	0.351233	1.471867	0.504729	
0.256314	0.664571	1.873103	0.840458	
0.438438	0.591393	1.027756	0.000601	
0.251994	0.249579	0.358147	0.871478	
0.037829	0.037833	0.053508	0.997217	
0.669311	0.353642	1.427704	0.000000	
0.463757	0.465842	0.660126	0.371955	
0.659722	0.258432	1.814552	0.810422	
0.581255	0.411083	1.006653	0.328667	
0.512378	0.384254	0.867193	0.601909	
0.111334	0.111588	0.158041	0.976474	
0.267695	0.703378	1.986446	0.437087	
0.178071	0.739620	3.211288	0.713671	
0.736791	0.187909	3.197628	0.722476	
0.426986	0.606203	1.121348	0.000000	
0.106681	0.106754	0.151025	0.977389	
0.750916	0.223002	2.605938	0.000000	
0.680772	0.310361	1.721312	0.386192	
0.538495	0.476359	0.813801	0.000000	
0.370531	0.613778	1.237299	0.439883	
0.697026	0.279285	1.879502	0.416452	
0.257990	0.663383	1.856473	0.833867	
0.324746	0.697362	2.093397	0.000000	
0.352173	0.475273	0.798347	0.728904	
0.175640	0.177090	0.251492	0.940829	
0.000000	0.000000	0.000000	1.000001	
0.381297	0.596371	1.105692	0.431639	
0.222107	0.742943	2.591188	0.000000	
0.502686	0.367984	0.855565	0.664211	
0.352671	0.671308	1.540175	0.000000	
0.034904	0.034904	0.049362	0.997565	
0.236770	0.735642	2.401936	0.000002	
0.428206	0.569824	0.977356	0.352927	
0.730810	0.204429	2.885125	0.655756	
0.496076	0.507253	0.727287	0.000483	
0.181563	0.181612	0.256866	0.931902	
0.000000	0.000000	0.000000	1.221787	
0.653229	0.335207	1.433361	0.485927	
0.222651	0.222463	0.315013	0.896037	
0.600553	0.385811	1.114806	0.399292	
0.268796	0.681935	1.862566	0.618479	
0.702604	0.269050	1.971338	0.434164	
0.574066	0.457023	0.909274	0.000000	
0.756347	0.185450	3.390904	0.000000	
0.661474	0.363351	1.424465	0.000017	
0.185400	0.718991	2.889991	0.922375	
0.658836	0.267233	1.743141	0.782359	
0.122967	0.123285	0.174612	0.971348	
0.397947	0.602911	1.186990	0.364719	
0.350950	0.545411	1.093340	0.732285	
0.049039	0.049109	0.069514	0.996208	
0.216560	0.734984	2.821407	0.473975	
0.407412	0.595157	1.057325	0.288507	
0.600264	0.390702	1.212823	0.433271	
0.700335	0.272058	1.939963	0.436102	
0.335717	0.494017	0.877881	0.778930	
0.222170	0.742916	2.590334	0.000002	
0.326808	0.695999	2.067223	0.000008	
0.258025	0.663363	1.856148	0.833739	
0.661290	0.363619	1.423496	0.000017	
0.745077	0.216779	2.808197	0.000000	
0.075072	0.075071	0.106169	0.988677	
0.111354	0.111549	0.157931	0.976093	
0.000000	0.000000	0.000000	1.722572	
0.456082	0.566714	0.906857	0.021178	
0.191386	0.724407	2.846013	0.804934	
0.262998	0.712363	2.060652	0.354380	
0.728459	0.216126	2.822497	0.615154	
0.549131	0.336071	1.066063	0.740622	
0.381296	0.596371	1.105697	0.431640	
0.590303	0.403431	1.055261	0.342109	
0.321721	0.648886	1.462357	0.504237	
0.203136	0.203145	0.287298	0.913780	
0.297713	0.298400	0.422624	0.804405	
0.034391	0.034392	0.048639	0.997654	
0.471332	0.465805	0.670689	0.355772	
0.566779	0.462411	0.884714	0.000000	
0.667741	0.263497	1.808489	0.763817	
0.484823	0.476543	0.691861	0.286361	
0.247030	0.672101	1.989948	0.869446	
0.189958	0.189963	0.268653	0.925036	
0.710646	0.259267	2.080042	0.667829	
0.741829	0.211471	3.307945	0.464581	
0.000000	0.000000	0.000000	1.482012	
0.301317	0.662734	1.608611	0.545580	
0.558813	0.468015	0.859451	0.000000	
0.684884	0.319503	1.614076	0.250760	
0.409449	0.579949	1.021885	0.353546	
0.245181	0.732753	2.307275	0.000000	
0.300128	0.692512	1.741330	0.309727	
0.590632	0.312823	1.264318	0.750576	
0.642716	0.347203	1.352962	0.463823	
0.336598	0.487729	0.860760	0.777653	
0.075089	0.075061	0.106212	0.988902	
0.215924	0.735007	2.828232	0.479966	
0.424172	0.615114	1.153791	0.000778	
