0.180887	0.182215	0.258703	0.936422	
0.743019	0.222711	2.584319	0.000001	
0.550633	0.394055	0.939496	0.514269	
0.666372	0.359476	1.501169	0.000000	
0.724221	0.263640	2.099542	0.256130	
0.362669	0.422691	0.668840	0.722390	
0.252936	0.822786	2.489787	0.000000	
0.349427	0.713302	1.531508	0.000000	
0.332669	0.694575	2.159663	0.000000	
0.000000	0.000000	0.000000	1.000001	
0.199436	0.748182	3.009426	0.266034	
0.587825	0.434318	1.019025	0.144388	
0.301373	0.588460	1.290193	0.807841	
0.202361	0.201050	0.287192	0.919180	
0.480974	0.488859	0.697048	0.254661	
0.696576	0.252628	2.124244	0.644140	
0.122321	0.122322	0.172991	0.969619	
0.181960	0.757130	3.374672	0.020984	
0.621571	0.394117	1.233040	0.260900	
0.058508	0.058501	0.082749	0.993220	
0.744360	0.201823	2.847585	0.337857	
0.398022	0.538709	0.906871	0.504060	
0.586432	0.306895	1.265500	0.785342	
0.190284	0.733890	3.032760	0.712104	
0.252872	0.252511	0.357924	0.863863	
0.554753	0.492377	0.788873	0.000000	
0.447145	0.577106	0.941797	0.000000	
0.337513	0.673494	1.506205	0.203662	
0.275363	0.276033	0.390872	0.835733	
0.260427	0.700683	1.993099	0.594793	
0.389769	0.632158	1.498688	0.343898	
0.181021	0.181972	0.258074	0.935134	
0.182645	0.756986	3.360701	0.000001	
0.221893	0.742027	2.590099	0.000001	
0.178442	0.727269	3.053705	0.883660	
0.450512	0.573994	0.927673	0.000000	
0.485872	0.510103	0.746581	0.156709	
0.258861	0.258925	0.366187	0.855668	
0.740100	0.226755	2.529712	0.001580	
0.163378	0.164168	0.232753	0.947936	
0.666531	0.359562	1.501078	0.000000	
0.729307	0.177411	3.089411	0.867070	
0.578423	0.442152	0.977695	0.140355	
0.355401	0.421431	0.659824	0.731604	
0.301315	0.588338	1.290981	0.808198	
0.193324	0.750016	3.118241	0.289968	
0.402559	0.538351	0.909876	0.493860	
0.721367	0.257927	2.139645	0.261552	
0.743580	0.210536	2.744501	0.243904	
0.251990	0.250892	0.357363	0.867299	
0.553547	0.392153	0.955069	0.520221	
0.550560	0.489424	0.794720	0.000000	
0.064249	0.064249	0.090862	0.991711	
0.303872	0.707655	2.157330	0.000000	
0.335709	0.680024	1.536233	0.000000	
0.019028	0.019028	0.026910	0.999282	
0.243765	0.698913	2.177461	0.675405	
0.204517	0.204760	0.289765	0.913177	
0.583052	0.310944	1.240081	0.774460	
0.452683	0.570224	0.916701	0.000000	
0.103965	0.103973	0.147047	0.978194	
0.242847	0.686945	2.056290	0.770886	
0.180912	0.182169	0.258584	0.936179	
0.301714	0.588044	1.288476	0.806935	
0.363047	0.568593	1.042585	0.607180	
0.252880	0.252536	0.357864	0.863819	
0.185222	0.756141	3.306665	0.000001	
0.042390	0.042390	0.059950	0.996412	
0.721490	0.260485	2.128767	0.193563	
0.328635	0.668477	1.510237	0.359143	
0.672605	0.347963	1.463307	0.000000	
0.592195	0.479600	0.867531	0.000000	
0.740758	0.224875	2.552290	0.007823	
0.202361	0.201050	0.287192	0.919180	
0.493363	0.407026	0.777574	0.543008	
0.258832	0.259063	0.366413	0.856023	
0.676432	0.246678	1.973981	0.793477	
0.066433	0.066432	0.093951	0.991148	
0.340188	0.676858	1.507861	0.000000	
0.377446	0.386821	0.554618	0.658927	
0.742702	0.206266	2.778410	0.330204	
0.305591	0.706669	2.142370	0.000000	
0.442943	0.533622	0.834586	0.329473	
0.260712	0.726792	2.138856	0.238484	
0.271926	0.718625	2.031345	0.022953	
0.179732	0.726888	3.036456	0.878949	
0.608256	0.286315	1.428415	0.834140	
0.212103	0.742066	2.788100	0.300938	
0.613977	0.476143	0.912697	0.000000	
0.187536	0.755370	3.259409	0.000001	
0.064454	0.064450	0.091157	0.991709	
0.457695	0.563794	0.894186	0.000000	
0.275268	0.276209	0.391326	0.836281	
0.322728	0.584022	1.209438	0.721245	
0.502893	0.398490	0.809316	0.562918	
0.671553	0.349628	1.493960	0.000000	
0.724501	0.186214	3.102812	0.913832	
0.743474	0.221503	2.600457	0.000000	
0.240781	0.735027	2.358243	0.000001	
0.181021	0.181972	0.258074	0.935134	
0.235806	0.234033	0.335095	0.887898	
0.179498	0.725952	3.032583	0.893181	
0.681193	0.303574	1.673423	0.391619	
0.310384	0.680732	1.630127	0.400444	
0.303268	0.708302	2.157529	0.000000	
0.169388	0.169370	0.239564	0.940942	
0.362307	0.631601	1.506495	0.498830	
0.020452	0.020452	0.028923	0.999167	
0.319997	0.326480	0.466813	0.774834	
0.464198	0.545604	0.868971	0.171929	
0.336864	0.679207	1.528684	0.000000	
0.250185	0.251904	0.357557	0.869031	
0.257714	0.694181	1.996388	0.598429	
0.580149	0.316404	1.241174	0.775001	
0.180903	0.182200	0.258708	0.936431	
0.744435	0.219201	2.631990	0.000000	
0.688204	0.316911	1.641883	0.208107	
0.264561	0.671423	1.827933	0.723790	
0.421587	0.571087	0.958721	0.320713	
0.221893	0.742027	2.590099	0.000001	
0.677762	0.338591	1.516789	0.000000	
0.235462	0.234254	0.333924	0.886050	
0.192814	0.722648	3.040387	0.896078	
0.583838	0.319886	1.215210	0.732115	
0.618664	0.367694	1.236928	0.431953	
0.258862	0.258921	0.366180	0.855658	
0.166043	0.166024	0.234824	0.943329	
0.378321	0.385275	0.550434	0.656088	
0.303125	0.707975	2.157330	0.000000	
0.042390	0.042390	0.059950	0.996412	
0.342666	0.675043	1.491380	0.000000	
0.536340	0.477488	0.807325	0.000051	
0.314185	0.676061	1.631343	0.400444	
0.724689	0.185670	3.113782	0.916889	
0.191207	0.754126	3.186811	0.000001	
0.372639	0.550785	0.958832	0.619413	
0.479939	0.533878	0.804658	0.001111	
0.301315	0.588338	1.290981	0.808198	
0.237472	0.732917	2.442612	0.219272	
0.066439	0.066438	0.093960	0.991142	
0.305591	0.706669	2.142370	0.000000	
0.671347	0.349891	1.491953	0.000000	
0.593389	0.395286	1.128593	0.401191	
0.064241	0.064266	0.090906	0.991978	
0.577941	0.320503	1.191834	0.741214	
0.180912	0.182169	0.258584	0.936179	
0.018748	0.018747	0.026514	0.999308	
0.743974	0.220372	2.618714	0.000000	
0.294768	0.605757	1.387765	0.800853	
0.401085	0.536375	0.906218	0.503813	
0.185732	0.756085	3.323597	0.000001	
0.245679	0.248253	0.353113	0.876129	
0.345357	0.464487	0.784818	0.759580	
0.291955	0.703153	1.837415	0.208588	
0.213149	0.741182	2.691638	0.293647	
0.555842	0.467671	0.857183	0.000000	
0.662128	0.273151	1.735946	0.709157	
0.272344	0.281529	0.405311	0.853244	
0.200725	0.719420	2.862063	0.846893	
0.740790	0.236954	2.400660	0.288994	
0.466205	0.473652	0.674539	0.356722	
0.338644	0.677964	1.517819	0.000000	
0.202074	0.751373	2.991767	0.000001	
0.473178	0.545382	0.843810	0.000000	
0.166043	0.166024	0.234824	0.943329	
0.272344	0.281529	0.405311	0.853244	
0.232158	0.231208	0.328998	0.888719	
0.319261	0.685272	1.624251	0.202748	
0.041137	0.041137	0.058177	0.996616	
0.288322	0.610147	1.431745	0.821712	
0.557063	0.462794	0.873001	0.000054	
0.210852	0.743623	2.796141	0.255414	
0.430511	0.599434	1.054430	0.000000	
0.622889	0.341710	1.423310	0.593034	
0.058511	0.058499	0.082757	0.993272	
0.596652	0.306290	1.369222	0.805580	
0.181043	0.181943	0.257983	0.934959	
0.371104	0.622566	1.209651	0.385188	
0.671289	0.349980	1.491620	0.000000	
0.377448	0.387051	0.554305	0.658835	
0.493379	0.406913	0.777640	0.544086	
0.740495	0.225798	2.541675	0.006074	
0.109708	0.110067	0.155725	0.977641	
0.206805	0.749583	2.911190	0.000001	
0.303338	0.707848	2.154705	0.000000	
0.468430	0.477618	0.682172	0.335548	
0.263305	0.672099	1.837395	0.727055	
0.338426	0.678097	1.518542	0.000000	
0.188284	0.755119	3.244390	0.000001	
0.422527	0.533118	0.866836	0.428199	
0.183079	0.725706	2.967824	0.860210	
0.380290	0.381708	0.540821	0.649582	
0.645267	0.307187	1.594785	0.660851	
0.583052	0.310944	1.240083	0.774461	
0.341339	0.677202	1.503880	0.018366	
0.485038	0.411763	0.752843	0.532656	
0.180182	0.757282	3.282982	0.000001	
0.212963	0.746182	2.807833	0.000001	
0.244926	0.248114	0.353394	0.878252	
0.683857	0.335128	1.663486	0.007321	
