0.442952	0.457584	0.659481	0.453798	
0.457185	0.565329	0.897755	0.000057	
0.339586	0.684481	1.524765	0.000948	
0.743891	0.222382	2.591613	0.000501	
0.267913	0.724604	2.007025	0.610742	
0.022560	0.022560	0.031905	0.998993	
0.000000	0.000000	0.000000	1.000003	
0.726494	0.221308	2.997413	0.675566	
0.235772	0.723571	2.960065	0.632523	
0.368615	0.301171	0.582107	0.885095	
0.051167	0.051290	0.072612	0.996291	
0.749279	0.212204	3.390106	0.000664	
0.735044	0.260760	2.093307	0.615263	
0.565476	0.461192	0.888495	0.000000	
0.333743	0.696475	2.266258	0.001107	
0.676038	0.341736	1.511097	0.000001	
0.221033	0.744111	2.606987	0.004099	
0.091091	0.090459	0.129335	0.988182	
0.304342	0.349775	0.532728	0.839256	
0.141508	0.141577	0.200265	0.959404	
0.600051	0.377087	1.056987	0.583395	
0.201314	0.752291	3.394621	0.001611	
0.615731	0.341637	1.451383	0.654624	
0.347012	0.631949	1.449756	0.529275	
0.253102	0.649456	1.805050	0.896003	
0.205591	0.212489	0.305616	0.928810	
0.381365	0.588169	1.060800	0.501925	
0.347629	0.499488	0.871213	0.734543	
0.340031	0.680409	1.514540	0.000942	
0.726428	0.221470	2.994179	0.674880	
0.209098	0.727190	2.741132	0.646155	
0.232036	0.737821	2.458897	0.000679	
0.272393	0.694788	1.895551	0.540348	
0.091026	0.090493	0.129163	0.987438	
0.432442	0.595416	1.025499	0.003827	
0.759039	0.174178	3.396072	0.000899	
0.253552	0.649211	1.800940	0.894217	
0.366856	0.302159	0.576565	0.879505	
0.513060	0.495288	0.733753	0.000000	
0.162609	0.162737	0.230224	0.946095	
0.000000	0.000000	0.000000	1.005863	
0.027071	0.027075	0.038292	0.998638	
0.749279	0.212204	3.390106	0.000664	
0.058206	0.058209	0.082322	0.993241	
0.650098	0.251455	1.801375	0.894416	
0.442171	0.532692	0.810924	0.441322	
0.578395	0.391051	0.978971	0.548383	
0.352564	0.623594	1.379690	0.522586	
0.389442	0.560208	0.981998	0.493251	
0.183264	0.756865	3.386711	0.001607	
0.650027	0.374612	1.310219	0.040948	
0.583764	0.376228	1.180197	0.555689	
0.143727	0.143789	0.203390	0.958052	
0.388458	0.580993	1.037041	0.493665	
0.355885	0.620793	1.355705	0.515320	
0.416736	0.615617	1.159884	0.052197	
0.615006	0.332416	1.402523	0.655609	
0.731798	0.202207	2.950871	0.665701	
0.747062	0.219523	3.363265	0.001287	
0.000000	0.000000	0.000000	1.104029	
0.106008	0.106029	0.149961	0.977392	
0.200646	0.736051	3.048377	0.618725	
0.242366	0.665326	1.943980	0.880708	
0.599842	0.377217	1.056209	0.583072	
0.737396	0.237161	2.404901	0.000468	
0.248309	0.656647	1.860524	0.885416	
0.220794	0.744415	2.610919	0.000717	
0.290825	0.709398	1.930260	0.044060	
0.456064	0.447453	0.651497	0.441397	
0.158009	0.158111	0.223664	0.949125	
0.054698	0.054776	0.077517	0.994916	
0.359353	0.517750	0.904707	0.678434	
0.703319	0.292632	1.748023	0.584530	
0.482200	0.349540	0.821850	0.733937	
0.215518	0.215848	0.305488	0.903104	
0.567468	0.459845	0.894885	0.000000	
0.631036	0.405613	1.292275	0.025323	
0.025210	0.025219	0.035668	0.998967	
0.161241	0.161345	0.228239	0.946946	
0.292518	0.708426	1.915117	0.043760	
0.357535	0.592048	1.164433	0.562607	
0.739401	0.228412	2.507058	0.000001	
0.373190	0.583091	1.080592	0.506602	
0.542161	0.473731	0.824658	0.000000	
0.000000	0.000000	0.000000	1.703827	
0.358786	0.490804	0.832939	0.701417	
0.230430	0.740118	2.484008	0.003922	
0.357705	0.309468	0.559649	0.862501	
0.597094	0.357476	1.201792	0.588262	
0.051468	0.051581	0.073021	0.996095	
0.243474	0.664766	1.933113	0.876342	
0.441824	0.462594	0.668530	0.454048	
0.599646	0.377339	1.055476	0.582767	
0.104852	0.104916	0.148414	0.978146	
0.647491	0.256433	1.772556	0.881879	
0.185141	0.736958	3.177107	0.722294	
0.737109	0.190867	3.101979	0.666958	
0.677754	0.338691	1.516711	0.000001	
0.482489	0.564877	0.830483	0.000000	
0.028012	0.028014	0.039619	0.998468	
0.153466	0.153479	0.217060	0.951781	
0.028126	0.028127	0.039779	0.998455	
0.460743	0.560458	0.881555	0.000057	
0.493224	0.351747	0.853347	0.723569	
0.569996	0.458121	0.903088	0.000000	
0.343725	0.674242	1.488078	0.000273	
0.319467	0.621279	1.332389	0.738237	
0.759017	0.174246	3.394629	0.001090	
0.152868	0.153132	0.216635	0.953134	
0.631194	0.353465	1.291693	0.419600	
0.306737	0.351291	0.536303	0.836117	
0.740032	0.202225	2.950250	0.488672	
0.000000	0.000000	0.000000	2.218923	
0.187059	0.755615	3.306185	0.001571	
0.452292	0.442968	0.645380	0.458257	
0.199051	0.729954	2.899840	0.698840	
0.071984	0.071999	0.101833	0.989712	
0.603763	0.397088	1.081683	0.368694	
0.213778	0.214454	0.303776	0.905614	
0.106006	0.106033	0.149970	0.977423	
0.692312	0.275934	1.863609	0.520941	
0.669186	0.351309	1.450962	0.000001	
0.240561	0.666231	1.961888	0.887909	
0.141452	0.141684	0.200521	0.960106	
0.677451	0.339244	1.514831	0.000299	
0.266355	0.706890	2.058588	0.484847	
0.000000	0.000000	0.000000	1.463507	
0.660716	0.321455	1.703008	0.527496	
0.279343	0.720560	1.978282	0.001180	
0.036650	0.036652	0.051835	0.997346	
0.208179	0.727775	2.756034	0.651779	
0.455087	0.446924	0.649766	0.443881	
0.091518	0.091838	0.130100	0.985255	
0.207335	0.209527	0.297887	0.915371	
0.385434	0.617374	1.213364	0.350026	
0.285536	0.715312	2.155296	0.000001	
0.028011	0.028017	0.039626	0.998571	
0.703473	0.280096	1.898719	0.346298	
0.754839	0.190851	3.348735	0.000657	
0.727270	0.177294	3.084248	0.901314	
0.349492	0.497432	0.862213	0.729206	
0.581171	0.446261	0.981414	0.043814	
0.420369	0.611421	1.072309	0.000214	
0.589015	0.399610	1.049064	0.359305	
0.259836	0.647225	1.747743	0.861816	
0.000000	0.000000	0.000000	1.005863	
0.158445	0.158300	0.224184	0.949094	
0.483888	0.527425	0.779067	0.000173	
0.726925	0.177846	3.072977	0.898190	
0.595245	0.358335	1.127749	0.613376	
0.028011	0.028016	0.039623	0.998528	
0.201012	0.752296	3.043051	0.001453	
0.651472	0.330760	1.523914	0.482110	
0.706979	0.292444	1.849932	0.072795	
0.465646	0.444084	0.676539	0.441889	
0.037902	0.037904	0.053606	0.997163	
0.759016	0.174249	3.394554	0.001611	
0.212722	0.213139	0.301723	0.905983	
0.297757	0.608184	1.374442	0.799170	
0.313267	0.345081	0.510867	0.813967	
0.246548	0.712969	2.429629	0.580163	
0.650063	0.254032	1.786296	0.879413	
0.340432	0.680109	1.511934	0.000940	
0.096381	0.096368	0.136314	0.981343	
0.207376	0.209457	0.297715	0.915074	
0.051468	0.051580	0.073021	0.996096	
0.452357	0.443066	0.644814	0.458791	
0.121993	0.122206	0.172988	0.970872	
0.665102	0.242437	1.942580	0.882517	
0.658197	0.340017	1.301382	0.686491	
0.742795	0.224914	2.556451	0.000485	
0.027071	0.027075	0.038292	0.998638	
0.352750	0.488792	0.835276	0.719527	
0.288583	0.629571	1.521575	0.767302	
0.106004	0.106038	0.149981	0.977467	
0.356607	0.666756	1.447824	0.000089	
0.213127	0.728920	2.690255	0.578521	
0.181132	0.756890	3.266114	0.001553	
0.430562	0.596381	1.029185	0.056312	
0.619191	0.323068	1.416383	0.668942	
0.676994	0.350957	1.442795	0.185613	
0.738668	0.205881	2.887347	0.478906	
0.000000	0.000000	0.000000	2.470679	
0.302811	0.618709	1.416394	0.729327	
0.701558	0.283460	1.869841	0.341725	
0.742092	0.226542	2.535098	0.000481	
0.664311	0.357653	1.411826	0.004161	
0.271238	0.726153	2.055823	0.000126	
0.000000	0.000000	0.000000	2.219504	
0.426787	0.589030	0.930153	0.521317	
0.207651	0.208980	0.296496	0.912961	
0.610622	0.367662	1.190482	0.612594	
0.565094	0.378566	1.017964	0.528699	
0.404802	0.626260	1.115326	0.273430	
0.721070	0.194626	2.778300	0.817012	
0.141315	0.141951	0.201159	0.961858	
0.212590	0.721903	2.653848	0.704578	
0.357981	0.491727	0.836773	0.703634	
0.374407	0.651255	1.327641	0.000823	
0.091527	0.091823	0.130062	0.985091	
