0.195969	0.753561	3.358735	0.000427	
0.268856	0.705049	1.978076	0.447150	
0.097785	0.097827	0.138372	0.980964	
0.748258	0.220924	2.623973	0.000000	
0.028012	0.028014	0.039619	0.998465	
0.052029	0.052030	0.073581	0.994577	
0.229966	0.761163	2.570100	0.000006	
0.101831	0.101838	0.144026	0.979087	
0.337160	0.678820	1.526692	0.000279	
0.000000	0.000000	0.000000	1.000003	
0.733622	0.211889	2.945624	0.594987	
0.349087	0.646735	1.471642	0.420150	
0.659035	0.249185	1.853403	0.888495	
0.626016	0.355997	1.369065	0.487457	
0.356540	0.488262	0.830667	0.709352	
0.456635	0.460306	0.653574	0.403604	
0.748324	0.215109	3.360285	0.011418	
0.164900	0.165564	0.234759	0.946699	
0.672934	0.348068	1.514707	0.001893	
0.235801	0.674116	2.047983	0.880924	
0.496882	0.369463	0.805893	0.701693	
0.219937	0.220578	0.312598	0.900043	
0.193813	0.734867	3.225275	0.733852	
0.337035	0.695664	2.372651	0.000676	
0.468440	0.568636	0.869839	0.006522	
0.596480	0.395396	1.084038	0.353356	
0.575764	0.476824	0.858520	0.000030	
0.698491	0.271495	1.908427	0.536486	
0.398420	0.594116	1.078848	0.352135	
0.618186	0.388958	1.151468	0.310831	
0.757402	0.181171	3.396184	0.000201	
0.678329	0.340807	1.510669	0.002531	
0.740742	0.208848	3.051557	0.449674	
0.468926	0.474397	0.672578	0.343063	
0.067292	0.067415	0.095410	0.992100	
0.395702	0.607033	1.111319	0.297369	
0.495981	0.369967	0.803085	0.699979	
0.468654	0.568237	0.868778	0.000055	
0.189182	0.736244	2.978191	0.679775	
0.707607	0.277989	1.927982	0.343431	
0.173677	0.174018	0.246392	0.938953	
0.220937	0.744355	2.608974	0.000461	
0.745533	0.226910	2.546884	0.000000	
0.268096	0.705469	1.985185	0.448562	
0.663965	0.336916	1.680448	0.409804	
0.353815	0.666583	1.422328	0.000264	
0.228841	0.230115	0.326186	0.892073	
0.240254	0.671839	1.998622	0.861928	
0.294795	0.685180	1.732639	0.422820	
0.620497	0.460519	0.959819	0.000033	
0.660765	0.251915	1.853493	0.861272	
0.111752	0.112000	0.158541	0.976046	
0.185064	0.756310	3.371951	0.040323	
0.339357	0.694052	2.330982	0.000000	
0.097795	0.097802	0.138317	0.980732	
0.000000	0.000000	0.000000	1.480757	
0.366427	0.501609	0.817942	0.709144	
0.592057	0.411750	1.043991	0.284884	
0.342627	0.691749	2.274137	0.000000	
0.360009	0.501883	0.866037	0.689772	
0.207293	0.742222	3.061103	0.421435	
0.706305	0.281435	1.907575	0.272920	
0.732828	0.174952	3.168088	0.843531	
0.647943	0.362906	1.451567	0.317503	
0.000000	0.000000	0.000000	1.480757	
0.183736	0.183657	0.259897	0.930329	
0.441504	0.596737	1.135565	0.000000	
0.748294	0.220844	2.625083	0.000000	
0.663487	0.252973	1.883511	0.833651	
0.249483	0.723848	2.220825	0.286276	
0.490172	0.373751	0.787492	0.690476	
0.260595	0.653738	1.778053	0.828729	
0.338958	0.677542	1.515043	0.000277	
0.361195	0.641059	1.383461	0.356277	
0.129532	0.128665	0.183780	0.970448	
0.273302	0.703623	1.945333	0.389277	
0.533709	0.486509	0.780377	0.000071	
0.469566	0.472107	0.668432	0.341697	
0.407436	0.623626	1.100905	0.274066	
0.111751	0.112001	0.158542	0.976052	
0.038060	0.038128	0.053971	0.998257	
0.661499	0.343530	1.634666	0.377563	
0.506268	0.367614	0.887171	0.675752	
0.360015	0.501876	0.866005	0.689755	
0.343167	0.691364	2.264934	0.000000	
0.275529	0.634494	1.600189	0.816487	
0.290345	0.286642	0.413348	0.824302	
0.525802	0.410548	0.853732	0.479618	
0.663487	0.252973	1.883511	0.833651	
0.000000	0.000000	0.000000	1.737896	
0.231188	0.746733	2.496393	0.000298	
0.735907	0.219300	2.742926	0.406990	
0.405030	0.599958	1.089396	0.293667	
0.588539	0.427433	0.985610	0.251250	
0.285904	0.629016	1.539936	0.787075	
0.152120	0.152227	0.215357	0.953006	
0.673229	0.347672	1.517415	0.001896	
0.293014	0.692439	1.778407	0.360206	
0.465058	0.564311	0.874072	0.000055	
0.111734	0.112037	0.158627	0.976356	
0.590846	0.338976	1.181320	0.717050	
0.345980	0.667617	1.521673	0.268779	
0.642756	0.281872	1.599371	0.760083	
0.593200	0.399873	1.079748	0.352347	
0.210537	0.743424	3.021505	0.339345	
0.759133	0.173872	3.402572	0.001092	
0.043557	0.043570	0.061625	0.996386	
0.000000	0.000000	0.000000	1.963217	
0.370861	0.484033	0.785954	0.686824	
0.344502	0.659500	1.492837	0.325061	
0.253336	0.713978	2.140695	0.423631	
0.287773	0.288373	0.408242	0.818555	
0.182154	0.182858	0.259210	0.933633	
0.705805	0.242728	2.317268	0.652948	
0.564740	0.472888	0.854552	0.000326	
0.661692	0.341460	1.632795	0.388436	
0.677468	0.339114	1.514015	0.000001	
0.361111	0.709128	1.498037	0.000001	
0.618082	0.389061	1.150925	0.310724	
0.043557	0.043571	0.061629	0.996419	
0.679483	0.259013	1.929307	0.705537	
0.239683	0.711431	2.358106	0.607683	
0.241497	0.733469	2.346632	0.023081	
0.505926	0.367912	0.885580	0.674907	
0.759049	0.174144	3.396786	0.000127	
0.272302	0.636444	1.625522	0.827485	
0.641982	0.278127	1.629857	0.778418	
0.408555	0.594873	1.063668	0.289413	
0.407431	0.554655	0.937308	0.433232	
0.343167	0.691364	2.264934	0.000000	
0.128999	0.129228	0.182924	0.967226	
0.738215	0.169741	3.296594	0.807045	
0.706222	0.281583	1.906297	0.272761	
0.175534	0.739102	3.219282	0.739080	
0.661021	0.252021	1.854158	0.859445	
0.259065	0.658517	1.811002	0.818273	
0.000000	0.000000	0.000000	1.464497	
0.363453	0.639176	1.368302	0.353182	
0.635259	0.372025	1.380646	0.349991	
0.521535	0.386037	0.888109	0.582813	
0.318317	0.314318	0.453175	0.781791	
0.052026	0.052036	0.073597	0.994700	
0.246686	0.689827	2.052134	0.706067	
0.560871	0.460732	0.889757	0.000131	
0.323389	0.552021	1.092428	0.771479	
0.408834	0.594573	1.062149	0.289119	
0.214010	0.213244	0.303202	0.906306	
0.670923	0.337586	1.494372	0.264848	
0.247681	0.740066	2.644748	0.000000	
0.723388	0.248337	2.227020	0.312948	
0.616499	0.390631	1.142729	0.309085	
0.338697	0.690052	2.046217	0.000001	
0.147564	0.148525	0.210775	0.959578	
0.000000	0.000000	0.000000	1.490741	
0.676344	0.275196	2.189939	0.792287	
0.482364	0.497191	0.713897	0.223994	
0.052004	0.052076	0.073700	0.995478	
0.178228	0.738156	3.147417	0.725063	
0.258493	0.658831	1.816137	0.820299	
0.283192	0.644478	1.674444	0.771622	
0.259579	0.258540	0.368017	0.857989	
0.465562	0.563487	0.871681	0.000056	
0.737557	0.170135	3.294525	0.817427	
0.370804	0.484121	0.786251	0.687001	
0.282698	0.699558	1.924009	0.385550	
0.634671	0.289120	1.574307	0.776707	
0.495725	0.511073	0.730208	0.000039	
0.562830	0.370959	1.003822	0.635813	
0.298000	0.696194	1.768863	0.262851	
0.185337	0.787213	3.324176	0.000008	
0.644748	0.371516	1.334847	0.223927	
0.709451	0.274784	1.956781	0.347979	
0.759039	0.174178	3.396072	0.000899	
0.554660	0.348994	1.082627	0.693376	
0.590274	0.344644	1.193213	0.623534	
0.735627	0.191418	3.286485	0.749470	
0.265632	0.658462	1.762527	0.771763	
0.361586	0.500110	0.858152	0.685420	
0.211944	0.742886	2.995515	0.336602	
0.339908	0.676873	1.508941	0.000277	
0.241693	0.735872	2.410464	0.000429	
0.427676	0.610305	1.192124	0.000000	
0.000000	0.000000	0.000000	2.119255	
0.347297	0.629191	1.326061	0.475282	
0.167994	0.168497	0.238655	0.943565	
0.658864	0.250160	1.877181	0.873259	
0.183818	0.183741	0.260011	0.930256	
0.524507	0.413792	0.866808	0.484458	
0.300782	0.301343	0.426683	0.799637	
0.067408	0.067282	0.095422	0.992101	
0.703920	0.275416	2.014103	0.401333	
0.616044	0.415606	1.122962	0.001040	
0.719093	0.257754	2.129544	0.300683	
0.572112	0.437829	0.938454	0.214770	
0.618006	0.405784	1.118366	0.305606	
0.266768	0.707173	2.010067	0.400655	
0.722587	0.264304	2.107948	0.027196	
0.633713	0.341406	1.359131	0.484639	
0.362156	0.639969	1.369717	0.353470	
0.581933	0.432049	0.969806	0.216164	
