0.206897	0.206781	0.292714	0.910862	
0.330150	0.658499	1.603011	0.461442	
0.024629	0.024617	0.034840	0.999105	
0.257776	0.652129	1.773558	0.851054	
0.731375	0.207243	3.131009	0.703489	
0.655071	0.261369	1.791815	0.829467	
0.685380	0.267180	1.887169	0.611379	
0.505398	0.553879	1.275309	0.000000	
0.479269	0.454853	0.694058	0.389698	
0.086303	0.086017	0.122280	0.987486	
0.740419	0.230526	2.484894	0.003801	
0.276903	0.685453	1.832499	0.547937	
0.485348	0.549733	0.805587	0.000077	
0.415706	0.350905	0.614019	0.763097	
0.677965	0.339900	1.510479	0.002049	
0.226862	0.744810	3.342196	0.000030	
0.053667	0.053665	0.075899	0.994255	
0.616151	0.349558	1.321351	0.551636	
0.097417	0.097628	0.138217	0.982160	
0.000000	0.000000	0.000000	1.000003	
0.207734	0.729135	3.001378	0.703688	
0.392288	0.611025	1.021254	0.568827	
0.752078	0.202347	3.386319	0.000019	
0.362604	0.661058	1.403514	0.000983	
0.224279	0.741049	2.559186	0.005968	
0.484017	0.601428	2.320826	0.000000	
0.343181	0.443208	0.709921	0.779069	
0.599067	0.468828	0.905910	0.000000	
0.165752	0.165713	0.234427	0.943627	
0.736931	0.186874	3.150704	0.707673	
0.341305	0.647224	1.434564	0.427438	
0.000000	0.000000	0.000000	1.000004	
0.053665	0.053667	0.075899	0.994255	
0.612367	0.362120	1.162093	0.554304	
0.225803	0.713308	2.364334	0.647321	
0.706876	0.272689	2.054042	0.384285	
0.687843	0.326285	1.602940	0.007261	
0.459217	0.574841	0.905892	0.019146	
0.440233	0.452903	0.652634	0.471425	
0.392582	0.608331	1.016425	0.566487	
0.357865	0.456837	0.744754	0.722023	
0.202015	0.203652	0.289185	0.918958	
0.752308	0.201505	3.387204	0.000030	
0.222428	0.741812	2.583803	0.006020	
0.271904	0.690872	1.885639	0.540611	
0.105011	0.104844	0.148628	0.978741	
0.496854	0.572756	1.498460	0.000000	
0.338587	0.677951	1.522045	0.001242	
0.250592	0.660476	1.861713	0.857727	
0.086038	0.086235	0.122079	0.986542	
0.458041	0.621474	2.071981	0.000000	
0.025733	0.025733	0.036393	0.998693	
0.594229	0.470465	0.895228	0.000000	
0.140939	0.141204	0.199881	0.960545	
0.741693	0.222480	2.582546	0.003937	
0.410542	0.349493	0.604888	0.764109	
0.229577	0.234127	0.334462	0.897983	
0.499246	0.501361	0.710693	0.000666	
0.030349	0.030349	0.042920	0.998161	
0.412956	0.351799	0.608319	0.758195	
0.372778	0.567972	1.036949	0.546273	
0.053665	0.053667	0.075899	0.994255	
0.188792	0.754555	3.144485	0.001846	
0.455474	0.625568	2.186918	0.000000	
0.440651	0.441736	0.625358	0.471989	
0.497063	0.571782	1.479964	0.000000	
0.252868	0.660449	1.854268	0.852722	
0.104904	0.104906	0.148361	0.977757	
0.728785	0.185987	2.948258	0.793891	
0.546892	0.487842	0.794816	0.000005	
0.356939	0.401341	0.587935	0.739627	
0.363320	0.624104	1.267714	0.421588	
0.193551	0.744180	3.082859	0.480670	
0.268828	0.651441	1.713582	0.796127	
0.140632	0.140889	0.199440	0.960727	
0.341650	0.676925	1.500419	0.002210	
0.695339	0.258324	2.011378	0.589025	
0.752293	0.201546	3.386259	0.000030	
0.000000	0.000000	0.000000	1.253812	
0.685870	0.327876	1.594664	0.088267	
0.086226	0.086049	0.122084	0.986565	
0.688688	0.278846	1.830368	0.516777	
0.741593	0.222722	2.579301	0.003933	
0.090393	0.090401	0.127851	0.983573	
0.655446	0.369641	1.354517	0.000956	
0.500011	0.499950	0.707163	0.012333	
0.401990	0.355309	0.586023	0.739075	
0.752293	0.201546	3.386259	0.000030	
0.562446	0.402051	0.947450	0.477139	
0.599575	0.375909	1.118122	0.538342	
0.704832	0.272035	1.957631	0.394383	
0.722138	0.271972	2.271013	0.003494	
0.114259	0.114298	0.161666	0.973760	
0.324629	0.658731	1.570838	0.479270	
0.052001	0.052001	0.073541	0.994584	
0.455474	0.625568	2.186918	0.000000	
0.252987	0.660384	1.853161	0.852275	
0.342801	0.550325	1.119942	0.751934	
0.247636	0.247819	0.350534	0.869103	
0.189907	0.736730	3.025592	0.658965	
0.737992	0.183745	3.214114	0.721153	
0.405889	0.625836	1.203024	0.000362	
0.176881	0.758456	3.381640	0.001977	
0.000000	0.000000	0.000000	1.252602	
0.305355	0.672774	1.700469	0.492108	
0.394660	0.603748	1.002841	0.560756	
0.030349	0.030349	0.042920	0.998161	
0.560726	0.480289	0.828347	0.000002	
0.128500	0.128274	0.181851	0.967725	
0.497562	0.569348	1.435441	0.000000	
0.264667	0.652613	1.745807	0.817763	
0.199720	0.725793	3.107368	0.836005	
0.104828	0.105039	0.148697	0.978997	
0.345052	0.640018	1.361950	0.426210	
0.177377	0.758355	3.375171	0.000710	
0.739581	0.227852	2.516133	0.004670	
0.699065	0.312031	1.751328	0.001179	
0.400249	0.591332	0.966842	0.545613	
0.498825	0.562606	1.324166	0.000000	
0.639061	0.350019	1.400469	0.437832	
0.594466	0.470386	0.895749	0.000000	
0.286660	0.712755	1.916589	0.001309	
0.000000	0.000000	0.000000	1.001292	
0.268260	0.692543	1.917961	0.548665	
0.542673	0.366905	0.954564	0.639729	
0.752283	0.201557	3.385950	0.013387	
0.129123	0.129054	0.182640	0.966453	
0.078125	0.078124	0.110486	0.987723	
0.470775	0.546881	0.842602	0.000002	
0.730168	0.213138	2.647364	0.543164	
0.342952	0.550008	1.115415	0.749603	
0.438016	0.441551	0.626998	0.480017	
0.453921	0.623983	2.196403	0.000000	
0.086214	0.086054	0.122053	0.986418	
0.249180	0.249168	0.352399	0.867010	
0.309765	0.698400	1.724791	0.001192	
0.565742	0.477433	0.837005	0.093598	
0.727507	0.199247	2.741734	0.743223	
0.104904	0.104906	0.148361	0.977757	
0.000000	0.000000	0.000000	1.008665	
0.252983	0.660387	1.853203	0.852292	
0.165711	0.165753	0.234426	0.943625	
0.505460	0.549699	1.210408	0.000000	
0.041370	0.041371	0.058507	0.996576	
0.747815	0.214473	3.127944	0.000012	
0.500778	0.499736	0.708660	0.000665	
0.314164	0.311953	0.446029	0.783934	
0.640755	0.389331	1.283801	0.033249	
0.496020	0.435592	0.756903	0.436737	
0.086212	0.086052	0.122055	0.986415	
0.235930	0.238231	0.336509	0.887403	
0.284387	0.648199	1.647718	0.729541	
0.677000	0.304618	1.651298	0.438138	
0.245369	0.734514	2.310790	0.005439	
0.741505	0.222969	2.576840	0.003919	
0.556720	0.338373	1.115151	0.736335	
0.421249	0.560378	0.904835	0.420135	
0.176647	0.730766	3.117948	0.855598	
0.322978	0.611494	1.343904	0.677554	
0.407287	0.583317	1.024283	0.344282	
0.104828	0.105039	0.148697	0.978997	
0.322276	0.661049	1.593689	0.478925	
0.485348	0.549733	0.805587	0.000077	
0.235666	0.237655	0.336514	0.886625	
0.090380	0.090433	0.127964	0.984057	
0.699709	0.250046	2.094979	0.610744	
0.200611	0.725463	3.089037	0.831342	
0.663127	0.313828	1.557626	0.469800	
0.569269	0.479079	0.847049	0.010171	
0.345910	0.673257	1.470275	0.085379	
0.245378	0.734494	2.310634	0.005439	
0.072729	0.072846	0.103103	0.990369	
0.488028	0.590371	1.872204	0.000000	
0.751100	0.204854	3.312032	0.000142	
0.415267	0.353081	0.600499	0.764767	
0.505224	0.434470	0.783168	0.430136	
0.364449	0.526392	0.929728	0.649524	
0.254664	0.659475	1.838109	0.846198	
0.720238	0.273553	2.029034	0.000000	
0.128572	0.128511	0.181872	0.966706	
0.653563	0.371763	1.324179	0.000000	
0.000000	0.000000	0.000000	2.224603	
0.259037	0.697482	2.004057	0.570268	
0.472794	0.543738	0.832933	0.000002	
0.252983	0.660387	1.853203	0.852292	
0.343681	0.651763	1.444355	0.383754	
0.584749	0.450495	0.942101	0.016931	
0.525071	0.373932	0.905486	0.615335	
0.597066	0.379672	1.117389	0.538034	
0.321360	0.690883	1.683299	0.000671	
0.206822	0.720948	2.765251	0.764326	
0.740943	0.202457	2.842215	0.443540	
0.140939	0.141204	0.199881	0.960545	
0.206811	0.206824	0.292507	0.910493	
0.059564	0.059564	0.084237	0.992883	
0.105035	0.104830	0.148689	0.978965	
0.000000	0.000000	0.000000	1.252602	
0.086281	0.086021	0.122238	0.987264	
0.283115	0.709391	1.958894	0.211778	
0.702355	0.303356	1.768198	0.002382	
