0.100285	0.100241	0.141855	0.979965	
0.157561	0.157683	0.223024	0.949504	
0.000000	0.000000	0.000000	1.000001	
0.030102	0.030103	0.042573	0.998212	
0.425217	0.692781	1.124927	0.344397	
0.062449	0.062453	0.088323	0.992218	
0.231414	0.738475	2.487942	0.000150	
0.180108	0.180078	0.254733	0.932983	
0.606445	0.470921	0.911784	0.000006	
0.215710	0.748237	3.379304	0.000041	
0.693403	0.340702	2.373659	0.000000	
0.241501	0.241670	0.341820	0.875974	
0.458849	0.462595	0.658571	0.394343	
0.175856	0.758593	3.379034	0.000041	
0.874182	0.263471	2.523533	0.000032	
0.678404	0.343987	1.492562	0.000878	
0.498514	0.519705	0.741508	0.007524	
0.210485	0.732587	2.953630	0.605359	
0.351383	0.379963	0.565656	0.731909	
0.755114	0.189392	3.325287	0.000290	
0.643561	0.348224	1.427967	0.420012	
0.363467	0.659380	1.370128	0.006277	
0.288800	0.691132	1.784366	0.477189	
0.365789	0.632783	1.465189	0.448626	
0.734722	0.201448	2.803995	0.567295	
0.658856	0.248589	1.869943	0.874905	
0.115222	0.115335	0.163185	0.973676	
0.260302	0.647627	1.741217	0.853388	
0.027799	0.027803	0.039321	0.998528	
0.174029	0.174047	0.246151	0.937530	
0.000000	0.000000	0.000000	1.000001	
0.379650	0.596781	1.112869	0.436836	
0.473303	0.597177	0.891761	0.000006	
0.749986	0.203876	3.041094	0.029214	
0.199337	0.752770	3.380574	0.000041	
0.592685	0.473482	0.885724	0.000006	
0.741110	0.224587	2.554992	0.000220	
0.458838	0.462744	0.658854	0.394458	
0.739090	0.206596	3.102692	0.525901	
0.631849	0.339227	1.484322	0.574661	
0.699821	0.331225	2.559963	0.000050	
0.156373	0.156389	0.221179	0.949896	
0.221656	0.742273	2.612584	0.000032	
0.118584	0.118513	0.167853	0.972251	
0.226519	0.225203	0.321718	0.896495	
0.190779	0.739095	3.084467	0.620374	
0.382382	0.479824	0.716423	0.688536	
0.659084	0.250101	1.861023	0.865163	
0.255284	0.658875	1.853578	0.853171	
0.097259	0.097340	0.137710	0.981409	
0.100248	0.100273	0.141827	0.979856	
0.357473	0.631260	1.400276	0.461397	
0.272509	0.693846	1.907840	0.502998	
0.337481	0.679116	1.525069	0.000018	
0.678443	0.339251	1.516992	0.007256	
0.156358	0.156416	0.221250	0.950066	
0.588712	0.385516	1.073940	0.431975	
0.689183	0.346681	2.266435	0.000001	
0.182866	0.182843	0.258663	0.930893	
0.382382	0.479824	0.716423	0.688536	
0.115060	0.115442	0.163533	0.975169	
0.592380	0.473864	0.885724	0.000006	
0.000000	0.000000	0.000000	1.235884	
0.471000	0.605371	0.909029	0.000006	
0.337034	0.679433	1.527979	0.000018	
0.743446	0.225665	2.551231	0.000032	
0.100280	0.100246	0.141854	0.979959	
0.270938	0.694611	1.921719	0.506186	
0.029401	0.029399	0.041580	0.998300	
0.261606	0.646891	1.730044	0.848639	
0.643476	0.261220	1.710574	0.860683	
0.576030	0.408894	0.976273	0.428325	
0.061442	0.061443	0.086893	0.992428	
0.176652	0.739345	3.217436	0.728247	
0.222059	0.742036	2.609578	0.000051	
0.353974	0.639089	1.440880	0.438911	
0.383822	0.584715	1.065434	0.452457	
0.734753	0.201367	2.805294	0.567540	
0.226446	0.226531	0.320383	0.891805	
0.199393	0.752750	3.379304	0.000041	
0.677254	0.342210	1.503352	0.008530	
0.751688	0.201397	3.250853	0.000283	
0.458262	0.463256	0.659119	0.394561	
0.358325	0.663443	1.400584	0.006387	
0.693469	0.341203	2.367085	0.000000	
0.743428	0.225704	2.550708	0.000032	
0.721640	0.236755	2.512783	0.518904	
0.350332	0.598622	1.193442	0.567010	
0.567212	0.481117	0.837171	0.000054	
0.199393	0.752750	3.379304	0.000041	
0.392691	0.577327	1.024959	0.440273	
0.182866	0.182843	0.258663	0.930893	
0.175974	0.725989	3.081977	0.923133	
0.279645	0.293051	0.418272	0.850981	
0.661587	0.248234	1.882983	0.863284	
0.104076	0.104077	0.147188	0.978102	
0.029782	0.029781	0.042119	0.998251	
0.694778	0.273100	1.902620	0.486833	
0.156434	0.156372	0.221291	0.950107	
0.679136	0.337171	1.532838	0.008662	
0.097989	0.097914	0.138630	0.981108	
0.000000	0.000000	0.000000	1.936653	
0.266595	0.644032	1.688168	0.830871	
0.118502	0.118574	0.167739	0.971879	
0.268322	0.695824	1.944511	0.513537	
0.223254	0.741623	2.601774	0.000051	
0.382148	0.479696	0.716948	0.688711	
0.469158	0.611599	0.922220	0.000006	
0.225912	0.227518	0.323255	0.896259	
0.458401	0.463039	0.658571	0.394343	
0.695716	0.271266	1.918802	0.490441	
0.367084	0.578544	1.144274	0.583984	
0.000000	0.000000	0.000000	1.366333	
0.219582	0.710111	2.402899	0.729875	
0.393306	0.576599	1.020912	0.439035	
0.354991	0.666034	1.420716	0.000828	
0.199606	0.200057	0.282991	0.918122	
0.199393	0.752750	3.379304	0.000041	
0.661235	0.248908	1.876636	0.860720	
0.692889	0.340160	2.304809	0.000001	
0.668392	0.352306	1.450428	0.000000	
0.362532	0.362480	0.512733	0.688814	
0.092070	0.092388	0.130906	0.985141	
0.115097	0.115391	0.163453	0.974900	
0.030581	0.030582	0.043250	0.998155	
0.104076	0.104077	0.147188	0.978102	
0.733051	0.222957	2.768637	0.458485	
0.591679	0.474076	0.884247	0.000006	
0.481648	0.570047	0.837956	0.000006	
0.282940	0.628444	1.530673	0.794011	
0.739668	0.228034	2.510263	0.000216	
0.283205	0.713013	1.945221	0.000039	
0.255200	0.708375	2.100385	0.491501	
0.321011	0.653810	1.498313	0.489928	
0.364355	0.589326	1.182312	0.564486	
0.238752	0.239063	0.338201	0.879370	
0.563884	0.400962	0.970351	0.449216	
0.381181	0.350795	0.562470	0.728107	
0.000000	0.000000	0.000000	1.213568	
0.278960	0.638648	1.612746	0.788061	
0.607041	0.468015	0.917886	0.078092	
0.375129	0.578447	1.064793	0.521065	
0.033350	0.033343	0.047170	0.997916	
0.479931	0.568916	0.839114	0.000054	
0.642845	0.262550	1.699831	0.856030	
0.228571	0.716216	2.372650	0.603013	
0.199393	0.752750	3.379304	0.000041	
0.731407	0.209045	2.672393	0.549247	
0.245387	0.732307	2.325576	0.000046	
0.665660	0.355072	1.414265	0.000132	
0.101019	0.100972	0.142902	0.979708	
0.739596	0.228203	2.508095	0.000216	
0.062447	0.062462	0.088336	0.992322	
0.296402	0.705499	1.829805	0.000037	
0.118495	0.118589	0.167784	0.972026	
0.588353	0.386064	1.073940	0.431975	
0.715293	0.287739	2.212152	0.001206	
0.729591	0.250483	2.246546	0.000195	
0.457703	0.471788	0.682130	0.389772	
0.589795	0.436956	0.996368	0.005351	
0.334602	0.680756	1.543120	0.000018	
0.000000	0.000000	0.000000	1.366420	
0.033350	0.033343	0.047170	0.997916	
0.230373	0.708087	2.637761	0.797853	
0.608207	0.367085	1.276845	0.509359	
0.095772	0.095774	0.135448	0.981503	
0.499660	0.501416	0.709571	0.000005	
0.707910	0.261643	2.056787	0.433080	
0.690022	0.245331	2.150285	0.751619	
0.353632	0.581202	1.179003	0.634595	
0.226057	0.227155	0.322038	0.894345	
0.672303	0.346872	1.479047	0.001362	
0.376508	0.623867	1.222448	0.332960	
0.382629	0.479580	0.715936	0.688249	
0.199393	0.752750	3.379304	0.000041	
0.100248	0.100273	0.141827	0.979856	
0.294342	0.624818	1.484682	0.757164	
0.261338	0.725316	2.221324	0.011335	
0.261457	0.716589	2.106237	0.322967	
0.118495	0.118589	0.167784	0.972026	
0.336132	0.647393	1.406765	0.430525	
0.118432	0.118711	0.168067	0.972967	
0.698347	0.307817	1.731261	0.000156	
0.433319	0.592875	1.006544	0.031946	
0.029401	0.029399	0.041580	0.998300	
0.061397	0.061597	0.087223	0.994750	
0.332903	0.687442	1.571655	0.004877	
0.685271	0.258696	1.948279	0.673654	
0.585963	0.415123	1.015540	0.299113	
0.750803	0.208229	2.798918	0.000007	
0.229564	0.713930	2.589743	0.703641	
0.314361	0.314442	0.444748	0.777712	
0.215710	0.748237	3.379304	0.000041	
0.694103	0.275777	1.883165	0.473973	
0.270277	0.641876	1.658120	0.818152	
0.687827	0.269581	2.078290	0.656886	
0.100229	0.100265	0.141823	0.979924	
0.000000	0.000000	0.000000	1.024811	
0.375663	0.616918	1.189972	0.367378	
0.237345	0.735529	2.412018	0.000001	
