0.702331	0.285101	1.866986	0.332343	
0.235665	0.737397	2.421824	0.000027	
0.000000	0.000000	0.000000	1.459757	
0.152362	0.151164	0.216529	0.958407	
0.203505	0.751329	3.189302	0.000047	
0.039291	0.039242	0.055579	0.997749	
0.738570	0.231375	2.468596	0.006633	
0.475261	0.477494	0.676756	0.307040	
0.504692	0.368030	0.830656	0.691970	
0.585002	0.465765	1.240090	0.000000	
0.650134	0.418579	2.408406	0.000000	
0.242099	0.673119	2.024368	0.864600	
0.185763	0.186803	0.264420	0.931619	
0.663963	0.240639	1.955133	0.904912	
0.637646	0.362090	1.349081	0.390466	
0.194817	0.194402	0.275819	0.923258	
0.757612	0.186169	3.247542	0.000048	
0.086588	0.087193	0.123747	0.989277	
0.377128	0.561188	1.022916	0.654276	
0.354980	0.646988	1.508873	0.401113	
0.669007	0.352198	1.437113	0.000008	
0.129799	0.130798	0.185583	0.970421	
0.284907	0.276861	0.413955	0.854782	
0.343790	0.674647	1.486333	0.000003	
0.472471	0.607159	0.905130	0.000003	
0.260360	0.724799	2.848659	0.487525	
0.576387	0.409891	1.011939	0.366657	
0.719133	0.186218	2.863135	0.929236	
0.578576	0.480851	0.849232	0.000000	
0.736351	0.227633	2.925032	0.499742	
0.500706	0.356228	0.867083	0.707581	
0.129873	0.130624	0.185177	0.969165	
0.638179	0.352417	1.461128	0.465062	
0.742684	0.195124	3.045744	0.518551	
0.039297	0.039241	0.055590	0.997880	
0.730021	0.349062	1.605542	0.000000	
0.642941	0.425209	2.193024	0.000000	
0.194795	0.194257	0.276281	0.923834	
0.249637	0.657003	1.877222	0.895166	
0.211578	0.735686	2.928739	0.533624	
0.477597	0.588395	0.867803	0.000028	
0.656400	0.250925	1.816924	0.921672	
0.000000	0.000000	0.000000	1.262642	
0.265367	0.255973	0.390813	0.888750	
0.068849	0.068602	0.097436	0.992938	
0.230507	0.739678	2.485660	0.000013	
0.466417	0.465092	0.660622	0.365937	
0.372341	0.586984	1.218628	0.575357	
0.709164	0.273102	1.972986	0.348719	
0.351850	0.673904	1.446064	0.000092	
0.565862	0.464871	0.876383	0.002667	
0.381085	0.587371	1.165953	0.509878	
0.153228	0.154805	0.220056	0.957877	
0.198020	0.754210	3.174559	0.000053	
0.757342	0.186940	3.232240	0.000048	
0.604249	0.410092	0.993577	0.467506	
0.648392	0.419670	2.323833	0.000000	
0.618608	0.445647	1.693906	0.000000	
0.488212	0.358574	0.825140	0.703049	
0.573575	0.483783	0.842986	0.000003	
0.700133	0.279475	1.888234	0.407909	
0.107158	0.106080	0.152326	0.983461	
0.349375	0.672744	1.455637	0.000093	
0.599567	0.412280	0.979920	0.462749	
0.742245	0.227826	2.525614	0.000014	
0.192968	0.755257	3.136520	0.000185	
0.165686	0.166067	0.234991	0.945056	
0.721590	0.232593	2.784637	0.651189	
0.130341	0.130015	0.184579	0.967330	
0.334802	0.367738	0.547185	0.766312	
0.254595	0.654816	1.829648	0.881050	
0.228846	0.740517	2.507091	0.000014	
0.646267	0.251676	1.783462	0.909813	
0.338856	0.611117	1.329505	0.615964	
0.208775	0.732727	2.968158	0.653779	
0.035780	0.035703	0.050629	0.999042	
0.463213	0.465762	0.659341	0.375339	
0.399671	0.603385	1.054018	0.411243	
0.039291	0.039242	0.055579	0.997749	
0.466824	0.551694	0.856006	0.001436	
0.629134	0.351651	1.381514	0.500071	
0.282899	0.696011	1.836211	0.465401	
0.574241	0.407425	1.009966	0.385951	
0.618387	0.367431	1.245500	0.427147	
0.351525	0.674166	1.448097	0.000092	
0.459513	0.564182	0.892515	0.000218	
0.565350	0.465145	0.874923	0.010281	
0.672726	0.346071	1.473479	0.000093	
0.735711	0.237875	2.389990	0.006066	
0.258663	0.650689	1.782940	0.861926	
0.214120	0.730924	2.744737	0.582623	
0.685116	0.279046	1.815999	0.547945	
0.411001	0.582196	0.980817	0.419635	
0.028789	0.028708	0.040737	1.000256	
0.107016	0.106162	0.151960	0.982131	
0.647135	0.251380	1.789778	0.908247	
0.504692	0.368030	0.830656	0.691970	
0.049961	0.049903	0.070696	0.995790	
0.143545	0.144255	0.204701	0.961347	
0.345393	0.592201	1.182253	0.610321	
0.639761	0.429231	2.122951	0.000000	
0.180113	0.179437	0.254914	0.935703	
0.263636	0.256697	0.384168	0.879939	
0.736942	0.195179	2.998230	0.632772	
0.233642	0.738299	2.446552	0.000027	
0.028799	0.028706	0.040754	1.000532	
0.757342	0.186940	3.232240	0.000048	
0.270724	0.686409	1.864877	0.628219	
0.633881	0.396075	1.084289	0.499305	
0.413660	0.607616	1.045143	0.308799	
0.348368	0.671073	1.457281	0.000093	
0.551148	0.483091	0.980311	0.000006	
0.106644	0.106372	0.151020	0.978697	
0.613576	0.395428	1.033916	0.534419	
0.673854	0.344536	1.483151	0.004011	
0.338856	0.611117	1.329505	0.615964	
0.144222	0.143536	0.204452	0.960690	
0.234236	0.738035	2.439245	0.000027	
0.186343	0.741863	3.041086	0.612400	
0.439877	0.442109	0.627223	0.474350	
0.679127	0.267455	1.852532	0.647311	
0.682565	0.318154	1.615436	0.281110	
0.737637	0.200492	2.851749	0.741117	
0.343964	0.349474	0.498290	0.729657	
0.583363	0.397001	1.057730	0.407529	
0.163924	0.164734	0.233449	0.947571	
0.441656	0.584087	0.976133	0.010793	
0.593042	0.452069	1.201660	0.000000	
0.377976	0.616540	1.093581	0.585502	
0.258943	0.651819	1.790201	0.858641	
0.735959	0.198454	2.927032	0.618663	
0.409779	0.583006	0.980478	0.419532	
0.646601	0.336567	1.525010	0.517022	
0.400809	0.632313	1.212878	0.007333	
0.288167	0.690931	1.783687	0.471342	
0.689784	0.290312	1.999377	0.515940	
0.130341	0.130015	0.184579	0.967330	
0.455431	0.567377	0.905226	0.000003	
0.203636	0.733593	2.779427	0.589446	
0.716871	0.277886	1.985712	0.000000	
0.092469	0.092210	0.131086	0.985236	
0.560418	0.374306	1.009560	0.558669	
0.568104	0.436028	0.911889	0.352217	
0.165617	0.166453	0.235709	0.946954	
0.000000	0.000000	0.000000	1.413591	
0.652682	0.252540	1.811504	0.878795	
0.583847	0.442004	0.971951	0.000006	
0.263517	0.256745	0.383718	0.879343	
0.280222	0.813941	2.291549	0.000035	
0.721844	0.232643	2.379152	0.626825	
0.191989	0.716419	2.793684	0.904826	
0.754063	0.191276	3.167457	0.000047	
0.223182	0.742627	2.611186	0.001671	
0.499130	0.502598	0.711615	0.029638	
0.165679	0.166110	0.235069	0.945262	
0.715142	0.356665	1.376350	0.603409	
0.263281	0.256843	0.382821	0.878158	
0.722958	0.351487	1.600431	0.000000	
0.454068	0.385479	0.701782	0.632209	
0.699607	0.290233	1.847327	0.385943	
0.664365	0.261614	1.813243	0.783572	
0.092033	0.092739	0.131653	0.987630	
0.353038	0.628835	1.299009	0.443719	
0.451389	0.455381	0.646862	0.426559	
0.324010	0.615759	1.323054	0.631383	
0.209550	0.731763	2.690453	0.571905	
0.028845	0.028697	0.040834	1.001843	
0.421779	0.608075	1.063681	0.007227	
0.144032	0.142981	0.204373	0.962755	
0.323950	0.690228	1.639462	0.009915	
0.402077	0.551410	0.988306	0.496776	
0.278329	0.697029	1.866836	0.490262	
0.565734	0.464939	0.875971	0.002666	
0.293930	0.630597	1.506486	0.745955	
0.454999	0.575392	0.920166	0.000217	
0.484846	0.447338	0.712349	0.418617	
0.534240	0.331213	1.020591	0.775659	
0.753059	0.198775	3.012036	0.004999	
0.163764	0.164921	0.234054	0.948847	
0.000000	0.000000	0.000000	1.035949	
0.614361	0.448708	1.626022	0.000000	
0.106784	0.106294	0.151377	0.980004	
0.288605	0.709865	1.886035	0.013344	
0.668775	0.328375	1.517206	0.339116	
0.263281	0.256843	0.382821	0.878158	
0.735577	0.198790	2.879650	0.609275	
0.213184	0.755081	2.926144	0.000049	
0.646072	0.281138	1.582026	0.823408	
0.233573	0.720939	2.318957	0.602382	
0.718275	0.270589	2.016416	0.355858	
0.566928	0.455272	0.907787	0.015365	
0.400514	0.601506	1.048401	0.409554	
0.638179	0.352417	1.461128	0.465062	
0.670460	0.302737	1.628984	0.499462	
0.651194	0.295180	1.579221	0.657702	
0.078362	0.078719	0.111583	0.990519	
0.264672	0.256270	0.388111	0.885169	
0.466417	0.465092	0.660622	0.365937	
0.223478	0.752715	2.555313	0.522062	
0.718012	0.240500	2.650122	0.621896	
