0.555108	0.522210	0.715918	0.000000	
0.686677	0.308376	1.674533	0.327060	
0.371649	0.495048	0.812683	0.670866	
0.279402	0.287318	0.411662	0.840609	
0.374440	0.626523	1.252314	0.344964	
0.000000	0.000000	0.000000	1.086686	
0.271960	0.645565	1.656505	0.819745	
0.221135	0.742628	2.625069	0.011626	
0.615934	0.412577	1.364916	0.283386	
0.268395	0.724684	2.080206	0.000231	
0.211223	0.707570	2.473059	0.855997	
0.669214	0.380176	1.313767	0.009721	
0.207232	0.203020	0.296185	0.927690	
0.119332	0.118385	0.169790	0.977682	
0.467037	0.554963	0.884875	0.000060	
0.640142	0.274922	1.626138	0.799091	
0.470129	0.397507	0.719550	0.608718	
0.040941	0.040174	0.056426	1.009283	
0.334748	0.691321	1.951488	0.001396	
0.088502	0.086797	0.121310	0.999779	
0.384242	0.694125	1.338116	0.000010	
0.730623	0.268417	2.094749	0.009597	
0.231169	0.726261	2.394960	0.442354	
0.729685	0.231769	2.411413	0.419975	
0.488013	0.498846	0.681273	0.286716	
0.384751	0.632597	1.322407	0.275644	
0.339387	0.398844	0.615575	0.767282	
0.700399	0.310496	1.704744	0.235578	
0.318764	0.566294	1.155156	0.774005	
0.118371	0.114719	0.170192	0.992978	
0.000000	0.000000	0.000000	1.084221	
0.552075	0.470455	0.886120	0.013464	
0.519000	0.415977	0.804541	0.512080	
0.325081	0.691403	1.805182	0.089439	
0.170419	0.177348	0.255704	0.963315	
0.733185	0.230965	2.442303	0.305471	
0.204206	0.206361	0.297233	0.929697	
0.226757	0.740529	2.549872	0.011319	
0.448858	0.579564	0.979120	0.010706	
0.737767	0.427395	1.242631	0.000010	
0.040887	0.040121	0.056502	1.009283	
0.400535	0.542906	0.894828	0.522964	
0.270021	0.726001	2.072848	0.004394	
0.214585	0.703581	2.421586	0.833853	
0.235153	0.733661	2.455077	0.327513	
0.730575	0.268499	2.093933	0.009594	
0.494889	0.505097	0.691492	0.229684	
0.395327	0.678469	1.266880	0.000019	
0.626595	0.388042	1.304406	0.307514	
0.657963	0.290871	1.627110	0.640911	
0.626939	0.389376	1.302274	0.285321	
0.380234	0.630014	1.276884	0.302490	
0.119857	0.118268	0.170934	0.981849	
0.729259	0.270743	2.071987	0.000380	
0.481111	0.498655	0.722211	0.230832	
0.528766	0.510677	0.711371	0.000003	
0.533536	0.319882	1.047954	0.817141	
0.236296	0.724141	2.350265	0.434840	
0.446294	0.592496	0.965094	0.026673	
0.334748	0.691321	1.951488	0.001396	
0.214585	0.703581	2.421586	0.833853	
0.403256	0.538920	0.881136	0.517429	
0.390548	0.681997	1.294155	0.000141	
0.299451	0.677771	1.608219	0.658543	
0.074537	0.076859	0.110284	1.008574	
0.194998	0.205319	0.297506	0.948966	
0.735218	0.233229	2.435312	0.304769	
0.256888	0.248218	0.370682	0.887879	
0.000000	0.000000	0.000000	1.032660	
0.655967	0.379016	1.296074	0.014273	
0.270085	0.725965	2.072226	0.004393	
0.227550	0.740193	2.539425	0.011277	
0.668245	0.284849	1.703677	0.623641	
0.536299	0.325013	1.039004	0.797386	
0.229110	0.736332	2.534077	0.337148	
0.075587	0.074144	0.108638	1.005344	
0.728469	0.272022	2.058445	0.007414	
0.323489	0.554556	1.098550	0.788201	
0.632477	0.372455	1.330332	0.345526	
0.227550	0.740193	2.539425	0.011277	
0.385844	0.641377	1.253325	0.011259	
0.171972	0.177280	0.254298	0.956221	
0.655069	0.279122	1.671697	0.720508	
0.331386	0.701313	1.732810	0.000143	
0.725466	0.239955	2.318948	0.414087	
0.380347	0.629919	1.248961	0.281625	
0.274020	0.271099	0.389454	0.846822	
0.558209	0.462647	0.876080	0.000536	
0.660166	0.374300	1.322855	0.014499	
0.524103	0.485466	0.821938	0.161585	
0.195160	0.205025	0.296756	0.947551	
0.493919	0.512746	0.739967	0.000003	
0.000006	0.000006	0.000009	1.022225	
0.293437	0.604635	1.396759	0.816187	
0.264992	0.726523	2.113624	0.000234	
0.266959	0.724902	2.092706	0.000232	
0.253722	0.265765	0.383766	0.883545	
0.226757	0.740529	2.549872	0.011319	
0.208635	0.200266	0.276894	0.949596	
0.641379	0.388023	1.245282	0.009860	
0.119857	0.118268	0.170934	0.981849	
0.527294	0.411979	0.827553	0.520073	
0.000142	0.000138	0.000204	1.020017	
0.415254	0.625373	1.117164	0.050270	
0.508086	0.521056	0.710485	0.000006	
0.284286	0.685369	1.707701	0.727769	
0.724564	0.265658	2.105514	0.002176	
0.119344	0.116442	0.171116	0.989190	
0.408294	0.531394	0.856027	0.507317	
0.386250	0.617541	1.197526	0.319232	
0.588117	0.302830	1.271275	0.823279	
0.530101	0.467454	0.808294	0.206741	
0.430254	0.638526	1.142325	0.000006	
0.309179	0.697707	1.727152	0.008020	
0.619856	0.393634	1.262826	0.299830	
0.240215	0.728549	2.372219	0.318311	
0.715122	0.260641	2.095197	0.378060	
0.172120	0.176717	0.253293	0.953711	
0.363128	0.500406	0.846575	0.688413	
0.509362	0.522736	0.710822	0.000000	
0.372112	0.627085	1.236271	0.341585	
0.314075	0.570138	1.182347	0.788186	
0.392133	0.683007	1.287041	0.000082	
0.000142	0.000138	0.000204	1.020319	
0.354673	0.375996	0.547997	0.715162	
0.271688	0.721800	2.041528	0.126614	
0.599037	0.386736	1.157042	0.425801	
0.689313	0.299426	1.775046	0.395642	
0.226757	0.740529	2.549872	0.011319	
0.247475	0.724314	2.295249	0.320714	
0.660478	0.374217	1.323746	0.014508	
0.483958	0.532029	0.799868	0.000000	
0.551340	0.317499	1.116741	0.808081	
0.545600	0.327345	1.054744	0.774466	
0.074537	0.076859	0.110284	1.008574	
0.350981	0.679377	1.772471	0.008199	
0.513428	0.457963	0.839671	0.365114	
0.689450	0.332464	1.774496	0.000024	
0.241813	0.728525	2.357050	0.302948	
0.661211	0.373174	1.329419	0.014555	
0.300407	0.676907	1.600683	0.655935	
0.695930	0.295900	1.826448	0.352155	
0.000142	0.000138	0.000204	1.020283	
0.478678	0.542012	0.822082	0.000004	
0.292815	0.707027	1.868669	0.089253	
0.227845	0.740068	2.535567	0.011261	
0.592548	0.304817	1.281812	0.805601	
0.530101	0.467454	0.808294	0.206741	
0.543183	0.326838	1.063868	0.778632	
0.689450	0.332464	1.774496	0.000024	
0.621809	0.385465	1.178295	0.334809	
0.255047	0.263383	0.378440	0.876243	
0.398864	0.489423	0.763641	0.582118	
0.567690	0.455064	0.910065	0.000549	
0.336162	0.793765	1.871608	0.000025	
0.308795	0.698045	1.751525	0.064860	
0.386433	0.617369	1.196482	0.319024	
0.074555	0.076826	0.110202	1.008134	
0.316896	0.567837	1.165916	0.779610	
0.712091	0.274080	1.983764	0.254375	
0.225963	0.740764	2.559730	0.042662	
0.330566	0.676103	1.742590	0.349754	
0.000142	0.000138	0.000204	1.020283	
0.665910	0.285531	1.693895	0.620364	
0.689450	0.332464	1.774496	0.000024	
0.478907	0.399537	0.738056	0.599327	
0.321069	0.536917	1.049820	0.803884	
0.245411	0.720200	2.275969	0.413134	
0.648541	0.380475	1.287615	0.000075	
0.248824	0.730689	2.282603	0.007974	
0.432452	0.594578	0.997072	0.165795	
0.631326	0.329100	1.365624	0.554818	
0.491279	0.467501	0.739180	0.337402	
0.312710	0.696336	1.715524	0.121208	
0.403291	0.639265	1.181994	0.052401	
0.257042	0.251080	0.369032	0.878582	
0.303219	0.701460	1.776412	0.008273	
0.645332	0.296582	1.551761	0.662202	
0.486680	0.522830	0.765175	0.051311	
0.415766	0.592504	1.050589	0.264929	
0.625241	0.378488	1.252558	0.329792	
0.251089	0.717169	2.206689	0.413972	
0.000000	0.000000	0.000001	1.357654	
0.518062	0.399384	0.848553	0.532895	
0.485921	0.461349	0.733231	0.373605	
0.405315	0.533921	0.899612	0.496409	
0.234918	0.737389	2.446787	0.010900	
0.357955	0.371369	0.538292	0.707776	
0.724628	0.278421	1.998101	0.000368	
0.644478	0.387988	1.334999	0.002264	
0.702322	0.273481	1.937788	0.436288	
0.317149	0.567629	1.164454	0.778848	
0.370047	0.655007	1.332441	0.006918	
0.267420	0.721524	2.088963	0.009456	
0.514971	0.401778	0.837316	0.528181	
0.483958	0.532029	0.799868	0.000000	
0.261231	0.256658	0.358855	0.874593	
0.303252	0.674642	1.583779	0.650092	
0.659703	0.375048	1.318915	0.014467	
0.646042	0.377299	1.383190	0.203931	
