0.129873	0.130624	0.185177	0.969165	
0.185763	0.186803	0.264420	0.931619	
0.700133	0.279475	1.888234	0.407909	
0.263636	0.256697	0.384168	0.879939	
0.230507	0.739678	2.485660	0.000013	
0.477630	0.588270	0.867558	0.000060	
0.346358	0.678272	1.480727	0.000094	
0.742684	0.195124	3.045744	0.518551	
0.000000	0.000000	0.000000	1.634457	
0.399671	0.603385	1.054018	0.411243	
0.578576	0.480851	0.849232	0.000000	
0.328100	0.651522	1.462032	0.463004	
0.673854	0.344536	1.483151	0.004011	
0.757612	0.186169	3.247542	0.000048	
0.323048	0.525423	1.022832	0.818270	
0.463213	0.465762	0.659341	0.375339	
0.504692	0.368030	0.830656	0.691970	
0.742245	0.227826	2.525614	0.000014	
0.660299	0.242839	1.932030	0.918237	
0.211578	0.735686	2.928739	0.533624	
0.638613	0.429678	2.102956	0.000000	
0.068849	0.068602	0.097436	0.992938	
0.601348	0.457463	1.445894	0.000000	
0.035780	0.035703	0.050629	0.999042	
0.106784	0.106294	0.151377	0.980004	
0.278329	0.697029	1.866836	0.490262	
0.636902	0.394633	1.093961	0.502715	
0.638179	0.352417	1.461128	0.465062	
0.243281	0.657969	1.928817	0.927833	
0.152362	0.151164	0.216529	0.958407	
0.575411	0.483319	0.846615	0.012356	
0.604249	0.410092	0.993577	0.467506	
0.203505	0.751329	3.189302	0.000047	
0.273754	0.699060	1.903885	0.505324	
0.110862	0.110640	0.157119	0.977150	
0.678284	0.281354	1.775711	0.565263	
0.481728	0.572229	0.837076	0.000058	
0.208775	0.732727	2.968158	0.653779	
0.086588	0.087193	0.123747	0.989277	
0.691848	0.339411	2.191955	0.000000	
0.757342	0.186940	3.232240	0.000048	
0.638615	0.254173	1.729341	0.922800	
0.263517	0.256745	0.383718	0.879343	
0.130341	0.130015	0.184579	0.967330	
0.670029	0.350862	1.445342	0.000005	
0.612054	0.340949	1.389392	0.639648	
0.308038	0.372649	0.589852	0.853429	
0.400514	0.601506	1.048401	0.409554	
0.338856	0.611117	1.329505	0.615964	
0.028789	0.028708	0.040737	1.000256	
0.249637	0.657003	1.877222	0.895166	
0.606599	0.462383	1.433832	0.000000	
0.363170	0.661141	1.389719	0.000026	
0.734597	0.205284	2.903347	0.614581	
0.738570	0.231375	2.468596	0.006633	
0.451389	0.455381	0.646862	0.426559	
0.386886	0.319331	0.598495	0.828757	
0.234236	0.738035	2.439245	0.000027	
0.309513	0.370617	0.582818	0.846913	
0.289864	0.687673	1.759398	0.485989	
0.484846	0.447338	0.712349	0.418617	
0.144222	0.143536	0.204452	0.960690	
0.691150	0.340407	2.176683	0.000000	
0.211063	0.733366	2.917266	0.583620	
0.629134	0.351651	1.381514	0.500071	
0.675609	0.342131	1.498462	0.004044	
0.663045	0.381995	1.181211	0.534410	
0.413660	0.607616	1.045143	0.308799	
0.565862	0.464871	0.876383	0.002667	
0.477996	0.586908	0.864889	0.000060	
0.618608	0.445647	1.693906	0.000000	
0.647135	0.251380	1.789778	0.908247	
0.263281	0.256843	0.382821	0.878158	
0.381085	0.587371	1.165953	0.509878	
0.254595	0.654816	1.829648	0.881050	
0.165686	0.166067	0.234991	0.945056	
0.679127	0.267455	1.852532	0.647311	
0.056896	0.057183	0.080935	0.996711	
0.346861	0.677876	1.477518	0.000094	
0.736942	0.195179	2.998230	0.632772	
0.735711	0.237875	2.389990	0.006066	
0.028799	0.028706	0.040754	1.000532	
0.372378	0.322526	0.561651	0.808580	
0.120327	0.119944	0.170756	0.973888	
0.347531	0.672512	1.464035	0.000093	
0.573575	0.483783	0.842986	0.000003	
0.323079	0.363770	0.548737	0.796669	
0.466824	0.551694	0.856006	0.001436	
0.258663	0.650689	1.782940	0.861926	
0.624574	0.441546	1.793798	0.000000	
0.677563	0.268228	1.843559	0.654305	
0.599567	0.412280	0.979920	0.462749	
0.130341	0.130015	0.184579	0.967330	
0.198020	0.754210	3.174559	0.000053	
0.460874	0.475407	0.676366	0.381711	
0.405481	0.594590	1.021708	0.401966	
0.737637	0.200492	2.851749	0.741117	
0.560418	0.374306	1.009560	0.558669	
0.109053	0.108488	0.154739	0.979824	
0.364422	0.578126	1.151227	0.597881	
0.214120	0.730924	2.744737	0.582623	
0.673545	0.317681	1.578729	0.376493	
0.263281	0.256843	0.382821	0.878158	
0.627549	0.438055	1.830733	0.000000	
0.092469	0.092210	0.131086	0.985236	
0.709164	0.273102	1.972986	0.348719	
0.754063	0.191276	3.167457	0.000047	
0.000000	0.000000	0.000000	1.755548	
0.180113	0.179437	0.254914	0.935703	
0.280774	0.689281	1.827343	0.480768	
0.345393	0.592201	1.182253	0.610321	
0.205175	0.750744	3.162924	0.008648	
0.000000	0.000000	0.000000	1.756855	
0.618387	0.367431	1.245500	0.427147	
0.663963	0.240639	1.955133	0.904912	
0.386886	0.319331	0.598495	0.828757	
0.702331	0.285101	1.866986	0.332343	
0.434151	0.432508	0.616508	0.502048	
0.351525	0.674166	1.448097	0.000092	
0.093029	0.092144	0.131782	0.989186	
0.669007	0.352198	1.437113	0.000008	
0.177291	0.176233	0.251488	0.939133	
0.258943	0.651819	1.790201	0.858641	
0.752605	0.197577	3.087626	0.000637	
0.328080	0.373228	0.557714	0.794411	
0.273206	0.700115	1.912306	0.500646	
0.565350	0.465145	0.874923	0.010281	
0.455859	0.574141	0.916008	0.000216	
0.411001	0.582196	0.980817	0.419635	
0.735959	0.198454	2.927032	0.618663	
0.618869	0.443810	1.640570	0.000000	
0.696715	0.366096	1.302071	0.576840	
0.186343	0.741863	3.041086	0.612400	
0.111167	0.110442	0.157750	0.979357	
0.144032	0.142981	0.204373	0.962755	
0.735324	0.238727	2.379499	0.006041	
0.409779	0.583006	0.980478	0.419532	
0.279529	0.640174	1.733159	0.845513	
0.719133	0.186218	2.863135	0.929236	
0.272916	0.700288	1.914924	0.501245	
0.343790	0.674647	1.486333	0.000003	
0.652682	0.252540	1.811504	0.878795	
0.180119	0.179435	0.254919	0.935717	
0.039291	0.039242	0.055579	0.997749	
0.576387	0.409891	1.011939	0.366657	
0.603238	0.387241	1.198289	0.425907	
0.703779	0.283651	1.908960	0.338816	
0.314801	0.531739	1.048360	0.833694	
0.459513	0.564182	0.892515	0.000218	
0.640694	0.385609	1.244212	0.003497	
0.110973	0.110597	0.157516	0.978539	
0.593296	0.404982	0.972966	0.510680	
0.235665	0.737397	2.421824	0.000027	
0.232809	0.726396	2.385067	0.412587	
0.355169	0.585473	1.160857	0.600959	
0.363534	0.328410	0.545808	0.784486	
0.611211	0.424298	1.156613	0.020970	
0.000000	0.000000	0.000000	1.500819	
0.718424	0.246469	2.297861	0.468981	
0.120245	0.119830	0.170590	0.974233	
0.403784	0.594244	1.054214	0.322803	
0.209979	0.749640	2.953705	0.000046	
0.697412	0.281686	1.863990	0.392649	
0.761595	0.219554	2.759655	0.043029	
0.191989	0.716419	2.793684	0.904826	
0.348368	0.671073	1.457281	0.000093	
0.363534	0.328410	0.545808	0.784486	
0.152448	0.151122	0.216775	0.959024	
0.634468	0.391932	1.208169	0.044499	
0.000000	0.000000	0.000000	1.022385	
0.270091	0.644857	1.692001	0.817584	
0.376346	0.580343	1.107012	0.523808	
0.655045	0.252129	1.829838	0.870168	
0.092002	0.092792	0.131792	0.988210	
0.623203	0.309087	1.398408	0.696988	
0.336953	0.335273	0.477521	0.743438	
0.279430	0.706674	1.925678	0.296536	
0.468287	0.548911	0.847568	0.039515	
0.453324	0.428045	0.675206	0.530791	
0.613576	0.395428	1.033916	0.534419	
0.583847	0.442004	0.971951	0.000006	
0.403697	0.593971	1.053554	0.324538	
0.153438	0.152728	0.217195	0.955140	
0.722958	0.351487	1.600431	0.000000	
0.328100	0.651522	1.462032	0.463004	
0.652626	0.252645	1.810560	0.878394	
0.314752	0.531725	1.048534	0.833784	
0.738325	0.208445	2.847554	0.476007	
0.203636	0.733593	2.779427	0.589446	
0.000000	0.000000	0.000000	1.185121	
0.280219	0.639384	1.725669	0.842295	
0.119769	0.118679	0.170022	0.976958	
0.208115	0.751097	3.105400	0.000046	
0.592709	0.347274	1.254112	0.643429	
0.752605	0.197577	3.087626	0.000637	
0.438056	0.592085	0.999855	0.029312	
0.078362	0.078719	0.111583	0.990519	
0.373647	0.321824	0.565088	0.811737	
0.549442	0.470140	0.833002	0.121174	
0.487142	0.486094	0.689153	0.232866	
