0.722463	0.191821	2.837123	0.829159	
0.481468	0.567421	1.169193	0.014007	
0.084477	0.084546	0.119616	0.986136	
0.044355	0.044414	0.062867	0.997048	
0.000000	0.000000	0.000000	1.000004	
0.230967	0.724497	3.009716	0.660404	
0.474361	0.598009	0.888402	0.000131	
0.134358	0.134516	0.190352	0.963932	
0.786695	0.225597	2.691425	0.000115	
0.347167	0.671681	1.467126	0.000129	
0.597539	0.464144	0.917833	0.000199	
0.192496	0.754369	3.318745	0.001636	
0.675969	0.341289	1.500792	0.000013	
0.615309	0.339083	1.394620	0.627809	
0.023200	0.023196	0.032813	0.999050	
0.669733	0.272406	1.777814	0.671898	
0.753550	0.195617	3.315087	0.001635	
0.563087	0.376349	0.973117	0.612305	
0.445194	0.430975	0.641137	0.504826	
0.073682	0.073653	0.104225	0.989352	
0.270154	0.683224	1.867106	0.627776	
0.226097	0.744018	2.546174	0.000050	
0.341061	0.616506	1.444566	0.642622	
0.300233	0.305113	0.435252	0.805533	
0.188297	0.187345	0.267000	0.929940	
0.368110	0.514657	0.884599	0.646029	
0.426331	0.439713	0.631706	0.516171	
0.660419	0.361754	1.375617	0.000268	
0.290851	0.284985	0.416534	0.831483	
0.084477	0.084545	0.119616	0.986136	
0.466634	0.625367	0.944743	0.000060	
0.020492	0.020493	0.028982	0.999190	
0.025408	0.025405	0.035935	0.998782	
0.340355	0.617082	1.450443	0.644764	
0.106855	0.106638	0.151276	0.978250	
0.562179	0.376358	0.971777	0.611516	
0.766176	0.228515	2.590535	0.000013	
0.073650	0.073687	0.104236	0.989410	
0.675021	0.274153	1.798843	0.648383	
0.343911	0.675699	1.485999	0.000403	
0.271897	0.679288	1.844060	0.623422	
0.661979	0.289424	1.648700	0.625948	
0.368200	0.514592	0.884599	0.646029	
0.210604	0.717155	2.727059	0.790863	
0.189779	0.190135	0.269141	0.926211	
0.531078	0.481363	0.791262	0.002306	
0.071824	0.071827	0.101580	0.989651	
0.724561	0.185897	2.939187	0.857120	
0.468944	0.578121	1.173149	0.000000	
0.192883	0.754236	3.310519	0.001632	
0.178717	0.757748	3.318062	0.001636	
0.751635	0.204508	3.289397	0.001374	
0.000000	0.000000	0.000000	1.000004	
0.092779	0.092629	0.131331	0.983756	
0.464635	0.570119	1.037848	0.070510	
0.670544	0.348680	1.454332	0.000012	
0.755669	0.189214	3.298205	0.001377	
0.075305	0.075323	0.106540	0.988768	
0.433153	0.432911	0.612745	0.500229	
0.178702	0.179078	0.253570	0.935214	
0.140806	0.140675	0.199226	0.960157	
0.585252	0.398360	1.046304	0.383719	
0.546601	0.366430	0.982846	0.610859	
0.196510	0.722542	2.973443	0.857608	
0.685689	0.274339	1.855199	0.557179	
0.240937	0.733761	2.352754	0.001574	
0.719969	0.198619	2.727153	0.799098	
0.583104	0.469860	0.883390	0.000194	
0.258403	0.693129	1.987928	0.602332	
0.342269	0.626242	1.486207	0.599776	
0.342803	0.676570	1.493135	0.001327	
0.393669	0.591534	1.068688	0.389804	
0.066551	0.066599	0.094221	0.991567	
0.186251	0.755687	3.310072	0.078793	
0.025408	0.025405	0.035935	0.998783	
0.249911	0.255346	0.365025	0.876371	
0.735264	0.243663	2.330091	0.001143	
0.354377	0.666456	1.427740	0.012158	
0.104435	0.104855	0.148680	0.980785	
0.585722	0.468825	0.889546	0.002514	
0.589585	0.370128	1.180139	0.550849	
0.465271	0.630141	0.954837	0.000138	
0.078820	0.078773	0.111511	0.987936	
0.677770	0.262719	1.870083	0.697699	
0.724588	0.185821	2.940545	0.857492	
0.755661	0.189238	3.297720	0.001377	
0.192883	0.754236	3.310519	0.001632	
0.730403	0.253535	2.221053	0.000096	
0.204792	0.717528	2.622602	0.770587	
0.106760	0.106896	0.151281	0.977757	
0.230692	0.748212	2.506713	0.001205	
0.397441	0.587622	1.049771	0.384837	
0.000000	0.000000	0.000000	1.011420	
0.025414	0.025403	0.035948	0.999006	
0.438979	0.449324	0.643378	0.471852	
0.187864	0.187620	0.266041	0.928065	
0.664186	0.356939	1.403968	0.000272	
0.050465	0.050554	0.071558	0.996013	
0.331931	0.643014	1.449256	0.506823	
0.294510	0.292215	0.418305	0.814777	
0.271859	0.679309	1.844392	0.623519	
0.124639	0.124274	0.176535	0.970401	
0.342011	0.677156	1.498191	0.001330	
0.744185	0.226875	2.538273	0.000109	
0.672883	0.277753	1.771559	0.624371	
0.197331	0.752685	3.218469	0.001589	
0.189832	0.190032	0.268886	0.925711	
0.539004	0.475213	0.815094	0.028512	
0.294604	0.292173	0.418582	0.815086	
0.281047	0.699124	2.058675	0.457335	
0.464003	0.570581	1.022304	0.015914	
0.095914	0.096049	0.135951	0.982430	
0.532104	0.382452	0.913695	0.577028	
0.366449	0.609165	1.179640	0.454203	
0.755661	0.189238	3.297720	0.001377	
0.586537	0.371150	1.165950	0.553895	
0.401884	0.576420	1.095650	0.450232	
0.025414	0.025403	0.035948	0.999006	
0.722980	0.202496	2.682845	0.724611	
0.073653	0.073682	0.104224	0.989347	
0.066559	0.066584	0.094183	0.991346	
0.649257	0.375482	1.297512	0.000011	
0.214503	0.715132	2.659872	0.784520	
0.000000	0.000000	0.000000	1.429540	
0.192560	0.754346	3.317372	0.001636	
0.399936	0.545578	0.929905	0.487112	
0.755424	0.189930	3.283371	0.001371	
0.204630	0.721376	2.684570	0.812695	
0.287597	0.710538	1.911487	0.015504	
0.134333	0.134560	0.190454	0.964223	
0.613599	0.417841	1.134499	0.000000	
0.247942	0.746441	2.320049	0.001557	
0.332346	0.640099	1.397004	0.494044	
0.449360	0.440296	0.643274	0.471710	
0.000000	0.000000	0.000000	1.245293	
0.078821	0.078773	0.111515	0.987954	
0.188763	0.189094	0.267651	0.926975	
0.708629	0.214870	2.465024	0.789856	
0.695077	0.312431	1.702446	0.056697	
0.186251	0.755687	3.310072	0.078793	
0.678818	0.260851	1.887849	0.703499	
0.297722	0.671717	1.698213	0.525445	
0.096213	0.096228	0.136099	0.981413	
0.050465	0.050555	0.071564	0.996059	
0.466160	0.634246	0.970367	0.000002	
0.294467	0.296641	0.421166	0.810959	
0.652764	0.323715	1.477978	0.500509	
0.742127	0.228626	2.512217	0.000108	
0.741459	0.223192	2.577132	0.020550	
0.713934	0.201652	2.653748	0.845600	
0.078820	0.078773	0.111511	0.987936	
0.343021	0.676378	1.491688	0.000405	
0.086073	0.086128	0.121847	0.985486	
0.705919	0.300300	1.949113	0.014326	
0.457382	0.612286	0.956733	0.000203	
0.217649	0.726560	2.714709	0.604881	
0.438084	0.450851	0.647464	0.473560	
0.066559	0.066584	0.094183	0.991346	
0.755661	0.189238	3.297720	0.001377	
0.258252	0.664633	1.850933	0.793081	
0.559788	0.372607	1.011219	0.565143	
0.187747	0.187666	0.265635	0.927269	
0.676248	0.272038	1.817060	0.654071	
0.266095	0.727430	2.581027	0.001095	
0.124605	0.124293	0.176449	0.970135	
0.188274	0.755399	3.310519	0.001632	
0.301079	0.299601	0.426905	0.802553	
0.347545	0.562639	1.085848	0.667167	
0.535787	0.478625	0.813641	0.028481	
0.000000	0.000000	0.000000	1.929921	
0.755273	0.189733	3.285527	0.077922	
0.344603	0.638150	1.534869	0.533448	
0.387593	0.636000	1.222587	0.104833	
0.271897	0.679288	1.844060	0.623422	
0.684651	0.255076	2.057675	0.751373	
0.078845	0.078760	0.111584	0.988299	
0.669464	0.350100	1.445139	0.000012	
0.623373	0.341294	1.298167	0.518124	
0.428948	0.585256	0.997652	0.195437	
0.615474	0.419470	1.131678	0.000006	
0.199202	0.721547	2.923547	0.844065	
0.712308	0.219545	2.420105	0.706591	
0.178723	0.179043	0.253482	0.935032	
0.524428	0.376692	0.899100	0.604173	
0.052416	0.052424	0.074145	0.994591	
0.000000	0.000000	0.000000	1.922375	
0.739479	0.228025	2.511359	0.003340	
0.272214	0.271742	0.385343	0.840185	
0.124596	0.124338	0.176324	0.969859	
0.260467	0.727549	2.216893	0.004850	
0.092779	0.092629	0.131331	0.983756	
0.383276	0.540054	0.995584	0.601532	
0.714429	0.217109	2.448829	0.735628	
0.071824	0.071827	0.101580	0.989651	
0.111908	0.111934	0.158318	0.974773	
0.305954	0.306357	0.433537	0.791404	
0.750388	0.200351	2.931067	0.005926	
0.358997	0.669430	1.403350	0.001014	
0.692079	0.262527	1.962002	0.585135	
0.674894	0.342717	1.490494	0.000068	
