0.323673	0.000001	0.000153	0.320262	9.292097	
0.325665	0.855569	0.292466	0.856112	5.864240	
0.009441	0.290957	0.004951	0.000028	9.581326	
0.016768	0.345392	0.001108	0.312585	9.300919	
0.667969	0.002767	0.676756	0.673863	7.874289	
0.000000	0.752571	0.000018	0.000006	8.703709	
0.798838	0.913559	0.767618	0.153078	5.168719	
0.757490	0.000000	0.004527	0.000001	8.667633	
0.183114	0.856120	0.861359	0.220069	5.838360	
0.000000	0.000117	0.296024	0.000000	9.601967	
0.015505	0.003049	0.680593	0.975328	8.009883	
0.000000	0.000000	0.000000	0.000000	10.000020	
0.305990	0.021797	0.377846	0.000009	9.367201	
0.001033	0.866161	0.377846	0.000009	8.084574	
0.007552	0.000033	0.000020	0.317498	9.690982	
0.851771	0.288747	0.862096	0.276973	5.794631	
0.022364	0.033473	0.899958	0.640776	7.817105	
0.125328	0.803958	0.918198	0.826469	4.976653	
0.000006	0.004881	0.766787	0.000972	8.696814	
0.009425	0.670691	0.669975	0.667600	7.952077	
0.800406	0.840756	0.861608	0.197899	4.768034	
0.655506	0.000000	0.951059	0.031785	7.998295	
0.025186	0.844684	0.038623	0.318504	7.869575	
0.662695	0.665057	0.001827	0.666361	8.042304	
0.309625	0.878099	0.047004	0.030312	7.858124	
0.855980	0.861383	0.186041	0.182671	5.887191	
0.904167	0.019494	0.636507	0.000973	7.911185	
0.796115	0.919978	0.095417	0.785847	5.243046	
0.301288	0.006522	0.000013	0.004173	9.645377	
0.355940	0.304652	0.000017	0.030312	9.297588	
0.000009	0.243905	0.349641	0.000082	9.280297	
0.851870	0.848862	0.837485	0.883545	3.280500	
0.109591	0.931539	0.849093	0.813216	5.004881	
0.169014	0.784320	0.867717	0.964036	5.201244	
0.916444	0.037263	0.003779	0.644705	7.868190	
0.000361	0.003073	0.001027	0.761089	8.644031	
0.651955	0.663775	0.677751	0.012606	8.035539	
0.918831	0.803831	0.752571	0.198775	5.183054	
0.663676	0.003116	0.006498	0.982918	8.204922	
0.949594	0.657076	0.042573	0.014214	7.956933	
0.009710	0.000117	0.296024	0.335418	9.295578	
0.909972	0.788978	0.049502	0.803101	5.252098	
0.026964	0.656754	0.925154	0.000106	7.847473	
0.022233	0.674840	0.007746	0.914499	7.664118	
0.798838	0.913559	0.757063	0.153136	5.234460	
0.780731	0.931854	0.754335	0.818834	4.203326	
0.114024	0.911020	0.849093	0.781422	5.136322	
0.740348	0.000000	0.010313	0.000001	8.928120	
0.795784	0.006634	0.906962	0.809933	5.246570	
0.834268	0.803360	0.924907	0.006307	5.301688	
0.025122	0.858832	0.038522	0.298599	7.829562	
0.009425	0.663487	0.681287	0.025504	8.555471	
0.206295	0.845352	0.873304	0.240166	5.806460	
0.022364	0.037393	0.899958	0.640776	7.812222	
0.302394	0.000033	0.000008	0.279642	9.195544	
0.325572	0.000504	0.017955	0.856112	7.937833	
0.800406	0.025152	0.266297	0.805496	6.489421	
0.000249	0.000000	0.311009	0.001015	9.623432	
0.000000	0.000117	0.012547	0.005194	9.980474	
0.000006	0.000089	0.766787	0.000972	8.757713	
0.355940	0.305233	0.000000	0.030312	9.304571	
0.011473	0.000117	0.296024	0.321391	9.231870	
0.909972	0.788978	0.043055	0.825978	5.188088	
0.119932	0.824975	0.914359	0.793682	5.017871	
0.949594	0.657076	0.000428	0.000134	8.018030	
0.212639	0.001487	0.291661	0.009601	9.179420	
0.001665	0.640995	0.004821	0.858558	7.841555	
0.009878	0.300505	0.922336	0.183577	7.698479	
0.012020	0.848002	0.376508	0.000082	8.071333	
0.000002	0.003049	0.001027	0.761089	8.645956	
0.883032	0.024058	0.634927	0.029744	7.816387	
0.325665	0.855569	0.292466	0.027641	7.522733	
0.636272	0.293053	0.001827	0.668082	8.463683	
0.000000	0.760929	0.000049	0.000006	8.648598	
0.169773	0.786791	0.774713	0.925843	5.211455	
0.007552	0.000033	0.000020	0.317498	9.690981	
0.125622	0.036465	0.680577	0.826469	7.294254	
0.356125	0.023776	0.002660	0.000032	9.694593	
0.025186	0.325035	0.038623	0.299432	9.173154	
0.814542	0.931719	0.093365	0.785847	5.233603	
0.846419	0.288998	0.862096	0.276973	5.798800	
0.009441	0.285863	0.004951	0.000028	9.624609	
0.850888	0.861383	0.186041	0.197893	5.865566	
0.655506	0.000000	0.951059	0.000000	8.039255	
0.928280	0.844229	0.753992	0.193194	5.120858	
0.658256	0.621133	0.634189	0.984637	7.538671	
0.000000	0.022116	0.000049	0.000006	9.973526	
0.841682	0.861383	0.186041	0.197893	5.874963	
0.841682	0.041441	0.186041	0.197893	7.508799	
0.928280	0.790023	0.044300	0.813066	5.303257	
0.845477	0.929568	0.862096	0.192555	4.741536	
0.846419	0.288998	0.842579	0.276861	5.809868	
0.012935	0.000000	0.291516	0.009317	9.572089	
0.909972	0.843184	0.753529	0.206105	5.023529	
0.796115	0.919978	0.000674	0.786642	5.587281	
0.000000	0.758369	0.000049	0.017403	8.644708	
0.657322	0.002837	0.006498	0.984637	8.346651	
0.022390	0.042701	0.924727	0.000106	8.388145	
0.798838	0.865429	0.214244	0.153136	6.040572	
0.081521	0.850278	0.837485	0.890753	4.847738	
