0.039781	0.023764	0.910683	0.658303	7.728552	
0.775617	0.166218	0.944923	0.856820	5.125004	
0.293811	0.000074	0.024686	0.300409	9.177742	
0.002905	0.301361	0.298821	0.006922	9.215096	
0.793484	0.780495	0.151691	0.890562	5.046140	
0.000022	0.300836	0.001613	0.000000	9.746330	
0.854536	0.170792	0.848372	0.213310	5.872483	
0.302844	0.000142	0.317621	0.000445	9.246622	
0.000000	0.000000	0.283291	0.000000	9.588191	
0.668534	0.000085	0.669186	0.671404	7.935400	
0.859869	0.856675	0.170508	0.138294	6.002851	
0.934792	0.000180	0.754657	0.000044	7.215147	
0.014769	0.040503	0.629077	0.946954	8.120231	
0.629745	0.034758	0.019250	0.932367	8.032749	
0.007564	0.862699	0.008916	0.677377	7.544603	
0.904434	0.000833	0.017098	0.632794	7.935207	
0.837333	0.851542	0.853957	0.856933	3.252489	
0.898697	0.834019	0.785892	0.092144	5.044739	
0.030943	0.629253	0.969815	0.031032	8.297381	
0.304150	0.324483	0.000000	0.005308	9.271045	
0.669865	0.666765	0.664014	0.001875	7.995550	
0.916867	0.644397	0.006755	0.007414	7.917183	
0.000631	0.656719	0.675646	0.672277	7.963943	
0.025570	0.324822	0.008852	0.293625	9.209776	
0.866307	0.782366	0.126703	0.790643	5.078722	
0.000071	0.000186	0.000000	0.294707	9.628819	
0.159236	0.877773	0.784459	0.762076	5.158071	
0.837333	0.883583	0.040956	0.837305	4.927308	
0.899794	0.089474	0.771721	0.778526	5.344104	
0.020908	0.856187	0.657462	0.013023	7.670603	
0.000292	0.000126	0.000598	0.762793	8.713253	
0.760124	0.896719	0.789409	0.146380	5.214485	
0.000047	0.000176	0.765732	0.000001	8.619188	
0.000000	0.000000	0.000000	0.000000	10.000187	
0.006381	0.669597	0.016945	0.915895	7.718602	
0.158924	0.173753	0.862320	0.856647	5.950382	
0.784010	0.168672	0.795494	0.923809	5.124242	
0.090893	0.823269	0.784509	0.907269	5.109272	
0.293872	0.000000	0.000000	0.001553	9.617112	
0.039781	0.023764	0.349451	0.320588	9.269523	
0.630398	0.000102	0.918747	0.000023	8.035917	
0.001069	0.745213	0.001245	0.001406	8.751142	
0.660080	0.676982	0.001920	0.662209	8.002733	
0.654689	0.916209	0.003339	0.000595	7.850388	
0.751939	0.000016	0.004567	0.002552	8.705952	
0.016942	0.899144	0.806639	0.139370	6.722245	
0.201897	0.786782	0.896828	0.742855	5.241582	
0.783270	0.179231	0.786818	0.906900	5.059475	
0.837333	0.878767	0.035852	0.837305	4.927736	
0.919702	0.004122	0.009049	0.656276	7.929201	
0.782823	0.166218	0.944923	0.856820	5.092809	
0.274973	0.050852	0.316505	0.000445	9.140518	
0.285895	0.004310	0.024686	0.300409	9.164662	
0.017937	0.286683	0.285196	0.000002	9.161881	
0.039781	0.027050	0.910683	0.658303	7.724931	
0.855226	0.856675	0.181206	0.138294	5.983632	
0.001069	0.755068	0.000121	0.001559	8.706545	
0.009743	0.040503	0.629077	0.946954	8.139741	
0.898697	0.834019	0.789524	0.089884	5.034692	
0.000292	0.000126	0.000058	0.762793	8.715146	
0.304150	0.645023	0.000000	0.005308	9.107438	
0.866307	0.816711	0.126703	0.790643	4.932711	
0.634989	0.034648	0.009519	0.932367	8.011976	
0.000071	0.002918	0.000000	0.277993	9.609413	
0.001176	0.000008	0.324422	0.314975	9.316652	
0.899794	0.089474	0.771721	0.792291	5.273605	
0.856469	0.091112	0.797751	0.792291	5.143604	
0.030943	0.631463	0.891774	0.031032	7.843417	
0.000000	0.002286	0.000000	0.000002	9.997859	
0.162035	0.877773	0.784459	0.762076	5.154283	
0.006381	0.691886	0.005499	0.932012	7.644613	
0.007465	0.307116	0.000216	0.293625	9.210598	
0.792738	0.780495	0.151691	0.900602	5.185341	
0.669865	0.666765	0.661435	0.001875	8.012754	
0.898697	0.106099	0.789524	0.089884	6.506881	
0.756649	0.000010	0.000000	0.000417	8.782282	
0.090893	0.823269	0.787087	0.907269	5.097427	
0.000022	0.295514	0.001613	0.000002	9.602711	
0.010055	0.000000	0.811733	0.143620	8.099216	
0.885529	0.647025	0.006755	0.000006	7.799370	
0.000234	0.877773	0.028232	0.830959	6.653161	
0.837333	0.899144	0.853957	0.139370	4.766698	
0.837333	0.851542	0.853957	0.851592	3.255298	
0.841800	0.899144	0.076806	0.000515	6.598087	
0.293872	0.000000	0.000000	0.003069	9.601880	
0.637575	0.000102	0.887619	0.000023	7.883496	
0.912804	0.862699	0.008916	0.677377	5.971315	
0.159236	0.858078	0.784459	0.762076	5.229921	
0.782823	0.003708	0.944923	0.012133	7.098682	
0.826005	0.040503	0.958288	0.946954	5.572385	
0.045746	0.166218	0.011351	0.264248	9.550820	
0.634388	0.034758	0.008278	0.932367	8.017168	
0.007393	0.307116	0.000216	0.293625	9.213234	
0.002307	0.000085	0.024475	0.655743	9.381225	
0.907888	0.644333	0.001864	0.021055	7.863345	
0.287694	0.000138	0.000000	0.000000	9.674498	
0.837333	0.878767	0.033589	0.837305	4.931199	
0.038348	0.883748	0.283307	0.736416	6.691047	
0.201264	0.106701	0.961385	0.010778	8.356774	
0.837333	0.017899	0.010296	0.837305	6.623840	
