0.923258	0.780831	0.771270	0.109032	5.383120	
0.000624	0.009498	0.331121	0.357465	9.574697	
0.630844	0.011102	0.037862	0.884534	7.850260	
0.000005	0.657056	0.963861	0.034413	8.072212	
0.293183	0.000001	0.000106	0.000561	9.792272	
0.003370	0.020388	0.771405	0.002183	8.556751	
0.126768	0.860596	0.877798	0.308960	6.006131	
0.176448	0.112881	0.895235	0.855236	6.107202	
0.660007	0.660145	0.011196	0.658741	8.221938	
0.019808	0.016836	0.876756	0.286191	7.872268	
0.622457	0.024714	0.890849	0.017686	7.942277	
0.630844	0.924298	0.050636	0.009506	7.971512	
0.873745	0.872830	0.216517	0.133395	5.964249	
0.877080	0.108690	0.197379	0.857849	6.041555	
0.751705	0.000054	0.006148	0.000032	8.732306	
0.774164	0.136371	0.931952	0.831344	5.151562	
0.287680	0.354456	0.010572	0.001532	9.297570	
0.847525	0.865498	0.847073	0.837584	3.267436	
0.906198	0.781609	0.094941	0.791150	5.232523	
0.003160	0.683766	0.656597	0.630864	8.256012	
0.917573	0.000034	0.653657	0.024388	7.869895	
0.667803	0.654217	0.654252	0.000736	8.265839	
0.001762	0.000027	0.619749	0.911903	8.060742	
0.000657	0.289711	0.000032	0.000179	9.595223	
0.775831	0.919664	0.792020	0.123551	5.249577	
0.000000	0.000000	0.000000	0.000000	10.186948	
0.298263	0.000000	0.267800	0.003483	9.182436	
0.855605	0.034025	0.046374	0.316676	7.831822	
0.000006	0.000000	0.267645	0.000000	9.581875	
0.300681	0.034025	0.038189	0.289399	9.106734	
0.000000	0.000001	0.000000	0.269044	9.776051	
0.000010	0.749839	0.000021	0.005440	8.826599	
0.857765	0.916428	0.033172	0.877862	5.020522	
0.004054	0.905394	0.788507	0.790795	5.375598	
0.027282	0.913134	0.653609	0.021979	7.880370	
0.021905	0.355803	0.006035	0.895579	8.047257	
0.908822	0.620770	0.026134	0.022673	8.043995	
0.667487	0.000624	0.665310	0.635557	8.281100	
0.903623	0.132259	0.797343	0.757843	5.253254	
0.000037	0.006006	0.000021	0.733843	8.950518	
0.000005	0.359930	0.353918	0.006765	9.439040	
0.000188	0.923176	0.035965	0.619428	8.072757	
0.001755	0.354178	0.010664	0.283005	9.299692	
0.036192	0.860198	0.042472	0.637304	7.740573	
0.850591	0.851270	0.280984	0.286191	5.801128	
0.000163	0.000001	0.750523	0.000173	8.822780	
0.000624	0.016800	0.331121	0.299600	9.355566	
0.923186	0.791186	0.771270	0.101354	5.348007	
0.000000	0.057936	0.000000	0.269044	9.687860	
0.021905	0.355803	0.000435	0.895579	8.051804	
0.000893	0.292740	0.006527	0.311684	9.250885	
0.660007	0.660145	0.000959	0.658741	8.347539	
0.755071	0.001035	0.000000	0.001028	8.995917	
0.000005	0.662510	0.968704	0.034413	8.068627	
0.000188	0.683766	0.656597	0.619428	8.263846	
0.000001	0.008353	0.331476	0.025133	9.627527	
0.005473	0.001129	0.000151	0.723527	9.073594	
0.914231	0.000034	0.653667	0.024684	7.850660	
0.792563	0.778838	0.896424	0.111478	5.170646	
0.918768	0.800579	0.089479	0.795821	5.183579	
0.296718	0.001035	0.000000	0.000000	9.788077	
0.630844	0.011102	0.000398	0.884534	7.963333	
0.000000	0.000000	0.000000	0.000000	10.175618	
0.630844	0.924625	0.066652	0.030654	7.914574	
0.753460	0.926703	0.808205	0.123551	5.352930	
0.754048	0.926703	0.808205	0.907100	3.980315	
0.016542	0.351490	0.325403	0.007141	9.390094	
0.877080	0.108690	0.264004	0.850905	6.006438	
0.649211	0.025757	0.893995	0.012001	7.784195	
0.904060	0.134756	0.796141	0.761739	5.255504	
0.126768	0.860596	0.877798	0.168621	6.047974	
0.126768	0.860596	0.877798	0.308960	6.006131	
0.028687	0.009495	0.858231	0.286191	7.857952	
0.147410	0.882117	0.778988	0.790751	5.081373	
0.877948	0.919664	0.244935	0.860862	4.654013	
0.287680	0.354178	0.010572	0.001340	9.297948	
0.287780	0.034025	0.038201	0.296424	9.099234	
0.908884	0.111611	0.009148	0.297498	7.793115	
0.000037	0.749839	0.000021	0.005440	8.826572	
0.296501	0.005810	0.254897	0.003337	9.168932	
0.784801	0.101682	0.773599	0.863782	5.224046	
0.000537	0.223507	0.000032	0.000264	9.585097	
0.001762	0.000027	0.617404	0.911903	8.075830	
0.913549	0.650526	0.026867	0.005739	7.866700	
0.001787	0.009086	0.617404	0.892381	8.000855	
0.857765	0.916428	0.029804	0.877862	5.026598	
0.904060	0.133558	0.796141	0.853516	4.926107	
0.000655	0.009498	0.321873	0.288082	9.423240	
0.000007	0.672512	0.656597	0.030337	8.668811	
0.850591	0.851270	0.286061	0.107263	6.017246	
0.303758	0.125682	0.267800	0.804900	7.699505	
0.136897	0.775911	0.877798	0.169420	6.274707	
0.669712	0.660145	0.000959	0.553414	8.839210	
0.008214	0.136371	0.924868	0.831344	6.536891	
0.755071	0.001035	0.000000	0.001028	8.995917	
0.021905	0.356340	0.006459	0.243389	9.274084	
0.877948	0.038017	0.250126	0.875808	6.167823	
0.850591	0.851270	0.281233	0.887889	4.550032	
0.001419	0.875347	0.656597	0.021979	7.699703	
0.923186	0.791186	0.001961	0.109032	6.757798	
