0.000088	0.001061	0.283953	0.000074	9.590162	
0.925089	0.844786	0.122503	0.801554	4.994776	
0.000097	0.000376	0.003155	0.751965	8.706080	
0.317397	0.348055	0.016792	0.013601	9.302382	
0.931426	0.001277	0.654384	0.018621	7.906978	
0.113291	0.788518	0.879462	0.786679	5.108808	
0.305268	0.000058	0.005866	0.298162	9.217128	
0.777558	0.870857	0.125576	0.794651	5.096887	
0.654466	0.000017	0.882853	0.000073	7.791095	
0.771672	0.000005	0.000000	0.000005	8.879874	
0.000097	0.000376	0.003155	0.293750	9.599187	
0.649847	0.936828	0.006207	0.014438	7.969561	
0.011758	0.300398	0.281994	0.000120	9.182936	
0.000082	0.755137	0.000003	0.000013	8.688682	
0.666928	0.000458	0.654112	0.668251	8.077573	
0.004886	0.666522	0.670701	0.648671	8.203170	
0.291844	0.000385	0.339081	0.000122	9.277823	
0.931089	0.022837	0.000787	0.649903	7.943000	
0.000000	0.000000	0.000000	0.000000	10.039764	
0.777558	0.132773	0.907522	0.796377	5.156082	
0.021700	0.892004	0.641954	0.028606	7.794948	
0.924933	0.095897	0.800012	0.795471	5.204519	
0.000132	0.000017	0.754405	0.000157	8.691554	
0.210530	0.855496	0.871576	0.172559	5.882592	
0.168688	0.259642	0.884750	0.870655	5.886511	
0.006502	0.665211	0.927526	0.034537	7.785593	
0.006806	0.000877	0.661471	0.839490	7.702019	
0.835032	0.893976	0.825000	0.020913	5.014906	
0.932622	0.859445	0.803438	0.133733	5.079783	
0.000000	0.298791	0.003584	0.286695	9.201033	
0.854135	0.382492	0.115163	0.042257	7.868399	
0.703650	0.000155	0.002190	0.897755	7.420599	
0.847751	0.856016	0.868988	0.857091	3.242069	
0.666636	0.659647	0.005889	0.667265	8.042991	
0.010784	0.856267	0.039931	0.651896	7.736601	
0.119242	0.855497	0.786695	0.818837	4.956197	
0.026322	0.000990	0.316998	0.292688	9.215317	
0.784753	0.851075	0.097090	0.935356	5.183251	
0.654246	0.669996	0.665343	0.000628	8.085635	
0.004910	0.362753	0.032446	0.854817	7.999414	
0.297715	0.000130	0.002228	0.000001	9.671274	
0.119242	0.856053	0.768369	0.857780	4.993850	
0.006502	0.031273	0.927353	0.623450	8.070786	
0.000000	0.282687	0.000005	0.000008	9.590593	
0.000000	0.000000	0.000007	0.287005	9.668862	
0.021700	0.892004	0.641954	0.010850	7.819926	
0.006502	0.665211	0.927526	0.035856	7.784775	
0.011758	0.300398	0.280708	0.000405	9.181981	
0.682900	0.000907	0.021297	0.851974	7.505036	
0.904799	0.865824	0.069316	0.801737	5.023686	
0.291844	0.000362	0.339081	0.000122	9.284967	
0.653485	0.936828	0.006207	0.014438	7.945778	
0.142393	0.000451	0.005389	0.897755	8.124581	
0.022840	0.362753	0.032446	0.846817	7.981476	
0.931089	0.022533	0.048730	0.649903	7.912455	
0.042458	0.000291	0.002228	0.000001	10.007637	
0.000132	0.000017	0.751861	0.000157	8.708331	
0.373001	0.307587	0.000487	0.000406	9.383646	
0.771672	0.055354	0.817582	0.000005	7.098631	
0.143748	0.855497	0.786695	0.818837	4.898807	
0.304119	0.000058	0.000000	0.000263	9.648198	
0.814851	0.743754	0.004659	0.838140	5.645663	
0.787568	0.270030	0.875858	0.869960	4.708084	
0.000097	0.871480	0.000005	0.286695	7.906659	
0.765964	0.000003	0.000239	0.000005	8.684565	
0.783766	0.855497	0.780999	0.172924	5.012305	
0.119242	0.856054	0.786695	0.857780	4.895210	
0.000000	0.000019	0.283953	0.000120	9.628157	
0.855455	0.868891	0.117907	0.801554	4.832227	
0.005030	0.016046	0.903079	0.632065	7.929902	
0.860830	0.307010	0.019312	0.006696	7.897337	
0.776072	0.130187	0.917262	0.769778	5.340517	
0.931426	0.001277	0.666740	0.018621	7.818762	
0.210530	0.855639	0.871576	0.200211	5.849386	
0.787568	0.833970	0.122825	0.869960	4.908012	
0.000000	0.298791	0.000005	0.286695	9.203305	
0.000082	0.744556	0.000003	0.000013	8.760473	
0.170898	0.260992	0.883784	0.870655	5.878698	
0.855393	0.869374	0.868988	0.011359	4.959378	
0.030758	0.002262	0.315491	0.881262	8.049534	
0.112622	0.788518	0.902640	0.770327	5.315124	
0.925086	0.095897	0.820506	0.801541	5.156086	
0.030758	0.000990	0.316998	0.292688	9.208553	
0.000000	0.282687	0.000005	0.000001	9.632216	
0.292337	0.000267	0.000211	0.287806	9.193600	
0.114868	0.852124	0.660379	0.628722	7.135834	
0.000000	0.307689	0.000005	0.284704	9.311342	
0.305268	0.000058	0.005866	0.015622	9.594225	
0.030745	0.000000	0.661471	0.839490	7.711832	
0.000088	0.027249	0.280037	0.664777	8.900608	
0.309473	0.000000	0.650557	0.000154	9.104468	
0.650643	0.936828	0.006207	0.014438	7.967211	
0.297715	0.000130	0.815991	0.008877	8.191217	
0.304119	0.662013	0.005869	0.000263	8.980878	
0.210530	0.855639	0.869873	0.200211	5.900389	
0.021700	0.892004	0.641954	0.010850	7.819926	
0.000088	0.001061	0.283953	0.664777	8.937163	
0.143748	0.855497	0.799906	0.830293	4.807227	
0.728361	0.001061	0.096912	0.202266	8.306164	
0.666928	0.000458	0.654112	0.643224	8.262278	
