0.000047	0.000082	0.738752	0.000002	8.836180	
0.003798	0.669219	0.655636	0.661800	8.145796	
0.774207	0.955314	0.151283	0.807425	5.399978	
0.059669	0.887410	0.856229	0.861904	4.984920	
0.000030	0.021318	0.354131	0.344521	9.409590	
0.010673	0.624105	0.939534	0.018354	8.169942	
0.000047	0.000082	0.301777	0.000002	9.917841	
0.768097	0.130631	0.794466	0.934129	5.364450	
0.184745	0.110477	0.851169	0.854632	6.082097	
0.644906	0.677533	0.671332	0.010715	8.086702	
0.318681	0.002448	0.327107	0.001222	9.461741	
0.145664	0.886444	0.188012	0.861904	6.012076	
0.913796	0.108478	0.779030	0.854632	5.112899	
0.000182	0.332919	0.021906	0.318753	9.299695	
0.828467	0.278396	0.012580	0.014149	7.933948	
0.012164	0.855685	0.886203	0.816105	5.038856	
0.122587	0.839213	0.809765	0.933505	5.039599	
0.000046	0.000079	0.000025	0.749388	8.900609	
0.000979	0.756396	0.000015	0.000033	8.756939	
0.000005	0.000063	0.000006	0.000031	10.190927	
0.231003	0.861434	0.859525	0.056647	6.134657	
0.001097	0.283407	0.002083	0.858689	7.954518	
0.323330	0.016540	0.864531	0.044130	7.986834	
0.644944	0.012160	0.655610	0.678763	8.260943	
0.910945	0.000082	0.298129	0.000002	8.104764	
0.740785	0.002096	0.001803	0.000676	8.851885	
0.786742	0.937619	0.838100	0.135892	5.126690	
0.012546	0.886444	0.631416	0.025556	7.894815	
0.000642	0.001451	0.000419	0.288046	9.628107	
0.905542	0.805463	0.099367	0.775992	5.212087	
0.892669	0.852607	0.188088	0.932782	4.878758	
0.015651	0.024520	0.671821	0.923141	7.799497	
0.035635	0.000094	0.848665	0.315841	7.927793	
0.814573	0.846761	0.828154	0.835389	3.422727	
0.651832	0.665090	0.000003	0.652032	8.269043	
0.326202	0.853342	0.028661	0.034487	7.919074	
0.321863	0.287012	0.032790	0.000059	9.220547	
0.015582	0.856134	0.043964	0.338677	7.955886	
0.890916	0.021901	0.028789	0.612353	8.013095	
0.326663	0.040741	0.007711	0.833577	7.953982	
0.000411	0.276859	0.000015	0.000033	9.633762	
0.910352	0.780263	0.777584	0.112268	5.311860	
0.019248	0.331221	0.276408	0.000505	9.264809	
0.277169	0.000252	0.000003	0.000005	9.696496	
0.890922	0.839384	0.950693	0.040236	5.258969	
0.872505	0.852373	0.193757	0.136623	6.011230	
0.317054	0.000058	0.004392	0.354206	9.375689	
0.000634	0.000776	0.341257	0.344521	9.405338	
0.819685	0.846761	0.828154	0.835389	3.404652	
0.913706	0.110477	0.814151	0.854632	4.943383	
0.256242	0.273347	0.013621	0.025853	9.211055	
0.323330	0.002448	0.864531	0.036647	8.021130	
0.015128	0.291439	0.663414	0.000033	9.212614	
0.000034	0.002557	0.000005	0.027691	9.997153	
0.323330	0.002448	0.298685	0.036647	9.238396	
0.020733	0.804899	0.053950	0.089611	8.182632	
0.910945	0.768006	0.354508	0.000002	7.259653	
0.783406	0.130631	0.794466	0.934129	5.283234	
0.795321	0.002557	0.800297	0.027691	6.892691	
0.767065	0.804899	0.048141	0.916667	5.409950	
0.311415	0.865719	0.812963	0.100543	6.207616	
0.000034	0.000061	0.000005	0.293588	9.635764	
0.326663	0.041044	0.002065	0.833577	7.982597	
0.231003	0.856153	0.859525	0.196926	5.837822	
0.122587	0.849583	0.809765	0.284765	6.095599	
0.145664	0.887410	0.856229	0.861904	4.758179	
0.317054	0.000058	0.003704	0.354206	9.376430	
0.748871	0.142149	0.862894	0.778888	5.335354	
0.062938	0.334013	0.914675	0.109166	7.828121	
0.905025	0.854385	0.802567	0.112617	4.985042	
0.321931	0.859668	0.004088	0.037223	7.952085	
0.156648	0.886444	0.188012	0.861838	5.984946	
0.231003	0.856133	0.045211	0.938741	6.403060	
0.030925	0.000094	0.848665	0.315599	7.935994	
0.015604	0.856153	0.851106	0.332307	6.321121	
0.194287	0.139090	0.851169	0.854632	5.990189	
0.000174	0.324400	0.000782	0.000031	9.919703	
0.167458	0.002063	0.002008	0.000812	9.837317	
0.000005	0.000090	0.000016	0.813063	8.972465	
0.872505	0.852373	0.191654	0.136623	6.023342	
0.231003	0.856153	0.851240	0.932782	4.743230	
0.000176	0.000009	0.296556	0.000338	9.726507	
0.177710	0.110477	0.270878	0.840378	7.377095	
0.000047	0.000204	0.770284	0.000372	8.734268	
0.890916	0.002628	0.028789	0.610020	8.048558	
0.865696	0.939808	0.772273	0.131452	5.226835	
0.015604	0.856134	0.043964	0.338471	7.962675	
0.762070	0.002063	0.001960	0.000812	8.707865	
0.858663	0.806176	0.093165	0.776007	5.135442	
0.000182	0.332919	0.020726	0.318753	9.315665	
0.740785	0.002096	0.001803	0.051908	8.762895	
0.321863	0.079079	0.825395	0.040710	7.840438	
0.875001	0.861498	0.859103	0.112617	4.788999	
0.010673	0.624105	0.659573	0.020396	9.001029	
0.283024	0.034647	0.028661	0.034487	9.504551	
0.275779	0.284041	0.000015	0.000033	9.227910	
0.020733	0.260246	0.053975	0.089611	9.337756	
0.194287	0.134840	0.851169	0.854632	6.014377	
0.231003	0.856153	0.851240	0.932782	4.743230	
0.260987	0.854321	0.802990	0.056647	6.397550	
