0.281381	0.002368	0.000003	0.001086	10.648169	
0.323560	0.000984	0.013345	0.829263	8.510230	
0.021275	0.869161	0.785197	0.837007	5.659250	
0.289251	0.008185	0.354912	0.010248	9.920840	
0.754736	0.863947	0.793465	0.081887	6.029865	
0.350488	0.403517	0.055012	0.008071	10.092736	
0.020634	0.207054	0.808806	0.848718	6.958526	
0.875437	0.276951	0.813542	0.015650	6.650060	
0.000060	0.742352	0.004816	0.000994	9.819644	
0.744331	0.000863	0.005001	0.012292	9.770226	
0.861688	0.800980	0.859675	0.009133	5.761092	
0.001971	0.341288	0.856692	0.018092	8.498367	
0.000952	0.001002	0.000987	0.260406	10.411152	
0.016092	0.007011	0.024264	0.703269	9.677764	
0.846906	0.400572	0.004894	0.017586	9.020940	
0.385566	0.003007	0.838109	0.003082	8.876517	
0.746427	0.002764	0.759502	0.623040	8.738448	
0.848444	0.045061	0.357150	0.009089	8.654578	
0.346642	0.866346	0.055015	0.000068	8.343204	
0.794917	0.819598	0.076733	0.904733	5.673883	
0.002006	0.754984	0.854060	0.817351	6.061061	
0.015496	0.035125	0.357150	0.878324	8.554215	
0.940609	0.222222	0.006873	0.854454	7.037045	
0.700567	0.610156	0.005142	0.828858	8.153657	
0.800267	0.645868	0.733034	0.008601	8.187792	
0.000311	0.827134	0.016379	0.326125	8.655936	
0.000144	0.000719	0.000109	0.000191	11.379371	
0.794794	0.015449	0.872128	0.831942	5.777847	
0.003525	0.869161	0.280975	0.837447	6.829936	
0.000651	0.002378	0.267194	0.002427	10.701716	
0.799847	0.038911	0.796549	0.857297	5.820855	
0.001405	0.038079	0.724255	0.013160	9.646550	
0.032221	0.365012	0.332523	0.000809	10.057134	
0.005109	0.016146	0.846081	0.308356	8.539145	
0.000061	0.269551	0.001202	0.000994	10.807161	
0.790367	0.873428	0.010661	0.813162	5.834998	
0.858267	0.863812	0.823663	0.858488	4.177564	
0.005109	0.002001	0.356795	0.312476	10.047620	
0.002433	0.884160	0.856692	0.036196	7.053233	
0.006742	0.367793	0.011312	0.837106	8.671123	
0.046112	0.779307	0.759502	0.854575	6.042556	
0.835614	0.026093	0.023702	0.250725	8.523336	
0.894505	0.014866	0.782752	0.817351	6.102410	
0.940015	0.802505	0.010900	0.767215	6.203746	
0.861688	0.827492	0.221334	0.008192	6.851481	
0.000045	0.586483	0.743687	0.593117	9.487893	
0.001087	0.845981	0.333522	0.000809	8.643754	
0.364353	0.036418	0.006911	0.307106	10.145905	
0.000311	0.345881	0.035552	0.326125	10.143767	
0.002433	0.884160	0.821088	0.851969	5.492937	
0.364128	0.291547	0.036888	0.010695	9.872858	
0.861688	0.840589	0.859675	0.009133	5.710058	
0.000292	0.728409	0.004049	0.013160	9.750930	
0.811781	0.819598	0.050106	0.898306	5.863930	
0.003249	0.869331	0.306705	0.838834	7.130838	
0.778340	0.000471	0.031712	0.312476	9.049707	
0.796098	0.277812	0.007023	0.007458	8.779390	
0.763925	0.354052	0.794550	0.010108	7.650765	
0.302210	0.003313	0.006995	0.829112	8.495023	
0.804807	0.863947	0.793465	0.073692	5.705913	
0.347411	0.883618	0.006928	0.003088	8.657387	
0.289251	0.008185	0.359434	0.006523	9.949399	
0.781489	0.911414	0.024178	0.786285	6.388225	
0.011680	0.836781	0.810181	0.909886	5.776119	
0.028376	0.000329	0.005954	0.003636	10.880882	
0.290807	0.031874	0.871177	0.043534	8.534327	
0.016092	0.007011	0.024381	0.703269	9.677630	
0.868740	0.006405	0.332674	0.018127	8.676707	
0.000062	0.403517	0.014116	0.008071	10.634767	
0.799847	0.038911	0.796765	0.777120	6.028726	
0.738537	0.603406	0.001029	0.828858	7.780580	
0.809228	0.231474	0.759502	0.854426	5.742657	
0.742533	0.000064	0.004062	0.017635	9.934846	
0.000045	0.586483	0.743687	0.693259	8.836819	
0.000065	0.000718	0.758585	0.000156	9.587787	
0.880323	0.884642	0.824561	0.851775	4.595152	
0.872568	0.277816	0.851419	0.008933	7.104381	
0.240408	0.001908	0.004894	0.017495	10.530234	
0.861688	0.856834	0.263810	0.008260	6.833151	
0.940015	0.798329	0.010669	0.767215	6.357029	
0.000061	0.025208	0.357150	0.002696	10.241247	
0.000613	0.367793	0.010478	0.837106	8.815421	
0.001781	0.001152	0.795240	0.294099	8.799048	
0.000342	0.295047	0.000004	0.285026	10.081957	
0.000952	0.006131	0.311370	0.260406	10.046569	
0.032221	0.859858	0.332523	0.000809	8.656369	
0.794794	0.012550	0.875579	0.837687	6.037085	
0.000952	0.003037	0.000987	0.260406	10.325352	
0.934614	0.034311	0.782225	0.856276	6.149122	
0.001948	0.343541	0.856692	0.018092	8.513934	
0.001083	0.832338	0.000987	0.260406	8.770716	
0.002456	0.881911	0.856692	0.036196	7.062520	
0.000061	0.352252	0.353949	0.008840	10.435322	
0.364353	0.036418	0.006911	0.304494	10.164789	
0.002896	0.872762	0.892320	0.725815	6.251662	
0.015496	0.035125	0.357150	0.876851	8.611445	
0.940609	0.217936	0.006873	0.854454	7.104296	
0.323560	0.000984	0.013345	0.829258	8.653959	
0.809228	0.231474	0.759502	0.821302	5.851148	
0.801251	0.015449	0.845475	0.825515	6.028420	
