0.826606	0.792010	0.150051	0.865127	4.835885	
0.032521	0.856926	0.651716	0.013023	7.690825	
0.289825	0.297018	0.000005	0.000001	9.200597	
0.001786	0.000000	0.284738	0.023319	9.559696	
0.002381	0.000956	0.000055	0.294135	9.596904	
0.943550	0.000775	0.688815	0.012844	7.735299	
0.832893	0.887277	0.796569	0.106487	4.930585	
0.680021	0.666765	0.668560	0.000001	7.887767	
0.798546	0.175682	0.941727	0.763434	5.296626	
0.012961	0.002937	0.312147	0.311632	9.238859	
0.660737	0.002642	0.042320	0.916521	7.749876	
0.776533	0.000010	0.000003	0.000436	8.624551	
0.004983	0.325367	0.002858	0.368197	9.394039	
0.000785	0.642502	0.054017	0.880111	7.746600	
0.000418	0.002280	0.759382	0.000001	8.677264	
0.325833	0.006181	0.000005	0.000001	9.851415	
0.935351	0.662370	0.019929	0.000947	7.871887	
0.320613	0.000956	0.000002	0.279104	9.225830	
0.854019	0.213681	0.842260	0.296878	5.824686	
0.162170	0.182660	0.865970	0.893203	5.977006	
0.640800	0.911284	0.014083	0.001785	7.909212	
0.023320	0.001096	0.892490	0.338793	8.003983	
0.938656	0.020135	0.034808	0.666568	7.815215	
0.662466	0.676499	0.000153	0.662209	8.002369	
0.065791	0.855335	0.827204	0.845936	4.868130	
0.000057	0.000960	0.000055	0.747296	8.885728	
0.836083	0.800498	0.849610	0.112125	4.903832	
0.826911	0.864148	0.827204	0.844549	3.320248	
0.784010	0.159916	0.789699	0.876171	5.003712	
0.662703	0.002845	0.666062	0.665727	8.044748	
0.005334	0.646964	0.902784	0.002174	7.847825	
0.000239	0.676453	0.678436	0.666041	7.871068	
0.000000	0.000000	0.000000	0.000000	10.000187	
0.000006	0.294836	0.000992	0.000002	9.602542	
0.000320	0.935481	0.044324	0.658414	7.861596	
0.003651	0.755068	0.000009	0.001491	8.703796	
0.314417	0.000000	0.303718	0.003192	9.281410	
0.000000	0.294947	0.316819	0.008644	9.225920	
0.293872	0.004610	0.882920	0.001825	7.922863	
0.014752	0.013194	0.662367	0.861236	7.640343	
0.000000	0.325367	0.002858	0.368197	9.399316	
0.005590	0.974043	0.902784	0.002174	7.163960	
0.023320	0.001096	0.883260	0.653591	7.728044	
0.001319	0.000084	0.009353	0.294135	9.589265	
0.000006	0.000207	0.000001	0.762793	8.713642	
0.809839	0.880151	0.056022	0.822639	5.021583	
0.667073	0.666765	0.674771	0.000042	7.938256	
0.857175	0.187083	0.797789	0.106487	6.190665	
0.938656	0.020135	0.041360	0.666568	7.804016	
0.000000	0.294535	0.316819	0.000000	9.234991	
0.846800	0.824118	0.865449	0.848481	3.326599	
0.638940	0.675946	0.055709	0.001785	8.706295	
0.836083	0.801499	0.849610	0.186415	4.704450	
0.035943	0.023218	0.694626	0.020521	9.024891	
0.000734	0.659692	0.671526	0.666041	8.044297	
0.005316	0.651876	0.056039	0.880111	7.674278	
0.065791	0.855335	0.827204	0.844549	4.868963	
0.640800	0.881547	0.017905	0.006222	7.813226	
0.293872	0.000003	0.882920	0.002958	7.926569	
0.000004	0.755068	0.000003	0.001510	8.707752	
0.846333	0.188551	0.828489	0.892639	4.715925	
0.158921	0.229201	0.865970	0.861078	5.881947	
0.000320	0.935481	0.044324	0.659129	7.856470	
0.832893	0.887277	0.797789	0.106487	4.925136	
0.753312	0.000016	0.004482	0.002535	8.696690	
0.000000	0.006431	0.306483	0.312607	9.237522	
0.000000	0.002286	0.000000	0.000002	9.997859	
0.660600	0.000502	0.050411	0.896026	7.772551	
0.935351	0.651969	0.019929	0.001875	7.944722	
0.005590	0.637669	0.902784	0.002174	7.907860	
0.005346	0.309191	0.010120	0.007703	9.599692	
0.291586	0.000956	0.000055	0.294135	9.196547	
0.796953	0.158385	0.944923	0.827512	5.071131	
0.293872	0.000003	0.000000	0.002968	9.597698	
0.650408	0.283489	0.316819	0.669209	7.986607	
0.827317	0.792023	0.150051	0.865127	4.832245	
0.275902	0.000000	0.284738	0.023319	9.148486	
0.000000	0.000000	0.258925	0.000000	9.574835	
0.001319	0.000084	0.744181	0.294135	8.358510	
0.005346	0.309191	0.014612	0.007703	9.593985	
0.806403	0.003399	0.944923	0.827512	5.346556	
0.023460	0.864148	0.827204	0.844549	4.943194	
0.646697	0.666765	0.668560	0.000001	8.126770	
0.002381	0.015346	0.000055	0.294135	9.580369	
0.155927	0.225929	0.321409	0.000070	8.916962	
0.158921	0.229201	0.865970	0.861078	5.881947	
0.000734	0.659692	0.676269	0.666041	8.009055	
0.293872	0.000000	0.000000	0.003069	9.598523	
0.846800	0.042765	0.839242	0.848481	4.926554	
0.320613	0.848799	0.017911	0.003838	7.928708	
0.943550	0.000775	0.688815	0.012844	7.735299	
0.000000	0.006431	0.306483	0.312607	9.237522	
0.660737	0.002642	0.042320	0.916521	7.749876	
0.978661	0.827448	0.788194	0.760747	4.851352	
0.640800	0.046054	0.000285	0.285592	9.039078	
0.938656	0.875293	0.034808	0.666568	6.156774	
0.000000	0.325367	0.002858	0.368197	9.399316	
0.268765	0.000003	0.321409	0.000070	9.221461	
0.000000	0.000000	0.258925	0.000000	9.574835	
0.875754	0.791205	0.103929	0.887423	4.946860	
