0.244378	0.000000	0.288476	0.000057	9.168888	
0.002941	0.000000	0.307906	0.306058	9.239258	
0.934984	0.003767	0.008145	0.643320	8.014036	
0.669787	0.684088	0.000004	0.666387	7.993331	
0.654273	0.916494	0.005018	0.016849	7.832415	
0.914649	0.639226	0.000015	0.004941	7.997492	
0.934635	0.786595	0.097131	0.804015	5.278583	
0.676249	0.003462	0.650527	0.667163	8.038333	
0.006240	0.630220	0.078235	0.885679	7.780652	
0.790842	0.835668	0.110183	0.883435	4.987432	
0.000001	0.339821	0.287755	0.023379	9.279685	
0.055530	0.948837	0.813410	0.873214	5.232581	
0.001020	0.334152	0.000000	0.318052	9.492275	
0.787402	0.126310	0.926988	0.788497	5.231721	
0.000000	0.000000	0.000984	0.771838	8.652317	
0.015802	0.024323	0.650912	0.870892	7.712446	
0.780297	0.808288	0.905754	0.126884	5.090034	
0.892732	0.809947	0.826670	0.161973	4.776812	
0.172527	0.871584	0.861280	0.169494	5.946106	
0.898220	0.034124	0.637522	0.011753	7.845762	
0.640678	0.027498	0.906362	0.000020	7.961267	
0.000001	0.666141	0.688089	0.656397	7.957031	
0.279248	0.007360	0.008057	0.261520	9.146724	
0.669576	0.670079	0.665945	0.000043	7.965979	
0.000298	0.040491	0.869575	0.317583	7.893520	
0.914607	0.160085	0.774334	0.791673	5.153625	
0.194499	0.255047	0.871873	0.871385	5.849761	
0.000000	0.000000	0.000000	0.288848	9.596095	
0.012932	0.945754	0.000000	0.658393	7.972248	
0.000000	0.301940	0.000000	0.000049	9.610927	
0.111026	0.789475	0.778395	0.927618	5.323062	
0.839335	0.846576	0.839431	0.841363	3.279451	
0.000000	0.779687	0.000000	0.000773	8.609057	
0.786047	0.000065	0.000040	0.002850	8.681127	
0.001155	0.000000	0.775291	0.000019	8.727724	
0.000000	0.000000	0.000000	0.000000	10.002084	
0.330810	0.367555	0.007250	0.003824	9.431845	
0.000165	0.671357	0.932204	0.015586	7.798383	
0.276530	0.000004	0.001060	0.000972	9.581461	
0.655973	0.031223	0.014988	0.903424	7.736858	
0.743304	0.904469	0.860960	0.179246	5.109447	
0.111935	0.781941	0.916067	0.794195	5.276654	
0.000185	0.000000	0.292200	0.001463	9.599625	
0.002400	0.941136	0.638524	0.001035	8.257823	
0.231079	0.781941	0.916067	0.794195	5.065391	
0.007071	0.792128	0.130251	0.145476	8.054338	
0.000000	0.000000	0.000984	0.180672	9.649655	
0.008576	0.934548	0.001927	0.666235	7.876270	
0.914607	0.160085	0.774334	0.791673	5.153625	
0.669190	0.684088	0.000005	0.666387	7.921993	
0.272775	0.000004	0.000000	0.000972	9.579576	
0.658670	0.032094	0.014988	0.903424	7.716344	
0.000000	0.000000	0.013161	0.017359	9.976221	
0.676249	0.000259	0.650527	0.667163	8.048479	
0.100364	0.809490	0.779859	0.927618	5.248808	
0.012282	0.024323	0.650912	0.870892	7.715932	
0.000298	0.009414	0.871606	0.317583	7.940694	
0.669576	0.671417	0.665945	0.000043	7.958331	
0.271286	0.356387	0.028180	0.000152	9.303382	
0.013993	0.334152	0.000000	0.287567	9.246617	
0.000000	0.000000	0.000984	0.771838	8.736059	
0.932490	0.008835	0.008145	0.637733	8.031254	
0.002295	0.941136	0.640488	0.001035	8.312429	
0.000128	0.000000	0.775291	0.000022	8.773908	
0.237087	0.285802	0.871606	0.875618	5.838879	
0.780297	0.808288	0.905754	0.126884	5.090034	
0.000165	0.666121	0.922193	0.015945	7.780393	
0.000233	0.000000	0.288476	0.000057	9.594295	
0.907623	0.791954	0.130251	0.801381	5.057376	
0.000001	0.301940	0.279184	0.000049	9.195496	
0.000044	0.301940	0.000002	0.000049	9.610804	
0.789566	0.835668	0.110183	0.891728	5.054182	
0.777016	0.126310	0.926988	0.788497	5.286705	
0.839335	0.846576	0.852295	0.859660	3.253372	
0.244290	0.014242	0.287301	0.003824	9.178442	
0.898220	0.034124	0.650912	0.011753	7.755877	
0.775421	0.000065	0.014077	0.002850	8.715169	
0.172527	0.871636	0.854811	0.179338	5.924758	
0.639630	0.026970	0.906362	0.000001	7.975988	
0.885880	0.829660	0.303392	0.009903	6.279752	
0.244278	0.008610	0.008483	0.317881	9.224065	
0.898338	0.947623	0.000015	0.015653	6.953189	
0.019147	0.031663	0.286687	0.288381	9.123196	
0.011530	0.945846	0.869724	0.659939	6.420660	
0.780011	0.911199	0.871781	0.149460	5.057363	
0.007071	0.791954	0.130251	0.895802	6.849085	
0.781471	0.808288	0.905754	0.125081	5.163635	
0.000298	0.040491	0.869575	0.317583	7.893520	
0.640678	0.005482	0.291873	0.279921	8.695832	
0.790001	0.836023	0.062493	0.877289	5.049202	
0.914649	0.781443	0.000015	0.004941	7.068952	
0.000000	0.000000	0.000000	0.000805	10.002020	
0.172527	0.871831	0.833393	0.179338	5.951580	
0.244278	0.008610	0.008483	0.317881	9.224065	
0.024089	0.000000	0.135092	0.180672	9.414388	
0.011566	0.945532	0.869724	0.659943	6.514084	
0.895016	0.809490	0.779859	0.927618	3.899564	
0.194499	0.302260	0.901064	0.018244	7.614459	
0.879957	0.787869	0.835848	0.007623	5.146037	
0.919073	0.008815	0.018806	0.664015	7.772937	
