0.017868	0.009258	0.350015	0.269293	9.261101	
0.000004	0.000314	0.000109	0.765486	8.625295	
0.761594	0.000000	0.000000	0.000774	8.721533	
0.280756	0.318050	0.047416	0.001443	9.156415	
0.864515	0.874940	0.290820	0.147697	5.930944	
0.289406	0.001517	0.007774	0.000835	9.588132	
0.850579	0.318374	0.047416	0.040731	7.826389	
0.885834	0.778154	0.145071	0.789018	5.087203	
0.877016	0.853798	0.855696	0.856818	3.247400	
0.000000	0.740313	0.004053	0.003802	8.804481	
0.001729	0.359444	0.299464	0.000152	9.369562	
0.070874	0.375203	0.017969	0.860708	7.946121	
0.897320	0.154887	0.802991	0.835563	4.846700	
0.000847	0.289732	0.000079	0.000146	9.603376	
0.878208	0.071966	0.003131	0.316682	7.837803	
0.360338	0.023150	0.338136	0.000163	9.386750	
0.017918	0.356833	0.862600	0.044538	7.947897	
0.857561	0.264120	0.850000	0.149282	5.931082	
0.794941	0.878133	0.840902	0.166332	4.845490	
0.058646	0.016108	0.334450	0.872756	7.879563	
0.648342	0.042361	0.026179	0.875828	7.703102	
0.881664	0.182458	0.127817	0.874979	6.036100	
0.841773	0.850671	0.880428	0.166332	4.681686	
0.000000	0.000000	0.000000	0.000000	10.003312	
0.052984	0.876285	0.854196	0.792894	5.059643	
0.115358	0.854467	0.875723	0.148035	6.115386	
0.016054	0.048391	0.870177	0.326437	7.886447	
0.829797	0.077025	0.899212	0.845537	4.917406	
0.779519	0.892770	0.138467	0.781353	5.149186	
0.341895	0.000527	0.855163	0.044690	7.931622	
0.676047	0.003849	0.659636	0.652316	8.082783	
0.005447	0.350037	0.029041	0.343644	9.354198	
0.000000	0.000000	0.000000	0.283349	9.591423	
0.006776	0.657620	0.674871	0.656537	8.092913	
0.224981	0.778154	0.890217	0.790725	4.960664	
0.000000	0.000000	0.748194	0.003802	8.752419	
0.220828	0.182458	0.862869	0.876686	5.852201	
0.941860	0.782336	0.786201	0.135407	5.335134	
0.067168	0.881168	0.036437	0.326172	7.828561	
0.861945	0.000000	0.355569	0.009583	8.022381	
0.276429	0.000148	0.000000	0.268336	9.164031	
0.692518	0.666523	0.001373	0.642195	7.986740	
0.670731	0.647750	0.666892	0.003617	8.105552	
0.000000	0.000000	0.288275	0.000004	9.595204	
0.042822	0.873301	0.345798	0.044574	7.888429	
0.291066	0.863065	0.019400	0.004029	7.877984	
0.218541	0.849819	0.140968	0.877184	5.945107	
0.062111	0.881168	0.230001	0.326172	7.462194	
0.111418	0.857836	0.875723	0.148035	6.123971	
0.282235	0.001517	0.000267	0.000161	9.589156	
0.873410	0.851215	0.880428	0.053109	4.930852	
0.224981	0.779084	0.890217	0.807436	4.929858	
0.004436	0.000048	0.122806	0.000004	9.773654	
0.000004	0.660301	0.002343	0.789487	7.868231	
0.879106	0.269935	0.850136	0.133970	5.954336	
0.772265	0.816649	0.110465	0.888636	5.107814	
0.829797	0.357026	0.899212	0.017233	6.415781	
0.836869	0.377130	0.017969	0.032122	8.044045	
0.789217	0.006483	0.861520	0.846926	5.108451	
0.009573	0.746232	0.000131	0.000146	8.813798	
0.890501	0.154887	0.333691	0.070356	7.629941	
0.941860	0.816622	0.813599	0.135407	5.071329	
0.822135	0.275036	0.014211	0.326437	7.602665	
0.793306	0.094579	0.784742	0.900258	5.188723	
0.776410	0.892770	0.007150	0.781353	5.430377	
0.242803	0.198699	0.862378	0.872756	5.814012	
0.271506	0.304303	0.000283	0.000161	9.240168	
0.000180	0.000314	0.000109	0.792258	8.481449	
0.794995	0.850671	0.839100	0.166332	4.798355	
0.016834	0.007061	0.288967	0.032738	9.526159	
0.000000	0.000000	0.000000	0.274743	9.586376	
0.283453	0.863065	0.000267	0.004029	7.894070	
0.885834	0.778154	0.155207	0.789018	5.067104	
0.038203	0.032813	0.851512	0.324946	7.868028	
0.001267	0.849151	0.820588	0.880985	5.004779	
0.019198	0.274006	0.019158	0.326437	9.212392	
0.003473	0.012326	0.314402	0.863241	7.926375	
0.645391	0.042361	0.130384	0.963167	7.894681	
0.003444	0.865840	0.872922	0.032024	6.579086	
0.828993	0.077025	0.899212	0.164784	6.258743	
0.012631	0.273265	0.850136	0.144492	7.611851	
0.348107	0.000006	0.288666	0.328606	8.976566	
0.004558	0.359444	0.127658	0.032125	9.556457	
0.002714	0.658348	0.666892	0.652303	8.161419	
0.034256	0.016108	0.853116	0.007229	8.487271	
0.016834	0.319269	0.288967	0.033121	9.182231	
0.360338	0.000000	0.336064	0.000034	9.432273	
0.874353	0.853798	0.859818	0.840253	3.317415	
0.042136	0.009258	0.280139	0.273432	9.136746	
0.779504	0.000000	0.000000	0.000774	8.702121	
0.849549	0.077025	0.862184	0.860836	4.817467	
0.280844	0.000000	0.000000	0.000836	9.659838	
0.874554	0.892101	0.138467	0.781353	4.927063	
0.004417	0.001517	0.002730	0.000746	9.994102	
0.004558	0.359444	0.127658	0.000719	9.592783	
0.318061	0.745009	0.000110	0.000157	8.397516	
0.781324	0.319409	0.288967	0.163299	7.483111	
0.794995	0.850671	0.839100	0.148652	4.835723	
0.111418	0.857836	0.875723	0.165714	6.086466	
0.010565	0.003634	0.914322	0.034533	8.575955	
