0.941795	0.023349	0.114244	0.636923	7.895287	
0.656262	0.000003	0.671413	0.686191	7.961245	
0.311850	0.009467	0.000000	0.000000	9.615956	
0.299628	0.000000	0.002511	0.296607	9.217203	
0.654610	0.654271	0.689424	0.000104	8.010959	
0.923936	0.636564	0.008286	0.018520	7.982589	
0.222209	0.856618	0.857877	0.201790	5.810025	
0.240504	0.856002	0.201024	0.847717	5.808433	
0.000041	0.000607	0.765643	0.000045	8.620015	
0.291599	0.000320	0.321931	0.022379	9.215867	
0.000000	0.000001	0.012175	0.781278	8.867417	
0.013756	0.654198	0.928931	0.023274	7.883927	
0.759645	0.942288	0.146216	0.801970	5.373129	
0.284911	0.333049	0.007995	0.000002	9.251605	
0.940726	0.025580	0.659152	0.012391	7.913683	
0.000167	0.019019	0.922706	0.676926	7.699619	
0.753339	0.856002	0.201024	0.847717	4.930994	
0.000004	0.774254	0.000143	0.000002	8.760078	
0.000155	0.000000	0.285546	0.310091	9.218828	
0.666895	0.659838	0.003477	0.688217	7.885346	
0.773771	0.854347	0.889994	0.129751	5.056824	
0.658226	0.022501	0.027614	0.884358	7.666045	
0.000000	0.314881	0.299473	0.000000	9.237999	
0.000000	0.000000	0.000000	0.000000	10.000821	
0.080739	0.859523	0.918543	0.796521	5.082830	
0.000000	0.000000	0.000077	0.295600	9.607909	
0.779479	0.010378	0.002309	0.003111	8.523526	
0.801133	0.142889	0.774737	0.909288	5.125172	
0.021906	0.006180	0.651954	0.911266	7.828475	
0.000000	0.000000	0.299473	0.000000	9.607403	
0.017380	0.630232	0.000066	0.896906	7.934900	
0.000000	0.294723	0.000598	0.000000	9.602370	
0.000470	0.662634	0.673329	0.673533	7.949851	
0.862971	0.858472	0.855429	0.810871	3.395292	
0.766412	0.150183	0.891086	0.789254	5.154805	
0.248289	0.898325	0.809108	0.952303	5.193665	
0.619866	0.908743	0.035155	0.026832	7.978365	
0.000925	0.910608	0.030807	0.635144	7.934519	
0.658538	0.034743	0.940890	0.023553	7.879214	
0.000993	0.339100	0.000077	0.299459	9.285861	
0.779887	0.923424	0.812382	0.087009	5.251170	
0.013602	0.863433	0.648405	0.027989	7.722671	
0.016357	0.339100	0.000077	0.296785	9.264436	
0.773771	0.855255	0.889204	0.129751	5.053040	
0.248253	0.855726	0.198885	0.847717	5.811603	
0.014203	0.023997	0.000077	0.294645	9.555378	
0.000079	0.000000	0.171398	0.025826	9.625636	
0.000840	0.302912	0.010503	0.157245	9.296552	
0.666895	0.651703	0.003477	0.686940	7.955540	
0.000041	0.000000	0.765643	0.000000	8.620540	
0.001229	0.000000	0.048430	0.023100	9.901293	
0.773771	0.919588	0.812382	0.092417	5.248417	
0.891674	0.642876	0.052417	0.003207	7.768845	
0.046619	0.793512	0.119106	0.801794	6.683102	
0.000248	0.656353	0.912776	0.023274	7.804606	
0.840619	0.866552	0.108239	0.801794	4.861727	
0.801133	0.142889	0.774737	0.909288	5.125172	
0.222209	0.856618	0.857877	0.208588	5.804931	
0.021906	0.018610	0.652097	0.906517	7.794429	
0.221623	0.000079	0.000079	0.295600	9.193489	
0.786209	0.011058	0.004454	0.000146	8.750973	
0.658226	0.022501	0.957699	0.884358	6.371136	
0.285997	0.000353	0.001051	0.894800	8.189646	
0.013602	0.863433	0.648405	0.005989	7.751758	
0.291599	0.892421	0.321931	0.794113	6.083880	
0.080739	0.792678	0.918543	0.796521	5.234553	
0.614030	0.908743	0.000905	0.026832	8.055811	
0.021906	0.006180	0.657231	0.636209	8.913789	
0.037733	0.023997	0.799936	0.322422	8.066669	
0.941795	0.000376	0.112437	0.636923	7.925910	
0.282024	0.333049	0.007995	0.000087	9.248265	
0.299207	0.000389	0.001051	0.013077	9.703770	
0.248289	0.899233	0.808317	0.952303	5.199835	
0.828813	0.849704	0.856909	0.857064	3.270473	
0.000004	0.661576	0.000143	0.011116	9.524666	
0.657677	0.034743	0.940890	0.025012	7.883243	
0.000000	0.000001	0.003541	0.781278	8.927596	
0.000470	0.662634	0.669808	0.006429	8.685620	
0.301548	0.000473	0.645553	0.012427	9.190891	
0.755798	0.794074	0.907370	0.120285	5.321504	
0.939316	0.039716	0.659152	0.012391	7.882698	
0.000037	0.002653	0.759942	0.000600	8.656659	
0.245548	0.306458	0.000208	0.153879	8.884381	
0.005740	0.772029	0.000114	0.000002	8.766647	
0.021906	0.000067	0.279356	0.314962	9.190036	
0.221623	0.000079	0.000079	0.295600	9.193693	
0.000041	0.896216	0.764502	0.200677	6.597112	
0.859429	0.010242	0.061492	0.781873	6.736650	
0.881267	0.639383	0.055470	0.003111	7.764229	
0.377752	0.892421	0.298145	0.794113	6.247654	
0.839209	0.886181	0.108239	0.801794	4.890242	
0.087270	0.878676	0.810964	0.783189	5.087284	
0.659192	0.022501	0.970137	0.847863	6.434771	
0.766213	0.965538	0.000000	0.012665	7.330258	
0.024100	0.302912	0.017341	0.152358	9.259957	
0.000000	0.000000	0.298352	0.000000	9.686351	
0.000993	0.870012	0.006960	0.299459	7.910907	
0.000342	0.000000	0.000077	0.295600	9.607682	
0.923936	0.039716	0.660819	0.027199	7.756851	
0.017380	0.642262	0.000066	0.848731	7.808585	
