0.110791	0.774614	0.794663	0.913562	5.256122	
0.000031	0.886283	0.000048	0.626519	7.955691	
0.002147	0.013114	0.000156	0.750122	8.916436	
0.000102	0.283773	0.000019	0.000005	9.608084	
0.785375	0.908036	0.802385	0.003487	5.348461	
0.746305	0.003660	0.000001	0.000029	8.851926	
0.007179	0.324648	0.315911	0.000112	9.282631	
0.000249	0.920731	0.835715	0.834107	5.126050	
0.881693	0.351793	0.089877	0.061926	7.800082	
0.870713	0.218091	0.997038	0.836731	5.217728	
0.860737	0.218091	0.130612	0.836731	5.986732	
0.859688	0.869840	0.173174	0.173500	5.938298	
0.304983	0.000027	0.355634	0.000144	9.348954	
0.758047	0.823317	0.133843	0.921758	5.234087	
0.303735	0.028785	0.051603	0.841542	7.836737	
0.000001	0.000026	0.794290	0.000131	9.106417	
0.661113	0.655210	0.648998	0.000511	8.294888	
0.879746	0.762549	0.785647	0.168190	5.147140	
0.006957	0.327734	0.006412	0.834235	7.986881	
0.000004	0.000026	0.000002	0.000016	10.639835	
0.304822	0.284681	0.000018	0.000000	9.227636	
0.881693	0.032454	0.640412	0.028740	7.768200	
0.667588	0.640087	0.000593	0.652076	8.290719	
0.000074	0.305949	0.000000	0.292031	9.228494	
0.291656	0.000021	0.013828	0.349130	9.312139	
0.000052	0.008831	0.355634	0.350188	9.428767	
0.000031	0.880459	0.629579	0.023854	7.901164	
0.836334	0.202415	0.859506	0.171140	5.982785	
0.819024	0.848700	0.816232	0.848346	3.395473	
0.911767	0.040778	0.036148	0.362583	8.056946	
0.000014	0.039845	0.977221	0.640588	8.292542	
0.007391	0.012383	0.389787	0.881910	8.122668	
0.617021	0.899786	0.081769	0.029727	7.866203	
0.922730	0.766712	0.119033	0.787297	5.358384	
0.002205	0.664581	0.658112	0.675212	8.172325	
0.835725	0.913954	0.116724	0.786641	5.040478	
0.007125	0.001892	0.301483	0.000144	9.614835	
0.669452	0.008861	0.661674	0.654736	8.105287	
0.285140	0.024576	0.815021	0.032121	7.917029	
0.000005	0.000232	0.000145	0.278608	9.592354	
0.000031	0.739009	0.000048	0.000009	8.924796	
0.780311	0.133743	0.774741	0.926299	5.332535	
0.913753	0.050725	0.851720	0.787297	5.164205	
0.294772	0.006871	0.006680	0.000640	9.614090	
0.006989	0.661285	0.977221	0.042440	8.135347	
0.007570	0.123391	0.000037	0.220134	9.353629	
0.831440	0.205116	0.850474	0.202141	5.913476	
0.588921	0.012908	0.844447	0.007959	8.110415	
0.837162	0.913954	0.119898	0.786641	5.029098	
0.280048	0.284681	0.000018	0.000005	9.297372	
0.289296	0.000014	0.353840	0.000148	9.339106	
0.000004	0.327848	0.000002	0.000146	9.681014	
0.000534	0.000212	0.006936	0.750122	8.719896	
0.300439	0.028060	0.000002	0.298544	9.201692	
0.020803	0.920731	0.656426	0.834107	6.384427	
0.000005	0.226267	0.173902	0.278608	8.832192	
0.903722	0.012186	0.804108	0.854627	5.115505	
0.831437	0.233005	0.180505	0.835987	5.895779	
0.669452	0.008498	0.661674	0.665736	8.025830	
0.006989	0.630236	0.956202	0.042440	8.239182	
0.000017	0.879641	0.001640	0.634552	7.886678	
0.007179	0.322740	0.315911	0.007400	9.275784	
0.000032	0.753399	0.000048	0.000009	8.714668	
0.020803	0.920731	0.856710	0.834107	5.079973	
0.746305	0.003660	0.000001	0.001265	8.766499	
0.712229	0.640087	0.000593	0.645938	8.414428	
0.777475	0.902213	0.802385	0.131269	5.114954	
0.000174	0.005213	0.950667	0.674616	7.911369	
0.294772	0.006871	0.005899	0.015368	9.691923	
0.006596	0.045679	0.661674	0.634419	8.879122	
0.007008	0.000026	0.312104	0.003354	9.768987	
0.119512	0.774722	0.805010	0.918961	5.211086	
0.303735	0.028785	0.000002	0.841542	7.912913	
0.881693	0.306944	0.000710	0.028740	7.916807	
0.746491	0.826586	0.131051	0.918326	5.306534	
0.659381	0.685749	0.648287	0.000752	8.090395	
0.882701	0.763639	0.803405	0.168190	5.057776	
0.599695	0.894249	0.187562	0.035004	7.703859	
0.000004	0.000026	0.000002	0.000016	10.020359	
0.002048	0.012351	0.391673	0.881910	8.132662	
0.007179	0.855883	0.310140	0.006921	7.925739	
0.922730	0.766712	0.120682	0.787297	5.354119	
0.859688	0.869840	0.191562	0.173500	5.904904	
0.000046	0.000026	0.761978	0.000013	8.794330	
0.899661	0.041775	0.000117	0.648419	7.799457	
0.780311	0.133743	0.788950	0.840435	5.102686	
0.836379	0.840791	0.815021	0.859104	3.357515	
0.836379	0.024576	0.815021	0.032121	6.655375	
0.295043	0.843786	0.105768	0.912069	6.166971	
0.303735	0.200136	0.051603	0.841542	7.484073	
0.000534	0.126395	0.000009	0.750122	8.484202	
0.020683	0.696112	0.016440	0.905429	7.550526	
0.859688	0.855976	0.191562	0.025313	6.215891	
0.000038	0.081815	0.661674	0.634419	9.413995	
0.000031	0.886283	0.657149	0.538761	7.827697	
0.005599	0.027957	0.391673	0.870348	8.126135	
0.007570	0.123582	0.000036	0.220134	9.380167	
0.272148	0.278812	0.000018	0.129867	9.045174	
0.303401	0.028060	0.000002	0.294802	9.254177	
0.000174	0.005213	0.950667	0.674616	7.911369	
