0.000353	0.760067	0.000202	0.000004	8.660004	
0.159722	0.821306	0.919730	0.797494	4.964537	
0.678727	0.660890	0.028205	0.655198	8.004822	
0.338609	0.022973	0.305885	0.000062	9.285170	
0.797732	0.000011	0.002189	0.000002	8.855453	
0.881192	0.780672	0.182581	0.859319	4.846225	
0.093837	0.867648	0.822137	0.867041	4.978668	
0.079628	0.853396	0.822137	0.910213	4.946023	
0.000000	0.000000	0.000000	0.000000	10.002042	
0.079628	0.864951	0.343392	0.024412	7.836486	
0.846831	0.805382	0.928913	0.193355	4.853710	
0.870272	0.241103	0.257885	0.862210	5.769493	
0.912593	0.815272	0.776093	0.140790	5.087677	
0.001691	0.674951	0.944776	0.034220	7.812338	
0.684086	0.042471	0.020309	0.974608	7.917093	
0.181858	0.854942	0.192686	0.859550	5.877874	
0.000000	0.000127	0.301227	0.000081	9.615708	
0.673152	0.897761	0.016311	0.027926	7.598490	
0.887103	0.100905	0.799782	0.814486	4.981075	
0.876983	0.100481	0.345536	0.049902	7.759798	
0.056510	0.000000	0.324538	0.336713	9.240723	
0.000438	0.000000	0.000107	0.806770	8.542053	
0.846831	0.834876	0.831868	0.855478	3.287973	
0.138528	0.230827	0.856162	0.866078	5.936791	
0.681983	0.003472	0.660643	0.677179	7.849990	
0.661396	0.039399	0.930070	0.073730	7.708591	
0.025571	0.000953	0.648828	0.903113	7.812114	
0.000004	0.000007	0.766416	0.000001	8.623457	
0.000332	0.682177	0.024014	0.874453	7.622658	
0.047066	0.299470	0.308597	0.000006	9.166899	
0.000000	0.000380	0.000005	0.312809	9.631734	
0.000000	0.373755	0.016465	0.337759	9.427346	
0.137855	0.854942	0.864072	0.190370	5.970734	
0.766558	0.100065	0.910233	0.827514	5.192385	
0.318472	0.018063	0.003357	0.340134	9.297540	
0.788751	0.231775	0.758577	0.903419	5.121047	
0.003525	0.669055	0.655776	0.686324	7.997245	
0.672815	0.668889	0.667508	0.000065	7.939581	
0.000000	0.301920	0.000003	0.000000	9.810950	
0.308275	0.000011	0.002189	0.000002	9.627397	
0.336835	0.340860	0.001189	0.000024	9.359770	
0.012827	0.940161	0.029344	0.655456	7.921558	
0.977047	0.006324	0.028473	0.701914	7.841337	
0.005718	0.006465	0.918829	0.654796	7.851235	
0.892822	0.654740	0.005900	0.049902	7.692579	
0.001204	0.685687	0.016287	0.874579	7.606275	
0.188032	0.660890	0.028205	0.452189	8.927799	
0.892842	0.662331	0.001096	0.032519	7.673940	
0.798721	0.237904	0.783477	0.864026	4.947697	
0.005359	0.001630	0.829949	0.665204	7.679129	
0.856100	0.285422	0.302556	0.847941	5.826000	
0.000000	0.000127	0.296118	0.000001	9.708395	
0.875218	0.100599	0.803324	0.809579	4.963959	
0.138528	0.242675	0.856162	0.866078	5.919285	
0.047066	0.910930	0.366988	0.000006	8.099040	
0.137198	0.854942	0.860553	0.190370	6.084010	
0.000000	0.000000	0.000083	0.312809	9.631016	
0.186703	0.745283	0.000202	0.000004	8.418071	
0.883386	0.012070	0.657781	0.029442	7.683117	
0.885009	0.826576	0.182581	0.859319	4.723844	
0.029922	0.006465	0.014494	0.665422	9.302232	
0.910916	0.779093	0.793992	0.139391	5.146587	
0.864726	0.100327	0.910233	0.827514	4.883332	
0.159722	0.855382	0.919730	0.869965	4.752532	
0.336835	0.325243	0.001189	0.000923	9.326532	
0.977978	0.006324	0.028473	0.704605	7.828875	
0.000000	0.301920	0.000000	0.000000	9.815032	
0.033356	0.834876	0.834442	0.897463	4.983644	
0.001787	0.677237	0.944776	0.034220	7.796330	
0.318472	0.018087	0.003357	0.001612	9.613433	
0.845886	0.238512	0.864072	0.184879	5.924651	
0.000004	0.000007	0.766981	0.000001	8.619794	
0.159722	0.827624	0.035115	0.797494	6.432512	
0.846937	0.788790	0.864072	0.197599	4.730069	
0.336379	0.018063	0.003357	0.285290	9.241596	
0.027591	0.000953	0.648828	0.903113	7.809927	
0.047586	0.298328	0.292905	0.000001	9.147214	
0.882973	0.671998	0.319225	0.686324	6.828414	
0.008757	0.003472	0.660643	0.677179	8.644937	
0.000000	0.000000	0.000000	0.000000	10.000766	
0.822534	0.909917	0.062864	0.311997	6.360672	
0.763480	0.005592	0.000651	0.003162	8.625125	
0.338609	0.023912	0.305885	0.000062	9.284119	
0.766635	0.000137	0.025010	0.783499	7.417341	
0.882973	0.224098	0.319225	0.679887	7.166680	
0.846831	0.834876	0.834442	0.855478	3.284146	
0.182775	0.850440	0.851059	0.870623	4.573265	
0.000004	0.000007	0.854161	0.826930	6.858042	
0.882930	0.011214	0.021862	0.000062	8.292734	
0.004836	0.238512	0.881845	0.184879	7.622763	
0.333260	0.005592	0.000651	0.003162	9.659265	
0.876487	0.006465	0.909248	0.856181	5.032835	
0.013129	0.000953	0.648828	0.652638	8.881058	
0.138528	0.242675	0.768981	0.051906	8.065056	
0.704971	0.897761	0.016311	0.027926	7.392356	
0.857270	0.000953	0.021846	0.903113	6.787756	
0.000000	0.298939	0.001299	0.023546	9.781588	
0.000331	0.684057	0.001734	0.000004	9.208792	
0.338609	0.666739	0.305885	0.000062	8.641649	
0.336379	0.018063	0.000129	0.337266	9.532873	
