0.930002	0.083326	0.369095	0.002876	
0.373646	0.904462	0.125693	0.182185	
0.991560	0.004233	0.155065	0.003039	
1.004502	0.000000	0.000000	0.000000	
0.165888	0.972362	0.000068	0.182722	
0.000608	0.987726	0.148043	0.095520	
0.492445	0.628839	0.300263	0.527749	
0.218171	0.978191	0.043724	0.007099	
0.173889	0.009637	0.592588	0.791312	
0.003572	0.005821	0.994074	0.139192	
0.132769	0.976626	0.000660	0.191526	
0.994846	0.000564	0.000886	0.139860	
0.004778	0.017005	0.949580	0.323193	
0.364146	0.920117	0.150023	0.075562	
0.020120	0.873599	0.458537	0.187499	
0.919847	0.008272	0.360546	0.181696	
0.000052	0.000453	0.857818	0.518997	
0.254156	0.914110	0.002127	0.327746	
0.550226	0.670470	0.469169	0.181025	
0.000000	1.003421	0.000000	0.000000	
0.003164	0.047692	0.484949	0.877448	
0.004963	0.944091	0.341054	0.003672	
0.003533	0.723733	0.700671	0.008949	
0.594119	0.202808	0.757905	0.195368	
0.172609	0.002777	0.979067	0.138338	
0.009228	0.964247	0.157960	0.229235	
0.236093	0.200482	0.890128	0.344739	
0.138013	0.726933	0.678738	0.000876	
0.953824	0.004598	0.000578	0.312022	
0.403599	0.007852	0.167522	0.902765	
0.704747	0.527093	0.338952	0.342845	
0.187204	0.852508	0.383841	0.311974	
0.193767	0.000021	0.788973	0.588780	
0.007551	0.991477	0.000368	0.152403	
0.125171	0.763665	0.026643	0.638568	
0.577282	0.003279	0.235546	0.786661	
0.249393	0.587022	0.000543	0.774600	
0.058272	0.979452	0.026068	0.212198	
0.089107	0.899241	0.225189	0.374260	
0.003503	0.717546	0.694681	0.095517	
0.684814	0.717660	0.017636	0.150570	
0.026776	0.982566	0.000067	0.201035	
0.331065	0.840559	0.438910	0.004307	
0.032909	0.982481	0.146856	0.137145	
0.317099	0.951599	0.000282	0.000002	
0.587213	0.642702	0.151897	0.475221	
0.027041	0.981050	0.127061	0.170553	
0.858080	0.004166	0.001067	0.520518	
0.006752	0.940944	0.101998	0.333528	
0.541110	0.826293	0.148040	0.095518	
0.322696	0.002902	0.933875	0.181751	
0.336378	0.016183	0.944757	0.005997	
0.000029	0.953953	0.000066	0.312893	
0.031409	0.991025	0.019403	0.152434	
0.183562	0.784677	0.120197	0.586144	
0.235376	0.936770	0.174701	0.211273	
0.426126	0.010457	0.791826	0.445738	
0.604999	0.457860	0.553832	0.352169	
0.251604	0.904930	0.169381	0.310603	
0.006571	0.465251	0.625207	0.632093	
0.157920	0.895808	0.411235	0.100324	
0.014675	0.736344	0.383258	0.563367	
0.010220	0.995602	0.040883	0.119763	
0.007218	0.863028	0.383967	0.339421	
0.210187	0.531096	0.087046	0.820987	
0.039347	1.002304	0.043687	0.000071	
0.000851	0.859742	0.010228	0.517517	
0.000000	0.000000	0.000000	1.003594	
0.491408	0.792283	0.374040	0.002073	
0.000000	0.000000	1.003501	0.000000	
0.641172	0.607910	0.034588	0.474291	
0.491985	0.023128	0.000061	0.874798	
0.000897	1.002403	0.044291	0.022811	
0.252755	0.967633	0.010654	0.084133	
0.213860	0.975431	0.006985	0.100673	
0.394349	0.141696	0.605351	0.682092	
0.001904	0.002459	0.170930	0.988693	
0.079801	9.443323	0.000000	0.000000	
0.007500	0.612192	0.249805	0.755018	
0.387727	0.912633	0.008675	0.150555	
0.147428	0.884183	0.412082	0.182752	
0.173219	0.437687	0.334843	0.820834	
0.674517	0.697303	0.254894	0.002823	
0.919296	0.000436	0.176885	0.361058	
0.513903	0.861536	0.000282	0.000753	
0.143706	0.993025	0.001365	0.000005	
0.138420	0.918314	0.380635	0.003672	
0.866304	0.017486	0.506193	0.011253	
0.691752	0.077479	0.721474	0.007498	
0.186876	0.964948	0.072140	0.191509	
0.080064	0.995582	0.003475	0.095524	
0.515973	0.000652	0.861486	0.000001	
0.000732	0.747465	0.112032	0.659732	
0.982301	0.009974	0.127181	0.167862	
0.133480	0.172450	0.002975	0.980106	
0.148443	0.157931	0.979480	0.021511	
0.392202	0.004885	0.406544	0.829434	
0.007636	0.991456	0.155382	0.003039	
0.662269	0.006499	0.000646	0.754005	
0.867186	0.026639	0.503961	0.011268	
0.092015	0.647685	0.036650	0.760317	
0.797421	0.381049	0.034597	0.474420	
0.735993	0.019856	0.681950	0.000546	
0.549579	0.669682	0.468617	0.186807	
0.696615	0.705082	0.013489	0.157669	
0.906768	0.385306	0.006139	0.192224	
0.088808	0.904051	0.226374	0.361853	
0.000367	0.109383	0.004833	0.997503	
0.491386	0.021744	0.026860	0.874924	
0.204299	0.931824	0.001154	0.312062	
0.000358	0.004464	0.857672	0.518915	
0.190043	0.985021	0.013499	0.007409	
0.081530	0.830804	0.181575	0.526524	
0.138039	0.913132	0.378512	0.105935	
0.013080	0.747330	0.111965	0.659705	
0.005223	0.002113	0.761127	0.653357	
0.019209	0.989376	0.002150	0.173170	
0.519979	0.858303	0.003976	0.005476	
0.130845	0.159784	0.007841	0.982297	
0.236257	0.200622	0.890749	0.343172	
0.190621	0.468381	0.841306	0.211268	
0.004632	0.953797	0.000578	0.312013	
0.388882	0.377309	0.223232	0.814522	
0.229971	0.096326	0.322923	0.916765	
0.008347	0.591003	0.794193	0.165129	
0.007264	0.697122	0.722596	0.005678	
0.767604	0.232168	0.120778	0.591046	
0.432722	0.010619	0.788157	0.445703	
0.404021	0.565358	0.722729	0.044881	
0.317066	0.951501	0.000282	0.000753	
0.516780	0.178661	0.211022	0.814627	
0.218945	0.978861	0.023121	0.007258	
0.011437	0.291340	0.960366	0.022502	
0.044005	0.990581	0.019403	0.152440	
0.970493	0.151443	0.127166	0.167843	
0.990375	0.042746	0.154409	0.003789	
0.842477	0.228893	0.453344	0.197134	
0.116597	0.896225	0.439090	0.004308	
0.700684	0.679450	0.197706	0.126853	
0.881361	0.253386	0.190855	0.361235	
0.272818	0.960568	0.023017	0.093906	
0.026650	0.938827	0.101807	0.338124	
0.150347	0.000398	0.599171	0.791436	
0.348311	0.835583	0.211470	0.378382	
0.336352	0.016181	0.944685	0.014091	
0.194467	0.000022	0.791824	0.584980	
0.002301	0.002972	0.206596	0.982103	
0.918950	0.176527	0.002701	0.363370	
0.009373	0.943965	0.341020	0.003672	
0.359340	0.069028	0.676438	0.644924	
0.483916	0.529460	0.525831	0.466796	
0.220419	0.974372	0.006988	0.100713	
0.352570	0.916912	0.207894	0.001078	
0.926705	0.018029	0.384647	0.012034	
0.007269	0.869137	0.369868	0.339413	
0.662162	0.006498	0.005172	0.754106	
0.181012	0.835924	0.422593	0.312076	
0.079531	0.995740	0.003475	0.094304	
0.543392	0.693356	0.336628	0.342222	
0.007073	0.577302	0.235568	0.786734	
0.004678	0.991833	0.019409	0.152484	
0.017796	0.916626	0.367368	0.183419	
0.004181	0.181539	0.597703	0.786842	
0.358974	0.923028	0.000853	0.162784	
0.485602	0.491547	0.710729	0.157667	
0.066129	0.978412	0.026053	0.212081	
0.393552	0.849525	0.070726	0.355423	
0.138797	0.358311	0.927250	0.000089	
0.389688	0.043647	0.406432	0.829206	
0.000122	0.286071	0.945259	0.177014	
0.248967	0.586217	0.035682	0.774710	
0.151170	0.886092	0.406386	0.182737	
0.841041	0.020568	0.430332	0.338273	
0.390361	0.888520	0.196435	0.163203	
0.006797	0.026817	0.950152	0.322238	
0.320182	0.052181	0.935436	0.167784	
0.000854	0.862822	0.010264	0.512323	
0.230606	0.828054	0.518686	0.002455	
0.007637	0.991507	0.155060	0.003039	
0.993888	0.127652	0.023098	0.007251	
0.017556	0.964242	0.157979	0.228786	
0.890594	0.009042	0.433550	0.167863	
0.090444	0.898589	0.229026	0.374435	
0.976097	0.181656	0.013830	0.153127	
0.625778	0.682886	0.371770	0.105935	
0.491985	0.023128	0.000061	0.874798	
0.574909	0.700638	0.218183	0.371996	
0.172824	0.002780	0.980291	0.129305	
0.000611	0.992166	0.150238	0.009345	
0.245819	0.188700	0.890601	0.343115	
0.252042	0.388276	0.527766	0.716857	
0.358870	0.378929	0.699293	0.496506	
0.970534	0.151450	0.126846	0.167843	
0.699086	0.686807	0.176751	0.126851	
0.005223	0.002113	0.761127	0.653357	
0.384580	0.000486	0.927122	0.000001	
0.348694	0.360473	0.000012	0.869114	
0.030420	0.032154	0.385917	0.925108	
0.781102	0.216863	0.471134	0.357908	
0.458935	0.201229	0.847799	0.195129	
