0.688719	0.506354	0.417341	0.318733	
0.363735	0.010196	0.920962	0.152963	
0.535303	0.015611	0.846597	0.015212	
0.826385	0.419769	0.381207	0.005870	
0.000878	0.005872	0.951380	0.315915	
0.010023	0.944894	0.015922	0.332273	
0.515999	0.001610	0.000367	0.857290	
0.012173	0.516098	0.005722	0.857477	
0.384631	0.653969	0.655411	0.001426	
0.473555	0.304460	0.703444	0.438591	
0.265472	0.236290	0.698533	0.626319	
0.007576	0.714220	0.703057	0.000176	
0.628692	0.391401	0.001595	0.673818	
0.415073	0.811260	0.000983	0.418408	
0.000000	0.000000	1.000371	0.000000	
0.192543	0.481729	0.526740	0.676236	
0.149262	0.106598	0.355834	0.920166	
0.675664	0.132789	0.226527	0.691654	
0.624217	0.043092	0.632938	0.463101	
0.913655	0.001654	0.360646	0.197758	
0.700240	0.716905	0.001601	0.014454	
0.185280	0.370129	0.913740	0.009691	
0.856201	0.206322	0.188152	0.438466	
0.988300	0.163831	0.002187	0.008585	
0.193333	0.894327	0.000740	0.409816	
0.782767	0.226170	0.004393	0.582695	
0.974199	0.004305	0.168652	0.154514	
0.855847	0.001889	0.002349	0.518948	
0.975459	0.165726	0.157115	0.002457	
0.710014	0.000120	0.000511	0.706875	
0.570383	0.370262	0.735280	0.002942	
0.001603	0.151154	0.148791	0.979424	
0.264049	0.842529	0.182257	0.437573	
0.925081	0.321138	0.024281	0.204305	
0.240188	0.672722	0.703110	0.000176	
0.644749	0.644447	0.000634	0.418555	
0.243197	0.177680	0.181053	0.937898	
0.677451	0.678766	0.211071	0.200532	
0.812307	0.005019	0.422408	0.409478	
0.000286	0.991662	0.015409	0.142584	
0.002122	0.628077	0.754877	0.198437	
0.204733	0.788603	0.001268	0.580984	
0.592337	0.004701	0.194304	0.784704	
0.946200	0.036933	0.001141	0.323668	
0.948182	0.001502	0.320083	0.000018	
0.589140	0.017504	0.786980	0.193656	
0.148167	0.981853	0.142417	0.001086	
0.172953	0.503723	0.315365	0.788236	
0.904095	0.000149	0.179520	0.392104	
0.699957	0.246535	0.641080	0.198707	
0.819597	0.552481	0.000699	0.162857	
0.552287	0.120819	0.826916	0.001087	
0.001202	0.992852	0.142075	0.000208	
0.220119	0.753285	0.213163	0.583383	
0.240589	0.670730	0.677405	0.194111	
0.009164	0.378880	0.158545	0.912755	
0.170680	0.156082	0.050661	0.972553	
0.051275	0.164772	0.345630	0.924681	
0.915438	0.157097	0.376538	0.003699	
0.303723	0.253575	0.818058	0.423201	
0.455654	0.712939	0.232940	0.483503	
0.954900	0.167637	0.168890	0.181291	
0.269476	0.222966	0.390986	0.853911	
0.160938	0.915823	0.372384	0.001086	
0.571129	0.799045	0.196202	0.000565	
0.457656	0.460246	0.732130	0.209828	
0.005724	0.180888	0.596047	0.785563	
1.001800	0.000000	0.000000	0.000000	
0.807248	0.233339	0.542933	0.007420	
0.571945	0.800185	0.001110	0.183737	
0.007886	0.743455	0.012528	0.671479	
0.351842	0.014242	0.216303	0.912547	
0.784086	0.593787	0.188153	0.002225	
0.144873	0.004641	0.000969	0.991454	
0.008498	0.655719	0.401324	0.642221	
0.531949	0.849412	0.001358	0.000592	
0.183553	0.470248	0.849403	0.165712	
0.217179	0.952338	0.152632	0.162894	
0.385641	0.825663	0.415879	0.001131	
0.001808	0.227232	0.763351	0.609553	
0.777023	0.017178	0.600293	0.197723	
0.003775	0.394541	0.655195	0.646853	
0.163898	0.011357	0.165610	0.974703	
0.011041	0.856615	0.519554	0.000949	
0.008618	0.411735	0.816210	0.409428	
0.188164	0.003165	0.923133	0.339644	
0.684494	0.022225	0.417964	0.601878	
0.859728	0.000837	0.514456	0.001725	
0.652425	0.644330	0.404739	0.003483	
0.018156	0.948056	0.322916	0.000565	
0.315706	0.949622	0.002150	0.003150	
0.886125	0.191180	0.367495	0.212112	
0.017581	0.329226	0.928018	0.184185	
0.102161	0.997009	0.001358	0.000592	
0.783267	0.025432	0.176991	0.598008	
0.397448	0.406907	0.000658	0.825311	
0.193465	0.008443	0.591939	0.784963	
0.208661	0.598202	0.015881	0.775909	
0.219507	0.833986	0.510653	0.017890	
0.939355	0.346821	0.001610	0.016600	
0.592617	0.189516	0.012845	0.786212	
0.470598	0.345330	0.233160	0.779735	
0.230540	0.007950	0.762305	0.609033	
0.000000	1.002024	0.000000	0.000000	
0.735530	0.180453	0.455259	0.471142	
0.365885	0.914589	0.006048	0.184018	
0.002466	0.140692	0.007755	0.991968	
0.873961	0.452963	0.185253	0.002225	
0.491788	0.249808	0.226859	0.805312	
0.021628	0.316259	0.950299	0.003199	
0.400758	0.011631	0.403897	0.824999	
0.012414	0.578930	0.229271	0.785101	
0.852881	0.526556	0.001497	0.000176	
0.244584	0.717570	0.455719	0.471618	
0.991373	0.009894	0.000011	0.144004	
0.312520	0.012861	0.001548	0.951531	
0.000720	0.001972	0.858201	0.517827	
0.000000	0.000000	0.992049	0.142401	
0.245215	0.806335	0.521415	0.145377	
0.427654	0.633406	0.005088	0.646019	
0.356510	0.917349	0.189459	0.004859	
0.977375	0.157139	0.000756	0.153494	
0.449482	0.455018	0.770936	0.019695	
0.003141	0.976294	0.156070	0.164307	
0.708721	0.023009	0.708162	0.004468	
0.173801	0.973243	0.001790	0.162894	
0.181929	0.216724	0.941211	0.198337	
0.001172	0.000028	0.312879	0.951814	
0.005411	0.145745	0.991654	0.001650	
0.416987	0.025875	0.661772	0.629437	
0.744468	0.467633	0.201408	0.438896	
0.007232	0.916018	0.362382	0.176344	
0.458049	0.154091	0.862148	0.163909	
0.027894	0.612815	0.663920	0.431490	
0.406577	0.001841	0.812730	0.423219	
0.000214	0.000570	0.140747	0.990708	
0.024132	0.316469	0.001546	0.950066	
0.487971	0.487920	0.489672	0.536401	
0.000209	0.171488	0.973440	0.160520	
0.006267	0.787680	0.196136	0.587458	
0.177743	0.347398	0.000421	0.923782	
0.328715	0.488590	0.650919	0.483356	
0.484894	0.301851	0.371299	0.734258	
0.433775	0.715889	0.511925	0.206198	
0.989863	0.001423	0.159092	0.003622	
0.317238	0.007269	0.951267	0.002575	
0.018817	0.777955	0.606605	0.167614	
0.012437	0.410061	0.408977	0.817504	
0.001044	0.813078	0.412216	0.417266	
0.001358	0.919706	0.183500	0.349838	
0.003097	0.000013	0.516193	0.857623	
0.753115	0.472647	0.001933	0.464386	
0.858376	0.408576	0.241995	0.198596	
0.907289	0.149559	0.007352	0.398416	
0.167632	0.005658	0.975997	0.153590	
0.169561	0.005724	0.987228	0.012280	
0.003384	0.511286	0.860275	0.007185	
0.001130	0.184798	0.923158	0.340781	
0.000670	0.004353	0.705728	0.712180	
0.125065	0.235193	0.965704	0.008308	
0.421028	0.871653	0.196717	0.158785	
0.367710	0.230771	0.000944	0.903870	
0.308138	0.200027	0.931728	0.002818	
0.000073	0.871997	0.006344	0.495296	
0.000000	0.000000	0.000000	1.001728	
0.318075	0.948943	0.002150	0.003151	
0.652508	0.644412	0.404149	0.001729	
0.208649	0.530103	0.578426	0.587310	
0.420556	0.026096	0.667437	0.621351	
0.859550	0.207128	0.171376	0.438479	
0.712054	0.023260	0.704476	0.016896	
0.000215	0.001441	0.982898	0.198619	
0.478947	0.470746	0.509527	0.541250	
0.559009	0.021647	0.764790	0.326080	
0.759936	0.294686	0.005350	0.581671	
0.037246	0.141512	0.991499	0.017890	
0.467397	0.122807	0.862127	0.163906	
0.949450	0.022491	0.259187	0.186171	
0.000000	0.000000	0.000000	1.002174	
0.012437	0.410061	0.408977	0.817504	
0.000000	1.001734	0.018970	0.014574	
0.012262	0.519898	0.005764	0.855006	
0.025342	0.329915	0.931372	0.163431	
0.212826	0.450557	0.000346	0.869154	
0.591770	0.018804	0.194210	0.784324	
0.108763	0.558590	0.210724	0.797378	
0.005395	0.000128	0.141862	0.991811	
0.093328	0.183656	0.342093	0.918646	
0.648588	0.476849	0.506803	0.318733	
0.947751	0.044243	0.000659	0.467686	
0.279143	0.460689	0.012719	0.845486	
0.102149	0.996895	0.012702	0.008437	
0.665228	0.257961	0.702370	0.016463	
0.978712	0.148411	0.001604	0.153490	
0.438014	0.632106	0.011979	0.640135	
0.006868	0.991450	0.026006	0.143034	
0.035515	0.126191	0.980073	0.163380	
0.305319	0.635345	0.693843	0.160571	
0.569226	0.812349	0.009454	0.142612	
0.351692	0.017573	0.216303	0.912547	
