0.000001	0.000000	0.286848	7.595400	
0.000242	0.720292	0.000000	6.932126	
0.214264	0.217513	0.661843	6.555841	
0.000000	0.000000	0.000000	8.003472	
0.256593	0.000000	0.000000	7.575043	
0.744704	0.728486	0.000031	5.626762	
0.782546	0.000007	0.195866	6.141745	
0.000983	0.127374	0.000064	7.873250	
0.219054	0.862612	0.220515	5.482985	
0.000002	0.002672	0.746066	6.952017	
0.161193	0.000039	0.313797	7.313342	
0.000001	0.004299	0.628643	7.588995	
0.784352	0.610164	0.208932	5.942313	
0.766546	0.262511	0.579961	6.046594	
0.657162	0.218684	0.222470	6.579806	
0.169710	0.012610	0.629108	7.271070	
0.122677	0.000293	0.000023	7.765651	
0.881859	0.799251	0.010317	4.759256	
0.797782	0.000335	0.887598	4.787292	
0.000020	0.304849	0.296666	7.327684	
0.576825	0.000000	0.892766	6.207924	
0.330519	0.313211	0.000000	7.347017	
0.000592	0.874705	0.802785	4.744108	
0.000031	0.304467	0.157447	7.308517	
0.000222	0.000020	0.885836	6.340284	
0.229041	0.600506	0.000000	7.347683	
0.867947	0.000008	0.001147	6.310844	
0.003919	0.281667	0.000022	7.585882	
0.725347	0.874907	0.871843	3.523684	
0.294904	0.154793	0.000317	7.293359	
0.000001	0.194438	0.610709	7.316216	
0.326086	0.252924	0.169656	6.954729	
0.624103	0.201708	0.781370	5.798730	
0.340760	0.720292	0.005366	6.609787	
0.262680	0.793320	0.813093	4.433528	
0.001327	0.776697	0.193686	6.172689	
0.188732	0.175272	0.325618	6.931999	
0.000242	0.603680	0.000000	7.742759	
0.911069	0.051697	0.629108	5.925674	
0.802209	0.800151	0.254837	4.442479	
0.000674	0.731252	0.741957	5.629615	
0.136445	0.134830	0.000010	7.474579	
0.897548	0.225193	0.218628	5.536268	
0.679600	0.878796	0.674422	4.836685	
0.000615	0.135708	0.136137	7.467513	
0.193324	0.777869	0.000019	6.169565	
0.167768	0.313211	0.000000	7.350774	
0.000731	0.000020	0.128531	7.750930	
0.221627	0.659415	0.221898	6.561379	
0.134147	0.287579	0.157851	7.023215	
0.260336	0.808004	0.620080	5.795877	
0.715167	0.562832	0.020634	6.850252	
0.002153	0.196171	0.777396	6.165366	
0.001187	0.890693	0.593421	6.270222	
0.806885	0.262511	0.818730	4.369888	
0.712884	0.000025	0.003268	6.983870	
0.219561	0.218624	0.856797	5.483679	
0.608701	0.020840	0.000000	7.685953	
0.895534	0.685717	0.673338	4.843537	
0.151269	0.149549	0.152546	7.112198	
0.013016	0.629204	0.180182	7.225934	
0.903281	0.016581	0.811318	4.759227	
0.874123	0.726673	0.869295	3.512103	
0.748050	0.000007	0.729397	5.600529	
0.882587	0.862749	0.736807	3.448914	
0.668694	0.683590	0.927456	5.014116	
0.218964	0.613765	0.724869	6.170271	
0.000002	0.577035	0.746066	6.803129	
0.134292	0.000774	0.137584	7.471158	
0.171199	0.660959	0.636651	6.800948	
0.784399	0.189982	0.000020	6.148646	
0.000098	0.152955	0.313018	7.323543	
0.615374	0.186315	0.000068	7.381387	
0.028576	0.786706	0.872187	4.782646	
0.003989	0.865292	0.003206	6.301912	
0.811154	0.903623	0.001633	4.778492	
0.639517	0.004412	0.189173	7.189339	
0.585066	0.902521	0.183628	5.839380	
0.639063	0.654515	0.645972	6.438236	
0.192213	0.000034	0.780091	6.157845	
0.696953	0.024426	0.629108	6.709465	
0.337313	0.000008	0.151974	7.459964	
0.653685	0.212835	0.609468	6.846849	
0.630153	0.628318	0.180182	6.828333	
0.351065	0.003199	0.713685	6.687948	
0.276807	0.004299	0.285356	7.192868	
0.897548	0.225193	0.205123	5.552754	
0.000210	0.637466	0.000000	7.539749	
0.737793	0.746227	0.220138	5.218076	
0.174714	0.175272	0.320818	6.944282	
0.801741	0.225952	0.664717	5.439348	
0.161193	0.004289	0.311987	7.305031	
0.018732	0.291312	0.280616	7.162842	
0.895534	0.688124	0.673125	4.818886	
0.295242	0.312821	0.000317	7.231362	
0.800978	0.006406	0.769680	5.026813	
0.262977	0.675496	0.124020	6.731820	
0.874123	0.732684	0.869295	3.467898	
0.028576	0.789351	0.022481	6.429569	
0.872809	0.034985	0.014579	6.287612	
0.714856	0.567141	0.018971	6.842730	
0.296765	0.694610	0.057870	6.643149	
0.003989	0.005914	0.000022	7.994527	
0.295242	0.150796	0.000317	7.302867	
0.734945	0.873615	0.865127	3.447799	
0.744704	0.728486	0.000480	5.626249	
0.659012	0.218684	0.222470	6.563674	
0.128136	0.001757	0.003742	7.748674	
0.258636	0.793320	0.813368	4.431507	
0.247994	0.761101	0.203940	5.838630	
0.630117	0.628318	0.148861	6.882834	
0.169710	0.028570	0.635240	7.210114	
0.003989	0.281794	0.043229	7.524727	
0.000674	0.732606	0.741957	5.622431	
0.156412	0.000773	0.184506	7.335400	
0.297129	0.606130	0.716940	6.303064	
0.000596	0.874705	0.763623	4.969275	
0.012282	0.817654	0.015307	6.409700	
0.777973	0.013318	0.325593	6.184000	
0.638838	0.204425	0.791760	5.693892	
0.000002	0.003437	0.724869	6.896139	
0.003437	0.299078	0.158142	7.294900	
0.000745	0.027823	0.635240	7.529633	
0.786004	0.000000	0.876032	4.931164	
0.214264	0.202885	0.661843	6.601906	
0.679698	0.878796	0.674422	4.836437	
0.784352	0.627974	0.224376	5.694313	
0.213382	0.226077	0.856038	5.483765	
0.263392	0.150939	0.176754	6.949303	
0.679469	0.028570	0.629108	6.832418	
0.000008	0.199872	0.609468	7.314670	
0.836498	0.902521	0.009312	4.701570	
0.134133	0.138346	0.000010	7.466629	
0.594627	0.902521	0.183628	5.794886	
0.255260	0.000000	0.177660	7.220477	
0.000960	0.643924	0.221195	7.200151	
0.784434	0.194274	0.876032	4.557263	
0.632816	0.207756	0.628121	6.801281	
0.001209	0.158009	0.295241	7.284898	
0.164795	0.262511	0.005240	7.253845	
0.000679	0.000020	0.124164	7.761364	
0.150673	0.799251	0.017542	6.135903	
0.000983	0.133350	0.000003	7.867339	
0.012404	0.234760	0.856797	5.870940	
0.170435	0.028570	0.935156	6.218560	
0.010229	0.611285	0.716940	6.659783	
0.797782	0.006173	0.008480	6.467155	
0.639519	0.729728	0.676564	5.739795	
0.641397	0.003288	0.201428	7.127449	
0.863725	0.861213	0.737598	3.422425	
0.000019	0.004299	0.285356	7.585981	
0.000002	0.002146	0.881732	6.327698	
0.275542	0.808004	0.626811	5.716078	
0.892364	0.029522	0.799939	4.752285	
0.341119	0.003199	0.714265	6.657481	
0.903281	0.020525	0.645850	5.838951	
0.784399	0.189982	0.000722	6.145849	
0.634092	0.001757	0.003748	7.553766	
0.229041	0.000780	0.000000	7.729927	
0.601772	0.000000	0.876032	6.062622	
0.151269	0.149564	0.151572	7.114113	
0.000034	0.893960	0.156911	6.045312	
0.021286	0.786726	0.867325	4.787789	
0.872809	0.799251	0.014579	4.740352	
0.272414	0.308974	0.285356	6.798305	
0.620234	0.186315	0.015316	7.257841	
0.010229	0.134376	0.156334	7.414978	
0.662085	0.795359	0.845473	4.156998	
0.134915	0.284495	0.021292	7.302778	
0.139165	0.134376	0.156334	7.250072	
0.001769	0.866417	0.000023	6.316466	
0.639500	0.654515	0.889524	5.286542	
0.255176	0.000000	0.000000	7.634755	
0.213382	0.003772	0.315401	7.226154	
0.168006	0.035171	0.675339	6.919534	
0.680702	0.013235	0.641585	6.736520	
0.000002	0.613564	0.746066	6.632043	
0.745694	0.728486	0.165217	5.358668	
0.021889	0.643924	0.221195	7.200122	
0.050865	0.013235	0.641585	7.432704	
0.640272	0.110513	0.003408	7.424343	
0.892364	0.029522	0.800946	4.747925	
0.168451	0.042619	0.934808	6.198517	
0.651015	0.616064	0.163265	6.911218	
0.012404	0.240731	0.855951	5.869183	
0.003989	0.262373	0.043229	7.525909	
0.000002	0.002145	0.881732	6.327700	
0.255260	0.733271	0.177660	6.140632	
0.784053	0.225952	0.657594	5.501638	
0.661115	0.878179	0.813093	4.086103	
0.158545	0.201708	0.782419	5.818672	
0.000035	0.305915	0.147690	7.331384	
0.022075	0.890693	0.874402	4.699260	
0.046343	0.291312	0.280616	7.121509	
0.041630	0.647676	0.000000	7.411584	
0.000410	0.158009	0.295241	7.312718	
0.903281	0.000431	0.639013	5.909569	
0.011271	0.637466	0.000000	7.527667	
0.001769	0.004659	0.000023	7.994935	
0.004161	0.016120	0.110700	7.775131	
