0.000000	0.000000	0.717599	6.959384	
0.662461	0.216915	0.214648	6.546707	
0.634454	0.663361	0.637667	6.449530	
0.202198	0.613535	0.000059	7.346161	
0.621521	0.862017	0.282391	5.540449	
0.002385	0.914488	0.835477	4.752778	
0.281114	0.164070	0.004868	7.253149	
0.730971	0.004036	0.738628	5.647415	
0.137967	0.000095	0.136168	7.463721	
0.000015	0.318031	0.155692	7.326755	
0.210177	0.000441	0.627098	7.201166	
0.876380	0.027908	0.793507	4.754357	
0.271149	0.624154	0.778623	5.742596	
0.613467	0.000000	0.018021	7.669480	
0.013197	0.001543	0.874638	6.308795	
0.893017	0.813263	0.016767	4.721217	
0.007252	0.316225	0.676455	6.887543	
0.279958	0.000184	0.000000	7.589774	
0.000019	0.000003	0.123936	7.789803	
0.789194	0.195316	0.000026	6.145142	
0.020350	0.786146	0.209759	6.111236	
0.019953	0.623909	0.209649	7.208704	
0.142995	0.137244	0.000037	7.449179	
0.643419	0.008927	0.891916	5.836042	
0.227620	0.229607	0.865667	5.470040	
0.585380	0.000000	0.651954	7.258831	
0.782645	0.000806	0.198828	6.133157	
0.724347	0.744486	0.003843	5.654913	
0.801470	0.812062	0.260686	4.399701	
0.726000	0.000777	0.000346	6.888092	
0.694627	0.644497	0.883679	4.947934	
0.000839	0.143575	0.626347	7.422658	
0.003463	0.000434	0.307986	7.714177	
0.808761	0.907817	0.023500	4.774930	
0.220506	0.888545	0.218448	5.516127	
0.186050	0.328453	0.172447	6.943442	
0.218565	0.641837	0.218422	6.684322	
0.000000	0.000000	0.000000	8.000111	
0.000018	0.123924	0.000000	7.762316	
0.125875	0.000001	0.000035	7.757505	
0.241976	0.633931	0.644131	6.628856	
0.650303	0.212517	0.002629	7.191897	
0.804764	0.002782	0.919926	4.866841	
0.650303	0.632558	0.002629	7.176944	
0.295084	0.194796	0.198649	6.829944	
0.007222	0.730509	0.731637	5.698962	
0.005987	0.799439	0.889435	4.779156	
0.872123	0.736691	0.860654	3.432849	
0.280532	0.000006	0.157169	7.272024	
0.000614	0.137969	0.139705	7.553860	
0.188753	0.785278	0.000909	6.167214	
0.616778	0.228686	0.764425	5.870226	
0.012837	0.907817	0.000054	6.385049	
0.629060	0.000538	0.179030	7.232142	
0.006938	0.629791	0.008590	7.572025	
0.785014	0.205312	0.622134	5.777862	
0.690669	0.000330	0.624307	6.774862	
0.000004	0.155232	0.313551	7.320271	
0.694543	0.884522	0.653793	4.885972	
0.866662	0.872118	0.710850	3.624310	
0.628199	0.228499	0.630356	6.757335	
0.655891	0.638111	0.324306	6.618338	
0.871003	0.223090	0.217220	5.487340	
0.191532	0.000013	0.786122	6.128582	
0.893227	0.001724	0.000033	6.350514	
0.817415	0.254222	0.785195	4.456939	
0.156287	0.000483	0.296578	7.290567	
0.631876	0.873792	0.018731	5.866614	
0.000004	0.198763	0.769067	6.211047	
0.757911	0.865544	0.884763	3.308969	
0.219955	0.224969	0.648584	6.632786	
0.316053	0.704464	0.009311	6.674787	
0.789304	0.617356	0.251552	5.737353	
0.930269	0.694796	0.674266	4.903858	
0.155934	0.152055	0.150427	7.087446	
0.274707	0.760912	0.606418	5.950164	
0.248893	0.822621	0.803020	4.381213	
0.171449	0.178381	0.322387	6.946426	
0.000839	0.000503	0.617515	7.762717	
0.000266	0.270644	0.000000	7.578540	
0.000004	0.718698	0.319514	6.583288	
0.000279	0.720830	0.000334	6.955616	
0.162064	0.279740	0.000473	7.276089	
0.004951	0.799439	0.020670	6.412003	
0.019953	0.642516	0.209649	7.077390	
0.009512	0.000073	0.000035	7.996846	
0.218565	0.888545	0.218422	5.517774	
0.726000	0.904416	0.631879	4.847446	
0.000242	0.316225	0.676455	6.964410	
0.628564	0.009447	0.179030	7.226579	
0.000266	0.264674	0.000000	7.575597	
0.724347	0.744486	0.003843	5.654913	
0.801470	0.812470	0.260686	4.398708	
0.662461	0.217168	0.212447	6.548429	
0.183556	0.637768	0.646700	6.676768	
0.150269	0.003383	0.122873	7.524238	
0.233907	0.172275	0.000238	7.233913	
0.873828	0.001214	0.000738	6.313404	
0.726000	0.000777	0.000706	6.887718	
0.349893	0.059720	0.763269	6.247294	
0.691968	0.644497	0.883679	4.964558	
0.001487	0.127163	0.651954	7.191288	
0.801470	0.240803	0.256041	5.582099	
0.648154	0.638111	0.004416	7.017142	
0.013078	0.836726	0.796857	4.781966	
0.809319	0.907817	0.798125	3.313314	
0.181350	0.897682	0.836155	4.615626	
0.012863	0.001543	0.874638	6.309561	
0.212293	0.000441	0.627098	7.196863	
0.174368	0.793017	0.005885	6.170641	
0.013078	0.836726	0.886516	4.649665	
0.809319	0.907817	0.032727	4.759239	
0.295998	0.059720	0.155193	7.201391	
0.174554	0.283293	0.198727	6.877234	
0.796901	0.730509	0.731637	4.159518	
0.228222	0.172275	0.857944	5.544523	
0.000311	0.310358	0.259005	7.197127	
0.893017	0.773038	0.016767	4.908652	
0.172377	0.171047	0.322387	6.961893	
0.293092	0.167605	0.197869	6.877425	
0.000004	0.206818	0.769129	6.199452	
0.000839	0.000503	0.624307	7.721381	
0.128146	0.000324	0.000035	7.751822	
0.144239	0.137244	0.000037	7.446016	
0.208419	0.662841	0.203661	6.725147	
0.006971	0.761869	0.197135	6.249157	
0.019953	0.868066	0.005888	6.334692	
0.630640	0.234155	0.790421	5.645813	
0.000311	0.000933	0.259005	7.572924	
0.000000	0.000000	0.079517	7.874029	
0.174829	0.253234	0.000250	7.278522	
0.804701	0.854531	0.895373	3.181267	
0.729684	0.001823	0.738628	5.701904	
0.862282	0.801590	0.846562	3.054788	
0.799601	0.119265	0.866410	4.524284	
0.635097	0.223548	0.012908	7.138595	
0.215700	0.613535	0.000059	7.275932	
0.717459	0.000484	0.627098	6.553711	
0.789304	0.619154	0.250301	5.710940	
0.000650	0.140842	0.139705	7.447165	
0.800216	0.042613	0.883354	4.710592	
0.312886	0.704464	0.009311	6.700069	
0.634454	0.663361	0.642904	6.414038	
0.215438	0.662715	0.716838	5.910431	
0.654394	0.173989	0.635309	6.624035	
0.621614	0.830002	0.179030	5.620331	
0.003043	0.690216	0.619652	6.801923	
0.274707	0.760912	0.606418	5.950164	
0.162863	0.000000	0.291838	7.271482	
0.019953	0.634938	0.002314	7.563698	
0.799601	0.008425	0.260686	6.007503	
0.809319	0.244971	0.047433	5.908410	
0.000176	0.761014	0.716632	5.638865	
0.764958	0.240803	0.632586	5.766279	
0.171449	0.195125	0.736849	6.258482	
0.000266	0.123924	0.000000	7.762053	
0.012806	0.028906	0.648769	7.410789	
0.270852	0.004417	0.047435	7.509372	
0.628719	0.009767	0.019407	7.558396	
0.002831	0.153377	0.313551	7.320997	
0.156757	0.180211	0.197135	6.943701	
0.930269	0.694796	0.654399	5.047518	
0.290646	0.249029	0.047435	7.106914	
0.789222	0.623026	0.251552	5.688456	
0.726000	0.000777	0.050323	6.815087	
0.212293	0.000441	0.627098	7.196863	
0.630640	0.234155	0.028058	7.125301	
0.867413	0.000000	0.717599	5.473443	
0.621521	0.862017	0.179030	5.591255	
0.215630	0.678369	0.716838	5.795246	
0.231036	0.137958	0.139705	7.235770	
0.634788	0.228350	0.685107	6.398489	
0.279158	0.799439	0.016461	6.114876	
0.724347	0.229583	0.004875	6.476700	
0.016054	0.799439	0.857307	4.730711	
0.128989	0.010364	0.026141	7.706986	
0.172810	0.027871	0.291838	7.216663	
0.621721	0.871181	0.718195	5.012189	
0.630532	0.867856	0.019249	5.872333	
0.189852	0.027908	0.196454	7.204814	
0.641755	0.009308	0.098121	7.435855	
0.875244	0.023313	0.018021	6.276004	
0.018805	0.731724	0.717597	5.779544	
0.029108	0.004599	0.648769	7.504033	
0.796819	0.800810	0.731637	3.737057	
0.011128	0.778918	0.000035	6.538529	
0.000950	0.180211	0.197135	7.340891	
0.158039	0.218059	0.018107	7.321449	
0.895046	0.782947	0.000262	4.884570	
0.000000	0.022020	0.017414	7.962556	
0.241898	0.279456	0.196158	6.778608	
0.240163	0.659829	0.020926	6.934253	
0.208419	0.644992	0.203661	6.865955	
0.862282	0.801590	0.808783	3.145371	
0.291199	0.081564	0.080227	7.395338	
0.881594	0.027908	0.884152	4.632839	
0.017140	0.000184	0.854654	6.311387	
0.028069	0.873792	0.080227	6.187079	
0.810221	0.907817	0.032727	4.755834	
0.006584	0.663361	0.642265	6.856071	
