0.492465	0.208934	0.624808	23.845595	
0.933972	0.515931	0.288494	23.383177	
0.734451	0.914092	0.807265	20.556655	
0.365989	0.291083	0.090072	26.991596	
0.696367	0.726646	0.350030	22.070585	
0.144709	0.738702	0.116676	21.449169	
0.644719	0.223021	0.695924	25.734686	
0.323065	0.112741	0.409374	20.200631	
0.702852	0.035156	0.474034	25.840582	
0.681287	0.300308	0.825683	19.934444	
0.314997	0.033443	0.595825	22.493610	
0.013621	0.618540	0.022539	25.325928	
0.735327	0.662811	0.270447	20.742459	
0.941641	0.735783	0.063972	25.841878	
0.423991	0.591440	0.368270	22.679396	
0.543045	0.368281	0.881831	23.177589	
0.133279	0.539626	0.479504	24.735029	
0.875510	0.642994	0.898647	21.428866	
0.668771	0.152448	0.527636	25.123341	
0.234582	0.907403	0.611294	23.486506	
0.720493	0.111694	0.530891	26.125224	
0.373249	0.430640	0.865379	24.361053	
0.642226	0.855064	0.529661	23.204387	
0.309915	0.146514	0.962022	21.786470	
0.397686	0.136043	0.761098	24.005109	
0.423078	0.998524	0.662552	25.032466	
0.400042	0.350186	0.408860	24.680733	
0.092863	0.303219	0.491856	24.142668	
0.142817	0.666342	0.047348	23.626842	
0.468709	0.964568	0.453176	22.859613	
0.956006	0.194557	0.160920	20.085699	
0.259339	0.265071	0.093237	29.489258	
0.596353	0.006661	0.150931	28.126481	
0.235870	0.444829	0.596179	23.009998	
0.649225	0.686429	0.235359	26.436706	
0.093965	0.472912	0.676217	24.743601	
0.164162	0.866427	0.431801	24.586191	
0.889851	0.454703	0.527314	24.800656	
0.261705	0.308777	0.610934	25.610592	
0.939024	0.529787	0.552058	19.410426	
0.394389	0.536090	0.180503	25.898746	
0.555617	0.790339	0.293854	23.897978	
0.908602	0.883634	0.554600	24.175939	
0.314727	0.452019	0.295520	26.971784	
0.889765	0.038434	0.892125	22.097928	
0.499810	0.293620	0.392709	27.750211	
0.436835	0.048367	0.218899	25.302210	
0.951616	0.696198	0.001795	24.560226	
0.211814	0.827246	0.140044	23.417458	
0.572694	0.737004	0.876468	24.868240	
0.988559	0.516658	0.644681	29.094446	
0.541738	0.487443	0.065634	27.659899	
0.094650	0.499111	0.809741	25.079139	
0.566279	0.018983	0.100147	30.283889	
0.918264	0.986199	0.813561	24.714648	
0.403168	0.372082	0.234965	21.504255	
0.998577	0.433502	0.095882	23.045296	
0.168239	0.560285	0.126568	28.293306	
0.456941	0.210149	0.102913	23.707597	
0.839497	0.960912	0.076014	23.563706	
0.269875	0.106777	0.337563	24.557774	
0.692055	0.483578	0.690436	25.275747	
0.486721	0.261301	0.140946	23.761107	
0.296228	0.791259	0.928989	26.535622	
0.541213	0.642244	0.505838	23.854971	
0.311317	0.496221	0.422920	26.180434	
0.470270	0.430965	0.974163	27.038896	
0.167857	0.939356	0.784005	23.071499	
0.868104	0.306441	0.920532	23.417094	
0.068130	0.593558	0.537082	23.677540	
0.402058	0.989713	0.923407	22.180411	
0.049278	0.499579	0.784909	22.357131	
0.829995	0.271665	0.960213	25.613394	
0.440785	0.548012	0.061874	22.849145	
0.102497	0.229925	0.736085	19.197056	
0.567518	0.112317	0.142634	27.367473	
0.933376	0.982904	0.927869	23.205390	
0.635955	0.377587	0.601554	23.598369	
0.521321	0.548871	0.633888	24.800201	
0.988276	0.917029	0.558915	19.134906	
0.673170	0.045540	0.597006	24.163029	
0.930563	0.635736	0.166499	20.176223	
0.095991	0.110785	0.080213	25.274167	
0.397109	0.136160	0.789517	25.617329	
0.546238	0.011052	0.706188	25.022379	
0.617212	0.200847	0.911041	23.778126	
0.314662	0.880286	0.884223	23.213130	
0.043228	0.055081	0.006808	24.733252	
0.230707	0.433746	0.357242	25.499114	
0.435264	0.601467	0.329641	27.690484	
0.123675	0.857360	0.790916	21.174020	
0.094192	0.078614	0.403865	31.239326	
0.149499	0.575083	0.815705	22.791599	
0.749985	0.738714	0.795521	25.604939	
0.965772	0.055682	0.296252	23.763533	
0.174266	0.913967	0.179351	21.307842	
0.689073	0.607961	0.942534	19.129652	
0.426934	0.811223	0.232175	23.021830	
0.732183	0.490343	0.646797	27.459152	
0.578255	0.708596	0.593063	24.019424	
0.735479	0.526069	0.714964	22.853682	
0.588934	0.642561	0.010527	24.607504	
0.932098	0.027945	0.725924	23.962931	
0.167207	0.095915	0.860964	22.041097	
0.733802	0.753961	0.501935	25.558500	
0.881453	0.029529	0.008619	26.254829	
0.504175	0.121057	0.324943	24.986775	
0.869665	0.670511	0.340509	27.516281	
0.426253	0.191165	0.237051	25.685303	
0.029046	0.399142	0.801084	25.721079	
0.325214	0.155414	0.455329	23.915616	
0.452760	0.754167	0.999383	22.488068	
0.040174	0.040711	0.271738	20.009713	
0.136756	0.698548	0.887927	26.354481	
0.392381	0.483024	0.999974	22.168872	
0.521859	0.117824	0.291652	26.391778	
0.024922	0.514682	0.938359	23.384675	
0.068099	0.543704	0.865513	18.909421	
0.618848	0.225020	0.495756	25.981191	
0.675801	0.409447	0.709616	25.472557	
0.746233	0.983772	0.350935	22.769815	
0.205923	0.033559	0.684518	24.171586	
0.919205	0.976320	0.143611	26.394658	
0.094649	0.731961	0.917262	26.261215	
0.519974	0.355410	0.212938	25.491856	
0.437808	0.349466	0.414001	26.133217	
0.852093	0.035622	0.200169	26.645563	
0.029336	0.941806	0.979456	21.999402	
0.284650	0.857067	0.111944	23.831761	
0.653256	0.595726	0.727607	24.418481	
0.345161	0.424186	0.036133	20.579681	
0.694012	0.394990	0.011025	25.408921	
0.720383	0.564102	0.448108	25.068393	
0.480489	0.168225	0.813187	22.445823	
0.431927	0.200135	0.581968	24.108846	
0.450105	0.564145	0.886104	25.542966	
0.924298	0.857848	0.822398	21.154125	
0.340406	0.989378	0.064421	26.236803	
0.011637	0.435681	0.403210	26.684636	
0.450511	0.467823	0.528492	21.012029	
0.638136	0.535130	0.117307	27.551116	
0.186766	0.131948	0.231575	20.633002	
0.059310	0.013075	0.813521	22.040486	
0.037141	0.248631	0.784643	26.568111	
0.067686	0.229816	0.464276	26.611719	
0.566388	0.231843	0.941030	22.435768	
0.293081	0.514784	0.706654	24.396595	
0.767157	0.071398	0.227564	26.521935	
0.096901	0.946285	0.472124	24.563711	
0.284871	0.907928	0.089428	23.417036	
0.007717	0.056285	0.918835	23.483789	
0.200925	0.947317	0.803241	24.425378	
0.748889	0.036242	0.936165	22.191089	
0.444455	0.573863	0.808051	21.000835	
0.983779	0.983466	0.040159	20.182003	
0.676682	0.312845	0.913631	22.682772	
0.429951	0.965916	0.772180	24.145592	
0.667689	0.617111	0.236223	26.565838	
0.756446	0.383057	0.028055	26.390079	
0.217718	0.405913	0.605788	25.046460	
0.326208	0.289689	0.990218	22.802148	
0.531763	0.692131	0.140214	26.354993	
0.069362	0.766832	0.040110	25.338169	
0.316076	0.740320	0.442984	27.395925	
0.666504	0.627394	0.563894	26.409943	
0.063704	0.856671	0.703583	21.427347	
0.311789	0.897193	0.637640	21.140108	
0.796961	0.777016	0.179361	22.988858	
0.657503	0.445979	0.605803	27.164984	
0.806243	0.479983	0.726223	23.583402	
0.913759	0.891302	0.426753	23.341441	
0.979458	0.242394	0.856036	23.625333	
0.752866	0.789002	0.134674	19.236484	
0.477311	0.493024	0.889245	20.242661	
0.777431	0.079833	0.499880	29.418730	
0.758934	0.518316	0.974542	21.194335	
0.165297	0.489970	0.503482	25.534998	
0.734097	0.389615	0.844493	22.020078	
0.690708	0.379453	0.844705	20.790223	
0.264350	0.246919	0.596072	23.166825	
0.238007	0.688463	0.879811	25.086950	
0.849947	0.334475	0.320191	24.425208	
0.588719	0.910075	0.891779	21.529312	
0.343758	0.630422	0.518312	22.738579	
0.564661	0.226727	0.769979	25.405095	
0.934360	0.467291	0.219286	17.475168	
0.166979	0.824735	0.278457	25.043298	
0.345324	0.735334	0.247722	20.767229	
0.915269	0.152016	0.693179	25.095976	
0.998940	0.860198	0.457560	19.105207	
0.701532	0.116108	0.248455	24.764052	
0.536702	0.304246	0.748750	26.161095	
0.588882	0.466102	0.207287	26.020301	
0.172349	0.457034	0.174027	25.063478	
0.642739	0.130530	0.429224	22.238028	
0.398217	0.411271	0.654497	24.798859	
0.840716	0.397459	0.332770	24.282290	
0.259844	0.340386	0.047178	23.979195	
0.871613	0.595181	0.559063	23.662929	
0.320272	0.468141	0.818688	23.935104	
