0.000039	0.191907	0.783915	6.138804	
0.275709	0.000002	0.168751	7.246189	
0.780023	0.000044	0.196991	6.151459	
0.000005	0.124113	0.000040	7.761907	
0.338435	0.003780	0.723092	6.631270	
0.006255	0.705423	0.591716	6.828847	
0.008719	0.192809	0.629869	7.195217	
0.627429	0.199912	0.000172	7.231286	
0.159237	0.149321	0.151699	7.083594	
0.870259	0.869242	0.738749	3.427194	
0.000132	0.724526	0.000001	6.902904	
0.174146	0.303456	0.196325	6.880375	
0.892654	0.021208	0.005498	6.327038	
0.723611	0.000744	0.002262	6.905562	
0.326301	0.083275	0.874022	5.826769	
0.222787	0.865914	0.215413	5.490788	
0.852797	0.664326	0.697999	4.760205	
0.000088	0.136430	0.136995	7.464455	
0.638276	0.139835	0.612635	6.947902	
0.139124	0.664810	0.000001	7.073606	
0.174146	0.303456	0.002831	7.261688	
0.220248	0.209171	0.872770	5.499752	
0.643161	0.894396	0.694775	4.990177	
0.641503	0.902152	0.000013	5.898501	
0.000056	0.153512	0.293640	7.293451	
0.239458	0.808532	0.622177	5.913937	
0.000017	0.777701	0.197611	6.162475	
0.720065	0.000744	0.759126	5.595610	
0.859409	0.729168	0.892647	3.524364	
0.124794	0.000000	0.000000	7.760968	
0.026749	0.797933	0.898854	4.786659	
0.631715	0.266429	0.805425	5.567247	
0.264672	0.599121	0.789942	5.869411	
0.209360	0.215312	0.661918	6.557842	
0.609818	0.000000	0.197007	7.315775	
0.821148	0.787034	0.286888	4.455353	
0.000004	0.000251	0.128623	7.751187	
0.759169	0.869570	0.050415	4.898407	
0.782836	0.186601	0.000010	6.152486	
0.000007	0.612617	0.884368	6.018132	
0.629485	0.620672	0.220855	6.813663	
0.000057	0.731895	0.740170	5.635672	
0.004501	0.909152	0.000123	6.400778	
0.173624	0.616836	0.659853	6.789714	
0.277583	0.001189	0.000172	7.583804	
0.678979	0.694315	0.902850	4.751476	
0.007905	0.302931	0.293640	7.202238	
0.266052	0.799503	0.807884	4.426199	
0.000000	0.253902	0.000000	7.573531	
0.000000	0.000000	0.000000	8.000259	
0.016057	0.014976	0.884368	6.296440	
0.224864	0.659453	0.218982	6.557163	
0.666127	0.000538	0.600712	7.087356	
0.000001	0.330342	0.160153	7.398055	
0.304331	0.163153	0.000002	7.300978	
0.598241	0.000000	0.001173	7.762657	
0.629485	0.727910	0.217415	6.051629	
0.876043	0.219408	0.213868	5.499217	
0.743500	0.733665	0.005457	5.591657	
0.798198	0.014496	0.891100	4.782626	
0.856110	0.619707	0.117185	5.819008	
0.293073	0.182337	0.174847	6.886985	
0.189462	0.000006	0.785164	6.135930	
0.195667	0.779102	0.001289	6.157420	
0.629485	0.646849	0.650980	6.505552	
0.004501	0.899243	0.801384	4.799719	
0.194626	0.182749	0.296982	6.858883	
0.000809	0.636951	0.000000	7.538651	
0.654659	0.224363	0.221998	6.591946	
0.000016	0.616216	0.193086	7.286000	
0.139124	0.137547	0.000058	7.456682	
0.000016	0.000000	0.287857	7.650146	
0.924504	0.000048	0.801164	4.912938	
0.803333	0.258276	0.826241	4.349435	
0.000336	0.000318	0.728091	6.923550	
0.008037	0.606927	0.721874	6.815496	
0.223823	0.000020	0.622695	7.221249	
0.139703	0.000000	0.138064	7.454995	
0.000004	0.000001	0.633328	7.604226	
0.705197	0.593088	0.001732	6.916345	
0.743883	0.869570	0.891108	3.419535	
0.565172	0.724824	0.000049	6.796385	
0.164629	0.000000	0.303082	7.383897	
0.886395	0.803725	0.003482	4.759405	
0.000187	0.910332	0.015814	6.394050	
0.599526	0.665760	0.756294	5.790834	
0.599526	0.000000	0.001203	7.756139	
0.130370	0.000000	0.650210	7.304600	
0.608367	0.724824	0.000049	6.611936	
0.000004	0.000006	0.270155	7.580462	
0.209072	0.006308	0.785164	6.101259	
0.008922	0.002012	0.128623	7.739684	
0.872301	0.792495	0.023468	4.758207	
0.009704	0.153512	0.293640	7.282964	
0.207794	0.217902	0.664417	6.538952	
0.239458	0.805683	0.622695	5.661422	
0.892654	0.021208	0.004246	6.328407	
0.004425	0.608653	0.721874	6.679011	
0.299067	0.160204	0.003698	7.287750	
0.666127	0.000000	0.600712	7.088713	
0.649304	0.865914	0.226771	5.349785	
0.044072	0.252759	0.660904	6.888637	
0.782836	0.184676	0.000010	6.155679	
0.765297	0.676267	0.195024	5.597753	
0.249869	0.000196	0.168751	7.237299	
0.174146	0.290400	0.002831	7.393451	
0.000849	0.636951	0.000000	7.538582	
0.643161	0.894396	0.693363	5.000920	
0.701100	0.593088	0.001732	6.945095	
0.224864	0.659453	0.217947	6.558143	
0.000004	0.320488	0.287844	7.314659	
0.626945	0.028498	0.887776	5.910353	
0.859409	0.726637	0.892588	3.542696	
0.809670	0.833565	0.000331	4.737435	
0.000016	0.810075	0.199349	6.010228	
0.631715	0.266429	0.806746	5.561243	
0.780023	0.000044	0.195024	6.173744	
0.158111	0.196428	0.294589	6.908268	
0.715448	0.722749	0.766907	4.561358	
0.000002	0.330342	0.160153	7.368513	
0.924504	0.000048	0.801154	4.913033	
0.014101	0.000000	0.003172	7.981060	
0.766404	0.869570	0.801699	3.359256	
0.189462	0.678753	0.017957	6.925866	
0.174146	0.303456	0.200679	6.878249	
0.599526	0.000344	0.756294	6.451277	
0.136396	0.137547	0.001670	7.461364	
0.293073	0.180756	0.170059	6.898785	
0.274289	0.000004	0.002683	7.578977	
0.883512	0.243316	0.735532	4.816900	
0.000015	0.000001	0.633328	7.603677	
0.025212	0.805276	0.826593	4.735884	
0.000492	0.194582	0.783915	6.134165	
0.174584	0.301532	0.801039	5.755828	
0.629036	0.900033	0.075292	5.837337	
0.666127	0.000803	0.000615	7.371434	
0.004935	0.736777	0.741661	5.621954	
0.159237	0.149321	0.146492	7.096058	
0.706921	0.189519	0.288055	6.440091	
0.219697	0.858632	0.219316	5.482952	
0.609818	0.000000	0.195041	7.338384	
0.011510	0.253902	0.000000	7.560834	
0.000336	0.000541	0.728091	6.874028	
0.223951	0.608653	0.793311	5.837318	
0.031536	0.184676	0.000049	7.593618	
0.870259	0.863312	0.739091	3.416589	
0.008960	0.864638	0.811804	4.696108	
0.816875	0.787034	0.286888	4.468313	
0.136396	0.003567	0.001248	7.727969	
0.143186	0.104524	0.282407	7.128107	
0.000088	0.136430	0.215429	7.329866	
0.713378	0.000250	0.757270	5.654932	
0.199389	0.738899	0.020632	6.382903	
0.000007	0.701344	0.616427	6.738438	
0.006615	0.659453	0.218982	6.998527	
0.034707	0.750012	0.019737	6.651522	
0.642575	0.139835	0.612635	6.915023	
0.266052	0.799503	0.801918	4.449901	
0.859409	0.696888	0.029433	5.378085	
0.864578	0.219408	0.221012	5.482535	
0.139706	0.000000	0.138064	7.454517	
0.852797	0.670263	0.697999	4.716941	
0.791115	0.083275	0.890839	4.683950	
0.627429	0.183976	0.000172	7.237095	
0.000007	0.014976	0.884368	6.314881	
0.672331	0.857264	0.226771	5.196859	
0.629036	0.234258	0.806746	5.578839	
0.929790	0.000001	0.801154	4.954896	
0.000000	0.263606	0.773470	6.469956	
0.606319	0.724824	0.000049	6.629963	
0.027115	0.864638	0.811804	4.673188	
0.160441	0.879156	0.847886	4.316605	
0.664887	0.857264	0.806951	4.084635	
0.629485	0.646849	0.647571	6.555934	
0.004935	0.732223	0.740170	5.628088	
0.034707	0.000000	0.003172	7.951171	
0.627429	0.210470	0.047166	7.133331	
0.008719	0.177051	0.629869	7.222081	
0.008037	0.606927	0.721874	6.815496	
0.223951	0.608062	0.793311	5.851490	
0.189462	0.748243	0.018471	6.412770	
0.168484	0.182412	0.213868	6.893663	
0.713378	0.006294	0.755604	5.659334	
0.798262	0.083862	0.896815	4.667183	
0.883512	0.241484	0.735532	4.856689	
0.299067	0.163503	0.000002	7.283611	
0.892654	0.000928	0.004983	6.351992	
0.186073	0.161720	0.004967	7.310135	
0.004123	0.194697	0.170059	7.314472	
0.131352	0.025426	0.206214	7.421863	
0.743883	0.863640	0.891450	3.417182	
0.000088	0.876156	0.213982	5.916799	
0.000849	0.636951	0.046745	7.535412	
0.168484	0.181275	0.770136	5.898871	
0.275709	0.000002	0.168751	7.246189	
0.140562	0.000006	0.001945	7.746295	
0.666127	0.634195	0.000615	7.108448	
0.293073	0.017223	0.782068	6.185883	
0.626945	0.025659	0.292171	7.213540	
0.002750	0.006477	0.266305	7.624501	
