0.000255	0.629458	0.181509	7.226212	
0.135957	0.136823	0.000065	7.465887	
0.188726	0.312365	0.181541	6.898422	
0.149814	0.149316	0.151671	7.104418	
0.797710	0.002972	0.186355	6.125347	
0.291262	0.000830	0.000003	7.695485	
0.000000	0.000000	0.000000	8.000356	
0.636828	0.064158	0.909208	5.910870	
0.737912	0.000180	0.734603	5.630826	
0.671848	0.883939	0.680023	4.861043	
0.000003	0.480538	0.878757	6.316527	
0.001037	0.701998	0.570376	6.983877	
0.199710	0.588463	0.827920	5.765616	
0.002153	0.579526	0.000011	7.873928	
0.642525	0.655207	0.638905	6.445454	
0.135957	0.310622	0.008313	7.357434	
0.880649	0.738953	0.857366	3.428288	
0.000001	0.000000	0.124466	7.762249	
0.000564	0.780192	0.192523	6.155734	
0.000287	0.195818	0.782796	6.138897	
0.136060	0.000115	0.135317	7.469524	
0.000025	0.573385	0.686786	7.095666	
0.205959	0.777259	0.000076	6.153696	
0.013275	0.020827	0.873394	6.275158	
0.281515	0.859962	0.776228	4.455348	
0.618927	0.000014	0.182128	7.430667	
0.714807	0.613912	0.006003	6.913391	
0.019329	0.003701	0.631957	7.546272	
0.730171	0.005299	0.000799	6.852851	
0.229353	0.244809	0.872300	5.471765	
0.605388	0.216916	0.765350	5.939916	
0.581695	0.000000	0.702795	6.902148	
0.000056	0.000654	0.254592	7.573083	
0.124685	0.000146	0.000005	7.760394	
0.769116	0.226756	0.634885	5.734244	
0.221863	0.668756	0.208660	6.516128	
0.000008	0.194644	0.630140	7.445035	
0.540110	0.702851	0.000000	7.251457	
0.627190	0.194755	0.006550	7.213028	
0.801204	0.020827	0.876723	4.728323	
0.335706	0.168742	0.000000	7.345618	
0.199119	0.642081	0.028531	7.165266	
0.002283	0.893664	0.805423	4.777223	
0.219629	0.213321	0.657271	6.582354	
0.815912	0.261939	0.794907	4.416056	
0.262423	0.634551	0.625485	6.742084	
0.598131	0.654434	0.187591	6.820224	
0.000066	0.741932	0.729368	5.639335	
0.627190	0.195710	0.634681	6.774165	
0.742432	0.734532	0.000062	5.599735	
0.123792	0.000002	0.348212	7.465356	
0.800565	0.199323	0.000003	6.143456	
0.876943	0.806224	0.018188	4.712761	
0.779222	0.632544	0.237728	5.684255	
0.000000	0.126387	0.000024	7.781411	
0.596835	0.843391	0.220303	5.714662	
0.859295	0.861215	0.719018	3.554848	
0.739205	0.862434	0.873792	3.416591	
0.012049	0.814829	0.875793	4.694463	
0.182561	0.008522	0.610293	7.327855	
0.791220	0.897690	0.041266	4.788121	
0.862366	0.223130	0.220224	5.479214	
0.876943	0.022404	0.018188	6.274033	
0.717849	0.000439	0.354843	6.698529	
0.241674	0.808725	0.607316	5.783814	
0.307754	0.182058	0.186355	6.887565	
0.000073	0.256486	0.000027	7.575490	
0.198984	0.000063	0.776780	6.165629	
0.011348	0.325252	0.174356	7.290482	
0.664926	0.224301	0.212735	6.524232	
0.000018	0.136765	0.137715	7.461912	
0.813172	0.808860	0.270521	4.371482	
0.666112	0.677564	0.891614	4.940488	
0.222671	0.857725	0.213036	5.486530	
0.307754	0.000320	0.164531	7.356888	
0.009471	0.196956	0.259733	7.194040	
0.584275	0.000000	0.000000	7.827231	
0.909184	0.020437	0.806896	4.792814	
0.000003	0.000000	0.722938	6.912017	
0.000357	0.724951	0.000156	6.896874	
0.005158	0.897690	0.018929	6.342432	
0.886980	0.686063	0.659958	4.911455	
0.198683	0.000063	0.776795	6.166308	
0.796280	0.000413	0.192102	6.076658	
0.034422	0.000412	0.257348	7.528258	
0.182561	0.008522	0.626629	7.234808	
0.245679	0.808725	0.609354	5.682760	
0.165452	0.309049	0.061757	7.332942	
0.722938	0.226756	0.652452	5.929371	
0.939931	0.724951	0.792721	4.117983	
0.005851	0.172138	0.735820	6.477290	
0.625999	0.654434	0.190988	6.653590	
0.000307	0.039507	0.184062	7.602027	
0.000025	0.573385	0.732500	6.710422	
0.581695	0.000000	0.013234	7.824118	
0.202050	0.634551	0.625485	6.773978	
0.793977	0.020827	0.872040	4.754780	
0.229353	0.254803	0.872372	5.470340	
0.819725	0.000000	0.002519	6.704749	
0.307754	0.169427	0.186355	6.911163	
0.266836	0.000830	0.000063	7.696625	
0.723876	0.602635	0.136322	6.487361	
0.740803	0.862147	0.873370	3.405069	
0.019231	0.738549	0.182039	6.413954	
0.740803	0.898796	0.728988	4.018243	
0.886980	0.686063	0.884741	3.980881	
0.604043	0.700658	0.000000	7.038470	
0.149814	0.171983	0.143467	7.084421	
0.217811	0.010291	0.255808	7.151548	
0.656915	0.807984	0.219867	5.696291	
0.871676	0.857725	0.014100	4.715836	
0.000000	0.201047	0.000023	7.610355	
0.000073	0.253787	0.000027	7.606221	
0.000398	0.898353	0.034275	6.321494	
0.006703	0.000864	0.873370	6.307068	
0.584275	0.201314	0.000000	7.453608	
0.000008	0.194644	0.631283	7.374868	
0.000268	0.701998	0.593827	6.901957	
0.828059	0.003833	0.630221	5.924859	
0.637853	0.055394	0.878556	5.772826	
0.006896	0.036094	0.002101	7.942766	
0.649243	0.012857	0.681049	6.694948	
0.627190	0.195858	0.646032	6.696896	
0.019231	0.325735	0.181504	7.267381	
0.788413	0.191886	0.000064	6.173020	
0.791220	0.897690	0.025256	4.878938	
0.909184	0.011306	0.806896	4.804484	
0.649243	0.574557	0.686786	6.505573	
0.205959	0.776476	0.000701	6.157382	
0.000182	0.240343	0.242274	7.187212	
0.788818	0.201445	0.728405	4.970339	
0.723876	0.000113	0.192546	6.956281	
0.666112	0.831465	0.909208	4.091880	
0.000000	0.580871	0.000025	7.874063	
0.742090	0.655140	0.004932	6.185476	
0.001413	0.893664	0.805423	4.793462	
0.019329	0.003701	0.635775	7.521899	
0.203723	0.687285	0.897116	5.377297	
0.124685	0.000003	0.000030	7.772475	
0.188726	0.315382	0.135627	7.027024	
0.662317	0.224301	0.212735	6.543137	
0.135957	0.136823	0.010529	7.457630	
0.288585	0.869540	0.883035	4.238638	
0.923333	0.828070	0.764950	3.502362	
0.307754	0.000320	0.178424	7.275522	
0.807890	0.253990	0.186355	5.611704	
0.214795	0.687948	0.041968	6.796440	
0.622448	0.220263	0.765441	5.839565	
0.691970	0.000063	0.604337	6.875855	
0.011793	0.814829	0.875793	4.697418	
0.813172	0.802958	0.270521	4.405408	
0.214458	0.857725	0.213036	5.493950	
0.139856	0.011398	0.182242	7.350442	
0.022024	0.000180	0.734603	6.801277	
0.777060	0.632544	0.191226	5.746799	
0.219629	0.213321	0.665080	6.526543	
0.090975	0.698895	0.011646	6.920064	
0.867209	0.007562	0.000000	6.310707	
0.002067	0.149316	0.145865	7.423952	
0.214827	0.722872	0.136345	6.640334	
0.231358	0.218478	0.000163	7.167573	
0.000357	0.677102	0.876330	5.679398	
0.000001	0.575030	0.183381	7.498194	
0.634295	0.763575	0.670924	5.525741	
0.045158	0.701541	0.773081	5.583801	
0.739727	0.836361	0.868349	3.579504	
0.722938	0.226756	0.014314	6.522274	
0.656008	0.208853	0.001799	7.008743	
0.022024	0.018199	0.649064	7.413190	
0.025412	0.000412	0.856500	6.275782	
0.000018	0.000751	0.180457	7.640325	
0.006675	0.017328	0.638691	7.546140	
0.291262	0.000830	0.004671	7.594974	
0.624513	0.002615	0.654912	7.032548	
0.777640	0.000413	0.192102	6.170873	
0.021617	0.018580	0.000011	7.984782	
0.626011	0.654434	0.190988	6.653492	
0.214827	0.689176	0.011646	7.143309	
0.000593	0.786034	0.011973	6.525289	
0.923333	0.848517	0.764950	3.402041	
0.011793	0.217819	0.872265	5.892479	
0.202050	0.639943	0.625485	6.738576	
0.666112	0.830078	0.908994	4.094183	
0.208392	0.003438	0.191226	7.371376	
0.260188	0.878133	0.733652	4.733009	
0.174873	0.309049	0.061757	7.311334	
0.797710	0.255175	0.186355	5.654010	
0.120143	0.000867	0.874880	6.087034	
0.019329	0.172133	0.635775	7.181681	
0.218042	0.776476	0.000701	6.144446	
0.777060	0.635799	0.191226	5.729236	
0.664926	0.203778	0.234250	6.714794	
0.009346	0.868227	0.018929	6.298044	
0.722846	0.587891	0.136063	6.497404	
0.000007	0.312296	0.181509	7.325925	
0.165452	0.135250	0.063978	7.492165	
0.019231	0.810733	0.286719	5.966099	
0.751693	0.862434	0.274635	4.597010	
0.245679	0.690306	0.609354	6.441712	
0.202990	0.000063	0.642409	7.179097	
