0.003735	29.788825	8.512232	0.000002	
59.731819	0.000009	0.000005	0.000003	
0.000029	2.938940	26.551044	0.000777	
17.013342	2.477282	1.676376	0.000448	
0.000000	0.000000	0.000000	41.319508	
0.000099	56.993584	0.000006	0.000000	
2.172230	0.316294	23.098263	0.000602	
0.003201	0.456465	14.450395	0.057038	
8.277389	36.706668	0.000005	0.000000	
0.001010	2.311342	13.604823	0.000358	
0.109176	0.000104	19.462707	2.173060	
2.546886	0.113573	14.535656	2.433442	
0.000000	0.000000	137.429783	0.000000	
38.327655	3.221150	0.000004	0.000002	
0.276932	14.824912	0.343780	4.243688	
39.984232	22.955172	0.207953	0.000000	
0.000002	0.032683	27.438671	5.463188	
20.995249	0.241979	0.000453	2.516779	
19.707435	0.014635	0.000005	4.564725	
0.000040	14.635274	1.427010	0.000381	
0.000053	55.569379	15.879091	0.000004	
0.000694	2.489253	14.710116	0.000387	
5.769140	35.618632	0.000013	0.000000	
0.000001	0.000000	61.998105	0.000000	
69.152733	46.197213	0.325995	0.000000	
0.000000	0.000000	0.000000	42.279126	
1.098137	17.449458	0.000005	4.243029	
39.432871	4.084203	0.000000	0.000006	
2.770951	0.061303	16.042675	2.684544	
0.035814	1.943752	31.968977	0.000005	
70.535761	19.298546	0.000000	0.000000	
1.523071	0.000005	37.134979	0.000007	
0.000418	0.021736	22.089743	5.334014	
51.202223	0.148734	5.676668	0.000000	
0.805325	0.000018	25.656226	1.239193	
0.461553	13.621840	0.400939	3.901501	
2.462125	13.318527	0.350170	1.937563	
0.000877	0.737760	22.838016	0.087571	
0.000000	0.000000	0.000000	42.814175	
0.000010	0.000000	48.145579	2.342409	
36.692217	3.586403	0.000091	0.000000	
62.305989	17.074102	0.900302	0.000000	
0.000001	0.000044	67.648435	0.000000	
14.041170	0.000321	0.003098	0.677853	
0.000077	80.682090	21.806532	0.000000	
39.984232	22.955172	0.207953	0.000000	
4.686043	50.426414	0.000000	0.000002	
0.001412	0.073478	22.089632	5.334014	
25.208710	0.000576	0.000244	1.216979	
0.794053	15.024452	0.388982	2.484188	
0.701586	82.258655	9.512485	0.000000	
39.984232	22.955172	0.207953	0.000000	
37.542175	2.254807	0.005569	0.000000	
0.004259	0.224496	15.865088	1.074382	
0.000000	0.000000	0.000000	48.584943	
0.000877	0.737760	22.838016	0.087571	
0.001461	0.076031	22.857027	3.734910	
3.161434	17.260874	0.000225	2.098334	
0.000063	66.052964	17.852612	0.000000	
0.000001	0.000016	57.297849	0.000000	
17.013342	2.477282	1.676376	0.000448	
0.000877	0.737760	22.838016	0.087571	
2.503976	16.613004	0.000363	2.013823	
0.000972	0.076039	22.857027	3.734910	
34.946614	3.415782	3.735076	0.000000	
36.422096	6.545919	0.000000	4.028779	
0.000000	0.000008	40.473248	2.677696	
0.037580	0.000020	37.270366	0.000002	
0.000000	81.334402	21.982837	0.000000	
55.997524	0.009925	0.000695	0.000000	
1.845812	32.400546	0.006251	0.000003	
0.000021	25.019421	3.038889	6.148946	
39.984232	22.955172	0.207953	0.000000	
0.000000	0.000000	0.000000	17.166476	
0.055951	0.001775	32.300016	0.000003	
0.001853	0.186454	17.674622	2.917490	
29.731816	1.830173	1.955376	0.000004	
0.724168	13.137022	0.005799	3.262590	
0.005090	0.725944	22.981342	0.000553	
0.002626	0.122016	21.756742	2.429195	
7.512780	49.798052	1.128349	0.000000	
0.001700	0.089579	0.004926	14.256608	
96.860459	0.296081	0.000028	0.000000	
0.000799	29.985665	0.000123	4.131913	
2.588356	13.840557	0.064054	0.000365	
0.461553	13.621840	0.400939	3.901501	
0.024175	0.132526	24.015304	0.005459	
62.297209	0.003249	0.001138	0.000000	
0.017356	0.095145	17.241437	2.749412	
22.904672	1.890101	0.007124	0.021600	
0.005090	0.725944	22.981342	0.000553	
4.840727	53.263493	0.605814	0.000000	
0.002297	0.000051	26.532104	3.652528	
0.000000	0.000000	0.000000	19.749046	
0.000529	0.026551	26.809358	1.304331	
3.274356	37.202836	0.000000	4.194956	
0.005090	0.725944	22.981342	0.000553	
55.997524	0.009925	0.000695	0.000000	
49.562060	3.190268	0.000002	0.000000	
8.367692	49.992283	0.352534	0.000000	
0.000238	0.000034	0.176751	14.003929	
0.000000	0.000000	60.952672	0.000004	
0.054403	19.700320	0.000005	4.563093	
0.000149	0.002519	29.149671	4.986820	
0.000877	0.737760	22.838016	0.087571	
0.001700	0.089579	0.004926	14.256608	
38.408344	3.227931	0.000004	0.000000	
1.780950	43.255425	0.000004	0.000000	
12.748285	67.045648	0.072935	0.000000	
0.117909	0.000003	33.120634	1.721312	
0.000418	0.021736	22.089743	5.334014	
42.153012	0.077366	0.000000	0.000001	
0.055951	0.001775	32.300016	0.000000	
0.000000	0.000008	40.473248	2.677696	
0.005090	0.725944	22.981342	0.000553	
48.211335	2.220997	0.000005	0.000000	
35.408806	0.000014	0.136724	0.000005	
0.000000	0.000000	0.000000	35.504304	
0.000000	0.000000	131.265313	0.000009	
0.345979	96.402092	0.000000	0.000000	
0.132273	0.749475	21.086509	0.000001	
0.000001	0.000016	59.348435	0.000000	
5.470267	58.330858	0.407472	0.000000	
48.039178	2.485304	4.340443	0.000000	
39.082715	0.000015	0.001961	0.000104	
0.000126	0.255550	23.958718	2.675161	
0.000000	0.000000	0.000000	21.732456	
0.000000	0.000006	29.258603	1.993953	
0.000140	0.205104	35.612788	0.000069	
0.000783	1.097090	16.078315	0.000215	
127.764236	0.000487	0.000001	0.000355	
0.000238	0.000034	0.176751	14.003929	
2.463582	26.025805	0.000000	0.003475	
43.102943	0.007639	0.000535	0.000003	
0.000817	0.686706	22.839608	0.087571	
0.000000	0.000000	0.000000	42.988552	
1.090057	52.794759	1.490251	0.000000	
0.000043	0.000002	40.645258	0.002336	
0.000796	29.855527	0.031026	0.190826	
105.530923	0.323274	0.000001	0.000000	
0.005090	0.725944	22.981342	0.000553	
0.000000	0.000000	0.000001	75.369953	
0.000017	0.614444	40.278033	0.000000	
48.900532	0.021071	0.000004	0.000003	
0.246496	1.396679	21.052520	0.000001	
5.470267	58.330858	0.407472	0.000000	
0.000000	0.000000	0.000000	31.274205	
0.000001	0.000034	32.363957	0.480532	
0.000000	0.000000	0.000000	62.486520	
0.000006	0.000321	36.137487	0.000001	
0.074714	34.138722	0.000159	0.000894	
31.410154	0.063076	0.000011	0.000000	
25.714921	0.003651	0.000950	0.017460	
0.455682	0.037434	48.734598	0.000000	
0.345979	96.402092	0.000000	0.000000	
0.000000	0.000000	0.000000	63.327936	
4.216405	85.632790	0.199479	0.000000	
50.326107	0.008920	0.000000	0.000001	
0.000000	0.000000	0.000000	35.504304	
0.000001	0.000000	74.952213	0.000000	
1.090057	52.794759	1.490251	0.000000	
30.736744	0.061724	0.009408	0.000000	
0.000000	0.000000	0.000000	74.302227	
0.125301	0.002828	29.324105	0.020306	
0.000573	0.032316	28.062912	0.000056	
37.422671	0.000104	0.916511	0.000003	
3.377589	104.641824	0.104439	0.000000	
0.000000	0.000000	0.000000	42.807444	
63.087787	0.000058	0.019609	0.000003	
0.004890	0.245656	43.262204	0.000000	
0.019780	17.157400	0.089240	0.065756	
0.000006	0.000226	0.166459	13.188520	
0.268569	15.202768	0.393112	0.000203	
29.824365	0.091403	0.001497	0.000079	
0.000000	0.000000	0.000000	29.356544	
0.006168	0.034093	25.930798	0.947180	
4.460709	138.198211	0.147768	0.000000	
0.000000	0.000000	0.000000	34.502113	
48.815672	0.008652	0.000000	0.095270	
0.355974	0.000681	24.125308	0.000000	
23.216894	0.433518	0.000006	0.088238	
3.317208	53.646518	0.608827	0.000000	
0.000000	0.000000	0.000000	64.151683	
0.000027	0.000000	41.034845	0.000000	
0.061754	44.492445	0.037380	0.000000	
0.000000	0.000000	0.000000	127.464574	
28.723456	0.002563	0.005657	0.000350	
0.018408	0.000010	38.612459	0.000002	
171.097936	0.430802	0.000001	0.000000	
0.055951	0.001775	32.300016	0.000003	
0.001700	0.089579	0.004926	14.256608	
0.000078	28.554013	3.176056	0.000203	
22.904014	0.019263	0.009995	0.000594	
0.000000	0.000000	0.000000	194.240957	
0.163931	29.813597	0.000122	4.099611	
0.000001	0.000012	43.953806	0.000000	
0.008465	0.286993	24.085999	0.087150	
0.000000	0.000000	0.000000	273.787624	
231.055501	4.922777	0.242440	0.000000	
0.000072	26.456689	0.403125	1.898210	
