0.000008	0.000455	3.891635	21.126253	
0.137711	1.366798	0.434879	14.605153	
10.020956	9.053700	0.005451	0.009872	
1.747867	0.028374	0.000366	22.077393	
0.224798	9.389095	12.020861	0.182038	
12.197230	1.463374	0.072128	0.271891	
2.214726	0.261590	0.000952	14.815630	
2.037180	2.083320	0.000000	14.681237	
0.085408	4.161425	0.000072	13.483455	
0.000223	0.000100	34.531310	0.000105	
0.499614	0.451570	0.761777	14.801837	
9.701557	1.893875	0.207161	12.594461	
1.996385	12.413611	0.032337	0.000790	
0.000121	0.000028	1.059743	30.302785	
0.013922	2.273921	0.000971	16.190354	
0.192750	5.325269	5.093240	9.035970	
31.293064	0.004751	2.795074	0.074746	
10.402400	0.064685	0.313340	9.698779	
0.543035	15.059628	0.000934	11.936594	
32.164001	0.002490	0.000074	0.001238	
1.999525	0.930257	2.474718	12.873280	
14.214765	6.241017	0.793766	0.002235	
0.499389	0.001428	2.796001	20.222232	
0.000001	0.000000	0.000000	378.225084	
0.008813	1.439410	0.000615	16.285776	
15.449170	0.033863	0.129435	6.458115	
14.459252	7.257768	0.134692	0.006091	
0.002057	47.166399	0.005767	0.002029	
7.309969	7.581917	0.000012	8.416637	
7.265783	6.442943	10.454415	0.011715	
12.936956	0.179834	0.979867	7.508749	
148.927764	0.303053	5.150563	0.001006	
4.029892	0.057869	0.012820	13.481865	
13.670954	0.027819	15.257574	0.000139	
0.250261	6.914172	0.313358	6.315252	
0.004940	0.000067	4.737610	10.195731	
0.010166	13.031596	3.667831	0.021549	
52.159486	5.586967	5.322871	0.000213	
8.814987	4.255358	11.686254	0.218297	
0.000003	0.019027	5.433205	19.127051	
0.617808	2.874634	0.000000	40.227261	
0.001512	0.000016	12.925389	11.023813	
4.030426	0.475987	0.000630	14.096722	
0.002549	14.106479	0.042310	0.259233	
148.927764	0.303053	5.150563	0.001006	
6.248982	4.958209	10.210116	0.158315	
0.000250	0.335359	2.857939	20.487796	
14.839541	1.752525	0.006381	0.026883	
1.475635	1.287893	0.556825	29.642623	
0.000000	0.000000	0.000000	67.486678	
10.059594	10.287432	0.000000	0.185504	
7.230663	7.499660	0.000000	10.201531	
0.122752	5.019971	0.005888	12.936491	
0.202991	4.179657	4.325206	5.904754	
0.153276	1.725826	0.000579	13.700004	
0.000388	10.530913	0.010894	10.142580	
15.800750	0.034633	0.132381	5.542524	
14.459252	7.257768	0.134692	0.006091	
1.748538	0.010873	0.052669	14.200506	
16.655410	130.509155	0.003661	0.001202	
32.164001	0.002490	0.000078	0.001238	
13.839513	0.024534	1.397356	13.478873	
0.037045	0.003716	4.258767	14.020982	
0.016408	11.438941	11.599070	0.012387	
4.259083	0.001785	0.041236	15.962264	
13.961636	14.312395	0.000067	0.007112	
0.000381	10.331077	0.061804	9.950286	
8.876501	8.022908	12.881638	0.011026	
7.922844	8.217593	0.000000	9.122297	
0.006154	0.000618	5.930395	7.589118	
1.068862	10.608616	11.844900	0.140348	
62.543125	1.072723	0.000000	0.470169	
3.848585	0.454512	0.022751	12.963607	
22.083399	6.746415	0.000116	0.000388	
0.000003	0.000237	33.473363	0.000102	
9.283628	0.101618	9.438082	0.010672	
0.000548	3.035307	0.009104	13.017351	
0.000069	0.434947	0.020422	31.474119	
2.848230	0.039701	0.000665	20.427257	
0.000660	3.654770	0.010962	12.866229	
3.848585	0.454512	0.022751	12.963607	
0.000040	0.000000	5.674508	14.316450	
0.000019	4.075522	0.005015	31.202728	
0.000957	19.944702	0.000125	7.669825	
20.855407	0.002060	0.002752	1.625298	
0.002824	0.000001	24.134662	7.634461	
0.000000	0.000000	0.000043	41.137361	
2.848216	0.039701	0.009037	20.427257	
10.660689	9.631539	0.000749	0.045433	
0.000096	12.641592	14.365786	0.047150	
7.265783	6.442943	10.454415	0.011715	
0.122805	5.022133	0.000670	13.001170	
11.989218	1.331295	13.261331	0.000097	
2.834555	0.281584	0.000665	20.427257	
3.848585	0.454512	0.022751	12.963607	
0.000841	0.023230	6.691034	6.101225	
0.122805	5.022132	0.002179	13.001170	
8.814987	4.255358	11.686254	0.218297	
0.000000	0.000146	0.000000	139.188424	
54.213141	3.882033	0.000000	0.032875	
