0.271958	0.801846	0.011009	0.532759	
0.000994	0.049747	0.998924	0.023351	
0.000000	0.000000	1.000428	0.002075	
0.196235	0.981000	0.000007	0.000031	
0.000000	0.000000	0.000000	1.000603	
0.000000	0.000000	1.000430	0.000000	
1.000432	0.000000	0.000000	0.000000	
0.016660	0.001398	1.000365	0.000029	
0.000000	0.000000	1.000383	0.009748	
0.706848	0.707973	0.002234	0.000004	
0.521315	0.809566	0.001086	0.271491	
0.897002	0.230240	0.301612	0.228621	
0.802316	0.532887	0.001416	0.270515	
0.442481	0.897259	0.003338	0.000942	
0.982078	0.000631	0.006850	0.190641	
0.000419	0.016714	1.000365	0.000000	
0.001071	0.981491	0.000951	0.193779	
0.282938	0.532562	0.015629	0.798086	
0.232936	0.231548	0.000509	0.944980	
0.000199	0.708608	0.000682	0.706221	
0.000048	0.188090	0.000110	0.982592	
0.000338	0.015912	1.000259	0.010073	
0.804161	0.267087	0.000039	0.531850	
0.000250	0.018530	1.000234	0.007138	
0.000253	0.000112	1.000143	0.024013	
0.708581	0.000808	0.005793	0.706258	
0.981218	0.195128	0.000886	0.002046	
0.001021	0.449986	0.007269	0.893494	
0.000000	1.000504	0.000000	0.000000	
0.000084	0.005955	1.000389	0.007052	
0.897530	0.000576	0.000850	0.441939	
0.894176	0.448688	0.000033	0.000057	
0.236298	0.942382	0.000560	0.238657	
0.577025	0.576293	0.063494	0.575997	
0.392110	0.194494	0.700294	0.564691	
0.195551	0.003822	0.000164	0.981125	
0.447063	0.000619	0.000188	0.894987	
0.895707	0.000571	0.445612	0.000369	
0.224460	0.895173	0.304361	0.237751	
0.552616	0.788500	0.006987	0.271491	
0.001840	0.835738	0.490326	0.248959	
0.944606	0.219945	0.245383	0.000032	
0.542707	0.248790	0.000911	0.802771	
0.982102	0.000631	0.000946	0.190642	
0.000070	0.188090	0.000059	0.982592	
0.001703	0.540384	0.800109	0.262048	
0.002729	0.035936	0.999740	0.009748	
0.001021	0.450039	0.002307	0.893495	
0.007800	0.597084	0.576703	0.558318	
0.208579	0.000362	0.197354	0.958337	
0.677271	0.323271	0.297545	0.590879	
0.000000	0.000000	189.612538	0.000000	
0.894174	0.448687	0.000044	0.000151	
0.000338	0.015913	1.000279	0.007138	
0.271981	0.801914	0.000004	0.532759	
0.242472	0.003044	0.937668	0.250713	
0.000000	0.000000	1.000383	0.009748	
0.256949	0.264780	0.929803	0.014388	
0.000000	0.000000	0.000000	1.000431	
0.578690	0.577955	0.013748	0.575997	
0.279132	0.253254	0.277622	0.884170	
0.012208	0.890362	0.456034	0.000369	
0.449181	0.000237	0.000189	0.893926	
0.264588	0.937386	0.228394	0.000200	
0.399629	0.371597	0.807494	0.225890	
0.792844	0.028051	0.262535	0.550054	
0.283033	0.532741	0.002031	0.798091	
0.944163	0.242345	0.005135	0.225098	
0.456785	0.849658	0.265148	0.000302	
0.000000	0.000000	0.000000	1.000433	
0.000070	0.188090	0.000110	0.982592	
0.607550	0.012528	0.002924	0.794728	
0.809905	0.274358	0.519178	0.010052	
0.011497	0.328241	0.000117	0.944980	
0.020290	0.793935	0.290565	0.534506	
0.156395	0.000100	0.077806	0.985062	
0.549202	0.262142	0.743743	0.278479	
0.877039	0.437676	0.000043	0.200300	
0.802162	0.545113	0.245481	0.000009	
0.982102	0.000631	0.000942	0.190642	
0.577943	0.578863	0.001827	0.575997	
0.270514	0.797697	0.539776	0.003023	
0.716301	0.697799	0.004568	0.028811	
0.920727	0.298231	0.000558	0.253368	
0.004423	0.569641	0.301654	0.765091	
0.255466	0.548157	0.796519	0.026089	
0.861173	0.012681	0.058230	0.505661	
0.407723	0.202238	0.685482	0.569071	
0.006864	0.884054	0.468151	0.010276	
0.000394	0.015911	1.000279	0.007138	
0.379849	0.886211	0.006066	0.266792	
0.295933	0.657078	0.183088	0.669346	
0.510121	0.816664	0.001086	0.271491	
0.133463	0.291823	0.313389	0.894353	
0.003657	0.936560	0.229241	0.266776	
0.920461	0.018981	0.391491	0.000009	
0.271413	0.001613	0.813219	0.515636	
0.000000	0.000000	200.401450	0.000000	
0.299239	0.831799	0.000001	0.468430	
0.257862	0.263945	0.929900	0.000079	
