0.000000	0.000000	0.000000	0.000000	0.000000	0.000000	0.000000	1.291224	
0.024751	0.038059	0.075398	0.155907	0.321471	0.660818	1.348633	0.014373	
0.106002	0.133533	0.134998	0.275259	0.441426	0.464222	0.574471	0.725039	
0.094864	0.127831	0.117561	0.252725	0.265964	0.326551	0.389832	1.053948	
0.182151	0.134233	0.296349	0.277723	0.367716	0.807623	0.738794	0.006952	
0.176788	0.313296	0.237991	0.755727	0.644926	0.626773	0.885631	0.000009	
0.016180	0.038067	0.094346	0.248796	0.654233	0.292324	1.860159	0.038461	
0.036664	0.048117	0.078503	0.128430	0.212269	0.350163	0.578770	0.964415	
0.051155	0.108789	0.217257	0.544971	0.349764	1.517084	0.773564	0.000135	
0.298885	0.193542	0.235159	0.673570	0.555218	0.619465	0.779640	0.000008	
0.066994	0.119523	0.237678	0.154009	0.563888	1.157828	0.788639	0.065496	
0.031060	0.063240	0.111149	0.285030	0.684825	1.485435	0.762164	0.022878	
0.006592	0.017846	0.028183	0.088747	0.259747	0.718832	2.104262	0.000081	
0.109951	0.137955	0.140243	0.266666	0.437621	0.462446	0.575339	0.722873	
0.117113	0.074942	0.087027	0.103222	0.332467	0.646651	1.284543	0.001351	
0.099763	0.138500	0.225885	0.397789	0.685826	0.599404	0.739783	0.000435	
0.132976	0.173706	0.309662	0.537940	0.515531	0.611952	0.753494	0.000007	
0.101218	0.146609	0.125841	0.315029	0.555923	0.503673	0.596148	0.795638	
0.115711	0.203110	0.142287	0.167533	0.568866	1.157169	0.758338	0.010638	
0.187067	0.134748	0.167289	0.202569	0.495813	0.848641	0.736462	0.080143	
0.049858	0.099468	0.228200	0.133840	0.191915	0.677453	1.588556	0.041235	
0.066048	0.087763	0.086881	0.183190	0.306424	0.289911	0.364600	1.097727	
0.025594	0.042922	0.076681	0.153030	0.300431	0.586326	0.419362	1.231667	
0.068674	0.111519	0.197764	0.147196	0.461926	0.348756	0.417394	1.228194	
0.034946	0.087675	0.222624	0.603053	0.292720	0.285101	1.960128	0.000087	
0.107698	0.196279	0.117888	0.144332	0.204430	0.675853	1.431071	0.002810	
0.000000	0.000000	0.000000	0.000000	0.000000	0.000000	0.000000	1.708963	
0.020124	0.048084	0.103219	0.276707	0.723667	1.679165	0.766232	0.025044	
0.006377	0.017636	0.027964	0.089657	0.267446	0.716605	2.151845	0.000082	
0.059433	0.115651	0.226987	0.518914	1.174720	0.655398	0.769748	0.431323	
0.029362	0.044837	0.086044	0.179332	0.367609	0.748486	0.493922	1.180566	
0.298885	0.193542	0.235159	0.673570	0.555218	0.619465	0.779640	0.000008	
0.132786	0.174653	0.313396	0.547779	0.520120	0.614765	0.754738	0.000027	
0.184043	0.327739	0.247844	0.792591	0.585176	0.623765	0.898392	0.000033	
0.184361	0.124558	0.164624	0.412335	0.722369	0.675178	0.744432	0.000198	
0.006648	0.017814	0.028077	0.087640	0.254147	0.719841	2.081679	0.000080	
0.013645	0.006654	0.032807	0.083467	0.219825	0.567926	1.494513	1.194428	
0.126849	0.202708	0.146445	0.182293	0.551953	1.045067	0.755823	0.000030	
0.053372	0.074609	0.122137	0.200809	0.357124	0.323022	0.403012	1.084683	
0.101601	0.127289	0.202354	0.217511	0.296976	0.563014	0.572302	0.725196	
0.015758	0.037860	0.096122	0.243537	0.641724	0.322494	1.854859	0.000051	
0.117204	0.222948	0.146642	0.560945	1.137136	0.681561	0.764764	0.010875	
0.093740	0.129503	0.125097	0.264460	0.272017	0.321083	0.401980	1.075007	
0.136577	0.101124	0.230152	0.209671	0.488545	0.810908	0.734966	0.053070	
0.064880	0.111157	0.214966	0.161391	0.232394	0.648537	1.286200	0.008826	
0.256378	0.181083	0.236096	0.565720	0.515046	0.598143	0.758880	0.047535	
0.041837	0.094813	0.224166	0.561778	0.299302	0.357236	1.753820	0.034427	
0.040286	0.097012	0.207803	0.582317	0.337618	1.778203	0.781589	0.014385	
0.119286	0.077224	0.090041	0.106276	0.336464	0.647864	1.261638	0.000351	
0.092095	0.185915	0.133022	0.131802	0.188834	0.691334	1.552193	0.003092	
0.194616	0.130853	0.154653	0.186129	0.543748	1.013791	0.753860	0.000029	
0.183474	0.289496	0.218917	0.643669	0.616070	0.620400	0.773662	0.000000	
0.044066	0.098889	0.232065	0.571819	0.309543	0.306877	1.738333	0.035827	
0.109006	0.226242	0.136295	0.601271	1.294225	0.699480	0.778147	0.011771	
0.050134	0.074473	0.125819	0.213368	0.397280	0.333495	0.408705	1.139604	
0.091680	0.126559	0.124248	0.261258	0.277032	0.325089	0.402309	1.078080	
0.046871	0.110084	0.203379	0.573129	0.347684	1.727940	0.767105	0.000684	
0.195573	0.128724	0.164819	0.437279	0.764882	0.659498	0.746460	0.000202	
0.066475	0.118546	0.242697	0.153427	0.587214	1.221239	0.755054	0.067232	
0.112047	0.214129	0.139913	0.165962	0.590085	1.290913	0.822383	0.001547	
0.124390	0.081585	0.096940	0.115966	0.345794	0.653340	1.212437	0.000030	
0.092812	0.185938	0.133830	0.133065	0.190400	0.689796	1.539309	0.003071	
0.066759	0.113333	0.220484	0.166569	0.227311	0.645954	1.273651	0.008760	
0.030500	0.051017	0.091014	0.181276	0.355190	0.691859	0.481000	1.126257	
0.187368	0.132601	0.316540	0.561984	0.512833	0.596134	0.763595	0.000008	
0.067327	0.114563	0.235143	0.561325	1.259025	0.718185	0.777232	0.016336	
0.185118	0.329206	0.249267	0.795566	0.588152	0.627381	0.887064	0.000009	
0.266692	0.405813	0.369660	0.415102	0.548884	0.648335	0.763961	0.000028	
0.136214	0.209291	0.439723	0.793929	0.636459	0.694115	0.753385	0.000034	
0.000000	0.000000	0.000000	0.000000	0.000000	0.000000	0.000000	1.716979	
0.023260	0.052741	0.096686	0.274827	0.731385	1.720557	0.766983	0.025512	
0.014612	0.007241	0.034625	0.086640	0.222328	0.565656	1.461342	1.171623	
0.028026	0.061925	0.091070	0.257024	0.639013	0.308068	1.735276	0.036245	
0.013640	0.032713	0.015765	0.096486	0.263152	0.713653	1.942045	0.001881	
0.086978	0.131042	0.242236	0.185654	0.540181	0.407655	0.490822	1.068036	
0.317959	0.198695	0.255626	0.743849	0.543744	0.628164	0.779339	0.000904	
0.185929	0.136283	0.170145	0.207491	0.492537	0.822616	0.735026	0.079007	
0.024473	0.057677	0.088724	0.248295	0.643598	0.311924	1.817369	0.000071	
0.037100	0.069536	0.135200	0.293575	0.626546	1.233096	0.756413	0.021195	
0.070549	0.116508	0.228896	0.166895	0.233099	0.639197	1.277291	0.034674	
0.026140	0.039727	0.077875	0.159041	0.323795	0.657213	1.324707	0.014174	
0.182467	0.251827	0.228398	0.551875	0.524614	0.620454	0.740192	0.000187	
0.266089	0.187162	0.226817	0.275289	0.389382	0.876048	0.737496	0.081736	
0.051750	0.079019	0.145795	0.264400	0.492889	0.376592	0.450482	1.098679	
0.103487	0.203375	0.140732	0.496868	0.337330	1.212286	0.949615	0.002928	
0.098714	0.197516	0.144099	0.142187	0.203308	0.677986	1.537228	0.003067	
0.078473	0.126300	0.239192	0.449130	0.842485	0.631105	0.784387	0.000062	
0.134198	0.161624	0.267834	0.433602	0.465148	0.580893	0.732625	0.026141	
0.104062	0.139433	0.226747	0.216296	0.285724	0.618511	0.572794	0.777743	
0.136733	0.098195	0.121791	0.147298	0.359752	0.610038	1.035494	0.080342	
0.000000	0.000000	0.000000	0.000000	0.000000	0.000000	0.000000	2.202536	
0.104444	0.208818	0.420083	0.965311	0.789712	0.667938	0.812697	0.000000	
0.315164	0.197041	0.253830	0.737427	0.554171	0.628056	0.779261	0.000903	
0.044514	0.099894	0.234424	0.577630	0.296306	0.306877	1.738333	0.035827	
0.015585	0.007855	0.036378	0.089478	0.225420	0.563112	1.427608	1.148492	
0.123612	0.223300	0.154981	0.532662	1.048712	0.670428	0.761149	0.012725	
0.102863	0.139519	0.232447	0.217281	0.303411	0.632016	0.578131	0.770636	
0.049208	0.106921	0.216170	0.551169	0.347159	1.559639	0.774528	0.038448	
0.032854	0.048529	0.090463	0.181543	0.358392	0.703136	0.492574	1.129366	
0.214642	0.125949	0.159189	0.506907	0.951745	0.647755	0.755515	0.000222	
