0.129234	0.182464	0.153325	0.396397	0.686087	0.589382	0.814020	0.058165	
0.001491	0.004959	0.017264	0.060430	0.211861	0.742316	2.604429	0.002586	
0.000000	0.000000	0.000000	0.000000	0.000000	0.000000	0.000000	1.405060	
0.040879	0.071976	0.145279	0.294246	0.543632	0.393609	1.325363	0.000581	
0.119276	0.130123	0.194234	0.288661	0.429475	0.533220	0.716528	0.000459	
0.004831	0.016240	0.057116	0.201291	0.712983	2.527019	0.774861	0.002578	
0.005502	0.014308	0.039360	0.089760	0.213734	0.648428	1.863040	1.091622	
0.089705	0.178437	0.383585	0.861212	0.629920	0.649107	0.678842	0.802214	
0.042395	0.091188	0.215054	0.168008	0.625803	1.484947	0.762962	0.001213	
0.077593	0.199292	0.093698	0.118035	0.672118	0.327160	1.963494	0.006835	
0.021534	0.048935	0.122065	0.303648	0.756895	1.535084	0.763973	0.001038	
0.013629	0.033167	0.085944	0.227301	0.545427	1.453274	0.644862	1.102872	
0.191902	0.062946	0.077941	0.661688	2.129552	0.733983	0.796203	0.034985	
0.076945	0.084905	0.103885	0.171019	0.254071	0.312246	0.512745	0.814417	
0.035888	0.079066	0.190416	0.461038	1.115672	0.561606	0.611768	1.099987	
0.172966	0.128261	0.158158	0.366995	0.623615	0.574937	0.793437	0.055446	
0.074498	0.199241	0.082136	0.107562	0.674833	1.927980	0.769881	0.000264	
0.111998	0.059629	0.064713	0.271366	0.602763	1.326634	0.757299	0.001468	
0.015968	0.054454	0.192492	0.685399	2.440864	0.751664	0.776022	0.001081	
0.016888	0.032720	0.071008	0.155464	0.340287	0.744679	1.428232	0.004067	
0.046269	0.100389	0.237895	0.569477	1.360883	0.697101	0.761666	0.009868	
0.056941	0.187351	0.646509	2.226847	0.744887	0.754223	0.775330	0.001045	
0.075990	0.205486	0.085084	0.634763	1.829236	0.723865	0.769739	0.001586	
0.024402	0.051139	0.119154	0.277546	0.647707	0.343101	1.585261	0.000678	
0.081675	0.053862	0.065226	0.182727	0.337698	0.625792	1.158375	0.034843	
0.192024	0.122193	0.141173	0.433295	0.824179	0.598930	0.843721	0.061212	
0.013796	0.028229	0.063968	0.146347	0.334416	0.765173	1.513545	0.003708	
0.101502	0.048716	0.051280	0.259298	0.633170	1.527704	0.762037	0.077003	
0.090216	0.229128	0.110776	0.137520	0.652373	0.329237	1.939990	0.001107	
0.087278	0.186182	0.096562	0.484529	1.141980	0.597663	0.654272	0.915500	
0.076554	0.057064	0.072287	0.156199	0.263369	0.249852	0.549673	1.017603	
0.005755	0.013373	0.034044	0.088090	0.227852	0.589127	1.524245	1.088516	
0.004836	0.016251	0.057143	0.201340	0.712989	2.526300	0.774856	0.002577	
0.016230	0.054969	0.193095	0.683162	2.417476	0.749965	0.788477	0.001074	
0.038821	0.100693	0.293086	0.847224	0.346725	0.362803	1.972999	0.000871	
0.041224	0.094685	0.236052	0.583071	1.464867	0.711330	0.777846	0.008721	
0.194565	0.073683	0.069488	0.667640	2.101013	0.791528	0.776098	0.027724	
0.036496	0.084845	0.213313	0.151152	0.644874	1.632696	0.766374	0.029101	
0.105311	0.195197	0.419851	0.782365	0.625180	0.594935	0.675898	0.766694	
0.123829	0.212213	0.146944	0.491669	0.852745	0.644635	0.867726	0.000568	
0.077459	0.208960	0.085347	0.101833	0.700519	1.937772	0.770159	0.000514	
0.057284	0.187737	0.645582	2.215891	0.744236	0.753820	0.775241	0.001041	
0.069501	0.200215	0.073286	0.648251	1.984312	0.751998	0.779248	0.001698	
0.020519	0.045888	0.112184	0.271034	0.665909	0.333521	1.688325	0.000713	
0.081049	0.050185	0.063739	0.176778	0.336474	0.641559	1.203900	0.001264	
0.017529	0.038931	0.108792	0.297687	0.813735	1.749613	0.768072	0.001146	
0.019296	0.039886	0.091062	0.209207	0.480513	1.098244	0.590447	1.096309	
0.049226	0.099130	0.062190	0.251248	0.583994	0.440050	1.563595	0.004175	
0.000000	0.000000	0.000000	0.000000	0.000000	0.000000	0.000000	1.357978	
0.041941	0.083979	0.186934	0.418606	0.937441	0.542675	0.590374	1.066444	
0.024585	0.051478	0.119554	0.277699	0.646338	0.344394	1.579499	0.000674	
0.022220	0.049940	0.123417	0.304177	0.751185	1.514583	0.763520	0.001028	
0.193782	0.119939	0.137047	0.443286	0.861806	0.609782	0.855355	0.000198	
0.084388	0.092582	0.114231	0.182601	0.234541	0.313144	0.509080	0.811166	
0.001596	0.001872	0.002100	0.003796	0.005852	0.006577	0.011645	1.112769	
0.056967	0.186698	0.642001	2.203569	0.725837	0.809072	0.775231	0.001041	
0.004932	0.012128	0.031668	0.084377	0.224861	0.599311	1.597551	1.095889	
0.013359	0.032058	0.083005	0.215792	0.561953	1.407955	0.646878	1.096418	
0.038256	0.090021	0.224882	0.131272	0.654641	0.332434	1.791398	0.006341	
0.005024	0.016706	0.058167	0.202938	0.711546	2.496228	0.774634	0.002551	
0.202565	0.075697	0.092582	0.630830	1.806593	0.719916	0.787818	0.030981	
0.076196	0.205572	0.081366	0.632986	1.827725	0.742892	0.770108	0.001598	
0.036413	0.086916	0.047843	0.246997	0.641602	0.334292	1.824319	0.006393	
0.147868	0.129833	0.172079	0.300023	0.456737	0.533053	0.741606	0.000596	
0.100652	0.271529	0.110902	0.132324	0.666616	1.937772	0.770159	0.000514	
0.116257	0.061997	0.067383	0.279036	0.612048	1.315500	0.756664	0.069617	
0.059949	0.114570	0.065053	0.277144	0.615746	1.339903	0.768486	0.001276	
0.198747	0.532002	0.211430	0.253785	1.765234	0.825848	0.799160	0.001592	
0.025972	0.076770	0.241345	0.756945	0.294580	2.135596	0.772976	0.000827	
0.089705	0.178437	0.383585	0.861212	0.629920	0.649107	0.678842	0.802214	
0.034800	0.086032	0.225674	0.605576	1.621243	0.720370	0.796755	0.059182	
0.015753	0.053939	0.191373	0.683909	2.444604	0.749601	0.805025	0.001085	
0.001732	0.005568	0.018821	0.063937	0.217522	0.739614	2.518059	0.000831	
0.013849	0.033020	0.083175	0.216219	0.560944	1.400505	0.646677	1.092052	
0.175208	0.128051	0.155913	0.372773	0.639909	0.578533	0.798419	0.056101	
0.065642	0.089879	0.147991	0.252524	0.428881	0.390606	0.868346	0.601972	
0.043766	0.097185	0.046406	0.253975	0.644467	1.614544	0.763859	0.080173	
0.076979	0.126490	0.243344	0.468127	0.888960	0.643474	0.748472	0.018943	
0.206322	0.376671	0.239183	0.289996	1.042634	0.692298	0.753470	0.000364	
0.042050	0.085622	0.193477	0.433975	0.987213	0.550288	0.614156	1.036204	
0.018266	0.040460	0.107769	0.297552	0.814975	1.754377	0.767786	0.006834	
0.101253	0.047762	0.050095	0.261811	0.649652	1.558073	0.762855	0.078319	
0.037718	0.094506	0.252722	0.713932	0.318027	0.343980	1.959394	0.005887	
0.211991	0.088528	0.098947	0.600252	1.560179	0.705540	0.780283	0.002179	
0.067121	0.198329	0.074796	0.656038	2.045329	0.733803	0.772298	0.001721	
0.075629	0.051257	0.063232	0.157831	0.283802	0.238741	0.610392	1.095071	
0.005029	0.016717	0.058193	0.202978	0.711509	2.495476	0.774628	0.002550	
0.036496	0.084845	0.213313	0.151152	0.644874	1.632696	0.766374	0.029101	
0.000000	0.000000	0.000000	0.000000	0.000000	0.000000	0.000000	1.355009	
0.024588	0.051484	0.119568	0.277732	0.646320	0.344394	1.579499	0.000674	
0.117612	0.132750	0.157455	0.267363	0.403395	0.605814	0.718449	0.000779	
0.076492	0.226193	0.083016	0.751862	0.297600	2.126108	0.805191	0.000827	
0.054895	0.185393	0.649708	2.292758	0.783268	0.750766	0.775910	0.001071	
0.018382	0.054775	0.194028	0.678970	2.377933	0.753287	0.807900	0.001062	
0.016872	0.054422	0.192803	0.684950	2.433723	0.751440	0.775969	0.001078	
0.057284	0.187737	0.645582	2.215891	0.744236	0.753820	0.775241	0.001041	
0.075748	0.225788	0.082167	0.755350	0.296701	2.145770	0.805852	0.000834	
0.052724	0.107947	0.233058	0.530107	1.210884	0.670441	0.852007	0.007881	
0.007308	0.021498	0.073073	0.246780	0.830044	2.354743	0.773835	0.002466	
0.078231	0.047015	0.056968	0.170112	0.332974	0.649479	1.243767	0.003256	
