0.016217	0.037379	0.098886	0.246325	0.657017	0.290577	1.884540	0.021162	
0.093718	0.189457	0.399078	0.252098	0.278623	1.195636	0.663930	0.882585	
0.000002	0.000002	0.000004	0.000007	0.000013	0.000022	0.000019	1.287655	
0.045756	0.058437	0.061853	0.121631	0.127945	0.256547	0.416993	1.058616	
0.229058	0.121898	0.130956	0.597987	1.064726	0.598065	0.716064	0.840914	
0.188859	0.135790	0.318829	0.283249	0.349218	0.435281	1.022793	0.004011	
0.267139	0.100160	0.132231	0.650153	1.783369	0.748220	0.769987	0.009323	
0.023074	0.012059	0.056390	0.137691	0.292681	0.733472	1.686122	0.002010	
0.154924	0.227449	0.206587	0.233767	0.301767	0.754124	0.636478	0.718053	
0.357582	0.186107	0.233955	0.271593	0.340766	1.237400	0.718527	0.626143	
0.109441	0.228027	0.112279	0.128643	0.141338	0.698973	1.752800	0.027294	
0.016277	0.055669	0.020275	0.213265	0.735238	2.502830	0.747833	0.759271	
0.073379	0.106298	0.182715	0.318993	0.260690	0.423699	0.939235	0.706666	
0.101942	0.182522	0.376955	0.246328	0.890345	0.634028	1.008967	0.009468	
0.031581	0.082426	0.036285	0.255247	0.781972	2.107155	0.772092	0.037189	
0.092981	0.042332	0.225400	0.545264	0.345064	1.530014	0.781593	0.018696	
0.011694	0.024623	0.053352	0.110357	0.266724	0.679813	1.759087	0.544844	
0.503028	0.236778	1.065277	0.586389	0.628346	0.695807	0.764511	0.000062	
0.026206	0.043108	0.078923	0.155355	0.299096	0.578067	1.075756	0.695303	
0.169363	0.285369	0.216361	0.240375	0.776732	0.558533	0.655604	0.780781	
0.492180	0.193427	0.232443	1.466712	0.646561	0.870578	0.889296	0.018248	
0.506478	0.240519	0.347884	0.357644	0.347715	1.442942	0.782549	0.019210	
0.057104	0.191975	0.684116	2.308061	0.757042	0.798375	0.817997	0.005093	
0.139964	0.199474	0.172968	0.222154	0.489934	0.438394	1.052071	0.000672	
0.249241	0.174878	0.457938	0.398972	0.458554	0.547899	0.658814	0.640653	
0.111410	0.180522	0.134531	0.356359	0.314717	0.371224	1.048101	0.714932	
0.041372	0.073073	0.152688	0.321412	0.647509	0.968779	0.664770	0.763285	
0.193877	0.322898	0.223073	0.249760	0.871450	0.876419	0.751587	0.000167	
0.136171	0.220143	0.414215	0.307273	0.910455	0.642143	0.754976	0.000078	
0.355522	0.187321	0.233244	0.237396	1.038448	0.994989	0.766887	0.000182	
0.030054	0.055723	0.118290	0.252905	0.536195	1.084230	1.034896	0.009766	
0.191888	0.290427	0.247746	0.639058	0.525477	0.620651	0.751147	0.003014	
0.133430	0.077759	0.264894	0.509974	0.337200	0.389832	1.304382	0.002441	
0.039795	0.103297	0.278321	0.775524	1.584130	0.732957	0.730039	0.692007	
0.031439	0.078230	0.217673	0.633249	1.773576	0.707071	0.981361	0.009316	
0.136846	0.183368	0.311586	0.283744	0.350638	0.434180	1.005986	0.000065	
0.123144	0.212923	0.440161	0.907877	0.587007	0.659063	0.752769	0.016225	
0.041233	0.066817	0.127341	0.247446	0.473302	0.337649	1.067042	0.744057	
0.084780	0.256567	0.633785	2.016092	0.700009	0.780423	0.797681	0.006484	
0.198044	0.128339	0.152702	0.198501	0.232584	0.641911	1.137221	0.003790	
0.303674	0.462706	0.366509	0.468189	0.547986	0.643237	0.744700	0.005714	
0.170884	0.111493	0.133475	0.338888	0.298899	0.363354	0.981271	0.755576	
0.110726	0.183379	0.349828	0.267728	0.785841	0.577385	0.658990	0.684543	
0.129613	0.084374	0.249593	0.461304	0.344685	1.041098	0.764863	0.002318	
0.072647	0.050288	0.130197	0.241878	0.203141	0.523023	0.410374	1.135491	
0.200317	0.128823	0.152953	0.198715	0.533501	0.426460	1.146525	0.003813	
0.319949	0.191456	0.229198	0.728905	0.580640	0.617287	0.698696	0.540045	
0.057673	0.185151	0.617510	0.249761	0.298785	2.385165	0.776928	0.000421	
0.037607	0.092713	0.215529	0.635658	0.262647	0.281147	2.058191	0.003608	
0.215012	0.289681	0.271874	0.327953	0.398044	0.501952	0.639880	0.702793	
0.211907	0.100639	0.109439	0.110149	0.118850	0.701328	1.814529	0.030541	
0.108408	0.159538	0.131229	0.157867	0.193111	0.487945	0.391246	1.148506	
0.158316	0.212272	0.362497	0.334342	0.431169	0.517109	0.639770	0.613900	
0.193817	0.506713	0.208138	1.512342	0.800925	0.849992	0.808010	0.000861	
0.129061	0.231899	0.477877	0.325073	0.372745	1.128994	0.766653	0.072397	
0.271158	0.115204	0.595677	0.285131	0.309214	1.628360	0.768295	0.016718	
0.098954	0.186606	0.391982	0.230513	0.982287	0.950663	0.807542	0.000182	
0.133630	0.195049	0.173278	0.408261	0.355099	0.882136	0.747498	0.002929	
0.072134	0.178264	0.484397	1.381155	0.576459	1.287330	0.769961	0.003689	
0.032927	0.078529	0.205542	0.544565	0.284890	1.468159	1.256873	0.012318	
0.433337	0.166372	0.218145	1.332906	0.573143	1.239362	0.862129	0.018644	
0.202587	0.078051	0.102883	0.622303	1.670304	0.716907	0.731082	0.701760	
0.085589	0.189763	0.457123	1.098164	0.802393	0.704120	0.717442	0.650350	
0.183479	0.246416	0.230369	0.289115	0.350607	0.433377	1.008693	0.000067	
0.057329	0.074948	0.077540	0.095671	0.125324	0.259078	0.428678	1.078201	
0.503334	0.218801	0.235173	1.379423	0.646332	0.731942	0.787589	0.020141	
0.131534	0.207804	0.380325	0.285957	0.828847	0.629446	0.759900	0.002311	
0.260551	0.379039	0.318608	0.373446	0.456496	0.546948	0.634577	0.715106	
0.170320	0.298498	0.211502	0.240851	0.274827	0.966203	0.633106	0.898552	
0.168671	0.264015	0.502749	0.408476	0.457789	0.537108	0.620882	0.790874	
0.682669	0.263628	0.346393	0.322143	0.371255	1.762994	0.769016	0.009072	
0.037414	0.064163	0.128213	0.257746	0.514254	0.985664	0.978648	0.009121	
0.146745	0.165981	0.183832	0.234946	0.314189	0.394397	0.504197	0.839865	
0.103481	0.252096	0.112954	0.704012	1.492433	0.753398	0.773631	0.311838	
0.177287	0.599206	0.206660	0.244842	0.293304	2.524664	0.778276	0.000443	
0.426709	0.178952	0.231878	1.173197	0.544366	1.139999	0.844516	0.017196	
0.207942	0.396313	0.251892	0.987464	0.593336	0.705957	0.779742	0.002218	
0.098180	0.192664	0.397718	0.234828	0.281785	1.150672	0.661940	0.859623	
0.085002	0.205279	0.097936	0.642225	1.748048	0.841131	0.770054	0.046338	
0.038890	0.101788	0.284500	0.793664	0.341132	1.769894	0.826220	0.000244	
0.249367	0.083131	0.101994	0.655219	2.075160	0.784734	0.773503	0.098279	
0.012813	0.031350	0.015536	0.092680	0.245771	0.655971	1.661309	0.988332	
0.136884	0.205818	0.380873	0.667199	0.539805	0.625049	0.743979	0.014315	
0.355850	0.183886	0.231967	0.234085	1.033094	0.945724	0.811628	0.000186	
0.133809	0.206320	0.382805	0.294201	0.347310	0.958675	0.750910	0.043130	
0.000001	0.000001	0.000003	0.000006	0.000011	0.000015	0.000033	1.489740	
0.076871	0.203620	0.087583	0.609995	1.680515	0.750244	0.722014	0.767541	
0.297717	0.159782	0.187552	0.205264	0.246990	0.432329	1.241022	0.810817	
0.211939	0.127662	0.143103	0.508497	0.854624	0.572926	0.694700	0.741047	
0.319932	0.188512	0.218820	0.247812	0.853337	0.861291	0.773768	0.000166	
0.275681	0.105586	0.660328	0.293854	0.303322	1.834843	0.773725	0.018634	
0.063859	0.105315	0.206601	0.407522	0.274588	0.334961	1.096851	0.793221	
0.025983	0.042731	0.078203	0.153840	0.296158	0.572272	1.079608	0.695144	
0.350528	0.578440	0.415574	0.508498	0.550512	0.672469	0.762315	0.000513	
0.019266	0.061236	0.207960	0.069687	0.701964	2.307010	0.746234	0.706806	
0.293131	0.205033	0.236959	0.285116	0.352701	0.948706	0.742244	0.014012	
0.016697	0.038486	0.101816	0.244925	0.657017	0.290577	1.884540	0.021162	
0.075351	0.188738	0.543615	1.480081	0.597900	1.109109	0.743019	0.589903	
0.117740	0.252245	0.598145	0.337383	0.352297	1.415265	0.772321	0.000205	
0.065770	0.192352	0.621542	2.122861	0.703379	0.725040	0.748867	0.707055	
0.217257	0.312583	0.235521	0.291403	0.331981	0.406258	1.211524	0.017699	
0.032965	0.064684	0.143030	0.315626	0.696403	1.011900	0.639481	0.909206	
0.106308	0.255554	0.120264	0.723394	1.425921	0.715332	0.726857	0.647567	
0.201191	0.129233	0.369383	0.290949	0.339686	0.410356	1.155418	0.000192	
0.015888	0.006811	0.042735	0.117681	0.272502	0.765422	1.953021	0.002734	
0.199455	0.131098	0.155964	0.424341	0.344279	0.426222	1.138041	0.000659	
0.174585	0.081198	0.385662	0.197101	1.015008	0.935660	0.661136	0.923409	
0.057324	0.193773	0.627329	0.245155	0.291044	2.525026	0.778279	0.000443	
0.323293	0.193348	0.224315	0.730577	0.581651	0.618474	0.700179	0.534812	
0.102859	0.235845	0.122448	0.142187	0.150393	0.711560	1.741753	0.019875	
0.215614	0.079642	0.092080	0.106928	0.742839	2.114217	0.775460	0.007206	
0.137281	0.086964	0.256451	0.467069	0.348718	0.408786	1.186957	0.002274	
0.212221	0.095643	0.103974	0.572873	1.264726	0.658733	0.673966	0.912585	
0.108975	0.037280	0.274068	0.753824	0.279703	2.103033	0.776910	0.020704	
0.213301	0.089884	0.581831	1.608593	0.681808	0.712211	0.817147	0.000327	
0.114892	0.071548	0.085572	0.280293	0.188341	0.622773	0.414854	1.261890	
0.167639	0.321287	0.253737	0.233797	0.953111	0.931751	0.803976	0.006860	
0.094404	0.196563	0.473306	0.217807	1.333089	1.161887	0.813597	0.000079	
0.170573	0.288928	0.216072	0.234711	0.298807	0.932677	0.655021	0.787560	
0.097247	0.206426	0.124069	0.592863	1.433350	0.788677	0.764560	0.040457	
0.222313	0.133095	0.415725	0.272698	0.364335	1.224905	0.753682	0.016380	
0.155157	0.243091	0.463483	0.376389	0.412245	0.631108	0.618806	0.796408	
0.175227	0.335168	0.223117	0.233647	0.945056	0.587767	0.669792	0.869366	
0.033235	0.062882	0.140334	0.310045	0.684879	0.995361	0.627934	0.950014	
0.116967	0.250744	0.594885	0.335333	0.347088	1.404341	0.800435	0.000205	
0.023741	0.069042	0.029747	0.224962	0.654497	2.001437	0.726279	0.801310	
0.107338	0.157029	0.284219	0.249358	0.628766	0.509877	0.606578	0.771566	
0.220585	0.097958	0.077826	0.759283	0.289928	2.239286	0.826910	0.008053	
0.066341	0.022675	0.220907	0.717017	2.133590	0.879960	0.849076	0.007827	
0.010769	0.022771	0.060359	0.095195	0.267416	0.681437	1.763139	0.545882	
0.687888	0.243180	0.248511	0.277155	0.350126	2.171129	0.779402	0.010826	
0.214741	0.117392	0.135651	0.508085	0.339591	0.375561	1.407283	0.000855	
0.073471	0.119481	0.237448	0.192548	0.552507	0.382683	1.265812	0.000078	
0.179110	0.270500	0.213722	0.631097	0.491879	0.537628	0.627769	0.785007	
0.183920	0.132585	0.309744	0.281169	0.361087	0.436027	1.018916	0.000175	
0.072743	0.096139	0.161559	0.152466	0.190944	0.414282	0.387669	1.046595	
0.075291	0.189177	0.546336	1.491245	0.600318	1.103895	0.743114	0.591657	
0.067581	0.222653	0.641953	0.258647	0.291093	2.440934	0.776731	0.000433	
0.040325	0.105220	0.293309	0.797656	0.413835	1.743530	0.825796	0.000243	
0.076042	0.129563	0.257698	0.175300	0.203178	0.679274	1.266230	0.000165	
0.354754	0.194232	0.221460	0.245321	0.966596	0.931594	0.757866	0.000609	
0.107297	0.234161	0.127925	0.149251	0.159782	0.701415	1.653162	0.019020	
0.219480	0.093914	0.597875	0.282923	0.278189	0.291334	1.976573	0.151499	
0.101623	0.193938	0.404076	0.259491	0.341073	1.176342	0.730618	0.599975	
0.087290	0.197525	0.477230	0.265384	1.256772	0.636729	0.673392	0.895831	
0.173034	0.116781	0.328856	0.586801	0.517043	0.558450	0.662530	0.664827	
0.525628	0.212304	0.233235	1.592676	0.663689	0.770942	0.806663	0.001123	
0.350487	0.578464	0.415574	0.508498	0.550512	0.672469	0.762315	0.000513	
0.231623	0.088101	0.116052	0.600319	1.728092	0.690675	0.731152	0.713930	
0.057313	0.185982	0.628953	2.122672	0.696377	0.888938	0.852854	0.000420	
0.206356	0.392340	0.250022	0.962927	0.652333	0.683009	0.779476	0.002213	
0.213459	0.379568	0.794941	0.489604	0.599328	0.731884	0.772713	0.000023	
0.642785	0.237019	0.243960	0.272478	0.342607	2.045607	0.836523	0.009779	
0.228558	0.456334	0.255895	0.296955	0.333948	1.354344	0.764030	0.024659	
0.327933	0.169118	0.193201	0.237900	0.302246	0.348240	1.326734	0.859138	
0.071819	0.049037	0.130002	0.244287	0.201561	0.531317	0.417538	1.150339	
0.000001	0.000002	0.000005	0.000009	0.000018	0.000027	0.000019	1.505502	
0.178174	0.375446	0.227121	0.221197	1.128494	1.050986	0.825938	0.000199	
0.268889	0.110832	0.127657	0.760943	1.478262	0.765767	0.806995	0.004048	
0.249367	0.083131	0.101994	0.655219	2.075160	0.784734	0.773503	0.098279	
0.207078	0.134875	0.382141	0.288192	0.826744	0.629425	0.759891	0.002311	
0.211428	0.070071	0.081142	0.091809	0.775644	2.428750	0.776728	0.008084	
0.276207	0.104536	0.666742	0.293057	0.301800	1.860794	0.774219	0.018840	
0.095871	0.198087	0.473732	0.217331	1.322691	1.156812	0.791234	0.000079	
0.020848	0.064146	0.211334	0.073316	0.695791	2.222113	0.745465	0.684906	
0.137144	0.110723	0.217837	0.342432	0.541465	0.572348	0.730309	0.053787	
0.309587	0.199254	0.237650	0.673309	0.516680	0.653652	0.744352	0.001486	
0.111073	0.194332	0.396731	0.267087	0.297057	1.012373	0.676727	0.707240	
0.475552	0.171147	0.184734	0.209362	0.253705	0.478851	2.243199	0.010468	
0.704143	0.243518	0.247951	0.266624	0.349981	2.232413	0.779260	0.010802	
0.220025	0.414772	0.254220	1.005032	0.595945	0.676180	0.763333	0.000146	
0.039289	0.067490	0.139883	0.273054	0.572272	0.374440	1.364319	0.016211	
0.275907	0.133326	0.596662	0.335094	0.347080	1.468275	0.774177	0.000210	
0.000469	0.000647	0.001122	0.000997	0.002387	0.003465	0.003214	1.274645	
0.079763	0.196093	0.083090	0.639334	0.243381	0.305071	2.177292	0.002553	
0.174422	0.083167	0.378639	0.199422	0.980965	0.912912	0.660141	0.902401	
0.236464	0.082361	0.110223	0.621532	1.941453	0.701391	0.734034	0.777747	
0.569732	0.208190	0.253238	0.240554	1.866253	0.724198	0.771365	0.006630	
0.041927	0.069432	0.134565	0.260636	0.187597	0.567498	0.401459	1.237780	
0.043168	0.111311	0.309084	0.771139	0.322703	1.758648	0.825046	0.000242	
0.182618	0.636216	0.214073	0.230829	0.215016	2.599464	0.778942	0.000454	
0.175628	0.103897	0.135267	0.416599	0.292319	0.326677	1.095950	0.796202	
0.213170	0.120470	0.429643	0.290745	0.324421	0.375031	1.331488	0.006343	
0.077954	0.168758	0.122647	0.467674	1.121491	1.044896	0.828380	0.007627	
0.141378	0.219333	0.416664	0.340915	0.381598	0.955125	0.764241	0.020721	
0.125673	0.213658	0.411668	0.282208	0.949227	0.654527	0.750846	0.002458	
0.072743	0.096087	0.161411	0.152440	0.190950	0.413935	0.387643	1.046134	
0.139840	0.096860	0.231983	0.405566	0.351007	0.431888	1.076070	0.060624	
0.093910	0.250179	0.130168	0.784606	1.623268	0.731212	0.782973	0.709281	
0.076399	0.180024	0.489883	1.337568	0.577008	1.047369	0.809128	0.528850	
0.033454	0.086152	0.241430	0.710250	1.771431	0.708710	0.987324	0.009428	
0.095323	0.185788	0.112104	0.490689	0.263977	0.342546	1.369550	0.844611	
0.218625	0.337315	0.257716	0.310266	0.808014	0.632934	0.785251	0.001342	
0.173034	0.116781	0.328856	0.586801	0.517043	0.558450	0.662530	0.664827	
0.066744	0.127180	0.076318	0.328382	0.730680	1.071754	0.664837	0.825629	
0.019435	0.061607	0.208067	0.069924	0.701268	2.299214	0.748571	0.704973	
0.218129	0.421642	0.251825	0.298616	0.325646	0.355015	1.516868	0.017715	
0.125785	0.067081	0.226630	0.162655	0.200543	0.699130	1.403637	0.004457	
0.118112	0.206849	0.422465	0.275821	0.317051	0.410059	1.331733	0.002857	
0.079028	0.207698	0.090162	0.106382	0.683583	1.928955	0.771223	0.000243	
