0.031825	0.014749	0.014640	0.098659	0.270589	0.759387	1.990524	0.000311	
0.088003	0.212402	0.615043	0.253993	1.857592	0.726368	0.771571	0.000606	
0.210082	0.103974	0.441381	0.249786	0.896377	0.529363	1.237584	0.000260	
0.618987	0.192258	0.201314	0.219809	0.221649	2.380180	0.774266	0.000149	
0.115142	0.070546	0.205827	0.391856	0.283028	0.855730	1.011321	0.002739	
0.771576	0.344495	0.421685	0.555773	0.499488	0.549208	1.337681	0.000024	
0.087378	0.064825	0.146659	0.138001	0.310509	0.284686	0.642317	0.947566	
0.187692	0.624718	0.196785	0.205787	0.229438	0.220403	2.627015	0.000430	
0.515757	1.356828	0.538851	0.591887	0.614883	1.083450	0.769310	0.000115	
0.114862	0.212836	0.475244	0.298321	1.175983	0.676432	0.764228	0.030225	
0.228970	0.591228	1.492717	0.623312	0.666792	0.751802	0.769133	0.000128	
0.116682	0.195896	0.388719	0.271016	0.311823	0.364869	1.186970	0.530357	
0.068014	0.197656	0.620664	0.225231	0.244931	2.210709	0.775043	0.000136	
1.290937	0.520196	0.557547	0.617910	0.649622	0.747591	0.806882	0.000006	
0.173760	0.388260	0.192463	0.245582	1.008765	0.518259	1.389229	0.031686	
0.083122	0.137703	0.267505	0.523059	0.772332	0.594008	0.701130	0.570564	
0.568603	1.567550	0.599409	0.639766	0.696234	0.751721	0.770571	0.000136	
0.238207	0.522465	0.269880	0.299771	1.247897	0.651939	0.713439	0.648951	
0.140773	0.070174	0.311361	0.174405	0.697757	1.189244	0.709226	0.603528	
0.386454	0.198466	0.844108	0.677263	0.608896	0.678450	0.756973	0.000027	
0.122965	0.086523	0.223286	0.400129	0.325144	0.396017	1.029691	0.455340	
0.650909	0.199358	2.114294	0.702943	0.706614	0.768310	0.793203	0.000008	
0.225650	0.551120	1.637051	0.645591	0.705945	0.813723	0.772034	0.005027	
0.000000	0.000000	0.000000	0.000000	0.000000	0.000000	0.000000	1.059725	
0.070125	0.207405	0.626592	0.229936	0.243796	0.250770	2.299518	0.004179	
0.113537	0.258273	0.650018	0.319213	1.109864	1.169129	0.764443	0.000020	
0.212833	0.526669	0.233292	0.258901	1.643764	0.711953	0.767027	0.002747	
0.541161	0.257321	0.278359	0.305796	1.016843	1.090958	0.793902	0.000021	
0.321282	0.193959	0.234827	0.275863	0.309404	0.365647	1.178859	0.517862	
0.486352	0.208611	0.250937	0.252472	1.045675	0.527877	1.410698	0.000036	
0.172821	0.114275	0.328764	0.245418	0.296940	0.844296	1.003259	0.005052	
0.502543	0.225955	0.251076	0.266575	1.498923	0.703000	0.764376	0.000006	
0.093315	0.215218	0.547946	1.479934	0.601822	1.114955	0.770067	0.000549	
0.283150	0.170745	0.202295	0.237794	0.275035	0.863300	1.036064	0.022152	
1.713821	0.549049	0.576525	0.630147	0.637413	1.209899	0.773533	0.000141	
0.018095	0.040551	0.019538	0.111623	0.264349	0.681887	1.749113	0.506039	
0.035360	0.086557	0.232917	0.714788	0.264165	2.059477	0.772567	0.000594	
0.171682	0.267506	0.204288	0.241778	0.286932	0.827753	0.983485	0.000864	
0.077833	0.060874	0.127319	0.207962	0.339037	0.552737	0.878937	0.401225	
0.093930	0.069175	0.156865	0.266880	0.448254	0.410871	0.944317	0.418294	
0.629734	1.540177	0.596169	0.664850	0.686113	0.728566	0.821453	0.000004	
0.454885	0.185570	1.204763	0.728404	0.603934	0.696158	1.046166	0.000034	
0.014174	0.036418	0.087565	0.252781	0.695649	1.895691	0.769081	0.003292	
0.295185	0.692808	0.279813	1.621437	0.679367	0.746340	0.769567	0.005011	
0.121772	0.066857	0.267219	0.619034	0.947443	1.030886	0.759656	0.012671	
0.099521	0.216805	0.561285	1.418229	0.751992	0.730681	0.766500	0.014355	
0.345877	0.165470	0.793724	0.731973	0.536679	1.122105	0.796416	0.000196	
0.601534	0.279645	0.319737	0.316149	1.451865	0.669812	0.722521	0.695205	
1.071707	0.465391	0.531421	0.744994	0.658615	0.708700	0.764451	0.000032	
0.203807	0.403753	0.227367	0.255766	0.294731	0.321814	1.414524	0.594585	
0.201680	0.627463	0.207335	0.221986	0.228423	2.340109	0.774257	0.005775	
0.120250	0.089583	0.201289	0.190426	0.409451	0.382887	0.474070	0.944490	
0.068224	0.187321	0.558287	0.215800	0.235632	1.909292	0.714904	0.884536	
0.088191	0.069599	0.147504	0.144389	0.296874	0.494426	0.472591	0.924222	
1.044980	0.541151	0.543239	0.586222	0.634613	0.740308	0.763332	0.011455	
0.232505	0.534414	0.262548	0.281888	0.303690	1.463581	0.711354	0.706650	
0.468457	0.209176	0.229080	0.258607	0.278611	1.461149	0.719014	0.625615	
0.486604	0.200519	0.218099	0.238914	1.489659	0.680473	0.722693	0.675578	
0.493770	0.213666	1.252751	0.577968	0.612567	0.679824	0.731283	0.675160	
0.078654	0.193036	0.082694	0.565781	1.516222	1.062227	0.768088	0.000302	
0.067410	0.109265	0.253817	0.569358	0.825681	0.537287	1.229859	0.010306	
0.587929	0.192128	1.926606	0.624558	0.642999	1.268838	0.774557	0.000002	
0.078272	0.138219	0.276897	0.554113	0.369543	0.968201	0.697601	0.606257	
0.101991	0.078064	0.166378	0.275433	0.455085	0.742418	0.760958	0.012469	
0.023434	0.010245	0.069214	0.216496	0.649710	2.032278	1.084569	0.004437	
0.259481	0.128474	0.577380	0.320518	0.354988	1.200388	0.709531	0.607533	
0.070466	0.024362	0.210625	0.654233	0.235974	0.250211	2.259734	0.000317	
0.635899	0.200476	0.214298	0.213469	0.221461	0.272010	2.548658	0.000757	
0.538814	1.508054	0.534511	0.782406	0.626060	1.227557	0.772174	0.000109	
0.048655	0.099281	0.239379	0.572425	1.359881	0.690720	0.770438	0.003209	
0.026520	0.012153	0.080556	0.234656	0.691811	0.266394	2.127266	0.003921	
0.248717	0.572258	0.281418	0.300328	1.075914	1.185208	0.764238	0.006845	
0.438790	0.850757	0.480796	0.538724	0.665549	0.688159	0.758562	0.002425	
1.100725	0.445236	0.463940	0.528623	0.539222	1.268412	0.809648	0.000021	
0.076427	0.134838	0.270976	0.524722	0.900275	0.617482	0.707494	0.517922	
0.601919	1.784974	0.703130	0.668819	0.694032	0.766841	0.773048	0.000002	
0.210641	0.494736	0.212277	1.418436	0.604274	1.034740	0.767336	0.000085	
0.035679	0.018289	0.017614	0.107260	0.280135	0.747285	1.872247	0.000294	
0.834839	0.353030	0.422596	0.570170	0.495607	0.600470	1.405400	0.000025	
0.522369	0.203917	0.220269	0.241773	0.255444	1.772214	0.732579	0.805447	
0.162587	0.226198	0.607140	1.227633	0.720144	0.701866	0.763248	0.002611	
0.176050	0.307451	0.203245	0.232953	0.265497	0.940127	1.083141	0.000952	
0.484104	1.187562	0.554718	0.573071	0.602316	1.026373	0.766967	0.000278	
0.102825	0.078142	0.164823	0.275805	0.457055	0.747990	0.761781	0.012517	
0.102033	0.225162	0.575578	0.271952	1.492608	0.704656	0.764475	0.010127	
0.048455	0.099063	0.239263	0.573132	1.363873	0.691055	0.770567	0.003215	
1.108308	0.467353	0.575840	0.577973	0.748576	0.748614	0.801110	0.000006	
0.262623	0.679605	0.285365	1.945819	0.719723	0.765201	0.772959	0.000274	
0.222999	0.537948	0.240167	0.280392	0.284756	1.557021	0.708704	0.767144	
0.568369	0.216597	1.546184	0.646067	0.672118	0.738433	0.774044	0.000007	
0.266780	0.627334	0.253345	1.652491	0.688977	0.746310	0.769563	0.000248	
0.089518	0.167108	0.373333	0.779356	0.442058	0.520897	1.126164	0.596651	
0.438434	0.235471	1.026658	0.545577	0.703415	0.727924	0.764169	0.000999	
0.088206	0.068571	0.149265	0.142896	0.301191	0.507360	0.473498	0.936504	
0.090297	0.154447	0.111389	0.362421	0.688059	0.923630	0.702687	0.529571	
0.027248	0.011465	0.085247	0.251331	0.751564	2.093573	0.773510	0.003150	
0.126778	0.061807	0.285507	0.658164	0.354404	1.223185	0.710094	0.616551	
0.108638	0.163813	0.143324	0.366911	0.288431	0.800455	0.957294	0.012387	
0.629000	0.188858	0.197183	0.215104	0.215841	2.471909	0.775030	0.000153	
0.070413	0.092462	0.155635	0.262157	0.453137	0.409653	0.497060	0.931757	
0.570553	0.197227	1.801416	0.642224	0.679593	0.929726	0.773150	0.000619	
1.284663	0.525622	0.548944	0.625815	0.640096	0.824470	0.808304	0.000021	
0.599120	0.242689	0.280704	0.291552	1.209988	1.227681	0.782991	0.009670	
0.117956	0.195894	0.385866	0.272359	0.312060	0.367967	1.176912	0.516814	
0.189828	0.519747	1.543105	0.603061	0.621594	1.117654	0.770535	0.000310	
0.595092	0.211142	1.707652	0.663832	0.682664	0.747432	0.785516	0.000007	
0.192909	0.115704	0.344518	0.246715	0.286889	0.867477	1.030009	0.002790	
0.375974	0.175650	0.946190	0.629690	0.552947	1.120573	0.799382	0.000201	
0.206957	0.067704	0.639051	0.227117	0.248975	2.263996	0.773114	0.014694	
0.228970	0.591228	1.492717	0.623312	0.666792	0.751802	0.769133	0.000128	
0.117706	0.239566	0.528688	0.300232	1.122081	0.639922	0.711383	0.606340	
0.496582	0.225822	0.211692	0.237837	1.626378	0.690283	0.724052	0.717492	
0.208805	0.540565	0.234112	0.284429	0.249804	1.969138	0.817536	0.004228	
0.081121	0.032392	0.034293	0.037639	0.264306	0.690208	1.985475	0.564969	
0.026384	0.073444	0.221657	0.673424	0.262902	2.088743	0.773487	0.000130	
1.244237	0.653565	0.562431	0.631134	0.655362	0.713806	0.805586	0.000004	
0.106642	0.045600	0.265341	0.566519	1.470634	0.800587	0.787402	0.000053	
0.206833	0.552869	0.221520	0.236778	0.265328	0.269855	2.083527	0.000349	
1.042848	0.470551	0.538269	0.584330	0.644020	0.700168	0.768736	0.000055	
0.561931	0.208823	0.249355	0.247148	1.814116	0.725637	0.769682	0.003893	
0.289033	0.105980	0.821676	0.322991	0.339735	1.717268	0.746785	0.786345	
0.102703	0.132403	0.129781	0.165602	0.339664	0.335867	0.545470	0.916943	
0.205582	0.535867	0.202108	1.663929	0.623369	1.127209	0.770856	0.000094	
0.047120	0.019447	0.148973	0.486138	0.279177	0.517990	2.505735	0.004494	
0.202979	0.581280	0.213492	0.232940	0.242292	2.116068	0.771583	0.000141	
0.068059	0.187190	0.558777	0.215574	0.235353	1.913269	0.714958	0.886024	
0.199420	0.446566	0.244211	0.244398	0.278066	0.293856	1.613820	0.663223	
0.211537	0.537538	0.232471	0.250945	1.692216	0.714802	0.767783	0.007130	
0.601534	0.279645	0.319737	0.316149	1.451865	0.669812	0.722521	0.695205	
0.596239	0.208890	0.225041	0.235684	0.240678	0.285410	2.271599	0.000681	
0.370218	0.690534	0.455656	0.486343	0.548227	0.623540	0.718634	0.563538	
0.078057	0.061137	0.127566	0.208170	0.339062	0.552267	0.877511	0.400781	
0.071383	0.208413	0.622763	0.231714	0.246006	0.253380	2.268588	0.004128	
0.327610	0.193409	0.233215	0.272359	0.306937	0.357395	1.212510	0.527924	
0.000000	0.000000	0.000000	0.000000	0.000000	0.000000	0.000000	1.066398	
0.026584	0.012182	0.080530	0.234656	0.691811	0.266394	2.127266	0.003921	
0.035902	0.016530	0.095763	0.265714	0.715099	1.820151	0.769575	0.002826	
0.114254	0.058437	0.275899	0.662212	1.227322	0.652646	0.717743	0.622006	
0.216773	0.544234	0.238525	0.258988	1.263565	1.289317	0.767353	0.007385	
0.081632	0.175433	0.410954	0.915387	0.464118	0.516198	1.204254	0.647198	
1.352909	0.691033	0.581083	0.650061	0.677969	0.726071	0.769050	0.000004	
0.125232	0.070825	0.289002	0.662283	0.360360	1.164378	0.707855	0.687056	
0.506196	0.228380	0.240395	0.264989	1.483621	0.714961	0.765521	0.015808	
0.203807	0.403753	0.227367	0.255766	0.294731	0.321814	1.414524	0.594585	
0.238243	0.498546	0.232429	0.258986	0.274737	1.672995	0.772725	0.000112	
0.227573	0.587622	1.483612	0.619510	0.662725	0.779313	0.769133	0.000128	
0.026222	0.011793	0.075247	0.220595	0.643526	1.945874	1.063765	0.000047	
0.362293	0.175826	0.199718	0.221539	0.244322	1.078088	1.250545	0.026418	
0.319793	0.192795	0.233239	0.267742	0.320435	0.365334	1.180686	0.518473	
0.091277	0.214779	0.556402	1.532360	0.605835	1.137419	0.770896	0.000562	
0.051873	0.114571	0.277345	0.747415	1.171801	1.219647	0.784271	0.000662	
0.204504	0.615042	0.195531	0.204477	0.227977	0.219000	2.610284	0.308781	
0.532876	0.234733	0.272618	0.288377	1.077569	1.117964	0.822553	0.008969	
0.105556	0.217006	0.527269	0.285422	1.391727	0.697188	0.771705	0.033496	
0.574289	0.193470	0.249525	0.228716	0.232640	0.268949	2.379529	0.000708	
0.176130	0.308922	0.203126	0.232556	0.264738	0.944654	1.087195	0.000955	
0.029815	0.014124	0.086611	0.244046	0.688912	0.279615	2.020093	0.003751	
0.083722	0.055666	0.149218	0.272618	0.492797	0.393857	1.051879	0.453460	
0.526484	0.322527	0.356890	0.413817	0.464804	0.551877	1.070030	0.000443	
0.000000	0.000000	0.000000	0.000000	0.000000	0.000000	0.000000	1.608310	
0.036416	0.088033	0.234158	0.708705	0.267163	2.022198	0.772082	0.000586	
0.196123	0.058219	0.663569	0.210840	0.220838	0.230505	2.652755	0.004762	
0.068224	0.187321	0.558287	0.215800	0.235632	1.909292	0.714904	0.884536	
0.202281	0.581771	0.213394	0.232820	0.242140	2.118079	0.771728	0.000081	
0.119640	0.252295	0.648509	1.355681	0.750175	0.719265	0.765772	0.002774	
0.454044	0.226370	1.106227	0.551808	0.722382	0.738010	0.766153	0.000666	
0.206959	0.067705	0.639058	0.227119	0.248978	2.264019	0.773038	0.014694	
0.205181	0.418946	0.256680	0.241776	0.256313	0.412371	1.620486	0.683729	
0.043497	0.093346	0.235835	0.591056	1.470737	0.699186	0.773855	0.003312	
0.060396	0.018794	0.197775	0.676875	0.217241	0.227966	2.524340	0.000145	
0.041767	0.017681	0.102341	0.048516	0.285315	0.739059	1.806434	0.000054	
0.345877	0.165470	0.793724	0.731973	0.536679	1.122105	0.796416	0.000196	
0.461204	0.215984	1.063638	0.563716	0.628528	0.699583	0.789837	0.000005	
0.484299	0.216066	0.236492	0.262902	0.286876	1.453007	0.719047	0.626088	
0.129946	0.253056	0.686680	1.454228	0.658046	0.723767	0.766781	0.001917	
0.029872	0.074496	0.214487	0.087929	0.649052	1.823052	0.725417	0.735300	
0.065262	0.107596	0.255286	0.584956	0.851276	0.538590	1.259403	0.010546	
0.578682	1.636423	0.626680	0.647014	0.684352	0.768901	0.772038	0.000091	
1.198405	0.538160	0.660263	0.616623	0.661120	0.731132	0.766416	0.000136	
0.208418	0.560474	0.226969	0.243147	1.831157	0.722199	0.769752	0.007539	
0.234960	0.478314	0.252517	0.274530	1.327369	0.732842	0.761600	0.006424	
0.107114	0.138598	0.135165	0.172256	0.355291	0.349574	0.569001	0.892296	
0.081981	0.204534	0.544218	0.241538	0.265584	1.662090	0.740067	0.721626	
0.474261	0.175245	0.177323	1.166740	0.453147	1.730116	0.771140	0.000004	
0.627932	0.185186	0.193067	0.210529	0.222713	2.508671	0.819980	0.000154	
0.190840	0.110575	0.373906	0.229454	0.258660	1.004645	1.145071	0.003103	
0.836940	0.429869	0.504708	0.520386	0.574290	0.640741	0.726174	0.612977	
0.190274	0.130541	0.381362	0.272185	0.313216	0.365312	1.164735	0.524253	
0.218535	0.543008	0.248918	0.259943	0.275474	1.632655	0.714067	0.758905	
0.834839	0.353030	0.422596	0.570170	0.495607	0.600470	1.405400	0.000025	
0.073631	0.093911	0.159806	0.151738	0.316981	0.538998	0.514608	0.889540	
0.318120	0.592803	0.363483	0.408884	0.459671	0.530217	1.179531	0.005561	
0.596523	0.210893	1.716848	0.664847	0.683308	0.747966	0.785710	0.000007	
0.135500	0.183983	0.160215	0.193137	0.490245	0.413807	0.500628	0.958265	
0.168760	0.121419	0.289066	0.261402	0.318553	0.389409	0.475875	0.971068	
0.136078	0.058414	0.339202	0.730112	0.348899	1.427274	0.736784	0.669716	
0.498019	0.227736	0.240501	0.270780	1.454339	0.712417	0.764898	0.020305	
0.232327	0.133920	0.475685	0.295189	0.324907	1.249894	0.776949	0.000102	
0.226002	0.536672	0.304579	0.263624	1.663286	0.715994	0.767400	0.000030	
0.101619	0.223333	0.537687	1.406726	0.725097	0.699596	0.930600	0.014742	
