0.025204	0.067793	0.207880	0.641004	2.016431	0.719126	0.931892	0.003025	
0.081156	0.210726	0.605911	1.569776	0.669282	0.701038	0.764462	0.664167	
0.012395	0.029747	0.091181	0.235060	0.656370	2.053944	0.744707	0.627076	
0.070917	0.167431	0.429675	0.193181	1.240993	0.555751	1.434755	0.002561	
0.050948	0.069786	0.119232	0.196878	0.339960	0.584013	0.517466	0.905510	
0.182833	0.412178	0.204300	0.220953	1.191893	1.173884	0.763905	0.000025	
0.124893	0.197687	0.366738	0.272569	0.326835	0.383494	1.138790	0.417256	
0.197991	0.356331	0.202835	0.943047	0.507377	1.093512	0.760708	0.010566	
0.052331	0.079808	0.144584	0.269230	0.500872	0.386754	1.093138	0.458487	
0.165882	0.306529	0.610308	0.494881	0.468454	0.542217	1.120621	0.000015	
0.204255	0.577398	1.580325	0.592067	1.117075	0.767030	0.786780	0.000022	
0.655043	0.170749	0.190457	0.203842	2.948615	0.757480	0.780827	0.053065	
0.045500	0.103092	0.243733	0.588548	0.310415	1.469441	0.739921	0.599754	
0.217628	0.522844	0.228340	0.265156	1.503251	0.705846	0.721935	0.691878	
0.031551	0.079125	0.221347	0.638565	1.869729	0.729104	0.769658	0.002806	
0.417563	0.173043	0.182800	0.207591	1.323656	1.334803	0.767783	0.000091	
0.079285	0.218047	0.606288	0.253937	0.254708	1.889561	0.730852	0.714532	
0.170244	0.339197	0.196989	0.219073	0.955824	0.545034	1.190177	0.000776	
0.217698	0.098983	0.546363	1.331559	0.638175	0.710891	0.768286	0.000003	
0.042146	0.070082	0.135834	0.262141	0.497724	0.956024	0.923569	0.000637	
0.484116	0.896685	0.511442	0.593726	0.625976	0.686083	0.766511	0.003278	
0.553734	0.298982	0.344400	0.386933	0.426330	0.484164	1.262453	0.000771	
0.661527	0.198712	2.186161	0.735645	0.713696	0.751729	0.774669	0.000509	
0.175167	0.323747	0.202347	0.780007	0.474154	0.536302	1.129845	0.013407	
0.060375	0.101837	0.199984	0.396557	0.791671	0.536743	1.054680	0.001878	
0.015035	0.035601	0.094351	0.247329	0.657649	0.289343	1.883137	0.007260	
0.195422	0.344616	0.661022	0.429226	0.485169	0.977106	0.769605	0.038632	
0.058246	0.185293	0.650917	0.205181	0.212260	0.230394	2.595014	0.001608	
0.214535	0.605824	0.216028	2.024959	0.707011	0.741319	0.772496	0.015014	
0.340873	0.235085	0.247398	0.738412	0.529178	0.620383	0.738594	0.469147	
0.416558	0.161331	0.179227	0.181706	1.361792	0.552099	1.553216	0.006358	
0.068277	0.111350	0.220534	0.429823	0.296511	0.975941	0.934387	0.008602	
0.022777	0.068251	0.230013	0.747693	0.251691	2.333373	0.773491	0.015626	
0.132722	0.076594	0.287573	0.596438	0.973601	0.648478	0.719656	0.520389	
0.004936	0.016650	0.053613	0.195294	0.663691	2.413415	1.261384	0.015542	
0.015631	0.008264	0.043286	0.114513	0.293469	0.786007	1.856202	0.002726	
0.171371	0.399693	0.186516	0.209464	0.224195	1.265533	1.381064	0.000206	
0.220259	0.365597	0.245485	0.765472	0.535804	0.625188	0.741264	0.477039	
0.042776	0.054550	0.089859	0.147141	0.235359	0.387000	0.634188	0.887407	
0.166204	0.079892	0.387106	0.814879	0.436508	0.483517	1.374912	0.001632	
0.258760	0.154437	0.512708	0.354736	0.406694	0.465710	1.171403	0.000705	
0.221789	0.417090	0.807101	0.523249	0.575752	0.634059	0.741172	0.497080	
0.179815	0.644879	0.206292	0.217113	0.255974	2.935897	0.777228	0.018911	
0.060350	0.102867	0.200463	0.372169	0.755936	0.896293	0.725335	0.380580	
0.189331	0.073885	0.532208	1.469959	1.016380	0.719456	0.778154	0.001906	
0.414095	0.862706	0.465802	0.715803	0.618858	0.683370	0.769515	0.001008	
0.025448	0.073285	0.208160	0.635671	1.996948	0.892308	0.772039	0.001891	
0.092700	0.214990	0.556411	0.280620	1.456375	0.686362	0.730283	0.602230	
0.000000	0.000000	0.000000	0.000000	0.000000	0.000000	0.000000	1.234828	
0.043346	0.101900	0.261133	0.668194	1.161163	1.166755	0.773071	0.023336	
0.378130	0.222503	0.253369	0.282495	1.009187	0.631277	0.720721	0.494639	
0.314775	0.500928	0.362771	0.448537	0.517019	0.626840	0.711079	0.452369	
0.032321	0.079316	0.219888	0.638453	0.247109	0.263363	2.119851	0.006964	
0.415506	0.146217	0.152372	0.177408	0.299842	0.530506	2.254533	0.000488	
0.004312	0.013917	0.044742	0.160324	0.579544	0.489082	2.720260	0.001610	
0.463176	0.211307	0.227927	0.255473	0.271773	1.459993	0.747556	0.708838	
0.096203	0.196507	0.583839	0.264527	1.798916	0.725460	0.768737	0.003413	
0.210557	0.362484	0.237210	0.270942	0.304750	0.355907	1.288623	0.504589	
0.406955	0.212860	0.246327	1.009225	0.603126	0.691307	0.765417	0.000262	
0.510813	0.220000	1.346454	0.607205	0.651404	0.720908	0.771110	0.000003	
0.503885	0.168324	0.184477	1.624726	0.569648	1.605698	0.783810	0.000017	
0.090363	0.146299	0.281567	0.538912	0.386348	0.454915	0.530756	1.008133	
0.834325	0.471524	0.474250	0.559720	0.619862	0.706085	0.764121	0.000007	
0.054367	0.094623	0.187213	0.352049	0.726951	0.476063	0.545510	1.047381	
0.534495	0.217721	0.239864	1.567023	0.674171	0.741542	0.768650	0.000327	
0.355554	0.165025	0.181575	0.239230	0.245419	1.176115	1.337585	0.000917	
0.170178	0.676025	0.171352	0.195867	2.989404	0.758282	0.781077	0.053727	
0.160479	0.099354	0.306843	0.248645	0.278728	0.845664	1.028836	0.011948	
0.086646	0.130116	0.231729	0.408132	0.333518	0.398691	1.067014	0.390838	
0.358719	0.196210	0.221663	0.253711	0.294955	0.336358	1.277777	0.634047	
0.073494	0.039702	0.182267	0.105152	0.487533	1.133665	1.258690	0.494151	
0.200915	0.406177	0.916927	0.681886	0.611074	0.679018	0.764196	0.000016	
0.201718	0.093163	0.533367	1.371413	0.623559	0.871932	0.771698	0.009569	
0.111846	0.216780	0.074249	0.647120	2.331277	0.720971	0.751025	0.673908	
0.018999	0.008773	0.047961	0.119710	0.288248	0.678093	1.718301	0.382809	
0.163964	0.608300	0.168371	0.180745	0.374350	0.207147	2.917248	0.018556	
0.210287	0.462998	0.242396	0.270077	0.285395	1.428478	0.718307	0.626531	
0.014858	0.031330	0.099563	0.294475	0.887313	2.002577	0.772764	0.015601	
0.062801	0.184790	0.669107	0.203091	0.211930	2.554819	0.774987	0.016813	
0.104709	0.257650	0.682406	0.284839	1.350635	1.329242	0.779262	0.000172	
0.443374	0.223203	1.112647	0.548160	0.595599	0.663011	0.720754	0.641546	
0.410772	0.145110	0.151297	0.182162	0.301838	0.531738	2.245147	0.000719	
0.004170	0.014761	0.049508	0.188963	0.669851	2.551591	1.301457	0.016305	
0.023823	0.066707	0.201598	0.651173	2.136788	0.724168	0.946087	0.001181	
0.542005	1.278802	0.602351	0.654883	0.681074	0.717553	0.774090	0.000003	
0.166152	0.107176	0.313391	0.555623	0.420069	0.496078	1.045674	0.000660	
0.137520	0.203970	0.376210	0.302087	0.353176	0.439886	1.114094	0.000065	
0.327775	0.519270	0.371869	0.437288	0.517076	0.606627	0.732799	0.465705	
0.213629	0.614983	0.209233	2.155198	0.722391	0.812641	0.773785	0.015823	
0.169645	0.358296	0.196599	0.210638	1.052250	0.549036	1.271861	0.002238	
0.164909	0.605817	0.169474	0.181965	0.374752	0.208934	2.887468	0.018379	
0.208014	0.362328	0.234358	0.273598	0.301422	0.351417	1.292294	0.538269	
0.086288	0.228701	0.618168	1.659001	0.643840	0.706030	0.767434	0.685677	
0.015431	0.036305	0.095633	0.249199	0.658502	0.292090	1.867969	0.007213	
0.102234	0.210082	0.475389	1.092505	0.599330	0.651709	0.725014	0.547407	
0.455074	0.236279	0.232927	0.272207	1.279302	0.681369	0.717575	0.621860	
0.137884	0.088122	0.274375	0.531555	0.843100	0.638053	0.795321	0.003158	
0.399735	0.663791	0.435212	0.522019	0.574470	0.689585	0.757686	0.002375	
0.631518	0.184009	0.202150	0.215177	2.618136	0.750502	0.778815	0.009513	
0.192607	0.594650	0.205483	0.259430	0.276018	2.444264	0.774639	0.016132	
0.513917	0.212346	1.407283	0.603293	0.675713	0.799281	0.787492	0.028871	
0.025175	0.067970	0.213975	0.657254	0.237889	2.209676	0.771974	0.045637	
0.463013	0.246501	0.240084	1.219648	0.644370	0.724101	0.768704	0.006343	
0.088644	0.281904	0.993660	0.308882	2.166711	0.750936	0.976647	0.001657	
0.165436	0.102789	0.316172	0.249552	0.288927	0.852359	1.024510	0.000706	
0.367325	0.167811	0.180123	0.238489	0.233245	1.225948	1.386909	0.016152	
0.029682	0.086365	0.217932	0.701997	2.063789	0.733875	0.771992	0.048555	
0.410477	0.159130	0.176795	0.184033	1.362241	0.552062	1.551755	0.006352	
0.206219	0.548820	0.234370	0.254357	0.256968	1.799153	0.731381	0.746697	
0.050525	0.033839	0.099927	0.070911	0.225992	0.432333	0.813807	1.081299	
0.182785	0.412719	0.204206	0.220786	1.194330	1.175777	0.763969	0.000025	
0.037445	0.060319	0.111889	0.199623	0.385825	0.726342	0.537565	0.989313	
0.004312	0.013917	0.044741	0.160324	0.579544	0.489082	2.720260	0.002215	
0.223932	0.477674	1.181077	0.582397	0.633204	0.707437	0.767331	0.000003	
0.462386	0.163039	0.161606	0.188426	1.629492	1.597482	0.773051	0.000107	
0.203205	0.510933	0.219560	1.498510	0.653707	0.680944	0.738061	0.658794	
0.197631	0.311028	0.590526	0.494471	0.534363	0.640101	0.748645	0.000097	
0.189649	0.349102	0.759025	0.448987	0.514215	0.984750	0.756480	0.000021	
0.232240	0.501399	1.055885	0.589872	0.624175	0.662962	0.726285	0.563540	
0.298731	0.164908	0.648214	0.452734	0.478217	0.542956	1.167129	0.001187	
0.010628	0.025909	0.066558	0.182376	0.492384	1.290858	1.374182	0.710324	
0.176567	0.050640	0.049576	0.687131	2.563315	1.110896	0.779273	0.000393	
0.182445	0.565436	0.192253	0.232348	2.084245	0.722442	0.747266	0.775810	
0.449967	0.225956	0.218936	1.260907	0.626528	0.694814	0.731933	0.604612	
0.205807	0.594468	0.233681	1.445873	0.548366	1.574097	0.773500	0.000029	
0.889241	0.529656	0.514110	0.679774	0.627692	0.689234	0.768132	0.000017	
0.045574	0.088327	0.187372	0.374391	0.835410	0.484303	0.542063	1.156886	
0.055483	0.085618	0.167448	0.316109	0.592968	0.441636	0.508218	1.061946	
0.052709	0.109166	0.254574	0.586058	1.195202	0.663682	0.728088	0.551165	
0.361073	0.192494	0.227366	0.263194	0.291674	0.330648	1.314231	0.648355	
0.036362	0.089646	0.259425	0.741293	1.354116	1.331971	0.779812	0.000171	
0.032939	0.080207	0.220760	0.635936	0.248696	0.265578	2.099637	0.006905	
0.107253	0.301958	0.823449	0.319283	1.755141	0.872412	0.770679	0.000108	
0.045369	0.090162	0.196861	0.402278	0.924706	1.065083	0.733430	0.435219	
0.026046	0.011318	0.069515	0.185554	0.492289	0.530811	1.863903	0.410461	
0.065708	0.188877	0.525223	1.620111	0.569491	1.601293	0.783709	0.000017	
1.274238	0.508730	0.594179	0.827254	0.679965	0.738969	0.775436	0.000001	
0.078954	0.206723	0.621062	0.227629	0.241151	2.111176	0.771088	0.014254	
0.209019	0.108155	0.507627	0.282686	1.264885	0.664869	0.750561	0.552017	
0.124697	0.197960	0.367627	0.272545	0.326650	0.383050	1.141249	0.417928	
0.007059	0.021708	0.072565	0.207248	0.686289	2.355047	0.747665	0.703171	
0.087593	0.149761	0.300763	0.600250	0.400534	0.461881	0.533201	1.056419	
0.512913	0.198625	0.207172	0.219801	0.233745	1.825786	0.745159	0.832986	
0.083284	0.176893	0.647423	0.237733	2.395231	0.750834	0.774606	0.015998	
0.077548	0.209742	0.574194	1.571092	1.082633	0.758975	0.784150	0.000021	
0.014861	0.031337	0.099560	0.294475	0.887313	2.002576	0.772764	0.015662	
0.170666	0.406568	0.185152	0.207487	0.221199	1.296237	1.406008	0.000210	
0.209303	0.105429	0.562075	1.434848	0.662330	0.705533	0.771017	0.000938	
0.094929	0.210464	0.524289	0.267919	1.229397	1.074566	0.764751	0.000252	
0.561388	0.233424	0.215095	1.886453	0.699373	0.797513	0.771348	0.000565	
0.059713	0.187583	0.613681	0.259650	0.287206	2.223660	0.771693	0.764122	
0.198375	0.610580	0.208710	0.242424	2.166163	0.760114	0.775346	0.010567	
0.045183	0.102503	0.243951	0.589062	0.310289	1.471667	0.740009	0.600420	
0.015631	0.008264	0.043286	0.114513	0.293469	0.786007	1.856202	0.002726	
0.240552	0.420963	0.242232	1.066403	0.605349	0.703791	0.763361	0.000004	
0.152967	0.459696	0.168416	1.596232	0.554169	1.636745	0.774632	0.000955	
0.052140	0.108028	0.251996	0.586488	1.191598	0.661700	0.725856	0.566945	
0.168418	0.583082	0.192524	0.191782	0.380141	0.219982	2.714168	0.005284	
0.376376	0.193486	0.227425	0.261461	0.286852	0.322577	1.367572	0.669397	
0.417696	0.156019	0.171067	0.173622	1.396657	0.626237	1.608835	0.031464	
0.167592	0.379995	0.187395	0.202169	1.151464	0.552740	1.357027	0.000885	
0.540081	0.216909	0.238604	1.600330	0.677205	0.743760	0.772428	0.000226	
0.033484	0.106159	0.369046	0.117672	0.830039	0.289956	2.500536	0.001635	
0.191208	0.090934	0.487852	1.213241	0.905296	0.697836	0.788297	0.000841	
0.415615	0.220642	0.895276	0.532394	0.610246	0.685469	0.756251	0.000021	
0.184783	0.608295	0.211161	0.223616	0.262546	2.645263	0.788821	0.016804	
0.105033	0.068349	0.244674	0.540099	0.321574	1.274319	0.731620	0.541880	
0.631536	0.184002	0.202142	0.215168	2.618351	0.750507	0.778817	0.009514	
0.192989	0.605812	0.203103	0.215998	2.223442	0.760196	0.785104	0.041566	
0.037032	0.058965	0.109572	0.195315	0.377062	0.709061	0.525811	1.009989	
0.185771	0.587018	0.212035	0.225363	0.264158	2.436388	0.750121	0.685241	
0.004954	0.014944	0.051425	0.168790	0.573281	0.490462	2.530597	0.002072	
0.117650	0.200870	0.522851	0.282188	1.447044	0.698543	0.766703	0.006633	
0.031118	0.082006	0.228715	0.554604	0.443500	0.279668	2.073098	0.027656	
0.388849	0.164715	0.174065	0.233117	0.223048	1.336942	1.497600	0.001025	
0.121944	0.203291	0.390640	0.271058	0.321891	0.372014	1.206039	0.432290	
0.189364	0.441788	0.199628	0.231959	1.254326	1.223682	0.765977	0.008390	
0.270134	0.625516	0.291027	1.470794	0.668864	0.700223	0.887568	0.000003	
0.194101	0.407898	0.183364	0.208279	1.290023	1.259997	0.741759	0.538770	
0.089624	0.217355	0.577041	1.616177	0.657757	0.704502	0.898225	0.000003	
0.026542	0.011479	0.071140	0.190763	0.490171	0.530938	1.874307	0.412447	
0.018257	0.005683	0.056680	0.198662	0.652540	2.269650	1.261862	0.015048	
0.020717	0.060739	0.192902	0.589623	1.496199	1.651509	0.796795	0.001916	
0.503915	0.223685	0.294397	0.242536	1.606526	0.754574	0.723469	0.728892	
0.098384	0.174287	0.355119	0.227047	0.847956	0.539660	1.100780	0.001961	
0.022033	0.062853	0.198265	0.650756	2.177450	0.752462	0.973417	0.001205	
0.194004	0.435047	0.205028	0.239701	0.264995	0.313646	1.624454	0.778863	
0.007215	0.015716	0.041510	0.112006	0.290995	0.790937	1.889708	0.002769	
0.025258	0.048006	0.100742	0.198792	0.441231	0.258832	1.054065	1.130445	
0.108808	0.070520	0.256881	0.583735	0.289419	1.450198	0.718342	0.632408	
0.097856	0.130034	0.221923	0.370943	0.338572	0.423574	0.973695	0.347919	
0.316690	0.555195	0.362048	0.422824	0.493675	0.894165	0.751299	0.000019	
0.190740	0.568312	1.828802	0.902528	0.698367	0.741361	0.772367	0.000462	
0.200210	0.487428	1.318336	0.632023	0.648792	0.741154	0.730688	0.631128	
0.449967	0.225956	0.218936	1.260907	0.626528	0.694814	0.731933	0.604612	
1.280255	0.511132	0.578990	0.827254	0.679965	0.738969	0.775436	0.000001	
0.164852	0.058818	0.474811	0.199896	0.199063	0.526690	2.155896	0.000158	
0.514625	0.139303	0.139922	0.159138	2.118749	1.996456	0.779867	0.000133	
0.514533	0.186454	0.195321	0.209539	0.221821	1.857943	0.729022	0.989944	
0.200398	0.090662	0.515769	0.280151	1.464226	0.682464	0.738044	0.507543	
