0.164542	0.204255	0.217934	0.428892	0.452596	0.577176	0.727781	0.000842	
0.113130	0.057789	0.064450	0.281623	0.619073	0.359694	1.483479	0.000134	
0.188470	0.137206	0.160471	0.432537	0.792990	0.630854	0.750758	0.001645	
0.143223	0.105004	0.137913	0.326766	0.574835	0.493105	0.588088	0.789473	
0.005760	0.016953	0.059046	0.206171	0.709837	2.486373	0.779520	0.001923	
0.243375	0.113667	0.520922	0.333586	0.308505	1.574371	0.784937	0.077182	
0.130968	0.209145	0.150033	0.452125	0.328630	0.409755	1.244358	0.060055	
0.172487	0.099424	0.357623	0.736687	0.504610	0.556375	0.661631	0.828440	
0.214224	0.117271	0.139091	0.184825	0.185594	0.655803	1.399700	0.067078	
0.117440	0.202224	0.136144	0.185038	0.576769	1.140583	0.768113	0.013206	
0.042032	0.092514	0.236399	0.607591	0.293984	0.315118	1.820122	0.000006	
0.177796	0.140077	0.309980	0.526910	0.477143	0.596416	0.746523	0.050745	
0.286138	0.197619	0.229284	0.308481	0.361302	0.936230	0.749177	0.061972	
0.209442	0.108777	0.122397	0.554012	0.305862	1.433964	0.759869	0.001283	
0.311948	0.205048	0.232627	0.313151	0.358695	1.012728	0.754415	0.064905	
0.043371	0.023096	0.029163	0.116709	0.265706	0.585257	1.341154	0.869053	
0.206452	0.263073	0.263632	0.361970	0.451596	0.563153	0.754617	0.008721	
0.000000	0.000000	0.000000	0.000000	0.000000	0.000000	0.000000	1.286294	
0.034136	0.016142	0.088181	0.223258	0.567719	1.437414	0.670137	0.935744	
0.013514	0.029060	0.070403	0.169779	0.390698	0.948063	1.515500	0.013672	
0.126286	0.202499	0.155088	0.461103	0.866021	0.645708	0.747396	0.000390	
0.111410	0.211387	0.463862	0.296938	0.301649	0.368986	1.555124	0.079871	
0.332670	0.205613	0.234359	0.761153	0.567371	0.641271	0.773016	0.000332	
0.048442	0.023414	0.122448	0.303401	0.754931	1.529458	0.763725	0.001360	
0.002532	0.005549	0.019311	0.065486	0.218385	0.740162	2.502838	0.002922	
0.003016	0.008590	0.018596	0.066404	0.219827	0.739435	2.481712	0.002894	
0.054236	0.024522	0.031285	0.157356	0.387252	0.988425	1.624212	0.003427	
0.105336	0.054519	0.058508	0.274255	0.622397	0.384660	1.561796	0.071859	
0.091293	0.109713	0.172633	0.194681	0.359529	0.386198	0.499496	0.825360	
0.033405	0.021167	0.090232	0.217663	0.549663	1.354626	0.642995	1.035866	
0.159420	0.103675	0.119684	0.378529	0.739407	0.530192	0.599665	0.878647	
0.212695	0.409420	0.234194	0.328798	1.186401	0.677613	0.779217	0.003553	
0.019836	0.056265	0.028732	0.212276	0.711064	2.364670	0.778225	0.000176	
0.209712	0.329582	0.234333	0.759734	0.566955	0.641032	0.772882	0.000332	
0.210426	0.115002	0.128513	0.507946	1.074106	0.666546	0.788065	0.000123	
0.208206	0.100965	0.106027	0.565928	0.287914	0.351935	1.701469	0.076616	
0.115432	0.203682	0.133026	0.181153	0.585812	1.179771	0.770669	0.013495	
0.123742	0.208153	0.138930	0.480045	0.321321	0.397941	1.327404	0.062657	
0.513885	0.228051	0.231573	0.334245	0.301023	1.688534	0.790533	0.001745	
0.044103	0.023859	0.030138	0.117107	0.260984	0.586326	1.315089	0.855253	
0.272270	0.128509	0.163655	0.195911	0.180262	0.907922	1.542607	0.013766	
0.137547	0.190165	0.327510	0.586847	0.523275	0.617201	0.739292	0.000941	
0.336507	0.263442	0.790255	0.569997	0.605301	0.652249	0.813064	0.000623	
0.213371	0.105430	0.140287	0.561825	0.309250	1.449644	0.760392	0.010221	
0.120592	0.066603	0.077073	0.307416	0.672528	1.256701	0.770324	0.000084	
0.701635	0.384616	0.436931	0.579279	0.576727	0.654601	0.804605	0.000622	
0.234364	0.408959	0.243539	1.032853	0.613406	0.693325	0.758980	0.000301	
0.160925	0.102475	0.117357	0.387374	0.770563	0.535948	0.600921	0.897885	
0.220807	0.426660	0.226372	0.307237	0.328732	1.488514	0.764563	0.006380	
0.006338	0.018501	0.059630	0.207617	0.708455	2.458983	0.779233	0.000853	
0.131861	0.105681	0.226630	0.380923	0.639062	0.591645	0.733142	0.055505	
0.017344	0.008789	0.042116	0.100498	0.239582	0.561169	1.344728	1.054818	
0.216505	0.122488	0.131193	0.575452	1.222700	0.712674	0.758696	0.000002	
0.468686	0.227720	0.259644	0.346774	0.328712	0.365537	1.529197	0.000675	
0.210463	0.384681	0.234938	0.326979	1.093374	0.666792	0.773786	0.003389	
0.702091	0.384866	0.437215	0.579656	0.577102	0.655027	0.803046	0.000622	
0.002815	0.006095	0.020414	0.067968	0.222239	0.738196	2.446433	0.002861	
0.000000	0.000000	0.000000	0.000000	0.000000	0.000000	0.000000	1.285342	
0.132521	0.159990	0.178821	0.341527	0.544756	0.576302	0.727049	0.008800	
0.099385	0.084821	0.167498	0.282970	0.274936	0.589321	0.978643	0.047686	
0.021394	0.047815	0.120220	0.301021	0.754289	1.549192	0.763808	0.001371	
0.053777	0.031148	0.110057	0.224976	0.457239	0.935355	0.602253	0.919693	
0.457882	0.299255	0.219173	0.299060	0.279520	1.764135	0.792848	0.001789	
0.209712	0.089590	0.120714	0.607788	0.267078	1.762667	0.766740	0.000003	
0.132862	0.195514	0.334823	0.607190	0.531182	0.622023	0.740510	0.000954	
0.208693	0.104390	0.110643	0.554278	0.293383	0.358787	1.638655	0.074240	
0.202488	0.465683	0.274406	0.304201	1.564487	0.707743	0.765725	0.013061	
0.091322	0.109747	0.172686	0.194741	0.359608	0.386054	0.499496	0.825360	
0.097108	0.205629	0.123030	0.611799	0.292953	0.304252	1.824257	0.000006	
0.376065	0.236225	0.270084	0.358615	0.379876	0.470729	1.161900	0.011077	
0.033289	0.063795	0.139469	0.306958	0.674549	1.271685	0.756707	0.001191	
0.131554	0.103900	0.225301	0.384236	0.652956	0.598415	0.739391	0.050616	
0.072368	0.193612	0.101094	0.645600	1.934177	0.728222	0.771124	0.001694	
0.105829	0.209468	0.125388	0.530565	0.331717	1.357255	0.759053	0.001216	
0.207233	0.112590	0.132772	0.509451	0.338184	1.258504	0.755942	0.001156	
0.434700	0.291966	0.233124	0.304705	0.279290	1.623390	0.787018	0.000757	
0.081870	0.059244	0.154440	0.286335	0.528349	0.975353	0.743590	0.062028	
0.095751	0.158859	0.118082	0.371729	0.730664	0.521353	0.588895	0.909242	
0.187829	0.134321	0.331760	0.591936	0.521610	0.624621	0.739699	0.000946	
0.021358	0.011524	0.048828	0.109743	0.245047	0.551876	1.240860	0.992928	
0.009954	0.026313	0.070296	0.224000	0.691925	2.168994	0.771953	0.000078	
0.130587	0.209892	0.149254	0.454872	0.327790	0.408342	1.254050	0.060409	
0.040744	0.028499	0.101113	0.223295	0.512017	1.149193	0.627001	0.977897	
0.217554	0.453947	0.242826	1.176650	0.639093	0.711300	0.763103	0.000002	
0.007016	0.003014	0.022760	0.069990	0.225948	0.736249	2.393633	0.002805	
0.208314	0.517361	0.310219	0.317912	0.296197	1.795927	0.767658	0.000002	
0.006849	0.020291	0.069426	0.204005	0.702188	2.419384	0.841555	0.002970	
0.213730	0.426886	0.233155	0.329696	1.256078	0.684976	0.783094	0.002014	
0.510610	0.235293	0.231573	0.334245	0.301023	1.688534	0.790533	0.001745	
0.040744	0.028499	0.101113	0.223295	0.512017	1.149193	0.627001	0.977897	
0.069438	0.110232	0.068479	0.282123	0.609250	0.365958	1.436089	0.003545	
0.362728	0.202581	0.241027	0.298947	0.318358	0.392488	1.368898	0.065911	
0.213441	0.102256	0.132667	0.569260	0.289365	1.515745	0.761878	0.016258	
0.210426	0.115002	0.128513	0.507946	1.074106	0.666546	0.788065	0.000123	
0.058064	0.083156	0.073031	0.191160	0.348783	0.628266	0.494145	1.016363	
0.074143	0.047207	0.052843	0.172381	0.336858	0.643182	1.254619	0.066911	
0.035817	0.088696	0.041932	0.263002	0.657735	1.792943	0.770473	0.001498	
0.130730	0.209616	0.149545	0.453851	0.328104	0.408868	1.250435	0.060277	
0.095751	0.158859	0.118082	0.371729	0.730664	0.521353	0.588895	0.909242	
0.216028	0.124381	0.140015	0.494044	0.328685	0.406856	1.323837	0.062924	
