0.000000	0.000000	0.948682	0.000000	0.316230	
0.000000	0.408211	0.408192	0.816543	0.000000	
0.707121	0.000000	0.707093	0.000000	0.000000	
0.000000	0.816526	0.408206	0.000000	0.408231	
0.000000	0.408227	0.408210	0.000000	0.816526	
0.408320	0.000000	0.408304	0.000000	0.816726	
0.948687	0.000000	0.316215	0.000000	0.000000	
0.000000	0.408254	0.816502	0.000000	0.408231	
0.316232	0.000000	0.948682	0.000000	0.000000	
0.000000	0.408280	0.000000	0.816487	0.408236	
0.408213	0.000000	0.000000	0.408216	0.816530	
0.000000	0.707104	0.000000	0.707109	0.000000	
0.816496	0.000000	0.000000	0.408262	0.408237	
0.408281	0.816522	0.408181	0.000000	0.000000	
0.000000	0.000000	0.707108	0.000000	0.707105	
0.000000	0.000000	0.316231	0.000000	0.948682	
0.408287	0.408296	0.816453	0.000000	0.000000	
0.000000	0.000000	0.707108	0.707105	0.000000	
0.000000	0.707108	0.000000	0.000000	0.707105	
0.000000	0.816498	0.000000	0.408263	0.408231	
0.000000	0.000000	0.816496	0.408262	0.408236	
0.499807	0.499838	0.500226	0.000000	0.500130	
0.316450	0.000000	0.000000	0.949691	0.000000	
0.000000	0.000000	0.408279	0.816487	0.408236	
0.000000	0.000000	0.408216	0.408214	0.816530	
0.408249	0.000000	0.816500	0.408241	0.000000	
0.000000	0.316232	0.000000	0.000000	0.948682	
0.408220	0.816516	0.000000	0.000000	0.408236	
0.000000	0.408360	0.816445	0.408240	0.000000	
0.000000	0.000000	0.316344	0.948645	0.000000	
0.000000	0.500241	0.500150	0.499820	0.499789	
0.816586	0.408077	0.000000	0.408240	0.000000	
0.412037	0.412063	0.000000	0.000000	0.824199	
0.000000	0.316344	0.000000	0.948645	0.000000	
0.316231	0.000000	0.000000	0.000000	0.948682	
0.948683	0.316228	0.000000	0.000000	0.000000	
0.816525	0.000000	0.408199	0.408242	0.000000	
0.000000	0.316232	0.948682	0.000000	0.000000	
0.816587	0.408085	0.000000	0.000000	0.408231	
0.000000	0.000000	0.000000	0.316278	0.948667	
0.948682	0.000000	0.000000	0.000000	0.316230	
0.000000	0.816568	0.408131	0.408221	0.000000	
0.000000	1.000000	0.000000	0.000000	0.000000	
0.500075	0.000000	0.500055	0.500073	0.499797	
0.000000	0.948682	0.000000	0.000000	0.316230	
0.000000	0.000000	0.000000	1.000000	0.000000	
0.500245	0.500324	0.501024	0.499856	0.000000	
0.816777	0.408182	0.408252	0.000000	0.000000	
0.408260	0.408269	0.000000	0.816480	0.000000	
0.000000	0.948687	0.316215	0.000000	0.000000	
0.707108	0.000000	0.000000	0.707106	0.000000	
0.316241	0.948679	0.000000	0.000000	0.000000	
0.000000	0.000000	0.000000	0.707108	0.707105	
0.408231	0.816509	0.000000	0.408242	0.000000	
0.000000	0.948891	0.000000	0.315605	0.000000	
0.408254	0.000000	0.816502	0.000000	0.408231	
0.500151	0.500180	0.000000	0.500173	0.499496	
0.408210	0.000000	0.408193	0.816543	0.000000	
0.000000	0.408213	0.000000	0.408216	0.816530	
0.000000	0.000000	0.000000	0.948682	0.316230	
0.408279	0.000000	0.000000	0.816487	0.408236	
0.000000	0.000000	1.000000	0.000000	0.000000	
0.000000	0.000000	0.948681	0.316235	0.000000	
0.707108	0.000000	0.000000	0.000000	0.707105	
0.707099	0.707114	0.000000	0.000000	0.000000	
0.000000	0.000000	0.000000	0.000000	1.000000	
0.948681	0.000000	0.000000	0.316233	0.000000	
0.000000	0.707121	0.707093	0.000000	0.000000	
1.000000	0.000000	0.000000	0.000000	0.000000	
0.816526	0.000000	0.408206	0.000000	0.408231	
0.381842	0.083920	0.721998	0.574485	0.000000	
0.000000	0.948916	0.000000	0.315558	0.000000	
0.821052	0.000000	0.000798	0.574485	0.000000	
0.000000	0.919416	0.000000	0.000000	0.398922	
0.860899	0.397836	0.000000	0.317141	0.000000	
0.840863	0.000000	0.505579	0.000000	0.226532	
0.000000	0.444901	0.889797	0.000000	0.304004	
0.316883	0.000000	0.000000	0.950990	0.000000	
0.489258	0.510168	0.500226	0.000000	0.500130	
0.326249	0.019929	0.327321	0.000000	0.896327	
0.408534	0.408544	0.000000	0.817029	0.000000	
0.367662	0.835600	0.408181	0.000000	0.000000	
0.821453	0.398198	0.000000	0.000000	0.408231	
0.576802	0.026262	0.000000	0.000000	0.816664	
0.704443	0.704458	0.000000	0.087926	0.000000	
0.000000	0.000000	0.000000	0.948682	0.316230	
0.000000	0.000000	0.010589	0.000000	0.999944	
0.998763	0.000000	0.000000	0.000000	0.063555	
0.816525	0.000000	0.408199	0.408242	0.000000	
0.146213	0.435464	0.888253	0.000000	0.000000	
0.117644	0.000000	0.903756	0.416258	0.000000	
0.895198	0.000000	0.445669	0.000003	0.000000	
0.516094	0.684900	0.000000	0.000000	0.545226	
0.009433	0.913044	0.408252	0.000000	0.000000	
0.000000	0.655702	0.000000	0.000000	0.755461	
0.408913	0.000000	0.408895	0.817949	0.000000	
0.663136	0.037131	0.121547	0.477449	0.562264	
0.408270	0.408279	0.823911	0.000000	0.000000	
0.000000	0.712877	0.550182	0.403849	0.177946	
0.000000	0.401690	0.803109	0.402714	0.177446	
