0.816488	0.000000	0.408266	0.408247	0.000000	
0.408248	0.000000	0.816497	0.408247	0.000000	
0.408250	0.408251	0.000000	0.000000	0.816494	
0.000000	0.000000	0.000000	0.316229	0.948683	
0.000000	0.000000	0.707108	0.000000	0.707105	
0.408264	0.408265	0.000000	0.816480	0.000000	
0.316231	0.000000	0.000000	0.948682	0.000000	
0.000000	0.316223	0.000000	0.948685	0.000000	
0.000000	0.707108	0.000000	0.000000	0.707105	
0.000000	0.000000	0.316229	0.000000	0.948683	
0.000000	0.000000	0.000000	0.948682	0.316230	
0.499997	0.000000	0.500003	0.500005	0.499995	
0.408262	0.000000	0.408267	0.816480	0.000000	
0.948683	0.000000	0.000000	0.316229	0.000000	
0.000000	0.948682	0.000000	0.000000	0.316230	
0.000000	0.707108	0.000000	0.707106	0.000000	
0.408239	0.000000	0.000000	0.816503	0.408245	
0.000000	1.000000	0.000000	0.000000	0.000000	
0.500000	0.500000	0.000000	0.500005	0.499995	
0.000000	0.816524	0.408195	0.408247	0.000000	
0.408251	0.000000	0.000000	0.408250	0.816495	
0.000000	0.000000	0.408251	0.408250	0.816494	
0.499992	0.499992	0.500013	0.500002	0.000000	
0.000000	0.408249	0.816498	0.000000	0.408245	
0.000000	0.316229	0.000000	0.000000	0.948683	
0.816520	0.408271	0.408178	0.000000	0.000000	
0.000000	0.816498	0.000000	0.408248	0.408245	
0.000000	0.408249	0.816497	0.408247	0.000000	
0.000000	0.000000	0.316231	0.948682	0.000000	
0.948682	0.000000	0.316230	0.000000	0.000000	
0.707108	0.000000	0.000000	0.000000	0.707105	
0.316215	0.948687	0.000000	0.000000	0.000000	
0.707108	0.000000	0.000000	0.707106	0.000000	
0.499995	0.499995	0.500018	0.000000	0.499993	
0.000000	0.000000	0.000000	1.000000	0.000000	
0.000000	0.000000	0.408239	0.816503	0.408245	
0.000000	0.000000	1.000000	0.000000	0.000000	
0.000000	0.707103	0.707111	0.000000	0.000000	
1.000000	0.000000	0.000000	0.000000	0.000000	
0.816494	0.408257	0.000000	0.000000	0.408245	
0.000000	0.499996	0.500004	0.500005	0.499995	
0.948682	0.000000	0.000000	0.000000	0.316230	
0.316229	0.000000	0.000000	0.000000	0.948683	
0.316232	0.000000	0.948682	0.000000	0.000000	
0.000000	0.000000	0.948683	0.316229	0.000000	
0.408248	0.000000	0.408253	0.000000	0.816495	
0.408264	0.816490	0.000000	0.000000	0.408245	
0.408249	0.000000	0.816498	0.000000	0.408245	
0.408277	0.816517	0.408178	0.000000	0.000000	
0.948683	0.316228	0.000000	0.000000	0.000000	
0.816498	0.000000	0.000000	0.408248	0.408245	
0.408225	0.408225	0.816520	0.000000	0.000000	
0.000000	0.408269	0.408274	0.816474	0.000000	
0.000000	0.948683	0.000000	0.316229	0.000000	
0.000000	0.000000	0.707108	0.707106	0.000000	
0.000000	0.316232	0.948682	0.000000	0.000000	
0.816498	0.000000	0.408249	0.000000	0.408245	
0.408263	0.816490	0.000000	0.408247	0.000000	
0.000000	0.816500	0.408245	0.000000	0.408245	
0.000000	0.408239	0.000000	0.816503	0.408245	
0.000000	0.948682	0.316230	0.000000	0.000000	
0.816489	0.408265	0.000000	0.408247	0.000000	
0.000000	0.000000	0.000000	0.707108	0.707105	
0.000000	0.000000	0.816498	0.408248	0.408245	
0.707107	0.707107	0.000000	0.000000	0.000000	
0.000000	0.000000	0.948682	0.000000	0.316230	
0.000000	0.408248	0.408253	0.000000	0.816495	
0.707103	0.000000	0.707111	0.000000	0.000000	
0.000000	0.408251	0.000000	0.408250	0.816495	
0.000000	0.000000	0.000000	0.000000	1.000000	
0.916118	0.227154	0.000000	0.330348	0.000000	
0.316047	0.000000	0.000000	0.948132	0.035418	
0.000000	0.816500	0.408245	0.000000	0.408245	
0.420388	0.040459	0.849075	0.320157	0.000000	
0.000000	0.324436	0.945908	0.000000	0.000000	
0.125839	0.324221	0.048794	0.793681	0.496724	
0.123480	0.041160	0.000000	0.386003	0.913269	
0.929486	0.000000	0.000000	0.385065	0.012180	
0.017872	0.019000	0.000000	0.947579	0.318455	
0.010708	0.000161	0.914830	0.403729	0.000000	
0.000000	0.037944	0.000000	0.000000	1.002504	
0.000000	0.239309	0.000000	0.239308	0.962295	
0.751596	0.138458	0.454848	0.000000	0.461097	
0.000000	0.926470	0.000000	0.383815	0.000000	
0.322760	0.031620	0.945524	0.046754	0.000000	
0.500052	0.500052	0.499893	0.500002	0.000000	
0.402261	0.804486	0.000000	0.437022	0.000000	
0.447408	0.894774	0.000000	0.000000	0.000000	
0.237209	0.000000	0.368435	0.899358	0.000000	
0.707096	0.000000	0.500013	0.500002	0.000000	
0.000000	0.821434	0.398223	0.408247	0.000000	
0.317092	0.000000	0.005842	0.317145	0.893834	
0.998271	0.000000	0.000000	0.067571	0.000000	
0.499997	0.000000	0.500003	0.500005	0.499995	
0.928864	0.371342	0.000000	0.000000	0.000000	
0.000000	0.668539	0.324101	0.668782	0.027286	
0.000000	0.573179	0.031633	0.818819	0.000000	
0.697792	0.000000	0.040951	0.698991	0.161026	
0.561419	0.138895	0.817974	0.000000	0.000000	
0.347033	0.733400	0.445346	0.000000	0.413914	
