0.000000	0.000000	0.000000	0.316284	0.948665	
0.408231	0.816509	0.000000	0.408241	0.000000	
0.316232	0.000000	0.948682	0.000000	0.000000	
0.000000	0.000000	0.000000	0.948737	0.316249	
0.407988	0.000000	0.816635	0.000000	0.408231	
0.816498	0.000000	0.000000	0.408263	0.408231	
0.000000	0.000000	0.316284	0.000000	0.948665	
0.707120	0.000000	0.000000	0.707093	0.000000	
0.000000	0.316344	0.000000	0.948645	0.000000	
0.000000	0.316232	0.000000	0.000000	0.948682	
0.948681	0.000000	0.000000	0.316235	0.000000	
0.000000	0.408230	0.408173	0.816543	0.000000	
0.000000	0.316233	0.948682	0.000000	0.000000	
0.000000	0.000000	0.316344	0.948644	0.000000	
0.948682	0.000000	0.000000	0.000000	0.316230	
0.408278	0.816604	0.408004	0.000000	0.000000	
0.000000	0.707112	0.000000	0.000000	0.707101	
0.000000	0.948701	0.000000	0.316175	0.000000	
0.707086	0.707127	0.000000	0.000000	0.000000	
0.000000	0.816591	0.408143	0.000000	0.408237	
0.000000	0.000000	0.000000	0.000000	1.000000	
1.000000	0.000000	0.000000	0.000000	0.000000	
0.000000	0.948687	0.316215	0.000000	0.000000	
0.948670	0.316266	0.000000	0.000000	0.000000	
0.500113	0.000000	0.500022	0.500075	0.499789	
0.316232	0.000000	0.000000	0.000000	0.948682	
0.000000	0.816498	0.000000	0.408263	0.408231	
0.707122	0.000000	0.707092	0.000000	0.000000	
0.408230	0.000000	0.408173	0.816543	0.000000	
0.000000	0.000000	0.000000	0.707109	0.707105	
0.408244	0.000000	0.816489	0.408267	0.000000	
0.408220	0.408311	0.000000	0.816480	0.000000	
0.408322	0.408262	0.816453	0.000000	0.000000	
0.000000	0.000000	1.000000	0.000000	0.000000	
0.000000	0.408424	0.408407	0.000000	0.816329	
0.000000	0.000000	0.948682	0.000000	0.316230	
0.816567	0.000000	0.408131	0.000000	0.408225	
0.000000	0.707122	0.707092	0.000000	0.000000	
0.499916	0.499271	0.501436	0.499987	0.000000	
0.000000	0.000000	0.823619	0.411823	0.411792	
0.000000	0.948682	0.000000	0.000000	0.316230	
0.000000	0.500428	0.500337	0.499445	0.499789	
0.408223	0.000000	0.000000	0.408207	0.816530	
0.000000	0.000000	0.948681	0.316235	0.000000	
0.000000	0.707120	0.000000	0.707093	0.000000	
0.500121	0.500206	0.500567	0.000000	0.499984	
0.408280	0.000000	0.000006	0.816489	0.408231	
0.000000	0.000000	0.707108	0.000000	0.707105	
0.408422	0.000000	0.408405	0.000000	0.816331	
0.000000	0.412662	0.000000	0.412178	0.815711	
0.316241	0.948679	0.000000	0.000000	0.000000	
0.000000	0.408283	0.000000	0.816492	0.408233	
0.000000	1.000000	0.000000	0.000000	0.000000	
0.000000	0.407984	0.816637	0.000000	0.408231	
0.408221	0.816519	0.000000	0.000000	0.408231	
0.408362	0.408468	0.000000	0.000000	0.816329	
0.948687	0.000000	0.316215	0.000000	0.000000	
0.816587	0.408085	0.000000	0.000000	0.408231	
0.499753	0.499782	0.000000	0.499775	0.500689	
0.816680	0.408126	0.408003	0.000000	0.000000	
0.000000	0.000000	0.707104	0.707117	0.000000	
0.000000	0.817556	0.408714	0.408756	0.000000	
0.000000	0.408364	0.816443	0.408239	0.000000	
0.316344	0.000000	0.000000	0.948645	0.000000	
0.707109	0.000000	0.000000	0.000000	0.707105	
0.000000	0.000000	0.408280	0.816489	0.408231	
0.816525	0.000000	0.408199	0.408241	0.000000	
0.816592	0.408080	0.000000	0.408242	0.000000	
0.000000	0.000000	0.408209	0.408216	0.816532	
0.000000	0.000000	0.000000	1.000000	0.000000	
0.000000	0.000000	0.316344	0.948644	0.000000	
0.001154	0.000474	0.000000	0.588061	0.808816	
0.412724	0.829862	0.414192	0.000000	0.000000	
0.817952	0.000000	0.405349	0.000000	0.408225	
0.816595	0.408081	0.000000	0.408244	0.000000	
0.000000	0.000000	0.000000	0.000000	1.000000	
0.241806	0.203970	0.000000	0.948645	0.000000	
0.548881	0.000000	0.708928	0.442928	0.000000	
0.008288	0.002573	0.408116	0.408216	0.816532	
0.953119	0.317749	0.000000	0.000000	0.000000	
0.682903	0.168635	0.073535	0.707262	0.000000	
0.316241	0.948679	0.000000	0.000000	0.000000	
0.982407	0.000000	0.187594	0.000000	0.000000	
0.294446	0.502250	0.000000	0.000000	0.813848	
0.000000	0.000000	0.707285	0.707298	0.000000	
0.000000	0.317206	0.000000	0.951230	0.000000	
0.023465	0.679110	0.460826	0.408273	0.411849	
0.036313	0.905033	0.000000	0.401327	0.136138	
0.070996	0.441245	0.894574	0.000000	0.000000	
0.833423	0.000000	0.000000	0.372496	0.408231	
0.407384	0.814815	0.000000	0.412449	0.000000	
0.402833	0.000000	0.407174	0.000000	0.819717	
0.558345	0.002052	0.819442	0.129522	0.000000	
0.000000	0.608965	0.615932	0.000591	0.499789	
0.000000	0.000000	0.999802	0.000194	0.020274	
0.830205	0.400545	0.411935	0.000000	0.000000	
1.000000	0.000000	0.000000	0.000865	0.000000	
0.000000	0.000000	0.000000	0.316287	0.948674	
0.000000	0.000000	0.000000	1.000000	0.000000	
0.000000	0.000000	0.825501	0.412764	0.407054	
