0.408248	0.000000	0.816497	0.408247	0.000000	
0.408277	0.816517	0.408178	0.000000	0.000000	
0.000000	0.000000	0.707108	0.707106	0.000000	
0.408248	0.000000	0.408253	0.000000	0.816495	
0.948683	0.316228	0.000000	0.000000	0.000000	
0.408239	0.000000	0.000000	0.816503	0.408245	
0.316215	0.948687	0.000000	0.000000	0.000000	
0.000000	0.707108	0.000000	0.707106	0.000000	
1.000000	0.000000	0.000000	0.000000	0.000000	
0.408251	0.000000	0.000000	0.408250	0.816495	
0.000000	0.000000	0.948682	0.000000	0.316230	
0.408250	0.408251	0.000000	0.000000	0.816494	
0.816494	0.408257	0.000000	0.000000	0.408245	
0.000000	0.000000	0.000000	0.707108	0.707105	
0.000000	0.000000	0.948683	0.316229	0.000000	
0.408249	0.000000	0.816498	0.000000	0.408245	
0.316229	0.000000	0.000000	0.000000	0.948683	
0.316231	0.000000	0.000000	0.948682	0.000000	
0.000000	0.316223	0.000000	0.948685	0.000000	
0.816498	0.000000	0.000000	0.408248	0.408245	
0.000000	0.948683	0.000000	0.316229	0.000000	
0.707103	0.000000	0.707111	0.000000	0.000000	
0.408265	0.408265	0.000000	0.816480	0.000000	
0.948682	0.000000	0.316230	0.000000	0.000000	
0.499992	0.499992	0.500013	0.500002	0.000000	
0.000000	0.948682	0.316230	0.000000	0.000000	
0.408263	0.816490	0.000000	0.408247	0.000000	
0.499998	0.000000	0.500003	0.500005	0.499995	
0.000000	0.408249	0.816498	0.000000	0.408245	
0.000000	0.816500	0.408245	0.000000	0.408245	
0.707108	0.000000	0.000000	0.707106	0.000000	
0.816488	0.000000	0.408266	0.408247	0.000000	
0.816520	0.408271	0.408178	0.000000	0.000000	
0.408225	0.408225	0.816520	0.000000	0.000000	
0.000000	0.408239	0.000000	0.816503	0.408245	
0.500000	0.500000	0.000000	0.500005	0.499995	
0.000000	0.408248	0.408253	0.000000	0.816495	
0.408262	0.000000	0.408267	0.816481	0.000000	
0.000000	0.707108	0.000000	0.000000	0.707105	
0.707108	0.000000	0.000000	0.000000	0.707105	
0.000000	0.000000	0.316231	0.948682	0.000000	
0.948682	0.000000	0.000000	0.000000	0.316230	
0.000000	0.499996	0.500004	0.500005	0.499995	
0.408264	0.816490	0.000000	0.000000	0.408245	
0.000000	0.000000	1.000000	0.000000	0.000000	
0.816498	0.000000	0.408249	0.000000	0.408245	
0.499995	0.499995	0.500018	0.000000	0.499993	
0.000000	0.816524	0.408195	0.408247	0.000000	
0.000000	0.707103	0.707111	0.000000	0.000000	
0.707107	0.707107	0.000000	0.000000	0.000000	
0.000000	0.000000	0.816498	0.408248	0.408245	
0.000000	0.316232	0.948682	0.000000	0.000000	
0.816489	0.408265	0.000000	0.408247	0.000000	
0.948683	0.000000	0.000000	0.316229	0.000000	
0.000000	1.000000	0.000000	0.000000	0.000000	
0.316232	0.000000	0.948682	0.000000	0.000000	
0.000000	0.816498	0.000000	0.408248	0.408245	
0.000000	0.000000	0.000000	1.000000	0.000000	
0.000000	0.000000	0.707108	0.000000	0.707105	
0.000000	0.000000	0.000000	0.000000	1.000000	
0.000000	0.316229	0.000000	0.000000	0.948683	
0.000000	0.408251	0.000000	0.408250	0.816495	
0.000000	0.408269	0.408274	0.816474	0.000000	
0.000000	0.000000	0.000000	0.948682	0.316230	
0.000000	0.948682	0.000000	0.000000	0.316230	
0.000000	0.408249	0.816497	0.408247	0.000000	
0.000000	0.000000	0.408239	0.816503	0.408245	
0.000000	0.000000	0.000000	0.316229	0.948683	
0.000000	0.000000	0.316229	0.000000	0.948683	
0.000000	0.000000	0.408251	0.408250	0.816494	
0.921625	0.000000	0.412078	0.000000	0.000000	
0.425115	0.164793	0.454502	0.000000	0.765211	
0.707103	0.000000	0.707111	0.000000	0.000000	
0.060513	0.054513	0.862751	0.500328	0.000000	
0.000000	0.738802	0.527200	0.000000	0.420342	
0.038147	0.000000	0.999272	0.000000	0.000000	
0.190016	0.855287	0.000000	0.481374	0.025633	
0.707107	0.707107	0.000000	0.000000	0.000000	
0.310966	0.023523	0.000000	0.311853	0.897494	
0.000000	0.000000	0.318004	0.949100	0.000000	
0.366542	0.849153	0.413536	0.000000	0.000000	
0.374846	0.000000	0.781575	0.000960	0.499202	
0.000000	0.612445	0.612455	0.002735	0.500059	
0.746696	0.366935	0.000000	0.372073	0.438977	
0.013552	0.582212	0.000000	0.000000	0.823588	
0.652646	0.000000	0.637761	0.000000	0.409040	
0.000000	0.396728	0.824062	0.403155	0.032472	
0.000000	0.000000	0.824414	0.264844	0.502312	
0.068536	0.000000	0.000000	0.573271	0.816494	
0.000000	0.816498	0.000000	0.408248	0.408245	
0.879027	0.000000	0.000000	0.156868	0.450226	
0.862370	0.228981	0.000000	0.456577	0.000000	
0.000000	0.000000	0.578206	0.000000	0.817701	
0.536587	0.000000	0.260389	0.802666	0.000000	
0.346008	0.000000	0.000000	0.938231	0.000000	
0.000000	0.998993	0.000000	0.044873	0.000000	
0.317524	0.942046	0.111136	0.000000	0.000000	
0.234098	0.702324	0.672618	0.000000	0.000000	
0.825534	0.389723	0.408178	0.000000	0.000000	
0.997762	0.000000	0.111543	0.000000	0.000000	
