0.316232	0.000000	0.948682	0.000000	0.000000	
0.000000	0.408269	0.408274	0.816474	0.000000	
0.408250	0.408251	0.000000	0.000000	0.816494	
0.499995	0.499995	0.500018	0.000000	0.499993	
0.000000	0.000000	0.816498	0.408248	0.408245	
0.499992	0.499992	0.500013	0.500002	0.000000	
0.000000	0.000000	0.000000	0.000000	1.000000	
0.408248	0.000000	0.408253	0.000000	0.816495	
0.316215	0.948687	0.000000	0.000000	0.000000	
0.000000	0.000000	0.000000	0.707108	0.707105	
0.499998	0.000000	0.500003	0.500005	0.499995	
0.816497	0.000000	0.408248	0.408247	0.000000	
0.408251	0.000000	0.000000	0.408250	0.816495	
0.816490	0.408264	0.000000	0.408247	0.000000	
0.707108	0.000000	0.000000	0.707106	0.000000	
0.000000	0.948683	0.000000	0.316229	0.000000	
0.000000	0.000000	0.948682	0.000000	0.316230	
0.000000	1.000000	0.000000	0.000000	0.000000	
0.500000	0.500000	0.000000	0.500005	0.499995	
0.707103	0.000000	0.707111	0.000000	0.000000	
0.816498	0.000000	0.000000	0.408248	0.408245	
0.000000	0.316223	0.000000	0.948685	0.000000	
0.408249	0.000000	0.816498	0.000000	0.408245	
0.000000	0.408249	0.816497	0.408247	0.000000	
0.408262	0.000000	0.408267	0.816481	0.000000	
0.000000	0.707108	0.000000	0.707106	0.000000	
0.408225	0.408225	0.816520	0.000000	0.000000	
0.000000	0.499998	0.500003	0.500005	0.499995	
0.816498	0.000000	0.408249	0.000000	0.408245	
1.000000	0.000000	0.000000	0.000000	0.000000	
0.000000	0.948682	0.316230	0.000000	0.000000	
0.948682	0.000000	0.000000	0.000000	0.316230	
0.000000	0.000000	0.408251	0.408250	0.816494	
0.000000	0.000000	0.408239	0.816503	0.408245	
0.408263	0.816490	0.000000	0.408247	0.000000	
0.000000	0.408249	0.816498	0.000000	0.408245	
0.000000	0.707103	0.707111	0.000000	0.000000	
0.000000	0.816498	0.000000	0.408248	0.408245	
0.000000	0.408239	0.000000	0.816503	0.408245	
0.408277	0.816517	0.408178	0.000000	0.000000	
0.408265	0.408265	0.000000	0.816480	0.000000	
0.948682	0.000000	0.316230	0.000000	0.000000	
0.000000	0.316229	0.000000	0.000000	0.948683	
0.000000	0.000000	0.000000	0.948682	0.316230	
0.000000	0.316232	0.948682	0.000000	0.000000	
0.000000	0.408251	0.000000	0.408250	0.816495	
0.000000	0.000000	0.316231	0.948682	0.000000	
0.316230	0.000000	0.000000	0.948682	0.000000	
0.000000	0.408248	0.408253	0.000000	0.816495	
0.000000	0.000000	0.000000	1.000000	0.000000	
0.000000	0.000000	0.948683	0.316229	0.000000	
0.816520	0.408271	0.408178	0.000000	0.000000	
0.948683	0.316228	0.000000	0.000000	0.000000	
0.000000	0.816500	0.408245	0.000000	0.408245	
0.707107	0.707107	0.000000	0.000000	0.000000	
0.000000	0.000000	0.000000	0.316229	0.948683	
0.316229	0.000000	0.000000	0.000000	0.948683	
0.000000	0.000000	0.707108	0.000000	0.707105	
0.816494	0.408257	0.000000	0.000000	0.408245	
0.408239	0.000000	0.000000	0.816503	0.408245	
0.000000	0.707108	0.000000	0.000000	0.707105	
0.948683	0.000000	0.000000	0.316229	0.000000	
0.000000	0.000000	0.707108	0.707106	0.000000	
0.707108	0.000000	0.000000	0.000000	0.707105	
0.408248	0.000000	0.816497	0.408247	0.000000	
0.000000	0.816497	0.408249	0.408247	0.000000	
0.000000	0.000000	0.316229	0.000000	0.948683	
0.408264	0.816490	0.000000	0.000000	0.408245	
0.000000	0.000000	1.000000	0.000000	0.000000	
0.000000	0.948682	0.000000	0.000000	0.316230	
0.032216	0.000000	0.700166	0.713253	0.000000	
0.002329	0.000413	0.999997	0.000000	0.000000	
0.500000	0.500000	0.000000	0.500005	0.499995	
0.000000	0.000000	0.820596	0.501596	0.320589	
0.513134	0.000000	0.755002	0.408247	0.000000	
0.000000	0.979952	0.000000	0.228089	0.000000	
0.000000	0.000000	0.316231	0.948682	0.000000	
0.000000	0.816497	0.408249	0.408247	0.000000	
0.315993	0.012212	0.000000	0.000000	0.948683	
0.324380	0.945927	0.000000	0.000062	0.000000	
0.944528	0.088683	0.316230	0.000000	0.000000	
0.675977	0.675977	0.000000	0.293444	0.000000	
0.468594	0.000000	0.478973	0.299663	0.690826	
0.017544	0.000334	0.913885	0.000000	0.408773	
0.320039	0.000000	0.000000	0.947404	0.000000	
0.818825	0.403961	0.000000	0.408326	0.000000	
0.002521	0.000674	0.000247	0.704449	0.709749	
0.133651	0.398390	0.058955	0.848496	0.316230	
0.973948	0.000000	0.000000	0.226771	0.000000	
0.000000	0.316232	0.948682	0.000000	0.000000	
0.030160	0.060318	0.000000	0.997947	0.000000	
0.000000	0.463444	0.786482	0.408247	0.000000	
0.000000	0.709192	0.000000	0.574789	0.408245	
0.000000	0.928602	0.464296	0.000000	0.095939	
0.000000	0.000000	0.000000	0.316229	0.948683	
0.903291	0.428990	0.000000	0.005740	0.000000	
0.017457	0.000000	0.327325	0.000000	0.945494	
0.816593	0.408307	0.000000	0.000000	0.407997	
0.408277	0.816517	0.408178	0.000000	0.000000	
0.188032	0.000000	0.000000	0.545944	0.816586	
