0.000000	0.000000	0.408252	0.408250	0.816494	
0.316188	0.000000	0.000000	0.948697	0.000000	
0.000000	0.000000	0.948682	0.316231	0.000000	
0.707108	0.000000	0.000000	0.707106	0.000000	
0.000000	0.707108	0.000000	0.000000	0.707105	
0.000000	0.000000	0.707108	0.707106	0.000000	
0.707100	0.000000	0.707114	0.000000	0.000000	
0.000000	0.000000	0.000000	0.000000	1.000000	
0.408266	0.816494	0.000000	0.000000	0.408236	
0.000004	0.408247	0.408255	0.000000	0.816494	
0.000000	0.408269	0.408279	0.816471	0.000000	
0.408279	0.000000	0.000000	0.816487	0.408237	
0.000000	0.707098	0.707115	0.000000	0.000000	
0.000000	0.408279	0.000000	0.816487	0.408237	
0.500016	0.500027	0.000000	0.500027	0.499930	
0.408261	0.408269	0.000000	0.816480	0.000000	
0.948682	0.000000	0.000000	0.000000	0.316230	
0.816607	0.408097	0.408178	0.000000	0.000000	
0.000000	0.408251	0.816501	0.000000	0.408237	
0.408277	0.816517	0.408178	0.000000	0.000000	
0.707108	0.000000	0.000000	0.000000	0.707105	
0.000000	0.000000	0.000000	0.707108	0.707105	
0.000000	0.707108	0.000000	0.707106	0.000000	
0.948683	0.316228	0.000000	0.000000	0.000000	
0.816487	0.408264	0.000000	0.408252	0.000000	
0.316215	0.948687	0.000000	0.000000	0.000000	
0.500022	0.000000	0.500002	0.500039	0.499937	
0.000000	0.000000	0.316229	0.000000	0.948683	
0.408252	0.000000	0.000000	0.408250	0.816494	
0.000000	0.816502	0.000000	0.408250	0.408236	
0.948687	0.000000	0.316215	0.000000	0.000000	
0.316232	0.000000	0.948682	0.000000	0.000000	
0.000000	0.000000	0.707108	0.000000	0.707105	
0.000000	0.816524	0.408206	0.000000	0.408236	
0.000000	0.000000	0.408279	0.816487	0.408236	
0.816502	0.000000	0.000000	0.408250	0.408237	
0.499987	0.499997	0.500013	0.500002	0.000000	
0.408267	0.000000	0.408277	0.816473	0.000000	
0.816584	0.408085	0.000000	0.000000	0.408237	
0.000000	0.408247	0.816495	0.408253	0.000000	
0.000000	0.816556	0.408125	0.408253	0.000000	
0.816524	0.000000	0.408206	0.000000	0.408237	
0.816520	0.000000	0.408196	0.408253	0.000000	
0.408252	0.408249	0.000000	0.000000	0.816494	
0.000000	0.000000	0.000000	0.948682	0.316230	
0.000000	0.948709	0.000000	0.316152	0.000000	
0.000000	0.500038	0.500008	0.500031	0.499923	
0.408234	0.408242	0.816546	0.000000	0.000000	
0.000000	0.000000	1.000000	0.000000	0.000000	
0.000000	0.316232	0.948682	0.000000	0.000000	
0.408251	0.000000	0.816501	0.000000	0.408237	
0.000000	1.000000	0.000000	0.000000	0.000000	
0.000000	0.000000	0.948682	0.000000	0.316230	
0.000000	0.408251	0.000000	0.408250	0.816495	
0.316229	0.000000	0.000000	0.000000	0.948683	
0.408265	0.816486	0.000000	0.408252	0.000000	
0.000000	0.000000	0.316133	0.948715	0.000000	
0.000000	0.000000	0.816502	0.408250	0.408236	
1.000000	0.000000	0.000000	0.000000	0.000000	
0.000000	0.948687	0.316215	0.000000	0.000000	
0.500005	0.500015	0.499955	0.000000	0.500026	
0.000000	0.000000	0.000000	1.000000	0.000000	
0.707110	0.707104	0.000000	0.000000	0.000000	
0.000000	0.948682	0.000000	0.000000	0.316230	
0.000000	0.000000	0.000000	0.316229	0.948683	
0.408247	0.000000	0.816495	0.408253	0.000000	
0.000000	0.317854	0.000000	0.953690	0.000000	
0.000000	0.316229	0.000000	0.000000	0.948683	
0.948683	0.000000	0.000000	0.316229	0.000000	
0.408246	0.000000	0.408256	0.000000	0.816494	
0.337625	0.337632	0.000000	0.337632	0.811183	
0.005284	0.401582	0.414824	0.816471	0.000000	
0.000000	0.000000	0.316133	0.948715	0.000000	
0.816588	0.000000	0.000000	0.408293	0.408280	
0.664574	0.625836	0.000000	0.408252	0.000000	
0.000000	0.000000	0.949310	0.000000	0.314342	
0.316232	0.000000	0.948682	0.000000	0.000019	
0.000000	0.244979	0.000000	0.000000	0.971328	
0.778757	0.000000	0.487161	0.000000	0.396555	
0.001186	0.000090	0.316227	0.000000	0.948683	
0.090110	0.087036	0.623433	0.284008	0.718956	
0.587568	0.569113	0.576890	0.000000	0.000000	
0.480788	0.000000	0.776007	0.000000	0.408237	
0.084435	0.084437	0.863942	0.503542	0.000000	
0.000000	0.528513	0.528483	0.528507	0.410760	
0.000000	0.950519	0.316826	0.000000	0.000000	
0.526513	0.000000	0.000000	0.000000	0.872702	
0.036653	0.000000	0.819342	0.579972	0.009205	
0.047678	0.000000	0.999350	0.008486	0.000000	
0.000000	0.000000	0.663186	0.656847	0.417421	
0.447222	0.894403	0.000000	0.005989	0.000000	
0.000000	0.600177	0.687845	0.000000	0.408236	
0.000000	0.000000	0.000000	0.707586	0.707583	
0.200845	0.897442	0.411191	0.000000	0.000000	
0.707098	0.000000	0.707115	0.000756	0.000000	
0.000000	1.000000	0.000000	0.000000	0.000000	
0.818373	0.395992	0.000000	0.000000	0.416965	
0.065183	0.785857	0.614964	0.000000	0.000000	
0.090316	0.000000	0.090042	0.991811	0.006801	
0.500016	0.500027	0.000000	0.500027	0.499930	
