0.000001	0.409702	0.818539	0.000004	0.404055	
0.000000	0.407369	0.000000	0.407608	0.817259	
0.000000	0.000000	0.000000	0.948625	0.316413	
0.707299	0.000001	0.000000	0.707170	0.000000	
0.948727	0.000000	0.316249	0.000000	0.000000	
0.000000	0.948480	0.000000	0.000000	0.316896	
0.000000	0.410206	0.407496	0.815902	0.000000	
0.000000	0.953353	0.000001	0.318251	0.000020	
0.407679	0.815612	0.410595	0.000000	0.000000	
0.813931	0.413075	0.000000	0.408570	0.000000	
0.000420	0.707112	0.000000	0.707528	0.008740	
0.000041	0.000014	0.316959	0.948448	0.000000	
0.409194	0.000000	0.000000	0.410728	0.820288	
0.000000	0.000000	0.000000	0.703553	0.712968	
0.827047	0.000014	0.414595	0.000000	0.413039	
0.000000	0.000000	0.000000	1.000022	0.000000	
0.000000	0.316593	0.000000	0.948622	0.000000	
0.000000	0.000000	1.000006	0.000000	0.000000	
0.948690	0.316215	0.000000	0.000000	0.000000	
0.409179	0.000000	0.409198	0.000002	0.818618	
0.315142	0.000000	0.000000	0.949163	0.000000	
0.948622	0.000001	0.000001	0.000000	0.316457	
0.411764	0.000040	0.818181	0.000002	0.408934	
0.000000	0.000000	0.948619	0.000000	0.316428	
0.408252	0.000006	0.816570	0.408742	0.000000	
0.000004	0.000373	0.948744	0.316062	0.000000	
0.000000	1.000013	0.000000	0.000000	0.000000	
0.001475	0.707118	0.707166	0.000014	0.000000	
0.816474	0.407335	0.410873	0.000000	0.000000	
0.000000	0.827217	0.000000	0.412938	0.413754	
0.502204	0.501641	0.000000	0.498937	0.499789	
0.408978	0.410039	0.817314	0.000000	0.000000	
0.000000	0.000000	0.315338	0.000000	0.949019	
0.503087	0.498404	0.498864	0.499869	0.000000	
0.410734	0.410288	0.000000	0.000000	0.820488	
0.494645	0.000496	0.497983	0.506482	0.500887	
0.318868	0.000000	0.000004	0.000000	0.947804	
0.000001	0.000001	0.707486	0.000034	0.706733	
0.000000	0.499952	0.499027	0.502033	0.500539	
0.707085	0.000000	0.707131	0.000000	0.000000	
0.408091	0.816441	0.000000	0.408570	0.000000	
0.000000	0.000004	0.706529	0.707831	0.000001	
0.948740	0.000915	0.000000	0.316077	0.000000	
0.000004	0.816434	0.409126	0.000000	0.407709	
0.000000	0.000000	0.000000	0.000000	1.000003	
0.000019	0.000034	0.407122	0.409285	0.816545	
0.816577	0.406857	0.000000	0.000000	0.409483	
0.316437	0.948615	0.000000	0.000000	0.000000	
0.816750	0.000000	0.408901	0.408348	0.000000	
0.000000	0.000000	0.000001	0.316258	0.948675	
0.314844	0.000000	0.949146	0.000004	0.000000	
0.407709	0.000000	0.407736	0.817042	0.002028	
0.000001	0.815106	0.410552	0.408723	0.000000	
0.000001	0.000000	0.822146	0.411548	0.411473	
0.500792	0.504112	0.502953	0.000000	0.505109	
0.000000	0.317011	0.000000	0.000000	0.948423	
0.816539	0.000002	0.000282	0.408514	0.408484	
0.000000	0.406714	0.000000	0.817171	0.408509	
0.407995	0.407664	0.000000	0.816921	0.000000	
0.000000	0.000007	0.407903	0.816301	0.409045	
0.409014	0.816734	0.000000	0.000000	0.408242	
0.406919	0.000000	0.000008	0.817248	0.408096	
0.000000	0.316546	0.948579	0.000000	0.000000	
1.000006	0.000000	0.000000	0.000000	0.000000	
0.707505	0.706735	0.000000	0.000000	0.000000	
0.000017	0.949176	0.314798	0.000000	0.000000	
0.000025	0.706237	0.000070	0.000003	0.707981	
0.706234	0.001593	0.000070	0.000003	0.707979	
0.000039	0.410503	0.409053	0.001523	0.817272	
0.000000	0.406726	0.817095	0.408582	0.000001	
0.000004	0.817332	0.409576	0.001253	0.408158	
0.000018	0.955977	0.294773	0.023937	0.000000	
0.023178	0.011548	0.000000	0.951187	0.314627	
0.230331	0.000003	0.525460	0.076622	0.818815	
0.000000	0.953201	0.021336	0.318280	0.000019	
0.318715	0.955444	0.000003	0.000000	0.000000	
0.000014	0.774632	0.256910	0.578602	0.000000	
0.000000	0.000000	0.000000	0.000000	1.009778	
0.000000	0.000000	0.581405	0.001533	0.813618	
0.101914	0.105577	0.800833	0.580625	0.003727	
0.000016	0.866017	0.004585	0.000000	0.500778	
0.618776	0.618102	0.000000	0.019636	0.497061	
0.509392	0.512769	0.511590	0.010055	0.478310	
0.409021	0.816748	0.000003	0.000000	0.408249	
0.104638	0.311388	0.944716	0.039204	0.005053	
0.817229	0.134402	0.024464	0.402663	0.412291	
0.835540	0.000014	0.418853	0.000000	0.417281	
0.814907	0.413571	0.000000	0.406067	0.000000	
0.000040	0.000014	0.314719	0.949193	0.000000	
0.002914	0.707080	0.707132	0.000196	0.000000	
0.706624	0.000001	0.709477	0.001116	0.000000	
0.759594	0.121352	0.352215	0.364446	0.407455	
0.000003	0.717544	0.000001	0.696918	0.004309	
0.749210	0.373777	0.377024	0.396394	0.000000	
0.000001	0.000608	0.070429	0.689301	0.721049	
0.000000	0.000000	0.919712	0.024846	0.411762	
0.001020	0.029925	0.009879	1.000002	0.000000	
0.906434	0.018782	0.000000	0.452580	0.009382	
0.024286	0.732683	0.000485	0.000000	0.737102	
0.251180	0.250976	0.455025	0.818666	0.000000	
