0.558909	0.000108	0.000004	0.000027	0.831176	
0.297691	0.909690	0.297323	0.000009	0.000012	
0.000000	0.000000	0.000000	1.000990	0.000000	
0.908679	0.000075	0.294594	0.000003	0.296449	
0.384870	0.375904	0.762237	0.378967	0.000042	
0.001527	0.001021	0.559648	0.000048	0.838115	
0.000454	0.380058	0.757747	0.376179	0.378797	
0.000200	0.302057	0.301212	0.904805	0.000000	
0.377148	0.754289	0.380682	0.000128	0.380239	
0.000018	0.246302	0.000011	0.972196	0.000004	
0.833952	0.000731	0.556740	0.000010	0.000045	
0.379241	0.377148	0.376078	0.757511	0.000009	
0.000002	0.299779	0.302094	0.000023	0.905661	
0.303912	0.000119	0.000114	0.302426	0.909092	
0.970735	0.000034	0.000006	0.241236	0.000075	
0.333848	0.001022	0.673501	0.000046	0.665792	
0.669448	0.667656	0.000001	0.334474	0.003101	
0.906832	0.006914	0.299563	0.298150	0.000007	
0.000438	0.972245	0.000079	0.000059	0.240986	
0.301630	0.000058	0.300380	0.905577	0.000002	
0.554846	0.000007	0.832341	0.000097	0.000012	
0.000095	0.000069	0.831036	0.556880	0.000003	
0.000002	0.909315	0.000000	0.304301	0.298123	
0.000018	0.757093	0.377877	0.380342	0.377454	
0.000230	0.666415	0.000005	0.666984	0.335833	
0.242522	0.000004	0.971028	0.000012	0.000007	
0.000002	1.001052	0.000000	0.000001	0.000002	
0.379593	0.379078	0.000024	0.754839	0.379009	
0.306344	0.000001	0.000016	0.915650	0.304378	
0.000668	0.381981	0.382288	0.757630	0.377201	
0.336327	0.666335	0.000013	0.665995	0.000004	
0.000007	0.245319	0.975145	0.000099	0.000047	
0.340115	0.000078	0.664054	0.668429	0.000040	
0.841553	0.000012	0.000000	0.000009	0.553656	
0.971580	0.247222	0.000127	0.000029	0.000007	
0.378528	0.000314	0.372055	0.755476	0.390252	
0.450371	0.447131	0.445249	0.446730	0.447783	
0.000019	0.000032	0.665821	0.333406	0.668411	
0.379927	0.758318	0.375691	0.378849	0.000308	
0.000807	0.298674	0.000002	0.305024	0.905182	
0.670078	0.663807	0.334600	0.000221	0.000005	
0.334030	0.666738	0.667825	0.000096	0.000181	
0.230076	0.973637	0.000021	0.000027	0.000138	
0.001578	0.569290	0.854012	0.000100	0.000012	
0.000012	0.971546	0.239157	0.000007	0.000003	
0.000000	0.000000	0.000000	0.556578	0.831354	
0.754976	0.373728	0.381899	0.382170	0.000031	
0.757495	0.379066	0.000012	0.375686	0.378843	
0.000000	0.000000	0.000000	0.971084	0.242341	
0.765011	0.379804	0.385726	0.000212	0.381419	
0.381714	0.003057	0.381502	0.380324	0.760208	
0.335354	0.006644	0.000000	0.668096	0.665228	
0.670353	0.329008	0.002965	0.665709	0.000030	
0.000002	0.327546	0.670469	0.668281	0.000018	
0.761866	0.000009	0.377987	0.370408	0.375613	
0.000016	0.000000	0.300830	0.310379	0.902043	
0.307452	0.300893	0.910170	0.000004	0.000012	
0.383111	0.380611	0.000429	0.381449	0.753996	
0.000000	0.000024	0.973845	0.243293	0.000004	
0.000015	0.668155	0.332995	0.668583	0.000007	
0.555338	0.833685	0.000001	0.000004	0.000010	
0.000009	0.000004	0.905790	0.302607	0.300684	
0.558973	0.001971	0.000019	0.835944	0.000005	
0.000002	0.300816	0.907250	0.000011	0.302952	
0.830888	0.557229	0.000034	0.000000	0.000017	
0.831650	0.000040	0.000025	0.556188	0.000175	
0.311426	0.307092	0.000127	0.000020	0.901175	
0.000224	0.669131	0.000043	0.335439	0.671763	
0.905535	0.303160	0.000002	0.302082	0.000040	
0.000777	0.305133	0.000004	0.904743	0.302007	
0.668326	0.331789	0.000000	0.000003	0.668419	
0.905810	0.002147	0.000013	0.303077	0.302188	
0.972009	0.000002	0.240566	0.000023	0.000017	
0.666683	0.000009	0.000005	0.667707	0.333482	
0.000008	0.561847	0.000019	0.831920	0.000007	
0.000004	0.000000	1.000378	0.000001	0.000000	
0.668216	0.000046	0.327559	0.668708	0.000001	
1.001045	0.000004	0.000003	0.000005	0.000005	
0.000008	0.668522	0.331925	0.000060	0.667175	
0.000004	0.832359	0.555051	0.000476	0.000063	
0.000064	0.000045	0.554388	0.833676	0.000003	
0.000005	0.905705	0.301257	0.000038	0.301344	
0.307533	0.903089	0.000012	0.000047	0.302439	
0.000016	0.834640	0.000000	0.000003	0.553334	
0.668983	0.000001	0.001687	0.335577	0.665419	
0.308450	0.000002	0.305816	0.000423	0.916751	
0.000125	0.001078	0.334620	0.669478	0.665834	
0.333769	0.667089	0.000009	0.000004	0.666607	
0.002924	0.382021	0.381809	0.380629	0.756732	
0.000125	0.333325	0.667563	0.000144	0.666805	
0.000004	0.334511	0.000003	0.666287	0.668159	
0.668929	0.000057	0.328163	0.000007	0.667732	
0.000050	0.553951	0.000001	0.000057	0.833504	
0.000007	0.834992	0.000014	0.550941	0.000120	
0.909440	0.299179	0.003803	0.000001	0.294169	
0.000005	0.671501	0.660199	0.000010	0.337039	
0.906401	0.302338	0.299489	0.000011	0.000010	
0.301003	0.000003	0.905807	0.000003	0.302536	
0.000071	0.000000	0.839463	0.000017	0.560737	
0.245655	0.000007	0.000002	0.000012	0.974172	
0.000000	0.000002	0.242680	0.000002	0.970653	
0.674744	0.000005	0.663030	0.000059	0.326285	
0.000010	0.000031	0.000000	0.242463	0.970881	
0.245319	0.000008	0.000004	0.969641	0.000003	
0.380936	0.379967	0.753522	0.000087	0.380560	
0.000000	0.000010	0.243558	0.971130	0.000000	
0.000010	0.000027	0.003510	0.832207	0.556042	
0.380625	0.000007	0.759653	0.380511	0.376595	
0.380123	0.379268	0.378420	0.005016	0.756962	
0.667363	0.335036	0.668730	0.000101	0.000005	
0.000003	0.668900	0.669519	0.329346	0.000052	
0.000005	0.917098	0.302945	0.304772	0.000007	
0.971095	0.000017	0.000006	0.000004	0.241136	
0.669167	0.664993	0.000050	0.001782	0.332566	
0.668173	0.000003	0.667845	0.333964	0.000063	
0.001859	0.244419	0.000008	0.000003	0.973979	
0.299786	0.302053	0.000059	0.905863	0.000015	
0.296489	0.002228	0.905982	0.304090	0.000152	
0.381000	0.754227	0.000039	0.378395	0.378528	
0.000023	0.000044	0.671410	0.668274	0.334886	
0.000000	0.000000	0.000000	0.000000	1.000087	
0.000062	0.970259	0.000001	0.245701	0.001377	
0.000007	0.296426	0.905765	0.304017	0.000152	
0.000000	0.000043	0.301485	0.905543	0.301238	
0.299473	0.906765	0.000042	0.300993	0.000897	
0.000002	0.000001	0.970408	0.000011	0.243046	
0.397555	0.407749	0.627315	0.387078	0.380451	
0.530624	0.002108	0.754205	0.388649	0.317183	
0.313476	0.957929	0.009082	0.000009	0.000057	
0.054610	0.000001	0.682098	0.306806	0.674940	
0.000061	0.960748	0.144252	0.246019	0.001379	
0.003902	0.399131	0.804419	0.002762	0.442846	
0.000006	0.790080	0.004706	0.521316	0.324698	
0.382430	0.381571	0.380717	0.004867	0.758809	
0.339434	0.679233	0.657920	0.000102	0.000048	
0.502929	0.070816	0.000003	0.230835	0.834374	
0.018134	0.251600	0.492509	0.496270	0.672529	
0.708648	0.000010	0.000005	0.709736	0.009537	
0.196349	0.000000	0.000004	0.721976	0.665210	
0.000028	0.000046	0.961627	0.000718	0.276636	
0.908847	0.294027	0.300371	0.000011	0.000003	
0.834728	0.000731	0.553855	0.000010	0.000039	
0.304825	0.000221	0.299643	0.000006	0.904797	
0.464931	0.771999	0.355027	0.020085	0.278085	
0.299671	0.301937	0.000144	0.905515	0.000015	
0.497272	0.501032	0.000098	0.736156	0.001123	
0.000005	0.701579	0.628301	0.000008	0.337077	
0.000011	0.733528	0.000025	0.701218	0.006578	
0.024017	0.000709	0.300712	0.310551	0.903522	
0.000011	0.496835	0.262677	0.832148	0.000007	
0.871293	0.000049	0.432277	0.002256	0.238438	
0.000771	0.285159	0.000002	0.289931	0.914407	
0.538019	0.009713	0.000028	0.794668	0.303783	
0.668217	0.000046	0.327560	0.668709	0.000001	
0.000008	0.563258	0.000019	0.834009	0.000007	
0.000003	0.451454	0.844714	0.293706	0.000018	
0.296575	0.005876	0.287793	0.830615	0.381371	
0.956580	0.032328	0.055560	0.000005	0.286385	
0.537880	0.000994	0.753299	0.000057	0.380591	
0.947916	0.031665	0.319569	0.000234	0.000005	
0.577505	0.575959	0.000001	0.580047	0.000012	
0.973146	0.238687	0.001433	0.000029	0.000007	
0.047536	0.000168	0.535354	0.803766	0.281245	
0.297567	0.640037	0.008514	0.223296	0.676197	
0.678783	0.340768	0.658090	0.000102	0.000048	
0.000053	0.000105	0.831042	0.556884	0.000003	
0.282964	0.285104	0.000136	0.855033	0.329503	
0.000001	0.743682	0.000000	0.000000	0.672989	
0.640893	0.634895	0.320027	0.000211	0.307294	
0.000008	0.295593	0.961341	0.002523	0.000047	
0.748460	0.015786	0.001888	0.001647	0.665594	
0.386729	0.374512	0.762749	0.379300	0.000385	
0.399140	0.359330	0.000035	0.384793	0.753440	
0.236334	0.000007	0.000004	0.972195	0.000003	
0.320162	0.000062	0.318836	0.893641	0.000002	
0.675133	0.000058	0.331206	0.000007	0.663619	
0.420274	0.004062	0.864224	0.309502	0.000155	
0.017122	0.108206	0.000001	0.219821	0.973986	
0.001015	0.850800	0.006539	0.377559	0.380187	
0.000010	0.000004	0.949980	0.317370	0.001928	
0.224612	0.227309	0.956866	0.001252	0.000042	
0.833064	0.033745	0.456094	0.316561	0.000000	
0.419766	0.066291	0.909389	0.017782	0.025089	
1.000915	0.000004	0.000003	0.000035	0.000005	
0.555338	0.833685	0.000001	0.000004	0.000010	
0.084107	0.870439	0.277637	0.306521	0.302833	
0.349548	0.798705	0.386178	0.307099	0.000006	
0.000000	0.000000	0.000000	0.971172	0.241784	
0.005093	0.282126	0.149185	0.957920	0.004018	
0.746546	0.000051	0.004693	0.666138	0.000012	
0.363844	0.058586	0.363911	0.364810	0.781955	
0.479182	0.464276	0.664642	0.001779	0.337071	
0.669267	0.006543	0.000043	0.333451	0.671173	
0.000000	0.000002	0.242800	0.004301	0.971283	
0.304676	0.894699	0.126038	0.000001	0.302282	
0.967291	0.000034	0.000006	0.254327	0.000075	
0.162223	0.324722	0.157730	0.839478	0.380536	
0.915347	0.282830	0.002954	0.000001	0.294371	
0.000290	0.001421	0.553076	0.000024	0.834302	
0.017420	0.000781	0.850293	0.370404	0.375610	
