0.000000	0.948685	0.316223	0.000000	0.000000	
0.948683	0.000000	0.000000	0.000000	0.316228	
0.000000	0.000000	0.948683	0.000000	0.316228	
0.000000	1.000000	0.000000	0.000000	0.000000	
0.000000	0.000000	0.408241	0.816500	0.408248	
0.000000	0.408241	0.000000	0.816500	0.408248	
0.000000	0.948683	0.000000	0.316228	0.000000	
0.000000	0.000000	1.000000	0.000000	0.000000	
0.000000	0.707107	0.707107	0.000000	0.000000	
0.000000	0.316233	0.000000	0.948681	0.000000	
0.000000	0.948683	0.000000	0.000000	0.316228	
0.000000	0.000000	0.000000	0.000000	1.000000	
0.408241	0.000000	0.000000	0.816500	0.408248	
0.000000	0.000000	0.707107	0.000000	0.707107	
0.816497	0.408248	0.000000	0.000000	0.408248	
0.000000	0.000000	0.816496	0.408249	0.408248	
0.000000	0.000000	0.316224	0.000000	0.948685	
0.000000	0.408246	0.408246	0.816499	0.000000	
0.816496	0.000000	0.000000	0.408249	0.408248	
0.707107	0.000000	0.707107	0.000000	0.000000	
0.408257	0.816492	0.000000	0.000000	0.408248	
0.000000	0.000000	0.948683	0.316228	0.000000	
0.408249	0.408249	0.000000	0.000000	0.816496	
0.000000	0.316224	0.000000	0.000000	0.948684	
0.000000	0.000000	0.000000	0.948683	0.316228	
0.000000	0.499999	0.499999	0.500002	0.500001	
0.000000	0.408256	0.816492	0.408250	0.000000	
0.707107	0.000000	0.000000	0.707106	0.000000	
0.000000	0.816496	0.000000	0.408249	0.408248	
0.499971	0.499971	0.500017	0.500041	0.000000	
0.000000	0.000000	0.707107	0.707106	0.000000	
0.316218	0.948687	0.000000	0.000000	0.000000	
0.000000	0.816495	0.408250	0.408250	0.000000	
0.000000	0.000000	0.316233	0.948681	0.000000	
0.000000	0.816496	0.408250	0.000000	0.408248	
0.707107	0.707107	0.000000	0.000000	0.000000	
1.000000	0.000000	0.000000	0.000000	0.000000	
0.316233	0.000000	0.000000	0.948681	0.000000	
0.316224	0.000000	0.000000	0.000000	0.948684	
0.408256	0.816492	0.000000	0.408250	0.000000	
0.948685	0.316223	0.000000	0.000000	0.000000	
0.000000	0.707107	0.000000	0.000000	0.707107	
0.000000	0.316233	0.948682	0.000000	0.000000	
0.408249	0.000000	0.000000	0.408249	0.816496	
0.408241	0.000000	0.816499	0.408250	0.000000	
0.816498	0.408249	0.408245	0.000000	0.000000	
0.499999	0.499999	0.000000	0.500002	0.500000	
0.948685	0.000000	0.316223	0.000000	0.000000	
0.408249	0.000000	0.408249	0.000000	0.816496	
0.316233	0.000000	0.948682	0.000000	0.000000	
0.948683	0.000000	0.000000	0.316228	0.000000	
0.408246	0.408246	0.000000	0.816499	0.000000	
0.000000	0.707107	0.000000	0.707106	0.000000	
0.408241	0.000000	0.816500	0.000000	0.408248	
0.499999	0.000000	0.499999	0.500002	0.500000	
0.816496	0.000000	0.408250	0.000000	0.408248	
0.816495	0.000000	0.408250	0.408250	0.000000	
0.707107	0.000000	0.000000	0.000000	0.707107	
0.816496	0.408248	0.000000	0.408250	0.000000	
0.000000	0.408249	0.000000	0.408249	0.816496	
0.408246	0.000000	0.408246	0.816499	0.000000	
0.000000	0.000000	0.408249	0.408249	0.816496	
0.408242	0.408242	0.816503	0.000000	0.000000	
0.408257	0.816494	0.408245	0.000000	0.000000	
0.000000	0.408249	0.408249	0.000000	0.816496	
0.499985	0.499985	0.500030	0.000000	0.500000	
0.000000	0.000000	0.000000	0.707107	0.707107	
0.000000	0.000000	0.000000	1.000000	0.000000	
0.000000	0.408241	0.816500	0.000000	0.408248	
0.000000	0.000000	0.000000	0.316224	0.948684	
0.374029	0.254386	0.452338	0.452341	0.622085	
0.000000	0.817238	0.406760	0.408250	0.000000	
0.000000	0.000000	0.408249	0.408249	0.816496	
0.363512	0.931520	0.000000	0.000000	0.011351	
0.000000	0.310870	0.000000	0.950453	0.000000	
0.391052	0.383942	0.775046	0.316499	0.000000	
0.394405	0.825888	0.000000	0.000000	0.412694	
0.003658	0.000000	0.000000	0.999993	0.000000	
0.183015	0.000311	0.966542	0.000000	0.182066	
0.000000	0.948685	0.316223	0.000000	0.000000	
0.000000	0.000000	0.691184	0.190253	0.716890	
0.420501	0.024497	0.847697	0.000108	0.322472	
0.331275	0.850640	0.000000	0.408250	0.000000	
0.948759	0.000000	0.000000	0.316000	0.000000	
0.000000	0.000000	0.899159	0.437622	0.000000	
0.861166	0.051516	0.324013	0.005623	0.412135	
0.000000	0.000000	0.316224	0.000000	0.948685	
0.000000	0.951236	0.000000	0.269411	0.150224	
0.999918	0.000000	0.000000	0.003034	0.012411	
0.000000	0.009156	0.907446	0.098947	0.408248	
0.620191	0.000000	0.339589	0.707076	0.009262	
0.043637	0.855493	0.321721	0.000000	0.409213	
0.222311	0.666955	0.711160	0.000000	0.000000	
0.000000	0.306775	0.306775	0.000000	0.900988	
0.000000	0.000000	0.317742	0.953207	0.000000	
0.542696	0.555376	0.383499	0.499967	0.000000	
0.552645	0.000000	0.181230	0.000000	0.822507	
0.497200	0.502755	0.500030	0.000000	0.500000	
0.822535	0.000002	0.000000	0.402395	0.409508	
0.620371	0.000000	0.335799	0.000000	0.712402	
