0.000000	0.408268	0.408268	0.816477	0.000000	
0.000000	0.000000	0.948683	0.000000	0.316230	
0.000000	0.000000	0.948683	0.316228	0.000000	
0.948687	0.000000	0.316218	0.000000	0.000000	
0.316252	0.000000	0.000000	0.948675	0.000000	
0.707107	0.000000	0.000000	0.707106	0.000000	
0.000000	0.816503	0.000000	0.408236	0.408248	
0.000000	0.948683	0.000000	0.316228	0.000000	
0.500020	0.500020	0.499919	0.500041	0.000000	
0.000000	0.707107	0.707107	0.000000	0.000000	
0.707107	0.000000	0.707107	0.000000	0.000000	
0.707102	0.000000	0.000000	0.000000	0.707111	
0.000000	0.316218	0.000000	0.000000	0.948687	
0.408268	0.000000	0.408268	0.816477	0.000000	
0.408215	0.816516	0.408241	0.000000	0.000000	
0.000000	0.408241	0.000000	0.816500	0.408248	
0.316224	0.000000	0.000000	0.000000	0.948685	
0.000000	0.816492	0.408255	0.408250	0.000000	
0.000000	0.000000	0.000000	0.707102	0.707111	
0.408249	0.408249	0.000000	0.000000	0.816496	
0.816495	0.408249	0.000000	0.408250	0.000000	
0.000000	0.316211	0.948689	0.000000	0.000000	
1.000000	0.000000	0.000000	0.000000	0.000000	
0.948683	0.000000	0.000000	0.316228	0.000000	
0.948685	0.316223	0.000000	0.000000	0.000000	
0.408232	0.000000	0.816505	0.000000	0.408248	
0.816496	0.000000	0.000000	0.408249	0.408248	
0.000000	0.000000	0.408241	0.816500	0.408248	
0.408216	0.816512	0.000000	0.408250	0.000000	
0.000000	0.000000	0.000000	1.000000	0.000000	
0.499999	0.000000	0.499999	0.500002	0.500000	
0.000000	0.816493	0.408255	0.000000	0.408248	
0.000000	0.408249	0.408249	0.000000	0.816496	
0.707107	0.707107	0.000000	0.000000	0.000000	
0.000000	0.948683	0.000000	0.000000	0.316230	
0.000000	0.000000	1.000000	0.000000	0.000000	
0.000000	0.707107	0.000000	0.707106	0.000000	
0.000000	0.707102	0.000000	0.000000	0.707111	
0.316218	0.948687	0.000000	0.000000	0.000000	
0.500008	0.500008	0.000000	0.499955	0.500029	
0.000000	0.000000	0.316224	0.000000	0.948685	
0.816505	0.408239	0.408240	0.000000	0.000000	
0.316209	0.000000	0.948690	0.000000	0.000000	
0.000000	0.000000	0.000000	0.000000	1.000000	
0.000000	0.000000	0.707107	0.707106	0.000000	
0.408260	0.816491	0.000000	0.000000	0.408248	
0.408231	0.000000	0.816504	0.408250	0.000000	
0.000000	0.000000	0.316251	0.948676	0.000000	
0.408249	0.000000	0.408249	0.000000	0.816496	
0.000000	0.408232	0.816505	0.000000	0.408248	
0.816497	0.408248	0.000000	0.000000	0.408248	
0.000000	0.408231	0.816504	0.408250	0.000000	
0.408249	0.000000	0.000000	0.408249	0.816496	
0.408241	0.000000	0.000000	0.816500	0.408248	
0.000000	0.000000	0.707102	0.000000	0.707111	
0.000000	0.948687	0.316218	0.000000	0.000000	
0.500034	0.500034	0.499932	0.000000	0.500001	
0.000000	1.000000	0.000000	0.000000	0.000000	
0.000000	0.000000	0.408249	0.408249	0.816496	
0.408268	0.408268	0.000000	0.816477	0.000000	
0.948683	0.000000	0.000000	0.000000	0.316230	
0.000000	0.499986	0.499986	0.499989	0.500039	
0.000000	0.316252	0.000000	0.948675	0.000000	
0.000000	0.000000	0.816503	0.408236	0.408248	
0.816493	0.000000	0.408255	0.408250	0.000000	
0.000000	0.408249	0.000000	0.408249	0.816496	
0.000000	0.000000	0.000000	0.316234	0.948681	
0.816493	0.000000	0.408255	0.000000	0.408248	
0.000000	0.000000	0.000000	0.948683	0.316230	
0.408151	0.408151	0.816594	0.000000	0.000000	
0.000000	0.000000	0.384406	0.780561	0.492907	
0.000000	0.707107	0.707107	0.000000	0.000000	
0.000635	0.948683	0.000000	0.316228	0.000000	
0.572651	0.498574	0.000000	0.000000	0.656466	
0.303413	0.042761	0.000000	0.000000	0.951899	
0.188553	0.377145	0.802710	0.421655	0.008525	
0.024286	0.000000	0.816379	0.577527	0.020061	
0.195358	0.170087	0.000000	0.703244	0.662082	
0.999768	0.000000	0.000000	0.021532	0.000000	
0.000000	0.707102	0.000000	0.000000	0.707111	
0.589761	0.807578	0.000000	0.000000	0.000000	
0.000000	0.999937	0.011229	0.000000	0.000000	
0.807356	0.000000	0.599493	0.000000	0.000000	
0.565256	0.000000	0.565256	0.000000	0.602979	
0.005584	0.700660	0.017948	0.713916	0.000000	
0.000000	0.413554	0.000000	0.413553	0.811139	
0.281524	0.000000	0.000000	0.285899	0.915973	
0.000000	0.312801	0.000000	0.046358	0.948687	
0.269696	0.000000	0.134851	0.861634	0.408248	
0.310320	0.000000	0.950890	0.000000	0.000000	
0.000000	0.000000	0.961902	0.320634	0.000000	
0.692761	0.137353	0.000000	0.706245	0.049347	
0.073408	0.000000	0.749801	0.336926	0.564704	
0.220111	0.256751	0.649401	0.000000	0.681108	
0.004410	0.000000	0.000000	1.004464	0.000000	
0.000000	0.420485	0.000000	0.809415	0.409925	
0.000000	0.505697	0.760003	0.000000	0.408248	
0.000000	0.948683	0.000000	0.000000	0.316230	
0.783241	0.315249	0.414905	0.000005	0.344313	
0.872953	0.000000	0.000000	0.497742	0.000000	
