0.816495	0.408249	0.000000	0.408250	0.000000	
0.000000	0.000000	0.000000	0.316234	0.948681	
0.000000	1.000000	0.000000	0.000000	0.000000	
0.408268	0.000000	0.408268	0.816477	0.000000	
0.000000	0.000000	0.316252	0.948675	0.000000	
0.000000	0.408249	0.000000	0.408249	0.816496	
0.000000	0.000000	0.954511	0.000000	0.318173	
0.000000	0.000000	0.316233	0.000000	0.948681	
0.707107	0.000000	0.000000	0.707106	0.000000	
0.000000	0.408241	0.000000	0.816500	0.408248	
0.316233	0.000000	0.000000	0.000000	0.948681	
0.000000	0.408268	0.408268	0.816477	0.000000	
0.500141	0.500141	0.500039	0.500161	0.000000	
0.707107	0.000000	0.707107	0.000000	0.000000	
0.000000	0.000000	0.816509	0.408224	0.408248	
0.500034	0.500034	0.499932	0.000000	0.500001	
0.816497	0.408248	0.000000	0.000000	0.408248	
1.000000	0.000000	0.000000	0.000000	0.000000	
0.000000	0.816492	0.408255	0.408250	0.000000	
0.500008	0.500008	0.000000	0.499955	0.500029	
0.000000	0.000000	0.707107	0.707106	0.000000	
0.816496	0.000000	0.000000	0.408249	0.408248	
0.000000	0.000000	0.000000	0.948683	0.316230	
0.316208	0.000000	0.948690	0.000000	0.000000	
0.816505	0.408239	0.408240	0.000000	0.000000	
0.000000	0.000000	0.000000	0.000000	1.000000	
0.000000	0.816493	0.408255	0.000000	0.408248	
0.948687	0.000000	0.316218	0.000000	0.000000	
0.000000	0.408249	0.408249	0.000000	0.816496	
0.408249	0.000000	0.000000	0.408249	0.816496	
0.408280	0.816481	0.000000	0.000000	0.408248	
0.000000	0.000000	0.000000	0.707102	0.707111	
0.499987	0.000000	0.499987	0.499991	0.500035	
0.000000	0.499986	0.499986	0.499989	0.500039	
0.408151	0.408151	0.816594	0.000000	0.000000	
0.316251	0.000000	0.000000	0.948676	0.000000	
0.000000	0.316172	0.948702	0.000000	0.000000	
0.000000	0.408232	0.816505	0.000000	0.408248	
0.816493	0.000000	0.408255	0.000000	0.408248	
0.000000	0.707107	0.707107	0.000000	0.000000	
0.000000	0.000000	0.948683	0.316228	0.000000	
0.000000	0.316218	0.000000	0.000000	0.948687	
0.408231	0.000000	0.816504	0.408250	0.000000	
0.408216	0.816512	0.000000	0.408250	0.000000	
0.000000	0.948687	0.316218	0.000000	0.000000	
0.000000	0.408231	0.816503	0.408252	0.000000	
0.707102	0.000000	0.000000	0.000000	0.707111	
0.000000	0.316252	0.000000	0.948675	0.000000	
0.408215	0.816516	0.408241	0.000000	0.000000	
0.000000	0.000000	0.408249	0.408249	0.816496	
0.408268	0.408268	0.000000	0.816477	0.000000	
0.000000	0.948683	0.000000	0.000000	0.316230	
0.316218	0.948687	0.000000	0.000000	0.000000	
0.408249	0.408249	0.000000	0.000000	0.816495	
0.000000	0.816503	0.000000	0.408236	0.408248	
0.948685	0.316223	0.000000	0.000000	0.000000	
0.000000	0.707107	0.000000	0.707106	0.000000	
0.408241	0.000000	0.000000	0.816500	0.408248	
0.000000	0.948683	0.000000	0.316228	0.000000	
0.000000	0.000000	0.000000	1.000000	0.000000	
0.948683	0.000000	0.000000	0.000000	0.316230	
0.948683	0.000000	0.000000	0.316228	0.000000	
0.000000	0.707102	0.000000	0.000000	0.707111	
0.000000	0.000000	0.408241	0.816500	0.408248	
0.000000	0.000000	0.707102	0.000000	0.707111	
0.707107	0.707107	0.000000	0.000000	0.000000	
0.000000	0.000000	1.000000	0.000000	0.000000	
0.408249	0.000000	0.408249	0.000000	0.816496	
0.816493	0.000000	0.408255	0.408250	0.000000	
0.408232	0.000000	0.816505	0.000000	0.408248	
0.000000	0.677855	0.000000	0.000120	0.735577	
0.000000	0.000000	0.594098	0.000000	0.804393	
0.000000	0.000000	0.948683	0.316228	0.000000	
0.567501	0.567501	0.325878	0.500158	0.000000	
0.138151	0.033699	0.320357	0.350499	0.868516	
0.002424	0.522638	0.000000	0.000000	0.852551	
0.854359	0.000000	0.000000	0.000000	0.523968	
0.816505	0.408239	0.408240	0.000007	0.000000	
0.000000	0.406574	0.823616	0.000000	0.410767	
0.372311	0.003845	0.000000	0.000000	0.928100	
0.157963	0.246351	0.221781	0.787503	0.495549	
0.319157	0.000000	0.000000	0.952254	0.000000	
0.314017	0.857986	0.009527	0.406411	0.002291	
0.959839	0.000000	0.000000	0.291584	0.000000	
0.028196	0.254526	0.966655	0.000000	0.000000	
0.444792	0.005816	0.901723	0.000000	0.000000	
0.001595	0.580670	0.821487	0.080302	0.000000	
0.400252	0.000000	0.416129	0.816477	0.000000	
0.376844	0.722817	0.583672	0.000000	0.002014	
0.982235	0.185751	0.032951	0.000000	0.000000	
0.002333	0.001580	0.068263	0.034158	0.997107	
0.424794	0.265425	0.500899	0.000000	0.711252	
0.000000	0.000000	0.316233	0.000000	0.948681	
0.000000	0.999277	0.000000	0.000000	0.038014	
0.000000	0.410666	0.410666	0.821273	0.000000	
0.410882	0.000000	0.000000	0.815205	0.408261	
0.648235	0.561102	0.000000	0.428657	0.428670	
0.705989	0.000000	0.040111	0.707127	0.000000	
0.000000	0.000000	0.000000	1.000000	0.000000	
0.705393	0.549947	0.000000	0.447202	0.000000	
