0.000000	0.707107	0.000000	0.707106	0.000000	
0.948685	0.000000	0.316223	0.000000	0.000000	
0.408257	0.816492	0.000000	0.000000	0.408248	
0.000000	0.316233	0.948682	0.000000	0.000000	
0.000000	0.000000	0.000000	1.000000	0.000000	
0.000000	0.316233	0.000000	0.948681	0.000000	
0.316224	0.000000	0.000000	0.000000	0.948684	
0.816497	0.408248	0.000000	0.000000	0.408248	
0.000000	0.408249	0.408249	0.000000	0.816496	
0.948683	0.000000	0.000000	0.000000	0.316228	
0.000000	0.000000	0.000000	0.316224	0.948684	
1.000000	0.000000	0.000000	0.000000	0.000000	
0.000000	0.000000	0.707107	0.707106	0.000000	
0.499999	0.000000	0.499999	0.500002	0.500000	
0.000000	0.000000	0.316233	0.948681	0.000000	
0.000000	0.707107	0.707107	0.000000	0.000000	
0.316233	0.000000	0.948682	0.000000	0.000000	
0.000000	0.408249	0.000000	0.408249	0.816496	
0.707107	0.707107	0.000000	0.000000	0.000000	
0.000000	0.499999	0.499999	0.500002	0.500001	
0.000000	0.816496	0.000000	0.408249	0.408248	
0.316218	0.948687	0.000000	0.000000	0.000000	
0.408241	0.000000	0.816499	0.408250	0.000000	
0.000000	0.000000	0.000000	0.707107	0.707107	
0.000000	0.408246	0.408246	0.816499	0.000000	
0.000000	0.000000	0.408249	0.408249	0.816496	
0.000000	0.948683	0.000000	0.316228	0.000000	
0.000000	0.000000	0.000000	0.948683	0.316228	
0.000000	0.000000	1.000000	0.000000	0.000000	
0.816496	0.000000	0.000000	0.408249	0.408248	
0.816496	0.000000	0.408250	0.000000	0.408248	
0.000000	0.816495	0.408250	0.408250	0.000000	
0.707107	0.000000	0.000000	0.000000	0.707107	
0.408246	0.408246	0.000000	0.816499	0.000000	
0.408249	0.000000	0.408249	0.000000	0.816496	
0.408241	0.000000	0.816500	0.000000	0.408248	
0.000000	0.000000	0.816496	0.408249	0.408248	
0.000000	0.000000	0.948683	0.316228	0.000000	
0.499999	0.499999	0.000000	0.500002	0.500000	
0.707107	0.000000	0.000000	0.707106	0.000000	
0.408246	0.000000	0.408246	0.816499	0.000000	
0.408242	0.408242	0.816503	0.000000	0.000000	
0.000000	0.000000	0.408241	0.816500	0.408248	
0.408256	0.816492	0.000000	0.408250	0.000000	
0.000000	0.316224	0.000000	0.000000	0.948684	
0.000000	0.948683	0.000000	0.000000	0.316228	
0.000000	0.000000	0.316224	0.000000	0.948685	
0.408241	0.000000	0.000000	0.816500	0.408248	
0.816495	0.000000	0.408250	0.408250	0.000000	
0.816498	0.408249	0.408245	0.000000	0.000000	
0.707107	0.000000	0.707107	0.000000	0.000000	
0.316233	0.000000	0.000000	0.948681	0.000000	
0.000000	1.000000	0.000000	0.000000	0.000000	
0.000000	0.408241	0.000000	0.816500	0.408248	
0.000000	0.000000	0.707107	0.000000	0.707107	
0.408249	0.408249	0.000000	0.000000	0.816496	
0.000000	0.000000	0.948683	0.000000	0.316228	
0.816496	0.408248	0.000000	0.408250	0.000000	
0.408249	0.000000	0.000000	0.408249	0.816496	
0.000000	0.408256	0.816493	0.000000	0.408248	
0.000000	0.408256	0.816492	0.408250	0.000000	
0.000000	0.707107	0.000000	0.000000	0.707107	
0.948683	0.000000	0.000000	0.316228	0.000000	
0.948685	0.316223	0.000000	0.000000	0.000000	
0.000000	0.816496	0.408250	0.000000	0.408248	
0.000000	0.948685	0.316223	0.000000	0.000000	
0.408257	0.816494	0.408245	0.000000	0.000000	
0.000000	0.000000	0.000000	0.000000	1.000000	
0.499985	0.499985	0.500030	0.000000	0.500000	
0.499971	0.499971	0.500017	0.500041	0.000000	
0.336562	0.743899	0.000000	0.577351	0.002628	
0.681416	0.607458	0.000000	0.000000	0.408248	
0.000000	0.254455	0.000000	0.504142	0.825459	
0.000000	0.000000	0.804024	0.569206	0.171903	
0.862393	0.000000	0.000275	0.506240	0.000000	
0.179111	0.179111	0.179127	0.154518	0.944604	
0.865169	0.000000	0.000000	0.291232	0.408248	
0.177407	0.984138	0.000000	0.000000	0.000000	
0.000000	0.679673	0.679673	0.120514	0.248125	
0.400010	0.800000	0.447204	0.000000	0.000000	
0.515310	0.000000	0.000000	0.857004	0.000000	
0.492888	0.492888	0.493770	0.521455	0.000000	
0.994723	0.000000	0.102598	0.000058	0.000000	
0.000427	0.950219	0.000000	0.000000	0.313735	
0.557018	0.151856	0.000000	0.816499	0.000000	
0.367171	0.446856	0.000000	0.817927	0.000000	
0.731775	0.365888	0.575005	0.000000	0.000000	
0.000000	0.000000	0.862149	0.506655	0.000000	
0.133887	0.753916	0.555227	0.000000	0.324667	
0.218720	0.629481	0.000000	0.667294	0.363931	
0.000000	0.194074	0.980987	0.000000	0.000000	
0.165177	0.031410	0.000000	0.168035	0.973136	
0.415137	0.023787	0.000000	0.812668	0.408248	
0.000000	0.408249	0.408249	0.000000	0.816496	
0.408249	0.000000	0.408249	0.000000	0.816496	
0.000000	0.000000	0.914188	0.000000	0.408837	
0.021088	0.904281	0.123138	0.408250	0.000000	
0.095699	0.822886	0.103078	0.406422	0.415236	
0.084092	0.000000	0.000000	0.000000	0.998905	
0.923224	0.000000	0.412874	0.000000	0.000000	
