0.000000	0.000000	0.948683	0.316228	0.000000	
0.000000	0.499998	0.499998	0.500002	0.500002	
0.707107	0.707107	0.000000	0.000000	0.000000	
0.707107	0.000000	0.707107	0.000000	0.000000	
0.816496	0.000000	0.000000	0.408249	0.408248	
0.707102	0.000000	0.000000	0.000000	0.707111	
0.948683	0.000000	0.000000	0.000000	0.316228	
0.408218	0.816514	0.408245	0.000000	0.000000	
0.000000	0.000000	0.316251	0.948676	0.000000	
0.408268	0.000000	0.408268	0.816477	0.000000	
1.000000	0.000000	0.000000	0.000000	0.000000	
0.000000	0.000000	0.408241	0.816500	0.408248	
0.000000	0.000000	0.000000	0.707102	0.707111	
0.408249	0.408249	0.000000	0.000000	0.816496	
0.316211	0.000000	0.948689	0.000000	0.000000	
0.408249	0.000000	0.000000	0.408249	0.816496	
0.000000	0.816495	0.408250	0.408250	0.000000	
0.000000	0.707102	0.000000	0.000000	0.707111	
0.000000	0.000000	0.948683	0.000000	0.316228	
0.000000	0.316211	0.948689	0.000000	0.000000	
0.408173	0.408173	0.816572	0.000000	0.000000	
0.000000	0.408249	0.408249	0.000000	0.816496	
0.816497	0.408248	0.000000	0.000000	0.408248	
0.000000	0.000000	0.408249	0.408249	0.816496	
0.499990	0.499990	0.000000	0.499993	0.500027	
0.000000	0.000000	0.816496	0.408249	0.408248	
0.000000	0.000000	0.707102	0.000000	0.707111	
0.816495	0.000000	0.408250	0.408250	0.000000	
0.000000	0.408268	0.408268	0.816477	0.000000	
0.316218	0.948687	0.000000	0.000000	0.000000	
0.948683	0.000000	0.000000	0.316228	0.000000	
0.499999	0.000000	0.499999	0.500002	0.500001	
0.816496	0.000000	0.408250	0.000000	0.408248	
0.000000	0.000000	0.707107	0.707106	0.000000	
0.500034	0.500034	0.499932	0.000000	0.500001	
0.000000	0.707107	0.000000	0.707106	0.000000	
0.000000	0.948683	0.000000	0.000000	0.316228	
0.000000	0.948685	0.316223	0.000000	0.000000	
0.948685	0.316223	0.000000	0.000000	0.000000	
0.000000	0.948683	0.000000	0.316228	0.000000	
0.000000	0.000000	0.000000	0.948683	0.316228	
0.000000	0.316251	0.000000	0.948676	0.000000	
0.000000	1.000000	0.000000	0.000000	0.000000	
0.000000	0.816496	0.000000	0.408249	0.408248	
0.000000	0.707107	0.707107	0.000000	0.000000	
0.000000	0.408249	0.000000	0.408249	0.816496	
0.000000	0.000000	1.000000	0.000000	0.000000	
0.408241	0.000000	0.000000	0.816500	0.408248	
0.000000	0.816496	0.408250	0.000000	0.408248	
0.816498	0.408249	0.408245	0.000000	0.000000	
0.816495	0.408249	0.000000	0.408250	0.000000	
0.000000	0.000000	0.000000	0.000000	1.000000	
0.707107	0.000000	0.000000	0.707106	0.000000	
0.500020	0.500020	0.499919	0.500041	0.000000	
0.408232	0.000000	0.816504	0.408250	0.000000	
0.000000	0.000000	0.000000	0.316224	0.948684	
0.408258	0.816492	0.000000	0.000000	0.408248	
0.000000	0.408241	0.000000	0.816500	0.408248	
0.948685	0.000000	0.316223	0.000000	0.000000	
0.316251	0.000000	0.000000	0.948676	0.000000	
0.000000	0.000000	0.316224	0.000000	0.948685	
0.000000	0.316224	0.000000	0.000000	0.948685	
0.000000	0.000000	0.000000	1.000000	0.000000	
0.000000	0.408232	0.816505	0.000000	0.408248	
0.408232	0.000000	0.816505	0.000000	0.408248	
0.408249	0.000000	0.408249	0.000000	0.816496	
0.408217	0.816512	0.000000	0.408250	0.000000	
0.316224	0.000000	0.000000	0.000000	0.948684	
0.000000	0.408232	0.816504	0.408250	0.000000	
0.408268	0.408268	0.000000	0.816477	0.000000	
0.622248	0.000000	0.000000	0.623900	0.500368	
0.000118	0.409005	0.818050	0.000000	0.405098	
0.504687	0.504687	0.504584	0.000000	0.485775	
0.817823	0.405940	0.408314	0.000000	0.000000	
0.000000	0.707107	0.707107	0.000000	0.000000	
0.677834	0.608217	0.000000	0.000000	0.413054	
0.000000	0.408241	0.000000	0.816500	0.408248	
0.000000	0.000000	0.408241	0.816500	0.408248	
0.816495	0.000000	0.408250	0.408250	0.000000	
0.319659	0.855076	0.408245	0.000000	0.000000	
0.000000	0.894422	0.447214	0.000000	0.002985	
0.426730	0.847291	0.000000	0.316228	0.000000	
0.000000	0.408232	0.816504	0.408250	0.000000	
0.276698	0.000000	0.351328	0.894431	0.000000	
0.000000	0.000000	0.591345	0.000000	0.806419	
0.447179	0.894444	0.000820	0.000000	0.000000	
0.000000	0.000000	0.000000	0.948683	0.316228	
0.000000	0.707107	0.000000	0.707106	0.000000	
0.948683	0.000000	0.000000	0.000000	0.316228	
0.000000	0.908499	0.000000	0.000000	0.423683	
0.640339	0.000000	0.801543	0.000000	0.000000	
0.033504	0.706341	0.499919	0.500041	0.000000	
0.439212	0.054010	0.777287	0.447214	0.000000	
0.242194	0.277190	0.465148	0.000000	0.808912	
0.408249	0.000000	0.000000	0.408249	0.816496	
0.006925	0.539836	0.000000	0.000000	0.844121	
0.000000	0.000000	0.000000	0.741524	0.677106	
0.000000	0.633486	0.314153	0.500002	0.500002	
0.011192	0.486840	0.873419	0.000000	0.000000	
0.881986	0.440993	0.000000	0.000000	0.166213	
