0.000118	0.398140	0.418873	0.819376	0.000000	
0.002726	0.411797	0.812940	0.000000	0.428775	
0.451718	0.533610	0.474204	0.000000	0.539012	
0.319556	0.000000	0.000000	0.953263	0.000000	
0.393996	0.000000	0.000000	0.391649	0.832707	
0.002057	0.321413	0.952708	0.000000	0.000000	
0.000075	0.000093	0.000000	0.313120	0.952059	
0.408440	0.825569	0.415546	0.000000	0.000000	
0.410980	0.816735	0.000000	0.000000	0.410101	
0.000023	0.000009	0.000000	1.001486	0.000000	
0.000006	0.000188	0.711318	0.708290	0.000000	
0.711774	0.000000	0.000000	0.708744	0.000000	
0.001532	0.001709	0.717802	0.000000	0.699610	
0.399372	0.420246	0.000000	0.000000	0.818408	
0.000153	0.314867	0.000000	0.000000	0.949455	
0.707639	0.000000	0.710108	0.000000	0.000000	
0.000178	0.956134	0.000108	0.320157	0.000000	
0.524740	0.001147	0.529855	0.478061	0.468329	
0.951066	0.313477	0.000000	0.000000	0.000000	
0.315309	0.949936	0.000000	0.000000	0.000000	
0.320492	0.000000	0.951270	0.000000	0.000000	
0.004874	0.399139	0.000000	0.393639	0.840316	
0.951245	0.000898	0.314509	0.000000	0.000000	
0.315787	0.000000	0.000000	0.000000	0.949940	
0.000403	0.414225	0.000000	0.825907	0.417486	
0.818237	0.000000	0.410628	0.000000	0.408879	
0.000418	0.000501	0.000000	0.949838	0.321938	
0.002932	0.437679	0.481770	0.538143	0.547200	
0.000169	0.000001	0.953002	0.000000	0.316197	
0.000619	0.710420	0.000000	0.714549	0.000000	
0.407258	0.409652	0.820869	0.000000	0.000000	
0.819787	0.410341	0.000000	0.411136	0.000000	
0.000336	0.707936	0.707837	0.000000	0.000000	
0.005383	0.813072	0.423829	0.000000	0.406804	
0.819050	0.000000	0.000000	0.406169	0.410517	
1.009315	0.000000	0.000000	0.000000	0.000000	
0.000403	0.000037	0.000000	0.710334	0.706881	
0.707863	0.000000	0.000000	0.000000	0.708166	
0.000098	0.000000	0.000000	0.000000	1.008337	
0.000052	0.000000	0.315589	0.951616	0.000005	
0.411761	0.000000	0.414048	0.815066	0.000000	
0.405535	0.000000	0.821901	0.406026	0.000000	
0.000078	0.949332	0.000000	0.000002	0.315918	
0.822309	0.409204	0.000000	0.000000	0.409976	
0.443925	0.534760	0.000000	0.500619	0.518358	
0.494039	0.571860	0.504584	0.494522	0.000000	
0.014754	0.421152	0.406747	0.000000	0.827439	
0.405488	0.408933	0.000000	0.819833	0.000000	
0.955345	0.000000	0.000000	0.319892	0.000000	
0.007331	0.823247	0.424408	0.416426	0.000000	
0.411239	0.817870	0.000000	0.410548	0.000000	
0.000233	0.000021	0.313686	0.000000	0.953141	
0.407772	0.000000	0.818198	0.000018	0.407815	
0.000119	0.430016	0.860529	0.426177	0.000000	
0.000126	0.000019	1.003276	0.000000	0.000000	
0.000100	0.000000	0.949929	0.314196	0.000000	
0.950179	0.000000	0.000000	0.000000	0.316016	
0.413198	0.000000	0.406730	0.000000	0.817682	
0.819106	0.398018	0.422588	0.000000	0.000000	
0.001599	0.956228	0.320757	0.000000	0.000000	
0.705948	0.709623	0.000000	0.000000	0.000000	
0.000161	0.319275	0.000000	0.949339	0.000000	
0.407404	0.000000	0.000000	0.819826	0.411139	
0.000145	0.011879	0.396620	0.391302	0.835326	
0.001677	0.710005	0.000000	0.000000	0.706132	
0.000007	1.002667	0.000000	0.000000	0.000000	
0.000068	0.824776	0.000000	0.408042	0.410496	
0.817743	0.000001	0.404221	0.412871	0.000000	
0.000310	0.002044	0.835831	0.380511	0.408137	
0.001354	0.000000	0.423348	0.813716	0.407362	
0.361291	0.766892	0.000000	0.378485	0.392789	
0.689856	0.169127	0.000000	0.000000	0.706408	
0.332970	0.000000	0.945603	0.000000	0.000000	
0.000736	0.757608	0.000000	0.528878	0.417553	
0.000077	0.000096	0.969630	0.000000	0.252586	
0.671049	0.000000	0.000000	0.789612	0.000000	
0.008009	0.899353	0.463643	0.108534	0.000000	
0.002691	0.000240	0.314313	0.000000	0.955079	
0.000021	0.114869	0.000000	1.000204	0.000607	
0.211867	0.239693	0.000000	0.951217	0.000000	
0.047160	0.569146	0.000000	0.823344	0.000000	
0.001225	0.001368	0.842173	0.000000	0.541734	
0.415891	0.000000	0.735687	0.348607	0.407815	
0.412085	0.404286	0.820361	0.000000	0.000000	
0.000009	1.001938	0.000000	0.000000	0.000000	
0.859430	0.416957	0.000000	0.319855	0.000000	
0.193744	0.000000	0.000000	0.128356	0.973106	
0.971567	0.226718	0.090026	0.000000	0.000000	
0.002068	0.321124	0.951852	0.000000	0.000000	
0.153693	0.185332	0.000000	0.496404	0.836747	
0.089164	0.000005	0.998015	0.000000	0.000000	
0.119743	0.000000	0.435113	0.895675	0.000000	
0.793021	0.218096	0.576857	0.000000	0.023510	
0.000010	0.026309	0.025394	0.000000	1.013566	
0.405250	0.000000	0.407500	0.819677	0.000000	
0.003992	0.467577	0.508166	0.570933	0.455953	
0.921539	0.000000	0.000000	0.413284	0.000000	
0.389517	0.826806	0.108665	0.410928	0.000000	
0.396733	0.094695	0.818410	0.000018	0.407920	
0.225523	0.235946	0.455555	0.829032	0.000000	
