0.619719	0.190328	0.000524	7.279589	
0.863320	0.010955	0.796962	4.751779	
0.626065	0.004928	0.191636	7.293817	
0.778655	0.199675	0.000841	6.155305	
0.000947	0.730629	0.742196	5.630047	
0.004917	0.790753	0.193559	6.154304	
0.862254	0.219917	0.225891	5.479173	
0.000947	0.730629	0.012278	6.859044	
0.204320	0.653263	0.224182	6.626813	
0.242081	0.236629	0.886217	5.490107	
0.260361	0.829382	0.633669	5.606031	
0.795797	0.866844	0.000806	4.773133	
0.298387	0.164406	0.005212	7.278557	
0.662704	0.236400	0.220540	6.528859	
0.694634	0.666323	0.903152	4.889058	
0.000110	0.282041	0.000000	7.590233	
0.001542	0.000037	0.610247	7.714077	
0.018522	0.896237	0.809756	4.743176	
0.883541	0.006432	0.011490	6.313363	
0.724469	0.001399	0.000834	6.922275	
0.000018	0.603276	0.199683	7.397352	
0.194513	0.000119	0.783968	6.148143	
0.644742	0.650877	0.636538	6.480885	
0.903843	0.801353	0.033094	4.778957	
0.794258	0.003966	0.189534	6.140605	
0.721992	0.871553	0.884265	3.567242	
0.000000	0.979837	0.622381	6.513907	
0.016318	0.010910	0.893095	6.323613	
0.789696	0.855359	0.257230	4.391183	
0.724842	0.741233	0.000436	5.680547	
0.001202	0.188840	0.785594	6.151623	
0.723523	0.000577	0.346004	6.629665	
0.000000	0.120554	0.000000	7.774845	
0.197902	0.653263	0.022328	7.114684	
0.012991	0.791396	0.900104	4.840925	
0.789521	0.003393	0.905888	4.879173	
0.000947	0.726316	0.291081	6.485612	
0.000034	0.612124	0.675712	6.982578	
0.000151	0.000164	0.124347	7.795544	
0.214559	0.217371	0.653561	6.612363	
0.213910	0.003297	0.627929	7.189201	
0.695129	0.635341	0.050412	6.682466	
0.803399	0.270729	0.798880	4.451543	
0.234790	0.618081	0.845145	5.587388	
0.866531	0.871063	0.741097	3.405914	
0.750975	0.000082	0.727692	5.615141	
0.000000	0.005692	0.274132	7.602489	
0.136507	0.137118	0.000532	7.466638	
0.214754	0.855463	0.221894	5.490699	
0.013106	0.655809	0.896383	5.805909	
0.610077	0.017827	0.712327	6.956828	
0.679393	0.927260	0.677567	5.014414	
0.319470	0.188499	0.181061	6.925171	
0.003606	0.152587	0.311230	7.323105	
0.000371	0.001547	0.720114	6.933829	
0.167862	0.000196	0.294996	7.274550	
0.629740	0.622675	0.216867	6.807890	
0.604673	0.776250	0.278588	5.907780	
0.149940	0.150722	0.147743	7.114427	
0.271844	0.000023	0.000195	7.581047	
0.903843	0.700771	0.655020	4.883502	
0.124512	0.000000	0.000105	7.764139	
0.141762	0.632367	0.626823	6.925002	
0.600826	0.257217	0.748571	6.102951	
0.762782	0.281515	0.626611	5.884520	
0.004059	0.152587	0.133148	7.662711	
0.137077	0.000013	0.136774	7.467718	
0.627357	0.001396	0.000025	7.601867	
0.307094	0.011793	0.173674	7.285148	
0.255152	0.808581	0.799831	4.481613	
0.166297	0.294939	0.002066	7.273251	
0.162764	0.164628	0.318226	6.987605	
0.356859	0.709704	0.006023	6.728342	
0.022593	0.890364	0.019473	6.299441	
0.004917	0.295783	0.165519	7.270223	
0.856472	0.734124	0.871877	3.453574	
0.194407	0.778136	0.002644	6.170713	
0.203824	0.305537	0.162357	6.899336	
0.000000	0.000000	0.000000	8.029207	
0.000003	0.204440	0.604650	7.413220	
0.757281	0.607526	0.299147	6.004164	
0.231570	0.214109	0.886217	5.510284	
0.762990	0.276252	0.626611	5.969586	
0.124512	0.014542	0.004953	7.743017	
0.699787	0.321714	0.010671	6.724549	
0.793748	0.857662	0.871024	3.095171	
0.285526	0.000722	0.079668	7.459512	
0.724469	0.001390	0.000197	7.059213	
0.017938	0.017827	0.710817	6.963148	
0.648888	0.896237	0.809756	4.224768	
0.148643	0.295783	0.166355	6.985759	
0.163416	0.656553	0.648118	6.564394	
0.004829	0.861248	0.641618	5.817189	
0.000630	0.152587	0.313023	7.335586	
0.610369	0.776980	0.269410	5.836014	
0.194231	0.776250	0.004500	6.175392	
0.161866	0.656553	0.648118	6.715776	
0.000271	0.720347	0.000002	6.939067	
0.009315	0.903899	0.019839	6.367655	
0.000969	0.291158	0.161833	7.275708	
0.862254	0.212966	0.225891	5.486417	
0.259637	0.798312	0.809184	4.426208	
0.729889	0.008972	0.628367	6.627749	
0.193345	0.011793	0.166273	7.353183	
0.004263	0.763952	0.605257	6.485056	
0.662872	0.237410	0.220540	6.528100	
0.695161	0.267077	0.052611	6.703637	
0.166259	0.892793	0.154535	5.981462	
0.141762	0.156481	0.633735	6.992786	
0.004917	0.791396	0.900104	4.848070	
0.861597	0.724243	0.879609	3.536229	
0.002152	0.767629	0.202340	6.214564	
0.780931	0.008445	0.905888	4.919694	
0.694634	0.670122	0.888802	4.779250	
0.002232	0.254999	0.799914	6.015217	
0.013651	0.655975	0.222552	6.987617	
0.804532	0.003966	0.255804	6.014411	
0.000000	0.120516	0.000000	7.775882	
0.016386	0.010910	0.887509	6.309641	
0.207975	0.005185	0.807218	6.053334	
0.193008	0.010489	0.633735	7.197266	
0.862736	0.871063	0.739940	3.412742	
0.632362	0.260641	0.765183	5.790837	
0.000037	0.276639	0.000000	7.585690	
0.883541	0.006211	0.011490	6.313614	
0.289146	0.000000	0.132662	7.338451	
0.319470	0.188499	0.178356	6.931350	
0.343171	0.709704	0.006023	6.729480	
0.903843	0.862180	0.035612	4.650061	
0.889433	0.004551	0.651405	5.782446	
0.600826	0.119178	0.246164	7.194100	
0.135985	0.136096	0.000532	7.469476	
0.903843	0.699877	0.651580	4.913161	
0.000152	0.000164	0.124347	7.779379	
0.010198	0.000044	0.266133	7.568292	
0.168928	0.000162	0.294996	7.271574	
0.296653	0.164406	0.005212	7.279378	
0.804649	0.270744	0.803630	4.424463	
0.630185	0.001396	0.000025	7.584141	
0.215207	0.724957	0.209717	6.095214	
0.141762	0.621326	0.633735	6.946796	
0.785830	0.866844	0.000806	4.821031	
0.166297	0.294939	0.000002	7.341903	
0.141762	0.900548	0.626823	5.728777	
0.619719	0.190328	0.010510	7.271926	
0.630185	0.671322	0.317149	6.569261	
0.320596	0.005822	0.666681	6.999547	
0.148595	0.150722	0.147743	7.140333	
0.000034	0.135423	0.136261	7.472810	
0.757281	0.607526	0.299147	6.004164	
0.805323	0.875329	0.257230	4.332559	
0.001542	0.000534	0.640059	7.570687	
0.007500	0.000000	0.000000	7.999816	
0.201634	0.569806	0.000000	7.530734	
0.644742	0.637166	0.766500	5.649687	
0.166259	0.164628	0.306364	6.960639	
0.875885	0.007845	0.785093	4.899189	
0.019882	0.331324	0.677024	6.946852	
0.002232	0.253802	0.799914	6.015507	
0.000271	0.720347	0.002394	6.932803	
0.804453	0.270729	0.803630	4.427227	
0.720901	0.211863	0.007692	6.518947	
0.762782	0.007884	0.602922	6.606759	
0.130057	0.675407	0.000926	7.046055	
0.025389	0.153068	0.178184	7.329850	
0.629771	0.254411	0.219066	6.820429	
0.700178	0.881844	0.147752	5.150501	
0.658587	0.675417	0.888802	5.006777	
0.790932	0.875455	0.868846	3.116920	
0.004917	0.005145	0.808513	6.420304	
0.000037	0.276639	0.000527	7.584511	
0.258903	0.289882	0.159802	6.968870	
0.025162	0.848832	0.784122	4.799371	
0.002849	0.011715	0.166273	7.730254	
0.007500	0.003751	0.053997	7.915229	
0.358971	0.266616	0.001432	7.316891	
0.119603	0.000000	0.000105	7.856337	
0.135437	0.185020	0.124522	7.138728	
0.630185	0.671322	0.000025	6.898438	
0.308930	0.253798	0.215060	6.890095	
0.185641	0.776250	0.004564	6.295172	
0.794258	0.013693	0.125325	6.360935	
0.217237	0.773567	0.627761	5.764425	
0.003777	0.120516	0.294827	7.375018	
0.633978	0.700771	0.655020	6.056501	
0.011689	0.009535	0.240395	7.559407	
0.879164	0.734538	0.794864	3.615276	
0.007588	0.640804	0.166273	7.191269	
0.308930	0.005588	0.766662	6.407841	
0.200703	0.724957	0.209744	6.125440	
0.631688	0.260641	0.651956	6.593730	
0.199061	0.653263	0.896383	5.406537	
0.007500	0.190642	0.000000	7.664839	
0.698997	0.000119	0.783968	5.807468	
0.715373	0.001231	0.000197	7.127532	
0.632805	0.624010	0.214153	6.787943	
0.760813	0.281515	0.626611	5.933980	
0.757281	0.607526	0.299147	6.004164	
0.636337	0.643058	0.000025	7.097125	
0.862254	0.219917	0.269187	5.478206	
