0.300088	0.692512	0.000007	6.753480	
0.242124	0.610477	0.860955	5.581638	
0.000000	0.000000	0.000000	8.061273	
0.148575	0.150722	0.149325	7.109961	
0.000001	0.573136	0.696835	7.111982	
0.305726	0.162304	0.173311	6.952463	
0.000000	0.896051	0.013155	6.346768	
0.166047	0.173897	0.263830	6.905299	
0.291654	0.281690	0.024364	7.156271	
0.730969	0.000006	0.000025	6.921499	
0.716452	0.000218	0.383695	6.754263	
0.000171	0.137643	0.136112	7.464664	
0.281455	0.000000	0.000000	7.647250	
0.207827	0.659941	0.222527	6.613626	
0.275698	0.000010	0.274922	7.165774	
0.776954	0.000010	0.190695	6.181346	
0.903076	0.700922	0.652544	4.897876	
0.220147	0.217371	0.662640	6.540868	
0.034696	0.000000	0.572235	8.005135	
0.235391	0.770686	0.588456	5.976311	
0.858525	0.729247	0.859899	3.482749	
0.900091	0.000412	0.010913	6.362085	
0.012480	0.190817	0.786956	6.115004	
0.000035	0.278562	0.000000	7.652862	
0.617260	0.201266	0.047838	7.253819	
0.000159	0.626374	0.212064	7.465764	
0.158359	0.282041	0.000000	7.273441	
0.213237	0.221018	0.878091	5.504226	
0.000000	0.195347	0.628894	7.307739	
0.749309	0.847112	0.895918	3.400945	
0.012503	0.353015	0.881961	6.029450	
0.766848	0.191674	0.000015	6.237064	
0.814673	0.231716	0.615650	5.888908	
0.615935	0.248572	0.811500	5.681875	
0.293442	0.002631	0.136491	7.332059	
0.384738	0.000006	0.893373	6.157314	
0.006948	0.800938	0.918525	4.873362	
0.816529	0.267870	0.811500	4.364863	
0.877018	0.000000	0.596366	6.103312	
0.004576	0.772344	0.199360	6.186818	
0.000035	0.000010	0.274922	7.584342	
0.728423	0.002388	0.743051	5.638660	
0.802987	0.802368	0.251179	4.431321	
0.657515	0.220857	0.228136	6.624438	
0.633583	0.174315	0.621492	6.887007	
0.000109	0.000127	0.137487	7.829319	
0.000408	0.728848	0.000000	6.969894	
0.881499	0.042008	0.799112	4.715323	
0.136507	0.137118	0.000009	7.501266	
0.779433	0.866017	0.032289	4.809152	
0.905834	0.801780	0.002632	4.839044	
0.015289	0.291901	0.162639	7.256885	
0.637819	0.805789	0.251179	5.524556	
0.000420	0.730629	0.736747	5.669780	
0.703733	0.378577	0.000025	6.879805	
0.000000	0.710551	0.565761	6.936381	
0.202046	0.009563	0.623713	7.220634	
0.158353	0.000497	0.281698	7.272368	
0.256177	0.799632	0.802590	4.445091	
0.803105	0.011821	0.872079	4.729448	
0.000311	0.001413	0.747692	6.849797	
0.625060	0.635006	0.197572	6.780606	
0.187835	0.000552	0.781210	6.162321	
0.633740	0.000000	0.180653	7.326537	
0.206413	0.623439	0.629119	6.817351	
0.193977	0.292594	0.174842	6.962891	
0.226581	0.863136	0.220550	5.488643	
0.186006	0.778135	0.000806	6.191832	
0.136881	0.000006	0.137051	7.465738	
0.671313	0.692754	0.918675	4.885356	
0.136507	0.616016	0.000009	7.437391	
0.300088	0.159182	0.000007	7.291501	
0.000000	0.122122	0.000007	7.770803	
0.862449	0.218929	0.225891	5.479930	
0.000000	0.884409	0.610990	6.102527	
0.000014	0.003539	0.865635	6.306855	
0.876945	0.857801	0.740911	3.411284	
0.869473	0.644484	0.292270	5.427121	
0.003230	0.163071	0.288859	7.269540	
0.736131	0.738412	0.000047	5.642871	
0.440183	0.000002	0.733596	6.774042	
0.124118	0.000018	0.000105	7.764899	
0.034130	0.894074	0.794986	4.773880	
0.664723	0.906058	0.657464	5.148035	
0.644742	0.651010	0.639116	6.460230	
0.085790	0.096506	0.621492	7.464374	
0.754530	0.865205	0.056175	4.918376	
0.000000	0.897735	0.012059	6.356091	
0.082444	0.614329	0.000009	7.572908	
0.644742	0.651010	0.642117	6.443148	
0.018063	0.906058	0.652470	5.840550	
0.000000	0.710551	0.566632	6.931573	
0.166047	0.009460	0.263830	7.246857	
0.714446	0.031370	0.833859	5.350992	
0.149462	0.282926	0.001102	7.297504	
0.862443	0.662752	0.844932	3.989307	
0.000100	0.800938	0.918525	4.880577	
0.136459	0.133236	0.000105	7.475795	
0.000311	0.719786	0.743051	5.707641	
0.803105	0.011821	0.871994	4.729499	
0.023659	0.036901	0.246091	7.519734	
0.643873	0.707728	0.228761	6.102213	
0.615935	0.248572	0.823019	5.600788	
0.000119	0.163071	0.007363	7.672021	
0.633610	0.176320	0.657196	6.616417	
0.706813	0.799555	0.895475	3.834183	
0.281455	0.000000	0.000000	7.591986	
0.123100	0.000000	0.000105	7.767202	
0.194251	0.009563	0.631857	7.205258	
0.000005	0.280336	0.000000	7.909287	
0.206413	0.629296	0.737874	5.995158	
0.667877	0.696149	0.900094	4.811799	
0.802728	0.802368	0.251179	4.432643	
0.004437	0.190817	0.795306	6.088754	
0.862449	0.881677	0.789760	3.124577	
0.207176	0.655316	0.222527	6.632197	
0.126752	0.000002	0.137051	7.490152	
0.136254	0.137024	0.142118	7.185814	
0.000109	0.000164	0.135959	7.744028	
0.235391	0.770686	0.615524	5.838614	
0.000005	0.730300	0.000067	7.092140	
0.206413	0.629296	0.629119	6.780336	
0.300459	0.162304	0.187036	6.915041	
0.784365	0.033688	0.010481	6.460642	
0.657515	0.221984	0.228136	6.571567	
0.692483	0.631747	0.011649	6.830592	
0.186006	0.778803	0.004519	6.173151	
0.860007	0.133236	0.008986	6.040283	
0.213237	0.218915	0.277733	6.768605	
0.210315	0.284732	0.174842	6.905791	
0.852268	0.800472	0.080332	4.907606	
0.384738	0.000006	0.733596	6.638193	
0.000115	0.001517	0.860378	6.307311	
0.281406	0.282202	0.033588	7.167983	
0.173959	0.138601	0.918675	5.827842	
0.386116	0.000006	0.900288	6.174824	
0.876790	0.000006	0.788170	4.815655	
0.000109	0.000233	0.001165	8.003575	
0.661973	0.905033	0.657464	5.162451	
0.000000	0.000537	0.594129	7.881345	
0.647239	0.269433	0.042902	7.070144	
0.099425	0.353015	0.889056	5.879017	
0.879702	0.042451	0.627910	5.862970	
0.888706	0.670038	0.299638	5.257751	
0.253344	0.803759	0.801505	4.431869	
0.636383	0.000000	0.210633	7.265832	
0.004648	0.772344	0.189202	6.513840	
0.000159	0.628719	0.203616	7.199541	
0.293442	0.000560	0.136491	7.334139	
0.743873	0.256250	0.635621	5.895727	
0.802728	0.802368	0.006378	5.034716	
0.862449	0.218929	0.228233	5.479198	
0.199980	0.000220	0.795246	6.417429	
0.876790	0.000006	0.019695	6.298192	
0.300088	0.159182	0.006595	7.284758	
0.143038	0.361084	0.736747	6.265065	
0.633583	0.096506	0.621492	7.062512	
0.026921	0.133205	0.153276	7.542468	
0.000109	0.000233	0.687323	7.206158	
0.000065	0.142412	0.288859	7.318069	
0.816636	0.267870	0.811500	4.362698	
0.757594	0.002960	0.209478	6.384435	
0.642516	0.626880	0.222527	6.736469	
0.880936	0.702543	0.614619	5.069218	
0.220147	0.217371	0.611118	6.872763	
0.226581	0.856551	0.223269	5.477797	
0.637171	0.000010	0.190695	7.242238	
0.884260	0.041604	0.628323	5.870339	
0.909180	0.003995	0.002632	6.466572	
0.000000	0.033227	0.588909	7.817032	
0.000654	0.218929	0.225891	7.172080	
0.888706	0.669273	0.299951	5.291378	
0.173959	0.015904	0.918675	6.199870	
0.149462	0.282314	0.032811	7.255444	
0.814673	0.278471	0.871930	4.396521	
0.281406	0.282313	0.033588	7.134866	
0.687490	0.000220	0.795246	5.898759	
0.000124	0.271759	0.000000	7.899097	
0.754530	0.750161	0.067255	5.305764	
0.623322	0.137069	0.888517	5.709938	
0.852268	0.857801	0.080332	4.581592	
0.776954	0.000010	0.137512	6.286078	
0.235391	0.770686	0.617542	5.826627	
0.194251	0.009563	0.631857	7.205258	
0.036309	0.728848	0.000000	6.921269	
0.126752	0.000002	0.190234	7.384557	
0.802987	0.816158	0.252963	4.380666	
0.876132	0.162304	0.187036	5.857574	
0.135547	0.616265	0.155705	7.127374	
0.212683	0.214123	0.753552	6.022511	
0.625500	0.203268	0.047838	7.200925	
0.213237	0.220175	0.277733	6.767414	
0.844890	0.751271	0.736747	3.840829	
0.636952	0.644119	0.737304	5.925529	
0.020115	0.003539	0.163771	7.647054	
0.126212	0.000000	0.000105	7.759776	
0.023659	0.042100	0.252990	7.510380	
0.674683	0.292594	0.174842	6.734846	
0.281005	0.012004	0.000000	7.630390	
0.880808	0.282041	0.002297	5.923901	
