0.000000	0.948684	0.316226	0.000000	0.000000	
0.000000	0.000000	0.000000	0.000000	1.000000	
0.816497	0.408250	0.408246	0.000000	0.000000	
0.707106	0.000000	0.000000	0.000000	0.707107	
0.500019	0.500020	0.499978	0.000000	0.499983	
0.500020	0.500021	0.499978	0.499981	0.000000	
0.707106	0.707107	0.000000	0.000000	0.000000	
0.000000	0.000000	0.816496	0.408249	0.408249	
0.316230	0.948683	0.000000	0.000000	0.000000	
0.000000	0.408243	0.816499	0.000000	0.408249	
0.948684	0.000000	0.000000	0.000000	0.316227	
0.816501	0.000000	0.408250	0.408238	0.000000	
0.000000	0.816501	0.408250	0.408238	0.000000	
0.000000	0.707107	0.707107	0.000000	0.000000	
0.000000	0.499999	0.499999	0.500015	0.499987	
0.408247	0.408247	0.000000	0.000000	0.816498	
0.408246	0.816497	0.000000	0.000000	0.408249	
0.408247	0.000000	0.000000	0.816497	0.408249	
0.000000	0.707107	0.000000	0.707107	0.000000	
0.948684	0.000000	0.316226	0.000000	0.000000	
0.000000	0.000000	0.316233	0.948681	0.000000	
0.408249	0.408249	0.000000	0.816496	0.000000	
0.000000	0.408245	0.816503	0.408238	0.000000	
0.000000	0.316233	0.000000	0.948681	0.000000	
0.000000	0.000000	0.707107	0.707107	0.000000	
0.816496	0.408250	0.000000	0.000000	0.408249	
0.408247	0.000000	0.408247	0.000000	0.816498	
0.000000	0.408249	0.408249	0.816496	0.000000	
0.000000	0.000000	0.408247	0.816497	0.408249	
0.000000	0.000000	0.707106	0.000000	0.707107	
0.408249	0.000000	0.408249	0.816496	0.000000	
0.000000	0.408247	0.000000	0.408247	0.816498	
0.000000	0.000000	0.000000	1.000000	0.000000	
0.408243	0.000000	0.816499	0.000000	0.408249	
0.816497	0.000000	0.408248	0.000000	0.408249	
0.408247	0.000000	0.000000	0.408247	0.816498	
0.408262	0.816491	0.408246	0.000000	0.000000	
0.408245	0.000000	0.816503	0.408238	0.000000	
1.000000	0.000000	0.000000	0.000000	0.000000	
0.316233	0.000000	0.000000	0.948681	0.000000	
0.316234	0.000000	0.948681	0.000000	0.000000	
0.316226	0.000000	0.000000	0.000000	0.948684	
0.000000	0.948685	0.000000	0.000000	0.316221	
0.500004	0.500005	0.000000	0.500004	0.499987	
0.000000	0.000000	0.000000	0.707106	0.707107	
0.000000	0.408247	0.000000	0.816497	0.408249	
0.000000	0.408247	0.408247	0.000000	0.816498	
0.707107	0.000000	0.000000	0.707107	0.000000	
0.816496	0.000000	0.000000	0.408249	0.408249	
0.000000	0.000000	0.948684	0.316225	0.000000	
0.000000	0.000000	0.000000	0.316226	0.948684	
0.948684	0.000000	0.000000	0.316225	0.000000	
0.000000	0.000000	0.408247	0.408247	0.816498	
0.000000	0.816497	0.408248	0.000000	0.408249	
0.499999	0.000000	0.499999	0.500015	0.499987	
0.707107	0.000000	0.707107	0.000000	0.000000	
0.000000	0.000000	0.948687	0.000000	0.316228	
0.000000	0.316234	0.948681	0.000000	0.000000	
0.948679	0.316240	0.000000	0.000000	0.000000	
0.000000	0.948684	0.000000	0.316225	0.000000	
0.000000	0.000000	0.316226	0.000000	0.948684	
0.816500	0.408252	0.000000	0.408238	0.000000	
0.000000	1.000000	0.000000	0.000000	0.000000	
0.000000	0.000000	1.000000	0.000000	0.000000	
0.000000	0.816496	0.000000	0.408249	0.408249	
0.408251	0.816498	0.000000	0.408242	0.000000	
0.000000	0.316226	0.000000	0.000000	0.948684	
0.000000	0.000000	0.000000	0.948684	0.316227	
0.000000	0.707106	0.000000	0.000000	0.707107	
0.408253	0.408254	0.816491	0.000000	0.000000	
0.912872	0.000000	0.408246	0.000000	0.000000	
0.012815	0.012137	0.816314	0.408253	0.408253	
0.000000	0.316234	0.948681	0.000000	0.000000	
0.000000	0.000000	0.000000	0.872949	0.514883	
0.816497	0.000000	0.408248	0.000000	0.408249	
0.001370	0.002844	0.440670	0.906683	0.082568	
0.889211	0.450929	0.077251	0.000000	0.000000	
0.329288	0.000071	0.000000	0.944230	0.000000	
0.408283	0.000000	0.000000	0.408283	0.816463	
0.105623	0.906744	0.000000	0.408238	0.000000	
0.408247	0.000000	0.408247	0.000000	0.816498	
0.817739	0.406897	0.000000	0.000000	0.408476	
0.825771	0.389149	0.408246	0.000000	0.000000	
0.000000	0.581992	0.000000	0.007638	0.823136	
0.368166	0.346553	0.505614	0.713097	0.000000	
0.671402	0.000000	0.671402	0.056576	0.308956	
0.156777	0.000000	0.156777	0.156782	0.967027	
0.011771	0.913021	0.000000	0.000000	0.408350	
0.000000	0.911784	0.303927	0.000000	0.276184	
0.111544	0.298167	0.000000	0.014002	0.955972	
0.495946	0.000000	0.504019	0.500015	0.499987	
0.000000	0.000000	0.319557	0.000000	0.947567	
0.713349	0.000000	0.000000	0.000000	0.700877	
0.819685	0.000000	0.418397	0.405298	0.000003	
0.182544	0.091272	0.091271	0.000000	0.974688	
0.000000	0.000000	0.911778	0.044663	0.408249	
0.143797	0.000000	0.692331	0.707107	0.000000	
0.560266	0.560267	0.560219	0.000000	0.241585	
0.000000	0.815308	0.410628	0.408238	0.000000	
0.099869	0.000019	0.945814	0.309322	0.000000	
