0.408560	0.408604	0.000000	0.816163	0.000000	
0.316225	0.948684	0.000000	0.000000	0.000000	
0.707115	0.000000	0.000000	0.000000	0.707098	
0.000000	0.000000	0.707107	0.707107	0.000000	
0.000000	0.408574	0.408570	0.816173	0.000000	
0.000000	0.816616	0.000000	0.408187	0.408072	
0.408235	0.408281	0.000000	0.000000	0.816487	
0.816496	0.000000	0.408247	0.000000	0.408250	
0.000000	0.408181	0.816537	0.408234	0.000000	
0.707107	0.000000	0.707107	0.000000	0.000000	
0.000000	0.316222	0.000000	0.000000	0.948685	
0.948696	0.000000	0.000000	0.316189	0.000000	
0.408396	0.816428	0.000000	0.408238	0.000000	
0.408373	0.816384	0.408348	0.000000	0.000000	
0.948745	0.316042	0.000000	0.000000	0.000000	
0.000000	0.707201	0.000000	0.000000	0.707013	
0.000000	0.000000	0.408260	0.816490	0.408249	
0.408458	0.408503	0.816264	0.000000	0.000000	
0.707069	0.707145	0.000000	0.000000	0.000000	
0.000000	0.000000	0.000000	0.707066	0.707148	
0.000000	0.707107	0.000000	0.707107	0.000000	
0.000000	0.816501	0.408250	0.408238	0.000000	
0.408241	0.816499	0.000000	0.000000	0.408250	
0.000000	0.000000	0.000000	0.000000	1.000000	
0.000000	0.948694	0.000000	0.000000	0.316196	
0.000000	0.000000	1.000000	0.000000	0.000000	
0.000000	1.000000	0.000000	0.000000	0.000000	
0.000000	0.000000	0.316354	0.948641	0.000000	
0.948677	0.000000	0.316246	0.000000	0.000000	
0.816430	0.408297	0.408333	0.000000	0.000000	
0.000000	0.000000	0.000000	1.000000	0.000000	
0.408258	0.000000	0.000000	0.408258	0.816487	
0.500068	0.500163	0.000000	0.500212	0.500086	
0.000000	0.948740	0.000000	0.316058	0.000000	
0.000000	0.408258	0.000000	0.408258	0.816487	
0.000000	0.707110	0.707103	0.000000	0.000000	
0.000000	0.948677	0.316246	0.000000	0.000000	
0.000000	0.000000	0.316222	0.000000	0.948685	
0.000000	0.000000	0.707197	0.000000	0.707016	
0.000000	0.000000	0.408169	0.408067	0.816627	
0.408181	0.000000	0.816535	0.408238	0.000000	
0.408269	0.000000	0.408265	0.816478	0.000000	
0.000000	0.316354	0.000000	0.948641	0.000000	
0.316119	0.000000	0.000000	0.948720	0.000000	
0.000000	0.000000	0.948694	0.000000	0.316196	
0.408246	0.000000	0.408246	0.000000	0.816499	
0.000000	0.000000	0.948703	0.316167	0.000000	
0.816556	0.408140	0.000000	0.408238	0.000000	
0.819488	0.000000	0.000000	0.409753	0.409765	
0.000000	0.000000	0.000000	0.316187	0.948697	
0.816517	0.408205	0.000000	0.000000	0.408250	
0.000000	0.500136	0.500145	0.499761	0.499959	
0.000000	0.000000	0.000000	0.948695	0.316194	
0.948694	0.000000	0.000000	0.000000	0.316196	
0.408179	0.000000	0.816530	0.000000	0.408250	
0.408260	0.000000	0.000000	0.816490	0.408251	
0.000000	0.316234	0.948681	0.000000	0.000000	
0.499915	0.499969	0.499888	0.500228	0.000000	
0.000000	0.408151	0.816544	0.000000	0.408251	
0.500021	0.000000	0.500030	0.500143	0.500010	
0.000000	0.408204	0.000000	0.816511	0.408265	
0.000000	0.816496	0.408247	0.000000	0.408250	
0.707107	0.000000	0.000000	0.707107	0.000000	
0.316234	0.000000	0.948681	0.000000	0.000000	
0.000000	0.408246	0.408246	0.000000	0.816499	
0.316222	0.000000	0.000000	0.000000	0.948685	
0.000000	0.000000	0.816577	0.408105	0.408231	
0.500032	0.500270	0.499730	0.000000	0.499968	
1.000000	0.000000	0.000000	0.000000	0.000000	
0.816501	0.000000	0.408250	0.408238	0.000000	
1.002801	0.000000	0.000000	0.000000	0.000000	
0.008317	0.000063	0.440242	0.880610	0.175053	
0.305071	0.000000	0.083236	0.000000	0.948685	
0.000000	0.199216	0.000000	0.291704	0.941923	
0.000000	0.408151	0.816544	0.000000	0.408251	
0.000000	0.850290	0.282524	0.000000	0.444058	
0.000000	0.900247	0.000000	0.000000	0.435379	
0.303008	0.283457	0.402839	0.000000	0.816061	
0.508913	0.534580	0.703841	0.000000	0.000000	
0.000000	0.000000	0.707107	0.707107	0.000000	
0.473992	0.509378	0.126456	0.707018	0.000000	
0.000000	0.000000	0.948812	0.000000	0.316235	
0.000000	0.000000	1.000000	0.000000	0.000000	
0.000000	0.265635	0.796889	0.546597	0.000000	
0.000000	0.000000	0.000000	0.834972	0.553924	
0.706470	0.000000	0.706463	0.000000	0.042554	
0.907684	0.097216	0.000000	0.408238	0.000000	
0.390748	0.000000	0.000000	0.964232	0.000000	
0.000000	0.000000	0.327332	0.000000	0.944909	
0.000000	0.635438	0.000000	0.772152	0.000000	
0.209193	0.208246	0.956432	0.000000	0.000276	
0.706495	0.029643	0.000000	0.000000	0.707100	
0.780877	0.000000	0.390438	0.390427	0.292157	
0.000000	0.000000	0.700926	0.000000	0.713234	
0.911938	0.040262	0.408348	0.000000	0.000000	
0.000000	1.000000	0.000000	0.000000	0.000000	
0.003755	0.277997	0.960575	0.000000	0.000000	
0.000000	0.707110	0.707103	0.000426	0.000000	
0.615419	0.615536	0.000000	0.113727	0.506745	
0.000000	0.816501	0.408250	0.408238	0.000000	
