0.408246	0.408247	0.000000	0.000000	0.816498	
0.000000	0.000000	0.316226	0.000000	0.948684	
0.316233	0.000000	0.000000	0.948681	0.000000	
0.000000	0.000000	0.000000	0.000000	1.000000	
0.408253	0.408254	0.816491	0.000000	0.000000	
0.000000	0.408247	0.000000	0.816497	0.408249	
0.000000	0.948685	0.000000	0.000000	0.316221	
0.408246	0.816497	0.000000	0.000000	0.408249	
0.408247	0.000000	0.000000	0.816497	0.408249	
0.816497	0.408250	0.408246	0.000000	0.000000	
0.000000	0.000000	1.000000	0.000000	0.000000	
0.000000	0.000000	0.316233	0.948681	0.000000	
0.000000	0.408249	0.408249	0.816496	0.000000	
0.316234	0.000000	0.948681	0.000000	0.000000	
0.948679	0.316240	0.000000	0.000000	0.000000	
1.000000	0.000000	0.000000	0.000000	0.000000	
0.000000	0.000000	0.000000	0.948684	0.316227	
0.500020	0.500021	0.499978	0.499981	0.000000	
0.000000	0.408243	0.816499	0.000000	0.408249	
0.408245	0.000000	0.816503	0.408238	0.000000	
0.948684	0.000000	0.000000	0.316225	0.000000	
0.000000	0.948684	0.316226	0.000000	0.000000	
0.816501	0.000000	0.408250	0.408238	0.000000	
0.000000	0.000000	0.000000	0.316226	0.948684	
0.000000	0.408247	0.408247	0.000000	0.816498	
0.000000	0.316226	0.000000	0.000000	0.948684	
0.000000	0.408247	0.000000	0.408247	0.816498	
0.408247	0.000000	0.408247	0.000000	0.816498	
0.707106	0.000000	0.000000	0.000000	0.707107	
0.816500	0.408252	0.000000	0.408238	0.000000	
0.000000	0.948684	0.000000	0.316225	0.000000	
0.948684	0.000000	0.316226	0.000000	0.000000	
0.000000	0.816497	0.408248	0.000000	0.408249	
0.000000	0.408245	0.816503	0.408238	0.000000	
0.408262	0.816491	0.408246	0.000000	0.000000	
0.000000	0.000000	0.408247	0.408247	0.816498	
0.000000	0.000000	0.948684	0.316225	0.000000	
0.000000	0.707107	0.707107	0.000000	0.000000	
0.500019	0.500020	0.499978	0.000000	0.499983	
0.707106	0.707107	0.000000	0.000000	0.000000	
0.000000	0.816501	0.408250	0.408238	0.000000	
0.499999	0.000000	0.499999	0.500015	0.499987	
0.000000	0.000000	0.408247	0.816497	0.408249	
0.000000	0.707106	0.000000	0.000000	0.707107	
0.408247	0.000000	0.000000	0.408247	0.816498	
0.707107	0.000000	0.707107	0.000000	0.000000	
0.816496	0.408250	0.000000	0.000000	0.408249	
0.000000	0.000000	0.816496	0.408249	0.408249	
0.000000	0.499999	0.499999	0.500015	0.499987	
0.000000	1.000000	0.000000	0.000000	0.000000	
0.000000	0.316233	0.000000	0.948681	0.000000	
0.316226	0.000000	0.000000	0.000000	0.948684	
0.408243	0.000000	0.816499	0.000000	0.408249	
0.408249	0.000000	0.408249	0.816496	0.000000	
0.816497	0.000000	0.408248	0.000000	0.408249	
0.000000	0.000000	0.707106	0.000000	0.707107	
0.000000	0.816496	0.000000	0.408249	0.408249	
0.000000	0.000000	0.948684	0.000000	0.316227	
0.316230	0.948683	0.000000	0.000000	0.000000	
0.500004	0.500005	0.000000	0.500004	0.499987	
0.408249	0.408249	0.000000	0.816496	0.000000	
0.000000	0.707107	0.000000	0.707107	0.000000	
0.408252	0.816500	0.000000	0.408238	0.000000	
0.000000	0.316234	0.948681	0.000000	0.000000	
0.707107	0.000000	0.000000	0.707107	0.000000	
0.816496	0.000000	0.000000	0.408249	0.408249	
0.948684	0.000000	0.000000	0.000000	0.316227	
0.000000	0.000000	0.000000	1.000000	0.000000	
0.000000	0.000000	0.000000	0.707106	0.707107	
0.000000	0.000000	0.707107	0.707107	0.000000	
0.000000	0.000000	0.000000	1.000000	0.000000	
0.416725	0.000000	0.416725	0.808243	0.000000	
0.000000	0.408247	0.408247	0.000000	0.816498	
0.279278	0.121811	0.937823	0.173444	0.000000	
0.040706	0.313092	0.000000	0.949523	0.000000	
0.007417	0.608407	0.197700	0.767648	0.037860	
0.020224	0.011058	0.315385	0.000000	0.948684	
0.572968	0.007505	0.000000	0.000000	0.819593	
0.000000	0.000000	0.000000	0.312111	0.955118	
0.408247	0.000000	0.408247	0.000000	0.816498	
0.062457	0.000000	0.134111	0.890070	0.432777	
0.004128	0.572979	0.000000	0.000000	0.819559	
0.000000	0.000000	0.316233	0.948681	0.000000	
0.000000	0.000000	0.985668	0.121592	0.116936	
0.023666	0.000000	0.579427	0.000000	0.820122	
0.408246	0.408247	0.000000	0.000000	0.816498	
0.913063	0.000000	0.000000	0.000000	0.408335	
0.895546	0.000000	0.000000	0.447774	0.012970	
0.816501	0.000000	0.408250	0.408238	0.000000	
0.003879	0.000000	0.094974	0.000000	0.997691	
0.046359	0.707780	0.501506	0.000000	0.501901	
0.382760	0.000000	0.821886	0.000000	0.422602	
0.000000	0.000000	0.986016	0.173433	0.000000	
0.521639	0.000000	0.000000	0.000000	0.853194	
0.196545	0.401892	0.894769	0.000000	0.000000	
0.177683	0.367548	0.816499	0.000000	0.408249	
0.000000	0.420762	0.204675	0.898141	0.000000	
0.197699	0.739183	0.000000	0.541675	0.398491	
0.999951	0.006486	0.007467	0.000000	0.000003	
0.400474	0.002126	0.822285	0.409020	0.000000	
