0.000000	0.948680	0.000000	0.000000	0.316248	
0.707107	0.000000	0.000000	0.707107	0.000000	
0.000000	0.707104	0.000000	0.000000	0.707110	
0.500154	0.500137	0.499740	0.000000	0.499968	
0.000000	0.408250	0.000000	0.816495	0.408249	
0.408245	0.408249	0.000000	0.000000	0.816498	
0.948686	0.000000	0.000000	0.000000	0.316221	
0.000000	0.316295	0.000000	0.948661	0.000000	
0.816497	0.000000	0.408248	0.000000	0.408249	
0.000000	0.000000	0.000000	0.000000	1.000000	
0.408247	0.408251	0.000000	0.816496	0.000000	
0.500409	0.499587	0.000000	0.500020	0.499983	
0.000000	0.948686	0.316220	0.000000	0.000000	
0.499998	0.000000	0.499998	0.500020	0.499984	
0.408103	0.816571	0.408246	0.000000	0.000000	
0.816490	0.408260	0.000000	0.000000	0.408249	
0.000000	0.408247	0.408247	0.000000	0.816498	
0.316234	0.000000	0.948681	0.000000	0.000000	
0.000000	0.316226	0.000000	0.000000	0.948684	
0.816512	0.408228	0.408247	0.000000	0.000000	
0.408247	0.000000	0.000000	0.408247	0.816498	
0.000000	0.707107	0.707107	0.000000	0.000000	
0.316225	0.948684	0.000000	0.000000	0.000000	
0.000000	1.000000	0.000000	0.000000	0.000000	
0.816492	0.000000	0.000000	0.408257	0.408249	
0.000000	0.000000	0.000000	0.948686	0.316220	
0.000000	0.408249	0.408249	0.816496	0.000000	
0.408247	0.000000	0.408247	0.000000	0.816498	
0.000000	0.000000	1.000000	0.000000	0.000000	
0.816501	0.000000	0.408250	0.408238	0.000000	
0.408243	0.816499	0.000000	0.000000	0.408249	
0.948679	0.000000	0.000000	0.316240	0.000000	
0.408249	0.000000	0.408249	0.816496	0.000000	
0.000000	0.408245	0.816503	0.408238	0.000000	
0.408250	0.000000	0.000000	0.816495	0.408249	
0.000000	0.948679	0.000000	0.316240	0.000000	
0.000000	0.816497	0.408248	0.000000	0.408249	
0.000000	0.408247	0.000000	0.408247	0.816498	
0.000000	0.316234	0.948681	0.000000	0.000000	
0.000000	0.000000	0.316296	0.948661	0.000000	
0.948686	0.000000	0.316220	0.000000	0.000000	
0.000000	0.000000	0.816492	0.408257	0.408249	
0.707104	0.707110	0.000000	0.000000	0.000000	
0.707107	0.000000	0.707107	0.000000	0.000000	
0.000000	0.000000	0.408247	0.408247	0.816498	
1.000000	0.000000	0.000000	0.000000	0.000000	
0.000000	0.000000	0.948679	0.316240	0.000000	
0.000000	0.000000	0.316226	0.000000	0.948684	
0.408464	0.408467	0.816279	0.000000	0.000000	
0.000000	0.000000	0.408250	0.816495	0.408249	
0.408244	0.816504	0.000000	0.408238	0.000000	
0.948679	0.316240	0.000000	0.000000	0.000000	
0.000000	0.000000	0.000000	0.707105	0.707108	
0.000000	0.499979	0.499979	0.500074	0.499968	
0.000000	0.000000	0.707107	0.707107	0.000000	
0.316226	0.000000	0.000000	0.000000	0.948684	
0.000000	0.000000	0.000000	1.000000	0.000000	
0.707105	0.000000	0.000000	0.000000	0.707108	
0.316295	0.000000	0.000000	0.948661	0.000000	
0.000000	0.816501	0.408250	0.408238	0.000000	
0.000000	0.000000	0.948686	0.000000	0.316220	
0.408245	0.000000	0.816503	0.408238	0.000000	
0.816512	0.408228	0.000000	0.408238	0.000000	
0.000000	0.000000	0.000000	0.317684	0.953055	
0.000000	0.816490	0.000000	0.408261	0.408249	
0.408243	0.000000	0.816499	0.000000	0.408249	
0.500029	0.500012	0.499978	0.499981	0.000000	
0.000000	0.000000	0.707105	0.000000	0.707108	
0.000000	0.707107	0.000000	0.707107	0.000000	
0.000000	0.408243	0.816499	0.000000	0.408249	
0.707161	0.000000	0.707161	0.000000	0.000000	
0.000000	0.000000	1.000000	0.000000	0.000000	
0.816443	0.009365	0.408248	0.000000	0.408249	
0.219868	0.000888	0.393572	0.793783	0.408249	
0.000000	0.577114	0.000000	0.816161	0.028633	
0.266589	0.311710	0.820336	0.410155	0.000000	
0.000000	0.000000	0.707105	0.000000	0.707108	
0.916725	0.402564	0.000000	0.000000	0.000709	
0.000000	0.816490	0.000000	0.408261	0.408249	
0.478904	0.877867	0.000000	0.000000	0.000022	
0.526865	0.000000	0.000000	0.236102	0.816498	
0.253641	0.000000	0.359746	0.448920	0.777638	
0.424035	0.041157	0.502258	0.764967	0.000000	
0.912735	0.000000	0.000000	0.015734	0.408249	
0.711725	0.702515	0.000000	0.000000	0.000000	
0.502658	0.502673	0.000000	0.502687	0.491894	
0.909043	0.355649	0.000000	0.000000	0.219232	
0.000000	0.000000	0.320706	0.000000	0.962122	
0.595060	0.000000	0.595060	0.540192	0.000000	
0.000000	0.816497	0.408248	0.000000	0.408249	
0.000000	0.955139	0.000000	0.000000	0.318401	
0.884185	0.000000	0.470139	0.000000	0.000138	
0.000000	0.000000	0.000000	0.712805	0.712808	
0.219354	0.000000	0.219354	0.894958	0.341113	
0.005112	0.552083	0.000000	0.169991	0.816973	
0.000000	0.707107	0.707107	0.000019	0.000000	
0.000000	0.278132	0.480037	0.832110	0.000000	
0.577348	0.000000	0.000000	0.000000	0.816498	
0.000000	0.000000	0.848651	0.424337	0.315799	
0.744364	0.000000	0.000000	0.528446	0.408249	
