0.948681	0.316234	0.000000	0.000000	0.000000	
0.000000	0.316226	0.000000	0.000000	0.948684	
0.816499	0.408251	0.000000	0.408242	0.000000	
0.000000	0.707107	0.000000	0.707107	0.000000	
0.000000	0.408247	0.408247	0.000000	0.816498	
0.316234	0.000000	0.948681	0.000000	0.000000	
0.816497	0.000000	0.408248	0.000000	0.408249	
0.816501	0.000000	0.408250	0.408239	0.000000	
0.000000	0.000000	0.000000	1.000000	0.000000	
0.000000	0.948685	0.000000	0.000000	0.316221	
0.408247	0.408247	0.000000	0.000000	0.816498	
0.000000	0.000000	1.000000	0.000000	0.000000	
0.000000	0.816496	0.000000	0.408249	0.408249	
0.500008	0.500008	0.499966	0.500018	0.000000	
0.000000	0.000000	0.000000	0.707106	0.707107	
0.000000	0.000000	0.316233	0.948681	0.000000	
0.000000	0.316234	0.948681	0.000000	0.000000	
0.000000	0.707107	0.707107	0.000000	0.000000	
0.707107	0.000000	0.707107	0.000000	0.000000	
0.408243	0.000000	0.816499	0.000000	0.408249	
0.000000	0.816501	0.408250	0.408238	0.000000	
0.000000	0.816497	0.408248	0.000000	0.408249	
0.000000	0.000000	0.707107	0.707107	0.000000	
0.948684	0.000000	0.316226	0.000000	0.000000	
0.000000	0.000000	0.000000	0.948683	0.316227	
0.408245	0.000000	0.816503	0.408238	0.000000	
0.408249	0.000000	0.408249	0.816496	0.000000	
0.000000	0.408245	0.816503	0.408238	0.000000	
0.000000	0.408247	0.000000	0.408247	0.816498	
0.316230	0.948683	0.000000	0.000000	0.000000	
0.408250	0.816497	0.408246	0.000000	0.000000	
0.707107	0.000000	0.000000	0.707107	0.000000	
0.948683	0.000000	0.000000	0.000000	0.316228	
0.000000	0.000000	0.316226	0.000000	0.948684	
0.707106	0.707107	0.000000	0.000000	0.000000	
0.000000	0.000000	0.408247	0.816497	0.408249	
0.000000	0.000000	0.948684	0.316225	0.000000	
0.000000	0.000000	0.707106	0.000000	0.707107	
0.316226	0.000000	0.000000	0.000000	0.948684	
0.408249	0.408249	0.000000	0.816496	0.000000	
0.408250	0.816496	0.000000	0.000000	0.408249	
0.408247	0.000000	0.408247	0.000000	0.816498	
0.000000	0.000000	0.948683	0.000000	0.316227	
0.816496	0.408250	0.000000	0.000000	0.408249	
0.500011	0.500012	0.499969	0.000000	0.500009	
0.000000	0.948684	0.316226	0.000000	0.000000	
0.408247	0.000000	0.000000	0.408247	0.816498	
0.000000	0.707106	0.000000	0.000000	0.707107	
0.499997	0.499998	0.000000	0.499997	0.500009	
0.408253	0.408254	0.816491	0.000000	0.000000	
0.000000	0.408247	0.000000	0.816497	0.408249	
0.000000	0.000000	0.816496	0.408249	0.408249	
0.000000	0.408249	0.408249	0.816496	0.000000	
0.000000	1.000000	0.000000	0.000000	0.000000	
0.707106	0.000000	0.000000	0.000000	0.707107	
0.816496	0.000000	0.000000	0.408249	0.408249	
0.408247	0.000000	0.000000	0.816497	0.408249	
0.316231	0.000000	0.000000	0.948682	0.000000	
0.000000	0.000000	0.408247	0.408247	0.816498	
0.000000	0.316231	0.000000	0.948682	0.000000	
0.948684	0.000000	0.000000	0.316225	0.000000	
0.000000	0.948684	0.000000	0.316225	0.000000	
0.500005	0.000000	0.500005	0.500005	0.499985	
0.816497	0.408250	0.408246	0.000000	0.000000	
0.000000	0.408243	0.816499	0.000000	0.408249	
0.408251	0.816498	0.000000	0.408242	0.000000	
1.000000	0.000000	0.000000	0.000000	0.000000	
0.000000	0.000000	0.000000	0.000000	1.000000	
0.000000	0.500005	0.500005	0.500005	0.499985	
0.000000	0.000000	0.000000	0.316226	0.948684	
0.165001	0.330001	0.834993	0.408242	0.000000	
0.000000	0.707107	0.000000	0.707107	0.000000	
0.024923	0.638855	0.640775	0.118252	0.408249	
0.460057	0.000000	0.460057	0.759838	0.000000	
0.162824	0.167018	0.179645	0.955678	0.000546	
0.427321	0.293796	0.367282	0.025972	0.781653	
0.729366	0.684124	0.000000	0.000000	0.000000	
0.985142	0.000000	0.071630	0.156091	0.000000	
0.907379	0.450589	0.000000	0.000000	0.000000	
0.029960	0.000000	0.774908	0.387744	0.498273	
0.000000	0.000000	0.529477	0.000000	0.848326	
0.937376	0.000000	0.409258	0.000000	0.000000	
0.000000	0.000000	0.948683	0.000000	0.316227	
0.000000	0.707106	0.000000	0.000000	0.707107	
0.000000	0.408247	0.408247	0.000000	0.816498	
0.389015	0.000000	0.000025	0.592079	0.708443	
0.028590	0.815996	0.000000	0.408249	0.408249	
0.650567	0.000000	0.650567	0.000000	0.415469	
0.000000	0.000000	0.948684	0.316225	0.000000	
0.742022	0.000000	0.531738	0.408239	0.000000	
0.638230	0.341290	0.556342	0.000000	0.408249	
0.000000	0.000000	0.000000	0.713043	0.713044	
0.902360	0.240832	0.417670	0.000000	0.000000	
0.894427	0.000000	0.000000	0.447214	0.000000	
0.205310	0.000000	0.016484	0.239966	0.948725	
0.894244	0.000000	0.000000	0.342677	0.294770	
0.000000	0.895845	0.447922	0.000000	0.000000	
0.408247	0.408247	0.000000	0.000000	0.816498	
0.580778	0.000000	0.000000	0.000000	0.825482	
0.000000	0.000000	0.408247	0.408247	0.816498	
