0.816496	0.408250	0.000000	0.000000	0.408249	
0.707107	0.000000	0.000000	0.707107	0.000000	
0.000000	0.707107	0.000000	0.707107	0.000000	
0.000000	0.000000	0.000000	0.000000	1.000000	
0.316226	0.000000	0.000000	0.000000	0.948684	
0.000000	0.408247	0.000000	0.816497	0.408249	
0.408247	0.000000	0.408247	0.000000	0.816498	
0.408243	0.000000	0.816499	0.000000	0.408249	
0.000000	0.000000	1.000000	0.000000	0.000000	
0.408247	0.000000	0.000000	0.816497	0.408249	
0.500019	0.500020	0.499978	0.000000	0.499983	
0.707106	0.707107	0.000000	0.000000	0.000000	
0.000000	0.707106	0.000000	0.000000	0.707107	
0.948679	0.316240	0.000000	0.000000	0.000000	
0.000000	0.408245	0.816503	0.408238	0.000000	
0.000000	1.000000	0.000000	0.000000	0.000000	
0.000000	0.000000	0.408247	0.408247	0.816498	
0.316233	0.000000	0.000000	0.948681	0.000000	
0.000000	0.000000	0.707106	0.000000	0.707107	
0.408246	0.816497	0.000000	0.000000	0.408249	
0.000000	0.316233	0.000000	0.948681	0.000000	
0.316234	0.000000	0.948681	0.000000	0.000000	
0.816496	0.000000	0.000000	0.408249	0.408249	
0.000000	0.816501	0.408250	0.408238	0.000000	
0.000000	0.000000	0.000000	0.948684	0.316227	
0.000000	0.408249	0.408249	0.816496	0.000000	
0.000000	0.000000	0.948684	0.316225	0.000000	
0.000000	0.000000	0.000000	0.707106	0.707107	
0.000000	0.000000	0.816496	0.408249	0.408249	
1.000000	0.000000	0.000000	0.000000	0.000000	
0.000000	0.408247	0.000000	0.408247	0.816498	
0.408245	0.000000	0.816503	0.408238	0.000000	
0.948684	0.000000	0.000000	0.316225	0.000000	
0.000000	0.408247	0.408247	0.000000	0.816498	
0.000000	0.000000	0.316233	0.948681	0.000000	
0.000000	0.000000	0.948684	0.000000	0.316227	
0.000000	0.707107	0.707107	0.000000	0.000000	
0.000000	0.000000	0.707107	0.707107	0.000000	
0.000000	0.816496	0.000000	0.408249	0.408249	
0.816501	0.000000	0.408250	0.408238	0.000000	
0.408246	0.408247	0.000000	0.000000	0.816498	
0.000000	0.000000	0.000000	1.000000	0.000000	
0.000000	0.948685	0.000000	0.000000	0.316221	
0.500020	0.500021	0.499978	0.499981	0.000000	
0.000000	0.316226	0.000000	0.000000	0.948684	
0.816497	0.000000	0.408248	0.000000	0.408249	
0.000000	0.000000	0.408247	0.816497	0.408249	
0.408253	0.408254	0.816491	0.000000	0.000000	
0.000000	0.499999	0.499999	0.500015	0.499987	
0.408249	0.408249	0.000000	0.816496	0.000000	
0.707107	0.000000	0.707107	0.000000	0.000000	
0.000000	0.000000	0.000000	0.316226	0.948684	
0.000000	0.000000	0.316226	0.000000	0.948684	
0.408262	0.816491	0.408246	0.000000	0.000000	
0.816497	0.408250	0.408246	0.000000	0.000000	
0.948684	0.000000	0.316226	0.000000	0.000000	
0.948684	0.000000	0.000000	0.000000	0.316227	
0.408249	0.000000	0.408249	0.816496	0.000000	
0.816500	0.408252	0.000000	0.408238	0.000000	
0.000000	0.816497	0.408248	0.000000	0.408249	
0.408252	0.816500	0.000000	0.408238	0.000000	
0.408247	0.000000	0.000000	0.408247	0.816498	
0.000000	0.948684	0.000000	0.316225	0.000000	
0.000000	0.316234	0.948681	0.000000	0.000000	
0.499999	0.000000	0.499999	0.500015	0.499987	
0.000000	0.408243	0.816499	0.000000	0.408249	
0.000000	0.948684	0.316226	0.000000	0.000000	
0.500004	0.500005	0.000000	0.500004	0.499987	
0.316230	0.948683	0.000000	0.000000	0.000000	
0.707106	0.000000	0.000000	0.000000	0.707107	
0.000000	0.386287	0.000000	0.929067	0.000003	
0.826909	0.413456	0.401891	0.000000	0.000000	
0.442679	0.000000	0.885372	0.142360	0.000000	
0.000000	0.999854	0.017084	0.000000	0.000000	
0.442686	0.896677	0.000000	0.000000	0.000000	
0.000000	0.894427	0.000000	0.447214	0.000003	
0.579790	0.579791	0.000000	0.572438	0.000000	
0.000000	0.259994	0.558954	0.673281	0.408249	
0.414730	0.401672	0.816491	0.000000	0.000000	
0.000000	0.813905	0.000000	0.583791	0.000000	
0.006355	0.000000	0.000303	0.707887	0.706297	
0.062880	0.909867	0.000000	0.038998	0.408249	
0.817640	0.409737	0.000000	0.000000	0.405450	
0.027277	0.745759	0.528087	0.000000	0.408847	
0.492836	0.810625	0.000000	0.000000	0.316227	
0.404498	0.000000	0.055243	0.408254	0.816512	
0.866036	0.000000	0.000000	0.000000	0.499983	
0.102070	0.000085	0.000000	0.907146	0.408249	
0.000000	0.970199	0.242330	0.000000	0.000000	
0.000000	0.000000	0.748130	0.009248	0.680418	
0.361133	0.308470	0.667664	0.575729	0.000000	
0.256897	0.000000	0.771347	0.594267	0.000000	
0.797176	0.055330	0.399546	0.190585	0.408537	
0.000000	0.000000	1.000801	0.000000	0.000299	
0.013956	0.535055	0.000000	0.739497	0.408249	
0.315654	0.000000	0.000000	0.000000	0.948874	
0.559762	0.000000	0.559762	0.353852	0.500608	
0.067812	0.004707	0.890065	0.195477	0.408669	
0.003729	0.000000	0.578870	0.818662	0.000000	
0.000000	0.408243	0.816499	0.000000	0.408249	
