0.705195	0.000081	0.000012	0.000004	0.710574	0.000022	0.000031	0.000095	
0.000053	0.711106	0.000294	0.000114	0.000040	0.000106	0.706169	0.000183	
0.000001	0.000001	0.000000	1.021734	0.000004	0.000063	0.000012	0.000019	
0.000210	0.000159	0.709216	0.719059	0.000011	0.000001	0.000092	0.000013	
0.000043	0.000000	0.705069	0.000061	0.717231	0.000002	0.000010	0.000082	
0.708655	0.000070	0.710015	0.000049	0.001004	0.000004	0.000001	0.000002	
0.000001	0.000175	0.000013	0.710750	0.000010	0.708477	0.000104	0.000011	
0.000000	0.000176	0.000014	0.713694	0.000040	0.002346	0.705853	0.000008	
0.711990	0.706033	0.000001	0.000051	0.000053	0.000064	0.000010	0.000002	
0.000004	0.000030	0.711046	0.000092	0.000003	0.000007	0.706114	0.000001	
0.713703	0.000278	0.000422	0.000107	0.000003	0.718771	0.000007	0.000002	
0.000000	0.000000	0.000000	0.000000	0.000000	0.000000	1.000993	0.000000	
0.000007	1.011430	0.000051	0.000004	0.000003	0.000010	0.000003	0.000002	
0.000009	0.000070	0.706329	0.000028	0.000018	0.712062	0.000002	0.000003	
0.000001	0.000009	0.000598	0.724263	0.000388	0.000015	0.000016	0.718003	
0.000001	0.000000	0.000000	0.000000	1.011411	0.000001	0.000000	0.000003	
0.000281	0.000270	0.711109	0.000111	0.000004	0.000126	0.000027	0.705436	
0.000032	0.709806	0.000086	0.000108	0.000014	0.714846	0.000040	0.000030	
0.696400	0.000440	0.000003	0.728848	0.000011	0.000027	0.000010	0.000070	
0.000020	0.000044	1.008027	0.000050	0.000032	0.000007	0.000006	0.000003	
0.000000	0.000000	0.000000	0.000000	0.000000	0.000000	0.000000	1.003263	
0.000012	0.707578	0.708935	0.000003	0.000003	0.000004	0.000008	0.000031	
0.001350	0.704937	0.001734	0.714291	0.000000	0.000005	0.000001	0.000068	
0.000000	0.000000	0.000000	0.000000	0.000000	0.000000	0.709611	0.707685	
0.000036	0.705027	0.000292	0.000113	0.711025	0.000644	0.000086	0.000183	
0.000006	0.000065	0.000005	0.000005	0.000002	0.714920	0.000002	0.705449	
0.000000	0.000000	0.000000	0.000000	0.000000	1.012100	0.000001	0.000002	
0.000094	0.715653	0.000012	0.000004	0.000028	0.000014	0.000000	0.709532	
1.022164	0.000019	0.000036	0.000001	0.000005	0.000010	0.000004	0.000002	
0.000448	0.000006	0.000000	0.000000	0.714285	0.703139	0.000002	0.000011	
0.000009	0.000000	0.000000	0.000000	0.000000	0.711689	0.705648	0.000004	
0.000000	0.000011	0.000000	0.000000	0.717866	0.000002	0.700118	0.000025	
0.720228	0.000050	0.000001	0.000000	0.000008	0.000007	0.706517	0.000001	
0.714218	0.000126	0.000012	0.000004	0.000008	0.000004	0.000065	0.708111	
0.000113	0.000218	0.000000	0.709932	0.725013	0.000010	0.000010	0.000003	
0.000007	0.000000	0.000003	0.000000	0.719754	0.000026	0.000028	0.713918	
0.720122	0.000083	0.000232	0.000005	0.726264	0.000020	0.000031	0.000097	
0.714195	0.000126	0.000036	0.000004	0.000008	0.000012	0.000065	0.708089	
0.000000	0.000000	0.000000	0.000000	0.000000	0.000000	0.709616	0.707690	
0.000053	0.720318	0.000006	0.000116	0.000040	0.000107	0.714940	0.000191	
0.000000	0.000006	0.000002	0.000005	0.723221	0.000026	0.000028	0.698448	
0.000000	0.000000	0.000000	0.000000	0.000000	1.011839	0.000001	0.000002	
0.001352	0.705692	0.001736	0.714948	0.000000	0.001490	0.000001	0.000024	
0.000096	0.726048	0.000006	0.000116	0.000029	0.000196	0.000000	0.719838	
0.000007	0.000006	0.000598	0.724635	0.000004	0.000015	0.000027	0.718372	
0.000000	0.000000	0.000000	0.000000	0.000000	0.000000	0.000000	1.004285	
0.000001	0.000000	0.000000	0.000000	1.011264	0.000002	0.000000	0.000003	
0.000000	0.000011	0.000000	0.000000	0.717880	0.000002	0.700131	0.000025	
0.000032	0.708027	0.000405	0.000108	0.000048	0.713054	0.000039	0.000030	
0.000001	0.000001	0.000000	1.030445	0.000125	0.000028	0.000012	0.000019	
0.000372	0.708922	0.710283	0.000031	0.000327	0.000004	0.000049	0.000002	
0.000167	0.000177	0.000000	0.702275	0.724442	0.000042	0.000010	0.000011	
0.000010	0.000072	0.719809	0.000028	0.000048	0.697096	0.000002	0.000003	
1.022162	0.000019	0.000036	0.000001	0.000005	0.000010	0.000004	0.000002	
0.000007	0.000268	0.721213	0.719948	0.000015	0.000270	0.000226	0.000251	
0.000004	0.000030	0.712080	0.000002	0.000003	0.000007	0.707140	0.000001	
0.000007	1.004550	0.000051	0.000004	0.000003	0.000010	0.000007	0.000002	
0.000000	0.000000	0.000000	0.000000	0.000000	0.000000	1.005365	0.000000	
0.000010	0.000000	0.000000	0.709952	0.000105	0.000023	0.708963	0.000021	
0.718939	0.708238	0.000114	0.000503	0.001045	0.000027	0.000019	0.000071	
0.000285	0.000274	0.721766	0.000112	0.000004	0.000027	0.000027	0.716009	
0.000455	0.000004	0.000004	0.000010	0.725099	0.692001	0.000002	0.000011	
0.000000	0.000000	0.000078	0.707608	0.000011	0.713351	0.006385	0.000003	
0.000037	0.711119	0.000224	0.000114	0.717169	0.000649	0.000006	0.000185	
0.723067	0.000447	0.000003	0.000114	0.000007	0.000101	0.717741	0.000011	
0.713785	0.000278	0.000422	0.000003	0.000003	0.718853	0.000006	0.000002	
0.705478	0.000445	0.000003	0.709992	0.000011	0.000023	0.000010	0.000072	
0.000019	0.000045	1.008185	0.000061	0.000010	0.000007	0.000006	0.000003	
0.000000	0.000009	0.000000	0.000000	0.000000	0.715684	0.701761	0.000004	
0.004579	0.051351	0.002241	0.000071	0.001596	0.711966	0.000002	0.704380	
0.000029	0.000031	0.702151	0.000061	0.721338	0.000002	0.000010	0.000082	
0.709559	0.001321	0.711367	0.000044	0.001033	0.000015	0.000050	0.000003	
0.004579	0.051351	0.002241	0.000071	0.001596	0.711966	0.000002	0.704380	
0.000244	0.715645	0.000012	0.002048	0.000028	0.000014	0.000000	0.709526	
0.000000	0.000000	0.000000	0.000000	0.000000	0.000000	1.003142	0.000000	
0.000000	0.000006	0.000003	0.000005	0.727256	0.000026	0.000028	0.702700	
0.000032	0.707331	0.000086	0.015040	0.000014	0.712515	0.000039	0.005245	
0.010195	0.000145	0.000000	0.000001	0.726914	0.691457	0.000007	0.000002	
0.704613	0.714780	0.000001	0.000051	0.000053	0.000064	0.000010	0.000002	
0.000059	0.797846	0.001611	0.003093	0.000045	0.000122	0.627696	0.000191	
0.000000	0.000000	0.002941	0.702235	0.721431	0.000001	0.006475	0.000082	
0.714036	0.000126	0.000012	0.000004	0.000008	0.000004	0.000065	0.708340	
0.703817	0.010961	0.000414	0.000003	0.000003	0.731393	0.000005	0.000002	
0.002598	1.005239	0.001805	0.012585	0.000001	0.001866	0.000086	0.000030	
0.700683	0.016630	0.001687	0.719635	0.000000	0.000058	0.000001	0.000024	
0.000000	0.000000	0.000000	0.000000	0.000000	1.005581	0.000001	0.000003	
0.000000	0.000000	0.000000	0.000000	0.000000	0.000000	0.000000	1.012969	
0.000371	0.706113	0.726281	0.000031	0.000330	0.000176	0.000050	0.011905	
0.002665	0.000174	0.000107	0.709671	0.002739	0.076678	0.707752	0.000004	
0.000002	0.000000	0.000000	0.000000	0.000000	0.711226	0.705189	0.036131	
0.076756	0.076114	0.688576	0.000035	0.000037	0.000044	0.020859	0.719601	
1.017829	0.000019	0.000036	0.000001	0.000005	0.000010	0.000011	0.000002	
0.221899	0.016910	0.000002	1.005966	0.000153	0.000278	0.000000	0.007095	
0.001352	0.705692	0.001736	0.714948	0.000000	0.001490	0.000001	0.000024	
0.000038	0.000280	0.737232	0.000095	0.000003	0.000007	0.677712	0.000001	
0.000000	0.000000	0.000000	0.000000	0.000000	0.000000	0.709620	0.707695	
0.515729	0.000196	0.000009	0.000081	0.000005	0.509924	0.705489	0.000002	
0.116078	0.694855	0.075085	0.000062	0.720694	0.000002	0.000783	0.000083	
0.000001	0.000000	0.000000	0.721123	0.000003	0.000045	0.000065	0.724474	
0.698116	0.000080	0.109665	0.000004	0.712068	0.000269	0.000031	0.000096	
