0.000074	0.714628	0.000000	0.000135	0.000000	0.000013	0.702398	0.000000	
0.000059	0.000001	0.000444	0.722966	0.000290	0.000000	0.000049	0.697401	
0.000000	0.000000	0.000000	0.000000	1.001205	0.000000	0.000000	0.000000	
0.000000	0.000000	1.000664	0.000000	0.000000	0.000000	0.000000	0.000000	
0.000000	1.018790	0.000000	0.000000	0.000000	0.000000	0.000000	0.000000	
0.000000	0.000000	0.000000	0.714734	0.000000	0.000011	0.711346	0.000000	
0.000155	0.709979	0.707199	0.000003	0.000004	0.000000	0.000001	0.001354	
0.000000	0.000000	0.000000	0.000000	0.713029	0.701393	0.000000	0.000000	
0.000000	0.000000	0.000000	0.000000	0.000000	0.000000	0.000000	1.001393	
0.000000	0.000000	0.000000	0.000000	0.000000	0.709013	0.705845	0.000000	
0.711080	0.704897	0.000000	0.001961	0.003809	0.000000	0.000969	0.000000	
0.000002	0.000000	0.000000	0.000276	0.706093	0.000027	0.711090	0.000000	
0.000002	0.000040	0.708981	0.000004	0.000000	0.000000	0.705598	0.000000	
0.000042	0.713121	0.000002	0.000014	0.000000	0.000000	0.000007	0.701100	
0.000105	0.000012	0.706984	0.000000	0.000000	0.000000	0.000082	0.707730	
0.702668	0.000019	0.000000	0.000008	0.711589	0.000000	0.001433	0.000000	
0.000000	0.000000	0.000000	0.000000	0.707823	0.000000	0.000000	0.708118	
0.000196	0.000000	0.000022	0.700484	0.716703	0.000000	0.000000	0.000000	
0.725036	0.000000	0.000000	0.000000	0.000000	0.000000	0.000059	0.709864	
1.000078	0.000000	0.000000	0.000000	0.000000	0.000000	0.000000	0.000000	
0.000000	0.000000	0.000000	0.000000	0.000000	1.000464	0.000000	0.000000	
0.000089	0.707296	0.000000	0.000045	0.707024	0.000001	0.000000	0.000068	
0.000000	0.000000	0.705572	0.709577	0.000000	0.000000	0.000000	0.000000	
0.715987	0.003778	0.698041	0.010358	0.000000	0.000000	0.000000	0.000000	
0.706460	0.000019	0.000000	0.708304	0.000000	0.000000	0.000000	0.000000	
0.000000	0.000000	0.709476	0.000004	0.000000	0.704745	0.000000	0.000000	
0.000023	0.000257	0.000027	0.000224	0.000001	0.000012	0.716177	0.716856	
0.716140	0.000000	0.000000	0.000000	0.000923	0.000000	0.700638	0.000000	
0.000006	0.707840	0.000006	0.706397	0.000000	0.000000	0.000000	0.000000	
0.000000	0.000000	0.000000	0.000000	0.000000	0.707309	0.000000	0.706911	
0.709130	0.000005	0.000025	0.000000	0.000000	0.705634	0.000001	0.000000	
0.000000	0.000288	0.712611	0.000000	0.708662	0.000007	0.000000	0.000000	
0.000000	0.000000	0.000000	0.000000	0.000000	0.000000	1.000013	0.000000	
0.000000	0.000000	0.000000	0.709846	0.000000	0.704645	0.000000	0.000000	
0.000720	0.718826	0.000000	0.000056	0.000001	0.707637	0.000000	0.000001	
0.000000	0.000000	0.000000	1.001550	0.000000	0.000000	0.000000	0.000000	
0.000003	0.000000	0.000021	0.708917	0.000002	0.000000	0.000009	0.705577	
0.000000	1.014895	0.000000	0.000000	0.000000	0.000000	0.000000	0.000000	
0.000724	0.722821	0.000000	0.000053	0.000189	0.707310	0.000009	0.000016	
0.002206	0.715382	0.712584	0.000003	0.000004	0.000000	0.000001	0.000939	
0.000042	0.717349	0.000002	0.000014	0.000000	0.000000	0.000005	0.705257	
0.715867	0.000019	0.000000	0.000009	0.000000	0.000000	0.698315	0.000000	
0.700365	0.005490	0.000000	0.713856	0.000000	0.000000	0.000000	0.000000	
0.000000	0.000000	0.000000	1.008395	0.000000	0.000000	0.000000	0.000000	
1.000021	0.000000	0.000000	0.000000	0.000000	0.000000	0.000000	0.000000	
0.000000	0.000000	0.000000	0.000000	0.000000	0.704180	0.710667	0.000000	
0.000202	0.707297	0.000010	0.000045	0.707025	0.000001	0.000000	0.000000	
0.000011	0.000001	0.000000	0.001584	0.705890	0.000027	0.710887	0.000000	
0.000000	0.000000	0.000000	0.000003	0.704590	0.000023	0.000000	0.709841	
0.000000	0.000000	0.000000	0.000000	1.001223	0.000000	0.000000	0.000000	
0.000000	0.000000	0.000000	0.708839	0.000000	0.705473	0.000000	0.000000	
0.000006	0.715610	0.000000	0.706440	0.000000	0.002383	0.000000	0.000000	
0.000000	0.000000	0.717676	0.709670	0.000005	0.000000	0.000000	0.000000	
0.000000	0.000000	0.000000	0.000000	0.000000	1.000251	0.000000	0.000000	
0.141344	0.675663	0.024528	0.077449	0.000000	0.000001	0.720354	0.000000	
0.000000	0.000000	1.001057	0.000000	0.000000	0.000000	0.000000	0.000000	
0.000000	0.000000	0.000000	0.000000	0.000000	0.000000	1.001392	0.000000	
0.706940	0.000019	0.000000	0.000000	0.000002	0.000000	0.000057	0.707298	
0.697644	0.000000	0.000000	0.000000	0.716535	0.000000	0.000000	0.000000	
0.705625	0.000004	0.708603	0.000013	0.000000	0.000000	0.000000	0.000000	
0.000000	0.000000	0.000000	0.000000	0.000000	0.707507	0.000000	0.707109	
0.703069	0.711133	0.000000	0.000000	0.000000	0.000000	0.000000	0.000000	
0.000002	0.000000	0.000197	0.704842	0.721161	0.000000	0.000000	0.000000	
0.000030	0.000335	0.000075	0.000265	0.000002	0.000015	0.707817	0.709068	
0.000000	0.000000	0.000000	0.000000	0.000000	0.000000	0.000000	1.001493	
0.000000	0.000000	0.000000	0.000000	0.720698	0.694603	0.000000	0.000000	
0.000001	0.000040	0.705807	0.000004	0.000000	0.000023	0.709907	0.004559	
0.000000	0.000000	0.711625	0.000000	0.000075	0.717841	0.000000	0.000000	
0.000105	0.000012	0.707426	0.000000	0.000000	0.000000	0.000082	0.708172	
0.000000	0.000288	0.712687	0.000000	0.708737	0.000000	0.000000	0.000000	
0.709134	0.000006	0.000000	0.000000	0.000000	0.705639	0.000001	0.000000	
0.000000	0.000000	0.000000	0.714394	0.000000	0.000000	0.711705	0.000000	
0.000005	0.564575	0.000000	0.832112	0.000000	0.002383	0.000000	0.000000	
0.000074	0.714598	0.026313	0.000003	0.000000	0.000013	0.702844	0.000000	
0.000000	0.000000	0.000000	0.709593	0.000000	0.709483	0.000000	0.000000	
0.000000	0.000000	0.000000	0.000000	0.000000	1.000540	0.000000	0.000000	
0.000000	0.000000	0.709504	0.000004	0.000010	0.704773	0.000000	0.000000	
0.026717	0.142946	0.990015	0.000000	0.000000	0.000000	0.000000	0.000000	
0.710590	0.000019	0.000000	0.000000	0.000047	0.000000	0.025500	0.703171	
0.512665	0.000004	0.000000	0.000000	0.000001	0.518084	0.000000	0.685211	
0.000195	0.000000	0.000022	0.697753	0.720980	0.000000	0.000000	0.000000	
0.000106	0.000011	0.711224	0.000000	0.000000	0.000000	0.000082	0.711974	
0.000001	0.000011	0.000001	0.001584	0.705773	0.000284	0.710769	0.000000	
0.708722	0.000006	0.000000	0.000009	0.000000	0.000000	0.705553	0.000000	
0.706159	0.000019	0.019329	0.708267	0.000000	0.010733	0.000000	0.000000	
0.000001	0.000000	0.000000	0.000003	0.704720	0.006111	0.000000	0.709999	
0.000089	0.707296	0.000000	0.000045	0.707024	0.000001	0.000000	0.000068	
0.708908	0.000000	0.000000	0.000000	0.728103	0.000000	0.000000	0.000000	
0.000060	0.001352	0.009668	0.701084	0.000279	0.000000	0.000048	0.715120	
0.728626	0.000006	0.000000	0.000000	0.000001	0.685468	0.000001	0.000335	
0.000000	0.000083	0.736696	0.000000	0.680405	0.001238	0.000000	0.000000	
0.000494	0.000040	0.000498	0.000000	1.000394	0.000000	0.086470	0.000000	
0.013004	0.709115	0.706457	0.000003	0.000004	0.000000	0.067661	0.004574	
0.000466	0.002864	0.705566	0.709577	0.000000	0.000000	0.000000	0.000000	
1.023011	0.000000	0.000000	0.000000	0.001319	0.000000	0.000000	0.000000	
0.000000	0.000000	0.000000	0.000000	0.000000	0.709097	0.705929	0.000000	
0.000000	0.000000	0.000000	0.000000	0.000000	0.000000	0.000000	1.001985	
0.000000	0.000000	0.000000	0.694126	0.000000	0.000591	0.720007	0.000095	
0.000207	0.001070	0.650520	0.081900	0.000368	0.022113	0.755299	0.017237	
0.000004	0.532648	0.000004	0.531562	0.000001	0.658655	0.000000	0.000003	
