0.000000	0.000000	0.000000	0.000000	0.000000	1.000061	0.000000	0.000000	
0.000000	0.000000	1.000158	0.000000	0.000000	0.000000	0.000000	0.000000	
0.000000	0.000000	0.000000	1.016205	0.000000	0.000000	0.000000	0.000000	
0.000008	0.000068	0.000000	0.000000	0.000067	0.704285	0.000000	0.711012	
0.000000	0.000000	0.000000	0.000000	0.706934	0.000000	0.000000	0.707302	
0.000000	0.707091	0.707196	0.000000	0.000000	0.000000	0.000000	0.000000	
0.707764	0.000037	0.000000	0.000000	0.706523	0.000000	0.000000	0.000000	
0.000000	0.000000	0.000000	0.711460	0.000000	0.000000	0.000000	0.705386	
0.000000	0.000000	0.000000	0.714059	0.000029	0.000000	0.700136	0.000000	
0.000000	0.000000	0.707487	0.000000	0.000000	0.000000	0.706746	0.000000	
0.000000	0.000000	0.000000	0.000000	0.707658	0.000000	0.706660	0.000000	
0.000000	0.000000	0.000000	0.000000	0.000000	0.000000	0.000000	1.000697	
0.001485	0.704983	0.000052	0.000615	0.000001	0.711209	0.000579	0.000000	
0.000000	0.000000	0.707571	0.000000	0.000000	0.000001	0.000000	0.706684	
0.000000	0.707267	0.000000	0.000000	0.706981	0.000000	0.000000	0.000000	
0.000000	0.000000	0.700540	0.713633	0.000000	0.000000	0.000000	0.000000	
0.000000	1.000066	0.000000	0.000000	0.000000	0.000000	0.000000	0.000000	
0.000000	0.000000	0.000000	0.000000	0.000000	0.000000	0.706481	0.714686	
0.710158	0.704683	0.000272	0.000005	0.000000	0.000000	0.000000	0.000000	
0.000000	0.707791	0.000000	0.000000	0.000000	0.000000	0.000000	0.709860	
0.000000	0.000000	0.000000	0.713545	0.700635	0.000000	0.000000	0.000000	
0.711162	0.000516	0.704725	0.000000	0.000780	0.000000	0.000000	0.000000	
0.000001	0.000000	0.707269	0.000000	0.706973	0.000000	0.000000	0.000000	
1.000233	0.000000	0.000000	0.000000	0.000000	0.000000	0.000000	0.000000	
0.000002	0.703703	0.000000	0.710520	0.000000	0.000000	0.000000	0.000003	
0.000001	0.000000	0.000140	0.001882	0.706450	0.707783	0.000001	0.000000	
0.000000	0.000000	0.000000	0.713248	0.000000	0.701082	0.000001	0.000000	
0.000000	0.000000	0.000000	0.000000	1.001676	0.000000	0.000000	0.000000	
0.000000	0.000014	0.000267	0.000250	0.000016	0.707729	0.706829	0.000000	
0.705157	0.000513	0.000332	0.711882	0.000008	0.000000	0.000000	0.000095	
0.708049	0.005082	0.001665	0.000000	0.000000	0.000000	0.000000	0.709607	
0.000000	0.000000	0.000000	0.000000	0.000000	0.000000	1.000021	0.000000	
0.706067	0.000001	0.000000	0.000000	0.000000	0.708954	0.000000	0.000000	
0.708504	0.000000	0.000000	0.000000	0.000000	0.000000	0.705747	0.000000	
0.000005	0.707510	0.000007	0.000000	0.000000	0.000000	0.706754	0.000000	
0.000000	0.000000	0.707464	0.000000	0.000000	0.707898	0.000000	0.000020	
0.000554	0.706973	0.000375	0.711423	0.000000	0.000000	0.000000	0.000002	
0.000000	0.000000	0.000000	0.707840	0.000001	0.000000	0.706664	0.000000	
0.000000	0.000000	0.000000	0.713337	0.000000	0.700991	0.000000	0.000000	
0.000000	0.000000	0.000000	0.000000	0.000000	0.000000	0.000000	1.000776	
0.000000	0.000000	1.000196	0.000000	0.000000	0.000000	0.000000	0.000000	
0.000000	0.000000	0.707584	0.000000	0.000001	0.000001	0.000000	0.706676	
0.000000	0.000000	0.000000	0.000000	0.706957	0.000000	0.000000	0.707324	
0.000000	0.000000	0.000000	0.000000	1.000145	0.000000	0.000000	0.000000	
0.709858	0.704385	0.000480	0.000005	0.000000	0.000000	0.000000	0.000000	
0.700007	0.000515	0.716067	0.000000	0.000780	0.000000	0.000000	0.000000	
0.000000	0.000000	0.692955	0.721084	0.000000	0.000000	0.000000	0.000000	
0.000553	0.704981	0.000052	0.002298	0.000001	0.711209	0.000579	0.000000	
0.000000	0.000000	0.000000	1.015951	0.000000	0.000000	0.000000	0.000000	
0.000000	0.000000	0.000000	0.000000	0.000000	0.000000	0.706793	0.715001	
0.000001	0.000000	0.000140	0.001889	0.708941	0.710278	0.000001	0.000000	
0.000000	0.000000	0.710975	0.000000	0.696432	0.115138	0.000000	0.000011	
0.705677	0.000514	0.000332	0.711366	0.000008	0.000000	0.000000	0.000001	
0.000012	0.000000	0.000220	0.000292	0.000016	0.707654	0.706754	0.000037	
0.000000	1.000113	0.000000	0.000000	0.000000	0.000000	0.000000	0.000000	
0.001190	0.000018	0.000001	0.000012	0.717817	0.000000	0.696259	0.000000	
0.000000	0.707756	0.000000	0.000000	0.706541	0.000000	0.000000	0.000000	
0.707278	0.000037	0.000000	0.000000	0.706965	0.000000	0.000000	0.000000	
0.000162	0.000000	0.698333	0.000000	0.000000	0.715830	0.001235	0.000000	
0.000000	0.000000	0.000000	0.712790	0.000000	0.000000	0.000000	0.701547	
0.000008	0.000068	0.000000	0.000000	0.000067	0.709218	0.000000	0.706108	
0.000000	0.708198	0.000000	0.000001	0.000000	0.000000	0.706031	0.000000	
0.706382	0.000000	0.000000	0.000000	0.000000	0.709270	0.000000	0.000000	
0.000000	0.000000	0.000000	0.000000	0.000000	0.000000	1.000037	0.000000	
0.708526	0.000000	0.000000	0.000000	0.000000	0.000000	0.705769	0.000000	
0.000000	0.708377	0.000000	0.000000	0.000000	0.000000	0.000000	0.705938	
1.003547	0.000143	0.000053	0.000000	0.000000	0.008179	0.002214	0.000000	
0.000000	0.700174	0.714892	0.000000	0.000000	0.000000	0.000000	0.000000	
0.709990	0.000013	0.000000	0.000000	0.000000	0.000000	0.000001	0.707590	
0.000000	0.000000	0.000000	0.710250	0.703996	0.000000	0.000000	0.000000	
0.000000	0.000000	0.000000	0.000000	0.000000	1.000376	0.000000	0.000000	
0.000000	0.000000	0.707523	0.000000	0.000000	0.000000	0.706715	0.000000	
0.015930	0.001234	0.001036	0.707452	0.000001	0.000000	0.706457	0.039725	
0.000000	0.000000	0.000000	0.023400	0.023194	0.000130	0.999516	0.000000	
0.697374	0.002763	0.716402	0.001017	0.000000	0.000000	0.000000	0.023191	
0.085126	0.708013	0.000000	0.000001	0.000000	0.700891	0.000008	0.019451	
0.000000	1.000066	0.000000	0.000000	0.000000	0.000000	0.000000	0.000000	
0.000000	0.000000	0.000000	0.000000	1.000123	0.000000	0.000000	0.000000	
0.000554	0.706975	0.000375	0.711426	0.000000	0.000000	0.000000	0.000002	
0.000147	0.000000	0.497239	0.000000	0.489734	0.715402	0.001291	0.034529	
0.000000	0.000001	0.000069	0.000005	0.000067	0.709526	0.000000	0.706415	
0.000000	0.000000	0.000000	0.713561	0.700651	0.000000	0.000000	0.000000	
0.000000	0.697555	0.716583	0.001019	0.000000	0.000000	0.000000	0.000000	
0.087943	0.707011	0.003243	0.040595	0.698394	0.068742	0.000000	0.003965	
0.708337	0.000013	0.000000	0.000000	0.000000	0.000000	0.000001	0.705893	
0.711112	0.000000	0.000000	0.002398	0.000000	0.000000	0.708349	0.000000	
0.000000	0.000000	0.000000	0.000000	0.000000	1.001286	0.000000	0.000000	
0.000000	0.000000	0.712196	0.702117	0.000000	0.000000	0.000000	0.000000	
0.503288	0.000356	0.523948	0.000000	0.020248	0.000000	0.704479	0.000000	
0.003764	0.003967	0.517046	0.000102	0.000000	0.500636	0.000425	0.718822	
0.000000	0.000000	0.000000	0.000000	0.000000	0.000000	0.709757	0.710662	
0.709844	0.704371	0.000271	0.000005	0.000000	0.000000	0.002669	0.000000	
0.000001	0.502488	0.000509	0.507355	0.000000	0.000000	0.000000	0.700300	
0.707301	0.000025	0.000036	0.000000	0.706989	0.000000	0.000000	0.009666	
0.000000	0.000000	0.000000	0.000000	0.706279	0.000000	0.030325	0.707298	
0.000106	0.000000	0.054965	0.648821	0.000234	0.758981	0.000000	0.000000	
0.997907	0.053354	0.007193	0.018839	0.000000	0.000000	0.031720	0.000000	
0.000008	0.000275	0.000000	0.000242	0.000017	0.708654	0.707753	0.000000	
0.000000	0.000000	0.000000	0.000000	0.000000	0.000000	0.000000	1.031796	
0.000000	0.000000	0.000000	0.733255	0.000000	0.000000	0.037942	0.694991	
