0.000027	0.000427	0.706410	0.000000	0.000023	0.707822	0.000001	0.000000	
0.707894	0.000000	0.000000	0.000006	0.000000	0.000000	0.706325	0.000000	
0.000000	0.000000	0.000000	0.708053	0.000000	0.000001	0.000000	0.706180	
0.711327	0.702872	0.000000	0.000000	0.000000	0.000000	0.000000	0.000000	
0.000028	0.000000	0.000000	0.706942	0.000000	0.000000	0.707721	0.000000	
0.000000	0.000002	0.000000	0.000133	0.720254	0.000484	0.000000	0.718187	
0.712815	0.000058	0.000000	0.000003	0.000001	0.000001	0.000000	0.701373	
1.001080	0.000000	0.000000	0.000000	0.000000	0.000000	0.000000	0.000000	
0.000067	0.706775	0.000000	0.000000	0.707511	0.000001	0.000000	0.000000	
0.707929	0.000004	0.000000	0.000000	0.000000	0.706292	0.000000	0.000000	
0.708063	0.000357	0.708234	0.001088	0.005648	0.000000	0.001040	0.000000	
0.000024	0.000000	0.000000	0.000121	0.708575	0.705642	0.000000	0.000000	
0.000000	0.000000	0.000000	0.000000	1.000815	0.000000	0.000000	0.000000	
0.000000	0.000000	0.000008	0.000000	0.000266	0.706926	0.707295	0.000000	
0.000000	0.000000	0.000000	1.000015	0.000000	0.000000	0.000000	0.000000	
0.000000	0.000000	0.000001	0.705385	0.708850	0.000001	0.000000	0.000000	
0.000000	0.707064	0.000000	0.000000	0.000000	0.000003	0.000002	0.707207	
0.000000	0.000000	0.000000	0.707936	0.000000	0.706302	0.000000	0.000000	
0.000000	1.000014	0.000000	0.000000	0.000000	0.000000	0.000000	0.000000	
0.000000	0.000000	0.703292	0.000115	0.000000	0.000000	0.000000	0.711749	
0.000000	0.000000	0.000000	0.000000	0.000000	0.000000	0.707249	0.707547	
0.000000	0.707061	0.000000	0.000000	0.000000	0.707159	0.000000	0.000000	
0.000000	0.000020	0.705862	0.000003	0.708384	0.000000	0.000000	0.000000	
0.000000	0.000000	0.000000	0.000000	0.000000	0.707546	0.000000	0.707952	
0.707356	0.000012	0.000000	0.706872	0.000000	0.000000	0.000000	0.000000	
0.000297	0.706608	0.000006	0.707619	0.000001	0.000000	0.000001	0.000000	
0.000000	0.000003	0.707924	0.000003	0.000002	0.000000	0.706351	0.002029	
0.000000	0.000000	1.000005	0.000000	0.000000	0.000000	0.000000	0.000000	
0.000000	0.000000	0.000000	0.000011	0.707872	0.000000	0.706353	0.000000	
0.000211	0.738764	0.000000	0.000010	0.000000	0.000000	0.737485	0.000000	
0.000000	0.000000	0.000000	0.000000	0.000000	0.000000	1.000109	0.000000	
0.000227	0.699277	0.714860	0.000000	0.000000	0.000000	0.000000	0.000000	
0.706846	0.000001	0.000000	0.000005	0.707380	0.000001	0.000001	0.000000	
0.000000	0.000000	0.000000	0.000000	0.000000	1.000001	0.000000	0.000000	
0.000000	0.000000	0.000000	0.000000	0.000000	0.000000	0.000000	1.000026	
0.000768	0.000720	0.707365	0.706882	0.000081	0.000000	0.000000	0.000000	
0.018364	0.999847	0.000000	0.000000	0.000000	0.000000	0.000001	0.000000	
0.000569	0.009411	0.707303	0.706882	0.000081	0.000000	0.000000	0.000000	
0.000000	0.716892	0.000000	0.011005	0.697117	0.000000	0.000000	0.000000	
0.000000	0.723826	0.691079	0.000000	0.000000	0.000000	0.000000	0.000000	
0.707676	0.000008	0.000000	0.000018	0.011405	0.006292	0.706370	0.010537	
0.000000	0.000000	0.000000	0.708539	0.000000	0.000000	0.000000	0.706664	
0.000000	0.000000	0.000012	0.000755	0.707553	0.000000	0.000000	0.707421	
0.000000	0.000000	0.000000	0.000000	0.712204	0.706421	0.000000	0.000000	
0.000000	0.000000	0.000008	0.000000	0.000266	0.706931	0.707311	0.000000	
0.000000	0.000000	1.000041	0.000000	0.000000	0.000000	0.000000	0.000000	
0.000000	0.000000	0.000000	1.000291	0.000000	0.000000	0.000000	0.000000	
0.000000	0.000000	0.000000	0.000011	0.708269	0.000000	0.706749	0.000000	
0.000000	0.000000	0.000000	0.000000	0.000000	0.000000	0.706961	0.707256	
0.000000	0.000000	0.000000	0.000000	0.000000	0.000000	0.000000	1.000806	
1.021185	0.018086	0.004255	0.052843	0.000000	0.000000	0.005381	0.000000	
0.000209	0.739897	0.000000	0.000010	0.000000	0.000000	0.738615	0.000000	
0.707931	0.000004	0.000000	0.000009	0.000000	0.706294	0.000000	0.000000	
0.000000	0.707251	0.001709	0.000000	0.000000	0.000000	0.000002	0.707177	
0.704370	0.000355	0.720413	0.001094	0.000057	0.000000	0.001046	0.000000	
0.000031	0.000482	0.708075	0.000003	0.000002	0.000000	0.706501	0.002029	
0.000000	0.707062	0.000000	0.000000	0.000000	0.707160	0.000000	0.000000	
0.000000	0.000000	0.000000	0.000000	1.006593	0.007619	0.000000	0.000000	
0.000000	0.000000	0.000001	0.708517	0.705723	0.000000	0.000000	0.000000	
0.000000	0.002225	0.000000	0.714126	0.013169	0.000000	0.701905	0.000000	
0.000000	0.000000	0.000000	0.000000	0.000000	0.000000	1.000109	0.000000	
0.000001	0.000701	0.705990	0.000000	0.000022	0.708234	0.000128	0.000000	
0.000000	0.000000	0.000000	0.000000	0.000000	0.704534	0.000000	0.710252	
0.707156	0.000000	0.000000	0.000000	0.000000	0.000000	0.000000	0.707543	
0.000001	0.000034	0.705862	0.000003	0.708383	0.000000	0.000000	0.000000	
0.706747	0.000353	0.000006	0.707758	0.000001	0.000000	0.003574	0.000000	
0.707532	0.706687	0.000000	0.000000	0.000000	0.000000	0.000000	0.000000	
0.000000	0.000000	0.000000	0.000000	0.000000	1.000002	0.000000	0.000000	
0.000000	0.000001	0.000000	0.708073	0.000000	0.706144	0.000000	0.000000	
0.008798	0.723600	0.000007	0.693528	0.000001	0.000000	0.000001	0.000000	
0.148698	0.000000	0.691170	0.000000	0.000000	0.000000	0.000000	0.707371	
0.706846	0.000001	0.000000	0.000005	0.707380	0.000001	0.000001	0.000000	
0.004787	0.000000	0.711116	0.000016	0.000001	0.082518	0.025444	0.697811	
0.000000	0.000000	0.000000	0.708089	0.000000	0.706161	0.000000	0.000000	
0.999945	0.000010	0.000000	0.000012	0.006290	0.000001	0.000001	0.010537	
0.000224	0.691687	0.710352	0.009075	0.000000	0.000000	0.133772	0.000000	
0.000045	0.000700	0.705900	0.000000	0.000022	0.708321	0.000128	0.000000	
0.000000	0.000000	0.742716	0.000003	0.000000	0.000000	0.669610	0.002029	
0.000002	0.010006	0.000078	0.706687	0.707490	0.000050	0.007787	0.000000	
0.000610	0.010344	0.757272	0.756825	0.049118	0.000000	0.000000	0.000000	
0.000000	0.000000	0.000000	0.000000	0.000000	0.000000	1.000049	0.000000	
0.696101	0.107700	0.000000	0.000000	0.000000	0.000004	0.000002	0.711333	
0.707932	0.000015	0.000000	0.000000	0.000000	0.706295	0.000000	0.000000	
0.000001	0.001659	0.000003	0.011435	0.015744	0.704010	0.710410	0.046779	
0.712585	0.000001	0.707512	0.000012	0.023020	0.000001	0.000001	0.000000	
0.519157	0.000000	0.000000	0.006148	0.001366	0.000166	0.518044	0.679766	
0.706949	0.000000	0.000000	0.000009	0.707483	0.000001	0.000001	0.000000	
0.000984	0.706420	0.005942	0.707456	0.042567	0.000000	0.003575	0.000000	
0.034041	0.522159	0.003238	0.000002	0.499020	0.000000	0.693084	0.002032	
0.000000	0.000000	0.000000	0.000000	0.000000	0.000000	0.000000	1.000087	
0.502797	0.000010	0.000000	0.000006	0.498468	0.706370	0.000000	0.000000	
0.707532	0.706687	0.000000	0.000000	0.000000	0.000000	0.000000	0.000000	
0.000000	0.000000	0.000000	0.000011	0.708269	0.000000	0.706749	0.000000	
0.028142	0.999543	0.000000	0.000000	0.013751	0.000000	0.000001	0.000000	
0.000091	0.009665	0.000025	0.489976	0.020008	0.000000	0.489427	0.751177	
0.000000	0.000000	1.000573	0.000000	0.000000	0.000000	0.000000	0.000000	
0.000000	0.000000	0.000000	0.000000	1.000271	0.000000	0.000000	0.000000	
0.707705	0.000008	0.000000	0.000018	0.011406	0.000020	0.706367	0.010537	
0.502891	0.010795	0.000005	0.503726	0.000000	0.000020	0.702243	0.010922	
0.000000	0.707064	0.000000	0.000000	0.000000	0.000003	0.000002	0.707207	
