0.000000	0.000000	0.000000	0.707192	0.000000	0.000000	0.000000	0.707022	
0.000016	0.000001	0.707436	0.000001	0.000000	0.706796	0.000000	0.000000	
0.000000	0.000000	0.000000	0.000000	0.000000	0.706992	0.707222	0.000000	
0.000000	0.000000	1.000001	0.000000	0.000000	0.000000	0.000000	0.000000	
0.000005	0.000000	0.707948	0.706272	0.000001	0.000000	0.000000	0.000000	
0.000000	0.000000	0.707291	0.000000	0.000000	0.000000	0.000005	0.707220	
0.723178	0.000020	0.000001	0.000049	0.000041	0.000000	0.690661	0.000422	
0.000001	0.707141	0.000000	0.000000	0.000000	0.000000	0.000000	0.707074	
0.000000	0.000000	0.000000	0.000000	0.000000	0.000000	0.707084	0.707129	
0.000000	0.000000	0.000000	0.000000	0.000000	0.000000	1.000000	0.000000	
0.716467	0.000000	0.000449	0.000000	0.697627	0.000000	0.000000	0.000000	
0.000000	0.000000	0.708089	0.000000	0.000000	0.000001	0.706127	0.000000	
0.000000	0.000000	0.000000	0.000000	0.707024	0.000000	0.707190	0.000000	
0.000000	0.707733	0.706486	0.000000	0.000000	0.000000	0.000000	0.000000	
0.000000	0.707455	0.000000	0.000004	0.000000	0.706761	0.000000	0.000000	
0.000000	0.000000	0.000000	0.000000	0.713344	0.711005	0.000000	0.000000	
0.717720	0.016224	0.701779	0.000000	0.000000	0.000000	0.000000	0.000000	
0.000000	0.000000	0.000000	0.707295	0.707022	0.000000	0.000000	0.000000	
0.000000	0.000000	0.000000	0.000000	0.000000	0.000000	0.000000	1.000002	
0.000000	0.707094	0.000000	0.000005	0.707120	0.000000	0.000000	0.000000	
0.727789	0.000000	0.000166	0.694772	0.000000	0.000000	0.000000	0.000000	
0.720823	0.000507	0.005274	0.000018	0.000047	0.693454	0.000000	0.002961	
1.045724	0.000000	0.000000	0.000000	0.000000	0.000000	0.000000	0.000000	
0.000000	0.000001	0.000000	0.000154	0.707707	0.000000	0.000000	0.707537	
0.000010	0.706508	0.000001	0.000027	0.000000	0.000000	0.707705	0.000000	
0.725331	0.690447	0.000012	0.000168	0.000022	0.000212	0.000001	0.000009	
0.000000	0.000000	0.706332	0.000005	0.707881	0.000000	0.000000	0.000000	
0.000000	0.708217	0.000000	0.705997	0.000000	0.000000	0.000000	0.000000	
0.000000	0.000000	0.000000	0.706496	0.000000	0.707718	0.000000	0.000000	
0.000000	0.000005	0.000000	0.000000	0.000000	0.707170	0.000000	0.707050	
0.719899	0.000000	0.000000	0.000000	0.000000	0.000000	0.000000	0.694083	
0.000000	0.000000	0.000000	0.000000	1.000000	0.000000	0.000000	0.000000	
0.000000	0.000000	0.000000	1.000003	0.000000	0.000000	0.000000	0.000000	
0.000000	0.000000	0.000000	0.706528	0.000002	0.000000	0.707692	0.000000	
0.000000	1.000183	0.000000	0.000000	0.000000	0.000000	0.000000	0.000000	
0.000000	0.000000	0.000000	0.000000	0.000000	1.000001	0.000000	0.000000	
0.000000	0.000000	0.000000	0.000000	0.000000	1.000001	0.000000	0.000000	
0.000016	0.000000	0.707447	0.000001	0.000000	0.706807	0.000000	0.000000	
0.000000	0.000000	0.000000	0.000000	0.000000	0.000000	0.707084	0.707129	
0.000000	0.000000	0.000000	0.706936	0.000000	0.000000	0.707283	0.000000	
0.000000	0.000000	0.000000	0.000000	0.000000	0.707643	0.706570	0.000000	
0.719899	0.000013	0.000000	0.000000	0.000000	0.000000	0.000000	0.694083	
0.000561	0.003494	0.000084	0.000103	0.715089	0.000000	0.700748	0.000000	
0.000005	0.000001	0.708220	0.706000	0.000001	0.000000	0.000000	0.000000	
0.000000	0.000000	0.000000	0.707295	0.707021	0.000000	0.000000	0.000000	
0.005296	0.999917	0.000535	0.000167	0.000000	0.003780	0.011686	0.000211	
0.000000	0.000000	0.707319	0.000000	0.000000	0.000000	0.000005	0.707248	
0.714026	0.000691	0.702595	0.000008	0.000561	0.000000	0.000001	0.016363	
0.000016	0.000000	0.000000	0.000000	0.000000	0.707170	0.000000	0.707050	
0.000000	0.000000	0.000000	0.696172	0.000000	0.723176	0.000000	0.000000	
0.000965	0.710933	0.000001	0.000033	0.000040	0.000000	0.703261	0.000000	
0.723179	0.000020	0.000001	0.000930	0.000041	0.000000	0.690662	0.000000	
0.724349	0.689512	0.000536	0.000168	0.001388	0.000212	0.000188	0.000002	
0.719430	0.000001	0.005264	0.000085	0.000046	0.694548	0.000000	0.002972	
0.000000	0.000000	0.000000	0.707084	0.000000	0.000000	0.000000	0.707130	
0.000000	0.000000	0.000000	1.000001	0.000000	0.000000	0.000000	0.000000	
0.998387	0.032710	0.000535	0.001457	0.000001	0.010394	0.000359	0.045247	
0.000000	0.000000	0.710122	0.000000	0.000000	0.000001	0.708155	0.000000	
0.000000	0.000000	0.714245	0.000005	0.699896	0.000000	0.000000	0.000000	
0.000000	0.000000	0.000000	0.000000	0.000000	0.000000	1.000000	0.000000	
0.000041	0.705406	0.000000	0.709055	0.000000	0.000000	0.000000	0.000000	
0.000000	0.000000	0.992513	0.000000	0.000000	0.116529	0.036618	0.000000	
0.000000	0.000000	0.000000	0.000000	0.706795	0.000000	0.000000	0.707419	
0.711060	0.023297	0.000381	0.001038	0.701213	0.010394	0.000004	0.045247	
0.000000	0.717905	0.701780	0.000000	0.000000	0.000000	0.000000	0.000000	
0.000000	0.708615	0.000000	0.000004	0.000000	0.705605	0.000000	0.000000	
0.723555	0.000205	0.000165	0.690730	0.000075	0.000000	0.000000	0.000000	
0.000000	0.000000	0.000000	0.000000	0.707298	0.707329	0.000000	0.000000	
0.000010	0.708627	0.000000	0.000000	0.000000	0.000000	0.000992	0.709065	
0.000000	0.000000	0.000000	0.000000	1.000000	0.000000	0.000000	0.000000	
0.000000	0.000000	0.000000	0.000000	0.000000	0.000000	0.000000	1.000002	
0.000000	0.738631	0.000003	0.000005	0.695596	0.004476	0.000000	0.000000	
0.708135	0.023412	0.705686	0.000008	0.002161	0.000001	0.000001	0.000000	
0.000000	0.000000	0.000000	0.000000	0.710261	0.710292	0.000000	0.000000	
0.000000	0.000000	0.000000	0.000000	1.004181	0.001268	0.000000	0.000000	
0.070735	0.000716	0.000435	0.507576	0.516014	0.000000	0.686364	0.000000	
0.000000	0.708615	0.000000	0.000004	0.000000	0.705605	0.000000	0.000000	
0.084319	0.004237	0.702381	0.000001	0.000000	0.706796	0.000000	0.000000	
1.000368	0.006659	0.000000	0.000000	0.000000	0.000000	0.001401	0.012354	
0.000000	0.000000	0.000000	0.707296	0.707024	0.000000	0.000000	0.000000	
0.000000	0.000000	0.000000	0.000000	0.000000	0.000000	0.707084	0.707129	
0.004201	0.000000	0.723104	0.007116	0.006309	0.000000	0.690662	0.000000	
0.000000	0.000000	0.000000	0.000000	0.000000	0.706992	0.707222	0.000000	
0.000000	0.000000	0.000000	0.000000	0.000000	0.000000	0.998149	0.060820	
0.699282	0.017420	0.051034	0.004527	0.000605	0.002134	0.712791	0.000005	
0.057531	0.700791	0.000000	0.000000	0.000000	0.000000	0.000000	0.724352	
0.000000	0.000000	0.000000	0.706728	0.000002	0.000000	0.707892	0.000000	
0.014775	0.726182	0.693614	0.000812	0.000000	0.000000	0.000000	0.000000	
0.763680	0.000000	0.000174	0.729035	0.000000	0.000000	0.000000	0.000000	
0.000000	0.000000	0.746864	0.000004	0.664977	0.000000	0.000000	0.000000	
0.719012	0.703174	0.000000	0.000003	0.000025	0.000000	0.000004	0.010016	
0.000520	0.030383	0.000013	0.701371	0.085297	0.000000	0.000000	0.707022	
0.728298	0.000001	0.000014	0.000224	0.000047	0.685784	0.000000	0.000000	
0.000021	0.000468	0.000000	0.000000	0.000000	0.708615	0.000992	0.709053	
0.024554	0.507233	0.000001	0.000024	0.009834	0.501996	0.706425	0.000000	
0.005880	0.058424	0.705665	0.706427	0.000001	0.000000	0.000000	0.000000	
0.026491	0.000858	0.000003	0.999691	0.000010	0.000001	0.000000	0.000000	
0.706636	0.022788	0.003260	0.020693	0.000000	0.000000	0.000000	0.707243	
0.000000	0.000000	0.000000	0.000000	0.000000	0.000000	0.000000	1.000002	
0.000010	0.000000	0.068095	0.704151	0.000000	0.706796	0.000000	0.000000	
