0.000000	0.000000	0.000000	0.704256	0.000000	0.710045	0.000000	0.000000	
0.003113	0.681931	0.000001	0.000000	0.006185	0.000003	0.011733	0.731538	
0.000000	0.000000	0.000000	0.691097	0.000000	0.000000	0.000000	0.722787	
0.000000	0.000000	0.707146	0.000000	0.000000	0.000000	0.707120	0.000000	
0.000000	0.000001	0.000004	0.707024	0.707193	0.000000	0.000000	0.000000	
0.707946	0.000000	0.000001	0.000000	0.000006	0.000000	0.707721	0.000000	
0.000000	0.000000	1.000000	0.000000	0.000000	0.000000	0.000000	0.000000	
1.000934	0.000000	0.000000	0.000000	0.000000	0.000000	0.000000	0.000000	
0.707525	0.000103	0.000000	0.000000	0.000000	0.706689	0.000005	0.000000	
0.000000	0.000000	0.000000	1.000000	0.000000	0.000000	0.000000	0.000000	
0.000000	0.000000	0.000000	0.000000	0.000000	0.000000	0.704448	0.709782	
0.000000	0.000000	0.000000	0.000000	0.000000	0.000000	1.000021	0.000000	
0.000000	0.000000	0.000000	0.000000	0.707099	0.000000	0.707114	0.000000	
0.708012	0.000005	0.000000	0.000000	0.706300	0.000000	0.000000	0.000000	
0.000000	0.000000	0.000000	0.000000	0.707354	0.706890	0.000000	0.000000	
0.000007	0.000000	0.000001	0.707099	0.000000	0.000000	0.707114	0.000000	
0.000000	0.707088	0.707431	0.000000	0.000000	0.000000	0.000000	0.000000	
0.707989	0.000013	0.706224	0.000000	0.000000	0.000000	0.000000	0.000000	
0.000000	0.000000	0.000000	0.000000	0.000000	0.707099	0.707114	0.000000	
0.000002	0.706996	0.000000	0.707217	0.000000	0.000000	0.000000	0.000000	
0.707751	0.706464	0.000001	0.000000	0.000001	0.000000	0.000000	0.000000	
0.000022	0.707025	0.000000	0.000000	0.707196	0.000000	0.000000	0.000000	
0.000000	0.000000	0.000000	0.000000	1.000002	0.000000	0.000000	0.000000	
0.000415	0.000000	0.000008	0.005666	0.000000	0.691286	0.041869	0.721374	
0.000000	0.000000	0.706923	0.000000	0.000000	0.707290	0.000000	0.000000	
0.000000	0.000001	0.706524	0.000001	0.000000	0.000000	0.000000	0.707689	
0.000024	0.707392	0.000001	0.000000	0.000006	0.000000	0.707145	0.000000	
0.707390	0.000000	0.000000	0.706823	0.000000	0.000000	0.000000	0.000000	
0.697396	0.000978	0.000009	0.000000	0.000001	0.000000	0.000000	0.719078	
0.000000	0.000000	0.707427	0.706809	0.000000	0.000000	0.000000	0.000000	
0.000000	0.000000	0.000000	0.000000	0.000000	1.000000	0.000000	0.000000	
0.000000	0.000000	0.000000	0.000000	0.000000	0.000000	0.000000	1.000000	
0.000000	0.708542	0.000000	0.000000	0.000004	0.705758	0.000000	0.000000	
0.003000	0.000029	0.000218	0.002933	0.694271	0.000053	0.000000	0.719867	
0.000000	0.000000	0.707020	0.000000	0.707193	0.000000	0.000000	0.000000	
0.000000	1.000060	0.000000	0.000000	0.000000	0.000000	0.000000	0.000000	
0.000007	0.000000	0.000001	0.669247	0.000000	0.000000	0.743962	0.000000	
0.707263	0.000103	0.001980	0.000000	0.000000	0.707582	0.000086	0.000000	
0.004991	0.000048	0.000362	0.000005	0.694407	0.005503	0.000000	0.720037	
0.000056	0.706304	0.000001	0.000000	0.000006	0.000003	0.708164	0.000000	
0.717180	0.697976	0.000000	0.000000	0.000001	0.000000	0.000000	0.000000	
0.708164	0.000005	0.000001	0.000000	0.706453	0.000000	0.000000	0.000000	
0.000000	0.000000	0.709950	0.704252	0.000000	0.000000	0.000000	0.000000	
0.000813	0.000064	0.000806	0.000000	0.000000	0.000000	0.707152	0.707061	
0.707495	0.000992	0.000009	0.000000	0.000000	0.000001	0.000000	0.711826	
0.000000	0.000000	0.705772	0.000000	0.000000	0.708440	0.000000	0.000000	
0.707391	0.000000	0.000006	0.706823	0.000000	0.000000	0.000000	0.000000	
0.996412	0.000297	0.005394	0.000000	0.000000	0.077367	0.000000	0.033893	
0.000001	0.000000	0.706528	0.000001	0.000000	0.000000	0.000000	0.707685	
0.000022	0.000480	0.006653	0.711632	0.702542	0.000000	0.000000	0.000000	
0.000000	0.000000	0.000000	0.000000	0.697433	0.716661	0.000000	0.000000	
0.000000	0.000000	0.000000	0.000000	0.000000	1.000036	0.000000	0.000000	
0.000000	0.000000	0.000000	0.000000	0.000000	0.000000	0.000000	1.000000	
0.000643	0.000008	0.000094	0.721986	0.000000	0.700799	0.000000	0.000000	
0.000002	0.706620	0.000000	0.707598	0.000000	0.000000	0.000000	0.000000	
0.000000	0.000000	0.000000	0.707282	0.000000	0.000000	0.000000	0.706935	
0.000000	0.000001	0.000115	0.000000	0.000001	0.714680	0.000000	0.699565	
0.067813	0.658299	0.746893	0.051160	0.032159	0.034961	0.000000	0.000000	
0.000000	0.000000	0.000000	0.000000	0.000000	0.723532	0.690602	0.000000	
0.000000	0.000000	0.000000	0.000000	0.707099	0.000000	0.707114	0.000000	
0.000000	0.697777	0.000009	0.000000	0.000000	0.000000	0.000000	0.717278	
0.708307	0.000000	0.000000	0.000000	0.000000	0.000000	0.707228	0.000000	
0.706713	0.000011	0.707501	0.000000	0.000000	0.000000	0.000000	0.000000	
0.000000	0.000000	0.707881	0.000000	0.000000	0.000000	0.706512	0.000000	
0.000000	0.000000	1.000000	0.000000	0.000000	0.000000	0.000000	0.000000	
0.000000	0.000000	0.000000	0.000000	1.000000	0.000000	0.000000	0.000000	
0.000000	0.000000	0.707020	0.000000	0.707193	0.000000	0.000000	0.000000	
0.000000	0.709285	0.000000	0.000000	0.000004	0.706498	0.000000	0.000000	
0.025296	0.637590	0.000004	0.000004	0.778084	0.000000	0.000000	0.000000	
0.043614	0.996752	0.067693	0.000000	0.000000	0.000000	0.000000	0.000000	
0.000000	0.000000	0.000000	1.000000	0.000000	0.000000	0.000000	0.000000	
0.000000	0.000000	0.000000	0.000000	0.000000	0.000000	1.000021	0.000000	
0.704428	0.052567	0.019120	0.707568	0.000000	0.000000	0.000000	0.000000	
0.708117	0.000005	0.000001	0.000000	0.706405	0.000000	0.000000	0.000000	
0.003409	0.074098	0.001592	0.656408	0.750329	0.000000	0.000000	0.025994	
0.000000	0.000000	0.000000	0.000000	0.000000	0.707252	0.707267	0.000000	
0.119059	0.998782	0.000000	0.000000	0.000080	0.000000	0.032627	0.000000	
0.002756	0.019922	0.025544	0.000005	0.706352	0.000000	0.707114	0.000000	
0.068393	0.663926	0.753276	0.051598	0.015327	0.035246	0.000000	0.000000	
0.997536	0.000385	0.074817	0.000037	0.000000	0.000000	0.000000	0.002095	
0.000000	0.000000	0.000000	0.000000	0.707355	0.706891	0.000000	0.000000	
0.000007	0.000000	0.000001	0.707230	0.000000	0.000000	0.707245	0.000000	
0.005016	0.000047	0.000102	0.000005	0.696155	0.005411	0.000000	0.718348	
0.000000	0.000000	0.707020	0.000000	0.707193	0.000000	0.000000	0.000000	
0.000006	0.000393	0.127828	0.002162	0.011216	0.991767	0.000000	0.000000	
0.000205	0.012017	0.700556	0.000007	0.000000	0.713475	0.000000	0.005565	
0.717180	0.697976	0.000000	0.000000	0.000001	0.000000	0.000000	0.000000	
0.019867	0.000003	0.000056	0.706987	0.000000	0.707583	0.000000	0.000000	
0.016935	0.002469	0.000198	0.997220	0.000000	0.094124	0.000000	0.000000	
0.077725	0.000149	0.996983	0.000000	0.000000	0.000000	0.000000	0.000000	
0.000000	0.000000	0.000000	0.000000	0.000000	0.000000	0.764689	0.653005	
0.000008	0.000131	0.000000	0.000006	0.000001	0.714680	0.000000	0.699565	
0.006741	0.000002	0.729595	0.000000	0.005492	0.000000	0.000000	0.683857	
0.001922	0.000000	0.709851	0.704156	0.021239	0.000000	0.000000	0.000000	
0.000000	0.000000	0.000000	0.707630	0.000000	0.000000	0.000000	0.706587	
0.706713	0.000000	0.707501	0.000000	0.000000	0.000000	0.000000	0.000000	
0.000000	0.000000	0.000000	0.000000	0.000000	0.000000	0.000000	1.124486	
0.145380	0.001690	0.155430	0.000021	0.982197	0.000000	0.000000	0.041235	
0.000002	0.706999	0.000000	0.707219	0.000000	0.000000	0.000000	0.000000	
0.707851	0.000103	0.000000	0.000000	0.000000	0.000000	0.706492	0.000000	
