0.000159	0.706680	0.000000	0.707533	0.000000	0.000000	0.000000	0.000000	
0.000000	0.707119	0.707094	0.000000	0.000000	0.000000	0.000000	0.000000	
0.000024	0.000002	0.000000	0.000000	0.000000	0.706958	0.707918	0.000000	
0.000000	0.000000	0.000000	0.000000	0.000000	0.000000	0.706767	0.707447	
0.000092	0.001420	0.706652	0.707631	0.000000	0.000000	0.000000	0.000000	
0.707305	0.706909	0.000000	0.000000	0.000000	0.000000	0.000000	0.000000	
0.000000	0.706823	0.000000	0.000000	0.000000	0.707390	0.000000	0.000000	
0.706349	0.000000	0.000000	0.000000	0.000000	0.000000	0.000000	0.707864	
0.000000	0.000000	0.000000	0.000000	0.000000	0.000000	0.000000	1.000000	
0.707092	0.000000	0.000000	0.000000	0.000000	0.000000	0.707122	0.000000	
0.000000	0.000000	0.000000	1.000000	0.000000	0.000000	0.000000	0.000000	
0.000000	0.706319	0.000000	0.000000	0.000000	0.000000	0.000000	0.707894	
0.000000	0.000000	0.000000	0.706627	0.000000	0.000000	0.707587	0.000000	
0.000000	0.000000	0.000000	0.000033	0.000000	0.707101	0.000001	0.707115	
0.000007	0.000000	0.707075	0.000001	0.000000	0.707139	0.000000	0.000000	
0.000000	0.000000	0.000000	0.707093	0.000000	0.000000	0.000000	0.707121	
0.707121	0.000000	0.707092	0.000000	0.000000	0.000000	0.000000	0.000000	
0.000000	0.706999	0.000000	0.000000	0.707224	0.000000	0.000000	0.000000	
0.000000	0.000000	0.000000	0.000065	0.707259	0.707593	0.000000	0.000000	
0.000000	0.000000	0.707087	0.000000	0.000000	0.000000	0.707127	0.000000	
0.000000	0.000000	0.000000	0.000000	0.707160	0.000000	0.000000	0.707053	
0.706703	0.000000	0.000000	0.000000	0.707510	0.000000	0.000000	0.000000	
0.000000	0.000000	0.000000	0.000000	0.000000	1.000000	0.000000	0.000000	
0.000000	0.000000	0.706908	0.000000	0.000000	0.000000	0.000000	0.707305	
0.707097	0.000000	0.000000	0.000001	0.000000	0.707117	0.000000	0.000000	
0.000000	0.000000	0.000000	0.000000	0.706601	0.000000	0.707613	0.000000	
0.000000	0.000000	0.000000	0.711358	0.000000	0.703604	0.000469	0.000000	
0.000000	0.000000	0.706993	0.000264	0.707221	0.000000	0.000000	0.000000	
1.000000	0.000000	0.000000	0.000000	0.000000	0.000000	0.000000	0.000000	
0.000000	1.000000	0.000000	0.000000	0.000000	0.000000	0.000000	0.000000	
0.000000	0.000000	1.000000	0.000000	0.000000	0.000000	0.000000	0.000000	
0.000000	0.000000	0.000000	0.000000	0.000000	0.000000	1.000000	0.000000	
0.000000	0.000000	0.000000	0.000000	1.000000	0.000000	0.000000	0.000000	
0.706154	0.000000	0.000000	0.708058	0.000000	0.000000	0.000000	0.000000	
0.000000	0.707093	0.000000	0.000000	0.000000	0.000000	0.707120	0.000000	
0.000000	0.000000	0.000000	0.706981	0.707330	0.000000	0.000000	0.000000	
0.000000	0.000000	0.000000	1.000000	0.000000	0.000000	0.000000	0.000000	
0.000000	0.000000	0.000000	0.706349	0.000000	0.000000	0.000000	0.707864	
0.000000	0.000000	0.000000	0.000000	0.709045	0.000000	0.000000	0.705163	
0.000003	0.000041	0.998760	0.049781	0.000000	0.000000	0.000000	0.000000	
0.972731	0.221948	0.059214	0.006709	0.029968	0.000000	0.009553	0.000000	
0.707092	0.000000	0.000000	0.000000	0.000000	0.000000	0.707122	0.000000	
0.002056	0.718988	0.691607	0.070253	0.000647	0.000000	0.000000	0.010470	
0.000000	0.000000	0.000000	0.707083	0.000000	0.707130	0.000000	0.000000	
0.000000	0.706705	0.000000	0.000000	0.707509	0.000000	0.000000	0.000000	
0.000000	0.000000	0.000000	0.703015	0.711175	0.000000	0.000000	0.000000	
0.010480	0.999593	0.007317	0.000566	0.022612	0.000000	0.011781	0.000000	
0.000000	0.706823	0.000000	0.000000	0.000000	0.707390	0.000000	0.000000	
0.000000	0.000000	0.707087	0.000000	0.000000	0.000000	0.707127	0.000000	
0.673820	0.738895	0.000000	0.000000	0.000000	0.000000	0.001319	0.000000	
0.000000	0.000000	0.000000	0.000000	0.000000	0.000000	0.000000	1.000000	
0.000000	0.000000	0.706933	0.000040	0.000000	0.000000	0.000000	0.707330	
0.002229	0.684528	0.000179	0.000409	0.000000	0.000000	0.728983	0.000000	
0.000000	0.000002	0.707971	0.000005	0.000000	0.708331	0.000000	0.000000	
0.000000	0.000001	0.000000	0.000000	0.707426	0.706787	0.000000	0.000000	
0.703561	0.000000	0.000000	0.000000	0.710612	0.005741	0.000000	0.000000	
0.000000	0.000000	0.000000	0.000000	0.000000	1.000000	0.000000	0.000000	
0.000017	0.000001	0.000017	0.000002	0.000000	0.708130	0.706082	0.000000	
0.707097	0.000000	0.000000	0.000001	0.000000	0.707117	0.000000	0.000000	
0.000058	0.003788	0.000004	0.000066	0.003810	0.000000	0.717496	0.696574	
0.000000	0.706731	0.000000	0.707482	0.000000	0.000000	0.000000	0.000000	
0.000000	0.000000	0.000000	0.706592	0.000000	0.000000	0.707621	0.000000	
0.000000	0.000000	0.000000	0.000000	0.000000	0.000000	1.000000	0.000000	
0.000000	0.000000	0.000001	0.000033	0.000000	0.707101	0.000001	0.707115	
0.706064	0.001300	0.708147	0.000000	0.000003	0.000000	0.000000	0.000000	
0.514321	0.079280	0.462185	0.715986	0.005538	0.001853	0.000000	0.055412	
0.000000	0.000000	0.000000	0.000000	1.000000	0.000000	0.000000	0.000000	
0.000000	0.000000	0.000000	0.000000	0.713702	0.000000	0.701202	0.000000	
0.703756	0.000000	0.000000	0.000000	0.000000	0.000000	0.000000	0.714874	
0.000001	0.001148	0.708174	0.000000	0.708981	0.000000	0.000000	0.000000	
0.000000	0.704199	0.000000	0.000000	0.000000	0.000000	0.000000	0.710003	
0.000013	0.000268	0.706732	0.707482	0.000000	0.000000	0.000000	0.000000	
0.000082	0.001269	0.004515	0.035095	0.000000	0.999373	0.000000	0.000000	
0.017900	0.019534	0.720014	0.693530	0.000000	0.000000	0.000000	0.000000	
0.000000	0.707093	0.000000	0.000000	0.000000	0.000000	0.707120	0.000000	
0.373938	0.047161	0.319209	0.508089	0.000014	0.006205	0.000000	0.705709	
0.051768	0.004492	0.000000	0.716817	0.696068	0.005744	0.000000	0.000000	
0.019367	0.701941	0.014834	0.057203	0.000000	0.057881	0.007671	0.707119	
0.708016	0.001974	0.000000	0.708771	0.000000	0.000000	0.000000	0.000000	
0.000000	0.000116	0.000002	0.694873	0.016079	0.000000	0.718953	0.000000	
0.000000	0.000001	0.000000	0.005412	0.999986	0.000000	0.000000	0.000000	
0.000495	0.026076	0.706357	0.011663	0.707284	0.000000	0.000000	0.000000	
0.697282	0.113571	0.707342	0.010241	0.003630	0.000000	0.021191	0.000000	
0.010480	0.999599	0.007317	0.000005	0.022358	0.000000	0.011781	0.000000	
0.008827	0.737157	0.671921	0.070242	0.000647	0.000000	0.000000	0.010469	
0.000000	0.000001	0.000002	0.000033	0.000000	0.707101	0.000001	0.707115	
0.000029	0.002418	0.000000	0.706819	0.000000	0.707390	0.000000	0.000000	
0.000000	0.667462	0.000000	0.000000	0.744652	0.000000	0.000000	0.000000	
0.000025	0.000001	0.000001	0.000000	0.000000	0.736759	0.676156	0.000000	
1.001101	0.028573	0.059438	0.006806	0.000310	0.000000	0.009585	0.000000	
0.000008	0.000000	0.707075	0.000001	0.000000	0.707139	0.000000	0.000000	
0.000000	0.000000	0.000000	0.000000	0.000000	0.000000	0.717266	0.696805	
0.000000	0.706629	0.000000	0.020323	0.000000	0.707238	0.008765	0.000000	
0.016113	0.000555	0.000004	0.999276	0.000000	0.000000	0.034460	0.000000	
0.000000	0.000000	0.000000	0.000000	0.000000	0.000000	1.000000	0.000000	
0.000000	0.000000	0.000000	0.000000	0.705608	0.708602	0.000000	0.000000	
0.704852	0.704457	0.093181	0.033602	0.000000	0.000000	0.000000	0.000000	
0.003507	0.000193	0.013567	0.014030	0.706882	0.000000	0.000000	0.707053	
0.000011	0.000038	0.696337	0.000040	0.001024	0.121938	0.000000	0.707330	
0.706949	0.000000	0.000000	0.000001	0.000000	0.707265	0.000000	0.000000	
