0.000000	0.000000	0.000001	0.000173	0.000000	0.707322	0.000000	0.706952	
0.000000	0.000000	0.000000	0.000000	0.000000	1.000173	0.000000	0.000000	
0.000000	0.000000	0.000000	0.707475	0.000000	0.706738	0.000000	0.000000	
0.000000	0.000000	1.001749	0.000000	0.000000	0.000000	0.000000	0.000000	
0.716900	0.008704	0.000001	0.000000	0.000000	0.697172	0.000001	0.000000	
0.000000	0.000000	0.000000	0.000000	0.707408	0.706913	0.000000	0.000000	
0.000000	1.009180	0.000000	0.000000	0.000000	0.000000	0.000000	0.000000	
0.000000	0.715109	0.000000	0.000000	0.000000	0.000000	0.705096	0.000000	
0.000001	0.707861	0.000001	0.707689	0.000000	0.000000	0.000000	0.000000	
0.000115	0.708299	0.000000	0.000042	0.000000	0.000000	0.000000	0.705913	
0.000000	0.000000	0.706325	0.000000	0.707887	0.000000	0.000000	0.000000	
0.000000	0.000000	0.707119	0.707095	0.000000	0.000000	0.000000	0.000000	
0.000000	0.000000	0.000000	0.000000	0.000000	0.000000	0.706963	0.707251	
0.707992	0.000015	0.000000	0.000001	0.000000	0.000000	0.000000	0.706224	
0.000048	0.713162	0.702785	0.000000	0.000000	0.000253	0.000000	0.000000	
0.000000	0.000000	0.000000	0.707285	0.000000	0.000000	0.000000	0.706929	
0.723876	0.000509	0.000000	0.697381	0.000000	0.000000	0.000000	0.000000	
0.000000	0.000000	0.000000	0.000000	1.000000	0.000000	0.000000	0.000000	
0.000000	0.000000	0.000000	0.000000	0.000000	0.000000	1.000217	0.000000	
0.000000	0.000000	0.707470	0.000004	0.000000	0.706744	0.000001	0.000000	
0.000000	0.000000	0.706981	0.000000	0.000000	0.000022	0.707232	0.000000	
0.721730	0.696593	0.000107	0.010840	0.000000	0.000000	0.000000	0.000000	
0.000000	0.000000	0.708617	0.000001	0.000000	0.000001	0.000402	0.705593	
0.000000	0.708320	0.000000	0.000002	0.000000	0.705906	0.000000	0.000000	
0.000000	0.000000	0.000000	0.000000	0.707058	0.000000	0.707156	0.000000	
0.000000	0.000010	0.000142	0.000004	0.707478	0.000000	0.000000	0.706832	
1.000051	0.000000	0.000000	0.000000	0.000000	0.000000	0.000000	0.000000	
0.706989	0.000015	0.000000	0.000000	0.707225	0.000000	0.000000	0.000014	
0.712349	0.008638	0.702036	0.000000	0.000000	0.000253	0.000000	0.000000	
0.000270	0.709620	0.000000	0.000005	0.705060	0.000001	0.000224	0.000000	
0.000000	0.000000	0.000000	0.000000	0.000000	0.706878	0.707463	0.000000	
0.712807	0.002260	0.001220	0.000000	0.000000	0.000000	0.701612	0.000000	
0.000000	0.000000	0.000000	0.704592	0.709616	0.000000	0.000000	0.000000	
0.000000	0.000000	0.000000	1.003122	0.000000	0.000000	0.000000	0.000000	
0.000000	0.000000	0.000000	0.707063	0.000000	0.000000	0.707151	0.000000	
0.000000	0.000000	0.000000	0.000000	0.000000	0.000000	0.000000	1.000012	
0.000000	0.000000	1.000632	0.000000	0.000000	0.000000	0.000000	0.000000	
0.000000	0.000000	0.000000	0.000000	0.000000	1.000000	0.000000	0.000000	
0.000005	0.000002	0.000173	0.000003	0.000000	0.707324	0.000000	0.706954	
0.000000	0.000000	0.000000	0.000000	0.000000	0.000000	0.707634	0.707975	
0.714578	0.702751	0.000010	0.000026	0.000000	0.000000	0.000000	0.000000	
0.000000	0.000000	0.000000	0.707285	0.000000	0.000000	0.000000	0.706929	
0.000000	0.000000	0.000000	0.707063	0.000000	0.000000	0.707151	0.000000	
0.000000	0.000000	0.000000	1.000000	0.000000	0.000000	0.000000	0.000000	
0.000000	0.000000	0.000000	0.000000	0.000000	0.000000	0.000000	1.000022	
0.000000	0.000000	0.000000	0.708386	0.707562	0.000000	0.000000	0.000000	
0.000000	0.000000	0.708618	0.000001	0.000000	0.000001	0.000402	0.705595	
0.000000	0.000000	0.000000	0.000000	0.000000	0.000000	1.000051	0.000000	
0.000000	0.000000	0.000000	0.000000	0.000000	0.706982	0.707232	0.000000	
0.709187	0.000012	0.000001	0.000000	0.000000	0.705073	0.000001	0.000000	
1.052957	0.028374	0.000000	0.000000	0.000000	0.000000	0.000000	0.000000	
0.000100	0.707054	0.707203	0.000000	0.000000	0.000253	0.000001	0.000000	
0.000000	1.000324	0.000000	0.000000	0.000000	0.000000	0.000000	0.000000	
0.000000	0.741657	0.000000	0.000000	0.000000	0.000001	0.008102	0.670733	
0.000000	0.707377	0.000023	0.000000	0.000000	0.706838	0.000000	0.000000	
0.000284	0.001468	0.704193	0.023840	0.709622	0.000000	0.000000	0.000000	
0.706989	0.000015	0.000000	0.000000	0.707225	0.000000	0.000000	0.000014	
0.000024	0.000023	0.000000	0.704868	0.000000	0.709473	0.000000	0.000000	
0.707992	0.000015	0.000000	0.000001	0.000000	0.000000	0.000000	0.706224	
0.000000	0.000000	0.707184	0.707030	0.000000	0.000000	0.000000	0.000000	
0.000000	0.000010	0.000142	0.000004	0.706486	0.000000	0.000000	0.707777	
0.724102	0.000522	0.000000	0.697598	0.000000	0.000000	0.000000	0.000000	
0.000000	0.000000	0.000000	0.000000	0.713638	0.713139	0.000000	0.000000	
0.000555	0.795905	0.007634	0.607080	0.000000	0.000000	0.000000	0.000000	
0.000000	0.000000	0.000000	0.000000	0.707058	0.000000	0.707156	0.000000	
0.712824	0.002260	0.005486	0.000000	0.000000	0.000000	0.701649	0.000000	
0.495235	0.000000	0.495320	0.000000	0.000019	0.000000	0.715385	0.000000	
0.000000	0.706982	0.000000	0.000000	0.000000	0.000000	0.707233	0.000000	
0.000444	0.709516	0.000000	0.000005	0.704956	0.000001	0.000000	0.000000	
0.000000	0.000000	0.707470	0.000004	0.000000	0.706745	0.000001	0.000000	
0.000000	0.000000	0.000000	0.000000	1.000000	0.000000	0.000000	0.000000	
0.707047	0.000000	0.707168	0.000000	0.000024	0.000000	0.000000	0.000000	
0.000033	0.000000	0.338851	0.000000	0.570194	0.748373	0.000000	0.000000	
0.707059	0.000015	0.000000	0.000000	0.707296	0.000000	0.000000	0.000000	
0.000003	0.011461	0.730975	0.014796	0.024686	0.681659	0.000000	0.014416	
0.000000	0.000000	0.000000	0.000000	0.000000	1.000357	0.000000	0.032663	
0.000000	1.006664	0.000000	0.000000	0.000000	0.000000	0.000000	0.000000	
0.000000	0.000000	0.000000	0.000000	0.000000	0.000000	0.724446	0.692390	
0.968575	0.011141	0.249676	0.024243	0.022008	0.008742	0.000000	0.000000	
0.000197	0.515784	0.000000	0.487950	0.705457	0.000000	0.000001	0.000000	
0.024427	0.000318	0.710651	0.000001	0.000000	0.000000	0.711141	0.000000	
0.000000	0.706982	0.000000	0.000000	0.000000	0.000000	0.707233	0.000000	
0.000000	0.000000	0.000000	0.000000	1.000001	0.000000	0.000000	0.000000	
0.001123	0.008705	0.726721	0.010652	0.037744	0.000002	0.000000	0.689132	
0.000696	0.000000	0.719695	0.694496	0.000000	0.011236	0.000000	0.000000	
0.710077	0.000000	0.000000	0.000000	0.000000	0.000000	0.704239	0.000000	
0.000000	0.000000	0.000000	0.000000	0.000000	0.000000	0.000000	1.000400	
0.000100	0.713283	0.702905	0.000000	0.000000	0.000253	0.000000	0.000000	
0.719870	0.027659	0.000000	0.701211	0.015365	0.000000	0.000000	0.000000	
0.000000	0.000000	0.000002	0.000177	0.003953	0.737253	0.737365	0.000000	
0.000000	0.717958	0.000002	0.696087	0.000000	0.000000	0.000000	0.000000	
0.000000	0.000000	0.000000	0.000000	0.707058	0.000000	0.707156	0.000000	
0.000000	0.708313	0.000000	0.000025	0.000000	0.705899	0.000000	0.004446	
0.000000	0.000000	0.000000	0.999935	0.000000	0.000000	0.011457	0.000000	
0.716131	0.697878	0.001946	0.013894	0.000000	0.000000	0.000001	0.000000	
0.000000	0.035059	0.000000	0.035050	0.004597	0.000000	0.999704	0.000585	
0.000000	0.000000	0.000000	0.707148	0.706326	0.000000	0.059929	0.000000	
0.000005	0.000002	0.000173	0.000005	0.000000	0.707324	0.000000	0.706954	
0.367218	0.000265	0.353883	0.491316	0.000001	0.000000	0.713788	0.000000	
0.709174	0.008610	0.000001	0.000000	0.022393	0.704675	0.000001	0.000000	
