0.000000	0.000000	0.000000	0.000000	0.000000	0.000000	0.707328	0.706886	
0.000006	0.707045	0.000000	0.000000	0.707169	0.000000	0.000000	0.000000	
0.000000	0.706250	0.000000	0.000000	0.000000	0.000000	0.000000	0.707962	
0.707347	0.000000	0.000000	0.000000	0.000000	0.706866	0.000000	0.000000	
0.000000	0.707418	0.706795	0.000000	0.000000	0.000000	0.000000	0.000000	
0.000000	0.000000	1.000000	0.000000	0.000000	0.000000	0.000000	0.000000	
0.000000	0.000000	0.000000	0.000000	0.707120	0.000000	0.707094	0.000000	
1.000000	0.000000	0.000000	0.000000	0.000000	0.000000	0.000000	0.000000	
0.000000	0.000000	0.000000	0.000000	0.000000	0.710893	0.000000	0.704771	
0.000000	0.000000	0.000003	0.707082	0.000000	0.000000	0.707132	0.000000	
0.000000	0.000000	0.000000	0.000000	0.000000	0.000000	1.000000	0.000000	
0.707358	0.000000	0.000000	0.000000	0.000000	0.000000	0.000000	0.706856	
0.000000	0.000000	0.000000	0.000000	0.000000	0.707203	0.707174	0.000000	
0.707092	0.000000	0.000000	0.000000	0.000000	0.000000	0.707122	0.000000	
0.000000	0.707347	0.000000	0.000000	0.000000	0.706866	0.000000	0.000000	
0.000000	0.000000	0.707154	0.707060	0.000000	0.000000	0.000000	0.000000	
0.000000	0.000000	0.000000	0.000000	0.000000	0.000000	0.000000	1.000000	
0.000013	0.000239	0.705341	0.001047	0.000000	0.000000	0.000000	0.708868	
0.707067	0.000000	0.000000	0.000000	0.707146	0.000000	0.000000	0.000000	
0.000000	0.000000	0.000000	0.000000	0.000000	1.000000	0.000000	0.000000	
0.707240	0.706974	0.000000	0.000000	0.000000	0.000000	0.000000	0.000000	
0.000000	0.000000	0.000000	0.000000	0.706392	0.707839	0.000000	0.000000	
0.000034	0.000002	0.001207	0.000060	0.705735	0.000000	0.000000	0.708480	
0.000000	0.707185	0.000000	0.707028	0.000000	0.000000	0.000000	0.000000	
0.000005	0.706927	0.000013	0.000000	0.000000	0.000000	0.707287	0.000000	
0.000000	0.000000	0.000000	0.707316	0.000000	0.000000	0.000000	0.706898	
0.000000	0.000000	0.707193	0.000000	0.707317	0.000000	0.000000	0.000000	
0.000000	0.000000	0.000000	1.000000	0.000000	0.000000	0.000000	0.000000	
0.000000	1.000000	0.000000	0.000000	0.000000	0.000000	0.000000	0.000000	
0.000000	0.000000	0.000000	0.706333	0.000000	0.707880	0.000000	0.000000	
0.000000	0.000000	0.707615	0.000000	0.000000	0.000000	0.706598	0.000000	
0.707537	0.000000	0.706676	0.000000	0.000000	0.000000	0.000000	0.000000	
0.707176	0.000001	0.000000	0.707075	0.000000	0.000000	0.000000	0.000000	
0.000000	0.000000	0.706576	0.000000	0.000000	0.707637	0.000000	0.000000	
0.000000	0.000000	0.000000	0.000000	1.000000	0.000000	0.000000	0.000000	
0.000001	0.000129	0.000000	0.704449	0.710794	0.000000	0.000000	0.000000	
0.707533	0.000000	0.000000	0.000000	0.000000	0.000000	0.000000	0.706680	
0.021007	0.999779	0.000000	0.000000	0.000000	0.000000	0.000000	0.000000	
0.693933	0.694232	0.188477	0.000013	0.048996	0.000000	0.000000	0.000000	
0.000000	0.000000	0.707615	0.000000	0.000000	0.000000	0.706598	0.000000	
0.000000	0.000000	1.000000	0.000000	0.000000	0.000000	0.000000	0.000000	
0.000000	0.706260	0.000000	0.000000	0.000000	0.000000	0.000000	0.707972	
0.000000	0.000000	0.000000	0.710403	0.000163	0.002863	0.000000	0.705007	
0.000000	0.000000	0.000000	0.000000	0.000000	0.000000	0.000000	1.000577	
0.000000	0.000000	0.707323	0.000000	0.000000	0.000000	0.000000	0.706890	
0.000000	0.000000	0.707331	0.000000	0.000000	0.706882	0.000000	0.000000	
0.000000	0.000000	0.000000	0.000000	0.000000	0.000000	0.707328	0.706886	
0.000001	0.000139	0.000000	0.703892	0.711418	0.000000	0.000000	0.000000	
0.000000	0.000000	0.000000	0.000000	0.709838	0.704437	0.000000	0.000000	
0.000009	0.000000	0.000171	0.000000	0.708201	0.000000	0.000000	0.706010	
0.000000	0.000000	0.000000	0.000000	0.000000	0.707569	0.707540	0.000000	
0.069816	0.003033	0.001378	0.000058	0.703657	0.000000	0.707094	0.000000	
0.000000	0.000000	0.707154	0.707060	0.000000	0.000000	0.000000	0.000000	
0.000000	0.000000	0.000000	0.000000	0.000000	1.000000	0.000000	0.000000	
0.707347	0.000000	0.000000	0.000000	0.000000	0.706866	0.000000	0.000000	
0.998233	0.000224	0.013032	0.000016	0.049900	0.000000	0.000000	0.029531	
0.675832	0.000000	0.000000	0.737106	0.000000	0.000000	0.007185	0.000000	
0.000005	0.707093	0.000000	0.000000	0.000000	0.000000	0.707120	0.000000	
0.000000	0.000000	0.000006	0.707082	0.000000	0.000000	0.707132	0.000000	
0.707045	0.000212	0.000000	0.000000	0.707169	0.000000	0.000000	0.000000	
0.707460	0.000903	0.708049	0.000000	0.000000	0.000000	0.000000	0.000000	
0.000000	0.000000	0.000000	0.706333	0.000000	0.707880	0.000000	0.000000	
0.068596	0.552173	0.465809	0.052103	0.705913	0.005847	0.007565	0.005375	
0.000000	0.000000	0.000000	0.000000	0.000000	0.000000	1.000000	0.000000	
0.000000	0.000000	0.000000	0.000000	0.000000	0.707285	0.000000	0.707066	
0.703304	0.000000	0.000000	0.000000	0.000000	0.000000	0.710889	0.000000	
0.000000	0.000000	0.000000	0.000000	1.000003	0.000000	0.000000	0.000000	
0.072768	0.699156	0.028714	0.000000	0.021070	0.710364	0.000000	0.000000	
0.000000	0.753439	0.657518	0.000000	0.000000	0.000000	0.000000	0.000000	
0.000000	0.000000	0.000000	1.000000	0.000000	0.000000	0.000000	0.000000	
0.000000	0.000000	0.707195	0.000000	0.707319	0.000000	0.000000	0.000000	
0.001213	0.676258	0.000911	0.737238	0.000000	0.000000	0.000090	0.000343	
0.057066	0.000511	0.007189	0.002879	0.995266	0.078289	0.000000	0.000000	
0.021290	0.000001	0.497044	0.005083	0.000000	0.048699	0.499939	0.707218	
0.462916	0.463116	0.124747	0.018258	0.000466	0.745755	0.007204	0.000011	
0.000000	0.000000	0.707355	0.000000	0.000000	0.000000	0.000000	0.706858	
0.000002	0.000009	0.000078	0.000001	0.000004	0.707176	0.707150	0.000000	
0.000000	0.000000	0.000000	0.000000	0.000000	0.000000	0.000000	1.000000	
0.066720	0.537073	0.468484	0.052295	0.696392	0.005520	0.007462	0.005302	
0.703516	0.017300	0.044161	0.000231	0.012839	0.065533	0.707250	0.000000	
0.076120	0.765819	0.638621	0.000000	0.000000	0.005003	0.000018	0.000000	
0.000000	0.706654	0.000000	0.000000	0.000000	0.000000	0.717763	0.000000	
0.000000	0.000000	0.000000	0.000000	0.706392	0.707839	0.000000	0.000000	
0.000834	0.464910	0.000626	0.520644	0.020659	0.000000	0.715568	0.034186	
0.000000	0.000000	0.707273	0.000385	0.022004	0.000000	0.706598	0.000000	
0.001222	0.681468	0.000918	0.731572	0.000000	0.000000	0.000088	0.035319	
0.016017	0.707057	0.072098	0.000000	0.000005	0.000000	0.000000	0.706324	
0.000000	0.000000	0.707154	0.707060	0.000000	0.000000	0.000000	0.000000	
0.000000	0.000000	0.000000	0.000000	0.000000	0.710245	0.000000	0.703955	
0.000000	0.000000	0.000000	0.000000	0.000000	0.999917	0.035525	0.000000	
0.000067	0.000002	0.001207	0.000000	0.705735	0.000000	0.000000	0.708480	
0.048844	0.998540	0.000001	0.000000	0.000000	0.000000	0.023057	0.000000	
0.000000	0.000000	0.000000	0.000000	0.000000	0.000000	1.000239	0.006979	
0.692761	0.693060	0.190952	0.000013	0.048940	0.048136	0.000132	0.000012	
0.000000	0.000000	0.000000	0.999645	0.000000	0.028271	0.000000	0.000000	
0.139735	0.001562	0.698785	0.000000	0.712746	0.000000	0.000000	0.000000	
0.000618	0.027276	0.002781	0.709292	0.000004	0.000000	0.000000	0.705254	
0.705346	0.053169	0.000000	0.000000	0.000000	0.706866	0.000000	0.000000	
0.998295	0.000224	0.000057	0.000016	0.050346	0.000000	0.000000	0.029531	
0.069862	0.003103	0.001379	0.000038	0.704155	0.000000	0.706593	0.000000	
