0.708353	0.000019	0.000001	0.000003	0.000040	0.000000	0.705859	0.000000	
0.000000	0.000000	0.000000	0.707391	0.706822	0.000000	0.000000	0.000000	
0.000000	1.000183	0.000000	0.000000	0.000000	0.000000	0.000000	0.000000	
0.000005	0.000001	0.708237	0.706017	0.000001	0.000000	0.000000	0.000000	
0.000033	0.000001	0.707492	0.000004	0.000000	0.706728	0.000000	0.000000	
0.709890	0.000002	0.000001	0.704341	0.000000	0.000075	0.000000	0.000029	
0.000000	0.000000	0.000000	0.000000	0.000000	0.000000	0.707084	0.707129	
0.000000	0.000001	0.000000	0.707963	0.000000	0.706499	0.000000	0.000000	
0.000001	0.707141	0.000000	0.000000	0.000000	0.000000	0.000000	0.707074	
0.709186	0.705023	0.000009	0.000000	0.000000	0.000000	0.000000	0.000000	
0.000000	0.000000	0.000000	0.000000	0.000000	1.000001	0.000000	0.000000	
0.000000	0.707733	0.706486	0.000000	0.000000	0.000001	0.000000	0.000000	
0.000000	0.000000	0.000000	0.000000	0.000000	0.706992	0.707222	0.000000	
0.000000	0.000000	0.707054	0.000000	0.000000	0.000000	0.000000	0.707163	
0.000000	0.000000	0.000000	0.707084	0.000000	0.000000	0.000000	0.707130	
0.710001	0.000021	0.000000	0.000398	0.000000	0.705576	0.000000	0.000000	
0.000000	0.000000	0.000000	0.000000	0.000000	0.000000	0.000000	1.000003	
0.000000	0.000000	0.000000	0.000000	0.000000	0.000000	1.000000	0.000000	
1.006970	0.000000	0.000000	0.000000	0.000000	0.000000	0.000000	0.000000	
0.000000	0.000000	0.000000	0.000000	1.000000	0.000000	0.000000	0.000000	
0.707194	0.000051	0.000000	0.000000	0.000000	0.000001	0.000000	0.707024	
0.000000	0.000000	0.000000	0.000000	0.707153	0.000000	0.707320	0.000000	
0.000000	0.000000	1.000028	0.000000	0.000000	0.000000	0.000000	0.000000	
0.000000	0.000000	0.000000	0.000000	0.708164	0.708262	0.000000	0.000000	
0.000000	0.000000	0.000000	0.000000	0.706795	0.000000	0.000000	0.707419	
0.000010	0.706508	0.000001	0.000027	0.000000	0.000000	0.707705	0.000000	
0.708966	0.000001	0.000001	0.000000	0.706454	0.000000	0.000000	0.000000	
0.000000	0.000000	0.710122	0.000000	0.000000	0.000001	0.708155	0.000000	
0.000001	0.708218	0.000000	0.705998	0.000000	0.000000	0.000000	0.000000	
0.000000	0.000000	0.000000	0.706536	0.000041	0.000000	0.707687	0.000000	
0.000002	0.707461	0.000000	0.000004	0.000000	0.706767	0.000000	0.000000	
0.000000	0.000000	0.000000	1.000003	0.000000	0.000000	0.000000	0.000000	
0.000000	0.707098	0.000003	0.000005	0.707123	0.000000	0.000000	0.000000	
0.000001	0.000001	0.000000	0.000016	0.000001	0.706113	0.000000	0.708106	
0.000000	0.000000	0.707086	0.000005	0.707128	0.000000	0.000000	0.000000	
0.711471	0.000000	0.705265	0.000000	0.000000	0.000000	0.000000	0.000000	
0.000000	0.000000	0.000000	0.000000	1.000000	0.000000	0.000000	0.000000	
0.000000	0.000000	0.707362	0.000000	0.706852	0.000000	0.000000	0.000000	
0.000000	0.000000	0.000000	0.000000	0.000000	1.000001	0.000000	0.000000	
0.711770	0.000002	0.000012	0.710700	0.000000	0.000052	0.000000	0.000029	
0.000000	0.000000	0.000000	1.000001	0.000000	0.000000	0.000000	0.000000	
0.000010	0.706474	0.000001	0.000027	0.000000	0.000000	0.707739	0.000000	
0.000000	0.000000	0.000000	0.000000	0.000000	0.000000	0.707418	0.706796	
0.708966	0.000001	0.000001	0.000000	0.706454	0.000000	0.000000	0.000000	
0.703137	0.023037	0.710646	0.003603	0.000000	0.000028	0.000000	0.008199	
0.000001	0.707100	0.000003	0.000005	0.707126	0.000000	0.000000	0.000000	
0.000000	0.707735	0.706489	0.000000	0.000000	0.000001	0.000000	0.000000	
0.000000	0.000000	0.000000	0.706536	0.000041	0.000000	0.707688	0.000000	
0.000001	0.707387	0.000000	0.000000	0.000000	0.000000	0.000000	0.707320	
0.102305	0.001355	0.994756	0.004013	0.000761	0.000003	0.008163	0.000000	
0.000000	0.000000	0.000000	0.000000	0.707724	0.706931	0.000000	0.000000	
0.053713	0.000829	0.719279	0.049648	0.000000	0.000000	0.690864	0.000000	
0.000001	0.708218	0.000000	0.705998	0.000000	0.000000	0.000000	0.000000	
0.000000	0.000000	0.000000	0.707192	0.000000	0.000000	0.000000	0.707022	
0.708863	0.705347	0.000001	0.000000	0.000000	0.000000	0.000000	0.000000	
0.000000	0.000000	0.722849	0.000001	0.000000	0.000000	0.000457	0.695545	
0.000005	0.000001	0.708397	0.706176	0.000001	0.000000	0.000000	0.000000	
0.710684	0.000000	0.000255	0.000000	0.000000	0.000000	0.006167	0.705253	
0.000002	0.707475	0.000001	0.000004	0.000000	0.706754	0.000000	0.000000	
0.000000	0.000000	0.000000	0.000000	0.000000	0.000000	1.000000	0.000000	
0.000000	0.000000	0.000000	0.000670	0.707193	0.000000	0.000000	0.707023	
0.707957	0.000001	0.000024	0.000000	0.000000	0.000000	0.706266	0.000000	
0.000000	0.000000	0.000000	0.000000	0.000000	0.000000	0.000000	1.000007	
0.000005	0.000000	0.098108	0.701240	0.000000	0.706161	0.000000	0.000000	
0.000359	0.000000	0.000000	0.000000	0.000000	0.708371	0.705961	0.000000	
0.000001	0.000001	0.000000	0.000016	0.000002	0.707170	0.000000	0.707050	
0.980753	0.000007	0.000228	0.010780	0.000000	0.000000	0.060786	0.185298	
0.044600	0.005975	0.000000	0.705938	0.707842	0.000000	0.000000	0.000000	
0.000033	0.000001	0.707512	0.000004	0.000000	0.706719	0.000000	0.000000	
0.708791	0.000000	0.000000	0.000004	0.000000	0.706774	0.000000	0.000000	
0.005296	0.999917	0.000535	0.000167	0.000000	0.003780	0.011686	0.000211	
0.000000	0.000000	0.000000	0.000000	0.706980	0.000000	0.707233	0.000000	
0.000000	0.000000	0.000000	0.000000	1.000000	0.000000	0.000000	0.000000	
0.791487	0.611435	0.000001	0.016954	0.000000	0.000000	0.000000	0.000000	
0.000000	0.000000	0.000000	0.707192	0.000000	0.000000	0.000000	0.707023	
0.000000	0.000000	0.000000	0.000000	0.000000	0.000000	0.000000	1.000064	
0.000000	0.000000	0.512240	0.000000	0.491854	0.000001	0.708180	0.000000	
0.000005	0.000001	0.708822	0.706601	0.000000	0.000000	0.000000	0.000000	
0.006004	0.503526	0.000116	0.503552	0.000000	0.702046	0.000000	0.000000	
0.703979	0.022857	0.711490	0.000074	0.024969	0.000028	0.000000	0.008212	
0.707956	0.000001	0.000024	0.000000	0.000010	0.000000	0.706264	0.000000	
0.000000	0.000000	0.000000	0.706520	0.000002	0.000000	0.707755	0.000000	
0.633673	0.000001	0.023583	0.001159	0.014836	0.773494	0.000000	0.000000	
0.000002	0.719023	0.000001	0.000004	0.000000	0.695002	0.000000	0.000000	
0.731603	0.026147	0.000000	0.681234	0.000000	0.000000	0.000000	0.000000	
0.000000	0.000000	0.709941	0.000000	0.000000	0.000000	0.000000	0.704273	
0.003461	0.021556	0.001077	0.000369	0.706686	0.000000	0.707190	0.000000	
0.000000	0.000000	0.000000	0.000000	0.000000	0.994791	0.101943	0.000000	
0.000000	0.000001	0.000000	0.000016	0.000002	0.705910	0.042193	0.707050	
0.010321	0.001383	0.000082	0.000127	0.675226	0.756044	0.000000	0.000000	
1.000491	0.040227	0.018058	0.000000	0.025761	0.000000	0.000000	0.000000	
0.000000	0.000000	0.000000	0.000000	0.000000	0.000000	0.999966	0.008280	
0.000000	0.000000	0.000000	0.000000	0.000000	0.000000	0.707085	0.707130	
0.000001	0.738392	0.000000	0.000006	0.000000	0.000000	0.000000	0.674373	
0.719620	0.029662	0.000258	0.000000	0.000000	0.002207	0.000001	0.696285	
0.000000	0.000000	0.707343	0.000000	0.706871	0.000000	0.000000	0.000000	
0.000001	0.942429	0.334076	0.000002	0.004515	0.000000	0.000000	0.014239	
0.000001	0.000000	0.137943	0.990406	0.000000	0.009678	0.000000	0.000000	
0.000000	0.000000	0.000000	0.000000	0.000000	0.706993	0.707222	0.000000	
0.000033	0.000001	0.707512	0.000004	0.000000	0.706719	0.000000	0.000000	
