0.000000	0.000000	0.000000	0.714708	0.000000	0.000000	0.715601	0.000000	
0.000000	0.000000	0.706420	0.000000	0.000000	0.000000	0.000000	0.707793	
0.000000	0.000002	0.711192	0.000138	0.703233	0.000000	0.003956	0.000000	
0.000000	1.000000	0.000000	0.000000	0.000000	0.000000	0.000000	0.000000	
0.000000	0.000000	0.000000	0.000000	0.706818	0.707396	0.000000	0.000000	
0.000000	0.000000	0.000000	0.715453	0.000000	0.698661	0.000000	0.000000	
0.000007	0.707201	0.000000	0.000000	0.000000	0.000000	0.707173	0.000000	
0.000000	0.000000	1.000000	0.000000	0.000000	0.000000	0.000000	0.000000	
0.000000	0.000000	0.000000	0.000000	0.000000	0.000000	0.707040	0.707173	
0.000000	0.000000	0.000000	0.000000	0.703392	0.000000	0.000000	0.713531	
0.000000	0.000000	0.000000	0.000000	0.000000	0.000000	0.000000	1.001181	
0.694320	0.000000	0.723387	0.001280	0.000000	0.000000	0.000000	0.000000	
0.707130	0.000000	0.000015	0.000000	0.707106	0.000000	0.000000	0.000000	
0.706654	0.000761	0.000020	0.709072	0.000000	0.000000	0.000000	0.000000	
0.706321	0.000000	0.000000	0.000000	0.000000	0.000000	0.000000	0.707891	
0.000002	0.706933	0.707838	0.000000	0.000001	0.000000	0.000000	0.000000	
0.000000	0.000000	0.000000	0.000000	0.707040	0.000000	0.707174	0.000000	
0.000033	0.000000	0.000010	0.707042	0.707172	0.000000	0.000000	0.000000	
0.705930	0.000000	0.000000	0.000016	0.000000	0.708282	0.000000	0.000000	
0.001373	0.706968	0.000000	0.000000	0.000000	0.707244	0.000001	0.000000	
0.000000	0.000000	0.000000	0.000000	0.000000	0.706646	0.000193	0.707623	
0.000000	0.000000	0.000000	0.000000	0.000000	0.706870	0.707344	0.000000	
0.000000	0.707186	0.000000	0.707028	0.000000	0.000000	0.000000	0.000000	
0.000000	0.000000	0.000000	0.000000	0.000000	0.000000	1.000000	0.000000	
0.000002	0.707045	0.000000	0.000000	0.707170	0.000000	0.000000	0.000000	
0.000000	0.000000	0.000000	0.000000	1.000000	0.000000	0.000000	0.000000	
0.000000	0.000003	0.000059	0.706870	0.000000	0.000000	0.000000	0.707343	
0.000003	0.000842	0.712531	0.000000	0.000000	0.000000	0.711856	0.000000	
0.000000	0.000000	0.706334	0.000000	0.000000	0.707890	0.000000	0.000000	
0.000000	0.706282	0.000003	0.000000	0.000000	0.000000	0.000000	0.707968	
1.000000	0.000000	0.000000	0.000000	0.000000	0.000000	0.000000	0.000000	
0.707240	0.706974	0.000000	0.000000	0.000000	0.000000	0.000000	0.000000	
0.707092	0.000000	0.000000	0.000000	0.000000	0.000000	0.707122	0.000000	
0.000000	0.000000	0.000000	1.000000	0.000000	0.000000	0.000000	0.000000	
0.000000	0.000000	0.000000	0.000000	0.000000	1.003295	0.000000	0.000000	
0.000000	0.000000	0.708748	0.705463	0.001262	0.000000	0.000014	0.000002	
0.704840	0.000000	0.000000	0.000000	0.000000	0.000000	0.709366	0.000000	
0.991841	0.067158	0.106989	0.000000	0.000000	0.003967	0.000000	0.016687	
0.000000	0.000001	0.000074	0.706453	0.000000	0.000000	0.707760	0.000000	
0.000000	0.000000	0.000000	0.000000	0.707197	0.000000	0.707172	0.000000	
0.000000	0.702962	0.000000	0.702805	0.000000	0.000000	0.000000	0.109129	
0.013388	0.696138	0.074622	0.009725	0.000883	0.032357	0.713315	0.000000	
0.003213	0.707003	0.707916	0.001260	0.000001	0.000000	0.000000	0.000000	
0.000000	0.000000	0.734720	0.000004	0.000000	0.678371	0.000000	0.000000	
0.000000	0.000000	0.000000	0.706333	0.000000	0.707880	0.000000	0.000000	
0.685214	0.006823	0.006941	0.728277	0.000000	0.000000	0.000000	0.000000	
0.000000	0.000000	0.000000	0.000000	0.000000	0.706870	0.707344	0.000000	
0.000000	0.707110	0.000000	0.000000	0.000000	0.000000	0.000000	0.708754	
0.000000	0.000000	0.000000	0.000000	0.000000	0.706625	0.000402	0.707602	
0.082049	0.003935	0.997068	0.000000	0.000000	0.000000	0.000000	0.000000	
0.000000	0.000000	0.000000	0.000000	0.706205	0.000000	0.000000	0.708008	
0.575279	0.816870	0.045297	0.000000	0.001149	0.001774	0.000004	0.000268	
0.019095	0.992895	0.106432	0.021352	0.001260	0.046157	0.000000	0.000000	
0.000000	0.000000	0.000000	0.000000	0.000000	0.000000	0.000000	1.000001	
0.707596	0.000000	0.000000	0.000000	0.000000	0.000000	0.000000	0.706754	
0.000000	0.000000	0.000000	0.000000	0.000000	1.000000	0.000000	0.000000	
0.000000	0.000000	0.000000	0.000000	0.000000	0.000000	1.000000	0.000000	
0.000000	0.000000	0.707066	0.000000	0.707148	0.000052	0.000000	0.000000	
0.001373	0.706984	0.000000	0.000000	0.000000	0.707260	0.000001	0.000000	
0.000000	0.000000	0.000000	0.000000	0.706835	0.707378	0.000000	0.000000	
0.000000	0.000000	0.000000	0.000000	0.000000	0.000000	0.707040	0.707173	
0.000000	0.000000	0.000000	0.000000	1.000000	0.000000	0.000000	0.000000	
0.470040	0.526581	0.012919	0.038725	0.707159	0.000000	0.005877	0.000000	
0.000000	0.000000	0.000000	1.000000	0.000000	0.000000	0.000000	0.000000	
0.043606	0.000041	0.682507	0.001072	0.000000	0.027839	0.729688	0.000000	
0.707078	0.000009	0.000015	0.000000	0.707157	0.000000	0.000000	0.000000	
0.000000	0.000003	0.000059	0.710034	0.000000	0.000000	0.000000	0.704168	
0.705930	0.000665	0.000005	0.000062	0.000000	0.708282	0.000000	0.000000	
0.000034	0.000000	0.000005	0.707042	0.707172	0.000000	0.000000	0.000000	
0.000054	0.000067	0.702273	0.000000	0.000004	0.000005	0.000000	0.712484	
0.706654	0.000000	0.707559	0.000000	0.000000	0.000000	0.000000	0.000000	
0.000000	0.000000	0.707116	0.707098	0.000000	0.000000	0.000000	0.000000	
0.000000	0.000000	0.000000	0.000000	0.000000	0.000000	0.000000	1.001180	
0.698437	0.017725	0.054613	0.007001	0.000000	0.713956	0.000121	0.000000	
0.000000	0.000000	0.000000	0.000000	0.706733	0.707310	0.026954	0.034135	
0.022392	0.000122	0.001502	0.000208	0.997292	0.000006	0.029038	0.063754	
0.000000	0.000000	0.000000	0.000000	0.000000	0.707683	0.000000	0.706578	
0.505947	0.012153	0.009551	0.000000	0.000000	0.493315	0.000000	0.708454	
0.000000	0.000223	0.711070	0.000138	0.703112	0.000000	0.003955	0.000000	
0.706014	0.000000	0.706919	0.000000	0.042544	0.000000	0.000000	0.000000	
0.066269	0.001203	0.652855	0.016943	0.000000	0.026720	0.754528	0.000000	
0.000001	0.527008	0.000000	0.000522	0.000000	0.000000	0.529376	0.684609	
0.000000	0.000000	0.705847	0.702575	0.090391	0.000000	0.000014	0.000001	
0.000000	0.000000	0.000000	0.000000	0.000000	1.000000	0.000000	0.000000	
0.025556	0.000136	0.002703	0.999668	0.000000	0.000000	0.001638	0.000000	
0.000000	0.000000	0.000000	0.702280	0.007962	0.711857	0.000119	0.000000	
0.000077	0.533161	0.465228	0.000902	0.000000	0.000000	0.000000	0.709245	
0.000000	0.674501	0.002456	0.730160	0.000000	0.000000	0.000000	0.109129	
0.040854	0.999279	0.002352	0.000001	0.000000	0.000000	0.000000	0.018129	
0.000000	0.000003	0.000059	0.706870	0.000000	0.000000	0.000000	0.707343	
0.000000	0.000000	0.000000	0.000000	0.000000	0.706870	0.707344	0.000000	
0.052057	0.000319	0.004945	0.705552	0.707616	0.000000	0.005881	0.000000	
0.000000	0.000000	0.000000	0.000000	0.711917	0.000000	0.000000	0.702264	
0.104477	0.001897	1.023361	0.026966	0.000000	0.038266	0.005811	0.000000	
0.687945	0.006919	0.006968	0.725696	0.000000	0.000000	0.000000	0.000000	
0.707731	0.017451	0.000000	0.000064	0.708071	0.000000	0.000000	0.000000	
0.007597	0.009627	0.702173	0.000000	0.000000	0.000005	0.000000	0.712490	
0.000000	0.000000	0.000000	0.000000	0.000000	0.000000	0.999975	0.014257	
1.000000	0.000000	0.000000	0.000000	0.000000	0.000000	0.000000	0.000000	
0.000454	0.691448	0.045144	0.000000	0.693043	0.000000	0.198982	0.000000	
