0.349164	0.000074	0.864368	0.362634	
0.134796	0.000674	0.000524	0.991145	
0.865890	0.008627	0.014570	0.500506	
0.332301	0.199771	0.862870	0.325084	
0.724736	0.260490	0.191948	0.608767	
0.211399	0.774204	0.597047	0.000166	
0.126021	0.413863	0.105453	0.895689	
0.306098	0.181943	0.236651	0.904290	
0.000333	0.360512	0.613790	0.702738	
0.918229	0.183389	0.351813	0.001200	
0.516826	0.954099	0.000000	0.000072	
0.767978	0.049096	0.507047	0.388942	
0.521715	0.000103	0.088865	0.848798	
0.313880	0.852189	0.001316	0.419282	
0.002961	0.118390	0.004285	0.993232	
0.049881	0.192964	0.007211	0.980464	
0.256288	0.424946	0.002803	0.874846	
0.701817	0.000451	0.712738	0.001174	
0.674931	0.170997	0.598946	0.396294	
0.820925	0.210916	0.328009	0.417791	
0.166377	0.695765	0.167803	0.678687	
0.000120	0.123173	0.143026	0.982297	
0.005083	0.785236	0.195718	0.587886	
0.000000	1.000269	0.000000	0.000000	
0.013122	0.181178	0.180819	0.966874	
0.331421	0.607074	0.280874	0.665797	
0.001336	0.003735	0.139396	0.990507	
0.518133	0.003600	0.344384	0.783240	
0.990127	0.000580	0.142101	0.000353	
0.271959	0.004154	0.342419	0.899622	
0.000000	0.000000	1.000268	0.000000	
0.003580	0.161237	0.987184	0.001692	
0.859738	0.045216	0.509265	0.002491	
0.592799	0.222701	0.774295	0.000950	
0.229290	0.381709	0.642894	0.623664	
0.141344	0.027403	0.989864	0.001651	
0.853010	0.374834	0.011388	0.363746	
0.009464	0.004755	0.865286	0.501703	
0.425698	0.862595	0.191458	0.196448	
0.968623	0.165288	0.185829	0.021387	
0.138534	0.002447	0.156300	0.978224	
0.184514	0.007084	0.081444	0.979704	
0.907037	0.381287	0.180107	0.000854	
0.508939	0.129617	0.014336	0.851183	
0.507492	0.000326	0.861970	0.001651	
0.440252	0.464908	0.421877	0.642337	
0.005868	0.990344	0.140442	0.001105	
0.173867	0.910939	0.374832	0.001291	
0.354544	0.014998	0.595944	0.720737	
0.173402	0.206593	0.433145	0.860347	
0.393790	0.885456	0.247769	0.008204	
0.008551	0.861036	0.509006	0.000681	
0.123569	0.880975	0.206547	0.408032	
0.352875	0.326960	0.236312	0.844565	
0.863180	0.005603	0.380637	0.332482	
0.005782	0.867539	0.000211	0.497875	
0.001278	0.550380	0.807645	0.212904	
0.154310	0.444532	0.821936	0.321793	
0.009186	0.066606	0.000168	0.998011	
0.194529	0.001419	0.363113	0.911521	
0.123258	0.992618	0.007603	0.001653	
0.128873	0.245625	0.654766	0.703488	
0.234798	0.756795	0.387941	0.471372	
0.867580	0.497833	0.000023	0.004647	
0.005785	0.595435	0.172539	0.784981	
0.362917	0.148453	0.920217	0.000081	
0.010387	0.005219	0.949659	0.313925	
0.064735	0.681186	0.277871	0.674638	
0.857873	0.220408	0.203636	0.417791	
0.948671	0.001108	0.009136	0.316991	
0.101436	0.095696	0.000335	0.990507	
0.186244	0.680896	0.708689	0.000150	
0.656628	0.327823	0.021189	0.679313	
0.231790	0.097726	0.039022	0.967331	
0.001421	0.700003	0.714332	0.016396	
0.003096	0.518050	0.855641	0.005710	
0.672685	0.610115	0.002720	0.419282	
0.024738	0.789201	0.504409	0.350235	
0.790237	0.018062	0.156778	0.592586	
0.621539	0.636452	0.206547	0.408031	
0.733389	0.394149	0.210129	0.513002	
0.922696	0.000195	0.132977	0.362635	
0.850031	0.174648	0.001640	0.497485	
0.804680	0.398146	0.441019	0.005584	
0.000000	0.000000	0.000000	1.000275	
0.282157	0.004872	0.001277	0.959642	
0.035883	0.303165	0.952545	0.001550	
0.038081	0.069280	0.093578	0.992745	
0.767232	0.780424	0.004154	0.004395	
0.364467	0.136085	0.007889	0.921476	
0.003991	0.000033	0.673549	0.739498	
0.152750	0.545649	0.012654	0.824262	
0.038983	0.325190	0.049883	0.943812	
0.634367	0.430896	0.642221	0.001961	
0.529805	0.009363	0.698240	0.481897	
0.003767	0.166343	0.329234	0.929765	
0.181351	0.345468	0.921023	0.005677	
0.406332	0.408512	0.817668	0.000272	
0.404099	0.036182	0.007710	0.914262	
0.698522	0.407034	0.395145	0.436795	
0.467910	0.438231	0.619235	0.453972	
0.949883	0.313273	0.011618	0.001652	
0.936079	0.151196	0.005354	0.318463	
0.379977	0.666114	0.642220	0.001961	
0.501434	0.008857	0.565738	0.655008	
0.404209	0.165997	0.443767	0.782734	
0.006119	0.930844	0.366120	0.001862	
1.000271	0.000000	0.000000	0.000000	
0.000320	0.398219	0.014861	0.917469	
0.309403	0.951193	0.004596	0.004528	
0.189958	0.621124	0.624387	0.434502	
0.075723	0.080012	0.085505	0.990508	
0.536575	0.806957	0.247768	0.008204	
0.311936	0.164071	0.178065	0.919032	
0.990473	0.139657	0.000000	0.000066	
0.834368	0.212188	0.509265	0.002038	
0.000000	0.948476	0.002076	0.317705	
0.568883	0.378456	0.280288	0.674638	
0.339244	0.659925	0.009707	0.670997	
0.189532	0.301457	0.236651	0.904289	
0.078627	0.003920	0.093185	0.992809	
0.383715	0.101209	0.174966	0.901358	
0.251312	0.488710	0.456417	0.700165	
0.000034	0.002236	0.432113	0.902112	
0.329484	0.058854	0.942616	0.000007	
0.778923	0.592046	0.208148	0.001174	
0.169734	0.913413	0.011355	0.370535	
0.021935	0.000379	0.281348	0.959642	
0.708527	0.029972	0.000508	0.705428	
0.072148	0.388262	0.841017	0.370535	
0.569251	0.003956	0.251023	0.783240	
0.537902	0.546445	0.000051	0.642337	
0.396929	0.002138	0.174895	0.901327	
0.960188	0.002811	0.280318	0.000861	
0.007866	0.917121	0.159953	0.365766	
0.026132	0.833665	0.421115	0.357107	
0.414167	0.829733	0.374821	0.007711	
0.127099	0.975675	0.180107	0.000854	
0.451119	0.267810	0.004819	0.851642	
0.003357	0.150297	0.939236	0.309495	
0.121925	0.725861	0.021250	0.677017	
0.000327	0.186295	0.122748	0.975086	
0.114586	0.000692	0.695724	0.709490	
0.000148	0.288236	0.011794	0.957769	
0.006023	0.619921	0.002694	0.784980	
0.000514	0.036603	0.090351	0.995508	
0.658555	0.610192	0.441018	0.005584	
0.165826	0.006294	0.887196	0.431132	
0.112754	0.414148	0.005665	0.903485	
0.000903	0.444754	0.453858	0.772493	
0.123258	0.992617	0.007638	0.001653	
0.155837	0.854770	0.034546	0.494412	
0.802420	0.000149	0.414961	0.429522	
0.078575	0.422845	0.801888	0.415402	
0.730815	0.185155	0.524536	0.396295	
0.010403	0.066426	0.000168	0.998012	
0.005929	0.610291	0.170671	0.773905	
0.002386	0.245539	0.001047	0.969662	
0.560769	0.313205	0.620418	0.450616	
0.000335	0.099543	0.967718	0.232737	
0.313878	0.852186	0.002720	0.419281	
0.194184	0.522805	0.135941	0.819164	
0.129823	0.247436	0.659594	0.698149	
0.115141	0.196710	0.373744	0.899395	
0.003228	0.847046	0.206967	0.490117	
0.638734	0.032197	0.630332	0.440680	
0.936756	0.146969	0.004113	0.318462	
0.690930	0.465314	0.209192	0.512715	
0.346447	0.009596	0.855421	0.385599	
0.853930	0.458932	0.244666	0.029351	
0.454296	0.267248	0.096481	0.844643	
0.855709	0.047702	0.515223	0.023992	
0.023254	0.549728	0.807407	0.214218	
0.464410	0.235715	0.128270	0.844306	
0.067049	0.705537	0.269631	0.652361	
0.206313	0.755576	0.622167	0.000166	
0.114710	0.415822	0.015617	0.902641	
0.152750	0.545649	0.012654	0.824262	
0.780981	0.766663	0.004154	0.004395	
0.504318	0.000324	0.863831	0.001651	
0.385550	0.154276	0.022638	0.909720	
0.006161	0.039337	0.054179	0.998012	
0.776921	0.012260	0.197151	0.598263	
0.492384	0.033429	0.003615	0.870040	
0.307118	0.616575	0.724346	0.037181	
1.000270	0.000000	0.000000	0.001422	
0.452175	0.220860	0.713929	0.487446	
0.479323	0.196844	0.526231	0.674627	
0.454134	0.855945	0.191260	0.158393	
0.194529	0.001419	0.363113	0.911521	
0.639197	0.729814	0.178267	0.166025	
0.000572	0.364761	0.611271	0.702735	
0.009769	0.004909	0.865282	0.501703	
0.505707	0.192041	0.002548	0.841378	
0.000107	0.002234	0.432113	0.902113	
0.951461	0.307990	0.020574	0.001652	
0.838917	0.407085	0.361973	0.003899	
0.396875	0.002576	0.175010	0.901326	
0.050955	0.000562	0.274147	0.960624	
0.858719	0.000182	0.123756	0.497837	
