0.796510	0.198505	0.572610	0.001419	
0.480369	0.172675	0.298638	0.807696	
0.005724	0.162299	0.974398	0.160827	
0.639198	0.000526	0.638661	0.430447	
0.199572	0.597253	0.000551	0.777995	
0.948308	0.003142	0.320359	0.000139	
0.493565	0.831984	0.205902	0.153544	
0.001452	0.171414	0.171182	0.971122	
0.005175	0.147521	0.990183	0.002272	
0.001411	0.553171	0.692586	0.464719	
0.643576	0.000061	0.407785	0.648962	
0.000101	0.577868	0.792904	0.198333	
1.000893	0.000000	0.000000	0.000000	
0.011973	0.855984	0.518445	0.001734	
0.008354	0.912810	0.371422	0.174422	
0.844438	0.388202	0.190581	0.319082	
0.357518	0.181855	0.917087	0.007331	
0.193524	0.593686	0.782178	0.000423	
0.847201	0.185611	0.452858	0.210981	
0.990792	0.000000	0.141402	0.002708	
0.000189	0.001056	0.857800	0.515584	
0.912110	0.182033	0.369630	0.000441	
0.560979	0.801768	0.211149	0.000468	
0.824455	0.377887	0.423375	0.007195	
0.390102	0.265644	0.860354	0.197101	
0.690666	0.001325	0.724259	0.000097	
0.160795	0.160885	0.000661	0.974766	
0.477893	0.234799	0.709967	0.462513	
0.000587	0.583551	0.205781	0.786689	
0.234046	0.846830	0.436462	0.199307	
0.795233	0.575966	0.193792	0.009772	
0.321279	0.000111	0.071556	0.945163	
0.423258	0.636290	0.646305	0.000000	
0.839687	0.189101	0.209177	0.466023	
0.152698	0.049969	0.057852	0.986362	
0.990852	0.000000	0.000000	0.141561	
0.000000	1.000845	0.000000	0.000000	
0.017542	0.034243	0.332184	0.943260	
0.383713	0.126476	0.089984	0.911489	
0.000000	0.000000	0.000000	1.000863	
0.000610	0.633365	0.424538	0.648411	
0.001809	0.195922	0.791341	0.580655	
0.260687	0.823278	0.204879	0.462558	
0.000503	0.205682	0.000000	0.979459	
0.694698	0.243776	0.650748	0.190720	
0.163382	0.160703	0.974401	0.002825	
0.366035	0.001900	0.913627	0.182545	
0.300216	0.434315	0.824679	0.206648	
0.269171	0.000000	0.891900	0.365778	
0.238345	0.746689	0.583825	0.215501	
0.941256	0.193175	0.204844	0.190933	
0.483499	0.472842	0.605794	0.421311	
0.195065	0.949392	0.164602	0.188375	
0.009921	0.232395	0.338114	0.912758	
0.913719	0.361626	0.190201	0.000142	
0.003292	0.203635	0.582417	0.787999	
0.674675	0.675001	0.223638	0.201909	
0.173788	0.973056	0.157214	0.002364	
0.606228	0.001939	0.202913	0.770145	
0.190469	0.239646	0.452326	0.838706	
0.584405	0.787493	0.000158	0.200188	
0.004375	0.003117	0.129994	0.992360	
0.780913	0.005211	0.595378	0.194304	
0.006747	0.405542	0.817511	0.411049	
0.373653	0.000693	0.152033	0.915847	
0.515703	0.000059	0.002805	0.857940	
0.948645	0.318734	0.000491	0.001269	
0.529613	0.000600	0.534219	0.660113	
0.589139	0.199046	0.784150	0.000157	
0.000876	0.000296	0.738838	0.675139	
0.313973	0.218414	0.654193	0.653660	
0.001311	0.914226	0.190804	0.360308	
0.012194	0.368064	0.193165	0.910605	
0.001165	0.837238	0.001376	0.548249	
0.190816	0.374784	0.908102	0.001812	
0.232852	0.663775	0.241413	0.669782	
0.516327	0.755210	0.405671	0.008926	
0.707963	0.707510	0.000210	0.000335	
0.204433	0.907943	0.000701	0.368154	
0.705923	0.001266	0.001532	0.709524	
0.002523	0.705648	0.000603	0.709758	
0.198296	0.795048	0.020769	0.574325	
0.179246	0.000344	0.363201	0.915204	
0.355835	0.914657	0.195957	0.008371	
0.009090	0.991285	0.137487	0.000137	
0.708555	0.473893	0.237990	0.467331	
0.642096	0.638921	0.000209	0.425635	
0.715249	0.670547	0.006842	0.201954	
0.304330	0.953408	0.012228	0.002090	
0.001295	0.975874	0.162467	0.153178	
0.142280	0.990607	0.000888	0.000012	
0.000003	0.519173	0.855670	0.011261	
0.468033	0.695595	0.000062	0.546879	
0.004665	0.952522	0.307490	0.000011	
0.263442	0.246456	0.188792	0.914507	
0.000000	0.000000	1.000770	0.000000	
0.227770	0.711328	0.483419	0.458294	
0.351214	0.916241	0.010265	0.197101	
0.498854	0.001996	0.867537	0.009898	
0.918001	0.174145	0.000108	0.358569	
0.912877	0.001423	0.371434	0.174121	
0.002827	0.360379	0.915639	0.182639	
0.857984	0.004095	0.515325	0.001060	
0.189669	0.519702	0.692658	0.464767	
0.402323	0.811769	0.000209	0.425444	
0.201733	0.001299	0.789582	0.581070	
0.611441	0.000953	0.772958	0.174123	
0.009429	0.410004	0.422734	0.809262	
0.164776	0.000721	0.162861	0.973688	
0.974464	0.001748	0.161988	0.161258	
0.240505	0.475697	0.465573	0.707636	
0.485654	0.218005	0.536970	0.655678	
0.038363	0.814423	0.131310	0.565826	
0.912783	0.045034	0.175624	0.368131	
0.150602	0.000221	0.989413	0.000015	
0.002182	0.421813	0.630357	0.652933	
0.190890	0.186682	0.867753	0.421297	
0.004229	0.948739	0.001421	0.319087	
0.800291	0.203822	0.015691	0.565256	
0.162068	0.975731	0.000477	0.153435	
0.805479	0.001444	0.216390	0.553296	
0.004401	0.808794	0.427865	0.405665	
0.829360	0.012852	0.017460	0.559795	
0.810565	0.004256	0.396866	0.432684	
0.405482	0.673796	0.587951	0.193640	
0.218107	0.218485	0.940335	0.148438	
0.716054	0.509960	0.436714	0.196552	
0.000013	0.710278	0.705169	0.000097	
0.487922	0.482336	0.700004	0.201898	
0.000000	0.990666	0.000000	0.142306	
0.454041	0.402778	0.795838	0.002993	
0.860820	0.510556	0.000047	0.000181	
0.274486	0.000000	0.962384	0.013455	
0.990897	0.141575	0.001500	0.000402	
0.975026	0.139307	0.177945	0.000402	
0.001194	0.000030	0.535369	0.845504	
0.804524	0.446591	0.000070	0.393744	
0.519121	0.006388	0.328952	0.789903	
0.911592	0.373398	0.000250	0.177040	
0.008051	0.513763	0.000485	0.859297	
0.000864	0.353116	0.009036	0.936405	
0.516061	0.857546	0.000089	0.000000	
0.162400	0.002606	0.974523	0.160848	
0.638797	0.644025	0.423454	0.007197	
0.000420	0.000139	0.990736	0.142205	
0.000748	0.000725	0.950819	0.312708	
0.181103	0.915395	0.361893	0.000248	
0.399337	0.004984	0.818522	0.415300	
0.618873	0.374148	0.000001	0.691758	
0.443134	0.392380	0.000894	0.807026	
0.000214	0.311271	0.951439	0.004082	
0.191421	0.354692	0.002168	0.916079	
0.538198	0.180829	0.000278	0.824089	
0.626295	0.431277	0.650627	0.000000	
0.207315	0.776616	0.596470	0.003613	
0.470989	0.716494	0.237262	0.458655	
0.272385	0.398407	0.211419	0.850865	
0.000363	0.242691	0.875424	0.420668	
0.947970	0.000109	0.000099	0.321182	
0.203685	0.000770	0.582487	0.788094	
0.446729	0.437332	0.304620	0.720051	
0.972343	0.191508	0.000000	0.140362	
0.645414	0.211675	0.220354	0.701564	
0.004863	0.787544	0.584871	0.198285	
0.736142	0.242053	0.453352	0.442795	
0.213373	0.672697	0.000639	0.709832	
0.161440	0.161720	0.962978	0.148438	
0.267696	0.845415	0.040523	0.462160	
0.402994	0.006706	0.002168	0.916082	
0.296576	0.100201	0.950624	0.004883	
0.486282	0.121191	0.349587	0.792692	
0.673817	0.596643	0.020225	0.437267	
0.219838	0.976364	0.003364	0.000358	
0.810565	0.004256	0.396866	0.432684	
0.191379	0.240791	0.454486	0.837003	
0.234046	0.846830	0.436462	0.199307	
0.055102	0.880747	0.471995	0.005575	
0.571714	0.008444	0.225411	0.789905	
0.177118	0.328189	0.002006	0.928730	
0.001100	0.434397	0.011115	0.901488	
0.004732	0.954353	0.223638	0.201909	
0.249411	0.902427	0.185724	0.301732	
0.065670	0.323689	0.011028	0.944715	
0.165477	0.000386	0.971543	0.174558	
0.856299	0.004087	0.518082	0.001060	
0.321075	0.274518	0.907366	0.001812	
0.057800	0.923881	0.380270	0.005575	
0.293862	0.928051	0.232408	0.004850	
0.835406	0.330631	0.441155	0.000142	
0.327079	0.840741	0.180121	0.394083	
0.720078	0.066920	0.000001	0.691758	
0.400711	0.004976	0.816294	0.418178	
0.072306	0.123813	0.030518	0.990092	
0.904849	0.000000	0.000215	0.427831	
0.711193	0.489739	0.041881	0.504109	
0.445662	0.436287	0.307444	0.719949	
0.894592	0.448773	0.000104	0.011033	
0.496456	0.175343	0.520388	0.673584	
0.005682	0.161124	0.967344	0.199849	
0.996624	0.088782	0.021224	0.007794	
