0.030275	0.028873	0.295462	0.315446	9.169859	
0.009032	0.662738	0.916478	0.000960	7.787610	
0.000002	0.002321	0.944915	0.643304	8.081655	
0.000000	0.000000	0.000000	0.000000	10.001199	
0.001009	0.003745	0.285635	0.006205	9.581924	
0.022986	0.840216	0.605544	0.023581	7.992997	
0.922519	0.032149	0.034478	0.647017	7.849288	
0.664569	0.663967	0.000031	0.660490	8.080503	
0.797805	0.795607	0.926688	0.100472	5.209713	
0.000042	0.797691	0.000398	0.000286	8.660801	
0.666276	0.658310	0.662431	0.000925	8.093282	
0.896178	0.040615	0.659303	0.007014	7.685900	
0.000595	0.972042	0.044907	0.667201	8.040939	
0.882769	0.840342	0.835924	0.157539	4.681194	
0.000076	0.282015	0.000419	0.000278	9.588680	
0.930187	0.863012	0.173623	0.805810	4.878558	
0.321411	0.016817	0.316529	0.006303	9.251864	
0.992442	0.723303	0.002117	0.001130	7.849346	
0.779541	0.000061	0.000031	0.000000	8.540617	
0.166893	0.857213	0.846782	0.248439	5.861183	
0.858412	0.866374	0.847523	0.831534	3.268471	
0.868108	0.898886	0.768018	0.151299	4.995738	
0.000254	0.662777	0.656859	0.678661	8.023283	
0.331393	0.298461	0.008868	0.000754	9.261075	
0.621437	0.003321	0.012646	0.938129	8.238511	
0.293841	0.001283	0.000161	0.000009	9.601125	
0.032027	0.000061	0.649143	0.940703	7.977654	
0.787457	0.886334	0.177268	0.793503	4.949917	
0.326525	0.290981	0.840767	0.869902	5.881926	
0.656446	0.020842	0.901927	0.002828	7.759791	
0.168865	0.894422	0.804155	0.768108	5.090800	
0.294031	0.857783	0.024783	0.056389	7.822695	
0.287141	0.000042	0.016852	0.299822	9.181157	
0.859847	0.859906	0.177893	0.223851	5.844099	
0.676574	0.011508	0.653438	0.692137	7.926191	
0.000302	0.001000	0.000516	0.757827	8.668549	
0.000226	0.340821	0.000019	0.313181	9.311276	
0.024001	0.000000	0.006766	0.300741	9.573342	
0.000119	0.297384	0.377053	0.002073	9.376818	
0.128832	0.768897	0.901393	0.803752	5.162741	
0.004059	0.862977	0.848226	0.940436	5.199815	
0.009111	0.681399	0.002111	0.907731	7.730758	
0.776306	0.080248	0.901256	0.804136	5.283236	
0.805396	0.816987	0.063786	0.945713	5.298898	
0.000067	0.000318	0.756355	0.000827	8.677282	
0.865595	0.859906	0.178623	0.230087	5.840146	
0.168167	0.860146	0.842380	0.248439	5.863976	
0.055571	0.297384	0.377053	0.004868	9.290630	
0.857723	0.856123	0.869984	0.005819	4.922201	
0.031312	0.029890	0.756355	0.000827	8.627461	
0.008981	0.003745	0.285635	0.324702	9.228768	
0.920318	0.811118	0.787440	0.111243	5.139043	
0.000000	0.000000	0.000000	0.250057	9.581504	
0.003529	0.723303	0.002117	0.929226	7.412359	
0.287141	0.000042	0.016852	0.174016	9.226493	
0.051296	0.235373	0.002310	0.136992	9.232610	
0.841114	0.832321	0.000568	0.838238	5.271728	
0.000581	0.797691	0.043714	0.000286	8.397116	
0.660415	0.001515	0.653438	0.692137	7.949472	
0.334841	0.291584	0.867308	0.844358	5.894860	
0.664569	0.008813	0.000031	0.862934	7.647708	
0.921941	0.865086	0.172401	0.805810	4.841082	
0.676053	0.003183	0.044907	0.005072	9.192884	
0.000004	0.001000	0.000516	0.760652	8.651354	
0.168865	0.894422	0.842380	0.768108	4.977543	
0.868108	0.898886	0.770853	0.151954	4.977257	
0.000076	0.285488	0.000419	0.231170	9.171106	
0.774571	0.003745	0.285635	0.324702	7.804867	
0.039005	0.898886	0.770853	0.151954	6.614388	
0.831285	0.091799	0.891048	0.786119	5.027836	
0.857723	0.013250	0.869984	0.003063	6.602597	
0.791501	0.799996	0.008841	0.000413	7.015359	
0.003967	0.972988	0.044907	0.668849	8.036693	
0.329450	0.298595	0.008841	0.014231	9.241844	
0.312048	0.000925	0.316529	0.001971	9.270533	
0.000066	0.000075	0.312506	0.002246	9.625387	
0.024009	0.854115	0.847647	0.837857	4.928485	
0.786400	0.859724	0.177395	0.941782	5.024667	
0.032487	0.003580	0.280961	0.905492	8.246020	
0.858412	0.866374	0.848226	0.831534	3.268142	
0.055482	0.854615	0.848741	0.863380	4.857672	
0.896178	0.040615	0.659303	0.002983	7.690453	
0.145166	0.861746	0.926688	0.099546	6.324419	
0.779541	0.702613	0.000055	0.036724	7.554918	
0.008499	0.024658	0.011911	0.029578	9.913566	
0.287141	0.000042	0.000066	0.290823	9.189221	
0.786514	0.859724	0.177268	0.802706	4.884755	
0.000076	0.282015	0.000419	0.000278	9.588680	
0.024009	0.854615	0.848741	0.863380	4.911500	
0.922519	0.032149	0.014782	0.647017	7.877956	
0.865595	0.856431	0.178623	0.002876	6.293426	
0.285763	0.001279	0.000161	0.676830	8.857838	
0.032027	0.000061	0.651860	0.904879	7.799086	
0.837983	0.000057	0.316529	0.002990	8.353926	
0.009032	0.648233	0.902035	0.011298	7.824254	
0.907874	0.859724	0.177268	0.796961	4.830478	
0.807221	0.859154	0.017183	0.849999	5.036643	
0.623262	0.003329	0.017183	0.849999	7.912781	
0.004072	0.280896	0.000066	0.290823	9.217509	
0.312048	0.886328	0.332233	0.003654	7.958063	
