0.284977	0.300943	0.000000	0.000000	9.199108	
0.871711	0.218085	0.156660	0.860553	5.912373	
0.822912	0.875870	0.135217	0.793661	4.904094	
0.139430	0.893857	0.803016	0.825759	4.978883	
0.833287	0.939795	0.811690	0.109193	5.081818	
0.667720	0.919200	0.025111	0.003458	7.740489	
0.000000	0.000000	0.000000	0.000000	10.000223	
0.026048	0.345987	0.844546	0.038422	7.941815	
0.000102	0.669067	0.677672	0.655785	7.980435	
0.024254	0.658884	0.004056	0.883848	7.692145	
0.753423	0.001267	0.002205	0.001576	8.699048	
0.025460	0.013818	0.935771	0.661020	7.896034	
0.189266	0.225518	0.870137	0.858254	5.830072	
0.000225	0.295286	0.000115	0.000969	9.604662	
0.814138	0.809904	0.128907	0.924360	5.020681	
0.311558	0.001918	0.001036	0.311883	9.248222	
0.294531	0.000000	0.000000	0.000000	9.600364	
0.000000	0.000000	0.755916	0.000000	8.681370	
0.329409	0.013487	0.329679	0.017287	9.368722	
0.001333	0.001225	0.001850	0.751224	8.727400	
0.876359	0.031493	0.501893	0.060322	8.195698	
0.771455	0.867876	0.945173	0.131737	5.227996	
0.070097	0.933378	0.000009	0.655745	7.819011	
0.679714	0.001937	0.670840	0.660131	8.005536	
0.015502	0.878959	0.657208	0.013252	7.691318	
0.000441	0.309336	0.000026	0.313071	9.249716	
0.815881	0.119815	0.772023	0.892359	5.083082	
0.891365	0.802631	0.097017	0.765950	5.220652	
0.024116	0.002045	0.663333	0.911054	7.739261	
0.004170	0.004079	0.317480	0.308747	9.340803	
0.656890	0.002245	0.011945	0.890017	7.736234	
0.864556	0.863233	0.856321	0.819574	3.292956	
0.681550	0.659512	0.001961	0.655651	8.019884	
0.659295	0.668378	0.666373	0.000578	8.042510	
0.872499	0.042276	0.006626	0.310197	7.873536	
0.620979	0.005771	0.921476	0.024809	8.060552	
0.005223	0.285259	0.365673	0.010656	9.318980	
0.001008	0.753347	0.002568	0.001623	8.693259	
0.924902	0.119810	0.823979	0.756324	5.282994	
0.000054	0.003230	0.005001	0.285961	9.658314	
0.895739	0.785076	0.771955	0.105157	5.260395	
0.881863	0.244681	0.862617	0.272283	5.788993	
0.066628	0.857169	0.814173	0.881267	4.914674	
0.000000	0.000000	0.287897	0.000114	9.597307	
0.771455	0.140018	0.920035	0.890884	5.108120	
0.884456	0.656260	0.001947	0.000003	7.742257	
0.018636	0.004096	0.963914	0.304719	8.396437	
0.000235	0.000637	0.813651	0.010602	8.491001	
0.103400	0.863233	0.856321	0.816665	4.804565	
0.871711	0.122040	0.822262	0.859172	5.238818	
0.753423	0.003682	0.002205	0.001576	8.696547	
0.656890	0.002245	0.051851	0.890017	7.669867	
0.813089	0.809904	0.136770	0.923078	4.990961	
0.103400	0.863233	0.856321	0.876233	4.746572	
0.001708	0.761578	0.002596	0.001081	8.646653	
0.833287	0.939795	0.811690	0.115505	5.067266	
0.813047	0.119815	0.846678	0.892359	4.824837	
0.000102	0.668474	0.687273	0.651197	7.946572	
0.771455	0.868015	0.920035	0.131737	5.091211	
0.650599	0.660212	0.006617	0.010928	8.812116	
0.891365	0.802492	0.123332	0.765950	5.158005	
0.009860	0.702855	0.004143	0.885540	7.386577	
0.006682	0.876459	0.657208	0.013252	7.698510	
0.000441	0.310775	0.000026	0.309313	9.245527	
0.686225	0.059219	0.015822	0.660131	8.631484	
0.896663	0.787825	0.822551	0.105157	5.026294	
0.887639	0.293182	0.823979	0.826965	4.641166	
0.686144	0.809904	0.128651	0.877854	5.794847	
0.924902	0.119810	0.823979	0.826965	4.949080	
0.016301	0.003739	0.005865	0.001191	9.971787	
0.883209	0.929214	0.013102	0.006650	6.807210	
0.021530	0.028931	0.032133	0.883848	8.232358	
0.650599	0.660212	0.768006	0.012232	7.678600	
0.876359	0.031493	0.457227	0.001307	8.291163	
0.003679	0.876459	0.047910	0.319152	7.887236	
0.025655	0.333917	0.830775	0.017910	7.962055	
0.865402	0.295678	0.000000	0.030995	7.888307	
0.000000	0.000000	0.287897	0.279187	9.346401	
0.658405	0.000783	0.844444	0.024839	7.678822	
0.329409	0.039280	0.306534	0.014719	9.258466	
0.871711	0.218085	0.156660	0.860553	5.912373	
0.252077	0.207531	0.000000	0.003774	9.295978	
0.189266	0.225518	0.880647	0.840930	5.864034	
0.924902	0.214316	0.158378	0.757705	6.549650	
0.005221	0.284432	0.352652	0.010687	9.285359	
0.000275	0.039280	0.306109	0.038698	9.511513	
0.187468	0.119810	0.823979	0.858006	6.063476	
0.003171	0.198871	0.000000	0.013127	9.741279	
0.009860	0.702855	0.290687	0.872379	6.973883	
0.885389	0.662513	0.001947	0.024035	7.695489	
0.329409	0.013487	0.048468	0.017287	9.588360	
0.838016	0.876591	0.845462	0.060505	4.872609	
0.000080	0.000000	0.700317	0.934803	7.608340	
0.184585	0.877259	0.808668	0.045354	6.295654	
0.003171	0.192378	0.955878	0.008509	8.415237	
0.828961	0.001937	0.664983	0.659169	7.345762	
0.016496	0.003469	0.935771	0.661130	8.071906	
0.899786	0.802492	0.123332	0.761620	5.314966	
0.000102	0.112222	0.687273	0.651197	8.602427	
0.000274	0.295281	0.000115	0.000969	9.604541	
