0.000098	0.000041	0.002076	0.294305	9.599525	
0.000593	0.670200	0.673106	0.656572	8.002800	
0.649535	0.918738	0.009928	0.039100	7.882880	
0.152100	0.837019	0.920807	0.785162	4.991368	
0.830653	0.935903	0.004052	0.803676	5.405150	
0.002248	0.000204	0.268029	0.000019	9.575765	
0.941207	0.849649	0.070996	0.833711	5.096847	
0.787343	0.927047	0.774891	0.144502	5.265342	
0.380886	0.000205	0.339649	0.000427	9.466369	
0.010624	0.000201	0.349549	0.382368	9.529345	
0.838090	0.837911	0.842299	0.872035	3.292585	
0.642458	0.012760	0.014281	0.896231	7.843415	
0.781961	0.114411	0.796103	0.907402	5.166460	
0.667987	0.656827	0.668871	0.000945	8.048617	
0.803312	0.811667	0.879936	0.174846	4.796337	
0.900448	0.780810	0.796966	0.129249	5.114150	
0.918075	0.114592	0.825293	0.768028	5.185252	
0.963488	0.662822	0.000029	0.000776	8.135203	
0.004405	0.672746	0.000089	0.916148	7.718452	
0.685997	0.026450	0.907077	0.009027	7.546535	
0.664746	0.000021	0.676427	0.669112	7.928315	
0.252464	0.837403	0.846413	0.296045	5.819082	
0.000016	0.293447	0.000003	0.000001	9.601000	
0.001126	0.002608	0.760737	0.000793	8.646072	
0.313798	0.308854	0.016786	0.002007	9.233248	
0.109766	0.908254	0.796918	0.776856	5.206171	
0.000018	0.773554	0.000804	0.000000	8.593223	
0.012623	0.310331	0.339649	0.000427	9.291234	
0.000087	0.900152	0.672434	0.031617	7.624413	
0.000000	0.000000	0.000000	0.000000	10.001162	
0.004950	0.930946	0.000690	0.644982	7.989061	
0.302467	0.000687	0.000257	0.000427	9.611719	
0.288640	0.001306	0.009820	0.345230	9.278131	
0.925632	0.016896	0.000029	0.663775	7.814338	
0.767707	0.002242	0.001127	0.010730	8.594440	
0.007419	0.292619	0.008285	0.337105	9.261337	
0.000016	0.000287	0.001470	0.772616	8.613794	
0.007554	0.650151	0.824787	0.027368	7.763871	
0.000839	0.009158	0.676144	0.947214	7.877771	
0.119292	0.829430	0.799347	0.878467	4.879309	
0.028842	0.014593	0.947963	0.690411	7.715841	
0.671199	0.671554	0.000035	0.665891	8.054535	
0.881292	0.000724	0.673073	0.099590	7.438150	
0.000000	0.302732	0.000000	0.000000	9.612226	
0.816594	0.029110	0.897890	0.803676	5.133662	
0.302467	0.000229	0.339649	0.000427	9.293024	
0.047762	0.000041	0.983514	0.304487	8.414903	
0.002370	0.000204	0.268029	0.006087	9.569397	
0.757425	0.002242	0.001583	0.000888	8.669221	
0.007554	0.603868	0.812225	0.059007	8.029253	
0.177107	0.860340	0.842299	0.872035	4.595684	
0.119292	0.820718	0.913598	0.848673	5.004464	
0.825483	0.840619	0.004449	0.922961	5.136825	
0.004987	0.009158	0.676144	0.849452	7.575178	
0.035874	0.002004	0.001557	0.013425	9.942682	
0.781961	0.114411	0.796103	0.011253	6.756807	
0.002331	0.000653	0.000045	0.762395	8.637245	
0.000098	0.000041	0.015646	0.294305	9.586341	
0.948992	0.662822	0.000029	0.013530	8.136322	
0.864439	0.022283	0.009820	0.345230	7.967757	
0.918237	0.851182	0.100676	0.840705	4.965424	
0.000000	0.929069	0.000690	0.642012	8.004626	
0.007554	0.305204	0.058655	0.312083	9.146278	
0.639694	0.002405	0.014281	0.896231	7.877088	
0.001126	0.000012	0.760737	0.000001	8.651724	
0.784428	0.113785	0.796103	0.907402	5.175239	
0.917850	0.777919	0.781431	0.099287	5.343142	
0.000025	0.773554	0.000804	0.000000	8.593216	
0.310980	0.000041	0.015646	0.294305	9.209146	
0.242118	0.837403	0.846413	0.175925	5.866818	
0.007419	0.298144	0.351049	0.041757	9.271740	
0.638049	0.829945	0.009928	0.040759	7.854947	
0.836657	0.838098	0.830555	0.906684	3.471520	
0.927074	0.113817	0.796103	0.890484	5.094598	
0.294496	0.001420	0.000000	0.000000	9.599771	
0.000313	0.840619	0.004449	0.922961	6.783171	
0.010624	0.000202	0.349549	0.345921	9.414411	
0.787343	0.927047	0.774680	0.146927	5.267409	
0.313798	0.299772	0.016786	0.003643	9.218014	
0.678034	0.026450	0.895277	0.009027	7.567417	
0.827858	0.000202	0.349549	0.345921	7.758551	
0.918237	0.854487	0.100676	0.840705	4.891909	
0.074221	0.908254	0.796918	0.778141	5.282159	
0.825483	0.840619	0.004449	0.922961	5.136825	
0.002331	0.000653	0.000045	0.902710	8.379282	
0.684745	0.004294	0.347945	0.907402	7.293608	
0.678034	0.053478	0.020510	0.009027	9.277225	
0.929886	0.662822	0.000029	0.031717	7.998195	
0.005314	0.820718	0.854216	0.848673	5.111426	
0.941207	0.927662	0.070996	0.120822	6.710765	
0.814785	0.000204	0.837052	0.000019	6.717599	
0.000000	0.306630	0.000004	0.295583	9.228955	
0.002331	0.000653	0.993343	0.691742	8.230943	
0.895858	0.780810	0.796966	0.333226	5.016336	
0.959705	0.006632	0.316422	0.372943	8.349738	
0.000324	0.312952	0.672434	0.031669	8.878928	
0.009489	0.803697	0.064061	0.831506	6.651849	
0.034998	0.840619	0.004449	0.922961	6.735767	
0.004405	0.803697	0.000089	0.154252	8.113337	
0.020051	0.000204	0.834573	0.000019	8.307863	
