0.819695	0.095241	0.904797	0.801447	5.022003	
0.011055	0.006262	0.650502	0.913982	7.877029	
0.665920	0.676672	0.001285	0.651224	8.048029	
0.300603	0.026062	0.862902	0.027125	7.852135	
0.897741	0.791005	0.099455	0.831397	5.003486	
0.000759	0.757288	0.000076	0.000790	8.670778	
0.000193	0.942120	0.009126	0.641395	8.069744	
0.290731	0.289919	0.000098	0.000000	9.323454	
0.000000	0.333737	0.320987	0.012730	9.297153	
0.003148	0.000001	0.000260	0.290173	9.595067	
0.291417	0.000500	0.000790	0.000000	9.625745	
0.684333	0.000000	0.673598	0.657792	8.039785	
0.160038	0.185482	0.859335	0.861823	5.927611	
0.000054	0.677441	0.654176	0.666183	8.015908	
0.000258	0.008211	0.754790	0.004149	8.675524	
0.285407	0.000005	0.000790	0.285654	9.185690	
0.858633	0.121284	0.865262	0.213549	5.982546	
0.659440	0.909318	0.020509	0.020192	7.747720	
0.647925	0.025633	0.036050	0.914339	7.811869	
0.000759	0.641437	0.000076	0.922126	8.003769	
0.027618	0.020096	0.890201	0.647717	7.753863	
0.807818	0.821210	0.870002	0.080366	4.953612	
0.049630	0.021598	0.292342	0.288667	9.098423	
0.902508	0.660348	0.021662	0.002135	7.736628	
0.017376	0.289919	0.000080	0.000000	9.731841	
0.811543	0.939504	0.112375	0.785906	5.249343	
0.757990	0.002348	0.002283	0.000127	8.665161	
0.837530	0.830335	0.846139	0.828373	3.325079	
0.809058	0.926876	0.810112	0.083240	5.150924	
0.922506	0.041755	0.029493	0.660064	7.751271	
0.682595	0.660237	0.650953	0.005336	8.055241	
0.190797	0.927598	0.812901	0.792643	4.982586	
0.930638	0.790242	0.786589	0.105706	5.295569	
0.790483	0.791269	0.099455	0.887041	5.119568	
0.936929	0.026454	0.660148	0.019630	7.890332	
0.009254	0.000000	0.278973	0.000572	9.574619	
0.784042	0.086156	0.785841	0.925802	5.352817	
0.058364	0.908621	0.634980	0.020533	7.842997	
0.309441	0.000112	0.320509	0.000572	9.270867	
0.888130	0.009987	0.865422	0.826372	4.987156	
0.084154	0.777425	0.799416	0.921348	5.307723	
0.000000	0.000000	0.000000	0.000000	10.001497	
0.000232	0.331792	0.001574	0.289139	9.257061	
0.011826	0.752338	0.941993	0.000004	7.370707	
0.094850	0.818712	0.927670	0.764595	5.321239	
0.000286	0.000001	0.000301	0.764619	8.717202	
0.858028	0.121284	0.865262	0.213549	6.045407	
0.160038	0.180408	0.859335	0.280056	7.313394	
0.831716	0.926186	0.801407	0.109200	5.051349	
0.819695	0.095241	0.659133	0.887514	5.948779	
0.812959	0.828548	0.846139	0.828373	3.392740	
0.807818	0.078451	0.870002	0.095190	6.423726	
0.898515	0.651909	0.021662	0.002110	7.783138	
0.758667	0.000066	0.002285	0.006091	8.684498	
0.002927	0.004871	0.003226	0.092348	9.970319	
0.291417	0.228853	0.007956	0.000000	9.197238	
0.014496	0.006262	0.650502	0.891557	7.773387	
0.014459	0.826650	0.634980	0.037506	7.839359	
0.759970	0.791269	0.099455	0.887041	5.291542	
0.897741	0.791005	0.099455	0.831503	5.003210	
0.096566	0.818712	0.626745	0.764595	6.441993	
0.225596	0.000001	0.000260	0.290173	9.184249	
0.319043	0.000479	0.315957	0.000572	9.388628	
0.886304	0.087091	0.802834	0.921348	5.070774	
0.011826	0.757288	0.941993	0.000790	7.313046	
0.000000	0.000000	0.270249	0.000001	9.580263	
0.291417	0.000773	0.001555	0.000000	9.624234	
0.006645	0.939504	0.109090	0.080403	8.305214	
0.000286	0.000001	0.000021	0.764619	8.840358	
0.652761	0.002604	0.008028	0.914339	7.846773	
0.097177	0.804720	0.799416	0.921348	5.147815	
0.000770	0.641775	0.011242	0.862209	7.802693	
0.809058	0.821210	0.870002	0.080366	4.950500	
0.099513	0.773157	0.929203	0.823408	5.253393	
0.790483	0.804150	0.099455	0.887041	5.062495	
0.831951	0.095241	0.890793	0.781811	5.043927	
0.003148	0.000001	0.000260	0.250142	9.688869	
0.930638	0.790242	0.786589	0.004171	5.485655	
0.831500	0.909318	0.121915	0.020192	6.489462	
0.000000	0.235442	0.000080	0.000000	9.601934	
0.201529	0.927598	0.812901	0.824466	4.849386	
0.841922	0.913617	0.112375	0.785906	5.039062	
0.016391	0.021598	0.280926	0.288667	9.140126	
0.922506	0.000133	0.029493	0.660064	7.807849	
0.932361	0.786124	0.805750	0.111441	5.225453	
0.018441	0.844750	0.000301	0.769350	7.224184	
0.794064	0.008211	0.748868	0.004149	7.180462	
0.151895	0.193747	0.859335	0.861823	5.931945	
0.886970	0.085814	0.864804	0.853763	4.808947	
0.009254	0.306700	0.275991	0.000552	9.298221	
0.000014	0.325187	0.002520	0.286796	9.240427	
0.000000	0.008211	0.749324	0.004149	8.712085	
0.737296	0.942120	0.002479	0.714903	6.347069	
0.886970	0.191340	0.864663	0.853763	4.578790	
0.094850	0.007188	0.927670	0.764595	6.969768	
0.858338	0.111740	0.002283	0.214198	7.690659	
0.077908	0.906430	0.001285	0.651224	7.710926	
0.291417	0.003159	0.604366	0.000000	9.355823	
0.897741	0.795031	0.099455	0.841664	4.968456	
0.932361	0.786254	0.810036	0.079606	5.284272	
