0.138548	0.797780	0.796437	0.883848	4.962943	
0.000000	0.004707	0.001339	0.765347	8.616876	
0.000000	0.000321	0.271004	0.000006	9.584171	
0.021426	0.027829	0.876705	0.658483	7.677926	
0.315854	0.005495	0.001898	0.000000	9.986854	
0.802577	0.798227	0.106391	0.871444	5.003339	
0.949083	0.701482	0.030143	0.003815	7.645651	
0.009774	0.004686	0.336595	0.358470	9.393392	
0.047657	0.080612	0.337748	0.888312	7.817496	
0.319853	0.316233	0.001293	0.000000	9.277459	
0.097164	0.798369	0.893407	0.773349	5.202791	
0.382485	0.882330	0.030519	0.052086	8.011047	
0.909192	0.157659	0.874557	0.174156	6.061256	
0.868183	0.891834	0.821300	0.838881	3.381904	
0.048171	0.344781	0.337748	0.039116	9.442917	
0.000435	0.001276	0.744052	0.000077	8.775671	
0.001112	0.000051	0.001419	0.296007	9.606937	
0.014635	0.961189	0.014338	0.660770	8.041026	
0.000000	0.765962	0.000000	0.000190	8.629898	
0.352223	0.002458	0.000369	0.343047	9.396694	
0.664479	0.041412	0.004682	0.944012	7.871541	
0.667083	0.025336	0.899508	0.020107	7.649378	
0.662199	0.675892	0.662665	0.001374	8.020959	
0.664053	0.675330	0.001283	0.670756	7.926505	
0.330318	0.018280	0.404590	0.000000	9.489426	
0.888391	0.036724	0.379702	0.021026	8.050462	
0.785367	0.780401	0.899115	0.127124	5.167253	
0.032226	0.666253	0.001192	0.897901	7.660965	
0.668563	0.002740	0.660268	0.662333	8.062192	
0.949769	0.036796	0.030166	0.665968	7.871524	
0.000000	0.660689	0.652804	0.674335	8.088139	
0.000000	0.316233	0.001293	0.000000	9.637375	
0.910674	0.157659	0.799011	0.797855	5.003696	
0.000000	0.663370	0.900593	0.007639	7.765795	
0.000000	0.000000	0.000000	0.000000	10.014638	
0.055332	0.881801	0.418816	0.049599	8.078368	
0.003861	0.305573	0.002663	0.308137	9.233065	
0.785591	0.117686	0.907048	0.777064	5.237204	
0.145160	0.222565	0.878900	0.869156	5.942275	
0.775735	0.001901	0.000039	0.004771	8.676316	
0.035153	0.962240	0.661326	0.015569	8.013519	
0.316551	0.315919	0.001273	0.000001	9.268568	
0.664479	0.041362	0.111173	0.963282	7.806012	
0.000000	0.745067	0.032404	0.293931	8.347715	
0.785493	0.893784	0.807382	0.115974	5.055333	
0.098849	0.804509	0.856614	0.776480	5.106546	
0.663344	0.001758	0.659149	0.662333	8.108673	
0.280417	0.001509	0.000426	0.000109	9.584208	
0.000000	0.667462	0.652804	0.659701	8.145467	
0.000003	0.002458	0.000028	0.750637	8.715086	
0.048166	0.348940	0.277661	0.024274	9.192438	
0.000000	0.303053	0.001309	0.000000	9.612951	
0.354438	0.259804	0.000369	0.336850	8.978304	
0.868183	0.855281	0.821300	0.838881	3.424152	
0.145160	0.234244	0.878900	0.869156	5.937264	
0.330318	0.032546	0.442339	0.000000	9.557530	
0.803914	0.888400	0.077828	0.795740	5.120667	
0.802577	0.798227	0.111173	0.871444	4.991619	
0.002839	0.266783	0.029295	0.308137	9.159277	
0.382485	0.879883	0.030519	0.034085	8.094707	
0.667332	0.014817	0.862132	0.000538	7.624019	
0.780309	0.001901	0.000039	0.000112	8.617262	
0.913353	0.178903	0.277162	0.025402	7.641700	
0.000000	0.010002	0.002072	0.000000	9.990185	
0.021426	0.026182	0.876705	0.659297	7.674870	
0.000366	0.000363	0.000458	0.284618	9.596956	
0.785367	0.780401	0.881402	0.156385	5.058780	
0.013357	0.940020	0.014619	0.660770	7.909900	
0.913353	0.178903	0.881402	0.156385	6.078789	
0.794219	0.135660	0.822160	0.862363	4.880208	
0.000000	0.665289	0.900593	0.154835	7.408892	
0.899630	0.655189	0.029213	0.001929	7.753523	
0.023900	0.004813	0.655849	0.915670	7.809957	
0.949769	0.016049	0.030166	0.665968	7.902705	
0.910674	0.157659	0.820350	0.797855	4.920600	
0.185652	0.765292	0.001953	0.884549	6.588484	
0.000466	0.000365	0.763839	0.000001	8.703979	
0.010253	0.009730	0.336595	0.286621	9.248918	
0.138548	0.900374	0.787964	0.883857	4.927643	
0.007167	0.018502	0.403670	0.000000	9.824588	
0.000000	0.012702	0.028679	0.028248	9.916335	
0.924205	0.159525	0.418816	0.855134	6.382440	
0.000917	0.127604	0.405971	0.065298	9.503596	
0.958813	0.000363	0.835224	0.277493	6.693796	
0.001977	0.020726	0.830201	0.912646	6.734455	
0.330318	0.032546	0.442339	0.307146	9.173309	
0.177450	0.322347	0.001293	0.000000	9.292383	
0.000717	0.940020	0.014619	0.660770	7.925589	
0.776703	0.808308	0.874557	0.174156	4.934833	
0.786340	0.001901	0.000039	0.004771	8.514829	
0.671710	0.671179	0.066082	0.000676	8.513862	
0.909192	0.157659	0.844943	0.796552	4.862711	
0.854028	0.000669	0.000000	0.838415	6.702180	
0.794219	0.135660	0.826986	0.803377	4.984755	
0.968414	0.866977	0.017435	0.000000	7.047445	
0.032226	0.668930	0.275853	0.897901	7.237579	
0.864853	0.660689	0.652804	0.797259	5.570651	
0.012596	0.020353	0.649858	0.659701	9.045086	
0.000000	0.000000	0.000000	0.838415	8.349391	
0.014997	0.135660	0.822160	0.669641	7.401045	
