0.031893	0.658623	0.015625	0.923172	7.800202	
0.002371	0.316071	0.000037	0.286218	9.222321	
0.802689	0.096822	0.909336	0.782747	5.204163	
0.874218	0.001537	0.316025	0.007227	7.939945	
0.936499	0.040549	0.000001	0.649271	7.938770	
0.145322	0.148194	0.855257	0.861061	6.033448	
0.788252	0.823123	0.900848	0.022622	5.207776	
0.631184	0.897308	0.028273	0.047115	7.836981	
0.009275	0.653031	0.901507	0.029627	7.760231	
0.000040	0.000036	0.754718	0.000012	8.689390	
0.000000	0.279554	0.000000	0.000000	9.585273	
0.367078	0.000002	0.264495	0.000000	9.324132	
0.853624	0.860258	0.148504	0.220462	5.908720	
0.672360	0.664198	0.000000	0.667245	8.011988	
0.003761	0.000000	0.289380	0.005269	9.584915	
0.045330	0.049948	0.324224	0.853396	7.820423	
0.762569	0.000000	0.000000	0.000055	8.646837	
0.923646	0.781441	0.120219	0.801049	5.202285	
0.859001	0.224113	0.853238	0.185358	5.832875	
0.003097	0.860823	0.001668	0.310787	7.926832	
0.000000	0.000000	0.000000	0.000000	10.000985	
0.003081	0.657877	0.676039	0.661395	8.156128	
0.870584	0.862961	0.854149	0.849866	3.247374	
0.047099	0.049948	0.305103	0.286181	9.101667	
0.377184	0.000000	0.006322	0.308979	9.389324	
0.145499	0.860258	0.855325	0.286573	5.920341	
0.135350	0.911593	0.827215	0.762759	5.156789	
0.785866	0.808872	0.091981	0.874810	5.064251	
0.096588	0.824116	0.884286	0.786029	5.041630	
0.015755	0.001236	0.912105	0.636960	7.956394	
0.115567	0.796193	0.792451	0.901543	5.088513	
0.648081	0.007198	0.019426	0.897343	7.798717	
0.824468	0.897370	0.028293	0.825822	5.033008	
0.036898	0.863328	0.299965	0.012953	7.853158	
0.674405	0.669510	0.663540	0.000059	7.950978	
0.797543	0.141363	0.755019	0.896145	5.218834	
0.000694	0.308824	0.291429	0.018297	9.195735	
0.288317	0.096144	0.858082	0.000000	7.729240	
0.288317	0.001553	0.000000	0.000000	9.591706	
0.001970	0.000000	0.009819	0.756137	8.705694	
0.952838	0.086121	0.809459	0.811940	5.313219	
0.861874	0.337850	0.005903	0.000647	7.978883	
0.853082	0.885710	0.746237	0.165014	5.082360	
0.000000	0.000000	0.000154	0.291274	9.596439	
0.001565	0.763888	0.000023	0.006961	8.660298	
0.853088	0.139835	0.176255	0.830599	6.023383	
0.674054	0.004691	0.676039	0.661395	8.054162	
0.288317	0.358198	0.000000	0.000000	9.318750	
0.762569	0.000000	0.000008	0.005227	8.642670	
0.952838	0.086121	0.826330	0.811940	5.258379	
0.279979	0.358198	0.015413	0.000000	9.293293	
0.857036	0.209696	0.198001	0.830599	5.858375	
0.799684	0.334499	0.859434	0.000000	6.451820	
0.066364	0.049948	0.305103	0.290589	9.068295	
0.137713	0.911593	0.827128	0.828539	4.834717	
0.813524	0.831362	0.844869	0.857775	3.370044	
0.367078	0.895744	0.264495	0.000000	7.683835	
0.001970	0.000000	0.009872	0.763217	8.640927	
0.279979	0.358198	0.859434	0.000000	7.627067	
0.000000	0.281313	0.005880	0.008839	9.575204	
0.377184	0.000000	0.000000	0.308979	9.395695	
0.750123	0.001869	0.858282	0.829890	5.372380	
0.824468	0.866192	0.075783	0.825822	4.888339	
0.009540	0.000030	0.282239	0.000000	9.577498	
0.856568	0.868329	0.758974	0.185358	4.911181	
0.000040	0.000036	0.754718	0.000648	8.688189	
0.000586	0.000002	0.000001	0.294083	9.616628	
0.008796	0.681458	0.658766	0.663263	8.007992	
0.672360	0.681219	0.000000	0.667245	7.848928	
0.000541	0.148194	0.855257	0.861061	6.320621	
0.859001	0.222990	0.853238	0.289283	5.794748	
0.668026	0.007198	0.019426	0.901723	7.670837	
0.120304	0.796193	0.808417	0.901543	5.009088	
0.033899	0.827966	0.652135	0.035603	7.705416	
0.015755	0.015371	0.891814	0.636960	7.858199	
0.906059	0.001537	0.316025	0.007040	8.017177	
0.282022	0.001537	0.878104	0.000189	7.906490	
0.857036	0.792426	0.183280	0.830599	4.756374	
0.272401	0.000001	0.290994	0.000021	9.246351	
0.031893	0.827966	0.015625	0.925264	6.776705	
0.797543	0.216262	0.775147	0.896145	4.965124	
0.861874	0.337850	0.005903	0.000000	7.980085	
0.000192	0.308824	0.291429	0.018297	9.196066	
0.272401	0.000001	0.009872	0.000021	9.571117	
0.001565	0.763888	0.000027	0.006961	8.660294	
0.000000	0.000000	0.000000	0.000000	10.000239	
0.836338	0.000000	0.028859	0.306878	7.909132	
0.000188	0.316071	0.004566	0.282330	9.217350	
0.797996	0.096822	0.854263	0.831365	4.942979	
0.000000	0.859171	0.000000	0.310787	7.949417	
0.139272	0.860258	0.883578	0.286828	6.057228	
0.853088	0.139835	0.176255	0.830599	6.023383	
0.134441	0.869079	0.831817	0.221095	5.972125	
0.115567	0.796193	0.803087	0.901543	5.041235	
0.099695	0.899371	0.876897	0.785327	5.033260	
0.856568	0.875462	0.758974	0.775190	3.849111	
0.001622	0.008447	0.290361	0.277137	9.189354	
0.096588	0.824116	0.884086	0.001041	6.655976	
0.797996	0.098741	0.854263	0.828840	4.944435	
0.000040	0.000036	0.749506	0.000648	8.722510	
