0.655789	0.019522	0.904214	0.015058	7.889965	
0.299585	0.002221	0.283249	0.000150	9.194581	
0.857472	0.772246	0.872561	0.102354	5.032107	
0.935194	0.665611	0.018768	0.017493	7.828814	
0.009586	0.008958	0.650404	0.934580	7.963118	
0.000123	0.298535	0.291896	0.000025	9.204182	
0.004098	0.914018	0.002734	0.658720	7.809553	
0.336694	0.000330	0.000463	0.321575	9.316642	
0.000140	0.000259	0.000003	0.762169	8.770005	
0.921848	0.773425	0.806527	0.104489	5.260065	
0.025610	0.633196	0.012407	0.915459	7.948607	
0.671909	0.943696	0.018963	0.016523	7.833308	
0.850278	0.189219	0.908499	0.747190	5.077460	
0.926741	0.011939	0.049149	0.660655	7.832683	
0.825253	0.840510	0.064351	0.912548	5.001731	
0.668280	0.000389	0.669035	0.668658	7.968053	
0.290876	0.000299	0.001538	0.000006	9.594608	
0.836187	0.842482	0.849876	0.832296	3.299502	
0.000158	0.000285	0.000012	0.311637	9.700964	
0.911224	0.832802	0.068832	0.807054	5.048364	
0.876832	0.857210	0.222656	0.320076	5.852569	
0.000783	0.000319	0.767868	0.001095	8.878811	
0.665005	0.674088	0.668525	0.000942	7.943623	
0.002580	0.023839	0.318530	0.324907	9.255636	
0.640536	0.018492	0.012498	0.900958	7.855795	
0.000040	0.297699	0.000059	0.000025	9.622277	
0.000000	0.000000	0.000003	0.000000	10.000867	
0.290876	0.307939	0.001613	0.000006	9.213878	
0.014418	0.943696	0.670437	0.016523	7.934482	
0.090113	0.791398	0.793828	0.912677	5.206715	
0.276897	0.897318	0.289254	0.908531	5.946080	
0.025082	0.673517	0.811524	0.004168	7.643201	
0.000278	0.771383	0.001598	0.000002	8.584009	
0.867376	0.251931	0.194448	0.877734	5.825262	
0.006263	0.370639	0.000002	0.317817	9.519768	
0.078680	0.842442	0.876540	0.797507	4.958624	
0.247954	0.873541	0.862448	0.254107	5.769692	
0.000220	0.679710	0.665765	0.661135	7.954960	
0.758259	0.000517	0.001572	0.000006	8.664136	
0.948571	0.007857	0.693853	0.010440	7.721217	
0.841473	0.006862	0.808084	0.900958	5.099083	
0.008566	0.047906	0.862119	0.287100	7.821823	
0.850486	0.189219	0.874345	0.184168	5.891153	
0.857136	0.926055	0.185359	0.876617	5.009091	
0.000123	0.001068	0.299353	0.000025	9.908888	
0.792874	0.902238	0.763929	0.151651	5.179504	
0.668509	0.674921	0.001785	0.670823	7.895203	
0.673488	0.003523	0.665657	0.000084	8.621392	
0.000104	0.006421	0.292532	0.000064	9.594865	
0.090113	0.791398	0.800439	0.911306	5.171673	
0.006633	0.000604	0.001575	0.000007	9.991640	
0.921848	0.772057	0.806527	0.108993	5.336342	
0.285880	0.290713	0.002668	0.644131	8.727845	
0.012387	0.010748	0.667665	0.934220	7.826719	
0.834484	0.188586	0.802277	0.888480	4.735260	
0.264546	0.682967	0.672648	0.908531	6.482690	
0.282956	0.000051	0.000004	0.000184	9.590862	
0.276897	0.897318	0.289254	0.891426	5.997533	
0.000057	0.297115	0.000002	0.000021	9.604000	
0.000883	0.000285	0.000315	0.913107	8.552126	
0.013840	0.943696	0.683321	0.016523	7.838971	
0.849214	0.156181	0.866866	0.150706	6.011226	
0.657891	0.003638	0.018474	0.000084	9.372714	
0.025610	0.666566	0.012407	0.917164	7.751979	
0.855494	0.293357	0.274040	0.869475	5.815361	
0.282453	0.768004	0.839574	0.010322	6.504095	
0.939501	0.003523	0.665213	0.004142	8.091405	
0.158526	0.218404	0.925176	0.912548	6.238511	
0.879372	0.846569	0.292315	0.321917	5.959554	
0.003662	0.007406	0.283711	0.258471	9.160624	
0.636591	0.872802	0.012599	0.836451	6.357215	
0.282453	0.871522	0.839574	0.253303	5.796432	
0.666014	0.000610	0.065195	0.765136	7.864846	
0.935194	0.657707	0.020628	0.022308	7.982934	
0.850278	0.189219	0.908499	0.746881	5.079697	
0.284080	0.773538	0.001598	0.000002	8.160447	
0.850486	0.018344	0.003448	0.726653	7.223521	
0.000783	0.003498	0.765037	0.001091	8.685612	
0.792874	0.908912	0.800139	0.151651	5.013187	
0.911224	0.839795	0.068832	0.807021	5.036046	
0.850486	0.792946	0.874681	0.912918	3.520192	
0.850486	0.843466	0.874681	0.162733	4.624380	
0.860846	0.868176	0.190068	0.876617	4.564693	
0.921848	0.772246	0.806527	0.107695	5.258509	
0.078463	0.860806	0.890280	0.782301	5.047738	
0.002490	0.914018	0.002734	0.658720	7.816870	
0.668480	0.840963	0.019264	0.000084	7.798338	
0.678920	0.008427	0.669035	0.668658	7.880565	
0.857136	0.926055	0.250475	0.876617	4.851876	
0.285880	0.297115	0.002626	0.000186	9.191934	
0.000158	0.000285	0.000012	0.286628	9.599834	
0.000040	0.298535	0.291896	0.000025	9.204356	
0.273488	0.011939	0.000911	0.660655	8.949028	
0.108303	0.276182	0.273989	0.007911	8.964096	
0.835038	0.840510	0.064351	0.912511	4.979370	
0.000040	0.865190	0.000059	0.093884	8.200356	
0.939501	0.003523	0.665213	0.001652	8.098256	
0.000000	0.005554	0.047134	0.000000	9.965011	
0.857472	0.772212	0.869734	0.102354	5.122549	
0.860130	0.072519	0.862021	0.813530	4.996638	
