0.000340	0.262270	0.290312	0.000943	9.408007	
0.900633	0.848386	0.169236	0.760618	5.103843	
0.013110	0.905907	0.000970	0.640842	7.983847	
0.000006	0.000000	0.300488	0.000000	9.911426	
0.789589	0.184867	0.760396	0.920156	5.225672	
0.162175	0.908238	0.800778	0.768362	5.118434	
0.779027	0.788548	0.110646	0.926087	5.309698	
0.794986	0.151705	0.916518	0.816959	4.971108	
0.002562	0.002245	0.891861	0.644951	7.842707	
0.002682	0.301582	0.000276	0.000007	9.945280	
0.303274	0.000000	0.000029	0.349123	9.316964	
0.162684	0.796861	0.955363	0.746482	5.528402	
0.302611	0.000156	0.373859	0.000024	9.435052	
0.787956	0.797387	0.917503	0.143679	5.101762	
0.044741	0.806821	0.779662	0.902731	5.268987	
0.914798	0.647456	0.005232	0.014281	7.902111	
0.000036	0.000033	0.001605	0.280308	9.584447	
0.000489	0.758351	0.000054	0.000019	8.799854	
0.000142	0.000614	0.749756	0.000012	8.783438	
0.653155	0.916220	0.009675	0.000100	7.855297	
0.000463	0.265740	0.000000	0.263849	9.153823	
0.302021	0.301582	0.000276	0.000002	9.309059	
0.762055	0.001031	0.001905	0.000074	8.833846	
0.862306	0.862183	0.833407	0.856634	3.255820	
0.142900	0.148981	0.857162	0.852715	6.039073	
0.942576	0.146372	0.807490	0.761525	5.338459	
0.000080	0.001339	0.000008	0.742277	8.771846	
0.900844	0.024906	0.000628	0.629947	7.928326	
0.892456	0.864308	0.100280	0.162642	6.155323	
0.016261	0.018363	0.639365	0.938630	8.033622	
0.002151	0.943215	0.638150	0.000188	8.127536	
0.009153	0.629904	0.891120	0.002160	8.003485	
0.791705	0.916173	0.816603	0.014860	5.270967	
0.000000	0.000000	0.000000	0.000000	10.266086	
0.916156	0.008326	0.646860	0.029238	7.861253	
0.660401	0.008388	0.019954	0.870057	7.658551	
0.875474	0.191546	0.108029	0.867030	6.053971	
0.653872	0.673651	0.647124	0.001933	8.180688	
0.918070	0.797480	0.782862	0.065306	5.312296	
0.000042	0.001369	0.343487	0.278422	9.274054	
0.298277	0.001031	0.000280	0.000072	9.792208	
0.000005	0.280008	0.000000	0.840676	7.907772	
0.646055	0.023236	0.916737	0.000000	7.887019	
0.671325	0.000624	0.650289	0.658166	8.146488	
0.000181	0.662363	0.655387	0.668591	8.177379	
0.669300	0.669424	0.000408	0.651217	8.071139	
0.680222	0.663923	0.655758	0.649461	7.460324	
0.147324	0.662363	0.655387	0.668591	7.879426	
0.914912	0.008326	0.143495	0.029238	8.102867	
0.001719	0.242501	0.284411	0.038824	9.359409	
0.906318	0.301582	0.010766	0.000007	8.315106	
0.000340	0.262276	0.000000	0.840676	7.896114	
0.002152	0.915587	0.638150	0.014392	7.943967	
0.000036	0.021634	0.297733	0.001155	9.827140	
0.000340	0.262276	0.000000	0.000964	9.574488	
0.645777	0.262183	0.647124	0.001931	8.527162	
0.302360	0.000010	0.000617	0.357149	9.465676	
0.000180	0.670862	0.774887	0.000909	7.867649	
0.794818	0.781325	0.110646	0.926087	5.267457	
0.791705	0.915411	0.832159	0.015087	5.225932	
0.000443	0.000614	0.749755	0.000000	8.729339	
0.294715	0.001031	0.007607	0.000072	9.835047	
0.899191	0.853732	0.169236	0.764739	5.460514	
0.858902	0.000444	0.297556	0.029961	8.231734	
0.921556	0.797480	0.807249	0.065306	5.217119	
0.165244	0.908238	0.800778	0.768362	5.111769	
0.942576	0.129179	0.831059	0.772109	5.244086	
0.899482	0.164326	0.004943	0.670926	7.774236	
0.000526	0.150466	0.856430	0.852715	6.318819	
0.000467	0.265715	0.000000	0.262376	9.445188	
0.900633	0.848386	0.169236	0.764739	5.079427	
0.666402	0.027855	0.652960	0.075305	8.611800	
0.044495	0.863103	0.832761	0.896881	4.949708	
0.288491	0.264043	0.000022	0.000012	9.201623	
0.000000	0.000000	0.000000	0.000000	10.250036	
0.646055	0.034972	0.916737	0.642914	7.368504	
0.002447	0.000000	0.000008	0.742277	8.770912	
0.646055	0.034972	0.916737	0.000000	7.868202	
0.796140	0.151705	0.916518	0.816959	4.966908	
0.789589	0.186163	0.760396	0.920156	5.223612	
0.000437	0.905907	0.000970	0.640842	7.998051	
0.064162	0.808361	0.920017	0.841844	5.262761	
0.000474	0.758351	0.000054	0.002840	8.663365	
0.000036	0.001369	0.831699	0.819461	6.708723	
0.653155	0.916158	0.009784	0.000100	7.865473	
0.000036	0.001369	0.343487	0.278422	9.276619	
0.000326	0.000777	0.007838	0.286760	9.582562	
0.142900	0.150466	0.856430	0.852715	6.036011	
0.770334	0.797387	0.910399	0.144856	5.164696	
0.777098	0.038919	0.108018	0.800653	6.737446	
0.875474	0.191546	0.106767	0.867030	6.056940	
0.000038	0.003525	0.284411	0.037937	9.843968	
0.860947	0.299072	0.010766	0.670104	7.533171	
0.031805	0.190606	0.758786	0.897192	6.612204	
0.001719	0.241226	0.284411	0.037937	9.456647	
0.770334	0.797387	0.910399	0.144856	5.164696	
0.291184	0.016038	0.013347	0.000072	9.750492	
0.900633	0.848386	0.169236	0.764739	5.079427	
0.795023	0.151705	0.835638	0.856907	4.827884	
0.752464	0.001004	0.343487	0.506657	8.522582	
