0.818712	0.000000	0.000000	0.405014	0.407111	
0.316286	0.948707	0.000000	0.000001	0.000000	
0.408514	0.409788	0.815594	0.000000	0.000000	
0.000000	0.407415	0.399169	0.822257	0.000000	
0.403780	0.000000	0.001276	0.816995	0.412028	
0.000000	0.409125	0.000000	0.406585	0.817096	
0.313007	0.000000	0.000000	0.000000	0.949754	
0.000000	0.395357	0.822897	0.000000	0.408101	
0.000000	0.000000	0.949875	0.312792	0.000000	
0.407593	0.000000	0.818356	0.000000	0.408682	
0.000001	0.315211	0.949121	0.000000	0.000000	
0.499440	0.499224	0.500023	0.502283	0.000000	
0.000001	0.406199	0.815963	0.411523	0.000000	
0.713048	0.000000	0.000000	0.000000	0.726515	
0.815728	0.409884	0.000000	0.000000	0.408152	
0.000000	0.000000	0.403728	0.816887	0.411973	
0.000000	0.818708	0.000000	0.405012	0.407042	
0.496008	0.499996	0.000000	0.504251	0.499713	
0.000005	0.715111	0.000000	0.716821	0.000000	
0.404282	0.819233	0.000000	0.000000	0.406978	
0.313903	0.000000	0.000001	0.949468	0.000000	
0.948654	0.000000	0.000000	0.000000	0.316318	
0.000000	0.815678	0.410006	0.000000	0.408124	
0.948691	0.316205	0.000000	0.000000	0.000000	
0.000002	0.313905	0.000001	0.949474	0.000000	
0.815735	0.000000	0.410035	0.000000	0.408241	
0.000005	0.948824	0.000000	0.000975	0.315882	
0.000000	0.000001	0.815596	0.410277	0.408197	
0.707169	0.000000	0.707045	0.000000	0.000000	
0.411995	0.815525	0.000000	0.407592	0.000000	
0.814615	0.409330	0.411122	0.000000	0.000000	
0.704674	0.000000	0.000000	0.709651	0.000000	
0.000000	1.000000	0.000000	0.000000	0.000000	
0.315193	0.000000	0.949028	0.000000	0.000000	
0.000000	0.948641	0.316355	0.000000	0.000000	
0.000000	0.817638	0.406990	0.408791	0.000000	
0.000095	0.313006	0.000000	0.000000	0.949752	
0.706979	0.707473	0.000000	0.000000	0.000000	
0.000001	0.500740	0.500653	0.501694	0.496900	
0.948930	0.000000	0.316814	0.000000	0.000000	
0.000000	0.000000	0.707576	0.706638	0.000000	
0.000000	0.000000	0.000000	0.315474	0.948935	
0.000000	0.000000	1.000000	0.000000	0.000000	
0.000002	0.398731	0.000016	0.821348	0.408865	
0.000150	0.000000	0.706521	0.000000	0.707696	
0.407016	0.000000	0.817605	0.408780	0.000000	
0.414900	0.000000	0.000001	0.417574	0.842089	
0.000000	0.000000	0.316258	0.000000	0.948673	
0.948596	0.000000	0.000000	0.316500	0.000000	
0.404238	0.817144	0.411487	0.000000	0.000000	
0.001582	0.946247	0.000000	0.323467	0.000000	
1.000000	0.000000	0.000000	0.000000	0.000000	
0.000000	0.000000	0.000000	1.000000	0.000000	
0.000000	0.000000	0.000000	0.947027	0.321155	
0.500514	0.000000	0.498492	0.500499	0.500515	
0.000000	0.708692	0.000000	0.000000	0.705528	
0.000001	0.707587	0.707415	0.000000	0.000000	
0.407710	0.407106	0.000000	0.817728	0.000000	
0.408526	0.000000	0.408713	0.000000	0.816147	
0.398794	0.418206	0.000000	0.000000	0.816130	
0.816971	0.407007	0.000000	0.408539	0.000000	
0.000008	0.409172	0.409357	0.000000	0.817454	
0.000000	0.000000	0.000000	0.699392	0.714757	
0.000000	0.000000	0.948684	0.000000	0.316329	
0.000001	0.000000	0.410190	0.409906	0.815439	
0.408351	0.000000	0.408280	0.816429	0.000000	
0.502298	0.498008	0.500195	0.000348	0.499606	
0.821229	0.000000	0.408778	0.410587	0.000000	
0.000000	0.000000	0.316412	0.948622	0.000000	
0.000000	0.000000	0.000000	0.000000	1.000000	
0.000454	0.000000	0.065801	0.771814	0.634887	
0.633513	0.000000	0.000000	0.637596	0.505001	
0.948654	0.000000	0.000000	0.000000	0.316318	
0.388208	0.132336	0.696910	0.572936	0.134672	
0.225996	0.217877	0.000002	0.949512	0.000000	
0.447090	0.000000	0.898104	0.000000	0.000000	
0.707042	0.705469	0.000283	0.072589	0.000000	
0.000000	0.000000	0.000000	1.005534	0.000000	
0.011755	0.701025	0.000000	0.000000	0.714366	
0.257303	0.775769	0.406835	0.408636	0.000000	
0.895520	0.000000	0.445250	0.000000	0.000000	
0.000005	0.914180	0.000022	0.000000	0.409387	
0.564279	0.593547	0.000000	0.405140	0.407172	
0.728510	0.496090	0.266236	0.000000	0.410166	
0.675814	0.175385	0.000000	0.719936	0.000000	
0.023797	0.262248	0.299970	0.000000	0.916888	
0.408426	0.000000	0.820030	0.004992	0.404268	
0.000000	0.948394	0.317093	0.000000	0.000000	
0.893450	0.448938	0.000000	0.000000	0.014236	
0.000000	0.000000	0.949884	0.312795	0.000000	
0.707600	0.000000	0.707429	0.000000	0.006983	
0.002352	0.000000	1.000178	0.000000	0.000000	
0.452231	0.000000	0.515163	0.000000	0.728080	
0.676655	0.002194	0.664899	0.000000	0.316321	
0.015055	0.815816	0.000000	0.578117	0.000000	
0.001418	0.848385	0.035416	0.290266	0.442804	
0.103599	0.000000	0.208004	0.000000	0.977219	
0.582386	0.064132	0.041611	0.042398	0.842460	
0.069649	0.943548	0.000000	0.324868	0.000058	
0.069440	0.993508	0.091083	0.000000	0.000000	
