0.840816	0.000263	0.000000	0.420743	0.420220	
0.000000	0.407823	0.408629	0.816519	0.000000	
0.002444	0.309374	0.951154	0.000000	0.000000	
0.811413	0.416908	0.409813	0.000000	0.000000	
0.000000	0.706408	0.707805	0.000000	0.000000	
0.497940	0.000003	0.500862	0.499425	0.501764	
0.000000	0.000000	0.410329	0.410890	0.814188	
0.000000	0.000001	0.408784	0.816123	0.408459	
0.001249	0.405493	0.819629	0.405568	0.000000	
0.315579	0.000000	0.948988	0.000000	0.000000	
0.951164	0.000000	0.000000	0.000000	0.317145	
0.000000	0.000000	1.000000	0.000000	0.000000	
0.947910	0.319247	0.000000	0.000000	0.000000	
0.000007	0.408782	0.000000	0.816120	0.408467	
0.499688	0.498458	0.000000	0.500054	0.501808	
0.000000	0.316013	0.000000	0.949611	0.000000	
0.706647	0.000000	0.708044	0.000000	0.000000	
0.409821	0.000000	0.000000	0.411161	0.814246	
0.000270	0.000714	0.948242	0.000000	0.318263	
0.000000	0.000000	0.000000	0.948708	0.316242	
0.405495	0.000002	0.819629	0.405568	0.000000	
0.000000	0.967560	0.000000	0.000000	0.321990	
0.000000	0.000000	0.000000	0.315643	0.949115	
0.000000	0.000000	0.706712	0.707505	0.000000	
0.408747	0.407669	0.000000	0.000000	0.816542	
0.830942	0.000000	0.422264	0.421617	0.000000	
0.948331	0.000000	0.317287	0.000024	0.000000	
0.406189	0.817196	0.408916	0.000000	0.000000	
0.000001	0.000000	0.707517	0.000000	0.706697	
0.410029	0.000439	0.411233	0.000000	0.814210	
0.316675	0.000000	0.000000	0.000000	0.948534	
0.000000	0.000000	0.948396	0.317090	0.000000	
0.000000	0.000000	0.000000	1.000003	0.000000	
0.315102	0.949644	0.000000	0.000000	0.000000	
0.411400	0.817853	0.000000	0.405097	0.000000	
0.000000	0.813288	0.417323	0.405468	0.000000	
0.000001	0.411632	0.404592	0.000000	0.818049	
0.816475	0.000000	0.412749	0.000000	0.403934	
0.000999	0.816453	0.000000	0.408552	0.408045	
0.000000	0.702982	0.000000	0.711209	0.000003	
0.000000	0.000000	0.313847	0.950054	0.000000	
0.000000	0.500213	0.498484	0.502323	0.499135	
0.000000	0.713095	0.000000	0.000000	0.710364	
0.000000	0.000000	0.319076	0.000000	0.948772	
0.814519	0.408979	0.000000	0.411487	0.000000	
0.000000	1.000000	0.000000	0.000000	0.000000	
0.407828	0.000000	0.408634	0.816514	0.000000	
0.498265	0.501062	0.499734	0.503553	0.000000	
0.706126	0.708744	0.000000	0.000481	0.000000	
0.948751	0.000000	0.000000	0.316033	0.000000	
0.000001	0.949295	0.314389	0.000000	0.000000	
0.315757	0.000000	0.000000	0.948841	0.000000	
1.000000	0.000000	0.000000	0.000000	0.000000	
0.000019	0.000000	0.819877	0.404861	0.405178	
0.708344	0.000000	0.000000	0.000000	0.707943	
0.000006	0.948551	0.000000	0.316625	0.000000	
0.407190	0.000000	0.000000	0.817422	0.407524	
0.406355	0.407358	0.817884	0.000000	0.000000	
0.000000	0.000000	0.000000	0.000000	1.000036	
0.499919	0.500763	0.501528	0.000000	0.498330	
0.725623	0.000000	0.000000	0.724143	0.000000	
0.406662	0.817478	0.000000	0.000000	0.407873	
0.000000	0.409820	0.000000	0.411161	0.814245	
0.000133	0.000016	0.000000	0.707574	0.706643	
0.407359	0.408869	0.000000	0.816630	0.000000	
0.407623	0.000000	0.817344	0.000000	0.407193	
0.816534	0.408530	0.000000	0.000000	0.409098	
0.000000	0.317857	0.000000	0.000000	0.948139	
0.000013	0.813800	0.413941	0.000000	0.408581	
0.000000	0.407326	0.816748	0.000000	0.408666	
0.406486	0.000000	0.821840	0.414738	0.000000	
0.109807	0.000000	0.000000	0.979969	0.170363	
0.000003	0.743662	0.530365	0.000000	0.407721	
0.000000	0.948851	0.000000	0.000000	0.315740	
0.000008	0.447940	0.000000	0.894296	0.000000	
0.223127	0.440695	0.764667	0.413875	0.000000	
0.000019	0.000000	0.827525	0.389229	0.404843	
0.938129	0.000000	0.308579	0.000000	0.164747	
0.105527	0.575102	0.577717	0.581246	0.000000	
0.179825	0.176195	0.322683	0.690204	0.596979	
0.505519	0.000003	0.499478	0.502529	0.504883	
0.001816	0.285785	0.366304	0.653190	0.600023	
0.000000	0.400381	0.101630	0.824697	0.412760	
0.384029	0.923979	0.000000	0.000000	0.011114	
0.711948	0.000000	0.000000	0.000000	0.706015	
0.000001	1.000001	0.000000	0.000000	0.000000	
0.771416	0.252383	0.600285	0.000000	0.000000	
0.000000	0.706408	0.707805	0.000000	0.000000	
0.577753	0.000193	0.001647	0.816318	0.000000	
0.000020	0.000000	0.905660	0.200251	0.411002	
0.316677	0.003387	0.000000	0.000000	0.948592	
0.000000	0.913324	0.407248	0.000000	0.000000	
0.000006	0.945098	0.000000	0.339547	0.000000	
0.399903	0.823536	0.000000	0.405097	0.000000	
0.599192	0.797753	0.000000	0.073769	0.000000	
0.478313	0.224999	0.776293	0.000000	0.352575	
0.406738	0.038939	0.409405	0.818055	0.000000	
0.000000	0.407326	0.816748	0.000000	0.408666	
0.948553	0.000000	0.000000	0.316625	0.000000	
0.395435	0.095469	0.000000	0.816632	0.409492	
