0.315969	0.000000	0.000000	0.000000	0.948770	
0.815665	0.000000	0.000000	0.411285	0.408354	
0.407151	0.815513	0.000000	0.411303	0.000000	
0.500971	0.501834	0.000000	0.500836	0.497853	
0.000000	0.317041	0.948412	0.000000	0.000000	
0.501011	0.000000	0.501477	0.500667	0.496852	
0.816786	0.000844	0.415295	0.000000	0.406614	
0.000000	0.408761	0.000000	0.816431	0.407867	
0.406699	0.407444	0.817671	0.000000	0.000000	
0.000031	0.000001	0.000060	0.708407	0.705809	
0.000173	0.409621	0.000000	0.410025	0.819583	
0.000000	0.000000	0.000000	0.952593	0.318524	
0.000001	0.000022	0.409041	0.816945	0.406971	
0.000000	0.000000	0.000000	1.000000	0.000000	
0.000000	0.000000	1.000000	0.000000	0.000000	
0.000004	0.949285	0.314416	0.000000	0.000000	
0.316852	0.948475	0.000000	0.000000	0.000000	
0.408913	0.000000	0.000000	0.816735	0.408298	
0.408296	0.408452	0.000000	0.000000	0.817558	
0.948688	0.000000	0.000000	0.316214	0.000000	
0.705255	0.000000	0.000000	0.708955	0.000000	
0.000000	0.000000	0.316940	0.000000	0.948462	
0.406335	0.818606	0.000000	0.000000	0.405935	
0.407691	0.814881	0.412023	0.000000	0.000000	
0.707874	0.003069	0.707496	0.000285	0.000000	
0.000000	0.000000	0.709068	0.000000	0.705165	
0.949120	0.314916	0.000000	0.000000	0.000000	
0.500708	0.500830	0.501039	0.000000	0.497527	
0.000003	0.816000	0.408505	0.000000	0.408987	
0.000000	0.707343	0.706959	0.000000	0.000000	
0.407564	0.000000	0.818110	0.000002	0.405698	
0.000005	0.814720	0.412379	0.407651	0.000000	
0.000000	0.405969	0.410957	0.000000	0.816274	
0.316316	0.000000	0.000000	0.948657	0.000000	
0.000000	0.000000	0.706795	0.707419	0.000000	
0.705972	0.000000	0.000000	0.000000	0.708241	
0.000023	0.410803	0.406240	0.816633	0.000000	
0.000000	0.000000	0.408197	0.408584	0.816355	
0.317041	0.000000	0.948412	0.000000	0.000000	
0.406386	0.000000	0.409572	0.000000	0.816833	
0.000000	0.819259	0.000000	0.405313	0.405630	
0.814817	0.410350	0.000000	0.000000	0.409496	
0.000000	0.000000	0.948781	0.315934	0.000000	
0.815361	0.000000	0.411111	0.407646	0.000000	
0.000000	1.000000	0.000000	0.000000	0.000000	
1.000000	0.000000	0.000000	0.000000	0.000000	
0.000000	0.706223	0.000000	0.000000	0.707990	
0.407516	0.000000	0.409263	0.816358	0.000000	
0.948622	0.000000	0.316411	0.000000	0.000000	
0.000003	0.000009	0.000029	0.318129	0.948136	
0.000626	0.707575	0.000000	0.707550	0.000000	
0.001581	0.949363	0.000000	0.314180	0.000000	
0.000003	0.313263	0.000000	0.000000	0.949739	
0.818390	0.409328	0.406125	0.000000	0.000000	
0.000004	0.406597	0.817522	0.000003	0.407845	
0.000008	0.000024	0.819650	0.404460	0.407142	
0.000000	0.000000	0.954911	0.000000	0.326158	
0.501559	0.499838	0.498563	0.500340	0.000000	
0.408647	0.412870	0.000000	0.814155	0.000000	
0.409908	0.000000	0.816490	0.406670	0.000000	
0.000169	0.948707	0.000000	0.000000	0.316162	
0.946734	0.000000	0.000000	0.000000	0.322016	
0.000000	0.000000	0.000000	0.000000	1.001758	
0.705780	0.708431	0.000000	0.000000	0.000000	
0.814873	0.410275	0.000000	0.409459	0.000000	
0.000009	0.408936	0.816537	0.407684	0.000000	
0.000000	0.000000	0.316279	0.948721	0.000000	
0.000000	0.315519	0.000000	0.948919	0.000000	
0.000000	0.501369	0.501097	0.500656	0.496866	
0.407375	0.000000	0.000000	0.409512	0.816370	
0.000004	0.892688	0.446897	0.000000	0.059241	
0.001581	0.949363	0.000000	0.314180	0.000000	
0.026839	0.407864	0.015528	0.816945	0.406971	
0.597849	0.595394	0.441341	0.309515	0.000000	
0.002282	0.219000	0.000000	0.214718	0.954468	
0.815821	0.000000	0.000000	0.410708	0.408300	
0.314858	0.949139	0.000000	0.000000	0.000000	
0.948622	0.000000	0.316411	0.000000	0.000000	
0.000005	0.814720	0.412379	0.407651	0.000000	
0.912329	0.000022	0.000000	0.409459	0.000000	
0.000031	0.000001	0.000060	0.708407	0.705809	
0.340314	0.000351	0.156418	0.000000	0.927810	
0.285583	0.000000	0.846167	0.000000	0.466179	
0.045022	0.016591	0.714493	0.000000	0.712160	
0.007735	0.640214	0.297544	0.706686	0.048323	
0.705810	0.000000	0.000000	0.709513	0.000000	
0.000034	0.023320	0.970451	0.000000	0.240425	
0.796735	0.598592	0.000000	0.000000	0.083071	
0.603560	0.588588	0.000000	0.487073	0.228783	
0.000000	0.000000	0.000000	1.022276	0.000000	
0.407760	0.000000	0.000000	0.409900	0.817142	
0.401187	0.401922	0.824432	0.000000	0.000000	
0.408660	0.412884	0.000000	0.814181	0.000000	
0.410013	0.000000	0.816699	0.406144	0.000000	
0.026559	0.000025	0.706296	0.707419	0.000000	
0.576950	0.000000	0.000000	0.000000	0.816786	
0.000000	0.000000	0.000000	0.000000	1.001771	
0.095466	0.036181	0.301293	0.000000	0.948109	
0.001468	0.881386	0.000000	0.226721	0.414434	
0.000020	0.000001	0.000039	0.460147	0.889886	
