0.000000	0.000000	0.000000	0.000000	1.000000	
0.948068	0.318068	0.000000	0.000000	0.000000	
0.000018	0.000000	0.816063	0.410969	0.408595	
0.000000	0.000000	0.948254	0.000000	0.317513	
0.000012	0.818678	0.409519	0.000000	0.402567	
0.000000	0.815844	0.000000	0.409577	0.408222	
0.000015	0.000000	0.704910	0.709298	0.000000	
0.000000	0.000000	0.000000	0.315664	0.948871	
0.000000	0.405958	0.000000	0.820121	0.403240	
0.000000	0.311812	0.000000	0.000000	0.950144	
0.499020	0.000000	0.501477	0.502697	0.497442	
0.406742	0.000000	0.817339	0.408066	0.000000	
0.000000	0.316692	0.000000	0.948529	0.000000	
0.406265	0.817344	0.408538	0.000000	0.000000	
0.710928	0.712683	0.000000	0.000000	0.000000	
0.409495	0.410506	0.821212	0.000000	0.000000	
0.000000	0.000000	0.314017	0.949417	0.000000	
0.500021	0.500856	0.501148	0.000000	0.497991	
0.404879	0.000000	0.000000	0.818185	0.408223	
0.815585	0.410668	0.000000	0.407644	0.000000	
0.815929	0.000000	0.409548	0.408081	0.000000	
0.000000	1.000000	0.000000	0.000000	0.000000	
0.000000	0.411869	0.814771	0.408067	0.000000	
0.407488	0.408927	0.000000	0.000000	0.816537	
0.000000	0.000000	0.948570	0.316578	0.000000	
0.815844	0.000624	0.000000	0.409577	0.408222	
0.948468	0.000000	0.000000	0.317037	0.000000	
0.408253	0.816591	0.000000	0.408067	0.000000	
0.000000	0.412531	0.814076	0.000000	0.408778	
0.000001	0.408868	0.000000	0.409807	0.815405	
0.402274	0.414247	0.000000	0.816444	0.000000	
0.948570	0.000000	0.316568	0.000000	0.000000	
0.813309	0.416132	0.408169	0.000000	0.000000	
0.408417	0.000000	0.000000	0.409344	0.816760	
0.706847	0.000000	0.000000	0.000000	0.707373	
0.000007	0.000000	0.409106	0.818911	0.415899	
0.000000	0.409474	0.408311	0.000000	0.815852	
0.406256	0.000000	0.815479	0.000000	0.412250	
0.000009	0.000000	0.408093	0.410633	0.815379	
0.499094	0.500133	0.496342	0.504408	0.000000	
0.000002	0.948469	0.000000	0.000000	0.316875	
0.000001	0.706844	0.000000	0.000000	0.707370	
0.314333	0.949450	0.000000	0.000000	0.000000	
0.000001	0.706295	0.000000	0.707918	0.000000	
0.313092	0.000000	0.954309	0.000000	0.000000	
0.000248	0.491480	0.507727	0.501043	0.499617	
0.000013	0.000000	0.317176	0.000000	0.948367	
0.000000	0.000000	0.000000	0.720446	0.713477	
1.000000	0.000000	0.000000	0.000000	0.000000	
0.000002	0.947709	0.000000	0.319146	0.000000	
0.706566	0.000000	0.707669	0.000000	0.000000	
0.000000	0.000000	0.706062	0.000000	0.708150	
0.000000	0.708112	0.706100	0.000000	0.000000	
0.000000	0.815929	0.409548	0.408081	0.000000	
0.407866	0.816085	0.000000	0.000000	0.409453	
0.319317	0.000000	0.000000	0.000000	0.947648	
0.499683	0.501448	0.000000	0.501564	0.497296	
0.000000	0.000000	0.000000	0.948609	0.316456	
0.815001	0.000000	0.410040	0.000000	0.409440	
0.816519	0.408179	0.000000	0.000000	0.408273	
0.000000	0.000000	0.000000	1.000000	0.000000	
0.000044	0.948819	0.315819	0.000000	0.000005	
0.408554	0.000000	0.408051	0.816442	0.000000	
0.707584	0.000000	0.000000	0.707497	0.000000	
0.409474	0.000000	0.408311	0.000000	0.815851	
0.000000	0.000000	1.000000	0.000000	0.000000	
0.000001	0.319608	0.947550	0.000000	0.000000	
0.947792	0.000000	0.000000	0.000000	0.318946	
0.000000	0.408925	0.407680	0.816442	0.000000	
0.313819	0.000000	0.000000	0.949483	0.000007	
0.000000	0.708241	0.706229	0.000000	0.000000	
0.001754	0.985844	0.000000	0.000000	0.167665	
0.468254	0.000000	0.000000	0.883594	0.000000	
0.270139	0.574499	0.799100	0.000000	0.000000	
0.023931	0.012050	0.912748	0.407644	0.000000	
0.180236	0.001888	0.187521	0.184425	0.947806	
0.948819	0.000000	0.315819	0.000000	0.000000	
0.316533	0.000000	0.948582	0.000000	0.000000	
0.577551	0.000000	0.580395	0.581807	0.000806	
0.000000	0.000000	0.000000	0.487643	0.873045	
0.706725	0.000000	0.000000	0.708354	0.000000	
0.404879	0.000000	0.000000	0.818185	0.408223	
0.948497	0.318211	0.000000	0.000000	0.000000	
0.406302	0.000000	0.815571	0.000000	0.412297	
0.001183	0.012678	0.000000	0.009647	0.999931	
0.849939	0.000650	0.000000	0.333103	0.408222	
0.643491	0.644815	0.000000	0.000056	0.424556	
0.409622	0.000000	0.408458	0.000000	0.816166	
0.000000	0.581721	0.011251	0.816776	0.000000	
0.000018	0.000000	0.812870	0.409361	0.416272	
0.000013	0.868401	0.468088	0.000000	0.206674	
0.001621	0.911276	0.376117	0.000000	0.167665	
0.885403	0.253529	0.398572	0.000000	0.000000	
0.902420	0.000000	0.000000	0.446259	0.000000	
0.137146	0.000000	0.959321	0.000000	0.246767	
0.484853	0.815072	0.000849	0.319372	0.000000	
0.000010	0.000000	0.444605	0.370806	0.815372	
0.405608	0.410791	0.000000	0.000000	0.816537	
0.519004	0.480302	0.575068	0.040008	0.409440	
0.864300	0.000000	0.433828	0.287915	0.000000	
