0.498662	0.498588	0.000000	0.504206	0.498520	
0.408234	0.000000	0.000000	0.408869	0.816900	
0.000001	0.947503	0.000000	0.319753	0.000000	
0.000129	0.000006	0.000104	0.947860	0.318737	
0.407579	0.407383	0.817264	0.000000	0.000000	
0.815626	0.409488	0.000000	0.408747	0.000000	
0.000000	0.409704	0.410269	0.000000	0.814753	
0.000000	0.000000	0.948784	0.315925	0.000000	
0.000000	0.000000	0.412938	0.411823	0.812885	
0.407541	0.407822	0.000000	0.817062	0.000000	
0.706989	0.707313	0.000000	0.000000	0.000000	
0.811945	0.419682	0.000000	0.000000	0.408130	
1.000000	0.000000	0.000000	0.000000	0.000000	
0.000000	1.000000	0.000000	0.000000	0.000000	
0.000002	0.816591	0.409228	0.000000	0.407196	
0.000000	0.000000	0.949154	0.000000	0.314812	
0.946411	0.000000	0.000000	0.322973	0.000000	
0.000000	0.948683	0.000000	0.000000	0.316229	
0.501260	0.501079	0.496932	0.500726	0.000004	
0.408145	0.816265	0.000000	0.408814	0.000000	
0.000000	0.823298	0.401012	0.409612	0.000000	
0.000000	0.316446	0.000000	0.000000	0.948612	
0.000001	0.817430	0.000000	0.409055	0.405570	
0.000001	0.406920	0.817694	0.000000	0.407176	
0.499352	0.499282	0.495372	0.000000	0.506005	
0.005206	0.411949	0.412963	0.815684	0.000000	
0.816608	0.000000	0.409951	0.000000	0.407368	
0.949145	0.314853	0.000000	0.000000	0.000000	
0.000000	0.000000	0.000000	1.000077	0.000000	
0.404771	0.000003	0.816847	0.414437	0.000000	
0.000000	0.000000	0.410857	0.815261	0.408127	
0.000000	0.707959	0.000000	0.706264	0.000000	
0.000000	0.319588	0.954651	0.000000	0.000000	
0.724135	0.000000	0.000000	0.000000	0.723992	
0.706619	0.000000	0.707594	0.000000	0.000000	
0.000000	0.402123	0.819644	0.408513	0.000000	
0.000000	0.952670	0.304516	0.000000	0.000000	
0.000000	0.706619	0.707594	0.000000	0.000000	
0.000000	0.000000	0.707177	0.000000	0.707037	
0.000000	0.000000	0.000000	0.000000	1.000000	
0.000000	0.000000	0.313641	0.949542	0.000000	
0.410477	0.413629	0.000000	0.000000	0.817791	
0.407580	0.816956	0.408537	0.000000	0.000000	
0.000002	0.405068	0.000000	0.819108	0.408048	
0.000394	0.413855	0.000000	0.412499	0.814439	
0.315858	0.000000	0.000000	0.948806	0.000000	
0.000000	0.000000	0.815538	0.409970	0.408439	
0.000000	0.707022	0.000000	0.000000	0.707193	
0.000000	0.501980	0.501835	0.501512	0.502218	
0.814580	0.000000	0.000000	0.411884	0.408434	
0.316070	0.000000	0.000000	0.000000	0.948736	
0.316268	0.948670	0.000000	0.000000	0.000000	
0.814953	0.407313	0.412248	0.000000	0.000000	
0.000000	0.000000	0.316105	0.000000	0.948724	
0.707956	0.000000	0.000000	0.706261	0.000000	
0.406684	0.000000	0.817219	0.000000	0.408365	
0.949828	0.000000	0.000000	0.000000	0.316484	
0.000001	0.000000	0.000000	0.707238	0.706976	
0.000000	0.000000	0.000000	0.315282	0.948998	
0.409704	0.000000	0.410269	0.000000	0.814753	
0.407466	0.817005	0.000000	0.000000	0.408024	
0.317693	0.000000	0.948989	0.000000	0.000000	
0.948674	0.000000	0.316255	0.000000	0.000000	
0.405812	0.000000	0.405820	0.818918	0.000000	
0.000000	0.315858	0.000000	0.948806	0.000000	
0.503357	0.000000	0.501734	0.502150	0.502857	
0.405068	0.000101	0.000000	0.819108	0.408048	
0.000000	0.000000	1.000000	0.000000	0.000000	
0.000000	0.000000	0.708062	0.706150	0.000000	
0.816372	0.000008	0.411644	0.409406	0.000000	
0.408172	0.816318	0.021306	0.408499	0.000000	
0.000000	0.619633	0.619455	0.032780	0.506656	
0.001224	0.002085	0.952162	0.306866	0.000000	
0.316070	0.000000	0.000000	0.000000	0.948736	
0.000979	0.000000	0.015019	0.999964	0.000000	
0.000000	0.000000	0.814487	0.409441	0.411058	
0.816487	0.409920	0.000000	0.409178	0.000000	
0.000002	0.405068	0.000000	0.819108	0.408048	
0.406727	0.815246	0.412248	0.000000	0.000000	
0.004724	0.000000	0.313605	0.949542	0.000000	
0.000000	0.823298	0.401012	0.409612	0.000000	
0.000001	0.695735	0.736313	0.064347	0.000000	
0.709383	0.000000	0.710361	0.000000	0.000000	
0.573163	0.573078	0.076069	0.582081	0.000000	
0.033127	0.509669	0.236697	0.829206	0.014073	
0.452440	0.078960	0.322013	0.827878	0.000463	
0.000000	0.474208	0.525159	0.000000	0.707749	
0.424875	0.851913	0.000000	0.000000	0.306162	
0.000000	0.535920	0.535766	0.425537	0.502218	
0.318125	0.000000	0.950280	0.000000	0.000000	
0.826725	0.000000	0.511559	0.000000	0.255761	
0.703499	0.000000	0.000000	0.712190	0.000000	
0.000000	0.000000	0.000000	0.201372	0.979569	
0.000000	0.976834	0.002953	0.000000	0.214286	
0.000000	0.000000	0.000000	0.709698	0.709435	
0.867717	0.000000	0.004124	0.283254	0.408432	
0.410485	0.413637	0.000000	0.000000	0.817807	
0.142416	0.419232	0.028004	0.897119	0.000000	
0.010298	0.557381	0.000000	0.000000	0.830193	
0.412866	0.000000	0.000000	0.411898	0.812887	
