0.000008	0.409144	0.409329	0.000000	0.817398	
0.814546	0.409296	0.411087	0.000000	0.000000	
0.816971	0.407007	0.000000	0.408539	0.000000	
0.499281	0.498899	0.499780	0.502039	0.000000	
0.000000	0.000000	1.000000	0.000000	0.000000	
0.000001	0.000000	0.410190	0.409906	0.815439	
0.000000	0.817560	0.406951	0.408753	0.000000	
0.948691	0.316205	0.000000	0.000000	0.000000	
0.817467	0.000000	0.406905	0.408706	0.000000	
0.704674	0.000000	0.000000	0.709651	0.000000	
0.000000	0.000000	0.316412	0.948622	0.000000	
0.411995	0.815525	0.000000	0.407592	0.000000	
0.000000	0.000000	0.316258	0.000000	0.948673	
0.315193	0.000000	0.949028	0.000000	0.000000	
0.000000	0.000000	0.000000	0.315496	0.948927	
0.000002	0.326870	0.000013	0.000000	0.945474	
0.000000	0.000000	0.948684	0.000000	0.316329	
0.000000	0.395294	0.822767	0.000000	0.408418	
0.000000	0.000000	0.000000	0.000000	1.000015	
0.000000	0.000000	0.000000	1.000000	0.000000	
0.000000	0.000001	0.815596	0.410277	0.408197	
0.815726	0.409883	0.000000	0.000000	0.408151	
0.000000	0.948320	0.317321	0.000000	0.000000	
0.406611	0.000000	0.000001	0.409231	0.835936	
0.000000	0.000000	0.701299	0.000000	0.713326	
0.707168	0.000000	0.707045	0.000000	0.000000	
0.000000	0.000000	0.000000	0.947027	0.321155	
0.000000	0.000000	0.000000	0.699392	0.714757	
0.407039	0.000000	0.817245	0.000000	0.408127	
0.502298	0.498008	0.500195	0.000348	0.499606	
0.948930	0.000000	0.316814	0.000000	0.000000	
0.318925	0.000000	0.000000	0.000000	0.960953	
0.948593	0.000000	0.000000	0.316499	0.000000	
0.404275	0.819219	0.000000	0.000000	0.406971	
0.000000	0.313900	0.000000	0.949458	0.000000	
0.000000	0.000000	0.707576	0.706638	0.000000	
0.000000	0.409125	0.000000	0.406585	0.817096	
0.000000	1.000000	0.000000	0.000000	0.000000	
0.817720	0.000002	0.000000	0.409199	0.407492	
0.000000	0.000000	0.403724	0.816878	0.411968	
0.000001	0.315211	0.949121	0.000000	0.000000	
0.401812	0.415454	0.000000	0.000000	0.816280	
0.406875	0.000000	0.817322	0.408380	0.000000	
0.316441	0.000000	0.000027	0.948708	0.000000	
0.000001	0.708370	0.000000	0.000000	0.708603	
0.706860	0.707354	0.000000	0.000000	0.000000	
0.949381	0.000000	0.000000	0.000001	0.314131	
0.000000	0.000000	0.947384	0.320319	0.000000	
0.500514	0.000000	0.498492	0.500499	0.500515	
0.408514	0.409788	0.815594	0.000000	0.000000	
0.404238	0.817144	0.411487	0.000000	0.000000	
1.000000	0.000000	0.000000	0.000000	0.000000	
0.000000	0.816840	0.000000	0.408759	0.407048	
0.496008	0.499996	0.000000	0.504251	0.499713	
0.000002	0.398731	0.000016	0.821348	0.408865	
0.708672	0.000000	0.000068	0.000511	0.724241	
0.813784	0.002597	0.409056	0.000000	0.412821	
0.000000	0.815678	0.410006	0.000000	0.408124	
0.000005	0.948823	0.000000	0.000975	0.315881	
0.417642	0.000000	0.417294	0.000001	0.833820	
0.000001	0.707577	0.707405	0.000000	0.000000	
0.405428	0.409379	0.000000	0.817728	0.000000	
0.000000	0.706281	0.000000	0.707971	0.000000	
0.316285	0.948703	0.000000	0.000001	0.000000	
0.000000	0.407400	0.399155	0.822228	0.000000	
0.403773	0.000000	0.001276	0.816982	0.412021	
0.000001	0.406199	0.815963	0.411523	0.000000	
0.001582	0.946247	0.000000	0.323467	0.000000	
0.000001	0.500740	0.500653	0.501694	0.496900	
0.408351	0.000000	0.408280	0.816429	0.000000	
0.191495	0.000000	0.000000	0.982155	0.000000	
0.047930	0.677707	0.607640	0.411528	0.000000	
0.000003	0.548708	0.390136	0.000692	0.739822	
0.707169	0.000000	0.707045	0.000000	0.000000	
0.101363	0.000000	0.000000	0.994850	0.000000	
0.000000	0.313902	0.000000	0.949464	0.000000	
0.941581	0.000000	0.000000	0.336795	0.000000	
0.461438	0.881992	0.000000	0.078921	0.054499	
0.463153	0.459197	0.461213	0.443848	0.407401	
0.329513	0.330540	0.896831	0.000000	0.000000	
0.826105	0.388132	0.000000	0.408539	0.000000	
0.301145	0.000000	0.000029	0.000041	0.953621	
0.010369	0.000000	0.738726	0.537899	0.410705	
0.000000	0.000000	0.316267	0.000000	0.948701	
0.001043	0.000077	0.917490	0.000000	0.410134	
0.044879	0.589418	0.000000	0.000000	0.834850	
0.015065	0.011003	0.440268	0.891619	0.107527	
0.999946	0.003191	0.000000	0.009871	0.000000	
0.506659	0.000000	0.000001	0.261983	0.826508	
0.005696	0.379453	0.000000	0.753661	0.537147	
0.000002	0.823473	0.000000	0.590099	0.000000	
0.921693	0.000000	0.416014	0.000000	0.000000	
0.000000	0.893996	0.449373	0.000000	0.000000	
0.435032	0.847170	0.000000	0.307167	0.000000	
0.410611	0.413725	0.000000	0.812940	0.000000	
0.500300	0.504323	0.000000	0.508615	0.503919	
0.699186	0.704808	0.000000	0.046167	0.112367	
0.129848	0.396891	0.126534	0.000000	0.901325	
0.415452	0.000000	0.922080	0.000000	0.000000	
0.000000	0.074888	0.037643	0.000000	1.008996	
