0.404926	0.818775	0.000000	0.000000	0.407007	
0.000001	0.000004	0.708968	0.705242	0.000000	
0.000000	0.316253	0.000000	0.000000	0.948679	
0.000049	0.409447	0.000000	0.409788	0.815998	
0.000004	0.325303	0.000000	0.947157	0.000000	
0.816404	0.000000	0.000000	0.407284	0.409408	
0.403927	0.409570	0.000000	0.000000	0.817985	
0.000000	1.000000	0.000000	0.000000	0.000000	
0.497715	0.495572	0.000000	0.507351	0.499286	
0.002426	0.314961	0.949123	0.000000	0.000000	
0.000001	0.949942	0.314283	0.000000	0.000000	
0.000000	0.000000	0.408057	0.817711	0.406004	
0.000000	0.000000	0.000000	1.000000	0.000000	
0.408944	0.000000	0.817650	0.000000	0.408370	
0.409085	0.411165	0.815435	0.000000	0.000000	
0.000002	0.410187	0.816628	0.000000	0.408208	
0.000000	0.816728	0.410594	0.000000	0.405719	
0.413492	0.000000	0.411786	0.000000	0.819495	
0.948729	0.000000	0.316093	0.000000	0.000000	
0.316393	0.000000	0.000000	0.952502	0.000000	
0.816146	0.409090	0.000000	0.000000	0.408225	
0.000000	0.000000	0.949650	0.000000	0.313313	
0.948575	0.000000	0.000000	0.316555	0.000000	
0.000000	0.000000	1.000000	0.000000	0.000000	
0.000000	0.000000	0.706361	0.000000	0.707852	
0.406900	0.000000	0.817416	0.407755	0.000000	
0.000433	0.000463	0.000000	0.316762	0.950208	
0.816519	0.408009	0.408445	0.000000	0.000000	
0.410929	0.000000	0.408305	0.815960	0.000000	
0.314966	0.000000	0.949109	0.000000	0.000000	
0.314887	0.949129	0.000000	0.000000	0.000000	
0.500656	0.500562	0.499470	0.000000	0.499315	
0.705972	0.000000	0.000000	0.708259	0.000000	
0.000001	0.706813	0.000000	0.707401	0.000000	
0.000000	0.000000	0.000000	0.000000	1.000033	
0.000000	0.000000	0.317334	0.948315	0.000000	
0.316252	0.000000	0.000000	0.000000	0.948675	
0.816565	0.409608	0.000000	0.408595	0.000000	
0.500122	0.000002	0.500315	0.499504	0.500060	
0.407138	0.815613	0.411710	0.000000	0.000000	
0.000000	0.407262	0.000000	0.815246	0.411743	
0.000000	0.411396	0.408769	0.816886	0.000000	
1.000000	0.000000	0.000000	0.000000	0.000000	
0.000000	0.000000	0.000000	0.709615	0.704590	
0.500486	0.502938	0.497922	0.498708	0.000000	
0.409442	0.000000	0.000000	0.409783	0.815988	
0.403808	0.406775	0.000000	0.819683	0.000000	
0.000009	0.000002	0.407643	0.407982	0.816932	
0.707072	0.000000	0.708660	0.000000	0.000000	
0.000001	0.948770	0.000000	0.000000	0.315970	
0.816112	0.000000	0.409414	0.000000	0.407850	
0.707459	0.000000	0.000000	0.000000	0.706759	
0.000000	0.000000	0.317889	0.000000	0.948128	
0.000000	0.000000	0.952666	0.317734	0.000000	
0.000001	0.411027	0.409327	0.000000	0.814604	
0.959394	0.321384	0.000000	0.000000	0.000000	
0.950241	0.000000	0.000000	0.000000	0.316917	
0.407307	0.000000	0.000000	0.817035	0.408122	
0.000011	0.819711	0.405582	0.409053	0.000000	
0.000002	0.708571	0.705640	0.000000	0.000000	
0.000000	0.000000	0.000000	0.948633	0.316380	
0.000000	0.000000	0.817387	0.408704	0.406004	
0.704516	0.709692	0.000000	0.000000	0.000000	
0.408750	0.818593	0.000000	0.403539	0.000000	
0.000000	0.404925	0.818099	0.409253	0.000000	
0.809617	0.000001	0.413414	0.419723	0.000000	
0.000094	0.816408	0.000000	0.407286	0.409410	
0.000000	0.695928	0.000000	0.000000	0.719070	
0.000000	0.503017	0.503152	0.502424	0.495424	
0.000013	0.950636	0.000000	0.314926	0.000000	
0.409722	0.000000	0.000000	0.410063	0.816545	
0.000000	0.012304	0.012253	0.000000	1.000289	
0.091188	0.005261	0.183490	0.000000	0.978775	
0.999611	0.000000	0.000000	0.028021	0.000000	
0.948575	0.000000	0.000000	0.316555	0.000000	
0.343396	0.694361	0.000000	0.548983	0.331888	
0.417143	0.000000	0.415422	0.000000	0.826730	
0.000000	0.878026	0.441411	0.185561	0.000000	
0.044628	0.232269	0.676887	0.713251	0.000000	
0.074163	0.400111	0.822141	0.411275	0.000000	
0.071160	0.201912	0.000000	0.021265	0.977351	
0.952431	0.304754	0.000000	0.000000	0.000000	
0.844876	0.423810	0.000000	0.331864	0.000000	
0.000000	0.000000	0.948352	0.317222	0.000000	
0.403364	0.406327	0.000000	0.819879	0.000000	
0.000189	0.000232	0.951115	0.000000	0.308838	
0.012109	0.063021	0.000008	0.486090	0.878453	
0.012279	0.921126	0.000000	0.392142	0.000000	
0.049493	0.109396	0.662455	0.670719	0.321577	
0.024268	0.423892	0.138209	0.894777	0.000000	
0.446739	0.894673	0.000000	0.000110	0.000000	
0.000000	0.210856	0.000000	0.424013	0.880780	
0.320197	0.000000	0.000000	0.951230	0.000000	
0.412610	0.033423	0.812770	0.000000	0.413642	
0.000000	0.599098	0.618435	0.119255	0.494438	
0.853801	0.312008	0.422720	0.000000	0.000000	
0.417524	0.151972	0.023501	0.872414	0.318894	
0.000002	0.712470	0.702973	0.000000	0.000000	
0.000302	0.432082	0.000000	0.847197	0.309676	
0.313640	0.000000	0.000000	0.000000	0.949546	
