0.000000	0.000000	0.707177	0.000000	0.707037	
0.000000	0.000000	0.000000	0.707384	0.706829	
0.404470	0.000000	0.818282	0.408435	0.000000	
0.408043	0.816919	0.407608	0.000000	0.000000	
0.000000	0.000000	0.708035	0.706177	0.000000	
0.948651	0.000000	0.316330	0.000000	0.000000	
0.411000	0.000000	0.412447	0.814204	0.000000	
0.948529	0.000000	0.000000	0.319756	0.000000	
0.000581	0.312761	0.955151	0.000000	0.000000	
0.000000	0.000000	0.000000	0.315284	0.948997	
0.315284	0.000000	0.000000	0.000000	0.948997	
0.000000	0.000000	0.948751	0.316252	0.000000	
0.000013	0.819918	0.000000	0.401113	0.408569	
0.410095	0.410038	0.000000	0.000000	0.814910	
0.408022	0.407828	0.816821	0.000000	0.000000	
0.948349	0.317228	0.000000	0.000000	0.000000	
0.000000	1.000000	0.000000	0.000000	0.000000	
0.707301	0.706964	0.000000	0.000000	0.000000	
0.000000	0.948683	0.000000	0.000000	0.316229	
1.000000	0.000000	0.000000	0.000000	0.000000	
0.402173	0.000000	0.414642	0.000000	0.816597	
0.000001	0.816320	0.408975	0.000000	0.409219	
0.000000	0.000000	0.949390	0.000000	0.314099	
0.000000	0.000000	1.000000	0.000000	0.000000	
0.407834	0.000000	0.000000	0.816347	0.408961	
0.000001	0.000000	0.000000	0.950885	0.316963	
0.815473	0.407572	0.410962	0.000000	0.000000	
0.000000	0.706558	0.000000	0.707656	0.000000	
0.000000	0.500287	0.500144	0.499821	0.500251	
0.816190	0.000000	0.408586	0.000000	0.409094	
0.704767	0.000000	0.000000	0.709440	0.000000	
0.316736	0.948514	0.000000	0.000000	0.000000	
0.000054	0.709502	0.710334	0.000000	0.000000	
0.500416	0.500346	0.500727	0.000000	0.498579	
0.500584	0.500231	0.498459	0.500724	0.000004	
0.000000	0.407864	0.816645	0.408450	0.000000	
0.000000	0.312925	0.000000	0.000000	0.949781	
0.316030	0.000000	0.948969	0.000000	0.000000	
0.816465	0.408126	0.000000	0.408435	0.000000	
0.000000	0.948638	0.000000	0.316492	0.000000	
0.814680	0.000416	0.407446	0.412712	0.000000	
0.815604	0.410524	0.000000	0.000000	0.407837	
0.707177	0.000000	0.000000	0.000000	0.707037	
0.499763	0.000000	0.500459	0.499717	0.500061	
0.700088	0.000000	0.722565	0.000000	0.000000	
0.000000	0.000000	0.408548	0.816252	0.408439	
0.409419	0.000000	0.000000	0.409029	0.815522	
0.000000	0.412252	0.000000	0.412151	0.812515	
0.000007	0.315181	0.000000	0.949341	0.000000	
0.315204	0.000000	0.000000	0.949410	0.000000	
0.000001	0.949666	0.313739	0.000000	0.000000	
0.499368	0.499294	0.000000	0.502807	0.498520	
0.000006	0.703987	0.000000	0.000000	0.710348	
0.000000	0.000000	0.000000	1.000000	0.000000	
0.000000	0.406937	0.816999	0.000000	0.408553	
0.000051	0.000000	0.317768	0.000000	0.956473	
0.000395	0.412403	0.412358	0.815502	0.000000	
0.813510	0.000000	0.000000	0.414464	0.409165	
0.408942	0.409218	0.000000	0.816334	0.000000	
0.000000	0.000000	0.414423	0.408937	0.813034	
0.407464	0.817002	0.000000	0.000000	0.408022	
0.000000	0.820671	0.399733	0.408305	0.000000	
0.410126	0.815647	0.000000	0.408065	0.000000	
0.000000	0.000000	0.000000	0.000000	1.000000	
0.000007	0.409619	0.000000	0.818446	0.409632	
0.407797	0.000000	0.816598	0.000000	0.408497	
0.000000	0.000003	0.317999	0.952282	0.000000	
0.000000	0.409025	0.409016	0.000000	0.815725	
0.948683	0.000000	0.000000	0.000000	0.316229	
0.000000	0.000000	0.815538	0.409970	0.408439	
0.014876	0.311903	0.955247	0.000000	0.000000	
0.785514	0.334180	0.000000	0.414020	0.316037	
0.000000	0.002451	0.705731	0.498637	0.503292	
0.410126	0.815647	0.000000	0.408065	0.000000	
0.000000	0.000000	0.000000	0.322186	0.969773	
0.854074	0.000299	0.337756	0.416753	0.000179	
0.402622	0.000000	0.415105	0.000000	0.817508	
0.000000	0.820729	0.399761	0.408334	0.000000	
0.000000	0.675146	0.324322	0.026943	0.662018	
0.634574	0.324246	0.000000	0.000000	0.701600	
0.912809	0.000000	0.000000	0.000000	0.408389	
0.514634	0.047386	0.099760	0.855908	0.038450	
0.000000	0.010649	0.570909	0.092464	0.815731	
0.000000	0.994210	0.107452	0.000000	0.000000	
0.000000	0.708724	0.708709	0.001010	0.000000	
0.000000	0.000000	0.414423	0.408937	0.813034	
0.010230	0.000000	0.999948	0.000000	0.000000	
0.363195	0.000000	0.363701	0.748562	0.498000	
0.410834	0.000000	0.411808	0.813407	0.000000	
0.816491	0.000000	0.000000	0.407898	0.409032	
0.205467	0.673183	0.114707	0.000000	0.702103	
0.405965	0.000000	0.821307	0.410748	0.000000	
0.262159	0.000000	0.179503	0.000000	0.956343	
0.409813	0.000000	0.000000	0.409423	0.816307	
0.000000	0.000000	0.408571	0.816298	0.408462	
0.037988	0.422562	0.544671	0.000000	0.750007	
0.013782	0.000000	0.000000	1.017363	0.000000	
0.345101	0.000000	1.036262	0.000000	0.000000	
0.014054	0.000012	0.593874	0.807561	0.000000	
0.338753	0.228510	0.000000	0.816396	0.408511	
