0.000000	0.950976	0.000000	0.000000	0.309264	
0.316327	0.948650	0.000000	0.000000	0.000000	
0.314525	0.000000	0.949249	0.000000	0.000000	
0.000000	0.000000	0.000000	0.312460	0.949932	
0.817684	0.411990	0.000000	0.406814	0.000000	
0.397362	0.821446	0.409059	0.000000	0.000000	
0.000000	0.408505	0.408734	0.816125	0.000000	
0.000000	0.706899	0.707314	0.000031	0.000000	
0.000000	0.000000	0.000000	0.948779	0.316924	
0.405837	0.818799	0.000000	0.000000	0.407824	
0.816536	0.000000	0.408676	0.407742	0.000000	
0.000001	0.948896	0.315589	0.000000	0.000000	
0.000000	0.000000	1.000000	0.000000	0.000000	
0.000000	0.000000	0.316743	0.000000	0.948512	
0.000000	0.000000	0.708226	0.705986	0.000000	
0.407489	0.409352	0.000000	0.816324	0.000000	
0.000000	0.000000	0.948735	0.316071	0.000000	
0.000000	0.408527	0.817469	0.406035	0.000000	
0.706805	0.000000	0.707409	0.000000	0.000000	
0.953033	0.000000	0.316965	0.000000	0.000000	
0.000000	0.000000	0.705854	0.000000	0.708359	
0.000000	0.000000	0.312981	0.950274	0.000000	
0.409477	0.000002	0.000000	0.813572	0.414565	
1.000000	0.000000	0.000000	0.000000	0.000000	
0.000000	0.307495	0.952348	0.000000	0.000000	
0.000000	0.000000	0.000000	0.000000	1.000023	
0.400348	0.000000	0.820320	0.000000	0.408446	
0.813517	0.000008	0.407247	0.000000	0.415765	
0.314530	0.000000	0.000000	0.000000	0.949248	
0.408198	0.816577	0.000010	0.408137	0.000000	
0.000000	0.815961	0.409823	0.407742	0.000000	
0.706888	0.000000	0.000000	0.000000	0.712178	
0.000000	0.501554	0.501848	0.496823	0.499760	
0.410402	0.411816	0.000000	0.000000	0.813621	
0.000000	0.000000	0.407197	0.408433	0.816931	
0.405966	0.413068	0.825686	0.000000	0.000000	
0.706739	0.000000	0.000000	0.707477	0.000000	
0.408122	0.000000	0.816659	0.408072	0.000000	
0.000000	0.705218	0.000000	0.000000	0.708991	
0.315816	0.000000	0.000000	0.948820	0.000000	
0.000000	1.000000	0.000000	0.000000	0.000000	
0.003047	0.001609	0.001811	0.705207	0.708991	
0.002406	0.416658	0.813972	0.000000	0.408074	
0.000000	0.415386	0.000000	0.825285	0.414337	
0.948861	0.000000	0.000000	0.316533	0.000000	
0.408241	0.000000	0.408589	0.816330	0.000000	
0.949502	0.313761	0.000000	0.000000	0.000404	
0.705720	0.708812	0.000000	0.000000	0.000000	
0.499013	0.500199	0.505301	0.000000	0.501742	
0.000001	0.818863	0.000000	0.401277	0.410414	
0.000000	0.000000	0.411892	0.815106	0.407367	
0.407197	0.000000	0.000000	0.408433	0.816930	
0.501029	0.500547	0.504443	0.501869	0.000000	
0.000242	0.405693	0.399783	0.000000	0.821941	
0.948275	0.000000	0.000000	0.000000	0.317457	
0.000000	0.000000	0.000000	1.000002	0.000000	
0.000007	0.000000	0.948617	0.000000	0.316482	
0.000000	0.708225	0.000000	0.705987	0.000000	
0.812353	0.413025	0.000000	0.000000	0.411696	
0.000000	0.408668	0.000000	0.407377	0.816722	
0.000000	0.948832	0.000000	0.316555	0.000000	
0.816487	0.000000	0.000003	0.407903	0.408953	
0.498156	0.502433	0.000000	0.498796	0.500605	
0.500932	0.000000	0.497989	0.494606	0.506399	
0.000000	0.315816	0.000000	0.948820	0.000000	
0.000000	0.000000	0.816373	0.407846	0.408896	
0.000000	0.816036	0.408508	0.000018	0.409623	
0.000000	0.313893	0.000000	0.000000	0.949458	
0.815890	0.408425	0.409283	0.000000	0.000000	
0.408153	0.000000	0.409252	0.000000	0.816042	
0.822369	0.000000	0.195829	0.534659	0.000000	
0.143122	0.211284	0.269259	0.612479	0.712878	
0.405837	0.818798	0.000007	0.000000	0.407824	
0.012980	0.564625	0.129722	0.818391	0.000000	
0.000000	0.002625	0.000000	0.386797	0.922341	
0.629576	0.631084	0.212272	0.401009	0.000000	
0.418056	0.220771	0.000000	0.000470	0.881186	
0.602167	0.618949	0.000000	0.311786	0.409719	
0.000000	0.705218	0.000000	0.000000	0.708991	
0.044597	0.000559	0.225277	0.980961	0.000000	
0.004119	0.913795	0.000000	0.406159	0.000000	
0.703954	0.000000	0.709165	0.040967	0.054563	
0.638690	0.630447	0.226405	0.407547	0.000000	
0.949458	0.313747	0.000000	0.004798	0.008299	
0.000000	0.000000	1.004957	0.000000	0.000000	
0.131509	0.135188	0.941340	0.319363	0.000000	
0.000001	0.818863	0.000000	0.401277	0.410414	
0.033768	0.060412	0.000000	0.000000	0.997745	
0.000000	0.000000	0.000000	0.954671	0.318892	
0.325924	0.977434	0.000000	0.000000	0.000000	
0.099304	0.206152	0.222788	0.000000	0.956367	
0.711033	0.000000	0.000000	0.711775	0.000000	
0.000001	0.948887	0.315586	0.004296	0.000000	
0.010039	0.252728	0.000000	0.000000	0.967485	
0.491736	0.321410	0.587804	0.268650	0.503924	
0.025976	0.159269	0.161512	0.975256	0.000000	
0.000000	0.000000	0.800176	0.445943	0.408667	
0.000000	0.962075	0.000000	0.000000	0.312874	
0.000022	0.434394	0.848607	0.000000	0.308531	
0.746494	0.589770	0.000000	0.312869	0.000000	
