0.816475	0.000000	0.000000	0.408369	0.408170	
0.000000	0.000000	0.819090	0.407057	0.408351	
0.000000	0.000000	0.709660	0.705014	0.000000	
0.000000	0.000000	0.948425	0.317001	0.000000	
0.706586	0.000000	0.000000	0.000000	0.707628	
0.409589	0.000450	0.411067	0.000000	0.817029	
0.000000	0.000000	0.000000	0.000000	1.000987	
0.000000	0.000000	0.000000	1.000001	0.000000	
0.402992	0.000000	0.819098	0.408265	0.000000	
0.000215	0.948941	0.000000	0.000000	0.315669	
0.948767	0.315976	0.000000	0.000000	0.000000	
0.000000	0.000000	0.709450	0.000000	0.706317	
0.315455	0.948941	0.000000	0.000000	0.000000	
0.000000	0.409550	0.410465	0.814732	0.000000	
0.406421	0.816980	0.000000	0.409103	0.000000	
0.000004	0.706392	0.707972	0.000000	0.000000	
0.407724	0.817584	0.406592	0.000000	0.000000	
0.810718	0.407762	0.420163	0.000000	0.000000	
0.000000	0.709894	0.000033	0.704883	0.000000	
0.314744	0.000000	0.000000	0.949251	0.000000	
0.500277	0.501255	0.000000	0.498821	0.500242	
0.816118	0.000000	0.410008	0.000000	0.408202	
0.706739	0.000000	0.000000	0.707476	0.000000	
0.000000	0.409164	0.818021	0.408996	0.000000	
1.000000	0.000000	0.000000	0.000000	0.000000	
0.315668	0.000000	0.948870	0.000000	0.000000	
0.000000	0.948844	0.000000	0.315747	0.000000	
0.000000	1.000000	0.000000	0.000000	0.000000	
0.000000	0.317738	0.948179	0.000000	0.000000	
0.000000	0.000000	0.316257	0.948674	0.000000	
0.402829	0.000000	0.819607	0.000000	0.407840	
0.000000	0.000000	1.000000	0.000000	0.000000	
0.816551	0.000000	0.408272	0.408171	0.000000	
0.315170	0.000000	0.000000	0.000000	0.949036	
0.948876	0.000000	0.000000	0.000000	0.315648	
0.000000	0.000000	0.408619	0.816394	0.408154	
0.000000	0.315414	0.000000	0.000000	0.949123	
0.000017	0.000000	0.000018	0.705749	0.708466	
0.408218	0.409058	0.000000	0.000000	0.816107	
0.500044	0.000000	0.502152	0.500042	0.498728	
0.706317	0.000000	0.707896	0.000000	0.000000	
0.500042	0.501329	0.498884	0.000000	0.500445	
0.950107	0.000000	0.316742	0.000000	0.000000	
0.407891	0.409131	0.000000	0.816287	0.000000	
0.000017	0.948956	0.315470	0.000000	0.000000	
0.948729	0.000000	0.000000	0.316091	0.000000	
0.500156	0.501469	0.499756	0.505740	0.000000	
0.000000	0.313923	0.000000	0.949449	0.000000	
0.709081	0.713502	0.000000	0.000000	0.000000	
0.000003	0.408717	0.410191	0.000000	0.815288	
0.000092	0.408985	0.000000	0.408435	0.817932	
0.818025	0.405786	0.000000	0.407644	0.000000	
0.000000	0.000000	0.410817	0.408114	0.815385	
0.000001	0.000000	0.951276	0.000000	0.311686	
0.408384	0.000000	0.408601	0.816253	0.000000	
0.408165	0.000000	0.000000	0.816714	0.408254	
0.406845	0.819501	0.000000	0.000000	0.404290	
0.000000	0.817817	0.000000	0.405659	0.408196	
0.000009	0.500767	0.501835	0.501538	0.495840	
0.000004	0.815752	0.406845	0.412640	0.000000	
0.409951	0.406696	0.816422	0.000000	0.000000	
0.000000	0.709000	0.000000	0.000000	0.705436	
0.000000	0.000000	0.000000	0.948803	0.317044	
0.000000	0.000001	0.000006	0.319616	0.949095	
0.000001	0.000001	0.315254	0.000000	0.949289	
0.000001	0.405108	0.824242	0.000000	0.418280	
0.408357	0.000000	0.000000	0.407808	0.816676	
0.817595	0.408109	0.000000	0.000000	0.406348	
0.000001	0.816993	0.407463	0.000000	0.408041	
0.000000	0.408567	0.000000	0.816364	0.408195	
0.996000	0.000001	0.000000	0.090170	0.000000	
0.000002	0.000000	0.776328	0.175552	0.621954	
0.000005	1.003575	0.000000	0.018409	0.000000	
0.701088	0.100022	0.000000	0.498819	0.500240	
0.803143	0.000000	0.434387	0.000000	0.407760	
0.609878	0.615342	0.000000	0.003449	0.500327	
0.579260	0.000790	0.580496	0.480884	0.312942	
0.000002	0.094631	0.995513	0.000000	0.000000	
0.238261	0.000000	0.711008	0.661589	0.000000	
0.007724	0.209326	0.153657	0.516334	0.817932	
0.115941	0.298333	0.306796	0.746250	0.499360	
0.519189	0.656818	0.248696	0.000000	0.490619	
0.858859	0.000000	0.429426	0.279274	0.000000	
0.000000	0.000000	0.547220	0.231481	0.805193	
0.000000	0.000000	0.000000	0.995745	0.097572	
0.886068	0.316240	0.000000	0.339027	0.000000	
0.000009	0.000007	0.000012	0.460597	0.914165	
0.000001	0.000000	0.953135	0.000000	0.312295	
0.185257	0.651190	0.661637	0.090685	0.311208	
0.027312	0.406002	0.433386	0.381191	0.708915	
0.497533	0.498326	0.000000	0.495996	0.508196	
0.001344	0.408693	0.412715	0.816127	0.000000	
0.628137	0.000000	0.657229	0.423509	0.000000	
0.705691	0.709739	0.000000	0.018371	0.000000	
0.948876	0.000000	0.000000	0.000000	0.315648	
0.017061	0.708681	0.000000	0.000000	0.705323	
0.254574	0.967271	0.000000	0.000000	0.000000	
0.314752	0.000000	0.001489	0.949288	0.000000	
0.525692	0.000000	0.422262	0.029369	0.743900	
0.320383	0.000000	0.947288	0.000000	0.000000	
