0.815282	0.410705	0.000000	0.409500	0.000000	
0.407040	0.409206	0.000000	0.816626	0.000000	
0.000001	0.409126	0.000000	0.817006	0.406385	
0.316131	0.000000	0.000000	0.948828	0.000000	
0.000000	0.000002	0.707007	0.000000	0.707225	
0.000000	0.000000	0.950884	0.000000	0.312894	
0.815644	0.000000	0.410059	0.000000	0.408474	
0.000000	0.000000	0.000000	1.000003	0.000000	
0.496246	0.000000	0.505843	0.499773	0.498090	
0.409057	0.000224	0.411357	0.000000	0.814749	
0.706989	0.000000	0.000000	0.000000	0.707225	
0.400732	0.816810	0.000000	0.415019	0.000000	
0.000000	0.000019	0.000000	0.313465	0.949601	
0.314030	0.949415	0.000000	0.000000	0.000000	
0.407211	0.409393	0.000000	0.000000	0.816631	
0.000000	1.000000	0.000000	0.000000	0.000000	
0.000000	0.000000	0.327842	0.000000	0.954788	
1.000001	0.000000	0.000000	0.000000	0.000000	
0.707076	0.000000	0.000000	0.707139	0.000000	
0.000003	0.947282	0.320404	0.000000	0.000000	
0.000009	0.408981	0.411281	0.000000	0.814985	
0.000001	0.323647	0.000000	0.000000	0.946178	
0.000000	0.407286	0.407271	0.817466	0.000000	
0.816877	0.407476	0.000000	0.000000	0.408263	
0.948495	0.000000	0.000000	0.316792	0.000000	
0.816040	0.000000	0.000000	0.409180	0.408232	
0.000003	0.000000	0.707591	0.706623	0.000000	
0.000037	0.411146	0.000000	0.407540	0.817628	
0.707329	0.000445	0.710571	0.000000	0.000000	
0.498294	0.499926	0.501663	0.500112	0.000000	
0.816124	0.409052	0.408317	0.000000	0.000000	
0.000000	0.000000	0.816186	0.410075	0.407043	
0.407989	0.000000	0.816634	0.408234	0.000000	
0.000029	0.818178	0.405684	0.000000	0.407444	
0.403977	0.818656	0.409333	0.000000	0.000000	
0.000479	0.000071	0.000000	0.717413	0.716000	
0.500712	0.502121	0.000000	0.498956	0.498205	
0.000043	0.410160	0.819475	0.401645	0.000000	
0.951996	0.312599	0.000000	0.000000	0.000000	
0.816635	0.001006	0.407700	0.409665	0.000000	
0.948544	0.000000	0.000000	0.000000	0.316646	
0.000000	0.000000	0.000000	0.000000	1.000001	
0.000016	0.701478	0.000000	0.000000	0.712954	
0.000012	0.501142	0.503960	0.494203	0.500994	
0.000003	0.000000	0.410491	0.406665	0.816163	
0.405707	0.000000	0.817696	0.000000	0.408382	
0.407177	0.000000	0.407326	0.817492	0.000000	
0.948230	0.000000	0.317584	0.000000	0.000000	
0.000003	0.949037	0.000000	0.000000	0.315341	
0.501526	0.500676	0.499648	0.000000	0.498146	
0.704144	0.710385	0.000000	0.000000	0.000000	
0.000000	0.000000	0.948946	0.315440	0.000000	
0.000030	0.316145	0.000000	0.948871	0.000000	
0.400389	0.812306	0.000000	0.000000	0.426046	
0.316040	0.000000	0.949140	0.000000	0.000000	
0.000018	0.817834	0.000000	0.409295	0.404507	
0.001280	0.827107	0.412929	0.409338	0.000000	
0.000004	0.000000	0.000000	0.948357	0.317219	
0.409710	0.000000	0.000000	0.818171	0.406964	
0.000015	0.409939	0.816249	0.000000	0.407049	
0.407605	0.000000	0.000000	0.409599	0.816142	
0.000016	0.705344	0.709310	0.000000	0.000000	
0.000000	0.000000	0.316577	0.948567	0.000000	
0.000002	0.948680	0.000000	0.316270	0.000000	
0.000054	0.315910	0.949526	0.000000	0.000000	
0.000000	0.000000	1.000001	0.000000	0.000000	
0.407952	0.409261	0.816139	0.000000	0.000000	
0.000000	0.710142	0.000000	0.704076	0.000000	
0.316523	0.000000	0.000000	0.000000	0.948585	
0.000903	0.000000	0.407498	0.819711	0.405737	
0.000000	0.000000	0.000000	1.000143	0.000000	
0.000005	0.000000	0.000000	0.960498	0.314784	
0.369983	0.094739	0.384068	0.000000	0.847096	
0.500547	0.501654	0.499648	0.000000	0.498146	
0.323647	0.000000	0.000000	0.000000	0.946181	
0.815282	0.410705	0.000000	0.409500	0.000000	
0.622847	0.000000	0.634892	0.209840	0.406981	
0.580216	0.577559	0.583848	0.000000	0.000000	
0.411053	0.000000	0.403769	0.817764	0.000000	
0.000000	0.730640	0.000000	0.685258	0.000000	
0.196083	0.627201	0.000000	0.278490	0.713951	
0.439175	0.895167	0.000000	0.076203	0.000000	
0.000051	0.555938	0.000000	0.630714	0.544841	
0.816562	0.001364	0.407664	0.409629	0.000000	
0.650948	0.000000	0.000000	0.275867	0.707227	
0.605770	0.353462	0.000000	0.000000	0.712825	
0.000000	0.000000	0.955810	0.314039	0.000000	
0.000000	0.000000	0.314051	0.949407	0.000000	
0.410275	0.000000	0.000302	0.819391	0.406159	
0.917892	0.000000	0.000000	0.000000	0.397209	
0.000000	0.710559	0.704174	0.000000	0.000000	
0.000042	0.408625	0.820242	0.401645	0.000000	
0.316417	0.000000	0.310810	0.629493	0.638093	
0.726316	0.604523	0.000000	0.203746	0.255945	
0.000003	0.000000	0.410512	0.406685	0.816142	
0.910645	0.221795	0.159583	0.310544	0.000000	
0.407989	0.000000	0.816634	0.408234	0.000000	
0.705312	0.000833	0.709278	0.000000	0.000000	
0.971282	0.237925	0.000000	0.002536	0.000000	
0.000015	0.409939	0.816249	0.000000	0.407049	
