0.419184	0.420149	0.000000	0.000000	0.836044	
1.000000	0.000000	0.000000	0.000000	0.000000	
0.817007	0.000000	0.408602	0.406897	0.000000	
0.000101	0.000000	0.707514	0.709714	0.000000	
0.000003	0.000000	0.948998	0.315281	0.000000	
0.000021	0.412437	0.815096	0.407035	0.000000	
0.000000	1.000000	0.000000	0.000000	0.000000	
0.407975	0.000000	0.000000	0.815366	0.410776	
0.407372	0.000000	0.000000	0.408646	0.816736	
0.815557	0.410196	0.000000	0.000000	0.408182	
0.000254	0.400520	0.819605	0.000000	0.409681	
0.000000	0.950371	0.311405	0.000000	0.000000	
0.703588	0.000000	0.000000	0.000000	0.710620	
0.316166	0.000000	0.000000	0.948704	0.000000	
0.315740	0.948846	0.000000	0.000000	0.000000	
0.407560	0.000000	0.406244	0.817840	0.000000	
0.504378	0.497630	0.000000	0.499227	0.499012	
0.814702	0.414284	0.409578	0.000000	0.000000	
0.000004	0.318892	0.000000	0.947791	0.000000	
0.000020	0.411852	0.000000	0.814089	0.409515	
0.000000	0.000000	0.408453	0.816034	0.408980	
0.948858	0.000000	0.000000	0.000000	0.315705	
0.954854	0.000000	0.000000	0.317431	0.000000	
0.000000	0.000000	0.000000	0.307378	0.951592	
0.816930	0.408736	0.000000	0.406893	0.000000	
0.405649	0.000000	0.818061	0.000000	0.407706	
0.415292	0.421056	0.000000	0.812913	0.000000	
0.486594	0.497093	0.492815	0.524475	0.000000	
0.404043	0.413746	0.817060	0.000000	0.000000	
0.000000	0.000000	0.817191	0.407309	0.407807	
0.000006	0.502301	0.501378	0.498317	0.499162	
0.407709	0.816654	0.408558	0.000000	0.000000	
0.000005	0.707770	0.000000	0.706447	0.000000	
0.000059	0.000000	0.408598	0.409869	0.819186	
0.815114	0.000000	0.406864	0.000000	0.412381	
0.000000	0.000000	0.000000	0.000000	1.000000	
0.000001	0.000000	0.000000	0.955443	0.310265	
0.000000	0.817124	0.000000	0.407407	0.407835	
0.000002	0.817868	0.407247	0.407485	0.000000	
0.000000	0.000000	0.946809	0.000000	0.321797	
0.948713	0.000000	0.316138	0.000000	0.000000	
0.000000	0.703587	0.000000	0.000000	0.710620	
0.310708	0.000000	0.950722	0.000000	0.000000	
0.408174	0.000000	0.815817	0.409693	0.000000	
0.000009	0.710363	0.709057	0.000000	0.000000	
0.000000	0.000000	0.313063	0.000000	0.949732	
0.000000	0.000000	0.316689	0.948530	0.000000	
0.000002	0.948688	0.000000	0.000000	0.316214	
0.313063	0.000000	0.000000	0.000000	0.949732	
0.000000	0.949126	0.000000	0.314905	0.000000	
0.000002	0.317163	0.000000	0.000000	0.948372	
0.000000	0.000000	0.000000	1.000004	0.000000	
0.000000	0.408671	0.408405	0.000000	0.822974	
0.000003	0.405358	0.000000	0.408683	0.820850	
0.818531	0.000000	0.000000	0.409773	0.409196	
0.497840	0.501020	0.501244	0.000000	0.499889	
0.410094	0.816632	0.000000	0.410225	0.000000	
0.000000	0.000000	0.709578	0.000000	0.704639	
0.000000	0.000000	1.000000	0.000000	0.000000	
0.405920	0.817471	0.000000	0.000000	0.408623	
0.000019	0.315388	0.948963	0.000000	0.000000	
0.675653	0.000000	0.000000	0.738226	0.000000	
0.712588	0.714229	0.000000	0.000000	0.000000	
0.000005	0.397067	0.395784	0.828067	0.000000	
0.000000	0.000000	0.000000	0.706857	0.708434	
0.405183	0.000000	0.411424	0.000000	0.817335	
0.708463	0.000000	0.709181	0.000000	0.000000	
0.948005	0.318257	0.000000	0.000000	0.000000	
0.000000	0.815425	0.408677	0.000000	0.409982	
0.501585	0.000000	0.502094	0.498551	0.499240	
0.003252	0.000021	0.002646	0.000000	0.999991	
0.000000	0.707465	0.707013	0.000000	0.000000	
0.108837	0.000000	0.036268	0.993398	0.000000	
0.000005	0.707878	0.000000	0.706554	0.000000	
0.000000	0.045197	0.000000	0.944897	0.348874	
0.691783	0.708397	0.147081	0.000000	0.000000	
0.000003	0.240975	0.509673	0.832702	0.000000	
0.917925	0.000000	0.410810	0.000436	0.000000	
0.316320	0.854384	0.006536	0.000000	0.412223	
0.313063	0.000000	0.000000	0.000000	0.949733	
0.726211	0.089887	0.000000	0.754465	0.000000	
0.000046	0.914503	0.254218	0.314998	0.000000	
0.501670	0.000000	0.502179	0.498401	0.499247	
0.502357	0.514422	0.695080	0.000000	0.000000	
0.310667	0.000000	0.000000	0.932205	0.231467	
0.640821	0.649716	0.000000	0.408966	0.000000	
0.817007	0.000000	0.408602	0.406897	0.000000	
0.334431	0.673500	0.000000	0.517961	0.407764	
0.717372	0.000000	0.000000	0.350624	0.603353	
0.049235	0.000000	0.557232	0.148228	0.819136	
0.000007	0.581366	0.580297	0.576755	0.000000	
0.007659	0.182368	0.000000	0.183100	0.966419	
0.535009	0.267682	0.000000	0.813695	0.000000	
0.000001	0.317165	0.000000	0.000000	0.948378	
0.555799	0.589046	0.382739	0.446257	0.000000	
0.001609	0.952954	0.000000	0.005062	0.305577	
0.000000	0.682516	0.575534	0.196982	0.410950	
0.000001	0.000000	0.948858	0.000000	0.315705	
0.725496	0.548911	0.033715	0.101323	0.411372	
0.243619	0.240359	0.000000	0.620634	0.705671	
