0.498723	0.500359	0.502604	0.498305	0.000000	
0.001678	0.706681	0.000000	0.707731	0.000000	
0.313880	0.949463	0.000000	0.000000	0.000000	
0.000000	0.411616	0.407379	0.000000	0.815311	
0.405218	0.408814	0.817723	0.000000	0.000000	
0.000000	0.817209	0.000000	0.407487	0.407648	
0.710237	0.000000	0.000000	0.000000	0.716488	
0.501520	0.000000	0.501812	0.497479	0.499954	
0.408788	0.816760	0.407895	0.000000	0.000000	
0.401075	0.000000	0.820355	0.407946	0.000000	
0.000000	0.000000	0.709495	0.704814	0.000000	
0.000010	0.949704	0.000000	0.316868	0.000000	
1.000000	0.000000	0.000000	0.000000	0.000000	
0.817674	0.000000	0.000000	0.407719	0.407880	
0.000000	0.000000	0.000000	0.320058	0.947398	
0.705598	0.708623	0.000000	0.000000	0.000000	
0.000007	0.408058	0.000000	0.816451	0.408534	
0.000263	0.000000	0.000152	0.706883	0.707416	
0.000035	0.411476	0.411707	0.823867	0.000000	
0.000971	0.409157	0.000000	0.409765	0.815445	
0.000000	0.000000	0.316355	0.000000	0.948642	
0.000000	0.000000	1.000000	0.000000	0.000000	
0.316267	0.000000	0.948776	0.000000	0.000000	
0.000000	0.000000	0.710489	0.000000	0.703830	
0.402605	0.000000	0.402831	0.821971	0.000000	
0.407420	0.409166	0.000004	0.000000	0.816802	
0.500428	0.498992	0.000000	0.501717	0.498957	
0.403169	0.000000	0.413676	0.000000	0.817126	
0.000000	0.407943	0.818618	0.000000	0.404793	
0.816870	0.000000	0.408017	0.408016	0.000000	
0.000000	0.818700	0.404567	0.000000	0.407500	
0.000000	0.000000	0.000000	0.949336	0.314263	
0.000000	0.407084	0.817269	0.407903	0.000000	
0.948753	0.000448	0.000000	0.000000	0.316017	
0.000000	0.000000	0.950832	0.309708	0.000000	
0.000001	0.316356	0.000000	0.000000	0.948645	
0.950612	0.000000	0.000000	0.317616	0.000000	
0.409118	0.000856	0.000000	0.409726	0.815367	
0.000000	0.501528	0.501822	0.496875	0.499760	
0.000004	0.948736	0.316070	0.000000	0.000000	
0.000014	0.712962	0.000000	0.000000	0.711639	
0.000000	0.000000	0.000000	0.000000	1.000006	
0.000000	0.000000	0.820042	0.401855	0.407485	
0.000000	0.000000	0.409104	0.409711	0.815338	
0.698094	0.000000	0.716289	0.000000	0.000000	
0.000000	0.316236	0.948681	0.000000	0.000000	
0.415190	0.832339	0.000000	0.000000	0.408845	
0.000000	0.000000	0.948754	0.000000	0.316015	
0.947633	0.319407	0.000000	0.000000	0.000000	
0.407864	0.409332	0.000000	0.816152	0.000000	
0.815580	0.409967	0.000000	0.000000	0.408423	
0.500998	0.500540	0.498684	0.000000	0.499775	
0.407024	0.000000	0.817475	0.000000	0.407513	
0.000000	0.948692	0.000000	0.000000	0.316202	
0.706416	0.000000	0.000000	0.707797	0.000000	
0.000000	1.000000	0.000000	0.000000	0.000000	
0.000000	0.315816	0.000000	0.948820	0.000000	
0.315816	0.000000	0.000000	0.948820	0.000000	
0.000111	0.711855	0.713173	0.000351	0.000000	
0.000000	0.816781	0.407962	0.407970	0.000000	
0.316760	0.000000	0.000000	0.000000	0.949855	
0.000000	0.000000	0.405767	0.818224	0.407486	
0.409149	0.000000	0.000000	0.818634	0.404525	
0.814418	0.413812	0.000013	0.408612	0.000000	
0.410086	0.815749	0.000000	0.407935	0.000000	
0.000007	0.000708	0.319247	0.947675	0.000000	
0.948736	0.000000	0.316070	0.000000	0.000000	
0.000000	0.000000	0.000000	1.000003	0.000000	
0.816338	0.000000	0.410050	0.000000	0.407681	
0.815418	0.408835	0.409815	0.000000	0.000000	
0.000000	0.000000	0.526606	0.259250	0.826241	
0.999997	0.000000	0.000000	0.000000	0.033819	
0.000000	0.000000	0.706584	0.707632	0.000000	
0.697606	0.000000	0.000000	0.729117	0.000000	
0.712285	0.006558	0.712716	0.000000	0.000000	
0.003036	0.000006	0.000000	0.587373	0.816745	
0.000000	0.000000	0.650948	0.647868	0.409892	
0.000111	0.712314	0.712715	0.000351	0.000000	
0.654327	0.656152	0.035552	0.200367	0.317060	
0.316795	0.000000	0.000000	0.000000	0.949961	
0.207550	0.089267	0.920791	0.341887	0.000000	
0.896163	0.001658	0.440171	0.056065	0.000000	
0.360172	0.000000	0.179902	0.223839	0.888690	
0.766918	0.422258	0.000012	0.001923	0.484876	
0.218975	0.094181	0.971480	0.004323	0.000000	
0.892171	0.453318	0.000014	0.002199	0.000000	
0.279237	0.387077	0.000000	0.724662	0.502514	
0.000000	0.000000	0.000000	0.000000	1.000004	
0.001542	0.999999	0.000222	0.000000	0.000000	
0.710747	0.000000	0.000000	0.000000	0.717003	
0.707730	0.025242	0.000000	0.502770	0.500004	
0.000015	0.177155	0.123730	0.305846	0.927246	
0.000000	0.501528	0.501822	0.496875	0.499760	
0.742816	0.382939	0.368903	0.408610	0.000000	
0.010976	0.000000	0.925810	0.000483	0.408033	
0.637381	0.654178	0.407895	0.000000	0.000000	
0.000006	0.000700	0.315816	0.948822	0.000000	
0.031058	0.000000	0.741598	0.000387	0.688766	
0.082208	0.000000	0.302837	0.000000	0.950895	
0.000000	0.949098	0.000000	0.000000	0.315241	
