0.000001	0.708388	0.706924	0.000000	0.000000	
0.816103	0.000000	0.408179	0.409104	0.000000	
0.000004	0.000000	0.709437	0.704769	0.000000	
0.000844	0.414556	0.414507	0.810140	0.000000	
0.815599	0.000000	0.410190	0.000000	0.408096	
0.000001	0.947891	0.318740	0.000000	0.000000	
0.499829	0.499344	0.500651	0.500175	0.000000	
0.000441	0.825292	0.405147	0.000000	0.409618	
0.816434	0.000000	0.000000	0.408490	0.408131	
0.000020	0.502444	0.500839	0.498790	0.498263	
0.315057	0.000011	0.949184	0.000000	0.000000	
0.499858	0.502404	0.000000	0.507687	0.503280	
0.949545	0.000000	0.000000	0.000000	0.316587	
0.497649	0.502209	0.499689	0.000000	0.500450	
0.000000	0.000000	0.318388	0.000000	0.947961	
0.000000	1.000000	0.000000	0.000000	0.000000	
0.408055	0.407864	0.818132	0.000000	0.000000	
0.407090	0.000000	0.000000	0.408252	0.817073	
0.316952	0.000000	0.000000	0.000000	0.948442	
0.000000	0.000000	0.948548	0.316633	0.000000	
0.706098	0.000000	0.000000	0.708114	0.000000	
0.000000	0.000000	1.000000	0.000000	0.000000	
0.000000	0.000000	0.000000	0.950144	0.314066	
0.407670	0.407456	0.000000	0.000000	0.817183	
0.000022	0.000020	0.000000	0.316198	0.948693	
0.000040	0.949001	0.000000	0.315276	0.000000	
0.000000	0.000000	0.000000	0.000000	1.000057	
0.408638	0.815973	0.000000	0.409164	0.000000	
0.000000	0.000000	0.405239	0.818186	0.408484	
0.315787	0.948831	0.000000	0.000000	0.000000	
0.000000	0.000000	0.000000	0.707316	0.707219	
0.000079	0.415401	0.000000	0.812814	0.408381	
0.948683	0.000000	0.000000	0.316417	0.000000	
0.408077	0.817109	0.000000	0.000000	0.407200	
0.409190	0.000000	0.409526	0.000000	0.816969	
0.705274	0.000000	0.714344	0.000000	0.000000	
0.000000	0.000000	0.000000	1.000000	0.000000	
0.001836	0.818196	0.000000	0.408001	0.407692	
0.001324	0.319637	0.000000	0.947963	0.000000	
1.000000	0.000000	0.000000	0.000000	0.000000	
0.947891	0.000000	0.318740	0.000000	0.000000	
0.316259	0.000000	0.000000	0.948673	0.000000	
0.706338	0.707897	0.000000	0.000000	0.000000	
0.000116	0.707192	0.000000	0.707038	0.000000	
0.408761	0.000000	0.000000	0.816174	0.408381	
0.501176	0.000000	0.500627	0.498053	0.500546	
0.407132	0.000016	0.817329	0.407933	0.000077	
0.406803	0.000000	0.817151	0.000000	0.408530	
0.000001	0.318968	0.000000	0.000000	0.947768	
0.407757	0.408657	0.000000	0.816537	0.000000	
0.000004	0.000000	0.410272	0.407573	0.816041	
0.947668	0.320238	0.000000	0.000000	0.000000	
0.003252	0.419902	0.810073	0.409211	0.000000	
0.000003	0.712814	0.000000	0.000000	0.704260	
0.406032	0.000008	0.410319	0.816564	0.000000	
0.815177	0.412246	0.406941	0.000000	0.000000	
0.000001	0.407196	0.410492	0.000000	0.815949	
0.000005	0.406386	0.816313	0.000000	0.411569	
0.000004	0.818567	0.407869	0.410053	0.000000	
0.000070	0.408822	0.000000	0.408719	0.815974	
0.000000	0.000000	0.819269	0.403139	0.408503	
0.707734	0.002678	0.000000	0.000000	0.706519	
0.408461	0.817582	0.405861	0.000000	0.000000	
0.000008	0.948378	0.000000	0.000000	0.317141	
0.000000	0.314423	0.949283	0.000000	0.000000	
0.814921	0.415708	0.000000	0.410173	0.000000	
0.816451	0.408642	0.000000	0.000000	0.407946	
0.000000	0.000000	0.316138	0.950532	0.000000	
0.000010	0.000160	0.949481	0.000000	0.314461	
0.000000	0.000000	0.707739	0.000000	0.706519	
0.424356	0.163466	0.556667	0.696792	0.000000	
0.000000	0.000000	0.000000	0.316218	0.975164	
0.001604	0.000000	0.000000	0.053735	0.999644	
0.415696	0.425250	0.000000	0.804992	0.000000	
0.015254	0.314723	0.347193	0.883275	0.000000	
0.398172	0.000000	0.821664	0.000000	0.408649	
0.000000	0.000000	1.005155	0.000000	0.000000	
0.000482	0.902337	0.442969	0.046009	0.000000	
0.433778	0.000000	0.433303	0.611533	0.500555	
0.806028	0.426646	0.043560	0.000000	0.407952	
0.914827	0.000019	0.000000	0.410373	0.000000	
0.886664	0.000000	0.473229	0.000000	0.000000	
0.000023	0.579426	0.578739	0.405487	0.406616	
0.343394	0.000000	0.000000	0.939192	0.000000	
0.010861	0.999957	0.000000	0.000000	0.000000	
0.000026	0.387349	0.149996	0.812766	0.408503	
0.020856	0.041384	0.000000	1.000001	0.000000	
0.768140	0.641113	0.000000	0.000000	0.000000	
0.298721	0.100533	0.000000	0.000000	0.949362	
0.818056	0.000000	0.404863	0.000000	0.408507	
0.000004	0.816096	0.408175	0.409123	0.000000	
0.021544	0.000000	0.818918	0.403106	0.408469	
0.003252	0.419902	0.810073	0.409211	0.000077	
0.000141	0.859812	0.000000	0.055373	0.507622	
0.008465	0.202880	0.000000	0.677543	0.707220	
0.392276	0.000000	0.392599	0.000000	0.834410	
0.703119	0.000000	0.000000	0.000000	0.711082	
0.403961	0.801571	0.440648	0.046060	0.000000	
0.000000	0.199903	0.985682	0.000080	0.000000	
0.923733	0.000000	0.000000	0.000000	0.411833	
