0.053466	0.143057	0.056740	0.248563	
0.306934	0.079086	0.089525	0.068344	
0.124931	0.255054	0.050991	0.071343	
0.000109	0.438998	0.062795	0.000001	
0.078010	0.081085	0.102592	0.241361	
0.204386	0.000002	0.293005	0.005247	
0.312310	0.063174	0.002646	0.124157	
0.013517	0.001337	0.369922	0.117082	
0.077879	0.119049	0.118440	0.186366	
0.003977	0.381111	0.057409	0.059671	
0.050562	0.180952	0.201371	0.069258	
0.135978	0.103274	0.132262	0.130420	
0.062849	0.245219	0.125995	0.068263	
0.311964	0.128138	0.062443	0.000144	
0.180395	0.001476	0.196259	0.124338	
0.000004	0.188924	0.001471	0.312108	
0.002625	0.317102	0.054792	0.128673	
0.000021	0.374363	0.126543	0.001610	
0.090466	0.228615	0.054682	0.128470	
0.244511	0.195328	0.000471	0.061641	
0.257024	0.003914	0.110967	0.130228	
0.183310	0.000002	0.246902	0.072350	
0.000000	0.000000	0.000000	0.502348	
0.000001	0.501903	0.000003	0.000000	
0.193850	0.246667	0.000708	0.060672	
0.243954	0.127401	0.014683	0.116310	
0.062063	0.436917	0.000963	0.002322	
0.000682	0.000652	0.438087	0.062708	
0.147595	0.120455	0.173592	0.060378	
0.045315	0.039045	0.099219	0.319388	
0.276195	0.037263	0.073976	0.114983	
0.310152	0.065070	0.123582	0.003373	
0.442243	0.062937	0.000101	0.000511	
0.009150	0.035700	0.018343	0.439068	
0.000449	0.378692	0.003449	0.119690	
0.087505	0.000000	0.413385	0.000993	
0.312834	0.001461	0.126753	0.060979	
0.192397	0.067793	0.227330	0.014419	
0.072994	0.236813	0.189345	0.002829	
0.185561	0.189941	0.002818	0.124249	
0.093176	0.095023	0.001189	0.312930	
0.048264	0.246913	0.015013	0.192166	
0.181229	0.013499	0.001197	0.305790	
0.000001	0.440068	0.000452	0.061314	
0.125436	0.000007	0.000608	0.375827	
0.370632	0.128991	0.002167	0.000528	
0.124955	0.122954	0.004015	0.249873	
0.194776	0.068432	0.065437	0.173248	
0.439133	0.000032	0.062697	0.000016	
0.100305	0.000000	0.401106	0.000994	
0.249664	0.004175	0.186846	0.061256	
0.312923	0.185993	0.002164	0.001125	
0.228769	0.140456	0.131067	0.001630	
0.377528	0.000500	0.000049	0.124321	
0.110856	0.192659	0.006494	0.191938	
0.071978	0.181532	0.248350	0.000307	
0.373134	0.003260	0.124509	0.000757	
0.350459	0.083576	0.063889	0.004316	
0.007961	0.339506	0.127793	0.067512	
0.053682	0.135388	0.185221	0.127875	
0.125219	0.315452	0.000173	0.061919	
0.070009	0.160160	0.076136	0.195573	
0.058356	0.001340	0.317740	0.124125	
0.066099	0.370662	0.004276	0.060651	
0.192748	0.004350	0.118543	0.186561	
0.042245	0.082204	0.001739	0.376135	
0.062294	0.000001	0.000911	0.439153	
0.000912	0.135139	0.242035	0.125259	
0.003150	0.251052	0.001979	0.246235	
0.059585	0.380346	0.062149	0.000078	
0.263697	0.055521	0.108994	0.073925	
0.158994	0.176055	0.107235	0.059897	
0.378314	0.062562	0.000774	0.060730	
0.192798	0.192290	0.057409	0.059671	
0.106474	0.000645	0.331047	0.063836	
0.245927	0.252376	0.003201	0.000846	
0.058868	0.069895	0.249435	0.124360	
0.061127	0.311624	0.012106	0.117104	
0.196204	0.000304	0.056736	0.248544	
0.056135	0.178711	0.143531	0.123688	
0.102408	0.094167	0.001697	0.304560	
0.193852	0.051957	0.005259	0.250845	
0.382384	0.000089	0.060874	0.059341	
0.061211	0.064018	0.370289	0.006100	
0.186086	0.189775	0.120297	0.006158	
0.000000	0.200014	0.071439	0.230379	
0.174601	0.074302	0.194086	0.058677	
0.245751	0.118133	0.059964	0.078756	
0.001669	0.052091	0.316551	0.132038	
0.208651	0.237348	0.058371	0.000000	
0.265007	0.054044	0.178936	0.003911	
0.126087	0.374912	0.001128	0.000027	
0.111879	0.122607	0.266771	0.001198	
0.237234	0.181704	0.058228	0.025070	
0.013340	0.197617	0.168480	0.123366	
0.093725	0.195540	0.083193	0.129691	
0.313568	0.000817	0.187401	0.000046	
0.054464	0.145418	0.233364	0.068891	
0.000000	0.000000	0.502083	0.000000	
0.000804	0.313356	0.001355	0.186486	
0.128900	0.075622	0.238782	0.058784	
0.501728	0.000000	0.000000	0.000000	
0.002237	0.130248	0.313697	0.057093	
0.113950	0.001035	0.136753	0.250281	
0.128634	0.244757	0.012127	0.117144	
0.197322	0.121149	0.113051	0.070397	
0.313549	0.122402	0.004790	0.061766	
0.008269	0.189689	0.235103	0.069760	
0.014287	0.079932	0.406568	0.000757	
0.187601	0.313018	0.001132	0.000032	
0.106471	0.092638	0.173185	0.130383	
0.138193	0.112960	0.062214	0.189209	
0.124206	0.252287	0.125296	0.000078	
0.222394	0.000619	0.244078	0.034872	
0.053213	0.056833	0.325392	0.066767	
0.004656	0.271081	0.064460	0.201450	
0.176971	0.138777	0.062441	0.124206	
0.063642	0.326181	0.052113	0.059735	
0.247064	0.001351	0.061536	0.192732	
0.012757	0.065261	0.232840	0.191201	
0.300192	0.007022	0.008180	0.186642	
0.303863	0.004037	0.068159	0.126688	
0.000119	0.125062	0.001008	0.376136	
0.123726	0.193829	0.164952	0.019345	
0.124598	0.314869	0.062719	0.000078	
0.062939	0.013458	0.365341	0.059708	
0.012412	0.250798	0.108692	0.130591	
0.245502	0.002230	0.004012	0.250287	
0.438937	0.000445	0.000431	0.062764	
0.068661	0.179270	0.004016	0.249895	
0.007937	0.044877	0.389989	0.059289	
0.033051	0.013514	0.055832	0.399843	
0.045054	0.321657	0.134871	0.000592	
0.104791	0.392912	0.001565	0.002800	
0.000004	0.188836	0.001684	0.312313	
0.074495	0.063506	0.358009	0.006156	
0.060524	0.161944	0.030881	0.248647	
0.005499	0.009560	0.375047	0.111659	
0.195580	0.245283	0.000709	0.060720	
0.494745	0.004323	0.001888	0.000757	
0.084568	0.194068	0.162031	0.061382	
0.121276	0.105519	0.145500	0.130383	
0.111641	0.111131	0.243814	0.035300	
0.199547	0.175055	0.126616	0.001611	
0.073163	0.077236	0.096983	0.255558	
0.041706	0.390334	0.061034	0.009338	
0.123344	0.193231	0.164443	0.020933	
0.335507	0.077389	0.085019	0.004137	
0.002274	0.132397	0.318874	0.049722	
0.350132	0.003039	0.146331	0.002679	
0.382564	0.000024	0.060892	0.059359	
0.115340	0.244716	0.048317	0.093851	
0.001667	0.115072	0.252461	0.134311	
0.000843	0.000807	0.000262	0.500550	
0.117946	0.322875	0.000195	0.060846	
0.165475	0.126959	0.073401	0.136160	
0.044345	0.000554	0.018295	0.439073	
0.003569	0.051505	0.315250	0.132043	
0.060580	0.161747	0.155856	0.123848	
0.009406	0.035493	0.018295	0.439073	
0.006492	0.377945	0.089158	0.068064	
0.143428	0.057612	0.230078	0.071146	
0.008402	0.358309	0.134871	0.000592	
0.220457	0.006090	0.145341	0.130638	
0.069892	0.159892	0.076520	0.195573	
0.235986	0.083152	0.178985	0.003802	
0.420628	0.023595	0.002066	0.055610	
0.383433	0.056165	0.000842	0.061290	
0.325878	0.053909	0.000667	0.121891	
0.358573	0.137560	0.005665	0.000334	
0.256654	0.000668	0.177618	0.067053	
0.175410	0.179550	0.024916	0.122576	
0.321057	0.005545	0.050527	0.125091	
0.074069	0.235805	0.189385	0.002830	
0.227015	0.188497	0.061668	0.025070	
0.062681	0.096323	0.095631	0.247061	
0.085210	0.045094	0.332034	0.039706	
0.094698	0.033031	0.146178	0.228347	
0.321335	0.001007	0.109526	0.070454	
0.053107	0.147932	0.230077	0.070991	
0.127850	0.000332	0.000621	0.373083	
0.244572	0.003359	0.004016	0.249895	
0.267924	0.095080	0.139037	0.000167	
0.021526	0.318875	0.046615	0.115622	
0.113472	0.001116	0.347881	0.039717	
0.093406	0.000816	0.406583	0.000757	
0.076744	0.000213	0.386126	0.038878	
0.066190	0.370575	0.004276	0.060651	
0.181487	0.139006	0.103258	0.078416	
0.326567	0.112202	0.062641	0.000016	
0.027043	0.042783	0.430804	0.002178	
0.104697	0.096272	0.001735	0.299849	
0.324874	0.034222	0.047961	0.094989	
0.045106	0.322029	0.135027	0.000012	
0.176781	0.000002	0.253431	0.072350	
0.278967	0.222854	0.000328	0.000229	
0.000000	0.000000	0.502083	0.000000	
0.178740	0.014017	0.001185	0.307792	
0.140982	0.115239	0.063470	0.183230	
0.001486	0.273972	0.104707	0.121706	
