0.329690	0.699942	0.000038	0.000179	
0.286943	0.326873	0.096030	0.000018	
6.019686	0.611702	0.000012	0.000040	
1.023134	0.002456	0.002354	0.049145	
0.659128	0.008474	0.012577	0.007403	
0.138004	0.301125	0.010777	0.347295	
0.026417	0.833694	0.100710	0.128715	
0.002071	0.743809	0.340906	0.147145	
0.314991	0.668735	0.014323	0.024860	
1.131189	0.011397	0.019948	0.000072	
0.000008	3.171535	0.000012	0.000010	
0.964986	0.020963	0.059985	0.000273	
0.000007	0.503525	0.150017	0.392328	
0.030635	0.752669	0.236561	0.000555	
1.660630	0.004521	0.417429	0.000000	
0.032440	0.741268	0.046700	0.001215	
0.771960	0.001407	0.077422	0.000990	
0.367516	0.756057	0.107877	0.000010	
0.133512	0.273031	0.132396	0.001732	
0.085834	0.438195	0.002123	1.036847	
0.003386	0.680154	0.365739	0.065677	
0.582717	0.022995	0.002473	0.470105	
0.430976	0.048921	0.065299	0.052577	
0.002632	0.037283	0.946229	0.133519	
0.980522	0.000003	0.102082	0.012946	
0.001258	0.018234	0.600690	0.479476	
0.892513	0.032100	0.000034	0.167981	
0.208622	0.768965	0.434533	0.000023	
0.000001	0.858755	0.261726	0.058478	
0.624595	0.025191	0.028020	0.005692	
0.310678	0.659579	0.059873	0.000179	
0.054621	0.709307	0.192668	0.125588	
0.199234	0.023642	0.062484	0.380988	
0.667720	0.071960	0.118963	0.004943	
0.414429	0.032448	0.134380	0.003369	
0.000002	0.524185	0.145106	0.765886	
0.843078	0.000988	0.112209	0.089743	
0.547300	0.000004	0.230458	0.451049	
0.000002	0.665374	0.000001	0.508882	
19.300271	0.000017	0.000036	0.000106	
0.953730	0.000013	0.111211	0.121306	
1.552187	0.003725	0.003571	0.018265	
0.000103	0.971294	0.134134	0.007603	
0.000411	0.460518	0.221457	0.527567	
1.043172	0.035647	0.005935	0.003280	
0.513164	0.004383	0.083512	0.477231	
0.010451	0.955688	0.444423	0.000000	
0.000003	2.065182	0.166400	0.116624	
0.000000	0.000000	0.000000	1.793717	
0.000040	0.908567	1.604832	0.030699	
0.000660	0.978598	0.032746	0.094973	
0.948598	0.000014	0.005162	0.122960	
0.944614	0.000473	0.133947	0.005808	
1.979475	0.443265	0.000480	0.000000	
1.069837	0.000016	0.070523	0.093708	
0.013857	0.103879	0.359924	0.565361	
0.000306	0.874831	0.000266	0.154548	
0.446614	0.013325	0.176038	0.004232	
0.967015	0.228532	0.019837	0.001362	
0.000000	0.000001	2.599926	0.000000	
0.014634	0.515778	1.714743	0.000000	
0.425991	0.000215	0.222368	0.528810	
0.574236	0.007382	0.094521	0.007359	
0.000980	0.878963	0.177292	0.000016	
0.996989	4.662587	2.871363	0.000000	
1.208749	0.029555	0.001047	0.025493	
0.000000	0.000000	0.000000	2.338311	
0.026406	0.833327	0.100666	0.129138	
0.001060	0.000004	1.058985	1.331003	
0.204029	0.445190	0.015932	0.004576	
0.590076	0.002332	0.336938	0.011445	
0.207314	0.024600	0.063323	0.341961	
0.523250	0.000002	0.070040	0.455047	
0.770570	0.003045	0.077447	0.001811	
0.002692	0.615062	0.314349	0.124337	
0.011714	0.259272	0.479321	0.001387	
0.430976	0.048921	0.065299	0.052577	
0.810771	0.063372	0.141491	0.000402	
0.095769	0.541082	0.000008	0.976469	
1.502993	0.142382	0.437205	0.000000	
0.243033	0.000024	0.796521	0.023906	
0.497080	0.000249	0.052416	0.652626	
0.000040	0.632934	0.095695	0.610116	
0.012947	0.097050	0.336264	0.596760	
0.242921	0.886888	0.000017	0.000267	
1.587487	0.001082	0.044945	0.000013	
3.456565	0.061669	0.000034	0.000028	
0.075868	0.568720	0.001852	0.765129	
0.000004	2.014403	0.077405	0.191055	
1.509878	0.000102	0.353892	0.001417	
0.000008	3.171526	0.000012	0.000019	
0.000597	0.013229	0.857099	0.759996	
0.000000	0.646308	0.393635	0.814815	
0.000122	1.019380	0.086038	0.007594	
0.994701	0.002387	0.025320	0.011930	
0.943801	0.003967	0.000766	0.127543	
0.872263	0.000013	0.084320	0.125588	
1.166789	0.028529	0.001779	0.001948	
0.007786	0.555484	0.193899	0.000739	
0.009035	0.896632	0.146594	0.001061	
1.373010	0.312666	0.013145	0.000000	
0.133512	0.273031	0.132396	0.001732	
0.517406	0.000037	0.201105	0.487843	
0.000000	1.198099	0.004131	0.831046	
0.000454	5.971784	0.712647	0.000001	
0.000229	0.107463	1.986430	0.000034	
0.872263	0.000013	0.084320	0.125588	
1.312621	0.000168	0.134908	0.000000	
2.100725	0.001432	0.000026	0.000320	
0.004943	0.811313	0.255757	0.024674	
1.025752	0.000101	0.011356	0.022623	
0.007214	0.639976	0.070233	0.498586	
0.426039	0.000167	0.222368	0.528810	
0.053367	0.124950	0.560056	0.001601	
0.026406	0.833327	0.100666	0.129138	
0.573036	0.007366	0.095737	0.007359	
13.034813	0.584057	0.000008	0.000062	
0.468568	0.000823	0.247554	0.486755	
2.013060	0.000136	0.471830	0.001194	
0.004221	2.609947	0.094787	0.000000	
0.929184	0.033164	0.000777	0.129504	
0.546776	0.019347	0.062672	0.437043	
0.887217	0.000100	0.336770	0.002198	
0.251973	0.029900	0.038354	0.371432	
0.646668	0.019293	0.012546	0.007385	
1.184881	0.011938	0.019858	0.000069	
0.000000	0.000000	0.000000	2.338311	
0.000000	1.116459	0.028158	0.896830	
0.006948	0.689528	0.354265	0.001059	
0.106901	0.529053	0.000008	0.998996	
1.979475	0.443265	0.000480	0.000000	
0.154391	2.124507	0.002558	0.000000	
1.536328	0.008452	0.000001	0.898338	
0.000045	0.040173	0.818015	0.598005	
0.363549	0.694266	0.000013	0.003404	
1.109775	0.029992	0.000000	0.001855	
0.287705	1.060458	0.000195	0.000022	
0.075837	0.375317	0.000006	1.183799	
1.839751	0.000351	0.002756	0.003097	
0.049647	1.963930	0.000009	0.001367	
0.002804	0.036111	0.012715	1.020365	
0.000353	1.008448	0.060890	0.011082	
0.470376	0.000064	0.248107	0.487843	
0.000087	0.040980	0.768483	0.001199	
2.098710	0.000017	0.403105	0.001202	
0.533788	0.028137	0.195904	0.001667	
0.188856	0.000406	0.568150	0.510107	
1.817663	0.020557	0.340189	0.000000	
0.518431	0.000260	0.054667	0.615754	
0.089505	0.444486	0.054505	0.482377	
1.199669	0.000153	0.120115	0.000011	
0.296697	0.005431	0.117422	0.652051	
1.875151	0.001278	0.000023	0.211704	
0.789090	0.010212	0.012361	0.001732	
0.360903	0.765715	0.343110	0.000012	
0.415175	0.000208	0.158088	0.615875	
0.000005	1.389608	0.384673	0.036230	
0.000101	0.646719	0.070193	0.498996	
0.090691	0.513314	0.000023	0.926128	
1.716179	0.019022	0.526781	0.000000	
1.063852	4.975281	0.447651	0.000000	
0.272608	2.006290	0.002558	0.000000	
0.000248	0.707529	0.372694	0.011194	
0.000001	0.001219	0.000241	1.043077	
0.536786	1.189916	0.035270	0.000008	
0.574436	0.007153	0.094551	0.007359	
1.043559	0.000274	0.103992	0.003884	
18.778933	0.000016	0.000035	0.046859	
1.583570	0.001080	0.045201	0.000388	
0.453411	0.000006	0.048429	0.689573	
0.000002	1.748826	0.372015	0.014535	
0.589187	0.007625	0.206686	0.001714	
0.000087	0.040980	0.768483	0.001199	
0.557146	0.000008	0.053858	0.472291	
0.000001	0.461152	0.168481	0.438232	
0.943801	0.003967	0.000766	0.127543	
0.302080	0.000021	0.117412	0.651874	
0.000000	1.136120	0.003917	0.893241	
1.378232	0.000178	0.134331	0.000000	
0.009004	0.000036	0.758202	0.001633	
0.000562	0.615938	0.070020	0.530783	
0.000353	1.008448	0.060890	0.011082	
0.360903	0.765715	0.343110	0.000012	
0.464486	0.018329	0.147086	0.437812	
0.296697	0.005431	0.117422	0.652051	
0.012530	0.395429	0.033788	0.648093	
0.182757	0.909522	0.000014	0.000258	
1.373694	0.031375	0.001135	0.000011	
0.000000	1.080083	0.048682	0.884409	
0.353124	0.042893	0.000001	0.458093	
0.000002	1.748826	0.372015	0.014535	
0.954311	0.000478	0.129342	0.000076	
0.641365	0.935751	0.000335	0.000013	
0.000000	0.000000	0.000000	1.851742	
1.600547	0.008805	0.000020	0.002199	
1.163234	5.440062	0.001036	0.000000	
0.000002	0.613993	0.085391	0.801458	
0.427262	0.000013	0.074249	0.689131	
0.072830	2.566957	0.054484	0.000002	
0.548619	0.002974	0.055779	0.422104	
