1.087888	0.601174	0.679545	0.759892	0.014493	
0.701973	0.206344	2.503746	0.916280	0.007080	
0.604873	0.242376	1.630285	1.088075	0.005476	
0.230598	0.116108	0.524390	1.179958	1.102978	
0.549151	0.362399	0.431131	1.126547	0.012260	
0.569362	0.272352	1.346332	0.999963	0.004626	
0.140504	0.097158	0.267034	0.493998	1.250116	
0.256161	0.097327	0.694748	1.955921	0.556446	
0.143476	0.191046	0.176475	0.406723	1.140194	
0.288004	0.523436	0.316883	1.280711	0.721071	
1.693309	0.674538	0.719230	0.848706	0.013392	
0.103515	0.254822	0.691340	1.866843	0.579620	
0.238137	0.729758	2.326519	0.777754	0.014239	
0.190194	0.048032	0.774603	3.077465	0.006057	
0.312899	0.457825	0.821878	0.673984	0.567418	
0.199330	0.310823	0.587812	1.103362	0.523374	
0.761321	0.328157	0.321896	1.945842	0.012770	
0.198987	0.727582	0.199256	2.981757	0.017676	
0.569979	0.253714	0.279148	1.536911	0.837447	
0.718384	0.194853	0.204562	2.772419	0.724483	
0.000000	0.000000	0.000000	0.000000	1.397189	
0.705628	0.257156	2.045994	0.784540	0.001305	
0.690161	0.216417	2.466607	0.755063	0.669067	
0.105355	0.270218	0.737443	1.998006	0.001666	
0.738606	0.178069	0.184146	3.229437	0.019126	
0.564272	0.301189	1.129854	0.722819	0.603876	
0.671997	0.271156	2.358084	0.758815	0.623491	
0.253063	0.344429	0.600460	1.034271	0.003917	
0.134133	0.143652	0.211392	0.311183	0.960894	
0.520721	0.899563	0.648941	0.745530	0.436279	
0.653818	0.265840	1.581392	0.752938	0.767389	
0.563655	0.288713	0.357975	1.420644	0.460335	
0.691117	0.215427	2.488166	0.755254	0.674082	
0.114827	0.142042	0.230846	0.371748	1.073505	
0.151695	0.108707	0.253121	0.435530	1.144139	
0.000000	0.000000	0.000000	0.000000	1.515227	
2.515733	0.712463	0.853247	0.783551	0.013859	
0.122847	0.261418	0.667650	1.692577	0.612339	
0.705566	0.194095	0.200598	2.793229	0.679145	
0.708452	0.275197	1.842385	0.851668	0.013592	
0.284664	0.136622	0.663984	1.544102	0.493256	
0.286909	0.662855	1.977411	0.773120	0.013920	
0.286406	0.105397	0.856503	2.106794	0.001932	
0.326716	0.467589	0.417967	1.012787	0.368492	
0.557596	0.338550	0.377734	1.319012	0.013556	
0.341550	0.255254	0.568072	0.955881	0.306425	
0.099360	0.257675	0.701141	1.972689	0.508618	
0.207193	0.230028	0.345285	0.419764	0.873799	
0.589424	0.439462	0.552587	0.692163	0.423485	
0.184684	0.664617	2.563465	1.400397	0.003678	
0.180799	0.705400	2.847309	0.760505	0.791218	
0.254925	0.138254	0.534914	1.116063	0.940039	
0.738172	0.177936	0.186017	3.229956	0.019129	
0.325734	0.588950	1.286502	0.756485	0.000513	
0.194904	0.698294	0.200084	3.018545	0.875856	
0.196754	0.727342	0.201760	3.257528	0.018685	
0.715508	0.213010	2.623625	0.800061	0.045285	
0.758801	0.205072	2.751780	0.938838	0.007713	
0.680739	0.214788	2.417799	0.854381	0.664776	
0.210564	0.696841	2.455205	0.760050	0.643385	
0.724437	0.223533	0.235871	2.508678	0.657143	
0.092903	0.241702	0.739574	2.201045	0.001859	
0.213595	0.058410	0.739106	2.749312	0.718855	
0.722439	0.199864	0.207588	2.842907	0.016931	
0.352373	0.545760	0.377136	1.322598	0.002994	
0.103459	0.139511	0.241512	0.413186	1.152637	
0.226633	0.103393	0.574678	1.432752	1.114639	
0.148397	0.106579	0.256842	0.439645	1.152141	
0.231024	0.701586	0.232725	2.411145	0.588231	
0.721638	0.196683	0.219932	2.912450	0.016818	
0.243899	0.270771	0.327958	0.442714	0.846251	
0.223979	0.638294	1.981133	1.158834	0.000150	
0.308728	0.531932	0.375543	1.279827	0.438024	
0.205000	0.652816	2.256806	1.248327	0.000167	
0.539104	0.287949	1.108876	0.915697	0.476492	
0.537482	0.293191	1.132024	0.727026	0.572971	
0.270960	0.074972	0.960637	2.742601	0.005562	
0.701351	0.229664	2.344268	0.794507	0.004920	
0.000000	0.000000	0.000000	0.000000	1.312530	
0.488081	0.325526	0.406275	1.093200	0.376646	
0.187054	0.715028	0.181411	3.133336	0.756570	
0.110102	0.142300	0.234957	0.389549	1.107527	
0.261421	0.152436	0.518796	1.025163	0.895670	
0.219459	0.094811	0.576024	1.491896	1.176535	
0.234443	0.080924	0.710354	2.200351	0.554197	
0.000000	0.000000	0.000000	0.000000	1.395914	
0.332657	0.172028	0.736955	1.451808	0.004312	
0.243899	0.270771	0.327958	0.442714	0.846251	
0.714737	0.262713	1.913074	0.907599	0.014112	
0.211925	0.646731	2.146560	1.214261	0.000160	
0.312829	0.581012	0.366992	1.416604	0.001245	
0.205893	0.069837	0.746495	2.812591	0.483288	
0.284186	0.705201	2.193435	0.776137	0.013560	
0.643621	0.428387	0.529655	0.745805	0.596312	
0.309368	0.413921	0.701455	0.748819	0.461249	
0.683990	0.263992	0.239371	2.357279	0.410774	
0.092577	0.240395	0.674531	1.865356	0.818268	
0.188377	0.337891	0.717448	1.282625	0.465472	
0.079515	0.263692	0.673086	2.598123	1.032634	
0.212178	0.646451	2.142241	1.213282	0.016059	
