0.893322	0.000002	0.596648	6.124062	
0.803593	0.817251	0.254777	4.375959	
0.160061	0.196176	0.313172	6.923329	
0.281919	0.000224	0.000113	7.586867	
0.891621	0.022609	0.007857	6.317864	
0.221616	0.221901	0.660839	6.547505	
0.197955	0.004689	0.793149	6.080130	
0.786079	0.000434	0.205623	6.107134	
0.000000	0.000000	0.000000	8.000379	
0.605050	0.191713	0.079693	7.225892	
0.664616	0.921703	0.715826	4.832401	
0.897218	0.778832	0.027296	4.873883	
0.232686	0.865459	0.225167	5.470298	
0.000000	0.000000	0.124856	7.760371	
0.206567	0.000195	0.626091	7.303721	
0.788873	0.195197	0.003529	6.194421	
0.647106	0.021947	0.890926	5.791607	
0.300826	0.000001	0.175940	7.266983	
0.734045	0.864913	0.875014	3.456234	
0.624029	0.772923	0.232360	5.775277	
0.001927	0.781942	0.193638	6.143368	
0.342990	0.706575	0.002099	6.722135	
0.806077	0.894662	0.024698	4.740797	
0.648996	0.254857	0.631024	6.690191	
0.647983	0.638876	0.642263	6.513464	
0.142366	0.136735	0.000000	7.451930	
0.014273	0.019418	0.625041	7.581351	
0.962826	0.739688	0.640891	5.011882	
0.000013	0.623967	0.179743	7.263291	
0.000484	0.745531	0.735262	5.571654	
0.174370	0.297901	0.184760	6.890411	
0.000000	0.199912	0.608765	7.318084	
0.274774	0.752355	0.593644	6.070002	
0.578593	0.000002	0.713743	6.848495	
0.237174	0.655943	0.222084	6.572814	
0.006661	0.527757	0.740475	6.762270	
0.806897	0.020619	0.907487	4.785536	
0.884564	0.022531	0.786466	4.808688	
0.191664	0.552759	0.779121	6.096649	
0.221616	0.221901	0.888272	5.511598	
0.884329	0.870501	0.753624	3.343931	
0.293280	0.074869	0.287859	7.068898	
0.142486	0.000095	0.132390	7.487534	
0.015559	0.882152	0.794454	4.774064	
0.264135	0.802426	0.818687	4.377672	
0.003495	0.151407	0.290355	7.290553	
0.000002	0.138350	0.137813	7.458414	
0.000112	0.261389	0.001833	7.573112	
0.604585	0.268132	0.830287	5.647248	
0.007882	0.668966	0.629720	6.898099	
0.596205	0.000000	0.001146	7.771186	
0.787793	0.199912	0.610082	5.806617	
0.152589	0.148815	0.151225	7.099976	
0.734045	0.739827	0.013090	5.606373	
0.127377	0.000141	0.001520	7.778696	
0.817296	0.598547	0.233049	5.714209	
0.316694	0.170478	0.002714	7.294691	
0.000229	0.194643	0.785885	6.123133	
0.664616	0.218611	0.222592	6.526350	
0.914522	0.746954	0.873165	3.481349	
0.233982	0.624557	0.636470	6.743882	
0.706161	0.297009	0.013841	6.625470	
0.775397	0.011115	0.749715	5.678395	
0.001447	0.297901	0.184760	7.268364	
0.016036	0.805204	0.899830	4.774246	
0.164565	0.008477	0.292360	7.259934	
0.000300	0.903190	0.012309	6.368580	
0.007187	0.021534	0.915029	6.395600	
0.199035	0.598826	0.000000	7.370908	
0.700064	0.001394	0.548133	7.034121	
0.619608	0.000001	0.206741	7.266517	
0.000371	0.726217	0.004506	6.882902	
0.743946	0.000132	0.001520	6.818209	
0.036506	0.008477	0.290955	7.540337	
0.821610	0.262603	0.820772	4.301590	
0.312421	0.185619	0.184183	6.893554	
0.151056	0.310002	0.002733	7.322238	
0.000099	0.123820	0.000000	7.762336	
0.000514	0.004119	0.731109	6.874042	
0.007804	0.632585	0.008429	7.562867	
0.867402	0.223274	0.223383	5.478826	
0.202572	0.795133	0.003207	6.145163	
0.679130	0.673318	0.891977	4.877251	
0.000000	0.212254	0.607085	7.312014	
0.771310	0.234492	0.631024	5.741956	
0.211208	0.257985	0.786292	5.682198	
0.000229	0.194643	0.782402	6.141246	
0.697680	0.877471	0.663106	4.782737	
0.000000	0.000000	0.717554	6.951530	
0.827829	0.258652	0.822830	4.279979	
0.017107	0.019418	0.625540	7.574997	
0.312421	0.175466	0.184183	6.910471	
0.100505	0.741243	0.590491	6.399220	
0.017723	0.632585	0.041506	7.502622	
0.163041	0.101758	0.150861	7.224497	
0.717851	0.000808	0.002125	6.948455	
0.000099	0.091252	0.000000	7.839607	
0.803593	0.817646	0.254037	4.374415	
0.202572	0.802161	0.000000	6.174322	
0.605050	0.268132	0.832439	5.639915	
0.160061	0.202306	0.311585	6.912122	
0.615077	0.191713	0.079693	7.171726	
0.915617	0.746954	0.873102	3.485808	
0.624494	0.791704	0.232360	5.673162	
0.897218	0.778832	0.023093	4.879672	
0.136852	0.141513	0.001478	7.455228	
0.147976	0.309069	0.000077	7.328105	
0.000300	0.005652	0.012309	7.980217	
0.342990	0.708046	0.002099	6.711028	
0.706161	0.297009	0.015517	6.623394	
0.664616	0.223497	0.218331	6.524411	
0.882915	0.022531	0.787542	4.800304	
0.700064	0.000268	0.548133	7.035391	
0.000103	0.259053	0.000076	7.574044	
0.806077	0.894662	0.020830	4.746332	
0.855741	0.000001	0.000000	6.328499	
0.000521	0.729879	0.002125	6.871424	
0.221616	0.003913	0.888272	5.922139	
0.003669	0.260011	0.159777	7.258678	
0.596205	0.000000	0.028702	7.735444	
0.232686	0.046221	0.638098	7.044644	
0.001849	0.778673	0.193638	6.161331	
0.578593	0.000002	0.710878	6.855795	
0.868468	0.235089	0.242254	5.463910	
0.127377	0.004111	0.043991	7.695494	
0.191664	0.557596	0.779121	6.083838	
0.300826	0.000001	0.150368	7.314234	
0.269617	0.000001	0.000085	7.597045	
0.225136	0.657105	0.001712	6.983502	
0.784987	0.000434	0.205623	6.122514	
0.036506	0.008477	0.292360	7.539984	
0.658254	0.279619	0.616343	6.644039	
0.000013	0.626478	0.176894	7.253979	
0.017801	0.872735	0.657962	5.690726	
0.136689	0.013724	0.294010	7.316476	
0.011922	0.872735	0.795929	4.758270	
0.009766	0.000000	0.123354	7.753017	
0.157051	0.000352	0.205405	7.300197	
0.718038	0.003925	0.779121	5.492710	
0.000099	0.091126	0.295927	7.442415	
0.729168	0.741096	0.005843	5.645191	
0.917130	0.739688	0.646044	4.758558	
0.264135	0.803911	0.818687	4.371813	
0.000420	0.021534	0.915029	6.402795	
0.803811	0.038143	0.900937	4.746955	
0.235986	0.653094	0.222651	6.592119	
0.215562	0.212592	0.670887	6.490903	
0.005834	0.864691	0.002125	6.300663	
0.828688	0.609909	0.312082	5.670819	
0.809183	0.150434	0.132445	5.848374	
0.233982	0.624188	0.636509	6.740284	
0.636939	0.638876	0.642263	6.587309	
0.618290	0.783253	0.885233	4.509734	
0.014058	0.624188	0.641617	7.118196	
0.022664	0.801140	0.884710	4.741168	
0.274774	0.745446	0.593644	6.117347	
0.884329	0.818004	0.762437	3.437537	
0.218849	0.873723	0.230780	5.483109	
0.732882	0.864913	0.875014	3.464144	
0.624310	0.008081	0.212242	7.223172	
0.309155	0.125976	0.000077	7.378558	
0.000002	0.136517	0.137813	7.462936	
0.171526	0.288495	0.177634	6.898253	
0.275657	0.004853	0.798788	6.022385	
0.275657	0.004853	0.166427	7.243995	
0.007684	0.261389	0.001833	7.565028	
0.707524	0.000000	0.017915	7.128906	
0.000521	0.861874	0.002125	6.306323	
0.914095	0.746954	0.873102	3.486229	
0.015559	0.854361	0.797146	4.742910	
0.658254	0.789848	0.063696	5.801889	
0.658254	0.279619	0.616343	6.644039	
0.024708	0.008081	0.177394	7.608776	
0.803811	0.017523	0.900937	4.798326	
0.885254	0.797063	0.008704	4.778241	
0.235279	0.653089	0.222289	6.592872	
0.774201	0.836868	0.632214	4.468016	
0.069072	0.203842	0.169535	7.158121	
0.708173	0.230877	0.144661	6.317116	
0.817296	0.611772	0.233049	5.644281	
0.274774	0.745446	0.596509	6.103780	
0.138041	0.633287	0.643176	6.794046	
0.000099	0.198471	0.000001	7.701821	
0.728972	0.638830	0.661240	5.785110	
0.232686	0.045470	0.639746	7.050621	
0.806077	0.894662	0.017284	4.751371	
0.897084	0.019026	0.254037	5.916947	
0.000004	0.391423	0.826697	6.226942	
0.291022	0.206635	0.638098	6.729206	
0.007804	0.634361	0.001993	7.548846	
0.264135	0.809972	0.818687	4.348238	
0.171526	0.288495	0.177634	6.898253	
0.664384	0.689104	0.220158	6.105787	
0.778823	0.881595	0.871569	3.183032	
0.620645	0.000001	0.207176	7.260240	
0.649601	0.257985	0.786292	5.643891	
0.615077	0.191713	0.116595	7.085458	
0.001849	0.203842	0.193638	7.222358	
0.046310	0.297901	0.184760	7.203824	
0.264135	0.803911	0.186327	5.753245	
