0.926115	0.017949	0.652876	0.000737	7.892665	
0.002360	0.892952	0.003917	0.657861	7.747955	
0.843114	0.881067	0.232834	0.235807	5.814792	
0.000000	0.000000	0.000415	0.753721	8.750195	
0.110862	0.880476	0.897099	0.232783	6.071844	
0.000209	0.000767	0.670431	0.927241	7.806438	
0.000000	0.000000	0.000000	0.000000	10.133056	
0.931847	0.797684	0.784332	0.092970	5.310080	
0.836944	0.843549	0.849679	0.831459	3.294559	
0.035076	0.905055	0.687330	0.006185	7.516849	
0.275959	0.007607	0.301014	0.000892	9.208059	
0.876183	0.335580	0.011940	0.029269	7.940903	
0.000578	0.769547	0.001282	0.001137	8.775282	
0.000159	0.000136	0.770845	0.000000	8.769856	
0.000024	0.027499	0.897769	0.653636	7.772039	
0.028580	0.352179	0.876362	0.006125	7.994351	
0.278723	0.000013	0.000013	0.000151	9.586192	
0.100729	0.787057	0.783469	0.906022	5.230434	
0.156970	0.952371	0.797754	0.905131	5.160666	
0.837175	0.006114	0.782502	0.937952	5.388170	
0.750167	0.000101	0.002817	0.000645	8.730803	
0.878674	0.214728	0.863491	0.133812	5.961319	
0.001075	0.283126	0.011334	0.002324	9.610335	
0.017300	0.274512	0.001895	0.245803	9.140486	
0.931847	0.107978	0.793341	0.873578	5.096864	
0.837440	0.920129	0.782669	0.124295	5.064717	
0.664461	0.654729	0.669483	0.000284	8.084037	
0.668251	0.000108	0.671236	0.654504	8.059026	
0.028430	0.335580	0.300631	0.006086	9.245689	
0.875280	0.136974	0.117495	0.871063	6.142351	
0.266815	0.003957	0.083534	0.325635	9.182117	
0.808490	0.872582	0.145068	0.778043	4.981235	
0.805346	0.829781	0.145783	0.904642	4.858880	
0.262429	0.000013	0.000013	0.877396	7.896844	
0.000233	0.000036	0.000019	0.285535	9.596514	
0.660900	0.652371	0.007540	0.666829	8.137152	
0.059974	0.333537	0.070085	0.868048	7.781075	
0.000947	0.000000	0.298373	0.000892	9.677195	
0.231221	0.334744	0.010833	0.005870	9.232570	
0.082747	0.822587	0.926446	0.787944	5.196210	
0.000791	0.657214	0.671205	0.663237	8.104991	
0.648891	0.025627	0.949915	0.002971	8.068567	
0.791984	0.780119	0.904945	0.145789	5.115034	
0.861406	0.054384	0.020865	0.418489	8.096218	
0.017281	0.000828	0.314839	0.319973	9.250855	
0.635290	0.894510	0.011921	0.023688	7.864201	
0.805346	0.828009	0.009505	0.027458	7.159093	
0.000000	0.000009	0.758192	0.000000	8.790957	
0.000000	0.357665	0.301726	0.003394	9.521075	
0.002360	0.892952	0.003808	0.657861	7.812549	
0.277847	0.000008	0.001766	0.000151	9.584693	
0.007926	0.027535	0.858459	0.655320	7.683266	
0.098336	0.952371	0.849938	0.905131	5.158627	
0.750167	0.000101	0.002817	0.000632	8.796840	
0.821894	0.390222	0.001319	0.029268	8.255525	
0.836017	0.879504	0.083534	0.881819	4.936905	
0.001075	0.281292	0.011362	0.002324	9.572592	
0.286501	0.637141	0.017499	0.043244	9.097479	
0.821377	0.107978	0.009614	0.873578	6.741602	
0.083528	0.004397	0.002527	0.735949	8.674394	
0.275959	0.000000	0.296847	0.000892	9.212344	
0.078285	0.787057	0.783469	0.915105	5.380516	
0.014681	0.000767	0.670431	0.927241	7.803929	
0.931847	0.797684	0.784332	0.901168	3.946621	
0.017352	0.026874	0.006822	0.006470	9.993648	
0.016951	0.352179	0.876362	0.006125	8.007107	
0.791984	0.790806	0.904513	0.145789	5.058634	
0.926115	0.017701	0.652876	0.000737	7.893179	
0.839110	0.920129	0.782669	0.117185	5.079034	
0.007926	0.027535	0.662233	0.655320	8.745303	
0.023851	0.842719	0.312972	0.062994	7.822330	
0.000000	0.274512	0.000000	0.245803	9.162789	
0.806820	0.872582	0.145068	0.785138	4.949618	
0.839092	0.881006	0.232834	0.242877	5.807490	
0.648891	0.007679	0.950347	0.002971	8.094991	
0.006490	0.005185	0.004553	0.245803	9.563038	
0.082747	0.822587	0.926446	0.870777	5.013295	
0.033864	0.331043	0.032342	0.863465	7.969029	
0.667913	0.000108	0.077586	0.657842	8.662759	
0.636337	0.843549	0.079917	0.831459	6.065903	
0.002360	0.040087	0.305345	0.000285	9.680786	
0.839110	0.787241	0.782669	0.164719	5.020597	
0.879950	0.211716	0.863491	0.135655	5.975409	
0.761047	0.920129	0.782669	0.117185	5.403635	
0.668251	0.000108	0.660631	0.657842	8.125520	
0.000791	0.656514	0.654903	0.663237	8.238902	
0.001019	0.758433	0.001282	0.005856	8.827734	
0.041459	0.334937	0.882301	0.005917	8.072551	
0.000231	0.000036	0.000019	0.286872	9.677170	
0.928062	0.842719	0.299367	0.060503	6.548145	
0.017313	0.786891	0.006822	0.056963	8.411050	
0.675592	0.007679	0.950335	0.007899	7.885127	
0.668251	0.006445	0.660631	0.657842	8.118770	
0.000947	0.000000	0.298373	0.000892	9.677195	
0.083528	0.005332	0.002527	0.732349	8.698864	
0.000026	0.798341	0.758941	0.000153	7.528153	
0.005794	0.277588	0.301014	0.000892	9.217099	
0.633751	0.894510	0.011921	0.023688	8.260815	
0.236783	0.822587	0.926446	0.787944	4.913971	
0.675592	0.017613	0.648927	0.007899	8.711198	
