0.664183	0.006272	0.652112	0.674841	8.056956	
0.050559	0.839123	0.332563	0.042006	7.859323	
0.279878	0.000000	0.000000	0.000000	9.585974	
0.782476	0.803427	0.105040	0.901453	5.132848	
0.000253	0.659940	0.665310	0.676047	7.991663	
0.138522	0.956607	0.835505	0.822060	5.081960	
0.023350	0.644494	0.064431	0.880300	7.720893	
0.018224	0.899598	0.045773	0.649807	7.738578	
0.000516	0.000302	0.759226	0.000008	8.662022	
0.203359	0.752744	0.803589	0.916220	5.168651	
0.824029	0.883424	0.169592	0.770952	4.935545	
0.911368	0.008132	0.648089	0.006280	7.863414	
0.000000	0.000000	0.000000	0.000000	10.001479	
0.665359	0.683343	0.003206	0.667730	7.994521	
0.023495	0.653629	0.915829	0.002295	7.828502	
0.000137	0.003415	0.293904	0.000000	9.601719	
0.002754	0.763636	0.007693	0.000000	8.705513	
0.862426	0.225071	0.210104	0.894598	5.886005	
0.000251	0.000001	0.000666	0.300882	9.608655	
0.018353	0.318133	0.000007	0.374922	9.384422	
0.642260	0.008439	0.039408	0.880641	7.767955	
0.905495	0.643246	0.015253	0.004226	7.868794	
0.930026	0.242134	0.804903	0.812973	4.885470	
0.000156	0.275357	0.334554	0.000412	9.253806	
0.665501	0.672755	0.670196	0.000921	7.981675	
0.758348	0.000841	0.000007	0.000051	8.665696	
0.048370	0.005977	0.867586	0.652121	7.672088	
0.926548	0.806126	0.157251	0.774151	5.165446	
0.000049	0.000309	0.000443	0.767980	8.619897	
0.361992	0.275335	0.019658	0.035897	9.287291	
0.000091	0.290986	0.002816	0.000367	9.594118	
0.876844	0.000128	0.067001	0.319116	7.851122	
0.803268	0.152788	0.771415	0.922303	5.170626	
0.292787	0.000110	0.136259	0.330141	9.222967	
0.624466	0.010827	0.293050	0.000323	9.216833	
0.839227	0.832455	0.835828	0.852141	3.296301	
0.638199	0.010827	0.887608	0.000593	7.870166	
0.644011	0.899143	0.017909	0.010391	7.830862	
0.011606	0.000001	0.300030	0.290310	9.227244	
0.024277	0.147891	0.669176	0.958319	7.993346	
0.000253	0.288701	0.215889	0.672151	8.649700	
0.230592	0.015559	0.005704	0.290442	9.211519	
0.782476	0.803427	0.129846	0.901453	5.078083	
0.203359	0.752111	0.803589	0.916220	5.172707	
0.000874	0.868476	0.332563	0.000412	7.977103	
0.000000	0.000000	0.000000	0.000000	10.000321	
0.778146	0.000841	0.000007	0.000017	8.548620	
0.367623	0.272386	0.019658	0.035897	9.317108	
0.018224	0.899598	0.037779	0.658892	7.688821	
0.009105	0.000001	0.264998	0.300882	9.175565	
0.009052	0.261379	0.265619	0.008601	9.170224	
0.046335	0.813599	0.913197	0.811072	5.240129	
0.002754	0.763636	0.007693	0.000000	8.736199	
0.644011	0.899143	0.017909	0.010381	7.830873	
0.000003	0.671295	0.822247	0.137368	7.397368	
0.000051	0.290986	0.002816	0.000394	9.597479	
0.000516	0.000011	0.758346	0.000008	8.741368	
0.905495	0.638510	0.012817	0.004226	7.903243	
0.018256	0.017318	0.867586	0.666386	7.604651	
0.000000	0.000000	0.000000	0.386898	9.801714	
0.876844	0.004242	0.067001	0.318207	7.847988	
0.847187	0.010827	0.900435	0.142627	6.399320	
0.824183	0.883424	0.169592	0.770952	4.935456	
0.290525	0.000000	0.000000	0.141263	9.319400	
0.140050	0.956282	0.835441	0.822060	5.086677	
0.926548	0.824586	0.157251	0.791464	5.017697	
0.656986	0.672699	0.003206	0.667730	8.053979	
0.929311	0.242134	0.804903	0.813262	4.984888	
0.076060	0.146486	0.265619	0.833298	7.722585	
0.834471	0.832455	0.835828	0.852141	3.304330	
0.779427	0.782869	0.913569	0.093129	5.320414	
0.007960	0.225071	0.209533	0.885426	7.548446	
0.862426	0.281718	0.212173	0.894598	5.885845	
0.803268	0.132990	0.820585	0.907810	4.942992	
0.758028	0.172753	0.209533	0.885426	6.505078	
0.769006	0.152090	0.877520	0.779216	5.157943	
0.206014	0.000001	0.295626	0.000005	9.205471	
0.835735	0.007542	0.300030	0.002075	7.960956	
0.011519	0.000001	0.076938	0.903474	8.323983	
0.855340	0.365505	0.210104	0.647297	7.160665	
0.228630	0.015559	0.005704	0.290442	9.213746	
0.769006	0.291791	0.877520	0.008309	6.509403	
0.029443	0.839510	0.017909	0.010381	8.461203	
0.782406	0.807158	0.120582	0.901453	5.094165	
0.018224	0.899598	0.045889	0.893890	6.639337	
0.932404	0.000000	0.797491	0.798649	5.414691	
0.874652	0.020166	0.007693	0.000000	8.522137	
0.028517	0.000309	0.668888	0.767980	7.901727	
0.779427	0.775526	0.913569	0.138679	5.252100	
0.077385	0.261379	0.265619	0.008601	9.134841	
0.932404	0.221821	0.797491	0.892569	4.901413	
0.000003	0.671295	0.009153	0.293929	8.917304	
0.279878	0.000000	0.000000	0.000000	9.823070	
0.000003	0.676747	0.822247	0.005263	7.616412	
0.083644	0.875101	0.266666	0.010391	7.746411	
0.622418	0.875101	0.023599	0.010391	7.907658	
0.018256	0.278624	0.867586	0.666386	7.214389	
0.023533	0.010827	0.887608	0.005323	8.392953	
0.623248	0.008439	0.039408	0.880641	7.888471	
0.926548	0.824896	0.131089	0.791464	5.072702	
