0.865042	0.151622	0.765563	0.788667	5.139690	
0.343503	0.003643	0.334994	0.000038	9.374426	
0.000247	0.000098	0.000105	0.000040	10.231807	
0.942684	0.848803	0.799270	0.056911	5.265063	
0.798091	0.124096	0.877627	0.810024	5.160314	
0.000265	0.332245	0.322299	0.000040	9.346976	
0.858605	0.845280	0.842571	0.841869	3.288177	
0.000583	0.001910	0.744713	0.001540	8.827561	
0.865388	0.859581	0.245317	0.122854	5.980644	
0.864635	0.124343	0.300551	0.847981	6.016592	
0.022377	0.851702	0.407700	0.004761	8.148103	
0.000224	0.764833	0.000838	0.000038	8.950772	
0.019709	0.797335	0.816378	0.913369	5.244043	
0.000210	0.017023	0.336693	0.293929	9.280035	
0.005548	0.657419	0.675963	0.670667	8.158046	
0.290685	0.000033	0.000837	0.000357	9.636087	
0.000259	0.284681	0.000103	0.000040	9.634484	
0.034504	0.014258	0.855610	0.316611	7.909867	
0.349383	0.002267	0.843692	0.002030	8.033550	
0.006000	0.883510	0.818695	0.838385	5.042461	
0.817126	0.883520	0.786288	0.063063	5.130481	
0.000262	0.573300	0.001016	0.899439	8.260193	
0.879294	0.184239	0.845322	0.310189	5.925660	
0.810549	0.794130	0.001034	0.920640	5.343233	
0.019709	0.007942	0.339597	0.913369	8.088999	
0.000443	0.000293	0.290184	0.000305	9.739809	
0.285608	0.330918	0.000837	0.021800	9.258185	
0.050382	0.798524	0.884333	0.804328	5.145444	
0.657123	0.657629	0.658698	0.000000	8.233355	
0.000210	0.299489	0.000177	0.299404	9.236044	
0.001190	0.650226	0.937890	0.000040	8.010573	
0.696253	0.617399	0.004341	0.663146	8.278952	
0.026052	0.887081	0.013059	0.630822	7.893017	
0.695874	0.000299	0.647707	0.656676	8.188701	
0.004284	0.002960	0.004940	0.756114	8.762653	
0.636593	0.934210	0.023196	0.011389	8.047104	
0.799209	0.784519	0.907334	0.132056	5.117398	
0.783976	0.924457	0.088823	0.783266	5.362809	
0.342942	0.017351	0.028518	0.313226	9.315960	
0.000171	0.002928	0.000121	0.284947	9.609073	
0.874369	0.026404	0.028327	0.447011	8.217671	
0.744914	0.004196	0.000108	0.003335	8.784049	
0.650870	0.012096	0.010970	0.929684	7.943505	
0.157232	0.859581	0.296373	0.863203	5.938553	
0.870513	0.028842	0.286452	0.029252	7.849422	
0.790404	0.124096	0.818818	0.913338	5.073822	
0.152575	0.853890	0.889004	0.166234	6.037279	
0.825279	0.259207	0.005082	0.000038	7.935789	
0.015789	0.042575	0.332194	0.836358	7.941190	
0.717779	0.640658	0.003794	0.644866	8.102989	
0.035232	0.014258	0.845322	0.315026	7.956259	
0.021756	0.640658	0.003794	0.644866	9.113623	
0.876754	0.184239	0.845322	0.310189	5.963295	
0.343503	0.000065	0.334994	0.000038	9.379248	
0.006711	0.113082	0.005371	0.272900	9.526442	
0.875530	0.033672	0.028109	0.324350	7.910491	
0.795506	0.022199	0.818818	0.907315	5.223525	
0.152575	0.864029	0.298398	0.860701	5.944056	
0.680753	0.158816	0.765563	0.003116	7.694894	
0.004284	0.003683	0.005193	0.756114	8.762648	
0.178147	0.799034	0.884466	0.755128	5.134046	
0.865372	0.859581	0.248605	0.122854	5.977395	
0.000443	0.000293	0.290184	0.001598	9.737807	
0.799537	0.784519	0.907334	0.132056	5.115952	
0.637923	0.934210	0.023196	0.011389	8.040783	
0.896220	0.151623	0.761837	0.848434	5.036820	
0.026052	0.881713	0.000417	0.630822	8.095622	
0.000264	0.000098	0.758808	0.000040	8.699806	
0.006000	0.877215	0.820630	0.838385	5.023855	
0.000262	0.574798	0.001016	0.899439	8.258644	
0.019709	0.805256	0.816378	0.913369	5.210622	
0.022377	0.877215	0.343166	0.000331	7.997811	
0.853530	0.845280	0.840965	0.850415	3.285692	
0.000273	0.650226	0.937890	0.000040	8.090688	
0.870513	0.032712	0.286452	0.029252	7.847736	
0.149418	0.852498	0.827177	0.166234	6.049223	
0.015789	0.014334	0.326052	0.259684	9.210169	
0.000259	0.284681	0.000105	0.000038	9.608958	
0.000194	0.773116	0.000838	0.000038	9.081995	
0.868142	0.113475	0.313878	0.848434	6.054597	
0.858707	0.838070	0.290184	0.001598	6.393120	
0.803264	0.124096	0.870197	0.837962	4.842412	
0.347960	0.114200	0.005082	0.007116	9.570610	
0.657123	0.656893	0.830302	0.000000	7.170390	
0.343721	0.000521	0.020517	0.313226	9.419778	
0.653054	0.002397	0.010970	0.010205	9.432781	
0.000254	0.000098	0.000105	0.000040	10.221589	
0.333321	0.259207	0.005082	0.000038	9.249352	
0.941941	0.866719	0.790682	0.263525	4.954097	
0.695874	0.000299	0.646713	0.663146	8.160847	
0.820860	0.884050	0.801722	0.063063	5.043627	
0.632634	0.016223	0.025957	0.896315	7.937791	
0.777927	0.925310	0.088823	0.783266	5.403251	
0.810549	0.845599	0.022941	0.920640	5.166791	
0.019709	0.805992	0.644774	0.913369	6.334793	
0.000242	0.327784	0.309223	0.021048	9.273836	
0.343503	0.000035	0.334994	0.006737	9.396016	
0.000443	0.124291	0.861125	0.001598	8.197259	
0.000254	0.025112	0.000105	0.759890	8.944105	
0.870513	0.031825	0.286452	0.023493	7.852141	
