0.000000	0.000000	0.000000	0.000000	10.012723	
0.781506	0.168689	0.788341	0.923857	5.155168	
0.000000	0.000450	0.294670	0.000562	9.741982	
0.674795	0.007204	0.932049	0.000305	7.798385	
0.894138	0.254391	0.163094	0.867238	5.935499	
0.639196	0.008707	0.026495	0.884190	7.816484	
0.870805	0.858805	0.815246	0.867194	3.316547	
0.674795	0.000793	0.666078	0.648882	8.073835	
0.002695	0.886834	0.640063	0.020797	7.829386	
0.023814	0.016431	0.628930	0.918770	7.990315	
0.853820	0.190283	0.864908	0.154068	5.937187	
0.903246	0.812635	0.138020	0.809740	4.902938	
0.873420	0.852631	0.184502	0.141860	5.979152	
0.000000	0.000000	0.000000	0.286239	9.603608	
0.000002	0.749070	0.000000	0.007660	8.736252	
0.771739	0.117726	0.896684	0.798522	5.167586	
0.763474	0.002086	0.000056	0.000323	8.646190	
0.263999	0.001833	0.000000	0.308902	9.198016	
0.119573	0.831779	0.780619	0.923857	5.113099	
0.000002	0.666257	0.024189	0.931948	7.891412	
0.027094	0.349313	0.001392	0.314823	9.370441	
0.916701	0.128527	0.787394	0.796072	5.142054	
0.276424	0.000052	0.000100	0.007367	9.584924	
0.000000	0.000002	0.784579	0.002037	8.699256	
0.931992	0.006847	0.034645	0.652379	7.905697	
0.025913	0.896461	0.836204	0.817302	5.040439	
0.000000	0.288666	0.294670	0.000000	9.199812	
0.866819	0.273977	0.014710	0.001738	7.873684	
0.011911	0.876864	0.004559	0.666055	7.661123	
0.023814	0.663282	0.930634	0.001494	7.843412	
0.000264	0.001880	0.000000	0.747963	8.734577	
0.874336	0.827797	0.878370	0.002236	4.982224	
0.001246	0.003593	0.249029	0.293426	9.173762	
0.670952	0.643320	0.000136	0.676695	8.141543	
0.766522	0.897736	0.137353	0.819307	5.095349	
0.655080	0.658764	0.660137	0.001539	8.196340	
0.638548	0.900655	0.108125	0.020499	7.679782	
0.003754	0.003003	0.912057	0.660369	7.790725	
0.281364	0.003107	0.297897	0.000007	9.189544	
0.171836	0.860857	0.859570	0.143794	5.989536	
0.115880	0.776417	0.888470	0.833941	5.012162	
0.000000	0.288666	0.001415	0.000020	9.593069	
0.004117	0.662822	0.666970	0.659156	8.079926	
0.348630	0.283138	0.003686	0.002331	9.284485	
0.915016	0.002478	0.634054	0.000626	7.985981	
0.771742	0.117726	0.896684	0.801521	5.154965	
0.001275	0.886834	0.640063	0.020797	7.830653	
0.171836	0.860857	0.851520	0.143794	5.992580	
0.000003	0.000210	0.647236	0.931948	8.040092	
0.017172	0.027211	0.053195	0.000000	9.934117	
0.781213	0.168689	0.795103	0.846011	4.977208	
0.931992	0.006847	0.034645	0.627302	8.070494	
0.001246	0.003593	0.249029	0.293426	9.173762	
0.866819	0.273977	0.014710	0.001738	7.873684	
0.153216	0.749204	0.894634	0.819307	5.206867	
0.670952	0.643320	0.000136	0.005024	8.802648	
0.149452	0.897736	0.849843	0.819307	4.754630	
0.001246	0.004583	0.292774	0.001862	9.599657	
0.000000	0.003239	0.790059	0.000000	8.734464	
0.704244	0.749525	0.000000	0.000000	8.053330	
0.119573	0.827913	0.881536	0.924428	4.917946	
0.025913	0.898397	0.257192	0.817341	6.652108	
0.852443	0.749204	0.170158	0.819307	5.065882	
0.003882	0.003003	0.909147	0.660369	7.777285	
0.276424	0.000052	0.005341	0.008180	9.578420	
0.876730	0.249721	0.206803	0.867194	5.809130	
0.000054	0.749525	0.000000	0.000000	8.867576	
0.762250	0.817524	0.085874	0.916167	5.303569	
0.866324	0.192195	0.864908	0.153601	5.933828	
0.915016	0.009846	0.679498	0.000626	7.658229	
0.866571	0.832466	0.867007	0.842666	3.294191	
0.000103	0.273545	0.004075	0.848881	7.903857	
0.763517	0.000027	0.004405	0.002027	8.627128	
0.655080	0.658764	0.660137	0.001522	8.196510	
0.875475	0.904225	0.135310	0.809740	4.847941	
0.000243	0.282269	0.682497	0.314826	8.436846	
0.004090	0.662822	0.666970	0.026859	8.655843	
0.001253	0.000000	0.000030	0.271658	9.585680	
0.002704	0.293834	0.001455	0.020499	9.571555	
0.916863	0.138205	0.787394	0.797610	5.112421	
0.639196	0.008707	0.004993	0.884190	7.843297	
0.644906	0.009661	0.609406	0.026710	9.147885	
0.025203	0.663282	0.930634	0.001494	7.841292	
0.674795	0.000793	0.932049	0.000122	7.805535	
0.876730	0.822833	0.878370	0.001178	5.000462	
0.000243	0.282269	0.001392	0.314826	9.219075	
0.000003	0.000354	0.000000	0.747963	8.736493	
0.263999	0.002090	0.000000	0.297941	9.180373	
0.023814	0.909181	0.628930	0.961936	6.679547	
0.000062	0.003003	0.906241	0.675208	7.832563	
0.348630	0.283138	0.003686	0.860016	7.593321	
0.000264	0.001880	0.000000	0.747963	8.734577	
0.019457	0.946631	0.291469	0.001494	8.176172	
0.655255	0.017890	0.632787	0.277390	8.558973	
0.263999	0.803889	0.000000	0.308902	7.662840	
0.866571	0.832466	0.867007	0.823699	3.325265	
0.001253	0.000000	0.005334	0.273964	9.581248	
0.000002	0.684383	0.930776	0.025700	7.816920	
0.000002	0.884443	0.000000	0.007660	8.343247	
0.876730	0.822833	0.878370	0.001178	5.000462	
