0.000000	0.299549	0.003088	0.001710	9.681022	
0.135721	0.899417	0.794578	0.807348	4.985678	
0.294622	0.844467	0.055553	0.004647	7.831490	
0.670231	0.661357	0.000002	0.664105	8.037308	
0.946002	0.211971	0.826700	0.828391	4.943014	
0.023049	0.920982	0.034989	0.683932	7.587491	
0.011681	0.038879	0.945900	0.655646	7.950363	
0.303478	0.351964	0.003715	0.034189	9.275916	
0.002111	0.000989	0.310733	0.001568	9.776861	
0.140018	0.846567	0.201387	0.861755	5.955523	
0.870263	0.850126	0.135462	0.172556	6.013969	
0.145767	0.847797	0.878556	0.182362	5.984243	
0.937300	0.029783	0.649421	0.006063	7.953281	
0.922543	0.805954	0.773539	0.185490	5.124084	
0.756567	0.001317	0.000000	0.000011	8.677946	
0.000243	0.638773	0.876721	0.001102	7.865252	
0.046886	0.818587	0.873194	0.800462	5.058479	
0.001202	0.754321	0.000409	0.002462	8.693879	
0.348178	0.038930	0.054660	0.329046	9.228178	
0.006889	0.000976	0.297861	0.280679	9.185879	
0.298016	0.000007	0.003499	0.000001	9.606432	
0.870627	0.172027	0.874739	0.174478	5.937905	
0.806564	0.877258	0.134224	0.834902	4.924299	
0.000000	0.661984	0.670508	0.654476	8.097168	
0.826118	0.818993	0.878530	0.082276	4.903639	
0.834465	0.173713	0.871366	0.760802	4.950195	
0.643804	0.011018	0.877164	0.023019	7.775917	
0.281225	0.002448	0.340781	0.000217	9.322207	
0.000549	0.002091	0.022589	0.280677	9.562541	
0.129225	0.188953	0.867144	0.862336	5.995591	
0.663751	0.668060	0.669974	0.000114	7.989297	
0.000438	0.000007	0.000027	0.749100	8.727900	
0.895087	0.000006	0.056043	0.244852	7.850422	
0.945132	0.663091	0.000651	0.032451	7.914136	
0.850452	0.827883	0.860258	0.832387	3.310036	
0.007710	0.327358	0.000096	0.291629	9.262152	
0.900014	0.842213	0.134224	0.834902	4.760539	
0.020401	0.284797	0.341868	0.002366	9.254067	
0.804229	0.893694	0.778713	0.075238	5.201016	
0.000000	0.000000	0.000000	0.000000	10.042866	
0.784712	0.156191	0.788132	0.937603	5.237994	
0.013718	0.842316	0.627820	0.040700	7.851970	
0.023441	0.338268	0.024463	0.851058	7.933068	
0.000243	0.006097	0.764404	0.001102	8.726927	
0.660117	0.001013	0.666980	0.665376	8.056649	
0.337107	0.038850	0.057799	0.865025	7.844923	
0.061632	0.023351	0.319617	0.863277	7.825284	
0.061632	0.335324	0.319617	0.863277	7.682030	
0.000004	0.039848	0.945900	0.655646	7.961859	
0.013718	0.842316	0.630445	0.040700	7.835286	
0.946002	0.211971	0.826700	0.828391	4.943014	
0.135721	0.899417	0.035932	0.807348	6.471259	
0.286156	0.117906	0.340777	0.005486	9.047865	
0.826118	0.818993	0.878530	0.005289	5.037959	
0.012695	0.042457	0.310733	0.001568	9.652675	
0.000121	0.281667	0.336428	0.000000	9.266078	
0.000000	0.000006	0.000000	0.244754	9.576423	
0.009183	0.001317	0.000000	0.782780	8.514705	
0.064110	0.828575	0.871989	0.800462	4.997251	
0.824607	0.369258	0.274682	0.837150	6.027096	
0.911437	0.003209	0.650676	0.006063	7.852190	
0.001177	0.291065	0.002567	0.000000	9.602414	
0.911063	0.001317	0.000000	0.815513	6.793896	
0.847857	0.828362	0.859487	0.838386	3.325604	
0.003012	0.873677	0.014679	0.000001	8.299235	
0.006889	0.000989	0.310733	0.264715	9.248985	
0.663751	0.655436	0.669974	0.000002	8.079069	
0.137609	0.899417	0.794578	0.807348	4.982707	
0.001669	0.326841	0.057475	0.302364	9.181952	
0.936616	0.029991	0.811692	0.816670	5.271501	
0.142840	0.011018	0.063011	0.023019	9.582984	
0.804533	0.649996	0.134224	0.050340	7.841305	
0.060061	0.030602	0.653758	0.840165	7.648483	
0.643804	0.011018	0.865710	0.023019	7.779039	
0.011331	0.002780	0.804026	0.264715	8.040698	
0.755158	0.001317	0.000000	0.816395	7.065284	
0.297837	0.379132	0.003715	0.000005	9.382453	
0.843563	0.188953	0.862161	0.862336	4.607029	
0.000243	0.656684	0.752314	0.001102	8.217582	
0.000000	0.661984	0.670508	0.681332	7.902195	
0.756567	0.001317	0.000000	0.000001	8.679709	
0.298016	0.000011	0.003669	0.000001	9.604708	
0.331638	0.038911	0.054660	0.329174	9.190936	
0.832332	0.173713	0.846200	0.760802	4.956015	
0.764134	0.761175	0.000022	0.002504	7.769005	
0.797909	0.873997	0.778713	0.113406	5.096994	
0.862095	0.850062	0.181046	0.174659	5.910263	
0.900014	0.842213	0.144124	0.834902	4.737415	
0.156233	0.846459	0.199962	0.861755	5.920859	
0.152836	0.189042	0.867144	0.862336	5.941081	
0.281225	0.304238	0.340781	0.000217	9.084209	
0.147925	0.173713	0.884828	0.760802	6.636165	
0.841282	0.173713	0.874263	0.297325	5.894684	
0.784712	0.155545	0.823149	0.937603	5.102863	
0.951179	0.005895	0.782549	0.006063	7.138456	
0.145767	0.648361	0.137701	0.182362	8.555750	
0.900014	0.008574	0.134224	0.782078	6.628362	
0.331638	0.038911	0.042485	0.265163	9.252204	
0.298016	0.000901	0.807647	0.000001	8.261244	
0.979817	0.878411	0.779763	0.075238	5.801831	
