0.340839	0.307519	0.021268	0.000001	9.279499	
0.000124	0.301007	0.001964	0.344122	9.305845	
0.297780	0.039340	0.840282	0.018054	7.857660	
0.000213	0.653379	0.043246	0.913200	7.789530	
0.785263	0.104875	0.932729	0.795186	5.294424	
0.843708	0.852697	0.857409	0.848582	3.254722	
0.886651	0.650665	0.000032	0.013664	7.770938	
0.905619	0.778187	0.048453	0.817566	5.245311	
0.000147	0.674350	0.661625	0.668381	8.048569	
0.840609	0.933782	0.004711	0.813211	5.230400	
0.000460	0.003338	0.014235	0.756075	8.702197	
0.145215	0.768976	0.783616	0.901048	5.208858	
0.757707	0.005375	0.000059	0.000030	9.149908	
0.759741	0.903282	0.804277	0.097840	5.318486	
0.295820	0.002853	0.298113	0.015641	9.188236	
0.661137	0.682330	0.000829	0.664881	8.195957	
0.011478	0.855622	0.022412	0.329251	7.928369	
0.648062	0.001138	0.669296	0.690196	7.976211	
0.000000	0.000000	0.000000	0.000001	10.526075	
0.915437	0.025234	0.001584	0.657386	7.799109	
0.000000	0.000000	0.297766	0.000001	9.606305	
0.297780	0.000001	0.000763	0.000163	9.608624	
0.012870	0.006478	0.657032	0.853515	7.695906	
0.296270	0.000059	0.004972	0.401830	9.443273	
0.010252	0.002873	0.949960	0.647383	8.075834	
0.039083	0.917156	0.804981	0.786718	5.311345	
0.388386	0.917716	0.038673	0.000001	8.194611	
0.000089	0.084884	0.281334	0.346625	9.143888	
0.806349	0.822525	0.935727	0.114955	5.090139	
0.649934	0.652282	0.665271	0.000030	8.377718	
0.785757	0.083848	0.775291	0.907730	5.333282	
0.002672	0.307541	0.000033	0.000034	9.846791	
0.000000	0.000000	0.000001	0.296122	9.647262	
0.783281	0.807857	0.031841	0.937487	5.428890	
0.900681	0.782472	0.783147	0.119812	5.190054	
0.001368	0.000000	0.767572	0.000010	8.624465	
0.002835	0.313391	0.916099	0.009096	8.057088	
0.929324	0.001075	0.657455	0.029244	7.865979	
0.627761	0.108343	0.002742	0.813258	7.784649	
0.013392	0.934886	0.654483	0.029707	7.898668	
0.003092	0.770062	0.001709	0.001388	8.960964	
0.891591	0.088228	0.784388	0.839565	5.032553	
0.002696	0.301199	0.326319	0.003293	9.261533	
0.103011	0.795897	0.886091	0.812315	4.999013	
0.297780	0.039340	0.840282	0.017998	7.857997	
0.000124	0.297919	0.005103	0.346169	9.301338	
0.626847	0.108343	0.002742	0.799837	7.843720	
0.013873	0.016188	0.836048	0.815466	6.823809	
0.019649	0.918147	0.767595	0.838124	5.539763	
0.785757	0.147114	0.775255	0.896541	5.139843	
0.050275	0.025234	0.001584	0.657306	9.297322	
0.340839	0.307519	0.036781	0.123575	9.205539	
0.003645	0.301007	0.000024	0.001598	9.605710	
0.776339	0.812979	0.240883	0.933120	5.071234	
0.149758	0.769667	0.271275	0.000155	7.878290	
0.786277	0.104875	0.932729	0.799837	5.270213	
0.011553	0.855503	0.007473	0.331745	7.951736	
0.296912	0.653771	0.043246	0.931092	7.475712	
0.664550	0.934903	0.012176	0.027726	7.831182	
0.915705	0.813346	0.001702	0.817554	5.195591	
0.012182	0.016188	0.983664	0.815466	7.398130	
0.886651	0.673241	0.000032	0.013664	7.609226	
0.033562	0.626117	0.900324	0.015572	7.921916	
0.000029	0.000932	0.240420	0.327325	9.232492	
0.759741	0.903282	0.827065	0.097840	5.212788	
0.895156	0.819568	0.852614	0.124575	4.798864	
0.765120	0.000853	0.003479	0.000002	8.847500	
0.766918	0.807857	0.000426	0.937487	5.622321	
0.003086	0.769576	0.000720	0.001409	8.730145	
0.891591	0.088228	0.784388	0.839562	5.032870	
0.002835	0.313391	0.208790	0.009096	9.220642	
0.929324	0.000049	0.657455	0.029244	7.867779	
0.116933	0.001195	0.657854	0.019825	9.546008	
0.154102	0.811906	0.802415	0.917771	4.961549	
0.000024	0.000001	0.287855	0.000001	9.865177	
0.295820	0.002853	0.298113	0.002222	9.203823	
0.000000	0.000000	0.000001	0.000001	10.115181	
0.841990	0.852697	0.935169	0.136575	4.892235	
0.103011	0.771677	0.886091	0.816075	5.112439	
0.661004	0.673465	0.662749	0.000515	8.052073	
0.776514	0.105666	0.932729	0.787440	5.376722	
0.891591	0.088228	0.197480	0.839565	6.132682	
0.840609	0.933782	0.009126	0.846825	5.146937	
0.237968	0.000280	0.065212	0.000449	9.475100	
0.841797	0.852697	0.856951	0.855565	3.248959	
0.000000	0.000000	0.000001	0.296122	9.606385	
0.296270	0.003921	0.012274	0.301701	9.197791	
0.018047	0.769657	0.775335	0.835630	5.607228	
0.002835	0.001104	0.208790	0.009096	9.640821	
0.905619	0.853685	0.048453	0.816520	5.014632	
0.003194	0.000000	0.000000	0.000008	10.523292	
0.238755	0.000280	0.065212	0.000448	9.474296	
0.795307	0.123656	0.811328	0.812095	5.147276	
0.855698	0.770417	0.935727	0.001492	5.549179	
0.088585	0.307541	0.657736	0.000034	8.924995	
0.664550	0.934903	0.012176	0.033644	7.822187	
0.000000	0.000000	0.921621	0.816966	6.852424	
0.012870	0.001445	0.657032	0.853515	7.760495	
0.295820	0.796060	0.292370	0.936391	6.192768	
0.843708	0.777199	0.857409	0.949357	3.796666	
