0.321677	0.020890	0.284723	0.023949	9.190664	
0.191638	0.151658	0.838333	0.859529	5.955540	
0.323123	0.881304	0.010472	0.006525	8.009093	
0.668680	0.655422	0.000019	0.636934	8.278456	
0.017594	0.000893	0.268510	0.017626	9.685913	
0.632081	0.026693	0.020509	0.869187	7.829224	
0.000412	0.002299	0.742065	0.001958	8.836278	
0.784522	0.774200	0.918983	0.102022	5.346614	
0.164440	0.831574	0.784068	0.901117	4.905896	
0.813917	0.942846	0.784757	0.205140	5.102497	
0.001718	0.750290	0.000043	0.002396	8.720951	
0.174666	0.940423	0.785269	0.761406	5.387481	
0.039758	0.335507	0.860979	0.030747	7.887079	
0.867724	0.287486	0.024026	0.009724	7.869929	
0.868878	0.025752	0.816696	0.794139	5.230427	
0.024603	0.010718	0.613618	0.878694	7.973744	
0.885922	0.751257	0.827233	0.196317	5.027250	
0.830176	0.111229	0.784068	0.901675	5.032592	
0.290976	0.000099	0.000003	0.000167	9.627638	
0.883030	0.016144	0.012482	0.634120	7.867993	
0.010347	0.656897	0.656399	0.660952	8.183340	
0.644892	0.654433	0.660812	0.000639	8.351060	
0.037270	0.302097	0.336066	0.023563	9.269720	
0.687317	0.003800	0.661566	0.652370	8.133635	
0.865705	0.858115	0.026867	0.830961	4.930071	
0.004752	0.036205	0.850679	0.260368	7.837277	
0.765615	0.091024	0.895644	0.790493	5.305534	
0.750461	0.005301	0.000052	0.000873	8.715613	
0.017064	0.000293	0.248227	0.349869	9.264594	
0.897692	0.158589	0.851336	0.144944	6.084089	
0.000005	0.000083	0.000028	0.000001	10.222770	
0.000036	0.002341	0.000536	0.282462	9.589189	
0.029728	0.870795	0.335326	0.000399	7.950430	
0.868878	0.850664	0.837699	0.836570	3.280254	
0.873776	0.063186	0.349584	0.043462	7.865071	
0.644581	0.016200	0.879490	0.000611	7.818899	
0.000018	0.000083	0.002253	0.739983	8.794994	
0.806674	0.871419	0.085137	0.787244	5.081654	
0.004423	0.328871	0.003266	0.353326	9.421339	
0.024849	0.330295	0.047272	0.894109	7.924959	
0.868771	0.860325	0.201342	0.115576	6.012553	
0.342273	0.311029	0.010472	0.006525	9.305080	
0.030564	0.827128	0.000038	0.636934	7.880973	
0.289975	0.025495	0.015404	0.283956	9.140739	
0.137795	0.860334	0.167508	0.859529	6.019295	
0.042968	0.816824	0.872195	0.800729	5.081386	
0.001360	0.284035	0.000007	0.000151	9.594364	
0.010225	0.330295	0.037868	0.894109	7.960737	
0.785546	0.816078	0.042923	0.878661	5.173538	
0.323181	0.311029	0.010006	0.040834	9.212696	
0.868878	0.850664	0.816696	0.823057	3.362999	
0.174666	0.856651	0.797951	0.761406	5.098622	
0.189322	0.001213	0.813472	0.296428	7.805469	
0.897692	0.157865	0.348909	0.837527	6.102221	
0.832553	0.828217	0.166887	0.301328	5.959238	
0.290976	0.005865	0.017304	0.028125	9.544231	
0.141001	0.861447	0.865193	0.110842	6.136540	
0.751057	0.005462	0.000052	0.000873	8.710860	
0.004569	0.036462	0.273541	0.004426	9.532960	
0.668680	0.002579	0.000005	0.863773	7.635048	
0.284696	0.025631	0.029155	0.283956	9.115991	
0.644581	0.016200	0.871149	0.000846	7.785254	
0.656817	0.872878	0.000005	0.027178	7.853125	
0.321677	0.020890	0.284723	0.042284	9.154539	
0.831282	0.287486	0.024026	0.009724	7.897580	
0.174666	0.940423	0.784770	0.761406	5.412566	
0.024603	0.010718	0.643393	0.869233	7.779453	
0.007016	0.826663	0.000733	0.283956	7.968804	
0.000018	0.000083	0.000028	0.000001	10.222757	
0.813917	0.871316	0.848095	0.199645	4.715204	
0.004569	0.036462	0.814995	0.004426	8.334734	
0.868878	0.013512	0.837699	0.836570	4.957931	
0.865708	0.853737	0.848095	0.199645	4.634444	
0.010806	0.825911	0.064423	0.016506	8.233872	
0.000036	0.285723	0.000295	0.006124	9.588132	
0.668489	0.654433	0.660812	0.000639	8.183525	
0.824390	0.020890	0.282520	0.007824	7.918759	
0.159743	0.831574	0.784068	0.901675	5.106546	
0.000018	0.000083	0.000048	0.280723	9.810574	
0.000014	0.335139	0.248193	0.001491	9.247656	
0.004423	0.328871	0.003266	0.351527	9.480800	
0.149848	0.039971	0.000372	0.861309	8.089012	
0.189781	0.856297	0.167508	0.859529	5.913259	
0.017064	0.012318	0.234754	0.284657	9.186447	
0.813917	0.859074	0.797939	0.205140	4.773925	
0.831282	0.110409	0.784912	0.893720	5.003838	
0.025702	0.948091	0.248193	0.002959	8.147965	
0.868875	0.860446	0.201342	0.820020	4.596445	
0.765615	0.090549	0.895644	0.790493	5.306793	
0.668680	0.006236	0.804803	0.879685	6.107963	
0.042968	0.853501	0.872195	0.836016	4.903264	
0.197483	0.151658	0.862246	0.859529	5.949771	
0.290976	0.005865	0.017304	0.028125	9.544231	
0.867960	0.039971	0.836042	0.861309	5.031430	
0.897692	0.157658	0.010353	0.131003	7.797992	
0.191638	0.036758	0.838333	0.845463	6.216630	
0.001373	0.034069	0.000536	0.282462	9.544904	
0.126651	0.861447	0.865193	0.109043	6.398859	
0.842187	0.288886	0.160409	0.008459	7.593967	
0.784522	0.766746	0.918983	0.102022	5.406262	
