0.619107	0.384905	1.269071	0.375937	
0.270780	0.658525	1.729855	0.746700	
0.352767	0.612102	1.504399	0.663420	
0.045407	0.045321	0.064275	0.997086	
0.244034	0.728382	2.334407	0.333987	
0.504453	0.497563	0.718592	0.012193	
0.477206	0.487224	0.690496	0.294115	
0.346268	0.686339	2.048034	0.000003	
0.691698	0.301903	1.742842	0.310907	
0.085387	0.085226	0.120877	0.986574	
0.000000	0.000000	0.000000	1.078303	
0.137811	0.138794	0.196370	0.965606	
0.463312	0.393918	0.719381	0.604810	
0.679798	0.353959	1.905467	0.000000	
0.267078	0.728504	2.097436	0.000795	
0.744598	0.219214	2.819378	0.000178	
0.657878	0.280293	1.645003	0.765000	
0.779912	0.410516	1.363209	0.000007	
0.369384	0.635059	1.317452	0.335295	
0.221204	0.744148	2.681307	0.019019	
0.328857	0.311936	0.479065	0.802907	
0.396792	0.880785	1.687150	0.000002	
0.447468	0.585828	0.997028	0.000001	
0.749063	0.259979	2.214528	0.003767	
0.216426	0.215656	0.306662	0.904110	
0.726790	0.235861	2.495667	0.423016	
0.703628	0.209753	2.486293	0.896198	
0.390452	0.536477	0.921938	0.554304	
0.614524	0.464817	0.937414	0.000005	
0.479225	0.569614	0.841192	0.000206	
0.375700	0.489594	0.799706	0.647814	
0.226069	0.734780	2.556558	0.362812	
0.222842	0.746341	2.659307	0.018880	
0.411757	0.351899	0.660567	0.760768	
0.645066	0.364394	1.374603	0.302528	
0.045411	0.045319	0.064294	0.997236	
0.555796	0.463862	0.865422	0.094782	
0.041297	0.041230	0.058454	0.997672	
0.227375	0.227008	0.321809	0.891849	
0.117141	0.116796	0.165962	0.974310	
0.267418	0.660543	1.785459	0.770806	
0.731761	0.222002	2.587661	0.440667	
0.525685	0.411819	0.849166	0.488124	
0.673881	0.361607	1.814689	0.000000	
0.741846	0.225966	2.713851	0.000172	
0.296834	0.690455	1.748183	0.352210	
0.340552	0.690400	2.129065	0.000003	
0.375539	0.668525	1.329357	0.000628	
0.138531	0.137854	0.195972	0.964239	
0.255840	0.729548	2.198039	0.000535	
0.481295	0.478235	0.681153	0.291013	
0.694708	0.332205	2.151423	0.000001	
0.588196	0.309137	1.252327	0.805348	
0.286945	0.648619	1.601779	0.699926	
0.561272	0.473620	1.000296	0.000001	
0.180751	0.178685	0.257058	0.940766	
0.256849	0.730230	2.190831	0.003722	
0.242818	0.723709	2.393068	0.415045	
0.191661	0.192911	0.273750	0.927190	
0.676276	0.361912	1.402536	0.000006	
0.726600	0.212468	2.592363	0.626385	
0.645352	0.364053	1.376846	0.302918	
0.480737	0.478300	0.680261	0.290747	
0.364355	0.662796	1.432407	0.002731	
0.686999	0.263572	1.915625	0.631769	
0.301239	0.691394	1.733431	0.315015	
0.341535	0.689705	2.114842	0.000003	
0.529263	0.393549	0.881842	0.545679	
0.000000	0.000000	0.000000	1.031002	
0.529353	0.482810	0.784038	0.016441	
0.411713	0.524513	0.860077	0.530548	
0.691923	0.336449	2.092933	0.000628	
0.083499	0.083342	0.118210	0.987249	
0.289567	0.293473	0.417805	0.820369	
0.746966	0.213877	2.719722	0.004787	
0.227477	0.744364	2.602580	0.018508	
0.343321	0.688434	2.089352	0.000003	
0.735329	0.269966	2.097139	0.000846	
0.041145	0.040969	0.058311	0.999364	
0.643584	0.265314	1.688318	0.842712	
0.345631	0.655613	1.409561	0.318533	
0.268564	0.643869	1.674435	0.837061	
0.633724	0.374399	1.299404	0.309552	
0.328721	0.540159	1.031695	0.776076	
0.261011	0.728120	2.148131	0.003632	
0.155462	0.156235	0.221466	0.953276	
0.556384	0.460754	0.877355	0.104748	
0.085393	0.085223	0.120887	0.986622	
0.399492	0.643043	1.193042	0.000578	
0.746592	0.211041	2.765223	0.000175	
0.284353	0.696484	1.850479	0.399544	
0.227477	0.744364	2.602580	0.018508	
0.500909	0.373924	0.832574	0.646275	
0.487592	0.489325	0.693479	0.216673	
0.572668	0.462248	1.024600	0.001854	
0.238011	0.238495	0.337661	0.880579	
0.732062	0.242066	2.595050	0.327753	
0.272020	0.268850	0.386972	0.848184	
0.490485	0.536162	0.776215	0.000004	
0.328721	0.540159	1.031695	0.776076	
0.557857	0.465861	0.883633	0.000005	
0.252531	0.720169	2.373037	0.411883	
0.676276	0.361912	1.402536	0.000034	
0.383789	0.659992	1.280979	0.000610	
0.000000	0.000000	0.000000	1.003206	
0.190458	0.192671	0.274052	0.930812	
0.272791	0.268427	0.388939	0.850643	
0.439690	0.593239	1.013031	0.001842	
0.290042	0.646152	1.577869	0.690370	
0.082097	0.082272	0.116522	0.988028	
0.747633	0.208025	2.801604	0.005324	
0.726471	0.212778	2.587997	0.625410	
0.597944	0.408524	1.105724	0.309544	
0.687420	0.262804	1.922696	0.633815	
0.155842	0.154888	0.221139	0.954526	
0.352197	0.681970	1.968887	0.000002	
0.301239	0.691394	1.733431	0.315015	
0.230420	0.750601	2.714317	0.001067	
0.521934	0.414538	0.836180	0.483170	
0.483875	0.486476	0.690066	0.245799	
0.259673	0.727615	2.158451	0.000526	
0.727860	0.253932	2.217003	0.003717	
0.266115	0.713341	2.207585	0.385851	
0.247813	0.249121	0.353340	0.871416	
0.475952	0.479289	0.680175	0.300150	
0.361854	0.674534	1.847924	0.000002	
0.648720	0.372171	1.391843	0.243948	
0.330142	0.643332	1.463993	0.516279	
0.490492	0.536139	0.776168	0.000004	
0.138499	0.137885	0.195969	0.964229	
0.608343	0.432492	1.036863	0.054085	
0.744996	0.214584	2.705474	0.006052	
0.730334	0.225079	2.487194	0.429930	
0.540382	0.475285	0.817810	0.000005	
0.378866	0.550120	0.982891	0.579347	
0.118416	0.116107	0.169528	0.986094	
0.260871	0.728194	2.149552	0.003634	
0.289744	0.625421	1.517134	0.798489	
0.329418	0.311204	0.478394	0.802234	
0.442615	0.722426	1.224308	0.000006	
0.230558	0.740482	2.547514	0.007627	
0.672504	0.288458	1.704352	0.571031	
0.486597	0.370451	0.807845	0.673094	
0.041339	0.041207	0.058560	0.998691	
0.253951	0.748180	2.268073	0.003821	
0.614524	0.464817	0.937414	0.000005	
0.711581	0.281873	2.094057	0.269927	
0.352197	0.681970	1.968887	0.000002	
0.477900	0.536085	0.805191	0.003679	
0.296214	0.301992	0.431470	0.813108	
0.316063	0.684458	1.625958	0.312720	
0.569071	0.358450	1.095884	0.621739	
0.083918	0.083759	0.118795	0.987075	
0.617220	0.335632	1.330218	0.641593	
0.216398	0.215669	0.306595	0.903995	
0.364255	0.659468	1.406865	0.073276	
0.569099	0.454634	0.910032	0.003820	
0.285008	0.638940	1.563279	0.757236	
0.478183	0.480708	0.680173	0.291051	
0.151052	0.152142	0.215892	0.957428	
0.696322	0.330208	2.137569	0.000049	
0.647034	0.370700	1.297373	0.282373	
0.397285	0.540230	0.932039	0.534453	
0.019007	0.019050	0.026978	1.000900	
0.286334	0.696656	1.832576	0.366728	
0.411970	0.351719	0.660618	0.760828	
0.328721	0.540159	1.031695	0.776076	
0.732994	0.244260	2.372600	0.000078	
0.307551	0.687422	1.685571	0.307644	
0.151030	0.152184	0.215994	0.957685	
0.588471	0.334809	1.196899	0.664929	
0.726790	0.235861	2.495667	0.423016	
0.514163	0.471318	0.746313	0.300909	
0.477933	0.536034	0.805041	0.003678	
0.251309	0.718494	2.341391	0.436673	
0.632294	0.386982	1.239572	0.222993	
0.237988	0.238546	0.337790	0.880775	
0.352787	0.678654	1.448803	0.032845	
0.585143	0.443755	0.990970	0.008270	
0.491943	0.374116	0.817030	0.657760	
0.361959	0.674451	1.846661	0.000002	
0.290230	0.646033	1.576487	0.689861	
0.259135	0.727839	2.163710	0.020428	
0.066545	0.066297	0.094307	0.993655	
0.554144	0.468507	0.861418	0.007344	
0.000000	0.000000	0.000000	1.005336	
0.532743	0.479191	0.794880	0.066902	
0.665090	0.368648	1.355533	0.002284	
0.277516	0.274693	0.392899	0.841222	
0.247362	0.734936	2.341531	0.016312	
0.645234	0.297163	1.641543	0.714004	
0.740726	0.228785	2.679248	0.000170	
0.362132	0.674187	1.839934	0.016392	
0.000000	0.000000	0.000000	1.337021	
0.704249	0.264136	2.007298	0.472189	
0.432680	0.435619	0.618196	0.499748	
0.420759	0.611858	1.088080	0.015106	
0.237951	0.238624	0.337999	0.881085	
0.290208	0.646268	1.577131	0.690129	
0.339754	0.593133	1.163359	0.677690	
