0.187420	0.755927	3.401377	0.012105	
0.337823	0.630672	1.425347	0.553951	
0.000000	0.000000	0.000000	1.000004	
0.436904	0.330411	0.725121	0.809405	
0.486400	0.576601	0.828963	0.000000	
0.238849	0.237768	0.338608	0.882034	
0.719357	0.281730	1.851803	0.637374	
0.098100	0.098439	0.139537	0.983055	
0.268130	0.696090	1.936221	0.507943	
0.323478	0.531455	1.018952	0.798935	
0.611058	0.385426	1.117180	0.425926	
0.249189	0.658034	1.871462	0.878691	
0.168115	0.168247	0.238044	0.942252	
0.754861	0.191361	3.386233	0.000821	
0.709086	0.320247	2.367262	0.000000	
0.677728	0.338651	1.517392	0.000003	
0.658809	0.249342	1.874067	0.873919	
0.220830	0.742417	2.604073	0.000000	
0.193570	0.740001	3.085747	0.584618	
0.748200	0.224320	2.583262	0.000000	
0.653774	0.342419	1.741199	0.511490	
0.028283	0.028283	0.039999	0.998416	
0.377698	0.594065	1.090707	0.490449	
0.471359	0.461227	0.674610	0.377062	
0.060286	0.060338	0.085367	0.993241	
0.338311	0.678941	1.521658	0.000000	
0.566835	0.466652	0.872910	0.000302	
0.108643	0.108875	0.154135	0.977398	
0.742874	0.186632	3.221650	0.597307	
0.194983	0.739494	3.057790	0.579624	
0.635175	0.343307	1.425464	0.511552	
0.359629	0.663535	1.424100	0.012241	
0.176918	0.177220	0.250909	0.936409	
0.492403	0.353134	0.849880	0.720769	
0.187528	0.755891	3.398993	0.012097	
0.237687	0.239005	0.339279	0.882982	
0.254888	0.669711	1.894354	0.784029	
0.605517	0.390104	1.091864	0.418762	
0.646962	0.259017	1.739589	0.864036	
0.567991	0.472930	0.859659	0.000300	
0.273719	0.685763	1.857659	0.560070	
0.112428	0.112429	0.158999	0.974398	
0.000000	0.000000	0.000000	1.000006	
0.454216	0.464137	0.664088	0.407927	
0.757415	0.181177	3.391593	0.000068	
0.083663	0.083530	0.118424	0.986995	
0.477172	0.570492	0.847486	0.000000	
0.345787	0.351710	0.501420	0.726170	
0.101097	0.101040	0.143019	0.979737	
0.222456	0.741755	2.582408	0.000000	
0.354522	0.625268	1.344491	0.516251	
0.672536	0.348798	1.514777	0.007085	
0.028284	0.028282	0.040000	0.998432	
0.750170	0.220067	2.641740	0.000310	
0.742684	0.185714	3.236165	0.611530	
0.380688	0.584779	1.058363	0.497568	
0.711004	0.288918	1.780526	0.620718	
0.133596	0.134011	0.189897	0.965808	
0.512501	0.494126	0.736973	0.004985	
0.455594	0.461721	0.657678	0.405686	
0.335649	0.636141	1.406636	0.550147	
0.255183	0.654510	1.820051	0.860311	
0.206314	0.205128	0.292846	0.915418	
0.028284	0.028282	0.040000	0.998432	
0.050342	0.050392	0.071303	0.995573	
0.484877	0.360122	0.813689	0.697303	
0.262207	0.675985	1.888315	0.705846	
0.236957	0.735677	2.399527	0.000000	
0.757027	0.182702	3.359389	0.001245	
0.621109	0.376801	1.165154	0.439579	
0.468365	0.564113	0.864386	0.000000	
0.374120	0.643617	1.352648	0.230226	
0.668797	0.352626	1.466143	0.000000	
0.670999	0.257506	2.040635	0.837019	
0.140835	0.140605	0.199476	0.961043	
0.376964	0.588892	1.076268	0.507598	
0.585277	0.372581	1.089217	0.505012	
0.737617	0.198765	2.890461	0.549784	
0.223254	0.716353	3.131146	0.885627	
0.187865	0.755784	3.392013	0.007315	
0.024819	0.024804	0.035109	0.999160	
0.344776	0.342368	0.489287	0.730443	
0.098153	0.098332	0.139222	0.981806	
0.744858	0.231281	2.491775	0.000000	
0.674116	0.270495	1.800212	0.687535	
0.201896	0.200984	0.286367	0.918426	
0.457543	0.458252	0.648602	0.402519	
0.099974	0.100166	0.141826	0.981135	
0.339105	0.343239	0.488358	0.737838	
0.717520	0.247772	2.265838	0.439431	
0.389995	0.627566	1.184468	0.217106	
0.028284	0.028282	0.040001	0.998448	
0.718714	0.287555	1.892437	0.650229	
0.000000	0.000000	0.000000	1.000017	
0.185959	0.742708	3.256679	0.615206	
0.148788	0.149069	0.211060	0.955918	
0.391962	0.554968	0.951188	0.516104	
0.080837	0.080994	0.114682	0.988209	
0.695670	0.330567	2.163013	0.000000	
0.433130	0.593790	1.006934	0.000000	
0.133435	0.133876	0.189729	0.966035	
0.578963	0.375877	1.042703	0.551602	
0.313765	0.602850	1.325639	0.727789	
0.474202	0.367989	0.781028	0.685386	
0.187420	0.755927	3.401377	0.012105	
0.757972	0.178835	3.391593	0.000068	
0.564511	0.467934	0.866601	0.009149	
0.230137	0.735294	2.512971	0.249654	
0.678587	0.247380	1.982650	0.775759	
0.619512	0.376267	1.265640	0.401570	
0.275889	0.686642	1.849532	0.538786	
0.748169	0.224385	2.582384	0.000000	
0.244156	0.676182	2.098894	0.861612	
0.305959	0.697604	1.731693	0.179690	
0.578336	0.354869	1.272216	0.704377	
0.264078	0.720467	2.222171	0.230498	
0.726180	0.191062	2.958476	0.817620	
0.621109	0.376801	1.165154	0.439579	
0.133688	0.133818	0.189365	0.964269	
0.186548	0.756137	3.399901	0.012100	
0.563002	0.469900	0.867111	0.000300	
0.254259	0.655009	1.828518	0.863816	
0.679165	0.336624	1.530554	0.000003	
0.446686	0.453222	0.645973	0.444116	
0.264718	0.716108	2.067348	0.270834	
0.643181	0.265605	1.684110	0.840164	
0.297330	0.302754	0.432040	0.810437	
0.712665	0.254409	2.047426	0.698802	
0.324381	0.625736	1.363516	0.597675	
0.183191	0.743632	3.315652	0.625777	
0.374074	0.581070	1.075109	0.508540	
0.474202	0.367989	0.781028	0.685386	
0.028292	0.028277	0.040022	0.998736	
0.466436	0.553089	0.856305	0.000000	
0.000000	0.000000	0.000000	1.000320	
0.104909	0.105083	0.148772	0.978916	
0.730829	0.259133	2.172317	0.006565	
0.083650	0.083537	0.118388	0.986828	
0.140875	0.140565	0.199476	0.961043	
0.268130	0.696090	1.936221	0.507943	
0.176057	0.728976	3.131875	0.892632	
0.474228	0.367968	0.781130	0.685445	
0.279723	0.626609	1.536860	0.822231	
0.446688	0.453219	0.645964	0.444113	
0.585277	0.372581	1.089217	0.505012	
0.104144	0.104275	0.147602	0.979009	
0.187865	0.755784	3.392013	0.007315	
0.735040	0.204543	2.784760	0.537955	
0.480101	0.558609	0.825326	0.011475	
0.240008	0.734316	2.363554	0.000000	
0.749271	0.222013	2.614722	0.000000	
0.138017	0.138327	0.195891	0.962643	
0.071594	0.071691	0.101459	0.990573	
0.028278	0.028292	0.040023	0.998756	
0.225287	0.225768	0.319622	0.893776	
0.299981	0.652511	1.617762	0.633650	
0.420469	0.574283	0.985179	0.469837	
0.391797	0.633532	1.312495	0.193414	
0.711496	0.272041	2.000262	0.301089	
0.654682	0.281654	1.802437	0.778025	
0.000000	0.000000	0.000000	1.955506	
0.695670	0.330567	2.163013	0.000000	
0.611679	0.422294	1.148720	0.000174	
0.133596	0.134011	0.189897	0.965810	
0.576141	0.378818	1.028090	0.546053	
0.000000	0.000000	0.000000	1.961200	
0.237843	0.238748	0.338469	0.881827	
0.654399	0.286945	1.744863	0.729466	
0.597111	0.422904	1.051086	0.166703	
0.492401	0.352912	0.850595	0.721118	
0.042632	0.042638	0.060304	0.996451	
0.743669	0.235079	2.473145	0.000000	
0.177281	0.758322	3.388114	0.007307	
0.257233	0.668467	1.872558	0.776099	
0.028291	0.028278	0.040020	0.998704	
0.098104	0.098442	0.139530	0.983047	
0.187865	0.755784	3.392013	0.007315	
0.276811	0.684046	1.831222	0.552981	
0.157384	0.157691	0.223295	0.950469	
0.479841	0.522791	0.785502	0.150082	
0.133856	0.133440	0.189739	0.966035	
0.732578	0.197809	2.811229	0.629380	
0.703389	0.292962	1.731625	0.631756	
0.485008	0.438123	0.724690	0.439681	
0.321325	0.627559	1.381918	0.604089	
0.180237	0.744822	3.308113	0.612097	
0.695670	0.330567	2.163013	0.000000	
0.402751	0.625943	1.174561	0.010561	
0.400197	0.577416	1.009308	0.408876	
0.451181	0.455377	0.648124	0.427952	
0.324454	0.689803	1.694183	0.008548	
0.420952	0.607484	1.079967	0.009939	
0.000000	0.000000	0.000000	1.000031	
0.186659	0.751034	3.371180	0.390035	
0.617073	0.320125	1.410993	0.685188	
0.348588	0.627699	1.293887	0.462410	
0.041992	0.041997	0.059397	0.996548	
0.278305	0.683188	1.818282	0.549762	
0.488155	0.362574	0.811096	0.696689	
0.743535	0.183166	3.289590	0.621104	
