0.457907	0.566376	0.896667	0.006351	
0.083096	0.083449	0.118140	0.988820	
0.305718	0.294633	0.441852	0.822945	
0.045354	0.045354	0.064140	0.995882	
0.561790	0.458985	0.888174	0.000002	
0.360605	0.578419	1.086790	0.585895	
0.219390	0.758558	2.675950	0.000126	
0.332268	0.607556	1.428773	0.715046	
0.000000	0.000000	0.000000	1.000001	
0.742642	0.220460	2.609135	0.000042	
0.293279	0.315400	0.462924	0.836650	
0.338050	0.678326	1.520412	0.000000	
0.581168	0.356366	1.102613	0.604788	
0.615589	0.325244	1.391047	0.667282	
0.266152	0.679708	1.866947	0.653696	
0.190018	0.724136	3.076026	0.894869	
0.730321	0.186841	3.072521	0.805106	
0.709432	0.270556	1.938293	0.573959	
0.432035	0.428053	0.614551	0.515713	
0.180578	0.180823	0.255899	0.933261	
0.086749	0.086635	0.122797	0.985864	
0.677888	0.338513	1.518843	0.000003	
0.125202	0.125263	0.177203	0.968472	
0.359970	0.578990	1.090067	0.587200	
0.180656	0.180682	0.255546	0.932536	
0.019598	0.019598	0.027716	0.999237	
0.706565	0.273134	1.911890	0.567009	
0.086735	0.086642	0.122757	0.985684	
0.756677	0.184395	3.403543	0.000075	
0.557226	0.467162	0.859617	0.000002	
0.185316	0.755503	3.383920	0.163464	
0.456349	0.568502	0.903801	0.006384	
0.333850	0.606268	1.415735	0.709694	
0.305174	0.294947	0.440317	0.821298	
0.566078	0.360769	1.054729	0.599422	
0.423324	0.448820	0.653714	0.520455	
0.062452	0.062591	0.088566	0.993612	
0.637285	0.342961	1.439307	0.496559	
0.677593	0.338927	1.516167	0.000003	
0.262180	0.684398	1.913678	0.646141	
0.338392	0.677899	1.517840	0.000000	
0.739896	0.190518	3.090258	0.606121	
0.208044	0.737072	3.060304	0.553567	
0.112712	0.112672	0.159438	0.974542	
0.344790	0.440473	0.722265	0.770377	
0.643938	0.337159	1.491246	0.498002	
0.187485	0.725775	3.004714	0.854674	
0.345816	0.509818	0.897219	0.752768	
0.739837	0.190690	3.087002	0.605519	
0.387195	0.580632	1.048625	0.461361	
0.000000	0.000000	0.000000	1.248890	
0.222556	0.757054	2.639973	0.000124	
0.640906	0.264959	1.679385	0.849026	
0.304706	0.297209	0.436657	0.813303	
0.086732	0.086645	0.122742	0.985624	
0.098626	0.098615	0.139486	0.980426	
0.677054	0.339723	1.511092	0.000003	
0.559703	0.460576	0.881075	0.000002	
0.281753	0.673418	1.745132	0.596459	
0.169015	0.169141	0.239280	0.941571	
0.461585	0.561443	0.881068	0.000002	
0.371455	0.605357	1.258810	0.498855	
0.434935	0.444762	0.636511	0.487929	
0.742302	0.221295	2.597799	0.000042	
0.035192	0.035240	0.049838	0.998402	
0.347111	0.673007	1.503991	0.010839	
0.565651	0.361211	1.052466	0.598475	
0.055436	0.055447	0.078424	0.993976	
0.189778	0.754286	3.356229	0.162192	
0.633645	0.279319	1.575441	0.802863	
0.112683	0.112692	0.159374	0.974329	
0.339711	0.676952	1.509334	0.000061	
0.547980	0.469202	0.842531	0.001059	
0.675243	0.343045	1.490997	0.000003	
0.339293	0.638544	1.400274	0.480858	
0.191756	0.745391	3.099355	0.462560	
0.274132	0.274330	0.388144	0.836671	
0.742637	0.220474	2.608948	0.000042	
0.641225	0.265822	1.681310	0.848608	
0.019066	0.019067	0.026966	0.999322	
0.232408	0.233274	0.330620	0.887388	
0.455603	0.456585	0.646434	0.410958	
0.462034	0.560828	0.878918	0.007327	
0.276598	0.684053	1.839311	0.559394	
0.096057	0.096037	0.135860	0.981513	
0.732072	0.181688	3.174635	0.830393	
0.583898	0.388436	1.054876	0.432963	
0.345816	0.509818	0.897219	0.752768	
0.393266	0.582496	1.024449	0.455036	
0.216925	0.714789	2.559426	0.735834	
0.111582	0.111564	0.157817	0.974903	
0.055417	0.055485	0.078524	0.994694	
0.226710	0.754868	2.582370	0.000122	
0.275925	0.693182	1.876108	0.483970	
0.169021	0.169137	0.239287	0.941588	
0.375821	0.648982	1.294809	0.002502	
0.457281	0.567391	0.900731	0.000001	
0.742577	0.220621	2.606936	0.000042	
0.675748	0.341540	1.499441	0.000003	
0.092909	0.092855	0.131438	0.982995	
0.293410	0.315190	0.462342	0.836028	
0.470266	0.345493	0.817267	0.776965	
0.683279	0.285604	1.774790	0.499899	
0.453161	0.457404	0.650022	0.418494	
0.734439	0.205531	2.825869	0.557314	
0.359325	0.627161	1.362380	0.470573	
0.652183	0.329015	1.493665	0.465988	
0.547199	0.469807	0.840055	0.009472	
0.579810	0.392482	1.034976	0.427096	
0.000000	0.000000	0.000000	1.976702	
0.390246	0.587051	1.060411	0.413346	
0.639741	0.266987	1.663382	0.842065	
0.253414	0.652319	1.800675	0.874822	
0.616623	0.351897	1.245227	0.492821	
0.457774	0.473833	0.682215	0.383272	
0.067101	0.067094	0.094900	0.991026	
0.096062	0.096035	0.135873	0.981564	
0.329350	0.514314	0.959256	0.791649	
0.559083	0.461028	0.879029	0.000002	
0.169015	0.169131	0.239296	0.941588	
0.666568	0.350905	1.604084	0.244385	
0.744904	0.192511	3.099897	0.471053	
0.741448	0.223377	2.569910	0.000042	
0.450300	0.576577	0.931653	0.006513	
0.368124	0.562981	1.028836	0.573469	
0.463259	0.347397	0.792854	0.770331	
0.598668	0.395811	1.085645	0.339920	
0.000000	0.000000	0.000000	1.027405	
0.226865	0.754786	2.580258	0.000122	
0.316643	0.635292	1.434839	0.607830	
0.125083	0.125493	0.177848	0.970451	
0.347111	0.671747	1.463192	0.000000	
0.204013	0.718985	2.817632	0.823989	
0.728438	0.220978	2.591448	0.514275	
0.449727	0.467283	0.673277	0.421708	
0.537442	0.476961	0.808994	0.017760	
0.689149	0.264929	1.932915	0.594373	
0.393501	0.582240	1.023479	0.454726	
0.019066	0.019067	0.026966	0.999322	
0.741802	0.222335	2.583656	0.000053	
0.276148	0.694288	1.879040	0.471333	
0.338131	0.678264	1.519879	0.000000	
0.365634	0.626222	1.308002	0.412933	
0.206557	0.740885	3.060400	0.468455	
0.293787	0.311012	0.455041	0.833209	
0.409912	0.583825	1.049165	0.346942	
0.253631	0.733158	2.207778	0.292968	
0.111582	0.111564	0.157817	0.974903	
0.588620	0.370109	1.105188	0.503412	
0.632401	0.281288	1.560508	0.796426	
0.466509	0.348683	0.800362	0.765616	
0.067100	0.067094	0.094900	0.991022	
0.691832	0.318066	1.658046	0.000004	
0.096570	0.096558	0.136581	0.981260	
0.159418	0.159502	0.225640	0.948142	
0.216925	0.714789	2.559426	0.735834	
0.451783	0.574809	0.926287	0.000002	
0.329227	0.632305	1.360966	0.564350	
0.230923	0.738786	2.791294	0.205702	
0.317116	0.669332	1.564056	0.403368	
0.453641	0.480820	0.701097	0.389406	
0.667730	0.279749	1.730474	0.641148	
0.622426	0.344789	1.285779	0.505242	
0.344383	0.458054	0.772836	0.772120	
0.545002	0.471334	0.833342	0.000002	
0.466385	0.348749	0.799939	0.765324	
0.719849	0.222651	2.491795	0.716884	
0.000000	0.000000	0.000000	1.753762	
0.689059	0.322463	1.631538	0.035478	
0.086732	0.086645	0.122742	0.985624	
0.359821	0.587301	1.123616	0.552023	
0.098626	0.098615	0.139486	0.980426	
0.545869	0.384842	0.947791	0.540934	
0.232320	0.233438	0.331062	0.888057	
0.067101	0.067094	0.094900	0.991026	
0.277312	0.693883	1.870956	0.469587	
0.731728	0.245732	2.316806	0.038415	
0.542905	0.387665	0.935581	0.536076	
0.610204	0.313434	1.335396	0.700402	
0.741828	0.187572	3.027510	0.561007	
0.000000	0.000000	0.000000	2.706803	
0.111427	0.111410	0.157599	0.974973	
0.412792	0.538968	0.889714	0.452265	
0.378537	0.634732	1.239208	0.226852	
0.504390	0.337709	0.907001	0.763243	
0.055433	0.055454	0.078442	0.994103	
0.409869	0.583872	1.049398	0.346997	
0.681857	0.332915	1.555636	0.000003	
0.394570	0.582692	1.039291	0.407434	
0.582442	0.407637	1.024382	0.348140	
0.159776	0.159277	0.226402	0.949941	
0.732358	0.238827	2.366972	0.188978	
0.361097	0.628633	1.331722	0.427861	
0.276318	0.694221	1.879040	0.471333	
0.272915	0.276721	0.394971	0.844965	
0.719206	0.263630	2.067996	0.424015	
0.270956	0.725129	2.089908	0.276450	
0.086732	0.086645	0.122742	0.985624	
0.214438	0.714839	2.644175	0.776618	
0.086734	0.086644	0.122748	0.985648	
