0.129112	0.994667	0.016946	0.026264	
0.087830	0.988740	0.116241	0.078607	
0.000001	2.058220	0.003684	0.000000	
0.057800	1.001610	0.000923	0.002017	
0.063549	1.000142	0.009233	0.002085	
0.081211	0.996716	0.026918	0.059874	
0.078541	0.930472	0.343975	0.116567	
0.129000	0.990266	0.091429	0.001170	
0.003530	0.994342	0.082695	0.105125	
0.001552	0.998567	0.086105	0.000167	
0.002882	1.000790	0.007702	0.057839	
0.000327	0.000001	0.950287	0.318905	
0.992709	0.000148	0.000009	0.141598	
0.453303	0.633422	0.609009	0.166311	
0.859621	0.014522	0.000037	0.518285	
0.069392	0.996769	0.085794	0.001170	
0.065495	0.956209	0.108221	0.274017	
0.085918	0.971465	0.196917	0.117397	
0.517538	0.017108	0.000606	0.859395	
0.139556	0.001493	0.000202	0.992228	
0.000000	0.000000	1.002401	0.000000	
0.000224	0.996385	0.014678	0.117390	
0.000342	0.000001	0.992342	0.140253	
0.015292	1.003759	0.006591	0.000007	
0.060027	0.970136	0.243331	0.011583	
0.161551	0.476408	0.129433	0.858163	
0.572330	0.820501	0.086509	0.000272	
0.207071	0.970227	0.116176	0.078563	
1.003307	0.000000	0.000000	0.000000	
0.103256	0.977635	0.107921	0.166352	
0.152193	0.965227	0.057831	0.213931	
0.000376	0.002352	0.322426	0.950640	
0.708105	0.000268	0.000126	0.709109	
0.182487	0.963012	0.127439	0.172522	
0.904740	0.304765	0.307161	0.015575	
0.144279	0.917500	0.087730	0.368260	
0.000000	0.000000	0.000000	1.003099	
0.078401	0.851028	0.320448	0.415459	
0.015203	0.997957	0.107981	0.000007	
0.950568	0.000091	0.000992	0.318999	
0.005061	1.000822	0.038974	0.035173	
0.083583	0.985675	0.115840	0.115156	
0.002887	1.002375	0.007714	0.000973	
0.000001	2.059016	0.000000	0.000000	
0.000367	0.002947	0.860277	0.513692	
0.232730	0.957749	0.168625	0.059749	
0.002072	0.002686	0.522003	0.856577	
0.353000	0.051016	0.924684	0.159323	
0.017313	1.001874	0.000973	0.002323	
0.018283	0.998333	0.070704	0.060583	
0.000189	1.002518	0.007715	0.000068	
0.104450	0.945264	0.001345	0.314855	
0.207236	0.918540	0.342253	0.000865	
0.003207	0.999040	0.001658	0.077095	
0.657949	0.699921	0.102386	0.266873	
0.276556	0.954731	0.120859	0.038855	
0.171572	0.024816	0.974132	0.161189	
0.003487	0.982302	0.170980	0.105051	
0.211031	0.281761	0.929642	0.141649	
0.428594	0.287647	0.041894	0.859476	
0.771085	0.513233	0.346773	0.166365	
0.771187	0.008494	0.156454	0.620496	
0.078316	0.851125	0.320481	0.415502	
0.063565	1.000400	0.000938	0.002086	
0.000342	0.000001	0.992614	0.138251	
0.446109	0.628962	0.156429	0.620394	
0.904087	0.312421	0.209057	0.213179	
0.000277	0.824350	0.574832	0.002049	
0.161570	0.476462	0.129042	0.858095	
0.732700	0.407502	0.000008	0.549363	
0.833367	0.285219	0.215708	0.427167	
0.210192	0.045451	0.938427	0.279259	
0.179635	0.001832	0.763702	0.625333	
0.066759	0.999593	0.009230	0.002018	
0.590759	0.493181	0.641798	0.020055	
0.150186	0.955067	0.091322	0.250164	
0.827760	0.550956	0.020352	0.129220	
0.002379	0.000027	0.322066	0.949577	
0.087519	0.985244	0.115830	0.115146	
0.295573	0.894511	0.207792	0.270517	
0.232851	0.957723	0.168625	0.059749	
0.025692	0.986728	0.170922	0.000125	
0.509358	0.003435	0.863719	0.007261	
0.001551	0.998282	0.088951	0.000167	
0.000209	0.928903	0.360779	0.117392	
0.285253	0.954214	0.121097	0.000563	
0.235437	0.899532	0.367452	0.074817	
0.189152	0.013331	0.377881	0.909803	
0.418833	0.879975	0.232937	0.000007	
0.346198	0.002041	0.928372	0.149872	
0.349049	0.372023	0.863097	0.002492	
0.000776	0.285561	0.007687	0.961514	
0.437999	0.902608	0.004321	0.000007	
0.000238	0.677800	0.117804	0.732162	
0.046420	0.699165	0.321001	0.641558	
0.015280	1.003019	0.009242	0.000007	
0.872944	0.324781	0.006354	0.374091	
0.851297	0.020379	0.314064	0.426828	
0.082039	0.971913	0.196939	0.117410	
0.105593	0.386188	0.005495	0.919199	
0.012734	0.956868	0.195474	0.229181	
0.392916	0.027691	0.153759	0.909908	
0.000001	139.354470	0.000014	0.000008	
0.218272	0.954402	0.009454	0.221469	
0.235341	0.722715	0.001059	0.654140	
0.002879	0.999527	0.007707	0.076699	
0.002880	0.999792	0.006083	0.076718	
0.017313	1.001874	0.000973	0.002323	
0.714643	0.010563	0.566075	0.420698	
0.571648	0.820884	0.086503	0.000850	
0.002514	0.462928	0.830684	0.319634	
0.350098	0.002217	0.938833	0.000442	
0.000333	0.962783	0.287059	0.003054	
0.410078	0.039020	0.856340	0.319397	
0.929375	0.011165	0.196234	0.318786	
0.416407	0.281103	0.187933	0.847383	
0.086030	0.720498	0.543534	0.428655	
0.722955	0.005991	0.693970	0.001745	
0.562831	0.751110	0.110258	0.337110	
0.620411	0.762099	0.169563	0.116090	
0.213962	0.961814	0.169866	0.059744	
0.578740	0.483147	0.628740	0.200741	
0.017313	1.001874	0.000973	0.002323	
0.091072	0.979887	0.189373	0.003762	
0.363553	0.762054	0.065811	0.543809	
0.017312	1.001827	0.009161	0.002323	
0.248496	0.741391	0.602505	0.170192	
0.208715	0.976851	0.000941	0.077435	
0.413464	0.868694	0.280797	0.003100	
0.024456	0.532862	0.014350	0.849512	
0.000535	0.406505	0.746782	0.530401	
0.008529	0.045795	0.132433	0.991679	
0.279517	0.914780	0.209054	0.212935	
0.011586	0.693192	0.531232	0.490961	
0.225853	0.000034	0.966697	0.141601	
0.413415	0.008729	0.349284	0.844066	
0.143174	0.768712	0.602508	0.170193	
0.010642	0.818450	0.166184	0.555738	
0.149806	0.691612	0.001802	0.709494	
0.516712	0.696311	0.000010	0.503945	
0.145619	0.847568	0.005905	0.518326	
0.131571	0.965834	0.162631	0.172966	
0.044723	0.972949	0.164252	0.172878	
0.623326	0.718963	0.014221	0.315960	
0.696748	0.486573	0.318647	0.426825	
0.442239	0.875199	0.153224	0.141170	
0.990805	0.009390	0.149627	0.006274	
0.165675	0.988511	0.005874	0.000199	
0.015871	0.322337	0.568034	0.759917	
0.069645	1.000405	0.000269	0.001170	
0.933669	0.292781	0.031395	0.213961	
0.000182	0.810365	0.580273	0.114942	
0.243978	0.867385	0.001386	0.441171	
0.852870	0.379942	0.364695	0.006904	
0.672855	0.316816	0.530402	0.412357	
0.069068	0.956862	0.102251	0.274087	
0.130540	0.000663	0.993361	0.002174	
0.158958	0.481066	0.111750	0.857151	
0.328411	0.943640	0.000012	0.079830	
0.103021	0.656687	0.248014	0.708556	
0.093251	0.357607	0.000418	0.931427	
0.108184	0.814167	0.574687	0.022455	
0.000184	0.817514	0.570230	0.114947	
0.859473	0.014411	0.000153	0.518194	
0.903723	0.312296	0.173346	0.252439	
0.209895	0.004432	0.499406	0.844776	
0.016037	1.035053	0.006517	0.002400	
0.069641	1.000348	0.000830	0.001170	
0.142628	0.098899	0.764781	0.624812	
0.228062	0.901577	0.367508	0.072218	
0.980416	0.000146	0.154924	0.141580	
0.218602	0.312536	0.837874	0.397007	
0.827760	0.550956	0.020352	0.129220	
0.090641	0.498479	0.111751	0.857159	
0.007001	0.820276	0.257701	0.513424	
0.963228	0.279167	0.003014	0.000030	
0.738275	0.347619	0.581971	0.003938	
0.000950	0.377999	0.147190	0.916186	
0.299559	0.097530	0.000443	0.951871	
0.002160	0.782671	0.000009	0.625781	
0.135133	0.892824	0.112372	0.422177	
0.002020	0.284233	0.960888	0.017254	
0.034275	0.312223	0.904841	0.295485	
0.361589	0.024840	0.604265	0.712518	
0.085943	0.995338	0.001658	0.077095	
0.000987	0.096424	0.729903	0.679614	
0.357368	0.497995	0.427387	0.667860	
0.827353	0.559943	0.085780	0.001170	
0.586150	0.799534	0.149387	0.000002	
0.158962	0.744904	0.651260	0.000865	
0.026039	0.740776	0.598222	0.313326	
0.689035	0.178281	0.567329	0.420001	
0.135312	0.143944	0.945694	0.266887	
0.453960	0.834516	0.089734	0.308583	
0.429874	0.628444	0.649987	0.053133	
0.347599	0.020055	0.902672	0.267269	
0.674125	0.011317	0.218816	0.709213	
0.636132	0.299524	0.314217	0.641062	
0.774997	0.361714	0.317629	0.416210	
0.812429	0.006732	0.586205	0.002778	
