0.636411	0.779336	0.000175	0.030161	
0.907084	0.431776	0.038231	0.005795	
1.004055	0.011928	0.000157	0.029410	
0.993139	0.002269	0.152464	0.002279	
0.193092	0.013115	0.975221	0.147568	
0.864472	0.503128	0.095515	0.004063	
1.003760	0.005868	0.000678	0.016185	
0.002368	1.002623	0.037763	0.053271	
0.270631	0.967953	0.021419	0.011181	
0.002346	0.983095	0.200482	0.044429	
0.000007	0.000070	0.318380	0.953747	
0.994124	0.004880	0.017158	0.128653	
0.942895	0.309134	0.079391	0.128803	
0.000391	0.034017	0.857125	0.520481	
0.066324	0.968708	0.043080	0.257623	
0.000099	1.003019	0.065526	0.002323	
0.623165	0.780893	0.001152	0.111990	
0.820063	0.000616	0.416213	0.408561	
0.998760	0.103413	0.013039	0.000407	
0.874838	0.465156	0.162575	0.003950	
0.000521	0.901345	0.439133	0.092475	
0.571727	0.823481	0.079094	0.010543	
0.828049	0.569375	0.000161	0.000536	
0.912593	0.391697	0.001074	0.156805	
1.000735	0.091352	0.017917	0.000678	
0.983841	0.181682	0.086541	0.026318	
0.226692	0.928075	0.290288	0.111444	
0.996481	0.005826	0.119856	0.043746	
0.216657	0.981782	0.000815	0.000355	
1.002611	0.005445	0.027342	0.000624	
0.027302	1.003036	0.000285	0.022505	
1.003554	0.061873	0.000000	0.000000	
0.000747	0.000019	0.147638	0.993177	
0.006877	1.004425	0.000275	0.056303	
0.952886	0.322259	0.003280	0.039894	
0.000000	0.000000	0.000000	1.008123	
0.993528	0.138333	0.067933	0.002334	
0.996734	0.090987	0.017845	0.090895	
0.927539	0.382096	0.028027	0.041467	
1.003465	0.011921	0.000226	0.005444	
0.880184	0.442281	0.142307	0.158581	
0.089302	0.953257	0.005951	0.312833	
0.056412	0.037713	0.511516	0.865534	
0.800222	0.011539	0.576302	0.188513	
0.943499	0.339610	0.017592	0.103277	
0.547058	0.813335	0.077503	0.212427	
0.994580	0.138520	0.037394	0.003117	
0.040922	1.005220	0.000481	0.005298	
1.001452	0.004768	0.067750	0.000673	
0.297944	0.943910	0.000211	0.179014	
0.989909	0.000188	0.078889	0.191389	
0.866715	0.511404	0.000175	0.006309	
0.988244	0.005675	0.174575	0.029347	
0.308548	0.957895	0.000341	0.011192	
0.954821	0.298360	0.071312	0.014658	
0.142732	0.993791	0.046955	0.000405	
0.980427	0.202302	0.001175	0.094503	
0.000000	0.000000	1.005945	0.000000	
0.950103	0.318491	0.034116	0.000154	
0.977326	0.235065	0.000815	0.000062	
1.004851	0.011605	0.000220	0.009852	
0.929711	0.379385	0.000483	0.000633	
0.091164	0.979944	0.199447	0.008904	
0.000001	2.063699	0.000000	0.000000	
0.952754	0.312516	0.017305	0.009466	
0.704927	0.715131	0.009309	0.003951	
0.216663	0.969678	0.091168	0.112184	
0.082503	1.005455	0.013101	0.000412	
1.003470	0.002151	0.046931	0.000405	
0.924612	0.392337	0.028466	0.022841	
1.005306	0.011750	0.009505	0.000577	
1.002464	0.011909	0.000226	0.044927	
17.222836	2.908273	0.204489	0.000000	
0.994356	0.002272	0.085134	0.111353	
0.900392	0.448492	0.000175	0.024002	
1.003529	0.000433	0.070730	0.027266	
0.952099	0.322013	0.017495	0.000535	
0.228976	0.910527	0.290783	0.215281	
0.007875	0.934694	0.204220	0.306844	
0.987599	0.002256	0.144262	0.119532	
0.000582	1.006326	0.013791	0.024063	
0.672904	0.746605	0.017496	0.000000	
0.202000	0.979462	0.090331	0.000072	
0.987251	0.187425	0.017166	0.007368	
1.006614	0.000000	0.000000	0.000000	
0.998170	0.087992	0.070205	0.010045	
0.036591	0.986041	0.082269	0.164453	
0.002365	1.001132	0.079965	0.023659	
0.998472	0.121952	0.000346	0.000405	
1.006572	0.015442	0.002924	0.000387	
0.000524	0.905082	0.440953	0.000253	
1.005268	0.000000	0.017499	0.000000	
0.985415	0.035758	0.000125	0.197975	
1.005182	0.003776	0.017497	0.000000	
0.403445	0.016050	0.788751	0.473224	
0.232358	0.923921	0.298791	0.111439	
0.001556	0.880595	0.277873	0.397350	
0.669574	0.671885	0.000036	0.334204	
0.621953	0.757018	0.078078	0.238650	
0.604716	0.784958	0.166283	0.035952	
0.922803	0.395702	0.055180	0.022858	
1.004076	0.011596	0.000220	0.042665	
13.691384	15.525818	0.242347	0.000000	
0.901054	0.439910	0.002794	0.070074	
0.952754	0.312516	0.017305	0.009466	
0.942960	0.309154	0.165378	0.000154	
0.772022	0.636167	0.139101	0.001919	
0.129422	0.996007	0.000300	0.056299	
0.051609	0.392141	0.559067	0.735068	
0.270980	0.969201	0.000341	0.011192	
0.988454	0.005676	0.174612	0.027613	
0.992943	0.160245	0.000946	0.002335	
0.748022	0.670781	0.000265	0.000005	
0.992245	0.002267	0.084953	0.127494	
0.206477	0.828341	0.515285	0.112115	
0.200719	0.973253	0.089759	0.112186	
0.924705	0.294893	0.199934	0.165331	
0.007968	0.994676	0.081096	0.119500	
1.000041	0.005847	0.086413	0.041769	
0.199427	0.005411	0.974548	0.147645	
1.001549	0.004768	0.067732	0.000673	
0.302063	0.942528	0.000295	0.179002	
0.900650	0.448621	0.000175	0.001390	
1.005712	0.007762	0.000824	0.008921	
0.003985	0.993427	0.159672	0.001194	
0.898778	0.386016	0.000169	0.238077	
0.994947	0.134653	0.046956	0.000405	
0.880184	0.442281	0.142307	0.158581	
20.691538	0.000001	0.242244	0.000000	
0.999266	0.002442	0.019139	0.113009	
0.995208	0.134872	0.017050	0.000020	
0.037057	0.382321	0.338614	0.864478	
1.000175	0.002285	0.085632	0.027036	
0.226830	0.975354	0.090064	0.019446	
0.996555	0.000148	0.000073	0.142127	
0.889850	0.467051	0.000175	0.024408	
1.002872	0.011914	0.000564	0.005440	
0.927673	0.382151	0.028032	0.037207	
0.980951	0.133996	0.169772	0.000355	
0.534128	0.250797	0.118647	0.805540	
0.980427	0.202302	0.001175	0.094503	
0.975960	0.135887	0.066732	0.188599	
1.001400	0.094131	0.000002	0.000329	
0.074552	1.002157	0.000000	0.000924	
0.944770	0.309749	0.017160	0.128667	
18.689929	0.000001	0.000000	0.000000	
0.018352	0.551858	0.001742	0.838487	
0.954198	0.312838	0.001553	0.001167	
0.002390	1.001598	0.071115	0.000662	
0.705204	0.671759	0.177529	0.172079	
0.010246	0.969726	0.024979	0.263805	
0.026577	0.000103	0.944587	0.340986	
0.828849	0.558421	0.070167	0.100249	
0.000450	0.778260	0.635249	0.000253	
0.001675	0.702195	0.505789	0.508897	
0.822596	0.567368	0.001063	0.112990	
0.943367	0.334067	0.079425	0.000329	
1.001496	0.072600	0.046961	0.000405	
0.029666	0.284753	0.964445	0.002960	
0.917946	0.368237	0.084680	0.158662	
35.443081	0.000211	0.000093	0.000000	
0.997504	0.093204	0.070192	0.009932	
0.987738	0.143675	0.111396	0.000441	
0.928873	0.310305	0.218534	0.009471	
0.225819	0.949057	0.242391	0.007540	
0.958825	0.079343	0.231336	0.194112	
0.436510	0.017366	0.775309	0.465777	
0.980798	0.200144	0.008068	0.091963	
0.043385	0.638968	0.751920	0.193442	
0.001043	0.565240	0.836883	0.003440	
0.110097	0.987300	0.004002	0.165301	
0.059627	0.640949	0.130452	0.759580	
0.983535	0.140561	0.078143	0.129367	
0.812617	0.391734	0.199284	0.393671	
0.923416	0.394220	0.055179	0.022858	
0.216639	0.969571	0.091135	0.113343	
0.866137	0.489218	0.053904	0.158729	
0.308782	0.955703	0.000300	0.056297	
0.002321	0.982570	0.078482	0.192101	
0.572462	0.681605	0.119817	0.453171	
0.822410	0.554083	0.139661	0.100205	
0.994377	0.089211	0.104375	0.021487	
0.974176	0.100660	0.200672	0.095402	
1.000735	0.091352	0.017917	0.000678	
0.019617	0.282142	0.953032	0.141779	
1.004713	0.000000	0.049740	0.000394	
0.519307	0.807018	0.075715	0.290723	
0.002178	0.965121	0.282468	0.000643	
0.989921	0.078327	0.035404	0.157527	
0.199523	0.967451	0.089223	0.159304	
0.015115	0.881203	0.445902	0.192006	
0.762026	0.644910	0.138685	0.000299	
0.140101	0.990478	0.085646	0.026313	
1.006239	0.005361	0.000341	0.012618	
0.126249	0.997705	0.000816	0.000062	
0.985075	0.194682	0.033675	0.002950	
1.005306	0.011750	0.009505	0.000577	
0.737843	0.657137	0.005584	0.201855	
0.856628	0.406139	0.002633	0.334020	
0.986572	0.120937	0.001583	0.147137	
