0.646528	0.010215	0.000202	7.560882	
0.002876	0.631941	0.000010	7.568453	
0.192657	0.000000	0.785639	6.178867	
0.272087	0.809684	0.807163	4.391971	
0.741289	0.743574	0.006898	5.590532	
0.900103	0.000928	0.003205	6.372366	
0.000000	0.000000	0.000000	8.000090	
0.199786	0.778575	0.009163	6.144658	
0.302927	0.010137	0.157576	7.352245	
0.293799	0.191075	0.162737	6.897159	
0.704192	0.334813	0.001030	6.720896	
0.782031	0.193241	0.000810	6.144495	
0.206275	0.634268	0.000010	7.160467	
0.001626	0.162154	0.308608	7.317879	
0.637896	0.643333	0.295868	6.731665	
0.627664	0.177622	0.000303	7.244964	
0.148191	0.150242	0.155825	7.096935	
0.669256	0.222671	0.225967	6.530877	
0.596530	0.225856	0.773668	5.952804	
0.900593	0.811597	0.006488	4.764474	
0.801306	0.253377	0.637956	5.628879	
0.000181	0.131252	0.000183	7.744600	
0.000040	0.198819	0.779583	6.183369	
0.627693	0.768444	0.194255	5.818310	
0.170498	0.327872	0.189312	6.940522	
0.000366	0.139751	0.143024	7.444128	
0.808732	0.880369	0.007710	4.720649	
0.875843	0.760194	0.865362	3.288456	
0.641929	0.647024	0.645805	6.459451	
0.656848	0.690046	0.000968	6.703691	
0.027234	0.953761	0.794802	5.072494	
0.001626	0.196658	0.642000	7.119296	
0.167569	0.001890	0.313575	7.291974	
0.294945	0.288885	0.000000	7.194821	
0.293799	0.000295	0.000026	7.599678	
0.620935	0.003546	0.204408	7.251261	
0.166885	0.292627	0.000000	7.264526	
0.802119	0.012931	0.898388	4.782964	
0.869037	0.865495	0.732149	3.468205	
0.000000	0.264574	0.000000	7.575777	
0.051948	0.284639	0.311750	7.138874	
0.027239	0.896415	0.001290	6.326026	
0.003102	0.613048	0.760595	6.752932	
0.811474	0.811457	0.249749	4.362044	
0.296061	0.145234	0.000920	7.314589	
0.197615	0.002543	0.614465	7.288468	
0.223013	0.664131	0.216471	6.527155	
0.000012	0.706532	0.507400	7.081992	
0.746839	0.617850	0.227441	6.004296	
0.754860	0.000021	0.577766	6.626530	
0.236764	0.599912	0.793924	5.822248	
0.264011	0.782551	0.606746	5.878513	
0.009198	0.783757	0.195264	6.139118	
0.001974	0.726622	0.000000	6.891930	
0.000061	0.736026	0.740420	5.601813	
0.881714	0.013352	0.792714	4.784659	
0.000007	0.000000	0.577565	7.855312	
0.222069	0.220361	0.897880	5.540023	
0.748096	0.000028	0.730988	5.592216	
0.628535	0.292627	0.635204	6.806114	
0.738063	0.872805	0.879905	3.439830	
0.661476	0.695979	0.847235	4.798289	
0.871165	0.714154	0.655700	4.724942	
0.809753	0.249455	0.800083	4.414158	
0.229097	0.882148	0.213751	5.501282	
0.544890	0.012953	0.713528	6.969194	
0.137825	0.000025	0.137452	7.465462	
0.770665	0.000028	0.197072	6.207147	
0.014550	0.825308	0.910692	4.748806	
0.007831	0.617848	0.189312	7.274127	
0.000014	0.000123	0.123036	7.764684	
0.006923	0.012931	0.888519	6.320027	
0.913626	0.000000	0.607541	6.136948	
0.892664	0.227101	0.227872	5.516630	
0.124302	0.000064	0.000048	7.761658	
0.900593	0.631941	0.000010	5.948277	
0.000448	0.003065	0.276404	7.579381	
0.177075	0.194380	0.314828	6.896812	
0.228841	0.218263	0.658836	6.559301	
0.721487	0.000301	0.000000	6.922954	
0.139402	0.133949	0.000590	7.464688	
0.219968	0.621280	0.629103	6.813113	
0.000172	0.000559	0.726174	6.887251	
0.679769	0.896621	0.662438	4.968548	
0.008392	0.337852	0.185685	7.299275	
0.293799	0.184822	0.162124	6.911387	
0.139402	0.133949	0.000256	7.481952	
0.602810	0.225856	0.773668	5.895717	
0.228841	0.215199	0.658836	6.586421	
0.627693	0.007133	0.204408	7.206701	
0.811474	0.795569	0.251004	4.426701	
0.132604	0.222671	0.225967	6.950651	
0.023116	0.003065	0.711857	7.005707	
0.220999	0.655050	0.216471	6.593492	
0.864492	0.850734	0.800139	3.056831	
0.642168	0.643333	0.006817	7.014136	
0.633684	0.177622	0.000360	7.206680	
0.746839	0.348144	0.227441	6.048462	
0.217746	0.223518	0.850389	5.483876	
0.000065	0.194369	0.786638	6.152432	
0.174572	0.291375	0.194916	6.865306	
0.123125	0.000003	0.000048	7.764440	
0.650697	0.637009	0.155246	6.697378	
0.000366	0.137688	0.143024	7.448818	
0.641929	0.152258	0.645805	6.684232	
0.900593	0.631941	0.000010	5.948277	
0.852749	0.730391	0.868241	3.476099	
0.647041	0.010215	0.006171	7.551293	
0.745066	0.647024	0.667947	5.554287	
0.009171	0.617848	0.189312	7.272478	
0.006516	0.893562	0.001291	6.345174	
0.137974	0.000244	0.138665	7.456778	
0.869071	0.716004	0.732141	4.122701	
0.000000	0.636585	0.000000	7.542706	
0.219880	0.621280	0.642123	6.729281	
0.000014	0.000677	0.891680	6.348741	
0.792163	0.249004	0.841227	4.381545	
0.264011	0.780052	0.627701	5.767764	
0.718878	0.000298	0.000000	6.951191	
0.005013	0.001629	0.274424	7.574814	
0.012233	0.171471	0.662438	7.035978	
0.656848	0.690046	0.030798	6.665134	
0.036561	0.000501	0.008573	7.944889	
0.641929	0.004430	0.645805	6.982494	
0.272087	0.794884	0.807151	4.453280	
0.815332	0.012931	0.888519	4.708697	
0.293799	0.002197	0.162341	7.273041	
0.000295	0.781342	0.194224	6.160022	
0.000000	0.725487	0.000000	6.902294	
0.197807	0.000008	0.617925	7.269979	
0.645757	0.896621	0.662438	5.212696	
0.900103	0.000000	0.059037	6.282980	
0.198630	0.224826	0.009163	7.185331	
0.192657	0.000003	0.785639	6.127704	
0.013715	0.851215	0.798588	4.739925	
0.811474	0.200710	0.647426	5.472770	
0.671240	0.222671	0.225967	6.496225	
0.813498	0.872794	0.003853	4.736477	
0.743536	0.734327	0.006898	5.595344	
0.633835	0.768466	0.201692	5.781447	
0.000014	0.000633	0.123036	7.764668	
0.006516	0.233525	0.000000	7.571263	
0.296061	0.145234	0.000920	7.314589	
0.238538	0.603426	0.800095	5.776162	
0.782031	0.193241	0.000959	6.144316	
0.009171	0.337852	0.189312	7.292448	
0.206756	0.000090	0.000000	7.601427	
0.168159	0.013198	0.313575	7.279707	
0.012852	0.783757	0.873890	4.833418	
0.168246	0.194253	0.313575	6.912245	
0.005613	0.349091	0.706751	6.731290	
0.544890	0.011610	0.706257	7.025291	
0.000906	0.178903	0.299160	7.250514	
0.199786	0.769871	0.009163	6.194342	
0.000218	0.899473	0.635364	5.919961	
0.662065	0.678707	0.847235	4.924738	
0.222466	0.817364	0.194133	5.578010	
0.085997	0.000018	0.602501	7.595782	
0.854791	0.000021	0.577766	6.240977	
0.877172	0.801040	0.019405	4.735054	
0.881925	0.000275	0.792714	4.799979	
0.000012	0.704057	0.590104	6.855863	
0.891890	0.222044	0.227893	5.515842	
0.000000	0.134964	0.000000	7.736759	
0.756871	0.794749	0.835868	3.485634	
0.796291	0.000039	0.191191	6.085306	
0.124302	0.599684	0.000009	7.515907	
0.666903	0.642068	0.298071	6.461104	
0.124302	0.013119	0.000009	7.773808	
0.027234	0.953761	0.794802	5.072494	
0.011822	0.817364	0.194133	5.982854	
0.733258	0.953761	0.794802	3.948441	
0.735273	0.872805	0.922758	3.673037	
0.000508	0.636585	0.000000	7.542139	
0.865451	0.000677	0.888659	4.650707	
0.000000	0.123572	0.000000	7.763571	
0.206275	0.634069	0.003196	7.156396	
0.001354	0.706700	0.605980	6.793689	
0.002442	0.856655	0.917580	4.746138	
0.736049	0.706425	0.570269	5.754717	
0.167569	0.000952	0.306112	7.318804	
0.855306	0.248940	0.178063	5.528631	
0.601767	0.225949	0.783402	5.847607	
0.220999	0.653915	0.216471	6.601521	
0.705524	0.291637	0.709008	5.672567	
0.224968	0.817364	0.194133	5.576055	
0.705524	0.292627	0.000000	6.658974	
0.000007	0.000000	0.612124	7.691288	
0.006923	0.000118	0.899475	6.473499	
0.000065	0.211376	0.873580	5.912693	
0.007149	0.643146	0.301931	7.134004	
0.650697	0.637009	0.145649	6.773317	
0.296161	0.248940	0.162737	6.851689	
0.644254	0.000898	0.166571	7.159035	
0.000366	0.012464	0.143024	7.714095	
0.650697	0.781870	0.193163	5.631364	
0.296061	0.145234	0.000009	7.314830	
0.815332	0.012931	0.019853	6.352362	
0.192657	0.000003	0.755308	6.306384	
0.000061	0.189378	0.298071	7.230536	
