0.136553	0.001649	0.144217	7.555240	
0.573112	0.724636	0.000246	6.933939	
0.734561	0.000089	0.000998	7.078730	
0.000284	0.001037	0.725753	6.889879	
0.665281	0.218569	0.222528	6.521152	
0.008338	0.715073	0.333221	6.642795	
0.874435	0.873072	0.742805	3.399846	
0.790614	0.887540	0.012706	4.808069	
0.174581	0.177790	0.287788	6.892647	
0.000000	0.000000	0.000000	8.006701	
0.000021	0.217840	0.629411	7.176496	
0.297310	0.275711	0.005096	7.204638	
0.015026	0.873112	0.000775	6.297665	
0.299395	0.001088	0.175368	7.262119	
0.691417	0.664957	0.919165	4.942891	
0.599717	0.000000	0.010708	8.046876	
0.003114	0.192807	0.781579	6.145540	
0.000281	0.783056	0.193700	6.171224	
0.112424	0.223742	0.074962	7.252191	
0.721405	0.596355	0.210292	6.291180	
0.903613	0.802079	0.013420	4.800287	
0.740314	0.000000	0.735647	5.656678	
0.209299	0.220003	0.664914	6.544798	
0.624618	0.000000	0.230220	7.284144	
0.000005	0.122952	0.000405	7.773234	
0.000528	0.000001	0.121558	7.770640	
0.616853	0.651488	0.192102	6.733295	
0.875153	0.010416	0.000864	6.305278	
0.751986	0.376746	0.004947	6.475569	
0.810111	0.011837	0.890422	4.731914	
0.151331	0.000951	0.274000	7.279978	
0.709495	0.000000	0.627534	7.143659	
0.286896	0.001130	0.283887	7.190307	
0.872965	0.002895	0.789549	4.799148	
0.778585	0.003731	0.191160	6.241327	
0.305156	0.196960	0.190828	6.856080	
0.444814	0.856111	0.001024	6.248854	
0.296317	0.149717	0.005194	7.303703	
0.802228	0.802079	0.250563	4.433829	
0.216016	0.655108	0.218036	6.621535	
0.018515	0.792824	0.898859	4.818199	
0.202334	0.776096	0.001822	6.163977	
0.002568	0.641845	0.691461	6.686035	
0.191426	0.004066	0.785526	6.126219	
0.798492	0.227077	0.624120	5.682076	
0.135755	0.136481	0.001816	7.572848	
0.000856	0.139970	0.133672	7.463359	
0.633270	0.212459	0.652456	6.697953	
0.000008	0.724107	0.000439	7.005899	
0.633270	0.249430	0.760992	5.788928	
0.608306	0.005166	0.732862	6.544322	
0.905598	0.717892	0.673310	4.626186	
0.223662	0.223742	0.863773	5.476385	
0.872792	0.740344	0.879767	3.423759	
0.873313	0.218680	0.225364	5.486382	
0.196879	0.624175	0.630643	6.813218	
0.557533	0.802079	0.276955	5.933992	
0.001945	0.724559	0.746408	5.642483	
0.123285	0.001909	0.002066	7.760182	
0.633173	0.641707	0.651547	6.512848	
0.149196	0.147164	0.153632	7.106254	
0.259092	0.781166	0.624264	5.859442	
0.742919	0.724107	0.004947	5.671062	
0.000018	0.597547	0.000324	7.766427	
0.677558	0.876975	0.680962	4.800045	
0.875773	0.000343	0.643221	5.964018	
0.179270	0.318493	0.180868	6.921880	
0.286896	0.001138	0.000164	7.638914	
0.002218	0.275711	0.000234	7.580161	
0.006969	0.904061	0.811849	4.771251	
0.781975	0.195026	0.000545	6.146691	
0.811220	0.267830	0.816990	4.363375	
0.170580	0.577777	0.000802	7.512280	
0.000366	0.304056	0.182192	7.274305	
0.608306	0.196960	0.000000	7.324573	
0.003812	0.000162	0.273722	7.576808	
0.191919	0.578489	0.816852	5.847383	
0.000102	0.044579	0.897062	6.300824	
0.000004	0.000000	0.601906	7.771488	
0.732589	0.867958	0.869946	3.462678	
0.005422	0.650255	0.186401	7.150313	
0.258142	0.795775	0.807489	4.440825	
0.000018	0.182494	0.275436	7.222273	
0.876957	0.606745	0.000857	6.040142	
0.206997	0.000000	0.621095	7.458538	
0.231432	0.859023	0.218148	5.480669	
0.286896	0.001138	0.000168	7.601934	
0.223662	0.217254	0.857685	5.481169	
0.003837	0.000000	0.273722	7.579980	
0.000102	0.044579	0.000604	7.937593	
0.296134	0.171255	0.000000	7.720892	
0.000018	0.211046	0.275436	7.181251	
0.633270	0.218685	0.223646	6.744089	
0.196879	0.624175	0.647647	6.701670	
0.875224	0.724670	0.865904	3.527277	
0.905598	0.002297	0.673310	5.799792	
0.015026	0.867999	0.004267	6.290509	
0.002218	0.275711	0.002858	7.577068	
0.235281	0.859023	0.218148	5.475783	
0.872965	0.002895	0.817201	4.688249	
0.683211	0.218774	0.001841	6.808148	
0.271767	0.780350	0.624264	5.845794	
0.001527	0.015991	0.857585	6.287726	
0.641414	0.030975	0.155769	7.207984	
0.007673	0.622764	0.133672	7.363180	
0.000754	0.008007	0.746532	6.781569	
0.872801	0.255483	0.225116	5.470870	
0.193236	0.003794	0.786943	6.116587	
0.738910	0.724107	0.004947	5.779995	
0.633250	0.649729	0.651547	6.459015	
0.002568	0.641707	0.694856	6.661280	
0.223546	0.000000	0.621095	7.449452	
0.150843	0.774395	0.014721	6.252144	
0.000023	0.724107	0.003062	6.901436	
0.111084	0.639602	0.623297	6.999134	
0.001974	0.696888	0.746408	5.850409	
0.273686	0.777389	0.853564	4.495738	
0.216016	0.658750	0.218036	6.580674	
0.776255	0.866936	0.672971	4.157125	
0.721405	0.605704	0.210292	6.244121	
0.000004	0.000000	0.623731	7.634953	
0.009416	0.146753	0.148475	7.404522	
0.297310	0.275711	0.000234	7.209741	
0.235281	0.271181	0.218148	6.749514	
0.149196	0.146753	0.153632	7.106983	
0.633270	0.249430	0.832991	5.472730	
0.005410	0.008051	0.157298	7.672587	
0.731636	0.000000	0.000000	7.090675	
0.594075	0.724636	0.000246	6.844067	
0.589353	0.000001	0.000402	7.886357	
0.000002	0.124407	0.000405	7.765856	
0.299395	0.001088	0.133825	7.349048	
0.003114	0.193549	0.781579	6.144387	
0.757571	0.371380	0.000727	6.479026	
0.212838	0.001560	0.274000	7.259426	
0.000018	0.623756	0.000324	7.623403	
0.796371	0.015991	0.857585	4.745100	
0.299273	0.220729	0.124025	7.028445	
0.571099	0.858454	0.000033	6.185133	
0.645204	0.069303	0.667249	6.724177	
0.633270	0.212653	0.652456	6.597943	
0.005418	0.298290	0.221071	7.189308	
0.210456	0.216109	0.275436	6.769789	
0.295532	0.183486	0.638131	6.770644	
0.140415	0.001649	0.144217	7.532202	
0.138474	0.136457	0.001816	7.459238	
0.171890	0.620057	0.000802	7.300879	
0.802228	0.810540	0.250563	4.417028	
0.124883	0.001909	0.001309	7.780896	
0.871303	0.617622	0.000162	5.977112	
0.811220	0.268960	0.810194	4.374190	
0.616853	0.651488	0.189670	6.737679	
0.015926	0.867999	0.861833	4.599932	
0.875153	0.010400	0.000864	6.305321	
0.566350	0.785117	0.277398	5.989400	
0.000002	0.124407	0.653934	7.195649	
0.883757	0.776096	0.001834	4.887667	
0.000746	0.783461	0.194060	6.136779	
0.690926	0.000000	0.677678	6.884790	
0.873313	0.152695	0.005165	6.008115	
0.191919	0.580253	0.836275	5.792259	
0.018515	0.783474	0.898859	4.864733	
0.782514	0.000102	0.191160	6.169026	
0.905598	0.283455	0.662292	5.345905	
0.787858	0.725612	0.643188	4.885443	
0.802228	0.887540	0.012706	4.755772	
0.732589	0.867958	0.869946	3.462678	
0.850563	0.872615	0.741481	3.403289	
0.684340	0.597466	0.816508	5.458201	
0.803905	0.005543	0.746532	5.363902	
0.206674	0.867999	0.861833	4.282564	
0.006969	0.903923	0.815244	4.759264	
0.633250	0.648075	0.651547	6.469932	
0.898962	0.811439	0.005483	4.839667	
0.006528	0.856111	0.002820	6.298912	
0.633173	0.641707	0.230858	6.651014	
0.223690	0.168005	0.176452	6.898813	
0.128615	0.004541	0.282219	7.334307	
0.608306	0.002023	0.000000	7.708662	
0.684340	0.669569	0.816508	4.913539	
0.021427	0.002023	0.118165	7.751664	
0.813527	0.771082	0.171234	4.670350	
0.231058	0.000606	0.734213	6.419683	
0.865946	0.777389	0.850595	3.263642	
0.873313	0.218680	0.646053	5.382269	
0.875153	0.001706	0.002083	6.487781	
0.633270	0.218685	0.760992	5.905326	
0.235281	0.271181	0.242751	6.734971	
0.000000	0.000000	0.271270	7.581350	
0.224700	0.217254	0.836664	5.500361	
0.242389	0.025814	0.248024	7.116582	
0.295532	0.183486	0.631945	6.816103	
0.296317	0.149554	0.005194	7.303972	
0.115975	0.180139	0.632498	7.227649	
0.196879	0.624175	0.651170	6.677258	
0.171890	0.627107	0.000802	7.258754	
0.782514	0.000152	0.191160	6.168833	
0.571140	0.858454	0.000033	6.184961	
0.666501	0.218291	0.233862	6.516992	
0.286896	0.001138	0.016351	7.577710	
