0.430140	0.600770	1.074936	0.002730	
0.099768	0.099795	0.141150	0.980055	
0.335749	0.323834	0.483774	0.772299	
0.658014	0.296934	1.605378	0.596853	
0.000000	0.000000	0.000000	1.000020	
0.347609	0.619308	1.404728	0.584382	
0.198315	0.201137	0.286586	0.925877	
0.208032	0.750139	3.288571	0.000029	
0.718713	0.229838	2.783030	0.697186	
0.435829	0.489091	0.730284	0.450129	
0.200711	0.737949	3.309803	0.651003	
0.316397	0.699828	1.986155	0.000185	
0.597929	0.374757	1.276755	0.544302	
0.297906	0.912367	2.296102	0.000000	
0.396828	0.824478	1.551233	0.000000	
0.542321	0.404951	0.892566	0.500804	
0.220279	0.719353	2.452255	0.640899	
0.634407	0.400027	1.298142	0.000271	
0.127530	0.127682	0.180697	0.967700	
0.023609	0.023612	0.033394	0.998969	
0.501224	0.499382	0.710006	0.000000	
0.089404	0.090030	0.127819	0.988473	
0.050544	0.050550	0.071493	0.994951	
0.762119	0.175542	3.400447	0.000194	
0.739086	0.256773	2.221951	0.007285	
0.611507	0.294809	1.400937	0.803757	
0.366926	0.724672	1.467005	0.000000	
0.323019	1.047417	2.386993	0.000000	
0.103000	0.103026	0.145721	0.978719	
0.427522	0.498919	0.766335	0.458289	
0.568287	0.346683	1.087718	0.659164	
0.220983	0.717240	2.461774	0.674104	
0.499973	0.500023	0.707175	0.006125	
0.316901	0.312507	0.451409	0.785167	
0.090758	0.090871	0.128606	0.984228	
0.293862	0.710479	2.056479	0.000042	
0.798651	0.183956	3.391607	0.000194	
0.000000	0.000000	0.000000	1.012571	
0.506117	0.404542	0.809516	0.531718	
0.347511	0.619390	1.405493	0.584640	
0.199124	0.199528	0.282476	0.918401	
0.734405	0.248089	2.327614	0.002704	
0.197396	0.752327	3.138033	0.000114	
0.024954	0.024957	0.035296	0.998829	
0.723665	0.331590	1.650324	0.000001	
0.200736	0.738043	3.309780	0.651003	
0.429452	0.602903	1.068318	0.005438	
0.050543	0.050553	0.071500	0.995002	
0.710589	0.215331	2.739046	0.866581	
0.124586	0.124632	0.176287	0.968676	
0.409737	0.489319	0.761282	0.532072	
0.043352	0.043356	0.061318	0.996303	
0.731397	0.249828	2.409409	0.002788	
0.000000	0.000000	0.000000	1.094444	
0.215062	0.720907	2.516923	0.665517	
0.242670	0.733235	2.351741	0.002728	
0.655754	0.367583	1.342401	0.006404	
0.715611	0.218875	2.730922	0.779222	
0.499971	0.500023	0.707174	0.006532	
0.135393	0.135281	0.191557	0.963211	
0.344102	0.673873	1.481556	0.000336	
0.532039	0.388736	0.885457	0.577176	
0.203347	0.751851	3.393958	0.000030	
0.024953	0.024957	0.035296	0.998835	
0.753657	0.189988	3.396900	0.225480	
0.090400	0.090801	0.128606	0.986257	
0.322637	0.624209	1.424644	0.644169	
0.688519	0.290984	1.755605	0.483401	
0.408091	0.623449	1.189375	0.000000	
0.303527	0.704324	1.899901	0.000345	
0.099768	0.099795	0.141150	0.980055	
0.199164	0.199451	0.282281	0.918042	
0.589992	0.383041	1.084090	0.438193	
0.332848	0.325554	0.476104	0.765268	
0.191417	0.189472	0.272107	0.930964	
0.297423	0.639177	1.501833	0.716340	
0.000000	0.000000	0.000000	1.233714	
0.155403	0.155309	0.219822	0.950887	
0.679793	0.249206	2.190806	0.856626	
0.607630	0.295850	1.386784	0.796500	
0.334528	0.998299	2.190001	0.000000	
0.433958	0.493607	0.742042	0.452034	
0.336815	0.679111	1.528323	0.006877	
0.499273	0.501320	0.710473	0.005993	
0.753725	0.192732	3.055402	0.000664	
0.413463	0.615308	1.118398	0.000124	
0.323264	0.693345	1.824107	0.000017	
0.706965	0.307624	1.752172	0.000018	
0.623388	0.350205	1.500769	0.597616	
0.025026	0.025028	0.035397	0.998808	
0.099765	0.099801	0.141165	0.980115	
0.298403	0.285540	0.429497	0.840153	
0.090767	0.090854	0.128560	0.984031	
0.221857	0.743682	2.596435	0.000236	
0.199461	0.727448	2.745032	0.717858	
0.043352	0.043356	0.061318	0.996303	
0.529714	0.383873	0.900928	0.575496	
0.626581	0.400900	1.163916	0.006544	
0.345740	0.545751	1.022492	0.712309	
0.532287	0.381820	0.911337	0.579469	
0.340274	0.676653	1.506013	0.000284	
0.147643	0.147046	0.209020	0.958208	
0.738002	0.171795	3.257858	0.851389	
0.275715	0.717049	2.016184	0.002378	
0.000000	0.000000	0.000000	1.462114	
0.089394	0.090044	0.127797	0.988400	
0.236876	0.691089	2.137866	0.765119	
0.438933	0.587502	0.991231	0.000113	
0.297610	0.285870	0.427689	0.837980	
0.407771	0.486972	0.757263	0.541391	
0.569421	0.459913	0.895400	0.000000	
0.701424	0.315753	1.690628	0.000014	
0.762149	0.175932	3.392822	0.003837	
0.734965	0.263604	2.144036	0.000377	
0.217065	0.220557	0.314503	0.908987	
0.101838	0.101863	0.144067	0.979187	
0.203485	0.751801	3.390761	0.000030	
0.054832	0.054844	0.077563	0.994105	
0.579302	0.331768	1.165419	0.694962	
0.701639	0.285189	1.842512	0.427722	
0.025026	0.025028	0.035397	0.998808	
0.199440	0.199164	0.282248	0.917976	
0.512100	0.493780	0.736283	0.000000	
0.052263	0.052269	0.073922	0.994589	
0.000000	0.000000	0.000000	1.000020	
0.755176	0.188448	3.132913	0.003558	
0.292749	0.706797	1.847358	0.062729	
0.737623	0.172505	3.239878	0.850905	
0.568110	0.346871	1.086712	0.658706	
0.099768	0.099795	0.141150	0.980055	
0.312762	0.316518	0.450627	0.784397	
0.464871	0.571946	0.884019	0.000000	
0.342580	0.674987	1.491312	0.000281	
0.681271	0.295286	1.720454	0.465148	
0.532435	0.388672	0.888150	0.578394	
0.220553	0.743002	2.610078	0.000237	
0.682416	0.339300	1.522624	0.000998	
0.024953	0.024958	0.035299	0.998871	
0.124569	0.124662	0.176363	0.968913	
0.438060	0.455076	0.656016	0.470190	
0.756317	0.225446	2.595521	0.000026	
0.341555	0.648591	1.392086	0.390287	
0.274356	0.693237	1.884099	0.493757	
0.201867	0.202172	0.286077	0.915834	
0.153860	0.154039	0.217992	0.952214	
0.000000	0.000000	0.000000	1.933352	
0.594449	0.338316	1.160115	0.704252	
0.230136	0.735099	2.667030	0.313557	
0.285282	0.703073	1.870265	0.282114	
0.755267	0.187807	3.144315	0.003570	
0.418765	0.609614	1.075077	0.000219	
0.729621	0.272345	2.056945	0.000020	
0.337414	0.335532	0.478560	0.742858	
0.445619	0.478851	0.703651	0.420464	
0.203485	0.751801	3.390777	0.000030	
0.745783	0.203729	3.232705	0.384147	
0.533661	0.395754	0.894058	0.525057	
0.099734	0.099856	0.141302	0.980651	
0.345553	0.546715	1.026002	0.711899	
0.690376	0.280047	1.845418	0.494014	
0.052263	0.052269	0.073923	0.994589	
0.505445	0.496932	0.720365	0.029591	
0.027575	0.027578	0.039004	0.998545	
0.599564	0.398504	1.086566	0.323551	
0.339517	0.677196	1.510872	0.000284	
0.099764	0.099801	0.141166	0.980118	
0.624495	0.353575	1.256026	0.490505	
0.467667	0.443302	0.679554	0.441437	
0.754979	0.189071	3.121482	0.003545	
0.577732	0.422815	0.975768	0.296455	
0.050542	0.050554	0.071502	0.995023	
0.027575	0.027578	0.039004	0.998545	
0.232464	0.693266	2.187079	0.780978	
0.371942	0.574885	1.053951	0.542669	
0.747677	0.209124	2.786203	0.000610	
0.000000	0.000000	0.000000	2.348781	
0.534834	0.379353	0.922463	0.584997	
0.263994	0.726879	2.358862	0.000087	
0.231984	0.738146	2.465221	0.034011	
0.719685	0.226075	2.473133	0.602578	
0.332848	0.325554	0.476104	0.765268	
0.151361	0.151541	0.214459	0.953830	
0.198958	0.199842	0.283281	0.919886	
0.607698	0.299943	1.366307	0.787436	
0.511686	0.493324	0.738340	0.000158	
0.468653	0.565920	0.865806	0.001403	
0.340265	0.676637	1.506022	0.000284	
0.361716	0.524398	0.922966	0.660493	
0.240575	0.736836	2.676246	0.000024	
0.627154	0.400299	1.166986	0.006556	
0.219132	0.217948	0.310693	0.902839	
0.099741	0.099843	0.141270	0.980527	
0.051016	0.051025	0.072166	0.994893	
0.252959	0.700642	2.042693	0.652535	
0.024479	0.024482	0.034625	0.998877	
0.497632	0.504109	0.717727	0.009589	
0.701639	0.285189	1.842510	0.427722	
0.444911	0.449868	0.639756	0.452389	
0.148887	0.148233	0.210667	0.957710	
0.754979	0.189071	3.121483	0.003545	
