0.182366	0.182378	0.257931	0.931151	
0.000000	0.000000	0.000000	1.000003	
0.061820	0.061822	0.087430	0.992342	
0.700436	0.273419	1.930895	0.456732	
0.450821	0.479838	0.704902	0.404594	
0.635394	0.342980	1.399893	0.498473	
0.211830	0.738830	3.052337	0.480848	
0.745049	0.225273	2.562919	0.000002	
0.737158	0.223844	3.049970	0.428059	
0.572286	0.460697	0.896793	0.000011	
0.678278	0.338902	1.523650	0.000486	
0.361857	0.476137	0.801776	0.708290	
0.237487	0.238260	0.337512	0.881541	
0.497181	0.370607	0.842467	0.711288	
0.110984	0.111438	0.158024	0.977932	
0.262668	0.660352	1.808144	0.808181	
0.589311	0.473212	1.445603	0.000000	
0.340955	0.659059	1.592635	0.397404	
0.123992	0.124761	0.177307	0.973596	
0.339351	0.677354	1.512264	0.000000	
0.219969	0.742722	2.615710	0.000000	
0.677893	0.376614	2.736698	0.000000	
0.601675	0.397031	1.102400	0.323089	
0.758219	0.178105	3.394117	0.000000	
0.467212	0.572418	0.877896	0.000160	
0.395182	0.590473	1.061442	0.377111	
0.650617	0.260850	1.768622	0.854916	
0.269847	0.695861	1.927386	0.501342	
0.527484	0.484775	0.777338	0.013091	
0.460722	0.600224	1.481126	0.000000	
0.370263	0.649130	1.518801	0.292012	
0.211935	0.738789	3.050292	0.480545	
0.669333	0.388772	2.533293	0.000000	
0.339332	0.677368	1.512387	0.000000	
0.478288	0.481866	0.684732	0.284797	
0.678301	0.338189	1.527346	0.000487	
0.613535	0.382690	1.157755	0.348286	
0.028000	0.028000	0.039598	0.998435	
0.225571	0.740487	2.542273	0.000000	
0.269036	0.710351	2.006555	0.327612	
0.200301	0.200322	0.283317	0.916317	
0.112100	0.112123	0.158587	0.974689	
0.618213	0.410052	1.082806	0.281485	
0.736837	0.224631	3.034280	0.425987	
0.746467	0.222089	2.605837	0.000002	
0.466743	0.573358	0.880376	0.000160	
0.364359	0.487592	0.830966	0.694679	
0.639313	0.274188	1.674371	0.831567	
0.396170	0.591110	1.061550	0.369478	
0.235141	0.685697	2.178545	0.841244	
0.758219	0.178107	3.394070	0.000000	
0.126963	0.127333	0.180494	0.969492	
0.054126	0.054144	0.076584	0.994347	
0.510112	0.379908	0.862288	0.615915	
0.701098	0.271511	1.947234	0.460084	
0.265525	0.266565	0.377922	0.849298	
0.669544	0.387795	2.506615	0.000000	
0.478387	0.492304	0.703534	0.267423	
0.381329	0.633238	1.237255	0.224393	
0.698312	0.295883	1.808904	0.284760	
0.190460	0.190497	0.269437	0.924730	
0.705535	0.241965	2.190765	0.611051	
0.664764	0.331489	1.548037	0.365572	
0.719104	0.270329	2.069809	0.178796	
0.758219	0.178107	3.394070	0.000000	
0.185454	0.756190	3.331913	0.024069	
0.326170	0.645944	1.434368	0.496082	
0.419961	0.586056	1.054296	0.288890	
0.301039	0.301159	0.426038	0.798641	
0.606842	0.397637	1.110371	0.292357	
0.111132	0.111154	0.157215	0.975122	
0.272530	0.715113	2.032417	0.269914	
0.000000	0.000000	0.000000	1.000088	
0.563744	0.465866	0.871500	0.000011	
0.747455	0.184987	3.269845	0.499686	
0.185609	0.752765	3.296421	0.308982	
0.365418	0.489009	0.833381	0.690219	
0.446729	0.579975	0.972780	0.004542	
0.590181	0.472781	1.457905	0.000000	
0.097931	0.097987	0.138618	0.980994	
0.637869	0.278090	1.615971	0.798584	
0.263114	0.658596	1.775289	0.784783	
0.127076	0.127094	0.179754	0.967258	
0.512457	0.378936	0.863609	0.612287	
0.751026	0.199436	2.997720	0.000000	
0.291202	0.615768	1.471846	0.816545	
0.581203	0.477038	1.346617	0.000000	
0.706142	0.248383	2.142902	0.556838	
0.027999	0.028002	0.039603	0.998505	
0.127081	0.127086	0.179733	0.967197	
0.097921	0.098008	0.138681	0.981245	
0.619271	0.289096	1.479434	0.801621	
0.734238	0.178150	3.240640	0.829050	
0.180230	0.735761	3.277048	0.802002	
0.186239	0.755317	3.307598	0.132561	
0.657114	0.358170	1.429037	0.238076	
0.337712	0.337727	0.477629	0.737441	
0.221972	0.227666	0.326417	0.910921	
0.563498	0.466315	0.869937	0.000011	
0.552575	0.381620	0.983008	0.548563	
0.263992	0.712960	2.054255	0.334622	
0.406496	0.589223	1.042276	0.328535	
0.758219	0.178107	3.394070	0.000000	
0.488916	0.499777	0.716498	0.172701	
0.666177	0.393001	2.474363	0.000000	
0.490166	0.524212	0.775037	0.000010	
0.668891	0.326287	1.537906	0.344040	
0.365399	0.658763	1.356355	0.000216	
0.190457	0.190501	0.269450	0.924755	
0.369431	0.630237	1.266353	0.344292	
0.620123	0.408629	1.090442	0.282935	
0.301502	0.300844	0.426901	0.799550	
0.618196	0.410064	1.082738	0.281472	
0.654049	0.405385	2.104276	0.000000	
0.676830	0.340808	1.518575	0.000000	
0.023381	0.023381	0.033066	0.998910	
0.198661	0.747912	3.042443	0.300834	
0.705725	0.226713	2.336485	0.728309	
0.195180	0.195762	0.277391	0.922514	
0.467274	0.566441	0.893923	0.000011	
0.404396	0.541544	0.911109	0.480211	
0.558007	0.381101	0.989523	0.533352	
0.400603	0.621281	1.266530	0.252987	
0.127081	0.127086	0.179733	0.967197	
0.718003	0.259031	2.144756	0.346226	
0.189918	0.753994	3.232030	0.134247	
0.296542	0.627059	1.498835	0.754585	
0.381131	0.625527	1.251131	0.319557	
0.619352	0.290247	1.458341	0.785991	
0.579712	0.477491	1.323133	0.000000	
0.755754	0.183687	3.267967	0.133372	
0.053739	0.053914	0.076336	0.996367	
0.416517	0.581527	1.031152	0.320206	
0.593977	0.323749	1.252685	0.701136	
0.562658	0.466513	0.868348	0.000010	
0.758784	0.175472	3.381289	0.000000	
0.246425	0.696975	2.133840	0.669299	
0.322601	0.591286	1.243041	0.715165	
0.643591	0.336961	1.384885	0.456808	
0.730740	0.241309	2.345135	0.309894	
0.664060	0.350783	1.480729	0.228998	
0.328526	0.601731	1.266144	0.657851	
0.737712	0.182122	3.235106	0.741898	
0.723382	0.250728	2.255564	0.354106	
0.266534	0.711493	2.029611	0.333853	
0.331629	0.325162	0.473978	0.765541	
0.285633	0.615625	1.495815	0.846628	
0.563744	0.465866	0.871500	0.000011	
0.237729	0.735567	2.425077	0.007788	
0.758218	0.178112	3.393976	0.000000	
0.503027	0.498567	0.714189	0.004184	
0.021737	0.021737	0.030741	0.999066	
0.501067	0.372958	0.847137	0.648453	
0.199222	0.743187	2.968288	0.432976	
0.221972	0.227666	0.326417	0.910921	
0.068935	0.068956	0.097537	0.990671	
0.618428	0.290485	1.472548	0.798511	
0.337988	0.678367	1.521149	0.000000	
0.591619	0.454682	1.207027	0.000000	
0.188904	0.189175	0.267758	0.926793	
0.410591	0.539637	0.889602	0.474160	
0.595998	0.402661	1.073738	0.317011	
0.381165	0.617427	1.192173	0.343470	
0.295425	0.639998	1.541400	0.705073	
0.233621	0.234140	0.331587	0.885351	
0.758219	0.178107	3.394070	0.000000	
0.718416	0.258225	2.153179	0.347439	
0.359635	0.539435	0.972648	0.652712	
0.736097	0.194951	2.996891	0.686103	
0.746697	0.209204	2.816235	0.115974	
0.071941	0.071955	0.101771	0.989723	
0.557545	0.383086	0.984230	0.527116	
0.271736	0.654938	1.724687	0.775720	
0.650470	0.261120	1.767741	0.854542	
0.495651	0.507610	0.727775	0.016230	
0.419961	0.586056	1.054296	0.288890	
0.625414	0.445872	1.893110	0.000000	
0.253404	0.729215	2.312410	0.000000	
0.174192	0.174218	0.246405	0.937446	
0.303047	0.688822	1.867826	0.397403	
0.000000	0.000000	0.000000	1.641189	
0.197872	0.745667	3.034186	0.388665	
0.528787	0.463824	0.802067	0.228781	
0.549559	0.474988	0.837494	0.000010	
0.594135	0.387253	1.099131	0.413956	
0.430723	0.609606	1.216191	0.000000	
0.515124	0.376044	0.881922	0.625620	
0.675308	0.342562	1.501437	0.006386	
0.293799	0.616177	1.448411	0.787628	
0.324346	0.592244	1.241379	0.705062	
0.261479	0.687536	1.936992	0.627982	
0.731606	0.204861	2.748835	0.633805	
0.097932	0.097986	0.138618	0.980994	
0.621692	0.406290	1.137226	0.000013	
0.296005	0.638771	1.520797	0.687960	
0.489476	0.525824	0.779791	0.000010	
0.460585	0.559355	0.927482	0.255088	
0.675259	0.342537	1.501465	0.006386	
0.419189	0.586910	1.058704	0.289745	
0.618720	0.408906	1.086420	0.286415	
