0.377579	0.550188	0.999171	0.582217	
0.460857	0.560966	0.881699	0.000000	
0.583301	0.462562	0.905946	0.000000	
0.200684	0.744641	3.054174	0.401285	
0.626953	0.394128	1.494976	0.364559	
0.477997	0.491497	0.703933	0.266272	
0.742189	0.223574	2.570711	0.000011	
0.267168	0.270171	0.384255	0.849992	
0.745017	0.196609	3.162191	0.471575	
0.707012	0.281021	1.920201	0.261932	
0.516859	0.379826	0.856745	0.624837	
0.183745	0.183289	0.260206	0.931799	
0.611751	0.399067	1.094874	0.348634	
0.690105	0.249319	2.029510	0.689281	
0.262058	0.662029	1.866616	0.812653	
0.000000	0.000000	0.000000	1.000003	
0.733678	0.170681	3.238024	0.870175	
0.306945	0.307830	0.435995	0.790527	
0.154263	0.154961	0.219743	0.954072	
0.757035	0.183411	3.400930	0.000036	
0.188590	0.755455	3.347317	0.001456	
0.675245	0.342446	1.493307	0.008687	
0.171759	0.732113	3.208224	0.882713	
0.279056	0.702406	1.903053	0.358698	
0.225396	0.745554	2.560765	0.000038	
0.372879	0.634064	1.282175	0.308673	
0.051950	0.051951	0.073472	0.994607	
0.093258	0.093255	0.131889	0.982471	
0.411209	0.597362	1.053023	0.250155	
0.343778	0.675713	1.487586	0.000001	
0.189107	0.755346	3.329415	0.000036	
0.052324	0.052325	0.073998	0.994514	
0.757022	0.183449	3.400099	0.000036	
0.673480	0.347554	1.475270	0.000044	
0.163488	0.164405	0.233284	0.948523	
0.116622	0.116666	0.165025	0.972655	
0.735228	0.177075	3.140069	0.783296	
0.279156	0.707836	1.896299	0.446450	
0.330838	0.670545	1.513984	0.294329	
0.348670	0.479963	0.814837	0.739954	
0.450738	0.558167	0.957544	0.247020	
0.571895	0.467999	0.875004	0.000000	
0.534241	0.335619	0.981819	0.775684	
0.338248	0.679653	1.521943	0.000000	
0.190408	0.191310	0.271220	0.927228	
0.454025	0.577381	0.922135	0.000000	
0.591587	0.415371	1.037695	0.280021	
0.185599	0.737443	3.052411	0.672902	
0.401474	0.621310	1.112023	0.353785	
0.034372	0.034372	0.048610	0.997642	
0.241428	0.673139	2.081954	0.893455	
0.239919	0.734865	2.365989	0.001807	
0.210055	0.210085	0.297126	0.907546	
0.300039	0.302242	0.429220	0.802764	
0.696264	0.277765	1.884355	0.438213	
0.739705	0.229276	2.496394	0.000011	
0.702411	0.257604	2.043542	0.567325	
0.170613	0.730894	3.251653	0.922773	
0.740730	0.202572	3.004494	0.495777	
0.674861	0.332543	1.530181	0.215924	
0.476080	0.546984	0.825985	0.024708	
0.402416	0.618446	1.102439	0.357054	
0.219102	0.738704	2.749890	0.331586	
0.461249	0.476029	0.684261	0.366465	
0.654693	0.259180	1.787135	0.870422	
0.733678	0.170681	3.238024	0.870175	
0.276501	0.639876	1.589754	0.834604	
0.178695	0.757821	3.338681	0.001453	
0.587351	0.460409	0.916528	0.000000	
0.360174	0.667593	1.500360	0.003689	
0.613347	0.402398	1.278616	0.324918	
0.065982	0.066221	0.093822	0.993536	
0.000000	0.000000	0.000000	1.000003	
0.561494	0.394075	0.989079	0.478843	
0.270864	0.712877	1.971530	0.461880	
0.182026	0.726468	3.206541	0.935868	
0.218194	0.745183	2.879143	0.000031	
0.263195	0.281610	0.413607	0.881351	
0.739119	0.230327	2.482296	0.000027	
0.200240	0.200272	0.283251	0.916391	
0.339166	0.647412	1.503370	0.474944	
0.740723	0.202590	3.004159	0.495725	
0.469531	0.339267	0.801267	0.773397	
0.757022	0.183449	3.400095	0.000036	
0.404995	0.546829	0.932167	0.469260	
0.707012	0.281021	1.920201	0.261932	
0.711074	0.334486	1.604162	0.008568	
0.178695	0.757821	3.338681	0.001453	
0.459729	0.473908	0.679534	0.377054	
0.738668	0.207738	2.911390	0.485863	
0.199362	0.741436	3.048176	0.501492	
0.634416	0.359833	1.437653	0.453919	
0.402416	0.618446	1.102439	0.357054	
0.389125	0.613435	1.160502	0.316402	
0.455781	0.571190	0.951838	0.000001	
0.532808	0.480638	0.797237	0.000000	
0.227355	0.742513	2.772718	0.011662	
0.628093	0.386053	1.104220	0.527226	
0.270954	0.712819	1.970680	0.461705	
0.619059	0.416031	1.203020	0.014709	
0.214037	0.213561	0.303029	0.905314	
0.728675	0.274553	2.036251	0.000074	
0.755789	0.187662	3.310817	0.000035	
0.469732	0.339059	0.802937	0.774475	
0.182026	0.726468	3.206541	0.935868	
0.722270	0.251421	2.205571	0.296042	
0.733183	0.178382	3.279644	0.861056	
0.339178	0.490515	0.860245	0.768458	
0.072839	0.073138	0.103648	0.991912	
0.354062	0.667867	1.422870	0.000001	
0.245353	0.703860	2.139703	0.600465	
0.203187	0.202776	0.287701	0.915245	
0.038196	0.038194	0.054019	0.997114	
0.675017	0.237593	2.045029	0.877620	
0.193533	0.729985	3.093217	0.787839	
0.621158	0.413894	1.216641	0.000082	
0.038199	0.038192	0.054027	0.997198	
0.228093	0.738858	2.598432	0.160181	
0.189575	0.744541	3.009334	0.541375	
0.339346	0.490331	0.859388	0.767917	
0.450404	0.573482	0.930288	0.000031	
0.539952	0.396822	0.894992	0.534483	
0.278780	0.634092	1.577692	0.810685	
0.481978	0.471424	0.693170	0.318244	
0.730414	0.256601	2.245089	0.000001	
0.266334	0.271687	0.388430	0.855219	
0.635071	0.366994	1.268256	0.316580	
0.756998	0.183522	3.398502	0.000036	
0.367621	0.635607	1.273586	0.317088	
0.733713	0.220178	2.708384	0.454205	
0.255883	0.716469	2.197557	0.394004	
0.387309	0.624476	1.166832	0.357571	
0.345532	0.674370	1.475537	0.000001	
0.464933	0.343210	0.783439	0.761304	
0.544544	0.471861	0.831182	0.000029	
0.116053	0.116027	0.164144	0.972847	
0.715266	0.265609	2.061941	0.277980	
0.696239	0.269158	1.937330	0.501344	
0.106843	0.106747	0.151184	0.977559	
0.475119	0.472862	0.674232	0.322199	
0.630857	0.340319	1.388352	0.535941	
0.201961	0.741763	2.979572	0.468875	
0.464933	0.343210	0.783439	0.761304	
0.705468	0.260014	2.039960	0.469787	
0.543032	0.475343	0.824623	0.000000	
0.178460	0.757589	3.307034	0.061237	
0.338821	0.679237	1.518225	0.000001	
0.250504	0.723005	2.228348	0.298788	
0.450874	0.572933	0.928180	0.000031	
0.740868	0.202201	3.011277	0.496829	
0.000000	0.000000	0.000000	1.000003	
0.720469	0.255196	2.165966	0.291282	
0.755463	0.188151	3.299903	0.000035	
0.233369	0.677072	2.087849	0.893996	
0.210055	0.210085	0.297126	0.907546	
0.687853	0.314043	1.671657	0.231123	
0.680138	0.366209	1.389925	0.007628	
0.339390	0.490286	0.859215	0.767808	
0.750874	0.203349	3.133955	0.000034	
0.345914	0.642132	1.453060	0.461940	
0.244488	0.671600	2.048010	0.880382	
0.469732	0.339059	0.802937	0.774475	
0.273232	0.267291	0.390842	0.854529	
0.282708	0.714170	1.944631	0.012962	
0.115024	0.114736	0.162881	0.974853	
0.024828	0.024828	0.035113	0.998774	
0.361829	0.563898	1.044856	0.601276	
0.553997	0.440020	0.928579	0.305714	
0.457408	0.565539	0.897164	0.007775	
0.530546	0.483096	0.797002	0.000000	
0.743934	0.218856	2.633596	0.000002	
0.237396	0.727202	2.442641	0.390523	
0.672341	0.239765	2.009097	0.864565	
0.484220	0.375411	0.783194	0.660915	
0.265898	0.737184	2.129406	0.001647	
0.305901	0.680235	1.661429	0.395180	
0.671811	0.319607	1.606700	0.382593	
0.642846	0.386831	1.290789	0.048469	
0.723808	0.223646	2.570644	0.573271	
0.268458	0.271216	0.385638	0.848052	
0.653247	0.348249	1.431220	0.390038	
0.455457	0.567690	0.900520	0.154566	
0.414564	0.614007	1.221634	0.185566	
0.590417	0.433950	0.997175	0.071613	
0.553625	0.418491	0.934631	0.399302	
0.190135	0.754935	3.314453	0.001443	
0.670011	0.249737	2.000734	0.860627	
0.785795	0.251815	2.394453	0.012149	
0.000000	0.000000	0.000000	1.000003	
0.126289	0.126398	0.178860	0.968228	
0.251145	0.720089	2.319307	0.389510	
0.376641	0.653243	1.298776	0.002957	
0.345353	0.483723	0.830557	0.749790	
0.731174	0.225225	2.630968	0.442154	
0.299208	0.303733	0.433240	0.807004	
0.261731	0.656221	1.835902	0.841200	
0.712043	0.282350	1.937854	0.106839	
0.556619	0.416012	0.947240	0.402966	
0.692678	0.304306	1.726814	0.251405	
0.000000	0.000000	0.000000	1.254498	
