0.061342	0.061287	0.086793	0.993046	
0.112917	0.112858	0.159783	0.974740	
0.244571	0.243491	0.346689	0.875754	
0.653234	0.354306	1.578422	0.379745	
0.029033	0.029052	0.041099	0.998728	
0.227488	0.742002	2.523593	0.002524	
0.273677	0.695200	1.902153	0.476777	
0.205849	0.736974	3.152463	0.598681	
0.685286	0.360810	2.597353	0.000000	
0.753980	0.195189	3.298789	0.000002	
0.680108	0.351269	1.461776	0.000001	
0.098957	0.098916	0.139985	0.980533	
0.471872	0.544601	0.833717	0.000042	
0.564826	0.456777	0.899323	0.000001	
0.250571	0.658986	1.858015	0.861050	
0.340865	0.644282	1.463549	0.465310	
0.340627	0.340866	0.482231	0.732220	
0.738885	0.197965	3.021893	0.564763	
0.176430	0.176450	0.249554	0.935744	
0.599484	0.445584	1.234829	0.044241	
0.392841	0.589849	1.061585	0.420405	
0.201488	0.752223	3.375607	0.000002	
0.492338	0.452002	0.724339	0.392539	
0.000000	0.000000	0.000000	1.000045	
0.750731	0.233423	2.483951	0.004925	
0.663183	0.246508	1.900697	0.870311	
0.353004	0.667736	1.428320	0.002852	
0.253262	0.657901	1.834120	0.851370	
0.657920	0.256453	1.810317	0.833999	
0.111480	0.111387	0.157759	0.975523	
0.600272	0.443732	1.235749	0.070287	
0.452587	0.468718	0.676238	0.412686	
0.672417	0.345967	1.469672	0.000154	
0.341957	0.687897	1.522776	0.000001	
0.693041	0.275965	1.829084	0.627361	
0.457083	0.573682	0.909534	0.003111	
0.226469	0.217497	0.327366	0.921776	
0.029753	0.029770	0.042113	0.998588	
0.158343	0.158324	0.223961	0.948665	
0.305125	0.317744	0.459051	0.806186	
0.556476	0.464895	0.864809	0.000000	
0.211881	0.734983	3.033702	0.572239	
0.728703	0.225518	3.206416	0.667905	
0.201842	0.752097	3.367585	0.000002	
0.221908	0.744415	2.597469	0.002591	
0.092435	0.092272	0.130932	0.984431	
0.026132	0.026141	0.036975	0.998847	
0.339513	0.645317	1.473305	0.467833	
0.381350	0.596096	1.113021	0.429274	
0.742458	0.223475	2.572000	0.004756	
0.102750	0.102649	0.145424	0.979483	
0.686045	0.359272	2.587348	0.000000	
0.269315	0.693897	1.922187	0.520116	
0.352511	0.631863	1.297382	0.422761	
0.176738	0.758329	3.363738	0.000002	
0.741553	0.225496	2.545151	0.004736	
0.000000	0.000000	0.000000	1.000047	
0.687284	0.357603	2.629805	0.000000	
0.657429	0.255996	1.811130	0.834227	
0.639387	0.336340	1.534889	0.557338	
0.159076	0.159061	0.224991	0.948139	
0.114675	0.114617	0.162269	0.973906	
0.215485	0.733574	2.986597	0.563873	
0.343555	0.674169	1.485241	0.001594	
0.352577	0.333677	0.512976	0.758555	
0.402692	0.602542	1.091530	0.282776	
0.551271	0.469360	0.846529	0.002514	
0.221815	0.217937	0.315817	0.909071	
0.253122	0.659649	1.840312	0.848156	
0.667320	0.353491	1.431348	0.000001	
0.472442	0.442786	0.698478	0.443624	
0.733961	0.206860	3.143111	0.655420	
0.035042	0.035047	0.049566	0.997616	
0.201880	0.752149	3.367085	0.000002	
0.273308	0.695402	1.905415	0.477490	
0.471526	0.545094	0.835277	0.000042	
0.102647	0.102680	0.145235	0.978904	
0.049203	0.049211	0.069602	0.995256	
0.125574	0.125427	0.177752	0.968935	
0.255207	0.658152	1.819481	0.842112	
0.689583	0.354458	2.712775	0.000000	
0.437195	0.601819	1.006788	0.001297	
0.679717	0.352025	1.461776	0.000001	
0.595141	0.377846	1.087853	0.497337	
0.223090	0.220281	0.317160	0.904132	
0.344214	0.686033	1.507773	0.000001	
0.214652	0.733899	2.980621	0.562818	
0.690033	0.249849	2.025932	0.684339	
0.374405	0.563039	0.990877	0.595938	
0.351478	0.632621	1.303195	0.424228	
0.019225	0.019223	0.027189	0.999326	
0.101887	0.102003	0.144325	0.979739	
0.464192	0.465251	0.658880	0.370369	
0.731433	0.184547	3.180050	0.830453	
0.355142	0.546009	1.015794	0.711686	
0.084975	0.084798	0.120342	0.987043	
0.740990	0.226818	2.527923	0.004707	
0.030132	0.030126	0.042623	0.998403	
0.265606	0.695877	1.956061	0.528142	
0.286770	0.713789	2.071364	0.001688	
0.159080	0.159058	0.224993	0.948146	
0.554915	0.464190	0.865291	0.000043	
0.114683	0.114615	0.162298	0.974006	
0.256959	0.657187	1.803767	0.835752	
0.092280	0.092385	0.130726	0.983547	
0.551826	0.466460	0.855192	0.002527	
0.683156	0.284872	1.774853	0.506576	
0.000000	0.000000	0.000000	1.227873	
0.347117	0.595184	1.233943	0.617837	
0.183342	0.183459	0.259537	0.930700	
0.350103	0.335194	0.506282	0.752795	
0.429987	0.596814	1.024222	0.009667	
0.686643	0.327490	1.596262	0.041034	
0.459484	0.460790	0.652786	0.392994	
0.221514	0.221033	0.313585	0.898150	
0.663032	0.252924	1.860148	0.825279	
0.030133	0.030125	0.042626	0.998444	
0.737727	0.231729	2.461424	0.052326	
0.215786	0.733137	2.838171	0.526393	
0.690054	0.353805	2.730503	0.000000	
0.403566	0.575327	1.003885	0.398839	
0.272222	0.697665	1.923685	0.462827	
0.225689	0.741245	2.641963	0.000000	
0.730779	0.187655	3.219666	0.842877	
0.360822	0.671866	1.402195	0.000001	
0.232078	0.686015	2.144652	0.836939	
0.391329	0.635145	1.211246	0.022976	
0.266478	0.700734	1.976081	0.473857	
0.744089	0.206014	2.999069	0.354880	
0.347117	0.595184	1.233943	0.617837	
0.155254	0.155022	0.219777	0.951716	
0.687879	0.356795	2.650734	0.000000	
0.236045	0.740571	2.430676	0.000000	
0.097059	0.097077	0.137302	0.981100	
0.592962	0.390062	1.064540	0.431937	
0.537573	0.476797	0.809248	0.025888	
0.745644	0.262889	2.178094	0.000001	
0.222395	0.221804	0.314860	0.897556	
0.226121	0.728278	2.645346	0.502689	
0.030129	0.030126	0.042612	0.998266	
0.431290	0.595366	1.018026	0.009627	
0.374129	0.562526	0.990191	0.597325	
0.125559	0.125435	0.177704	0.968788	
0.635996	0.389640	1.222509	0.069720	
0.000000	0.000000	0.000000	1.680247	
0.561564	0.392023	0.966861	0.508531	
0.350875	0.551120	1.041777	0.725256	
0.651281	0.268183	1.709397	0.793507	
0.721834	0.236181	2.396291	0.507811	
0.114683	0.114615	0.162298	0.974006	
0.269360	0.263572	0.385161	0.859074	
0.305277	0.316185	0.455491	0.804064	
0.640774	0.289967	1.753119	0.825782	
0.397611	0.607863	1.117801	0.287709	
0.742458	0.220279	2.620109	0.063401	
0.067538	0.067551	0.095540	0.990960	
0.547505	0.394609	0.951588	0.510007	
0.304852	0.625276	1.419876	0.707390	
0.030133	0.030125	0.042626	0.998444	
0.687447	0.357325	2.636579	0.000000	
0.176210	0.176853	0.250596	0.937942	
0.266145	0.656016	1.732046	0.810731	
0.234492	0.724635	2.516292	0.480857	
0.401588	0.626076	1.159377	0.003089	
0.599560	0.389811	1.182623	0.466149	
0.243915	0.719473	2.306747	0.443448	
0.504705	0.497711	0.718066	0.000094	
0.694893	0.312013	1.706902	0.090999	
0.000000	0.000000	0.000000	1.943219	
0.178144	0.757884	3.334489	0.000002	
0.549385	0.470610	0.840815	0.002504	
0.253912	0.716577	2.358218	0.453184	
0.375507	0.588106	1.134356	0.505008	
0.179033	0.757600	3.316231	0.001017	
0.709957	0.289426	1.884229	0.003602	
0.322869	0.589784	1.260569	0.731747	
0.114683	0.114615	0.162298	0.974006	
0.738900	0.229305	2.492761	0.009762	
0.385039	0.627555	1.242119	0.272315	
0.026132	0.026142	0.036977	0.998883	
0.655727	0.401940	2.081398	0.000000	
0.679624	0.307538	1.966632	0.527722	
0.499469	0.501021	0.709600	0.002951	
0.298490	0.308976	0.444967	0.814740	
0.158432	0.158297	0.224263	0.949397	
0.029662	0.029680	0.041987	0.998638	
0.242040	0.683150	2.044377	0.793338	
0.734524	0.229925	2.613492	0.312687	
0.544188	0.471411	0.832361	0.045105	
0.544006	0.462838	0.932964	0.303042	
0.092373	0.092294	0.130736	0.983592	
0.268313	0.689224	1.904206	0.566891	
0.639182	0.290958	1.740312	0.820418	
0.660081	0.362404	1.371055	0.000146	
0.469403	0.451855	0.676229	0.412678	
0.251090	0.663048	1.864077	0.860554	
0.443344	0.603966	1.025172	0.000119	
0.346046	0.337720	0.496120	0.744078	
0.649940	0.270467	1.690621	0.786002	
0.415783	0.612012	1.096960	0.032890	
