0.000000	0.707107	0.000000	0.000000	0.000000	0.000000	0.707107	0.000000	
0.000000	0.707107	0.000000	0.000000	0.000000	0.707107	0.000000	0.000000	
0.707107	0.000000	0.000000	0.000000	0.707107	0.000000	0.000000	0.000000	
0.000000	0.000000	0.000000	0.000000	0.707107	0.000000	0.707107	0.000000	
0.000000	0.000000	0.000000	0.000000	0.000000	0.000000	0.707107	0.707107	
0.707107	0.000000	0.000000	0.000000	0.000000	0.707107	0.000000	0.000000	
0.000000	0.000000	0.000000	0.000000	1.000000	0.000000	0.000000	0.000000	
0.000000	0.000000	0.000000	0.707107	0.000000	0.000000	0.707107	0.000000	
0.000000	0.000000	0.000000	0.000000	0.707107	0.000000	0.000000	0.707107	
0.000000	0.000000	0.000000	0.707107	0.000000	0.000000	0.000000	0.707107	
0.000000	0.000000	0.707107	0.000000	0.000000	0.707107	0.000000	0.000000	
0.000000	0.000000	0.000000	0.000000	0.000000	0.707107	0.707107	0.000000	
1.000000	0.000000	0.000000	0.000000	0.000000	0.000000	0.000000	0.000000	
0.707107	0.000000	0.000000	0.000000	0.000000	0.000000	0.000000	0.707107	
0.000000	0.707172	0.707041	0.000000	0.000000	0.000000	0.000000	0.000000	
0.000000	0.000000	0.707110	0.707103	0.000000	0.000000	0.000000	0.000000	
0.000000	0.000000	0.707107	0.000000	0.000000	0.000000	0.000000	0.707107	
0.707107	0.000000	0.000000	0.000000	0.000000	0.000000	0.707107	0.000000	
0.000000	0.000000	0.000000	0.707107	0.000000	0.707107	0.000000	0.000000	
0.000000	0.000000	0.707107	0.000000	0.000000	0.000000	0.707107	0.000000	
0.000000	0.000000	0.000000	0.000000	0.000000	0.000000	1.000000	0.000000	
0.000000	0.707107	0.000000	0.000000	0.707107	0.000000	0.000000	0.000000	
0.000000	0.000000	0.000000	0.000000	0.707107	0.707107	0.000000	0.000000	
0.000000	0.000000	0.000000	0.000000	0.000000	1.000000	0.000000	0.000000	
0.000000	0.000000	0.000000	0.000000	0.000000	0.000000	0.000000	1.000000	
0.000000	0.726053	0.000000	0.000000	0.000000	0.000000	0.000000	0.726052	
0.000000	0.000000	1.000000	0.000000	0.000000	0.000000	0.000000	0.000000	
0.707172	0.000000	0.707041	0.000000	0.000000	0.000000	0.000000	0.000000	
0.000000	0.707110	0.000000	0.707103	0.000000	0.000000	0.000000	0.000000	
0.000000	0.000000	0.000000	0.000000	0.000000	0.707107	0.000000	0.707107	
0.000000	0.000000	0.000000	0.707107	0.707107	0.000000	0.000000	0.000000	
0.707110	0.000000	0.000000	0.707103	0.000000	0.000000	0.000000	0.000000	
0.000000	0.000000	0.707107	0.000000	0.707107	0.000000	0.000000	0.000000	
0.707065	0.707148	0.000000	0.000000	0.000000	0.000000	0.000000	0.000000	
0.000000	1.000000	0.000000	0.000000	0.000000	0.000000	0.000000	0.000000	
0.000000	0.000000	0.000000	1.000000	0.000000	0.000000	0.000000	0.000000	
0.002479	0.000205	0.718381	0.012883	0.000000	0.036089	0.000958	0.694589	
0.534262	0.460649	0.703190	0.001223	0.000000	0.105664	0.000000	0.000180	
0.000088	0.000668	0.028102	0.000231	0.999705	0.000000	0.000000	0.000000	
0.486536	0.501072	0.722088	0.000147	0.000914	0.000000	0.000000	0.000487	
0.000000	0.707103	0.000000	0.000000	0.000000	0.000000	0.000000	0.707119	
0.000000	0.000000	0.000000	0.000000	0.000000	0.707107	0.707107	0.000000	
0.083206	0.692662	0.223970	0.000000	0.002748	0.680521	0.000000	0.004072	
0.000000	0.000000	0.000000	0.000000	0.707107	0.707107	0.000000	0.000000	
0.696427	0.717235	0.000008	0.000682	0.000910	0.000000	0.000000	0.023700	
0.000000	0.000000	0.705219	0.708993	0.000473	0.000000	0.000000	0.000000	
0.000000	0.000000	1.000000	0.000000	0.000000	0.000000	0.000000	0.000000	
0.000000	0.000000	0.000000	0.000000	0.000000	0.000000	0.707107	0.707107	
0.000000	0.013424	0.511319	0.488234	0.707107	0.000007	0.000000	0.000000	
0.704048	0.000220	0.000000	0.710157	0.000256	0.000000	0.000000	0.000000	
0.000000	0.000000	0.000000	0.000000	0.707074	0.000138	0.707074	0.009686	
0.000000	0.000000	0.000000	0.000000	0.000000	0.000000	0.000000	1.000000	
0.995461	0.089067	0.017921	0.000000	0.028329	0.000000	0.000000	0.000000	
0.000007	0.710109	0.001308	0.000000	0.704070	0.000119	0.000000	0.005382	
0.000000	0.000000	0.707107	0.000000	0.000000	0.000000	0.707107	0.000000	
0.704603	0.046267	0.000453	0.000000	0.707867	0.000000	0.017816	0.000002	
0.710986	0.000095	0.002765	0.001530	0.002824	0.111713	0.694263	0.000000	
0.010479	0.991302	0.075059	0.000606	0.000034	0.103871	0.000000	0.028066	
0.000000	0.000000	0.707107	0.000000	0.000000	0.707107	0.000000	0.000000	
0.000000	0.000000	0.000000	1.000000	0.000000	0.000000	0.000000	0.000000	
0.000000	0.000000	0.000000	0.000000	0.000000	1.000000	0.000000	0.000000	
0.000000	0.699611	0.000024	0.699604	0.000000	0.000007	0.145749	0.000000	
0.000000	0.000000	0.000000	0.000000	0.000000	0.000000	1.000000	0.000000	
0.000000	0.000000	0.000000	0.707107	0.707107	0.000000	0.000000	0.000000	
0.000000	0.000000	0.000000	0.707107	0.000000	0.707107	0.000000	0.000000	
0.697202	0.031196	0.224052	0.000000	0.002749	0.678561	0.000000	0.049077	
0.000000	0.000000	0.000000	0.707107	0.000000	0.000000	0.707107	0.000000	
0.000000	0.000000	0.000000	0.000000	0.000000	0.707107	0.000000	0.707107	
0.000000	0.000000	0.000000	0.707107	0.000000	0.000000	0.000000	0.707107	
0.003541	0.700935	0.007221	0.001804	0.012440	0.000000	0.713069	0.000000	
0.660478	0.000191	0.012423	0.057550	0.034949	0.157592	0.000000	0.730921	
0.022216	0.000749	0.000855	0.001449	0.515977	0.000000	0.482982	0.707107	
0.000000	0.000000	0.744656	0.000000	0.667449	0.000000	0.000000	0.000000	
0.683625	0.048299	0.000000	0.020533	0.005624	0.727804	0.013103	0.000000	
0.000000	0.000000	0.000000	0.723504	0.000000	0.699953	0.000000	0.024724	
0.990905	0.000000	0.000000	0.134564	0.000042	0.000000	0.000000	0.000000	
0.000000	0.474543	0.000016	0.459259	0.000000	0.001219	0.097282	0.744597	
0.000000	0.000000	0.707005	0.011972	0.000000	0.707107	0.000000	0.000000	
0.000000	0.000000	0.000000	0.000000	0.707107	0.707107	0.000000	0.000000	
0.000000	0.998602	0.000000	0.051950	0.016026	0.000000	0.015328	0.006178	
0.514649	0.444834	0.009747	0.016951	0.041882	0.057982	0.000000	0.729973	
0.014540	0.005774	0.000361	0.792366	0.609845	0.000000	0.000012	0.000002	
0.006254	0.000009	0.000015	0.999982	0.000000	0.000000	0.000000	0.000000	
0.000000	0.000000	0.000000	0.000000	0.000000	0.000000	0.000000	1.000000	
0.001326	0.667806	0.000603	0.000000	0.760653	0.003338	0.031400	0.020673	
0.016292	0.688948	0.214649	0.000037	0.002691	0.026547	0.722289	0.000000	
0.000000	0.000000	0.000000	0.000000	0.000000	0.000000	0.707129	0.707129	
0.009605	0.000099	0.482912	0.001011	0.014558	0.000089	0.456911	0.747359	
0.000000	0.000000	0.000000	0.707180	0.000000	0.000000	0.000000	0.707180	
0.490927	0.505595	0.714885	0.000147	0.000913	0.038472	0.000000	0.000493	
0.000000	0.000000	0.705219	0.708993	0.000473	0.000000	0.000000	0.000000	
0.000148	0.002526	0.685604	0.000000	0.015537	0.000000	0.728531	0.000000	
0.017692	0.065205	0.997671	0.000000	0.000000	0.011950	0.000000	0.000000	
0.000000	0.000000	0.000000	0.000000	0.000000	0.723907	0.723907	0.000000	
0.577623	0.815008	0.000090	0.000000	0.042893	0.000119	0.016181	0.003501	
0.080326	0.668689	0.216218	0.000000	0.000075	0.710175	0.000000	0.000066	
0.000000	0.000000	0.000000	0.000000	1.000000	0.000000	0.000000	0.000000	
0.704253	0.099818	0.703024	0.001615	0.000001	0.000000	0.000000	0.040291	
0.693046	0.128254	0.069131	0.708189	0.000000	0.000000	0.020645	0.000000	
0.046854	0.691134	0.001284	0.716199	0.084470	0.000275	0.001311	0.007670	
