0.000000	0.000000	0.000000	0.000000	0.000000	0.000000	0.707107	0.707107	
0.000000	0.000000	0.000000	0.000000	0.707107	0.000000	0.707107	0.000000	
0.000000	0.000000	0.000000	0.707107	0.000000	0.000000	0.707107	0.000000	
0.000000	1.000000	0.000000	0.000000	0.000000	0.000000	0.000000	0.000000	
0.000000	0.000000	1.000000	0.000000	0.000000	0.000000	0.000000	0.000000	
0.000000	0.000000	0.707107	0.000000	0.707107	0.000000	0.000000	0.000000	
0.707110	0.000000	0.000000	0.707103	0.000000	0.000000	0.000000	0.000000	
0.707107	0.000000	0.000000	0.000000	0.000000	0.707107	0.000000	0.000000	
0.000000	0.000000	0.000000	0.000000	0.707107	0.000000	0.000000	0.707107	
0.000000	0.707107	0.000000	0.000000	0.000000	0.707107	0.000000	0.000000	
0.000000	0.000000	0.000000	0.000000	0.707107	0.707107	0.000000	0.000000	
0.000000	0.000000	0.000000	0.000000	0.000000	0.707107	0.707107	0.000000	
0.000000	0.000000	0.707110	0.707103	0.000000	0.000000	0.000000	0.000000	
0.000000	0.000000	0.000000	0.707107	0.000000	0.707107	0.000000	0.000000	
0.000000	0.000000	0.000000	0.000000	0.000000	1.000000	0.000000	0.000000	
0.000000	0.707107	0.000000	0.000000	0.000000	0.000000	0.707107	0.000000	
0.707172	0.000000	0.707041	0.000000	0.000000	0.000000	0.000000	0.000000	
0.000000	0.707107	0.000000	0.000000	0.000000	0.000000	0.000000	0.707107	
0.000000	0.707107	0.000000	0.000000	0.707107	0.000000	0.000000	0.000000	
0.707107	0.000000	0.000000	0.000000	0.707107	0.000000	0.000000	0.000000	
0.000000	0.000000	0.000000	0.000000	0.000000	0.000000	0.000000	1.000000	
0.000000	0.707172	0.707041	0.000000	0.000000	0.000000	0.000000	0.000000	
0.000000	0.000000	0.000000	0.000000	0.000000	0.000000	1.000000	0.000000	
1.000000	0.000000	0.000000	0.000000	0.000000	0.000000	0.000000	0.000000	
0.000000	0.000000	0.000000	0.707107	0.000000	0.000000	0.000000	0.707107	
0.000000	0.000000	0.000000	0.707107	0.707107	0.000000	0.000000	0.000000	
0.000000	0.000000	0.707107	0.000000	0.000000	0.000000	0.000000	0.707107	
0.707107	0.000000	0.000000	0.000000	0.000000	0.000000	0.000000	0.707107	
0.000000	0.000000	0.000000	1.000000	0.000000	0.000000	0.000000	0.000000	
0.707107	0.000000	0.000000	0.000000	0.000000	0.000000	0.707107	0.000000	
0.000000	0.000000	0.707107	0.000000	0.000000	0.000000	0.707107	0.000000	
0.707065	0.707148	0.000000	0.000000	0.000000	0.000000	0.000000	0.000000	
0.000000	0.000000	0.707107	0.000000	0.000000	0.707107	0.000000	0.000000	
0.000000	0.707110	0.000000	0.707103	0.000000	0.000000	0.000000	0.000000	
0.000000	0.000000	0.000000	0.000000	0.000000	0.707107	0.000000	0.707107	
0.000000	0.000000	0.000000	0.000000	1.000000	0.000000	0.000000	0.000000	
0.999076	0.015358	0.001409	0.000008	0.040117	0.000000	0.000000	0.000000	
0.000000	0.000000	0.000000	0.000000	0.000000	0.000000	0.000000	1.000000	
0.022856	0.700771	0.000001	0.000015	0.707956	0.000000	0.084827	0.000000	
0.072814	0.001294	0.997295	0.009924	0.000000	0.000000	0.000000	0.000000	
0.594383	0.028664	0.000000	0.000000	0.803671	0.000000	0.000000	0.000000	
0.702719	0.711071	0.000690	0.000682	0.000907	0.000007	0.000000	0.023700	
0.000000	0.000000	0.000000	0.707107	0.707107	0.000000	0.000000	0.000000	
0.490340	0.000000	0.528881	0.040786	0.000000	0.691511	0.000000	0.000000	
0.000000	0.000000	0.000000	0.707107	0.000000	0.707107	0.000000	0.000000	
0.000000	0.000000	0.000000	0.000000	0.000000	0.707107	0.707107	0.000000	
0.000000	0.000000	0.707107	0.000000	0.000000	0.000000	0.707107	0.000000	
0.000000	0.000000	0.000000	0.000000	0.000000	0.707107	0.000000	0.707107	
0.000000	0.000000	0.000000	0.000000	0.000000	1.000000	0.000000	0.000000	
0.000000	0.000000	0.000000	0.000000	0.707109	0.707109	0.000000	0.000000	
0.002789	0.699622	0.711435	0.001901	0.067468	0.000000	0.000000	0.017035	
0.689655	0.002683	0.722534	0.048089	0.000000	0.000000	0.000000	0.000000	
0.705501	0.001566	0.047594	0.000351	0.000000	0.000000	0.707107	0.000000	
0.017945	0.001526	0.704444	0.015022	0.065768	0.006148	0.000000	0.707922	
0.000000	0.013473	0.706978	0.000000	0.707107	0.000000	0.000000	0.000000	
0.061146	0.691425	0.000000	0.000000	0.001855	0.000000	0.000000	0.719853	
0.010479	0.991302	0.075059	0.000606	0.000034	0.103871	0.000000	0.028066	
0.000000	0.000000	0.000000	0.000000	0.707107	0.000000	0.707107	0.000000	
0.073764	0.676989	0.000722	0.732222	0.002654	0.015285	0.000000	0.018614	
0.000000	0.000000	0.706711	0.706704	0.000000	0.000000	0.000000	0.033618	
0.000000	0.707107	0.000000	0.000000	0.000000	0.707107	0.000000	0.000000	
0.000495	0.002865	0.000000	0.106349	0.695135	0.000000	0.047035	0.709405	
0.000000	0.000000	0.000000	0.000000	1.000000	0.000000	0.000000	0.000000	
0.000043	0.000051	0.035008	0.999381	0.003278	0.000000	0.000998	0.000000	
0.707105	0.001729	0.000000	0.000000	0.000000	0.707107	0.000000	0.000000	
0.000000	0.000000	0.000000	0.000000	0.000000	0.000000	1.000000	0.000000	
0.000000	0.000000	0.000000	0.620824	0.000000	0.000000	0.797011	0.000000	
0.000000	0.000000	0.000000	0.000000	0.000000	0.000000	0.707107	0.707107	
0.707928	0.010882	0.000014	0.705087	0.040118	0.000000	0.000000	0.000000	
0.000000	0.000000	0.000000	0.707107	0.000000	0.000000	0.000000	0.707107	
0.016232	0.765695	0.000469	0.000000	0.000000	0.000000	0.642999	0.000000	
0.697244	0.020348	0.104868	0.000000	0.000000	0.000000	0.000000	0.708830	
0.111447	0.002571	0.993681	0.012257	0.000000	0.000000	0.004504	0.000000	
0.000000	0.000000	0.000000	0.999680	0.000000	0.000000	0.025278	0.000000	
0.000000	0.000000	0.000000	0.706393	0.000000	0.030483	0.000000	0.707163	
0.000000	0.704255	0.045443	0.705713	0.000000	0.000000	0.000000	0.062676	
0.000000	0.000000	0.000000	0.000000	0.000000	0.585372	0.400704	0.704823	
0.041012	0.000724	0.013169	0.736689	0.000000	0.015216	0.674687	0.000000	
0.500532	0.005267	0.509007	0.001221	0.048271	0.000000	0.000000	0.699711	
0.049085	0.000382	0.750738	0.037251	0.000000	0.000000	0.657719	0.000000	
0.999757	0.000000	0.000000	0.000000	0.000000	0.000000	0.022050	0.000000	
0.716299	0.005723	0.020638	0.000000	0.713040	0.000000	0.000000	0.000576	
0.506334	0.506393	0.020632	0.000000	0.712825	0.000000	0.000000	0.000000	
0.000000	0.000000	0.000000	0.000000	0.000000	0.000000	1.001398	0.000000	
0.005451	0.675032	0.692158	0.238509	0.067334	0.059490	0.000000	0.017031	
0.001129	0.011697	0.000012	0.012636	0.999825	0.013991	0.000000	0.018614	
0.000000	0.000000	0.000000	0.000000	0.000000	0.000000	0.000000	1.000000	
0.441490	0.564478	0.001469	0.024264	0.027378	0.000001	0.029436	0.718161	
0.024490	0.000337	0.000839	0.001523	0.701285	0.712458	0.000000	0.000000	
0.465626	0.030619	0.021012	0.000000	0.503970	0.055714	0.000000	0.724769	
0.005715	0.705829	0.000306	0.041007	0.003377	0.707051	0.012884	0.000000	
0.000000	0.000000	0.000000	0.728565	0.000000	0.684977	0.000000	0.000000	
0.662236	0.002576	0.764694	0.074951	0.000000	0.000000	0.000391	0.000000	
0.000000	0.000000	0.707111	0.707104	0.000000	0.000000	0.000000	0.000000	
0.000000	0.000000	0.000000	0.704157	0.706815	0.008831	0.000000	0.067069	
0.008082	0.998154	0.000425	0.057990	0.011797	0.011300	0.000000	0.000000	
0.002825	0.000019	0.064178	0.000000	0.000000	0.747023	0.661687	0.000000	
0.001997	0.500911	0.509969	0.001362	0.048335	0.697252	0.000000	0.030850	
0.419262	0.000000	0.452216	0.034650	0.786440	0.005589	0.000000	0.000000	
0.696950	0.001501	0.047017	0.000019	0.000000	0.000000	0.720197	0.000000	
