0.000000	0.707107	0.000000	0.000000	0.000000	0.707107	0.000000	0.000000	
0.707320	0.000000	0.706894	0.000000	0.000000	0.000000	0.000000	0.000000	
0.707111	0.000000	0.000000	0.707103	0.000000	0.000000	0.000000	0.000000	
0.000000	0.000000	0.000000	0.000000	0.707107	0.707107	0.000000	0.000000	
0.000000	0.000000	0.707107	0.000000	0.707107	0.000000	0.000000	0.000000	
0.000000	0.710655	0.000000	0.000000	0.000000	0.000000	0.000000	0.710655	
0.000000	0.000000	0.000000	0.000000	0.000000	0.707107	0.000000	0.707107	
0.000000	0.000000	0.000000	0.000000	0.000000	0.000000	0.000000	1.000000	
0.000000	0.000000	0.000000	0.000000	0.000000	0.707107	0.707107	0.000000	
0.000000	0.000000	0.000000	0.707107	0.000000	0.000000	0.000000	0.707107	
0.000000	1.000000	0.000000	0.000000	0.000000	0.000000	0.000000	0.000000	
0.707107	0.000000	0.000000	0.000000	0.000000	0.000000	0.707107	0.000000	
0.000000	0.707107	0.000000	0.000000	0.000000	0.000000	0.707107	0.000000	
0.000000	0.000000	0.000000	0.000000	0.707107	0.000000	0.000000	0.707107	
0.000000	0.707110	0.000000	0.707103	0.000000	0.000000	0.000000	0.000000	
0.000000	0.707175	0.707039	0.000000	0.000000	0.000000	0.000000	0.000000	
0.000000	0.000000	0.000000	0.000000	0.000000	0.000000	0.707107	0.707107	
0.707147	0.000000	0.000000	0.000000	0.000000	0.707067	0.000000	0.000000	
0.000000	0.000000	0.000000	0.000000	0.000000	1.000000	0.000000	0.000000	
0.000000	0.000000	0.000000	0.707107	0.000000	0.000000	0.707107	0.000000	
0.707107	0.000000	0.000000	0.000000	0.707107	0.000000	0.000000	0.000000	
0.000000	0.000000	0.707115	0.707099	0.000000	0.000000	0.000000	0.000000	
1.000393	0.000000	0.000000	0.000000	0.000000	0.000000	0.000000	0.000000	
0.707107	0.000000	0.000000	0.000000	0.000000	0.000000	0.000000	0.707107	
0.000000	0.000000	0.000000	0.000000	0.000000	0.000000	1.000000	0.000000	
0.000000	0.000000	0.000000	0.707107	0.707107	0.000000	0.000000	0.000000	
0.000000	0.000000	0.000000	0.000000	1.000000	0.000000	0.000000	0.000000	
0.707066	0.707148	0.000001	0.000000	0.000000	0.000000	0.000000	0.000000	
0.000000	0.000000	0.000000	0.000000	0.707107	0.000000	0.707107	0.000000	
0.000000	0.707107	0.000000	0.000000	0.707107	0.000000	0.000000	0.000000	
0.000000	0.000000	0.000000	1.000000	0.000000	0.000000	0.000000	0.000000	
0.000000	0.000000	1.000000	0.000000	0.000000	0.000000	0.000000	0.000000	
0.000000	0.000000	0.000000	0.707107	0.000000	0.707107	0.000000	0.000000	
0.000000	0.000000	0.710103	0.000000	0.000000	0.000000	0.000000	0.710103	
0.000000	0.000000	0.707107	0.000000	0.000000	0.707107	0.000000	0.000000	
0.000000	0.000000	0.707107	0.000000	0.000000	0.000000	0.707107	0.000000	
0.000000	0.707107	0.000000	0.000000	0.000000	0.000000	0.000000	0.707107	
0.706982	0.003416	0.000022	0.000004	0.000018	0.000000	0.063728	0.704346	
0.001019	0.000979	0.001397	0.470427	0.523829	0.035841	0.000000	0.709263	
1.000000	0.000000	0.000000	0.000000	0.000000	0.000000	0.000000	0.000000	
0.000000	0.000000	0.707107	0.000000	0.000000	0.707107	0.000000	0.000000	
0.721207	0.005416	0.000000	0.000696	0.691545	0.000032	0.000000	0.044339	
0.000000	0.000000	0.707107	0.000000	0.707107	0.000000	0.000000	0.000000	
0.000000	0.000000	0.707107	0.000000	0.000000	0.000000	0.707107	0.000000	
0.000091	0.648239	0.729505	0.000000	0.000000	0.000000	0.219097	0.000000	
0.000000	0.000000	0.000000	0.000000	0.707107	0.707107	0.000000	0.000000	
0.000000	0.000000	0.000000	0.000000	0.000000	0.707107	0.707107	0.000000	
0.705838	0.000028	0.000002	0.705831	0.061648	0.000000	0.000000	0.000000	
0.000204	0.729596	0.052834	0.038853	0.007003	0.680636	0.008574	0.000000	
0.000000	0.000000	0.000000	0.000000	0.000000	1.000000	0.000000	0.000000	
0.000000	0.000000	0.000000	1.000000	0.000000	0.000000	0.000000	0.000000	
0.000000	0.000000	0.000000	0.000000	0.000000	0.000000	0.000000	1.000000	
0.000000	0.000000	0.000000	0.000000	0.707107	0.000000	0.707107	0.000000	
0.706861	0.018159	0.000959	0.002972	0.002759	0.000005	0.707107	0.000000	
0.000069	0.706348	0.000183	0.000236	0.000024	0.042926	0.706561	0.001341	
0.669742	0.000244	0.727296	0.150167	0.019828	0.024721	0.000000	0.000000	
0.003356	0.998891	0.000294	0.001391	0.003800	0.042378	0.019803	0.000000	
0.000000	0.000000	0.707107	0.000000	0.000000	0.000000	0.000000	0.707107	
0.523744	0.505443	0.000000	0.000000	0.000000	0.685726	0.000000	0.000000	
0.004164	0.035343	0.705801	0.706677	0.000000	0.033431	0.000000	0.008578	
0.000000	0.000000	0.000000	0.000000	0.000000	0.000000	0.707107	0.707107	
0.000000	0.000000	0.999918	0.000000	0.000000	0.000000	0.000000	0.012771	
0.052023	0.705194	0.000000	0.707103	0.000000	0.000000	0.000000	0.000000	
0.000000	0.000000	0.000000	0.000000	0.000000	0.000000	1.000000	0.000000	
0.000000	0.000000	0.000000	0.707107	0.000000	0.707107	0.000000	0.000000	
0.000000	0.000000	0.000000	0.707107	0.000000	0.000000	0.000000	0.707107	
0.000000	0.000000	0.000000	0.000000	0.000000	0.707107	0.000000	0.707107	
0.000000	0.000000	0.000000	0.707107	0.707107	0.000000	0.000000	0.000000	
0.000000	0.707107	0.000000	0.000000	0.707107	0.000000	0.000000	0.000000	
0.000000	0.000000	0.000000	0.000000	1.000000	0.000000	0.000000	0.000000	
0.005396	0.005612	0.000011	0.707446	0.002869	0.000000	0.707495	0.000000	
0.912780	0.408415	0.000599	0.000001	0.000034	0.000000	0.005221	0.001365	
0.000008	0.000007	0.000756	0.036154	0.002377	0.493691	0.504931	0.707107	
0.000120	0.017114	0.513541	0.000000	0.857895	0.000000	0.000000	0.000000	
0.341899	0.003218	0.344657	0.016446	0.485000	0.000000	0.727194	0.000000	
0.031499	0.030602	0.709392	0.000000	0.000000	0.000000	0.710750	0.000000	
0.700686	0.047587	0.000000	0.000000	0.000127	0.000000	0.711882	0.000062	
0.027748	0.026603	0.000000	0.000139	0.999276	0.000000	0.000000	0.000000	
0.008158	0.001019	0.000000	0.000000	0.000000	0.000000	0.999966	0.000000	
0.063777	0.709481	0.000000	0.000000	0.000000	0.000000	0.000000	0.712342	
0.045403	0.000002	0.000011	0.045526	0.003837	0.998026	0.000000	0.000000	
0.000000	0.000000	0.000000	0.000000	0.000000	0.000000	0.000000	1.000000	
0.000000	0.000000	0.000000	0.000000	0.000000	0.707151	0.707151	0.000000	
0.044457	0.001620	0.731516	0.000000	0.000000	0.000000	0.000145	0.695746	
0.043183	0.044317	0.999505	0.000000	0.000000	0.000000	0.086616	0.000000	
0.000000	0.745171	0.000000	0.676134	0.000000	0.000000	0.000000	0.000000	
0.501236	0.500726	0.023944	0.000000	0.000000	0.711956	0.000000	0.000000	
0.679123	0.191571	0.045745	0.000505	0.707107	0.000000	0.000000	0.000000	
0.000000	0.000000	0.000000	0.707170	0.000000	0.000000	0.000000	0.707170	
0.707111	0.000000	0.000000	0.707103	0.000000	0.000000	0.000000	0.000000	
0.065664	0.726932	0.050331	0.036569	0.007003	0.680636	0.008574	0.000000	
0.000000	0.000000	0.000000	0.707107	0.000000	0.707107	0.000000	0.000000	
0.002559	0.044672	0.003081	0.000308	0.705711	0.707135	0.000000	0.000000	
0.705811	0.009529	0.000000	0.000000	0.042582	0.000000	0.000000	0.707159	
0.037957	0.000603	0.001640	0.997305	0.001994	0.056274	0.027712	0.000000	
0.679196	0.000084	0.737562	0.006129	0.017843	0.024785	0.000000	0.000000	
0.042314	0.692463	0.025938	0.000000	0.726854	0.000000	0.006722	0.000000	
0.000000	0.000000	0.000000	0.000000	0.000000	0.707107	0.000000	0.707107	
0.990907	0.026510	0.000217	0.000082	0.062359	0.116211	0.000002	0.004305	
0.002884	0.000013	0.000000	0.695739	0.000018	0.016356	0.717990	0.012719	
