0.000000	0.000000	0.000000	0.000000	0.000000	0.707107	0.707107	0.000000	
0.707106	0.000000	0.000000	0.000000	0.000000	0.000000	0.707107	0.000000	
0.000000	0.000000	0.000000	0.707107	0.707107	0.000000	0.000000	0.000000	
0.000000	0.000000	0.000000	0.000000	0.000000	0.707107	0.000000	0.707107	
0.000000	0.000000	0.000000	0.000000	0.707107	0.000000	0.707107	0.000000	
0.000000	0.000000	0.707107	0.000000	0.000000	0.000000	0.707107	0.000000	
0.000000	1.010690	0.000000	0.000000	0.000000	0.000000	0.000000	0.000000	
0.707074	0.000000	0.000000	0.000000	0.000000	0.707140	0.000000	0.000000	
0.707733	0.000000	0.000027	0.000009	0.000000	0.000000	0.000002	0.707733	
0.000000	0.000000	0.000000	0.000000	0.000000	0.000000	0.000000	1.000000	
0.707334	0.706879	0.000000	0.000000	0.000000	0.000000	0.000000	0.000000	
0.000000	0.000000	0.000000	1.000000	0.000000	0.000000	0.000000	0.000000	
0.000000	0.000000	0.000000	0.000000	0.000000	1.000360	0.000000	0.000000	
0.000000	0.000000	0.000000	0.000000	0.000000	0.000000	1.000000	0.000000	
0.000000	0.000000	0.000000	0.000000	0.707107	0.707107	0.000000	0.000000	
0.000000	0.000000	0.707107	0.000000	0.000000	0.707107	0.000000	0.000000	
0.000000	0.000000	0.000000	0.707107	0.000000	0.707107	0.000000	0.000000	
0.000000	0.000000	0.000000	0.707107	0.000000	0.000000	0.707107	0.000000	
0.000000	0.707107	0.000000	0.000000	0.000000	0.707107	0.000000	0.000000	
0.707696	0.000000	0.000000	0.706518	0.000000	0.000000	0.000000	0.000000	
0.000000	0.000000	0.000000	0.000000	1.000000	0.000000	0.000000	0.000000	
0.000000	0.000000	0.707107	0.000000	0.000000	0.000000	0.000000	0.707107	
1.000174	0.000000	0.000000	0.000000	0.000000	0.000000	0.000000	0.000000	
0.000000	0.000000	0.707116	0.707098	0.000000	0.000000	0.000000	0.000000	
0.707231	0.000000	0.000000	0.000000	0.707229	0.000000	0.000000	0.000000	
0.000000	0.000000	0.000000	0.000000	0.707107	0.000000	0.000000	0.707107	
0.000000	0.713398	0.000000	0.000000	0.000000	0.000000	0.000000	0.700759	
0.000000	0.000000	0.000000	0.707107	0.000000	0.000000	0.000000	0.707107	
0.000000	0.000000	1.000000	0.000000	0.000000	0.000000	0.000000	0.000000	
0.000000	0.000000	0.000000	0.000000	0.000000	0.000000	0.707107	0.707107	
0.707469	0.000000	0.706744	0.000000	0.000000	0.000000	0.000000	0.000000	
0.000000	0.707155	0.707058	0.000000	0.000000	0.000000	0.000000	0.000000	
0.000000	0.000000	0.707105	0.000000	0.707109	0.000000	0.000000	0.000000	
0.000000	0.707108	0.000000	0.000000	0.000000	0.000000	0.707105	0.000000	
0.000000	0.707116	0.000000	0.707098	0.000000	0.000000	0.000000	0.000000	
0.000000	0.714194	0.000433	0.000000	0.699947	0.000000	0.000000	0.000000	
0.000000	0.707107	0.000000	0.000000	0.707107	0.000000	0.000000	0.000000	
0.000000	0.494389	0.494321	0.000000	0.000000	0.000000	0.050595	0.715506	
0.705271	0.040074	0.000000	0.706390	0.044719	0.000000	0.000022	0.000000	
0.704666	0.003039	0.703950	0.000000	0.088828	0.000000	0.000082	0.000000	
0.707734	0.000000	0.000011	0.000009	0.000000	0.000000	0.000086	0.707734	
0.017324	0.700463	0.094580	0.004573	0.000684	0.009243	0.707107	0.000000	
0.000000	0.000000	0.000000	0.000000	0.707107	0.000000	0.000000	0.707107	
0.000000	0.000000	0.000000	0.000000	0.000000	0.707107	0.000000	0.707107	
0.000000	0.000000	0.000000	0.000000	0.707107	0.000000	0.707107	0.000000	
0.000000	0.707092	0.000000	0.004565	0.000000	0.707107	0.000000	0.000000	
0.000000	0.000000	0.707107	0.000000	0.000000	0.000000	0.707107	0.000000	
0.704167	0.007674	0.009964	0.000000	0.000000	0.709923	0.000000	0.000000	
0.707231	0.000000	0.000000	0.000000	0.707229	0.000000	0.000000	0.000000	
0.000000	0.000000	0.000000	0.707107	0.000000	0.000000	0.707107	0.000000	
0.013200	0.999779	0.000000	0.006455	0.000283	0.015051	0.000000	0.000000	
0.000000	0.000000	0.702705	0.700023	0.093194	0.000000	0.000034	0.087047	
0.000000	0.000000	0.000000	0.707107	0.000000	0.000000	0.000000	0.707107	
0.000000	0.000000	0.000000	0.000000	0.000000	0.000000	0.707107	0.707107	
0.000000	0.000000	0.000000	0.000000	0.000000	0.000000	0.000000	1.000000	
0.000000	0.000000	0.000000	0.707107	0.000000	0.707107	0.000000	0.000000	
0.707352	0.706861	0.000000	0.000000	0.000000	0.000000	0.000005	0.000000	
0.000000	0.000000	0.707107	0.000000	0.000000	0.707107	0.000000	0.000000	
0.000000	0.000000	0.000000	0.000000	1.000000	0.000000	0.000000	0.000000	
0.000000	0.000000	0.707105	0.000000	0.707109	0.000000	0.000000	0.000000	
0.000000	0.000000	0.000000	0.000000	0.000000	0.000000	1.000000	0.000000	
0.999996	0.000026	0.000012	0.000004	0.000000	0.000000	0.002768	0.000000	
0.111038	0.607239	0.482467	0.633806	0.056071	0.000006	0.110779	0.000000	
0.742074	0.011789	0.000000	0.007850	0.000000	0.000000	0.670231	0.000000	
0.029668	0.000035	0.999560	0.000612	0.000000	0.000000	0.000000	0.000000	
0.000000	0.000000	0.000000	0.707107	0.707107	0.000000	0.000000	0.000000	
0.000000	0.000000	0.000000	0.000000	0.707107	0.707107	0.000000	0.000000	
0.000000	0.000000	0.000000	0.000000	0.000000	0.707107	0.707107	0.000000	
0.000000	0.707107	0.000000	0.000000	0.000000	0.000000	0.000000	0.707107	
0.161125	0.787182	0.582350	0.017351	0.055222	0.000859	0.109103	0.000000	
0.000000	0.000000	0.000000	0.000000	0.000000	1.000000	0.000000	0.000000	
0.000000	0.000000	0.000000	1.000000	0.000000	0.000000	0.000000	0.000000	
0.478346	0.489328	0.725465	0.000000	0.000000	0.000000	0.072172	0.015315	
0.055863	0.000000	0.000000	0.000000	0.998440	0.000000	0.000000	0.000000	
0.009601	0.009595	0.000000	0.000002	0.000056	0.706976	0.000004	0.707107	
0.876099	0.026310	0.052052	0.614192	0.008966	0.000000	0.000000	0.000012	
0.000000	0.000000	0.710139	0.000000	0.710142	0.000000	0.000000	0.000000	
0.037058	0.000343	0.000000	0.702661	0.000000	0.000181	0.000000	0.710559	
0.000000	1.008487	0.000000	0.006512	0.000029	0.012424	0.000000	0.000000	
0.004860	0.699840	0.004925	0.046105	0.000005	0.712776	0.000658	0.000000	
0.000000	0.000000	0.000000	0.000000	0.000000	0.000000	1.000000	0.000000	
0.000000	0.000000	0.000000	0.000000	0.000000	0.707107	0.707107	0.000000	
0.000000	0.000000	0.685860	0.682920	0.090939	0.000000	0.217544	0.087801	
0.000000	0.706276	0.090916	0.000000	0.702044	0.007417	0.000000	0.000000	
0.478927	0.000043	0.507743	0.000000	0.000000	0.000000	0.050512	0.714335	
0.998667	0.027303	0.000000	0.000000	0.047608	0.000000	0.000000	0.000000	
0.736090	0.003175	0.655779	0.000000	0.087918	0.000000	0.142774	0.000000	
0.027841	0.742363	0.000001	0.000000	0.063155	0.000000	0.000000	0.684601	
0.000483	0.035589	0.002114	0.026424	0.705705	0.000000	0.003280	0.707107	
0.000063	0.707113	0.001544	0.000000	0.000000	0.000000	0.707116	0.000000	
0.000000	0.000000	0.000000	0.000000	0.000000	0.000000	0.000000	1.000000	
0.701561	0.004101	0.000000	0.000000	0.000000	0.000000	0.000000	0.712598	
0.000000	0.000000	1.000000	0.000000	0.000000	0.000000	0.000000	0.000000	
0.000000	0.000000	0.000000	0.000000	0.000000	0.000000	0.707107	0.707107	
0.707675	0.041499	0.000000	0.000000	0.708891	0.018224	0.000000	0.000000	
0.000000	0.000000	0.000000	0.000000	0.000000	0.999670	0.000000	0.025689	
0.000000	0.000000	0.017647	0.991723	0.093194	0.000000	0.000000	0.087047	
0.554120	0.000213	0.000000	0.000000	0.554446	0.000000	0.620986	0.000000	
0.779761	0.085166	0.006340	0.000670	0.000000	0.000000	0.620305	0.000000	
0.672340	0.001133	0.013897	0.000583	0.109395	0.732667	0.000001	0.016252	
