0.000000	0.000000	0.000045	0.708874	0.000000	0.000000	0.705647	0.000002	
0.000000	0.000003	0.000376	0.709683	0.000000	0.000000	0.000002	0.705181	
0.000000	0.707617	0.000000	0.000000	0.000005	0.000000	0.707369	0.000001	
0.707465	0.000023	0.000001	0.000000	0.000004	0.000000	0.000000	0.707069	
0.000214	0.704869	0.710797	0.000362	0.000001	0.000001	0.000017	0.000000	
0.000000	0.000000	0.000000	0.000000	0.000000	0.708589	0.000000	0.706026	
0.709370	0.706483	0.000027	0.000001	0.000009	0.000000	0.000001	0.000004	
0.000000	0.000000	0.727199	0.000000	0.719946	0.000000	0.000000	0.000002	
0.000000	0.000000	0.000000	0.000000	1.001181	0.000000	0.000000	0.000000	
0.000000	0.000000	0.711221	0.000000	0.000001	0.000000	0.000000	0.706720	
0.000009	0.000000	0.709718	0.000000	0.000003	0.000000	0.704906	0.000001	
0.705955	0.000008	0.708516	0.000001	0.000001	0.000001	0.000000	0.000000	
0.000000	0.000000	0.000000	0.000001	0.708654	0.000000	0.705622	0.000001	
0.000000	0.000000	0.000005	0.000000	0.703805	0.710807	0.000000	0.000000	
0.000001	0.000000	0.708237	0.706169	0.000000	0.000000	0.000000	0.000001	
0.708861	0.000045	0.000015	0.000008	0.000003	0.705630	0.000014	0.000001	
0.000000	0.000000	0.000001	0.000000	0.000000	0.709972	0.705014	0.000000	
0.000000	0.000000	0.000000	0.000000	0.000000	0.000000	0.707297	0.707059	
0.000002	0.707870	0.000004	0.000000	0.000000	0.000000	0.000000	0.706666	
0.000000	0.000000	0.000000	0.000000	0.000000	0.000000	0.000000	1.000272	
0.000012	0.705763	0.000000	0.708723	0.000000	0.000000	0.000000	0.000002	
0.000000	0.000000	0.000000	1.005006	0.000000	0.000000	0.000000	0.000000	
0.706907	0.000044	0.000000	0.000008	0.707607	0.000000	0.000000	0.000002	
0.000000	0.704129	0.000000	0.000000	0.000000	0.711448	0.000000	0.000000	
0.000000	0.000000	0.000000	0.000000	0.000000	1.008657	0.000000	0.000000	
0.707298	0.000003	0.000000	0.000000	0.000000	0.000000	0.707071	0.000001	
0.000647	0.709632	0.000000	0.000001	0.707265	0.000000	0.000004	0.000000	
0.000013	0.000013	0.000000	0.707438	0.000005	0.707391	0.000000	0.000001	
0.000003	0.000000	0.000000	0.711329	0.711000	0.000000	0.000015	0.000000	
0.000000	0.000005	0.707887	0.000001	0.000000	0.706774	0.000000	0.000000	
0.000000	0.000000	0.000000	0.000000	0.000000	0.000000	1.000138	0.000000	
0.709463	0.000007	0.000000	0.711052	0.000000	0.000000	0.000000	0.000001	
0.000000	1.000971	0.000000	0.000000	0.000000	0.000000	0.000000	0.000000	
0.000070	0.000002	0.000000	0.000004	0.708332	0.000000	0.000000	0.706160	
1.000821	0.000006	0.000000	0.000000	0.000000	0.000000	0.000000	0.000001	
0.000000	0.000000	1.014345	0.000000	0.000000	0.000000	0.000000	0.000000	
0.000001	0.000037	0.000001	0.000932	0.708326	0.000000	0.000013	0.706154	
0.000000	0.000000	0.711422	0.000000	0.000001	0.000000	0.000000	0.706920	
0.000000	0.000000	0.000000	0.000000	0.000000	0.000000	1.000187	0.000000	
0.000000	1.000750	0.000000	0.020382	0.000000	0.000000	0.000000	0.000000	
1.001049	0.000006	0.000000	0.000000	0.000000	0.000000	0.000000	0.000002	
0.705970	0.000008	0.708531	0.000001	0.000001	0.000001	0.000000	0.000000	
0.000012	0.705764	0.000001	0.708724	0.000000	0.000000	0.000000	0.000002	
0.000000	0.000000	0.000000	0.000001	0.708693	0.000000	0.705660	0.000001	
0.707368	0.000003	0.000004	0.000000	0.000000	0.000000	0.707142	0.000001	
0.000000	0.000000	0.000001	0.000000	0.000000	0.710011	0.705052	0.000000	
0.001373	0.000218	0.707911	0.000000	0.000005	0.000000	0.706530	0.000001	
0.077660	0.003429	0.907907	0.000000	0.425602	0.089856	0.000000	0.000002	
0.000000	0.710499	0.000003	0.000000	0.000005	0.000000	0.710250	0.000001	
0.000003	0.000000	0.000000	0.706701	0.707724	0.000000	0.000000	0.000000	
0.000000	0.000000	0.000000	0.000000	0.000000	0.708592	0.000000	0.706030	
0.706408	0.000007	0.000000	0.707978	0.000000	0.000000	0.000000	0.000001	
0.000011	0.000011	0.000000	0.707741	0.000000	0.706713	0.000000	0.000001	
0.005947	0.030468	0.000050	0.736250	0.000346	0.009572	0.687604	0.000000	
0.000000	0.000000	0.000000	0.000000	0.000000	1.008657	0.000000	0.000000	
0.000000	0.000000	0.000000	0.000000	0.000000	0.000000	0.707312	0.707072	
0.000450	0.704430	0.710354	0.000010	0.000001	0.000001	0.000000	0.000000	
0.706957	0.000044	0.000000	0.000008	0.707657	0.000000	0.000000	0.000002	
0.000003	0.000000	0.000376	0.709749	0.000000	0.000000	0.000002	0.705247	
0.000000	0.000000	0.000000	0.000000	0.000000	0.000000	0.000000	1.000266	
0.709370	0.706483	0.000027	0.000001	0.000055	0.000000	0.000001	0.000004	
0.000001	0.000000	0.710686	0.708611	0.000000	0.000000	0.000000	0.000001	
0.000000	0.707909	0.000000	0.000000	0.000000	0.706835	0.000000	0.000000	
0.000858	0.708473	0.000000	0.000001	0.706111	0.000000	0.000004	0.000000	
0.708059	0.000023	0.000000	0.000000	0.000004	0.000000	0.000000	0.706989	
0.000000	0.000005	0.707869	0.000001	0.000000	0.706755	0.000000	0.000000	
0.000002	0.707883	0.000003	0.000000	0.000000	0.000000	0.000000	0.706679	
0.000002	0.000000	0.000004	0.000000	0.703815	0.710817	0.000000	0.000000	
0.118657	0.303952	0.951113	0.095670	0.000000	0.000000	0.000000	0.000000	
0.000000	0.000000	0.000000	0.000000	1.001209	0.000000	0.000000	0.000000	
0.000000	0.000000	0.000000	1.009982	0.000000	0.000000	0.000000	0.000000	
0.711434	0.000407	0.000015	0.000000	0.000003	0.702992	0.000014	0.000001	
0.694745	0.720600	0.000000	0.000000	0.000000	0.006916	0.000015	0.000001	
0.706294	0.028755	0.020944	0.000000	0.012308	0.000000	0.707070	0.000610	
0.000000	0.000000	0.000000	0.000000	0.000000	0.000000	0.000000	1.000266	
0.032197	0.499928	0.457034	0.000000	0.000334	0.000000	0.000000	0.736307	
0.000000	0.000000	0.000046	0.725165	0.000000	0.000000	0.697060	0.000002	
0.000000	0.000000	0.000003	0.000003	0.702758	0.709749	0.000000	0.052420	
0.003607	0.504523	0.000011	0.000000	0.000004	0.504274	0.716397	0.000001	
0.000000	0.000030	0.707869	0.000001	0.000000	0.706755	0.000000	0.000000	
0.000000	0.474364	0.000000	0.519663	0.000000	0.712097	0.000000	0.000000	
0.000000	0.000000	0.000000	0.000000	1.001977	0.000000	0.000000	0.000000	
0.032755	0.004146	0.003921	0.001176	0.001874	1.007608	0.000000	0.000000	
0.000000	0.000000	0.000000	0.000000	0.000000	0.000000	1.000177	0.000000	
0.694488	0.016236	0.041559	0.000247	0.000003	0.718390	0.000014	0.000001	
0.000858	0.708490	0.000000	0.000001	0.706128	0.000000	0.000004	0.000000	
0.512083	0.509999	0.000019	0.691889	0.000055	0.000000	0.000001	0.000004	
0.000074	0.000000	0.706931	0.000001	0.707632	0.000002	0.000000	0.000000	
0.000000	0.698228	0.000001	0.000000	0.000004	0.716393	0.000000	0.000000	
0.000000	0.739408	0.674568	0.000000	0.015008	0.000001	0.000000	0.000000	
0.000000	0.000000	0.000000	0.000000	0.000000	0.708015	0.000000	0.706719	
0.000000	0.000003	0.000376	0.709799	0.000000	0.000000	0.000002	0.705296	
0.000000	0.000000	0.709508	0.000250	0.000000	0.000000	0.000000	0.705018	
0.013959	0.000296	0.724614	0.000000	0.000005	0.000000	0.724495	0.000001	
0.000933	0.000025	0.000018	0.000000	0.708329	0.000000	0.000000	0.706157	
1.000799	0.000006	0.000000	0.000000	0.000000	0.006914	0.000015	0.000001	
0.000003	0.000000	0.000000	0.706926	0.707950	0.000000	0.000000	0.000000	
0.000000	0.021673	0.000000	0.000127	0.000010	0.707507	0.707591	0.000001	
0.707882	0.000023	0.000001	0.000000	0.000004	0.000000	0.000000	0.706682	
0.231506	0.971640	0.000424	0.051142	0.000007	0.000000	0.014424	0.011857	
