0.000000	0.000000	0.000000	0.000000	1.000000	0.000000	0.000000	0.000000	
0.707107	0.000000	0.000000	0.000000	0.000000	0.707107	0.000000	0.000000	
0.000000	0.000000	0.000000	0.000000	0.707107	0.000000	0.000000	0.707107	
0.000000	0.000000	0.707107	0.000000	0.000000	0.000000	0.000000	0.707107	
1.000202	0.000000	0.000000	0.000000	0.000000	0.000000	0.000000	0.000000	
0.000000	0.000000	0.707107	0.000000	0.000000	0.707107	0.000000	0.000000	
0.000000	0.707107	0.000000	0.000000	0.000000	0.707107	0.000000	0.000000	
0.707107	0.000000	0.000000	0.000000	0.000000	0.000000	0.707107	0.000000	
0.000000	0.000000	0.000000	0.000000	0.707107	0.707107	0.000000	0.000000	
0.000000	0.707155	0.707058	0.000000	0.000000	0.000000	0.000000	0.000000	
0.000000	0.707116	0.000000	0.707098	0.000000	0.000000	0.000000	0.000000	
0.000000	0.000000	0.000000	0.707107	0.000000	0.707107	0.000000	0.000000	
0.000000	0.000000	0.000000	0.707107	0.000000	0.000000	0.000000	0.707108	
0.000000	0.707253	0.000000	0.000000	0.707253	0.000000	0.000000	0.000000	
0.000000	0.000000	0.000000	0.000000	0.707107	0.000000	0.707107	0.000000	
0.000000	0.000000	0.707072	0.000000	0.707142	0.000000	0.000000	0.000000	
0.000000	0.707108	0.000000	0.000000	0.000000	0.000000	0.707105	0.000000	
0.000000	0.000000	0.000000	0.707107	0.000000	0.000000	0.707107	0.000000	
0.000000	0.000000	0.707116	0.707097	0.000000	0.000000	0.000000	0.000000	
0.000000	0.000000	1.000000	0.000000	0.000000	0.000000	0.000000	0.000000	
0.000000	0.000000	0.707107	0.000000	0.000000	0.000000	0.707107	0.000000	
0.000000	0.000000	0.000000	0.000000	0.000000	0.000000	1.000000	0.000000	
0.000000	0.000000	0.000000	0.000000	0.000000	0.707107	0.000000	0.707107	
0.707125	0.000000	0.000000	0.707089	0.000000	0.000000	0.000000	0.000000	
0.000000	0.000000	0.000000	0.000000	0.000000	0.707107	0.707107	0.000000	
0.707256	0.000000	0.706957	0.000000	0.000000	0.000000	0.000000	0.000000	
0.000000	0.000000	0.000000	1.000000	0.000000	0.000000	0.000000	0.000000	
0.707107	0.000000	0.000000	0.000000	0.000000	0.000000	0.000000	0.707107	
0.000000	0.000000	0.000000	0.000000	0.000000	0.000000	0.707107	0.707107	
0.000000	0.707110	0.000000	0.000000	0.000000	0.000000	0.000000	0.707104	
0.707072	0.000000	0.000000	0.000000	0.707142	0.000000	0.000000	0.000000	
0.000000	0.000000	0.000000	0.000000	0.000000	1.000000	0.000000	0.000000	
0.000000	0.000000	0.000000	0.000000	0.000000	0.000000	0.000000	1.000000	
0.000000	1.000000	0.000000	0.000000	0.000000	0.000000	0.000000	0.000000	
0.000000	0.000000	0.000000	0.707107	0.707107	0.000000	0.000000	0.000000	
0.707087	0.707126	0.000000	0.000000	0.000000	0.000000	0.000000	0.000000	
0.000000	0.000000	0.000000	1.000000	0.000000	0.000000	0.000000	0.000000	
0.000000	0.504443	0.018150	0.502305	0.000000	0.000000	0.702067	0.000000	
0.746291	0.015252	0.000000	0.029206	0.000000	0.746837	0.000000	0.000000	
0.321304	0.338303	0.055470	0.451119	0.043139	0.041790	0.756548	0.000144	
0.705936	0.000939	0.000000	0.705901	0.000000	0.000000	0.000000	0.059004	
0.000000	0.000000	0.000000	0.000000	0.707107	0.000000	0.000000	0.707107	
0.058031	0.645050	0.676875	0.000000	0.000000	0.324630	0.130381	0.000000	
0.000000	0.000000	0.000000	0.707107	0.000000	0.707107	0.000000	0.000000	
0.000000	0.000000	0.000000	0.000000	0.000000	0.707107	0.000000	0.707107	
0.000000	0.000000	0.000000	0.714438	0.000000	0.000000	0.000000	0.714438	
0.706995	0.010501	0.000000	0.000000	0.707143	0.000000	0.000000	0.000000	
0.703096	0.094871	0.004232	0.025965	0.002006	0.000000	0.011547	0.704149	
0.000000	0.000000	0.000000	0.000000	0.000000	0.000000	0.707107	0.707107	
0.706891	0.706930	0.000000	0.023559	0.000000	0.000000	0.000000	0.000000	
0.000000	0.000000	0.707107	0.000000	0.000000	0.000000	0.707107	0.000000	
0.980584	0.118252	0.120949	0.029867	0.015671	0.000000	0.002186	0.095368	
0.616859	0.009994	0.074118	0.087770	0.170382	0.016526	0.752326	0.105595	
0.000000	0.000000	0.000000	0.000000	0.707107	0.707107	0.000000	0.000000	
0.000000	0.000000	0.707051	0.000000	0.707121	0.000000	0.000000	0.007678	
0.000000	0.000000	0.000000	0.000000	0.707107	0.000000	0.707107	0.000000	
0.000000	0.000000	0.000000	0.707070	0.707143	0.000000	0.000000	0.000000	
0.000000	0.000000	0.000000	0.000000	1.000000	0.000000	0.000000	0.000000	
0.000000	0.000000	1.000000	0.000000	0.000000	0.000000	0.000000	0.000000	
0.000000	0.000000	0.000000	0.000000	0.000000	0.000000	1.000000	0.000000	
0.089919	0.000348	0.697102	0.001017	0.000288	0.058310	0.000000	0.708916	
0.206459	0.925351	0.116102	0.135135	0.264582	0.000000	0.002471	0.003813	
0.000000	0.000000	0.000000	0.000000	0.000000	0.000000	0.000000	1.000000	
0.000206	0.000002	0.730225	0.680210	0.000000	0.063916	0.000000	0.000000	
0.000000	0.707193	0.000000	0.000000	0.707021	0.000000	0.000000	0.000000	
0.712358	0.000000	0.698259	0.036117	0.000000	0.000000	0.060647	0.000000	
0.000006	0.508397	0.019904	0.026543	0.499731	0.093505	0.000000	0.694540	
0.000000	0.000000	0.000000	0.000000	0.000000	0.707107	0.707107	0.000000	
0.043149	0.706930	0.000367	0.010702	0.000000	0.708326	0.010152	0.000000	
0.006232	0.000013	0.689738	0.020093	0.000000	0.723754	0.000000	0.000021	
0.000000	0.000000	0.000000	0.000000	0.000000	1.000000	0.000000	0.000000	
0.000000	0.706663	0.025291	0.707098	0.000000	0.000000	0.000000	0.000000	
0.000000	0.504443	0.018150	0.502305	0.000000	0.000000	0.702067	0.000000	
0.029075	0.000467	0.004331	0.698189	0.006605	0.720522	0.035860	0.000000	
0.000000	0.000000	0.000000	0.000000	0.000000	0.707107	0.000000	0.707107	
0.514491	0.000000	0.000000	0.494023	0.000000	0.700906	0.000000	0.000000	
0.000000	0.000000	0.000000	0.000000	1.000000	0.000000	0.000000	0.000000	
0.000000	0.000000	0.000000	0.000000	0.000000	0.000000	0.707109	0.707109	
0.707829	0.021856	0.000000	0.707607	0.000000	0.000000	0.000000	0.000000	
0.000000	0.000000	0.000000	0.000000	0.707107	0.000000	0.000000	0.707107	
0.656781	0.004162	0.024197	0.000003	0.000000	0.000000	0.000000	0.754542	
0.000390	0.000009	0.463428	0.008853	0.505565	0.000000	0.730135	0.000000	
0.000169	0.709915	0.027794	0.036012	0.690797	0.129921	0.000000	0.017336	
0.708286	0.705430	0.000000	0.023558	0.012011	0.000000	0.000000	0.000000	
0.000000	0.000000	0.000000	0.000000	0.000000	0.000000	1.000137	0.000000	
0.729209	0.010831	0.000000	0.000000	0.684208	0.000000	0.000000	0.000000	
0.041491	0.000172	0.002562	0.718256	0.035239	0.047138	0.693783	0.000000	
0.000000	0.000000	0.000000	0.000000	0.000000	0.999982	0.005947	0.000000	
0.035043	0.605819	0.779794	0.141420	0.000000	0.000000	0.060647	0.000000	
0.000000	0.000000	0.439722	0.000000	0.000000	0.888085	0.133977	0.000000	
0.046674	0.000000	0.705582	0.707089	0.000000	0.000000	0.000000	0.000000	
0.645129	0.000285	0.077505	0.001730	0.028359	0.000048	0.752228	0.105581	
0.000000	0.000000	0.000000	0.000000	0.000000	0.000000	0.000000	1.000000	
0.000000	0.703701	0.085471	0.707563	0.002078	0.000000	0.022898	0.000909	
0.000000	0.706792	0.019689	0.007569	0.000000	0.707107	0.000000	0.000000	
0.675492	0.010819	0.675292	0.134539	0.262740	0.026329	0.000000	0.000000	
0.000053	0.000118	0.000003	0.012016	0.448534	0.894014	0.001061	0.000000	
0.000000	0.000000	0.000000	0.710376	0.702702	0.039690	0.000000	0.000000	
0.007013	0.000157	0.512760	0.486804	0.707142	0.000000	0.000000	0.000115	
0.004748	0.052773	0.005207	0.936359	0.000000	0.324997	0.126422	0.000000	
