1.000000	0.000000	0.000000	0.000000	0.000000	0.000000	0.000000	0.000000	
0.000000	0.000000	0.000000	0.000000	0.000000	0.000000	1.000000	0.000000	
0.000000	0.000000	0.000000	0.707107	0.000000	0.707107	0.000000	0.000000	
0.707090	0.000000	0.707124	0.000000	0.000000	0.000000	0.000000	0.000000	
0.000000	0.707107	0.000000	0.000000	0.000000	0.707107	0.000000	0.000000	
0.000000	0.000000	0.000000	0.000000	0.000000	0.707107	0.000000	0.707107	
0.000000	0.000000	0.000000	0.707107	0.000000	0.000000	0.707107	0.000000	
0.000000	0.000000	0.000000	0.000000	1.000000	0.000000	0.000000	0.000000	
0.000000	0.707107	0.000000	0.000000	0.000000	0.000000	0.707107	0.000000	
0.707065	0.707148	0.000000	0.000000	0.000000	0.000000	0.000000	0.000000	
0.707107	0.000000	0.000000	0.000000	0.000000	0.000000	0.000000	0.707107	
0.000000	0.000000	0.000000	0.707107	0.000000	0.000000	0.000000	0.707107	
0.000000	0.707107	0.000000	0.000000	0.000000	0.000000	0.000000	0.707107	
0.000000	0.000000	0.000000	0.707107	0.707107	0.000000	0.000000	0.000000	
0.000000	0.000000	0.000000	0.000000	0.707107	0.000000	0.707107	0.000000	
0.000000	0.000000	0.000000	0.000000	0.707107	0.000000	0.000000	0.707107	
0.000000	0.000000	1.000000	0.000000	0.000000	0.000000	0.000000	0.000000	
0.707107	0.000000	0.000000	0.000000	0.707107	0.000000	0.000000	0.000000	
0.000000	1.000000	0.000000	0.000000	0.000000	0.000000	0.000000	0.000000	
0.000000	0.707107	0.000000	0.000000	0.707107	0.000000	0.000000	0.000000	
0.000000	0.000000	0.000000	1.000000	0.000000	0.000000	0.000000	0.000000	
0.707107	0.000000	0.000000	0.000000	0.000000	0.000000	0.707107	0.000000	
0.000000	0.000000	0.000000	0.000000	0.000000	1.000000	0.000000	0.000000	
0.000000	0.000000	0.707107	0.000000	0.000000	0.000000	0.000000	0.707107	
0.707108	0.000000	0.000000	0.707106	0.000000	0.000000	0.000000	0.000000	
0.000000	0.000000	0.000000	0.000000	0.000000	0.000000	0.707107	0.707107	
0.000000	0.000000	0.707107	0.000000	0.707107	0.000000	0.000000	0.000000	
0.000000	0.707090	0.707124	0.000000	0.000000	0.000000	0.000000	0.000000	
0.000000	0.000000	0.000000	0.000000	0.710952	0.710952	0.000000	0.000000	
0.000000	0.000000	0.707108	0.707106	0.000000	0.000000	0.000000	0.000000	
0.000000	0.000000	0.000000	0.000000	0.000000	0.707107	0.707107	0.000000	
0.000000	0.000000	0.707107	0.000000	0.000000	0.707107	0.000000	0.000000	
0.707107	0.000000	0.000000	0.000000	0.000000	0.707107	0.000000	0.000000	
0.000000	0.000000	0.000000	0.000000	0.000000	0.000000	0.000000	1.000000	
0.000000	0.707108	0.000000	0.707106	0.000000	0.000000	0.000000	0.000000	
0.000000	0.000000	0.707107	0.000000	0.000000	0.000000	0.707107	0.000000	
0.000000	0.000000	0.000000	0.707107	0.000574	0.000000	0.707107	0.000000	
0.024434	0.000156	0.000119	0.000002	0.544020	0.520578	0.106631	0.648903	
0.000000	0.000000	0.706739	0.706738	0.000001	0.000000	0.000245	0.032274	
0.000000	0.000000	1.000000	0.000000	0.000000	0.000000	0.000000	0.000000	
0.520877	0.501444	0.011678	0.684495	0.000815	0.000000	0.092573	0.000000	
0.000000	0.000000	0.000000	0.000000	0.000000	1.000000	0.000000	0.000000	
0.001218	0.056378	0.695192	0.008605	0.048856	0.000000	0.714890	0.000000	
0.000000	0.000000	0.000000	0.000000	1.000000	0.000000	0.000000	0.000000	
0.000784	0.002531	0.517837	0.000000	0.000000	0.467276	0.050310	0.714814	
0.139829	0.681433	0.003384	0.017051	0.000104	0.000004	0.097759	0.711504	
0.512156	0.501212	0.037123	0.012869	0.047710	0.000312	0.016197	0.694550	
0.000000	0.000000	0.000000	0.000000	0.000000	0.707107	0.707107	0.000000	
0.000000	0.000000	0.000000	0.707107	0.000000	0.707107	0.000000	0.000000	
0.707107	0.000000	0.000000	0.000000	0.000000	0.000000	0.707107	0.000000	
0.476889	0.000374	0.051897	0.000023	0.453904	0.718421	0.000000	0.218462	
0.090951	0.985596	0.055578	0.130527	0.000000	0.000000	0.000000	0.014483	
0.495905	0.000000	0.003006	0.000004	0.495914	0.000000	0.712839	0.000000	
0.000000	0.000000	0.000000	0.000000	0.000000	0.000000	0.707108	0.707108	
0.089548	0.012657	0.000000	0.000049	0.001127	0.088026	0.992004	0.000000	
0.027019	0.706212	0.003886	0.706738	0.000000	0.000000	0.000002	0.032274	
0.000000	0.000000	0.000000	1.000000	0.000000	0.000000	0.000000	0.000000	
0.999624	0.000268	0.000605	0.012279	0.000629	0.000007	0.016574	0.018028	
0.000000	0.706029	0.000000	0.000000	0.708115	0.000000	0.000000	0.009802	
0.000000	0.000000	0.000000	0.000000	0.000000	0.000000	0.000000	1.000000	
0.404260	0.586705	0.701487	0.000210	0.000007	0.000000	0.030857	0.000486	
0.281466	0.663708	0.030222	0.000007	0.000005	0.019359	0.698008	0.000000	
0.706817	0.000200	0.706851	0.017007	0.000056	0.000000	0.021970	0.000000	
0.054105	0.705057	0.000000	0.000000	0.000000	0.707130	0.000000	0.000000	
0.000000	0.000000	0.000000	0.707107	0.000000	0.000000	0.000000	0.707107	
0.691700	0.020090	0.033951	0.000049	0.720738	0.020990	0.000000	0.009779	
0.005540	0.000290	0.707187	0.000000	0.707209	0.000000	0.000000	0.000000	
0.000066	0.000007	0.706970	0.000000	0.004538	0.706960	0.000000	0.019526	
0.000000	0.000000	0.000000	0.000000	0.707107	0.707107	0.000000	0.000000	
0.000000	0.000000	0.000000	0.000000	0.000000	0.707107	0.000000	0.707107	
0.731521	0.675309	0.015809	0.003838	0.000815	0.000000	0.092573	0.000000	
0.000000	0.000000	0.000000	0.707107	0.707107	0.000000	0.000000	0.000000	
0.119000	0.006036	0.697099	0.000000	0.707209	0.000000	0.000389	0.000000	
0.052493	0.000017	0.003237	0.006677	0.009331	0.705055	0.707107	0.000000	
0.000000	0.000000	0.000000	0.707113	0.707113	0.000000	0.000000	0.000000	
0.402547	0.579918	0.040633	0.000000	0.000005	0.000000	0.000000	0.707107	
0.069530	0.000129	0.997394	0.000501	0.000000	0.000000	0.000000	0.019265	
0.000000	0.000000	0.000000	0.508252	0.000000	0.000000	0.491609	0.707107	
0.062801	0.683933	0.042351	0.087366	0.122081	0.065450	0.707335	0.000000	
0.000240	0.064470	0.002271	0.000062	0.000063	0.000001	0.704174	0.707123	
0.503960	0.014173	0.000000	0.503860	0.000500	0.000000	0.000376	0.703501	
0.000000	0.000000	0.000000	0.505594	0.505594	0.699172	0.000000	0.000000	
0.000000	0.000000	0.000000	0.997633	0.036421	0.000000	0.058467	0.000000	
0.000189	0.078844	0.693062	0.013527	0.048865	0.000000	0.714757	0.000000	
0.000000	0.000000	0.690615	0.723067	0.000006	0.000000	0.000246	0.015023	
0.000000	0.802660	0.000000	0.000000	0.596436	0.000000	0.000000	0.000000	
0.003257	0.000033	0.060591	0.000325	0.705241	0.707847	0.004517	0.075673	
0.983947	0.129162	0.061436	0.129927	0.005367	0.000000	0.094604	0.000000	
0.515994	0.014511	0.000000	0.485731	0.024672	0.000000	0.709227	0.000000	
0.001717	0.011437	0.000003	0.000607	0.000000	0.999810	0.000000	0.015674	
0.716562	0.094062	0.021565	0.694798	0.000433	0.000000	0.094604	0.000000	
0.000000	0.707108	0.000000	0.707106	0.000001	0.000000	0.000000	0.000000	
0.685995	0.019925	0.095194	0.000050	0.720771	0.020991	0.000000	0.000112	
0.708040	0.100079	0.000000	0.000387	0.022299	0.696291	0.057838	0.000000	
0.035448	0.999372	0.000000	0.000000	0.000000	0.000000	0.000000	0.000000	
0.000000	0.000000	0.000000	0.000000	0.506445	0.506445	0.000000	0.705643	
0.288549	0.419996	0.501693	0.002332	0.000004	0.000000	0.047978	0.698208	
0.000000	0.000000	0.000000	0.000000	0.999215	0.033183	0.021629	0.000000	
0.000729	0.076899	0.000892	0.010396	0.713454	0.008082	0.696344	0.000000	
0.011365	0.000039	0.000673	0.706881	0.000000	0.000000	0.707241	0.000000	
