0.707072	0.000000	0.000000	0.000000	0.707142	0.000000	0.000000	0.000000	
0.000000	0.000000	0.000000	0.000000	0.000000	0.000000	0.707107	0.707107	
0.000000	0.000000	0.000000	0.000000	0.000000	1.000000	0.000000	0.000000	
0.000000	0.707106	0.000000	0.000000	0.707107	0.000000	0.000000	0.000000	
0.000000	0.000000	0.000000	0.000000	1.000000	0.000000	0.000000	0.000000	
0.707125	0.000000	0.000000	0.707089	0.000000	0.000000	0.000000	0.000000	
0.000000	0.000000	1.000000	0.000000	0.000000	0.000000	0.000000	0.000000	
0.000000	0.000000	0.000000	0.000000	0.707107	0.000000	0.000000	0.707107	
0.000000	1.000000	0.000000	0.000000	0.000000	0.000000	0.000000	0.000000	
0.000000	0.000000	0.000000	0.000000	0.000000	0.707107	0.000000	0.707107	
0.000000	0.000000	0.000000	0.000000	0.707107	0.707107	0.000000	0.000000	
0.000000	0.000000	0.707073	0.000000	0.707140	0.000000	0.000000	0.000000	
0.707107	0.000000	0.000000	0.000000	0.000000	0.000000	0.000000	0.707107	
0.000000	0.000000	0.000000	0.000000	0.000000	0.000000	0.000000	1.000000	
0.000000	0.707110	0.000000	0.000000	0.000000	0.000000	0.000000	0.707104	
0.000000	0.000000	0.000000	0.707107	0.000000	0.707107	0.000000	0.000000	
0.707256	0.000000	0.706957	0.000000	0.000000	0.000000	0.000000	0.000000	
0.000000	0.707111	0.000000	0.000000	0.000000	0.707111	0.000000	0.000000	
0.000000	0.000000	0.000000	0.000000	0.707107	0.000000	0.707107	0.000000	
0.000000	0.707108	0.000000	0.000000	0.000000	0.000000	0.707105	0.000000	
0.000000	0.000000	0.707107	0.000000	0.000000	0.707107	0.000000	0.000000	
0.000000	0.000000	0.000000	0.713462	0.000000	0.000000	0.000000	0.713462	
1.000002	0.000000	0.000000	0.000000	0.000000	0.000000	0.000000	0.000000	
0.000000	0.707116	0.000000	0.707098	0.000000	0.000000	0.000000	0.000000	
0.000000	0.000000	0.000000	0.000000	0.000000	0.707107	0.707107	0.000000	
0.707107	0.000000	0.000000	0.000000	0.000000	0.000000	0.707107	0.000000	
0.000000	0.000000	0.000000	0.707107	0.000000	0.000000	0.707107	0.000000	
0.707107	0.000000	0.000000	0.000000	0.000000	0.707107	0.000000	0.000000	
0.707087	0.707126	0.000000	0.000000	0.000000	0.000000	0.000000	0.000000	
0.000000	0.000000	0.707107	0.000000	0.000000	0.000000	0.707107	0.000000	
0.000000	0.000000	0.707116	0.707097	0.000000	0.000000	0.000000	0.000000	
0.000000	0.000000	0.000000	0.000000	0.000000	0.000000	1.000000	0.000000	
0.000000	0.000000	0.707107	0.000000	0.000000	0.000000	0.000000	0.707107	
0.000000	0.000000	0.000000	0.707108	0.707107	0.000000	0.000000	0.000000	
0.000000	0.707155	0.707058	0.000000	0.000000	0.000000	0.000000	0.000000	
0.000000	0.000000	0.000000	1.000000	0.000000	0.000000	0.000000	0.000000	
0.000000	0.000000	0.712589	0.000234	0.000074	0.000000	0.000000	0.712589	
0.000000	0.000000	0.707095	0.000000	0.000000	0.707096	0.000000	0.009629	
0.042203	0.705645	0.706809	0.000000	0.000000	0.026567	0.000000	0.000573	
0.703096	0.094871	0.004232	0.025965	0.002006	0.000000	0.011547	0.704149	
0.000000	0.707106	0.000000	0.000000	0.707107	0.000000	0.000000	0.000000	
0.642516	0.766272	0.000000	0.001075	0.000000	0.000000	0.000000	0.000000	
0.163375	0.676546	0.084823	0.099194	0.001740	0.010367	0.706584	0.003813	
0.000000	0.000000	0.000000	0.707107	0.000000	0.707107	0.000000	0.000000	
0.462676	0.015812	0.000239	0.065392	0.451834	0.019105	0.752326	0.105595	
0.707137	0.000000	0.706838	0.000000	0.000000	0.000000	0.000000	0.018378	
0.367477	0.439466	0.020634	0.000189	0.000253	0.434012	0.000000	0.695727	
0.505623	0.004616	0.001371	0.003762	0.491129	0.708892	0.023911	0.000000	
0.000000	0.000000	0.000000	0.000000	0.707107	0.000000	0.000000	0.707107	
0.999186	0.000112	0.015773	0.050456	0.117863	0.050938	0.000000	0.000000	
0.754649	0.000000	0.000000	0.000000	0.656129	0.000000	0.000000	0.000000	
0.000000	0.706572	0.024928	0.706994	0.000000	0.017154	0.000000	0.000000	
0.000000	0.000000	0.000000	1.000000	0.000000	0.000000	0.000000	0.000000	
0.000000	0.000000	0.707116	0.707097	0.000000	0.000000	0.000539	0.000000	
0.000000	0.000000	0.000000	0.000000	0.000000	0.707107	0.000000	0.707107	
0.022646	0.000004	0.991646	0.000000	0.000000	0.000000	0.126983	0.000000	
0.000000	0.000000	0.000000	0.000000	0.000000	0.000000	0.000000	1.000000	
0.000000	0.000000	0.000000	0.000000	0.000000	0.707107	0.707107	0.000000	
0.000000	0.000000	0.000000	0.000000	0.000000	0.000000	1.000000	0.000000	
0.000000	0.000000	0.000000	0.000000	0.707107	0.707107	0.000000	0.000000	
0.321304	0.338303	0.055470	0.451119	0.043139	0.041790	0.756548	0.000144	
0.205536	0.921213	0.115583	0.134530	0.263399	0.000000	0.002472	0.094582	
0.000086	0.000006	0.703853	0.006722	0.706013	0.000000	0.000000	0.078050	
0.000179	0.000003	0.000012	0.002386	0.707103	0.000000	0.707107	0.000000	
0.000000	0.000000	0.000000	0.000000	0.000000	0.000000	0.707107	0.707107	
0.000000	0.000000	0.000000	0.707142	0.000000	0.000000	0.000000	0.707142	
0.000000	0.000000	0.000000	0.000000	0.000000	1.000000	0.000000	0.000000	
0.000000	0.000000	0.000000	0.707109	0.707108	0.000000	0.000000	0.000000	
0.000000	0.000000	0.707107	0.000000	0.000000	0.000000	0.707107	0.000000	
0.705334	0.000000	0.000000	0.705299	0.071119	0.000000	0.000000	0.000000	
0.000000	0.000000	0.000000	0.000000	1.000000	0.000000	0.000000	0.000000	
0.000000	0.707107	0.000000	0.000000	0.000000	0.707107	0.000000	0.000000	
0.000000	0.000000	0.000000	0.999522	0.030579	0.004698	0.000000	0.000000	
0.059154	0.697097	0.000000	0.003905	0.000000	0.714521	0.000000	0.000000	
0.514138	0.004694	0.001394	0.000108	0.482267	0.708862	0.023911	0.000649	
0.027374	0.027039	0.000419	0.007004	0.714278	0.698768	0.000000	0.000000	
0.451833	0.525397	0.002626	0.091840	0.715624	0.000000	0.000095	0.001058	
0.000765	0.008828	0.000000	0.000002	0.000000	0.000000	0.999961	0.000000	
0.022436	0.000004	0.982475	0.129892	0.036648	0.000000	0.126989	0.000000	
0.697465	0.000000	0.697170	0.000000	0.000000	0.000000	0.000000	0.165818	
0.057350	0.506466	0.000000	0.000000	0.000000	0.500752	0.703727	0.000000	
0.999315	0.000000	0.000000	0.000002	0.000000	0.000000	0.000000	0.037008	
0.070741	0.000028	0.712154	0.028085	0.001393	0.002122	0.018722	0.697629	
0.000000	0.000000	0.000000	0.000000	0.000000	0.999807	0.019670	0.000000	
0.000000	0.000000	0.000000	0.000000	0.000000	0.000000	0.654851	0.755758	
0.706689	0.000000	0.000009	0.703754	0.071109	0.000000	0.000000	0.016266	
0.510320	0.000288	0.000062	0.002633	0.510327	0.000000	0.696344	0.000000	
0.446508	0.546417	0.024896	0.704335	0.000939	0.017111	0.000089	0.091943	
0.000000	0.000000	0.000000	0.000000	0.000000	0.710740	0.000000	0.710740	
0.707107	0.000000	0.000083	0.000000	0.000000	0.000000	0.707107	0.000000	
0.603880	0.726917	0.115725	0.126182	0.263407	0.000000	0.000096	0.094585	
0.000086	0.000006	0.704024	0.006723	0.706184	0.004756	0.000000	0.074750	
0.700215	0.098319	0.000000	0.000000	0.707154	0.000000	0.000000	0.003444	
0.000000	0.000000	0.000000	0.000000	0.000000	0.707107	0.707107	0.000000	
0.000000	0.000000	0.000000	0.708544	0.708214	0.000000	0.000000	0.000000	
0.044794	0.700044	0.712917	0.043823	0.001628	0.032402	0.000000	0.000000	
0.000000	0.999466	0.035262	0.004227	0.000000	0.007389	0.000000	0.000000	
0.016651	0.000003	0.729133	0.680306	0.071245	0.000000	0.006910	0.015695	
0.000000	0.000000	0.000000	0.000000	0.707107	0.000000	0.000000	0.707107	
0.000000	0.000000	0.000000	0.000000	1.000000	0.000000	0.000000	0.000000	
