0.000000	0.000000	0.000000	0.000000	0.000000	0.000000	0.000000	1.000000	
1.000569	0.000000	0.000000	0.000000	0.000000	0.000000	0.000000	0.000000	
0.000000	0.707149	0.000000	0.000000	0.000000	0.000000	0.000000	0.707184	
0.707277	0.000000	0.000000	0.706936	0.000000	0.000000	0.000000	0.000000	
0.000000	0.000000	0.000000	0.000000	0.000000	1.000000	0.000000	0.000000	
0.707108	0.000000	0.000000	0.000000	0.000000	0.000000	0.707106	0.000000	
0.000000	0.000000	0.000000	0.000000	1.000000	0.000000	0.000000	0.000000	
0.000000	0.000000	0.000000	0.000000	0.707108	0.000000	0.707109	0.000000	
0.000000	0.707256	0.706957	0.000000	0.000000	0.000000	0.000000	0.000000	
0.000000	0.000000	0.000000	0.707066	0.707147	0.000000	0.000000	0.000000	
0.707256	0.000000	0.706957	0.000000	0.000000	0.000000	0.000000	0.000000	
0.000000	0.707106	0.000000	0.000000	0.000000	0.000000	0.707107	0.000000	
0.000000	0.000000	0.000000	1.000000	0.000000	0.000000	0.000000	0.000000	
0.000000	0.707193	0.000000	0.000000	0.707021	0.000000	0.000000	0.000000	
0.000000	0.712411	0.000000	0.712384	0.000000	0.000000	0.000000	0.000000	
0.000000	0.000000	0.000000	0.707111	0.000000	0.707103	0.000000	0.000000	
0.000000	0.000000	0.000000	0.000000	0.000000	0.707107	0.707107	0.000000	
0.000000	1.000000	0.000000	0.000000	0.000000	0.000000	0.000000	0.000000	
0.000000	0.000000	0.707107	0.000000	0.000000	0.707106	0.000000	0.000000	
0.000000	0.000000	0.707108	0.000000	0.000000	0.000000	0.000000	0.707105	
0.000000	0.000000	0.000000	0.000000	0.707107	0.000000	0.000000	0.707107	
0.000000	0.000000	0.000000	0.000000	0.000000	0.000000	0.707107	0.707107	
0.707109	0.000000	0.000000	0.000000	0.000000	0.000000	0.000000	0.707104	
0.000000	0.000000	0.707081	0.000000	0.707154	0.000000	0.000000	0.000000	
0.707055	0.000004	0.000000	0.000000	0.707158	0.000000	0.000000	0.000000	
0.000000	0.000000	0.000000	0.707106	0.000000	0.000000	0.707107	0.000000	
0.000000	0.000000	0.000000	0.000000	0.707121	0.707123	0.000000	0.000000	
0.000010	0.707620	0.000000	0.000000	0.000000	0.706597	0.000000	0.000000	
0.000000	0.000000	0.707122	0.707103	0.000000	0.000000	0.000001	0.000000	
0.707885	0.000000	0.000000	0.000000	0.000000	0.707280	0.000000	0.000000	
0.706779	0.707434	0.000000	0.000000	0.000000	0.000000	0.000000	0.000000	
0.000000	0.000000	1.000000	0.000000	0.000000	0.000000	0.000000	0.000000	
0.000000	0.000000	0.000000	0.707107	0.000000	0.000000	0.000000	0.707107	
0.000000	0.000000	0.000000	0.000000	0.000000	0.000000	1.000000	0.000000	
0.000000	0.000000	0.708874	0.000000	0.000000	0.000000	0.708875	0.000000	
0.000000	0.000000	0.000000	0.000000	0.000000	0.707107	0.000000	0.707107	
0.000000	0.000000	0.000000	0.000000	0.707109	0.000000	0.707110	0.000000	
0.050654	0.994582	0.013404	0.089861	0.000000	0.002635	0.000000	0.000000	
0.714201	0.000238	0.055120	0.000000	0.000000	0.013869	0.000000	0.700351	
0.000000	0.000000	0.000000	1.000000	0.000000	0.000000	0.000000	0.000000	
0.000000	0.000000	0.707108	0.000000	0.000000	0.000000	0.707106	0.000000	
0.707106	0.000000	0.000000	0.000000	0.000000	0.000000	0.707107	0.000000	
0.000000	0.000000	0.000000	0.000000	0.000000	0.000000	0.000000	1.000000	
0.000000	0.000000	1.000000	0.000000	0.000000	0.000000	0.000000	0.000000	
0.000000	0.000000	0.700893	0.713419	0.000000	0.000000	0.000000	0.000000	
0.000000	0.000000	0.000000	0.707111	0.000000	0.707103	0.000000	0.000000	
0.707911	0.000000	0.000000	0.000000	0.000000	0.707300	0.000000	0.000000	
0.000000	0.000000	0.000000	0.707107	0.000000	0.000000	0.000000	0.707107	
0.000000	0.000000	0.000000	0.707066	0.707147	0.000000	0.000000	0.000000	
0.707277	0.000000	0.000000	0.706936	0.000000	0.000000	0.000000	0.000000	
0.000214	0.704895	0.000000	0.025483	0.707477	0.044168	0.000000	0.000000	
0.000000	0.000000	0.000000	0.000000	0.000000	1.000000	0.000000	0.000000	
0.000000	0.000000	0.000000	0.000000	1.000000	0.000000	0.000000	0.000000	
0.000000	0.707149	0.000000	0.000001	0.000000	0.000000	0.000000	0.707184	
0.000000	0.000000	0.000000	0.000000	0.000000	0.000000	0.707107	0.707107	
0.000000	0.000000	0.000000	0.000000	0.707107	0.000000	0.000000	0.707107	
0.000010	0.707620	0.000000	0.000000	0.000000	0.706597	0.000000	0.000000	
0.000013	0.707123	0.000000	0.707095	0.000000	0.000000	0.000000	0.000000	
0.000000	0.000000	0.000000	0.000000	0.000000	0.000000	1.000000	0.000000	
0.029233	0.002472	0.706828	0.000615	0.000000	0.035922	0.000000	0.705863	
0.000000	0.000000	0.707106	0.000000	0.000000	0.707108	0.000000	0.000000	
0.000000	0.707106	0.000000	0.000000	0.000000	0.000000	0.707107	0.000000	
0.700321	0.000004	0.000000	0.000000	0.700423	0.105292	0.000000	0.088720	
0.000000	0.000000	0.707948	0.000000	0.708022	0.000000	0.000000	0.000000	
0.000000	0.000000	0.000000	0.707106	0.000000	0.000000	0.707107	0.000000	
0.995183	0.071743	0.003185	0.000233	0.066735	0.000000	0.000000	0.000000	
0.028551	0.696609	0.716883	0.000000	0.000000	0.000000	0.000000	0.000000	
0.000000	0.000000	0.000000	0.000000	0.000000	0.707107	0.000000	0.707107	
0.706779	0.707434	0.000000	0.000000	0.000000	0.000000	0.000000	0.000000	
0.000000	0.000000	0.000000	0.000000	0.707122	0.707123	0.000000	0.000000	
0.721597	0.000000	0.689356	0.000000	0.012431	0.043950	0.000003	0.049255	
0.000000	0.000000	0.000000	0.000000	0.000000	0.707107	0.707107	0.000000	
0.011334	0.000072	0.000034	0.000000	0.000015	0.000000	0.999936	0.000000	
0.004307	0.048446	0.699435	0.088790	0.000000	0.000000	0.708329	0.000000	
0.021872	0.001336	0.707913	0.708232	0.000000	0.000000	0.000000	0.000000	
0.707885	0.000000	0.000000	0.000000	0.000000	0.707280	0.000000	0.000000	
0.500254	0.548525	0.000000	0.669975	0.000000	0.000000	0.000000	0.000000	
0.701400	0.034938	0.042454	0.000011	0.000000	0.000001	0.703550	0.146851	
0.701564	0.702214	0.012657	0.000000	0.000000	0.000000	0.000000	0.123793	
0.000000	0.000000	0.000000	0.704719	0.704800	0.081644	0.000000	0.000000	
0.000009	0.703194	0.000000	0.079020	0.000000	0.706597	0.000000	0.000000	
0.508102	0.000003	0.481887	0.000000	0.700375	0.105285	0.000000	0.089483	
0.000216	0.712043	0.000598	0.026518	0.700244	0.044168	0.000000	0.000000	
0.000003	0.000000	0.003647	0.000004	0.000076	0.707097	0.707107	0.000000	
0.034401	0.000000	0.508621	0.000000	0.491902	0.707799	0.000000	0.000000	
0.000000	0.000000	0.000000	0.000000	0.708054	0.000000	0.000000	0.708054	
0.007833	0.000000	0.700727	0.000000	0.700873	0.106174	0.000000	0.090680	
0.000000	0.000000	0.000000	0.707040	0.000000	0.009706	0.707107	0.000000	
0.355870	0.006604	0.019894	0.007326	0.333635	0.497327	0.000000	0.717734	
0.000000	0.000000	0.996656	0.000000	0.000000	0.028223	0.076684	0.000000	
0.000000	0.000000	0.000000	0.999909	0.000000	0.013198	0.002765	0.000000	
0.203641	0.971826	0.000041	0.066882	0.072321	0.066512	0.000000	0.000000	
0.004002	0.707154	0.000000	0.000000	0.000000	0.000000	0.000000	0.707161	
0.000000	0.000000	0.000000	0.000000	0.724316	0.000000	0.724317	0.000000	
0.497541	0.009341	0.044004	0.010267	0.485911	0.000000	0.000000	0.717736	
0.000000	0.000000	0.000000	0.000000	0.000000	0.000000	0.707107	0.707107	
0.000000	0.002047	0.000003	0.000000	0.999998	0.000000	0.000000	0.000000	
0.000000	0.000000	0.000000	0.707107	0.000000	0.000000	0.000000	0.707107	
0.036192	0.000000	0.502628	0.502134	0.000677	0.000000	0.000000	0.702792	
0.000000	0.000000	0.000000	0.000000	0.000000	0.000000	0.000000	1.000457	
