0.000000	0.707110	0.000000	0.000000	0.000000	0.000000	0.000000	0.707104	
0.707256	0.000000	0.706957	0.000000	0.000000	0.000000	0.000000	0.000000	
0.707125	0.000000	0.000000	0.707089	0.000000	0.000000	0.000000	0.000000	
0.000000	0.000000	0.000000	0.000000	0.000000	1.000000	0.000000	0.000000	
0.000000	0.000000	0.000000	0.707107	0.707107	0.000000	0.000000	0.000000	
0.000000	0.707155	0.707058	0.000000	0.000000	0.000000	0.000000	0.000000	
0.000000	0.000000	0.707107	0.000000	0.000000	0.000000	0.000000	0.707107	
0.707072	0.000000	0.000000	0.000000	0.707142	0.000000	0.000000	0.000000	
0.000000	0.000000	0.000000	1.000000	0.000000	0.000000	0.000000	0.000000	
0.000000	0.000000	0.707073	0.000000	0.707140	0.000000	0.000000	0.000000	
0.000000	0.000000	0.000000	0.000000	0.000000	0.707107	0.000000	0.707107	
0.000000	1.000000	0.000000	0.000000	0.000000	0.000000	0.000000	0.000000	
0.000000	0.000000	0.707107	0.000000	0.000000	0.707107	0.000000	0.000000	
0.000000	0.000000	0.000000	0.707107	0.000000	0.707107	0.000000	0.000000	
0.000000	0.000000	0.000000	0.707107	0.000000	0.000000	0.707107	0.000000	
0.000000	0.000000	0.000000	0.000000	0.000000	0.000000	0.000000	1.000000	
0.000000	0.707116	0.000000	0.707098	0.000000	0.000000	0.000000	0.000000	
0.000000	0.000000	0.707116	0.707097	0.000000	0.000000	0.000000	0.000000	
0.000000	0.707108	0.000000	0.000000	0.000000	0.000000	0.707105	0.000000	
1.000002	0.000000	0.000000	0.000000	0.000000	0.000000	0.000000	0.000000	
0.000000	0.000000	0.000000	0.000000	0.000000	0.000000	0.707107	0.707107	
0.707107	0.000000	0.000000	0.000000	0.000000	0.000000	0.707107	0.000000	
0.000000	0.000000	0.000000	0.712198	0.000000	0.000000	0.000000	0.712198	
0.000000	0.000000	0.000000	0.000000	1.000000	0.000000	0.000000	0.000000	
0.000000	0.707111	0.000000	0.000000	0.000000	0.707111	0.000000	0.000000	
0.000000	0.000000	0.000000	0.000000	0.707107	0.707107	0.000000	0.000000	
0.000000	0.000000	0.000000	0.000000	0.000000	0.707107	0.707107	0.000000	
0.000000	0.000000	1.000000	0.000000	0.000000	0.000000	0.000000	0.000000	
0.707107	0.000000	0.000000	0.000000	0.000000	0.000000	0.000000	0.707107	
0.707107	0.000000	0.000000	0.000000	0.000000	0.707107	0.000000	0.000000	
0.707087	0.707126	0.000000	0.000000	0.000000	0.000000	0.000000	0.000000	
0.000000	0.000000	0.707107	0.000000	0.000000	0.000000	0.707107	0.000000	
0.000000	0.000000	0.000000	0.000000	0.707107	0.000000	0.000000	0.707107	
0.000000	0.000000	0.000000	0.000000	0.707107	0.000000	0.707107	0.000000	
0.000000	0.707106	0.000000	0.000000	0.707107	0.000000	0.000000	0.000000	
0.000000	0.000000	0.000000	0.000000	0.000000	0.000000	1.000000	0.000000	
0.000000	0.000000	0.000000	0.000000	0.000000	0.707107	0.707107	0.000000	
0.042203	0.705645	0.706809	0.000000	0.000000	0.026567	0.000000	0.000573	
0.462676	0.015812	0.000239	0.065392	0.451834	0.019105	0.752326	0.105595	
0.000000	0.707107	0.000000	0.000000	0.000000	0.707107	0.000000	0.000000	
0.000000	0.000000	1.000000	0.000000	0.000000	0.000000	0.000000	0.000000	
0.000000	0.000000	0.000000	0.707107	0.707107	0.000000	0.000000	0.000000	
0.000000	0.000000	0.712589	0.000234	0.000074	0.000000	0.000000	0.712589	
0.000000	0.000000	0.000000	1.000000	0.000000	0.000000	0.000000	0.000000	
0.000000	0.000000	0.707107	0.000000	0.000000	0.000000	0.707107	0.000000	
0.000000	0.707106	0.000000	0.000000	0.707107	0.000000	0.000000	0.000000	
0.000000	0.000000	0.000000	0.000000	0.000000	0.707107	0.000000	0.707107	
0.000000	0.000000	0.707073	0.000000	0.707140	0.000000	0.000000	0.000000	
0.367477	0.439466	0.020634	0.000189	0.000253	0.434012	0.000000	0.695727	
0.705334	0.000000	0.000000	0.705299	0.071119	0.000000	0.000000	0.000000	
0.000000	0.000000	0.000000	0.000000	0.000000	0.000000	1.000000	0.000000	
0.999315	0.000000	0.000000	0.000002	0.000000	0.000000	0.000000	0.037008	
0.000000	0.000000	0.000000	0.000000	0.000000	0.000000	0.707107	0.707107	
0.000000	0.000000	0.000000	0.707107	0.000000	0.707107	0.000000	0.000000	
0.707137	0.000000	0.706838	0.000000	0.000000	0.000000	0.000000	0.018378	
0.000000	0.000000	0.000000	0.000000	0.000000	1.000000	0.000000	0.000000	
0.081614	0.089028	0.031123	0.002537	0.991629	0.035548	0.000000	0.025454	
0.000000	0.000000	0.000000	0.707107	0.000000	0.000000	0.707107	0.000000	
0.000000	0.000000	0.707095	0.000000	0.000000	0.707096	0.000000	0.009629	
0.163375	0.676546	0.084823	0.099194	0.001740	0.010367	0.706584	0.003813	
0.000000	0.000000	0.000000	0.000000	0.000000	0.000000	0.000000	1.000000	
0.451216	0.533767	0.000000	0.715255	0.000000	0.000000	0.000531	0.000000	
0.703096	0.094871	0.004232	0.025965	0.002006	0.000000	0.011547	0.704149	
0.000000	0.000000	0.000000	0.000000	0.707107	0.000000	0.000000	0.707107	
0.011285	0.983507	0.059650	0.000000	0.000032	0.182512	0.000521	0.002918	
0.505623	0.004616	0.001371	0.003762	0.491129	0.708892	0.023911	0.000000	
0.000000	0.000000	0.707116	0.707097	0.000000	0.000000	0.000539	0.000000	
0.642516	0.766272	0.000000	0.001075	0.000000	0.000000	0.000000	0.000000	
0.000000	0.000000	0.000000	0.711628	0.000000	0.000000	0.000000	0.711628	
0.754649	0.000000	0.000000	0.000000	0.656129	0.000000	0.000000	0.000000	
0.000000	0.000000	0.000000	0.000000	0.707107	0.707107	0.000000	0.000000	
0.000000	0.000000	0.000000	0.000000	0.707107	0.000000	0.707107	0.000000	
0.000000	0.000000	0.706693	0.025744	0.001978	0.000000	0.000021	0.707164	
0.001431	0.042751	0.707131	0.044000	0.704415	0.000000	0.000000	0.000000	
0.497269	0.497296	0.000379	0.000000	0.702982	0.000716	0.000000	0.106002	
0.000000	0.000000	0.000000	0.999681	0.000000	0.000000	0.000000	0.026748	
0.000000	0.000000	0.000000	0.000000	0.000000	0.464066	0.533661	0.707214	
0.499291	0.000507	0.060116	0.000078	0.495064	0.044795	0.707107	0.000000	
0.745008	0.023521	0.000000	0.000000	0.000000	0.666995	0.000000	0.000000	
0.014366	0.999697	0.000000	0.000000	0.000000	0.000000	0.019980	0.000000	
0.715819	0.000000	0.000000	0.007797	0.000000	0.000000	0.000000	0.698244	
0.707087	0.707126	0.000000	0.000000	0.000000	0.000000	0.000000	0.000000	
0.000000	0.000000	0.000000	0.000000	0.000000	0.000000	0.000000	1.000000	
0.000000	0.000000	0.706831	0.000000	0.000000	0.019734	0.707107	0.000000	
0.094672	0.698724	0.003835	0.705084	0.000715	0.000000	0.080476	0.000068	
0.049532	0.054010	0.018884	0.073771	0.993740	0.034379	0.006951	0.025451	
0.000000	0.720897	0.000007	0.000000	0.000000	0.000771	0.000000	0.693042	
0.059269	0.001871	0.000000	0.743017	0.000000	0.666995	0.000000	0.000000	
0.000000	0.000000	0.000000	0.487283	0.000000	0.487283	0.724645	0.000000	
0.754484	0.015772	0.000000	0.000000	0.656129	0.000000	0.000000	0.000000	
0.000107	0.000003	0.003282	0.000177	0.691827	0.722056	0.000000	0.000000	
0.044585	0.705892	0.012079	0.000000	0.000009	0.707401	0.000000	0.000000	
0.000000	0.000000	0.000000	0.000000	0.000000	0.707107	0.000000	0.707107	
0.013471	0.000003	0.000001	0.000000	0.000000	0.000000	0.999909	0.000000	
0.000000	0.714745	0.705809	0.000000	0.000000	0.000000	0.000000	0.000000	
0.712452	0.000228	0.000003	0.701648	0.000108	0.000000	0.008293	0.005747	
0.999600	0.009232	0.000755	0.026707	0.000000	0.000000	0.000000	0.000340	
0.000000	0.000000	0.000000	0.000000	0.000000	0.999349	0.000000	0.036070	
0.000185	0.000183	0.000246	0.000050	0.698760	0.000000	0.010065	0.715309	
0.321304	0.338303	0.055470	0.451119	0.043139	0.041790	0.756548	0.000144	
