0.000000	0.000000	0.000000	0.000000	0.000000	0.707107	0.707107	0.000000	
0.000000	0.707193	0.000000	0.000000	0.707021	0.000000	0.000000	0.000000	
0.707107	0.000000	0.000000	0.000000	0.000000	0.000000	0.707107	0.000000	
0.000000	0.000000	0.707125	0.707107	0.000000	0.000000	0.000000	0.000000	
1.000003	0.000000	0.000000	0.000000	0.000000	0.000000	0.000000	0.000000	
0.000000	0.000000	0.000000	0.000000	0.707107	0.000000	0.000000	0.707107	
0.707072	0.000000	0.000000	0.000000	0.707142	0.000000	0.000000	0.000000	
0.707300	0.000000	0.000000	0.707281	0.000000	0.000000	0.000000	0.000000	
0.707199	0.000000	0.000000	0.000000	0.000000	0.000000	0.000000	0.707199	
0.000000	0.000000	0.000000	0.705463	0.000000	0.000000	0.000000	0.710073	
0.000000	0.000000	0.000000	0.000000	0.707268	0.707268	0.000000	0.000000	
0.000000	0.000000	0.707107	0.000000	0.000000	0.000000	0.707107	0.000000	
0.000000	0.707021	0.707192	0.000000	0.000000	0.000000	0.000000	0.000000	
0.000000	0.000000	0.707107	0.000000	0.000000	0.000000	0.000000	0.707107	
0.000000	0.000000	0.707107	0.000000	0.000000	0.707107	0.000000	0.000000	
0.000000	0.000000	0.000000	0.707107	0.000000	0.000000	0.707107	0.000000	
0.000000	0.000000	0.000000	0.000000	0.000000	0.000000	0.000000	1.000000	
0.000000	0.000000	0.000000	0.000000	0.000000	0.000000	1.000000	0.000000	
0.000000	0.000000	0.000000	1.000000	0.000000	0.000000	0.000000	0.000000	
0.000000	0.000000	0.000000	0.000000	0.000000	0.000000	0.707107	0.707107	
0.000000	0.000000	0.000000	0.707107	0.000000	0.707107	0.000000	0.000000	
0.000000	0.000000	1.000000	0.000000	0.000000	0.000000	0.000000	0.000000	
0.000000	0.000000	0.000000	0.707107	0.707107	0.000000	0.000000	0.000000	
0.707371	0.706843	0.000000	0.000000	0.000000	0.000000	0.000000	0.000000	
0.707256	0.000000	0.706957	0.000000	0.000000	0.000000	0.000000	0.000000	
0.000000	0.707107	0.000000	0.000000	0.000000	0.707107	0.000000	0.000000	
0.000000	0.707108	0.000000	0.000000	0.000000	0.000000	0.707105	0.000000	
0.000000	0.000000	0.000000	0.000000	0.000000	1.000000	0.000000	0.000000	
0.000000	0.707164	0.000000	0.707146	0.000000	0.000000	0.000000	0.000000	
0.000000	0.000000	0.000000	0.000000	0.000000	0.707107	0.000000	0.707107	
0.707107	0.000000	0.000000	0.000000	0.000000	0.707107	0.000000	0.000000	
0.000000	0.000000	0.000000	0.000000	0.707107	0.000000	0.707107	0.000000	
0.000000	0.000000	0.707072	0.000000	0.707142	0.000000	0.000000	0.000000	
0.000000	1.000042	0.000000	0.000000	0.000000	0.000000	0.000000	0.000000	
0.000000	0.707110	0.000000	0.000000	0.000000	0.000000	0.000000	0.707104	
0.000000	0.000000	0.000000	0.000000	1.000000	0.000000	0.000000	0.000000	
0.000000	0.000000	0.998868	0.000596	0.000000	0.000000	0.047788	0.000000	
0.066714	0.064693	0.737261	0.019862	0.000000	0.674830	0.004723	0.000000	
0.000000	0.000000	0.000000	0.000000	0.000000	1.000000	0.000000	0.000000	
0.000000	0.000000	0.000000	0.000000	0.707107	0.000000	0.000000	0.707107	
0.033640	0.006768	0.487121	0.013164	0.000050	0.481235	0.727825	0.006806	
0.012984	0.691803	0.012430	0.059165	0.000000	0.000000	0.719433	0.000000	
0.000000	0.000000	0.000000	0.000000	0.707109	0.000000	0.707109	0.000000	
0.000026	0.000031	0.000643	0.012718	0.000526	0.000656	0.799447	0.600602	
0.980688	0.103466	0.125666	0.042016	0.044358	0.000000	0.017703	0.089419	
0.000000	0.000000	0.707072	0.000000	0.707142	0.000000	0.000000	0.000000	
0.000000	0.000000	0.000000	0.707107	0.707107	0.000000	0.000000	0.000000	
0.705018	0.000000	0.000000	0.000000	0.000058	0.705019	0.000000	0.077786	
0.000000	0.707193	0.000000	0.000000	0.707021	0.000000	0.000000	0.000000	
0.000000	0.000000	0.710816	0.710797	0.000000	0.000000	0.000000	0.000000	
0.707125	0.000000	0.000000	0.707089	0.000000	0.000000	0.000000	0.000000	
0.703096	0.094871	0.004232	0.025965	0.002006	0.000000	0.011547	0.704149	
0.000020	0.701519	0.087129	0.019108	0.000000	0.707167	0.000000	0.000000	
0.000000	0.000000	0.000000	0.000000	0.000000	0.707107	0.707107	0.000000	
0.000000	0.000000	0.000000	0.707107	0.000000	0.707107	0.000000	0.000000	
0.000000	0.000000	0.000000	0.000000	0.000000	0.000000	0.000000	1.000002	
0.000331	0.005279	0.702473	0.069342	0.000000	0.036639	0.018773	0.707107	
0.000000	0.000000	0.000000	0.000000	0.000000	0.707107	0.000000	0.707107	
0.003195	0.000026	0.000000	0.707973	0.000000	0.000000	0.000000	0.706236	
0.037906	0.733865	0.000450	0.673956	0.075494	0.000000	0.000000	0.009369	
0.557594	0.000000	0.000000	0.000000	0.022071	0.000000	0.834334	0.000000	
0.000536	0.505526	0.004558	0.505744	0.032608	0.000653	0.698271	0.000000	
0.000000	0.000000	0.000000	0.000000	1.000000	0.000000	0.000000	0.000000	
0.000000	0.000000	0.000000	0.000000	0.000000	0.000000	1.000000	0.000000	
0.698450	0.000000	0.716119	0.000000	0.000000	0.000000	0.000000	0.000000	
0.026717	0.517245	0.000000	0.475019	0.053210	0.000000	0.000000	0.709415	
0.000000	0.000000	0.000000	0.000000	0.707107	0.707107	0.000000	0.000000	
0.000000	1.000022	0.000000	0.000000	0.000000	0.000000	0.000000	0.000000	
0.706554	0.016020	0.000000	0.000000	0.706805	0.030856	0.000000	0.000000	
0.718887	0.675956	0.138054	0.042112	0.044459	0.000000	0.017454	0.089623	
0.463887	0.584819	0.665429	0.000000	0.000000	0.000000	0.000000	0.000000	
0.000000	0.000000	0.000000	1.000000	0.000000	0.000000	0.000000	0.000000	
0.051988	0.000000	0.705278	0.018903	0.000000	0.707444	0.037713	0.000242	
0.577991	0.804453	0.123484	0.058011	0.013029	0.000000	0.005643	0.000000	
0.705627	0.000000	0.000000	0.000000	0.000000	0.036653	0.029927	0.707212	
0.412171	0.056211	0.416087	0.000545	0.685121	0.023172	0.000000	0.428972	
0.001378	0.000402	0.026604	0.000000	0.026645	0.000000	0.999290	0.000000	
0.000000	0.000000	0.000000	0.000000	0.707109	0.000000	0.707109	0.000000	
0.000017	0.499294	0.003037	0.517979	0.000011	0.694565	0.000000	0.000000	
0.462928	0.583610	0.665304	0.049665	0.000000	0.000000	0.000000	0.000000	
0.000242	0.010243	0.695713	0.130604	0.000071	0.000000	0.706571	0.000000	
0.000059	0.055480	0.008320	0.641945	0.029384	0.000001	0.763597	0.028571	
0.707050	0.012336	0.000000	0.000000	0.000000	0.000000	0.707158	0.000000	
0.000000	0.000000	0.000000	0.705679	0.000000	0.000000	0.000000	0.711232	
0.003579	0.531252	0.469344	0.703742	0.046661	0.000000	0.006677	0.000000	
0.005291	0.000059	0.702712	0.073209	0.000000	0.000572	0.028427	0.707107	
0.000217	0.998029	0.018301	0.003807	0.000001	0.000001	0.005331	0.059665	
0.000000	0.000000	0.000000	0.000000	0.697769	0.716314	0.000000	0.003678	
0.024605	0.713912	0.019137	0.000000	0.699541	0.000000	0.000000	0.000000	
0.021136	0.539146	0.004170	0.000000	0.021358	0.000000	0.848984	0.000000	
0.006268	0.052840	0.000003	0.000203	0.000009	0.000000	0.000000	0.998583	
0.000023	0.719343	0.004376	0.011473	0.000823	0.694565	0.000000	0.000000	
0.000002	0.160348	0.017496	0.985748	0.000000	0.000000	0.047788	0.000000	
0.696720	0.000000	0.714345	0.000000	0.000468	0.049635	0.000000	0.049881	
0.665039	0.000000	0.000000	0.737381	0.000000	0.121778	0.000000	0.000000	
0.000000	0.000000	0.000000	0.000000	0.000000	1.000000	0.000000	0.000000	
0.040773	0.000000	0.998969	0.000000	0.020806	0.000000	0.000000	0.025019	
0.000000	0.000000	0.708098	0.708079	0.000000	0.000000	0.000000	0.000000	
0.032440	0.026761	0.333631	0.000113	0.000013	0.415222	0.854579	0.000000	
0.019244	0.698984	0.000000	0.000000	0.000000	0.000000	0.000000	0.714878	
