0.000000	0.000000	0.000000	0.000000	0.000000	0.000000	1.000000	0.000000	
0.707111	0.000000	0.000000	0.707103	0.000000	0.000000	0.000000	0.000000	
0.000000	0.000000	0.000000	1.000000	0.000000	0.000000	0.000000	0.000000	
0.000000	0.000000	0.000000	0.707107	0.000000	0.000000	0.707107	0.000000	
0.000000	0.000000	0.000000	0.000000	0.000000	0.000000	0.707107	0.707107	
0.707065	0.707148	0.000000	0.000000	0.000000	0.000000	0.000000	0.000000	
0.000000	0.707110	0.000000	0.707103	0.000000	0.000000	0.000000	0.000000	
0.000000	0.000000	0.000000	0.000000	0.707107	0.000000	0.707107	0.000000	
0.000000	0.000000	0.707110	0.707103	0.000000	0.000000	0.000000	0.000000	
0.000000	0.000000	0.000000	0.707107	0.707107	0.000000	0.000000	0.000000	
0.000000	0.000000	0.000000	0.707107	0.000000	0.000000	0.000000	0.707107	
1.000000	0.000000	0.000000	0.000000	0.000000	0.000000	0.000000	0.000000	
0.000000	0.707107	0.000000	0.000000	0.000000	0.707107	0.000000	0.000000	
0.000000	1.000000	0.000000	0.000000	0.000000	0.000000	0.000000	0.000000	
0.000000	0.707107	0.000000	0.000000	0.000000	0.000000	0.000000	0.707107	
0.707107	0.000000	0.000000	0.000000	0.000000	0.707107	0.000000	0.000000	
0.707107	0.000000	0.000000	0.000000	0.000000	0.000000	0.707107	0.000000	
0.000000	0.000000	0.000000	0.000000	0.707107	0.707107	0.000000	0.000000	
0.707107	0.000000	0.000000	0.000000	0.707107	0.000000	0.000000	0.000000	
0.000000	0.707172	0.707041	0.000000	0.000000	0.000000	0.000000	0.000000	
0.000000	0.000000	0.000000	0.000000	0.000000	0.707107	0.707107	0.000000	
0.000000	0.707107	0.000000	0.000000	0.707107	0.000000	0.000000	0.000000	
0.000000	0.000000	0.000000	0.000000	1.000000	0.000000	0.000000	0.000000	
0.000000	0.000000	0.000000	0.000000	0.000000	0.000000	0.000000	1.000000	
0.000000	0.000000	0.707107	0.000000	0.000000	0.000000	0.000000	0.707107	
0.000000	0.000000	0.707107	0.000000	0.000000	0.707107	0.000000	0.000000	
0.000000	0.000000	1.000000	0.000000	0.000000	0.000000	0.000000	0.000000	
0.000000	0.000000	0.000000	0.000000	0.000000	0.707107	0.000000	0.707107	
0.000000	0.000000	0.000000	0.000000	0.707107	0.000000	0.000000	0.707107	
0.707175	0.000000	0.707039	0.000000	0.000000	0.000000	0.000000	0.000000	
0.000000	0.000000	0.000000	0.000000	0.000000	1.000000	0.000000	0.000000	
0.000000	0.707107	0.000000	0.000000	0.000000	0.000000	0.707107	0.000000	
0.709227	0.000000	0.000000	0.000000	0.000000	0.000000	0.000000	0.709227	
0.000000	0.000000	0.000000	0.707107	0.000000	0.707107	0.000000	0.000000	
0.000000	0.000000	0.707107	0.000000	0.000000	0.000000	0.707107	0.000000	
0.000000	0.000000	0.707107	0.000000	0.707107	0.000000	0.000000	0.000000	
0.000069	0.706348	0.000183	0.000236	0.000024	0.042926	0.706561	0.001341	
0.707024	0.011018	0.000000	0.707103	0.000000	0.000222	0.000280	0.000277	
0.018351	0.016053	0.706686	0.000000	0.707107	0.000000	0.000000	0.000000	
0.707104	0.000000	0.000000	0.000000	0.000000	0.707109	0.000000	0.000000	
0.000000	0.000000	0.000000	0.000000	0.000000	0.000000	1.000000	0.000000	
0.009237	0.516760	0.000000	0.011734	0.482427	0.707107	0.000000	0.000000	
0.000000	0.000000	0.475745	0.000000	0.474124	0.000000	0.000000	0.740860	
0.000000	0.000000	1.000000	0.000000	0.000000	0.000000	0.000000	0.000000	
0.495787	0.017546	0.486094	0.000000	0.720320	0.000017	0.000000	0.000000	
0.000000	0.000000	0.000000	0.000000	0.000000	0.707107	0.707107	0.000000	
0.000000	0.000000	0.707110	0.707103	0.000000	0.000000	0.000000	0.000000	
0.000000	0.000000	0.000000	0.000000	0.000000	0.000000	0.000000	1.000000	
0.000000	0.706093	0.000000	0.026532	0.000000	0.026985	0.000000	0.707107	
0.003356	0.998891	0.000294	0.001391	0.003800	0.042378	0.019803	0.000000	
0.697569	0.000000	0.000000	0.026268	0.000023	0.000293	0.698064	0.187832	
0.016179	0.521036	0.000014	0.516790	0.675754	0.000056	0.066548	0.010844	
0.020624	0.483728	0.004173	0.515330	0.000000	0.707107	0.000000	0.000000	
0.000000	0.000000	0.000000	1.000000	0.000000	0.000000	0.000000	0.000000	
0.000000	0.000000	0.000000	0.000000	0.000000	0.000000	0.707107	0.707107	
0.000000	0.707110	0.000000	0.707103	0.000000	0.000000	0.000000	0.000000	
0.000000	0.000000	0.064519	0.704256	0.707205	0.000000	0.000000	0.000000	
0.000000	0.000000	0.000000	0.000000	0.707107	0.000000	0.000000	0.707107	
0.724483	0.000000	0.000000	0.000000	0.023084	0.000000	0.000000	0.689609	
0.000000	0.000000	0.000000	0.000000	1.000000	0.000000	0.000000	0.000000	
0.324772	0.347435	0.000081	0.520023	0.045625	0.036144	0.000000	0.707107	
0.000000	0.000000	0.000000	0.000000	0.707107	0.000000	0.707107	0.000000	
0.000000	0.707172	0.707041	0.000000	0.000000	0.000000	0.000000	0.000000	
0.000000	0.000000	0.000000	0.000000	0.707107	0.707107	0.000000	0.000000	
0.000000	0.000000	0.000000	0.707107	0.000000	0.000000	0.707107	0.000000	
0.968243	0.044827	0.070191	0.049423	0.008966	0.230049	0.011091	0.000000	
0.000000	0.000000	0.707107	0.000000	0.000000	0.000000	0.707107	0.000000	
0.696427	0.717624	0.001421	0.000000	0.000955	0.001359	0.000000	0.000000	
0.000000	0.000000	0.706417	0.000000	0.000000	0.716700	0.000000	0.000000	
0.000000	0.000000	0.007131	0.000000	0.000437	1.000391	0.000000	0.000000	
0.663750	0.000000	0.661939	0.000002	0.000144	0.000002	0.350938	0.000000	
0.000000	0.000000	0.000000	0.000000	0.000000	0.707107	0.000000	0.707107	
0.000000	0.000000	0.000000	0.000000	0.000000	0.000000	1.001056	0.000000	
0.000000	0.706321	0.000000	0.000000	0.000000	0.045583	0.707791	0.000000	
0.709265	0.000692	0.707067	0.000000	0.004362	0.000017	0.000000	0.000000	
0.000000	0.000000	0.766730	0.000000	0.000000	0.641970	0.000000	0.000000	
0.000061	0.007703	0.707056	0.003457	0.707107	0.000000	0.000000	0.000000	
0.000000	0.000000	0.000000	0.000000	0.000000	0.706370	0.706370	0.047924	
0.000000	0.000000	0.000000	0.000000	0.000000	0.000000	0.000000	1.000000	
0.000256	0.000002	0.000001	0.006560	0.000000	0.526004	0.526045	0.668247	
0.715590	0.000000	0.000000	0.000000	0.000231	0.698521	0.000006	0.000258	
0.000000	0.000000	0.000000	0.999987	0.000000	0.000000	0.000000	0.005061	
0.028677	1.004894	0.017465	0.033254	0.000000	0.000003	0.015963	0.000000	
0.484455	0.011353	0.484498	0.077113	0.000000	0.000000	0.724217	0.000000	
0.000000	0.707044	0.000000	0.707037	0.000000	0.000000	0.013648	0.000000	
0.005135	0.000280	0.000001	0.000001	0.433986	0.900905	0.000000	0.000000	
0.716490	0.001856	0.000000	0.695542	0.002511	0.053639	0.000000	0.000000	
0.019948	0.714595	0.000000	0.000000	0.000000	0.699249	0.000000	0.002748	
0.000000	0.000000	0.000000	0.000000	0.000000	0.999207	0.039812	0.000000	
0.000000	0.000000	0.739416	0.000000	0.000000	0.000000	0.000000	0.673249	
0.000000	0.474439	0.474351	0.000000	0.000000	0.000000	0.000000	0.748808	
0.113404	0.723391	0.685896	0.000000	0.032941	0.000001	0.000000	0.000000	
0.997406	0.000000	0.000000	0.000000	0.000000	0.002203	0.000000	0.105743	
0.000000	0.000000	0.000000	0.700560	0.000000	0.000000	0.000000	0.713613	
0.000000	0.000000	0.000000	0.000000	1.000000	0.000000	0.000000	0.000000	
0.279200	0.252146	0.002392	0.372967	0.482500	0.000000	0.697534	0.000002	
0.000000	0.000000	0.698116	0.716330	0.000000	0.000000	0.000000	0.000000	
0.026538	0.002832	1.014557	0.003601	0.000000	0.000000	0.000000	0.000000	
0.000000	0.000000	0.000000	0.022091	0.708808	0.000000	0.000000	0.709153	
0.000000	0.000000	0.000000	0.707612	0.000000	0.707612	0.000000	0.002806	
