0.408240	0.408239	0.000000	0.816505	0.000000	
0.408256	0.816501	0.408231	0.000000	0.000000	
0.000000	0.000000	0.707105	0.000000	0.707109	
0.408235	0.000000	0.000000	0.408235	0.816510	
0.816504	0.000000	0.408233	0.000000	0.408248	
0.707107	0.707107	0.000000	0.000000	0.000000	
0.816473	0.408296	0.000000	0.000000	0.408248	
0.948671	0.316264	0.000000	0.000000	0.000000	
0.408243	0.816499	0.000000	0.000000	0.408248	
0.000000	0.408245	0.408245	0.000000	0.816499	
0.000000	0.000000	0.707107	0.707107	0.000000	
0.408278	0.000000	0.816483	0.408246	0.000000	
0.000000	0.408234	0.000000	0.408234	0.816511	
0.499988	0.499988	0.500013	0.000000	0.500011	
0.408278	0.000000	0.816482	0.000000	0.408248	
0.000000	0.000000	0.000000	1.000000	0.000000	
0.000000	0.000000	0.000000	0.948683	0.316228	
0.000000	0.408261	0.000000	0.816490	0.408248	
0.000000	0.000000	0.000000	0.316231	0.948682	
0.816466	0.408292	0.408266	0.000000	0.000000	
0.000000	0.000000	1.000000	0.000000	0.000000	
0.000000	0.000000	0.948683	0.000000	0.316228	
0.000000	0.708762	0.708762	0.000000	0.000000	
0.000000	1.000000	0.000000	0.000000	0.000000	
0.948684	0.000000	0.000000	0.316226	0.000000	
0.316234	0.948681	0.000000	0.000000	0.000000	
0.707107	0.000000	0.000000	0.707107	0.000000	
0.408245	0.000000	0.408245	0.000000	0.816500	
0.000000	0.408240	0.408239	0.816505	0.000000	
0.816496	0.000000	0.000000	0.408249	0.408248	
0.000000	0.000000	0.000000	0.000000	1.000000	
0.000000	0.707110	0.000000	0.000000	0.707104	
0.408239	0.000000	0.408239	0.816505	0.000000	
0.408245	0.408245	0.000000	0.000000	0.816500	
1.000000	0.000000	0.000000	0.000000	0.000000	
0.000000	0.816496	0.000000	0.408250	0.408248	
0.000000	0.408278	0.816483	0.408246	0.000000	
0.000000	0.316229	0.000000	0.948683	0.000000	
0.000000	0.500036	0.500030	0.499973	0.499960	
0.000000	0.000000	0.948684	0.316226	0.000000	
0.707105	0.000000	0.000000	0.000000	0.707109	
0.948689	0.000000	0.316212	0.000000	0.000000	
0.000000	0.408278	0.816482	0.000000	0.408248	
0.000000	0.316231	0.000000	0.000000	0.948682	
0.316218	0.000000	0.948687	0.000000	0.000000	
0.000000	0.948683	0.000000	0.000000	0.316228	
0.000000	0.000000	0.316231	0.000000	0.948682	
0.000000	0.000000	0.316229	0.948683	0.000000	
0.499967	0.499967	0.499991	0.500075	0.000000	
0.000000	0.816504	0.408233	0.000000	0.408248	
0.000000	0.000000	0.816496	0.408249	0.408248	
0.500016	0.500015	0.000000	0.499958	0.500011	
0.000000	0.316218	0.948687	0.000000	0.000000	
0.316231	0.000000	0.000000	0.000000	0.948682	
0.816505	0.000000	0.408234	0.408246	0.000000	
0.816487	0.408270	0.000000	0.408246	0.000000	
0.000000	0.707107	0.000000	0.707107	0.000000	
0.000000	0.948689	0.316212	0.000000	0.000000	
0.948683	0.000000	0.000000	0.000000	0.316228	
0.000000	0.816505	0.408234	0.408246	0.000000	
0.408265	0.408265	0.816480	0.000000	0.000000	
0.500036	0.000000	0.500030	0.499973	0.499960	
0.000000	0.000000	0.408245	0.408245	0.816500	
0.316229	0.000000	0.000000	0.948683	0.000000	
0.408261	0.000000	0.000000	0.816490	0.408248	
0.000000	0.000000	0.408261	0.816490	0.408248	
0.000000	0.000000	0.000000	0.707110	0.707104	
0.408250	0.816497	0.000000	0.408246	0.000000	
0.000000	0.948684	0.000000	0.316226	0.000000	
0.707107	0.000000	0.707107	0.000000	0.000000	
0.815838	0.408097	0.000000	0.034621	0.408248	
0.408250	0.816497	0.000000	0.408246	0.000000	
0.000000	0.702651	0.000000	0.713495	0.000000	
0.635220	0.065656	0.336481	0.721827	0.000000	
0.025691	0.025691	0.869611	0.502608	0.000000	
0.008169	0.710181	0.350943	0.000000	0.611245	
0.324041	0.003667	0.000000	0.946036	0.000000	
0.544702	0.000011	0.382405	0.665532	0.338690	
0.000000	0.343772	0.031009	0.000000	0.938541	
0.000000	0.875493	0.437726	0.208511	0.000000	
0.000000	0.912872	0.000000	0.408246	0.000000	
0.536687	0.853611	0.000000	0.000000	0.000000	
0.954207	0.299146	0.000000	0.000000	0.000000	
0.000000	0.216609	0.000000	0.230397	0.948682	
0.959257	0.000000	0.000000	0.308694	0.000000	
0.000000	0.324299	0.092894	0.855261	0.411162	
0.228344	0.000000	0.225935	0.000000	0.963672	
0.000000	0.314936	0.000000	0.944806	0.099034	
0.624529	0.000000	0.000000	0.312265	0.715859	
0.395498	0.000000	0.775824	0.000000	0.500068	
0.774570	0.140198	0.212606	0.412436	0.408637	
0.000000	0.316218	0.948687	0.000000	0.000000	
0.027193	0.000000	0.948293	0.000000	0.316228	
0.530176	0.493136	0.358318	0.000000	0.623337	
0.007552	0.310892	0.044429	0.308826	0.900037	
0.051320	0.253364	0.364133	0.893095	0.100268	
0.000000	0.000000	0.152549	0.020799	0.991025	
0.848566	0.047701	0.000000	0.526935	0.000000	
0.589963	0.068030	0.593872	0.555715	0.000000	
0.000000	0.958040	0.286633	0.000000	0.000000	
