0.406892	0.817396	0.000000	0.407892	0.000000	
0.413228	0.411235	0.000000	0.000000	0.813295	
0.818522	0.000000	0.409333	0.000000	0.404149	
0.949185	0.314885	0.000000	0.000000	0.000000	
0.000020	0.000074	0.000037	0.311485	0.950373	
0.000001	0.304326	0.000000	0.000000	0.952856	
0.000047	0.816937	0.408722	0.407423	0.000000	
0.000045	0.000000	0.319280	0.000000	0.948342	
0.503419	0.505743	0.000000	0.496511	0.494671	
0.317797	0.000000	0.000000	0.000000	0.951290	
0.000015	0.949575	0.000000	0.000000	0.314615	
0.000002	0.405389	0.405548	0.819542	0.000000	
0.409572	0.409413	0.815781	0.000000	0.000000	
0.000000	0.000000	1.000097	0.000000	0.000000	
0.000006	0.410705	0.815157	0.409118	0.000000	
0.508344	0.503428	0.505843	0.000000	0.483147	
1.002278	0.000000	0.000000	0.000000	0.000000	
0.000009	0.404955	0.402533	0.000000	0.821028	
0.404298	0.819288	0.409897	0.000000	0.000000	
0.813737	0.406965	0.000000	0.000000	0.415330	
0.000001	0.000001	0.949416	0.000000	0.314469	
0.408640	0.000000	0.409146	0.816205	0.000000	
0.001771	0.000030	0.406224	0.814304	0.415334	
0.000001	0.000001	0.948999	0.315638	0.000000	
0.817781	0.405918	0.408878	0.000000	0.000000	
0.000000	0.403865	0.000000	0.404181	0.821158	
0.000001	0.706725	0.000000	0.000000	0.710571	
0.000008	0.949076	0.000000	0.315270	0.000000	
0.818940	0.406222	0.000000	0.405862	0.000000	
0.000001	0.000000	0.317270	0.948439	0.000000	
0.000000	0.317255	0.000000	0.948396	0.000000	
0.000039	0.000000	0.403924	0.404240	0.821170	
0.816652	0.000000	0.408373	0.408580	0.000000	
0.948962	0.000000	0.000000	0.315626	0.000000	
0.496043	0.000000	0.494409	0.502676	0.508286	
0.410765	0.000000	0.815276	0.408544	0.000000	
0.407774	0.000000	0.000000	0.407844	0.816986	
0.406089	0.000000	0.406255	0.000000	0.819112	
0.000000	0.000000	0.000000	0.950725	0.313086	
0.000028	0.317884	0.948208	0.000000	0.000000	
0.000000	0.000012	0.699840	0.000000	0.714433	
0.408777	0.407108	0.000000	0.816883	0.000000	
0.406286	0.000000	0.000000	0.814419	0.414760	
0.407986	0.000379	0.818983	0.000000	0.411455	
0.000000	1.000264	0.000000	0.000000	0.000000	
0.317983	0.948417	0.000000	0.000000	0.000000	
0.000059	0.406986	0.000000	0.815824	0.410914	
0.315531	0.000000	0.000000	0.949017	0.000000	
0.000130	0.706990	0.000000	0.707667	0.000000	
0.000003	0.407019	0.816847	0.000000	0.409610	
0.316915	0.000000	0.948520	0.000000	0.000000	
0.706881	0.000000	0.000000	0.000000	0.707559	
0.816738	0.000000	0.000000	0.407325	0.410827	
0.000069	0.000000	0.707135	0.707688	0.000000	
0.501646	0.503958	0.501806	0.492770	0.000006	
0.948676	0.000000	0.000000	0.000000	0.316983	
0.000004	0.707103	0.707203	0.000000	0.000000	
0.707470	0.000000	0.000000	0.706882	0.000000	
0.000142	0.818183	0.000000	0.412650	0.414181	
0.708340	0.706461	0.000000	0.000000	0.000000	
0.408467	0.815501	0.000000	0.000000	0.411035	
0.000005	0.977094	0.324509	0.000000	0.000000	
0.000007	0.830248	0.415197	0.000000	0.409938	
0.948895	0.000000	0.315943	0.000000	0.000000	
0.000000	0.000000	0.000000	1.000095	0.000000	
0.000044	0.000167	0.000084	0.701786	0.712490	
0.000079	0.000084	0.815402	0.405183	0.414999	
0.707019	0.000000	0.707295	0.000000	0.000000	
0.000017	0.490541	0.490741	0.482495	0.535594	
0.000000	0.000000	0.000000	0.000000	1.000160	
0.724437	0.000822	0.422810	0.000000	0.550214	
0.000041	0.000001	0.446461	0.894953	0.000000	
0.000007	0.949114	0.000000	0.315283	0.000000	
0.001312	0.008673	0.000000	0.918889	0.396832	
0.708142	0.000000	0.000000	0.708264	0.000000	
0.304328	0.000000	0.000000	0.000000	0.952859	
0.589170	0.000000	0.000000	0.000000	0.821922	
0.014152	0.014217	0.874580	0.495320	0.000006	
0.409293	0.814953	0.000000	0.000000	0.410981	
0.606800	0.347348	0.540972	0.294029	0.363691	
0.000014	0.624843	0.000000	0.781155	0.000131	
0.600839	0.804569	0.000068	0.000000	0.000000	
0.000001	0.702571	0.000000	0.000000	0.711949	
0.448115	0.000000	0.899406	0.000000	0.000000	
0.495185	0.000174	0.504783	0.707669	0.000000	
0.342735	0.342637	0.145617	0.722030	0.486180	
0.413576	0.000000	0.820854	0.411339	0.000000	
0.000057	0.393170	0.000073	0.798208	0.474563	
0.000002	0.908995	0.090092	0.000000	0.407391	
0.915262	0.000000	0.042098	0.000000	0.406897	
0.710774	0.019475	0.501784	0.492748	0.000006	
0.000000	0.000014	0.823230	0.000000	0.568013	
0.409554	0.769247	0.000000	0.490723	0.000000	
0.789308	0.461162	0.000000	0.405862	0.000000	
0.942882	0.063222	0.086638	0.315626	0.000000	
0.093599	0.884724	0.413085	0.000000	0.195739	
0.000001	0.000001	0.949416	0.000000	0.314469	
0.675828	0.000899	0.742702	0.000000	0.000000	
0.235742	0.440649	0.498063	0.506409	0.511578	
0.000045	0.000000	0.319280	0.000000	0.948343	
