0.707107	0.000000	0.000000	0.707107	0.000000	
0.408250	0.000000	0.408250	0.000000	0.816495	
0.000000	0.408250	0.000000	0.408250	0.816495	
0.000000	0.816496	0.000000	0.408249	0.408248	
0.816500	0.000000	0.408240	0.000000	0.408248	
0.948684	0.000000	0.000000	0.316226	0.000000	
0.000000	0.000000	1.000000	0.000000	0.000000	
0.408250	0.408250	0.000000	0.000000	0.816495	
0.000000	0.000000	0.000000	0.707105	0.707109	
0.408250	0.408250	0.000000	0.816495	0.000000	
0.408253	0.000000	0.408253	0.816492	0.000000	
0.408249	0.816497	0.000000	0.408247	0.000000	
0.000000	0.316229	0.000000	0.948683	0.000000	
0.000000	0.816500	0.408240	0.000000	0.408248	
0.000000	0.408253	0.408253	0.816492	0.000000	
0.408265	0.408265	0.816480	0.000000	0.000000	
0.000000	0.316218	0.948687	0.000000	0.000000	
0.000000	0.948687	0.316216	0.000000	0.000000	
0.000000	0.707107	0.000000	0.707107	0.000000	
0.948693	0.316199	0.000000	0.000000	0.000000	
0.000000	0.000000	0.000000	0.000000	1.000000	
0.000000	0.316226	0.000000	0.000000	0.948684	
0.408249	0.816496	0.408250	0.000000	0.000000	
0.948687	0.000000	0.316216	0.000000	0.000000	
0.000000	0.000000	0.000000	0.316226	0.948684	
0.000000	0.707105	0.000000	0.000000	0.707109	
0.408250	0.000000	0.000000	0.408250	0.816495	
0.316226	0.000000	0.000000	0.000000	0.948684	
0.500008	0.500008	0.499987	0.000000	0.499997	
0.707107	0.000000	0.707107	0.000000	0.000000	
0.408258	0.000000	0.816492	0.408247	0.000000	
0.816501	0.000000	0.408241	0.408247	0.000000	
0.316229	0.000000	0.000000	0.948683	0.000000	
0.000000	0.500004	0.500004	0.500019	0.499972	
0.948683	0.000000	0.000000	0.000000	0.316228	
0.707105	0.000000	0.000000	0.000000	0.707109	
0.000000	0.000000	0.948683	0.000000	0.316228	
0.000000	0.000000	0.000000	1.000000	0.000000	
0.000000	0.000000	0.316229	0.948683	0.000000	
0.000000	0.000000	0.316226	0.000000	0.948684	
0.000000	0.707107	0.707107	0.000000	0.000000	
0.316218	0.000000	0.948687	0.000000	0.000000	
0.000000	0.948683	0.000000	0.000000	0.316228	
0.816488	0.408266	0.000000	0.000000	0.408248	
0.000000	0.408244	0.000000	0.816499	0.408248	
0.000000	0.408250	0.408250	0.000000	0.816495	
0.000000	0.816501	0.408241	0.408247	0.000000	
0.816500	0.408243	0.000000	0.408247	0.000000	
0.499982	0.499982	0.499961	0.500075	0.000000	
0.816496	0.000000	0.000000	0.408249	0.408248	
0.500004	0.000000	0.500004	0.500019	0.499972	
0.000000	0.000000	0.816496	0.408249	0.408248	
0.000000	0.000000	0.000000	0.948683	0.316228	
0.000000	0.000000	0.408250	0.408250	0.816495	
0.707107	0.707107	0.000000	0.000000	0.000000	
0.000000	0.000000	0.948684	0.316226	0.000000	
0.000000	1.000000	0.000000	0.000000	0.000000	
0.000000	0.948684	0.000000	0.316226	0.000000	
0.499996	0.499996	0.000000	0.500011	0.499997	
0.408258	0.000000	0.816492	0.000000	0.408248	
0.408244	0.000000	0.000000	0.816499	0.408248	
0.816506	0.408246	0.408232	0.000000	0.000000	
0.000000	0.000000	0.707107	0.707107	0.000000	
0.000000	0.408259	0.816492	0.408247	0.000000	
0.316234	0.948681	0.000000	0.000000	0.000000	
1.000000	0.000000	0.000000	0.000000	0.000000	
0.000000	0.000000	0.707105	0.000000	0.707109	
0.408249	0.816496	0.000000	0.000000	0.408248	
0.000000	0.000000	0.408244	0.816499	0.408248	
0.000000	0.408258	0.816492	0.000000	0.408248	
0.000000	0.941279	0.005346	0.337588	0.000000	
0.001919	0.710642	0.494883	0.500075	0.000000	
0.435369	0.802362	0.001611	0.408247	0.000000	
0.605093	0.000000	0.681179	0.412228	0.000000	
0.577358	0.577358	0.577334	0.000005	0.000000	
0.000000	0.341283	0.619448	0.707241	0.000000	
0.440573	0.000000	0.000000	0.845050	0.317668	
0.011243	0.001991	0.792996	0.396540	0.462367	
0.012425	0.912773	0.058287	0.000000	0.404097	
0.333088	0.898593	0.000000	0.090300	0.271011	
0.239404	0.000000	0.240895	0.000000	0.950555	
0.304155	0.000000	0.086538	0.000000	0.948684	
0.023525	0.000000	0.606488	0.606944	0.514213	
0.000000	0.469151	0.782812	0.408782	0.000130	
0.571758	0.571758	0.587421	0.000000	0.040536	
0.582540	0.595422	0.586814	0.000000	0.000000	
0.785802	0.372175	0.000000	0.495137	0.004827	
0.000000	0.931867	0.374523	0.000000	0.000000	
0.312788	0.046450	0.948687	0.000000	0.000000	
0.500008	0.500008	0.499987	0.000000	0.499997	
0.000639	0.000000	0.912871	0.000000	0.408248	
0.717895	0.000000	0.000000	0.696151	0.000000	
0.000000	0.287734	0.053072	0.956239	0.000000	
0.000000	0.577352	0.000000	0.000000	0.816495	
0.007099	0.000009	0.133821	0.268022	0.954047	
0.019265	0.000000	0.910733	0.412552	0.000000	
0.000000	0.000000	0.000000	1.003033	0.000000	
0.781586	0.000000	0.552642	0.000011	0.324600	
0.335263	0.335263	0.335250	0.000000	0.814152	
1.000000	0.000000	0.000000	0.000035	0.000000	
