0.408213	0.000000	0.408192	0.816542	0.000000	
0.000000	0.498828	0.498802	0.502534	0.499827	
0.000000	0.707110	0.000000	0.000000	0.707104	
0.000000	0.000000	0.316216	0.000000	0.948687	
0.816494	0.000000	0.000000	0.408254	0.408248	
0.000000	0.408271	0.000000	0.408270	0.816475	
0.000000	0.000000	0.000000	0.948683	0.316229	
0.000000	0.816435	0.408376	0.000000	0.408245	
0.408275	0.408264	0.000000	0.000000	0.816475	
0.000000	0.408238	0.408228	0.000000	0.816511	
0.000000	0.408262	0.000000	0.816490	0.408248	
0.816456	0.408418	0.000000	0.408159	0.000000	
0.500317	0.500212	0.499967	0.000000	0.500078	
0.000000	0.000000	1.000000	0.000000	0.000000	
0.408278	0.000000	0.816467	0.408277	0.000000	
0.000000	0.948703	0.316169	0.000000	0.000000	
0.408281	0.408249	0.816480	0.000000	0.000000	
0.816431	0.000000	0.408376	0.408251	0.000000	
0.500140	0.500254	0.000000	0.499588	0.500017	
0.408239	0.000000	0.408229	0.000000	0.816511	
0.707110	0.000000	0.000000	0.000000	0.707104	
0.000000	0.000000	0.000000	1.000000	0.000000	
0.000000	0.408410	0.816748	0.407584	0.000000	
0.408270	0.000000	0.000000	0.408270	0.816475	
0.499872	0.499858	0.500393	0.499878	0.000000	
0.000000	0.000000	0.707110	0.000000	0.707104	
0.000000	0.408213	0.408192	0.816542	0.000000	
0.408262	0.000000	0.000000	0.816490	0.408248	
0.000000	0.316311	0.948656	0.000000	0.000000	
0.316232	0.000000	0.000000	0.000000	0.948682	
0.000000	0.000000	0.949470	0.000000	0.316438	
0.000000	0.948685	0.000000	0.000000	0.316224	
0.408067	0.816587	0.000000	0.000000	0.408248	
0.316172	0.948702	0.000000	0.000000	0.000000	
0.000000	0.316231	0.000000	0.948682	0.000000	
0.000000	0.948684	0.000000	0.316226	0.000000	
0.408295	0.816614	0.407965	0.000000	0.000000	
0.948666	0.316281	0.000000	0.000000	0.000000	
0.408215	0.000000	0.816515	0.000000	0.408244	
0.000000	0.000000	0.000000	0.000000	1.000000	
0.707145	0.000000	0.707148	0.000000	0.000000	
0.948683	0.000000	0.000000	0.000000	0.316229	
0.000000	0.000000	0.000000	0.316232	0.948682	
0.000000	0.707108	0.000000	0.707106	0.000000	
0.408246	0.408232	0.000000	0.816505	0.000000	
0.000000	0.000000	0.816535	0.408171	0.408248	
0.316311	0.000000	0.948656	0.000000	0.000000	
1.000000	0.000000	0.000000	0.000000	0.000000	
0.000000	0.316232	0.000000	0.000000	0.948682	
0.816508	0.000000	0.408226	0.000000	0.408248	
0.948684	0.000000	0.000000	0.316226	0.000000	
0.000000	0.000000	0.408389	0.816426	0.408248	
0.499986	0.000000	0.499816	0.500263	0.499935	
0.816585	0.408364	0.407956	0.000000	0.000000	
0.816523	0.408195	0.000000	0.000000	0.408248	
0.707117	0.707097	0.000000	0.000000	0.000000	
0.000000	0.408285	0.816480	0.000000	0.408244	
0.000000	0.000000	0.949033	0.316343	0.000000	
0.408773	0.816232	0.000000	0.408252	0.000000	
0.000000	0.000000	0.316182	0.948699	0.000000	
0.000000	0.816657	0.000000	0.407886	0.408289	
0.000000	0.000000	0.000000	0.707110	0.707104	
0.316231	0.000000	0.000000	0.948682	0.000000	
0.707107	0.000000	0.000000	0.707107	0.000000	
0.948689	0.000000	0.316209	0.000000	0.000000	
0.000000	0.707115	0.707099	0.000000	0.000000	
0.000000	1.000000	0.000000	0.000000	0.000000	
0.000000	0.000000	0.408271	0.408269	0.816475	
0.000000	0.000000	0.707107	0.707107	0.000000	
0.000000	0.816431	0.408376	0.408251	0.000000	
0.314196	0.036002	0.894419	0.316226	0.000000	
0.000000	0.000000	0.408271	0.408269	0.816475	
0.601411	0.773269	0.000000	0.245974	0.000000	
0.704467	0.063923	0.719440	0.007812	0.000000	
0.409714	0.819882	0.000000	0.000000	0.409895	
0.217907	0.672987	0.000000	0.499588	0.500017	
0.000000	0.000000	0.000000	1.012910	0.000000	
0.407464	0.000000	0.420419	0.000000	0.828027	
0.039954	0.406302	0.000000	0.816490	0.408248	
0.000000	0.579039	0.000000	0.815300	0.000000	
0.314389	0.000000	0.949294	0.000000	0.000000	
0.897675	0.448764	0.000000	0.018002	0.000000	
0.000000	0.707110	0.000000	0.000000	0.707104	
0.707107	0.000000	0.000000	0.707107	0.000000	
0.109490	1.015352	0.000000	0.000000	0.107082	
0.725421	0.723433	0.002268	0.000000	0.000000	
0.000000	0.760025	0.300014	0.582082	0.054628	
0.580411	0.000000	0.000000	0.000000	0.814324	
0.962469	0.342769	0.000000	0.340560	0.000000	
0.428714	0.582121	0.000000	0.709107	0.000000	
0.912871	0.000000	0.000000	0.408252	0.000000	
0.479194	0.046487	0.423637	0.778727	0.000000	
0.227827	0.338755	0.408230	0.000000	0.816513	
0.000000	0.000000	0.948684	0.316226	0.000000	
0.396647	0.071166	0.819402	0.000000	0.407661	
0.000000	0.227262	0.216405	0.950321	0.000000	
0.000000	0.948703	0.316169	0.000000	0.000000	
0.015813	0.207305	0.207903	0.000000	0.955799	
0.001740	0.011739	0.023732	0.890534	0.563786	
0.000000	0.424628	0.849163	0.000000	0.424585	
