0.000000	0.000000	0.707105	0.000000	0.707109	
0.000000	0.408253	0.408253	0.816492	0.000000	
0.000000	0.707107	0.707107	0.000000	0.000000	
0.948684	0.000000	0.000000	0.316226	0.000000	
0.408250	0.408250	0.000000	0.816495	0.000000	
0.000000	0.316231	0.000000	0.000000	0.948682	
0.000000	0.316218	0.948687	0.000000	0.000000	
0.316229	0.000000	0.000000	0.948683	0.000000	
0.500004	0.000000	0.500004	0.500020	0.499972	
0.000000	0.816496	0.000000	0.408249	0.408248	
0.707107	0.707107	0.000000	0.000000	0.000000	
0.500004	0.500004	0.499982	0.000000	0.500010	
0.000000	0.948684	0.000000	0.316226	0.000000	
0.408273	0.000000	0.816485	0.408247	0.000000	
0.816507	0.408245	0.408232	0.000000	0.000000	
0.816500	0.408243	0.000000	0.408247	0.000000	
0.408244	0.000000	0.000000	0.816499	0.408248	
0.000000	0.408250	0.408250	0.000000	0.816495	
0.816496	0.000000	0.000000	0.408249	0.408248	
0.408250	0.000000	0.000000	0.408250	0.816495	
0.707107	0.000000	0.000000	0.707107	0.000000	
0.316226	0.000000	0.000000	0.000000	0.948684	
0.499982	0.499982	0.499961	0.500075	0.000000	
0.408265	0.408265	0.816480	0.000000	0.000000	
0.000000	0.816505	0.408233	0.408247	0.000000	
0.000000	0.948689	0.316212	0.000000	0.000000	
0.000000	0.000000	0.000000	0.316226	0.948684	
0.816505	0.000000	0.408233	0.408247	0.000000	
0.000000	0.408250	0.000000	0.408250	0.816495	
0.816501	0.000000	0.408240	0.000000	0.408248	
1.000000	0.000000	0.000000	0.000000	0.000000	
0.000000	0.000000	1.000000	0.000000	0.000000	
0.408249	0.816497	0.000000	0.408247	0.000000	
0.816488	0.408266	0.000000	0.000000	0.408248	
0.000000	0.707105	0.000000	0.000000	0.707109	
0.408250	0.000000	0.408250	0.000000	0.816495	
0.000000	0.000000	0.948684	0.316226	0.000000	
0.000000	0.408278	0.816482	0.408247	0.000000	
0.408253	0.816502	0.408232	0.000000	0.000000	
0.316234	0.948681	0.000000	0.000000	0.000000	
0.408250	0.408250	0.000000	0.000000	0.816495	
0.000000	0.000000	0.948683	0.000000	0.316228	
0.000000	0.000000	0.408250	0.408250	0.816495	
0.707107	0.000000	0.707107	0.000000	0.000000	
0.000000	0.000000	0.408256	0.816493	0.408248	
0.000000	0.500033	0.500033	0.499973	0.499960	
0.948693	0.316199	0.000000	0.000000	0.000000	
0.316218	0.000000	0.948687	0.000000	0.000000	
0.707105	0.000000	0.000000	0.000000	0.707109	
0.000000	0.000000	0.000000	0.000000	1.000000	
0.948683	0.000000	0.000000	0.000000	0.316228	
0.000000	0.948683	0.000000	0.000000	0.316228	
0.948689	0.000000	0.316212	0.000000	0.000000	
0.408250	0.816496	0.000000	0.000000	0.408248	
0.499991	0.499991	0.000000	0.500007	0.500010	
0.000000	0.000000	0.707107	0.707107	0.000000	
0.000000	0.408244	0.000000	0.816499	0.408248	
0.000000	0.000000	0.316229	0.948683	0.000000	
0.408278	0.000000	0.816482	0.000000	0.408248	
0.000000	0.000000	0.816496	0.408249	0.408248	
0.000000	0.000000	0.316226	0.000000	0.948684	
0.408253	0.000000	0.408253	0.816492	0.000000	
0.000000	0.408278	0.816482	0.000000	0.408248	
0.000000	0.000000	0.000000	0.948683	0.316228	
0.000000	0.316229	0.000000	0.948683	0.000000	
0.000000	0.816501	0.408240	0.000000	0.408248	
0.000000	1.000000	0.000000	0.000000	0.000000	
0.000000	0.000000	0.000000	1.000000	0.000000	
0.000000	0.707107	0.000000	0.707107	0.000000	
0.000000	0.000000	0.000000	0.707105	0.707109	
0.000000	0.000000	0.990139	0.140088	0.000000	
0.575388	0.000000	0.582962	0.000000	0.574724	
0.982470	0.199507	0.000000	0.000000	0.000000	
0.647129	0.538504	0.123992	0.330450	0.408248	
0.438629	0.000000	0.087464	0.894541	0.000000	
0.000000	0.000000	0.817098	0.408550	0.406741	
0.934851	0.161855	0.000000	0.316002	0.000000	
0.000000	0.629547	0.629547	0.133967	0.437880	
0.014949	0.000000	0.000000	0.594794	0.805477	
0.816500	0.408243	0.000000	0.408247	0.000000	
0.408250	0.000000	0.000000	0.408250	0.816495	
0.577356	0.000000	0.001252	0.816492	0.000000	
0.475121	0.000000	0.237554	0.000000	0.847977	
0.075911	0.229748	0.125684	0.000000	0.962416	
0.901285	0.000000	0.000000	0.000000	0.433226	
0.747017	0.000000	0.335980	0.000000	0.574724	
0.000000	0.778477	0.000000	0.670688	0.000000	
0.409437	0.409437	0.815305	0.000000	0.000000	
0.000000	0.952873	0.309902	0.000000	0.000000	
0.389194	0.123682	0.000000	0.816759	0.408378	
0.025361	0.515570	0.000000	0.795955	0.316228	
0.000000	0.896629	0.000000	0.448315	0.000000	
0.001427	0.871981	0.000000	0.000000	0.498835	
0.848856	0.000000	0.000000	0.424429	0.316991	
0.000000	0.000000	0.000000	0.494085	0.871616	
0.173189	0.134954	0.210884	0.086159	0.949175	
0.000000	0.000000	0.000000	0.948683	0.316228	
0.000000	0.062918	0.901872	0.435187	0.000000	
0.911326	0.000000	0.409880	0.053131	0.000000	
0.289113	0.000000	0.957295	0.000000	0.000000	
