0.408265	0.408265	0.816480	0.000000	0.000000	
0.408250	0.816497	0.000000	0.408246	0.000000	
0.000000	0.707107	0.000000	0.707107	0.000000	
0.000000	0.948684	0.000000	0.316226	0.000000	
0.000000	0.000000	0.816496	0.408249	0.408248	
0.816505	0.000000	0.408234	0.408246	0.000000	
0.948689	0.000000	0.316212	0.000000	0.000000	
0.000000	0.408278	0.816482	0.000000	0.408248	
0.816466	0.408292	0.408266	0.000000	0.000000	
0.000000	0.408245	0.408245	0.000000	0.816500	
0.000000	0.000000	0.707105	0.000000	0.707109	
0.316218	0.000000	0.948687	0.000000	0.000000	
0.000000	0.316229	0.000000	0.948683	0.000000	
0.000000	0.500036	0.500030	0.499974	0.499960	
0.500037	0.000000	0.500030	0.499973	0.499960	
0.816487	0.408270	0.000000	0.408246	0.000000	
0.000000	0.000000	0.707107	0.707107	0.000000	
0.707110	0.000000	0.000000	0.000000	0.707104	
0.408234	0.408234	0.000000	0.000000	0.816511	
0.316229	0.000000	0.000000	0.948683	0.000000	
0.000000	0.948689	0.316212	0.000000	0.000000	
0.000000	0.000000	0.948683	0.000000	0.316228	
0.408278	0.000000	0.816482	0.000000	0.408248	
0.000000	0.000000	0.948684	0.316226	0.000000	
0.948671	0.316264	0.000000	0.000000	0.000000	
0.000000	0.316218	0.948687	0.000000	0.000000	
0.408243	0.816499	0.000000	0.000000	0.408248	
0.000000	0.408261	0.000000	0.816490	0.408248	
0.000000	0.000000	0.000000	0.948894	0.316298	
0.000000	0.000000	0.408246	0.408245	0.816500	
0.000000	0.000000	0.000000	0.316231	0.948682	
0.000000	0.816496	0.000000	0.408250	0.408248	
0.000000	0.000000	0.316231	0.000000	0.948682	
0.408240	0.000000	0.408239	0.816505	0.000000	
0.000000	0.000000	0.000000	1.000000	0.000000	
0.499967	0.499967	0.499991	0.500075	0.000000	
0.707107	0.000000	0.000000	0.707107	0.000000	
0.948683	0.000000	0.000000	0.000000	0.316228	
0.000000	0.948683	0.000000	0.000000	0.316228	
0.408256	0.816501	0.408231	0.000000	0.000000	
0.707107	0.000000	0.707107	0.000000	0.000000	
0.000000	0.000000	0.000000	0.707110	0.707104	
0.500016	0.500015	0.000000	0.499958	0.500011	
0.000000	0.408234	0.000000	0.408234	0.816511	
0.000000	0.000000	0.316229	0.948683	0.000000	
0.000000	0.000000	0.408261	0.816490	0.408248	
0.499988	0.499988	0.500013	0.000000	0.500011	
0.000000	0.000000	0.000000	0.000000	1.000000	
0.000000	0.316231	0.000000	0.000000	0.948682	
0.408278	0.000000	0.816483	0.408246	0.000000	
0.000000	0.707110	0.000000	0.000000	0.707104	
0.000000	0.707107	0.707107	0.000000	0.000000	
0.000000	0.408278	0.816483	0.408246	0.000000	
0.000000	0.816504	0.408233	0.000000	0.408248	
0.000000	1.000000	0.000000	0.000000	0.000000	
0.816473	0.408296	0.000000	0.000000	0.408248	
0.000000	0.816505	0.408234	0.408246	0.000000	
0.408245	0.000000	0.408245	0.000000	0.816500	
0.316234	0.948681	0.000000	0.000000	0.000000	
0.316231	0.000000	0.000000	0.000000	0.948682	
0.816496	0.000000	0.000000	0.408249	0.408248	
0.707107	0.707107	0.000000	0.000000	0.000000	
0.000000	0.408240	0.408239	0.816505	0.000000	
0.816504	0.000000	0.408233	0.000000	0.408248	
0.408261	0.000000	0.000000	0.816490	0.408248	
0.000000	0.000000	1.000000	0.000000	0.000000	
0.408240	0.408239	0.000000	0.816505	0.000000	
0.408235	0.000000	0.000000	0.408235	0.816510	
1.000000	0.000000	0.000000	0.000000	0.000000	
0.948684	0.000000	0.000000	0.316226	0.000000	
0.000000	0.000000	0.000000	1.000000	0.000000	
0.000000	0.000000	0.000000	0.960976	0.276631	
0.148535	0.691333	0.000000	0.000000	0.707104	
0.939778	0.318876	0.145140	0.000000	0.000000	
0.406735	0.035019	0.408239	0.816505	0.000000	
0.000000	0.828557	0.560872	0.000000	0.000000	
0.707107	0.000000	0.707107	0.000000	0.000000	
0.742701	0.305969	0.000000	0.041434	0.595687	
0.000972	0.519207	0.000000	0.734295	0.437489	
0.282805	0.141739	0.000000	0.949005	0.000000	
0.036146	0.948000	0.316212	0.000000	0.000000	
0.000000	0.000000	0.566108	0.113465	0.816530	
0.483951	0.483951	0.483974	0.484055	0.251082	
0.261538	0.000000	0.000000	0.794818	0.553969	
0.051156	0.000000	0.998691	0.000000	0.000000	
0.274315	0.774389	0.048724	0.137381	0.552399	
0.867509	0.000000	0.285627	0.000000	0.408449	
0.464272	0.764704	0.000521	0.446849	0.020849	
0.657612	0.753357	0.000000	0.000000	0.000000	
0.707107	0.000000	0.000000	0.707107	0.000000	
0.000000	0.583093	0.036748	0.817871	0.000000	
0.008924	0.995995	0.000000	0.094405	0.000000	
0.465393	0.000000	0.528284	0.497774	0.506504	
0.922088	0.064097	0.381634	0.000198	0.000000	
0.000000	0.359072	0.839286	0.000000	0.408248	
0.750073	0.309006	0.000000	0.573561	0.121305	
0.000000	0.000000	0.514881	0.857262	0.000000	
0.239750	0.207107	0.950486	0.000000	0.000000	
0.000000	0.408245	0.408245	0.000000	0.816500	
0.657784	0.097822	0.000000	0.000000	0.751479	
