0.000000	0.816496	0.000000	0.408249	0.408248	
0.000000	0.948683	0.000000	0.000000	0.316228	
0.000000	0.408259	0.816492	0.408247	0.000000	
0.500008	0.500008	0.499987	0.000000	0.499997	
0.408250	0.000000	0.000000	0.408250	0.816495	
0.816500	0.408243	0.000000	0.408247	0.000000	
0.316229	0.000000	0.000000	0.948683	0.000000	
0.408249	0.816497	0.000000	0.408247	0.000000	
0.000000	0.000000	0.707105	0.000000	0.707109	
0.707105	0.000000	0.000000	0.000000	0.707109	
0.000000	0.316229	0.000000	0.000000	0.948683	
0.499996	0.499996	0.000000	0.500011	0.499997	
0.000000	0.000000	0.000000	0.000000	1.000000	
0.408258	0.000000	0.816492	0.408247	0.000000	
0.000000	0.316229	0.000000	0.948683	0.000000	
0.000000	0.000000	0.316229	0.000000	0.948683	
0.316234	0.948681	0.000000	0.000000	0.000000	
0.000000	0.948687	0.316216	0.000000	0.000000	
0.000000	0.000000	0.000000	0.316229	0.948683	
0.000000	0.707107	0.000000	0.707107	0.000000	
1.000000	0.000000	0.000000	0.000000	0.000000	
0.948684	0.000000	0.000000	0.316226	0.000000	
0.816496	0.000000	0.000000	0.408249	0.408248	
0.000000	0.499996	0.499996	0.500011	0.499997	
0.816501	0.000000	0.408241	0.408247	0.000000	
0.408249	0.816496	0.000000	0.000000	0.408248	
0.000000	0.408250	0.408250	0.000000	0.816495	
0.000000	0.000000	1.000000	0.000000	0.000000	
0.707107	0.707107	0.000000	0.000000	0.000000	
0.408258	0.000000	0.816492	0.000000	0.408248	
0.000000	0.408253	0.408253	0.816492	0.000000	
0.707107	0.000000	0.707107	0.000000	0.000000	
0.948693	0.316199	0.000000	0.000000	0.000000	
0.408253	0.000000	0.408253	0.816492	0.000000	
0.000000	0.000000	0.816496	0.408249	0.408248	
0.000000	0.000000	0.000000	0.948683	0.316228	
0.948683	0.000000	0.000000	0.000000	0.316228	
0.408250	0.408250	0.000000	0.816495	0.000000	
0.408248	0.816496	0.408250	0.000000	0.000000	
0.408250	0.000000	0.000000	0.816495	0.408248	
0.000000	0.000000	0.948683	0.000000	0.316228	
0.316218	0.000000	0.948687	0.000000	0.000000	
0.000000	0.000000	0.707107	0.707107	0.000000	
0.000000	0.707107	0.707107	0.000000	0.000000	
0.000000	0.816501	0.408241	0.408247	0.000000	
0.000000	0.707105	0.000000	0.000000	0.707109	
0.000000	0.316218	0.948687	0.000000	0.000000	
0.000000	0.408258	0.816492	0.000000	0.408248	
0.000000	1.000000	0.000000	0.000000	0.000000	
0.316229	0.000000	0.000000	0.000000	0.948683	
0.816500	0.000000	0.408241	0.000000	0.408248	
0.000000	0.408250	0.000000	0.408250	0.816495	
0.707107	0.000000	0.000000	0.707107	0.000000	
0.948687	0.000000	0.316216	0.000000	0.000000	
0.499982	0.499982	0.499961	0.500075	0.000000	
0.816488	0.408265	0.000000	0.000000	0.408248	
0.000000	0.000000	0.316229	0.948683	0.000000	
0.000000	0.000000	0.408250	0.408250	0.816495	
0.816499	0.408243	0.408250	0.000000	0.000000	
0.408250	0.408250	0.000000	0.000000	0.816495	
0.408243	0.408243	0.816502	0.000000	0.000000	
0.000000	0.000000	0.948684	0.316226	0.000000	
0.000000	0.000000	0.000000	1.000000	0.000000	
0.000000	0.948684	0.000000	0.316226	0.000000	
0.408250	0.000000	0.408250	0.000000	0.816495	
0.499996	0.000000	0.499996	0.500011	0.499997	
0.000000	0.000000	0.000000	0.707105	0.707109	
0.000000	0.816500	0.408240	0.000000	0.408248	
0.000000	0.000000	0.408251	0.816495	0.408248	
0.000000	0.408244	0.000000	0.816499	0.408248	
0.707105	0.000000	0.000000	0.000000	0.707109	
0.000000	0.000000	0.314207	0.955251	0.000000	
0.635843	0.629056	0.447205	0.000000	0.000000	
0.584576	0.008955	0.000000	0.413419	0.709811	
0.797825	0.011154	0.607185	0.000000	0.004110	
0.000000	0.000000	0.413544	0.413544	0.815001	
0.000000	0.000000	0.948683	0.000000	0.316228	
0.000000	0.316229	0.000000	0.948683	0.000000	
0.034659	0.497508	0.501280	0.000000	0.707109	
0.948610	0.011861	0.000000	0.316226	0.000000	
0.000000	0.496247	0.000000	0.503722	0.707109	
0.420545	0.427594	0.000000	0.802296	0.000000	
0.007438	0.248526	0.052946	0.000000	0.971057	
0.000000	0.689271	0.158441	0.000000	0.707250	
0.000000	0.000000	0.945815	0.324706	0.000000	
0.000000	0.000000	0.640398	0.650557	0.408248	
0.018340	0.000000	0.535881	0.000000	0.847908	
0.468214	0.005854	0.000000	0.871015	0.148571	
0.000000	0.593951	0.668409	0.204168	0.410179	
0.565443	0.491750	0.438089	0.501254	0.000000	
0.000000	0.385448	0.831520	0.409876	0.000000	
0.415621	0.339700	0.000000	0.241616	0.832479	
0.481602	0.476637	0.738942	0.000000	0.000000	
0.447214	0.894427	0.000000	0.000000	0.000000	
0.000000	0.707107	0.000000	0.707107	0.000000	
0.010311	0.865327	0.000000	0.502516	0.000000	
0.000000	0.907224	0.421200	0.000000	0.000000	
0.000000	0.401260	0.000000	0.819954	0.408248	
0.948683	0.000000	0.000000	0.000000	0.316228	
0.000000	0.999089	0.000402	0.000000	0.044372	
