0.000000	0.000000	0.816496	0.408249	0.408248	
0.316231	0.000000	0.000000	0.000000	0.948682	
0.707105	0.000000	0.000000	0.000000	0.707109	
0.000000	0.000000	0.000000	0.948683	0.316228	
0.000000	0.316218	0.948687	0.000000	0.000000	
0.500029	0.000000	0.500029	0.499970	0.499971	
0.000000	0.948683	0.000000	0.000000	0.316228	
0.499988	0.499988	0.500013	0.000000	0.500011	
0.000000	0.000000	0.000000	0.316231	0.948682	
0.000000	0.000000	0.408256	0.816493	0.408248	
0.816504	0.000000	0.408233	0.000000	0.408248	
0.000000	0.000000	0.316229	0.948683	0.000000	
0.000000	0.707107	0.000000	0.707107	0.000000	
0.000000	0.707107	0.707107	0.000000	0.000000	
0.000000	0.948684	0.000000	0.316226	0.000000	
0.000000	0.000000	0.408267	0.408267	0.816529	
0.408250	0.816496	0.000000	0.000000	0.408248	
0.408250	0.000000	0.000000	0.408250	0.816495	
0.816487	0.408270	0.000000	0.408246	0.000000	
0.408253	0.816502	0.408232	0.000000	0.000000	
0.000000	0.408250	0.000000	0.408250	0.816495	
0.000000	0.408261	0.000000	0.816490	0.408248	
0.000000	0.316231	0.000000	0.000000	0.948682	
0.000000	0.000000	0.000000	0.707105	0.707109	
0.948671	0.316264	0.000000	0.000000	0.000000	
0.707107	0.000000	0.000000	0.707107	0.000000	
0.948689	0.000000	0.316212	0.000000	0.000000	
0.000000	0.408253	0.408253	0.816492	0.000000	
0.000000	1.000000	0.000000	0.000000	0.000000	
0.000000	0.000000	0.316231	0.000000	0.948682	
0.000000	0.000000	0.000000	1.000000	0.000000	
0.408253	0.408253	0.000000	0.816491	0.000000	
0.000000	0.000000	0.948683	0.000000	0.316228	
0.000000	0.707105	0.000000	0.000000	0.707109	
0.000000	0.000000	0.707107	0.707107	0.000000	
0.948683	0.000000	0.000000	0.000000	0.316228	
0.408250	0.408250	0.000000	0.000000	0.816495	
0.499967	0.499967	0.499991	0.500075	0.000000	
0.408265	0.408265	0.816480	0.000000	0.000000	
0.000000	0.500036	0.500030	0.499973	0.499960	
0.000000	0.408250	0.408250	0.000000	0.816495	
0.000000	0.816504	0.408233	0.000000	0.408248	
0.000000	0.000000	0.707105	0.000000	0.707109	
0.816496	0.000000	0.000000	0.408249	0.408248	
0.316229	0.000000	0.000000	0.948683	0.000000	
0.000000	0.948689	0.316212	0.000000	0.000000	
0.000000	0.000000	0.000000	0.000000	1.000000	
0.408261	0.000000	0.000000	0.816490	0.408248	
1.000000	0.000000	0.000000	0.000000	0.000000	
0.707107	0.000000	0.707107	0.000000	0.000000	
0.000000	0.316229	0.000000	0.948683	0.000000	
0.707107	0.707107	0.000000	0.000000	0.000000	
0.408253	0.000000	0.408253	0.816492	0.000000	
0.000000	0.408278	0.816482	0.000000	0.408248	
0.316218	0.000000	0.948687	0.000000	0.000000	
0.408278	0.000000	0.816482	0.408247	0.000000	
0.816480	0.408299	0.408231	0.000000	0.000000	
0.408250	0.000000	0.408250	0.000000	0.816495	
0.816473	0.408296	0.000000	0.000000	0.408248	
0.000000	0.000000	1.000000	0.000000	0.000000	
0.408278	0.000000	0.816482	0.000000	0.408248	
0.408250	0.816496	0.000000	0.408247	0.000000	
0.500016	0.500015	0.000000	0.499958	0.500011	
0.000000	0.816496	0.000000	0.408250	0.408248	
0.000000	0.408278	0.816482	0.408247	0.000000	
0.000000	0.000000	0.948684	0.316226	0.000000	
0.816505	0.000000	0.408233	0.408247	0.000000	
0.948684	0.000000	0.000000	0.316226	0.000000	
0.316234	0.948681	0.000000	0.000000	0.000000	
0.000000	0.816505	0.408234	0.408246	0.000000	
0.242505	0.199818	0.035592	0.000000	0.948682	
0.000000	0.000000	0.945173	0.000000	0.326571	
0.000000	0.000000	0.577377	0.000000	0.816529	
0.273484	0.924317	0.269734	0.000000	0.000000	
0.006464	0.326783	0.246407	0.409323	0.818641	
0.579072	0.579072	0.579100	0.000000	0.000000	
0.691037	0.000000	0.722820	0.000000	0.000000	
0.004415	0.021574	0.309899	0.858377	0.408248	
0.887979	0.219848	0.000000	0.000000	0.409106	
0.306312	0.000000	0.963901	0.000000	0.000000	
0.000000	0.386065	0.000000	0.866576	0.316228	
0.000000	0.339026	0.020790	0.000000	0.941323	
0.101491	0.940425	0.072808	0.316226	0.000000	
0.276627	0.000000	0.829909	0.508055	0.000000	
0.704152	0.352127	0.000000	0.462072	0.408248	
0.221596	0.314317	0.307024	0.498288	0.717335	
0.000000	0.707107	0.707107	0.000000	0.000000	
0.000000	0.831046	0.377750	0.000000	0.408248	
0.059766	0.000000	0.998254	0.000016	0.000000	
0.697507	0.000000	0.000000	0.000000	0.716578	
0.450356	0.902277	0.000000	0.000000	0.000000	
0.289491	0.510475	0.498182	0.638299	0.000000	
0.000000	0.059923	0.000000	0.946789	0.316228	
0.408250	0.000000	0.408250	0.000000	0.816495	
0.000000	0.000000	0.971453	0.266935	0.000000	
0.481503	0.000000	0.481503	0.481446	0.555017	
0.973928	0.240248	0.000000	0.000001	0.001996	
0.000000	0.707388	0.043379	0.000000	0.705493	
0.090721	0.302925	0.948687	0.000000	0.000000	
0.000000	0.316973	0.000000	0.948435	0.000000	
