0.000000	0.316218	0.948687	0.000000	0.000000	
0.948689	0.000000	0.316212	0.000000	0.000000	
0.000000	0.000000	0.707105	0.000000	0.707109	
0.500003	0.500003	0.499983	0.000000	0.500010	
0.948683	0.000000	0.000000	0.000000	0.316228	
0.408250	0.408250	0.000000	0.816495	0.000000	
0.408244	0.000000	0.000000	0.816499	0.408248	
0.000000	0.316229	0.000000	0.948683	0.000000	
0.499982	0.499982	0.499961	0.500075	0.000000	
0.408253	0.000000	0.408253	0.816492	0.000000	
0.000000	0.408250	0.000000	0.408250	0.816495	
0.000000	0.000000	0.000000	0.000000	1.000000	
0.000000	0.000000	0.000000	1.000000	0.000000	
0.000000	0.000000	0.816496	0.408249	0.408248	
0.707105	0.000000	0.000000	0.000000	0.707109	
0.707107	0.707107	0.000000	0.000000	0.000000	
0.000000	0.000000	0.408244	0.816499	0.408248	
0.499996	0.499996	0.000000	0.500011	0.499997	
0.316226	0.000000	0.000000	0.000000	0.948684	
0.000000	0.948705	0.000000	0.000000	0.316235	
0.000000	0.000000	0.316229	0.948683	0.000000	
0.408265	0.408265	0.816480	0.000000	0.000000	
0.948693	0.316199	0.000000	0.000000	0.000000	
0.000000	0.000000	0.948684	0.316226	0.000000	
0.707107	0.000000	0.707107	0.000000	0.000000	
0.000000	0.408250	0.408250	0.000000	0.816495	
0.000000	0.000000	0.948683	0.000000	0.316228	
0.000000	0.000000	0.316226	0.000000	0.948684	
0.816496	0.000000	0.000000	0.408249	0.408248	
0.500004	0.000000	0.500004	0.500020	0.499972	
0.000000	0.316226	0.000000	0.000000	0.948684	
0.408250	0.816496	0.000000	0.000000	0.408248	
0.816501	0.000000	0.408240	0.000000	0.408248	
0.316234	0.948681	0.000000	0.000000	0.000000	
0.000000	0.707107	0.000000	0.707107	0.000000	
0.000000	0.816501	0.408241	0.408247	0.000000	
0.000000	0.707105	0.000000	0.000000	0.707109	
0.408259	0.000000	0.816491	0.000000	0.408248	
0.000000	0.816501	0.408240	0.000000	0.408248	
0.408253	0.816502	0.408232	0.000000	0.000000	
0.000000	0.707107	0.707107	0.000000	0.000000	
0.816501	0.000000	0.408241	0.408247	0.000000	
0.000000	0.408253	0.408253	0.816492	0.000000	
0.408273	0.000000	0.816485	0.408247	0.000000	
0.000000	0.948689	0.316212	0.000000	0.000000	
0.316218	0.000000	0.948687	0.000000	0.000000	
0.816500	0.408243	0.000000	0.408247	0.000000	
0.816506	0.408246	0.408232	0.000000	0.000000	
0.000000	0.000000	0.707107	0.707107	0.000000	
0.000000	0.408273	0.816484	0.000000	0.408248	
0.408250	0.408250	0.000000	0.000000	0.816495	
1.000000	0.000000	0.000000	0.000000	0.000000	
0.948684	0.000000	0.000000	0.316226	0.000000	
0.000000	1.000000	0.000000	0.000000	0.000000	
0.000000	0.408273	0.816485	0.408247	0.000000	
0.000000	0.500004	0.500004	0.500020	0.499972	
0.707107	0.000000	0.000000	0.707107	0.000000	
0.000000	0.000000	0.000000	0.948683	0.316228	
0.000000	0.000000	1.000000	0.000000	0.000000	
0.000000	0.000000	0.000000	0.316226	0.948684	
0.000000	0.000000	0.408250	0.408250	0.816495	
0.408250	0.000000	0.000000	0.408250	0.816495	
0.000000	0.948684	0.000000	0.316226	0.000000	
0.316229	0.000000	0.000000	0.948683	0.000000	
0.000000	0.408244	0.000000	0.816499	0.408248	
0.000000	0.816496	0.000000	0.408249	0.408248	
0.408249	0.816497	0.000000	0.408247	0.000000	
0.408250	0.000000	0.408250	0.000000	0.816495	
0.000000	0.000000	0.000000	0.707105	0.707109	
0.816488	0.408266	0.000000	0.000000	0.408248	
0.273198	0.273198	0.235374	0.000000	0.891810	
0.874520	0.000000	0.000000	0.261818	0.408248	
0.000000	0.000000	0.707107	0.707107	0.000000	
0.000011	0.403792	0.407930	0.000000	0.821191	
0.949308	0.000000	0.001445	0.000000	0.316170	
0.996499	0.000000	0.000000	0.000000	0.083605	
0.499669	0.531924	0.191153	0.425296	0.499972	
0.434192	0.803696	0.408502	0.000000	0.000000	
0.000000	0.316226	0.000000	0.000000	0.948684	
0.366730	0.390402	0.535635	0.428444	0.502415	
0.447241	0.000000	0.894414	0.000000	0.000000	
0.912987	0.000000	0.408280	0.017276	0.000000	
0.337944	0.000000	0.000000	0.941166	0.000000	
0.000000	0.000000	0.199202	0.246991	0.951937	
0.000000	0.000000	0.695042	0.347522	0.629401	
0.154943	0.990209	0.000000	0.000000	0.000000	
0.958621	0.283967	0.000000	0.020203	0.000000	
0.000000	0.000000	0.306046	0.928287	0.211233	
0.054573	0.911246	0.408232	0.000000	0.000000	
0.781999	0.009037	0.552971	0.000000	0.287434	
0.000000	0.000000	0.999997	0.000000	0.002368	
0.316029	0.632058	0.470666	0.528534	0.000000	
0.210952	0.000000	0.105473	0.000000	0.971889	
0.302412	0.000000	0.000000	0.914881	0.267467	
0.403606	0.398975	0.823919	0.030445	0.000000	
0.000026	0.470574	0.551466	0.688800	0.000000	
0.000189	0.985202	0.000000	0.180749	0.000000	
0.000000	0.411770	0.911421	0.000000	0.008841	
0.000000	0.316229	0.000000	0.948683	0.000000	
0.570220	0.000000	0.000317	0.000000	0.832871	
