0.026663	0.023756	0.926796	0.665471	7.763271	
0.666812	0.672642	0.008639	0.659741	7.997045	
0.000169	0.000001	0.000008	0.286601	9.592608	
0.819485	0.177821	0.785558	0.926682	5.103639	
0.077116	0.775553	0.929063	0.814472	5.312064	
0.638860	0.897462	0.009493	0.000512	7.891301	
0.027437	0.313424	0.018425	0.233520	9.151147	
0.282858	0.247088	0.001970	0.001010	9.167223	
0.000003	0.766136	0.000008	0.000055	8.630920	
0.846089	0.111190	0.919421	0.820076	4.926680	
0.014277	0.648730	0.014849	0.912746	7.846943	
0.868274	0.112496	0.790051	0.826936	4.935992	
0.007714	0.882985	0.018597	0.254030	7.872764	
0.338867	0.000000	0.322424	0.000000	9.323522	
0.672365	0.000422	0.662149	0.659629	8.043140	
0.874589	0.063177	0.304938	0.000000	7.837749	
0.000003	0.266123	0.291570	0.000004	9.173632	
0.000195	0.669630	0.663331	0.663538	8.028735	
0.665044	0.673312	0.665772	0.009560	8.095858	
0.814115	0.911959	0.110431	0.785158	5.106518	
0.846001	0.847581	0.855813	0.141134	4.759608	
0.848631	0.849750	0.855837	0.831351	3.270760	
0.000055	0.000606	0.635554	0.918809	7.995121	
0.819485	0.837521	0.939600	0.130925	5.096900	
0.108401	0.922393	0.780127	0.814053	5.183863	
0.105474	0.860957	0.878669	0.219276	6.028181	
0.000570	0.000003	0.003868	0.759530	8.654472	
0.042240	0.631695	0.906741	0.025117	7.878614	
0.284362	0.000000	0.000000	0.000000	9.589139	
0.896246	0.017889	0.084898	0.350547	7.901047	
0.629141	0.019401	0.017903	0.882719	7.875875	
0.759966	0.000003	0.000000	0.000168	8.659930	
0.329690	0.000088	0.895795	0.003373	8.024445	
0.282540	0.000000	0.000000	0.357816	9.311474	
0.028521	0.909389	0.655577	0.032760	7.739278	
0.087128	0.787928	0.808923	0.912268	5.169996	
0.926165	0.333891	0.000014	0.000342	8.148523	
0.000001	0.000032	0.291544	0.000000	9.596814	
0.000069	0.288318	0.000000	0.000077	9.593499	
0.000000	0.000000	0.000000	0.000000	10.000010	
0.227457	0.268448	0.851108	0.880032	5.793242	
0.870163	0.134715	0.878710	0.213356	5.963941	
0.001254	0.000279	0.758047	0.000816	8.675802	
0.000000	0.000000	0.297325	0.258353	9.178420	
0.201647	0.880242	0.309865	0.843800	5.874636	
0.665044	0.675577	0.010358	0.009560	8.605900	
0.000347	0.000307	0.085293	0.003840	9.848813	
0.629141	0.020062	0.017903	0.879606	7.867685	
0.000069	0.266123	0.012818	0.000076	9.562892	
0.896246	0.000000	0.086437	0.350547	7.918400	
0.334007	0.916826	0.868078	0.226661	6.106722	
0.213797	0.792476	0.880301	0.901673	4.789450	
0.213797	0.792476	0.880301	0.769076	5.044265	
0.874589	0.000000	0.304938	0.000000	7.930796	
0.870163	0.178187	0.876529	0.229981	5.855579	
0.815925	0.912152	0.110431	0.785158	5.101367	
0.329690	0.000000	0.895795	0.000491	8.025697	
0.001254	0.002305	0.758790	0.000806	8.668538	
0.672365	0.000003	0.673997	0.659629	7.957017	
0.868274	0.150562	0.784904	0.826780	4.917365	
0.255381	0.000001	0.002705	0.000949	9.570075	
0.032594	0.053868	0.017922	0.231612	9.450070	
0.846089	0.146000	0.906270	0.819587	4.792836	
0.000000	0.640626	0.023155	0.037687	9.436676	
0.005138	0.893400	0.031600	0.814552	6.690405	
0.026663	0.005339	0.926796	0.665471	7.787169	
0.014277	0.648730	0.021476	0.911856	7.835864	
0.000001	0.000763	0.291544	0.000002	9.596217	
0.107724	0.922393	0.780127	0.814552	5.185006	
0.226323	0.268448	0.851108	0.880032	5.816508	
0.000570	0.000322	0.000004	0.762275	8.647769	
0.026663	0.868177	0.922802	0.665471	6.082400	
0.755601	0.000003	0.000000	0.000168	8.826939	
0.848505	0.641186	0.053018	0.024573	7.717874	
0.772829	0.625003	0.851108	0.797422	4.996423	
0.333900	0.897462	0.009493	0.000512	8.033542	
0.819485	0.178187	0.784554	0.926682	5.108079	
0.749700	0.788488	0.904943	0.134235	5.341881	
0.339557	0.172506	0.318889	0.049654	8.901519	
0.298283	0.333891	0.317351	0.285188	8.532375	
0.266603	0.000000	0.312715	0.286854	8.829576	
0.666812	0.680746	0.008639	0.659861	7.935089	
0.323932	0.005321	0.084288	0.317295	9.135694	
0.000069	0.266123	0.896983	0.000076	7.950942	
0.014317	0.062582	0.635554	0.911856	7.852358	
0.889761	0.893383	0.861139	0.145531	4.735235	
0.139360	0.893400	0.877703	0.226661	5.980880	
0.027638	0.280589	0.018528	0.233520	9.107446	
0.282968	0.000192	0.904023	0.001738	8.025888	
0.819485	0.839691	0.054533	0.031674	6.766365	
0.201647	0.880242	0.015597	0.762846	6.608612	
0.101365	0.266123	0.875003	0.000076	7.709760	
0.896246	0.000000	0.104644	0.350547	7.875802	
0.000056	0.000000	0.000000	0.661052	9.373880	
0.889761	0.311544	0.013783	0.145328	7.686134	
0.000070	0.025307	0.000000	0.000078	9.972300	
0.841686	0.837938	0.855197	0.003956	5.173272	
0.329690	0.018265	0.281709	0.004055	9.228954	
0.000069	0.286054	0.666251	0.000077	9.055481	
0.889761	0.892897	0.861139	0.109359	4.892124	
