0.327446	0.001047	0.016229	0.879206	8.108446	
0.321038	0.351555	0.012067	0.025627	9.675655	
0.327446	0.040242	0.876011	0.041272	8.007966	
0.027928	0.313510	0.010937	0.339943	9.450546	
0.000020	0.002179	0.000052	0.293793	10.470359	
0.011349	0.001281	0.000052	0.764293	9.389271	
0.802809	0.017495	0.791130	0.872217	5.366364	
0.039384	0.830889	0.374118	0.017757	8.243586	
0.039050	0.681795	0.654451	0.590202	8.718307	
0.737592	0.649589	0.642999	0.017569	8.496537	
0.026866	0.838481	0.256275	0.863934	6.315612	
0.013177	0.890971	0.811520	0.812334	5.277757	
0.776653	0.000861	0.000041	0.000124	9.498709	
0.834818	0.352720	0.030566	0.012533	8.145992	
0.016579	0.040701	0.318497	0.862987	7.988487	
0.278562	0.831247	0.878279	0.014747	6.363580	
0.849394	0.854132	0.904737	0.229766	4.790414	
0.847747	0.838979	0.849813	0.838738	3.464832	
0.792602	0.002043	0.650400	0.619774	8.184254	
0.000180	0.001778	0.263807	0.000257	9.936571	
0.278479	0.000861	0.000044	0.000124	9.989025	
0.813570	0.928822	0.026799	0.866894	5.503528	
0.888716	0.192641	0.123255	0.886302	6.278279	
0.000398	0.014077	0.861600	0.412305	8.599359	
0.889720	0.838979	0.024250	0.838738	5.175620	
0.832988	0.839643	0.012066	0.854285	5.205859	
0.815821	0.860214	0.776654	0.005720	5.436289	
0.936302	0.029572	0.804998	0.790029	5.653515	
0.000138	0.001281	0.000014	0.000125	10.988481	
0.030222	0.328841	0.857132	0.003527	8.040140	
0.889748	0.046645	0.020783	0.413556	8.307811	
0.267290	0.059272	0.013008	0.342993	9.404803	
0.030222	0.328841	0.404632	0.003126	9.567878	
0.025954	0.831335	0.970792	0.797789	5.734442	
0.351439	0.001814	0.317640	0.007844	9.528957	
0.839186	0.058256	0.375739	0.017580	8.167465	
0.011342	0.711150	0.000334	0.018099	9.439858	
0.001662	0.900005	0.020551	0.613966	8.204759	
0.003526	0.330886	0.000996	0.849177	8.098177	
0.755946	0.745282	0.001368	0.615176	8.019877	
0.017749	0.801868	0.852145	0.919776	5.365235	
0.886837	0.040242	0.876011	0.248046	6.312020	
0.365420	0.881299	0.012825	0.025627	8.335396	
0.000746	0.277610	0.001346	0.015928	10.091260	
0.001271	0.001283	0.725111	0.004738	9.168288	
0.014897	0.000005	0.334810	0.309139	9.402316	
0.864644	0.838481	0.025765	0.210491	6.426624	
0.196920	0.040242	0.885082	0.022649	8.073281	
0.000180	0.001778	0.263523	0.000125	10.047971	
0.909457	0.192641	0.124952	0.865963	6.325311	
0.000466	0.007610	0.003409	0.249357	10.119648	
0.003610	0.282921	0.001346	0.015928	9.786031	
0.000365	0.014077	0.854401	0.417036	8.603420	
0.855061	0.352720	0.030566	0.067473	8.056826	
0.327446	0.001047	0.016229	0.879206	8.108446	
0.000138	0.001281	0.000085	0.000125	10.988410	
0.132125	0.899311	0.898082	0.014755	6.708068	
0.351439	0.002231	0.316760	0.007844	9.524375	
0.278562	0.823504	0.878279	0.014747	6.380645	
0.003734	0.339433	0.020551	0.616902	9.587502	
0.011270	0.880287	0.125134	0.019526	8.286433	
0.815737	0.928822	0.035403	0.741009	5.845728	
0.207841	0.743493	0.789653	0.890612	5.484745	
0.849394	0.856308	0.842963	0.842901	3.428239	
0.000470	0.834795	0.258131	0.855677	6.359227	
0.857067	0.057636	0.876011	0.250959	6.379729	
0.776653	0.006774	0.003049	0.000124	9.395878	
0.737592	0.640297	0.251875	0.017569	9.305578	
0.326749	0.046988	0.048575	0.008879	9.761421	
0.848426	0.004230	0.782322	0.867954	5.331278	
0.038972	0.866359	0.858030	0.797789	5.231846	
0.839186	0.057558	0.376619	0.017580	8.174812	
0.837677	0.899116	0.853661	0.027888	5.285445	
0.016579	0.345262	0.318497	0.012036	9.420782	
0.351714	0.804320	0.037099	0.018826	8.194488	
0.267290	0.183203	0.013008	0.342993	9.323177	
0.864694	0.838481	0.023602	0.245924	6.343113	
0.359081	0.217217	0.029617	0.019788	9.653878	
0.792602	0.002043	0.650400	0.619774	8.184254	
0.026793	0.020186	0.019110	0.870645	8.424828	
0.874568	0.213607	0.049356	0.258661	7.707845	
0.120682	0.003089	0.650400	0.640653	9.176341	
0.889720	0.838979	0.024250	0.838738	5.175620	
0.001271	0.790275	0.943580	0.016372	7.254188	
0.886837	0.040242	0.888533	0.861175	5.072635	
0.001600	0.330886	0.026405	0.849177	8.085790	
0.000505	0.003075	0.725565	0.004812	9.297523	
0.009687	0.681795	0.654255	0.560916	8.840502	
0.196920	0.040242	0.876011	0.890727	6.407378	
0.755946	0.745282	0.001368	0.618300	7.466504	
0.001221	0.868775	0.025528	0.210491	8.452694	
0.878961	0.004419	0.659227	0.642582	7.442885	
0.278479	0.002517	0.000044	0.002551	9.916453	
0.000466	0.007586	0.003409	0.007217	10.458732	
0.351714	0.804320	0.037099	0.018826	8.194488	
0.000180	0.019787	0.654932	0.000257	9.774598	
0.000470	0.834795	0.258131	0.846563	6.386806	
0.029861	0.192641	0.105935	0.892383	7.985768	
0.848426	0.055180	0.802356	0.867954	5.157720	
0.849394	0.856308	0.875930	0.229766	4.686525	
