0.760154	0.000000	0.000096	0.000612	8.696839	
0.653107	0.908130	0.000511	0.005011	7.830074	
0.000073	0.004260	0.784977	0.000031	8.742342	
0.776039	0.169605	0.789831	0.932619	5.222051	
0.110787	0.806650	0.926198	0.769836	5.289167	
0.103867	0.912170	0.795155	0.780394	5.246804	
0.316449	0.003361	0.005144	0.355595	9.345881	
0.329462	0.274410	0.015863	0.001896	9.220981	
0.000151	0.000001	0.000000	0.763522	8.650044	
0.000052	0.749127	0.000004	0.000535	8.750166	
0.898071	0.057547	0.315219	0.040681	7.856704	
0.777945	0.805840	0.939595	0.160412	5.210513	
0.000151	0.000000	0.000000	0.282995	9.591783	
0.000112	0.000004	0.337716	0.324051	9.332534	
0.000000	0.285647	0.000000	0.003080	9.634718	
0.000407	0.650330	0.680813	0.665523	8.055705	
0.024360	0.891877	0.630398	0.034482	7.857334	
0.145938	0.864672	0.777661	0.875796	4.945111	
0.346332	0.000626	0.297198	0.000623	9.303751	
0.035738	0.038729	0.917313	0.636595	7.889820	
0.035757	0.636223	0.000516	0.937856	8.043882	
0.627784	0.015605	0.004256	0.907249	7.973736	
0.059256	0.338649	0.293661	0.016106	9.185871	
0.858028	0.813892	0.826448	0.850521	3.354374	
0.662354	0.658737	0.000516	0.669077	8.074907	
0.000000	0.000000	0.000000	0.000000	10.043416	
0.866859	0.371054	0.016082	0.032610	8.009773	
0.064337	0.337916	0.874623	0.049588	7.820804	
0.138611	0.864672	0.168819	0.866323	6.011122	
0.000000	0.276186	0.005144	0.322114	9.227784	
0.780747	0.873014	0.788044	0.157994	5.040237	
0.041529	0.896334	0.000516	0.654902	7.721529	
0.860893	0.908130	0.000313	0.801914	5.142174	
0.828820	0.781377	0.106289	0.882841	5.007480	
0.122449	0.017436	0.307451	0.856757	7.673287	
0.002419	0.000000	0.294568	0.000004	9.657091	
0.960302	0.839632	0.859001	0.106075	5.156674	
0.341680	0.000000	0.854374	0.032696	7.952493	
0.655384	0.653888	0.678174	0.000011	8.089413	
0.296434	0.000147	0.002073	0.004152	9.598612	
0.934493	0.014284	0.000999	0.645014	7.994251	
0.664807	0.002304	0.661104	0.665364	8.125607	
0.868151	0.014492	0.878334	0.801914	5.048084	
0.000140	0.298915	0.011300	0.242199	9.184349	
0.282069	0.005966	0.002237	0.281499	9.167295	
0.780747	0.873014	0.872237	0.192997	4.793948	
0.048974	0.013802	0.842590	0.106075	8.136369	
0.828820	0.793302	0.106289	0.882024	4.945710	
0.916838	0.016501	0.834761	0.848308	5.075665	
0.916906	0.287923	0.010641	0.040681	7.963357	
0.086911	0.000000	0.000097	0.220601	9.436872	
0.763608	0.169591	0.789831	0.932619	5.294787	
0.000732	0.650330	0.680813	0.665523	8.028000	
0.000000	0.276186	0.000309	0.000001	9.582669	
0.000003	0.749127	0.000004	0.000535	8.759074	
0.655439	0.000000	0.000515	0.000000	9.572585	
0.901614	0.037901	0.314799	0.054241	7.880398	
0.127377	0.030070	0.307451	0.856757	7.643406	
0.839686	0.794614	0.872055	0.191441	4.723114	
0.112865	0.912170	0.231074	0.912610	6.227460	
0.839686	0.815291	0.221298	0.190351	6.026423	
0.868151	0.004291	0.878334	0.799503	5.072313	
0.000112	0.000004	0.337716	0.000257	9.683901	
0.907317	0.793903	0.824533	0.025589	5.197178	
0.001394	0.038729	0.916396	0.636595	7.925269	
0.000081	0.000001	0.000004	0.763957	8.633898	
0.306869	0.284372	0.011306	0.012740	9.181469	
0.103975	0.891462	0.793957	0.780394	5.174710	
0.041529	0.896334	0.000516	0.664244	7.655441	
0.787706	0.908130	0.000314	0.801914	5.367671	
0.934493	0.000192	0.038307	0.633586	8.036310	
0.838269	0.821189	0.861876	0.848460	3.307656	
0.004096	0.004897	0.000225	0.000004	10.003115	
0.000000	0.036544	0.327996	0.322114	9.256226	
0.842171	0.169368	0.820429	0.201045	5.956821	
0.048974	0.821189	0.859001	0.106075	6.405250	
0.290308	0.000148	0.002073	0.004152	9.590708	
0.638232	0.015605	0.001610	0.851909	7.821976	
0.346332	0.039367	0.297198	0.000623	9.251208	
0.059256	0.336382	0.284972	0.032457	9.135162	
0.035757	0.639663	0.000516	0.917904	7.921017	
0.106674	0.806650	0.926198	0.769836	5.304968	
0.019108	0.891877	0.630398	0.034482	7.864236	
0.974474	0.000000	0.824799	0.000004	7.205588	
0.059256	0.336382	0.284972	0.049801	9.104910	
0.809738	0.850136	0.785055	0.004725	5.231483	
0.821280	0.809734	0.916388	0.160412	4.890207	
0.760154	0.000000	0.012964	0.000025	8.681654	
0.330618	0.039367	0.297198	0.001684	9.227365	
0.002182	0.037218	0.787966	0.155763	8.374383	
0.106674	0.806263	0.926198	0.771386	5.297526	
0.000000	0.276186	0.005144	0.643299	9.077476	
0.773424	0.873014	0.186012	0.148505	6.236460	
0.024025	0.908859	0.002073	0.004152	8.368932	
0.839406	0.169368	0.821260	0.212341	5.950746	
0.086911	0.000000	0.293262	0.196445	9.118838	
0.035757	0.650664	0.015810	0.923931	7.898018	
0.064337	0.214748	0.874623	0.190233	7.436048	
0.832633	0.798961	0.223094	0.917325	4.803672	
0.780747	0.873014	0.794853	0.157994	5.006045	
