0.008245	0.911788	0.023259	0.637114	7.918397	
0.642601	0.000244	0.666817	0.654221	8.260176	
0.000196	0.676921	0.670441	0.671563	7.882780	
0.026275	0.013035	0.908655	0.647693	7.825785	
0.341978	0.376880	0.000248	0.000008	9.464535	
0.816744	0.785953	0.090771	0.922325	5.192677	
0.855820	0.873913	0.835335	0.865570	3.267512	
0.127157	0.788162	0.765202	0.895032	5.233302	
0.826054	0.931214	0.096181	0.810446	5.085513	
0.000699	0.000060	0.752028	0.001825	8.752638	
0.777739	0.810208	0.896020	0.038177	5.276954	
0.647471	0.660034	0.659694	0.002649	8.236707	
0.369542	0.000000	0.007764	0.275081	9.420312	
0.000055	0.394768	0.000248	0.345159	9.515869	
0.102990	0.911819	0.777947	0.815532	5.179353	
0.739942	0.000235	0.000334	0.000000	8.861874	
0.757686	0.135673	0.893345	0.848742	5.069637	
0.006714	0.641227	0.015084	0.899041	7.862626	
0.000475	0.907612	0.395473	0.010905	8.211465	
0.000005	0.000504	0.280799	0.000223	9.588487	
0.000002	0.755861	0.000028	0.000536	8.683550	
0.383342	0.874324	0.031379	0.037799	8.016669	
0.000389	0.291593	0.000002	0.000467	9.598583	
0.000480	0.000235	0.000223	0.751111	8.713034	
0.885114	0.019809	0.010255	0.641893	7.841250	
0.855934	0.898562	0.847369	0.031680	4.968460	
0.286767	0.000165	0.367799	0.000825	9.346328	
0.120040	0.269566	0.861814	0.855268	5.974756	
0.856793	0.658564	0.014067	0.023069	7.660305	
0.669299	0.668014	0.002068	0.655722	8.050142	
0.824349	0.105336	0.865596	0.894620	4.828573	
0.861271	0.035317	0.778066	0.820099	5.178281	
0.006566	0.000945	0.660503	0.903856	7.762840	
0.000015	0.004058	0.281096	0.347284	9.303356	
0.000475	0.259998	0.333821	0.000158	9.246161	
0.286767	0.000000	0.000001	0.007683	9.659292	
0.000014	0.001115	0.000067	0.286716	9.594539	
0.002203	0.655788	0.854549	0.000340	7.721545	
0.400109	0.000867	0.899473	0.027908	8.233971	
0.046027	0.805018	0.896104	0.801357	5.149409	
0.626402	0.033079	0.008503	0.922455	8.024020	
0.000012	0.000000	0.000001	0.000002	10.037982	
0.870970	0.827624	0.004789	0.815140	5.071182	
0.829085	0.005255	0.336975	0.002818	8.012083	
0.128727	0.890038	0.861814	0.254541	6.037311	
0.002203	0.655788	0.854549	0.015155	7.718819	
0.003928	0.805018	0.880285	0.801357	5.174855	
0.871747	0.023246	0.004789	0.841603	6.635812	
0.386258	0.874324	0.014093	0.049890	8.030095	
0.000634	0.755676	0.000002	0.000523	8.683930	
0.285663	0.030716	0.880595	0.901590	6.257851	
0.855820	0.899618	0.856336	0.032495	4.948300	
0.831655	0.911788	0.023259	0.643748	6.230728	
0.000475	0.248214	0.399661	0.000158	9.409242	
0.852788	0.013499	0.847369	0.031680	6.586721	
0.382002	0.033061	0.838419	0.031823	8.032474	
0.855820	0.849640	0.859926	0.866075	3.237468	
0.645920	0.000161	0.650647	0.665333	8.391925	
0.824349	0.105336	0.875348	0.874855	4.797469	
0.000012	0.000000	0.308767	0.306184	9.336905	
0.073505	0.676921	0.853339	0.671563	7.125365	
0.000475	0.259998	0.333821	0.806261	7.922448	
0.007966	0.870279	0.627466	0.001922	7.959568	
0.647471	0.025210	0.659694	0.000023	8.854917	
0.816744	0.801667	0.090771	0.927784	5.146128	
0.286767	0.000000	0.000001	0.000006	9.594313	
0.000014	0.000219	0.000067	0.296583	9.609263	
0.341978	0.381021	0.000086	0.000008	9.509213	
0.109015	0.911819	0.786727	0.815532	5.119150	
0.003030	0.000504	0.280799	0.000223	9.583489	
0.002203	0.786499	0.854549	0.903463	5.196019	
0.000487	0.000191	0.000002	0.753727	8.700503	
0.739942	0.000495	0.000534	0.000000	8.861567	
0.096613	0.732290	0.053650	0.794627	7.110242	
0.000388	0.291593	0.000002	0.000467	9.600958	
0.855820	0.899618	0.673438	0.032495	5.925024	
0.863319	0.035317	0.856336	0.817644	4.959780	
0.844227	0.394249	0.014329	0.011836	8.113873	
0.000597	0.018977	0.752028	0.001884	8.859197	
0.777739	0.822391	0.894809	0.043622	5.209863	
0.362201	0.132187	0.009699	0.899451	7.864982	
0.287507	0.872208	0.856336	0.160478	5.897314	
0.286767	0.000001	0.043169	0.273511	9.114039	
0.026274	0.013035	0.908655	0.647693	7.880385	
0.012546	0.911788	0.023259	0.641602	7.884004	
0.000388	0.291593	0.000132	0.639225	9.236034	
0.871747	0.850251	0.004789	0.841603	4.974381	
0.000012	0.000000	0.000001	0.000002	10.081103	
0.828314	0.931214	0.096181	0.811858	5.076557	
0.000389	0.287873	0.000002	0.008333	9.585678	
0.127157	0.657451	0.765202	0.008582	7.778288	
0.005919	0.751890	0.886257	0.801357	5.545016	
0.383304	0.656412	0.855882	0.037924	7.457282	
0.000014	0.000419	0.342580	0.000980	9.690989	
0.856541	0.000244	0.666817	0.658336	7.035152	
0.632633	0.000161	0.646159	0.019657	9.141563	
0.828314	0.931214	0.096181	0.864168	4.991904	
0.000480	0.001239	0.000218	0.044708	9.981727	
0.000014	0.015806	0.000067	0.296583	9.593628	
0.816744	0.799478	0.090771	0.927784	5.183319	
