0.000010	0.762591	0.000264	0.000000	8.637944	
0.201799	0.796291	0.948978	0.802268	5.107462	
0.000000	0.269074	0.000027	0.002245	9.575527	
0.769468	0.000753	0.000070	0.000000	8.609470	
0.768019	0.106681	0.829636	0.911911	5.164928	
0.889859	0.796390	0.781744	0.160878	5.004484	
0.000000	0.366920	0.000000	0.287657	9.339682	
0.000139	0.000182	0.000090	0.301621	9.627874	
0.003595	0.666800	0.687359	0.660290	7.913982	
0.653021	0.014697	0.923795	0.000326	7.897158	
0.769530	0.817335	0.928670	0.175014	5.114691	
0.676369	0.000002	0.662941	0.675709	7.963670	
0.026611	0.001159	0.330309	0.863948	7.935575	
0.301111	0.004425	0.000179	0.309567	9.248276	
0.019499	0.383529	0.041441	0.858162	8.042399	
0.151698	0.808028	0.800056	0.888062	4.886253	
0.668619	0.674695	0.682256	0.000039	7.851739	
0.832108	0.004425	0.000179	0.309567	7.955370	
0.000047	0.002755	0.312538	0.006745	9.678283	
0.195990	0.865415	0.307941	0.855825	5.898464	
0.003408	0.000150	0.000349	0.753488	8.694321	
0.009841	0.685154	0.826838	0.003589	7.591974	
0.683280	0.662544	0.002100	0.657285	8.017225	
0.337940	0.013248	0.294512	0.000044	9.262901	
0.289100	0.873232	0.859413	0.279634	5.802458	
0.762549	0.167868	0.885731	0.819813	5.004322	
0.859870	0.896127	0.000164	0.828273	5.012716	
0.000269	0.000002	0.241411	0.332217	9.273447	
0.302597	0.000001	0.000070	0.000326	9.612155	
0.182064	0.900875	0.820547	0.792768	4.849604	
0.782585	0.810019	0.135717	0.882731	4.986209	
0.000014	0.272405	0.300879	0.033188	9.145222	
0.651212	0.916718	0.019009	0.031391	7.816203	
0.000223	0.003263	0.760478	0.000105	8.649723	
0.813345	0.914461	0.797277	0.069024	5.160314	
0.312281	0.375145	0.006822	0.003015	9.385819	
0.893400	0.671786	0.012403	0.011069	7.711695	
0.007123	0.898159	0.662221	0.039867	7.672949	
0.006642	0.011436	0.902376	0.647063	7.832041	
0.912251	0.000000	0.660820	0.000000	7.793624	
0.861833	0.863392	0.887894	0.848831	3.359433	
0.047590	0.912906	0.035792	0.647105	7.774968	
0.634510	0.024921	0.040111	0.858162	7.778789	
0.000000	0.000000	0.000000	0.000000	10.000014	
0.844442	0.781167	0.129423	0.791819	5.147307	
0.300650	0.033603	0.000070	0.012465	9.550583	
0.151698	0.797362	0.819192	0.876696	4.839428	
0.813345	0.897785	0.796401	0.102814	5.020923	
0.000000	0.024950	0.042234	0.860609	8.217853	
0.198408	0.795812	0.977536	0.023555	6.860907	
0.000000	0.000000	0.000000	0.020756	9.975529	
0.000002	0.854412	0.000000	0.004540	8.562852	
0.881799	0.865415	0.135285	0.218723	6.051143	
0.848758	0.002641	0.866862	0.849601	4.929319	
0.182064	0.900875	0.028639	0.853411	6.285056	
0.003595	0.658586	0.002746	0.682273	8.652817	
0.861833	0.861347	0.139699	0.842531	4.752687	
0.004421	0.898960	0.632390	0.039867	7.878611	
0.198936	0.808188	0.941578	0.805988	5.000814	
0.013406	0.666718	0.011350	0.875193	7.642896	
0.769675	0.172236	0.885731	0.819813	4.952426	
0.312281	0.370715	0.000214	0.000326	9.416872	
0.838825	0.662544	0.002100	0.023121	7.741898	
0.288629	0.033603	0.000070	0.331673	9.212546	
0.769530	0.786770	0.928670	0.205827	5.192966	
0.007253	0.002755	0.308684	0.003128	9.653871	
0.654947	0.014697	0.923795	0.000326	7.887011	
0.837763	0.863392	0.869499	0.849601	3.301565	
0.003595	0.666715	0.667971	0.660324	8.061389	
0.634510	0.007791	0.847817	0.797519	6.311253	
0.832108	0.264462	0.000179	0.298515	7.519412	
0.019865	0.001187	0.300575	0.863948	7.893958	
0.300467	0.013248	0.299001	0.000044	9.200934	
0.290936	0.855584	0.858410	0.299067	5.846034	
0.634510	0.022871	0.039635	0.858162	7.782536	
0.634510	0.000378	0.000059	0.011793	9.543674	
0.876915	0.005735	0.861292	0.026540	6.588848	
0.000238	0.372437	0.740455	0.000105	8.946347	
0.182064	0.900875	0.832337	0.792768	4.820021	
0.005302	0.006055	0.000091	0.300004	9.626256	
0.000000	0.000002	0.300817	0.238805	9.188678	
0.000238	0.000226	0.758403	0.000105	8.664375	
0.889244	0.796390	0.807587	0.003895	5.201854	
0.877202	0.865604	0.135719	0.886610	4.810602	
0.010844	0.266851	0.000547	0.028780	9.528120	
0.195836	0.865415	0.307941	0.875438	5.908050	
0.007831	0.011436	0.902376	0.654097	7.782130	
0.010844	0.008560	0.000547	0.039894	9.944054	
0.005596	0.011356	0.902376	0.657017	7.795371	
0.842724	0.871729	0.042234	0.849093	4.886504	
0.048486	0.912906	0.035792	0.001881	8.299780	
0.898541	0.001187	0.007478	0.863948	6.669969	
0.000000	0.269074	0.000027	0.672986	8.864874	
0.824502	0.167868	0.885731	0.813305	4.745583	
0.000139	0.000182	0.000090	0.165522	9.942110	
0.313121	0.373588	0.682256	0.000211	8.672491	
0.838825	0.662544	0.002100	0.657285	7.137807	
0.201799	0.001208	0.962917	0.030195	8.358602	
0.750690	0.000226	0.774011	0.821851	5.646072	
0.842880	0.864544	0.797256	0.888062	3.421218	
