0.034298	0.901005	0.656607	0.003027	7.748812	
0.747239	0.000128	0.000636	0.000001	8.760716	
0.000732	0.286215	0.000424	0.000062	9.645490	
0.051473	0.893991	0.014881	0.633598	7.847947	
0.299170	0.001186	0.012395	0.322665	9.270562	
0.886270	0.317880	0.054346	0.051386	7.836665	
0.790000	0.924674	0.065860	0.808978	5.281176	
0.053763	0.846747	0.857556	0.884663	4.889728	
0.977815	0.001089	0.000170	0.675220	8.119177	
0.000735	0.739820	0.002722	0.000023	8.827161	
0.001166	0.000193	0.751368	0.000033	8.730085	
0.124837	0.851211	0.868325	0.192722	6.023022	
0.801843	0.781219	0.892951	0.198314	4.940544	
0.285415	0.276459	0.000023	0.000038	9.208761	
0.634342	0.016222	0.918759	0.004212	8.023662	
0.000197	0.243333	0.229343	0.000056	9.183336	
0.666827	0.000126	0.653562	0.672892	8.087885	
0.303102	0.017951	0.010170	0.835689	7.969780	
0.005599	0.652575	0.684023	0.655878	8.096631	
0.834106	0.913246	0.792056	0.000039	5.253947	
0.149684	0.811096	0.936000	0.791018	5.165249	
0.678419	0.645607	0.000178	0.662616	8.143330	
0.053763	0.323401	0.857530	0.016988	7.870023	
0.039008	0.879908	0.779217	0.797510	5.284690	
0.000055	0.000128	0.000006	0.000031	10.133954	
0.000057	0.000055	0.000038	0.287545	9.629306	
0.248625	0.864221	0.114864	0.847706	5.994087	
0.854948	0.004190	0.368744	0.062530	7.983447	
0.000194	0.000201	0.289579	0.000099	9.620738	
0.868491	0.847256	0.864264	0.839433	3.339020	
0.001209	0.000066	0.356905	0.290304	9.407083	
0.020353	0.320210	0.002822	0.854086	7.940302	
0.351188	0.000308	0.307631	0.000254	9.352211	
0.812701	0.784755	0.114347	0.899710	5.083045	
0.324180	0.873056	0.009473	0.000007	7.990936	
0.040365	0.012428	0.932074	0.643856	7.957396	
0.004529	0.016985	0.639957	0.929891	8.014876	
0.000055	0.000119	0.000006	0.758244	8.794269	
0.873819	0.133370	0.857060	0.165140	6.046803	
0.284341	0.000308	0.000022	0.000049	9.616102	
0.791225	0.126586	0.779733	0.940392	5.352673	
0.022747	0.314841	0.013100	0.287545	9.220216	
0.672719	0.646284	0.673976	0.000129	8.083317	
0.870780	0.014976	0.921055	0.853449	5.084941	
0.904827	0.819622	0.093411	0.791018	5.107360	
0.001029	0.001062	0.005521	0.762282	8.786175	
0.123265	0.864221	0.852512	0.013426	6.403226	
0.089878	0.879908	0.784627	0.803761	5.131010	
0.854948	0.004428	0.367136	0.062530	7.985485	
0.012333	0.819622	0.093411	0.791018	6.706692	
0.284341	0.001512	0.000022	0.000039	9.618534	
0.122191	0.852257	0.014032	0.000513	8.132815	
0.636271	0.024795	0.885451	0.015405	7.848936	
0.903177	0.235376	0.106680	0.847706	6.091144	
0.035792	0.314841	0.013100	0.287545	9.209508	
0.351188	0.000222	0.307631	0.000254	9.408471	
0.000197	0.235512	0.232279	0.000007	9.179836	
0.921133	0.109708	0.783811	0.785319	5.297723	
0.283711	0.867349	0.075383	0.021182	7.791612	
0.101539	0.864221	0.859708	0.902317	4.843707	
0.300865	0.235512	0.009473	0.000007	9.200253	
0.679256	0.645607	0.000178	0.941976	7.629856	
0.634342	0.000083	0.056020	0.269084	9.388141	
0.001029	0.001062	0.000376	0.059113	9.959904	
0.015926	0.320210	0.002822	0.854086	7.943204	
0.001166	0.000193	0.792056	0.000037	8.492993	
0.873819	0.137769	0.857060	0.165140	6.035232	
0.028044	0.323401	0.857530	0.004954	7.928283	
0.880348	0.219439	0.859489	0.841629	4.565414	
0.022489	0.798356	0.785460	0.925479	5.422710	
0.120469	0.834718	0.921055	0.857592	4.898236	
0.838760	0.912291	0.798279	0.902317	3.604673	
0.672719	0.650879	0.673976	0.000129	8.050273	
0.863388	0.316174	0.054346	0.050656	7.841923	
0.233625	0.864221	0.109141	0.902317	6.083022	
0.008948	0.004190	0.368744	0.087010	9.613099	
0.000057	0.000055	0.000624	0.287545	9.628759	
0.747211	0.000128	0.000636	0.000001	8.773221	
0.000599	0.000062	0.358326	0.290304	9.522038	
0.838760	0.912291	0.798279	0.007538	5.231123	
0.124837	0.019623	0.921055	0.853388	6.560071	
0.817276	0.777149	0.112362	0.852954	5.047470	
0.867176	0.896402	0.105798	0.843803	4.823385	
0.867583	0.847363	0.864264	0.184846	4.742675	
0.002171	0.018997	0.639957	0.929891	8.015924	
0.303102	0.017646	0.010170	0.835689	7.996401	
0.000737	0.286215	0.002722	0.000062	9.635711	
0.063725	0.314841	0.787233	0.283919	7.659541	
0.284967	0.000222	0.075114	0.001615	9.546237	
0.282137	0.867874	0.075383	0.021182	7.770781	
0.011278	0.016985	0.639957	0.650525	8.958797	
0.005951	0.922888	0.000424	0.006171	8.477688	
0.801843	0.857992	0.892987	0.198314	4.779880	
0.873819	0.007730	0.857060	0.160581	6.309409	
0.873795	0.332326	0.857530	0.004954	6.299620	
0.917541	0.109708	0.743395	0.785319	5.536170	
0.077846	0.834718	0.921055	0.857592	4.997962	
0.283711	0.240729	0.078973	0.020991	9.045893	
0.642576	0.016222	0.304101	0.004212	9.121649	
0.001045	0.001089	0.000408	0.746444	8.774067	
