0.024648	0.912165	0.037285	0.664399	7.686457	
0.000002	0.000004	0.303767	0.000003	9.651269	
0.002059	0.000000	0.000000	0.773387	8.571700	
0.968051	0.691853	0.000531	0.005394	7.892217	
0.670736	0.955221	0.053012	0.000219	7.889538	
0.000179	0.000004	0.296101	0.327657	9.257253	
0.248347	0.852607	0.862445	0.162169	5.866547	
0.844886	0.822553	0.848075	0.853105	3.295286	
0.667626	0.696209	0.647336	0.002015	7.928115	
0.327061	0.000000	0.318180	0.000000	9.290175	
0.665354	0.000954	0.657017	0.682916	7.964763	
0.000000	0.000000	0.755605	0.000026	8.682847	
0.095831	0.912232	0.785982	0.794042	5.216420	
0.000000	0.000000	0.000000	0.287022	9.594449	
0.045356	0.024543	0.928301	0.662116	7.765711	
0.001989	0.273639	0.000000	0.287375	9.170786	
0.921146	0.028969	0.000091	0.661400	7.790770	
0.000642	0.668296	0.667323	0.664400	7.999334	
0.005197	0.283836	0.306594	0.013029	9.187889	
0.787041	0.921821	0.105726	0.857361	5.079282	
0.768221	0.000105	0.000490	0.000044	8.603451	
0.929854	0.794872	0.809086	0.177479	5.010936	
0.769447	0.156084	0.862618	0.900723	4.987887	
0.779448	0.893173	0.805645	0.136577	5.041058	
0.000000	0.705889	0.000000	0.984281	7.911889	
0.004591	0.675137	0.930693	0.014918	7.755112	
0.922915	0.070937	0.857643	0.827147	5.038494	
0.000000	0.275785	0.000000	0.000000	9.582078	
0.000575	0.764632	0.000000	0.000106	8.624890	
0.326696	0.000000	0.000001	0.299855	9.260715	
0.654519	0.031038	0.906690	0.016377	7.756928	
0.015596	0.961967	0.669177	0.013967	7.982187	
0.002199	0.023003	0.647558	0.932956	7.954973	
0.282288	0.036020	0.000000	0.000115	9.549801	
0.921146	0.030130	0.297097	0.012188	8.008457	
0.784533	0.804777	0.913322	0.143644	5.072429	
0.000000	0.000000	0.000000	0.000000	10.000024	
0.652144	0.002493	0.018992	0.922798	7.875745	
0.803732	0.787887	0.149674	0.889835	4.974596	
0.675121	0.662315	0.000091	0.661194	8.009503	
0.787383	0.113090	0.927263	0.795723	5.232041	
0.264925	0.275789	0.000000	0.000000	9.158739	
0.761553	0.000105	0.000000	0.000072	8.644618	
0.769447	0.162807	0.007158	0.900723	6.643160	
0.779448	0.893173	0.805645	0.136451	5.042489	
0.317423	0.000000	0.000001	0.156578	9.323848	
0.036754	0.853259	0.027005	0.777433	6.858913	
0.763796	0.758662	0.862505	0.162169	5.280469	
0.263791	0.874451	0.856771	0.164752	5.872681	
0.780269	0.894070	0.811448	0.840778	3.605251	
0.264925	0.275789	0.039875	0.266253	8.696337	
0.865390	0.000004	0.296101	0.327657	7.695944	
0.803732	0.787887	0.161864	0.888033	4.944256	
0.663361	0.000667	0.660917	0.682916	7.947769	
0.000130	0.282939	0.039232	0.278556	9.118564	
0.768221	0.000798	0.744863	0.025137	7.326751	
0.779059	0.828344	0.938212	0.142052	5.151497	
0.004971	0.663142	0.930693	0.000000	7.859494	
0.928481	0.172484	0.809198	0.900723	5.001394	
0.798283	0.900360	0.105726	0.857361	4.940448	
0.000130	0.029310	0.038914	0.278556	9.502163	
0.005197	0.283836	0.306594	0.000000	9.201168	
0.086072	0.025048	0.667464	0.664401	8.498603	
0.057980	0.031038	0.889288	0.008753	8.215023	
0.002059	0.000000	0.000000	0.770204	8.590233	
0.000000	0.000000	0.303767	0.000003	9.651140	
0.968051	0.691853	0.000531	0.004749	7.892882	
0.922831	0.758662	0.809086	0.162169	5.232948	
0.921974	0.869445	0.000000	0.789250	5.263280	
0.326441	0.000000	0.000000	0.287542	9.275442	
0.032486	0.961967	0.675225	0.013967	7.913033	
0.670736	0.953382	0.053012	0.000932	8.030238	
0.327061	0.000000	0.317341	0.000257	9.288649	
0.921553	0.185426	0.938212	0.142052	6.430611	
0.000000	0.706269	0.000000	0.958965	7.716384	
0.053866	0.024863	0.893625	0.664401	7.594104	
0.305381	0.783998	0.805645	0.873563	5.467988	
0.047615	0.000000	0.000000	0.046693	9.865516	
0.004558	0.017323	0.647558	0.932956	7.960234	
0.022813	0.272288	0.008739	0.039519	9.488682	
0.000000	0.710870	0.000000	0.019653	9.220043	
0.095831	0.912232	0.785982	0.837590	5.076336	
0.040549	0.031231	0.895281	0.702243	7.331158	
0.388660	0.120094	0.105726	0.857361	7.699190	
0.812854	0.000000	0.318180	0.000000	8.025999	
0.714094	0.693789	0.942220	0.001987	6.681352	
0.786993	0.950084	0.115763	0.136577	6.634126	
0.096370	0.030173	0.317433	0.003356	9.421542	
0.913289	0.644475	0.008976	0.080551	7.766505	
0.662937	0.283836	0.237095	0.000000	8.814484	
0.671778	0.747599	0.661599	0.690077	6.562283	
0.024461	0.910493	0.038850	0.280875	7.990557	
0.343106	0.000000	0.872559	0.299855	7.638245	
0.657208	0.031038	0.012087	0.024192	9.319246	
0.665354	0.000954	0.657017	0.682916	7.964763	
0.000642	0.000654	0.667323	0.655235	8.791186	
0.388272	0.000325	0.099497	0.000000	9.667560	
0.023029	0.672198	0.161864	0.014179	8.926153	
0.000159	0.961967	0.669177	0.013967	8.431774	
0.315427	0.787887	0.149674	0.908095	6.488567	
