0.706352	0.000040	0.000131	0.000000	0.000097	0.000000	0.708039	0.000000	
0.000000	0.000003	0.000000	0.707089	0.000000	0.000000	0.707124	0.000000	
0.000000	0.000000	0.710250	0.000820	0.000000	0.706795	0.000000	0.000000	
0.000000	0.000000	0.000000	0.707090	0.000000	0.000000	0.000000	0.707123	
0.000000	0.000000	0.000000	1.000000	0.000000	0.000000	0.000000	0.000000	
0.000220	0.000025	0.000000	0.000001	0.707176	0.707038	0.000000	0.000000	
0.000000	0.000000	0.000000	0.000000	0.000000	0.707401	0.706813	0.000000	
0.000000	0.000000	0.000000	0.000000	0.000000	0.707232	0.000000	0.707352	
0.000000	0.707065	0.000006	0.000034	0.000000	0.000000	0.000003	0.707148	
0.707047	0.000005	0.000000	0.707167	0.000000	0.000000	0.000000	0.000000	
0.000000	0.000010	0.000926	0.000836	0.001320	0.000001	0.707126	0.707085	
0.000000	0.000000	0.000005	0.707175	0.000000	0.707041	0.000000	0.000000	
0.000000	0.000000	0.706844	0.000000	0.707369	0.000000	0.000000	0.000000	
0.000000	0.000001	0.000000	0.706868	0.707345	0.000000	0.000000	0.000000	
0.000000	0.000000	0.707096	0.707117	0.000000	0.000000	0.000000	0.000000	
0.000000	0.707007	0.000000	0.000000	0.000000	0.000000	0.707207	0.000000	
0.000000	0.000000	0.000000	0.000000	1.000000	0.000000	0.000000	0.000000	
0.709050	0.000000	0.000009	0.000000	0.000000	0.708923	0.000000	0.000000	
0.000000	0.707175	0.000000	0.000000	0.000000	0.707039	0.000000	0.000000	
0.707118	0.000000	0.707095	0.000000	0.000000	0.000000	0.000000	0.000000	
0.000000	0.000000	0.000000	0.000000	0.000000	0.000000	0.000000	1.000000	
0.705800	0.000000	0.000001	0.000001	0.000000	0.000000	0.000003	0.708412	
1.000000	0.000000	0.000000	0.000000	0.000000	0.000000	0.000000	0.000000	
0.000000	0.000000	0.706044	0.000000	0.000000	0.000000	0.708947	0.000000	
0.000000	0.000000	0.000000	0.000000	0.707021	0.000000	0.707193	0.000000	
0.707756	0.706457	0.000000	0.000000	0.000000	0.000000	0.000000	0.000000	
0.000000	1.000000	0.000000	0.000000	0.000000	0.000000	0.000000	0.000000	
0.000000	0.707271	0.706945	0.000000	0.000000	0.000000	0.000000	0.000000	
0.000000	0.000000	0.000000	0.000000	0.000000	0.000000	1.002124	0.000000	
0.706866	0.000000	0.000000	0.000000	0.707348	0.000000	0.000000	0.000000	
0.000000	0.000000	0.000000	0.000000	0.000000	1.000000	0.000000	0.000000	
0.000000	0.706728	0.000006	0.000001	0.707553	0.000000	0.000005	0.000000	
0.000000	0.000000	0.000000	0.000000	0.707088	0.000000	0.000000	0.707125	
0.000000	0.000000	1.000000	0.000000	0.000000	0.000000	0.000000	0.000000	
0.000000	0.707047	0.000000	0.707167	0.000000	0.000000	0.000000	0.000000	
0.000000	0.000096	0.708042	0.000000	0.000000	0.000000	0.000000	0.708081	
0.997449	0.018971	0.005347	0.000522	0.066842	0.003491	0.016075	0.000000	
0.000000	0.000000	0.000067	0.006713	0.743767	0.000000	0.000000	0.706290	
0.705119	0.000173	0.709088	0.000014	0.000000	0.001210	0.000000	0.000000	
0.000000	0.000000	0.000000	0.000000	0.707213	0.000000	0.707164	0.000000	
0.039262	0.705477	0.000009	0.704494	0.066850	0.003492	0.000110	0.000000	
0.000009	0.001004	0.000031	0.000907	0.001213	0.000001	0.707126	0.707085	
0.000000	0.000000	0.000000	0.000000	0.000000	0.000000	0.000000	1.000591	
0.000001	0.706446	0.000000	0.000000	0.000000	0.709598	0.000000	0.000000	
0.705800	0.000000	0.000340	0.000001	0.000000	0.000000	0.000001	0.708412	
0.000000	0.000096	0.707854	0.000000	0.000000	0.000000	0.000000	0.707941	
0.000000	0.000003	0.000000	0.705407	0.000000	0.000000	0.708883	0.000025	
0.000000	0.000000	0.000000	1.000000	0.000000	0.000000	0.000000	0.000000	
0.707189	0.000000	0.000122	0.000000	0.000000	0.707062	0.000000	0.000000	
0.000000	0.000000	0.708010	0.000000	0.000000	0.708054	0.000000	0.000000	
0.701252	0.000000	0.000121	0.000000	0.729418	0.001720	0.000000	0.000000	
0.000000	0.000000	0.707096	0.707117	0.000000	0.000000	0.000000	0.000000	
0.000000	0.000000	0.000000	0.000059	0.000000	0.707091	0.000000	0.707123	
0.001839	0.001860	0.695761	0.000196	0.000199	0.000000	0.720206	0.000000	
0.000000	0.707830	0.707504	0.000000	0.000000	0.000000	0.000000	0.000000	
0.707970	0.706243	0.000000	0.000000	0.000000	0.000000	0.000000	0.000000	
0.000000	0.708005	0.000000	0.000000	0.706207	0.000000	0.000000	0.000000	
0.064515	0.675256	0.023912	0.000008	0.000006	0.013441	0.734245	0.000000	
0.000000	0.000000	0.000000	0.000000	0.000000	0.000000	1.000000	0.000000	
0.000000	0.000000	0.999809	0.000000	0.000000	0.000000	0.019574	0.000000	
0.000004	0.000000	0.000000	0.000067	0.705971	0.708380	0.000000	0.000000	
0.000000	0.000000	0.000000	0.000000	0.000000	0.704749	0.709481	0.000000	
0.000000	0.665700	0.000006	0.014994	0.000000	0.000000	0.000003	0.746069	
0.522557	0.492662	0.000000	0.695858	0.000000	0.000000	0.000000	0.000000	
0.063727	0.995919	0.000394	0.039948	0.000123	0.000001	0.000183	0.056064	
0.000000	0.000000	0.000000	0.707097	0.000000	0.000000	0.000000	0.707117	
0.000000	0.000000	0.000005	0.707719	0.000000	0.706921	0.000000	0.000000	
0.706511	0.000020	0.000131	0.000000	0.000202	0.000000	0.708198	0.000000	
0.000000	0.000000	0.000000	0.000000	1.000000	0.000000	0.000000	0.000000	
0.000000	0.000001	0.000000	0.706866	0.707348	0.000000	0.000000	0.000000	
0.000000	0.000000	0.708107	0.000000	0.708634	0.000000	0.000000	0.000000	
0.000000	0.000000	0.000000	0.000000	0.000000	1.000013	0.000000	0.000000	
0.000000	0.000000	0.000000	0.000000	0.000000	0.000000	0.706487	0.715250	
0.000000	0.000016	0.490045	0.000000	0.000000	0.512307	0.000000	0.708984	
0.022371	0.021993	0.000016	0.002463	0.706389	0.000000	0.000000	0.707124	
0.000000	0.000019	0.000253	0.000226	0.000027	0.047502	0.047746	0.997729	
0.000001	0.000095	0.701176	0.104968	0.000000	0.000000	0.034378	0.715984	
0.000000	0.000000	0.000000	0.000000	0.000000	1.000000	0.000000	0.000000	
0.000001	0.000237	0.747249	0.018308	0.672035	0.020855	0.034993	0.009839	
0.027480	0.000282	0.000007	0.996358	0.080721	0.000000	0.000117	0.000000	
0.000000	0.660625	0.016018	0.000024	0.002588	0.244345	0.050237	0.715102	
0.000000	0.657570	0.746679	0.000000	0.000000	0.000000	0.100372	0.000000	
0.000000	0.000000	0.000005	0.707175	0.000000	0.707041	0.000000	0.000000	
0.020064	0.000001	0.706719	0.000000	0.000000	0.000000	0.707209	0.000000	
0.707961	0.000000	0.000122	0.000000	0.706286	0.001660	0.000000	0.000000	
0.000000	0.000000	0.000000	0.000000	0.707213	0.000000	0.707164	0.000000	
0.702259	0.712378	0.000396	0.000023	0.000123	0.000001	0.000183	0.003125	
0.001235	0.411087	0.022343	0.002812	0.698053	0.743560	0.000000	0.000000	
0.995840	0.035714	0.000013	0.000000	0.107108	0.028767	0.000000	0.000000	
0.000000	0.707990	0.000000	0.000000	0.706222	0.000000	0.000000	0.000000	
0.008733	0.055056	0.000009	0.702255	0.000000	0.000000	0.709890	0.000025	
0.000000	0.998491	0.000000	0.000000	0.000000	0.056294	0.000000	0.000000	
0.000000	0.000000	0.000000	0.000000	0.000000	0.000000	1.002124	0.000000	
0.000000	0.000000	0.000004	0.522366	0.000000	0.517121	0.000000	0.679737	
0.034403	0.000224	1.000171	0.000000	0.000000	0.000000	0.000000	0.000000	
0.000000	0.000001	0.000000	0.742851	0.676463	0.000000	0.000000	0.000000	
0.000306	0.004037	0.000001	0.019464	0.000000	0.681721	0.731337	0.002630	
0.535819	0.000146	0.001278	0.000001	0.000000	0.000000	0.446382	0.717581	
0.000000	0.000000	0.708010	0.000000	0.000000	0.708054	0.000000	0.000000	
0.008902	0.699307	0.000001	0.730925	0.000000	0.000000	0.000000	0.000000	
