0.000000	0.000000	1.000001	0.000000	0.000000	0.000000	0.000000	0.000000	
0.000000	1.000349	0.000000	0.000000	0.000000	0.000000	0.000000	0.000000	
0.000000	0.000000	0.000000	0.000000	1.000000	0.000000	0.000000	0.000000	
0.706868	0.707877	0.000000	0.000000	0.000000	0.000000	0.000000	0.000000	
0.707135	0.000000	0.000000	0.000000	0.000000	0.000000	0.707079	0.000000	
0.000001	0.707128	0.707086	0.000000	0.000000	0.000000	0.000000	0.000000	
0.000000	0.706996	0.000003	0.000000	0.000000	0.000000	0.707235	0.000000	
0.000000	0.000000	0.000000	0.000000	0.000000	1.000141	0.000000	0.000000	
0.669660	0.000000	0.000000	0.742696	0.000000	0.000000	0.000000	0.000000	
0.000001	0.706790	0.000001	0.000000	0.000000	0.707424	0.000000	0.000000	
0.707657	0.000004	0.706750	0.000000	0.000000	0.000000	0.000000	0.000000	
0.000000	0.000000	0.000000	0.000000	0.706385	0.707830	0.000000	0.000000	
0.000001	0.000000	0.707477	0.000000	0.706744	0.000000	0.000000	0.000000	
0.708370	0.000001	0.000008	0.000000	0.000000	0.000000	0.000000	0.707258	
0.000666	0.000047	0.707682	0.000000	0.000000	0.000000	0.706531	0.000000	
0.000000	0.000000	0.000000	0.707192	0.000000	0.707822	0.000000	0.000000	
0.000000	0.000000	0.000000	0.000000	0.000000	0.706944	0.707273	0.000000	
0.000000	0.000000	0.000000	0.707111	0.000000	0.000000	0.000000	0.707103	
0.000000	0.000000	0.000000	0.707539	0.706677	0.000000	0.000000	0.000000	
0.000000	0.000000	0.000000	0.000000	0.000000	0.707338	0.000000	0.706880	
0.000000	0.000000	0.000156	0.000000	0.707133	0.000000	0.000000	0.707102	
0.000001	0.000000	0.707123	0.000000	0.000000	0.000000	0.000000	0.707092	
1.000197	0.000000	0.000000	0.000000	0.000000	0.000000	0.000000	0.000000	
0.707484	0.000000	0.000000	0.000000	0.706730	0.000000	0.000000	0.000000	
0.000000	0.000000	0.000000	0.707108	0.000000	0.000000	0.707109	0.000000	
0.000000	0.000000	0.707088	0.707130	0.000000	0.000000	0.000000	0.000000	
0.000000	0.000001	0.706951	0.000000	0.000000	0.707572	0.000000	0.000000	
0.000000	0.000000	0.000000	0.000000	0.000000	0.000000	0.707259	0.706955	
0.000000	0.000000	0.000000	0.000000	0.000000	0.000000	1.000001	0.000000	
0.000000	0.000000	0.000000	0.000000	0.000000	0.000000	0.000000	1.000000	
0.000000	0.000000	0.000000	0.000000	0.707168	0.000000	0.707045	0.000000	
0.000000	0.708114	0.000228	0.000000	0.708113	0.000000	0.000000	0.000000	
0.000116	0.723222	0.000001	0.000000	0.000000	0.000000	0.000000	0.722087	
0.000000	0.000000	0.000000	1.000001	0.000000	0.000000	0.000000	0.000000	
0.000527	0.686746	0.000005	0.726898	0.000000	0.000000	0.000000	0.000000	
0.707170	0.000000	0.000000	0.000000	0.000000	0.707044	0.000000	0.000000	
0.016450	0.001350	0.699127	0.000000	0.714807	0.000000	0.000000	0.000000	
0.708559	0.000004	0.705652	0.000000	0.000000	0.000000	0.000000	0.000000	
0.000000	0.000000	0.000000	0.000000	0.000000	1.000283	0.000000	0.000000	
0.707096	0.000000	0.000000	0.707118	0.000000	0.000000	0.000000	0.000000	
0.015466	0.999106	0.036138	0.000020	0.004245	0.012808	0.007863	0.000000	
0.000000	0.000000	1.000001	0.000000	0.000000	0.000000	0.000000	0.000000	
0.000000	0.000000	0.000000	0.707111	0.000000	0.000000	0.000000	0.707103	
0.707135	0.000002	0.000000	0.000000	0.000000	0.000000	0.707078	0.000000	
0.000000	0.000000	0.000000	0.000000	0.706738	0.000000	0.000000	0.707479	
0.000543	0.708164	0.000006	0.706049	0.000000	0.000000	0.000000	0.000000	
0.000000	0.706996	0.000003	0.000000	0.000000	0.000000	0.707235	0.000000	
0.706397	0.000000	0.000000	0.000000	0.707816	0.000000	0.000000	0.000000	
0.986812	0.157101	0.000075	0.017860	0.000718	0.000303	0.001463	0.034648	
0.000000	0.000000	0.000000	0.000000	0.000000	0.711729	0.000000	0.718772	
0.000666	0.000047	0.707682	0.000000	0.000000	0.000000	0.706531	0.000000	
0.000000	0.000000	0.000000	0.000000	0.000000	0.000000	0.000000	1.000094	
0.000000	0.000000	0.000000	0.000000	0.000000	0.000000	0.707333	0.706927	
0.000000	0.000000	0.000000	0.707192	0.000000	0.707822	0.000000	0.000000	
0.000001	0.709747	0.705247	0.000000	0.000000	0.000015	0.000000	0.000000	
0.669022	0.032715	0.000000	0.056434	0.000000	0.672943	0.000000	0.309586	
0.000000	0.000000	0.000000	0.707101	0.000000	0.000000	0.707113	0.000000	
0.000001	0.704148	0.000001	0.061082	0.000777	0.707403	0.005026	0.000000	
0.000000	0.000000	0.000000	0.000000	1.000007	0.000000	0.000000	0.000000	
0.000000	0.000000	0.000000	1.000001	0.000000	0.000000	0.000000	0.000000	
0.000000	0.000000	0.000000	0.000000	0.000000	0.000000	1.000001	0.000000	
0.000000	0.000000	0.707165	0.000000	0.000000	0.707786	0.000000	0.000000	
0.000001	0.000000	0.706322	0.000000	0.000000	0.000000	0.000637	0.707892	
0.000571	0.714643	0.003295	0.000206	0.001256	0.000038	0.000000	0.715500	
0.000000	0.695261	0.000117	0.000000	0.720434	0.000000	0.015508	0.000000	
0.709027	0.002962	0.000023	0.000004	0.001552	0.000000	0.000000	0.705284	
0.000000	0.000000	0.000000	0.000000	0.706386	0.707831	0.000000	0.000000	
0.000000	0.000000	0.000000	0.000000	0.718434	0.000000	0.695596	0.000000	
0.000000	0.000000	0.000000	0.000000	0.000000	0.706944	0.707273	0.000000	
0.000000	0.000000	0.707088	0.707130	0.000000	0.000000	0.000000	0.000000	
0.705489	0.708944	0.000000	0.000000	0.000019	0.000000	0.000000	0.000000	
0.000058	0.005745	0.000403	0.665625	0.745660	0.030057	0.001617	0.000000	
0.707120	0.000002	0.000001	0.000000	0.000000	0.000000	0.707093	0.000000	
0.000000	0.000000	0.000000	0.707111	0.000000	0.000000	0.000000	0.707103	
0.000000	0.000000	0.000000	0.000000	0.000000	0.000000	0.999857	0.017075	
0.000000	0.000000	0.000000	0.000000	0.729598	0.000000	0.000000	0.683877	
0.015101	0.696928	0.014026	0.006073	0.000292	0.118982	0.000000	0.706880	
0.000000	0.000000	0.000000	0.000000	0.000000	0.000000	0.707098	0.710279	
0.000008	0.000016	0.000000	0.000000	0.000019	0.708880	0.705342	0.000000	
0.000000	0.000000	0.000000	0.000000	0.000000	0.000000	0.000000	1.000094	
0.000000	0.000000	0.000000	0.043211	0.043159	0.999454	0.000000	0.000000	
0.012279	1.002395	0.000000	0.000000	0.000000	0.000000	0.000000	0.000000	
0.000000	0.000000	0.000000	0.698864	0.000000	0.716045	0.000000	0.000000	
0.022299	0.001090	0.000000	0.000125	0.000517	0.708744	0.000000	0.705501	
0.000025	0.000029	0.000393	0.679227	0.733931	0.000000	0.000000	0.000000	
0.000000	0.000000	0.000000	0.000000	1.000007	0.000000	0.000000	0.000000	
0.344880	0.616816	0.000000	0.000000	0.000000	0.706559	0.037006	0.000000	
0.000000	0.000000	0.000000	0.000000	0.706387	0.707832	0.000000	0.000000	
0.000698	0.000049	0.712904	0.000000	0.000000	0.000000	0.711744	0.047731	
0.000001	0.000000	0.706447	0.000000	0.707887	0.000000	0.000000	0.000000	
0.707106	0.000000	0.000000	0.707128	0.000000	0.000000	0.000000	0.000000	
0.667688	0.010289	0.747035	0.010486	0.000000	0.059048	0.000000	0.000000	
0.000001	0.706636	0.708802	0.000000	0.003533	0.004617	0.000000	0.000000	
0.130878	0.319949	0.024274	0.346021	0.509505	0.021251	0.707338	0.000000	
0.000000	0.707546	0.000234	0.000000	0.707545	0.000000	0.000000	0.000000	
0.000001	0.000000	0.706321	0.000000	0.000000	0.000000	0.001537	0.707892	
0.000000	0.000000	0.707587	0.000000	0.000000	0.708208	0.000000	0.000000	
0.708370	0.000001	0.000008	0.000000	0.000000	0.000000	0.000000	0.707258	
0.025037	0.000139	0.999712	0.000000	0.000000	0.000000	0.000000	0.000000	
0.433284	0.875969	0.000027	0.100775	0.186279	0.009709	0.000000	0.000000	
