0.000000	0.000000	0.707031	0.000000	0.000000	0.000000	0.707182	0.000000	
1.000000	0.000000	0.000000	0.000000	0.000000	0.000000	0.000000	0.000000	
0.000000	0.706910	0.000000	0.000000	0.000000	0.000000	0.000000	0.707303	
0.000000	0.706323	0.000000	0.000000	0.000000	0.000000	0.707889	0.000000	
0.000000	0.000000	0.000000	0.708515	0.708646	0.000000	0.000000	0.000000	
0.000000	0.707140	0.000000	0.000000	0.707074	0.000000	0.000000	0.000000	
0.000000	0.000000	0.000000	0.000000	0.000000	1.000032	0.000000	0.000000	
0.000000	0.707103	0.707111	0.000000	0.000000	0.000000	0.000000	0.000000	
0.000002	0.000026	0.000002	0.706656	0.000000	0.000000	0.707558	0.000000	
0.000000	0.000000	0.000000	0.000000	0.000000	0.000000	1.000348	0.000000	
0.000000	0.000000	1.000000	0.000000	0.000000	0.000000	0.000000	0.000000	
0.000000	0.000000	0.000000	0.000000	0.000000	0.707092	0.000000	0.707121	
0.000000	0.000000	0.000000	1.000000	0.000000	0.000000	0.000000	0.000000	
0.000000	0.000000	0.000000	0.000000	0.706793	0.000000	0.000000	0.707421	
0.707102	0.000000	0.000000	0.707111	0.000000	0.000000	0.000000	0.000000	
0.000000	0.000000	0.000000	0.000000	0.000000	0.706942	0.707290	0.000000	
0.000000	0.706638	0.000000	0.707575	0.000000	0.000000	0.000000	0.000000	
0.000000	0.000000	0.000000	0.000000	1.000000	0.000000	0.000000	0.000000	
0.000000	0.000000	0.707997	0.000000	0.000000	0.706216	0.000000	0.000000	
0.000000	0.000000	0.000000	0.707251	0.000000	0.000000	0.000000	0.706963	
0.000004	0.709361	0.000378	0.000004	0.000000	0.704850	0.000000	0.000000	
0.707003	0.000000	0.000000	0.000000	0.707210	0.000000	0.000000	0.000000	
0.000005	0.000476	0.000000	0.000005	0.706924	0.707290	0.000000	0.000000	
0.000000	0.000000	0.000000	0.000000	0.000000	0.000000	0.000000	1.000000	
0.000000	0.000000	0.000000	0.000000	0.000000	0.000000	0.705744	0.708467	
0.000000	0.000000	0.000000	0.000000	0.706856	0.000014	0.707357	0.000000	
0.707094	0.000000	0.000000	0.000000	0.000000	0.000000	0.000000	0.707120	
0.000000	0.000000	0.000000	0.706753	0.000000	0.707460	0.000000	0.000000	
0.000000	0.000001	0.707553	0.706901	0.000001	0.000000	0.000000	0.000000	
0.000000	1.000000	0.000000	0.000000	0.000000	0.000000	0.000000	0.000000	
0.706949	0.707264	0.000000	0.000000	0.000000	0.000000	0.000000	0.000000	
0.706509	0.000000	0.000009	0.000000	0.000000	0.707984	0.000000	0.000000	
0.706317	0.000000	0.000000	0.000000	0.000000	0.000000	0.707896	0.000000	
0.707100	0.000000	0.707114	0.000000	0.000000	0.000000	0.000000	0.000000	
0.000000	0.000000	0.705250	0.000000	0.000000	0.000000	0.000000	0.708959	
0.000000	0.000000	0.707039	0.000000	0.707175	0.000000	0.000000	0.000000	
0.000000	0.706530	0.000000	0.000033	0.000000	0.000000	0.708109	0.000000	
0.707003	0.000000	0.000000	0.000000	0.707210	0.000000	0.000000	0.000000	
0.000000	0.000000	0.000000	0.000000	0.000000	1.001959	0.000000	0.000000	
0.139179	0.692975	0.706827	0.029446	0.000000	0.000003	0.000000	0.000000	
0.000000	0.000000	0.000000	0.000000	0.706788	0.000000	0.707426	0.000000	
0.000337	0.000337	0.000000	0.000005	0.706924	0.707290	0.000000	0.000000	
0.000000	0.000000	0.000000	0.000000	0.707384	0.000000	0.000000	0.706829	
0.000005	0.709361	0.000378	0.000004	0.000000	0.704850	0.000000	0.000000	
0.000000	0.000000	0.707997	0.000037	0.000000	0.706216	0.000000	0.000000	
0.868680	0.048414	0.054607	0.000000	0.000000	0.000000	0.489997	0.000000	
0.000000	0.000000	0.718523	0.000000	0.717031	0.000000	0.000000	0.000000	
0.000000	0.000000	0.703598	0.000000	0.000000	0.000000	0.710598	0.000000	
0.000001	0.707808	0.000007	0.000000	0.706713	0.000000	0.000055	0.000024	
0.701737	0.000000	0.000000	0.712436	0.000000	0.000000	0.000000	0.000000	
0.000000	0.000000	0.000000	0.000000	0.000000	0.000000	0.707092	0.707121	
0.711750	0.714327	0.000004	0.000129	0.000000	0.000000	0.000000	0.000000	
0.000000	0.000973	0.000080	0.706664	0.000000	0.000000	0.707549	0.000000	
0.000000	0.000000	1.000000	0.000000	0.000000	0.000000	0.000000	0.000000	
0.000000	0.000000	0.000000	0.707253	0.000000	0.000000	0.000000	0.706965	
0.000239	0.731080	0.000000	0.722223	0.000000	0.000000	0.000000	0.000000	
0.000000	0.000000	0.000000	0.000000	1.001885	0.000000	0.000000	0.000000	
0.000000	0.000000	0.000000	0.000000	0.000000	0.706942	0.707290	0.000000	
0.700316	0.000014	0.700330	0.159008	0.009574	0.000000	0.000000	0.012163	
0.000003	0.000158	0.697165	0.007467	0.000000	0.000000	0.000000	0.717130	
0.999938	0.004510	0.001905	0.009992	0.000000	0.000000	0.000000	0.000000	
0.006581	0.994226	0.000000	0.044092	0.037140	0.090307	0.000000	0.000000	
0.000000	0.000002	0.707654	0.707002	0.000000	0.000000	0.000000	0.000000	
0.000000	0.000000	0.000000	0.000000	0.000000	0.000000	0.000000	1.001687	
0.000000	0.000000	0.000000	0.707140	0.707074	0.000000	0.000000	0.000000	
0.704154	0.001595	0.065433	0.000000	0.000000	0.706875	0.000000	0.016681	
0.000000	0.000000	0.000000	0.000000	0.000000	0.000000	1.000000	0.000000	
0.000000	0.682062	0.000070	0.000000	0.000000	0.002024	0.000000	0.731292	
0.000000	0.000000	0.000000	0.706753	0.000000	0.707460	0.000000	0.000000	
0.000000	0.000000	0.000000	0.000000	0.000000	0.714389	0.000000	0.699749	
0.000000	0.000000	0.000000	1.000000	0.000000	0.000000	0.000000	0.000000	
0.707094	0.000000	0.000000	0.000000	0.000000	0.000000	0.000000	0.707120	
0.630923	0.034674	0.039659	0.000000	0.000000	0.000000	0.355870	0.687420	
0.001322	0.006390	0.067006	0.000005	0.467236	0.542614	0.049318	0.695105	
0.000000	0.000001	0.707091	0.706439	0.000001	0.036365	0.000000	0.000000	
0.000054	0.001010	0.000001	0.025955	0.706645	0.005222	0.018507	0.706829	
0.000000	0.000000	0.000000	0.000000	1.003669	0.000000	0.000000	0.005977	
0.000000	0.000973	0.000080	0.706655	0.000000	0.000000	0.707558	0.000000	
0.017397	0.000000	0.706789	0.000000	0.707210	0.000000	0.000000	0.000000	
0.002877	1.000190	0.001229	0.077398	0.008838	0.009008	0.000000	0.000000	
0.000000	0.000000	0.000000	0.000000	0.706821	0.000113	0.707459	0.000000	
0.056537	0.704515	0.017710	0.000000	0.707212	0.000000	0.000000	0.000000	
0.000000	0.000000	0.000000	1.000000	0.000000	0.000000	0.000000	0.000000	
0.000000	0.000000	0.000000	0.000000	0.717583	0.707754	0.000163	0.000028	
0.002212	0.000108	0.693841	0.006364	0.000000	0.000000	0.720097	0.000000	
0.000000	0.000000	0.999539	0.000000	0.000000	0.034025	0.000000	0.000000	
0.000000	0.000002	0.510351	0.509881	0.000000	0.692952	0.000000	0.000000	
0.000000	0.000000	0.000000	0.000000	0.000000	0.706942	0.707290	0.000000	
0.710152	0.033745	0.688158	0.029147	0.152024	0.066484	0.000000	0.000001	
0.707003	0.000000	0.000000	0.000000	0.707210	0.000000	0.000000	0.000000	
0.006974	0.707425	0.007425	0.706846	0.000001	0.033532	0.000000	0.000000	
0.868717	0.047743	0.054607	0.000000	0.000000	0.000000	0.489997	0.000000	
0.000000	0.000000	0.000000	0.707140	0.707074	0.000000	0.000000	0.000000	
0.000000	0.706294	0.000000	0.006478	0.000000	0.000000	0.707889	0.000000	
0.000000	0.000000	0.000000	0.706997	0.000000	0.019105	0.000000	0.706967	
0.000000	0.000000	0.000000	0.000000	0.000000	0.000000	0.000000	1.000000	
0.706140	0.026524	0.000000	0.707575	0.000000	0.000000	0.000000	0.000000	
0.000000	0.000000	0.000000	0.000000	0.000000	0.000000	1.000348	0.000000	
0.142340	0.708718	0.697636	0.029593	0.000000	0.000004	0.000000	0.000000	
0.016508	0.622124	0.039058	0.181958	0.063608	0.272779	0.003272	0.707426	
