0.000000	0.000000	0.000000	0.707083	0.707162	0.000000	0.000000	0.000000	
0.000000	0.000008	0.707147	0.000000	0.000000	0.000000	0.000000	0.707154	
0.000000	0.000000	0.000000	0.706513	0.000000	0.000000	0.000000	0.707733	
0.000000	0.000000	0.000000	0.000000	0.000000	0.000000	1.000190	0.000000	
0.707096	0.000001	0.000000	0.707118	0.000000	0.000000	0.000000	0.000000	
0.707607	0.000000	0.707507	0.000000	0.000000	0.000000	0.000000	0.000000	
0.000040	0.707484	0.000000	0.000000	0.706729	0.000003	0.000000	0.000000	
0.000084	0.707667	0.000000	0.706562	0.000000	0.000000	0.000000	0.000000	
0.000000	0.705679	0.000001	0.000000	0.000002	0.708534	0.000000	0.000000	
0.000000	0.000000	0.000000	0.000000	0.707646	0.000000	0.706568	0.000000	
0.707090	0.000000	0.000000	0.000000	0.000000	0.707143	0.000000	0.000000	
0.000000	0.000001	0.708705	0.705817	0.000000	0.000000	0.000000	0.000000	
0.000000	0.000000	0.000000	0.000000	0.000000	0.000000	0.707100	0.707114	
0.000000	0.000000	0.000000	0.706730	0.000000	0.000000	0.707484	0.000000	
0.711903	0.000000	0.000000	0.000004	0.000000	0.000000	0.710161	0.000010	
0.000000	0.000000	0.000000	0.000000	0.000000	0.000000	0.000000	1.000214	
0.000000	0.000000	0.000000	0.000000	0.708298	0.000000	0.000000	0.706011	
0.000000	0.708361	0.000000	0.000000	0.000000	0.000000	0.000000	0.707272	
0.707830	0.706528	0.000000	0.000000	0.000000	0.000003	0.000000	0.000000	
0.000156	0.706217	0.000551	0.000048	0.000001	0.000000	0.708113	0.000000	
0.000000	0.000000	0.707589	0.000000	0.000000	0.000000	0.706628	0.000000	
0.000000	0.000001	0.706777	0.000002	0.000000	0.707437	0.000000	0.000000	
0.000000	1.000000	0.000000	0.000000	0.000000	0.000000	0.000000	0.000000	
0.000000	0.000000	0.000000	0.000000	0.000000	0.708924	0.705290	0.000000	
0.000000	0.000000	0.000000	0.000000	1.000000	0.000000	0.000000	0.000000	
0.000000	0.000000	0.000000	1.000000	0.000000	0.000000	0.000000	0.000000	
0.707484	0.000000	0.000000	0.000000	0.706729	0.000000	0.000000	0.000000	
0.710690	0.000000	0.000000	0.000000	0.000000	0.000000	0.000000	0.708796	
0.000000	0.000000	0.000000	0.706953	0.000000	0.707261	0.000000	0.000000	
0.000303	0.000011	0.000002	0.000030	0.706812	0.707406	0.000000	0.000000	
0.000000	0.000000	0.000000	0.000000	0.000000	1.000005	0.000000	0.000000	
0.000000	0.000000	0.707995	0.000014	0.706219	0.000000	0.000000	0.000000	
0.000000	0.000000	1.000001	0.000000	0.000000	0.000000	0.000000	0.000000	
1.000172	0.000000	0.000000	0.000000	0.000000	0.000000	0.000000	0.000000	
0.000000	0.000000	0.000000	0.000000	0.000000	0.715098	0.000000	0.706425	
0.000000	0.707160	0.707067	0.000000	0.000000	0.000000	0.000000	0.000000	
0.000000	0.708039	0.000004	0.000014	0.706201	0.000000	0.000000	0.000000	
0.009875	0.000693	0.998057	0.030692	0.055282	0.000006	0.013410	0.000000	
0.000000	0.694208	0.000000	0.000000	0.000000	0.000000	0.000000	0.720147	
0.000000	0.000000	0.000000	0.000000	0.000000	0.715939	0.000000	0.698631	
0.000000	0.707164	0.707049	0.000000	0.000000	0.000000	0.000000	0.000000	
0.000000	0.705678	0.000001	0.000000	0.000054	0.708533	0.000000	0.000000	
0.707385	0.011458	0.000000	0.000000	0.706723	0.004236	0.000000	0.000000	
0.000000	0.000000	0.000000	0.698510	0.715601	0.000000	0.000000	0.000000	
0.703116	0.000000	0.000000	0.000000	0.000000	0.000000	0.000000	0.711113	
0.000156	0.706216	0.000551	0.000048	0.000467	0.000000	0.708113	0.000000	
0.000000	0.000000	0.000000	0.690665	0.000000	0.723183	0.000000	0.000000	
0.000000	0.000000	0.000000	0.000000	0.000000	1.000002	0.000000	0.000000	
0.000000	0.000000	0.000000	0.703219	0.000000	0.000000	0.000000	0.711325	
0.000000	0.000000	0.000000	0.000000	0.000000	0.000000	0.000000	1.000041	
0.005309	0.000243	0.000135	0.000293	0.000299	0.714941	0.699195	0.000000	
0.064251	0.997933	0.002911	0.003930	0.000000	0.000000	0.000000	0.000000	
0.000000	0.000000	0.000000	0.000000	0.000000	0.000000	1.000011	0.000000	
0.000000	0.000000	0.707247	0.000000	0.000000	0.000000	0.707988	0.000000	
0.000000	0.000000	0.706167	0.000000	0.708046	0.000000	0.000000	0.000000	
0.000001	0.000000	0.000300	0.000033	0.699412	0.723601	0.000000	0.000381	
0.000000	0.000001	0.706470	0.707743	0.000000	0.000000	0.000000	0.000000	
0.000000	0.000000	0.000000	0.000000	0.707774	0.000000	0.706763	0.000000	
0.000000	0.054579	0.000000	0.000000	0.998738	0.000000	0.000187	0.000000	
0.000000	0.000000	0.000000	1.000000	0.000000	0.000000	0.000000	0.000000	
0.000046	0.012241	0.708185	0.000000	0.000000	0.000000	0.000000	0.707187	
0.705643	0.709158	0.000000	0.000000	0.000000	0.000003	0.000000	0.000000	
0.707193	0.000000	0.000000	0.000000	0.000000	0.707021	0.000000	0.000000	
0.000000	0.000001	0.699725	0.000034	0.000000	0.714429	0.000000	0.000000	
0.707924	0.000000	0.000000	0.000000	0.000000	0.000003	0.708691	0.001532	
0.000000	0.000000	0.000000	0.000000	0.000000	0.000000	0.718555	0.722051	
0.000000	0.000007	0.000131	0.000005	0.706610	0.000000	0.000000	0.707975	
0.000342	0.711777	0.000000	0.702650	0.000000	0.000000	0.000000	0.000000	
0.000000	0.000000	0.000000	0.706730	0.000000	0.000000	0.707484	0.000000	
1.000172	0.000000	0.000000	0.000000	0.000000	0.000000	0.000000	0.000000	
0.707457	0.000001	0.000000	0.707120	0.000000	0.000000	0.000000	0.000000	
0.707903	0.000000	0.706309	0.000000	0.000000	0.000000	0.000000	0.000000	
0.000061	0.015590	0.000007	0.704623	0.710610	0.002834	0.000000	0.000000	
0.036502	0.999381	0.000000	0.000000	0.000000	0.016346	0.000000	0.000000	
0.000000	0.000000	0.000000	0.000000	0.000000	0.710330	0.000000	0.704359	
0.000000	0.000000	0.000000	0.706730	0.000000	0.000000	0.707484	0.000000	
0.051337	0.002340	0.000011	0.000028	0.043695	0.705708	0.705290	0.000000	
0.000000	0.000000	0.000000	0.000000	1.001179	0.022213	0.014182	0.000355	
0.499459	0.511216	0.004645	0.072809	0.010168	0.696288	0.000000	0.000000	
0.000000	0.000000	0.000000	0.000000	0.000000	0.000000	0.738570	0.674457	
0.000000	0.000000	0.000000	0.000000	0.000000	0.000000	0.000000	1.000041	
0.000897	0.023673	0.000327	0.002297	0.712091	0.701987	0.000143	0.000781	
0.000040	0.707484	0.000000	0.000000	0.706729	0.000003	0.000000	0.000000	
0.705278	0.044222	0.033499	0.707120	0.000000	0.000000	0.000000	0.000000	
0.000000	0.000000	0.000000	0.699894	0.000000	0.067691	0.000000	0.711384	
0.537245	0.000000	0.007543	0.000000	0.536725	0.000000	0.650439	0.012847	
0.713309	0.000000	0.035847	0.023140	0.714823	0.000000	0.000000	0.000000	
0.992172	0.015952	0.093544	0.000029	0.083688	0.000000	0.000000	0.000000	
0.000263	0.004380	0.000002	0.723025	0.000000	0.700253	0.000000	0.000000	
0.014025	0.737104	0.002146	0.000158	0.000015	0.002605	0.000000	0.697254	
0.014351	0.002335	0.000775	0.350290	0.432929	0.414037	0.718717	0.041058	
0.000000	0.000034	0.711248	0.702942	0.000000	0.000000	0.000000	0.000000	
0.000000	0.000000	0.000000	0.000000	0.000000	0.000000	1.000169	0.007985	
0.000000	0.000000	0.687863	0.000000	0.726425	0.000004	0.061955	0.001550	
0.512224	0.033840	0.000274	0.008228	0.490770	0.010901	0.000000	0.704365	
0.000000	0.000000	0.000000	0.997389	0.000000	0.000000	0.072223	0.000000	
0.688538	0.106004	0.712143	0.000000	0.000000	0.000000	0.000000	0.180342	
0.701521	0.000000	0.000000	0.000000	0.000000	0.701573	0.000000	0.125266	
0.009895	0.000621	0.999651	0.029303	0.000468	0.000006	0.000144	0.011650	
0.000000	0.000000	0.000000	0.000000	0.709540	0.000000	0.000000	0.707250	
