0.705773	0.000000	0.000008	0.000043	0.000000	0.000000	0.000000	0.708478	
0.000000	0.000000	0.000000	0.707101	0.000000	0.000000	0.707113	0.000000	
0.000666	0.000047	0.707682	0.000000	0.000000	0.000000	0.706531	0.000000	
0.000000	0.707536	0.000253	0.000000	0.707535	0.000000	0.000000	0.000000	
0.000001	0.000000	0.707123	0.000000	0.000000	0.000000	0.000000	0.707092	
0.000000	1.006867	0.000000	0.000000	0.000000	0.000000	0.000000	0.000000	
0.000000	0.000001	0.707170	0.000000	0.000000	0.707791	0.000000	0.000000	
0.000000	0.000000	0.000000	1.000001	0.000000	0.000000	0.000000	0.000000	
0.000000	0.701129	0.003671	0.000000	0.000000	0.000000	0.000000	0.713025	
0.706356	0.000000	0.000000	0.000000	0.707870	0.000000	0.000000	0.000000	
0.000000	0.000000	0.000000	0.000000	0.000000	0.000000	0.708185	0.708175	
0.708108	0.000004	0.706104	0.000000	0.000000	0.000000	0.000000	0.000000	
0.000000	0.000000	0.000000	0.707114	0.000000	0.000000	0.000000	0.707106	
0.000000	0.000000	0.000000	0.000000	0.000000	0.000000	0.000000	1.000000	
0.000000	0.000000	0.000000	0.000000	0.000000	0.707337	0.000000	0.706876	
1.000197	0.000000	0.000000	0.000000	0.000000	0.000000	0.000000	0.000000	
0.000001	0.708047	0.706179	0.000000	0.000000	0.000015	0.000000	0.000000	
0.000000	0.000000	0.000000	0.706856	0.000000	0.707452	0.000000	0.000000	
0.000001	0.706790	0.000001	0.000000	0.000000	0.707424	0.000000	0.000000	
0.000000	0.000000	0.000000	0.000000	0.707167	0.000000	0.707046	0.000000	
0.000000	0.000000	0.000000	0.000000	0.000000	1.000000	0.000000	0.000000	
0.000000	0.000000	0.000000	0.000000	1.000005	0.000000	0.000000	0.000000	
0.000001	0.000000	0.707521	0.000000	0.706693	0.000000	0.000000	0.000000	
0.000545	0.710319	0.000005	0.703880	0.000000	0.000000	0.000000	0.000000	
0.707171	0.000000	0.000000	0.000000	0.000000	0.707044	0.000000	0.000000	
0.000000	0.000000	0.707440	0.706778	0.000000	0.000000	0.000000	0.000000	
0.000000	0.000000	0.000000	0.000000	0.706388	0.707833	0.000000	0.000000	
0.000000	0.000000	0.000000	0.000000	0.000000	0.706951	0.707279	0.000000	
0.000000	0.000000	0.000000	0.000000	0.000000	0.000000	1.000001	0.000000	
0.000000	0.000000	0.000000	0.707540	0.706678	0.000000	0.000000	0.000000	
0.707105	0.000000	0.000000	0.707127	0.000001	0.000000	0.000000	0.000000	
0.707730	0.706485	0.000000	0.000000	0.000208	0.000000	0.000000	0.000000	
0.000000	0.000000	0.000000	0.000000	0.706725	0.000000	0.000000	0.707489	
0.707120	0.000012	0.000001	0.000000	0.000000	0.000000	0.707093	0.000000	
0.000000	0.706996	0.000003	0.000000	0.000000	0.000000	0.707235	0.000000	
0.000000	0.000000	1.000066	0.000000	0.000000	0.000000	0.000000	0.000000	
0.022870	0.000766	0.706738	0.005790	0.000167	0.000000	0.707090	0.000000	
0.000005	0.094052	0.700444	0.707704	0.000000	0.000000	0.000000	0.000000	
0.730694	0.000004	0.000001	0.000000	0.000000	0.000000	0.731148	0.000000	
0.000000	0.000001	0.705101	0.000000	0.000000	0.709165	0.000000	0.000000	
0.000000	0.000000	0.000000	1.000007	0.000000	0.000000	0.000000	0.000000	
0.675334	0.780823	0.000006	0.000000	0.000003	0.000000	0.000000	0.000000	
0.000000	0.000000	0.000000	0.000000	0.706098	0.000000	0.000000	0.708149	
0.000543	0.708164	0.000006	0.706049	0.000000	0.000000	0.000000	0.000000	
0.000000	1.006526	0.000000	0.000000	0.000000	0.000000	0.000000	0.000000	
0.706877	0.056102	0.000254	0.000000	0.709098	0.005576	0.000000	0.000000	
0.999935	0.016342	0.000002	0.001359	0.000000	0.000000	0.000000	0.020280	
0.684009	0.000000	0.000001	0.000043	0.000000	0.000000	0.000000	0.730053	
0.000000	0.000000	0.000000	0.000000	0.000000	0.000000	0.000000	1.000000	
0.000000	0.000000	0.000000	0.707114	0.000000	0.000000	0.000000	0.707106	
0.000008	0.000016	0.000001	0.000000	0.000018	0.708880	0.705342	0.000000	
0.000001	0.000000	0.707815	0.000000	0.706654	0.000000	0.000000	0.000000	
0.000000	0.000000	0.000000	0.000000	1.000005	0.000000	0.000000	0.000000	
0.707096	0.000031	0.000042	0.707118	0.000001	0.000000	0.000000	0.000000	
0.000176	0.694522	0.007229	0.000000	0.720776	0.000000	0.000000	0.000000	
0.000000	0.000000	0.000000	0.707247	0.000000	0.707858	0.000000	0.000000	
0.000000	0.000000	0.000000	0.000000	0.707168	0.000000	0.707045	0.000000	
0.000371	0.000368	0.020589	0.001754	0.000006	0.702791	0.000000	0.711288	
0.000001	0.000000	0.707848	0.000001	0.000000	0.000000	0.000000	0.707740	
0.000000	0.000000	0.000000	0.706100	0.708308	0.000000	0.000000	0.000000	
0.000001	0.698263	0.000001	0.000000	0.000000	0.731142	0.000000	0.000000	
0.707981	0.000000	0.000003	0.000000	0.000000	0.708615	0.000000	0.000000	
0.000000	0.000000	0.000000	0.000004	0.000000	0.000000	0.999761	0.022410	
0.000000	0.000000	1.000001	0.000000	0.000000	0.000000	0.000000	0.000000	
0.706927	0.041584	0.706077	0.000000	0.000000	0.000215	0.000000	0.000000	
0.000000	0.000000	0.000000	0.000000	0.000000	0.000000	0.710129	0.709593	
0.000000	0.000000	0.000000	0.000000	0.706382	0.707838	0.000000	0.000000	
0.000000	0.000000	0.000000	0.707128	0.000167	0.000011	0.707086	0.000000	
0.000000	0.703747	0.003685	0.000370	0.000000	0.002036	0.085731	0.705397	
0.024455	0.699679	0.072506	0.000807	0.000000	0.015572	0.720874	0.000000	
0.002681	0.002659	0.000222	0.003941	0.000002	0.999986	0.000000	0.000000	
0.000001	0.707128	0.707086	0.000000	0.000000	0.000000	0.000000	0.000000	
0.704564	0.070744	0.706104	0.000000	0.000000	0.000000	0.000000	0.001362	
0.001671	0.029209	0.719379	0.005895	0.000164	0.000000	0.693986	0.000000	
0.075117	0.684352	0.000327	0.082577	0.035988	0.000000	0.017348	0.722059	
0.000000	0.000001	0.668753	0.000000	0.000000	0.743539	0.000000	0.000000	
0.000160	0.630820	0.026481	0.000000	0.776696	0.000000	0.000000	0.000000	
0.000001	0.000000	0.549765	0.445826	0.706655	0.000000	0.000000	0.000000	
0.702576	0.069454	0.001095	0.709000	0.000001	0.000000	0.000000	0.000000	
0.000004	0.000000	0.000000	0.000038	0.000004	0.001341	0.689418	0.724453	
0.001872	0.000091	0.000001	0.048578	0.000000	0.048655	0.997698	0.000000	
0.000000	0.000000	0.000000	0.706857	0.000000	0.707453	0.000000	0.000000	
0.000000	0.000000	0.008885	0.000293	0.666610	0.746066	0.000000	0.000000	
0.696966	0.042502	0.000001	0.000000	0.002015	0.731142	0.000000	0.000000	
0.000000	0.000000	0.000000	0.000000	0.999805	0.000000	0.000000	0.019745	
0.005357	0.093685	0.698849	0.709157	0.000000	0.014562	0.000000	0.000000	
0.000000	0.000000	0.000000	0.000000	0.000000	0.677241	0.738367	0.000000	
0.000000	0.000001	0.707124	0.000000	0.000000	0.000000	0.000000	0.707093	
0.020820	0.020653	0.002098	0.000130	0.000000	0.999645	0.000000	0.010650	
0.000000	0.000000	0.000000	0.997204	0.000000	0.000000	0.075333	0.000000	
0.985400	0.012119	0.058002	0.163081	0.000277	0.070070	0.000000	0.000000	
0.706361	0.000000	0.000000	0.000000	0.707874	0.000000	0.000000	0.000000	
0.000000	0.491921	0.005429	0.000000	0.491951	0.000000	0.000000	0.721973	
0.707101	0.000012	0.000001	0.000000	0.000000	0.000000	0.707112	0.000000	
0.695297	0.724180	0.001502	0.007847	0.000001	0.000000	0.000000	0.090135	
0.000000	0.000000	0.000000	0.000000	0.000000	0.000000	0.031827	0.999494	
0.018140	0.017578	0.995072	0.000670	0.029227	0.092504	0.000000	0.000000	
0.020963	0.704796	0.000259	0.009976	0.000000	0.709181	0.000000	0.000000	
0.000000	0.000000	0.000000	0.716632	0.000002	0.000011	0.697428	0.006222	
0.542258	0.040576	0.000042	0.553889	0.000161	0.000000	0.000000	0.630492	
