1.000000	0.000000	0.000000	0.000000	0.000000	0.000000	0.000000	0.000000	
0.000000	0.000000	0.000000	0.000000	0.000000	0.000000	0.000000	1.000019	
0.000000	0.000000	0.000000	0.000000	0.000000	0.000000	0.706975	0.707238	
0.706996	0.000000	0.000000	0.000000	0.707224	0.000000	0.000000	0.000000	
0.000000	0.000000	0.000000	0.000000	0.000000	0.707112	0.707103	0.000000	
0.000000	0.000000	0.000000	1.000000	0.000000	0.000000	0.000000	0.000000	
0.000000	0.000000	0.707050	0.707164	0.000000	0.000000	0.000000	0.000000	
0.000000	0.000000	0.000000	0.000000	0.000000	1.000000	0.000000	0.000000	
0.707064	0.000000	0.000000	0.707150	0.000000	0.000000	0.000000	0.000000	
0.000000	1.000000	0.000000	0.000000	0.000000	0.000000	0.000000	0.000000	
0.706989	0.000363	0.000000	0.000000	0.000000	0.707225	0.000000	0.000000	
0.000000	0.000000	0.000000	0.000000	0.000000	0.707226	0.000000	0.706987	
0.000000	0.706821	0.000000	0.000000	0.000000	0.000000	0.707392	0.000000	
0.000000	0.000000	0.000000	0.000000	0.706952	0.707261	0.000000	0.000000	
0.000000	0.000000	0.000000	0.707204	0.707010	0.000000	0.000000	0.000000	
0.000000	0.000000	0.706936	0.000000	0.000000	0.707277	0.000000	0.000000	
0.000000	0.000000	0.000000	0.706880	0.000000	0.000000	0.000000	0.707334	
0.000000	0.000000	0.000000	0.707130	0.000000	0.000000	0.707084	0.000000	
0.707221	0.706992	0.000000	0.000000	0.000000	0.000000	0.000000	0.000000	
0.000002	0.706989	0.000000	0.000000	0.000000	0.707225	0.000000	0.000000	
0.000000	0.000000	0.707164	0.000000	0.707050	0.000000	0.000000	0.000000	
0.000000	0.000000	0.000000	0.000000	1.000000	0.000000	0.000000	0.000000	
0.000000	0.000000	0.000000	0.000000	0.000000	0.000000	1.000000	0.000000	
0.000000	0.000000	0.707118	0.000000	0.000000	0.000000	0.000000	0.707329	
0.000000	0.000000	0.707090	0.000000	0.000000	0.000000	0.707123	0.000000	
0.707103	0.000000	0.000000	0.000000	0.000000	0.000000	0.000000	0.707328	
0.000000	0.000000	0.000000	0.000000	0.707111	0.000000	0.707102	0.000000	
0.000000	0.000000	1.000000	0.000000	0.000000	0.000000	0.000000	0.000000	
0.000000	0.706993	0.000000	0.000000	0.707221	0.000000	0.000000	0.000000	
0.707130	0.000000	0.000000	0.000000	0.000000	0.000000	0.707084	0.000000	
0.707101	0.000000	0.707113	0.000000	0.000000	0.000000	0.000000	0.000000	
0.000000	0.707056	0.000000	0.707157	0.000000	0.000000	0.000000	0.000000	
0.000000	0.000000	0.000000	0.000000	0.707043	0.000000	0.000000	0.707172	
0.000005	0.706856	0.000000	0.000000	0.000001	0.000000	0.000000	0.707358	
0.000000	0.707101	0.707113	0.000000	0.000000	0.000000	0.000000	0.000000	
0.000000	0.000000	0.000000	0.707092	0.000000	0.707121	0.000000	0.000000	
0.706146	0.000000	0.000000	0.000000	0.000000	0.000000	0.708066	0.000000	
0.000000	0.000000	0.000000	0.000000	1.000000	0.000000	0.000000	0.000000	
0.000020	0.000422	0.993718	0.000000	0.109940	0.020911	0.000000	0.000000	
0.024984	0.999761	0.001958	0.008295	0.000000	0.000000	0.000000	0.000000	
0.000000	0.000000	0.000000	0.000000	0.000000	1.000000	0.000000	0.000000	
0.043475	0.705389	0.019687	0.000000	0.000000	0.000000	0.000000	0.707212	
0.000000	0.000000	0.000000	0.000000	0.000000	0.000000	0.000000	1.000023	
0.687995	0.077366	0.141472	0.713000	0.000000	0.000287	0.000000	0.010449	
0.707103	0.000000	0.000000	0.000000	0.000000	0.000000	0.000000	0.707328	
0.000000	0.000000	0.000000	0.000000	0.707784	0.000000	0.706428	0.000000	
0.706576	0.000000	0.000000	0.000000	0.000000	0.707677	0.000000	0.000000	
0.000000	0.000000	0.000000	1.000000	0.000000	0.000000	0.000000	0.000000	
0.061716	0.687458	0.141041	0.710829	0.000000	0.000286	0.000000	0.010417	
0.003667	0.705682	0.000000	0.033341	0.030335	0.000000	0.707085	0.000000	
0.000000	0.000000	0.000000	0.000000	0.000000	0.707423	0.000000	0.706791	
0.000000	0.000000	0.000000	0.707130	0.000000	0.000000	0.707084	0.000000	
0.000000	0.711959	0.702173	0.008174	0.000000	0.000000	0.000000	0.000000	
0.633193	0.017219	0.000006	0.044935	0.772496	0.000000	0.000000	0.000000	
0.000000	0.706993	0.000000	0.000000	0.707221	0.000000	0.000000	0.000000	
0.000354	0.008395	0.673926	0.000023	0.012645	0.000010	0.056706	0.736463	
0.701560	0.709774	0.063564	0.000004	0.000071	0.000000	0.018398	0.000019	
0.000000	0.000168	0.003193	0.701713	0.712464	0.000000	0.000000	0.000000	
0.000000	0.000000	0.000000	0.706880	0.000000	0.000000	0.000000	0.707334	
0.000000	0.000000	0.707050	0.707164	0.000000	0.000000	0.000000	0.000000	
0.000000	0.000000	0.000000	0.000000	0.719911	0.000970	0.000000	0.694090	
0.707101	0.000000	0.707113	0.000000	0.000000	0.000000	0.000000	0.000000	
0.000000	0.000000	0.002327	0.000003	0.708260	0.705948	0.000000	0.000000	
0.000000	0.000000	0.696457	0.000000	0.000000	0.000000	0.717599	0.000000	
0.076639	0.698869	0.079024	0.000040	0.000000	0.712013	0.000000	0.000000	
0.000015	0.000301	0.708263	0.000000	0.000314	0.705948	0.000000	0.000000	
0.000000	0.000000	0.000000	0.000000	0.000000	0.000000	1.000000	0.000000	
0.000000	0.000000	0.000000	0.000000	0.000000	0.000000	0.706975	0.707239	
0.000000	0.000000	0.000000	0.000000	0.000000	0.707554	0.707330	0.000000	
0.032328	0.389701	0.369161	0.457515	0.005867	0.706814	0.001641	0.043601	
0.993417	0.060035	0.000000	0.087681	0.000000	0.000000	0.000000	0.042847	
0.000000	0.000000	0.708825	0.000000	0.705385	0.000000	0.000000	0.000000	
0.000000	0.000000	0.000000	0.000000	0.000000	0.707112	0.707103	0.000000	
0.023244	0.999654	0.012346	0.000000	0.000000	0.000000	0.000000	0.000000	
0.685411	0.107286	0.715795	0.000000	0.047470	0.000020	0.058830	0.024989	
0.633193	0.000000	0.000000	0.000000	0.000000	0.000000	0.000000	0.773994	
0.079788	0.699914	0.000000	0.709757	0.000000	0.000000	0.000000	0.000000	
0.000000	0.493518	0.000000	0.506000	0.000000	0.000000	0.707392	0.000000	
0.041774	0.712494	0.000000	0.000000	0.000000	0.717034	0.004912	0.000000	
0.707124	0.000000	0.000000	0.000000	0.000000	0.002876	0.707084	0.000000	
0.000000	0.000000	0.000000	0.000000	0.648760	0.000000	0.000000	0.760995	
0.007491	0.099429	0.697707	0.012275	0.052742	0.031162	0.707335	0.000000	
0.000000	0.000000	0.000000	0.000000	0.999887	0.000000	0.015046	0.000000	
0.000069	0.068788	0.000000	0.692641	0.723897	0.000000	0.000059	0.001808	
0.705848	0.000000	0.023189	0.706314	0.000000	0.000000	0.000000	0.048585	
0.005877	0.706135	0.036521	0.000000	0.000000	0.000000	0.000000	0.707328	
0.000091	0.038002	0.003202	0.454376	0.081239	0.000148	0.503236	0.729577	
0.056135	0.703355	0.027985	0.000000	0.000000	0.000000	0.708067	0.000000	
0.000000	0.000000	0.000000	0.996779	0.077964	0.018818	0.000000	0.000000	
0.705096	0.048733	0.005016	0.016493	0.000000	0.707225	0.000000	0.000000	
0.702489	0.702262	0.000026	0.014376	0.114590	0.000000	0.000000	0.000000	
0.000000	0.000000	0.000000	0.000000	0.000000	0.000000	0.999912	0.013260	
0.000000	0.000000	0.001610	0.001682	0.708743	0.706430	0.000000	0.010541	
0.631911	0.017184	0.000006	0.098338	0.778495	0.000000	0.000000	0.000000	
0.001391	0.029084	0.993292	0.000000	0.109940	0.020911	0.000000	0.000000	
0.008737	0.000207	0.707804	0.000000	0.706355	0.000000	0.000000	0.000000	
0.992050	0.049973	0.021164	0.091766	0.027566	0.060925	0.001250	0.000000	
0.000000	0.000000	0.000000	0.000000	0.000000	0.000000	0.000000	1.000022	
0.057092	0.709539	0.702048	0.020605	0.000000	0.000000	0.000000	0.000000	
0.016636	0.015342	0.732463	0.664336	0.145967	0.001193	0.018394	0.000000	
