0.000000	0.000000	0.707281	0.000000	0.000000	0.000000	0.000000	0.706932	
0.707003	0.000000	0.000000	0.000000	0.707211	0.000000	0.000000	0.000000	
0.000000	0.000000	0.000000	0.000000	0.000000	0.000000	0.000000	1.000000	
0.000000	0.000000	0.000000	0.706842	0.000000	0.000000	0.000000	0.707371	
0.000000	0.000002	0.714114	0.714386	0.000000	0.000000	0.000000	0.000000	
0.000000	0.000000	0.000000	0.000000	0.706375	0.707838	0.000000	0.000000	
0.000000	0.000000	0.707090	0.000000	0.000000	0.000000	0.707123	0.000000	
0.000001	0.706993	0.000000	0.000000	0.707221	0.000000	0.000000	0.000000	
0.707065	0.000000	0.000000	0.707149	0.000000	0.000000	0.000000	0.000000	
0.707130	0.000000	0.000000	0.000000	0.000000	0.000000	0.707084	0.000000	
0.706650	0.000000	0.000000	0.000000	0.000000	0.707755	0.000000	0.000000	
0.000000	0.000000	0.707165	0.000000	0.707050	0.000000	0.000000	0.000000	
0.000000	0.000000	0.000000	0.000000	0.000000	0.707309	0.000000	0.706904	
0.707221	0.706992	0.000001	0.000000	0.000000	0.000000	0.000000	0.000000	
0.000000	0.000000	0.000000	0.000000	0.000000	0.000000	1.000000	0.000000	
0.000000	0.000000	1.000000	0.000000	0.000000	0.000000	0.000000	0.000000	
0.000008	0.706346	0.000000	0.000000	0.000000	0.707867	0.000000	0.000000	
0.000000	0.000000	0.000000	1.000000	0.000000	0.000000	0.000000	0.000000	
0.000000	1.000000	0.000000	0.000000	0.000000	0.000000	0.000000	0.000000	
0.707268	0.000000	0.000000	0.000000	0.000000	0.000000	0.000003	0.706945	
0.000000	0.000000	0.706936	0.000000	0.000000	0.707277	0.000000	0.000000	
0.000000	0.000000	0.000000	0.000000	0.000000	0.707072	0.707141	0.000000	
0.000000	0.000000	0.000000	0.000000	0.707111	0.000000	0.707102	0.000000	
0.000000	0.707056	0.000000	0.707157	0.000000	0.000000	0.000000	0.000000	
0.000000	0.000000	0.000000	0.707204	0.707010	0.000000	0.000000	0.000000	
0.000008	0.706856	0.000002	0.000000	0.000001	0.000014	0.000000	0.707358	
0.000000	0.000003	0.000000	0.707130	0.000000	0.000000	0.707084	0.000000	
0.000000	0.706814	0.000000	0.000000	0.000000	0.000000	0.707399	0.000000	
0.000000	0.000003	0.000000	0.000000	0.707276	0.000000	0.000000	0.706940	
0.000000	0.000000	0.000000	0.707088	0.000000	0.707125	0.000000	0.000000	
0.000000	0.000000	0.000000	0.000000	0.000000	0.000000	0.706854	0.707359	
0.000000	0.000000	0.000000	0.000000	1.000000	0.000000	0.000000	0.000000	
0.707101	0.000000	0.707113	0.000000	0.000000	0.000000	0.000000	0.000000	
1.000000	0.000000	0.000000	0.000000	0.000000	0.000000	0.000000	0.000000	
0.000000	0.000000	0.000000	0.000000	0.000000	1.000000	0.000000	0.000000	
0.000000	0.707101	0.707113	0.000000	0.000000	0.000000	0.000000	0.000000	
0.002937	0.009037	0.000008	0.703026	0.711101	0.000001	0.000000	0.000000	
0.000000	0.704179	0.704191	0.000000	0.000000	0.000000	0.092880	0.006402	
0.722179	0.000000	0.691451	0.000000	0.018791	0.000000	0.000000	0.000000	
0.000000	0.000000	0.000000	0.000000	0.000000	1.000000	0.000000	0.000000	
0.000003	0.000042	0.706973	0.707241	0.000000	0.000000	0.000000	0.000000	
0.000253	0.998995	0.000000	0.011331	0.000000	0.000000	0.000000	0.043416	
0.000000	0.000003	0.000000	0.707130	0.000000	0.000000	0.707084	0.000000	
0.706650	0.000000	0.000000	0.000000	0.000000	0.707755	0.000000	0.000000	
0.000000	0.000000	0.000000	0.000000	0.000000	0.000000	1.000000	0.000000	
0.000000	0.717905	0.009660	0.696055	0.000000	0.000070	0.000000	0.005119	
0.000000	0.000000	0.707959	0.000000	0.706253	0.000000	0.000000	0.000000	
0.000000	0.000000	0.000000	0.000000	0.000000	0.000000	0.000000	1.000000	
0.007148	0.518514	0.009499	0.447006	0.000000	0.000000	0.728765	0.009426	
0.000031	0.000494	0.000041	0.000000	0.000000	0.707333	0.000000	0.707835	
0.705330	0.000000	0.000000	0.000000	0.000000	0.000000	0.708879	0.000000	
0.704859	0.000000	0.000000	0.000000	0.709557	0.000000	0.000000	0.000000	
0.707268	0.000000	0.000000	0.000000	0.000000	0.000000	0.000003	0.706945	
0.998708	0.047676	0.000000	0.000000	0.000000	0.000000	0.000000	0.017580	
0.707221	0.706992	0.000001	0.000000	0.000000	0.000000	0.000000	0.000000	
0.000000	0.000000	0.000000	1.000000	0.000000	0.000000	0.000000	0.000000	
0.000000	0.000000	0.000000	0.706807	0.000000	0.000000	0.000000	0.707406	
0.000000	0.000003	0.000000	0.000000	0.707552	0.000000	0.000000	0.707216	
0.000000	0.000000	0.000000	0.000000	1.000000	0.000000	0.000000	0.000000	
0.000000	0.000000	0.701158	0.000000	0.000000	0.000000	0.000000	0.713006	
0.000000	0.000000	0.706936	0.000000	0.000000	0.707277	0.000000	0.000000	
0.000000	0.000000	0.707129	0.000000	0.000000	0.000000	0.707085	0.000000	
0.000000	0.000000	0.000000	0.000000	0.000000	0.704711	0.709494	0.000000	
0.000627	0.012151	0.999238	0.000000	0.000000	0.037075	0.000000	0.000000	
0.000000	0.000000	0.000000	0.000000	0.706375	0.707838	0.000000	0.000000	
0.000019	0.706856	0.000002	0.000000	0.000000	0.000014	0.000000	0.707358	
0.000105	0.002931	0.000013	0.000058	0.002967	0.000000	0.703035	0.711143	
0.000001	0.705080	0.000000	0.000000	0.709128	0.000000	0.000000	0.000000	
0.000000	0.000000	0.000000	0.000000	0.707112	0.000000	0.707102	0.000000	
0.000008	0.706348	0.000000	0.000000	0.000000	0.707865	0.000000	0.000000	
0.707064	0.000000	0.000000	0.707150	0.000000	0.000000	0.000000	0.000000	
0.000000	0.000000	0.000000	0.707092	0.000000	0.707121	0.000000	0.000000	
0.000000	0.000000	0.707279	0.001725	0.000000	0.000225	0.000000	0.706932	
0.000590	0.016610	0.707714	0.000000	0.706203	0.000000	0.001077	0.011840	
0.004544	0.000417	0.069197	0.747954	0.000021	0.659682	0.023976	0.000000	
0.000000	0.000000	0.000000	0.000000	0.706364	0.707827	0.000000	0.005493	
0.000002	0.000000	0.000000	0.000002	0.580156	0.000000	0.593101	0.572898	
0.000000	0.000000	0.000000	0.000000	0.000000	0.000000	1.000000	0.000000	
0.003839	0.000352	0.049102	0.531224	0.000015	0.468530	0.704169	0.000000	
0.000000	0.000000	0.707129	0.000000	0.000000	0.000000	0.707085	0.000000	
0.000001	0.998198	0.000003	0.077973	0.000001	0.000020	0.004643	0.007647	
0.001914	0.000003	0.000177	0.000025	0.000004	0.715745	0.000000	0.698740	
0.000000	0.000003	0.000000	0.000000	0.707552	0.000000	0.000000	0.707216	
0.709653	0.000000	0.000000	0.000000	0.000000	0.710757	0.000000	0.000000	
0.000019	0.706856	0.000002	0.000000	0.000001	0.000014	0.000000	0.707358	
0.696239	0.015583	0.000000	0.717058	0.000000	0.000037	0.036485	0.000000	
0.000000	0.000000	0.000000	1.000000	0.000000	0.000000	0.000000	0.000000	
0.000139	0.003869	0.000017	0.502662	0.502539	0.000000	0.077424	0.699125	
0.218325	0.665591	0.000572	0.061534	0.711193	0.001260	0.000000	0.000000	
0.000008	0.019178	0.678286	0.001419	0.000000	0.680015	0.000000	0.277735	
0.705796	0.022783	0.000000	0.019855	0.030288	0.000000	0.015780	0.706945	
0.046194	0.001412	0.000001	0.004017	0.000011	0.000000	0.705330	0.707359	
0.000000	0.707101	0.707113	0.000000	0.000001	0.000000	0.000000	0.000000	
0.997544	0.053829	0.000000	0.011331	0.000000	0.000000	0.000000	0.043416	
0.000000	0.000000	0.000000	0.000000	0.000000	0.000000	0.000000	1.000143	
0.015076	0.063541	0.990253	0.005496	0.000000	0.017405	0.134518	0.004446	
0.010758	0.780370	0.006954	0.627989	0.000001	0.012000	0.090566	0.009482	
0.007154	0.518913	0.009507	0.446540	0.000000	0.000000	0.728763	0.009711	
0.707170	0.010843	0.707265	0.000000	0.000000	0.000000	0.000303	0.005839	
0.000000	0.000000	0.000000	0.000000	1.000000	0.000000	0.000000	0.000000	
