0.000000	0.000000	0.706567	0.707646	0.000000	0.000000	0.000000	0.000000	
0.000000	0.000000	0.000000	0.000000	0.000000	0.000000	1.000002	0.000000	
0.000000	0.000007	0.000000	0.000000	0.000000	0.708318	0.705893	0.000000	
0.000000	0.000000	0.000000	0.000000	0.710784	0.000057	0.708673	0.000007	
0.000001	0.707003	0.000000	0.000000	0.707210	0.000000	0.000000	0.000000	
0.707100	0.000000	0.707114	0.000000	0.000000	0.000000	0.000000	0.000000	
0.000000	0.000000	0.000000	0.706809	0.707405	0.000000	0.000000	0.000000	
0.000000	0.712373	0.000000	0.701801	0.000000	0.000000	0.000000	0.000000	
0.707265	0.000000	0.000000	0.000000	0.000000	0.000000	0.000000	0.707708	
0.000000	0.000004	0.706397	0.000000	0.000000	0.000000	0.707816	0.000000	
0.000000	0.000000	0.707140	0.000000	0.000000	0.707073	0.000018	0.000000	
0.000000	0.000000	0.000000	0.707405	0.000000	0.000000	0.707990	0.000000	
0.707307	0.706907	0.000000	0.000000	0.000000	0.000000	0.000000	0.000000	
0.000000	0.000000	0.000000	0.000000	0.000000	0.000000	0.000000	1.000000	
0.706965	0.000000	0.000000	0.000000	0.707248	0.000000	0.000000	0.000000	
0.706237	0.000000	0.000000	0.707976	0.000000	0.000000	0.000000	0.000000	
0.000000	1.000000	0.000000	0.000000	0.000000	0.000000	0.000000	0.000000	
0.000000	0.000000	0.000000	0.000000	1.000002	0.000000	0.000000	0.000000	
0.707161	0.000003	0.000000	0.000000	0.000000	0.707053	0.000000	0.000000	
0.000000	0.707158	0.000000	0.000000	0.000000	0.707055	0.000000	0.000000	
0.000000	0.000000	0.000000	0.707205	0.000000	0.000000	0.000000	0.707009	
0.000000	0.706814	0.000000	0.000000	0.000000	0.000000	0.707399	0.000000	
0.000000	0.000000	0.000000	1.000000	0.000000	0.000000	0.000000	0.000000	
0.000000	0.712291	0.702777	0.000000	0.000000	0.000000	0.000002	0.000000	
0.000000	0.000000	1.000000	0.000000	0.000000	0.000000	0.000000	0.000000	
0.707594	0.000123	0.000027	0.000126	0.000000	0.000000	0.707318	0.000000	
0.000000	0.000000	0.000000	0.000000	0.000000	0.707200	0.000000	0.707013	
0.000000	0.000000	0.706875	0.000000	0.707339	0.000000	0.000000	0.000000	
0.000003	0.708690	0.000000	0.000000	0.000000	0.000000	0.000000	0.705520	
0.000000	0.000000	0.706540	0.000000	0.000000	0.000000	0.000000	0.707766	
0.000000	0.000000	0.000000	0.000000	0.711470	0.702730	0.000000	0.000000	
1.000000	0.000000	0.000000	0.000000	0.000000	0.000000	0.000000	0.000000	
0.000003	0.000015	0.000001	0.000000	0.000016	0.000000	0.706651	0.708375	
0.000000	0.000000	0.000000	0.000000	0.000000	1.000000	0.000000	0.000000	
0.000000	0.000000	0.000000	0.706225	0.000000	0.707987	0.000000	0.000000	
0.000000	0.000000	0.000000	0.000000	0.714045	0.000000	0.000000	0.711908	
0.000000	0.000000	0.000000	0.000000	0.000000	0.000000	1.000286	0.000000	
0.000000	0.000000	1.000000	0.000000	0.000000	0.000000	0.000000	0.000000	
0.000000	0.000005	0.000000	0.000000	0.000005	0.708085	0.706127	0.000000	
0.000000	0.000000	0.000000	0.000143	0.722388	0.000000	0.000000	0.722189	
0.000000	0.000000	0.000000	0.000000	1.000000	0.000000	0.000000	0.000000	
0.000011	0.000011	0.000000	0.000000	0.000016	0.000000	0.707205	0.707009	
0.705393	0.009104	0.032133	0.000000	0.708032	0.000000	0.000000	0.000000	
0.000000	0.707103	0.707111	0.000000	0.000000	0.000000	0.000000	0.000000	
0.691132	0.000003	0.002495	0.000000	0.180581	0.698971	0.118021	0.000000	
0.707015	0.000000	0.000000	0.707199	0.000000	0.000000	0.000000	0.000000	
0.000000	0.000000	0.000000	0.706851	0.000000	0.000000	0.000000	0.707362	
0.526893	0.000014	0.008684	0.026477	0.475043	0.004433	0.709708	0.000007	
0.001903	0.702952	0.030537	0.065633	0.015360	0.000117	0.707600	0.000000	
0.000000	0.000000	0.000000	0.000000	0.000000	0.698710	0.000000	0.715405	
0.000145	0.733479	0.002082	0.000009	0.000000	0.000000	0.000000	0.702474	
0.999955	0.000000	0.000000	0.009481	0.000000	0.000000	0.000000	0.000000	
0.000074	0.712134	0.000000	0.000000	0.000000	0.702044	0.000000	0.000000	
0.000000	0.000000	0.712029	0.000000	0.000000	0.711961	0.000001	0.000000	
0.000000	0.000000	0.000000	0.000000	0.000000	1.000000	0.000000	0.000000	
0.705001	0.000000	0.705015	0.000000	0.000000	0.076983	0.000000	0.000000	
0.000000	0.000000	0.707099	0.000000	0.000000	0.000000	0.000000	0.707115	
0.000000	0.706661	0.000000	0.707552	0.000000	0.000000	0.000000	0.000000	
0.027659	0.706463	0.000241	0.000000	0.707210	0.000000	0.000000	0.000000	
0.000000	0.000000	0.000000	0.000000	0.707149	0.707078	0.000000	0.000000	
0.000000	0.000000	0.000000	0.000000	0.000000	0.000000	0.000000	1.000393	
0.000000	0.000000	0.000001	0.707140	0.000000	0.707073	0.000000	0.000000	
0.000000	0.000000	0.000000	1.000057	0.000000	0.000000	0.000000	0.000000	
0.000005	0.021955	0.780662	0.628896	0.000000	0.000000	0.004384	0.000000	
0.000000	0.000000	0.000000	0.706727	0.000000	0.000000	0.707486	0.000000	
0.066848	1.012933	0.002881	0.019611	0.000000	0.000000	0.000000	0.000000	
0.000000	0.000000	0.000000	0.000000	0.711137	0.000057	0.709025	0.000007	
0.707164	0.000000	0.000000	0.000000	0.000000	0.000000	0.000000	0.707568	
0.000000	0.000000	0.000000	0.707314	0.706899	0.000000	0.000000	0.000000	
0.713643	0.698523	0.000000	0.000000	0.052719	0.000000	0.000000	0.000000	
0.000000	0.000000	0.707017	0.000000	0.707464	0.000000	0.000000	0.000000	
0.000000	0.000004	0.706397	0.000000	0.000000	0.000000	0.707816	0.000000	
0.000072	0.688176	0.120412	0.000605	0.000000	0.715482	0.000000	0.000000	
0.061060	0.000002	0.523774	0.026377	0.475359	0.004436	0.709230	0.000007	
0.133039	0.684012	0.117293	0.011998	0.707452	0.006791	0.000000	0.000000	
0.708915	0.038078	0.000000	0.000000	0.000000	0.716611	0.000000	0.000000	
0.000003	0.707376	0.000462	0.000000	0.000000	0.000000	0.000000	0.706837	
0.000793	0.708828	0.702478	0.018048	0.054890	0.000000	0.027564	0.000000	
0.000000	0.000005	0.000000	0.000000	0.000005	0.708085	0.706127	0.000000	
0.000000	0.000000	0.000003	0.707140	0.000000	0.707073	0.000000	0.000000	
0.995845	0.027817	0.075290	0.039728	0.016618	0.000000	0.000000	0.000000	
0.519976	0.011923	0.008572	0.026137	0.498343	0.004501	0.718787	0.000007	
0.004511	0.000561	0.033175	0.000000	0.694409	0.000000	0.001954	0.718799	
0.713008	0.697902	0.040252	0.012371	0.052719	0.000000	0.000000	0.000003	
0.024901	0.535769	0.051750	0.408441	0.046740	0.078356	0.732001	0.012743	
0.707265	0.000000	0.000000	0.000000	0.000000	0.000000	0.000000	0.707708	
0.117615	0.000195	0.722533	0.000000	0.000000	0.000000	0.000000	0.681258	
0.000000	0.000000	0.035182	0.000000	0.997317	0.112054	0.000040	0.000000	
0.061846	0.003230	0.473249	0.477886	0.000000	0.000000	0.000146	0.739447	
0.006077	0.712419	0.000000	0.701728	0.000000	0.000000	0.000000	0.000000	
0.000000	0.000000	0.000000	0.000000	0.000000	0.000000	0.000000	1.000000	
0.633424	0.000000	0.000000	0.773805	0.000000	0.000000	0.000000	0.000000	
0.000000	0.000000	0.989336	0.114321	0.027579	0.077791	0.000018	0.036515	
0.000000	0.000000	0.000000	0.000000	0.706502	0.000000	0.707712	0.000003	
0.703163	0.000000	0.703177	0.020138	0.103549	0.000000	0.000000	0.000000	
0.000000	0.000000	0.707140	0.000000	0.000000	0.707073	0.000018	0.000000	
0.000000	0.000000	0.000000	0.041464	0.000000	0.999140	0.000000	0.000002	
0.000000	0.000000	0.000000	0.000000	0.706891	0.707352	0.000000	0.000000	
0.000000	0.000000	0.000000	0.707133	0.706718	0.000000	0.026922	0.000000	
0.000002	0.000015	0.000000	0.000000	0.000016	0.000000	0.707611	0.707416	
