0.705023	0.000000	0.000000	0.000217	0.716911	0.000184	0.000001	0.000000	
0.000000	0.000000	0.000000	0.000000	0.000000	0.000000	1.000030	0.000000	
0.000000	0.000000	0.000000	0.000000	0.714254	0.699932	0.000000	0.000000	
1.009596	0.000000	0.000000	0.000000	0.000000	0.000000	0.000000	0.000000	
0.000000	0.000000	0.000000	0.000245	0.712380	0.000000	0.703548	0.000000	
0.000000	0.697852	0.000000	0.000000	0.716268	0.000000	0.000000	0.000000	
0.000000	0.000000	0.000000	0.000000	1.004003	0.000000	0.000000	0.000000	
0.715491	0.000000	0.000000	0.000000	0.000000	0.000109	0.000000	0.706993	
0.000005	0.707383	0.000003	0.000022	0.000001	0.000000	0.706945	0.000000	
0.000000	0.707416	0.000002	0.000000	0.000000	0.706824	0.000007	0.000000	
0.000000	0.000000	0.000000	0.707465	0.000000	0.000000	0.706923	0.000000	
0.000000	0.000000	1.000037	0.000000	0.000000	0.000000	0.000000	0.000000	
0.000000	0.000000	0.708262	0.000001	0.706238	0.000000	0.000000	0.000000	
0.000000	0.000000	0.000541	0.000001	0.717238	0.000000	0.000000	0.696875	
0.000000	0.000000	0.000000	0.000000	0.000000	1.000033	0.000000	0.000000	
0.000005	0.000000	0.712103	0.000001	0.000000	0.702162	0.000001	0.000000	
0.000001	0.000051	0.715018	0.000226	0.000000	0.000000	0.000000	0.704889	
0.000037	0.000036	0.711472	0.000228	0.000005	0.000000	0.702798	0.000000	
0.709735	0.704586	0.000000	0.001784	0.000000	0.000000	0.000000	0.000000	
0.000000	1.000016	0.000000	0.000000	0.000000	0.000000	0.000000	0.000000	
0.000000	0.000000	0.000000	1.008131	0.000000	0.000000	0.000000	0.000000	
0.000000	0.000000	0.000000	0.000000	0.000000	0.706817	0.000000	0.707574	
0.709523	0.000029	0.000000	0.704908	0.000000	0.000000	0.000001	0.000000	
0.704084	0.000000	0.710142	0.000000	0.000000	0.000000	0.000001	0.000000	
0.000003	0.707121	0.000000	0.707179	0.000014	0.000000	0.000000	0.000002	
0.000021	0.702846	0.711370	0.000000	0.000000	0.000000	0.000001	0.000000	
0.000000	0.000000	0.000000	0.000000	0.000000	0.000000	0.706785	0.707456	
0.000000	0.000000	0.000005	0.705676	0.712957	0.000002	0.000009	0.000000	
0.000000	0.000000	0.000000	0.000000	0.000000	0.000000	0.000000	1.000026	
0.000121	0.707174	0.000000	0.000000	0.000000	0.000000	0.000000	0.707271	
0.000000	0.000000	0.000000	0.000000	0.000000	0.707155	0.707105	0.000000	
0.000000	0.000003	0.713442	0.701340	0.000000	0.000000	0.000000	0.000000	
0.000000	0.000000	0.000000	0.706980	0.000001	0.707275	0.000000	0.000000	
0.000000	0.000000	0.000000	0.709185	0.000000	0.000000	0.000000	0.705139	
0.707407	0.000000	0.000002	0.000000	0.000000	0.000000	0.706853	0.000000	
0.707285	0.000000	0.000000	0.000000	0.000000	0.707136	0.000000	0.000000	
0.000000	0.000000	0.000000	0.000248	0.722301	0.000000	0.713346	0.000000	
0.710278	0.003520	0.000000	0.001267	0.000000	0.704031	0.000000	0.000000	
0.707865	0.706467	0.000000	0.000000	0.000000	0.000000	0.000000	0.000000	
0.000000	0.000000	0.000000	0.709187	0.000000	0.000000	0.000000	0.705141	
0.000003	0.702394	0.000000	0.702451	0.000014	0.000000	0.115451	0.000002	
0.000075	0.712996	0.018810	0.003342	0.000000	0.018308	0.000000	0.700697	
0.000005	0.706331	0.000006	0.000000	0.707907	0.000000	0.000009	0.000000	
1.005483	0.000000	0.000000	0.000000	0.000000	0.000000	0.000000	0.000000	
0.000000	0.000000	0.000000	0.000000	0.000000	0.000000	0.000000	1.000027	
0.000000	0.000002	0.705753	0.709469	0.000044	0.000000	0.000000	0.000000	
0.698172	0.000000	0.000002	0.000000	0.000000	0.000000	0.715966	0.000000	
0.709535	0.000029	0.000000	0.704920	0.000000	0.000000	0.000001	0.000000	
0.000000	0.000000	0.708219	0.000043	0.706195	0.000000	0.000000	0.000001	
0.707866	0.003649	0.004859	0.000001	0.000000	0.000000	0.000000	0.706624	
0.000000	0.000000	0.000000	0.000000	0.717975	0.000000	0.000000	0.696087	
0.000000	0.000000	0.000000	0.000000	0.000000	0.706097	0.708155	0.000000	
0.000005	0.000000	0.716620	0.000001	0.000000	0.706616	0.000000	0.000000	
0.000000	0.000000	0.000000	0.707467	0.000000	0.000000	0.706925	0.000000	
0.100243	0.000000	0.000000	0.000001	0.699753	0.706747	0.029737	0.000000	
0.000000	0.704309	0.710856	0.000045	0.001794	0.000000	0.000001	0.000000	
0.000000	0.000000	0.000000	0.000000	1.015225	0.000000	0.000000	0.000000	
0.000000	0.000053	0.723071	0.000001	0.004927	0.000000	0.000000	0.718386	
0.000001	0.070128	0.996653	0.009162	0.000000	0.010951	0.045561	0.000000	
0.024203	0.999604	0.000000	0.000000	0.000000	0.025576	0.000000	0.000000	
0.000000	0.000000	0.000000	0.000000	0.000000	0.691691	0.000000	0.722368	
0.000000	0.000000	0.000005	0.706465	0.713754	0.000000	0.000009	0.000000	
0.000000	0.000000	0.000000	0.000000	0.000000	0.000000	1.000029	0.000000	
0.000026	0.707414	0.000006	0.000000	0.000000	0.706821	0.000007	0.000000	
0.000039	0.539435	0.043030	0.513471	0.000000	0.110413	0.691630	0.000000	
0.683271	0.000000	0.000005	0.000000	0.730328	0.000000	0.000000	0.000000	
0.704117	0.000000	0.710175	0.000000	0.000000	0.000000	0.000001	0.000000	
0.000000	0.000000	0.000000	0.710446	0.000004	0.704793	0.000000	0.001718	
0.000001	0.000052	0.714116	0.000229	0.000005	0.000000	0.705410	0.000000	
0.000000	0.000000	0.000000	0.000000	0.000000	0.000000	0.707654	0.706585	
0.000000	0.000000	0.000000	1.002587	0.000000	0.000000	0.000000	0.000000	
0.000000	0.000000	0.000000	0.000000	0.000000	0.999995	0.008791	0.000000	
0.018634	0.001164	0.727422	0.001091	0.000000	0.707072	0.002580	0.000000	
0.000001	0.000051	0.714388	0.000226	0.000000	0.000000	0.000000	0.704893	
0.000799	0.079374	0.995005	0.038157	0.000014	0.000000	0.048321	0.000002	
0.709536	0.000029	0.000000	0.704921	0.000000	0.000000	0.000000	0.000000	
0.696931	0.000000	0.041619	0.000000	0.000000	0.000000	0.715966	0.000000	
0.000108	0.011788	0.000088	0.685664	0.727879	0.000000	0.000000	0.000000	
0.004991	0.518120	0.000595	0.037581	0.490181	0.699934	0.000000	0.000000	
0.000000	0.000000	0.000000	0.713429	0.000000	0.713256	0.000000	0.000000	
0.000000	0.000000	0.000000	0.673124	0.213572	0.000000	0.705652	0.059888	
0.696740	0.717375	0.000000	0.011062	0.000000	0.000000	0.000000	0.000000	
0.000052	0.491463	0.029084	0.000154	0.000000	0.012637	0.516292	0.700721	
0.000001	0.724395	0.000000	0.000000	0.000000	0.021226	0.000000	0.689096	
0.064068	0.000000	0.000000	0.000000	0.998119	0.000000	0.000000	0.000000	
0.000017	0.000002	0.061355	1.005920	0.031317	0.000000	0.003926	0.000000	
0.000000	0.000000	0.001576	0.000000	0.717196	0.000000	0.000000	0.696895	
0.000004	0.990417	0.000696	0.059058	0.000014	0.000000	0.125368	0.000000	
0.539810	0.040415	0.002661	0.039263	0.464383	0.699978	0.000000	0.000000	
0.000000	0.000000	0.000000	0.000000	0.000000	1.009812	0.000110	0.000000	
0.999770	0.000000	0.027808	0.000000	0.000000	0.000000	0.000001	0.000000	
0.000000	0.000000	0.782084	0.000001	0.633064	0.000000	0.000000	0.000000	
0.750805	0.010106	0.023729	0.000002	0.000000	0.000000	0.015773	0.681899	
0.000000	0.000000	0.000000	0.000000	0.000000	0.000000	1.000030	0.000000	
0.000000	0.000002	0.705753	0.709469	0.000044	0.000000	0.000000	0.000000	
0.000000	0.000000	0.507611	0.000031	0.506069	0.706689	0.000000	0.000000	
0.000000	0.000000	0.000000	0.000000	0.000000	0.711180	0.711130	0.029854	
0.000827	0.000846	0.013087	0.000000	0.709020	0.000177	0.705098	0.000000	
0.005898	0.497740	0.007848	0.500731	0.000009	0.001562	0.708157	0.000000	
0.000021	0.701960	0.712691	0.000298	0.038456	0.000000	0.006396	0.000000	
