0.000000	0.000000	0.706882	0.707799	0.000000	0.000000	0.000000	0.000000	
0.000000	0.000000	1.002468	0.000000	0.000000	0.000000	0.000000	0.000000	
0.000000	0.000000	0.000000	0.000000	0.000000	0.000000	1.000003	0.000000	
0.000000	0.000000	0.711493	0.001706	0.000017	0.705383	0.000000	0.000000	
0.000389	0.709028	0.000000	0.000001	0.000002	0.000000	0.705194	0.000000	
0.000000	0.714588	0.000001	0.000000	0.000000	0.710894	0.000000	0.000000	
0.000002	0.708204	0.000000	0.000004	0.706027	0.000000	0.000000	0.000000	
0.000000	0.000000	0.000000	0.000000	0.000000	0.707400	0.000000	0.706830	
0.707111	0.000002	0.000000	0.000001	0.000000	0.000000	0.707138	0.000000	
0.000133	0.001564	0.000120	0.000000	0.000000	0.707013	0.707220	0.000000	
0.707765	0.000390	0.000000	0.000003	0.000002	0.000000	0.000000	0.706489	
0.000000	0.000001	0.000000	0.000000	0.707397	0.000000	0.000000	0.706825	
0.000000	0.000000	0.000000	0.000000	0.708428	0.000000	0.705802	0.000000	
0.720467	0.000059	0.000156	0.000028	0.727647	0.000000	0.000000	0.000000	
0.707752	0.000000	0.000001	0.000002	0.000000	0.707589	0.000000	0.000000	
0.000003	0.000837	0.000017	0.711285	0.000000	0.000000	0.708157	0.000000	
0.000000	0.000003	0.709096	0.000000	0.000000	0.000000	0.000000	0.705131	
0.000000	0.000000	0.000000	0.000000	1.004069	0.000000	0.000000	0.000000	
0.000000	0.000000	0.000000	0.000000	0.000000	1.000021	0.000000	0.000000	
1.000250	0.000000	0.000000	0.000000	0.000000	0.000000	0.000000	0.000000	
0.000004	0.000000	0.707880	0.000001	0.706345	0.000000	0.000000	0.000000	
0.000066	0.708826	0.000000	0.705397	0.000001	0.000000	0.000000	0.000000	
0.000000	0.000000	0.708916	0.000000	0.000000	0.000000	0.705798	0.000000	
0.000000	0.000001	0.000004	0.000000	0.000000	0.000000	0.707451	0.706798	
0.000000	1.007447	0.000000	0.000000	0.000000	0.000000	0.000000	0.000000	
0.000000	0.000000	0.000000	0.707382	0.000000	0.706853	0.000000	0.000000	
0.706033	0.000390	0.708188	0.000000	0.000024	0.000000	0.000000	0.000000	
0.000000	0.000000	0.000000	0.709407	0.000000	0.000000	0.000000	0.704819	
0.000000	0.000000	0.000000	1.005519	0.000000	0.000000	0.000000	0.000000	
0.704202	0.710166	0.000000	0.000025	0.000001	0.000000	0.000000	0.000000	
0.000000	0.707079	0.707160	0.000001	0.000001	0.000006	0.000000	0.000000	
0.000045	0.712886	0.000012	0.000001	0.000000	0.000000	0.000000	0.708732	
0.000000	0.000000	0.000000	0.000000	0.000000	0.000000	0.000000	1.000988	
0.000031	0.000003	0.000550	0.712987	0.711442	0.000000	0.000000	0.000000	
0.000000	0.000000	0.000002	0.000000	0.709631	0.704581	0.000000	0.000000	
0.706134	0.000006	0.000000	0.708103	0.000025	0.000000	0.000000	0.000000	
0.000000	0.708746	0.000000	0.000001	0.000000	0.000000	0.705476	0.000000	
0.701830	0.000387	0.000000	0.000003	0.000002	0.000000	0.000000	0.712386	
0.000001	0.000187	0.000000	0.708325	0.708213	0.000000	0.000000	0.000000	
0.000000	0.000000	0.000000	0.706810	0.000000	0.000000	0.000000	0.707429	
0.000002	0.708088	0.000000	0.000004	0.706581	0.000000	0.000000	0.000000	
1.000018	0.000000	0.000000	0.000000	0.000000	0.000000	0.000000	0.000000	
0.479999	0.526307	0.702106	0.000025	0.001131	0.000524	0.000000	0.000000	
0.000000	0.000002	0.000000	0.000000	0.707349	0.706879	0.000000	0.000000	
0.000000	0.000001	0.000000	0.706957	0.000001	0.000014	0.707275	0.000000	
0.709751	0.017819	0.699795	0.000000	0.055297	0.072479	0.000000	0.000000	
0.000014	0.001030	0.000019	0.000009	0.521502	0.000000	0.480490	0.705118	
0.728780	0.000000	0.007148	0.688018	0.000000	0.000000	0.000184	0.000000	
0.000014	0.709100	0.000000	0.000001	0.000002	0.000000	0.000000	0.705137	
0.000000	0.000000	0.000000	0.000000	1.004069	0.000000	0.000000	0.000000	
0.000000	0.000001	0.708965	0.000000	0.000000	0.000000	0.705847	0.000000	
0.000000	0.000000	0.000000	0.487949	0.000001	0.492183	0.720884	0.000000	
0.000005	0.000001	0.706354	0.000029	0.707912	0.000000	0.000000	0.000000	
0.000000	0.000000	0.000000	0.000000	0.000000	0.000000	0.000000	1.000010	
0.000000	0.000000	0.000000	0.000000	0.708713	0.000000	0.705503	0.000000	
0.000000	0.000000	1.001378	0.000000	0.000000	0.000000	0.000000	0.000000	
0.000000	0.000013	0.708735	0.000001	0.000001	0.707626	0.000000	0.000000	
0.000000	0.000000	0.000000	0.000000	0.000000	0.000000	1.000004	0.000000	
0.000005	0.999428	0.033850	0.000005	0.008927	0.002110	0.000000	0.001266	
0.086940	0.000500	0.472589	0.000001	0.048714	0.040605	0.515758	0.706470	
0.000000	0.000003	0.707509	0.000009	0.000000	0.000000	0.000000	0.706828	
0.706797	0.000000	0.000000	0.000000	0.000000	0.707455	0.000000	0.000000	
0.000000	0.708901	0.000001	0.000000	0.000003	0.705334	0.000000	0.000000	
0.000000	0.000000	0.000000	0.000000	0.029893	0.999513	0.009401	0.000000	
0.000000	0.000000	0.707862	0.708780	0.000000	0.000000	0.000000	0.000000	
0.708645	0.002274	0.000000	0.000001	0.000000	0.000000	0.705593	0.000000	
0.000000	0.000000	0.000000	0.715299	0.000002	0.698828	0.000000	0.000000	
0.000053	0.710709	0.000756	0.703503	0.000001	0.000000	0.000000	0.000000	
0.720474	0.000059	0.000156	0.000028	0.727654	0.000000	0.000000	0.000000	
0.000000	0.000000	0.000000	1.004734	0.000000	0.000000	0.000000	0.000000	
0.000000	0.000000	0.000000	0.000000	0.000000	0.707400	0.000000	0.706830	
0.704201	0.710165	0.000000	0.000025	0.000002	0.000000	0.000000	0.000000	
0.000000	0.000000	0.000000	0.000000	0.701240	0.000000	0.712932	0.000000	
0.000000	0.000000	0.000000	0.000000	0.000000	0.000000	1.000004	0.000000	
0.720474	0.000059	0.000220	0.000028	0.727654	0.000000	0.000000	0.000000	
0.000005	0.000001	0.704198	0.000029	0.705752	0.000000	0.078067	0.000000	
0.000000	0.000000	0.009811	0.703765	0.000000	0.000000	0.711200	0.000000	
0.000000	0.000000	0.000000	0.000000	0.000000	0.000000	0.000000	1.000005	
0.000000	0.000000	0.721022	0.002126	0.000000	0.000198	0.694936	0.000000	
0.000119	1.007405	0.009147	0.000000	0.000000	0.000000	0.000000	0.000000	
0.000031	0.000311	0.000003	0.000000	0.000001	0.692144	0.000000	0.721881	
0.717566	0.007764	0.695807	0.000001	0.000001	0.051944	0.000000	0.000000	
0.707209	0.000000	0.000001	0.000047	0.000000	0.707046	0.000000	0.000000	
0.009427	0.000014	0.000002	0.721193	0.000000	0.000000	0.000000	0.699459	
0.000843	0.034521	0.000000	0.000049	0.706364	0.707045	0.005674	0.000000	
0.000000	0.000799	0.709388	0.000001	0.000000	0.705935	0.000000	0.000000	
0.000000	0.000019	0.000239	0.705408	0.000000	0.708820	0.000000	0.000000	
0.000000	0.000000	0.725417	0.000000	0.027260	0.002048	0.000000	0.689736	
0.011828	0.043941	0.000018	0.004121	0.000000	0.998923	0.008612	0.000000	
0.708645	0.002274	0.000000	0.000001	0.000000	0.000000	0.705593	0.000000	
0.001563	0.685527	0.010491	0.008991	0.000000	0.000000	0.000000	0.728168	
0.000000	0.000000	0.707794	0.708713	0.000024	0.000000	0.000000	0.000000	
0.706015	0.708205	0.000043	0.000000	0.000002	0.000000	0.000000	0.000000	
0.000001	0.000000	0.000004	0.000000	0.000000	0.000000	0.707455	0.706802	
0.999860	0.017155	0.000000	0.000005	0.000003	0.000001	0.002551	0.000000	
0.002962	0.708889	0.000001	0.000000	0.000000	0.705230	0.000000	0.016194	
0.737839	0.000006	0.000000	0.669683	0.000025	0.000000	0.000000	0.084924	
0.000053	0.002428	0.053418	0.495663	0.000001	0.502864	0.706574	0.000000	
0.000659	0.019823	1.012909	0.010313	0.000383	0.000000	0.000000	0.000000	
0.000000	0.000000	0.006912	0.000000	0.511157	0.000000	0.483025	0.712628	
