0.656497	0.000594	0.682272	0.663828	8.013346	
0.814068	0.895719	0.063956	0.806423	5.058865	
0.934855	0.652074	0.010940	0.010482	7.954365	
0.011845	0.012385	0.289412	0.273436	9.148756	
0.886656	0.781074	0.140967	0.786036	5.107832	
0.671551	0.676615	0.658353	0.000769	7.953265	
0.000011	0.001084	0.768281	0.000180	8.608920	
0.908640	0.000516	0.044335	0.649668	7.794965	
0.146480	0.813717	0.953298	0.796959	5.247233	
0.294145	0.000069	0.000000	0.000225	9.600566	
0.000010	0.000029	0.000851	0.753071	8.701186	
0.000000	0.293871	0.000000	0.000097	9.600253	
0.818916	0.251290	0.888120	0.764430	4.911179	
0.631953	0.025879	0.015067	0.911436	7.938037	
0.849002	0.250974	0.847461	0.157910	5.901256	
0.780128	0.087209	0.790626	0.924051	5.343367	
0.039335	0.675952	0.948226	0.007771	7.811136	
0.883520	0.000046	0.665212	0.026675	7.679540	
0.923507	0.009004	0.843561	0.806436	5.201072	
0.012090	0.036927	0.658382	0.910123	7.746128	
0.173267	0.859898	0.858645	0.190084	5.893723	
0.000000	0.000000	0.000000	0.000000	10.000658	
0.031286	0.926273	0.028294	0.677545	7.661072	
0.018839	0.000516	0.929522	0.649668	7.931002	
0.110853	0.793785	0.794816	0.920714	5.177370	
0.000001	0.000029	0.000000	0.276923	9.584697	
0.000011	0.000376	0.302626	0.000004	9.616930	
0.016921	0.880789	0.645609	0.034009	7.743158	
0.671608	0.921026	0.027146	0.042521	7.660372	
0.104542	0.895719	0.783848	0.806423	5.126092	
0.673903	0.669843	0.001264	0.650474	8.040542	
0.761404	0.000008	0.001286	0.000173	8.646023	
0.297327	0.022399	0.367095	0.055430	9.249020	
0.038669	0.632131	0.024019	0.876895	7.808950	
0.308161	0.000392	0.000158	0.329924	9.279135	
0.027801	0.283665	0.000000	0.282857	9.165987	
0.004856	0.312186	0.321200	0.001858	9.268963	
0.844651	0.842940	0.844643	0.842929	3.267690	
0.655363	0.002142	0.939977	0.013422	7.954606	
0.906087	0.839690	0.780198	0.118738	5.025773	
0.000000	0.766567	0.000831	0.000000	8.721788	
0.281545	0.321918	0.000000	0.016969	9.220447	
0.777610	0.877806	0.795667	0.178039	4.974384	
0.000410	0.658031	0.676549	0.672983	7.982386	
0.779774	0.805514	0.077632	0.897420	5.190511	
0.000410	0.002207	0.676549	0.659929	8.672407	
0.601746	0.293871	0.000027	0.752833	8.046626	
0.778893	0.877806	0.795667	0.178039	4.967471	
0.188421	0.813717	0.953298	0.809017	5.058883	
0.945893	0.650780	0.007191	0.055430	7.963967	
0.673774	0.000495	0.000851	0.753071	7.981609	
0.294145	0.000002	0.000000	0.000225	9.600881	
0.000000	0.000000	0.000000	0.033891	9.956212	
0.059629	0.251290	0.892707	0.764430	6.461281	
0.282066	0.318633	0.000000	0.016969	9.215462	
0.906087	0.848854	0.783361	0.118738	4.997761	
0.675002	0.919432	0.029362	0.042521	7.625721	
0.889974	0.063207	0.660540	0.277324	7.207294	
0.000062	0.000776	0.676549	0.024423	9.234641	
0.671551	0.676615	0.658353	0.001148	7.952812	
0.796721	0.264382	0.849085	0.844731	4.658503	
0.025359	0.688840	0.970249	0.010482	7.892596	
0.011845	0.001069	0.005936	0.250945	9.553892	
0.039424	0.935096	0.028446	0.696426	7.551977	
0.170206	0.866403	0.791976	0.767340	5.054858	
0.656497	0.000594	0.682272	0.670909	7.926314	
0.844731	0.250974	0.872450	0.170515	5.876414	
0.923306	0.026120	0.023508	0.657633	7.863193	
0.003071	0.296209	0.000000	0.000000	9.724783	
0.795442	0.087209	0.790626	0.924051	5.262842	
0.813226	0.895719	0.063956	0.820261	5.019152	
0.000001	0.229033	0.000000	0.286025	9.196294	
0.009021	0.793785	0.816892	0.936613	5.371994	
0.000097	0.675952	0.679050	0.007771	8.501235	
0.761404	0.000009	0.001286	0.000428	8.645842	
0.016921	0.880789	0.641397	0.001038	7.817149	
0.000020	0.632131	0.024019	0.877550	7.861854	
0.110853	0.081125	0.802313	0.936613	6.624505	
0.938572	0.264382	0.853279	0.756480	5.114157	
0.000000	0.000026	0.235348	0.000086	9.579030	
0.762746	0.806819	0.200436	0.924579	5.160952	
0.300592	0.000392	0.000158	0.329924	9.285735	
0.316802	0.000380	0.660540	0.277324	8.595506	
0.000000	0.766567	0.000831	0.000001	8.615150	
0.011410	0.012385	0.289412	0.767966	8.189688	
0.779040	0.087209	0.836850	0.043193	6.661623	
0.032204	0.687546	0.790397	0.907493	6.024617	
0.009021	0.799409	0.816892	0.936613	5.348246	
0.300391	0.935096	0.028446	0.692649	7.242698	
0.080628	0.000495	0.000838	0.012458	9.908543	
0.022511	0.694439	0.044366	0.261342	8.612634	
0.284691	0.092098	0.000158	0.329924	9.166237	
0.007504	0.293871	0.000000	0.270031	9.193020	
0.027712	0.000376	0.302626	0.000004	9.580620	
0.040951	0.000776	0.945722	0.024423	8.507140	
0.934855	0.652074	0.010940	0.003709	7.963361	
0.000000	0.773053	0.000000	0.922555	7.038257	
0.844651	0.011663	0.814740	0.832532	5.034433	
0.777610	0.877806	0.795667	0.178039	4.974384	
0.660369	0.929457	0.029362	0.029763	8.044234	
