0.665527	0.005946	0.019760	0.898798	7.681273	
0.005363	0.005894	0.304754	0.281068	9.191703	
0.879393	0.027628	0.007090	0.651797	7.724805	
0.659448	0.000022	0.670190	0.673329	7.977754	
0.301605	0.296997	0.000006	0.000139	9.213371	
0.758577	0.000000	0.000012	0.000014	8.664087	
0.803486	0.880814	0.774224	0.136972	5.059780	
0.233166	0.883474	0.000223	0.047157	7.842056	
0.679809	0.000001	0.970320	0.005777	7.993038	
0.010608	0.670760	0.000860	0.876949	7.637431	
0.301605	0.000021	0.000000	0.000000	9.610019	
0.005101	0.664409	0.689891	0.640180	8.023019	
0.001066	0.000633	0.003592	0.747464	8.737430	
0.006220	0.001422	0.001331	0.281201	9.580945	
0.009490	0.656528	0.935925	0.018643	7.908307	
0.000428	0.310212	0.356576	0.002419	9.432830	
0.928762	0.804996	0.790815	0.101938	5.219088	
0.912521	0.020940	0.655142	0.015188	7.797406	
0.000000	0.000000	0.000000	0.000000	10.000521	
0.106214	0.900792	0.794491	0.772544	5.225788	
0.854192	0.869837	0.269023	0.147756	5.905877	
0.297700	0.000570	0.288518	0.001241	9.198311	
0.304338	0.001668	0.001044	0.286635	9.202802	
0.859771	0.887457	0.872233	0.865780	3.271471	
0.162839	0.814314	0.885724	0.805494	4.956400	
0.665527	0.668612	0.018998	0.655283	8.055308	
0.000002	0.925633	0.009346	0.668951	7.793290	
0.665105	0.679323	0.672322	0.002202	7.880955	
0.009668	0.033953	0.648879	0.884302	7.737214	
0.835751	0.883153	0.092828	0.792003	4.970938	
0.000773	0.286957	0.000376	0.000150	9.593432	
0.853201	0.299819	0.857834	0.262106	5.801667	
0.942022	0.652127	0.015310	0.020881	7.966153	
0.164320	0.779462	0.768670	0.888046	5.152383	
0.000393	0.750546	0.000841	0.000045	8.715177	
0.791717	0.183672	0.774224	0.876944	5.004319	
0.000105	0.000274	0.305520	0.000939	9.620641	
0.014267	0.309855	0.024065	0.303576	9.190184	
0.767672	0.795700	0.935851	0.237258	5.175129	
0.928762	0.046988	0.790815	0.841204	5.239448	
0.000657	0.015875	0.946863	0.676751	7.839119	
0.023407	0.900842	0.651687	0.035172	7.750911	
0.000002	0.000571	0.766593	0.000238	8.613251	
0.912781	0.804844	0.055311	0.843090	5.115878	
0.285617	0.843849	0.847576	0.219873	5.815897	
0.856293	0.835086	0.068866	0.915700	5.015547	
0.844390	0.299819	0.857834	0.262106	5.809317	
0.000002	0.000571	0.760876	0.000021	8.648824	
0.297700	0.000387	0.231335	0.001447	9.184072	
0.913081	0.000000	0.000000	0.013940	8.836987	
0.791717	0.180370	0.774224	0.841763	5.010424	
0.912492	0.020940	0.644972	0.015188	7.867080	
0.903027	0.000001	0.968043	0.846153	5.443872	
0.004807	0.000543	0.310141	0.000890	9.722351	
0.841372	0.839610	0.023475	0.891108	4.964132	
0.005101	0.664656	0.676717	0.657652	8.000671	
0.004532	0.006203	0.304754	0.281068	9.193520	
0.285629	0.843824	0.847576	0.221846	5.814378	
0.072540	0.310212	0.348567	0.002419	9.206727	
0.166438	0.000899	0.846906	0.829128	6.329744	
0.000067	0.027307	0.009949	0.012564	9.944566	
0.885374	0.838035	0.854833	0.147263	4.893594	
0.904523	0.887457	0.866663	0.843090	3.356174	
0.190770	0.834423	0.847576	0.003312	6.579615	
0.000002	0.858035	0.009346	0.673847	7.578103	
0.885618	0.863151	0.026665	0.843090	4.934023	
0.863584	0.864500	0.055311	0.840271	4.896672	
0.106214	0.900792	0.798558	0.772544	5.212400	
0.162839	0.819084	0.874334	0.805494	4.850518	
0.912728	0.805809	0.312486	0.164569	6.198368	
0.863532	0.865465	0.312486	0.161750	5.920503	
0.001065	0.286957	0.000021	0.000150	9.687511	
0.311951	0.293171	0.013986	0.000003	9.347391	
0.803496	0.873146	0.783926	0.139340	4.988889	
0.164320	0.789606	0.768670	0.888046	5.100069	
0.879323	0.902000	0.000111	0.651797	6.192414	
0.000393	0.750546	0.000103	0.000045	8.895294	
0.683458	0.000899	0.848884	0.008485	7.520699	
0.301605	0.000415	0.001173	0.280713	9.194799	
0.000657	0.006000	0.946863	0.677185	7.847799	
0.856293	0.842405	0.068866	0.252766	6.385025	
0.011475	0.670760	0.054915	0.876949	7.535407	
0.225181	0.000082	0.015375	0.000047	9.568026	
0.000000	0.010095	0.000000	0.764936	8.684954	
0.018871	0.298607	0.043390	0.277369	9.182685	
0.879393	0.010136	0.000784	0.651797	7.752414	
0.166105	0.659405	0.842201	0.222080	6.958895	
0.673936	0.015120	0.002826	0.895143	7.671593	
0.781059	0.806082	0.919542	0.112155	5.183821	
0.018863	0.000836	0.019189	0.277275	9.544381	
0.004532	0.005902	0.304754	0.281068	9.529194	
0.000657	0.006000	0.946863	0.843503	6.972330	
0.285629	0.255151	0.048074	0.012644	9.090285	
0.160971	0.779462	0.772159	0.888046	5.284824	
0.000002	0.000571	0.729683	0.000238	8.861774	
0.856293	0.835086	0.067758	0.915700	5.021029	
0.297700	0.015517	0.245658	0.001057	9.161550	
0.007700	0.749273	0.906008	0.136423	7.191977	
0.868710	0.892624	0.000001	0.767276	5.296724	
0.005101	0.664409	0.689891	0.634022	8.063048	
