0.004196	0.782493	0.000369	0.000100	8.522084	
0.000843	0.674172	0.670319	0.664956	7.930954	
0.022499	0.662782	0.000356	0.939498	7.888365	
0.688765	0.004142	0.670235	0.665523	7.917909	
0.937827	0.786887	0.850726	0.159682	5.038294	
0.000266	0.660542	0.867093	0.014363	7.672482	
0.000000	0.000000	0.000000	0.000000	10.002491	
0.816906	0.328983	0.066472	0.003203	7.925688	
0.000005	0.296066	0.000000	0.000000	9.604419	
0.787098	0.208800	0.788523	0.884946	4.933372	
0.811582	0.883315	0.171665	0.817370	4.757214	
0.010602	0.312464	0.304751	0.000002	9.230340	
0.001135	0.007157	0.304140	0.345350	9.300528	
0.223308	0.842046	0.869150	0.772118	4.797433	
0.240409	0.826790	0.828918	0.213546	5.861931	
0.009225	0.885777	0.651595	0.007108	7.759080	
0.236858	0.000001	0.004688	0.300258	9.193782	
0.237137	0.000000	0.000000	0.000000	9.594125	
0.835268	0.852975	0.844691	0.822449	3.318400	
0.849403	0.187920	0.865972	0.218499	5.839624	
0.666234	0.670975	0.002123	0.663905	7.991121	
0.317705	0.312909	0.067684	0.000003	9.155882	
0.789562	0.813762	0.159128	0.931849	5.066404	
0.000000	0.000217	0.761726	0.000003	8.644682	
0.000265	0.000903	0.000269	0.761022	8.688428	
0.000000	0.001889	0.302828	0.000000	9.762766	
0.778996	0.000000	0.000085	0.000008	8.795197	
0.004753	0.344718	0.004688	0.300258	9.502394	
0.039726	0.862846	0.081283	0.362269	7.854184	
0.000000	0.000104	0.000000	0.283402	9.589103	
0.661927	0.010295	0.943164	0.004977	7.931359	
0.693668	0.950189	0.002217	0.009339	7.812474	
0.884302	0.046528	0.371340	0.000074	8.027766	
0.866684	0.021098	0.005446	0.641225	7.803941	
0.275665	0.000780	0.381844	0.010812	9.398701	
0.026748	0.038452	0.650645	0.912582	7.780877	
0.666343	0.679524	0.670239	0.002103	7.881633	
0.652364	0.028146	0.010310	0.943929	7.969964	
0.835268	0.180855	0.865886	0.788288	4.775742	
0.823251	0.839298	0.887142	0.220305	4.607386	
0.009426	0.021098	0.920364	0.648077	7.883353	
0.037634	0.853003	0.831686	0.909935	5.009349	
0.823236	0.886079	0.830184	0.218499	4.684484	
0.243255	0.929752	0.809119	0.774829	5.061704	
0.855585	0.000673	0.642183	0.934724	6.401934	
0.791706	0.208800	0.800997	0.885756	4.853912	
0.666234	0.670975	0.002123	0.664543	7.986539	
0.834864	0.212790	0.868725	0.772118	4.818697	
0.693668	0.950333	0.002217	0.002816	7.840556	
0.039726	0.862846	0.055541	0.343676	7.862993	
0.322815	0.001168	0.000347	0.224493	9.230134	
0.781267	0.194344	0.866027	0.216179	6.243208	
0.243255	0.929752	0.809119	0.770824	5.084829	
0.835268	0.857116	0.844691	0.823348	3.313565	
0.018998	0.001868	0.304140	0.855488	8.146249	
0.884302	0.023466	0.371340	0.000294	8.062696	
0.223308	0.842046	0.869150	0.772118	4.797433	
0.001135	0.003616	0.304140	0.345350	9.304228	
0.240409	0.826790	0.828918	0.943824	4.848295	
0.000265	0.000903	0.889781	0.761022	7.032078	
0.823236	0.886079	0.865972	0.218499	4.592755	
0.000000	0.017618	0.004710	0.300258	9.583449	
0.852748	0.194344	0.866027	0.216179	5.828843	
0.247609	0.684774	0.808748	0.014363	7.182020	
0.937827	0.772542	0.850726	0.159682	5.114095	
0.000257	0.001425	0.299988	0.001511	9.605365	
0.037102	0.296066	0.000000	0.000000	9.569754	
0.687622	0.011461	0.324883	0.003580	8.834555	
0.940180	0.015186	0.000269	0.729902	7.519767	
0.317705	0.003305	0.073445	0.073013	9.401103	
0.652364	0.028847	0.008703	0.943824	7.969755	
0.009075	0.805182	0.157515	0.007177	8.098260	
0.026748	0.001824	0.001839	0.658970	9.353151	
0.000843	0.677771	0.670319	0.663576	7.933905	
0.317705	0.306698	0.067684	0.073013	9.026360	
0.832748	0.839298	0.887142	0.220305	4.584741	
0.022499	0.662782	0.000008	0.939695	7.890027	
0.001089	0.337493	0.048803	0.220063	9.239108	
0.940173	0.760352	0.000357	0.000003	7.446169	
0.666343	0.682102	0.670239	0.002103	7.865815	
0.019986	0.679524	0.670239	0.002103	8.840904	
0.000096	0.007567	0.756603	0.000111	8.669178	
0.823375	0.832924	0.192877	0.820557	4.689349	
0.769713	0.000007	0.007328	0.001176	8.587295	
0.017131	0.022946	0.004692	0.001082	9.948469	
0.004851	0.885777	0.651595	0.001442	7.770142	
0.789562	0.817223	0.157702	0.931745	5.057138	
0.295229	0.861146	0.845927	0.214730	5.818278	
0.351727	0.000108	0.359561	0.231458	9.162993	
0.866684	0.769025	0.005446	0.641225	6.417876	
0.031594	0.188983	0.000008	0.015029	9.569692	
0.778996	0.816810	0.084394	0.000008	6.972992	
0.049251	0.046528	0.371340	0.000074	9.623272	
0.004048	0.021098	0.039390	0.008808	9.938557	
0.000308	0.337493	0.048803	0.220063	9.239906	
0.789562	0.014366	0.159128	0.634304	7.709967	
0.207102	0.831973	0.004803	0.641225	7.457839	
0.322196	0.621669	0.002350	0.097384	9.138937	
0.037102	0.298850	0.000000	0.857861	7.880702	
0.000000	0.001784	0.761726	0.084147	8.598518	
