0.232284	0.854743	0.862695	0.145896	5.905036	
0.857160	0.869926	0.172579	0.159331	5.956840	
0.837980	0.858771	0.861404	0.852462	3.248663	
0.026042	0.924107	0.646389	0.052983	7.839381	
0.015636	0.664864	0.000127	0.933591	7.848182	
0.949171	0.018807	0.007600	0.662869	7.944323	
0.291306	0.000000	0.000002	0.000129	9.596333	
0.935632	0.628527	0.020510	0.009576	8.089440	
0.943483	0.770436	0.805969	0.153616	5.289164	
0.003445	0.649015	0.956102	0.020188	8.090710	
0.669596	0.667270	0.002475	0.674697	8.037915	
0.000009	0.285331	0.000136	0.005022	9.589695	
0.662411	0.929013	0.002203	0.020701	7.832308	
0.005373	0.025043	0.325688	0.291826	9.211641	
0.000000	0.000000	0.003891	0.298954	9.602691	
0.896547	0.209966	0.792125	0.783842	4.950397	
0.000004	0.757170	0.000839	0.000385	8.703433	
0.652757	0.025173	0.007006	0.930408	7.896856	
0.787170	0.202517	0.936849	0.814750	5.029607	
0.780531	0.872634	0.154039	0.928890	5.084308	
0.383244	0.280076	0.012511	0.010073	9.352628	
0.000011	0.000048	0.304201	0.000000	9.628616	
0.003354	0.280337	0.014159	0.306948	9.187164	
0.780531	0.873131	0.154039	0.851375	4.896682	
0.308083	0.000100	0.005276	0.330552	9.275356	
0.226837	0.850460	0.789785	0.814472	4.763652	
0.792566	0.788650	0.918650	0.164519	5.089594	
0.000000	0.000000	0.000000	0.000000	10.000215	
0.649328	0.007262	0.970872	0.029118	8.178300	
0.108270	0.819746	0.801341	0.930408	5.104331	
0.760137	0.001020	0.000247	0.000307	8.652288	
0.000110	0.670178	0.658514	0.674584	7.975997	
0.010148	0.000000	0.662894	0.947403	7.952695	
0.084468	0.825812	0.892522	0.814750	4.940993	
0.826556	0.056880	0.812290	0.930126	5.157822	
0.239289	0.854858	0.141745	0.852370	5.929000	
0.000011	0.000048	0.766637	0.003656	8.692906	
0.383250	0.000000	0.322245	0.000000	9.449802	
0.001545	0.000004	0.000264	0.754930	8.686401	
0.655098	0.666662	0.667825	0.000417	8.074146	
0.003354	0.880638	0.007461	0.360942	8.048828	
0.006051	0.280797	0.334852	0.009101	9.240145	
0.946665	0.840814	0.109048	0.783792	5.270630	
0.935632	0.020266	0.682733	0.009576	7.714030	
0.000057	0.001793	0.924848	0.662515	7.836245	
0.670080	0.000020	0.667830	0.664199	8.027585	
0.780477	0.872634	0.169124	0.928890	5.060274	
0.000000	0.000000	0.325688	0.291826	9.248102	
0.342402	0.000000	0.326050	0.000000	9.353602	
0.011642	0.664034	0.000127	0.933591	7.860219	
0.041682	0.000000	0.662894	0.947403	7.906174	
0.788428	0.202517	0.936849	0.814750	5.023341	
0.000604	0.009095	0.656621	0.009676	9.425388	
0.367013	0.666662	0.661517	0.000446	8.451143	
0.000000	0.000000	0.004646	0.298954	9.601930	
0.003445	0.649015	0.876781	0.028768	7.738675	
0.000033	0.001815	0.302622	0.000000	9.625156	
0.000398	0.280363	0.022353	0.311711	9.234306	
0.949171	0.018807	0.000127	0.661470	7.962651	
0.228868	0.854858	0.141745	0.835646	5.955142	
0.239289	0.866232	0.313025	0.855372	5.820288	
0.192823	0.854743	0.862695	0.001857	6.233936	
0.644651	0.025173	0.007006	0.286090	9.040909	
0.927485	0.020663	0.684336	0.009576	7.654721	
0.112576	0.837410	0.799517	0.905432	5.032101	
0.897486	0.127332	0.007622	0.929009	6.654391	
0.206753	0.002958	0.000247	0.000307	9.597659	
0.365208	0.280076	0.000008	0.020666	9.303875	
0.779190	0.872634	0.141750	0.772668	5.218488	
0.000246	0.016750	0.000000	0.765845	8.599046	
0.791745	0.788650	0.918650	0.164519	5.095853	
0.896024	0.666774	0.008517	0.020707	7.660505	
0.001188	0.002591	0.924848	0.656589	7.883175	
0.000009	0.285331	0.000005	0.005022	9.589827	
0.232284	0.854743	0.862695	0.145896	5.905036	
0.106284	0.800422	0.883304	0.814750	5.004789	
0.226837	0.850444	0.788547	0.814472	4.829908	
0.760137	0.001153	0.000247	0.000307	8.652110	
0.896547	0.210359	0.792125	0.783842	4.949889	
0.879021	0.860101	0.857396	0.875017	3.256690	
0.662411	0.929013	0.002201	0.019434	7.834177	
0.001188	0.000004	0.139603	0.012355	9.711507	
0.000004	0.774294	0.000133	0.000385	8.599266	
0.649328	0.007264	0.898554	0.028958	7.779980	
0.085844	0.832529	0.893254	0.814750	4.923649	
0.946665	0.840814	0.098708	0.783792	5.303023	
0.005933	0.306065	0.317751	0.290830	8.934836	
0.775130	0.056880	0.811420	0.885961	5.209882	
0.940105	0.774014	0.806107	0.158840	5.236906	
0.857160	0.869926	0.172579	0.163246	5.948968	
0.831817	0.020266	0.815738	0.943239	5.271277	
0.873386	0.868514	0.169937	0.192679	5.906427	
0.857160	0.869926	0.009393	0.083904	6.467450	
0.633256	0.025173	0.007006	0.930408	8.027780	
0.765755	0.006688	0.050308	0.311419	8.215800	
0.949914	0.018807	0.936830	0.661470	6.505386	
0.215239	0.866946	0.310313	0.005023	7.519202	
0.792566	0.788650	0.916867	0.164519	5.118505	
0.206753	0.024077	0.000247	0.000307	9.571226	
0.026042	0.013642	0.646389	0.305034	9.054910	
