0.000002	0.000049	0.292118	0.000024	9.714950	
0.136743	0.763554	0.869177	0.787494	5.176307	
0.005181	0.001181	0.909229	0.675519	7.668520	
0.331474	0.002072	0.021353	0.288687	9.228890	
0.881053	0.827673	0.294418	0.266558	5.848370	
0.905612	0.803734	0.096673	0.796984	5.128986	
0.009452	0.681083	0.008128	0.889525	7.551897	
0.659448	0.001593	0.661320	0.666468	8.097351	
0.813930	0.005459	0.794896	0.884660	5.174372	
0.011452	0.877574	0.653954	0.000034	7.734566	
0.000378	0.653535	0.661070	0.680004	8.132957	
0.291459	0.273192	0.896394	0.852441	5.947464	
0.322328	0.028123	0.001385	0.883061	7.937378	
0.000000	0.000628	0.760876	0.008884	8.646413	
0.009956	0.292208	0.008055	0.309696	9.201123	
0.000284	0.001874	0.000000	0.758810	8.784367	
0.000000	0.005837	0.275186	0.281538	9.166771	
0.923370	0.116979	0.789425	0.845242	5.054426	
0.888451	0.286072	0.001395	0.031097	7.890109	
0.000500	0.291321	0.000109	0.007917	9.587671	
0.004628	0.649882	0.861499	0.031104	7.746682	
0.002383	0.744604	0.016766	0.014007	8.718915	
0.659451	0.679323	0.651322	0.000199	8.100858	
0.778989	0.815477	0.092510	0.912183	5.200500	
0.288515	0.000000	0.000000	0.000014	9.594181	
0.136920	0.909664	0.781375	0.777688	5.217316	
0.152889	0.781672	0.786030	0.874350	5.054681	
0.000005	0.295720	0.290853	0.008884	9.188428	
0.288515	0.000000	0.298812	0.000601	9.205071	
0.000313	0.000141	0.000122	0.264651	9.575674	
0.870051	0.047167	0.295825	0.049711	7.774608	
0.053611	0.046608	0.307360	0.865203	7.781275	
0.000000	0.000000	0.000000	0.000000	10.000615	
0.673903	0.669843	0.000172	0.658438	8.112654	
0.629228	0.891101	0.014327	0.032885	7.878013	
0.796572	0.789556	0.907478	0.116058	5.120798	
0.855905	0.850591	0.838395	0.844040	3.258492	
0.867222	0.025984	0.004313	0.642972	7.773449	
0.018203	0.876312	0.010731	0.658438	7.679024	
0.636272	0.004252	0.872962	0.026456	7.821007	
0.300061	0.286012	0.001395	0.001189	9.196129	
0.870243	0.257357	0.204578	0.852441	5.806553	
0.904440	0.798636	0.788955	0.136743	5.055665	
0.152495	0.870463	0.302194	0.852395	5.928366	
0.804994	0.076225	0.885976	0.820224	4.995119	
0.763860	0.000003	0.000021	0.000014	8.631331	
0.813930	0.156999	0.794896	0.884660	4.869686	
0.866965	0.685990	0.218220	0.389110	6.894775	
0.154688	0.911877	0.781375	0.777688	5.186169	
0.923370	0.116979	0.664713	0.860033	5.962127	
0.867453	0.841634	0.838395	0.844040	3.269774	
0.004209	0.877574	0.853214	0.000445	6.636107	
0.016458	0.045775	0.307360	0.865203	7.843365	
0.629228	0.884835	0.014327	0.032885	7.889145	
0.287931	0.001181	0.909229	0.637013	7.598706	
0.000002	0.000628	0.760876	0.008884	8.646411	
0.002383	0.744604	0.016766	0.015467	8.717147	
0.180517	0.001593	0.665959	0.666468	8.312376	
0.767348	0.815477	0.082517	0.912183	5.333528	
0.006723	0.654342	0.661070	0.680004	8.121522	
0.000118	0.002769	0.020684	0.293295	9.571803	
0.288515	0.000000	0.294602	0.000738	9.193620	
0.869497	0.001241	0.004538	0.667450	7.636846	
0.003294	0.281326	0.000987	0.001779	9.588168	
0.288140	0.013915	0.148305	0.030961	9.249992	
0.009452	0.681083	0.019671	0.864866	7.503104	
0.326926	0.002769	0.021005	0.289803	9.220690	
0.876316	0.047643	0.295825	0.031891	7.811029	
0.905612	0.801552	0.096673	0.798217	5.183323	
0.260618	0.157765	0.807925	0.014791	7.805708	
0.312761	0.870463	0.297140	0.852395	5.856081	
0.872241	0.278288	0.016203	0.005487	7.873645	
0.000002	0.032423	0.302044	0.000024	9.575391	
0.322328	0.006863	0.001884	0.855888	7.944369	
0.665589	0.000003	0.008270	0.000230	9.364557	
0.004628	0.649882	0.846578	0.031174	7.752678	
0.018203	0.876312	0.008193	0.658438	7.684727	
0.881053	0.841634	0.290703	0.284487	5.830087	
0.910204	0.798636	0.788955	0.172734	4.999845	
0.001162	0.292208	0.005714	0.309696	9.214879	
0.927307	0.273192	0.795765	0.845023	4.893684	
0.000015	0.001108	0.004538	0.761742	8.641933	
0.663938	0.687428	0.651322	0.000220	8.036253	
0.846404	0.081988	0.885976	0.822663	4.868732	
0.291313	0.293987	0.896394	0.852441	6.048138	
0.796572	0.908086	0.896206	0.127236	4.986437	
0.000002	0.295720	0.292118	0.008884	9.220364	
0.000000	0.000000	0.000000	0.000000	10.000607	
0.870243	0.278282	0.208263	0.852441	5.805391	
0.288515	0.295452	0.001294	0.010177	9.182808	
0.008188	0.798636	0.788955	0.008054	6.919120	
0.869463	0.278282	0.207498	0.852441	5.805461	
0.009343	0.681083	0.019671	0.870686	7.506427	
0.289336	0.001874	0.151346	0.036491	9.250249	
0.066613	0.003641	0.297400	0.865203	7.803264	
0.004686	0.831617	0.017703	0.284424	7.901925	
0.878629	0.047333	0.882086	0.824830	4.934656	
0.000005	0.290404	0.140406	0.008658	9.311437	
0.905612	0.826677	0.096673	0.798217	5.047883	
0.870277	0.001241	0.006372	0.667450	7.635686	
