0.000039	0.000544	1.041087	0.000303	0.020502	0.005223	0.000096	0.000113	
0.026938	0.507918	0.861219	0.000155	0.078286	0.000305	0.017552	0.073853	
0.001804	0.998977	0.078929	0.000716	0.103236	0.007201	0.000264	0.000016	
0.024056	1.002115	0.086893	0.026778	0.012849	0.007654	0.012802	0.034110	
0.000777	0.062135	0.000123	0.000005	1.001291	0.000305	0.000319	0.073838	
0.048155	1.001944	0.031186	0.000003	0.070763	0.010755	0.012243	0.001411	
0.000921	0.709740	0.660348	0.002021	0.214406	0.007556	0.146869	0.002305	
0.000268	0.997685	0.048886	0.023718	0.101395	0.048004	0.000264	0.061436	
0.002448	1.002793	0.000354	0.026937	0.011524	0.008602	0.059201	0.000047	
0.002406	1.005082	0.001217	0.023400	0.016204	0.041262	0.000481	0.002115	
0.009114	1.004603	0.000040	0.029519	0.013545	0.005398	0.000001	0.067129	
0.002161	1.002252	0.034786	0.083827	0.012251	0.007857	0.035157	0.057040	
0.008220	0.978175	0.006948	0.000250	0.234162	0.011983	0.012400	0.001599	
0.001365	1.003327	0.072700	0.006327	0.014633	0.000479	0.000441	0.003241	
0.001272	1.003782	0.001680	0.000004	0.067539	0.000301	0.005964	0.002127	
0.001484	1.005073	0.002754	0.018666	0.009356	0.006638	0.000577	0.000161	
0.049442	0.597370	0.304708	0.006231	0.747229	0.007703	0.000869	0.059344	
0.002220	1.006162	0.002166	0.000000	0.000380	0.021996	0.001576	0.045916	
0.001489	0.801961	0.024219	0.014979	0.607913	0.001068	0.000306	0.027153	
0.000000	0.000000	0.000000	0.000000	0.000000	0.000000	0.000000	1.006005	
0.000336	1.006213	0.016913	0.006301	0.003070	0.000393	0.006657	0.002919	
0.010056	0.979069	0.000264	0.009846	0.219554	0.003663	0.000369	0.000073	
0.000036	1.006103	0.002084	0.018783	0.012885	0.015087	0.017177	0.002343	
0.107562	0.797375	0.014910	0.000549	0.599617	0.002192	0.035257	0.018216	
0.000411	0.987430	0.007100	0.001985	0.195725	0.002661	0.000023	0.000029	
0.031735	0.001696	0.000054	0.897158	0.005066	0.012387	0.000032	0.455239	
0.000397	0.994564	0.138410	0.017959	0.011550	0.049445	0.011809	0.027055	
0.000012	0.984784	0.080248	0.000000	0.195243	0.000017	0.016942	0.000410	
0.042957	0.992928	0.054130	0.002093	0.051536	0.007701	0.102601	0.056750	
0.001214	1.004826	0.039992	0.000001	0.058952	0.010519	0.000776	0.001413	
0.006649	0.671431	0.032411	0.006526	0.747231	0.040152	0.000012	0.004441	
0.000315	0.987983	0.003101	0.000000	0.195664	0.000017	0.016942	0.002080	
0.000259	1.001973	0.020320	0.002067	0.085421	0.012395	0.024616	0.000045	
0.001718	0.998218	0.000391	0.000204	0.104508	0.007414	0.000187	0.000143	
0.001944	0.158840	0.016772	0.001876	0.993304	0.009645	0.017114	0.005785	
0.001049	1.080552	0.002602	0.002189	0.001940	0.000109	0.000098	0.000022	
0.009882	1.006436	0.009341	0.029575	0.012869	0.005408	0.021083	0.002465	
0.001041	0.861466	0.516036	0.013557	0.058874	0.010505	0.059072	0.001413	
0.001774	0.997233	0.051864	0.000723	0.104546	0.007417	0.000168	0.032409	
0.000009	0.009371	0.000250	0.000004	1.007026	0.025995	0.006068	0.000260	
0.001263	0.997051	0.002389	0.016792	0.093482	0.081031	0.058336	0.060630	
0.000494	0.009192	0.000309	0.001694	1.006084	0.000043	0.000405	0.019116	
0.000001	0.000008	0.000000	1.006269	0.000001	0.000039	0.000030	0.000036	
0.001271	0.978950	0.005060	0.007861	0.220911	0.007415	0.000066	0.000571	
0.000087	1.007467	0.001062	0.000001	0.000109	0.003084	0.000275	0.000006	
1.012869	0.000160	0.000028	0.000270	0.000062	0.000054	0.000009	0.000031	
0.010333	1.006017	0.000271	0.010117	0.000065	0.003672	0.000370	0.002559	
0.001770	0.994542	0.007899	0.001431	0.119393	0.083007	0.000280	0.060547	
0.078858	0.473825	0.823442	0.293901	0.107412	0.000680	0.000188	0.001650	
0.050903	1.002597	0.081818	0.007447	0.014651	0.000480	0.011348	0.004054	
0.002872	0.000300	0.003473	0.094108	1.002587	0.007591	0.000390	0.000499	
0.010808	0.484265	0.463034	0.000091	0.797405	0.002256	0.000096	0.000127	
0.000530	1.007041	0.000068	0.001378	0.007005	0.003219	0.000001	0.014206	
0.000000	0.000003	0.000000	0.000000	0.000000	1.005658	0.000001	0.000001	
0.000976	1.005242	0.042993	0.002038	0.001004	0.012399	0.000264	0.000016	
0.000000	0.000000	0.000000	0.000000	0.000000	0.000000	1.003254	0.000000	
0.000001	0.000006	0.000000	0.000000	1.007195	0.000194	0.000156	0.000001	
0.000977	1.006644	0.002644	0.002039	0.001142	0.012464	0.000095	0.000109	
0.000401	1.002161	0.097146	0.016841	0.011581	0.022202	0.000412	0.001494	
0.000127	1.007260	0.001062	0.000292	0.007994	0.000169	0.012414	0.000006	
0.000225	0.798618	0.065078	0.000000	0.610136	0.000017	0.000275	0.000443	
0.001088	1.007995	0.005891	0.000269	0.000062	0.000053	0.001428	0.002587	
0.002403	1.003957	0.001681	0.000054	0.067551	0.000368	0.000481	0.002115	
0.001306	1.005766	0.000389	0.006377	0.037320	0.007231	0.000522	0.000047	
200.724053	14.450657	5.721001	0.000023	21.575471	0.001261	0.000084	0.003679	
0.004895	0.568181	0.323066	0.001025	0.764438	0.060236	0.005395	0.000244	
0.050955	1.003614	0.001846	0.001440	0.006912	0.003206	0.011321	0.014486	
0.041225	1.043170	0.093255	0.000143	0.005984	0.005130	0.000097	0.002186	
0.982116	0.213636	0.040002	0.000200	0.052369	0.010518	0.000776	0.001486	
0.000263	0.030401	0.000463	0.002634	1.003062	0.051688	0.000271	0.057220	
0.222749	201.728266	5.734785	0.000023	21.627451	0.001264	0.000084	0.003688	
0.000009	0.883691	0.006084	0.020739	0.827688	0.000021	0.000003	0.000017	
0.000087	1.007484	0.001062	0.000000	0.000109	0.000017	0.000275	0.000006	
0.052483	0.975981	0.000393	0.000005	0.202794	0.107806	0.053858	0.002126	
0.001271	0.978973	0.000383	0.006152	0.220911	0.007415	0.000187	0.000047	
0.000411	0.987430	0.007100	0.001985	0.195725	0.002661	0.000023	0.000029	
0.038521	0.677107	0.051481	0.054286	0.738487	0.009949	0.000364	0.004931	
0.050911	1.002759	0.077140	0.007360	0.014648	0.000480	0.000471	0.003244	
0.000741	0.060006	0.072174	0.001175	0.998909	0.005356	0.017034	0.000542	
0.000400	1.000818	0.099080	0.016822	0.011568	0.044857	0.000412	0.001493	
0.014302	1.003832	0.078205	0.001796	0.011581	0.009655	0.012167	0.005790	
0.000957	0.985395	0.007086	0.001980	0.205730	0.012464	0.000095	0.000042	
0.000507	1.006439	0.001061	0.000000	0.000109	0.019887	0.001576	0.045926	
0.000125	0.978544	0.007056	0.000250	0.233207	0.011984	0.012402	0.001599	
0.055525	0.009541	0.004875	0.001505	1.005011	0.007609	0.012802	0.034110	
0.003553	0.002049	0.000003	0.000063	1.005794	0.048452	0.000647	0.018973	
0.000053	0.143169	0.000041	0.001392	0.995830	0.014349	0.000229	0.002522	
0.049501	0.598085	0.305073	0.006239	0.748123	0.007712	0.000870	0.001703	
0.002401	1.002929	0.000354	0.006302	0.043270	0.007540	0.000471	0.000047	
0.129776	0.995619	0.002987	0.008563	0.014605	0.063189	0.000421	0.000297	
0.004895	0.568174	0.323062	0.001025	0.764428	0.060235	0.007480	0.000244	
0.000223	0.794320	0.064727	0.000000	0.615757	0.000017	0.000275	0.000026	
0.002156	1.000179	0.034602	0.083653	0.056965	0.007853	0.034780	0.057008	
0.000836	1.010330	0.005905	0.001256	0.000062	0.000054	0.001431	0.002593	
0.000261	1.006370	0.035787	0.007382	0.000157	0.012410	0.000482	0.000438	
0.000444	0.990667	0.180609	0.007192	0.001107	0.012409	0.000482	0.000438	
0.001886	0.000894	0.001613	0.001909	0.215005	0.340118	0.923521	0.005870	
0.051899	0.997722	0.084059	0.077029	0.014985	0.042556	0.000458	0.002509	
0.000077	0.883691	0.006084	0.020739	0.827688	0.000021	0.000003	0.000017	
0.000030	0.003458	0.000267	0.000014	1.005039	0.051766	0.000273	0.000305	
0.078673	0.472711	0.821507	0.293210	0.099637	0.079806	0.000188	0.001650	
0.009134	1.006834	0.009344	0.029586	0.013576	0.005411	0.000001	0.003412	
0.005740	1.004260	0.079348	0.001984	0.000982	0.012414	0.000264	0.000016	
0.001478	0.803793	0.024574	0.014516	0.606325	0.001303	0.000018	0.026278	
0.000036	1.006261	0.001051	0.018786	0.012887	0.015089	0.020491	0.002344	
0.001272	1.003782	0.001680	0.000004	0.067539	0.000301	0.005964	0.002127	
0.002158	1.001192	0.003567	0.083688	0.056989	0.007856	0.000697	0.056825	
0.000064	0.740301	0.048661	0.294751	0.828531	0.000020	0.374157	0.000017	
0.002452	1.006246	0.000068	0.001377	0.007039	0.013969	0.000001	0.001250	
0.076509	0.461534	0.438704	0.014611	0.771971	0.003574	0.023036	0.070677	
0.057366	1.000465	0.076828	0.014147	0.000221	0.010713	0.063598	0.001182	
0.003465	0.010966	0.000629	0.000066	0.996231	0.015821	0.000012	0.138462	
0.008541	0.990726	0.137342	0.086656	0.017458	0.051661	0.000280	0.057255	
0.001272	1.003815	0.001707	0.000004	0.068634	0.000714	0.000285	0.002127	
0.000067	0.000376	0.000662	0.000005	1.007303	0.000006	0.000474	0.000112	
0.027990	0.522212	0.297334	0.048713	0.658231	0.128497	0.310079	0.324479	
0.001772	0.995995	0.051800	0.000722	0.104416	0.007408	0.000188	0.033298	
0.008514	0.763491	0.646547	0.009498	0.125541	0.012452	0.030264	0.011737	
0.053069	1.000617	0.001991	0.000155	0.053276	0.000305	0.000593	0.073855	
0.072779	0.560538	0.332362	0.006490	0.760243	0.032081	0.059756	0.000297	
0.052973	0.998800	0.001987	0.000155	0.078087	0.000305	0.017552	0.073852	
0.000282	1.006976	0.003590	0.000000	0.015953	0.000017	0.019171	0.000006	
0.101333	0.995733	0.001976	0.000628	0.038839	0.069405	0.000590	0.063822	
0.008354	0.985868	0.198164	0.019029	0.001670	0.018240	0.000264	0.035902	
0.023842	0.993219	0.086122	0.026541	0.012735	0.007586	0.134442	0.034110	
0.000005	0.053299	1.003109	0.031045	0.004609	0.021165	0.000003	0.021883	
0.000353	1.003591	0.000948	0.031507	0.034998	0.054695	0.005329	0.001146	
0.017466	0.716762	0.165346	0.138293	0.637551	0.009030	0.000003	0.202056	
0.064920	0.982161	0.005114	0.007936	0.207064	0.000193	0.027500	0.000562	
0.014301	1.003764	0.078200	0.011826	0.011581	0.009655	0.012167	0.005790	
0.002401	1.001047	0.001676	0.082563	0.067670	0.007746	0.035694	0.002117	
0.001280	1.004994	0.040945	0.000000	0.034352	0.090333	0.028715	0.006306	
0.000245	0.733264	0.688691	0.002075	0.003391	0.000393	0.006615	0.036374	
0.065184	0.803837	0.014944	0.000615	0.601017	0.002197	0.035408	0.018259	
0.000531	1.007332	0.000068	0.001378	0.007047	0.003220	0.000001	0.000811	
0.000193	0.743593	0.000808	0.022845	0.698261	0.021443	0.000268	0.000016	
0.000282	1.007748	0.003593	0.000000	0.019733	0.000017	0.007123	0.000436	
0.097299	0.586944	0.807903	0.022857	0.010753	0.038613	0.023764	0.074909	
0.002977	0.336101	1.148070	0.100343	0.102960	0.007189	0.000032	0.000017	
0.082378	1.002376	0.001725	0.000000	0.037436	0.002702	0.000275	0.000002	
0.001766	0.992400	0.051241	0.009235	0.099490	0.082760	0.000188	0.056255	
0.001473	0.996453	0.122420	0.018496	0.004504	0.006630	0.027541	0.000041	
0.085296	0.982978	0.166228	0.064847	0.052480	0.007758	0.012565	0.056875	
0.000000	0.000000	0.000001	0.094114	1.001504	0.007644	0.000389	0.000499	
0.014302	1.003841	0.078206	0.011827	0.011582	0.009655	0.003961	0.003200	
0.100190	0.996815	0.054768	0.062392	0.014623	0.062783	0.001367	0.002636	
0.027016	0.565403	0.332835	0.006499	0.761326	0.033180	0.059843	0.000257	
0.042310	0.997786	0.055730	0.064825	0.052462	0.007755	0.012640	0.056855	
0.052927	1.000555	0.084301	0.000303	0.053731	0.022015	0.000155	0.002499	
0.031312	0.655302	0.044415	0.006239	0.762368	0.033226	0.002018	0.000257	
0.000245	0.733743	0.689140	0.002076	0.003071	0.000393	0.006619	0.002920	
0.078886	0.473991	0.823732	0.294004	0.071165	0.079826	0.011955	0.001651	
0.000199	0.710194	0.024575	0.000000	0.713383	0.000017	0.032579	0.001093	
0.102417	0.965945	0.050155	0.000610	0.253150	0.009481	0.058420	0.060769	
0.046731	0.566418	0.571215	0.000000	0.604546	0.002200	0.000275	0.004710	
0.052859	1.001486	0.034807	0.083879	0.012258	0.007862	0.035013	0.055018	
0.001152	0.059501	0.071777	0.011767	1.000073	0.008138	0.000389	0.061825	
0.002044	0.980415	0.001045	0.000000	0.225618	0.007602	0.000622	0.001606	
0.027181	0.591939	0.339451	0.000130	0.742441	0.033934	0.012090	0.058973	
0.000006	1.006869	0.001052	0.001239	0.013593	0.015096	0.000767	0.003290	
0.042356	1.044548	0.001401	0.000142	0.005968	0.005117	0.000097	0.023004	
0.008535	0.050884	0.072139	0.009420	1.003015	0.000067	0.000162	0.000006	
0.001655	0.974823	0.001035	0.001714	0.250505	0.007195	0.027774	0.019278	
0.010327	1.005365	0.001683	0.000663	0.006968	0.030755	0.000368	0.002127	
0.000270	1.003266	0.001651	0.023822	0.085559	0.014238	0.000265	0.000016	
0.013182	1.002804	0.000354	0.006302	0.043268	0.008541	0.000471	0.000047	
0.129410	0.962097	0.004109	0.070572	0.251044	0.000067	0.006822	0.000222	
0.010477	1.182638	0.208058	0.007090	0.102995	0.008937	0.000003	0.000017	
0.000036	0.004132	0.000319	0.000018	1.005064	0.051768	0.000271	0.000303	
0.033451	0.683320	0.084051	0.012188	0.722098	0.046872	0.103328	0.000842	
0.022489	0.997315	0.125705	0.009951	0.004801	0.007476	0.011494	0.063171	
0.000085	0.880769	0.033475	0.020684	0.825527	0.000021	0.000009	0.000005	
0.027983	0.522082	0.297260	0.048996	0.658093	0.128470	0.310014	0.324411	
0.059745	0.010266	0.005255	0.001619	1.004625	0.007608	0.012800	0.034106	
0.156470	0.540392	0.013095	0.229073	0.662628	0.011226	0.021987	0.455201	
0.008513	0.763422	0.646488	0.004637	0.125525	0.020230	0.030264	0.011737	
0.632824	0.130095	0.043186	0.005375	0.673502	0.006053	0.366853	0.000000	
0.000036	1.006489	0.001051	0.018790	0.017407	0.014870	0.020497	0.000086	
0.101870	0.963590	0.002588	0.071236	0.250591	0.006541	0.059652	0.002127	
0.002449	1.002995	0.000354	0.026452	0.011527	0.008604	0.059212	0.000047	
0.028197	0.590113	0.338434	0.000130	0.740216	0.033584	0.012054	0.000248	
0.002403	1.003957	0.001681	0.000058	0.067551	0.000368	0.000481	0.002115	
0.000952	0.984651	0.007103	0.000252	0.205987	0.012456	0.012701	0.001599	
0.002176	0.999000	0.084053	0.000302	0.052478	0.021949	0.002326	0.059765	
0.637729	0.112993	0.100382	0.011786	0.136621	0.688601	0.312098	0.002049	
0.050112	0.025599	0.000204	0.040239	0.995844	0.021247	0.158473	0.009417	
0.066417	0.805029	0.014968	0.000000	0.601977	0.002200	0.000275	0.000002	
0.042650	0.006659	0.038558	0.031469	1.002210	0.047734	0.002515	0.001826	
0.000042	0.000785	0.000001	0.000001	1.007072	0.007199	0.027790	0.019140	
0.017407	0.002718	0.015737	0.012844	1.005208	0.047791	0.002495	0.000735	
0.000502	0.009336	0.000249	0.000004	1.004750	0.000002	0.053992	0.000260	
0.002408	0.986455	0.000349	0.182199	0.011524	0.007535	0.059199	0.000047	
0.000072	0.744638	0.028301	0.028342	0.698246	0.000017	0.000021	0.000762	
0.057839	0.999821	0.020310	0.010684	0.085384	0.012389	0.024606	0.002600	
0.000353	1.004026	0.000949	0.030868	0.035013	0.054718	0.005331	0.002589	
0.003718	1.006574	0.002644	0.002048	0.001142	0.007268	0.000067	0.020395	
0.065063	0.802351	0.054891	0.007637	0.601222	0.001279	0.003227	0.018481	
0.019840	0.141805	0.000041	0.001170	0.995935	0.003316	0.000229	0.002534	
0.010469	1.181741	0.203685	0.022282	0.102870	0.008926	0.000003	0.000017	
0.008354	0.985868	0.198164	0.019029	0.001670	0.018240	0.000264	0.035902	
