0.938983	0.036280	0.016002	0.382479	0.000608	0.000934	0.143381	0.000000	
0.000000	0.000000	0.000000	0.000000	3.451892	0.000000	0.000000	0.000000	
1.031491	0.000018	0.000000	0.000007	0.000002	0.000000	0.000001	0.000000	
0.131891	0.000259	0.000468	0.053867	0.975879	0.001704	0.002690	0.253664	
0.053431	0.961824	0.004572	0.196111	0.005233	0.119081	0.042436	0.261989	
0.000000	0.000000	0.000000	0.289749	0.984397	0.001785	0.000008	0.001805	
0.001273	0.034651	0.000184	0.000023	0.005016	1.014068	0.000055	0.000000	
0.049624	0.003632	0.879864	0.359882	0.319558	0.001630	0.123176	0.077516	
0.000000	0.000000	0.000000	0.000000	0.000000	0.000000	1.019540	0.053121	
0.000000	0.000000	0.000000	0.000000	0.000000	0.000000	1.014491	0.000000	
0.020990	0.001473	0.000098	0.000012	0.002499	1.022736	0.000000	0.000000	
0.002792	0.000013	0.020896	0.000018	0.002504	1.024664	0.001406	0.000000	
0.000224	2.344231	0.004382	0.000251	0.000138	0.000996	0.000002	0.000000	
0.022506	2.278203	0.027697	0.000032	0.774261	0.240259	0.000002	0.000000	
0.000559	0.004926	0.000024	0.000004	0.002337	1.013688	0.146110	0.000109	
0.000000	0.000000	0.000000	0.000000	0.000000	1.014786	0.000000	0.000000	
0.000089	0.000585	0.088382	0.033967	0.001050	0.000050	1.012669	0.000000	
0.295766	0.015916	0.001097	0.056511	0.961762	0.015827	0.143636	0.000675	
0.011239	0.073564	0.007947	0.058111	0.001051	0.000129	1.013381	0.000000	
0.010552	0.999449	0.128719	0.001106	0.146806	0.038636	0.002361	0.002561	
0.000013	0.000000	1.025756	0.000000	0.000003	0.000003	0.000000	0.000000	
0.052520	1.014437	0.000181	0.156390	0.003781	0.001822	0.005299	0.001779	
0.000000	0.000000	0.000000	0.000000	0.000000	0.000000	0.000000	1.021030	
0.142296	0.992735	0.081292	0.001061	0.155816	0.244654	0.018809	0.000000	
0.000000	0.000000	0.000000	1.025219	0.000000	0.000000	0.000000	0.000000	
0.963991	0.011623	0.018160	0.001386	0.230073	0.000630	0.003001	0.258786	
0.000015	0.005959	0.060178	0.000053	0.020705	1.012559	0.000000	0.137161	
0.001094	0.000001	0.000030	0.000001	0.024939	1.028683	0.000000	0.000000	
0.000000	0.000000	0.000000	0.000000	0.000000	0.000000	1.021291	0.000000	
0.046467	0.920054	0.008358	0.000507	0.433837	0.000435	0.074641	0.117556	
0.000000	0.000000	0.000000	1.005036	0.179534	0.000845	0.140034	0.000006	
0.001241	0.018046	0.003857	0.299422	0.981480	0.000005	0.000001	0.000103	
0.125555	8.251618	1.062786	0.009226	1.200152	0.275457	0.000000	0.300033	
0.000000	0.000000	0.000000	0.000000	0.000000	109.044569	0.001497	0.000000	
0.003757	2.418390	0.004308	0.000259	0.000001	0.001028	0.000002	0.000000	
0.945300	0.061828	0.182849	0.003587	0.328914	0.002362	0.078033	0.002151	
0.019631	0.000043	0.000078	0.007948	0.002527	1.029458	0.000000	0.000000	
0.052504	1.014128	0.000181	0.157208	0.003780	0.001822	0.005298	0.001779	
0.046667	0.900472	0.003198	0.369233	0.021060	0.000897	0.136848	0.259659	
0.946493	0.002526	0.064749	0.386097	0.000614	0.000966	0.004267	0.000000	
0.049624	0.003632	0.879864	0.359882	0.319558	0.001630	0.123176	0.077516	
0.016780	0.000201	0.974140	0.000590	0.023678	0.007208	0.135703	0.256879	
0.951873	0.030954	0.016218	0.195432	0.003562	0.126609	0.139721	0.261329	
0.019939	0.289941	0.062804	0.008046	0.973033	0.000005	0.089025	0.000017	
0.000682	0.000050	0.012100	0.001271	0.004091	0.000021	1.011959	0.077546	
0.004955	0.000003	0.000024	0.000004	0.002336	1.013238	0.146045	0.000020	
0.000193	0.018272	0.002353	0.000020	0.002657	1.017805	0.000000	0.036311	
0.000000	0.000000	0.000000	0.000000	0.000000	46.454676	0.012658	0.000246	
0.907469	0.029510	0.015461	0.371851	0.000588	0.000903	0.137786	0.261439	
0.046966	0.906221	0.000084	0.371588	0.021265	0.001737	0.137721	0.261315	
0.056475	1.016630	0.004832	0.001931	0.001677	0.106549	0.053187	0.008444	
0.960733	0.032030	0.016369	0.199667	0.003597	0.129828	0.002226	0.261329	
0.001677	0.041688	0.854870	0.349517	0.305312	0.001589	0.135959	0.267138	
0.000000	0.000000	0.000000	0.000000	0.000000	0.000000	1.099182	0.000000	
0.016927	0.000204	0.982703	0.001413	0.023886	0.057517	0.002981	0.257095	
0.123541	0.939376	0.182877	0.000595	0.328962	0.000402	0.078044	0.002151	
0.004156	0.000224	0.000015	0.000854	0.013552	1.013915	0.144486	0.000679	
0.001533	0.253533	0.016754	0.975107	0.137646	0.025463	0.149579	0.000000	
0.000027	0.000731	0.000004	0.000000	0.000091	1.011983	0.000000	0.075786	
0.021154	0.000246	0.000098	0.000018	0.002512	1.028276	0.000000	0.000000	
0.020029	0.291246	0.063087	0.000001	0.977057	0.000005	0.000001	0.000017	
0.000558	0.017908	0.004536	0.299206	0.980771	0.000005	0.000001	0.000103	
1.002238	0.032445	0.193568	0.076595	0.003926	0.057471	0.000002	0.000000	
0.050823	0.981656	0.000178	0.250210	0.184830	0.001737	0.007081	0.001785	
0.000000	0.000000	0.000000	0.000000	0.000000	0.000000	0.000000	1.050381	
0.000000	0.000000	0.000000	0.000000	0.000000	0.000000	24.032312	0.000000	
0.001773	0.025785	0.005511	0.427832	0.932502	0.000005	0.000001	0.000103	
0.000178	0.003225	0.239613	0.992360	0.000256	0.002112	0.047466	0.000337	
0.046714	0.901380	0.003201	0.368634	0.021073	0.000898	0.136935	0.259822	
0.013904	0.000140	0.000068	0.002853	0.000052	1.013340	0.144404	0.000678	
1.273494	0.012288	0.000545	0.002388	0.031805	0.000112	0.018262	0.000000	
0.008741	0.169267	0.864010	0.135087	0.484930	0.001425	0.000116	0.137847	
0.139681	0.981665	0.126705	0.001054	0.154801	0.005860	0.016702	0.000000	
0.001036	0.000011	0.000002	0.017607	1.006849	0.000075	0.173529	0.007799	
0.005476	0.000069	0.000028	0.000005	0.000152	1.013303	0.146055	0.000020	
0.928016	0.053585	0.013626	0.379688	0.026853	0.000916	0.124003	0.070057	
0.803961	0.000014	0.058312	0.633720	0.000100	0.000723	0.000096	0.116754	
0.012417	0.239900	0.994799	0.001713	0.003742	0.097528	0.002166	0.000114	
1.025035	0.000018	0.000000	0.003382	0.000002	0.024176	0.000001	0.000000	
0.046966	0.906221	0.000084	0.371588	0.021265	0.001737	0.137721	0.261315	
0.021043	0.000245	0.000192	0.000018	0.002499	1.025099	0.000000	0.000000	
0.000000	0.000000	0.000000	0.000000	0.000000	0.000000	0.000000	1.050381	
0.000000	0.000000	0.000000	1.010202	0.180533	0.003927	0.140390	0.000006	
0.003707	2.386556	0.191005	0.004172	0.000001	0.002389	0.341278	0.000000	
0.016870	0.000370	0.000034	0.286822	0.975471	0.000076	0.089503	0.007791	
0.029293	0.335065	0.072684	0.009312	0.957156	0.000005	0.088999	0.000017	
0.000000	0.000000	0.000000	0.000000	0.000000	0.000000	1.099182	0.000000	
0.006116	0.267396	0.071005	0.106351	0.973762	0.000538	0.003824	0.000000	
0.000000	0.000000	0.000000	0.000000	0.000000	0.000000	1.099022	0.002244	
0.018470	0.000539	0.372786	0.895205	0.000581	0.000893	0.136190	0.275451	
0.965133	0.033308	0.008771	0.000844	0.326918	0.001497	0.001477	0.078725	
0.013904	0.000140	0.000068	0.002853	0.000052	1.013340	0.144404	0.000678	
0.044107	0.881716	0.000082	0.361506	0.021400	0.226900	0.137723	0.261318	
0.036643	0.000120	0.950021	0.353882	0.025334	0.000089	0.014547	0.000000	
0.000000	0.000000	0.000000	0.000000	0.000000	0.000000	0.000000	1.050381	
0.000000	0.000000	0.000000	0.000000	0.000000	0.000000	1.018361	0.000000	
0.000039	0.000000	0.001611	0.000658	0.000063	0.986257	0.003145	0.253673	
1.272568	0.005003	0.001098	0.002386	0.031780	0.000675	0.056885	0.000000	
0.013904	0.000140	0.000068	0.002853	0.000052	1.013340	0.144404	0.000678	
0.013875	0.333320	0.005905	0.957779	0.025329	0.000089	0.014544	0.002034	
