0.009718	0.002603	0.300771	0.187389	
0.185506	0.123740	0.062662	0.128521	
0.001713	0.249119	0.000110	0.249365	
0.188368	0.244529	0.067349	0.000204	
0.000219	0.004216	0.260246	0.235982	
0.297531	0.006220	0.071218	0.127617	
0.047964	0.067001	0.199923	0.185538	
0.438101	0.000055	0.000009	0.062625	
0.064342	0.251017	0.000332	0.185014	
0.057191	0.000101	0.437371	0.005828	
0.063627	0.252427	0.055954	0.129306	
0.132130	0.004416	0.179335	0.185126	
0.020950	0.113689	0.251392	0.114872	
0.000571	0.000437	0.374795	0.124943	
0.060229	0.061060	0.000931	0.380070	
0.186904	0.186581	0.123813	0.003978	
0.000370	0.000189	0.438796	0.061183	
0.123919	0.125628	0.001915	0.249709	
0.000280	0.180084	0.071142	0.249708	
0.006286	0.180149	0.136657	0.177903	
0.047722	0.193983	0.133995	0.124798	
0.329027	0.007084	0.116474	0.048299	
0.000171	0.310916	0.000853	0.188594	
0.187499	0.003218	0.307238	0.002983	
0.249281	0.000267	0.001918	0.249713	
0.114246	0.197160	0.124667	0.064628	
0.003438	0.003544	0.061118	0.433078	
0.323154	0.052140	0.000207	0.124925	
0.125786	0.000635	0.004441	0.370287	
0.071905	0.425393	0.003693	0.001104	
0.060612	0.001582	0.377786	0.061459	
0.003357	0.066029	0.381655	0.051733	
0.252800	0.065211	0.175574	0.007133	
0.064365	0.311928	0.000037	0.124328	
0.000000	0.000000	0.500499	0.000000	
0.061561	0.375629	0.061507	0.001850	
0.309169	0.192065	0.000000	0.000004	
0.002387	0.267561	0.231032	0.000057	
0.132601	0.179771	0.064742	0.123626	
0.122898	0.000132	0.124775	0.254384	
0.121612	0.377348	0.000101	0.001543	
0.183879	0.311983	0.000498	0.004175	
0.127717	0.123429	0.124030	0.125673	
0.437141	0.000907	0.062031	0.000087	
0.010590	0.050211	0.430770	0.009479	
0.068832	0.066326	0.250894	0.114409	
0.006619	0.427255	0.063302	0.003303	
0.018922	0.334125	0.079523	0.067812	
0.377314	0.062037	0.000411	0.061008	
0.246186	0.058789	0.065213	0.130262	
0.358090	0.000280	0.079763	0.062620	
0.133662	0.000045	0.243365	0.123668	
0.064654	0.242375	0.127663	0.066304	
0.056377	0.377241	0.001649	0.065146	
0.197171	0.020390	0.155673	0.127256	
0.000679	0.253243	0.060781	0.188004	
0.000000	0.000000	0.000000	0.501713	
0.037592	0.056251	0.342841	0.064344	
0.063218	0.254547	0.176161	0.006605	
0.188085	0.064477	0.060766	0.187183	
0.250644	0.246336	0.003886	0.000000	
0.438889	0.061843	0.000604	0.000005	
0.000290	0.000070	0.187891	0.312519	
0.062365	0.000575	0.311402	0.128020	
0.314363	0.001154	0.000231	0.185048	
0.063969	0.061839	0.082094	0.292816	
0.113877	0.073956	0.312521	0.000057	
0.254256	0.120949	0.000207	0.124895	
0.057667	0.205103	0.186085	0.052102	
0.000347	0.054214	0.009138	0.436764	
0.188871	0.249689	0.000094	0.062368	
0.112240	0.070694	0.247959	0.069369	
0.138991	0.253113	0.053528	0.054892	
0.131931	0.074672	0.047122	0.248289	
0.000681	0.437022	0.000334	0.062817	
0.188550	0.064360	0.238326	0.010955	
0.037905	0.147311	0.128335	0.189002	
0.000134	0.012974	0.146158	0.342291	
0.326198	0.120848	0.053132	0.000364	
0.186333	0.063271	0.000300	0.251493	
0.188889	0.144209	0.114535	0.053049	
0.376444	0.000508	0.000644	0.122890	
0.130520	0.247905	0.000506	0.121898	
0.074235	0.197966	0.226254	0.002463	
0.071002	0.001005	0.127295	0.301590	
0.248134	0.000811	0.066016	0.185582	
0.125025	0.247417	0.128331	0.000790	
0.507443	0.000000	0.000000	0.000001	
0.262564	0.183017	0.055313	0.000007	
0.170290	0.015178	0.246665	0.068349	
0.247199	0.065065	0.001135	0.187492	
0.367191	0.060391	0.067060	0.005827	
0.125859	0.311947	0.000343	0.062439	
0.002179	0.054646	0.316086	0.127680	
0.007399	0.176427	0.000217	0.317541	
0.042037	0.000013	0.202585	0.256019	
0.048618	0.189717	0.000048	0.262179	
0.062423	0.119561	0.248056	0.071082	
0.123636	0.303777	0.067049	0.005864	
0.002877	0.124532	0.124685	0.248345	
0.187847	0.195903	0.054924	0.062509	
0.106503	0.152224	0.241216	0.001134	
0.001200	0.046466	0.205575	0.249225	
0.074451	0.007326	0.001181	0.417864	
0.080061	0.121142	0.049840	0.249303	
0.026217	0.130848	0.293980	0.051733	
0.251027	0.125304	0.122896	0.001907	
0.180440	0.003908	0.073377	0.243045	
0.374584	0.124022	0.000233	0.001818	
0.002683	0.242517	0.129008	0.126734	
0.343524	0.008213	0.140133	0.009485	
0.064420	0.000704	0.061236	0.374676	
0.001487	0.065216	0.064775	0.369239	
0.098093	0.061784	0.216705	0.123675	
0.328898	0.050638	0.061935	0.060890	
0.064591	0.322370	0.057312	0.058545	
0.127398	0.127361	0.058470	0.187123	
0.133097	0.179145	0.003070	0.185850	
0.000001	0.500758	0.000000	0.000001	
0.002143	0.126783	0.069480	0.302364	
0.190065	0.183683	0.003676	0.123426	
0.006970	0.306435	0.185609	0.001744	
0.064914	0.125205	0.303455	0.007133	
0.126188	0.002738	0.069480	0.302363	
0.234625	0.063164	0.148690	0.054033	
0.126777	0.177688	0.196137	0.000364	
0.001986	0.207602	0.291393	0.000057	
0.248235	0.126774	0.065634	0.060587	
0.126827	0.070886	0.000049	0.302938	
0.250091	0.182404	0.007921	0.060115	
0.003531	0.152863	0.153051	0.190993	
0.002845	0.037615	0.249553	0.210641	
0.000254	0.376783	0.000000	0.123313	
0.188690	0.000823	0.125994	0.185034	
0.066942	0.122152	0.001145	0.310500	
0.314360	0.000652	0.186283	0.000057	
0.000164	0.307151	0.069100	0.123921	
0.046992	0.000041	0.240563	0.213034	
0.191612	0.119035	0.000000	0.190230	
0.236875	0.013295	0.179199	0.071123	
0.101185	0.097787	0.098400	0.205232	
0.194546	0.049374	0.129222	0.127610	
0.133674	0.126672	0.186874	0.053342	
0.048259	0.187550	0.077303	0.189453	
0.189131	0.001731	0.000149	0.311281	
0.320594	0.118772	0.000700	0.060346	
0.077196	0.076922	0.343182	0.003978	
0.001943	0.123289	0.000018	0.376841	
0.006745	0.294091	0.132087	0.067859	
0.248638	0.000266	0.252436	0.000664	
0.054829	0.300666	0.142317	0.002974	
0.001662	0.179109	0.249715	0.070354	
0.126777	0.177688	0.196137	0.000364	
0.009309	0.412869	0.061596	0.016706	
0.000127	0.231032	0.080818	0.188616	
0.196651	0.002316	0.097497	0.204605	
0.248089	0.126700	0.065768	0.060675	
0.209385	0.007871	0.155507	0.128109	
0.184087	0.030448	0.030099	0.256018	
0.205364	0.034323	0.116338	0.158720	
0.043219	0.202450	0.007744	0.249395	
0.204695	0.000752	0.293477	0.002077	
0.002965	0.310038	0.001539	0.186292	
0.007237	0.104060	0.072745	0.317541	
0.052032	0.174446	0.085701	0.188853	
0.067766	0.123656	0.000388	0.308928	
0.251319	0.081567	0.166214	0.001340	
0.134566	0.000494	0.180822	0.185127	
0.078784	0.007772	0.290957	0.122991	
0.001076	0.003861	0.452891	0.042444	
0.125039	0.070771	0.044127	0.261452	
0.063586	0.308152	0.000036	0.128883	
0.087383	0.087073	0.322834	0.003978	
0.061272	0.373867	0.063486	0.001850	
0.055745	0.001650	0.040164	0.402865	
0.123696	0.001224	0.004388	0.371867	
0.062628	0.166260	0.149158	0.122350	
0.000523	0.002429	0.373022	0.125000	
0.437823	0.061692	0.000882	0.000005	
0.186381	0.187098	0.123811	0.003978	
0.131174	0.119589	0.126617	0.123412	
0.375761	0.001599	0.000255	0.122896	
0.062152	0.065662	0.003615	0.369496	
0.496175	0.004902	0.000000	0.000001	
0.164337	0.223402	0.000361	0.112319	
0.000000	0.000000	0.000000	0.501361	
0.000000	0.000000	0.500183	0.000479	
0.058758	0.002032	0.430692	0.009477	
0.000001	0.500226	0.000010	0.000664	
0.012555	0.235960	0.130752	0.121673	
0.438101	0.000055	0.000009	0.062625	
0.208094	0.000432	0.029529	0.262137	
0.031959	0.000824	0.224729	0.242844	
0.366789	0.125200	0.003490	0.006712	
0.315221	0.095557	0.029808	0.060417	
0.247859	0.248812	0.000561	0.003977	
0.015177	0.239272	0.000036	0.246587	
0.054179	0.294229	0.139480	0.013581	
0.002877	0.124532	0.124685	0.248345	
0.041540	0.000834	0.205221	0.252777	
