0.677646	0.339359	1.513289	0.000000	
0.214458	0.731113	3.016085	0.642794	
0.096225	0.096444	0.136581	0.983047	
0.244485	0.237140	0.353483	0.898970	
0.383382	0.622595	1.145802	0.431120	
0.112200	0.112344	0.159325	0.976644	
0.276872	0.708676	1.911342	0.507771	
0.577590	0.477518	0.858817	0.000000	
0.235821	0.671746	2.043473	0.898372	
0.220991	0.743551	2.607846	0.000078	
0.385681	0.672972	2.747742	0.000000	
0.355263	0.615296	1.360630	0.555977	
0.059421	0.059382	0.084064	0.993352	
0.112391	0.112126	0.159166	0.976095	
0.707914	0.285174	1.853395	0.471837	
0.328261	0.474545	0.831096	0.816673	
0.642538	0.356924	1.508858	0.431698	
0.472183	0.335406	0.812182	0.792300	
0.000000	0.000000	0.000000	1.000170	
0.671348	0.236537	2.032033	0.893870	
0.030476	0.030521	0.043195	0.999092	
0.726682	0.222413	2.850150	0.619685	
0.472888	0.590414	0.884765	0.000000	
0.753013	0.198669	3.374293	0.001337	
0.633687	0.382790	1.132928	0.514261	
0.339756	0.677489	1.510569	0.000749	
0.172796	0.172897	0.244584	0.938705	
0.741730	0.222469	2.586792	0.000001	
0.457526	0.465922	0.665684	0.394205	
0.114093	0.113789	0.161539	0.975545	
0.102844	0.103170	0.146154	0.980648	
0.170652	0.170486	0.241447	0.940633	
0.741900	0.223621	2.573498	0.000001	
0.385930	0.672762	2.739191	0.000000	
0.128296	0.129677	0.184459	0.973240	
0.581126	0.384856	1.023894	0.526229	
0.751272	0.202932	3.375263	0.135571	
0.178631	0.757816	3.347114	0.000175	
0.698074	0.268891	1.949757	0.491602	
0.263925	0.637556	1.662368	0.881997	
0.337529	0.629417	1.506821	0.607108	
0.214898	0.730381	3.004748	0.640494	
0.462508	0.456365	0.658564	0.401843	
0.000000	0.000000	0.000000	1.451334	
0.621208	0.350509	1.402549	0.560879	
0.568040	0.462074	0.887061	0.000000	
0.659738	0.248301	1.876727	0.871753	
0.744035	0.199331	3.094229	0.441899	
0.332889	0.461161	0.786119	0.809441	
0.383335	0.622764	1.146402	0.430831	
0.675857	0.342114	1.501476	0.000000	
0.340049	0.677133	1.508291	0.000748	
0.476754	0.578309	0.859066	0.000000	
0.030476	0.030522	0.043195	0.999097	
0.236214	0.245555	0.354595	0.900598	
0.053615	0.053664	0.075926	0.994825	
0.494340	0.329107	0.866682	0.829532	
0.268882	0.693219	1.916279	0.529839	
0.347777	0.620898	1.364097	0.549640	
0.223715	0.742372	2.571018	0.005824	
0.128758	0.128827	0.182242	0.966610	
0.000000	0.000000	0.000000	1.236307	
0.671245	0.236755	2.029757	0.892975	
0.568941	0.461495	0.889826	0.000000	
0.087607	0.088468	0.125567	0.990958	
0.410430	0.650624	2.080592	0.000000	
0.436792	0.628831	1.845893	0.000036	
0.240872	0.667904	1.986432	0.888046	
0.215149	0.220993	0.316844	0.916378	
0.611688	0.372737	1.162101	0.450369	
0.105660	0.105406	0.149615	0.979029	
0.456457	0.464707	0.662914	0.399564	
0.433797	0.592712	1.006515	0.003054	
0.268901	0.693212	1.916279	0.529839	
0.707169	0.286482	1.842379	0.469422	
0.468633	0.338441	0.797465	0.782290	
0.753003	0.198696	3.373678	0.001337	
0.155813	0.156141	0.221054	0.951471	
0.725159	0.226074	2.786161	0.606685	
0.387896	0.633837	1.170835	0.360468	
0.216053	0.729924	2.982386	0.636010	
0.742071	0.224701	2.561189	0.000001	
0.673935	0.347267	1.467225	0.001439	
0.030471	0.030532	0.043220	0.999420	
0.622215	0.353758	1.394297	0.538263	
0.333768	0.460068	0.781711	0.806283	
0.350319	0.670406	1.468312	0.000732	
0.178414	0.756934	3.343404	0.165518	
0.609393	0.404647	1.071944	0.345496	
0.665897	0.244523	1.946468	0.871299	
0.750824	0.205907	3.337048	0.001456	
0.742847	0.199864	2.889890	0.415503	
0.347823	0.620860	1.363773	0.549536	
0.678366	0.341474	1.508740	0.000000	
0.098116	0.098008	0.138822	0.981298	
0.753003	0.198696	3.373678	0.001337	
0.483679	0.350864	0.778545	0.779493	
0.128758	0.128827	0.182242	0.966610	
0.236924	0.671211	2.031819	0.893786	
0.088803	0.089628	0.127183	0.990178	
0.216770	0.220998	0.316264	0.912167	
0.170653	0.170485	0.241447	0.940633	
0.194982	0.739125	3.068073	0.592875	
0.442849	0.585445	0.981324	0.031593	
0.569942	0.460875	0.892839	0.000000	
0.332428	0.470526	0.818727	0.808071	
0.000000	0.000000	0.000000	1.435175	
0.030469	0.030534	0.043228	0.999522	
0.430485	0.637249	2.063596	0.000000	
0.639768	0.357923	1.441469	0.417798	
0.707157	0.286499	1.842229	0.469389	
0.387008	0.604105	1.110676	0.390236	
0.446810	0.450179	0.638464	0.447427	
0.267045	0.713330	2.034741	0.297744	
0.710285	0.235242	2.284000	0.619533	
0.669638	0.240028	1.995833	0.879639	
0.707836	0.287245	1.838632	0.468689	
0.464412	0.341986	0.780256	0.770641	
0.734662	0.235029	2.417183	0.190517	
0.128758	0.128827	0.182242	0.966610	
0.336974	0.472616	0.816994	0.792475	
0.752716	0.199508	3.355496	0.001330	
0.488233	0.522697	0.764043	0.000000	
0.000000	0.000000	0.000000	1.934562	
0.652390	0.346834	1.519402	0.410341	
0.341950	0.675901	1.496517	0.000744	
0.278871	0.699905	1.890518	0.388333	
0.104658	0.104362	0.148210	0.979735	
0.464294	0.453056	0.665293	0.412915	
0.265412	0.636654	1.650138	0.876415	
0.198117	0.737081	3.002283	0.599399	
0.224290	0.741436	2.559031	0.000000	
0.057863	0.057892	0.081891	0.993594	
0.687319	0.307515	1.689045	0.297666	
0.030479	0.030525	0.043190	0.999092	
0.179472	0.179400	0.253882	0.933680	
0.430692	0.637022	2.057908	0.000000	
0.346596	0.603310	1.185950	0.673783	
0.609374	0.404661	1.071868	0.345478	
0.399010	0.587622	1.051987	0.371423	
0.285362	0.281560	0.407041	0.833530	
0.554507	0.467423	0.862737	0.000000	
0.268901	0.693212	1.916279	0.529839	
0.576580	0.478716	0.858767	0.000000	
0.578736	0.357988	1.136952	0.604662	
0.000000	0.000000	0.000000	1.451334	
0.170648	0.170492	0.241452	0.940645	
0.406488	0.587983	1.033747	0.326555	
0.369252	0.602002	1.256644	0.524819	
0.448754	0.352464	0.747879	0.759319	
0.671306	0.236629	2.031075	0.893493	
0.210200	0.737498	2.977610	0.504324	
0.342348	0.466196	0.790180	0.774329	
0.030471	0.030532	0.043220	0.999420	
0.742071	0.224701	2.561189	0.000001	
0.465504	0.454368	0.666922	0.406946	
0.039662	0.039639	0.056108	0.997238	
0.708066	0.272138	1.986312	0.342244	
0.340972	0.676468	1.502378	0.000891	
0.483551	0.531696	0.791829	0.055011	
0.598361	0.397614	1.052002	0.422401	
0.178631	0.757816	3.347114	0.000175	
0.246200	0.664081	1.927431	0.870980	
0.217021	0.220482	0.314637	0.909497	
0.703421	0.304818	1.763358	0.000000	
0.397691	0.662904	2.407313	0.000000	
0.130295	0.130351	0.184383	0.965719	
0.098116	0.098008	0.138822	0.981298	
0.733033	0.223004	2.593506	0.404188	
0.204567	0.740547	2.933682	0.454977	
0.092874	0.092694	0.131488	0.983973	
0.566631	0.462644	0.883484	0.026128	
0.021482	0.021497	0.030411	0.999524	
0.320236	0.654765	1.506376	0.487359	
0.748265	0.211423	3.091147	0.000039	
0.478488	0.572821	0.847617	0.000000	
0.096262	0.096339	0.136312	0.981899	
0.403630	0.657329	2.246748	0.000000	
0.246420	0.665035	1.935137	0.866801	
0.692144	0.321993	1.640932	0.023659	
0.610182	0.404485	1.092767	0.266433	
0.342123	0.668933	1.509472	0.222309	
0.345895	0.482792	0.835313	0.760322	
0.647518	0.348371	1.515869	0.435266	
0.708157	0.271967	1.987895	0.342483	
0.295949	0.694349	1.722528	0.514604	
0.185405	0.186904	0.265348	0.933171	
0.465214	0.452564	0.667722	0.413787	
0.180324	0.757283	3.312194	0.000174	
0.030486	0.030513	0.043182	0.998959	
0.666037	0.247167	1.924678	0.851736	
0.473463	0.342137	0.807765	0.764320	
0.398576	0.588039	1.054106	0.371954	
0.217252	0.220069	0.313518	0.907662	
0.729253	0.210741	2.675389	0.584237	
0.128191	0.129867	0.184960	0.974739	
0.349414	0.439606	0.705276	0.752078	
0.266601	0.706826	2.217384	0.484040	
0.341428	0.625986	1.409488	0.564289	
0.225013	0.740700	2.548099	0.000000	
