0.127856	0.129146	0.183538	0.972801	
0.477507	0.480846	0.683715	0.291437	
0.606610	0.397537	1.272450	0.393412	
0.153847	0.154895	0.220063	0.956275	
0.000000	0.000000	0.000000	1.007096	
0.223634	0.220301	0.318674	0.905172	
0.497458	0.365900	0.845352	0.673630	
0.571486	0.478127	1.187163	0.000000	
0.172669	0.171068	0.245482	0.945431	
0.648239	0.261673	1.735695	0.844664	
0.758495	0.238716	2.457010	0.000029	
0.702782	0.293394	1.804234	0.345801	
0.371117	0.638263	1.418450	0.350759	
0.749795	0.206530	3.017109	0.053064	
0.568130	0.463521	0.883324	0.000340	
0.243304	0.668818	1.955656	0.858311	
0.471374	0.573508	0.875095	0.000000	
0.369541	0.486434	0.823917	0.682190	
0.740557	0.207270	2.922763	0.459004	
0.241410	0.737444	2.360737	0.001290	
0.680259	0.365017	1.396355	0.000018	
0.203839	0.741207	2.795254	0.432680	
0.174820	0.175711	0.249088	0.939702	
0.303955	0.705908	1.746005	0.333819	
0.086896	0.087142	0.123516	0.987076	
0.356273	0.665473	1.409136	0.000017	
0.434589	0.631703	1.876024	0.000004	
0.282304	0.285744	0.406471	0.830106	
0.483503	0.549463	0.968593	0.000009	
0.376954	0.537815	0.941041	0.587817	
0.247925	0.247057	0.352238	0.872687	
0.561216	0.465634	0.868641	0.000012	
0.506244	0.374040	0.856265	0.637024	
0.749916	0.207266	3.005586	0.052876	
0.639396	0.371471	1.347768	0.296674	
0.479425	0.486935	0.703297	0.275987	
0.343803	0.665313	1.452220	0.239417	
0.356981	0.665180	1.411288	0.000017	
0.735348	0.232422	2.898622	0.388620	
0.183474	0.184074	0.260717	0.932030	
0.293730	0.697315	1.794418	0.301830	
0.158062	0.158747	0.224967	0.951184	
0.702491	0.294276	1.798262	0.338152	
0.000000	0.000000	0.000000	1.015600	
0.250862	0.729418	2.244596	0.001232	
0.749404	0.240521	2.406915	0.005423	
0.259563	0.673522	1.858370	0.769454	
0.697616	0.373639	1.387554	0.000006	
0.127930	0.129007	0.183176	0.971707	
0.213979	0.737348	2.662352	0.423322	
0.173021	0.171021	0.247697	0.950166	
0.662217	0.268691	1.829127	0.769005	
0.472816	0.552634	0.839050	0.002436	
0.105594	0.106308	0.151125	0.982796	
0.171319	0.172131	0.243971	0.942102	
0.480001	0.492366	0.705527	0.252127	
0.670620	0.336377	1.514696	0.256682	
0.199419	0.752072	2.958023	0.000967	
0.331276	0.317670	0.478549	0.785354	
0.210296	0.739103	2.698605	0.418774	
0.257771	0.669301	1.861349	0.770004	
0.746506	0.215619	2.687483	0.005991	
0.291284	0.700546	1.830253	0.287466	
0.542400	0.473204	0.825220	0.000049	
0.484112	0.548875	0.968077	0.000002	
0.736008	0.218401	2.739783	0.427294	
0.702265	0.287763	1.884784	0.308544	
0.503231	0.499095	0.717329	0.011477	
0.657613	0.439391	1.144785	0.000000	
0.749916	0.207266	3.005586	0.052876	
0.191501	0.191739	0.271298	0.924424	
0.127930	0.129006	0.183176	0.971707	
0.000000	0.000000	0.000000	1.071189	
0.108674	0.108900	0.154230	0.978092	
0.360043	0.662771	1.392880	0.000017	
0.381879	0.546554	0.958214	0.554717	
0.647203	0.293321	1.569566	0.667116	
0.364079	0.653785	1.444514	0.279528	
0.549112	0.334132	1.075540	0.746329	
0.749916	0.207266	3.005586	0.052876	
0.202528	0.738945	2.803513	0.516316	
0.127995	0.128888	0.182883	0.970823	
0.481518	0.536501	0.796345	0.000011	
0.571192	0.478258	1.184350	0.000000	
0.548670	0.468811	0.844425	0.000012	
0.349711	0.353277	0.507336	0.723248	
0.747465	0.243958	2.365534	0.005338	
0.708338	0.284380	1.880266	0.358323	
0.660945	0.258262	1.821782	0.806335	
0.201453	0.751313	2.924071	0.001553	
0.020021	0.020002	0.028359	1.000645	
0.191523	0.191721	0.271312	0.924453	
0.365199	0.626110	1.424955	0.480392	
0.363224	0.484779	0.830103	0.705018	
0.638227	0.372820	1.338905	0.295145	
0.297245	0.706877	1.863075	0.000108	
0.270313	0.654231	1.714530	0.765013	
0.711520	0.309364	1.753691	0.000020	
0.718648	0.259789	2.133813	0.312049	
0.287242	0.698168	1.841072	0.355444	
0.440377	0.453039	0.650182	0.464386	
0.063335	0.063457	0.089871	0.993494	
0.499738	0.411781	0.785743	0.514166	
0.171319	0.172131	0.243971	0.942102	
0.232825	0.229607	0.333617	0.898772	
0.490923	0.485952	0.698629	0.222116	
0.271455	0.714027	1.998507	0.356349	
0.351476	0.608995	1.255879	0.550119	
0.033603	0.033649	0.047613	0.998606	
0.686683	0.327564	1.602422	0.018060	
0.750460	0.238639	2.430053	0.005470	
0.476509	0.545612	0.820560	0.000011	
0.411916	0.514265	0.825739	0.494224	
0.552365	0.328334	1.094715	0.760897	
0.210662	0.735800	2.689058	0.496690	
0.109064	0.109271	0.154737	0.977745	
0.171319	0.172131	0.243971	0.942102	
0.261570	0.263316	0.373960	0.856206	
0.729882	0.205639	2.922539	0.676331	
0.704396	0.276500	1.968526	0.373009	
0.750023	0.206985	3.010637	0.052959	
0.245073	0.733399	2.312100	0.000224	
0.272030	0.686542	1.798021	0.750323	
0.692389	0.241588	2.111562	0.738106	
0.549185	0.468362	0.846277	0.000050	
0.627875	0.383467	1.204937	0.248376	
0.574252	0.473600	1.172083	0.000000	
0.361300	0.661773	1.385394	0.000017	
0.484207	0.531466	0.783329	0.005836	
0.217185	0.733107	2.595453	0.480680	
0.730481	0.248535	2.233841	0.409222	
0.710083	0.311328	1.738334	0.000020	
0.279875	0.691640	1.935421	0.572778	
0.201630	0.751272	2.924940	0.001553	
0.570627	0.478509	1.178968	0.000000	
0.365719	0.624394	1.414832	0.484945	
0.749408	0.208588	2.982081	0.052488	
0.502702	0.361199	0.867534	0.685759	
0.402666	0.483711	0.746517	0.576360	
0.548795	0.468733	0.845102	0.000000	
0.108674	0.108903	0.154237	0.978119	
0.701107	0.274626	1.923832	0.413877	
0.652061	0.285616	1.626924	0.687611	
0.338476	0.679713	1.575056	0.000018	
0.191853	0.192117	0.271847	0.924202	
0.288096	0.697668	1.833934	0.354256	
0.000000	0.000000	0.000000	1.015600	
0.689149	0.313775	1.647213	0.313914	
0.363174	0.350697	0.522746	0.720127	
0.712460	0.286073	1.953810	0.000244	
0.492116	0.433249	0.746285	0.453331	
0.170880	0.171690	0.243346	0.942427	
0.536897	0.452003	0.838447	0.273350	
0.000000	0.000000	0.000000	1.071189	
0.160756	0.161685	0.229206	0.950229	
0.502688	0.361212	0.867469	0.685724	
0.063424	0.063368	0.089873	0.993502	
0.310999	0.672561	1.623034	0.438230	
0.201497	0.751297	2.923352	0.001552	
0.441354	0.583850	0.969100	0.010997	
0.545133	0.471256	0.833506	0.000050	
0.350119	0.352736	0.506619	0.722657	
0.231957	0.230069	0.331116	0.894947	
0.293244	0.707162	1.845901	0.009807	
0.274383	0.641685	1.698790	0.829033	
0.288130	0.690090	1.778458	0.473872	
0.694619	0.294053	1.752673	0.477017	
0.653286	0.283566	1.642657	0.693243	
0.668969	0.353798	1.478858	0.006549	
0.571200	0.478254	1.184427	0.000000	
0.708338	0.284380	1.880266	0.358323	
0.748605	0.241900	2.390040	0.018726	
0.254874	0.715752	2.142915	0.403914	
0.757235	0.206755	2.809569	0.449889	
0.343763	0.587489	1.158885	0.628771	
0.454992	0.583986	1.100199	0.000014	
0.629987	0.369061	1.318330	0.376747	
0.697956	0.314679	1.719958	0.000020	
0.000000	0.000000	0.000000	1.071189	
0.511449	0.369448	0.878414	0.648291	
0.743185	0.262826	2.174594	0.000026	
0.376336	0.538739	0.944435	0.589362	
0.334400	0.672209	1.512584	0.247435	
0.736313	0.207185	2.824595	0.527583	
0.430030	0.601488	1.048856	0.074853	
0.312291	0.644939	1.796007	0.742704	
0.609214	0.421248	1.067170	0.000787	
0.239979	0.735173	2.368604	0.001293	
0.231834	0.230116	0.330663	0.894255	
0.223641	0.730189	2.499726	0.464343	
0.285829	0.691657	1.798278	0.478417	
0.697834	0.293945	1.829653	0.300695	
0.327927	0.689870	1.746853	0.000000	
0.691125	0.228003	2.313842	0.901028	
0.462480	0.465572	0.661840	0.377406	
0.267472	0.267771	0.379095	0.845707	
0.475245	0.567588	1.097808	0.000002	
0.019995	0.020028	0.028359	1.000638	
0.324450	0.663265	1.527073	0.416624	
0.700626	0.304099	1.762241	0.000041	
