0.337384	0.472466	0.786757	0.814369	
0.702053	0.309714	1.956076	0.001767	
0.682696	0.397903	1.261997	0.000000	
0.400509	0.626687	1.163913	0.012980	
0.242171	0.713576	2.217440	0.527525	
0.197269	0.197599	0.279685	0.919764	
0.262464	0.262078	0.371493	0.852452	
0.604375	0.378193	1.155831	0.436748	
0.701227	0.268757	2.297974	0.583663	
0.130951	0.131601	0.186576	0.968027	
0.393623	0.649547	1.571840	0.001497	
0.000000	0.000000	0.000000	1.000208	
0.174307	0.758992	3.391671	0.000629	
0.058215	0.058118	0.082397	0.994288	
0.543456	0.495338	0.768662	0.000091	
0.538824	0.343191	1.096062	0.788617	
0.307856	1.042499	2.510370	0.000033	
0.405770	0.572505	0.995331	0.391509	
0.759148	0.174053	3.397576	0.000800	
0.548795	0.494735	0.776434	0.000091	
0.443770	0.618108	0.938668	0.388460	
0.307162	0.706705	1.584020	0.763018	
0.508444	0.370547	0.916301	0.690145	
0.262591	0.262030	0.371815	0.852886	
0.177368	0.179246	0.254848	0.940779	
0.759143	0.174077	3.397576	0.000800	
0.322627	0.984430	2.253558	0.000030	
0.359569	0.679311	1.950730	0.000087	
0.400487	0.626708	1.164026	0.012981	
0.075895	0.075940	0.107444	0.988876	
0.712106	0.202932	2.599572	0.840313	
0.666958	0.342642	1.447335	0.287587	
0.173669	0.759190	3.405234	0.000919	
0.247252	0.688676	2.424420	0.876176	
0.035196	0.035242	0.049849	0.998374	
0.729512	0.254261	2.211617	0.000098	
0.203582	0.749441	2.857890	0.000779	
0.115194	0.114948	0.163094	0.974538	
0.546954	0.416759	0.902485	0.409723	
0.252657	0.708467	2.106528	0.503830	
0.501523	0.376154	0.883983	0.669196	
0.458237	0.496688	0.745484	0.353692	
0.075882	0.075969	0.107529	0.989316	
0.697610	0.222361	2.470561	0.890380	
0.035187	0.035233	0.049861	0.998374	
0.481652	0.682875	0.990062	0.000000	
0.338763	0.666344	1.340321	0.664765	
0.271514	0.271592	0.384215	0.839939	
0.725271	0.260295	2.147590	0.002654	
0.310780	0.697318	1.710699	0.002122	
0.759004	0.174523	3.388107	0.000797	
0.353712	0.671560	1.484927	0.007067	
0.571640	0.452469	0.923395	0.012559	
0.283834	0.713564	1.927217	0.001616	
0.317563	0.692774	1.660801	0.001580	
0.501433	0.377336	0.879453	0.667145	
0.607884	0.411513	1.085904	0.187412	
0.465042	0.480310	0.690822	0.344816	
0.636335	0.318752	1.421039	0.579240	
0.270394	0.273847	0.391036	0.848309	
0.058215	0.058118	0.082397	0.994288	
0.481689	0.682523	0.989471	0.000000	
0.185964	0.186765	0.264815	0.931285	
0.336924	0.663764	1.344428	0.665661	
0.196022	0.728814	2.806532	0.701640	
0.694859	0.229800	2.429834	0.876864	
0.202892	0.749611	2.868514	0.000782	
0.719604	0.270262	2.048968	0.000502	
0.000000	0.000000	0.000000	1.035755	
0.758810	0.174995	3.384397	0.000587	
0.173656	0.759194	3.405523	0.000919	
0.115194	0.114948	0.163094	0.974538	
0.546997	0.416723	0.902649	0.409773	
0.307162	0.706705	1.584020	0.763018	
0.760732	0.179084	3.313424	0.000575	
0.499870	0.377382	0.874334	0.667807	
0.281559	0.714809	1.947016	0.000050	
0.427784	0.542138	0.917238	0.403589	
0.431604	0.626867	1.065636	0.000000	
0.350782	0.669609	1.445452	0.031608	
0.035196	0.035242	0.049849	0.998374	
0.075884	0.075964	0.107516	0.989246	
0.694026	0.231640	2.403846	0.868249	
0.321540	0.684946	1.609190	0.254250	
0.491147	0.519570	0.752233	0.000000	
0.705478	0.296618	1.820712	0.000454	
0.000000	0.000000	0.000000	1.483552	
0.211760	0.697793	2.427444	0.904928	
0.635453	0.383453	1.232266	0.205680	
0.130937	0.131624	0.186637	0.968204	
0.253483	0.729517	2.217957	0.001975	
0.482155	0.678073	0.982005	0.000000	
0.373832	0.650643	1.308225	0.020799	
0.075880	0.075988	0.107634	0.989855	
0.698155	0.476540	1.011490	0.000000	
0.502346	0.375489	0.888001	0.671314	
0.758038	0.177674	3.328901	0.000784	
0.698079	0.221276	2.486237	0.895586	
0.219637	0.742886	2.619125	0.073806	
0.339220	0.469471	0.776657	0.806938	
