0.124824	0.124789	0.176552	0.968522	
0.490211	0.325530	0.886101	0.814731	
0.200861	0.731338	2.972720	0.689555	
0.178248	0.178354	0.252305	0.934631	
0.182187	0.757169	3.374783	0.000022	
0.228877	0.740961	2.504863	0.005831	
0.392206	0.646127	1.441526	0.000000	
0.485542	0.539883	0.789759	0.000432	
0.024634	0.024613	0.034854	0.999357	
0.000000	0.000000	0.000000	1.000001	
0.733612	0.241524	2.347920	0.000012	
0.032115	0.032114	0.045418	0.997952	
0.755332	0.186154	3.156025	0.000016	
0.088635	0.088623	0.125359	0.984258	
0.378493	0.538216	0.935846	0.582825	
0.261148	0.259575	0.370566	0.857509	
0.271886	0.684099	1.851719	0.584256	
0.732310	0.210106	2.813980	0.571814	
0.604129	0.471221	0.939455	0.000000	
0.594159	0.435572	1.040449	0.000003	
0.390344	0.592494	1.291462	0.525334	
0.627522	0.301358	1.517696	0.740059	
0.865183	0.404185	1.739362	0.000000	
0.705995	0.312141	2.310913	0.000004	
0.427256	0.412000	0.616797	0.563974	
0.108839	0.108716	0.154031	0.976851	
0.352937	0.680752	1.452511	0.019129	
0.243723	0.736438	2.334017	0.000471	
0.203347	0.737542	3.089228	0.582151	
0.733081	0.242630	2.332862	0.000012	
0.485515	0.539954	0.789914	0.000432	
0.648345	0.352497	1.494560	0.392491	
0.608810	0.422701	1.112393	0.004905	
0.063262	0.063243	0.089480	0.992163	
0.098528	0.098515	0.139350	0.980483	
0.182187	0.757169	3.374783	0.000022	
0.116180	0.116066	0.164390	0.973295	
0.289446	0.689928	1.781557	0.419970	
0.106354	0.106122	0.150614	0.978717	
0.750306	0.201615	2.972495	0.027269	
0.622560	0.441349	1.019699	0.000248	
0.397195	0.604378	1.045808	0.456877	
0.679395	0.358900	2.027027	0.000003	
0.355342	0.458966	0.750584	0.723538	
0.481652	0.346031	0.825423	0.745966	
0.000000	0.000000	0.000000	1.643272	
0.665195	0.356131	1.409096	0.000092	
0.333807	0.642306	1.535510	0.545052	
0.737810	0.197711	2.852988	0.540247	
0.176163	0.176137	0.249152	0.935985	
0.479501	0.452663	0.700879	0.395396	
0.164772	0.164261	0.233394	0.946261	
0.353091	0.592009	1.192746	0.591037	
0.386320	0.634504	1.160977	0.404556	
0.133303	0.133265	0.188545	0.963992	
0.262918	0.256240	0.377503	0.871396	
0.738959	0.229341	2.495312	0.000008	
0.029380	0.029386	0.041564	0.998422	
0.536877	0.477056	0.808108	0.000211	
0.234982	0.736468	2.423611	0.000018	
0.672249	0.236969	2.024193	0.881163	
0.419876	0.617901	1.230296	0.000004	
0.593067	0.474264	0.912869	0.000000	
0.666796	0.354047	1.421614	0.005928	
0.716897	0.293574	2.618267	0.000004	
0.111632	0.111505	0.157985	0.975594	
0.211502	0.731515	2.731781	0.552639	
0.249521	0.656639	1.852125	0.877958	
0.097989	0.097977	0.138587	0.980693	
0.602050	0.429775	1.074496	0.000034	
0.017514	0.017513	0.024769	0.999426	
0.651275	0.261566	1.792670	0.851161	
0.517110	0.446037	0.786171	0.375183	
0.677421	0.339314	1.512290	0.000004	
0.191480	0.754618	3.331851	0.000022	
0.715932	0.295292	2.587303	0.000004	
0.337797	0.678297	1.521566	0.000319	
0.739731	0.227518	2.518616	0.000013	
0.276356	0.696552	1.889004	0.441689	
0.194655	0.741834	3.128561	0.546463	
0.698017	0.276283	1.872147	0.524444	
0.360720	0.464647	0.754529	0.710139	
0.125160	0.124597	0.177403	0.971139	
0.596232	0.433787	1.050217	0.000003	
0.108012	0.107887	0.152851	0.977185	
0.327391	0.608859	1.292804	0.649774	
0.225899	0.224837	0.320348	0.895740	
0.029380	0.029387	0.041566	0.998446	
0.467900	0.592586	0.902266	0.000474	
0.581628	0.444707	0.980993	0.048161	
0.000000	0.000000	0.000000	1.008655	
0.260606	0.257499	0.371033	0.862858	
0.088687	0.088594	0.125497	0.984865	
0.731915	0.215425	2.746511	0.559881	
0.000000	0.000000	0.000000	1.945686	
0.648807	0.350001	1.447609	0.376220	
0.124749	0.124917	0.176869	0.969494	
0.353400	0.591735	1.190904	0.590336	
0.250295	0.658218	1.850104	0.877396	
0.473736	0.353037	0.792749	0.725637	
0.031618	0.031618	0.044715	0.998000	
0.262023	0.256738	0.375023	0.868120	
0.704336	0.314819	2.271214	0.000003	
0.455000	0.585918	1.033365	0.001491	
0.182876	0.756945	3.360074	0.000022	
0.158658	0.158636	0.224392	0.948415	
0.608810	0.422701	1.112393	0.004905	
0.234080	0.722782	2.517808	0.516556	
0.742500	0.220767	2.604982	0.000013	
0.684782	0.349567	1.475842	0.000004	
0.350380	0.476911	0.806616	0.734245	
0.675068	0.235798	2.057720	0.880023	
0.089268	0.088271	0.127046	0.991688	
0.591098	0.436627	1.014033	0.021842	
0.340690	0.676581	1.507842	0.000001	
0.698422	0.275641	1.877839	0.525832	
0.617186	0.410298	1.114813	0.000261	
0.231935	0.234062	0.333000	0.891139	
0.437125	0.570549	0.974563	0.262129	
0.333576	0.608554	1.321121	0.640248	
0.679395	0.358900	2.027027	0.000003	
0.288792	0.707998	1.877443	0.131674	
0.260802	0.257390	0.371558	0.863551	
0.673326	0.348273	1.517344	0.014461	
0.563136	0.447120	0.935005	0.209793	
0.000000	0.000000	0.000000	1.945746	
0.125113	0.124623	0.177286	0.970777	
0.739686	0.227627	2.517214	0.000013	
0.210830	0.727969	2.714099	0.615778	
0.402950	0.592928	1.022308	0.415831	
0.063262	0.063243	0.089480	0.992163	
0.470918	0.471070	0.666386	0.335907	
0.737255	0.196913	3.046305	0.615974	
0.223075	0.729899	2.504504	0.442664	
0.272146	0.699791	1.928479	0.449791	
0.176163	0.176137	0.249153	0.935986	
0.674693	0.236249	2.040855	0.873563	
0.350044	0.465296	0.774969	0.739167	
0.610744	0.420915	1.122566	0.004938	
0.642114	0.394830	1.208948	0.000003	
0.499597	0.500318	0.707945	0.028029	
0.217300	0.724947	2.694702	0.629099	
0.244833	0.663536	1.919819	0.877162	
0.000000	0.000000	0.000000	1.456535	
0.728676	0.252637	2.227022	0.032145	
0.351515	0.487732	0.834600	0.724518	
0.197273	0.751328	3.070497	0.132223	
0.063262	0.063243	0.089480	0.992163	
0.480963	0.346655	0.822491	0.744136	
0.324464	0.614426	1.332565	0.645564	
0.716040	0.295101	2.590726	0.000004	
0.592183	0.433659	1.002231	0.030052	
0.376348	0.649236	1.307784	0.000004	
0.626201	0.400387	1.143869	0.347224	
0.346954	0.633432	1.438697	0.510120	
0.698029	0.276265	1.872311	0.524484	
0.158354	0.158337	0.223958	0.948594	
0.303818	0.702217	1.783812	0.023299	
0.729000	0.251403	2.237104	0.000007	
0.254502	0.690068	2.352654	0.803142	
0.583483	0.443191	0.988860	0.048422	
0.673347	0.347007	1.507382	0.000004	
0.251412	0.655638	1.834661	0.870684	
0.220957	0.746940	2.618014	0.000523	
0.350307	0.603483	1.210973	0.552035	
0.261596	0.257160	0.372861	0.865556	
0.029379	0.029387	0.041566	0.998450	
0.720915	0.286279	2.759087	0.000004	
0.509209	0.494867	0.733107	0.017800	
0.608960	0.420540	1.117766	0.082117	
0.674357	0.236940	2.033639	0.870800	
0.478736	0.348644	0.813158	0.738315	
0.000000	0.000000	0.000000	1.255011	
0.595867	0.434103	1.048488	0.000003	
0.590473	0.475033	0.906562	0.000000	
0.227297	0.740434	2.599677	0.000020	
0.736950	0.200776	2.805995	0.526514	
0.271164	0.700327	1.937307	0.451591	
0.527141	0.340109	0.972204	0.734995	
0.363055	0.461864	0.748167	0.698159	
0.669957	0.352411	1.479761	0.008566	
0.225885	0.224845	0.320312	0.895682	
0.460379	0.567309	0.926347	0.000475	
0.697470	0.325534	2.122432	0.000003	
0.030929	0.030928	0.043741	0.998108	
0.452645	0.470695	0.680111	0.406001	
0.000000	0.000000	0.000000	1.001985	
0.383535	0.624427	1.194607	0.304599	
0.733134	0.242514	2.334193	0.000012	
0.029379	0.029387	0.041566	0.998453	
0.688422	0.338744	1.956192	0.000003	
0.497993	0.502817	0.714799	0.033464	
0.000000	0.000000	0.000000	2.827989	
0.586170	0.396310	1.047558	0.387449	
0.229649	0.726551	2.417414	0.438465	
0.407085	0.535338	0.888978	0.478437	
0.244911	0.663215	1.918312	0.876515	
0.593972	0.435474	1.040051	0.029754	
0.698575	0.274094	1.887559	0.535909	
0.172255	0.172319	0.243723	0.938992	
