0.243625	0.666323	1.973666	0.887367	
0.242945	0.730999	2.240088	0.625994	
0.330087	0.331531	0.470416	0.752924	
0.488681	0.568721	1.287119	0.000000	
0.553755	0.394490	0.954540	0.487392	
0.269418	0.632546	1.614297	0.856415	
0.175573	0.745557	3.260998	0.617787	
0.459431	0.580229	0.910486	0.000685	
0.618315	0.291486	1.452785	0.781893	
0.408101	0.653447	1.167406	0.167666	
0.126495	0.126281	0.179138	0.968953	
0.393499	0.667524	2.609017	0.000004	
0.620451	0.394495	1.156582	0.215917	
0.498405	0.480641	0.718133	0.230165	
0.336913	0.679122	1.527803	0.000759	
0.689540	0.298570	1.745745	0.351186	
0.703428	0.243291	2.155127	0.617663	
0.189244	0.751894	3.086908	0.269232	
0.053980	0.053975	0.076345	0.994229	
0.376367	0.567815	1.027632	0.529494	
0.561477	0.462206	0.878609	0.000032	
0.737678	0.226021	2.527551	0.210809	
0.375434	0.647424	1.574966	0.307757	
0.178795	0.758267	3.360858	0.001725	
0.296630	0.299123	0.425113	0.808407	
0.650743	0.362857	1.360634	0.236893	
0.742524	0.220447	2.608985	0.000001	
0.225032	0.763348	2.621545	0.000001	
0.000000	0.000000	0.000000	1.000001	
0.277615	0.727639	2.009284	0.246708	
0.675041	0.343298	1.505961	0.000000	
0.205798	0.206786	0.293526	0.914625	
0.290925	0.305681	0.445304	0.834212	
0.057963	0.057981	0.082049	0.993755	
0.446411	0.632539	2.553360	0.000001	
0.300588	0.616339	1.406996	0.742012	
0.372328	0.589456	1.091584	0.517095	
0.741221	0.223632	2.566097	0.000001	
0.554412	0.394594	0.956429	0.485189	
0.667295	0.353891	1.441508	0.000844	
0.414440	0.597711	1.048113	0.227943	
0.272700	0.712716	1.939854	0.529988	
0.462636	0.574546	0.894101	0.000677	
0.704874	0.292683	2.243218	0.347925	
0.587156	0.426809	0.998736	0.194517	
0.126495	0.126281	0.179138	0.968954	
0.353297	0.516531	0.914153	0.698686	
0.176271	0.758856	3.362761	0.000001	
0.494707	0.561679	1.251353	0.000000	
0.235789	0.672710	2.033608	0.885488	
0.296274	0.699758	1.822769	0.234796	
0.194534	0.747258	3.002747	0.354955	
0.338504	0.678018	1.517862	0.000724	
0.623175	0.289874	1.581795	0.836926	
0.695155	0.259889	1.986860	0.574564	
0.629574	0.387732	1.254982	0.234889	
0.052349	0.052349	0.074034	0.994516	
0.480312	0.484916	0.689827	0.268308	
0.230570	0.229627	0.326758	0.890297	
0.553230	0.467869	0.852707	0.000032	
0.219791	0.749993	2.641929	0.000001	
0.356444	0.662390	1.526377	0.225310	
0.175573	0.745557	3.260996	0.617787	
0.221964	0.743584	2.593991	0.000004	
0.025469	0.025469	0.036019	0.998707	
0.238316	0.725609	2.328869	0.374653	
0.203212	0.731950	2.979736	0.671430	
0.675706	0.342335	1.512191	0.000000	
0.626410	0.388113	1.189572	0.220458	
0.281401	0.655141	1.621167	0.782390	
0.320220	0.684594	1.804934	0.313049	
0.742300	0.220997	2.601422	0.000001	
0.403712	0.585628	1.031006	0.354638	
0.555260	0.449304	0.866828	0.338059	
0.462955	0.573936	0.892424	0.000676	
0.633007	0.373168	1.229627	0.349455	
0.414596	0.597046	1.047224	0.224987	
0.308102	0.309777	0.439903	0.790172	
0.734205	0.207576	3.103120	0.633230	
0.338292	0.678171	1.519233	0.000756	
0.237019	0.674776	2.026280	0.888282	
0.659903	0.245357	1.895232	0.888776	
0.408948	0.652323	2.120781	0.000000	
0.224469	0.221758	0.321032	0.905387	
0.553579	0.395376	0.952755	0.483898	
0.091839	0.091747	0.129999	0.983902	
0.176191	0.745367	3.248158	0.615480	
0.548669	0.468761	0.844714	0.000031	
0.267321	0.711481	2.025353	0.330684	
0.350708	0.515377	0.916934	0.709779	
0.176340	0.758834	3.361305	0.000001	
0.486921	0.570393	1.289980	0.000000	
0.732890	0.211021	3.034448	0.620009	
0.343521	0.674623	1.491066	0.000047	
0.676564	0.340408	1.506433	0.000875	
0.271331	0.645037	1.686114	0.811304	
0.155310	0.155295	0.219652	0.950598	
0.741980	0.221783	2.590808	0.000001	
0.182000	0.755884	3.284630	0.159716	
0.265693	0.712373	2.043701	0.333325	
0.655411	0.333943	1.467782	0.405836	
0.600119	0.371865	1.103234	0.537969	
0.176191	0.745367	3.248158	0.615480	
0.636783	0.261560	1.677435	0.883005	
0.411394	0.600412	1.062735	0.227210	
0.400824	0.657173	2.109807	0.000000	
0.478347	0.483600	0.688545	0.280929	
0.446481	0.460612	0.664198	0.439503	
0.291996	0.307318	0.448145	0.833253	
0.243625	0.666323	1.973666	0.887367	
0.212810	0.212010	0.301532	0.907567	
0.317713	0.687639	1.708216	0.222170	
0.184820	0.725952	2.949315	0.848703	
0.178781	0.758270	3.360817	0.001724	
0.462817	0.574183	0.893127	0.000676	
0.221529	0.743777	2.599907	0.001183	
0.025469	0.025469	0.036019	0.998707	
0.487163	0.569667	1.280818	0.000000	
0.636322	0.383238	1.236523	0.166869	
0.554012	0.464848	0.862009	0.000032	
0.742339	0.220902	2.602705	0.000001	
0.487403	0.569264	1.277334	0.000000	
0.607830	0.398338	1.102899	0.322216	
0.101199	0.101194	0.143122	0.979342	
0.176191	0.745367	3.248158	0.615480	
0.560716	0.459829	0.884137	0.000032	
0.370752	0.590685	1.099298	0.519736	
0.622347	0.363204	1.295307	0.445023	
0.407543	0.653724	2.154658	0.000005	
0.293700	0.304371	0.439694	0.824107	
0.176253	0.758435	3.361293	0.000024	
0.633226	0.268080	1.625595	0.858190	
0.397971	0.610459	1.117810	0.260867	
0.224469	0.221758	0.321032	0.905387	
0.242714	0.739147	2.350030	0.000001	
0.272149	0.713134	1.945903	0.531438	
0.462955	0.573936	0.892424	0.000676	
0.677950	0.338471	1.518917	0.000880	
0.295569	0.695697	1.780621	0.295701	
0.366278	0.672097	1.439752	0.000000	
0.661595	0.325806	1.498742	0.400614	
0.265692	0.712373	2.043713	0.333327	
0.231196	0.733435	2.738867	0.380434	
0.666483	0.251590	1.986272	0.868982	
0.000000	0.000000	0.000000	1.000002	
0.264259	0.649659	1.727605	0.819436	
0.242397	0.664190	1.941245	0.887717	
0.467105	0.460869	0.668824	0.383161	
0.410490	0.614982	1.107717	0.085630	
0.740383	0.225699	2.541111	0.000001	
0.338631	0.677967	1.518447	0.000724	
0.682631	0.276744	1.818562	0.561441	
0.574463	0.423284	0.973336	0.298331	
0.183011	0.742710	3.105051	0.589780	
0.251879	0.728704	2.230784	0.001051	
0.631549	0.364971	1.262788	0.349759	
0.288255	0.306228	0.449127	0.843106	
0.179834	0.757920	3.339077	0.001714	
0.238011	0.725747	2.332465	0.375177	
0.265692	0.712373	2.043713	0.333327	
0.448831	0.456623	0.654530	0.436217	
0.367262	0.581944	1.090865	0.533122	
0.227463	0.224730	0.325209	0.902449	
0.303955	0.624065	1.440175	0.710499	
0.600325	0.414667	1.056451	0.202276	
0.408948	0.652323	2.120781	0.000000	
0.673400	0.344767	1.478737	0.000862	
0.295505	0.695797	1.783622	0.296127	
0.025469	0.025469	0.036019	0.998707	
0.091798	0.091765	0.129864	0.983327	
0.480363	0.575985	1.291072	0.000000	
0.249098	0.663500	1.918812	0.865452	
0.627366	0.272221	1.590008	0.861911	
0.560567	0.459942	0.883631	0.000032	
0.553110	0.467949	0.852339	0.000032	
0.195014	0.752358	3.110661	0.151714	
0.162162	0.162039	0.229420	0.946461	
0.189433	0.754223	3.104705	0.000001	
0.265452	0.712497	2.045984	0.333654	
0.742010	0.221709	2.591796	0.000001	
0.179797	0.757931	3.339533	0.001714	
0.487067	0.545000	0.971130	0.098581	
0.179640	0.744428	3.224163	0.611169	
0.300472	0.692729	1.742240	0.290261	
0.630927	0.276162	1.579162	0.832084	
0.402123	0.633423	1.168964	0.000071	
0.383674	0.567563	1.053376	0.555849	
0.668175	0.352872	1.443727	0.000845	
0.302027	0.295560	0.435551	0.819558	
0.269143	0.696509	1.973228	0.513414	
0.677373	0.343948	1.492525	0.303139	
0.436294	0.585954	0.984809	0.104550	
0.273815	0.643086	1.641141	0.792737	
0.024598	0.024598	0.034787	0.998801	
0.587735	0.410550	1.204692	0.419558	
0.408948	0.652323	2.120781	0.000000	
0.488121	0.557883	1.108847	0.000000	
0.660258	0.267607	1.762030	0.763788	
0.418413	0.606953	1.012648	0.354638	
0.482409	0.483725	0.685169	0.259994	
