0.011169	0.018916	0.649265	0.897527	7.787806	
0.131545	0.785629	0.765749	0.908050	5.276432	
0.000000	0.000000	0.307421	0.000000	9.618352	
0.676466	0.662295	0.001546	0.679200	8.004097	
0.759459	0.000284	0.000382	0.002408	8.656280	
0.681410	0.018647	0.008855	0.912406	7.698493	
0.021984	0.902473	0.022300	0.638298	7.860633	
0.000046	0.000237	0.001546	0.760691	8.648976	
0.904424	0.813389	0.086668	0.847834	5.086743	
0.788882	0.891777	0.122608	0.829137	4.962428	
0.363504	0.000269	0.365156	0.000012	9.483038	
0.017054	0.917517	0.651055	0.000587	7.868679	
0.833267	0.042020	0.898798	0.849750	4.954355	
0.808917	0.138229	0.799544	0.868272	4.979410	
0.930872	0.110317	0.792479	0.773470	5.347488	
0.000445	0.305800	0.000124	0.000000	9.661820	
0.647232	0.834543	0.012214	0.018239	7.766948	
0.022232	0.660209	0.954955	0.024493	7.977203	
0.922221	0.019831	0.647239	0.016888	7.888740	
0.000000	0.000000	0.000000	0.000000	10.000070	
0.318130	0.321590	0.001179	0.000001	9.291579	
0.661413	0.000263	0.664743	0.673696	8.001444	
0.295418	0.000000	0.002018	0.000133	9.613316	
0.899001	0.000292	0.011622	0.663235	7.763092	
0.661265	0.685940	0.663257	0.001694	7.995194	
0.276271	0.000292	0.002125	0.631437	9.203449	
0.674419	0.018256	0.950178	0.000196	7.930549	
0.116743	0.913934	0.805265	0.771708	5.204097	
0.291211	0.305800	0.859162	0.898249	5.886771	
0.000279	0.308956	0.247592	0.000020	9.197623	
0.000824	0.668811	0.654565	0.672382	8.029739	
0.000246	0.000001	0.000000	0.297593	9.620587	
0.033805	0.018320	0.911854	0.635922	7.900578	
0.000251	0.780313	0.000020	0.000098	8.961932	
0.011093	0.005191	0.329129	0.345833	9.336312	
0.010141	0.347062	0.007248	0.356072	9.399097	
0.001457	0.000282	0.762268	0.001057	8.640054	
0.024501	0.653621	0.019228	0.912410	7.792081	
0.787287	0.828995	0.144471	0.892361	4.955702	
0.905396	0.631832	0.006170	0.013213	7.942605	
0.833267	0.855197	0.850316	0.849750	3.262386	
0.685022	0.008083	0.001461	0.687506	8.459158	
0.832753	0.847750	0.954935	0.048025	5.229800	
0.295418	0.000000	0.002018	0.000162	9.600144	
0.000119	0.000002	0.301114	0.000211	9.610742	
0.000445	0.305800	0.000000	0.000001	9.622972	
0.116774	0.911059	0.805265	0.772786	5.186123	
0.000279	0.308956	0.247592	0.000020	9.197623	
0.000029	0.007606	0.012817	0.026046	9.959629	
0.000141	0.347062	0.007248	0.356072	9.473839	
0.788882	0.891777	0.778223	0.829137	3.960232	
0.788882	0.891777	0.122608	0.829137	4.962428	
0.016822	0.886337	0.652095	0.028317	7.721017	
0.361524	0.006855	0.307178	0.013048	9.333250	
0.318130	0.305800	0.001552	0.736494	8.113671	
0.674419	0.018256	0.950178	0.000196	7.930549	
0.131545	0.838711	0.849711	0.908050	4.919840	
0.022232	0.661377	0.954955	0.025332	7.968146	
0.898638	0.833681	0.086668	0.848320	4.955556	
0.905396	0.657009	0.028941	0.040648	7.702198	
0.022600	0.899766	0.012352	0.649276	7.790851	
0.921694	0.019831	0.647239	0.000091	7.905629	
0.000297	0.776315	0.000018	0.000098	8.760944	
0.808917	0.138229	0.643874	0.868272	6.031583	
0.010293	0.018320	0.911854	0.635922	7.933683	
0.735101	0.000241	0.001530	0.673546	8.130183	
0.765547	0.000284	0.000360	0.000096	8.694343	
0.318130	0.305800	0.001658	0.013108	9.239613	
0.824286	0.891777	0.122216	0.009120	6.473149	
0.011861	0.780539	0.848772	0.857521	5.278732	
0.207577	0.005499	0.000802	0.629765	9.182788	
0.787287	0.805322	0.218275	0.892380	4.855448	
0.024501	0.653621	0.019162	0.912410	7.793899	
0.685520	0.005499	0.016140	0.897710	7.568189	
0.000219	0.000002	0.000000	0.292166	9.599538	
0.001457	0.000237	0.655455	0.634991	8.964631	
0.010257	0.018258	0.887445	0.013084	8.549646	
0.805611	0.138229	0.831716	0.868272	4.909927	
0.008551	0.030258	0.658070	0.892380	7.748218	
0.016647	0.897067	0.685588	0.000082	7.538913	
0.021682	0.018320	0.950188	0.617634	8.239074	
0.613064	0.032972	0.663168	0.018532	9.104010	
0.808917	0.138229	0.799544	0.868272	4.979410	
0.009548	0.784000	0.831032	0.023483	6.815692	
0.787287	0.805322	0.218275	0.892380	4.855448	
0.306152	0.311455	0.018203	0.000388	9.221632	
0.011724	0.856088	0.954614	0.942191	5.514449	
0.002534	0.305800	0.004591	0.909115	8.013136	
0.009548	0.074327	0.831032	0.908050	6.606249	
0.788882	0.891777	0.122608	0.829137	4.962428	
0.665834	0.000263	0.650877	0.674546	8.076990	
0.026163	0.000000	0.013754	0.000000	9.965475	
0.922221	0.019831	0.802910	0.016888	6.845200	
0.833267	0.042020	0.066830	0.872189	6.483003	
0.071494	0.911059	0.027465	0.772786	7.065831	
0.794445	0.000000	0.012901	0.000006	8.859709	
0.000279	0.650659	0.247592	0.003550	9.019744	
0.004363	0.283897	0.000000	0.000040	9.652971	
0.118767	0.000269	0.365156	0.001685	9.517343	
0.662902	0.685940	0.654627	0.701658	7.117445	
