0.004442	0.748629	0.001446	0.000491	8.725879	
0.911117	0.039901	0.026613	0.644605	7.817674	
0.000874	0.000000	0.000000	0.289040	9.638071	
0.000149	0.619338	0.003469	0.890489	8.028897	
0.876675	0.918661	0.865020	0.053242	4.994916	
0.876675	0.860939	0.865020	0.858073	3.244859	
0.870961	0.850460	0.006403	0.931806	5.129042	
0.871396	0.328059	0.031377	0.053498	7.851076	
0.018791	0.646748	0.886290	0.028761	7.753330	
0.000000	0.000000	0.000000	0.000000	10.094715	
0.735528	0.000397	0.000262	0.001067	8.821400	
0.289553	0.003478	0.334616	0.016590	9.280022	
0.431692	0.317540	0.000000	0.000234	9.609630	
0.003811	0.296813	0.002237	0.000033	9.746637	
0.009124	0.860854	0.617780	0.016753	7.938155	
0.888113	0.820150	0.772696	0.190599	4.910831	
0.635489	0.008794	0.010116	0.888796	7.872782	
0.870873	0.111316	0.900446	0.803628	4.939050	
0.113680	0.860196	0.865020	0.919383	4.990938	
0.653842	0.021727	0.916944	0.010226	7.826119	
0.000000	0.013092	0.353898	0.918617	8.172075	
0.313333	0.888914	0.881900	0.294082	5.955071	
0.680612	0.659806	0.661528	0.015603	8.070683	
0.877874	0.111316	0.816632	0.803628	4.957883	
0.078497	0.794145	0.905073	0.788022	5.220153	
0.855005	0.141777	0.892542	0.185717	6.013939	
0.134611	0.881008	0.767219	0.812808	5.233770	
0.911180	0.853976	0.012017	0.852764	5.040203	
0.287640	0.000101	0.000000	0.000069	9.594730	
0.855005	0.141603	0.252489	0.832699	5.943195	
0.000001	0.000001	0.290609	0.000877	9.597801	
0.018791	0.316254	0.355674	0.001318	9.450994	
0.006792	0.000405	0.000000	0.751092	8.733439	
0.874049	0.856004	0.206928	0.142949	5.945116	
0.664640	0.001799	0.657612	0.657291	8.183676	
0.007007	0.670804	0.650888	0.671785	8.046987	
0.309236	0.009066	0.009986	0.299511	9.208947	
0.674096	0.660509	0.000008	0.659508	8.043488	
0.000013	0.003114	0.753275	0.000516	8.714629	
0.792686	0.915740	0.082570	0.811435	5.173295	
0.018802	0.033740	0.885714	0.657090	7.696206	
0.621583	0.918857	0.038948	0.039466	7.975716	
0.006837	0.003905	0.280906	0.315685	9.207804	
0.254053	0.127927	0.841800	0.855007	5.986058	
0.004249	0.900179	0.028013	0.643570	7.865938	
0.002142	0.320300	0.001794	0.305797	9.254258	
0.906676	0.025721	0.632613	0.045480	7.868533	
0.680981	0.649048	0.661528	0.015358	8.116023	
0.307146	0.865254	0.000000	0.923083	6.417896	
0.871461	0.022753	0.026613	0.650764	7.703732	
0.035435	0.297584	0.333773	0.016753	9.211825	
0.906021	0.025721	0.632613	0.051778	7.897765	
0.006792	0.001323	0.000006	0.756241	8.728824	
0.141308	0.821200	0.760606	0.853387	5.101985	
0.287640	0.000101	0.000000	0.000076	9.593658	
0.656603	0.872044	0.010364	0.297098	7.327196	
0.735528	0.000397	0.000087	0.001067	8.821567	
0.134611	0.881008	0.767219	0.853639	5.036931	
0.656603	0.008794	0.010364	0.863392	7.694468	
0.872458	0.856004	0.210292	0.135337	6.041097	
0.309236	0.008794	0.010409	0.299511	9.209099	
0.004249	0.893924	0.027769	0.646986	7.910994	
0.870260	0.324537	0.031582	0.053498	7.842011	
0.868282	0.134590	0.257753	0.846816	5.937250	
0.003811	0.308433	0.002237	0.000033	9.728933	
0.053858	0.297584	0.864385	0.016753	7.818948	
0.875959	0.855761	0.001994	0.932820	5.143861	
0.674096	0.660509	0.000008	0.659508	8.043488	
0.027220	0.320300	0.001782	0.305797	9.222913	
0.294129	0.001162	0.306074	0.000609	9.215232	
0.003850	0.001306	0.262719	0.000558	9.575647	
0.255893	0.147770	0.841800	0.855007	5.942458	
0.000000	0.000000	0.000000	0.000000	10.036986	
0.000001	0.000001	0.290609	0.294536	9.196781	
0.283887	0.320448	0.000000	0.000089	9.257682	
0.079707	0.296564	0.914848	0.887520	6.238657	
0.656705	0.023285	0.916944	0.001214	7.814003	
0.853632	0.895386	0.882043	0.847829	3.483962	
0.887737	0.823141	0.885529	0.142986	4.793692	
0.870961	0.143810	0.841800	0.855007	4.659522	
0.868282	0.134764	0.894491	0.205658	6.007559	
0.812142	0.182566	0.867750	0.838429	4.749327	
0.004023	0.763855	0.005722	0.000000	8.637051	
0.000013	0.003114	0.753275	0.000516	8.696445	
0.000874	0.000000	0.000008	0.279860	9.629170	
0.874049	0.859982	0.200997	0.855890	4.594271	
0.671028	0.001799	0.657612	0.656113	8.108085	
0.000001	0.000001	0.312541	0.859422	7.934567	
0.003337	0.882179	0.273292	0.000013	7.907851	
0.875959	0.855761	0.001994	0.932820	5.143861	
0.004249	0.866091	0.027769	0.659508	7.659963	
0.079424	0.296564	0.902965	0.895410	6.213646	
0.906772	0.619338	0.003469	0.890130	6.422110	
0.313333	0.888914	0.009029	0.294082	7.594524	
0.000001	0.003192	0.290609	0.294536	9.193749	
0.002142	0.320311	0.653811	0.005260	9.184899	
0.003945	0.005336	0.312904	0.775580	8.179771	
0.875959	0.149111	0.854412	0.856021	4.643362	
0.002142	0.320311	0.001806	0.006484	9.700485	
0.901256	0.704778	0.835155	0.004224	5.764955	
