0.001241	0.665181	0.665280	0.678492	7.932983	
0.916726	0.794810	0.775920	0.120544	5.227498	
0.796710	0.887924	0.915839	0.138561	4.953125	
0.000100	0.677058	0.034254	0.838724	7.536569	
0.888181	0.277837	0.289364	0.855170	5.950529	
0.297818	0.022589	0.014435	0.288404	9.159122	
0.656234	0.676962	0.000179	0.669325	7.982031	
0.000165	0.296218	0.000048	0.000063	9.603122	
0.000000	0.000000	0.000000	0.292110	9.641138	
0.308846	0.284766	0.000193	0.001457	9.209128	
0.752743	0.005482	0.000193	0.000072	8.698845	
0.000157	0.277837	0.285845	0.029972	9.136948	
0.062560	0.010591	0.288843	0.301772	9.095232	
0.839426	0.848851	0.837040	0.839833	3.286169	
0.185382	0.166732	0.857758	0.833471	5.939354	
0.000002	0.000000	0.288413	0.000000	9.594744	
0.884116	0.797137	0.088721	0.837677	4.954913	
0.000000	0.000000	0.000000	0.000000	10.001198	
0.826226	0.853895	0.088731	0.837134	4.830606	
0.908652	0.032671	0.008893	0.659484	7.736065	
0.655914	0.000287	0.680418	0.675320	7.918752	
0.154068	0.904433	0.774917	0.768192	5.249559	
0.930116	0.670456	0.010769	0.015089	7.778591	
0.034690	0.862987	0.623910	0.055376	7.802123	
0.000016	0.010016	0.633594	0.908526	7.952902	
0.883570	0.862987	0.224414	0.204220	5.832063	
0.320069	0.859541	0.066870	0.031212	7.801273	
0.657590	0.010563	0.013790	0.903299	7.755653	
0.132517	0.848852	0.788258	0.947637	5.178740	
0.001926	0.000019	0.002511	0.761714	8.645643	
0.880090	0.039297	0.829719	0.831818	4.948967	
0.826226	0.853895	0.088731	0.877582	4.824272	
0.664410	0.659470	0.680264	0.000024	7.970088	
0.003879	0.000012	0.767837	0.000919	8.603784	
0.013844	0.646036	0.903432	0.004023	7.845695	
0.909017	0.026836	0.627577	0.012556	7.955944	
0.313998	0.010466	0.317816	0.022140	9.227338	
0.180106	0.855498	0.855772	0.175368	5.907119	
0.000170	0.294982	0.005593	0.356606	9.316365	
0.000065	0.046562	0.891100	0.658299	7.726278	
0.021020	0.954501	0.027036	0.664836	7.937278	
0.000307	0.762648	0.000220	0.000091	8.640485	
0.285512	0.000002	0.000000	0.000000	9.712263	
0.824299	0.109028	0.904186	0.843973	4.854828	
0.648940	0.011851	0.929253	0.004042	7.938391	
0.765076	0.932969	0.792696	0.135938	5.371914	
0.015655	0.954501	0.036172	0.664836	7.930071	
0.186551	0.854748	0.855772	0.175368	5.896307	
0.890639	0.774090	0.288442	0.303162	6.233867	
0.317976	0.864051	0.066870	0.031278	7.798165	
0.038260	0.646330	0.891695	0.004023	7.770548	
0.824299	0.109028	0.902442	0.843973	4.997096	
0.003164	0.908657	0.890517	0.004023	6.835726	
0.000189	0.005315	0.856871	0.667648	7.650566	
0.304436	0.281896	0.001546	0.001481	9.198056	
0.884050	0.862987	0.224414	0.215577	5.820003	
0.273780	0.008390	0.019138	0.005003	9.547169	
0.908988	0.026851	0.851044	0.838953	5.007256	
0.916726	0.794810	0.775920	0.123484	5.220557	
0.132517	0.308580	0.025163	0.946324	7.950859	
0.000170	0.300875	0.005593	0.298138	9.207980	
0.796880	0.932969	0.777179	0.143358	5.265315	
0.154068	0.906461	0.837837	0.768192	5.087078	
0.000157	0.005791	0.264622	0.013222	9.555690	
0.656832	0.681763	0.000179	0.664506	7.977120	
0.000015	0.000035	0.633594	0.907651	7.960428	
0.001241	0.016946	0.665280	0.678492	8.569388	
0.657962	0.005307	0.877974	0.675168	7.004483	
0.014396	0.611210	0.266648	0.012939	9.240171	
0.000157	0.033512	0.017076	0.272451	9.603090	
0.848593	0.848851	0.837040	0.838953	3.294837	
0.663982	0.659470	0.685938	0.000024	7.930701	
0.639885	0.000036	0.034674	0.671109	8.775918	
0.657962	0.005799	0.027035	0.887988	7.697968	
0.000200	0.024171	0.767837	0.030393	8.539255	
0.000307	0.762648	0.003145	0.000091	8.637438	
0.865077	0.009813	0.008893	0.644576	7.777335	
0.000203	0.260473	0.087741	0.000063	9.422816	
0.151243	0.944761	0.774211	0.768192	5.835395	
0.059199	0.097351	0.013116	0.004069	9.716989	
0.796710	0.890256	0.911333	0.138561	4.939802	
0.297818	0.022589	0.658843	0.288404	8.565580	
0.753560	0.000002	0.000000	0.003127	8.740548	
0.883924	0.797137	0.088721	0.841501	4.948443	
0.132517	0.848852	0.786515	0.947637	5.187721	
0.909017	0.026836	0.603365	0.222943	7.736263	
0.185382	0.175651	0.864490	0.833471	5.923414	
0.000157	0.005315	0.010920	0.667420	9.311232	
0.648940	0.012853	0.911333	0.004042	7.854558	
0.569506	0.000004	0.001450	0.671109	9.219099	
0.000203	0.271954	0.087741	0.000064	9.427743	
0.197295	0.175651	0.864490	0.833471	5.905426	
0.001140	0.005791	0.235282	0.898555	8.233482	
0.655592	0.005799	0.027035	0.020926	9.350540	
0.919169	0.034421	0.624979	0.675168	7.322821	
0.008881	0.173630	0.824253	0.000919	7.999935	
0.315531	0.864051	0.066870	0.030685	7.812948	
0.171920	0.856068	0.850238	0.912617	5.156345	
0.060712	0.859541	0.066870	0.031212	8.067671	
0.916726	0.653323	0.775920	0.120544	6.194150	
