0.639938	0.010876	0.001261	0.915809	7.939502	
0.000068	0.858634	0.027971	0.609497	7.977821	
0.000165	0.000588	0.000000	0.282049	9.593413	
0.000609	0.664714	0.665328	0.670780	7.998907	
0.014484	0.845398	0.310000	0.006990	7.917188	
0.000000	0.000000	0.000000	0.000000	10.004323	
0.807645	0.107267	0.795577	0.878694	4.999197	
0.000000	0.000001	0.000000	0.773055	8.576628	
0.671396	0.664774	0.000009	0.674356	7.928057	
0.180237	0.915668	0.801950	0.775135	5.068501	
0.311276	0.355639	0.001412	0.000012	9.342547	
0.020661	0.342677	0.037814	0.302779	9.227355	
0.884706	0.005851	0.000009	0.642046	7.839196	
0.173775	0.793885	0.773513	0.884306	5.027379	
0.001577	0.287884	0.000260	0.000051	9.594766	
0.669004	0.968296	0.001319	0.049089	7.997837	
0.673159	0.671166	0.674531	0.003982	7.943104	
0.936576	0.003167	0.665179	0.012606	7.897063	
0.771434	0.000003	0.000017	0.000792	8.762558	
0.888998	0.644863	0.052749	0.001152	7.759013	
0.319953	0.000588	0.000000	0.275081	9.228076	
0.000000	0.000832	0.291154	0.000000	9.599093	
0.780064	0.141868	0.896684	0.796951	5.074299	
0.000000	0.017820	0.940751	0.644699	8.039352	
0.000678	0.000718	0.765471	0.000681	8.630025	
0.025504	0.642906	0.928033	0.001980	7.958381	
0.023673	0.642876	0.030403	0.917118	7.870377	
0.000018	0.755754	0.000034	0.000147	8.683614	
0.670152	0.001170	0.673594	0.673454	7.906152	
0.134590	0.794133	0.897902	0.814725	4.992140	
0.855804	0.209362	0.278492	0.859682	5.799967	
0.844813	0.851858	0.882266	0.859682	3.262682	
0.055461	0.019810	0.651139	0.891387	7.717158	
0.681424	0.000718	0.887011	0.002313	7.563722	
0.907081	0.107827	0.903995	0.877634	4.928553	
0.000000	0.003188	0.299111	0.352500	9.325932	
0.287253	0.000000	0.000000	0.000000	9.593281	
0.317880	0.005051	0.378825	0.002699	9.409756	
0.815752	0.878708	0.825807	0.077319	4.928002	
0.002353	0.359402	0.382139	0.030935	9.504356	
0.884779	0.802324	0.783097	0.162092	5.003458	
0.003029	0.364002	0.339210	0.009001	9.456833	
0.261791	0.004312	0.000219	0.269175	9.149042	
0.000000	0.297088	0.000256	0.971534	8.508833	
0.907081	0.107827	0.903995	0.877634	4.928553	
0.002366	0.000009	0.037827	0.269068	9.525772	
0.677699	0.940891	0.000323	0.031691	7.780509	
0.006360	0.000012	0.000048	0.763801	8.640307	
0.137832	0.794133	0.890121	0.814725	4.963371	
0.000108	0.287884	0.000002	0.000051	9.632932	
0.001598	0.020494	0.699034	0.885721	7.582977	
0.287253	0.000000	0.000019	0.000000	9.598743	
0.000609	0.658528	0.665328	0.661401	8.118159	
0.000027	0.755754	0.875164	0.009168	6.991221	
0.936576	0.006024	0.705652	0.020226	7.578106	
0.772886	0.000000	0.001316	0.000807	8.794336	
0.020030	0.020632	0.895975	0.648821	7.773689	
0.665108	0.000718	0.859566	0.017449	7.635480	
0.180025	0.915668	0.801950	0.775135	5.072886	
0.000167	0.002904	0.292648	0.352500	9.363437	
0.855691	0.272426	0.801950	0.822509	4.683504	
0.317880	0.000000	0.378825	0.000477	9.416732	
0.000624	0.343931	0.037163	0.295983	9.245254	
0.012056	0.004120	0.297100	0.000000	9.590096	
0.677699	0.309564	0.002445	0.181687	8.753358	
0.670725	0.658595	0.672825	0.000010	7.995147	
0.637901	0.011474	0.032227	0.878741	7.802002	
0.005420	0.652411	0.037248	0.033067	9.339214	
0.884706	0.002906	0.000009	0.668137	7.656613	
0.000513	0.000718	0.763973	0.000681	8.634885	
0.873536	0.802337	0.789037	0.188930	4.890725	
0.009213	0.824901	0.383299	0.022750	8.121176	
0.007750	0.021806	0.048557	0.020995	9.875037	
0.000068	0.858634	0.027971	0.349952	8.036342	
0.808134	0.107267	0.789203	0.878694	5.027629	
0.855804	0.270744	0.279053	0.859682	5.780974	
0.780064	0.141868	0.896684	0.798513	5.067655	
0.671396	0.664774	0.000000	0.674356	8.068941	
0.173775	0.793885	0.773513	0.884306	5.027379	
0.888998	0.644863	0.000192	0.001152	7.835776	
0.000167	0.901515	0.292648	0.358088	7.706881	
0.142505	0.644863	0.870056	0.061517	7.430265	
0.154768	0.364002	0.651139	0.846471	7.473572	
0.671396	0.006969	0.000000	0.686001	8.825853	
0.180091	0.840163	0.662845	0.282014	6.916604	
0.002080	0.020494	0.651139	0.846471	7.738098	
0.000069	0.000588	0.000551	0.605787	9.729765	
0.025523	0.636263	0.001233	0.000051	9.512853	
0.180237	0.915668	0.801950	0.878250	4.825773	
0.807645	0.083403	0.795577	0.908929	5.243724	
0.173775	0.793885	0.773513	0.884306	5.027379	
0.000823	0.010393	0.045942	0.020995	9.902167	
0.005047	0.000718	0.765471	0.002363	8.623654	
0.670725	0.664781	0.673173	0.019964	7.922966	
0.316652	0.000000	0.417516	0.030204	9.477003	
0.817052	0.005255	0.867835	0.003982	6.708079	
0.817052	0.853477	0.865373	0.272262	4.576689	
0.873536	0.802337	0.774839	0.190425	4.942496	
0.268286	0.003829	0.000219	0.002712	9.721413	
0.000950	0.141868	0.896684	0.664116	7.437139	
