0.313093	0.026188	0.006328	0.293025	9.196127	
0.079727	0.830790	0.764842	0.897423	5.197982	
0.648632	0.930878	0.028951	0.006796	7.931874	
0.905738	0.001426	0.645438	0.013174	7.864074	
0.000023	0.034924	0.360241	0.908041	8.117025	
0.000093	0.031280	0.360241	0.298498	9.306009	
0.026971	0.728872	0.009357	0.000005	8.840714	
0.000027	0.834817	0.001714	0.666326	7.676988	
0.255632	0.279661	0.000000	0.011770	9.149402	
0.291505	0.000014	0.000024	0.007708	9.665393	
0.663827	0.662426	0.655540	0.000031	8.221320	
0.679675	0.656603	0.003981	0.678254	8.035322	
0.001709	0.909690	0.770434	0.789606	5.485134	
0.000119	0.000001	0.732262	0.000013	8.992884	
0.001583	0.816916	0.945578	0.790496	5.471114	
0.807386	0.063867	0.847889	0.961700	5.325787	
0.000292	0.626775	0.678153	0.668439	8.222079	
0.866982	0.816785	0.787431	0.110005	5.125329	
0.763183	0.808722	0.878850	0.148616	5.103231	
0.247897	0.129991	0.046529	0.829851	7.601595	
0.921806	0.809825	0.025748	0.837221	5.161304	
0.000115	0.000001	0.000000	0.000013	10.608415	
0.010176	0.299648	0.355646	0.000731	9.348171	
0.002914	0.000004	0.000037	0.269326	9.679549	
0.000026	0.295129	0.005566	0.818579	7.970419	
0.666161	0.016924	0.658792	0.651094	8.323562	
0.026601	0.285196	0.003765	0.291891	9.159405	
0.000637	0.277964	0.000000	0.003515	9.703923	
0.829419	0.776374	0.079827	0.939189	5.323136	
0.869571	0.874844	0.228229	0.064891	6.113104	
0.756257	0.002379	0.009000	0.000090	8.854023	
0.849387	0.018029	0.031962	0.295587	7.856834	
0.893574	0.067051	0.760467	0.817774	5.281948	
0.002749	0.002053	0.015419	0.749341	8.712683	
0.000022	0.000025	0.301573	0.000011	9.799538	
0.009809	0.015173	0.904551	0.625880	7.975174	
0.844893	0.935135	0.022654	0.789173	5.367982	
0.648881	0.008254	0.917261	0.000144	7.902325	
0.165670	0.849806	0.857344	0.214895	5.901579	
0.806815	0.886849	0.787750	0.106260	5.053817	
0.945488	0.661675	0.019818	0.050013	7.868744	
0.845679	0.017276	0.242210	0.851106	6.183352	
0.863345	0.117123	0.865977	0.178698	6.050614	
0.026394	0.947058	0.637781	0.000005	8.111041	
0.281293	0.015415	0.221378	0.019813	9.135506	
0.855229	0.850525	0.855099	0.858341	3.239416	
0.811447	0.002365	0.949392	0.814853	5.393122	
0.019912	0.304740	0.851140	0.009617	7.898592	
0.232532	0.034436	0.870855	0.846709	6.168905	
0.866982	0.845795	0.787431	0.110005	5.061057	
0.013661	0.947058	0.640757	0.782177	6.633367	
0.763183	0.808340	0.879204	0.208804	4.972799	
0.151275	0.830790	0.764521	0.897423	5.032420	
0.863345	0.153235	0.865977	0.179274	5.960491	
0.247897	0.152852	0.046529	0.829851	7.548202	
0.026294	0.816916	0.074776	0.304278	8.068835	
0.808842	0.886849	0.787750	0.106655	5.044949	
0.265291	0.654241	0.019818	0.049757	8.908231	
0.869449	0.874844	0.228229	0.173914	5.868363	
0.165670	0.918025	0.879204	0.208804	6.042389	
0.009809	0.015173	0.879765	0.626907	7.904396	
0.829419	0.776374	0.079827	0.939189	5.323136	
0.248616	0.147542	0.860399	0.846725	5.911419	
0.000637	0.277964	0.000000	0.003515	9.583286	
0.002484	0.000456	0.000716	0.757506	8.671946	
0.688760	0.648996	0.001560	0.627791	8.421076	
0.675751	0.006377	0.919000	0.009516	7.700726	
0.000119	0.000001	0.732262	0.000729	8.849171	
0.001212	0.281240	0.359730	0.000731	9.322251	
0.677427	0.662426	0.658770	0.000031	8.057166	
0.762690	0.002379	0.000715	0.000090	8.819387	
0.855229	0.851656	0.857765	0.853351	3.237462	
0.905738	0.000976	0.645438	0.013174	7.864907	
0.000119	0.000001	0.000000	0.000013	10.004693	
0.833904	0.010585	0.784196	0.857817	5.205184	
0.021062	0.295062	0.010846	0.269119	9.148623	
0.845679	0.017276	0.017499	0.851106	6.587641	
0.670633	0.001426	0.645438	0.006713	8.959993	
0.845679	0.016895	0.242210	0.851106	6.184974	
0.313093	0.026188	0.006328	0.293024	9.196203	
0.000022	0.000025	0.301573	0.000014	9.799535	
0.000869	0.818675	0.935565	0.805352	5.325727	
0.001614	0.010585	0.784196	0.857817	6.814165	
0.250460	0.016848	0.000000	0.003515	9.554844	
0.040647	0.657884	0.025926	0.837221	7.643525	
0.001368	0.832632	0.747271	0.087626	7.163141	
0.002914	0.000004	0.000000	0.295235	9.702057	
0.842750	0.935113	0.025355	0.806546	5.292808	
0.668862	0.930878	0.028951	0.006796	7.878377	
0.893574	0.023694	0.760467	0.817774	5.358056	
0.250460	0.279661	0.000000	0.003515	9.159409	
0.005377	0.909690	0.770778	0.796352	5.451982	
0.807386	0.280228	0.843975	0.962145	5.017472	
0.901324	0.322613	0.243522	0.009945	7.588232	
0.000023	0.031280	0.360241	0.298498	9.322299	
0.023720	0.304740	0.846460	0.009617	7.898025	
0.921806	0.824901	0.000618	0.837221	5.253786	
0.000339	0.000001	0.732262	0.291149	8.590040	
0.855229	0.851656	0.857765	0.853351	3.237462	
0.854209	0.027804	0.857555	0.858341	4.893157	
