0.000000	0.000007	0.000002	0.759644	8.659243	
0.006922	0.297793	0.000000	0.000001	9.597305	
0.079775	0.903644	0.796164	0.841790	5.025530	
0.229059	0.842389	0.140016	0.864854	5.933375	
0.294385	0.000391	0.000069	0.290949	9.197371	
0.835154	0.919916	0.852589	0.036204	5.041778	
0.278697	0.000199	0.000007	0.000007	9.586054	
0.021372	0.862116	0.874444	0.847682	4.911603	
0.890665	0.814202	0.105325	0.789387	5.029456	
0.000000	0.001161	0.311277	0.206708	9.224790	
0.834839	0.094725	0.819222	0.911567	5.111821	
0.002275	0.674492	0.664463	0.675113	7.911476	
0.000000	0.001161	0.283358	0.843000	7.930815	
0.282794	0.000222	0.362991	0.005239	9.319591	
0.860324	0.000222	0.362991	0.009958	8.033988	
0.629668	0.921983	0.033371	0.030141	7.963082	
0.913107	0.654861	0.010830	0.001262	7.911109	
0.001332	0.272563	0.290291	0.000266	9.176190	
0.876473	0.002401	0.025118	0.443762	8.225032	
0.012478	0.013730	0.874861	0.628928	7.877888	
0.669403	0.000819	0.655152	0.677386	8.015163	
0.029447	0.639406	0.907414	0.028176	7.848055	
0.000589	0.867439	0.356438	0.001410	8.029368	
0.671204	0.666185	0.000012	0.667582	7.985289	
0.752638	0.000525	0.000055	0.000089	8.701730	
0.664794	0.676262	0.664966	0.006837	8.017243	
0.836481	0.918848	0.015813	0.835272	5.085172	
0.001460	0.383197	0.012071	0.329907	9.435697	
0.317291	0.000760	0.909425	0.008995	8.113270	
0.000000	0.000002	0.000000	0.284463	9.589964	
0.000000	0.000000	0.000000	0.000000	10.000053	
0.794974	0.788422	0.897201	0.106720	5.121258	
0.279469	0.350050	0.001564	0.016427	9.270077	
0.791299	0.789422	0.105069	0.940805	5.335118	
0.639441	0.002247	0.001228	0.891065	7.869099	
0.835016	0.062103	0.872327	0.800378	4.986317	
0.000000	0.000546	0.750392	0.000407	8.719783	
0.872953	0.867879	0.881828	0.872103	3.265779	
0.200072	0.869067	0.830220	0.219832	5.850066	
0.003582	0.763106	0.001233	0.002497	8.638616	
0.013620	0.660991	0.007474	0.939452	7.909262	
0.000634	0.000355	0.290291	0.000003	9.602704	
0.103792	0.784969	0.830121	0.910034	5.068161	
0.902950	0.870548	0.874535	0.041862	4.953873	
0.015436	0.918466	0.001710	0.645456	7.907654	
0.627722	0.920428	0.033507	0.030141	7.967615	
0.664392	0.676262	0.664966	0.008514	7.966302	
0.755567	0.000545	0.000060	0.000089	8.682578	
0.021372	0.862116	0.874444	0.850107	4.909597	
0.001274	0.000355	0.290291	0.000005	9.599402	
0.020892	0.014447	0.874861	0.645038	7.761463	
0.000000	0.000000	0.000000	0.284463	9.590472	
0.797648	0.788422	0.897201	0.106362	5.110374	
0.007669	0.660827	0.012838	0.937723	7.898830	
0.000000	0.011795	0.654852	0.679611	8.661755	
0.000698	0.382989	0.001862	0.329319	9.452127	
0.002066	0.000182	0.675791	0.279685	8.850608	
0.000530	0.867678	0.214847	0.850107	6.212578	
0.001332	0.935406	0.290291	0.001450	8.124830	
0.880959	0.005851	0.068085	0.305954	7.827004	
0.000340	0.000007	0.000002	0.759644	8.659086	
0.891946	0.061843	0.890153	0.789387	5.086378	
0.285357	0.351376	0.383439	0.000010	9.089568	
0.080065	0.018101	0.007413	0.007137	9.828429	
0.887030	0.666185	0.000012	0.667582	7.021846	
0.282794	0.094206	0.820020	0.034224	7.742368	
0.835154	0.919916	0.021499	0.840317	5.076368	
0.198706	0.867678	0.816862	0.850107	4.631182	
0.827967	0.290211	0.022195	0.027500	7.879238	
0.282794	0.008420	0.362991	0.034224	9.271025	
0.786995	0.094725	0.819222	0.911567	5.294507	
0.216962	0.864378	0.214847	0.852092	5.806425	
0.786867	0.868007	0.830220	0.242487	4.726372	
0.639441	0.000106	0.000015	0.891065	7.869548	
0.006846	0.291690	0.000000	0.000259	9.613040	
0.279469	0.350050	0.001564	0.000003	9.290135	
0.891946	0.817506	0.105325	0.789387	5.018107	
0.210486	0.091446	0.290291	0.893882	7.816893	
0.200072	0.869067	0.830220	0.242487	5.838449	
0.278697	0.000199	0.000043	0.000907	9.585285	
0.048977	0.789943	0.828270	0.898724	5.259462	
0.079775	0.784969	0.830121	0.898724	5.084203	
0.030826	0.632839	0.907414	0.028176	7.888374	
0.908484	0.948275	0.875476	0.241836	4.902444	
0.279758	0.019720	0.001500	0.256198	9.136162	
0.891440	0.015625	0.661965	0.029223	7.743393	
0.791299	0.785228	0.135221	0.940805	5.284814	
0.003582	0.763957	0.001233	0.002497	8.627210	
0.222429	0.866123	0.816862	0.850107	4.603840	
0.779852	0.789422	0.136089	0.043549	6.698590	
0.835154	0.796090	0.852589	0.036535	5.066922	
0.835016	0.923906	0.872327	0.800378	3.746342	
0.639441	0.002247	0.001228	0.891065	7.869099	
0.294385	0.000391	0.365182	0.275273	8.925817	
0.890665	0.814202	0.135477	0.789387	4.989854	
0.279758	0.000781	0.001500	0.255554	9.169094	
0.199280	0.823465	0.880385	0.242487	6.502252	
0.788680	0.094725	0.016248	0.016578	8.291774	
0.356317	0.847761	0.015429	0.872103	6.329547	
0.891943	0.093403	0.661965	0.029223	7.597373	
