0.000000	0.000007	0.000002	0.759644	8.659251	
0.000262	0.309132	0.328879	0.002007	9.276587	
0.801141	0.075573	0.815507	0.884725	5.023456	
0.039952	0.942503	0.008222	0.674687	7.783017	
0.645290	0.898608	0.065908	0.023587	7.740331	
0.823320	0.765004	0.885990	0.088213	5.164059	
0.000000	0.000095	0.755440	0.000515	8.725808	
0.000978	0.000000	0.269575	0.000956	9.576416	
0.896179	0.826243	0.120690	0.801806	4.957787	
0.000000	0.000000	0.000000	0.000000	10.000060	
0.099243	0.781515	0.789907	0.923266	5.301798	
0.811019	0.905438	0.819603	0.096696	4.981278	
0.760249	0.000024	0.000000	0.000691	8.652956	
0.661420	0.688241	0.655170	0.000002	7.969348	
0.000608	0.025824	0.624661	0.912324	8.022629	
0.006912	0.349352	0.001404	0.297470	9.299167	
0.000000	0.000095	0.329181	0.297097	9.303141	
0.676737	0.000753	0.666447	0.661730	8.027020	
0.005866	0.644698	0.878804	0.022950	7.777026	
0.000000	0.000394	0.000005	0.296135	9.604113	
0.000262	0.298018	0.000102	0.000519	9.611779	
0.794314	0.075573	0.872923	0.838531	5.024292	
0.646169	0.015806	0.876530	0.015597	7.770582	
0.830218	0.841869	0.825915	0.843099	3.326906	
0.142400	0.778644	0.875869	0.785502	5.090859	
0.002174	0.673214	0.000160	0.921397	7.745926	
0.241244	0.379187	0.000000	0.004794	9.350351	
0.671204	0.673038	0.000039	0.669304	7.926849	
0.959183	0.001033	0.007976	0.662602	8.035397	
0.026577	0.027933	0.920087	0.642951	7.888301	
0.006207	0.675166	0.641763	0.674958	8.045019	
0.331079	0.000000	0.060449	0.304155	9.237126	
0.291806	0.000007	0.319017	0.013943	9.221754	
0.039952	0.917227	0.665876	0.000740	7.736188	
0.000000	0.777601	0.000049	0.000098	8.553371	
0.287618	0.000006	0.000020	0.000071	9.593192	
0.801509	0.822324	0.063973	0.919496	5.146150	
0.662832	0.003612	0.012048	0.928721	7.839443	
0.908229	0.645254	0.000491	0.010809	7.875646	
0.918292	0.823025	0.855814	0.105698	4.927643	
0.941382	0.001070	0.628362	0.039037	8.106096	
0.000000	0.000000	0.269575	0.000956	9.577404	
0.026577	0.027933	0.919166	0.647351	7.865481	
0.006207	0.675166	0.318596	0.676620	8.162011	
0.662832	0.003612	0.008630	0.928721	7.843542	
0.908229	0.645254	0.002184	0.000094	7.885712	
0.000197	0.312398	0.000095	0.000000	9.744009	
0.043794	0.025824	0.621033	0.881311	7.892878	
0.664816	0.086936	0.647910	0.072311	8.545670	
0.918292	0.823487	0.855814	0.105698	4.926380	
0.000000	0.000000	0.000000	0.304155	9.667851	
0.254941	0.000769	0.013082	0.280691	9.158985	
0.830218	0.841869	0.844331	0.845218	3.290256	
0.876623	0.027933	0.868662	0.647351	6.314020	
0.012558	0.000000	0.009443	0.000956	9.975596	
0.000262	0.273833	0.328879	0.002007	9.316559	
0.760249	0.000004	0.000060	0.000491	8.653927	
0.893615	0.001033	0.011105	0.657200	7.742675	
0.878984	0.863094	0.120690	0.797755	4.891317	
0.000000	0.000000	0.740997	0.000407	8.853873	
0.143916	0.822488	0.863165	0.785502	4.893600	
0.661420	0.688241	0.027157	0.044340	8.457109	
0.039952	0.917227	0.008782	0.674687	7.651726	
0.869719	0.003795	0.860063	0.045644	6.551107	
0.807346	0.790780	0.875508	0.089188	5.055077	
0.009168	0.822324	0.002372	0.921397	6.809486	
0.009729	0.830709	0.003064	0.002007	8.324590	
0.013285	0.651888	0.033627	0.645788	8.875563	
0.109182	0.818140	0.801550	0.923266	5.068546	
0.052026	0.878222	0.320190	0.074364	7.763130	
0.079185	0.032987	0.335043	0.647351	8.982413	
0.000000	0.000000	0.000000	0.846713	8.314086	
0.941382	0.001070	0.625827	0.039037	8.121662	
0.022662	0.874589	0.895050	0.000491	6.645962	
0.287422	0.000007	0.000020	0.000071	9.592928	
0.671204	0.673038	0.000542	0.669304	7.902998	
0.660170	0.689046	0.655170	0.000002	7.973944	
0.794314	0.075573	0.878966	0.856261	4.973837	
0.283581	0.824078	0.034127	0.000471	7.904241	
0.815230	0.905438	0.819603	0.091536	4.978927	
0.006912	0.349352	0.619144	0.297470	8.953224	
0.662832	0.000248	0.008630	0.647466	8.892778	
0.282321	0.000007	0.000020	0.002006	9.585923	
0.291819	0.020692	0.825666	0.000071	7.923907	
0.941382	0.001070	0.625827	0.049077	8.109075	
0.060392	0.344422	0.269575	0.286262	8.809177	
0.000262	0.298018	0.000102	0.114283	9.397382	
0.661420	0.688241	0.053426	0.044340	8.403766	
0.026531	0.905393	0.008782	0.663702	7.708497	
0.877963	0.688241	0.655170	0.819039	5.332525	
0.115168	0.818140	0.807238	0.923266	5.031396	
0.221591	0.001932	0.324980	0.280083	8.928000	
0.049984	0.863287	0.320190	0.075291	7.752864	
0.898190	0.017602	0.120012	0.801806	6.631816	
0.818128	0.841869	0.022391	0.820332	5.030992	
0.031352	0.000130	0.269575	0.000956	9.545416	
0.918292	0.792293	0.014821	0.105698	6.719602	
0.115168	0.040479	0.804725	0.922687	6.727966	
0.283581	0.814869	0.034127	0.000609	7.928847	
0.815230	0.895382	0.819603	0.001032	5.106582	
