0.880737	0.003479	0.019928	0.346509	7.997233	
0.759634	0.001364	0.000004	0.000067	8.670693	
0.827375	0.142992	0.907827	0.771733	5.046684	
0.032873	0.860577	0.856900	0.860146	4.879641	
0.000000	0.000000	0.000000	0.000000	10.000047	
0.163563	0.199871	0.859344	0.866597	5.900799	
0.373127	0.000001	0.346576	0.000156	9.462506	
0.298236	0.003479	0.008854	0.312518	9.220701	
0.290765	0.310614	0.000026	0.019242	9.200682	
0.293339	0.000001	0.000007	0.000133	9.602601	
0.014982	0.279308	0.326025	0.000013	9.221910	
0.000017	0.736126	0.000002	0.897767	7.365620	
0.041467	0.663986	0.916975	0.000156	7.732583	
0.001745	0.668563	0.664609	0.671891	7.979770	
0.853076	0.860506	0.279923	0.138329	5.929580	
0.669983	0.933649	0.001284	0.002807	7.847369	
0.877919	0.827277	0.803180	0.126922	4.860464	
0.775319	0.786147	0.099837	0.929486	5.386253	
0.000053	0.760384	0.000018	0.000175	8.652585	
0.802668	0.910509	0.151968	0.772619	5.114065	
0.127178	0.860036	0.852621	0.280056	5.958659	
0.872657	0.673518	0.017193	0.019777	7.558420	
0.908692	0.840939	0.095771	0.773552	5.127584	
0.171603	0.859832	0.172050	0.857635	5.927656	
0.666748	0.016798	0.953170	0.008387	7.951620	
0.944823	0.024344	0.656776	0.004515	7.955965	
0.004333	0.000463	0.352500	0.336783	9.432451	
0.666716	0.672104	0.662803	0.000009	8.009287	
0.032318	0.033001	0.637519	0.908674	7.855123	
0.320676	0.004049	0.043712	0.873208	7.905568	
0.860086	0.860577	0.846403	0.847726	3.241393	
0.000025	0.964939	0.654372	0.019808	8.122142	
0.804506	0.137031	0.806957	0.922802	5.040864	
0.020187	0.046927	0.840419	0.344622	7.925355	
0.000100	0.000983	0.761572	0.000001	8.649979	
0.664000	0.005983	0.677964	0.671961	8.025982	
0.001671	0.005202	0.000003	0.288991	9.666170	
0.000018	0.279308	0.000018	0.000014	9.587308	
0.884355	0.181500	0.839657	0.774946	4.871057	
0.056693	0.841244	0.932178	0.796785	5.202710	
0.000929	0.300664	0.000004	0.331656	9.274877	
0.000084	0.001024	0.285505	0.000107	9.594174	
0.000753	0.004432	0.001367	0.762832	8.725916	
0.664553	0.666571	0.000002	0.655400	8.101328	
0.796813	0.906092	0.796327	0.084546	5.157633	
0.025054	0.925783	0.027016	0.668125	7.736897	
0.213764	0.913313	0.761449	0.781333	5.194100	
0.313231	0.040276	0.064049	0.872967	7.802417	
0.022593	0.033460	0.014366	0.000600	9.912649	
0.001918	0.013867	0.840419	0.670984	7.640084	
0.032318	0.033001	0.650641	0.908674	7.766929	
0.041467	0.664255	0.916975	0.000156	7.730656	
0.869258	0.181500	0.765783	0.781521	5.109270	
0.794266	0.735320	0.786194	0.152555	5.669117	
0.000084	0.001024	0.285505	0.000005	9.594269	
0.921158	0.832771	0.745300	0.274933	5.189952	
0.286415	0.852060	0.917691	0.854674	5.076878	
0.169941	0.860036	0.859386	0.280056	5.860243	
0.019550	0.781051	0.001286	0.860280	6.819237	
0.004280	0.674417	0.664609	0.671891	7.918433	
0.283027	0.016163	0.000310	0.019834	9.549358	
0.308348	0.273924	0.806976	0.008813	7.608784	
0.908692	0.786547	0.095771	0.773552	5.309412	
0.290765	0.300431	0.000310	0.019834	9.184100	
0.213411	0.907460	0.761449	0.860288	4.966714	
0.004850	0.000463	0.314195	0.341812	9.371322	
0.015483	0.281338	0.001286	0.344622	9.270729	
0.282348	0.000487	0.010227	0.398769	9.434824	
0.373127	0.000001	0.346576	0.000133	9.520558	
0.000164	0.001263	0.760832	0.000102	8.656919	
0.000106	0.218400	0.006964	0.000008	9.582284	
0.774981	0.137031	0.810938	0.922802	5.341082	
0.853076	0.854312	0.279923	0.138329	5.930593	
0.163393	0.841244	0.942131	0.795905	5.022787	
0.804844	0.786147	0.099837	0.929486	5.270495	
0.032873	0.860688	0.856900	0.860146	4.879587	
0.001586	0.859187	0.650918	0.010645	7.746086	
0.939387	0.046893	0.654312	0.004513	7.906439	
0.880737	0.003479	0.019565	0.346509	8.001592	
0.802668	0.910398	0.151968	0.772619	5.190624	
0.759634	0.001364	0.000004	0.000067	8.670693	
0.872657	0.668650	0.284773	0.140477	7.101653	
0.664000	0.934401	0.001284	0.041262	7.897504	
0.052822	0.925783	0.029876	0.668125	7.685335	
0.022593	0.031873	0.014267	0.325555	9.566194	
0.000788	0.756301	0.000007	0.000133	8.707585	
0.009488	0.008154	0.000005	0.773063	8.559820	
0.000064	0.668440	0.287915	0.040621	9.010561	
0.308348	0.260722	0.806962	0.008813	7.700963	
0.903110	0.786547	0.101517	0.773552	5.275661	
0.804657	0.005490	0.806957	0.922802	5.304239	
0.215025	0.756301	0.000007	0.000133	8.303648	
0.290765	0.855812	0.859725	0.271703	5.820108	
0.880737	0.003479	0.008773	0.348428	8.019122	
0.072993	0.137031	0.810938	0.922802	6.478527	
0.293339	0.000001	0.000007	0.000133	9.602601	
0.001890	0.220584	0.840419	0.703117	7.085548	
0.283799	0.736126	0.000002	0.897767	6.824448	
0.219285	0.913313	0.755742	0.781333	5.225384	
0.794266	0.701392	0.786194	0.152555	6.022449	
