0.002501	0.000005	0.001404	0.769575	8.600813	
0.764652	0.772114	0.913747	0.159273	5.313825	
0.124256	0.821925	0.908695	0.794971	4.998272	
0.935978	0.645352	0.007068	0.026418	7.976348	
0.015602	0.292866	0.850979	0.000684	7.889843	
0.792401	0.076732	0.856252	0.807248	5.087526	
0.876777	0.010826	0.653297	0.022985	7.733219	
0.801588	0.138913	0.850871	0.888818	4.822906	
0.294901	0.000342	0.000007	0.000091	9.725902	
0.014770	0.021230	0.910214	0.668154	7.690533	
0.918012	0.043400	0.843669	0.789764	5.200595	
0.000204	0.000349	0.286239	0.000084	9.590477	
0.000000	0.000003	0.216951	0.292831	9.217602	
0.265235	0.205922	0.846805	0.866872	5.802244	
0.911864	0.792938	0.111799	0.784824	5.198463	
0.872392	0.846270	0.094171	0.210213	6.058345	
0.265123	0.828904	0.091991	0.861509	6.095158	
0.759084	0.000004	0.002147	0.003306	8.794664	
0.784583	0.905560	0.111869	0.838780	5.018679	
0.286219	0.841212	0.840424	0.195977	5.866057	
0.000000	0.759900	0.000001	0.000009	8.855044	
0.013350	0.279031	0.023719	0.857753	7.849872	
0.805337	0.826489	0.054026	0.933164	5.207437	
0.924912	0.000090	0.000000	0.292572	8.071963	
0.292400	0.011887	0.277642	0.012748	9.154335	
0.000000	0.000000	0.000000	0.000000	10.170264	
0.013867	0.883943	0.028300	0.631014	7.856934	
0.000000	0.000003	0.000000	0.292831	9.627579	
0.660909	0.001876	0.658054	0.662424	8.141208	
0.000076	0.657358	0.665951	0.668011	8.062785	
0.672128	0.021098	0.017466	0.948152	7.857642	
0.117586	0.821806	0.753941	0.923314	5.307080	
0.009696	0.285537	0.000462	0.307545	9.198444	
0.010491	0.879421	0.661255	0.000591	7.693963	
0.110509	0.886617	0.786851	0.775916	5.205372	
0.667104	0.020180	0.875702	0.000299	7.625618	
0.016541	0.281632	0.286239	0.000084	9.158318	
0.861969	0.144480	0.208647	0.860082	5.930240	
0.356928	0.278814	0.013391	0.000031	9.292503	
0.858108	0.831007	0.849513	0.861060	3.263797	
0.788802	0.884749	0.771577	0.092100	5.246889	
0.000044	0.000019	0.761896	0.000004	8.772621	
0.000002	0.075484	0.659904	0.931670	7.766973	
0.668835	0.649074	0.655877	0.000016	8.195913	
0.672542	0.651892	0.002102	0.681899	8.088061	
0.356928	0.859428	0.013391	0.000031	8.026580	
0.000002	0.278814	0.000008	0.000031	9.586209	
0.875327	0.263524	0.855136	0.101462	6.063435	
0.302155	0.000442	0.006006	0.298783	9.248003	
0.880857	0.164926	0.175651	0.880478	5.993475	
0.874490	0.833094	0.938766	0.210310	4.882882	
0.013600	0.023052	0.910214	0.668154	7.689584	
0.356928	0.278814	0.000008	0.000031	9.307847	
0.907519	0.787873	0.779428	0.100779	5.257273	
0.885227	0.847348	0.110541	0.216652	6.038283	
0.786888	0.867052	0.109832	0.838780	4.929481	
0.123273	0.790300	0.879655	0.828637	4.916270	
0.918012	0.043400	0.843669	0.773334	5.286806	
0.913637	0.009645	0.109876	0.081241	8.070408	
0.120222	0.653902	0.042715	0.902044	7.515967	
0.000005	0.278350	0.277657	0.000084	9.451470	
0.885125	0.149402	0.208647	0.070253	7.522365	
0.295205	0.019922	0.824021	0.005721	7.931467	
0.124256	0.846502	0.103817	0.222748	7.479655	
0.304324	0.840288	0.839901	0.195957	5.883843	
0.018808	0.003240	0.779491	0.000122	8.664297	
0.811895	0.826877	0.056059	0.927770	5.146678	
0.857801	0.828904	0.838970	0.861509	3.280959	
0.282086	0.205922	0.859644	0.862487	5.806741	
0.000000	0.000000	0.000000	0.000000	10.000738	
0.285640	0.000286	0.278321	0.012748	9.247058	
0.350369	0.859040	0.054026	0.019720	8.095309	
0.878111	0.172581	0.779428	0.903294	4.977764	
0.000005	0.005071	0.289227	0.000084	9.601445	
0.120222	0.056468	0.833285	0.904531	6.407993	
0.000101	0.278814	0.000008	0.000031	9.585948	
0.788802	0.873382	0.771577	0.099579	5.209952	
0.000076	0.657358	0.659904	0.676406	8.044879	
0.916616	0.043400	0.016352	0.789764	6.934443	
0.014731	0.011887	0.030578	0.792895	8.426478	
0.120222	0.821806	0.853987	0.908148	4.842538	
0.000000	0.000090	0.000000	0.292572	9.598072	
0.016490	0.648339	0.871076	0.012722	7.748907	
0.305380	0.004363	0.000017	0.001212	9.639565	
0.000002	0.030998	0.659904	0.676406	8.606587	
0.913637	0.826712	0.110440	0.861060	4.872443	
0.935978	0.650576	0.008495	0.026418	7.939011	
0.855326	0.263528	0.850946	0.214178	5.786165	
0.114978	0.886617	0.786851	0.775916	5.196559	
0.010491	0.879421	0.662346	0.033235	7.646001	
0.000000	0.759900	0.000001	0.000272	8.659012	
0.009947	0.278667	0.000563	0.291848	9.172663	
0.314919	0.010532	0.004894	0.268233	9.192082	
0.911864	0.792938	0.093315	0.784824	5.242239	
0.766615	0.176505	0.197072	0.887207	6.213365	
0.000000	0.000003	0.216951	0.292831	9.217602	
0.785731	0.020053	0.809221	0.860881	5.194017	
0.937408	0.634923	0.057274	0.019730	8.172356	
0.862316	0.826877	0.211128	0.927770	4.742023	
0.285686	0.020448	0.278321	0.012797	9.219345	
