0.843514	0.207066	0.874841	0.298435	5.841005	
0.005024	0.659888	0.665030	0.659899	8.107225	
0.748464	0.000139	0.000000	0.002805	8.729221	
0.898919	0.780412	0.801340	0.003654	5.386162	
0.040231	0.886233	0.648398	0.014976	7.727655	
0.000318	0.000002	0.299978	0.000062	9.609755	
0.794842	0.773704	0.181751	0.908882	5.102583	
0.007029	0.308358	0.000000	0.296462	9.219985	
0.006440	0.304894	0.867105	0.004578	8.039535	
0.289685	0.000000	0.000000	0.000000	9.594549	
0.872731	0.816258	0.028131	0.833009	4.996639	
0.811484	0.853240	0.135681	0.784164	4.952062	
0.001695	0.000069	0.770451	0.000001	8.589762	
0.000000	0.002792	0.000003	0.768632	8.695388	
0.341111	0.000034	0.295482	0.004578	9.287912	
0.785164	0.088899	0.835336	0.879425	5.008955	
0.668126	0.000683	0.661161	0.669395	8.009106	
0.010501	0.035111	0.943549	0.656928	7.925427	
0.000000	0.757334	0.000000	0.000000	8.672595	
0.835323	0.853182	0.854765	0.846391	3.263052	
0.005792	0.877773	0.017896	0.647075	7.867404	
0.000002	0.311393	0.000000	0.000021	9.793774	
0.896421	0.029010	0.638063	0.041853	7.820319	
0.666773	0.655184	0.000000	0.665972	8.087914	
0.823704	0.806462	0.888304	0.125118	4.870365	
0.893985	0.088899	0.808839	0.812077	4.996645	
0.675914	0.018769	0.971854	0.012381	8.003581	
0.316047	0.010236	0.000084	0.296399	9.225396	
0.000000	0.000000	0.000000	0.000000	10.000024	
0.896127	0.025474	0.026724	0.645521	7.777964	
0.898886	0.639497	0.000501	0.025893	7.927901	
0.056733	0.019218	0.643166	0.906821	7.787348	
0.022728	0.659824	0.005065	0.870295	7.662981	
0.000000	0.000516	0.000000	0.290972	9.595468	
0.002929	0.378465	0.325327	0.000512	9.426112	
0.006588	0.000000	0.295419	0.307646	9.213718	
0.103566	0.926712	0.777865	0.777555	5.394233	
0.049235	0.810175	0.811379	0.914248	5.150666	
0.663964	0.663353	0.679913	0.000580	8.115117	
0.339242	0.338562	0.000132	0.000196	9.359584	
0.360689	0.873850	0.000000	0.040241	7.991797	
0.789966	0.856220	0.817127	0.125106	4.931778	
0.609405	0.007098	0.011167	0.917314	8.123022	
0.872731	0.816258	0.022882	0.833009	5.000664	
0.005266	0.357225	0.016734	0.798601	8.143774	
0.835003	0.856220	0.817127	0.125106	4.776597	
0.339242	0.304915	0.000132	0.004578	9.290773	
0.814072	0.053158	0.000456	0.665972	7.799640	
0.316047	0.010236	0.000000	0.296462	9.252974	
0.811484	0.063769	0.132708	0.831837	6.372788	
0.811484	0.853240	0.135131	0.789050	4.928459	
0.103323	0.923996	0.000000	0.768111	6.885271	
0.040556	0.886233	0.648398	0.287873	7.474402	
0.049235	0.810175	0.821226	0.914248	5.115823	
0.290150	0.000415	0.000000	0.000235	9.594490	
0.000557	0.112065	0.000000	0.000001	9.871012	
0.668126	0.035157	0.940643	0.015253	7.819288	
0.839606	0.088899	0.874841	0.879425	4.809405	
0.001060	0.000440	0.000206	0.292027	9.605780	
0.661112	0.655184	0.000000	0.709983	8.242874	
0.103566	0.924589	0.779808	0.792931	5.292266	
0.008383	0.035111	0.943434	0.656928	7.930233	
0.749318	0.000000	0.000000	0.002805	8.728184	
0.001695	0.000069	0.770451	0.000777	8.588646	
0.036449	0.000121	0.295419	0.307646	9.172169	
0.785164	0.209024	0.835336	0.305525	6.071479	
0.893985	0.088899	0.809132	0.043353	6.543278	
0.151251	0.804114	0.924909	0.766364	5.211466	
0.836923	0.088899	0.874841	0.812205	4.882562	
0.006320	0.356236	0.016742	0.244179	9.268833	
0.021368	0.662908	0.830917	0.009538	7.691508	
0.811390	0.773704	0.181751	0.908882	5.057576	
0.018313	0.662600	0.711834	0.004304	8.370517	
0.000012	0.000035	0.000003	0.764100	8.653371	
0.789966	0.856220	0.836210	0.125106	4.894698	
0.006389	0.754386	0.000269	0.000789	8.720034	
0.006440	0.304894	0.005009	0.004578	9.598915	
0.361878	0.878449	0.000000	0.024828	8.025997	
0.898886	0.639497	0.000000	0.025893	7.932642	
0.056733	0.019218	0.648211	0.876949	7.677128	
0.006535	0.000067	0.280713	0.006746	9.572898	
0.785255	0.814774	0.897460	0.001141	5.255304	
0.835323	0.853103	0.854765	0.846391	3.263813	
0.154424	0.935118	0.648398	0.014976	7.666572	
0.896421	0.023358	0.638063	0.041853	7.921164	
0.005266	0.348356	0.016734	0.799532	8.153700	
0.753452	0.000000	0.000000	0.002805	8.696490	
0.670485	0.675798	0.799698	0.836257	5.558241	
0.000318	0.000002	0.299978	0.004640	9.606718	
0.008435	0.305501	0.000003	0.764370	8.436135	
0.000002	0.311393	0.000000	0.000022	9.635136	
0.052442	0.806462	0.888163	0.125106	6.752499	
0.787971	0.827554	0.174921	0.911488	4.907172	
0.290150	0.000415	0.006888	0.000235	9.590384	
0.010410	0.000520	0.000080	0.292027	9.586500	
0.277265	0.823319	0.022882	0.004735	7.908919	
0.789769	0.008610	0.000040	0.911366	6.941621	
0.022728	0.698715	0.005065	0.023071	9.035732	
0.785403	0.378465	0.325327	0.000512	7.936980	
0.664185	0.666189	0.136979	0.831837	6.756820	
