0.000139	0.062626	0.124402	0.315174	
0.142973	0.294120	0.063410	0.000483	
0.051332	0.136702	0.250348	0.063927	
0.002779	0.253123	0.183604	0.062633	
0.256396	0.001336	0.059342	0.184632	
0.063067	0.313864	0.122594	0.002110	
0.314439	0.060754	0.125917	0.000207	
0.000069	0.187898	0.001273	0.311633	
0.062193	0.000036	0.187071	0.252343	
0.195359	0.242886	0.064777	0.001086	
0.125650	0.000517	0.188417	0.187114	
0.251876	0.247740	0.001494	0.000425	
0.132698	0.127452	0.054529	0.186870	
0.065293	0.001714	0.064432	0.371402	
0.000528	0.252189	0.062723	0.191593	
0.189639	0.009736	0.236103	0.065676	
0.316830	0.061202	0.059849	0.063903	
0.319246	0.182546	0.000041	0.000045	
0.127033	0.000049	0.000006	0.377126	
0.058352	0.253009	0.000201	0.190334	
0.253864	0.060568	0.061417	0.126778	
0.314593	0.000529	0.000009	0.185666	
0.000397	0.189601	0.063410	0.255968	
0.245558	0.126377	0.128794	0.000216	
0.250746	0.003170	0.184792	0.063839	
0.255799	0.000840	0.122905	0.125972	
0.000327	0.251605	0.249761	0.000134	
0.058380	0.000034	0.314472	0.128149	
0.000884	0.126345	0.313320	0.061476	
0.001755	0.245332	0.127373	0.127193	
0.067630	0.313873	0.058227	0.063485	
0.069406	0.184836	0.184052	0.064077	
0.002676	0.187715	0.187283	0.124397	
0.129778	0.245904	0.000341	0.126280	
0.255703	0.057434	0.187302	0.000363	
0.129437	0.069382	0.070758	0.231876	
0.122890	0.060542	0.193334	0.125176	
0.062867	0.067884	0.185850	0.185209	
0.122354	0.064936	0.002233	0.312762	
0.126905	0.370652	0.004103	0.000388	
0.248986	0.065578	0.000288	0.187463	
0.001227	0.000672	0.313972	0.187490	
0.128294	0.000034	0.316026	0.062007	
0.195898	0.304923	0.000187	0.000322	
0.382545	0.000639	0.056341	0.062565	
0.000000	0.000000	0.000000	0.501390	
0.188575	0.125298	0.124832	0.062213	
0.066696	0.433529	0.000081	0.000242	
0.062935	0.060448	0.065183	0.312954	
0.058894	0.129820	0.188177	0.125305	
0.000305	0.126136	0.000012	0.377800	
0.065330	0.059462	0.125173	0.251224	
0.315923	0.000490	0.059434	0.126785	
0.189488	0.000129	0.000199	0.312013	
0.061935	0.308975	0.003028	0.128912	
0.060896	0.063542	0.252123	0.125804	
0.128545	0.123210	0.000335	0.249614	
0.071739	0.120511	0.000989	0.307232	
0.305256	0.065001	0.004992	0.127380	
0.000000	0.000000	0.500815	0.000000	
0.000128	0.187435	0.252488	0.060333	
0.125433	0.188656	0.187138	0.000291	
0.000016	0.062479	0.000003	0.439234	
0.377350	0.063501	0.061233	0.000000	
0.000640	0.438749	0.061542	0.001109	
0.063270	0.066863	0.372314	0.000061	
0.005837	0.187651	0.307901	0.000177	
0.000428	0.119273	0.069760	0.311734	
0.130812	0.250280	0.057310	0.062597	
0.000083	0.313183	0.126627	0.061801	
0.120002	0.000517	0.072090	0.308624	
0.009263	0.006288	0.061534	0.423419	
0.000000	0.500933	0.000000	0.000000	
0.376889	0.000634	0.124697	0.000190	
0.000386	0.313435	0.063617	0.124760	
0.001247	0.062929	0.252962	0.183837	
0.440096	0.000000	0.000024	0.062373	
0.254768	0.124453	0.000768	0.122363	
0.129871	0.063886	0.120631	0.188750	
0.190310	0.000443	0.124011	0.186677	
0.003347	0.062517	0.437025	0.000201	
0.125912	0.252369	0.122903	0.000017	
0.253148	0.001358	0.250352	0.000682	
0.000486	0.374501	0.125402	0.000134	
0.073529	0.113758	0.313453	0.000358	
0.128116	0.126994	0.184190	0.061872	
0.070714	0.247899	0.059452	0.123502	
0.197782	0.062715	0.188508	0.053431	
0.001965	0.123983	0.124318	0.252526	
0.176280	0.071669	0.127266	0.127111	
0.187725	0.126966	0.000188	0.187414	
0.000983	0.438238	0.000290	0.062719	
0.068666	0.242461	0.129561	0.060262	
0.190314	0.186041	0.122406	0.002107	
0.127551	0.186154	0.000050	0.187600	
0.066743	0.124082	0.119927	0.189636	
0.000969	0.382079	0.060824	0.059107	
0.134155	0.183577	0.121038	0.063983	
0.190778	0.184820	0.000823	0.124321	
0.066549	0.178390	0.069750	0.186633	
0.251003	0.001684	0.000180	0.250158	
0.063646	0.000037	0.376159	0.061336	
0.063285	0.247904	0.188844	0.001441	
0.125084	0.001136	0.124588	0.251690	
0.001310	0.125283	0.249913	0.124426	
0.000649	0.127169	0.189927	0.184189	
0.246615	0.135628	0.058042	0.062868	
0.189051	0.067726	0.000642	0.244836	
0.314444	0.124228	0.000017	0.063290	
0.125402	0.127500	0.248154	0.000009	
0.125964	0.063902	0.311165	0.000480	
0.061874	0.065388	0.313402	0.061492	
0.000000	0.059034	0.315752	0.126776	
0.192158	0.056322	0.061548	0.192437	
0.180142	0.000142	0.070468	0.251634	
0.063546	0.187772	0.000007	0.251732	
0.000000	0.000000	0.439379	0.063120	
0.001038	0.063868	0.061511	0.375470	
0.187800	0.249877	0.000060	0.063833	
0.127033	0.058597	0.252414	0.062731	
0.003380	0.065728	0.190496	0.242899	
0.317147	0.003626	0.124035	0.060528	
0.051269	0.128410	0.073177	0.249831	
0.127412	0.000159	0.250606	0.124978	
0.080202	0.367415	0.050338	0.004432	
0.250256	0.061497	0.128869	0.059924	
0.060891	0.001904	0.124378	0.315184	
0.000791	0.312548	0.187428	0.000498	
0.000348	0.000180	0.126960	0.376791	
0.377396	0.122111	0.000000	0.001409	
0.000556	0.248003	0.000164	0.253495	
0.189392	0.127316	0.185102	0.000318	
0.375859	0.000324	0.000010	0.124817	
0.190604	0.190685	0.057625	0.062161	
0.000492	0.189321	0.123268	0.188287	
0.252039	0.187657	0.000048	0.062687	
0.375188	0.063433	0.000888	0.061737	
0.183639	0.003297	0.313867	0.000066	
0.120063	0.317614	0.000060	0.063833	
0.001662	0.001043	0.187126	0.311001	
0.126970	0.189654	0.059651	0.125818	
0.508379	0.000000	0.000000	0.000000	
0.005485	0.126544	0.366812	0.001935	
0.000366	0.000098	0.375944	0.125633	
0.258563	0.193654	0.050081	0.000092	
0.000257	0.375579	0.000007	0.125825	
0.192971	0.000177	0.189996	0.125364	
0.063636	0.000000	0.000266	0.436896	
0.307268	0.130508	0.060713	0.002020	
0.062222	0.000057	0.253106	0.194755	
0.312231	0.001346	0.187570	0.000260	
0.064288	0.375816	0.000431	0.062153	
0.000157	0.062014	0.377328	0.062395	
0.000348	0.000036	0.250858	0.250587	
0.061810	0.059880	0.000267	0.379004	
0.189694	0.063033	0.247982	0.000869	
0.192196	0.125400	0.060265	0.123435	
0.067275	0.187561	0.246601	0.001569	
0.066576	0.180271	0.127436	0.128153	
0.439732	0.000000	0.062937	0.000045	
0.000706	0.314564	0.000208	0.186421	
0.127784	0.002288	0.370885	0.000017	
0.126088	0.125541	0.123219	0.127325	
0.439734	0.060909	0.000000	0.000002	
0.063212	0.002130	0.435783	0.000200	
0.004467	0.187210	0.189197	0.121927	
0.365520	0.066265	0.007758	0.061742	
0.004934	0.003113	0.493562	0.000000	
0.118777	0.049358	0.329106	0.003348	
0.392245	0.107261	0.000000	0.001409	
0.003551	0.249146	0.248572	0.000800	
0.243969	0.181648	0.000046	0.076765	
0.000015	0.068852	0.189831	0.242052	
0.000165	0.191805	0.121113	0.188289	
0.069560	0.113393	0.010353	0.307337	
0.176768	0.003234	0.135366	0.187279	
0.018147	0.462350	0.020627	0.000200	
0.080700	0.250244	0.169522	0.001349	
0.062170	0.115582	0.112227	0.212463	
0.000924	0.121200	0.003737	0.375461	
0.128815	0.147159	0.038885	0.187465	
0.000819	0.322686	0.051369	0.128448	
0.080185	0.081397	0.276466	0.062732	
0.207191	0.102019	0.192511	0.001410	
0.325317	0.002853	0.045479	0.126860	
0.080803	0.170760	0.000179	0.250415	
0.001188	0.059931	0.240909	0.199271	
0.063350	0.000000	0.000553	0.436903	
0.189240	0.002361	0.188473	0.124360	
0.253857	0.060567	0.061416	0.126783	
0.004461	0.217872	0.219457	0.060535	
0.411557	0.085007	0.004437	0.000000	
0.119929	0.329644	0.006909	0.045337	
0.194125	0.241985	0.065812	0.000316	
0.002527	0.331403	0.129841	0.037011	
0.314150	0.000529	0.000707	0.185816	
0.135229	0.066059	0.174626	0.125911	
0.190239	0.060624	0.249894	0.000869	
0.000206	0.119187	0.069842	0.311363	
0.176276	0.071667	0.127263	0.127116	
