0.624500	0.659557	0.330463	0.290993	0.001103	
0.837971	0.018215	0.002716	0.004798	0.560284	
0.004667	0.959412	0.000012	0.310408	0.003812	
0.003182	0.000805	0.235251	0.979672	0.001472	
0.034424	0.856764	0.530137	0.025829	0.000636	
0.014002	0.869626	0.009165	0.224446	0.459859	
0.004288	0.442470	0.654404	0.625692	0.010379	
0.678809	0.031218	0.012666	0.448702	0.594545	
0.006547	0.420420	0.916112	0.000363	0.005559	
0.266253	0.024752	0.263676	0.935456	0.000270	
0.006064	0.435490	0.000424	0.908678	0.001238	
0.841628	0.042746	0.003167	0.560169	0.000137	
0.316933	0.024089	0.029008	0.305807	0.906837	
0.305393	0.960794	0.001977	0.002553	0.004028	
0.000017	0.000171	0.000001	0.978469	0.243927	
0.815185	0.000056	0.593054	0.001265	0.004446	
0.299877	0.008347	0.017831	0.805253	0.526527	
0.705117	0.087071	0.004011	0.638609	0.319920	
0.152350	0.943087	0.214070	0.000986	0.239487	
0.467941	0.858198	0.010308	0.249428	0.015956	
0.000008	0.000019	0.000020	0.237794	0.979255	
0.907033	0.004187	0.340999	0.004673	0.278758	
0.982306	0.014890	0.001327	0.231469	0.000535	
0.001086	0.659402	0.515612	0.024435	0.562139	
0.166909	0.983294	0.152181	0.006431	0.000293	
0.978343	0.000068	0.000078	0.000016	0.242690	
0.005780	0.814376	0.009737	0.002712	0.594587	
0.392290	0.010491	0.387612	0.000506	0.846627	
0.004508	0.956265	0.211068	0.000986	0.236985	
0.237038	0.000955	0.934486	0.004645	0.294930	
0.250030	0.723792	0.004685	0.406997	0.516104	
0.007997	0.881250	0.415228	0.002439	0.260791	
0.363401	0.911002	0.235509	0.001289	0.003370	
0.000666	0.036349	0.681075	0.662462	0.337260	
0.028725	0.682255	0.260633	0.622276	0.312250	
0.274670	0.007005	0.915006	0.321824	0.000327	
0.267647	0.839394	0.016955	0.490661	0.005434	
0.043739	0.000361	0.667664	0.755364	0.007953	
0.005429	0.120610	0.816502	0.580510	0.015753	
0.813193	0.097605	0.365515	0.340434	0.311526	
0.001101	0.963274	0.310094	0.000272	0.000002	
0.000012	0.001351	0.842780	0.000000	0.553620	
0.340137	0.001783	0.002326	0.916837	0.243892	
0.006882	0.869918	0.000544	0.453520	0.229964	
0.268161	0.717710	0.005437	0.656437	0.001420	
0.000382	0.000751	0.982781	0.004486	0.239622	
0.000000	0.000011	1.008618	0.000000	0.000000	
0.019245	0.478683	0.294158	0.000497	0.837063	
0.004581	0.014147	0.915001	0.319709	0.278434	
0.000097	0.000104	0.000035	0.836784	0.563198	
0.242764	0.006427	0.380353	0.362269	0.827362	
0.001131	0.718090	0.256251	0.260424	0.606354	
0.000502	0.000956	0.981418	0.231233	0.001536	
0.401855	0.013776	0.651089	0.655624	0.001418	
0.858036	0.455249	0.004945	0.266301	0.000549	
0.260296	0.917894	0.227977	0.228586	0.008915	
0.569574	0.654133	0.001846	0.000605	0.542640	
0.811036	0.533518	0.003511	0.000622	0.273514	
0.014391	0.525878	0.811519	0.008689	0.285443	
0.596720	0.817079	0.001404	0.001531	0.003785	
0.000830	0.794552	0.002127	0.621605	0.000178	
0.310920	0.362081	0.699983	0.017205	0.545931	
0.004407	0.856893	0.221746	0.000891	0.483967	
0.248010	0.660795	0.638639	0.335335	0.008150	
0.000092	1.000363	0.000154	0.000633	0.127238	
0.935685	0.005635	0.302502	0.224276	0.001205	
0.041265	0.918667	0.208583	0.355805	0.004915	
0.654606	0.043504	0.378582	0.664671	0.000023	
0.219498	0.926114	0.015371	0.210566	0.262623	
0.585559	0.608604	0.000655	0.551187	0.010230	
0.675149	0.009640	0.678025	0.014862	0.314836	
0.336253	0.063126	0.765867	0.451254	0.330633	
0.898881	0.086815	0.000282	0.316635	0.316619	
1.008198	0.000070	0.000007	0.000037	0.000005	
0.526611	0.001765	0.858762	0.016677	0.002199	
0.005108	0.659371	0.009674	0.723512	0.237009	
0.000039	0.003174	0.562287	0.000513	0.837248	
0.228242	0.057731	0.000147	0.980321	0.004428	
0.000056	0.000087	0.000131	0.559283	0.838802	
0.300227	0.546295	0.797479	0.000698	0.000184	
0.207201	0.922497	0.350948	0.004018	0.000558	
0.634456	0.645519	0.311613	0.006148	0.314374	
0.003667	0.443476	0.002694	0.002060	0.906510	
0.246603	0.711642	0.601805	0.000666	0.294864	
0.460547	0.859043	0.005378	0.004307	0.257880	
0.723664	0.090181	0.340271	0.010851	0.608139	
0.705317	0.068121	0.634228	0.333434	0.022363	
0.013169	0.682538	0.258308	0.698081	0.001797	
0.247031	0.002758	0.977437	0.002270	0.001268	
0.137924	0.998637	0.001682	0.004444	0.000002	
0.000012	0.015774	0.213744	0.001973	0.985299	
0.977786	0.018258	0.245537	0.000069	0.000155	
0.006504	0.730763	0.004471	0.495558	0.489155	
0.003579	0.991823	0.131220	0.158199	0.009669	
0.001658	0.054229	0.307749	0.904075	0.320191	
0.004870	1.001136	0.005384	0.127526	0.001795	
0.622815	0.406551	0.681301	0.003578	0.012747	
0.243165	0.862723	0.001244	0.005760	0.461238	
0.039547	0.871737	0.451353	0.231476	0.000535	
0.008373	0.050475	0.290507	0.282629	0.922567	
0.224971	0.704511	0.335806	0.001413	0.598493	
0.000000	0.000000	0.000000	0.000000	1.007906	
0.605969	0.695931	0.001963	0.312817	0.311378	
0.484029	0.085502	0.499648	0.605662	0.397966	
0.417493	0.005475	0.006782	0.917055	0.001238	
0.290888	0.506067	0.003115	0.044257	0.819944	
0.000827	0.018412	0.786567	0.302025	0.552123	
0.019959	0.523878	0.002690	0.283233	0.812201	
0.000000	0.000001	0.000001	1.007871	0.000000	
0.254806	0.010604	0.001578	0.009487	0.975780	
0.140169	0.986909	0.001349	0.158892	0.009635	
0.001050	1.004611	0.127307	0.001761	0.000179	
0.005452	0.992220	0.005513	0.126391	0.127471	
0.900496	0.453358	0.001035	0.001294	0.012049	
0.301985	0.581833	0.378285	0.665353	0.000023	
0.572002	0.000040	0.002049	0.000021	0.830172	
0.252533	0.779970	0.368519	0.336572	0.308078	
0.016509	0.679741	0.604683	0.306974	0.308153	
0.817079	0.533326	0.254643	0.004677	0.016889	
0.000228	1.983179	0.000034	0.000938	0.000138	
0.289019	0.669831	0.004676	0.617637	0.322221	
0.013328	0.546852	0.811712	0.243019	0.001879	
0.016081	0.934890	0.218362	0.200293	0.234815	
0.001455	0.952901	0.003605	0.004583	0.329888	
0.141853	0.983597	0.000539	0.025511	0.166674	
0.045119	0.033414	0.000319	0.997805	0.137511	
0.970277	0.235572	0.124390	0.078291	0.000321	
0.134149	0.944524	0.001291	0.327029	0.009627	
0.238847	0.748161	0.195949	0.001408	0.602042	
0.305392	0.960789	0.001977	0.004209	0.004028	
0.165572	0.041221	0.140425	0.984695	0.001167	
0.003951	0.985248	0.130877	0.157161	0.058268	
0.019946	0.444061	0.649192	0.302028	0.552127	
0.935685	0.005635	0.302502	0.224276	0.001205	
0.985024	0.006498	0.000078	0.000811	0.213352	
0.010239	0.313020	0.338201	0.896898	0.000636	
0.009015	0.876410	0.500401	0.004126	0.001883	
0.424661	0.732306	0.007932	0.015742	0.547540	
0.842799	0.304396	0.036361	0.008010	0.460234	
0.434560	0.129735	0.594470	0.249457	0.629446	
0.292834	0.023104	0.026808	0.282616	0.922524	
0.002665	0.248216	0.056625	0.088709	0.972477	
0.200089	0.131623	0.000522	0.000153	0.979821	
0.288590	0.027872	0.965538	0.009938	0.000327	
0.006439	0.518437	0.815909	0.015015	0.285345	
0.005361	0.755292	0.186716	0.044154	0.640650	
0.438285	0.833585	0.150515	0.224711	0.235122	
0.622815	0.406551	0.681301	0.003578	0.012747	
0.223879	0.575294	0.558876	0.569753	0.008149	
0.008217	0.798830	0.076333	0.611071	0.001882	
0.529187	0.155997	0.818665	0.202542	0.004774	
0.001384	0.002631	0.981414	0.231233	0.001536	
0.886510	0.106405	0.002523	0.352397	0.311713	
0.260057	0.916047	0.242246	0.224092	0.008920	
0.254739	0.001595	0.001559	0.821111	0.526788	
0.429552	0.337995	0.847550	0.004505	0.015193	
0.000000	0.000001	0.000001	1.008271	0.000000	
0.001843	0.060300	0.299013	0.961226	0.022785	
0.001792	0.058633	0.290745	0.934647	0.236533	
0.491444	0.143309	0.817661	0.042630	0.288777	
0.000008	0.000685	0.966227	0.000881	0.288269	
0.234075	0.001420	0.372209	0.364816	0.832428	
0.037346	0.750390	0.377304	0.555286	0.030094	
0.000692	0.732776	0.036973	0.491333	0.489181	
0.000006	0.000020	0.000021	0.237794	0.979255	
0.028593	0.682260	0.260633	0.622275	0.313921	
0.053289	0.923066	0.001967	0.313436	0.307671	
0.000659	0.000974	0.001496	0.573094	0.829486	
0.324409	0.870165	0.218582	0.004588	0.325785	
0.000093	1.007646	0.000155	0.000638	0.037921	
0.500765	0.871196	0.009416	0.076110	0.015939	
0.027408	0.885804	0.009339	0.228701	0.424951	
0.701644	0.004256	0.001007	0.582165	0.430999	
0.317520	0.851687	0.212271	0.197266	0.325773	
0.004566	0.014101	0.912009	0.327856	0.278405	
0.000670	0.035990	0.674352	0.642317	0.384019	
0.005779	0.814160	0.021117	0.002712	0.594587	
0.021966	0.906556	0.340916	0.004672	0.278690	
0.001121	0.680578	0.474145	0.024214	0.573375	
0.295204	0.339030	0.015000	0.860383	0.322582	
0.084618	0.196679	0.000836	0.103415	0.979186	
0.000044	0.003604	0.561951	0.000512	0.836752	
0.140158	0.986835	0.001349	0.158880	0.013289	
0.265093	0.830158	0.431148	0.059667	0.260088	
0.803259	0.528402	0.129839	0.000622	0.273348	
0.228282	0.021222	0.227150	0.954757	0.019809	
0.633569	0.681096	0.240717	0.000125	0.304394	
0.832852	0.446578	0.246629	0.250220	0.016885	
0.032161	0.034313	0.000267	0.835804	0.561922	
0.257341	0.807266	0.005184	0.450331	0.309184	
0.001583	0.952662	0.003604	0.004581	0.329805	
0.725504	0.006450	0.637507	0.013075	0.291017	
0.033338	0.734872	0.380490	0.195134	0.543280	
0.040223	0.251667	0.975872	0.008670	0.002003	
0.000092	1.000363	0.000154	0.000633	0.127238	
0.133936	0.001564	0.652210	0.757623	0.007950	
0.107778	0.786024	0.196126	0.046379	0.589411	
0.158186	0.058467	0.165610	0.027189	0.979782	
0.723221	0.090126	0.340062	0.014580	0.607811	
0.190337	0.002147	0.658463	0.739919	0.007950	
