0.470158	1.014627	0.532781	0.564180	0.699999	0.718834	0.783008	0.032735	
0.075709	0.205473	0.091998	0.590811	1.767654	1.040072	0.770957	0.051611	
0.706676	0.182482	0.177069	3.515165	0.801546	0.771441	0.871873	0.024605	
0.225666	0.105237	0.541097	1.347554	0.673619	0.699701	0.796533	0.002523	
0.198939	0.086398	0.622500	0.261118	0.281364	0.266529	2.207724	0.000902	
0.087697	0.033805	0.235433	0.550605	1.511042	0.622213	0.667036	1.079561	
0.039756	0.016649	0.102187	0.247250	0.661136	1.812899	0.767173	0.010597	
0.188786	0.425739	0.994045	0.483478	0.565484	0.580521	0.685526	1.045176	
0.357948	0.090003	1.460860	0.377929	2.612962	0.758209	0.865676	0.031356	
0.369095	0.188217	0.849415	0.453639	0.526815	1.090722	0.774547	0.008077	
1.207216	0.408152	1.434355	0.667821	0.687843	0.730271	0.824718	0.040641	
3.532966	0.702921	0.722292	0.738343	0.792400	0.772746	0.898018	0.001443	
0.106806	0.041310	0.260801	0.668870	0.332114	0.306109	1.973276	0.006374	
0.093636	0.017174	0.013622	0.018036	0.771426	0.097764	6.244903	0.001510	
0.029277	0.012084	0.081474	0.203583	0.542202	1.510055	0.627539	1.224070	
0.025390	0.058148	0.170363	0.091625	0.598595	0.212909	1.977611	1.231685	
0.119808	0.044302	0.062596	0.346442	1.009943	0.394163	1.927481	0.006672	
0.000000	0.000000	0.000000	0.000000	0.000000	0.000000	0.000000	1.683136	
0.981034	0.415057	0.460702	0.603562	0.567130	0.604555	0.688435	0.995096	
0.884954	0.383146	0.481763	0.472392	0.545326	1.197085	0.782116	0.009532	
0.194532	0.092152	0.460391	1.130398	0.575846	0.600791	0.685011	0.966006	
0.367265	1.354991	0.375100	0.381298	2.456078	0.751972	0.901542	0.001172	
0.041956	0.007360	0.122712	0.750411	4.385825	0.769097	0.860358	0.000434	
0.405982	0.099090	0.108619	1.615199	2.605879	0.756034	0.780115	0.000849	
1.443638	0.484234	0.377498	0.464816	2.737556	0.759014	0.920038	0.001306	
0.747813	4.117623	1.415723	0.765617	1.255443	0.910556	0.856485	0.001377	
0.029120	0.010283	0.094840	0.264732	0.102187	0.922513	2.299181	0.007167	
0.584241	0.203535	0.222509	0.299887	0.309139	0.274633	2.194566	0.059359	
0.433334	1.066745	0.478120	0.534166	0.651585	0.606103	0.721334	1.042405	
0.691093	0.142133	3.410828	0.732325	0.926006	0.815444	0.898068	0.001592	
0.100647	0.019581	0.015872	0.020609	0.768723	0.106842	5.698020	0.000425	
0.207743	0.098719	0.264365	0.141877	0.947641	0.405832	1.772572	0.006655	
0.028512	0.011577	0.083568	0.217191	0.548867	1.625329	0.642627	1.256944	
0.104891	0.040235	0.294743	0.745963	0.367677	0.337821	1.947461	0.006447	
0.090340	0.048577	0.242064	0.615969	0.292354	1.716292	0.810845	0.009233	
0.759074	4.305973	1.459543	0.773317	1.099625	0.913141	0.995964	0.001424	
1.510455	0.423660	1.875203	0.712036	0.713501	0.748538	0.847626	0.001498	
0.444483	0.185883	0.207592	0.237137	1.408681	0.593417	0.638081	1.185261	
1.081871	0.435018	0.480185	0.633170	0.582602	0.615329	0.663136	1.041920	
0.353325	0.079525	1.646288	0.378323	2.983638	0.761137	0.835678	0.035001	
0.063199	0.022277	0.023681	0.188029	0.600787	0.210515	2.011891	1.250950	
0.000000	0.000000	0.000000	0.000000	0.000000	0.000000	0.000000	1.683136	
0.383502	0.088142	0.116467	1.636193	2.832683	0.760448	0.794282	0.101681	
0.018985	0.008206	0.050589	0.120559	0.312569	0.831863	1.819538	0.005820	
3.532184	0.702765	0.726255	0.738343	0.792400	0.772746	0.898018	0.001443	
0.249062	0.104541	0.594756	0.267467	0.318875	0.323768	1.885319	0.029090	
0.187342	0.095819	0.429712	0.922758	0.523953	1.092125	0.774289	0.008053	
0.716563	0.444260	0.450034	0.454865	0.527470	1.098738	0.775715	0.008842	
0.445608	0.195797	0.191865	1.283918	0.550675	0.588122	0.648020	1.206597	
0.709852	0.181249	0.173636	3.575243	0.804299	0.779094	0.871711	0.024969	
0.191034	0.492494	1.272430	0.530915	0.579055	0.605653	0.646339	1.180213	
0.040921	0.114042	0.357194	1.228009	2.055566	0.737648	0.808711	0.008937	
1.938935	0.311066	0.325635	0.370390	0.351462	0.327376	4.646255	0.000006	
0.528710	1.383133	0.522792	0.554501	0.605774	0.608528	0.671403	1.340376	
0.630559	0.182195	2.263436	0.685007	0.861898	0.738974	0.883962	0.028953	
0.890645	3.020984	0.803258	0.727783	1.024029	0.856064	0.831303	0.001761	
0.183681	0.779615	3.117814	1.090208	0.938538	0.762715	0.827937	0.000276	
0.722653	0.148588	0.120916	0.154938	5.197554	0.770839	0.936599	0.068775	
0.407414	0.920558	0.466939	0.480814	0.542591	1.191440	0.781332	0.034185	
0.345049	0.122890	0.997205	0.382369	1.691080	0.725617	0.779824	0.028469	
0.714946	0.178969	0.170895	3.685277	0.808474	0.780896	0.875317	0.025627	
1.516700	0.423253	1.890566	0.713120	0.714129	0.748974	0.848283	0.001506	
1.041120	0.616767	0.621283	0.613115	0.684101	0.704070	0.770285	0.009606	
0.237128	0.605033	1.630423	0.645992	0.701442	0.728066	0.772390	0.011082	
0.218564	0.494035	0.247954	0.275334	0.336696	0.325068	1.718831	0.020640	
0.190854	0.475430	1.233915	0.627062	0.578697	0.605257	0.654189	1.177819	
0.203582	0.623758	0.253654	0.246839	0.303665	0.261433	2.370797	0.027374	
0.599251	1.389369	0.543472	0.639362	0.620516	0.634351	0.666330	1.206883	
0.025678	0.061527	0.029371	0.179010	0.607875	0.201307	2.122629	1.313365	
0.397280	0.899526	0.446630	0.578159	0.553279	0.621297	0.684642	0.957901	
0.714762	0.127794	4.017436	0.737641	0.975389	0.832746	0.925405	0.002438	
0.119254	0.046194	0.332388	0.835197	0.414735	0.382911	1.862769	0.006351	
0.725005	0.235723	0.246303	0.261119	0.293913	0.266475	2.559908	0.029622	
0.035546	0.014689	0.098814	0.246666	0.664172	1.844593	0.767662	0.006329	
0.030944	0.008825	0.108423	0.342304	1.261029	0.367762	2.538392	0.008569	
0.489905	0.197080	0.219322	0.216084	1.556855	0.624607	0.668019	1.102724	
0.382670	0.090304	0.113915	1.594149	2.747667	0.769367	0.793355	0.099128	
1.013483	0.456642	0.451467	0.579162	0.545009	0.584676	0.646156	1.173903	
0.245310	0.097716	0.587962	0.313491	0.320065	0.323828	1.910312	0.017651	
0.191681	0.084694	0.481334	1.260427	0.590244	0.601438	0.647654	1.095571	
0.388627	0.112716	1.321562	0.360065	2.512743	0.757488	0.817832	0.010139	
3.449810	0.697187	0.720739	0.733230	0.806886	0.769169	0.950577	0.001421	
0.221244	0.064967	0.748426	2.267535	0.894820	0.740929	0.842708	0.012708	
0.000000	0.000000	0.000000	0.000000	0.000000	0.000000	0.000000	1.680212	
0.130156	0.024762	0.019993	0.780071	5.731762	0.804485	0.966354	0.001421	
0.219255	0.493850	0.248005	0.275390	0.336765	0.324725	1.718831	0.020640	
0.169735	0.503458	0.192250	1.621574	0.591056	1.589498	0.801913	0.044674	
0.486725	1.086798	0.549234	0.575213	0.716919	0.727481	0.780427	0.033803	
0.035446	0.014629	0.098651	0.246499	0.664448	1.847528	0.767706	0.006337	
0.021121	0.081881	0.359938	1.875797	3.408473	0.764069	0.844605	0.013117	
1.884903	0.642010	0.674072	0.717507	0.737745	0.736217	0.837527	0.002611	
0.068209	0.025130	0.212211	0.078184	0.559581	1.777915	0.644188	1.323971	
0.161930	0.732598	0.179481	3.444920	1.096769	0.778321	0.870206	0.024696	
0.180365	0.076865	0.487470	1.300421	0.553388	0.589109	0.648579	1.216616	
1.903076	0.306535	0.460976	0.370023	0.359938	0.327652	4.626608	0.000006	
1.209979	0.544945	0.503239	0.591294	0.688516	0.614922	0.735607	1.138104	
0.101759	0.037463	0.295053	0.769948	0.365983	0.330997	2.034091	0.006674	
0.244318	0.089779	0.710585	0.347677	0.347987	0.345085	2.035502	0.019024	
0.186947	0.578071	1.924469	0.600100	0.643307	0.647204	0.671702	1.403859	
0.810113	0.206654	3.073987	0.714218	0.866027	0.813054	0.880198	0.001857	
