0.010848	0.030833	0.111955	0.164097	0.652439	0.198487	2.421923	1.231230	
0.000000	0.000000	0.000000	0.000000	0.000000	0.000000	0.000000	1.708867	
1.106665	0.393096	0.417165	1.783733	0.702558	0.742907	0.780341	0.008425	
0.067814	0.034240	0.151846	0.354958	0.439992	1.233936	0.654446	0.901752	
0.177780	0.499593	1.489458	0.565374	0.712670	0.650416	0.694321	1.025929	
3.842127	0.809180	0.846577	0.744177	0.807060	0.785375	0.792646	0.001212	
0.123407	0.060443	0.249055	0.139077	0.623786	1.488941	0.770595	0.045750	
0.545016	1.717010	0.573225	0.566275	0.631169	0.622423	0.688785	1.505114	
0.139244	0.416962	1.331028	0.461980	1.651088	0.729157	0.833159	0.050632	
0.047869	0.218053	0.847479	3.246604	0.864943	0.763956	0.806656	0.018412	
0.112489	0.056670	0.263443	0.566135	1.290143	0.688333	0.761335	0.046059	
0.050507	0.135174	0.351947	0.142627	1.065389	0.427267	1.843043	0.034757	
0.089465	0.188576	0.509216	1.430182	0.592897	0.632230	0.729862	0.984034	
0.101557	0.218580	0.549172	1.417900	0.651217	0.708106	0.766444	0.051354	
1.269596	0.238445	0.302536	0.234645	0.237420	0.246574	4.293643	0.001510	
0.330801	0.722231	0.331985	0.340283	0.393264	0.397244	1.790998	0.041427	
0.168023	0.699658	3.810898	0.778667	0.903832	0.783060	0.814221	0.021057	
1.222465	0.518916	0.569332	0.602201	0.690874	0.709371	0.770841	0.017222	
1.137220	0.303613	0.334505	0.373793	2.524656	0.755091	0.780775	0.001092	
0.033929	0.013744	0.074889	0.213483	0.262624	0.880960	1.892695	0.014858	
0.400853	0.222110	0.842034	0.524482	0.593098	0.675514	0.818457	0.090138	
0.030774	0.158725	0.709709	0.191260	3.900099	0.770914	0.792714	0.016677	
1.041513	0.479105	0.539258	0.516935	0.582160	0.616443	0.693641	1.055700	
0.370658	1.401112	0.381676	2.327344	0.822427	0.833783	0.788706	0.000749	
0.027411	0.092656	0.330913	1.393404	2.980476	0.764611	0.783965	0.001306	
0.003237	0.017164	0.121664	0.023391	0.765078	0.115366	5.454022	0.004472	
0.120942	0.290045	0.759568	0.339559	0.393011	0.401380	1.712517	0.039795	
0.048547	0.090562	0.253679	0.668862	0.304930	0.314882	1.888305	0.001393	
0.152442	0.046698	0.630562	0.164225	2.608449	0.675389	0.731197	1.420790	
0.489321	1.550143	0.532684	0.531121	1.570802	0.740602	0.780760	0.008972	
0.739849	4.030947	0.802305	0.746664	0.785782	0.771657	0.825001	0.006609	
0.400231	0.763849	0.460557	0.512088	0.598998	0.682234	0.793622	0.090138	
0.047869	0.218053	0.847479	3.246604	0.864943	0.763956	0.806656	0.018412	
0.368984	1.665324	0.375649	2.926293	0.872161	0.869211	0.794661	0.000722	
0.373183	1.185737	0.334855	0.374714	2.702803	0.759228	0.782084	0.000852	
0.048809	0.101786	0.278688	0.738621	0.336226	0.347425	1.846726	0.001393	
3.841274	0.809000	0.846389	0.744011	0.806881	0.785201	0.797655	0.001212	
1.234515	0.528285	0.518838	0.538212	0.610702	0.627958	0.702918	1.146326	
0.743416	4.152924	0.820481	0.749724	0.775154	0.772338	0.835286	0.001287	
0.059267	0.142123	0.341280	0.156598	0.956672	0.444631	1.646845	0.009871	
1.635130	0.644873	0.709189	0.607257	0.679921	1.106131	0.948102	0.050660	
0.150965	0.045668	0.634068	0.162300	2.661619	0.677559	0.733219	1.435781	
0.035532	0.090694	0.227133	0.101892	0.666734	1.823452	0.771517	0.010420	
0.004183	0.021451	0.120269	0.023131	0.765987	0.114137	5.498265	0.004508	
0.425852	0.212646	0.969360	0.537252	0.692696	0.683376	0.762380	0.001605	
0.044584	0.021320	0.096672	0.226404	0.281780	0.803412	1.575156	0.025631	
0.258989	0.923786	0.281854	0.281691	0.289378	0.297408	2.703433	0.012015	
0.170466	0.645264	2.257361	0.624913	0.650925	0.668042	0.696241	1.416818	
0.032069	0.152755	0.713241	0.193202	4.109217	0.783046	0.793943	0.017490	
0.000000	0.000000	0.000000	0.000000	0.000000	0.000000	0.000000	1.711348	
0.134496	0.430894	1.463933	0.471274	1.801674	0.741026	0.786160	0.052321	
0.174851	0.835289	3.362763	0.731078	0.877472	0.766381	0.809041	0.019092	
0.150169	0.069187	0.338034	0.138443	0.463700	1.711040	0.656677	1.222540	
0.009878	0.020414	0.051992	0.130770	0.318227	0.591201	1.585407	0.862881	
0.059314	0.190702	0.577364	2.048146	0.635961	0.664318	0.701293	1.239808	
0.319922	0.108721	1.043340	0.379228	0.505019	0.410328	2.148913	0.013992	
0.097008	0.211808	0.504317	0.256369	1.277245	0.841586	0.853936	0.036742	
0.667870	2.662911	0.740250	0.752280	0.731266	0.758554	0.794145	0.000950	
1.019577	0.369216	0.466111	1.680591	0.677899	0.717910	0.967344	0.008251	
0.057398	0.199942	0.714848	2.627535	0.756108	0.736468	1.015948	0.031008	
0.009738	0.020193	0.051604	0.130242	0.317968	0.591692	1.592306	0.866077	
0.059688	0.190505	0.639260	2.154209	0.759251	0.745257	0.791150	0.069687	
0.180292	0.556791	1.756525	0.574305	0.619973	0.641287	0.824083	1.377471	
0.238271	1.029686	0.313143	0.274594	0.401888	0.276286	3.313692	0.014561	
1.231546	0.527168	0.517755	0.535498	0.609279	0.626688	0.701365	1.152718	
0.145856	0.042371	0.643948	0.155819	2.828769	0.680020	0.736712	1.512385	
0.048044	0.100388	0.278383	0.746098	0.334785	0.345783	1.872412	0.039228	
0.147346	0.930268	4.730836	0.818459	0.820818	0.766862	1.129937	0.015353	
0.079319	0.336054	1.543522	0.362682	0.567730	0.385317	3.158727	0.020023	
0.367167	0.177221	0.161323	0.172493	0.540858	1.869181	0.774162	0.012658	
0.131505	0.413273	1.385579	0.455507	1.708155	0.716622	0.990048	0.051356	
1.656424	0.658718	0.719234	0.615858	0.690604	1.046842	0.948102	0.050660	
0.204988	0.450386	0.257476	0.255838	1.288581	0.844939	0.855440	0.036952	
0.489321	1.550143	0.532684	0.531121	1.570802	0.740602	0.780760	0.008972	
0.745096	4.059021	0.858462	0.747718	0.812536	0.787643	0.800310	0.001266	
0.057148	0.140751	0.343416	0.153591	0.977614	0.443167	1.685376	0.010087	
0.000000	0.000000	0.000000	0.000000	0.000000	0.000000	0.000000	1.845995	
0.177737	0.062608	0.530960	1.701653	0.644702	0.633732	0.662964	1.271406	
0.239828	0.114708	0.562231	0.291580	0.380847	0.368203	1.572597	0.001669	
0.250824	0.919963	0.285369	0.271887	0.282682	0.282927	2.816422	0.278806	
0.115599	0.037825	0.395647	0.127984	0.507679	2.304790	0.690909	1.305230	
0.214882	0.055999	0.837104	3.122887	1.146274	0.763015	0.815631	0.018343	
0.430222	0.856012	0.488850	0.537557	0.605462	0.669814	0.801176	0.010480	
0.020900	0.119134	0.736991	0.157296	4.851345	0.791020	0.797906	0.020377	
0.186325	0.813536	3.041239	0.726452	0.751542	0.765838	0.788754	0.017496	
0.531748	2.166025	0.543801	3.889615	0.790912	0.788140	0.828881	0.007003	
0.279016	0.909341	0.292610	0.287313	1.895182	0.624087	0.691997	1.559374	
0.035915	0.015948	0.086799	0.221453	0.273161	0.837253	1.709496	0.027474	
0.569380	0.219114	0.228139	0.228285	0.241384	0.255247	2.226124	0.008700	
0.254056	1.019141	0.276500	0.272277	0.278608	0.282147	3.062036	0.013624	
0.744382	4.037963	0.887238	0.748464	0.777844	0.787393	0.800167	0.001260	
0.072948	0.036173	0.157086	0.369898	0.458500	1.218453	0.653039	0.907210	
0.230810	0.455777	1.212631	0.556176	0.682919	0.886935	0.768775	0.039027	
1.389402	0.513540	0.537960	0.573415	0.631977	0.626306	0.670187	1.209386	
1.289574	0.523391	0.570889	0.607653	0.799228	0.717217	0.772984	0.001946	
0.135087	0.736463	4.347497	0.964026	0.932353	0.780201	1.038230	0.158345	
0.711105	0.283214	0.303663	0.314294	1.666541	0.718254	0.817108	0.020863	
0.562996	1.535016	0.608009	0.637177	0.852247	0.730460	0.777397	0.002142	
0.099915	0.204808	0.560239	1.491456	0.688947	0.713339	0.777083	0.054434	
0.948804	0.223736	0.200426	0.174038	4.306357	0.788483	0.799418	0.010443	
