0.157459	0.399217	1.097896	0.450628	0.505272	0.530625	1.400516	0.756944	
0.122045	0.046986	0.397901	1.301577	0.440351	0.469146	0.486623	1.961133	
0.622620	2.035736	0.683804	0.695027	0.708053	1.022469	0.778059	0.035392	
0.439418	0.973289	0.475630	0.526421	0.588426	0.629407	0.696224	0.816804	
0.032755	0.081515	0.292005	1.001628	0.313439	2.343936	0.777590	0.015470	
0.113599	0.745245	5.046266	1.310786	0.903269	0.803934	0.877392	0.029999	
0.322899	0.804404	0.373223	0.394043	0.420119	0.969668	0.581544	1.371008	
0.750293	0.187607	2.941942	0.757696	0.759811	0.973344	0.809034	0.017342	
0.707742	2.485201	0.819854	0.904830	0.729655	0.754854	0.795367	0.002440	
0.152348	0.054923	0.434493	0.682751	0.946452	0.454316	0.489715	1.783691	
1.519724	0.344999	2.117745	0.591532	0.591196	2.562036	0.791368	0.019356	
0.037278	0.179732	0.706238	4.053986	1.150007	0.859086	0.793436	0.004737	
0.575273	1.506474	0.602631	0.642087	0.702681	0.724428	0.778013	0.051167	
0.017063	0.010184	0.004761	0.101383	0.353926	1.846889	3.524746	0.077099	
0.306010	0.796911	0.324560	0.338107	1.245469	1.361408	0.769816	0.050889	
0.044923	0.165061	0.656878	2.689425	0.717024	0.721418	0.737336	1.073168	
0.101209	0.269306	1.040479	0.318508	0.305370	2.634420	0.780751	0.017133	
0.143525	0.720692	4.349795	0.743567	0.799197	0.817818	0.820747	0.611867	
0.147172	0.345990	0.899784	0.415853	1.317739	0.708400	0.792968	0.034257	
0.030376	0.008505	0.106437	0.371938	1.386105	1.610641	1.961984	0.014031	
0.064587	0.183998	0.059218	0.682228	2.394087	0.751933	0.797622	0.026141	
0.239946	0.515063	0.238379	0.256106	1.498512	0.677663	0.758264	0.604307	
0.728111	0.261775	0.254276	0.268801	0.298546	0.298372	2.318573	0.020187	
0.398064	0.959532	0.430201	0.462559	0.492052	0.541099	1.471986	0.045270	
0.007315	0.011191	0.043107	0.176560	0.756482	4.452663	0.782134	0.004402	
0.131616	0.051258	0.361410	1.018006	1.384828	0.675746	0.720400	0.764908	
0.750578	0.194554	2.851743	0.760235	0.782153	0.757746	0.786935	0.016688	
0.597069	0.270773	0.280599	0.311034	0.329479	0.359958	0.390909	1.692343	
0.008160	0.010444	0.045298	0.157256	0.522435	1.765958	1.853696	0.887445	
0.038128	0.113758	0.384993	1.285079	0.415948	1.910693	0.733150	0.839091	
0.766539	0.482823	0.363789	1.510422	0.678382	0.718816	0.803772	0.050206	
0.076286	0.164223	0.416930	1.249751	0.483192	0.521403	1.539900	0.659653	
0.192869	0.099316	0.718927	4.225476	0.784825	0.771650	0.785762	0.016276	
0.259406	0.923418	0.284699	2.511379	0.724635	0.794753	0.780408	0.038584	
0.283200	0.627284	0.297667	0.345278	0.356570	0.390885	0.425913	1.606037	
3.276052	0.730206	0.738516	0.797553	0.749548	0.770080	0.781676	0.013827	
0.403540	0.584195	0.960000	2.354535	0.564475	2.489947	0.813845	0.002087	
0.653830	0.241566	0.257445	0.292384	1.790705	0.729059	0.772181	0.003929	
0.000000	0.000000	0.000000	0.000000	0.000000	0.000000	0.000000	2.063640	
0.196850	0.573200	1.776713	0.637098	0.883023	0.727508	0.816790	0.027409	
0.107236	0.019452	0.232046	1.002905	4.297109	0.946044	0.782134	0.004402	
0.797989	0.204553	0.213080	0.207512	0.212760	3.074759	0.781049	0.064017	
0.246650	0.795511	2.278339	0.719095	0.725010	0.755364	0.821655	0.012661	
0.347730	0.833537	0.411635	0.389789	0.416282	1.470427	0.727412	0.673198	
0.152760	0.372892	0.164233	1.033381	1.415109	0.716044	0.767562	0.047791	
0.623604	0.178514	2.480213	0.688584	0.665770	0.685597	0.745081	1.473285	
0.146588	0.361397	0.934078	1.183728	0.631226	0.677181	0.724322	0.698994	
0.347123	0.195144	1.068256	0.424898	0.466531	0.465769	0.500504	1.758368	
0.816034	0.273717	1.215918	0.493658	0.512178	0.547723	1.779042	0.104038	
0.360690	0.877655	0.393530	1.270308	0.621530	0.716837	0.694559	0.963342	
0.017613	0.047559	0.136832	0.454448	0.574287	0.240144	2.437501	0.000073	
0.160322	0.045617	0.606533	0.193981	1.592770	2.293714	0.777813	0.010690	
0.114632	0.028842	0.366889	1.638190	0.392325	1.953744	2.234652	0.018924	
0.321105	1.339575	1.842085	0.584521	0.582054	2.260296	0.808381	0.001901	
0.134776	0.348215	0.977346	0.390596	1.425998	0.678576	0.721112	0.781677	
2.642948	1.316886	0.696042	0.737939	0.766305	0.820083	0.825303	0.002997	
0.028677	0.076984	0.231463	0.699943	0.277454	0.277201	2.186468	0.027759	
0.238554	0.948129	0.262097	0.265007	0.249243	3.103086	0.782955	0.043970	
0.250656	0.056164	1.188581	0.284479	3.348111	0.764461	0.781864	0.012312	
0.315370	0.748106	0.300861	0.332805	1.095859	0.552955	1.600638	0.082710	
0.340106	0.135729	0.767970	1.033687	0.522070	0.563750	1.443758	0.021450	
0.018290	0.052315	0.147438	0.430720	1.326207	1.596623	0.747303	0.748755	
0.177441	0.412559	1.160489	0.524468	0.514165	0.554203	1.511632	0.046724	
0.163051	0.405829	1.097678	0.493776	0.526529	1.207925	0.727272	0.684095	
0.779790	4.601120	0.802804	0.811017	0.797446	0.776644	0.847578	0.001535	
1.144132	0.210473	0.251888	0.418881	3.999668	0.790307	0.816873	0.023806	
0.017697	0.004645	0.062603	0.177304	0.682283	2.573368	1.603799	0.012954	
0.025635	0.037307	0.149521	0.805300	4.625891	0.793352	0.782394	0.095507	
2.220262	0.715464	0.732334	0.716011	0.773398	0.918799	0.780219	0.019835	
0.750074	2.835882	0.775990	0.734413	1.190915	0.994826	0.784552	0.024252	
0.339234	0.126590	0.989310	0.378254	1.508920	1.089397	0.769864	0.080901	
1.097863	0.324358	0.475750	0.412726	0.402478	1.525002	1.865266	0.013320	
0.140473	0.722382	3.516980	1.000303	1.472559	0.808224	0.785667	0.537477	
0.027604	0.073290	0.218295	0.653037	0.262062	0.262465	2.026769	0.798781	
0.256791	1.023479	0.248109	0.260501	3.059677	0.764297	0.796517	0.078683	
2.435247	0.630025	1.070908	0.755641	0.728886	0.757858	0.778865	0.011294	
0.057040	0.211365	0.619413	0.168795	2.567427	0.682235	0.702623	1.351077	
0.297778	1.025843	1.551940	0.537518	0.582154	0.583692	2.021002	0.020722	
0.183761	0.477240	1.349984	0.556216	0.582881	1.171212	0.805029	0.046843	
0.020767	0.057717	0.250952	1.080130	2.994959	0.768864	0.821265	0.040359	
0.031329	0.019029	0.094481	0.269208	0.638588	1.803365	0.725295	0.744694	
0.322251	0.692978	0.340096	1.016136	0.513800	0.554853	1.468057	0.008437	
0.225863	0.080783	0.623703	2.077293	0.710555	0.737690	0.783336	0.001183	
1.929124	0.606222	0.707845	0.712907	0.688492	0.815067	1.041619	0.005426	
0.013660	0.032078	0.092043	0.259783	0.735533	0.299527	2.011854	0.020899	
0.637229	0.181124	0.199785	2.444900	0.717956	0.750536	0.777763	0.009095	
0.720787	0.156335	3.483399	0.621345	0.779534	2.654903	0.794288	0.024507	
0.184190	0.651196	2.370747	0.807688	0.720046	0.757939	0.780043	0.062181	
0.724381	3.005316	0.732787	0.762036	0.896650	0.760928	0.792390	0.000210	
0.858629	0.252176	0.228164	0.240801	2.675460	0.729183	0.800628	0.903537	
0.020518	0.147114	0.751843	5.481262	0.792935	0.779486	0.788883	0.004488	
0.145528	0.365320	0.958213	1.214247	0.635241	0.679666	0.724991	0.710901	
0.750296	0.194481	2.850672	0.759949	0.767546	0.756614	0.806606	0.016688	
0.042071	0.011805	0.158256	0.587235	0.175216	0.250742	2.178606	1.854722	
0.144874	0.324519	0.833451	0.386193	0.417623	1.333004	0.724647	0.624759	
0.344564	0.855322	0.365373	0.403034	1.345509	0.689470	0.732348	0.672762	
2.441691	0.649615	1.088280	0.756812	0.729402	0.758447	0.778960	0.010343	
1.031471	0.408890	0.431311	0.440336	0.474805	1.699987	0.773121	0.020610	
0.042913	0.230999	1.192811	0.250093	0.230334	4.254987	0.824974	0.024293	
0.027093	0.072055	0.283866	1.085829	0.305463	2.632203	0.780124	0.017085	
0.005847	0.024825	0.099178	0.460732	2.126619	2.561548	0.768848	1.168384	
0.455847	1.771145	2.520574	0.960023	0.777610	0.762760	0.783997	0.002732	
0.480267	0.175378	0.181703	0.182131	1.379874	1.904803	0.776309	0.022440	
0.526862	0.212035	0.209620	1.646542	0.653153	0.693727	0.767835	0.635721	
0.659614	2.424804	0.723925	0.725038	0.702809	1.107787	0.781183	0.039885	
0.612458	0.216879	0.227943	0.249432	0.255026	1.980289	0.740137	0.665516	
0.434657	0.972081	0.423910	0.471482	0.491950	0.549510	1.497081	0.077441	
0.313211	1.545985	0.327353	3.340121	0.794007	0.782719	0.817212	0.029811	
0.137685	0.470528	0.153453	1.999083	0.522335	0.550713	2.287326	0.014154	
2.159914	0.714938	0.734423	0.719622	0.780357	0.753827	0.779224	0.019217	
2.670844	0.873914	0.807638	0.940683	0.770273	0.758933	0.779830	0.001778	
0.000000	0.000000	0.000000	0.000000	0.000000	0.000000	0.000000	3.651743	
0.062473	0.037942	0.030021	0.209941	0.498059	1.436535	0.576096	1.459807	
0.391568	0.136690	1.213667	0.429043	1.756402	0.747994	0.774888	0.063985	
0.142918	0.661613	0.152130	3.369540	0.707972	0.735120	0.741022	1.312579	
0.048134	0.119056	0.318836	0.139140	0.883803	0.385585	1.663005	0.680321	
1.323678	0.417573	0.426235	0.414978	0.447934	2.427753	0.780856	0.020283	
1.240248	0.298529	0.248003	0.433263	4.627461	0.798813	0.824609	0.027177	
0.139134	0.691781	3.624463	0.731211	0.718431	0.745715	0.748064	1.358253	
0.341387	0.864283	0.373071	1.259350	0.655681	0.679195	0.725140	0.716961	
0.544072	0.218998	0.233648	0.253772	1.574167	0.684951	0.743963	0.623361	
0.391518	1.085851	0.421811	1.521732	0.757501	0.733333	0.786733	0.023968	
3.275764	0.730142	0.738451	0.797483	0.749482	0.770012	0.783202	0.013827	
0.025528	0.040232	0.097152	0.841630	5.981168	0.806440	0.783928	0.121547	
0.040810	0.213078	0.696253	4.168346	1.165073	0.861032	0.794107	0.004853	
0.156517	0.040243	0.044907	0.731453	3.226033	0.760494	0.778847	0.700405	
0.222908	0.600698	1.462013	0.574304	0.631563	0.687798	0.695477	0.982171	
0.635312	0.291644	0.303234	0.336692	0.357433	0.391455	0.426088	1.615629	
0.026843	0.041395	0.164011	1.058025	4.645925	0.794283	0.782652	0.004699	
0.500464	1.316485	0.609336	0.590829	0.621521	1.021075	0.772327	0.077149	
0.003484	0.023333	0.104415	0.773511	0.107931	5.326557	0.737487	1.946892	
0.354687	0.160478	1.024673	0.477705	0.435448	0.465307	0.499912	1.725734	
0.122506	0.047172	0.399321	1.300201	0.440263	0.463829	0.492989	1.960697	
0.367132	0.971614	1.339722	0.641629	0.688651	0.728922	0.773253	0.050003	
0.252239	0.114528	0.725747	0.296459	0.953682	0.464869	0.499766	1.717841	
0.555377	0.191573	1.846623	1.111789	0.704170	0.745917	0.779549	0.008701	
0.750074	2.835882	0.775990	0.734413	1.190915	0.994826	0.784552	0.024252	
0.496906	0.197086	1.122812	0.504141	0.522147	0.563622	1.446064	0.055979	
0.360101	0.872475	0.373694	0.393998	0.420076	1.482397	0.727747	0.680534	
0.332777	1.187621	1.652403	0.518166	0.513628	2.585974	0.792395	0.000068	
0.061956	0.137711	0.351230	0.885464	0.412367	1.329892	0.724104	0.621991	
0.041122	0.047583	0.190524	0.724266	0.168879	3.892672	0.787381	0.003882	
0.165843	0.043776	0.628580	0.188286	1.712544	2.512163	0.779301	0.015116	
0.231542	0.970003	0.254747	0.256558	0.314424	3.300366	0.783853	0.000081	
0.268224	0.054324	1.301906	0.251813	4.047450	0.770866	0.803767	0.015949	
2.220262	0.715464	0.732334	0.716011	0.773398	0.918799	0.780219	0.019835	
0.136277	0.412161	1.113391	0.367854	1.712150	1.466893	0.777420	0.013223	
1.609082	0.446930	0.476706	0.550699	2.010304	0.753925	0.776449	0.001149	
0.658612	0.237388	0.252967	1.096121	1.519482	0.729225	0.773486	0.110663	
0.017613	0.047558	0.136832	0.454446	0.574284	0.240143	2.437488	0.008318	
1.575748	0.473906	0.497547	0.530289	0.556567	0.566698	1.836399	0.010011	
0.118977	0.727983	4.627689	0.845148	0.804928	0.825457	0.824746	0.641076	
0.134776	0.348215	0.977346	0.390596	1.425998	0.678576	0.721112	0.781677	
0.016017	0.010633	0.042026	0.142976	0.374590	1.254958	2.156284	0.048565	
0.521893	1.406729	0.546072	0.574330	0.631581	0.687804	0.695738	0.982388	
0.324785	0.908743	0.343076	0.343516	1.454861	1.501206	0.775000	0.012165	
0.048216	0.127550	0.370713	1.094584	1.496911	0.683097	0.722335	0.810683	
0.657429	0.236942	0.252449	1.094137	1.516732	0.727846	0.784714	0.110672	
0.156133	0.677626	3.068896	0.773590	0.762884	0.789450	0.803287	0.453473	
0.164582	0.099941	0.086099	0.079324	0.569411	1.410305	0.576106	1.460339	
0.736582	0.122930	0.124534	4.554595	0.762082	0.773911	0.786648	0.017391	
0.142512	1.025875	5.253478	1.313978	0.787468	1.027886	0.788922	0.004502	
0.724870	0.255726	0.246996	0.318231	0.296144	0.294830	2.372238	0.020466	
0.104016	0.309290	0.826576	0.278397	1.270949	1.094449	1.823741	0.012998	
0.389446	0.124743	1.311196	0.419142	2.002808	0.755553	0.774767	0.069879	
0.758244	0.167621	0.139010	0.143258	0.137885	0.134175	4.752790	0.001480	
0.557206	0.235257	1.274025	0.578181	0.630720	0.707281	0.734811	0.574802	
0.015490	0.046984	0.236344	1.202210	3.594311	0.780150	0.833986	0.047260	
0.084937	0.126455	0.702959	3.456728	0.731674	0.742505	0.762097	0.951967	
0.544460	0.209596	0.204637	1.770021	0.656058	0.699783	0.771085	0.666576	
0.225002	0.080472	0.621345	2.078760	0.710580	0.746108	0.773904	0.001183	
0.134067	0.347867	0.969520	1.312572	0.633511	0.682371	0.726009	0.733779	
0.015204	0.022845	0.140405	0.734146	0.145110	3.864270	0.763281	1.015892	
0.019686	0.087326	0.402923	1.928005	2.748580	0.776623	0.731555	1.381170	
2.236755	0.690912	0.726919	0.866725	0.777417	0.924771	0.780638	0.020166	
0.000000	0.000000	0.000000	0.000000	0.000000	0.000000	0.000000	4.665029	
0.510808	1.308141	0.551799	0.623070	0.716290	0.692706	0.765132	0.612670	
2.441691	0.649615	1.088280	0.756812	0.729402	0.758447	0.778960	0.010343	
0.657517	0.197709	0.207291	0.220913	1.730435	0.566739	1.839030	0.009743	
2.642948	1.316886	0.696042	0.737939	0.766305	0.820083	0.825303	0.002997	
0.594427	0.265965	0.277196	0.299512	0.321117	0.350821	1.623978	0.702677	
4.609602	0.862864	0.748655	0.810374	0.796616	0.775609	0.890454	0.001541	
1.788720	0.431284	2.572839	0.779901	0.773946	0.827402	0.793103	0.002744	
0.313553	0.104957	1.010618	0.340113	1.542469	1.547700	0.773049	0.067461	
0.011151	0.007403	0.029258	0.099539	0.260787	0.873692	2.354800	0.048565	
0.333555	1.183957	1.627911	0.515083	0.509658	2.559096	0.861028	0.039241	
0.348175	0.862270	0.369345	0.407510	1.331252	0.689082	0.732461	0.671273	
0.672766	1.855027	0.561001	0.604331	0.591752	1.707006	0.800784	0.079550	
0.698577	0.221885	0.234381	0.235567	0.245651	2.392896	0.774731	0.051482	
0.244517	0.048510	1.209918	0.228532	4.188829	0.797056	0.804681	0.016129	
0.043904	0.161474	0.723683	0.156506	2.153708	3.119942	0.780775	0.017357	
0.071955	0.011858	0.159059	0.881951	3.688455	2.883649	0.744968	1.559470	
0.028620	0.075254	0.034531	0.237964	0.691049	0.271169	2.097634	0.021463	
0.003205	0.004942	0.031060	0.179443	0.756291	4.450975	0.788404	0.004402	
0.217560	0.961517	0.227140	0.228156	3.183734	0.741009	0.789143	1.045904	
0.015165	0.023912	0.103947	0.842361	6.013936	0.806718	0.783955	0.122180	
0.591374	0.243395	0.192399	1.909229	0.584170	1.678981	0.779218	0.024399	
0.702710	0.171479	0.163899	0.184605	3.298498	0.761980	0.783157	0.045234	
0.656898	2.495271	0.659859	0.711257	0.787361	1.056002	0.799131	0.000585	
0.529387	2.159853	3.178324	0.817274	0.797890	0.854114	0.798847	0.003263	
