0.603811	0.178388	0.224121	0.200019	2.364423	0.711870	0.737805	0.874755	
0.390630	1.226192	0.388288	1.610896	1.483143	0.744894	0.775559	0.003967	
0.391033	1.204450	0.398814	0.406118	1.079954	1.836986	0.774173	0.012248	
0.747851	2.548141	1.598832	0.700189	0.697032	0.701274	0.717831	1.474492	
0.130463	0.040946	0.422264	0.141112	1.468489	1.740413	0.723546	0.922857	
0.214621	0.596542	0.222132	0.221930	2.201162	0.737778	0.813061	0.005487	
0.386344	0.158127	1.216823	0.440838	0.469275	1.501169	0.710518	0.935098	
2.423861	0.695920	0.718978	0.713723	0.726906	0.775859	0.778619	0.046862	
1.780578	1.913608	0.626179	0.624100	0.641452	1.858768	0.781313	0.035725	
0.574921	0.149858	0.234996	2.547524	1.743535	0.766135	0.780493	0.021545	
0.164039	0.085477	0.446158	1.160639	0.522699	0.558583	1.173028	0.727913	
0.593272	0.169116	0.170382	0.874358	0.299221	2.412611	0.734742	0.942178	
2.697518	0.748723	0.867782	0.694855	0.696753	1.346711	0.780549	0.017644	
0.111286	0.267136	1.171435	0.322033	2.867239	0.774100	0.778684	0.008616	
1.178702	1.105909	0.560728	0.581951	1.155883	0.739785	0.809529	0.000056	
0.977108	0.382834	0.403337	1.308067	0.684578	0.714828	0.838217	0.030926	
2.646790	0.657619	0.654267	0.684741	0.695163	0.717139	0.776781	1.165158	
0.383073	0.472561	0.237269	1.643890	0.673818	0.740231	0.776169	0.007517	
0.233592	0.625438	2.178705	0.713911	0.759959	0.755112	0.776379	0.007456	
0.125139	0.047276	0.373875	1.127012	1.262650	1.426235	0.775372	0.054003	
0.659983	3.076498	1.245201	0.762033	0.788228	0.830565	0.782086	0.001864	
0.075423	0.290638	1.228301	0.286737	0.298236	3.196814	0.779465	0.011602	
0.070078	0.148983	0.396988	0.176902	1.029626	0.468944	0.502551	1.523290	
0.569671	1.605553	0.569576	0.576117	0.603476	0.666847	1.055845	0.983874	
0.324316	0.833151	0.351402	1.322314	0.580997	0.611483	1.443648	0.062640	
2.762152	0.750277	1.141306	0.835040	0.771326	0.760335	0.782247	0.006090	
0.000000	0.000000	0.000000	0.000000	0.000000	0.000000	0.000000	2.104604	
0.400109	1.104469	0.399715	0.426210	0.460913	0.463067	0.502809	1.896215	
1.031427	0.399850	0.420875	0.446908	0.484754	1.344579	0.741545	0.743391	
0.066966	0.152733	0.394647	1.063055	0.501964	1.410842	0.814179	0.034562	
1.836301	0.386039	0.470822	0.417135	2.151493	2.297187	0.780095	0.013562	
0.056037	0.034105	0.150539	0.420093	0.346549	1.440192	1.205446	0.797202	
0.012527	0.043807	0.174365	0.082852	0.051174	0.786592	3.052609	0.015057	
1.424222	1.995666	0.683811	0.676749	0.685077	0.709175	0.728155	1.086350	
0.409323	0.201626	0.179340	0.215520	1.400357	0.566085	1.255684	0.787488	
0.063456	0.075824	0.245724	0.667650	0.284677	0.303455	1.939036	0.005259	
0.355688	0.973919	0.411859	0.394663	1.794619	0.740243	0.801085	0.011617	
0.336553	0.107850	1.197350	1.552310	0.595736	1.690006	0.781966	0.003931	
0.127719	0.402297	1.276226	1.610896	1.483143	0.744894	0.775559	0.003967	
0.107385	0.327299	1.138158	1.709707	0.606694	0.624925	1.715308	0.060063	
1.089708	0.317432	0.285138	0.295253	2.821189	0.756216	0.781487	0.007055	
0.341354	1.177181	0.382066	2.110121	0.755922	0.753589	0.775382	0.047047	
0.032085	0.038238	0.113089	0.291616	0.148449	0.786436	1.770578	0.033126	
0.599502	0.149460	3.060371	0.630794	0.712044	2.107699	0.783642	0.015143	
1.462315	0.381462	0.430150	1.772523	1.644105	0.754644	0.780217	0.007770	
0.181962	0.331244	0.914724	0.424635	0.470816	0.486082	0.520651	1.486062	
0.297060	1.257043	0.342889	0.412939	3.110911	0.882534	0.779462	0.000343	
2.206862	0.598216	1.369555	0.611425	1.854031	0.785505	0.781270	0.004983	
0.143228	0.388706	0.143611	1.211361	0.437134	0.461808	0.502097	1.862461	
1.118018	0.463522	0.403777	0.429792	0.461208	0.464337	0.503621	1.932773	
0.391689	0.946458	0.398509	0.440788	0.460858	1.344053	1.031909	0.002126	
1.664537	0.385662	0.381716	2.845646	0.742885	0.761228	0.780226	0.007095	
1.134619	0.365487	0.429257	1.548713	0.584062	1.649991	0.776302	0.003946	
1.542629	0.482048	0.474154	0.488918	0.565315	0.549334	1.665101	1.155683	
0.129449	0.386986	1.295116	0.436733	1.619591	0.716048	0.718164	0.967420	
0.139664	0.786842	4.191064	0.806416	0.762402	0.770218	0.782009	0.002121	
0.154173	0.386973	1.094374	0.452727	1.403516	0.725001	0.769446	0.014394	
1.277568	0.452983	0.473434	0.520406	0.574117	1.493541	0.792518	0.011258	
1.114405	0.257710	0.272943	0.297558	0.286837	0.292052	3.244018	0.020266	
0.161632	0.277069	0.077237	0.078468	1.277604	3.021910	0.787855	0.023222	
0.080740	0.185081	0.385503	1.009826	1.207685	0.643259	1.151959	0.014244	
2.948591	1.356165	0.724516	0.746111	0.751311	0.781790	0.783106	0.020907	
0.264543	0.855710	0.283699	0.305611	0.339421	0.326919	2.387941	0.005672	
0.166497	0.507626	1.842866	0.553831	0.572564	0.595281	1.607645	0.932645	
0.356737	0.094547	1.253764	2.250685	0.679729	0.702906	0.750070	1.088547	
0.628411	1.736546	1.193188	0.627576	0.654379	1.339374	0.775727	0.033132	
0.359428	2.368613	4.483117	0.776380	0.823282	0.779168	0.783186	0.000332	
0.917673	0.381233	0.392509	0.394356	1.730723	0.695614	1.054281	0.039504	
0.191428	0.662649	2.778157	1.050383	0.746758	0.768270	0.780381	0.015399	
2.109542	0.358378	3.903804	0.765823	0.809471	0.774106	0.782239	0.000294	
1.085798	1.161861	0.601746	0.632965	0.675812	0.725185	0.794162	0.022485	
0.188007	0.600872	0.181899	0.183572	2.697491	1.451591	0.778023	0.015377	
1.085778	0.371237	1.379839	0.612045	0.649236	0.688215	0.750498	0.830972	
0.501060	0.537855	0.136726	4.076783	0.813632	0.769102	0.784715	0.044976	
0.591160	2.421975	0.568091	0.579529	1.798456	0.730605	0.733065	1.212870	
0.365967	1.295390	0.442396	1.620867	0.603632	1.802334	0.783527	0.004360	
0.417480	0.134225	1.626809	0.459735	0.463546	1.567693	1.924400	0.000228	
0.046979	0.015790	0.012301	0.178714	0.730206	0.178852	3.076803	1.145541	
1.634299	0.317677	0.330361	0.320075	0.364910	3.757370	0.781459	0.000717	
0.134538	0.173459	0.087177	0.089373	0.682545	1.969120	0.781249	0.005251	
1.484926	0.398770	0.398968	2.115109	0.686267	0.762444	0.735781	1.000108	
0.091735	0.309876	0.073503	1.487251	0.309258	3.530716	0.783106	0.053718	
0.218715	0.582289	2.014323	0.665408	0.708687	0.705048	0.725507	0.963009	
0.428111	0.439088	1.540577	0.513510	0.540549	0.588918	1.792912	0.026604	
0.133059	0.047211	0.419674	1.284042	0.465551	1.635174	0.719181	0.915770	
0.739655	5.005218	0.781329	0.788150	0.851897	0.801951	0.783738	0.001160	
0.734821	2.971553	0.686748	0.715534	0.763135	0.713955	0.769961	1.311387	
1.875307	0.495630	2.339237	0.696076	0.728566	1.367941	0.861234	0.013715	
0.308490	0.152433	1.179070	2.158695	0.736913	0.772366	0.782228	0.003963	
0.342037	0.131892	1.002042	0.390088	1.257339	1.394743	0.774757	0.010440	
0.023831	0.011167	0.066290	0.161537	0.445100	0.188052	1.272177	1.589246	
0.070523	0.032777	0.223131	0.326864	1.235324	1.493652	1.521045	0.025348	
1.474417	0.406604	0.407127	0.421034	2.075689	0.724352	0.730509	1.037982	
0.107164	0.292978	0.062124	1.324713	3.742358	0.791127	0.802180	0.010809	
0.662618	3.617587	0.697045	0.707746	1.768479	0.789367	0.781994	0.002585	
0.185836	0.716973	0.158980	0.162714	4.471898	0.774967	0.782460	0.000775	
0.463083	1.418503	0.415163	2.006731	0.679117	0.711865	0.728083	1.048107	
0.182935	0.255818	0.108497	0.123076	1.023145	0.373198	2.077981	0.122997	
0.061104	0.184121	0.626933	2.121626	0.657929	0.708061	0.733880	1.022148	
0.684691	1.976551	0.655272	0.666855	0.753216	0.811824	0.816585	0.009230	
0.560798	1.510533	1.084692	0.651366	0.692549	0.815368	0.773227	0.028688	
0.009939	0.027530	0.165460	0.031687	0.817747	4.497894	0.785073	0.012348	
1.512691	0.473264	1.875889	0.691487	0.716582	0.752890	0.814792	0.024058	
0.260057	1.192413	0.255974	0.257638	0.271276	3.570908	0.780637	0.001017	
5.318858	0.777043	0.822666	0.821879	0.953503	0.779267	0.783620	0.016838	
0.087820	0.114377	0.056626	0.058635	0.442968	1.279258	0.507697	1.702065	
0.464893	1.452055	0.483839	0.462024	0.539032	1.834604	0.729746	0.957767	
0.142194	0.361293	0.156593	1.202529	1.450872	0.670294	0.725619	0.908825	
0.671955	2.936895	0.957288	0.702380	0.776018	0.732380	0.738365	1.218561	
0.151337	0.897677	0.328256	4.393756	0.824006	0.770867	0.785115	0.007703	
1.627475	0.350965	0.330361	0.320075	0.364910	3.757370	0.781459	0.000717	
0.258958	0.058035	0.044956	1.241621	4.189030	1.626083	0.807515	0.012376	
0.130869	0.042311	0.424739	0.141940	1.477097	1.732377	0.723546	0.922857	
0.541520	0.140850	0.222014	2.405633	0.596228	2.017750	0.780534	0.021595	
0.070274	0.289627	1.311445	0.281311	0.291969	3.489517	0.780455	0.012558	
0.312961	0.824360	0.343663	1.092479	1.658324	0.731164	0.789088	0.024812	
0.402759	0.137268	1.269440	0.449910	0.512571	1.568981	0.725243	0.843058	
1.480609	0.366174	0.364812	2.658196	0.735015	0.755747	0.813330	0.006640	
0.752434	5.259669	0.770838	0.821679	0.857999	0.780624	0.783510	0.001282	
0.199537	0.235547	0.371166	0.139611	0.179590	1.769182	0.569295	2.024049	
1.211606	0.404076	0.460419	0.452787	0.484688	1.577992	0.726529	0.835832	
0.591160	2.421975	0.568091	0.579529	1.798456	0.730605	0.733065	1.212870	
2.912023	1.339264	0.715399	0.772523	0.894400	0.781738	0.782478	0.059790	
0.060702	0.186308	0.646269	2.228192	0.674991	0.725700	0.750811	0.891628	
2.474197	0.679332	0.654049	0.611721	1.844603	0.758479	0.782653	0.047201	
0.107439	0.349799	0.139427	1.199711	2.037434	0.698605	0.880114	0.923522	
2.431066	0.696009	0.718895	0.713354	0.753481	0.764241	0.778723	0.035371	
5.573090	0.782418	0.829497	0.827079	0.964951	0.780268	0.783860	0.006071	
0.613129	0.173499	0.219500	0.207868	2.495933	0.716362	0.738855	0.900344	
0.199597	0.312731	1.354090	0.377307	1.721775	0.598302	1.939248	0.020658	
0.188986	0.667736	2.858293	1.065452	0.748929	0.769517	0.788488	0.016207	
0.439842	0.452289	2.015971	0.541052	0.562527	0.577022	2.111712	0.031886	
0.645996	2.114586	0.668667	0.677392	0.765793	0.823740	0.775064	0.009558	
1.369726	0.439295	0.457826	0.461770	0.490834	0.505217	0.519908	2.000616	
0.314721	0.091978	1.407347	1.797478	2.684711	0.785124	0.782612	0.024721	
0.028366	0.162429	0.638705	1.240776	0.226914	4.329188	0.734259	1.699130	
1.265389	0.256348	3.906211	0.769356	0.764534	0.769247	0.803785	0.006234	
0.731338	0.214715	0.207929	0.232610	3.490929	0.762527	0.817848	0.000268	
0.153536	0.731718	0.293742	3.457936	0.794024	0.763676	0.782334	0.001895	
0.576654	2.257236	0.585760	0.609927	0.590627	0.647407	1.902811	1.065852	
0.107080	0.293340	0.059158	1.348540	3.845681	0.792883	0.803118	0.011074	
2.689654	0.685527	0.890410	0.612741	2.077009	0.762951	0.784370	0.041132	
0.315502	0.132416	0.151136	1.194530	1.254691	1.385591	1.690471	0.020121	
0.000000	0.000000	0.000000	0.000000	0.000000	0.000000	0.000000	2.479540	
0.053717	0.064431	0.192218	0.468792	0.238339	1.332584	1.365878	0.033324	
0.403492	0.089031	1.789013	0.414908	2.043461	2.192540	0.779526	0.012938	
0.170167	0.748228	3.413805	0.985870	0.697833	0.738655	0.746112	1.558484	
0.048469	0.015134	0.011243	0.167274	0.768393	0.165664	3.708504	0.011942	
0.343014	0.085072	1.350746	2.442144	0.686579	0.707147	0.749193	1.161811	
0.120579	0.045216	0.362823	1.101724	1.310324	1.437929	0.775659	0.054434	
0.072545	0.154325	0.411177	0.183225	1.066427	0.485694	0.520555	1.480929	
0.162293	0.082462	0.455699	1.223557	0.528206	0.566861	1.209627	0.747210	
0.409483	1.617357	0.411289	2.660238	0.750812	0.772736	0.825566	0.001562	
0.087632	0.303517	0.097050	1.538536	0.307142	3.691049	0.783708	0.044490	
0.362613	0.067076	1.940522	3.701664	0.758175	0.769812	0.783460	0.007371	
0.102209	0.262729	1.327737	0.316324	3.420446	0.787393	0.780745	0.010024	
0.134982	0.048475	0.423322	1.261703	0.464732	1.611834	0.718808	0.904345	
0.889280	0.953354	0.476021	0.498095	0.532046	0.581318	1.566786	0.023263	
0.349924	1.108042	0.426807	0.421358	2.040139	0.740751	0.775038	0.043140	
1.076593	0.334117	0.285539	0.295800	2.793989	0.755177	0.781317	0.008152	
1.451256	0.389728	0.389922	2.141685	0.686267	0.762444	0.735781	1.000108	
0.126119	0.735186	0.154636	0.158038	4.699954	0.776521	0.782926	0.001117	
0.147722	0.071586	0.392996	0.987568	0.457632	0.483271	0.523487	1.463689	
0.563137	1.493673	0.483183	0.527128	0.546774	1.558102	0.743607	0.902031	
1.062673	0.379683	0.369555	1.531037	0.618609	0.589219	1.857902	0.112885	
1.381530	2.310830	0.648335	0.706936	0.718902	0.768588	0.732985	1.122325	
0.487894	1.609663	0.440263	2.133684	0.695195	1.321914	0.820513	0.001468	
0.599155	0.146775	0.203313	2.764911	1.862841	0.766281	0.781641	0.023404	
2.801587	0.756674	1.101895	0.836417	0.771981	0.776436	0.779417	0.006090	
0.021337	0.008792	0.064823	0.240453	0.868845	1.920729	1.597583	0.964673	
0.641160	0.247096	2.697986	0.704189	0.969561	0.759151	0.860673	0.010616	
0.417055	0.131053	1.690616	0.462930	0.460943	1.614339	1.977813	0.021366	
0.051258	0.017632	0.013932	0.183198	0.727528	0.185308	2.974461	1.071053	
0.158674	0.278228	0.070071	0.070731	1.373970	3.362619	0.782454	0.025066	
0.065514	0.019694	0.019120	0.290748	1.244104	0.281720	3.383133	0.007777	
0.908111	1.501158	2.167333	0.690221	0.713322	0.718619	0.724329	1.238520	
0.242083	1.535829	0.231059	0.228283	0.241890	5.103054	0.769660	1.025693	
0.613914	0.140605	3.492138	0.640526	0.730517	2.336877	0.785211	0.010450	
0.096959	0.352096	1.298759	1.625267	0.582307	0.601265	1.906939	0.028499	
1.542629	0.482048	0.474154	0.488918	0.565315	0.549334	1.665101	1.155683	
0.205510	0.577534	1.733630	0.739030	0.645313	0.692579	0.726330	0.936984	
0.792267	2.618176	1.662108	0.754804	0.768425	0.761934	0.781567	0.001626	
0.675536	4.096491	0.712374	0.720119	1.930701	0.774499	0.782916	0.002821	
1.373162	1.414479	0.861357	0.716206	0.714174	0.708099	1.105841	0.027729	
0.384938	1.734622	0.399919	0.429468	1.264090	2.438846	1.430141	0.003632	
1.385787	1.840392	4.281935	0.772926	0.818639	0.777951	0.782914	0.000319	
1.936020	0.351293	3.576435	0.716498	1.107593	0.744380	0.747092	1.366888	
0.028325	0.138939	0.781266	0.130183	0.137133	4.820577	0.785991	0.001943	
0.146327	0.049601	0.062801	0.536215	1.880804	0.581377	1.546047	0.931447	
1.318452	0.351055	0.451310	1.778126	0.593853	1.843440	0.778652	0.004411	
0.442449	1.287604	1.968519	0.638300	0.662537	1.412635	0.777037	0.000203	
0.284065	0.096688	0.095999	1.051165	0.330817	0.304819	2.808419	0.006535	
0.037554	0.007638	0.176840	0.040234	0.775118	3.780801	0.783051	0.001547	
1.645491	0.384328	0.436241	1.980306	1.874805	0.808785	0.779264	0.008086	
0.355745	1.277955	0.308727	2.253472	0.620854	0.636608	2.045816	0.003573	
0.630478	1.631299	1.161598	0.669461	0.717427	0.748182	0.774568	0.030086	
0.129970	0.809484	4.700172	0.821972	0.767861	0.773090	0.782786	0.019930	
0.149044	0.454723	1.414280	0.493667	0.466061	0.497536	0.518241	2.056712	
0.101259	0.340190	1.230619	1.596952	0.598485	1.729032	0.782272	0.004021	
2.990890	0.648749	0.863860	0.749791	0.719638	0.712434	0.760127	1.342760	
