0.000000	0.000000	0.409148	0.411520	0.814407	
0.000000	0.000000	0.000000	0.700494	0.713672	
0.002208	0.818321	0.407344	0.406728	0.000000	
0.707111	0.000000	0.000000	0.000000	0.707103	
0.000149	0.950866	0.000000	0.000000	0.321331	
0.000000	0.948994	0.315325	0.000000	0.000000	
0.501065	0.505119	0.000000	0.493783	0.505224	
0.000000	0.000000	1.000000	0.000000	0.000000	
0.000002	0.707759	0.000000	0.707918	0.000000	
0.000002	0.000003	0.408006	0.816545	0.408402	
0.313722	0.949515	0.000000	0.000000	0.000000	
0.947277	0.000000	0.000000	0.000000	0.320588	
0.409328	0.000201	0.000000	0.411701	0.814766	
0.000001	0.707112	0.000000	0.000000	0.707104	
0.000000	1.000000	0.000000	0.000000	0.000000	
0.408899	0.000000	0.408826	0.000000	0.817363	
0.408177	0.000000	0.000000	0.816888	0.407573	
0.947325	0.321303	0.000000	0.000000	0.000000	
0.000005	0.000000	0.316021	0.000000	0.948766	
0.000000	0.000000	0.000000	1.000012	0.000000	
0.502236	0.503240	0.494872	0.500165	0.000000	
0.000001	0.406947	0.409786	0.000000	0.816376	
0.000000	0.000000	0.315881	0.948799	0.000000	
0.000000	0.408229	0.819586	0.000002	0.402647	
0.407174	0.000000	0.817467	0.000000	0.407379	
0.000000	0.000000	0.000000	0.948959	0.315399	
0.408445	0.816504	0.000000	0.408051	0.000000	
0.002528	0.499560	0.499399	0.502396	0.500761	
0.000000	0.000000	0.706163	0.713000	0.000000	
0.000082	0.948229	0.000000	0.317608	0.000000	
0.409515	0.818029	0.000000	0.000000	0.412885	
0.315881	0.000000	0.000000	0.948799	0.000000	
0.815303	0.000000	0.408244	0.411115	0.000000	
0.310669	0.000000	0.000000	0.000000	0.955181	
0.000052	0.409321	0.000000	0.409850	0.815157	
0.315859	0.000000	0.948837	0.000000	0.000000	
0.414513	0.415243	0.000000	0.000000	0.833636	
0.707873	0.706383	0.000000	0.000000	0.000000	
0.713351	0.000000	0.000000	0.720257	0.000000	
0.947875	0.000000	0.318812	0.000000	0.000000	
0.814341	0.407451	0.413318	0.000000	0.000000	
0.415937	0.413128	0.810137	0.000000	0.000000	
1.000000	0.000000	0.000000	0.000000	0.000000	
0.814733	0.407602	0.000000	0.000000	0.412400	
0.498121	0.000000	0.490703	0.507426	0.503967	
0.000006	0.409305	0.000000	0.819143	0.408708	
0.000022	0.318305	0.000000	0.948486	0.000000	
0.408679	0.000000	0.408649	0.816081	0.000000	
0.000000	0.000000	0.000000	0.000000	1.000001	
0.000000	0.408058	0.816725	0.408008	0.000000	
0.000000	0.000000	0.815211	0.411686	0.407383	
0.407574	0.000000	0.817030	0.407862	0.000000	
0.502386	0.503391	0.502527	0.000000	0.491602	
0.000000	0.000000	0.948127	0.000000	0.317891	
0.000001	0.000000	0.948603	0.316470	0.000000	
0.815462	0.000000	0.416013	0.000000	0.402519	
0.815058	0.409530	0.000000	0.409855	0.000000	
0.000097	0.311769	0.000000	0.000000	0.950749	
0.949037	0.000000	0.000000	0.316717	0.000000	
0.000001	0.704645	0.709560	0.000000	0.000000	
0.815449	0.000000	0.000000	0.416198	0.405958	
0.000000	0.000000	0.708260	0.000000	0.706106	
0.000081	0.316286	0.948666	0.000000	0.000000	
0.000513	0.817989	0.000000	0.405306	0.408192	
0.001259	0.000000	0.000000	0.316102	0.949016	
0.409098	0.408237	0.000000	0.816087	0.000000	
0.707132	0.000000	0.707081	0.000000	0.000000	
0.407651	0.814254	0.413308	0.000000	0.000000	
0.001505	0.405686	0.408610	0.817597	0.000000	
0.000002	0.815814	0.413797	0.000000	0.404296	
0.709874	0.000376	0.000000	0.706439	0.000000	
0.450853	0.900604	0.000000	0.000000	0.000000	
0.445912	0.000000	0.893882	0.046269	0.000000	
0.815615	0.000000	0.415883	0.000000	0.402554	
0.003374	0.204955	0.000000	0.000000	0.979299	
0.999952	0.009788	0.000000	0.000147	0.000000	
0.801894	0.258705	0.420000	0.314089	0.122421	
0.152097	0.951296	0.000000	0.275430	0.000000	
0.000008	0.000008	0.705738	0.000000	0.708473	
0.000058	0.223606	0.974681	0.000000	0.000000	
0.000000	1.000169	0.000000	0.000000	0.000000	
0.000000	0.000000	0.296812	0.000000	0.954948	
0.019913	0.000000	0.697978	0.506728	0.506874	
0.115599	0.115769	0.000000	0.000000	1.022251	
0.000002	0.000002	0.268737	0.537825	0.846965	
0.000000	0.000000	0.000000	1.000000	0.000000	
0.001495	0.413278	0.000000	0.413815	0.811145	
0.979159	0.000000	0.000000	0.499754	0.000000	
0.500154	0.504200	0.000000	0.492885	0.507914	
0.759711	0.000000	0.000000	0.567406	0.320905	
0.937649	0.138881	0.318813	0.000000	0.000000	
0.685244	0.746494	0.000000	0.000000	0.000000	
0.000314	0.532668	0.000000	0.846366	0.000000	
0.644443	0.655496	0.252188	0.315193	0.000000	
0.185910	0.186227	0.825317	0.500166	0.000000	
0.571891	0.286111	0.644086	0.000000	0.428204	
0.013279	0.318040	0.000000	0.948522	0.000000	
0.408063	0.000000	0.000000	0.816659	0.408149	
0.950625	0.000000	0.000000	0.000000	0.319596	
0.552549	0.000000	0.000000	0.282016	0.784327	
