0.815759	0.000000	0.409496	0.000000	0.408477	
0.413873	0.813417	0.000000	0.408734	0.000000	
0.948278	0.000000	0.317440	0.000000	0.000000	
0.000001	0.948699	0.000000	0.316181	0.000000	
0.948445	0.000000	0.000000	0.316943	0.000000	
0.000000	0.948278	0.317440	0.000000	0.000000	
0.000000	0.501942	0.504076	0.494849	0.499197	
0.000001	0.817260	0.407630	0.000000	0.407362	
0.815443	0.000000	0.408001	0.410595	0.000000	
0.000000	0.707244	0.000000	0.707126	0.000000	
0.707155	0.000936	0.707058	0.000000	0.000000	
0.000000	0.000000	0.816096	0.409008	0.408290	
0.314358	0.949304	0.000000	0.000000	0.000000	
0.000000	0.707468	0.706745	0.000000	0.000000	
0.000000	0.000000	0.000000	1.000000	0.000000	
0.315159	0.000000	0.000000	0.949039	0.000000	
0.000000	1.000000	0.000000	0.000000	0.000000	
0.000001	0.706648	0.000000	0.000000	0.707565	
0.000000	0.000000	0.316831	0.948482	0.000000	
0.311520	0.000000	0.950463	0.000000	0.000000	
0.000000	0.000000	0.000000	0.948794	0.315897	
0.000004	0.002018	0.701567	0.000000	0.712729	
0.000001	0.000334	0.310393	0.000000	0.950721	
0.404380	0.000005	0.817088	0.410923	0.000000	
0.316312	0.000000	0.000000	0.000000	0.948833	
0.000000	0.386231	0.385836	0.000000	0.837828	
0.000004	0.000000	0.950014	0.000000	0.312208	
0.816592	0.407338	0.000000	0.408966	0.000000	
0.000000	0.315075	0.000000	0.949067	0.000000	
0.811526	0.407677	0.419171	0.000000	0.000000	
0.501048	0.502508	0.000000	0.498268	0.498164	
0.000000	0.817284	0.000000	0.406952	0.407969	
0.948840	0.315804	0.000000	0.000000	0.000000	
0.496805	0.000000	0.498917	0.499941	0.504307	
0.000000	0.404380	0.817088	0.410923	0.000000	
0.707788	0.000000	0.000000	0.707683	0.000000	
0.000008	0.414527	0.000000	0.816430	0.403169	
0.000000	0.000000	1.000000	0.000000	0.000000	
0.000000	0.408646	0.409300	0.815771	0.000000	
0.000613	0.000302	0.000000	0.717870	0.714896	
0.502745	0.499353	0.500642	0.000000	0.497246	
0.408766	0.407790	0.816467	0.000000	0.000000	
0.409145	0.000541	0.409088	0.000000	0.815627	
0.407342	0.000000	0.000000	0.817089	0.407969	
0.707105	0.707108	0.000000	0.000000	0.000000	
0.000000	0.000000	0.708723	0.705487	0.000000	
0.000000	0.000000	0.949926	0.312475	0.000000	
0.408646	0.000727	0.409300	0.815771	0.000000	
0.408451	0.408453	0.000000	0.000000	0.816293	
0.000000	0.311454	0.950262	0.000000	0.000000	
0.000000	0.000000	0.000000	0.316434	0.949540	
0.401448	0.820002	0.000000	0.000000	0.407966	
1.000000	0.000000	0.000000	0.000000	0.000000	
0.000000	0.950113	0.000000	0.000000	0.311906	
0.000000	0.000000	0.000000	0.000000	1.000000	
0.000127	0.000035	0.407170	0.817177	0.407963	
0.408360	0.812580	0.415887	0.000000	0.000001	
0.706222	0.000000	0.000000	0.000000	0.707991	
0.000002	0.315439	0.000037	0.000000	0.949058	
0.000000	0.412106	0.000000	0.409075	0.814209	
0.498307	0.500564	0.500291	0.500874	0.000000	
0.814170	0.413072	0.000000	0.000000	0.408047	
0.000000	0.000000	0.410410	0.408529	0.815271	
0.408692	0.000298	0.816162	0.000000	0.408477	
0.013246	0.409453	0.815909	0.000000	0.408471	
0.948249	0.000000	0.001210	0.000000	0.317526	
0.405198	0.406982	0.000000	0.818645	0.000000	
0.816092	0.000000	0.000000	0.409006	0.408298	
0.000000	0.815443	0.408001	0.410595	0.000000	
0.404379	0.000000	0.000000	0.407146	0.820283	
0.007145	0.999977	0.000689	0.000000	0.000000	
0.412662	0.000546	0.405540	0.000000	0.815627	
0.068642	0.093859	0.000004	0.994120	0.000000	
0.000000	0.067070	0.000000	0.000000	1.045084	
0.001971	0.211251	0.041181	0.927366	0.306049	
0.675419	0.214469	0.500683	0.000000	0.497287	
0.683579	0.000000	0.659605	0.312475	0.000000	
0.521284	0.329292	0.689940	0.379225	0.000000	
0.570182	0.408779	0.000000	0.000000	0.712735	
0.000016	0.000048	0.154755	0.310588	0.947205	
0.612703	0.614489	0.000000	0.041241	0.495277	
0.938694	0.000000	0.342787	0.042755	0.061536	
0.911589	0.000013	0.000010	0.410883	0.013462	
0.384690	0.000637	0.589701	0.499941	0.504307	
0.810554	0.420123	0.000000	0.000000	0.408047	
0.955231	0.297655	0.000000	0.000000	0.000000	
0.859729	0.050535	0.000000	0.412226	0.308051	
0.000002	0.314394	0.000037	0.025631	0.949052	
0.003542	0.812535	0.583558	0.000000	0.000000	
0.012781	0.096771	0.479235	0.813028	0.315897	
0.006160	0.862135	0.000439	0.506889	0.000000	
0.428231	0.903779	0.000000	0.000000	0.000592	
0.695709	0.697737	0.000000	0.170742	0.000000	
0.409277	0.000000	0.409932	0.815137	0.000000	
0.404306	0.000000	0.000386	0.407073	0.820135	
0.597555	0.346240	0.152607	0.707161	0.000000	
0.008734	0.936158	0.179935	0.000000	0.306472	
0.704025	0.000000	0.000000	0.710175	0.000000	
0.404380	0.000005	0.817088	0.410923	0.000000	
0.246137	0.000582	0.377310	0.324999	0.831522	
