0.000002	0.000125	0.000061	0.318070	0.953225	
0.000014	0.399320	0.000000	0.419418	0.816471	
0.707929	0.000000	0.708267	0.000000	0.000000	
0.315823	0.000000	0.948818	0.000000	0.000000	
0.413161	0.000000	0.000000	0.413359	0.823984	
0.501023	0.505801	0.498523	0.495126	0.000000	
0.815486	0.408443	0.410364	0.000000	0.000000	
0.827496	0.000000	0.417505	0.412106	0.002996	
0.000000	0.316337	0.000000	0.948647	0.000000	
0.707752	0.000000	0.000000	0.708092	0.000000	
0.499933	0.000000	0.501523	0.498944	0.499964	
0.706840	0.707373	0.000000	0.000000	0.000000	
0.000000	0.407692	0.817848	0.406257	0.000000	
0.000000	0.000001	0.708856	0.000000	0.705368	
0.406377	0.816480	0.410577	0.000000	0.000000	
0.000000	0.000000	0.405826	0.817376	0.409548	
0.408541	0.409043	0.000000	0.000000	0.817389	
0.000000	1.000000	0.000000	0.000000	0.000000	
0.411025	0.399524	0.820232	0.000000	0.000000	
0.000000	0.410320	0.000000	0.816334	0.406499	
0.403270	0.000000	0.403462	0.821591	0.000000	
0.002342	0.407494	0.407992	0.817055	0.000000	
0.407920	0.000000	0.408091	0.000000	0.816740	
0.000000	0.315965	0.949554	0.000001	0.000000	
0.000000	0.000000	1.000953	0.000000	0.000000	
0.000002	0.499710	0.499920	0.501250	0.499119	
0.000004	0.706958	0.707255	0.000001	0.000000	
0.409670	0.817571	0.000000	0.000000	0.405050	
0.000000	0.000000	0.000000	0.000000	1.000000	
0.000000	0.000000	0.000000	0.948848	0.315734	
0.000332	0.000000	0.000078	0.709496	0.709867	
0.000000	0.391300	0.825015	0.000000	0.407719	
0.406318	0.000000	0.814497	0.414127	0.000000	
0.000000	0.000000	0.948445	0.000000	0.316944	
0.500036	0.500030	0.000000	0.500159	0.499775	
0.410510	0.000000	0.000000	0.816374	0.406553	
0.000000	0.948676	0.000000	0.000000	0.316250	
0.316306	0.000000	0.000000	0.948703	0.000000	
0.000000	0.409158	0.409330	0.000000	0.815499	
0.706671	0.000000	0.000000	0.000000	0.707543	
0.000000	0.000000	0.408987	0.409183	0.815659	
0.000000	0.707236	0.000000	0.706978	0.000000	
0.000001	0.316437	0.000000	0.000000	0.948614	
0.000000	0.706951	0.000000	0.000000	0.714270	
0.408381	0.408864	0.000000	0.816122	0.000000	
0.000369	0.815938	0.000000	0.413195	0.408399	
0.000376	0.951579	0.000000	0.318195	0.000000	
0.948597	0.000000	0.000000	0.316494	0.000000	
0.500321	0.500698	0.499841	0.000000	0.499582	
0.000000	0.000000	0.314803	0.949157	0.000000	
0.816018	0.000000	0.409733	0.000000	0.407718	
0.000000	0.000000	0.000000	1.000000	0.000000	
0.000000	0.947698	0.319167	0.000000	0.000000	
0.816389	0.408401	0.000000	0.000000	0.408310	
1.000000	0.000000	0.000000	0.000000	0.000000	
0.816376	0.408431	0.000000	0.408308	0.000000	
0.314817	0.000000	0.000000	0.000000	0.949291	
0.000000	0.000001	0.950450	0.317698	0.000000	
0.316360	0.948639	0.000000	0.000000	0.000000	
0.406896	0.000000	0.817784	0.000000	0.407032	
0.000001	0.816911	0.407950	0.000000	0.407718	
0.003772	0.819881	0.413543	0.411068	0.000000	
0.948676	0.000000	0.000000	0.000000	0.316250	
0.000000	0.000000	0.707167	0.707047	0.000000	
0.948326	0.000000	0.317312	0.000000	0.000000	
0.948456	0.316910	0.000000	0.000000	0.000000	
0.816475	0.000000	0.000000	0.408353	0.408224	
0.000002	0.000000	0.818471	0.406769	0.406654	
0.407752	0.817861	0.000000	0.406006	0.000000	
0.000057	0.000185	0.316522	0.000000	0.948585	
0.563907	0.564332	0.563367	0.000000	0.214880	
0.430553	0.431062	0.000000	0.794938	0.000000	
0.799927	0.000000	0.203340	0.398371	0.408033	
0.000000	0.676715	0.000000	0.000000	0.742722	
0.006016	0.000000	0.527844	0.254136	0.816303	
0.000001	0.644960	0.322081	0.000000	0.722645	
0.411648	0.000000	0.000000	0.411846	0.814523	
1.000000	0.000000	0.000000	0.000000	0.000000	
0.000014	0.419184	0.000000	0.440282	0.857086	
0.813669	0.000000	0.410406	0.411716	0.000000	
0.000005	0.663618	0.663897	0.344749	0.000000	
0.002938	0.707147	0.000000	0.500159	0.499775	
0.430497	0.863482	0.000000	0.265186	0.000000	
0.000056	0.001857	0.109789	0.993993	0.000000	
0.000000	0.316091	0.949933	0.000001	0.000000	
0.024742	0.012377	0.000000	0.000000	0.999617	
0.000042	0.000565	0.925883	0.000000	0.377811	
0.466073	0.000000	0.000000	0.921819	0.122083	
0.348274	0.939707	0.000000	0.000000	0.034277	
0.709585	0.000000	0.000000	0.709925	0.000000	
0.001357	0.078851	0.327192	0.935177	0.299979	
0.000006	0.706958	0.707256	0.000000	0.000000	
0.000000	0.000000	1.001037	0.000000	0.000000	
0.280269	0.570154	0.000000	0.000000	0.776374	
0.000000	0.000000	0.000000	0.885971	0.463741	
0.000004	0.476216	0.476416	0.739806	0.000000	
0.000000	0.868903	0.000000	0.000000	0.500484	
0.010088	0.165520	0.687996	0.000000	0.707336	
0.156697	0.169139	0.052187	0.210506	0.950218	
0.315181	0.018649	0.948856	0.000001	0.000000	
