0.407578	0.000000	0.000000	0.405714	0.818151	
0.000000	0.815443	0.408001	0.410596	0.000000	
0.314999	0.000000	0.000000	0.949092	0.000000	
0.000000	0.000000	0.316279	0.948666	0.000000	
0.405810	0.402792	0.000000	0.820485	0.000000	
0.000000	0.000000	1.000000	0.000000	0.000000	
1.000000	0.000000	0.000000	0.000000	0.000000	
0.000001	0.000000	0.709286	0.000000	0.704921	
0.000000	0.000000	0.000000	0.704764	0.709442	
0.411087	0.412331	0.813014	0.000000	0.000000	
0.002835	0.712084	0.000000	0.702089	0.000000	
0.000015	0.817546	0.000000	0.406421	0.408026	
0.000000	0.409745	0.816367	0.407366	0.000000	
0.000000	0.502066	0.504066	0.494741	0.499199	
0.316169	0.000000	0.000000	0.000000	0.948703	
0.408888	0.000000	0.409309	0.815645	0.000000	
0.406428	0.406568	0.000000	0.000000	0.818242	
0.948642	0.000000	0.000000	0.316350	0.000000	
0.000000	0.406529	0.000000	0.818286	0.408548	
0.497231	0.500390	0.499773	0.000000	0.502592	
0.000000	0.000000	0.000000	0.000000	1.000034	
0.000000	0.000000	0.000000	1.000000	0.000000	
0.815039	0.000000	0.408635	0.000000	0.410838	
0.000000	0.321598	0.954350	0.000000	0.000000	
0.000000	0.000000	0.000000	0.949522	0.313712	
0.407439	0.000000	0.410435	0.000000	0.817226	
0.000000	0.000000	0.949224	0.314602	0.000000	
0.714559	0.000000	0.000000	0.000000	0.717791	
0.000001	0.315202	0.000000	0.949188	0.000006	
0.399451	0.818451	0.000000	0.414805	0.000000	
0.000000	0.316169	0.000000	0.000000	0.948703	
0.000000	0.000000	0.000000	0.315405	0.948957	
0.706635	0.000000	0.000000	0.707580	0.000000	
0.814137	0.000000	0.412932	0.408887	0.000000	
0.711166	0.711411	0.000000	0.000000	0.000000	
0.000000	0.949393	0.000000	0.000000	0.314090	
0.316167	0.000000	0.948961	0.000000	0.000000	
0.000000	0.949703	0.000000	0.313388	0.000000	
0.401545	0.822751	0.000000	0.000000	0.402440	
0.815567	0.409614	0.000000	0.000000	0.408869	
0.000000	0.409990	0.000000	0.411912	0.813794	
0.000000	0.000000	0.816652	0.407887	0.408298	
0.407116	0.814053	0.414216	0.000000	0.000000	
0.815718	0.409143	0.000000	0.408978	0.000000	
0.000274	0.000060	0.409957	0.819688	0.409964	
0.947492	0.319786	0.000000	0.000000	0.000000	
0.000000	0.411280	0.408927	0.817653	0.000000	
0.000000	0.000002	0.950947	0.000000	0.312650	
0.498727	0.502015	0.498525	0.500911	0.000000	
0.948561	0.000000	0.000000	0.000000	0.316596	
0.000001	0.958932	0.326639	0.000000	0.000000	
0.000001	0.422354	0.821415	0.000000	0.411799	
0.000002	0.000000	0.718427	0.715207	0.000019	
0.000001	0.000000	0.316894	0.000000	0.948461	
0.000001	0.000000	0.410094	0.408255	0.815744	
0.705264	0.000000	0.710271	0.000000	0.000000	
0.315911	0.952318	0.000000	0.000000	0.000000	
0.948134	0.000000	0.317873	0.000000	0.000000	
0.000001	0.815437	0.411394	0.000000	0.407206	
0.501433	0.000000	0.503430	0.495945	0.499171	
0.404629	0.000000	0.000000	0.817318	0.410374	
0.408549	0.000000	0.814143	0.000000	0.412701	
0.408340	0.000000	0.816734	0.409416	0.000000	
0.501227	0.501448	0.000000	0.504063	0.493196	
0.000001	0.707024	0.709839	0.000000	0.000000	
0.000000	0.410408	0.409989	0.000000	0.816654	
0.000000	1.000000	0.000000	0.000000	0.000000	
0.838205	0.000000	0.000000	0.419320	0.419881	
0.815463	0.402572	0.419089	0.000000	0.000000	
0.000000	0.714020	0.000000	0.000000	0.701363	
0.574933	0.570620	0.000000	0.590216	0.000000	
0.000000	0.818346	0.486962	0.321105	0.000000	
0.706635	0.000000	0.000000	0.707580	0.000000	
0.200078	0.000000	0.243360	0.949239	0.000000	
0.316557	0.948574	0.000000	0.000000	0.000000	
0.044713	0.026990	0.912291	0.000000	0.417472	
0.000000	0.949703	0.000000	0.313388	0.000000	
0.954827	0.000000	0.026773	0.000000	0.315095	
0.000001	0.462799	0.233485	0.000000	0.855547	
0.316488	0.801140	0.000000	0.507638	0.020479	
0.614944	0.615216	0.000000	0.010583	0.493196	
0.000000	0.679632	0.219099	0.000000	0.701418	
0.645082	0.000000	0.649826	0.000000	0.411403	
0.002113	0.644944	0.698942	0.000000	0.312680	
0.655163	0.294887	0.000000	0.000000	0.713861	
0.499180	0.505994	0.706715	0.007044	0.000000	
0.408888	0.000211	0.409309	0.815645	0.000000	
0.087463	0.176654	0.074197	0.000000	0.981871	
0.448536	0.000000	0.893829	0.000000	0.000000	
0.044378	1.002360	0.000000	0.000000	0.000000	
0.000000	0.246706	0.732106	0.000000	0.646040	
0.432200	0.072708	0.865362	0.243598	0.000000	
0.833750	0.000000	0.000000	0.000000	0.552262	
0.285574	0.295004	0.000000	0.415314	0.817763	
0.947608	0.319826	0.000000	0.000000	0.000000	
0.002786	0.808365	0.425114	0.000000	0.407206	
0.041180	0.868943	0.000000	0.000466	0.493196	
0.643554	0.160134	0.754715	0.000000	0.000000	
0.935224	0.114500	0.000000	0.335100	0.000000	
0.000000	0.343701	0.000000	0.691821	0.636414	
