0.948650	0.316328	0.000000	0.000000	0.000000	
0.315744	0.000859	0.001893	0.948905	0.000000	
0.948744	0.000000	0.316046	0.000000	0.000000	
0.000002	0.000000	0.706566	0.707651	0.000000	
0.000000	0.000000	0.314351	0.000000	0.949525	
0.000000	0.000000	0.315745	0.948845	0.000000	
0.499451	0.500035	0.000000	0.501566	0.498943	
0.000000	0.000000	1.000000	0.000000	0.000000	
0.000000	0.408128	0.816921	0.407519	0.000000	
0.000001	0.949012	0.000000	0.315325	0.000000	
0.816979	0.000000	0.000000	0.409051	0.408539	
0.406471	0.000000	0.406381	0.000000	0.818552	
0.000000	0.311074	0.000000	0.950847	0.000000	
0.000000	0.000000	0.000000	0.313664	0.953491	
0.315250	0.949025	0.000000	0.000000	0.000000	
0.705607	0.709524	0.000000	0.000000	0.000000	
0.000314	0.817863	0.405581	0.000000	0.408201	
0.000000	0.405573	0.817025	0.000000	0.409855	
0.494818	0.503487	0.499777	0.501877	0.000000	
0.000013	0.315572	0.949099	0.000000	0.000000	
0.000001	0.408095	0.000000	0.817059	0.409933	
0.000024	0.948127	0.317965	0.000000	0.000000	
0.000001	0.707279	0.707220	0.000000	0.000000	
0.408991	0.816092	0.408320	0.000000	0.000000	
0.815290	0.409955	0.408950	0.000000	0.000000	
0.499571	0.505141	0.502865	0.000000	0.492854	
0.000000	0.000000	0.948598	0.000000	0.316486	
0.408101	0.408109	0.000000	0.000002	0.816640	
0.404757	0.000000	0.000000	0.405377	0.826928	
0.000007	0.410195	0.410029	0.000000	0.814629	
0.947976	0.000000	0.000000	0.000000	0.318548	
0.408956	0.816655	0.000000	0.000000	0.407400	
0.314287	0.000000	0.000000	0.000000	0.949329	
0.000003	0.707728	0.000000	0.707476	0.001717	
0.705226	0.000000	0.000000	0.000000	0.709192	
0.316028	0.000000	0.948758	0.000000	0.000000	
0.818053	0.407751	0.000000	0.407885	0.000000	
0.408758	0.816294	0.000000	0.408143	0.000000	
0.815414	0.408469	0.000000	0.000000	0.410669	
1.000000	0.000000	0.000000	0.000000	0.000000	
0.500041	0.000000	0.500464	0.502104	0.499191	
0.815694	0.000000	0.409583	0.408518	0.000000	
0.000012	0.000060	0.000000	0.707548	0.707147	
0.000002	0.406982	0.000000	0.406837	0.817832	
0.000001	0.406676	0.406643	0.818084	0.000000	
0.000000	0.816345	0.000000	0.408641	0.408163	
0.407957	0.000000	0.816579	0.408382	0.000000	
0.000798	0.000000	0.818433	0.410190	0.406981	
0.707138	0.000000	0.707079	0.000000	0.000000	
0.000000	0.000000	0.000000	0.000000	1.000000	
0.000000	0.949796	0.000000	0.000000	0.312871	
0.408017	0.000000	0.000000	0.815179	0.411104	
0.951320	0.000000	0.000000	0.316671	0.000000	
0.000001	0.000000	0.948842	0.315752	0.000000	
0.406668	0.000000	0.816721	0.000000	0.409660	
0.816953	0.000000	0.407392	0.000000	0.408190	
0.000000	0.000000	0.000000	0.947915	0.318528	
0.000002	0.000000	0.412775	0.817321	0.410193	
0.000018	0.000000	0.410152	0.410706	0.814554	
0.706566	0.000000	0.000000	0.707648	0.000000	
0.000000	0.816740	0.412744	0.403210	0.000000	
0.000000	1.000000	0.000000	0.000000	0.000000	
0.000000	0.000000	0.707115	0.000000	0.707099	
0.404656	0.406952	0.000000	0.818998	0.000000	
0.410279	0.410308	0.818769	0.000001	0.000000	
0.000000	0.707632	0.000000	0.000000	0.706581	
0.000009	0.499940	0.499773	0.501661	0.498660	
0.406675	0.000000	0.406641	0.818082	0.000000	
0.000000	0.316552	0.000000	0.000000	0.948580	
0.000000	0.000000	0.000000	1.000202	0.000000	
0.309336	0.000000	0.001991	0.963825	0.000000	
0.000000	0.816234	0.412488	0.402960	0.035212	
0.000000	0.000000	0.000000	0.000000	1.011302	
0.000013	0.315649	0.949330	0.000000	0.000000	
0.951363	0.000000	0.000000	0.316490	0.000000	
0.069994	0.910627	0.000000	0.408320	0.000000	
0.141856	0.000000	0.692931	0.708386	0.000000	
0.955600	0.282448	0.084047	0.000000	0.000000	
0.000016	0.000000	0.417880	0.418626	0.827229	
0.452076	0.470463	0.652409	0.000000	0.396614	
0.705607	0.709524	0.000000	0.000000	0.000000	
0.488105	0.000000	0.000000	0.346299	0.802281	
0.000156	0.891258	0.446684	0.078310	0.000000	
0.996956	0.000000	0.006416	0.000000	0.080606	
0.002180	0.911496	0.000000	0.000000	0.413608	
0.641291	0.649636	0.408320	0.000000	0.000000	
0.000000	0.000000	0.000000	0.978197	0.332704	
0.831795	0.375185	0.000000	0.000000	0.410891	
0.721919	0.717996	0.000000	0.266510	0.345778	
0.000000	0.418911	0.843894	0.000000	0.335196	
0.315682	0.950326	0.000000	0.000000	0.000000	
0.120275	0.240180	0.000000	0.874400	0.404270	
0.174902	0.000000	0.330547	0.167309	0.912232	
0.000798	0.000000	0.818433	0.410190	0.406981	
0.016907	0.000009	0.858205	0.000000	0.513033	
0.862156	0.185794	0.268800	0.000000	0.412268	
0.576503	0.000000	0.000122	0.820075	0.000000	
0.422475	0.427185	0.775506	0.000000	0.193984	
0.000000	0.728046	0.000000	0.632049	0.270418	
0.859572	0.000000	0.000000	0.401309	0.317418	
