0.000000	0.408244	0.408244	0.816501	0.000000	
0.000000	0.000000	0.000000	0.317407	0.952241	
0.000000	0.000000	0.316239	0.000000	0.948680	
0.408274	0.000000	0.816484	0.000000	0.408248	
0.408239	0.816491	0.408268	0.000000	0.000000	
0.707107	0.000000	0.000000	0.000000	0.707107	
0.000000	0.000000	0.000000	0.000000	1.000000	
0.000000	0.948680	0.000000	0.316237	0.000000	
0.816487	0.408248	0.408268	0.000000	0.000000	
0.000000	0.408255	0.000000	0.408256	0.816489	
0.499956	0.499955	0.500155	0.499933	0.000000	
0.707107	0.000000	0.707107	0.000000	0.000000	
0.000000	0.316197	0.948693	0.000000	0.000000	
0.000000	0.499991	0.499991	0.500029	0.499989	
0.499991	0.000000	0.499991	0.500030	0.499989	
0.000000	0.316205	0.000000	0.948691	0.000000	
0.000000	0.000000	0.408273	0.816595	0.408293	
0.000000	0.816500	0.000000	0.408241	0.408248	
0.408237	0.816502	0.000000	0.000000	0.408248	
0.408244	0.000000	0.408244	0.816501	0.000000	
0.408241	0.816494	0.000000	0.408261	0.000000	
0.408256	0.000000	0.408256	0.000000	0.816489	
0.408256	0.000000	0.000000	0.408256	0.816489	
0.316238	0.000000	0.000000	0.000000	0.948680	
0.000000	1.000000	0.000000	0.000000	0.000000	
0.000000	0.000000	0.000000	0.948688	0.316213	
0.948685	0.000000	0.316224	0.000000	0.000000	
0.816486	0.408248	0.000000	0.408269	0.000000	
0.408308	0.000000	0.816458	0.408266	0.000000	
0.948688	0.000000	0.000000	0.000000	0.316213	
0.816483	0.000000	0.408262	0.408261	0.000000	
0.000000	0.000000	0.316241	0.948679	0.000000	
0.000000	0.000000	0.408256	0.408256	0.816489	
0.000000	0.000000	0.000000	1.000000	0.000000	
0.408257	0.408255	0.000000	0.000000	0.816489	
0.000000	0.000000	0.816501	0.408240	0.408248	
1.000000	0.000000	0.000000	0.000000	0.000000	
0.499997	0.500001	0.000000	0.500026	0.499976	
0.000000	0.707107	0.707107	0.000000	0.000000	
0.707108	0.707106	0.000000	0.000000	0.000000	
0.000000	0.000000	0.948684	0.316226	0.000000	
0.948680	0.316237	0.000000	0.000000	0.000000	
0.316241	0.000000	0.000000	0.948679	0.000000	
0.000000	0.000000	0.707107	0.000000	0.707107	
0.000000	0.707106	0.000000	0.707108	0.000000	
0.000000	0.948687	0.316217	0.000000	0.000000	
0.948684	0.000000	0.000000	0.316227	0.000000	
0.000000	0.948688	0.000000	0.000000	0.316213	
0.408244	0.408243	0.000000	0.816501	0.000000	
0.816500	0.000000	0.000000	0.408241	0.408248	
0.000000	0.816453	0.408317	0.408266	0.000000	
0.000000	0.408311	0.816459	0.408261	0.000000	
0.316198	0.000000	0.948693	0.000000	0.000000	
0.000000	0.408259	0.408259	0.000000	0.816486	
0.000000	0.000000	1.000000	0.000000	0.000000	
0.000000	0.816494	0.408253	0.000000	0.408248	
0.316208	0.948690	0.000000	0.000000	0.000000	
0.707106	0.000000	0.000000	0.707108	0.000000	
0.816494	0.000000	0.408253	0.000000	0.408248	
0.408213	0.408216	0.816530	0.000000	0.000000	
0.000000	0.316175	0.000000	0.000000	0.948701	
0.000000	0.000000	0.948688	0.000000	0.316213	
0.000000	0.000000	0.000000	0.707118	0.707095	
0.000000	0.707118	0.000000	0.000000	0.707095	
0.000000	0.408228	0.000000	0.816506	0.408248	
0.000000	0.000000	0.707106	0.707108	0.000000	
0.000000	0.408176	0.816533	0.000000	0.408248	
0.408229	0.000000	0.000000	0.816506	0.408248	
0.816557	0.408128	0.000000	0.000000	0.408248	
0.499956	0.499961	0.500108	0.000000	0.499975	
0.271701	0.000000	0.356831	0.896015	0.000000	
0.155443	0.689750	0.500108	0.000000	0.499975	
0.001709	0.914211	0.001905	0.405230	0.000000	
0.000000	0.000000	0.990286	0.000000	0.139069	
0.948684	0.000000	0.000000	0.316227	0.000000	
0.997617	0.000000	0.000000	0.011772	0.088996	
0.706664	0.707635	0.000000	0.011800	0.000000	
0.298590	0.000001	0.306952	0.191389	0.883173	
0.000000	0.187837	0.893433	0.000000	0.408290	
0.047566	0.705558	0.000000	0.000000	0.707137	
0.000000	0.000000	0.000000	0.000000	1.000000	
0.020470	0.315512	0.000000	0.000000	0.948701	
0.408237	0.816502	0.000000	0.000000	0.408248	
0.463877	0.269206	0.000000	0.759146	0.369371	
0.000074	0.999901	0.016115	0.000000	0.000000	
0.899191	0.000000	0.000000	0.157446	0.408248	
0.000000	0.354749	0.735409	0.408241	0.408248	
0.948685	0.000000	0.316224	0.000000	0.000000	
0.819369	0.409689	0.000000	0.400986	0.000000	
0.445859	0.000000	0.000000	0.891772	0.077156	
0.708527	0.000000	0.000000	0.000000	0.705684	
0.000677	0.359111	0.000000	0.942977	0.000000	
0.181741	0.971841	0.000000	0.155112	0.000000	
0.269588	0.303332	0.412391	0.000000	0.818212	
0.606875	0.000000	0.608285	0.429614	0.412088	
0.002501	0.824864	0.000000	0.290963	0.499220	
0.575527	0.575531	0.000000	0.575560	0.079139	
0.193376	0.337528	0.777846	0.437325	0.231733	
0.000000	0.707107	0.707107	0.000000	0.000000	
0.000000	0.000000	0.000000	0.915401	0.405997	
