0.948684	0.000000	0.000000	0.316227	0.000000	
0.408250	0.000000	0.000000	0.408251	0.816495	
0.816494	0.000000	0.408253	0.000000	0.408248	
0.000000	0.000000	0.816501	0.408240	0.408248	
0.000000	0.316198	0.948693	0.000000	0.000000	
0.408237	0.816502	0.000000	0.000000	0.408248	
0.000000	0.707106	0.000000	0.707108	0.000000	
0.000000	0.000000	0.000000	0.948688	0.316213	
0.948688	0.000000	0.000000	0.000000	0.316213	
0.000000	0.000000	0.000000	0.316222	0.948685	
0.707107	0.000000	0.000000	0.000000	0.707107	
0.000000	0.816500	0.000000	0.408241	0.408248	
0.499991	0.000000	0.499991	0.500030	0.499989	
0.000000	1.000000	0.000000	0.000000	0.000000	
0.000000	0.000000	0.707106	0.707108	0.000000	
0.000000	0.000000	0.000000	1.000000	0.000000	
0.316239	0.000000	0.000000	0.948680	0.000000	
0.408244	0.000000	0.408244	0.816501	0.000000	
0.948684	0.000000	0.316225	0.000000	0.000000	
0.707108	0.707106	0.000000	0.000000	0.000000	
0.000000	0.000000	0.948688	0.000000	0.316213	
0.500000	0.499998	0.000000	0.500026	0.499976	
0.408250	0.000000	0.408250	0.000000	0.816495	
0.000000	0.000000	0.408229	0.816506	0.408248	
0.000000	0.499991	0.499991	0.500029	0.499989	
0.000000	0.408228	0.000000	0.816506	0.408248	
0.000000	0.000000	0.316241	0.948679	0.000000	
0.408274	0.000000	0.816484	0.000000	0.408248	
0.000000	0.408250	0.000000	0.408251	0.816495	
0.408213	0.408216	0.816530	0.000000	0.000000	
0.000000	0.000000	1.000000	0.000000	0.000000	
0.000000	0.000000	0.000000	0.707107	0.707107	
0.408241	0.816494	0.000000	0.408261	0.000000	
0.816487	0.408248	0.408268	0.000000	0.000000	
0.000000	0.408317	0.816462	0.000000	0.408248	
0.408251	0.408250	0.000000	0.000000	0.816495	
0.816487	0.408249	0.000000	0.408267	0.000000	
0.000000	0.948684	0.316225	0.000000	0.000000	
0.408229	0.000000	0.000000	0.816506	0.408248	
0.000000	0.000000	0.408250	0.408251	0.816494	
0.000000	0.707107	0.707107	0.000000	0.000000	
0.000000	0.000000	0.316239	0.000000	0.948680	
0.316208	0.948690	0.000000	0.000000	0.000000	
0.000000	0.948680	0.000000	0.316237	0.000000	
0.408239	0.816491	0.408268	0.000000	0.000000	
0.499956	0.499961	0.500108	0.000000	0.499975	
0.000000	0.000000	0.000000	0.000000	1.000000	
0.000000	0.408244	0.408244	0.816501	0.000000	
0.000000	0.816455	0.408318	0.408261	0.000000	
0.000000	0.816495	0.408252	0.000000	0.408248	
0.707107	0.000000	0.707107	0.000000	0.000000	
0.816499	0.408243	0.000000	0.000000	0.408248	
0.816500	0.000000	0.000000	0.408241	0.408248	
0.707106	0.000000	0.000000	0.707108	0.000000	
0.408309	0.000000	0.816460	0.408261	0.000000	
0.000000	0.948688	0.000000	0.000000	0.316213	
0.000000	0.000000	0.948684	0.316226	0.000000	
1.000000	0.000000	0.000000	0.000000	0.000000	
0.408245	0.408244	0.000000	0.816501	0.000000	
0.499956	0.499955	0.500155	0.499933	0.000000	
0.816483	0.000000	0.408262	0.408261	0.000000	
0.948680	0.316237	0.000000	0.000000	0.000000	
0.000000	0.316205	0.000000	0.948691	0.000000	
0.316198	0.000000	0.948693	0.000000	0.000000	
0.000000	0.000000	0.707107	0.000000	0.707107	
0.316222	0.000000	0.000000	0.000000	0.948685	
0.000000	0.408250	0.408250	0.000000	0.816495	
0.000000	0.316175	0.000000	0.000000	0.948701	
0.000000	0.408311	0.816459	0.408261	0.000000	
0.000000	0.707107	0.000000	0.000000	0.707107	
0.024075	0.000000	0.576956	0.000000	0.816420	
0.948688	0.000000	0.000000	0.000000	0.316213	
0.000000	0.000000	0.408250	0.408251	0.816494	
0.000000	0.000000	0.000000	0.875289	0.483601	
0.400329	0.000000	0.800499	0.446025	0.000000	
0.000000	0.316205	0.000000	0.948691	0.000000	
0.709567	0.705846	0.000000	0.000000	0.000000	
0.668594	0.000000	0.000000	0.745025	0.000000	
0.718396	0.000000	0.718396	0.000000	0.000000	
0.980645	0.000000	0.195800	0.000000	0.000000	
0.648365	0.001116	0.000000	0.643411	0.412843	
0.526976	0.000000	0.000000	0.263482	0.829171	
0.000000	0.000000	0.000000	0.292567	0.967983	
0.991660	0.000000	0.144033	0.000000	0.000000	
0.123833	0.000000	0.000000	0.123833	0.995470	
0.419187	0.810770	0.408207	0.000000	0.017392	
0.905885	0.452948	0.000000	0.000000	0.000000	
0.000000	0.408317	0.816462	0.000000	0.408248	
0.216277	0.648877	0.000000	0.731859	0.000000	
0.577352	0.575033	0.000805	0.579656	0.000000	
0.000000	0.816455	0.408318	0.408261	0.000000	
0.086475	0.295628	0.951385	0.000000	0.000000	
0.000000	0.362570	0.151039	0.770979	0.501955	
0.000000	0.000000	0.815762	0.409715	0.408248	
0.807742	0.403876	0.431095	0.000000	0.000000	
0.577178	0.395642	0.494954	0.000000	0.515125	
0.499998	0.000000	0.499998	0.500036	0.499968	
0.836860	0.367002	0.000000	0.406171	0.000000	
0.000000	0.000000	1.000020	0.000000	0.000000	
0.426016	0.564737	0.000000	0.500236	0.499346	
