0.316229	0.948683	0.000000	0.000000	0.000000	
0.000000	0.316223	0.000000	0.948685	0.000000	
0.408229	0.408228	0.816516	0.000000	0.000000	
0.408244	0.000000	0.816499	0.000000	0.408248	
0.000000	1.000000	0.000000	0.000000	0.000000	
0.000000	0.816496	0.000000	0.408249	0.408248	
0.707107	0.000000	0.000000	0.000000	0.707107	
0.000000	0.816496	0.408249	0.000000	0.408248	
0.408249	0.816496	0.000000	0.000000	0.408248	
0.000000	0.000000	0.000000	1.000000	0.000000	
0.408248	0.816495	0.000000	0.408252	0.000000	
0.000000	0.000000	0.408250	0.408250	0.816495	
0.000000	0.316223	0.948685	0.000000	0.000000	
1.000000	0.000000	0.000000	0.000000	0.000000	
0.408250	0.408250	0.000000	0.000000	0.816495	
0.000000	0.000000	0.000000	0.707107	0.707107	
0.000000	0.948684	0.000000	0.000000	0.316226	
0.499989	0.499988	0.000000	0.500016	0.500006	
0.000000	0.316226	0.000000	0.000000	0.948684	
0.000000	0.000000	0.000000	0.316223	0.948685	
0.000000	0.000000	0.408249	0.816496	0.408248	
0.000000	0.408249	0.000000	0.816496	0.408248	
0.816490	0.408261	0.000000	0.000000	0.408248	
0.000000	0.408244	0.816499	0.000000	0.408248	
0.316226	0.000000	0.000000	0.000000	0.948684	
0.948684	0.000000	0.000000	0.316227	0.000000	
0.408247	0.408246	0.000000	0.816498	0.000000	
0.000000	0.408246	0.408246	0.816498	0.000000	
0.000000	0.707107	0.707107	0.000000	0.000000	
0.000000	0.499989	0.499989	0.500016	0.500006	
0.000000	0.000000	0.707107	0.707107	0.000000	
0.000000	0.408243	0.816497	0.408253	0.000000	
0.816496	0.000000	0.000000	0.408249	0.408248	
0.000000	0.000000	1.000000	0.000000	0.000000	
0.000000	0.816495	0.408248	0.408252	0.000000	
0.316223	0.000000	0.000000	0.948685	0.000000	
0.000000	0.000000	0.948684	0.000000	0.316226	
0.707107	0.000000	0.000000	0.707107	0.000000	
0.000000	0.408250	0.408250	0.000000	0.816495	
0.000000	0.408250	0.000000	0.408250	0.816495	
0.408250	0.816498	0.408244	0.000000	0.000000	
0.816536	0.408164	0.000000	0.408253	0.000000	
0.408250	0.000000	0.000000	0.408250	0.816495	
0.408243	0.000000	0.816497	0.408253	0.000000	
0.948685	0.316223	0.000000	0.000000	0.000000	
0.408249	0.000000	0.000000	0.816496	0.408248	
0.316227	0.000000	0.948684	0.000000	0.000000	
0.499989	0.000000	0.499989	0.500016	0.500006	
0.816494	0.408259	0.408244	0.000000	0.000000	
0.000000	0.707107	0.000000	0.707107	0.000000	
0.499998	0.499999	0.499997	0.000000	0.500006	
0.948683	0.000000	0.316227	0.000000	0.000000	
0.707107	0.000000	0.707107	0.000000	0.000000	
0.000000	0.707107	0.000000	0.000000	0.707107	
0.948684	0.000000	0.000000	0.000000	0.316226	
0.707106	0.707107	0.000000	0.000000	0.000000	
0.000000	0.000000	0.316223	0.948685	0.000000	
0.000000	0.000000	0.948684	0.316227	0.000000	
0.408250	0.000000	0.408250	0.000000	0.816495	
0.000000	0.948684	0.000000	0.316227	0.000000	
0.816494	0.000000	0.408248	0.408253	0.000000	
0.499974	0.499973	0.499972	0.500082	0.000000	
0.000000	0.000000	0.707107	0.000000	0.707107	
0.000000	0.000000	0.816496	0.408249	0.408248	
0.000000	0.948683	0.316227	0.000000	0.000000	
0.000000	0.000000	0.316226	0.000000	0.948684	
0.816496	0.000000	0.408249	0.000000	0.408248	
0.000000	0.000000	0.000000	0.000000	1.000000	
0.408246	0.000000	0.408246	0.816498	0.000000	
0.000000	0.000000	0.000000	0.948684	0.316226	
0.501877	0.000000	0.501877	0.501903	0.494300	
0.613360	0.000000	0.000000	0.354770	0.708570	
0.002805	0.912866	0.000613	0.000000	0.408248	
0.912722	0.016472	0.000000	0.000000	0.408248	
0.000000	0.682290	0.341145	0.501578	0.408284	
0.255937	0.000000	0.767814	0.000000	0.588056	
0.000000	0.408250	0.408250	0.000000	0.816495	
0.756537	0.572409	0.316227	0.000000	0.000000	
0.000000	0.000000	0.384344	0.385694	0.848060	
0.387279	0.774555	0.504406	0.000000	0.000000	
0.010593	0.000000	0.001356	0.948624	0.316226	
0.907143	0.409256	0.127410	0.000000	0.000000	
0.217341	0.858136	0.000000	0.000000	0.465150	
0.365204	0.000000	0.730252	0.577371	0.000000	
0.656192	0.000000	0.174350	0.631686	0.375926	
0.090819	0.900893	0.426516	0.000000	0.000000	
0.315985	0.000000	0.947958	0.000000	0.039108	
0.509916	0.000011	0.000000	0.723616	0.465150	
0.000000	0.000000	0.707407	0.707406	0.000000	
0.315069	0.000000	0.000000	0.949069	0.000000	
0.816798	0.015250	0.407951	0.408371	0.000000	
0.000000	0.000000	0.750314	0.519902	0.408326	
0.554494	0.165713	0.000000	0.818449	0.000000	
0.316229	0.948683	0.000000	0.000000	0.000000	
0.083924	0.083924	0.857806	0.500082	0.000000	
0.422041	0.326704	0.846572	0.077661	0.000000	
0.437133	0.000000	0.195885	0.878640	0.000000	
0.238563	0.699031	0.368785	0.000000	0.594976	
0.000000	0.000000	1.006138	0.000000	0.000000	
0.734116	0.000000	0.339938	0.000000	0.587805	
