0.000000	0.816500	0.000000	0.408241	0.408248	
0.000000	1.000000	0.000000	0.000000	0.000000	
0.707107	0.000000	0.000000	0.000000	0.707107	
0.316911	0.000000	0.000000	0.950701	0.000000	
0.499991	0.000000	0.499991	0.500029	0.499989	
0.000000	0.000000	0.000000	0.707107	0.707107	
0.816489	0.408250	0.000000	0.408261	0.000000	
0.000000	0.000000	0.316237	0.948680	0.000000	
0.408215	0.408214	0.816530	0.000000	0.000000	
0.499959	0.499958	0.500108	0.000000	0.499975	
0.707106	0.000000	0.000000	0.707108	0.000000	
0.000000	0.000000	0.408229	0.816506	0.408248	
0.000000	0.408228	0.000000	0.816506	0.408248	
0.000000	0.000000	0.408250	0.408251	0.816494	
0.000000	0.000000	0.707107	0.000000	0.707107	
0.948684	0.000000	0.316225	0.000000	0.000000	
0.000000	0.707107	0.000000	0.000000	0.707107	
0.408229	0.000000	0.000000	0.816506	0.408248	
0.000000	0.000000	0.707106	0.707108	0.000000	
0.000000	0.000000	0.000000	0.000000	1.000000	
0.000000	0.707106	0.000000	0.707108	0.000000	
0.707108	0.707106	0.000000	0.000000	0.000000	
0.816484	0.000000	0.408261	0.408261	0.000000	
0.408251	0.408250	0.000000	0.000000	0.816495	
0.000000	0.408244	0.408244	0.816501	0.000000	
0.408237	0.816502	0.000000	0.000000	0.408248	
0.408241	0.816494	0.000000	0.408261	0.000000	
0.000000	0.816495	0.408252	0.000000	0.408248	
0.000000	0.499991	0.499991	0.500029	0.499989	
0.408250	0.000000	0.408250	0.000000	0.816495	
0.316222	0.000000	0.000000	0.000000	0.948685	
0.408244	0.000000	0.408244	0.816501	0.000000	
0.000000	0.948684	0.316225	0.000000	0.000000	
0.000000	0.000000	0.816501	0.408240	0.408248	
1.000000	0.000000	0.000000	0.000000	0.000000	
0.000000	0.408250	0.408250	0.000000	0.816495	
0.000000	0.408311	0.816459	0.408261	0.000000	
0.000000	0.816455	0.408318	0.408261	0.000000	
0.408309	0.000000	0.816460	0.408261	0.000000	
0.408250	0.000000	0.000000	0.408251	0.816495	
0.816499	0.408243	0.000000	0.000000	0.408248	
0.408242	0.000000	0.816500	0.000000	0.408248	
0.316198	0.000000	0.948693	0.000000	0.000000	
0.000000	0.948680	0.000000	0.316237	0.000000	
0.000000	0.000000	1.000000	0.000000	0.000000	
0.408245	0.408244	0.000000	0.816501	0.000000	
0.948688	0.000000	0.000000	0.000000	0.316213	
0.499956	0.499955	0.500155	0.499933	0.000000	
0.000000	0.707107	0.707107	0.000000	0.000000	
0.000000	0.316237	0.000000	0.948680	0.000000	
0.408239	0.816491	0.408268	0.000000	0.000000	
0.000000	0.948688	0.000000	0.000000	0.316213	
0.316208	0.948690	0.000000	0.000000	0.000000	
0.000000	0.000000	0.000000	0.948688	0.316213	
0.000000	0.408250	0.000000	0.408251	0.816495	
0.000000	0.408242	0.816500	0.000000	0.408248	
0.000000	0.000000	0.948688	0.000000	0.316213	
0.816500	0.000000	0.000000	0.408241	0.408248	
0.499995	0.499994	0.000000	0.500022	0.499989	
0.948680	0.316237	0.000000	0.000000	0.000000	
0.000000	0.000000	0.316239	0.000000	0.948680	
0.707107	0.000000	0.707107	0.000000	0.000000	
0.000000	0.316175	0.000000	0.000000	0.948701	
0.816495	0.000000	0.408252	0.000000	0.408248	
0.000000	0.000000	0.000000	1.000000	0.000000	
0.816487	0.408248	0.408268	0.000000	0.000000	
0.000000	0.000000	0.948684	0.316226	0.000000	
0.948684	0.000000	0.000000	0.316227	0.000000	
0.000000	0.316198	0.948693	0.000000	0.000000	
0.000000	0.000000	0.000000	0.316222	0.948685	
0.000000	0.952348	0.000000	0.000000	0.317433	
0.161452	0.292928	0.000000	0.944304	0.000000	
0.948688	0.000000	0.000000	0.000000	0.316213	
0.807265	0.403638	0.430580	0.000000	0.000000	
0.472122	0.000000	0.334267	0.000000	0.818081	
1.000000	0.000000	0.000000	0.000000	0.000000	
0.000000	0.000000	0.000000	0.284881	0.958849	
0.000000	1.000000	0.000000	0.000000	0.000000	
0.408250	0.000000	0.000000	0.408251	0.816495	
0.263095	0.109058	0.000036	0.000000	0.958586	
0.000000	0.000000	0.948848	0.000000	0.316266	
0.012788	0.233002	0.232677	0.000000	0.958541	
0.258793	0.726097	0.007493	0.344758	0.585248	
0.183854	0.000000	0.364875	0.817204	0.408597	
0.000000	0.314746	0.629367	0.497254	0.507514	
0.000000	0.000000	0.408622	0.407879	0.816494	
0.816455	0.000000	0.408318	0.408261	0.000000	
0.619929	0.339999	0.500155	0.499933	0.001226	
0.000000	0.501339	0.000000	0.501340	0.705208	
0.311215	0.858037	0.010057	0.408444	0.000000	
0.682639	0.000000	0.730756	0.000000	0.000000	
0.316198	0.000000	0.948693	0.000000	0.000000	
0.000000	0.892652	0.450747	0.000000	0.000000	
0.000000	0.072807	0.144718	0.986791	0.000000	
0.343680	0.188491	0.782074	0.484474	0.000980	
0.000000	0.196256	0.662405	0.723264	0.000000	
0.000000	0.947939	0.000000	0.318451	0.000000	
0.000000	0.707106	0.000000	0.707108	0.000091	
0.447192	0.000000	0.000000	0.894438	0.000000	
0.611274	0.613478	0.000000	0.000000	0.499989	
