0.000000	0.000000	0.000000	1.003081	0.000000	
0.000046	0.953400	0.000000	0.316043	0.000000	
1.003835	0.000000	0.000000	0.000000	0.000000	
0.410770	0.000000	0.000000	0.409545	0.823356	
0.816255	0.000000	0.000000	0.409440	0.408520	
0.402007	0.831535	0.000000	0.000022	0.415203	
0.000247	0.312622	0.000000	0.000000	0.950611	
0.000054	0.000000	0.820667	0.406697	0.409834	
0.002914	0.828669	0.383045	0.409203	0.000000	
0.705956	0.712361	0.000000	0.000000	0.000000	
0.000070	0.000017	0.328353	0.946155	0.001297	
0.539108	0.000290	0.503856	0.497451	0.466325	
0.813540	0.414077	0.000000	0.413490	0.000000	
0.492691	0.497161	0.000000	0.508741	0.503613	
0.819260	0.406362	0.000000	0.000000	0.406516	
0.000273	0.000275	0.961699	0.000000	0.304042	
0.000077	0.949981	0.318717	0.000000	0.000000	
0.000053	0.000000	0.000000	0.707214	0.707878	
0.000000	1.010323	0.000000	0.000000	0.000000	
0.403048	0.822218	0.000001	0.404106	0.000000	
0.407480	0.000000	0.408390	0.819196	0.000000	
0.000961	0.411542	0.000456	0.412197	0.824259	
0.001232	0.822444	0.000000	0.400393	0.406543	
0.407803	0.000000	0.000000	0.817622	0.409065	
0.514029	0.483305	0.499053	0.000000	0.503683	
0.950108	0.000000	0.000000	0.000000	0.316239	
0.413690	0.413708	0.000000	0.817307	0.000000	
0.000067	0.949520	0.000000	0.000000	0.316679	
0.000001	0.000000	0.000000	0.000002	1.000375	
0.410708	0.817119	0.410835	0.000000	0.000000	
0.001433	0.407523	0.408596	0.822343	0.000000	
0.707836	0.000000	0.709815	0.000000	0.000000	
0.000360	0.813481	0.428449	0.000000	0.412961	
0.000355	0.410407	0.000000	0.816615	0.410490	
0.949920	0.000000	0.317347	0.000000	0.000000	
0.000183	0.397086	0.818163	0.418386	0.000000	
0.405829	0.000000	0.823046	0.403878	0.000000	
0.000000	0.000005	1.000680	0.000000	0.000000	
0.000078	0.708478	0.000000	0.000000	0.708528	
0.001051	0.406337	0.411584	0.000000	0.818399	
0.813185	0.404246	0.419911	0.000000	0.000000	
0.000354	0.301436	0.957928	0.000000	0.000000	
0.000347	0.000000	0.721356	0.000000	0.701159	
0.819524	0.000012	0.408118	0.405268	0.000002	
0.317099	0.000000	0.000000	0.948538	0.000000	
0.000725	0.317346	0.000000	0.949280	0.000000	
0.405798	0.000000	0.410098	0.000000	0.817285	
0.000127	0.000164	0.953595	0.304101	0.000041	
0.000343	0.396833	0.822452	0.000008	0.413571	
0.318978	0.000000	0.000000	0.000000	0.948428	
0.426726	0.424564	0.000000	0.000000	0.840377	
0.707748	0.000000	0.000000	0.000000	0.707797	
0.000000	0.000000	0.000000	0.949477	0.316029	
0.950744	0.000000	0.000000	0.315183	0.000000	
0.708676	0.000000	0.000000	0.707219	0.000000	
0.000164	0.537462	0.518358	0.485726	0.466774	
0.318712	0.000000	0.948761	0.000000	0.000000	
0.000255	0.000000	0.401044	0.413510	0.821833	
0.001776	0.706593	0.712010	0.000000	0.000000	
0.402497	0.408575	0.821605	0.000000	0.000000	
0.000966	0.008807	0.405938	0.819056	0.408962	
0.000025	0.000025	0.000000	0.319319	0.949087	
0.000054	0.709923	0.000000	0.708463	0.000000	
0.000162	0.000000	0.336764	0.000000	0.942081	
0.311409	0.953367	0.000000	0.000000	0.000000	
0.391728	0.000000	0.827350	0.000000	0.403518	
0.956853	0.321004	0.000000	0.000000	0.000000	
0.513268	0.489198	0.455736	0.541746	0.000000	
0.000003	0.000007	0.709449	0.706164	0.000000	
0.813107	0.000004	0.428252	0.000020	0.412771	
0.308557	0.264795	0.410909	0.000000	0.818902	
0.424634	0.000000	0.000000	0.811102	0.409569	
0.000066	0.000000	0.943835	0.331836	0.000030	
0.869834	0.000000	0.297544	0.025489	0.411515	
0.947709	0.000000	0.293648	0.134087	0.000000	
0.000366	0.000000	0.576163	0.000000	0.822003	
0.864756	0.242210	0.445529	0.000000	0.000708	
0.000164	0.537462	0.518358	0.485726	0.466774	
0.001809	0.000763	0.000000	0.828894	0.590301	
0.369543	0.000229	0.345379	0.731840	0.466170	
0.359390	0.944237	0.000000	0.000186	0.000000	
0.489928	0.494373	0.000000	0.514055	0.503598	
0.000355	0.409765	0.000000	0.815337	0.413712	
0.369736	0.099620	0.788978	0.484318	0.000000	
1.003868	0.000000	0.000000	0.000000	0.000000	
0.000022	0.000010	0.000000	0.319731	0.964572	
0.628924	0.811977	0.000000	0.332575	0.000000	
0.066165	0.985435	0.161196	0.000000	0.000000	
0.000692	0.000000	0.367348	0.531500	0.775684	
0.409839	0.000000	0.000000	0.408996	0.824101	
0.001471	0.201946	0.099765	0.000000	0.983665	
0.836954	0.000000	0.000000	0.553737	0.000000	
0.402497	0.408575	0.821605	0.000000	0.000000	
0.708158	0.000000	0.000000	0.000000	0.708208	
0.797127	0.445790	0.061163	0.000000	0.403499	
0.001349	0.909860	0.000000	0.000000	0.416342	
0.888613	0.000479	0.013233	0.004822	0.465697	
0.711899	0.718357	0.000000	0.000000	0.000000	
0.124920	0.000000	0.122028	0.933270	0.316091	
0.000193	0.634496	0.611943	0.119718	0.466156	
