0.234605	0.608369	0.000002	7.288589	
0.000000	0.580483	0.744770	6.646081	
0.197368	0.815939	0.601978	5.755037	
0.028101	0.000335	0.679465	7.210065	
0.135588	0.134139	0.000364	7.476679	
0.207941	0.657439	0.220578	6.586467	
0.786484	0.007504	0.891219	4.841855	
0.645524	0.237651	0.202668	6.664790	
0.586385	0.836980	0.000002	6.152874	
0.720531	0.210567	0.602157	6.313893	
0.727943	0.000057	0.747533	5.657538	
0.796885	0.888604	0.006836	4.786642	
0.000181	0.239226	0.143205	7.292553	
0.616352	0.270258	0.772474	5.852080	
0.295921	0.281683	0.000880	7.189330	
0.716385	0.004868	0.344629	6.652286	
0.519079	0.722400	0.123413	6.747554	
0.805798	0.253990	0.812019	4.381541	
0.017235	0.800065	0.890499	4.764570	
0.000000	0.169461	0.603896	7.591265	
0.119068	0.000002	0.000095	7.773711	
0.004249	0.780004	0.195402	6.291533	
0.295647	0.002389	0.152319	7.297791	
0.789606	0.563423	0.224207	5.975124	
0.857488	0.731319	0.870862	3.470688	
0.000000	0.000000	0.000000	8.000694	
0.178679	0.292132	0.199581	6.851640	
0.215655	0.837288	0.219498	5.505040	
0.001329	0.152365	0.309642	7.317478	
0.218222	0.214482	0.868050	5.491551	
0.000000	0.696688	0.603896	6.943888	
0.000731	0.727547	0.742969	5.670536	
0.000445	0.184573	0.776486	6.293873	
0.862762	0.679383	0.662613	4.919526	
0.198402	0.773525	0.002823	6.339168	
0.274002	0.802327	0.833122	4.346771	
0.190998	0.000470	0.632319	7.251437	
0.602530	0.730434	0.281758	6.184661	
0.175715	0.161700	0.315956	6.960467	
0.886056	0.226234	0.056723	5.834125	
0.004973	0.243597	0.000002	7.569118	
0.616453	0.178196	0.000002	7.428051	
0.000008	0.592770	0.000000	7.794128	
0.644576	0.642501	0.606114	6.741103	
0.004261	0.887743	0.000366	6.334463	
0.000005	0.130409	0.125408	7.507205	
0.714039	0.878659	0.866370	3.608490	
0.014993	0.864641	0.205064	5.894305	
0.888400	0.797471	0.025662	4.759743	
0.272479	0.156412	0.000374	7.267421	
0.286910	0.623690	0.639691	6.770964	
0.779907	0.196877	0.001313	6.279543	
0.801781	0.812840	0.268675	4.464346	
0.135407	0.000093	0.137475	7.467635	
0.195827	0.200569	0.641807	6.736586	
0.135778	0.159879	0.137475	7.147246	
0.586385	0.000219	0.000002	7.848758	
0.303332	0.167690	0.173091	6.931675	
0.899855	0.006376	0.000000	6.372992	
0.029721	0.294591	0.281119	7.149130	
0.245667	0.007778	0.000374	7.627851	
0.134979	0.002678	0.284765	7.322925	
0.712235	0.000219	0.000002	6.991500	
0.001579	0.124791	0.000065	7.847347	
0.895992	0.015072	0.798151	4.790208	
0.887339	0.006250	0.192574	5.995992	
0.644962	0.635374	0.009054	7.057493	
0.161552	0.319932	0.006408	7.343581	
0.000132	0.711116	0.000151	7.007358	
0.775873	0.000314	0.202558	6.210126	
0.687827	0.871276	0.668343	4.812293	
0.731447	0.731957	0.004940	5.690176	
0.616220	0.727148	0.889327	4.889905	
0.000459	0.875522	0.791546	4.798527	
0.234605	0.579789	0.848195	6.077649	
0.011835	0.004272	0.892271	6.332745	
0.869902	0.877040	0.738705	3.431256	
0.000000	0.019456	0.603896	7.713155	
0.000005	0.000000	0.255121	7.573497	
0.870233	0.019456	0.603698	6.024393	
0.627384	0.000006	0.216709	7.359347	
0.000005	0.000000	0.127468	8.186898	
0.869908	0.235666	0.227703	5.469669	
0.191176	0.000563	0.772474	6.208722	
0.000000	0.573502	0.198880	7.483806	
0.275589	0.000250	0.000374	7.642649	
0.218222	0.225182	0.868050	5.482331	
0.800663	0.879842	0.002821	4.764913	
0.722411	0.019456	0.603896	6.626738	
0.727943	0.001671	0.747533	5.640360	
0.000132	0.725672	0.000151	6.898596	
0.164880	0.644292	0.002881	7.159193	
0.151052	0.151447	0.152319	7.097162	
0.000000	0.019456	0.603896	7.713155	
0.000000	0.570352	0.204864	7.482873	
0.297645	0.000011	0.149997	7.308101	
0.802607	0.812840	0.261983	4.393420	
0.000008	0.592770	0.004861	7.788797	
0.710798	0.641362	0.838048	4.838659	
0.791470	0.024321	0.892500	4.799629	
0.836923	0.149139	0.294810	5.641435	
0.000008	0.124430	0.144181	7.556358	
0.644330	0.642408	0.648263	6.489295	
0.645560	0.000050	0.000095	7.615506	
0.303332	0.167690	0.158633	6.960027	
0.642801	0.878659	0.865437	4.130851	
0.006720	0.000130	0.023824	7.976471	
0.000205	0.812097	0.001833	6.390156	
0.271002	0.213271	0.007939	7.165803	
0.271405	0.628524	0.149516	6.918184	
0.586385	0.000219	0.000002	7.848758	
0.519079	0.722400	0.124394	6.740996	
0.000731	0.740506	0.742969	5.601139	
0.792797	0.001686	0.200885	6.105552	
0.000000	0.210567	0.602157	7.340267	
0.620972	0.244313	0.000002	7.214176	
0.163637	0.320796	0.003023	7.314688	
0.621447	0.228383	0.801907	5.803206	
0.017235	0.804450	0.890499	4.746555	
0.616374	0.770865	0.200576	5.866092	
0.000005	0.000000	0.125287	7.759132	
0.188326	0.297779	0.199581	6.842106	
0.187658	0.815939	0.601978	5.756133	
0.234605	0.608369	0.848195	5.844195	
0.000000	0.874182	0.833804	4.669372	
0.000181	0.228912	0.143205	7.297725	
0.727943	0.822991	0.767890	3.918040	
0.000297	0.780004	0.199327	6.148280	
0.886056	0.797307	0.019482	4.764975	
0.139134	0.008795	0.211686	7.348134	
0.135778	0.000093	0.137475	7.465097	
0.861040	0.731242	0.863055	3.465631	
0.800094	0.606044	0.268675	5.805898	
0.899855	0.018813	0.000000	6.349672	
0.655462	0.906277	0.072102	5.739730	
0.039496	0.283278	0.275177	7.123065	
0.000005	0.001235	0.255121	7.572270	
0.036668	0.189311	0.233546	7.192357	
0.193817	0.786814	0.002881	6.274115	
0.121333	0.002043	0.000095	7.766221	
0.780042	0.192077	0.000028	6.157769	
0.856405	0.019456	0.604483	6.032570	
0.223495	0.012357	0.658751	7.127809	
0.829462	0.267064	0.809148	4.352214	
0.215655	0.864641	0.220029	5.486709	
0.011408	0.694551	0.309415	6.744438	
0.056885	0.177630	0.000000	7.565749	
0.786664	0.822991	0.729038	3.792101	
0.000194	0.125539	0.000000	7.855540	
0.210171	0.016730	0.890286	5.938240	
0.855189	0.731957	0.001673	5.395431	
0.645592	0.237651	0.632649	6.625742	
0.000072	0.004512	0.732497	6.942027	
0.863563	0.679383	0.674234	4.833508	
0.072412	0.580483	0.744770	6.527895	
0.637151	0.267064	0.219927	6.787233	
0.011835	0.006680	0.890499	6.325441	
0.000459	0.189311	0.776486	6.218980	
0.887217	0.000057	0.787992	4.854691	
0.004390	0.220876	0.001180	7.584556	
0.176997	0.740506	0.742969	5.249113	
0.195827	0.202040	0.283291	6.813120	
0.218318	0.214528	0.666102	6.519051	
0.627522	0.000006	0.216709	7.356291	
0.886056	0.797307	0.004397	4.783404	
0.295647	0.151447	0.152319	6.997255	
0.729345	0.006639	0.012206	6.884186	
0.616676	0.228383	0.817187	5.709784	
0.218222	0.214482	0.868050	5.491551	
0.000021	0.585220	0.744770	6.611310	
0.024532	0.804450	0.890499	4.736365	
0.191207	0.694551	0.315714	6.390017	
0.805798	0.216824	0.813958	4.391693	
0.808870	0.879842	0.028198	4.726541	
0.719853	0.877040	0.738705	4.096627	
0.899855	0.018565	0.000368	6.353691	
0.279203	0.001784	0.000516	7.593325	
0.642801	0.878659	0.841503	4.141820	
0.279203	0.001784	0.125508	7.342463	
0.653644	0.153926	0.804181	5.543483	
0.004571	0.833168	0.007699	6.352163	
0.135778	0.000093	0.102203	7.737595	
0.753039	0.641033	0.604199	6.090963	
0.294588	0.746221	0.640068	5.866446	
0.191207	0.694551	0.009951	6.847091	
0.586385	0.000649	0.000002	7.847651	
0.753039	0.019456	0.603896	6.552385	
0.300856	0.780004	0.197932	5.759010	
0.011835	0.004179	0.892271	6.333289	
0.801781	0.812840	0.270220	4.402358	
0.663342	0.215185	0.220451	6.560062	
0.893080	0.000014	0.777017	5.009605	
0.000297	0.780004	0.200576	6.145664	
0.863563	0.679383	0.675697	4.822869	
0.108684	0.704039	0.662613	6.234023	
0.000001	0.770865	0.544044	6.542005	
0.197500	0.294591	0.278647	6.798443	
0.780042	0.192077	0.003886	6.153891	
0.791470	0.009148	0.891219	4.818608	
0.902342	0.720168	0.795577	3.770567	
