0.000002	0.000172	0.124986	7.759704	
0.876481	0.758185	0.863378	3.293652	
0.004439	0.705014	0.634752	6.754990	
0.533587	0.720543	0.000000	6.904705	
0.000002	0.633016	0.219631	7.187187	
0.652157	0.213281	0.000113	7.180281	
0.802205	0.193900	0.000844	6.047769	
0.792477	0.003972	0.900123	4.841484	
0.195716	0.000002	0.797799	6.117387	
0.155703	0.151789	0.153244	7.082796	
0.654802	0.611579	0.242989	6.709714	
0.671227	0.214104	0.218605	6.482356	
0.152131	0.000002	0.305440	7.312465	
0.000002	0.633016	0.000829	7.597333	
0.819092	0.789098	0.244880	4.457446	
0.023132	0.000457	0.881387	6.297639	
0.817897	0.877372	0.015352	4.675521	
0.592667	0.000075	0.727538	6.758700	
0.190959	0.177585	0.320145	6.909196	
0.659272	0.637134	0.645547	6.409536	
0.754513	0.002907	0.727456	5.567004	
0.746892	0.004821	0.589264	6.539673	
0.220486	0.656696	0.221811	6.577635	
0.899180	0.225027	0.215678	5.544321	
0.010151	0.889636	0.646578	5.810988	
0.195716	0.000002	0.622794	7.243638	
0.718032	0.563434	0.002908	6.882177	
0.743055	0.865237	0.885862	3.410128	
0.197934	0.600683	0.000159	7.375732	
0.002051	0.000258	0.282258	7.584945	
0.270465	0.813915	0.803056	4.398276	
0.000026	0.264809	0.000095	7.577888	
0.652224	0.698831	0.937375	5.073814	
0.281376	0.003011	0.169316	7.245904	
0.638989	0.207255	0.618581	6.782219	
0.756995	0.656696	0.218490	5.735834	
0.641593	0.000015	0.213731	7.422002	
0.011651	0.883110	0.800531	4.754976	
0.291404	0.597726	0.764031	6.044208	
0.158727	0.294897	0.190305	6.908087	
0.641341	0.804442	0.213731	5.696882	
0.025137	0.000081	0.618054	7.651376	
0.142340	0.001188	0.135988	7.452922	
0.000169	0.778573	0.872907	4.858629	
0.898618	0.020066	0.786846	4.844890	
0.195716	0.261375	0.006105	7.196742	
0.305895	0.163410	0.173949	6.944547	
0.879834	0.000631	0.000094	6.325654	
0.000002	0.778573	0.196520	6.160678	
0.017732	0.586982	0.723132	6.703561	
0.759593	0.721802	0.000648	5.613374	
0.002300	0.146622	0.307063	7.326582	
0.125843	0.000035	0.000094	7.758128	
0.219324	0.217496	0.658947	6.567439	
0.809197	0.270497	0.808743	4.393138	
0.793627	0.000252	0.193555	6.088324	
0.738605	0.000134	0.000255	6.797889	
0.282952	0.149647	0.000186	7.299016	
0.914383	0.803235	0.000049	4.852177	
0.011635	0.883110	0.010495	6.306235	
0.627866	0.877372	0.025368	5.969002	
0.017710	0.303468	0.176385	7.239771	
0.000170	0.727285	0.007339	6.987164	
0.952231	0.698384	0.676997	4.987196	
0.291087	0.015544	0.295284	7.194534	
0.002327	0.728516	0.738535	5.667941	
0.212756	0.216013	0.868668	5.497455	
0.207419	0.637533	0.620412	6.778119	
0.681070	0.893464	0.658154	4.975279	
0.000745	0.193225	0.783667	6.137675	
0.000197	0.000078	0.733031	6.860572	
0.000424	0.126124	0.000000	7.759181	
0.256752	0.744150	0.653282	5.764128	
0.000406	0.139957	0.142550	7.495405	
0.300612	0.000000	0.000182	7.780519	
0.217483	0.887188	0.228167	5.511145	
0.879263	0.869769	0.724504	3.534848	
0.611309	0.259473	0.800475	5.735538	
0.142017	0.134844	0.000100	7.456825	
0.301219	0.298549	0.000059	7.255353	
0.025186	0.192272	0.614783	7.264131	
0.202301	0.771791	0.001308	6.188388	
0.000000	0.000000	0.000000	8.000074	
0.220486	0.656696	0.221678	6.577732	
0.002300	0.144624	0.307063	7.344118	
0.217483	0.879557	0.224860	5.549849	
0.728828	0.015597	0.013992	6.858296	
0.017710	0.303468	0.185400	7.224363	
0.136303	0.138276	0.000100	7.462227	
0.864266	0.014028	0.005099	6.290757	
0.725093	0.771715	0.201978	5.169993	
0.000424	0.126124	0.000006	7.759067	
0.283433	0.301085	0.001044	7.196655	
0.023132	0.000457	0.881387	6.297639	
0.874830	0.865237	0.013226	4.610014	
0.000026	0.252928	0.000149	7.675963	
0.307472	0.155567	0.185530	6.940091	
0.003137	0.013137	0.276192	7.599333	
0.025441	0.230911	0.855881	5.855449	
0.016569	0.060020	0.015572	7.871172	
0.874196	0.803235	0.001893	4.788973	
0.270080	0.170672	0.000186	7.238205	
0.875785	0.217343	0.221334	5.493452	
0.281230	0.001741	0.000186	7.585495	
0.681070	0.893464	0.235169	5.157379	
0.000630	0.771909	0.192214	6.202679	
0.741214	0.287799	0.039968	6.319614	
0.198637	0.772451	0.000159	6.190642	
0.485786	0.741786	0.000001	6.779670	
0.652157	0.209118	0.002011	7.035905	
0.184299	0.009275	0.798085	6.071751	
0.025186	0.000081	0.618054	7.648291	
0.697154	0.021606	0.267340	6.675217	
0.291087	0.008989	0.295284	7.213921	
0.000576	0.140970	0.142140	7.468240	
0.010775	0.637533	0.092976	7.398553	
0.658592	0.632875	0.654053	6.382021	
0.092796	0.000015	0.215370	7.640994	
0.923860	0.083053	0.676600	5.701302	
0.671849	0.786187	0.892795	4.150983	
0.677348	0.872555	0.673183	4.854370	
0.270080	0.302589	0.000186	7.189607	
0.016569	0.801850	0.015572	6.394665	
0.000002	0.007556	0.154656	7.689349	
0.762414	0.656696	0.218490	5.633131	
0.267547	0.814302	0.803056	4.388282	
0.721622	0.574761	0.142550	6.556007	
0.923860	0.703790	0.676600	4.784242	
0.613459	0.259473	0.800475	5.697305	
0.234900	0.744150	0.653282	5.767068	
0.628016	0.877372	0.000307	6.130163	
0.878140	0.009275	0.798085	4.758696	
0.207595	0.641698	0.627005	6.710603	
0.000002	0.633016	0.002422	7.595986	
0.030759	0.690581	0.633128	6.731369	
0.809197	0.270497	0.808743	4.394183	
0.220980	0.656636	0.009500	6.981612	
0.638989	0.207255	0.657962	6.525927	
0.037294	0.705014	0.006246	7.033716	
0.881341	0.778649	0.863378	3.205149	
0.220478	0.224445	0.669350	6.486395	
0.661926	0.217343	0.221487	6.543331	
0.220478	0.008377	0.658154	6.973771	
0.000969	0.192640	0.638465	7.151135	
0.738562	0.865237	0.880708	3.431821	
0.007361	0.000081	0.727538	6.870841	
0.154445	0.151789	0.153244	7.086047	
0.294676	0.019090	0.704122	6.740571	
0.158727	0.294897	0.190305	6.908087	
0.000974	0.634500	0.689433	6.743387	
0.757000	0.728966	0.000547	5.579401	
0.159892	0.021606	0.307211	7.272752	
0.281376	0.599651	0.759320	6.000457	
0.746892	0.004821	0.598280	6.497782	
0.187711	0.145433	0.313277	6.970382	
0.793627	0.000190	0.189556	6.094124	
0.654802	0.618809	0.219965	6.710234	
0.869661	0.873089	0.736245	3.440968	
0.218962	0.195757	0.863148	5.512728	
0.792477	0.001206	0.900123	4.844528	
0.126911	0.000035	0.002756	7.752940	
0.002327	0.718820	0.760497	5.591728	
0.011474	0.854852	0.813139	4.689052	
0.187711	0.160052	0.313277	6.938562	
0.000974	0.634500	0.688492	6.750457	
0.817897	0.877372	0.003478	4.689494	
0.010548	0.126124	0.000190	7.748177	
0.008719	0.803235	0.001893	6.555524	
0.298234	0.163649	0.153597	7.062323	
0.858271	0.759687	0.021079	4.992183	
0.696425	0.015597	0.000165	7.336910	
0.641593	0.624379	0.785771	5.880278	
0.638154	0.209172	0.657962	6.529002	
0.220478	0.008377	0.658154	6.973771	
0.753966	0.051622	0.877401	4.937881	
0.160509	0.009208	0.798085	6.135618	
0.789879	0.000096	0.189556	6.112095	
0.835410	0.193900	0.021467	5.922483	
0.468497	0.741786	0.000001	6.805274	
0.217749	0.191921	0.000844	7.210171	
0.627174	0.000134	0.688527	6.904276	
0.002327	0.720886	0.735228	5.800154	
0.000576	0.140970	0.142140	7.468240	
0.155703	0.147160	0.153244	7.140690	
0.889411	0.797983	0.000730	4.790034	
0.824371	0.234236	0.698674	5.053999	
0.163358	0.008989	0.295284	7.279684	
0.207595	0.641698	0.627005	6.710603	
0.231911	0.735935	0.760497	5.047576	
0.202248	0.843455	0.228734	5.504672	
0.901348	0.641698	0.627005	5.486772	
0.005188	0.128326	0.313277	7.376559	
0.195716	0.217286	0.006105	7.200987	
0.923860	0.081220	0.676600	5.705581	
0.220486	0.656696	0.218866	6.580078	
0.725928	0.673486	0.201978	5.829973	
0.281376	0.655935	0.770205	5.690026	
0.023484	0.000457	0.204985	7.616308	
0.654802	0.618809	0.196771	6.754416	
0.671849	0.781164	0.809956	4.226600	
