0.000094	0.312652	0.159637	7.309525	
0.720373	0.000027	0.000262	6.933217	
0.809352	0.803819	0.263558	4.403649	
0.569647	0.000001	0.733995	7.238318	
0.685177	0.000847	0.316507	6.830904	
0.000020	0.597466	0.000000	7.971404	
0.012795	0.893989	0.797771	4.789496	
0.685257	0.684738	0.926594	4.878388	
0.780108	0.287218	0.592955	6.167643	
0.000000	0.000000	0.000000	8.002148	
0.187507	0.303447	0.000054	7.242418	
0.787814	0.019135	0.859205	4.781134	
0.167280	0.179705	0.311082	6.933192	
0.281670	0.002779	0.000041	7.587010	
0.905171	0.013347	0.810445	4.774065	
0.001133	0.276580	0.000028	7.582742	
0.790938	0.197181	0.001963	6.094016	
0.002408	0.667327	0.188430	7.135811	
0.241048	0.139082	0.000045	7.302958	
0.884266	0.576393	0.000461	6.190692	
0.187702	0.002775	0.621285	7.270494	
0.000012	0.000020	0.622560	7.632188	
0.902869	0.808014	0.002970	4.787815	
0.024628	0.005037	0.869744	6.277156	
0.915673	0.656962	0.718809	4.780728	
0.191315	0.578193	0.776574	6.032645	
0.000091	0.787274	0.190563	6.124102	
0.597446	0.750880	0.000049	6.567286	
0.290925	0.000103	0.297884	7.203623	
0.884266	0.013780	0.020146	6.294752	
0.141239	0.000056	0.132347	7.465607	
0.029257	0.792715	0.882492	4.764266	
0.737147	0.750880	0.000233	5.609378	
0.199579	0.785712	0.000001	6.124292	
0.000012	0.000104	0.270026	7.580222	
0.221912	0.867103	0.224644	5.482968	
0.867028	0.731234	0.869744	3.472827	
0.643826	0.266637	0.626859	6.677939	
0.000011	0.127804	0.000076	7.872085	
0.217357	0.665969	0.215779	6.585332	
0.161534	0.000004	0.313021	7.305734	
0.877944	0.218544	0.209410	5.509239	
0.217239	0.219906	0.669227	6.528122	
0.666828	0.220286	0.216419	6.512344	
0.020271	0.217314	0.646553	7.046591	
0.735279	0.867992	0.859378	3.440154	
0.294797	0.000004	0.159381	7.283774	
0.211377	0.775998	0.618202	5.872460	
0.316418	0.156318	0.171706	6.982116	
0.199444	0.604465	0.000001	7.450038	
0.000689	0.000003	0.725536	6.893511	
0.000007	0.194364	0.783357	6.138641	
0.217239	0.219906	0.893607	5.535865	
0.884192	0.861716	0.737861	3.443974	
0.736860	0.462910	0.001046	6.860061	
0.211715	0.626233	0.618202	6.897706	
0.000000	0.485035	0.711144	6.995945	
0.006718	0.893337	0.013879	6.331259	
0.276495	0.821320	0.798503	4.391994	
0.192376	0.334974	0.190978	6.915844	
0.642274	0.766708	0.257225	5.872056	
0.674165	0.881587	0.709345	4.625185	
0.610009	0.271539	0.747794	6.094232	
0.000142	0.740845	0.000015	6.983691	
0.789436	0.002574	0.207112	6.108689	
0.000051	0.135787	0.138411	7.473313	
0.196255	0.000965	0.782192	6.148504	
0.632077	0.002574	0.207903	7.224116	
0.799594	0.890306	0.014422	4.771298	
0.000562	0.696006	0.598026	6.878894	
0.294064	0.303447	0.000055	7.213856	
0.000459	0.000018	0.124674	7.761770	
0.152536	0.153125	0.150213	7.094556	
0.121741	0.000961	0.003906	7.764268	
0.867071	0.002685	0.620332	5.962391	
0.000142	0.163322	0.302139	7.286093	
0.647112	0.644461	0.647382	6.434842	
0.801624	0.252127	0.814460	4.390168	
0.605879	0.203328	0.000001	7.375316	
0.136892	0.139082	0.000045	7.461501	
0.837470	0.618874	0.255874	5.551698	
0.736227	0.000030	0.746340	5.568730	
0.000003	0.735784	0.735857	5.648176	
0.002354	0.665969	0.211272	6.936060	
0.862366	0.223936	0.211139	5.489356	
0.035017	0.000689	0.001963	7.955508	
0.164695	0.179705	0.311082	6.938686	
0.885940	0.626588	0.207795	5.567934	
0.211715	0.775998	0.618202	5.816467	
0.168690	0.881147	0.008121	5.990597	
0.287886	0.308294	0.000055	7.214239	
0.161815	0.000004	0.311082	7.301977	
0.000012	0.768393	0.130649	6.443762	
0.221952	0.861217	0.224644	5.477674	
0.798822	0.809231	0.795875	3.506793	
0.220115	0.221806	0.845224	5.491502	
0.000051	0.133011	0.659687	7.159988	
0.012660	0.000004	0.646553	7.466310	
0.884266	0.017179	0.004026	6.308673	
0.000555	0.716688	0.003424	6.956695	
0.000007	0.203219	0.782692	6.129560	
0.809484	0.255261	0.796238	4.431645	
0.159344	0.257180	0.717752	6.207405	
0.787851	0.001041	0.859205	4.908138	
0.196927	0.001518	0.782192	6.140214	
0.809352	0.755201	0.266604	5.081038	
0.000007	0.000484	0.330071	7.863592	
0.000012	0.000104	0.130649	7.747737	
0.685257	0.692579	0.926594	4.819161	
0.168690	0.271371	0.014291	7.236294	
0.217379	0.233045	0.215506	6.760547	
0.000455	0.001494	0.724546	6.899780	
0.192096	0.597488	0.776574	5.946025	
0.000562	0.696006	0.602090	6.863231	
0.801624	0.019440	0.814460	4.795194	
0.000046	0.312652	0.159637	7.309559	
0.906347	0.657012	0.718809	4.743165	
0.689715	0.575745	0.001089	7.022707	
0.242798	0.139538	0.027254	7.268614	
0.680943	0.786934	0.010889	5.927539	
0.217357	0.665969	0.211272	6.590029	
0.867246	0.721025	0.869744	3.549632	
0.901880	0.262867	0.019227	6.001989	
0.242324	0.629486	0.629418	6.750027	
0.174740	0.648168	0.010134	7.130299	
0.786262	0.283371	0.633333	5.827883	
0.294797	0.000004	0.162202	7.278566	
0.029257	0.809231	0.882492	4.695136	
0.668563	0.867586	0.215506	5.334765	
0.633819	0.655090	0.045768	6.953782	
0.899230	0.013918	0.812597	4.745274	
0.718053	0.000244	0.312337	6.577681	
0.008621	0.893337	0.000011	6.344513	
0.286226	0.000004	0.003253	7.588494	
0.666828	0.220286	0.213254	6.514521	
0.285579	0.000004	0.620332	7.233540	
0.570645	0.000001	0.733929	6.915002	
0.000000	0.485035	0.709682	7.006956	
0.861481	0.013918	0.167669	6.004872	
0.192232	0.778736	0.776574	4.724994	
0.791064	0.812533	0.863990	3.179728	
0.615672	0.203328	0.000001	7.321407	
0.736227	0.003125	0.003438	6.816995	
0.005591	0.002516	0.862624	6.302323	
0.633819	0.643615	0.647382	6.525495	
0.632077	0.116170	0.836074	5.799963	
0.136892	0.134243	0.000045	7.551533	
0.121741	0.000961	0.000093	7.985878	
0.807906	0.890306	0.015790	4.735770	
0.145754	0.153125	0.150213	7.158258	
0.000142	0.163322	0.302139	7.286093	
0.634671	0.000021	0.198975	7.216006	
0.000003	0.734149	0.735857	5.650659	
0.000091	0.146440	0.218193	7.300946	
0.316418	0.156318	0.171706	6.982116	
0.142741	0.000056	0.132347	7.462840	
0.012795	0.872775	0.798387	4.749060	
0.000096	0.182946	0.011183	7.626280	
0.000155	0.597466	0.000002	7.957525	
0.902869	0.793626	0.003984	4.848710	
0.006851	0.276580	0.000028	7.576594	
0.676974	0.881587	0.709345	4.598682	
0.121741	0.000961	0.663782	7.197188	
0.880185	0.017340	0.023449	6.276220	
0.570645	0.000001	0.716843	7.399497	
0.075739	0.668725	0.211272	6.889556	
0.685257	0.692579	0.782470	4.942473	
0.877944	0.653961	0.719725	4.762332	
0.000291	0.009793	0.862624	6.297915	
0.012942	0.893155	0.007583	6.530482	
0.685177	0.000847	0.316507	6.830904	
0.000555	0.716976	0.003424	6.955348	
0.045330	0.208553	0.211139	7.132054	
0.274146	0.000004	0.159381	7.329548	
0.165593	0.629862	0.000074	7.306390	
0.192376	0.702221	0.187880	6.327831	
0.807906	0.891734	0.053341	4.730606	
0.158420	0.000004	0.310891	7.309297	
0.005583	0.000018	0.201650	7.605496	
0.717738	0.013261	0.199412	6.569126	
0.000036	0.127804	0.002046	7.870391	
0.306117	0.156318	0.137891	7.069752	
0.192096	0.630304	0.776574	5.761970	
0.785003	0.894487	0.797771	3.315537	
0.294064	0.776975	0.042315	6.096077	
0.000091	0.787274	0.186584	6.140229	
0.676974	0.691561	0.709345	5.428782	
0.000051	0.134264	0.659687	7.157127	
0.207455	0.625831	0.629418	6.797967	
0.135326	0.134243	0.165584	7.223568	
0.197023	0.251266	0.002096	7.188955	
0.012939	0.871522	0.735857	5.136253	
0.188571	0.175323	0.621285	6.961109	
0.286902	0.804044	0.842809	4.334620	
0.632077	0.002574	0.207903	7.224116	
0.000459	0.000018	0.124674	7.761770	
0.211835	0.775256	0.630750	5.739171	
0.650016	0.821069	0.716053	4.782342	
0.000015	0.002285	0.002096	7.999867	
0.741261	0.003125	0.005037	6.779426	
