0.276369	0.160193	0.004614	7.258083	
0.624904	0.000210	0.000006	7.624605	
0.001861	0.722323	0.579888	6.794214	
0.016120	0.153187	0.290580	7.278866	
0.633660	0.301887	0.868572	5.486013	
0.161560	0.302243	0.001449	7.288258	
0.292365	0.000088	0.000753	7.604024	
0.870725	0.681800	0.670634	4.841129	
0.295461	0.702709	0.000753	6.673451	
0.000024	0.743493	0.734947	5.635098	
0.000000	0.000000	0.000000	8.006617	
0.260968	0.814617	0.792766	4.430020	
0.004529	0.000000	0.733687	6.849018	
0.000000	0.303593	0.000000	7.620205	
0.000000	0.000002	0.124273	7.762195	
0.229689	0.221782	0.879942	5.490057	
0.866905	0.728541	0.877720	3.500567	
0.007812	0.879585	0.000016	6.315082	
0.598785	0.834948	0.252376	5.683663	
0.000000	0.301856	0.166773	7.279072	
0.786104	0.000000	0.192599	6.127505	
0.744879	0.005964	0.738290	5.555963	
0.795645	0.902951	0.027415	4.806582	
0.696619	0.000002	0.528315	7.105934	
0.182865	0.302243	0.218033	6.880093	
0.000589	0.129936	0.136349	7.480647	
0.321457	0.179047	0.175890	6.937536	
0.010568	0.013635	0.885649	6.308285	
0.785379	0.188816	0.004808	6.172914	
0.616006	0.218752	0.000016	7.314191	
0.735303	0.863323	0.868687	3.440646	
0.655373	0.222971	0.601251	6.791801	
0.735375	0.735895	0.000032	5.638883	
0.786941	0.812063	0.263878	4.472892	
0.000618	0.000000	0.554978	7.938279	
0.799425	0.000210	0.885763	4.777656	
0.206700	0.623428	0.000437	7.266593	
0.729931	0.003324	0.007884	6.887919	
0.750066	0.622993	0.256668	5.927787	
0.729425	0.589305	0.000437	6.668053	
0.322225	0.000796	0.137254	7.377484	
0.000023	0.780967	0.193424	6.152402	
0.211608	0.859307	0.218438	5.493010	
0.006985	0.734811	0.000534	6.841386	
0.868218	0.865070	0.725013	3.514795	
0.000030	0.000000	0.290733	7.613343	
0.665666	0.899540	0.685598	4.904067	
0.012894	0.295945	0.290599	7.190912	
0.000543	0.128633	0.000019	7.751182	
0.903048	0.804066	0.009070	4.794879	
0.671741	0.681559	0.896242	4.883978	
0.624315	0.628786	0.197374	6.823583	
0.159138	0.639092	0.645889	6.687781	
0.666657	0.223691	0.215272	6.509706	
0.326535	0.000933	0.704413	6.718880	
0.133710	0.000000	0.135984	7.474445	
0.019797	0.891167	0.802476	4.752709	
0.223247	0.776941	0.646499	5.723545	
0.793428	0.221077	0.653759	5.663044	
0.024361	0.805663	0.883986	4.718244	
0.178931	0.184193	0.290455	6.938492	
0.023718	0.582047	0.000000	7.838492	
0.000909	0.621474	0.229147	7.259705	
0.198033	0.778165	0.000159	6.166604	
0.002258	0.195289	0.781523	6.147475	
0.898111	0.017214	0.009691	6.337539	
0.191265	0.001248	0.772274	6.201734	
0.010612	0.207800	0.625690	7.208897	
0.644394	0.639092	0.645889	6.496176	
0.624315	0.010060	0.190163	7.241017	
0.292645	0.000623	0.290379	7.194964	
0.138833	0.136751	0.000978	7.459322	
0.206014	0.586822	0.796805	6.026164	
0.001076	0.582375	0.689800	6.995337	
0.219500	0.643131	0.207054	6.690016	
0.155977	0.000000	0.290020	7.289470	
0.869832	0.224879	0.221507	5.481198	
0.892766	0.006345	0.802285	4.775115	
0.795645	0.272906	0.790151	4.540537	
0.153465	0.152801	0.148772	7.096417	
0.218941	0.223355	0.653759	6.599256	
0.318762	0.302243	0.000063	7.273855	
0.191265	0.001248	0.643366	7.235771	
0.624889	0.077357	0.892676	5.925147	
0.124777	0.000113	0.000000	7.760953	
0.001085	0.000081	0.725281	6.984788	
0.660728	0.313686	0.000016	7.168773	
0.033638	0.636274	0.029364	7.543460	
0.924429	0.016523	0.796805	4.906785	
0.616006	0.827732	0.219044	5.659679	
0.002334	0.194793	0.781523	6.148544	
0.000000	0.301856	0.152654	7.308891	
0.178931	0.155494	0.293582	6.936199	
0.903048	0.804066	0.009038	4.795269	
0.851327	0.017917	0.874816	4.608445	
0.739498	0.589305	0.000436	6.597600	
0.644394	0.639092	0.229147	6.596832	
0.010612	0.207800	0.014256	7.614010	
0.226980	0.222701	0.651962	6.606248	
0.800742	0.816124	0.221507	4.544714	
0.164911	0.632768	0.175890	6.886137	
0.665908	0.228547	0.625690	6.540875	
0.746095	0.000009	0.737409	5.560078	
0.000754	0.639522	0.210839	7.182884	
0.000000	0.000371	0.258944	7.574321	
0.650139	0.686549	0.943440	5.217696	
0.735303	0.856585	0.800494	3.566876	
0.662301	0.207800	0.622337	6.808553	
0.777679	0.156957	0.292108	5.834574	
0.229689	0.221782	0.879942	5.490057	
0.893141	0.785814	0.732265	3.716779	
0.000618	0.000000	0.584231	7.878765	
0.903956	0.017214	0.278144	5.951328	
0.648426	0.637489	0.644536	6.488342	
0.604367	0.736858	0.043519	6.482791	
0.866905	0.728232	0.877720	3.502659	
0.000000	0.000002	0.122772	7.765833	
0.135415	0.136751	0.000015	7.467663	
0.226980	0.711138	0.704786	5.733465	
0.665666	0.761859	0.685598	5.177451	
0.290631	0.000623	0.291558	7.193488	
0.088469	0.000000	0.040460	7.793117	
0.000307	0.796109	0.873612	4.772253	
0.870725	0.681307	0.665635	4.878813	
0.011019	0.290622	0.291572	7.187677	
0.191265	0.001248	0.770560	6.211878	
0.892584	0.647125	0.207054	5.501117	
0.198033	0.778165	0.000024	6.166753	
0.000000	0.000000	0.000000	8.006615	
0.000380	0.722323	0.588901	6.759926	
0.666657	0.223691	0.209820	6.517456	
0.161560	0.302243	0.218033	6.881440	
0.650569	0.301887	0.775450	5.755828	
0.010612	0.207800	0.628781	7.189797	
0.175345	0.865070	0.706263	4.996137	
0.730585	0.006684	0.000754	6.850103	
0.787877	0.188816	0.004729	6.160359	
0.000008	0.589184	0.698101	6.977684	
0.297213	0.204530	0.175890	6.865081	
0.153786	0.000000	0.288737	7.292193	
0.131566	0.002191	0.132820	7.656887	
0.133066	0.091881	0.134467	7.402949	
0.824781	0.902951	0.027415	4.700994	
0.211410	0.859308	0.218340	5.493229	
0.323836	0.000810	0.136816	7.381524	
0.831068	0.273295	0.794936	4.389525	
0.318774	0.000933	0.716470	6.596636	
0.256113	0.001029	0.001217	7.595203	
0.000380	0.722201	0.000276	6.959342	
0.239453	0.000009	0.655106	7.080991	
0.229405	0.631057	0.761884	5.859556	
0.624315	0.034133	0.193612	7.193236	
0.773788	0.722201	0.000276	5.518366	
0.000092	0.125015	0.000045	7.761174	
0.000495	0.140871	0.289212	7.317641	
0.000304	0.000614	0.870942	6.320737	
0.648557	0.000805	0.009642	7.579975	
0.019727	0.891167	0.802476	4.756088	
0.696619	0.003646	0.625695	6.722910	
0.000008	0.780967	0.188584	6.158588	
0.001857	0.740115	0.735713	5.651399	
0.903956	0.017214	0.003432	6.362785	
0.161560	0.302243	0.001439	7.309998	
0.000383	0.134994	0.120631	7.505858	
0.000002	0.791275	0.873612	4.794805	
0.642025	0.859307	0.218152	5.403316	
0.903048	0.804066	0.743847	3.622079	
0.281126	0.008484	0.029799	7.562610	
0.323836	0.055492	0.217831	7.156873	
0.297213	0.204530	0.921891	5.754236	
0.257885	0.020462	0.657083	6.952940	
0.734934	0.735895	0.292750	5.240799	
0.753603	0.000000	0.161854	6.549927	
0.002320	0.722323	0.588901	6.748974	
0.869502	0.303353	0.877720	4.251303	
0.753603	0.296390	0.161854	6.155007	
0.644394	0.639092	0.227030	6.607329	
0.276369	0.772412	0.004614	6.157096	
0.000909	0.621474	0.229147	7.259705	
0.670900	0.761859	0.714899	4.917941	
0.000380	0.234921	0.655868	7.144640	
0.629421	0.123250	0.049489	7.282990	
0.795645	0.902951	0.015812	4.822501	
0.220032	0.781820	0.732265	4.959220	
0.305803	0.184193	0.290455	6.846500	
0.626263	0.000210	0.885763	5.942803	
0.006677	0.812511	0.152654	6.082281	
0.000495	0.140871	0.289212	7.317641	
0.011018	0.290622	0.294202	7.193618	
0.208186	0.060690	0.222553	7.091884	
0.664026	0.686549	0.896242	4.902919	
0.213977	0.639092	0.229433	6.699947	
0.260968	0.017824	0.792766	6.026899	
0.294389	0.763294	0.249421	5.807755	
0.002069	0.204530	0.175890	7.364374	
0.164911	0.208957	0.641869	6.776993	
0.000618	0.000000	0.584231	7.878765	
0.695997	0.000614	0.001252	7.113859	
0.002345	0.301211	0.166773	7.274514	
0.644394	0.639092	0.645889	6.496176	
