4.417625	4.371179	0.650315	4.234995	
5.588269	0.548321	5.760576	0.012894	
1.099611	1.886709	0.271490	6.846148	
0.439910	4.003982	5.699288	1.810728	
6.981613	0.715038	3.593649	0.004273	
4.643793	2.254543	1.912427	3.965710	
6.706978	1.824932	0.762057	1.700212	
2.078335	4.400250	0.497346	6.027262	
4.428758	4.736130	2.415667	2.066837	
6.453393	4.235192	0.752676	2.316609	
2.490563	0.247826	5.281408	5.485983	
6.718796	0.741304	1.753372	1.671756	
6.792880	0.765752	1.513878	0.005348	
3.355934	5.799339	1.589276	0.005226	
1.753091	0.200526	5.770873	3.519742	
0.777448	0.105831	8.666788	0.064344	
1.190497	5.852103	0.658316	4.068303	
0.550390	0.538624	8.350507	1.683993	
0.058260	0.566484	5.804717	5.560208	
3.912087	5.899545	0.753111	2.125302	
1.547555	0.177246	1.640551	6.600000	
1.892996	1.723004	6.427681	1.988246	
0.391553	0.424323	1.918687	7.145272	
3.734231	1.638689	5.979847	0.020626	
0.039464	0.362686	3.580885	6.858768	
1.458019	6.239192	1.936740	2.001607	
0.211203	2.011979	6.158310	3.830795	
0.655919	6.196805	1.755964	3.776081	
4.544065	0.530254	1.336509	5.876314	
6.858784	3.142062	0.786825	0.016387	
5.352110	0.558746	0.560469	5.331668	
0.171646	1.500664	6.875668	2.048762	
1.374470	7.485910	0.784976	0.033029	
0.647956	0.275293	6.804500	3.385557	
4.055358	2.669714	0.604497	6.037302	
1.422887	0.162909	0.161178	6.889132	
4.440756	0.446295	4.732143	4.444045	
0.554485	5.573138	0.558831	5.579603	
2.582771	2.918889	3.988576	4.315555	
2.413435	5.295516	2.681083	4.965728	
2.043396	3.994010	6.306441	0.002797	
2.485510	0.299349	0.298212	6.135194	
0.156584	1.502251	4.340394	6.042693	
1.162884	5.686467	4.149314	0.016886	
0.298815	2.552554	0.330262	6.421187	
6.158310	0.660829	1.748459	3.753697	
7.658754	0.781224	0.784959	0.002878	
4.079857	0.450184	5.914023	1.717625	
7.574427	0.766998	0.770605	1.485253	
7.282301	1.084374	0.784847	0.031962	
4.584125	2.239073	4.391496	1.955796	
6.144716	2.030817	2.379013	1.615650	
1.394362	0.155417	6.935428	0.002296	
0.694965	6.806259	3.605262	0.026247	
1.450937	6.967778	0.765362	1.722233	
0.634655	4.009578	2.857874	6.268956	
5.520798	5.462452	0.878307	0.010552	
0.531957	5.601484	6.118563	0.000204	
0.629623	6.193539	4.271686	1.804910	
7.853241	1.670159	1.961474	0.000978	
1.442619	6.630403	1.614396	0.005641	
4.217322	4.116527	4.288095	0.018424	
0.154660	1.493512	7.462794	0.005232	
2.245060	4.514531	4.929097	2.184597	
0.694529	6.025214	0.768679	3.479837	
0.741626	7.141274	1.779945	1.858880	
0.338826	1.916817	1.826105	6.294664	
7.224475	0.703602	0.705980	3.548503	
6.461933	4.496445	1.959226	0.001709	
0.130075	1.206105	0.137719	7.230748	
1.839387	1.935903	2.110822	6.197902	
0.000369	0.000370	0.004309	7.870935	
6.547757	2.129354	4.140715	0.000060	
6.098847	1.220839	0.682832	3.529460	
6.742093	0.667532	4.192822	1.770725	
0.449067	4.346726	4.590216	4.291679	
0.766998	8.364462	0.777248	1.659877	
3.269866	7.151145	0.786164	0.000440	
0.783112	6.845354	1.437043	2.048369	
7.253520	0.869313	0.784382	0.228481	
2.485510	0.299349	0.298212	6.135194	
0.780057	0.083865	8.431199	0.058289	
0.171399	1.475836	6.716146	2.173454	
0.590334	1.140164	6.364643	4.435870	
0.690432	5.930293	1.704072	3.621327	
3.334485	5.695508	1.254356	1.899840	
4.138972	4.080876	4.450334	2.186646	
6.693599	0.846130	1.751218	1.668683	
7.658754	0.781224	0.784959	0.002878	
0.557534	5.398222	0.558703	5.408259	
0.002431	0.002437	0.002615	7.839385	
0.769556	8.010304	0.827646	1.591832	
2.608176	2.572897	2.890686	5.758454	
4.240237	6.907322	1.346017	0.002847	
0.694559	6.929168	3.681282	0.026734	
5.238008	0.844023	5.514628	0.012266	
1.179943	5.808709	1.283349	4.023863	
0.362715	0.037943	3.679445	7.045611	
3.330524	1.423178	5.273341	3.656479	
0.974336	6.237802	4.301635	0.002528	
