1.040655	0.640801	0.750050	0.002041	
0.370339	0.550104	0.438616	1.087900	
0.702876	0.172611	2.942189	1.237421	
0.670616	0.380035	3.273490	0.611497	
0.730625	2.485632	0.969652	0.000000	
0.779499	0.092372	6.659422	0.003439	
1.152643	0.654779	0.715038	0.524092	
0.643302	0.267590	1.809738	1.007116	
0.624153	1.064464	0.705661	0.531842	
0.554878	0.464272	0.525466	0.908681	
0.357129	0.710645	1.514189	0.011430	
0.124288	0.752183	4.539970	1.589945	
0.768143	0.102405	5.866301	0.871041	
0.786450	3.258272	0.779651	0.000000	
0.673097	0.220226	2.191982	1.007988	
0.741871	0.203738	2.784049	0.526945	
0.691501	0.320747	1.689409	0.449900	
0.256866	0.710931	1.951493	1.012770	
0.746198	0.537372	0.661728	0.565587	
0.000000	0.000000	0.000000	1.616629	
0.625526	0.922265	0.742795	0.000500	
0.190101	0.123173	0.346675	1.339631	
0.630137	0.427244	1.091951	0.004303	
0.084165	0.771897	7.162977	1.096957	
0.080646	0.781524	7.661446	0.011184	
1.249274	0.497102	1.676221	0.000000	
0.248806	0.198513	0.213516	1.274787	
0.682502	0.381425	4.306204	0.017970	
0.177947	0.749833	3.305425	0.619199	
3.327879	0.760587	0.779755	0.000000	
0.732222	0.255731	2.377431	0.011019	
0.328398	0.696133	2.080048	0.031220	
0.760379	0.171759	3.473203	0.014198	
1.875514	0.716325	0.818178	0.000000	
0.159560	0.782810	3.867951	0.030460	
0.136946	0.223684	0.421973	1.343033	
0.351755	0.281041	0.679109	1.066661	
0.351310	0.719257	1.492217	0.460260	
0.675010	0.371383	2.699870	0.382309	
0.157112	0.733804	3.501880	1.152728	
0.766380	0.113650	5.245741	0.805778	
0.368620	0.258524	0.679109	1.066661	
0.628847	0.426369	1.089715	0.085253	
0.678411	0.208056	2.345961	1.072479	
0.374711	0.547135	0.438616	1.087900	
0.000000	0.000000	0.000000	2.345515	
1.492563	0.720429	0.768193	0.000038	
0.631127	0.865294	0.751362	0.015596	
0.685370	0.390210	4.066831	0.017009	
0.311416	0.701945	1.798728	0.000092	
0.231782	0.680865	2.139598	0.883096	
1.383283	0.491943	1.778074	0.000000	
0.764700	0.190125	3.127306	0.004418	
0.806910	3.197463	0.779415	0.000000	
0.745875	0.407616	0.463601	1.262630	
0.715825	0.249205	2.334364	0.521436	
0.671911	0.242010	2.004580	0.861467	
0.537027	0.799830	0.648756	0.645175	
0.730867	1.666840	0.806934	0.000000	
0.174132	0.738531	3.244174	0.905107	
0.676212	0.368615	3.220295	0.604063	
0.211531	0.701086	2.510544	1.110276	
3.233401	0.811613	0.778964	0.000000	
2.180180	0.731167	0.784441	0.000000	
0.402869	0.678717	1.254229	0.006461	
0.778667	0.097228	6.315872	0.003130	
0.260337	0.183130	0.213516	1.274787	
0.181037	0.125779	0.325525	1.271779	
0.702876	0.172611	2.942189	1.237421	
0.088448	0.769692	6.790829	1.049813	
0.081253	0.781426	7.602508	0.011099	
0.164496	0.763649	3.717557	0.001154	
0.610282	0.892205	0.743162	0.015637	
0.266629	0.808783	2.349462	0.000000	
2.058782	1.299690	0.812977	0.000001	
0.778995	0.095427	6.439343	0.003327	
0.360706	0.703523	1.415559	0.440695	
0.190101	0.123173	0.346675	1.339631	
0.676212	0.368615	3.220295	0.604063	
0.373885	0.250850	0.679109	1.066661	
0.504395	2.324016	3.009889	0.000000	
0.554970	0.464349	0.525302	0.908681	
0.744540	0.196061	2.906674	0.548567	
0.089336	0.769369	6.718090	1.049288	
0.084117	0.780908	7.335463	0.010713	
0.679409	0.386034	4.111757	0.017185	
0.752380	0.202400	3.083786	0.204123	
0.174132	0.738531	3.244174	0.905107	
0.000000	0.000000	0.000000	4.583407	
0.780581	0.290850	2.042560	0.030481	
0.427011	0.660612	1.198923	0.002041	
0.180147	0.757770	3.306413	0.000881	
0.691540	0.181438	2.770851	1.227164	
0.790062	2.861025	0.795592	0.000000	
0.136442	0.742198	4.205751	1.161161	
0.747489	0.538302	0.659512	0.565587	
0.260907	0.180125	0.213637	1.271560	
1.600699	0.575572	1.660083	0.000000	
0.694007	0.343097	1.497233	0.307503	
0.765413	0.118791	5.010117	0.764421	
