0.297910	0.037753	0.857981	0.008511	7.857510	
0.839381	0.020934	0.870468	0.854892	4.926586	
0.000021	0.750059	0.000001	0.000676	8.829941	
0.658995	0.000529	0.655521	0.692377	7.951201	
0.000005	0.342509	0.325798	0.011336	9.415635	
0.028495	0.880151	0.006634	0.638768	7.816475	
0.059917	0.000106	0.860193	0.638199	7.752603	
0.774711	0.107274	0.798734	0.904591	5.204598	
0.166247	0.859544	0.161559	0.856815	5.963168	
0.000142	0.000670	0.285409	0.000008	9.597152	
0.797459	0.938397	0.854613	0.021849	5.283960	
0.765874	0.000254	0.001649	0.004171	8.636057	
0.010955	0.597875	0.910590	0.000886	8.167510	
0.853339	0.826803	0.108016	0.895787	4.849360	
0.651224	0.659144	0.001228	0.689127	8.003645	
0.881424	0.883732	0.118726	0.236526	6.011633	
0.000465	0.000836	0.000015	0.761015	8.656366	
0.000021	0.000297	0.318060	0.297329	9.257967	
0.297919	0.000199	0.013088	0.359010	9.324090	
0.175675	0.741206	0.805325	0.905120	5.372343	
0.294934	0.000616	0.001581	0.000133	9.744557	
0.000026	0.030727	0.671835	0.875976	7.578566	
0.880856	0.002570	0.614778	0.016244	7.983591	
0.871271	0.236130	0.160299	0.858610	5.950930	
0.299379	0.042407	0.335380	0.008464	9.213286	
0.918226	0.055529	0.783552	0.807282	5.291460	
0.869975	0.000625	0.033644	0.352260	7.982185	
0.797969	0.912069	0.119002	0.805190	5.060175	
0.298437	0.003075	0.033734	0.883199	7.894624	
0.009557	0.623946	0.017713	0.886159	7.930233	
0.292298	0.344499	0.000060	0.000130	9.369919	
0.096971	0.825490	0.927309	0.800981	5.272602	
0.000006	0.000003	0.000001	0.000014	10.142780	
0.000146	0.000290	0.745991	0.003235	8.758556	
0.848693	0.253125	0.866915	0.112762	5.989314	
0.657518	0.666138	0.671354	0.003734	8.175043	
0.024486	0.882586	0.322037	0.000651	7.946731	
0.000153	0.284845	0.001050	0.000014	9.626849	
0.830440	0.826060	0.844997	0.854892	3.321598	
0.000424	0.281958	0.013059	0.352000	9.290129	
0.850536	0.841521	0.081386	0.804337	4.927012	
0.615154	0.884404	0.000901	0.028062	7.970928	
0.897877	0.840589	0.771961	0.028556	5.240800	
0.858845	0.357614	0.031462	0.024444	7.963471	
0.000118	0.000010	0.000003	0.282096	9.626768	
0.000026	0.666063	0.652216	0.681362	8.023497	
0.836399	0.002517	0.910592	0.888038	5.079737	
0.294934	0.790666	0.001503	0.000014	8.359412	
0.297643	0.037638	0.838207	0.008511	7.876670	
0.788972	0.099829	0.798734	0.904591	5.147627	
0.870871	0.236130	0.160299	0.860133	6.000145	
0.797459	0.938397	0.854613	0.021480	5.298517	
0.878255	0.851595	0.018220	0.667349	5.943744	
0.000465	0.002634	0.000001	0.761015	8.654766	
0.302508	0.002566	0.313916	0.001657	9.242237	
0.033727	0.002517	0.328466	0.835686	7.944878	
0.175675	0.859544	0.159147	0.856448	5.950395	
0.730540	0.024455	0.020659	0.921605	7.298214	
0.294934	0.000003	0.001503	0.000014	9.876000	
0.905183	0.840589	0.842106	0.028556	4.999050	
0.843277	0.012762	0.328748	0.000676	7.973389	
0.881441	0.882556	0.166272	0.232758	5.951850	
0.797713	0.910059	0.113929	0.805586	5.063364	
0.765758	0.026055	0.322955	0.352260	7.970625	
0.001851	0.000858	0.282471	0.000008	9.592432	
0.841784	0.357614	0.031462	0.024444	8.040688	
0.271684	0.352849	0.000027	0.000670	9.405078	
0.297919	0.002535	0.013088	0.352260	9.304292	
0.010695	0.000529	0.823209	0.001360	8.498433	
0.002422	0.589619	0.017713	0.807470	8.243376	
0.033633	0.880151	0.006634	0.638768	7.806724	
0.000623	0.866345	0.927237	0.802513	5.226008	
0.000242	0.002021	0.023425	0.000010	9.972090	
0.010955	0.597875	0.880211	0.106090	7.886821	
0.000420	0.308795	0.001319	0.294119	9.232056	
0.075737	0.000106	0.860201	0.638322	7.719212	
0.853339	0.851595	0.018220	0.894769	4.961045	
0.855634	0.001774	0.033644	0.352260	7.980125	
0.789058	0.679850	0.808396	0.882708	4.492936	
0.626447	0.881585	0.023497	0.000735	7.905522	
0.929653	0.001857	0.013580	0.159138	8.168728	
0.000025	0.030727	0.333910	0.287695	9.344423	
0.032393	0.839584	0.335331	0.008464	7.945945	
0.006091	0.000027	0.000313	0.291250	9.619973	
0.091848	0.862924	0.804175	0.792914	5.129680	
0.161932	0.284845	0.004784	0.000014	9.425257	
0.657518	0.677560	0.671354	0.003734	8.092413	
0.012401	0.319176	0.305579	0.011635	9.232670	
0.175675	0.816222	0.805325	0.905120	4.970618	
0.015911	0.883879	0.000901	0.000738	8.314792	
0.033727	0.002517	0.328466	0.835686	7.944878	
0.273215	0.298475	0.000393	0.000670	9.263419	
0.849302	0.903465	0.878734	0.801963	3.457084	
0.296694	0.000799	0.012095	0.291250	9.537695	
0.140874	0.883732	0.118726	0.218026	7.423742	
0.109790	0.791905	0.796602	0.821594	5.278288	
0.017423	0.000003	0.000001	0.000156	9.987639	
0.299379	0.041676	0.003350	0.008848	9.647411	
0.853339	0.851595	0.108016	0.894769	4.784512	
0.002633	0.000850	0.000015	0.761015	8.654121	
