0.000070	0.280564	0.001774	0.288290	9.289239	
0.030311	0.808489	0.800395	0.925338	5.285367	
0.000756	0.001342	0.749461	0.002912	8.774995	
0.845200	0.152018	0.752577	0.900667	5.091826	
0.828427	0.006315	0.320852	0.014044	7.969359	
0.000180	0.001429	0.000014	0.288290	9.592939	
0.903570	0.645266	0.033404	0.028877	7.789698	
0.654622	0.654545	0.663739	0.002525	8.195359	
0.271269	0.000355	0.320852	0.000000	9.225633	
0.000515	0.276638	0.000498	0.000404	9.595663	
0.847379	0.777870	0.891645	0.188887	4.852239	
0.654913	0.000309	0.660386	0.662546	8.165003	
0.781532	0.854928	0.096245	0.898646	5.054238	
0.155251	0.763388	0.897785	0.801354	5.129950	
0.793878	0.080916	0.900090	0.779601	5.252197	
0.017488	0.890756	0.628677	0.014317	7.907958	
0.840412	0.828116	0.815279	0.843026	3.369953	
0.274462	0.000247	0.000448	0.000000	9.582073	
0.847151	0.803653	0.799459	0.165482	4.851371	
0.311633	0.059567	0.024531	0.860084	7.818652	
0.000368	0.648845	0.899976	0.006118	7.827341	
0.149556	0.859803	0.134331	0.864952	6.058173	
0.003380	0.361879	0.001892	0.864861	8.042746	
0.635777	0.023255	0.865465	0.014267	7.811817	
0.000180	0.000030	0.291698	0.334095	9.328606	
0.656314	0.665729	0.000655	0.674121	8.144893	
0.830538	0.859803	0.150379	0.799998	4.791125	
0.017359	0.895181	0.010858	0.643792	7.826333	
0.831488	0.232704	0.852775	0.179890	5.869717	
0.854919	0.152018	0.179787	0.886124	6.039278	
0.616322	0.844683	0.036308	0.047580	7.867839	
0.026202	0.000031	0.891573	0.624992	7.939319	
0.863929	0.001145	0.004557	0.645296	7.878023	
0.278623	0.299582	0.040081	0.009198	9.128124	
0.003330	0.757938	0.001660	0.000000	8.685964	
0.138268	0.150807	0.880563	0.881111	6.083883	
0.010467	0.649541	0.661119	0.674423	8.103936	
0.308907	0.034644	0.019511	0.294368	9.152823	
0.000000	0.000000	0.000000	0.000000	10.099544	
0.745345	0.000287	0.000612	0.001546	8.750936	
0.003064	0.041024	0.325809	0.857296	7.902029	
0.893104	0.776018	0.207747	0.851684	4.971731	
0.000180	0.000030	0.291698	0.000047	9.659845	
0.000372	0.000130	0.002234	0.755520	8.736997	
0.003219	0.286543	0.320852	0.000650	9.236766	
0.149556	0.009251	0.129890	0.864952	8.185085	
0.657654	0.065063	0.696036	0.654030	7.842065	
0.000517	0.343410	0.001903	0.864861	8.000162	
0.000000	0.000000	0.000000	0.000000	10.097513	
0.265520	0.018781	0.001061	0.002710	9.562232	
0.007519	0.250285	0.017341	0.179890	9.190277	
0.000180	0.000030	0.278010	0.002912	9.642507	
0.856279	0.149560	0.752577	0.900667	5.089497	
0.847151	0.803653	0.794406	0.180059	4.867063	
0.015486	0.711594	0.717963	0.179890	7.574324	
0.222209	0.001449	0.001491	0.288939	9.184633	
0.665289	0.654918	0.663739	0.002525	8.117688	
0.147957	0.859803	0.155429	0.864952	6.013847	
0.155251	0.763388	0.899937	0.811299	5.098782	
0.011360	0.000022	0.745018	0.004193	8.903510	
0.847165	0.000544	0.033909	0.048669	8.201083	
0.855256	0.828116	0.815279	0.841166	3.357299	
0.141093	0.001449	0.889129	0.288939	7.664606	
0.632826	0.845715	0.039092	0.028958	7.791683	
0.858431	0.797383	0.237810	0.832550	4.679835	
0.017488	0.890756	0.002856	0.014053	8.313852	
0.001375	0.000261	0.029372	0.262515	9.541755	
0.162100	0.249889	0.879920	0.867689	5.894457	
0.010467	0.024255	0.661119	0.674423	8.616861	
0.017359	0.895181	0.010858	0.589387	8.135058	
0.781532	0.854928	0.096245	0.898646	5.054238	
0.089195	0.909638	0.776903	0.768828	5.408210	
0.793541	0.136939	0.876616	0.800226	4.959693	
0.892071	0.645266	0.033404	0.048136	7.724675	
0.028861	0.224649	0.011901	0.265411	9.112751	
0.017596	0.890756	0.628677	0.009151	7.924025	
0.781532	0.057928	0.108867	0.858802	6.550465	
0.825697	0.000688	0.320852	0.000000	7.996003	
0.656314	0.665729	0.000593	0.672874	8.190570	
0.858431	0.269116	0.237810	0.832550	5.809430	
0.259410	0.000688	0.314346	0.000000	9.206076	
0.847274	0.001864	0.231549	0.578989	7.744645	
0.793582	0.080916	0.900090	0.067893	6.649692	
0.045473	0.021018	0.311968	0.868248	7.861328	
0.000069	0.281359	0.246974	0.040002	9.112438	
0.265520	0.267033	0.001061	0.002710	9.157403	
0.022855	0.665729	0.000593	0.672874	8.750652	
0.281358	0.058464	0.106469	0.016752	9.364773	
0.824095	0.001443	0.033909	0.048669	8.239942	
0.847151	0.803633	0.800921	0.165482	4.849402	
0.863929	0.080782	0.033837	0.645296	7.635305	
0.028861	0.003244	0.307059	0.265411	9.204623	
0.724871	0.080916	0.874237	0.067893	7.030374	
0.030311	0.808489	0.794472	0.925338	5.328211	
0.030311	0.072273	0.897829	0.941814	6.822395	
0.011360	0.000022	0.263283	0.004193	9.561751	
0.781532	0.854928	0.108867	0.884461	4.989136	
0.141093	0.001449	0.889129	0.288939	7.664606	
0.654622	0.654545	0.663739	0.022204	8.169918	
0.271269	0.225132	0.026437	0.000000	9.134073	
