0.000000	0.299917	0.000000	0.000006	9.632562	
0.000149	0.000256	0.000021	0.293768	9.660651	
0.000045	0.672398	0.970649	0.126113	7.861984	
0.317157	0.000422	0.349750	0.000006	9.342685	
0.039621	0.306348	0.296913	0.012874	9.158754	
0.000000	0.754639	0.000264	0.000000	8.691651	
0.015584	0.945581	0.653375	0.009728	8.011166	
0.670765	0.040753	0.014581	0.931250	7.738264	
0.775662	0.000000	0.000004	0.000826	8.569159	
0.951862	0.009702	0.665993	0.000089	7.962648	
0.834452	0.844895	0.831604	0.852270	3.294373	
0.003315	0.896104	0.000382	0.664461	7.732505	
0.027794	0.656505	0.031275	0.918365	7.784157	
0.677643	0.655217	0.000773	0.658969	8.057359	
0.000021	0.683269	0.666232	0.658937	7.936542	
0.015218	0.000416	0.000853	0.758212	8.657091	
0.806921	0.838343	0.028403	0.871273	5.015020	
0.668757	0.000024	0.666133	0.672604	7.948768	
0.878473	0.896967	0.791284	0.126595	4.922740	
0.811148	0.117562	0.947521	0.860466	5.083904	
0.313251	0.002129	0.027531	0.340296	9.275828	
0.059843	0.913247	0.832403	0.797835	5.138335	
0.000000	0.000000	0.000000	0.000000	10.001423	
0.022381	0.000029	0.209484	0.317646	9.208238	
0.280934	0.301719	0.003990	0.007510	9.184232	
0.820553	0.044510	0.867400	0.849420	4.925312	
0.000001	0.000161	0.297101	0.000000	9.611462	
0.002628	0.027687	0.647275	0.930668	7.937412	
0.206103	0.841378	0.831604	0.856699	4.568885	
0.670656	0.670734	0.664598	0.000693	8.034841	
0.639294	0.024624	0.889935	0.002422	7.837925	
0.000042	0.294990	0.004166	0.291504	9.197478	
0.882342	0.204155	0.282002	0.896696	5.928396	
0.668757	0.926993	0.022243	0.017707	7.758081	
0.924113	0.001224	0.024708	0.664935	7.786056	
0.023194	0.046533	0.882210	0.320656	7.876292	
0.288342	0.000000	0.000028	0.000395	9.594500	
0.884293	0.878089	0.209318	0.126479	6.008546	
0.000119	0.001224	0.767943	0.000065	8.605172	
0.804418	0.816453	0.918127	0.253222	4.981067	
0.950494	0.658033	0.000021	0.003422	8.017877	
0.896191	0.786284	0.136136	0.834681	4.940012	
0.021877	0.112336	0.790441	0.821748	6.609971	
0.000000	0.299917	0.000000	0.000071	9.632292	
0.203651	0.841378	0.831760	0.647742	5.731479	
0.028188	0.656505	0.031696	0.910131	7.747840	
0.867892	0.304799	0.058829	0.007510	7.827159	
0.804418	0.816453	0.910113	0.260095	4.782584	
0.000119	0.001224	0.783150	0.000065	8.592691	
0.897064	0.875020	0.216775	0.242352	5.846697	
0.003312	0.887847	0.015639	0.669073	7.638288	
0.677603	0.670586	0.016173	0.002069	8.537323	
0.000045	0.680308	0.970649	0.126113	7.802825	
0.951862	0.001746	0.661103	0.000089	8.003972	
0.280923	0.002108	0.031784	0.340296	9.226675	
0.000051	0.001868	0.000877	0.770171	8.592483	
0.284990	0.009103	0.000264	0.000000	9.581163	
0.022381	0.001222	0.209002	0.317646	9.207561	
0.000042	0.281677	0.004166	0.294779	9.184461	
0.000000	0.771122	0.000264	0.000403	8.613170	
0.820553	0.044510	0.873007	0.011194	6.606523	
0.781402	0.000340	0.002016	0.000821	8.535635	
0.039621	0.306348	0.296913	0.012874	9.158754	
0.675958	0.000022	0.669351	0.672604	7.869462	
0.814797	0.047259	0.873757	0.849420	4.943675	
0.878473	0.875516	0.791284	0.126595	4.950364	
0.833696	0.838343	0.027742	0.871273	4.937599	
0.038877	0.000161	0.297101	0.013052	9.560087	
0.015700	0.005346	0.887772	0.648180	7.780728	
0.292070	0.177167	0.294095	0.898173	7.354099	
0.670983	0.838814	0.027742	0.016470	7.574404	
0.677603	0.670734	0.664598	0.000693	7.905080	
0.889510	0.789078	0.136136	0.834681	4.907300	
0.897064	0.863634	0.934509	0.242352	4.771630	
0.820718	0.047259	0.169159	0.765410	6.581167	
0.015584	0.895689	0.656163	0.024449	7.720582	
0.000149	0.000011	0.000025	0.293768	9.599764	
0.689770	0.035347	0.639376	0.024398	8.651488	
0.015665	0.000000	0.000028	0.000395	9.990394	
0.202104	0.841299	0.831604	0.848570	4.590324	
0.677643	0.656605	0.000021	0.667570	7.986184	
0.099506	0.910447	0.832061	0.797835	5.039324	
0.863854	0.877373	0.195366	0.242352	6.038822	
0.014392	0.887847	0.015758	0.669073	7.625229	
0.298991	0.895689	0.656163	0.022384	7.347274	
0.015584	0.863611	0.923622	0.243415	6.333542	
0.028188	0.656505	0.027644	0.916905	7.795002	
0.280071	0.001193	0.005666	0.007510	9.574936	
0.680752	0.204990	0.282580	0.924100	6.892765	
0.682740	0.670734	0.664598	0.000693	7.866628	
0.016054	0.657179	0.664598	0.681802	8.148326	
0.000021	0.657032	0.016173	0.658937	8.773770	
0.667659	0.895154	0.666133	0.672604	6.314091	
0.000167	0.000101	0.290699	0.012923	9.678060	
0.828955	0.838343	0.027742	0.881065	4.987544	
0.000119	0.000038	0.767943	0.000065	8.893710	
0.015700	0.005346	0.880855	0.320121	7.944413	
0.820123	0.047259	0.873757	0.849420	4.926982	
0.021039	0.039928	0.014581	0.927147	8.405935	
0.951862	0.009702	0.665993	0.069646	7.851086	
