0.001133	0.972649	0.000003	0.703948	7.855815	
0.662590	0.006983	0.932571	0.009358	7.860385	
0.029674	0.648675	0.918501	0.010600	7.902726	
0.307580	0.006397	0.286613	0.004607	9.198911	
0.000554	0.010686	0.282776	0.355938	9.295839	
0.010702	0.000153	0.015732	0.291440	9.570080	
0.000099	0.296574	0.000000	0.000000	9.603027	
0.294459	0.000176	0.000078	0.001132	9.623081	
0.030545	0.961320	0.658054	0.007243	8.047154	
0.964875	0.000507	0.676149	0.002951	7.990301	
0.117118	0.883999	0.819918	0.835994	4.805756	
0.758969	0.002989	0.002740	0.000022	8.655700	
0.806711	0.075132	0.791571	0.901297	5.145646	
0.909807	0.797447	0.774862	0.136730	5.154412	
0.000794	0.000447	0.294461	0.000058	9.599478	
0.000000	0.000000	0.000000	0.000000	10.000158	
0.649725	0.054798	0.000001	0.914299	7.815454	
0.177259	0.858781	0.193327	0.834715	5.909388	
0.883115	0.898775	0.165042	0.818230	4.846121	
0.000000	0.766255	0.000000	0.000000	8.682329	
0.349697	0.313056	0.000001	0.017235	9.312408	
0.679281	0.678320	0.000022	0.651001	7.969219	
0.852683	0.047944	0.001291	0.298162	7.845375	
0.014273	0.027826	0.900329	0.660074	7.704361	
0.000912	0.000562	0.000003	0.759320	8.659830	
0.677800	0.000170	0.670250	0.656702	7.984960	
0.909951	0.663107	0.010443	0.000022	7.756248	
0.021714	0.651070	0.001179	0.886272	7.759191	
0.670125	0.851947	0.000011	0.003578	7.625464	
0.883350	0.858781	0.165042	0.836029	4.643283	
0.861362	0.859169	0.222023	0.224810	5.896373	
0.670125	0.668428	0.667557	0.000000	7.956683	
0.793905	0.786213	0.892038	0.114582	5.105932	
0.263642	0.840621	0.861649	0.218012	5.861241	
0.006232	0.285206	0.089458	0.373093	9.191353	
0.803425	0.924326	0.833811	0.058029	5.140221	
0.887667	0.072103	0.798796	0.820035	5.032225	
0.000228	0.300808	0.343470	0.002923	9.295065	
0.000051	0.678247	0.660353	0.661388	7.999397	
0.158961	0.778231	0.776535	0.901284	5.162766	
0.000000	0.002556	0.774765	0.001139	8.638847	
0.883115	0.779781	0.165042	0.900132	5.016354	
0.000051	0.000371	0.658044	0.908848	7.798405	
0.305298	0.005263	0.000260	0.279982	9.197717	
0.842157	0.854191	0.828861	0.835993	3.298374	
0.105872	0.787872	0.924839	0.836356	5.111642	
0.029674	0.648675	0.918655	0.005298	7.909736	
0.881936	0.072103	0.796699	0.849142	5.019285	
0.111191	0.883999	0.846420	0.835994	4.766781	
0.305298	0.004564	0.000000	0.279982	9.198719	
0.000091	0.000447	0.294516	0.000064	9.602046	
0.000051	0.000371	0.645439	0.908848	7.886387	
0.296169	0.672872	0.056185	0.015070	8.789177	
0.000000	0.001793	0.000000	0.000000	9.998800	
0.953366	0.000507	0.677553	0.002951	7.899438	
0.000912	0.003224	0.000001	0.759079	8.657701	
0.909807	0.868775	0.774862	0.186574	4.993041	
0.181609	0.858781	0.198638	0.836081	5.893728	
0.000000	0.296574	0.000000	0.000000	9.603178	
0.852295	0.047944	0.002726	0.298162	7.889875	
0.883115	0.770534	0.165042	0.900132	5.068687	
0.011576	0.798374	0.667575	0.007243	7.754342	
0.295121	0.851070	0.878033	0.219432	5.826821	
0.615272	0.861342	0.790071	0.794794	4.930442	
0.764297	0.859169	0.222023	0.224810	6.205483	
0.759226	0.008201	0.000000	0.000000	8.650765	
0.019520	0.640147	0.001179	0.871417	7.807051	
0.649725	0.055061	0.000184	0.914299	7.815428	
0.205391	0.778231	0.776535	0.901284	5.082916	
0.661778	0.675674	0.196775	0.834715	6.586538	
0.009749	0.956708	0.000003	0.719248	7.615624	
0.909951	0.663107	0.002740	0.000022	7.764907	
0.673081	0.868238	0.804695	0.093012	6.046554	
0.149031	0.861342	0.790071	0.791740	4.974027	
0.806711	0.075132	0.791571	0.901297	5.145646	
0.000000	0.209565	0.608893	0.000032	9.568754	
0.003514	0.006248	0.753398	0.000028	8.714711	
0.016677	0.057533	0.258128	0.295498	9.122950	
0.806711	0.075132	0.815971	0.093782	6.505411	
0.305298	0.040722	0.015472	0.012429	9.529939	
0.014273	0.027826	0.895115	0.652118	7.747161	
0.302397	0.006560	0.280557	0.000000	9.189642	
0.887667	0.072103	0.798796	0.845522	4.981085	
0.000435	0.935247	0.000494	0.020638	8.505853	
0.000000	0.000000	0.000000	0.213458	9.594027	
0.105872	0.787872	0.924993	0.841755	5.104768	
0.000000	0.281244	0.000003	0.291440	9.303209	
0.793905	0.786213	0.892038	0.116021	5.101271	
0.019867	0.001793	0.014995	0.010744	9.946236	
0.843928	0.779716	0.001291	0.009811	6.844527	
0.759357	0.002989	0.001305	0.000022	8.736189	
0.006306	0.283186	0.004013	0.005524	9.847516	
0.158961	0.897225	0.712642	0.819382	5.404737	
0.003543	0.283186	0.766357	0.005524	8.648772	
0.887667	0.072366	0.798796	0.287462	6.368123	
0.000794	0.000447	0.293939	0.000060	9.598604	
0.263420	0.019659	0.965794	0.646198	7.787145	
0.019503	0.059075	0.636762	0.875343	7.747003	
0.615272	0.861342	0.790071	0.794794	4.930442	
0.004406	0.858447	0.017948	0.834715	6.805231	
