0.743047	0.220562	2.609850	0.000000	
0.734543	0.179948	3.169979	0.791391	
0.314886	0.316658	0.449177	0.778642	
0.268397	0.695632	1.933515	0.532505	
0.562318	0.357700	1.048153	0.617802	
0.438911	0.444973	0.632865	0.475959	
0.221227	0.742260	2.598472	0.000000	
0.677390	0.339081	1.513426	0.000000	
0.049612	0.049710	0.070372	0.996428	
0.706241	0.256681	2.035200	0.614977	
0.189512	0.755333	3.390812	0.000182	
0.494290	0.349521	0.882816	0.755982	
0.147060	0.147006	0.208018	0.956030	
0.755806	0.187703	3.395749	0.000182	
0.024704	0.024694	0.034942	0.999074	
0.459629	0.563036	0.887580	0.000000	
0.487909	0.565115	1.219913	0.000000	
0.086427	0.086638	0.122690	0.986532	
0.350957	0.653418	1.685563	0.449732	
0.616312	0.329529	1.384551	0.655803	
0.187193	0.187357	0.265094	0.927776	
0.624145	0.475180	0.925269	0.000316	
0.000000	0.000000	0.000000	1.000132	
0.209535	0.732226	3.189793	0.689570	
0.339038	0.677723	1.517127	0.000000	
0.373440	0.601672	1.139756	0.446302	
0.062560	0.062598	0.088555	0.992533	
0.025476	0.025484	0.036047	0.998922	
0.651090	0.335424	1.528420	0.480430	
0.104541	0.104452	0.147953	0.978662	
0.659351	0.250500	1.870911	0.864909	
0.378900	0.629434	1.422925	0.391086	
0.341625	0.675863	1.500470	0.000000	
0.470224	0.548588	0.840442	0.000000	
0.594443	0.406382	1.048762	0.312013	
0.236357	0.234261	0.336468	0.888949	
0.596338	0.387742	1.088237	0.412921	
0.189512	0.755333	3.390812	0.000182	
0.000000	0.000000	0.000000	1.000253	
0.458043	0.463881	0.660688	0.394766	
0.210639	0.731804	3.165792	0.684658	
0.112262	0.112312	0.158870	0.974742	
0.387437	0.588220	1.068280	0.425598	
0.479568	0.572295	1.219874	0.000000	
0.233109	0.737204	2.445189	0.000000	
0.741707	0.222447	2.582510	0.000000	
0.340565	0.495221	0.873206	0.759090	
0.741459	0.193174	3.043224	0.539754	
0.494054	0.349726	0.881678	0.755290	
0.657267	0.347992	1.492280	0.327193	
0.243089	0.673636	2.031753	0.873516	
0.104513	0.104464	0.147864	0.978330	
0.333674	0.606196	1.275716	0.641049	
0.477390	0.573990	1.220173	0.000000	
0.172405	0.172204	0.244015	0.939609	
0.601951	0.295315	1.381512	0.815197	
0.614976	0.471269	0.925536	0.000124	
0.472948	0.455769	0.681640	0.391451	
0.711767	0.265708	2.005632	0.526013	
0.360412	0.664992	1.446119	0.000000	
0.738789	0.200952	2.813884	0.496031	
0.109398	0.109265	0.154848	0.976749	
0.388576	0.646910	1.192359	0.342624	
0.222293	0.727104	2.922809	0.635998	
0.755675	0.188098	3.387747	0.000182	
0.182038	0.756930	3.329239	0.000240	
0.255901	0.658359	1.860954	0.851827	
0.189652	0.755281	3.385488	0.000928	
0.486135	0.356435	0.844864	0.732975	
0.678345	0.338070	1.520371	0.000000	
0.415488	0.583504	1.004840	0.302295	
0.027594	0.027604	0.039045	0.998713	
0.341381	0.494390	0.869305	0.756700	
0.000000	0.000000	0.000000	1.949127	
0.599370	0.372894	1.136194	0.466002	
0.220367	0.742610	2.610146	0.000000	
0.685883	0.281419	1.807153	0.504662	
0.191868	0.740120	3.208181	0.626449	
0.677246	0.339608	1.510449	0.000000	
0.615669	0.411827	1.107319	0.004789	
0.104541	0.104451	0.147953	0.978662	
0.284352	0.615437	1.467469	0.825787	
0.183394	0.183502	0.259597	0.930644	
0.370830	0.464750	0.738110	0.679617	
0.637711	0.400735	1.184952	0.342471	
0.338442	0.501951	0.903621	0.769040	
0.477396	0.573888	1.219488	0.000000	
0.740193	0.181507	3.108905	0.653776	
0.027593	0.027605	0.039049	0.998767	
0.494431	0.359303	0.863769	0.714083	
0.189681	0.755271	3.384851	0.000181	
0.488878	0.518025	0.754746	0.032281	
0.109383	0.109271	0.154807	0.976600	
0.617416	0.290197	1.459311	0.794301	
0.746856	0.198271	2.907853	0.336161	
0.400450	0.615322	1.126768	0.224164	
0.265966	0.695619	1.954588	0.529076	
0.000000	0.000000	0.000000	1.005583	
0.393358	0.606834	1.113891	0.325330	
0.109382	0.109272	0.154807	0.976600	
0.104513	0.104464	0.147864	0.978330	
0.642353	0.285373	1.596530	0.737179	
0.479882	0.567411	1.149502	0.000000	
0.259100	0.709541	2.062846	0.457300	
0.491122	0.362417	0.851307	0.706908	
0.731450	0.245992	2.295096	0.000000	
0.187591	0.739609	3.280123	0.683449	
0.338224	0.502243	0.905406	0.770137	
0.545119	0.401145	0.929230	0.488937	
0.251659	0.250773	0.356576	0.866786	
0.055345	0.055404	0.078384	0.994543	
0.243078	0.734195	2.467429	0.000001	
0.370129	0.604723	1.157214	0.451394	
0.738572	0.216484	3.003575	0.435227	
0.288979	0.637841	1.583238	0.764677	
0.356898	0.659508	1.498274	0.242757	
0.593194	0.407536	1.043110	0.310818	
0.000000	0.000000	0.000000	1.002922	
0.649361	0.348822	1.384061	0.371613	
0.461076	0.561087	0.881066	0.000000	
0.712535	0.264498	2.017521	0.528766	
0.189512	0.755333	3.390812	0.000182	
0.055514	0.055544	0.078562	0.994157	
0.678616	0.241428	2.113220	0.855569	
0.738067	0.218158	2.972897	0.431057	
0.490278	0.352976	0.863763	0.744413	
0.147504	0.146764	0.209212	0.959106	
0.312794	0.605502	1.392474	0.764559	
0.258948	0.710670	2.076703	0.448337	
0.161332	0.163043	0.231973	0.952957	
0.391436	0.610961	1.131157	0.316129	
0.338275	0.501721	0.903811	0.769040	
0.478514	0.572912	1.203982	0.000000	
0.678996	0.337146	1.526413	0.000010	
0.217705	0.745126	2.853191	0.002015	
0.000000	0.000000	0.000000	1.589913	
0.582344	0.471240	0.880775	0.004278	
0.497954	0.486595	0.713690	0.195505	
0.636641	0.296616	1.604387	0.745355	
0.189464	0.755343	3.389632	0.000182	
0.456060	0.567887	0.903827	0.000000	
0.399195	0.611231	1.127001	0.258882	
0.190888	0.750969	3.318106	0.377823	
0.757339	0.181199	3.381889	0.000181	
0.055514	0.055544	0.078562	0.994157	
0.405149	0.544070	0.926587	0.479356	
0.579124	0.339100	1.146751	0.660877	
0.666082	0.326859	1.523361	0.401551	
0.201703	0.202048	0.286002	0.916039	
0.189681	0.755271	3.384851	0.000181	
0.278656	0.708414	1.934521	0.268241	
0.346366	0.496543	0.855762	0.751657	
0.000000	0.000000	0.000000	2.546545	
0.277945	0.649953	1.676335	0.783419	
0.202535	0.742190	3.048182	0.457229	
0.757351	0.181160	3.382715	0.000181	
0.698894	0.277995	1.888659	0.415212	
0.740513	0.181002	3.119647	0.652787	
0.248647	0.760342	2.353570	0.000000	
0.280217	0.625073	1.527550	0.819500	
0.605245	0.405289	1.097769	0.253970	
0.370261	0.604597	1.156430	0.451165	
0.498563	0.501484	0.711730	0.040957	
0.109382	0.109272	0.154807	0.976600	
0.264810	0.689348	2.004437	0.648578	
0.625460	0.368385	1.232621	0.362759	
0.352406	0.489228	0.847305	0.734434	
0.189681	0.755271	3.384851	0.000181	
0.605135	0.463280	0.937141	0.000124	
0.055588	0.055614	0.078660	0.994100	
0.427067	0.581931	0.999187	0.238787	
0.000000	0.000000	0.000000	1.008407	
0.745156	0.190903	3.013865	0.450581	
0.172169	0.172453	0.244087	0.939766	
0.742263	0.221086	2.600833	0.000000	
0.696365	0.280793	1.862075	0.410072	
0.292913	0.708150	1.895362	0.005340	
0.191167	0.754775	3.354504	0.000029	
0.303684	0.602155	1.337336	0.765127	
0.398189	0.519755	0.832742	0.566845	
0.185863	0.733865	3.241587	0.798854	
0.620885	0.317012	1.375048	0.651885	
0.616309	0.370340	1.249617	0.437735	
0.000000	0.000000	0.000000	1.073525	
0.195902	0.744221	3.048903	0.450277	
0.277948	0.708626	1.940336	0.268936	
0.312794	0.605502	1.392474	0.764559	
0.716945	0.265745	2.062071	0.245717	
0.686952	0.325246	1.605486	0.000011	
0.244138	0.733714	2.453731	0.000001	
0.217967	0.216054	0.308899	0.906721	
0.449159	0.576682	0.964488	0.049402	
0.372352	0.465802	0.738852	0.674586	
0.604532	0.463509	0.935652	0.000124	
0.653243	0.267032	1.868959	0.864177	
0.285073	0.698444	2.001384	0.445207	
0.055514	0.055544	0.078562	0.994157	
0.734607	0.211817	2.650708	0.469254	
0.269156	0.704162	1.967122	0.438529	
0.208257	0.208557	0.295166	0.909888	
