0.239294	0.725181	2.925640	0.568171	
0.362845	0.661063	1.406256	0.002079	
0.573781	0.491000	1.433659	0.000000	
0.350019	0.613617	1.391645	0.604458	
0.736518	0.199975	2.846058	0.553692	
0.142053	0.141536	0.201644	0.962422	
0.485039	0.447406	0.717074	0.406424	
0.219921	0.214594	0.314911	0.915702	
0.627190	0.449892	1.007351	0.000005	
0.181936	0.757272	3.401787	0.000074	
0.093620	0.093330	0.132837	0.985439	
0.699288	0.329606	2.431758	0.000034	
0.272379	0.620475	1.543952	0.874435	
0.654270	0.253156	1.817756	0.867100	
0.487767	0.535895	0.781313	0.006151	
0.863216	0.271973	2.597203	0.000058	
0.532213	0.366191	0.956987	0.645335	
0.162841	0.163056	0.230754	0.946236	
0.703608	0.361858	1.451975	0.000064	
0.228116	0.759244	2.573068	0.000004	
0.756385	0.185399	3.394875	0.000116	
0.100131	0.100130	0.141607	0.979746	
0.639883	0.343297	1.473547	0.497977	
0.185385	0.756448	3.405531	0.004997	
0.271312	0.688599	1.878881	0.553548	
0.064187	0.064177	0.090787	0.991867	
0.396568	0.564662	0.982455	0.452339	
0.354510	0.471405	0.808280	0.742348	
0.000000	0.000000	0.000000	1.000001	
0.026390	0.026390	0.037322	0.998610	
0.654259	0.253177	1.817568	0.867021	
0.393831	0.554061	0.956311	0.489129	
0.332268	0.332248	0.469930	0.747329	
0.170859	0.171079	0.242143	0.940628	
0.759459	0.175616	3.374037	0.005095	
0.737460	0.232887	2.448520	0.002052	
0.729407	0.214776	2.672382	0.555567	
0.284062	0.692049	1.823967	0.432410	
0.495929	0.512221	0.731359	0.000001	
0.677448	0.339086	1.513408	0.001353	
0.185645	0.756364	3.399823	0.000076	
0.093605	0.093537	0.132475	0.983027	
0.029259	0.029250	0.041391	0.998576	
0.000000	0.000000	0.000000	1.000001	
0.064891	0.064889	0.091772	0.991565	
0.215173	0.732551	2.893552	0.562332	
0.366255	0.663630	1.529431	0.000000	
0.107729	0.107676	0.152434	0.977019	
0.217407	0.216050	0.308434	0.904973	
0.616829	0.459843	2.089429	0.000004	
0.476352	0.452708	0.691542	0.397703	
0.560142	0.497178	1.266823	0.000000	
0.295586	0.599512	1.355357	0.810533	
0.556397	0.347192	1.074122	0.686153	
0.357487	0.633881	1.456017	0.470975	
0.228067	0.759272	2.573736	0.000004	
0.129491	0.129411	0.183243	0.966492	
0.538458	0.363567	0.962349	0.633338	
0.592927	0.465863	0.910955	0.000015	
0.687137	0.346843	2.125856	0.000030	
0.756346	0.185579	3.391025	0.000116	
0.863693	0.276702	2.546244	0.000001	
0.049338	0.049332	0.069782	0.995235	
0.683657	0.429160	1.155919	0.000018	
0.677422	0.339122	1.513175	0.001352	
0.737716	0.197917	2.883407	0.549513	
0.699852	0.267770	1.959066	0.477384	
0.152648	0.152568	0.216007	0.952821	
0.345797	0.618934	1.302844	0.532823	
0.185734	0.756334	3.397865	0.000076	
0.499485	0.498924	0.707188	0.060466	
0.116881	0.116867	0.165312	0.972404	
0.093602	0.093539	0.132463	0.982981	
0.375776	0.591121	1.121591	0.480391	
0.000000	0.000000	0.000000	1.962922	
0.653856	0.253924	1.810802	0.864196	
0.286521	0.690561	1.803512	0.428226	
0.253639	0.657428	1.858729	0.864054	
0.359602	0.367315	0.529190	0.702686	
0.562974	0.494018	1.269254	0.000000	
0.239629	0.752154	2.422421	0.000031	
0.129580	0.129374	0.183552	0.967407	
0.356744	0.666441	1.458673	0.010584	
0.216798	0.731903	2.864955	0.557130	
0.219070	0.219061	0.309828	0.898953	
0.475916	0.466642	0.680790	0.346120	
0.029259	0.029250	0.041391	0.998576	
0.738761	0.197745	3.160894	0.611096	
0.756010	0.186531	3.370214	0.004992	
0.557723	0.462200	0.873762	0.004647	
0.274566	0.697733	1.906144	0.449278	
0.339350	0.677367	1.512168	0.000265	
0.185753	0.756328	3.397439	0.000006	
0.000000	0.000000	0.000000	1.634352	
0.226748	0.759487	2.590035	0.000033	
0.142357	0.141408	0.202713	0.965289	
0.534396	0.482163	0.791685	0.000023	
0.372705	0.447822	0.713510	0.683411	
0.671334	0.347431	1.460710	0.000073	
0.695011	0.276565	1.880311	0.461051	
0.030442	0.030442	0.043052	0.998146	
0.170842	0.171098	0.242157	0.940659	
0.390525	0.553347	0.959632	0.504028	
0.462525	0.473067	0.677611	0.366422	
0.618714	0.463044	2.401878	0.000003	
0.345684	0.619639	1.303619	0.536253	
0.654618	0.266975	1.743370	0.785528	
0.128513	0.128216	0.182175	0.968693	
0.573449	0.491100	1.428106	0.000000	
0.742777	0.227120	2.530511	0.002116	
0.049408	0.049408	0.069873	0.995107	
0.235370	0.682558	2.200821	0.894243	
0.216856	0.214746	0.308495	0.908592	
0.214659	0.740382	3.041603	0.409171	
0.094806	0.094770	0.134131	0.982244	
0.216877	0.216354	0.307084	0.902745	
0.469610	0.549479	0.845962	0.000001	
0.176115	0.738706	3.266850	0.759210	
0.584182	0.469329	0.889678	0.000015	
0.115903	0.115662	0.164406	0.975366	
0.290107	0.289580	0.410658	0.815906	
0.763173	0.176218	3.378202	0.000090	
0.745502	0.221009	2.612467	0.000121	
0.393850	0.549729	0.943880	0.498265	
0.041556	0.041511	0.058837	0.997636	
0.614125	0.430510	1.297321	0.000235	
0.665160	0.356303	1.420380	0.000876	
0.713888	0.294606	2.335562	0.000071	
0.738908	0.197336	3.169257	0.612625	
0.292340	0.714038	2.280495	0.000000	
0.337870	0.678435	1.522096	0.000266	
0.273177	0.700098	1.925915	0.432402	
0.253639	0.657428	1.858729	0.864054	
0.151452	0.151142	0.214823	0.955603	
0.094747	0.094838	0.134188	0.982478	
0.031586	0.031586	0.044670	0.998008	
0.333797	0.632657	1.406536	0.545598	
0.700103	0.265859	1.966610	0.506229	
0.523419	0.381197	0.890525	0.590196	
0.000000	0.000000	0.000000	2.214486	
0.185753	0.756328	3.397439	0.000076	
0.674907	0.250420	2.025572	0.829946	
0.279819	0.615891	1.492606	0.849872	
0.347352	0.330937	0.504015	0.762656	
0.641812	0.275950	1.651032	0.797820	
0.758016	0.178614	3.394875	0.000116	
0.107847	0.107628	0.152852	0.978521	
0.532683	0.369809	0.935954	0.619469	
0.031503	0.031503	0.044553	0.998017	
0.373202	0.628556	1.282612	0.345966	
0.219560	0.712743	2.372676	0.871673	
0.381402	0.560896	1.001626	0.526997	
0.185753	0.756328	3.397439	0.000076	
0.699905	0.328321	2.432954	0.000034	
0.680571	0.338066	1.555555	0.000061	
0.000000	0.000000	0.000000	1.000246	
0.244040	0.738506	2.336701	0.001968	
0.094747	0.094838	0.134188	0.982478	
0.737692	0.190540	3.073573	0.648800	
0.379098	0.618374	1.287413	0.399739	
0.739454	0.228232	2.506876	0.002097	
0.151452	0.151142	0.214823	0.955603	
0.449468	0.627001	1.005328	0.000005	
0.236706	0.688418	2.126223	0.789136	
0.582542	0.442541	0.966194	0.001289	
0.281982	0.281324	0.399254	0.827628	
0.700617	0.270364	1.940617	0.471075	
0.041556	0.041511	0.058837	0.997636	
0.648122	0.444687	1.050664	0.000016	
0.357487	0.633881	1.456017	0.470975	
0.453655	0.467421	0.671343	0.405712	
0.616315	0.460184	2.074433	0.000004	
0.421897	0.597249	1.076184	0.202451	
0.666778	0.353488	1.423581	0.000072	
0.329037	0.568780	1.127899	0.734260	
0.000000	0.000000	0.000000	1.962910	
0.107525	0.107292	0.152416	0.978794	
0.216890	0.216346	0.307117	0.902800	
0.686252	0.428071	1.163749	0.000018	
0.256363	0.656089	1.833917	0.853066	
0.537393	0.498449	0.984830	0.000000	
0.199327	0.729520	2.770394	0.663162	
0.756374	0.186297	3.376644	0.000100	
0.743062	0.184130	3.130962	0.594718	
0.187602	0.755711	3.356380	0.000075	
0.170423	0.170603	0.241434	0.940798	
0.049659	0.049659	0.070229	0.995060	
0.186810	0.755969	3.374261	0.016496	
0.031586	0.031586	0.044669	0.998006	
0.458995	0.575006	1.026007	0.000000	
0.741468	0.230427	2.494706	0.002088	
0.384880	0.557416	0.984720	0.520691	
0.605066	0.295851	1.377372	0.795149	
0.292153	0.642824	1.596420	0.714551	
0.654270	0.253156	1.817756	0.867100	
0.207860	0.733256	2.689303	0.530125	
0.739227	0.229419	2.540346	0.000088	
0.594764	0.472781	1.591188	0.000003	
0.085124	0.085362	0.120915	0.987260	
0.240504	0.687066	2.123385	0.788189	
