0.000000	0.000000	1.000000	0.000000	0.000000	
0.000000	0.411791	0.000000	0.823591	0.390032	
0.000000	0.000000	0.953602	0.000000	0.301070	
0.000000	0.948684	0.000000	0.316225	0.000000	
0.000000	0.000000	0.411791	0.823591	0.390032	
0.408248	0.816494	0.000000	0.408254	0.000000	
0.000000	0.316224	0.000000	0.948685	0.000000	
0.423017	0.423017	0.000000	0.000000	0.801320	
0.000000	0.823589	0.000000	0.411795	0.390032	
0.000000	0.000000	0.000000	0.331978	0.943287	
0.000000	0.411794	0.823590	0.000000	0.390032	
0.408243	0.408243	0.816502	0.000000	0.000000	
0.000000	0.948684	0.316226	0.000000	0.000000	
0.000000	0.408246	0.816495	0.408254	0.000000	
0.000000	0.000000	0.000000	0.726031	0.687662	
0.000000	0.316228	0.948683	0.000000	0.000000	
0.506551	0.506552	0.000000	0.506558	0.479802	
0.816501	0.408238	0.000000	0.408251	0.000000	
0.000000	0.423016	0.423017	0.000000	0.801320	
0.000000	0.000000	0.823589	0.411795	0.390032	
0.000000	0.000000	0.707107	0.707107	0.000000	
0.000000	0.000000	0.726031	0.000000	0.687662	
0.411795	0.823589	0.000000	0.000000	0.390032	
0.408230	0.000000	0.408232	0.816514	0.000000	
0.948679	0.316241	0.000000	0.000000	0.000000	
0.948684	0.000000	0.316226	0.000000	0.000000	
0.823590	0.000000	0.411795	0.000000	0.390032	
0.411791	0.000000	0.000000	0.823591	0.390032	
0.000000	0.953602	0.000000	0.000000	0.301070	
0.000000	0.726031	0.000000	0.000000	0.687662	
0.000000	0.000000	0.000000	0.953602	0.301070	
0.823589	0.000000	0.000000	0.411795	0.390032	
0.316224	0.000000	0.000000	0.948685	0.000000	
0.816494	0.000000	0.408247	0.408254	0.000000	
0.000000	1.000000	0.000000	0.000000	0.000000	
0.408245	0.816489	0.408267	0.000000	0.000000	
0.408231	0.408231	0.000000	0.816514	0.000000	
0.000000	0.000000	0.000000	0.000000	1.000000	
0.000000	0.000000	0.948684	0.316225	0.000000	
0.331978	0.000000	0.000000	0.000000	0.943287	
0.000000	0.000000	0.000000	1.000000	0.000000	
0.000000	0.000000	0.423017	0.423017	0.801320	
0.408246	0.000000	0.816495	0.408254	0.000000	
0.816495	0.408233	0.408267	0.000000	0.000000	
0.316228	0.000000	0.948683	0.000000	0.000000	
0.948684	0.000000	0.000000	0.316225	0.000000	
0.499993	0.499993	0.500001	0.500013	0.000000	
0.000000	0.408230	0.408232	0.816514	0.000000	
0.000000	0.707107	0.000000	0.707107	0.000000	
0.423017	0.000000	0.000000	0.423017	0.801320	
0.506554	0.000000	0.506556	0.506554	0.479800	
0.000000	0.707106	0.707108	0.000000	0.000000	
0.000000	0.331978	0.000000	0.000000	0.943287	
0.823585	0.411803	0.000000	0.000000	0.390032	
0.953602	0.000000	0.000000	0.000000	0.301070	
1.000000	0.000000	0.000000	0.000000	0.000000	
0.316230	0.948683	0.000000	0.000000	0.000000	
0.000000	0.000000	0.331978	0.000000	0.943287	
0.411794	0.000000	0.823590	0.000000	0.390032	
0.707106	0.000000	0.707108	0.000000	0.000000	
0.707107	0.707107	0.000000	0.000000	0.000000	
0.423016	0.000000	0.423017	0.000000	0.801320	
0.000000	0.000000	0.316224	0.948685	0.000000	
0.000000	0.816494	0.408247	0.408254	0.000000	
0.707107	0.000000	0.000000	0.707107	0.000000	
0.000000	0.823590	0.411795	0.000000	0.390032	
0.000000	0.423017	0.000000	0.423017	0.801320	
0.506563	0.506563	0.506571	0.000000	0.479764	
0.726031	0.000000	0.000000	0.000000	0.687662	
0.000000	0.506554	0.506556	0.506554	0.479800	
0.248092	0.038690	0.250242	0.000000	0.936519	
0.985888	0.168647	0.000000	0.000000	0.000000	
0.000000	0.996147	0.087694	0.000000	0.000000	
0.082756	0.000000	0.000000	0.721299	0.687662	
0.000000	0.000000	0.000000	0.000000	1.000000	
0.114241	0.089106	0.101421	0.312238	0.933397	
0.326663	0.000000	0.010441	0.000000	0.945083	
0.823590	0.000000	0.411795	0.000000	0.390032	
0.416194	0.812466	0.408267	0.000000	0.000000	
0.000000	0.311977	0.000000	0.950090	0.000000	
0.000000	0.000000	0.566130	0.463490	0.692994	
0.707106	0.000884	0.000000	0.707107	0.000000	
0.035311	0.407085	0.408615	0.817281	0.000000	
0.707115	0.000000	0.707099	0.000000	0.000000	
0.000000	0.000000	0.411791	0.823591	0.390032	
0.000000	0.000000	0.949520	0.313707	0.000000	
0.000000	0.000000	0.580424	0.814314	0.000000	
0.005944	0.000000	0.001624	0.999981	0.000000	
0.000000	0.000000	0.927644	0.000000	0.392596	
0.273041	0.247618	0.000000	0.929860	0.000000	
0.884907	0.166045	0.435165	0.000000	0.000000	
0.000000	0.408434	0.000000	0.000000	0.912788	
0.586585	0.000000	0.586587	0.558421	0.000000	
0.000000	0.708312	0.705899	0.000000	0.000000	
0.318357	0.248313	0.282631	0.870120	0.000000	
0.416017	0.416017	0.000000	0.000000	0.808801	
0.313549	0.949572	0.000000	0.000000	0.000000	
0.000000	0.316228	0.948683	0.000000	0.000000	
0.596273	0.483848	0.567686	0.000000	0.296786	
0.000063	0.796253	0.000000	0.395246	0.461426	
