0.000000	0.411794	0.823590	0.000000	0.390032	
0.000000	0.000000	0.707107	0.707107	0.000000	
0.499993	0.499993	0.500001	0.500013	0.000000	
0.000000	0.000000	0.000000	0.953602	0.301070	
0.000000	0.816494	0.408247	0.408255	0.000000	
0.000000	0.000000	1.000000	0.000000	0.000000	
0.000000	0.823588	0.000000	0.411795	0.390035	
0.316214	0.948688	0.000000	0.000000	0.000000	
0.948679	0.316241	0.000000	0.000000	0.000000	
0.726031	0.000000	0.000000	0.000000	0.687662	
0.408245	0.816489	0.408267	0.000000	0.000000	
0.423017	0.423017	0.000000	0.000000	0.801320	
0.423017	0.000000	0.000000	0.423017	0.801320	
0.707107	0.000000	0.000000	0.707107	0.000000	
0.823588	0.000000	0.000000	0.411795	0.390035	
0.000000	0.000000	0.000000	0.000000	1.000000	
0.408243	0.408243	0.816502	0.000000	0.000000	
0.316224	0.000000	0.000000	0.948685	0.000000	
0.408246	0.000000	0.816495	0.408254	0.000000	
0.000000	0.408246	0.816495	0.408254	0.000000	
0.823595	0.411782	0.000000	0.000000	0.390035	
0.000000	0.423016	0.423018	0.000000	0.801320	
0.000000	0.000000	0.000000	0.726031	0.687662	
0.000000	0.948684	0.000000	0.316225	0.000000	
0.000000	0.000000	0.000000	0.331978	0.943287	
0.408247	0.816494	0.000000	0.408256	0.000000	
0.000000	0.411791	0.000000	0.823590	0.390035	
0.816495	0.408233	0.408267	0.000000	0.000000	
0.000000	0.000000	0.953602	0.000000	0.301070	
0.506563	0.506563	0.506571	0.000000	0.479763	
0.707105	0.000000	0.707108	0.000000	0.000000	
0.816500	0.408236	0.000000	0.408254	0.000000	
0.000000	0.000000	0.331978	0.000000	0.943287	
0.953602	0.000000	0.000000	0.000000	0.301070	
0.823590	0.000000	0.411795	0.000000	0.390032	
0.000000	0.423017	0.000000	0.423017	0.801320	
0.948684	0.000000	0.316226	0.000000	0.000000	
0.000000	0.707105	0.707108	0.000000	0.000000	
0.423016	0.000000	0.423018	0.000000	0.801320	
0.408227	0.408227	0.000000	0.816518	0.000000	
0.506563	0.000000	0.506565	0.506570	0.479764	
0.411791	0.000000	0.000000	0.823590	0.390035	
0.000000	0.316228	0.948683	0.000000	0.000000	
0.000000	0.000000	0.726031	0.000000	0.687662	
0.000000	0.506563	0.506565	0.506570	0.479763	
0.000000	0.000000	0.823588	0.411795	0.390035	
0.000000	0.726031	0.000000	0.000000	0.687662	
0.000000	0.000000	0.000000	1.000000	0.000000	
0.408230	0.000000	0.408232	0.816514	0.000000	
0.411791	0.823590	0.000000	0.000000	0.390035	
0.316228	0.000000	0.948683	0.000000	0.000000	
0.506563	0.506564	0.000000	0.506570	0.479764	
0.331978	0.000000	0.000000	0.000000	0.943287	
0.000000	1.000000	0.000000	0.000000	0.000000	
0.000000	0.707107	0.000000	0.707107	0.000000	
0.000000	0.408229	0.408232	0.816514	0.000000	
0.000000	0.000000	0.411791	0.823590	0.390035	
0.000000	0.948684	0.316226	0.000000	0.000000	
0.000000	0.316224	0.000000	0.948685	0.000000	
0.707107	0.707107	0.000000	0.000000	0.000000	
0.000000	0.953602	0.000000	0.000000	0.301070	
0.948684	0.000000	0.000000	0.316225	0.000000	
0.411794	0.000000	0.823590	0.000000	0.390032	
1.000000	0.000000	0.000000	0.000000	0.000000	
0.000000	0.000000	0.948684	0.316225	0.000000	
0.000000	0.331978	0.000000	0.000000	0.943287	
0.000000	0.823590	0.411795	0.000000	0.390032	
0.000000	0.000000	0.316224	0.948685	0.000000	
0.000000	0.000000	0.423017	0.423017	0.801320	
0.816494	0.000000	0.408247	0.408254	0.000000	
0.000000	0.796947	0.362697	0.453523	0.166261	
0.000000	0.000000	0.726031	0.000000	0.687662	
0.005321	0.533051	0.533079	0.533085	0.385087	
0.807192	0.000000	0.498440	0.316225	0.000000	
0.939562	0.000009	0.313186	0.000000	0.138336	
0.993627	0.000018	0.117336	0.000000	0.000000	
0.000000	0.707162	0.707165	0.000000	0.000000	
0.423017	0.423017	0.000000	0.000000	0.801320	
0.000000	0.000000	0.000000	0.721252	0.692673	
0.524699	0.641248	0.000000	0.551472	0.096806	
0.088645	0.000000	0.000170	0.996063	0.000000	
0.308027	0.924125	0.226082	0.000000	0.000000	
0.365237	0.000388	0.730476	0.576439	0.026926	
0.000000	0.101450	0.711354	0.700681	0.000000	
0.548545	0.517600	0.533306	0.421396	0.004477	
0.707050	0.707050	0.012633	0.000000	0.000000	
0.953602	0.000000	0.000000	0.000000	0.301070	
0.005217	0.000000	0.330786	0.011819	0.954424	
0.418139	0.811467	0.408267	0.000000	0.000000	
0.589333	0.028588	0.291917	0.753288	0.000000	
0.000000	0.376481	0.000000	0.000000	0.927244	
0.391456	0.000000	0.833170	0.021576	0.390032	
0.342370	0.684747	0.000000	0.590331	0.255762	
0.823588	0.000000	0.411794	0.001635	0.390032	
0.560897	0.268044	0.620429	0.000000	0.478137	
0.000540	0.894416	0.000000	0.447209	0.004963	
0.400472	0.000036	0.000000	0.916309	0.000000	
0.139203	0.000000	0.269158	0.952983	0.000000	
0.011535	0.365055	0.730476	0.576439	0.026926	
0.505197	0.511081	0.696431	0.000000	0.000000	
