0.000000	0.816502	0.408251	0.408235	0.000000	
0.816508	0.408239	0.000000	0.408235	0.000000	
0.953602	0.000000	0.000000	0.000000	0.301070	
0.000000	0.000000	1.000000	0.000000	0.000000	
0.948679	0.316241	0.000000	0.000000	0.000000	
1.000000	0.000000	0.000000	0.000000	0.000000	
0.423015	0.000000	0.423019	0.000000	0.801320	
0.948684	0.000000	0.316226	0.000000	0.000000	
0.000000	0.000000	0.316224	0.948685	0.000000	
0.408230	0.000000	0.408232	0.816514	0.000000	
0.000000	0.506563	0.506565	0.506570	0.479763	
0.000000	0.000000	0.000000	1.000000	0.000000	
0.316224	0.000000	0.000000	0.948685	0.000000	
0.000000	0.000000	0.000000	0.953602	0.301070	
0.000000	0.000000	0.953602	0.000000	0.301070	
0.823589	0.000000	0.411794	0.000000	0.390035	
0.707107	0.707107	0.000000	0.000000	0.000000	
0.411791	0.000000	0.000000	0.823590	0.390035	
0.000000	0.000000	0.707107	0.707107	0.000000	
0.408243	0.408243	0.816502	0.000000	0.000000	
0.423017	0.000000	0.000000	0.423017	0.801320	
0.000000	0.000000	0.331978	0.000000	0.943287	
0.000000	0.411794	0.823589	0.000000	0.390035	
0.000000	0.707105	0.707108	0.000000	0.000000	
0.408250	0.000000	0.816502	0.408237	0.000000	
0.000000	0.726031	0.000000	0.000000	0.687662	
0.000000	0.000000	0.823588	0.411795	0.390035	
0.506563	0.000000	0.506565	0.506570	0.479764	
0.000000	0.000000	0.726031	0.000000	0.687662	
0.506563	0.506564	0.000000	0.506570	0.479764	
0.816502	0.000000	0.408251	0.408235	0.000000	
0.000000	0.823589	0.411794	0.000000	0.390035	
0.000000	0.408250	0.816502	0.408235	0.000000	
0.823595	0.411782	0.000000	0.000000	0.390035	
0.823588	0.000000	0.000000	0.411795	0.390035	
0.000000	0.707107	0.000000	0.707107	0.000000	
0.948684	0.000000	0.000000	0.316225	0.000000	
0.408245	0.816489	0.408267	0.000000	0.000000	
0.000000	0.316224	0.000000	0.948685	0.000000	
0.707105	0.000000	0.707108	0.000000	0.000000	
0.000000	0.000000	0.000000	0.726031	0.687662	
0.506563	0.506563	0.506571	0.000000	0.479763	
0.000000	1.000000	0.000000	0.000000	0.000000	
0.000000	0.411791	0.000000	0.823590	0.390035	
0.000000	0.000000	0.000000	0.000000	1.000000	
0.000000	0.953602	0.000000	0.000000	0.301070	
0.000000	0.948684	0.316226	0.000000	0.000000	
0.316228	0.000000	0.948683	0.000000	0.000000	
0.000000	0.408226	0.408229	0.816518	0.000000	
0.000000	0.331978	0.000000	0.000000	0.943287	
0.408245	0.816495	0.000000	0.408256	0.000000	
0.000000	0.000000	0.411791	0.823590	0.390035	
0.000000	0.000000	0.000000	0.331978	0.943287	
0.499993	0.499993	0.500001	0.500013	0.000000	
0.316214	0.948688	0.000000	0.000000	0.000000	
0.726031	0.000000	0.000000	0.000000	0.687662	
0.000000	0.948684	0.000000	0.316225	0.000000	
0.000000	0.423015	0.423019	0.000000	0.801320	
0.408227	0.408227	0.000000	0.816518	0.000000	
0.000000	0.823588	0.000000	0.411795	0.390035	
0.411794	0.000000	0.823589	0.000000	0.390035	
0.331978	0.000000	0.000000	0.000000	0.943287	
0.000000	0.000000	0.423017	0.423017	0.801320	
0.000000	0.316228	0.948683	0.000000	0.000000	
0.423017	0.423017	0.000000	0.000000	0.801320	
0.000000	0.423017	0.000000	0.423017	0.801320	
0.000000	0.000000	0.948684	0.316225	0.000000	
0.816495	0.408233	0.408267	0.000000	0.000000	
0.411791	0.823590	0.000000	0.000000	0.390035	
0.707107	0.000000	0.000000	0.707107	0.000000	
1.000000	0.000000	0.000000	0.000000	0.000000	
0.000000	0.000000	0.000000	0.748201	0.663472	
0.860076	0.000000	0.430038	0.000000	0.274474	
0.000000	0.000000	0.000000	0.000000	1.000000	
0.887253	0.000000	0.000000	0.434802	0.154044	
0.000000	0.000000	0.999970	0.000000	0.007775	
0.000000	0.261310	0.000000	0.000000	0.971721	
0.000000	0.425599	0.851199	0.331959	0.000000	
0.516140	0.516140	0.000000	0.469446	0.498172	
0.000000	0.439409	0.878821	0.000000	0.185993	
0.000000	0.000000	0.000000	0.325330	0.946759	
0.000000	0.950113	0.000000	0.314385	0.000000	
0.418178	0.824910	0.395266	0.000000	0.000056	
0.243537	0.470202	0.000000	0.848301	0.000000	
0.398477	0.000000	0.798126	0.003032	0.451887	
0.000000	0.999995	0.000000	0.003157	0.000000	
0.075627	0.671030	0.675283	0.303284	0.000000	
0.000000	0.367225	0.000094	0.915126	0.166555	
0.525517	0.065054	0.000000	0.848301	0.000000	
0.363015	0.642156	0.499322	0.000000	0.487074	
0.000000	0.954978	0.000000	0.002616	0.297057	
0.026624	0.734874	0.497761	0.000000	0.485552	
0.000000	0.011585	0.000000	0.920097	0.393478	
0.897837	0.440327	0.000000	0.000000	0.000000	
0.644330	0.329779	0.000000	0.067946	0.686635	
0.000000	0.450750	0.901503	0.000000	0.000000	
0.653676	0.000000	0.326838	0.682557	0.000000	
0.000000	0.000000	0.411791	0.823590	0.390035	
0.564589	0.569078	0.597820	0.000000	0.000000	
0.762362	0.659264	0.000000	0.028904	0.000000	
