0.000000	0.000000	0.408233	0.816504	0.408248	
0.000000	0.000000	0.707107	0.707107	0.000000	
0.316232	0.948682	0.000000	0.000000	0.000000	
0.408253	0.000000	0.816494	0.000000	0.408248	
0.000000	0.000000	0.000000	0.000000	1.000000	
0.000000	0.707107	0.707107	0.000000	0.000000	
0.707107	0.707107	0.000000	0.000000	0.000000	
0.000000	0.408248	0.000000	0.408248	0.816497	
0.000000	0.000000	0.816497	0.408248	0.408248	
0.707107	0.000000	0.707107	0.000000	0.000000	
0.408248	0.408248	0.000000	0.000000	0.816497	
0.000000	0.948687	0.316217	0.000000	0.000000	
0.408246	0.816498	0.000000	0.000000	0.408248	
0.000000	0.000000	0.408248	0.408248	0.816497	
0.000000	0.408256	0.408255	0.816489	0.000000	
0.500002	0.500002	0.500048	0.499948	0.000000	
0.000000	0.000000	0.000000	0.948683	0.316227	
0.000000	0.408253	0.816494	0.408249	0.000000	
0.707107	0.000000	0.000000	0.707107	0.000000	
0.500005	0.000000	0.500005	0.499992	0.499998	
0.000000	0.316225	0.948684	0.000000	0.000000	
0.000000	0.000000	0.948684	0.316226	0.000000	
0.316233	0.000000	0.000000	0.000000	0.948682	
0.000000	0.000000	0.948683	0.000000	0.316227	
0.000000	0.000000	0.707107	0.000000	0.707107	
0.816497	0.000000	0.408248	0.408248	0.000000	
0.408251	0.816495	0.000000	0.408248	0.000000	
0.000000	0.408233	0.000000	0.816504	0.408248	
0.000000	0.000000	0.000000	0.316233	0.948682	
0.000000	0.816497	0.000000	0.408248	0.408248	
0.000000	0.000000	0.000000	1.000000	0.000000	
0.408256	0.000000	0.408255	0.816489	0.000000	
0.408233	0.000000	0.000000	0.816504	0.408248	
1.000000	0.000000	0.000000	0.000000	0.000000	
0.000000	0.000000	0.000000	0.707107	0.707107	
0.000000	0.316224	0.000000	0.948684	0.000000	
0.000000	0.000000	0.316233	0.000000	0.948682	
0.408248	0.000000	0.408248	0.000000	0.816497	
0.000000	0.000000	0.316224	0.948685	0.000000	
0.948684	0.000000	0.000000	0.316226	0.000000	
0.408267	0.408268	0.816477	0.000000	0.000000	
0.316225	0.000000	0.948684	0.000000	0.000000	
0.500007	0.500007	0.000000	0.499992	0.499994	
0.000000	0.408248	0.408247	0.000000	0.816497	
0.948683	0.316228	0.000000	0.000000	0.000000	
0.499985	0.499985	0.500032	0.000000	0.499998	
0.408253	0.000000	0.816494	0.408248	0.000000	
0.948683	0.000000	0.000000	0.000000	0.316227	
0.000000	0.707107	0.000000	0.707107	0.000000	
0.000000	0.948683	0.000000	0.000000	0.316227	
0.000000	0.948684	0.000000	0.316226	0.000000	
0.000000	0.816495	0.408248	0.408251	0.000000	
0.816500	0.408262	0.408227	0.000000	0.000000	
0.816492	0.408258	0.000000	0.408248	0.000000	
0.408256	0.408256	0.000000	0.816489	0.000000	
0.000000	1.000000	0.000000	0.000000	0.000000	
0.316224	0.000000	0.000000	0.948684	0.000000	
0.816497	0.000000	0.000000	0.408248	0.408248	
0.948687	0.000000	0.316217	0.000000	0.000000	
0.707107	0.000000	0.000000	0.000000	0.707107	
0.408246	0.816498	0.408247	0.000000	0.000000	
0.000000	0.000000	1.000000	0.000000	0.000000	
0.816497	0.000000	0.408248	0.000000	0.408248	
0.000000	0.316233	0.000000	0.000000	0.948682	
0.000000	0.500006	0.500005	0.499992	0.499998	
0.000000	0.816497	0.408248	0.000000	0.408248	
0.000000	0.707107	0.000000	0.000000	0.707107	
0.408248	0.000000	0.000000	0.408248	0.816497	
0.000000	0.408253	0.816494	0.000000	0.408248	
0.816492	0.408258	0.000000	0.000000	0.408248	
0.405765	0.000000	0.049242	0.000000	0.912774	
0.816497	0.000000	0.408248	0.408248	0.000000	
0.711527	0.005138	0.119424	0.000000	0.692416	
0.707097	0.000000	0.003687	0.707107	0.000000	
0.000000	0.000000	0.000000	0.880198	0.475773	
0.448191	0.000000	0.896369	0.000000	0.000000	
0.000000	0.251274	0.502540	0.000000	0.827233	
0.891329	0.451071	0.048060	0.000000	0.000000	
0.572302	0.572302	0.000000	0.308133	0.499994	
0.618476	0.583553	0.425161	0.310290	0.000000	
0.000000	0.000000	0.943886	0.000000	0.347467	
0.000000	0.000000	0.000000	0.990378	0.148247	
0.002282	0.569554	0.805421	0.189697	0.000000	
0.000000	0.816495	0.408248	0.408251	0.000000	
0.067493	0.000000	0.910891	0.407090	0.000000	
0.712348	0.701826	0.000000	0.000194	0.000000	
0.000000	0.269836	0.000000	0.511006	0.817238	
0.639685	0.656384	0.000000	0.405796	0.000000	
0.183695	0.000000	0.367384	0.000000	0.917257	
0.828480	0.383346	0.000000	0.000000	0.408248	
0.000777	0.032475	0.999472	0.000000	0.000000	
0.912871	0.000004	0.000000	0.000000	0.408248	
0.000000	0.816497	0.000000	0.408248	0.408248	
0.416405	0.852121	0.022289	0.000000	0.316227	
0.425919	0.000018	0.860022	0.180311	0.232773	
0.143654	0.905051	0.000000	0.000000	0.409818	
0.023984	0.000000	0.256477	0.829539	0.495488	
0.069379	0.694488	0.113460	0.000000	0.707107	
0.036076	0.971361	0.000000	0.262928	0.000000	
0.582886	0.685928	0.422030	0.000000	0.108217	
