0.408250	0.816494	0.000000	0.408251	0.000000	
0.408268	0.408268	0.816477	0.000000	0.000000	
0.000000	0.408248	0.408247	0.000000	0.816497	
0.816497	0.000000	0.000000	0.408248	0.408248	
0.707107	0.707107	0.000000	0.000000	0.000000	
0.000000	0.000000	0.816497	0.408248	0.408248	
0.408238	0.816502	0.000000	0.000000	0.408248	
0.499970	0.499970	0.500017	0.000000	0.500044	
0.948687	0.000000	0.316217	0.000000	0.000000	
0.000000	0.408216	0.816420	0.000000	0.408435	
0.000000	0.000000	0.000000	0.000000	1.000000	
0.499947	0.000000	0.499947	0.500108	0.499998	
0.408248	0.000000	0.000000	0.408248	0.816497	
0.000000	0.000000	0.000000	0.707107	0.707107	
0.000000	0.000000	0.316227	0.948693	0.000000	
0.000000	0.000000	0.707107	0.707107	0.000000	
0.000000	0.000000	0.000000	0.316235	0.948681	
0.948684	0.000000	0.000000	0.316226	0.000000	
0.500001	0.500003	0.500048	0.499948	0.000000	
0.000000	0.408228	0.000000	0.816507	0.408248	
0.408265	0.000000	0.408265	0.816480	0.000000	
0.707107	0.000000	0.707107	0.000000	0.000000	
0.000000	0.316218	0.000000	0.948687	0.000000	
0.000000	0.816495	0.408249	0.408251	0.000000	
0.000000	0.408248	0.000000	0.408247	0.816497	
0.000000	0.316235	0.000000	0.000000	0.948681	
0.316224	0.000000	0.000000	0.948685	0.000000	
0.000000	0.000000	0.707107	0.000000	0.707107	
0.000000	0.000000	0.948682	0.000000	0.316231	
0.408248	0.000000	0.408247	0.000000	0.816497	
0.316232	0.948682	0.000000	0.000000	0.000000	
0.316231	0.000000	0.948682	0.000000	0.000000	
0.000000	0.000000	1.000000	0.000000	0.000000	
0.000000	0.707107	0.000000	0.707106	0.000000	
0.000000	0.948683	0.000000	0.000000	0.316227	
1.000000	0.000000	0.000000	0.000000	0.000000	
0.408265	0.408265	0.000000	0.816480	0.000000	
0.000000	0.000000	0.316235	0.000000	0.948681	
0.816500	0.408262	0.408227	0.000000	0.000000	
0.816495	0.000000	0.408248	0.408251	0.000000	
0.499991	0.499993	0.000000	0.499975	0.500040	
0.316235	0.000000	0.000000	0.000000	0.948681	
0.816492	0.408258	0.000000	0.000000	0.408248	
0.816491	0.408257	0.000000	0.408251	0.000000	
0.816497	0.000000	0.408248	0.000000	0.408248	
0.000000	0.408253	0.816493	0.408251	0.000000	
0.000000	0.816497	0.408248	0.000000	0.408248	
0.000000	0.948684	0.000000	0.316226	0.000000	
0.000000	0.000000	0.948701	0.316232	0.000000	
0.000000	1.000000	0.000000	0.000000	0.000000	
0.408248	0.408248	0.000000	0.000000	0.816497	
0.000000	0.000000	0.408228	0.816507	0.408248	
0.707107	0.000000	0.000000	0.707107	0.000000	
0.408238	0.816500	0.408252	0.000000	0.000000	
0.948683	0.316228	0.000000	0.000000	0.000000	
0.000000	0.000000	0.408248	0.408248	0.816496	
0.000000	0.000000	0.000000	1.000000	0.000000	
0.000000	0.707107	0.707107	0.000000	0.000000	
0.000000	0.948687	0.316217	0.000000	0.000000	
0.948683	0.000000	0.000000	0.000000	0.316227	
0.000000	0.499934	0.499933	0.500136	0.499998	
0.000000	0.816502	0.000000	0.408251	0.408251	
0.707107	0.000000	0.000000	0.000000	0.707107	
0.000000	0.707107	0.000000	0.000000	0.707107	
0.000000	0.316231	0.948682	0.000000	0.000000	
0.408228	0.000000	0.000000	0.816507	0.408248	
0.000000	0.408265	0.408265	0.816480	0.000000	
0.000000	0.000000	0.000000	0.948682	0.316231	
0.408253	0.000000	0.816494	0.000000	0.408248	
0.408253	0.000000	0.816493	0.408251	0.000000	
0.335554	0.000000	0.000000	0.942021	0.000000	
0.207536	0.000000	0.239482	0.000000	0.950664	
0.000000	0.000000	0.000000	0.316235	0.948681	
0.725466	0.385743	0.397787	0.000000	0.408248	
0.372581	0.438765	0.046980	0.816697	0.000935	
0.386287	0.386287	0.772519	0.323695	0.000000	
0.939313	0.338449	0.131951	0.012831	0.000000	
0.929302	0.020973	0.368725	0.000000	0.000000	
0.000000	0.609351	0.000000	0.000000	0.792900	
0.214261	0.835969	0.000000	0.431495	0.262791	
0.642636	0.175018	0.666042	0.000000	0.335822	
0.195560	0.474957	0.519926	0.517003	0.510775	
0.364357	0.722105	0.423274	0.408257	0.000000	
0.405026	0.818098	0.408251	0.000000	0.000000	
0.360611	0.000000	0.721211	0.594334	0.000000	
0.804063	0.000000	0.594544	0.000000	0.000000	
0.447181	0.000000	0.894349	0.000000	0.013033	
0.947188	0.000000	0.000000	0.321438	0.000000	
0.000000	0.000000	0.000000	0.000000	1.000000	
0.190908	0.560979	0.000017	0.417631	0.724954	
0.000000	0.447219	0.894425	0.000000	0.000000	
0.110375	0.923034	0.000000	0.368545	0.000000	
0.075438	0.149508	0.087637	0.982748	0.000000	
1.000000	0.000000	0.000000	0.000394	0.000629	
0.299461	0.954718	0.000000	0.000000	0.000000	
0.816501	0.408262	0.408227	0.000000	0.000000	
0.598601	0.000000	0.040577	0.000000	0.806282	
0.015035	0.005508	0.950021	0.000000	0.311777	
0.313831	0.038921	0.000000	0.000000	0.948681	
0.000000	0.000000	0.294753	0.873407	0.387683	
