0.707108	0.000000	0.000000	0.707106	0.000000	
0.000000	0.000000	0.316241	0.000000	0.948679	
0.948688	0.000000	0.000000	0.000000	0.316214	
0.948688	0.000000	0.000000	0.316215	0.000000	
0.316305	0.000000	0.000000	0.948657	0.000000	
0.000000	0.000000	0.000000	0.316241	0.948679	
0.000000	0.948673	0.000000	0.000000	0.316260	
0.000000	0.408268	0.408266	0.816478	0.000000	
0.816498	0.000000	0.000000	0.408245	0.408249	
0.816494	0.000000	0.408253	0.000000	0.408249	
0.408275	0.000000	0.408274	0.816517	0.000000	
0.000000	0.948667	0.000000	0.316275	0.000000	
0.000000	0.000000	0.316009	0.948756	0.000000	
0.000000	0.000000	0.408309	0.816467	0.408246	
0.000000	0.000000	0.707127	0.707096	0.000000	
0.000000	0.707058	0.000000	0.707155	0.000000	
0.000000	0.499920	0.499915	0.500122	0.500043	
0.000000	0.707107	0.000000	0.000000	0.707106	
0.000000	0.948693	0.316198	0.000000	0.000000	
0.000000	0.316307	0.000000	0.948657	0.000000	
0.000000	0.816333	0.000000	0.408520	0.408304	
0.000000	0.000000	0.000000	0.000000	1.000000	
0.000000	0.816467	0.408265	0.408290	0.000000	
0.408267	0.408269	0.816477	0.000000	0.000000	
0.000000	0.000000	0.000000	1.000000	0.000000	
0.000000	0.000000	0.000000	0.707093	0.707120	
0.816560	0.408145	0.408225	0.000000	0.000000	
0.000000	1.000000	0.000000	0.000000	0.000000	
0.408080	0.816550	0.408309	0.000000	0.000000	
0.316308	0.948659	0.000000	0.000000	0.000000	
0.000000	0.816492	0.408257	0.000000	0.408249	
0.000000	0.408248	0.408247	0.000000	0.816499	
0.316278	0.000000	0.948667	0.000000	0.000000	
0.500081	0.500094	0.000000	0.499432	0.500393	
0.000000	0.316278	0.948667	0.000000	0.000000	
0.408291	0.816475	0.000000	0.000000	0.408249	
0.000000	0.407989	0.000000	0.408505	0.816497	
0.499900	0.000000	0.499936	0.500121	0.500043	
0.316241	0.000000	0.000000	0.000000	0.948679	
0.000000	0.408329	0.816455	0.408251	0.000000	
0.000000	0.707107	0.707106	0.000000	0.000000	
0.948683	0.316228	0.000000	0.000000	0.000000	
0.408258	0.408273	0.000000	0.816480	0.000000	
0.000000	0.408321	0.816445	0.000000	0.408286	
0.000000	0.408309	0.000000	0.816466	0.408249	
0.000000	0.000000	0.948688	0.316215	0.000000	
0.408229	0.000000	0.816506	0.000000	0.408249	
0.816549	0.408139	0.000000	0.408252	0.000000	
0.000000	0.316241	0.000000	0.000000	0.948679	
0.948693	0.000000	0.316198	0.000000	0.000000	
0.408309	0.000000	0.000000	0.816466	0.408249	
0.000000	0.000000	0.407470	0.407084	0.817466	
0.707107	0.000000	0.707106	0.000000	0.000000	
0.000000	0.000000	1.000000	0.000000	0.000000	
0.000000	0.000000	0.948673	0.000000	0.316260	
0.408240	0.408254	0.000000	0.000000	0.816498	
0.000000	0.000000	0.707107	0.000000	0.707106	
1.000000	0.000000	0.000000	0.000000	0.000000	
0.408595	0.000000	0.000000	0.408612	0.817209	
0.707175	0.707177	0.000000	0.000000	0.000000	
0.408705	0.000000	0.408704	0.000000	0.817413	
0.816552	0.408140	0.000000	0.000000	0.408245	
0.816467	0.000000	0.408265	0.408290	0.000000	
0.408229	0.000000	0.816505	0.408252	0.000000	
0.499868	0.499871	0.500354	0.000000	0.499908	
0.707107	0.000000	0.000000	0.000000	0.707107	
0.000000	0.000000	0.000000	0.948688	0.316214	
0.408081	0.816579	0.000000	0.408251	0.000000	
0.500226	0.500238	0.500068	0.499467	0.000000	
0.000000	0.000000	0.816487	0.408266	0.408249	
0.000000	0.286843	0.000000	0.135881	0.952154	
0.000000	0.000000	0.707442	0.706771	0.000000	
0.413494	0.402932	0.000000	0.000000	0.816498	
0.014865	0.999892	0.000000	0.000000	0.000000	
0.577815	0.000000	0.000000	0.000000	0.817157	
0.000000	0.706991	0.000000	0.500123	0.500043	
0.152136	0.539486	0.000000	0.000005	0.833039	
0.000000	0.000000	1.000000	0.000000	0.000000	
0.500081	0.500094	0.000000	0.499432	0.500393	
0.194775	0.000934	0.194777	0.000000	0.979846	
0.707377	0.000000	0.707375	0.000000	0.000000	
0.408081	0.816579	0.000000	0.408251	0.000000	
0.443347	0.887119	0.128307	0.000000	0.000000	
0.001542	0.815311	0.571183	0.094953	0.000000	
0.941141	0.338014	0.000000	0.000000	0.000000	
0.655055	0.003157	0.637149	0.000000	0.408673	
0.291545	0.000000	0.000000	0.000000	0.956559	
0.866206	0.000000	0.433136	0.259404	0.000091	
0.000000	0.000000	0.000000	0.947009	0.321206	
0.446092	0.446103	0.445952	0.445416	0.452466	
0.233137	0.004246	0.000000	0.233471	0.943992	
0.820252	0.409990	0.000000	0.000000	0.410095	
0.371276	0.000000	0.171020	0.408788	0.817561	
0.296780	0.076548	0.211655	0.928045	0.000152	
0.512142	0.000000	0.512141	0.559041	0.443551	
0.824466	0.412096	0.000000	0.387856	0.000000	
0.005164	0.000000	0.000000	0.000228	1.001589	
0.000000	0.909735	0.000000	0.001253	0.415188	
0.416155	0.416157	0.584220	0.581899	0.000000	
0.015734	0.000000	0.444180	0.900771	0.000000	
