0.316231	0.000000	0.948682	0.000000	0.000000	
0.000000	0.707107	0.000000	0.000000	0.707107	
0.816500	0.408262	0.408227	0.000000	0.000000	
0.948684	0.000000	0.000000	0.316226	0.000000	
0.408267	0.408269	0.816477	0.000000	0.000000	
0.000000	0.316218	0.000000	0.948687	0.000000	
0.000000	0.000000	0.408309	0.816466	0.408248	
0.000000	0.707107	0.000000	0.707106	0.000000	
0.000000	0.408309	0.000000	0.816466	0.408248	
0.000000	0.948685	0.000000	0.000000	0.316222	
0.000000	1.000000	0.000000	0.000000	0.000000	
1.000000	0.000000	0.000000	0.000000	0.000000	
0.000000	0.816492	0.408257	0.000000	0.408248	
0.499934	0.000000	0.499933	0.500136	0.499998	
0.000000	0.408248	0.408247	0.000000	0.816497	
0.408309	0.000000	0.000000	0.816466	0.408248	
0.000000	0.000000	0.707107	0.000000	0.707107	
0.408291	0.816475	0.000000	0.000000	0.408248	
0.000000	0.000000	0.000000	0.707107	0.707107	
0.000000	0.408232	0.816505	0.000000	0.408248	
0.000000	0.000000	0.316241	0.000000	0.948679	
0.000000	0.816489	0.000000	0.408263	0.408248	
0.000000	0.000000	0.948682	0.000000	0.316231	
0.000000	0.408236	0.816501	0.408251	0.000000	
0.707107	0.707107	0.000000	0.000000	0.000000	
0.500001	0.500003	0.500048	0.499948	0.000000	
0.000000	0.000000	0.316188	0.948697	0.000000	
0.000000	0.499934	0.499933	0.500136	0.499998	
0.408596	0.000000	0.817222	0.408612	0.000000	
0.816490	0.408258	0.000000	0.408251	0.000000	
0.408265	0.408265	0.000000	0.816480	0.000000	
0.000000	0.000000	0.000000	1.000000	0.000000	
0.000000	0.000000	0.000000	0.000000	1.000000	
0.000000	0.000000	0.000000	0.948682	0.316231	
0.316224	0.000000	0.000000	0.948685	0.000000	
0.000000	0.408248	0.000000	0.408247	0.816497	
0.707107	0.000000	0.000000	0.000000	0.707107	
0.500035	0.500035	0.499886	0.000000	0.500044	
0.408248	0.000000	0.408247	0.000000	0.816497	
0.000000	0.948693	0.316198	0.000000	0.000000	
0.948682	0.000000	0.000000	0.000000	0.316231	
0.408267	0.000000	0.408267	0.816478	0.000000	
0.707107	0.000000	0.000000	0.707106	0.000000	
0.000000	0.000000	0.408248	0.408247	0.816497	
0.948690	0.000000	0.316208	0.000000	0.000000	
0.000000	0.707107	0.707106	0.000000	0.000000	
0.000000	0.000000	0.948684	0.316225	0.000000	
0.948683	0.316228	0.000000	0.000000	0.000000	
0.000000	0.316220	0.000000	0.000000	0.948686	
0.408239	0.816500	0.000000	0.408251	0.000000	
0.000000	0.408267	0.408267	0.816478	0.000000	
0.000000	0.000000	0.000000	0.316220	0.948686	
0.408242	0.816509	0.408229	0.000000	0.000000	
0.000000	0.000000	0.707107	0.707106	0.000000	
0.816498	0.000000	0.000000	0.408246	0.408248	
0.408247	0.408248	0.000000	0.000000	0.816497	
0.000000	0.948684	0.000000	0.316225	0.000000	
0.816503	0.408236	0.000000	0.000000	0.408248	
0.408232	0.000000	0.816505	0.000000	0.408248	
0.816497	0.000000	0.408248	0.000000	0.408248	
0.316220	0.000000	0.000000	0.000000	0.948686	
0.500005	0.500017	0.000000	0.499938	0.500040	
0.408248	0.000000	0.000000	0.408247	0.816497	
0.000000	0.316231	0.948682	0.000000	0.000000	
0.000000	0.000000	1.000000	0.000000	0.000000	
0.816495	0.000000	0.408248	0.408251	0.000000	
0.316232	0.948682	0.000000	0.000000	0.000000	
0.000000	0.000000	0.816498	0.408246	0.408248	
0.000000	0.816495	0.408249	0.408251	0.000000	
0.707107	0.000000	0.707106	0.000000	0.000000	
0.039518	0.914808	0.000000	0.000000	0.411160	
0.000000	0.563321	0.129832	0.817485	0.000000	
0.853048	0.414900	0.000000	0.000000	0.316730	
0.000000	0.529796	0.786967	0.316225	0.000000	
0.347725	0.847817	0.000000	0.000000	0.409806	
0.000116	0.156457	0.000000	0.910804	0.407152	
0.000000	0.892621	0.321296	0.000000	0.316222	
0.174208	0.000000	0.000000	0.174208	0.976988	
0.385195	0.137830	0.818253	0.409127	0.000000	
0.449494	0.000000	0.000000	0.898821	0.003391	
0.656335	0.000000	0.757699	0.000000	0.000000	
0.001797	0.026872	1.001215	0.000000	0.000000	
0.402809	0.037796	0.404578	0.404742	0.713314	
0.504034	0.504035	0.000000	0.701355	0.000000	
0.235126	0.518903	0.000000	0.000000	0.827706	
0.000000	1.000036	0.000000	0.000000	0.000000	
0.000000	0.000000	0.897386	0.441781	0.000000	
0.990870	0.000000	0.000000	0.000000	0.134820	
0.000000	0.000000	0.264623	0.000000	0.964352	
0.248651	0.248657	0.000000	0.793712	0.501264	
0.722316	0.698074	0.000000	0.000000	0.000000	
0.913345	0.000000	0.000205	0.060351	0.409350	
0.017665	0.704072	0.498056	0.505876	0.000000	
0.732703	0.000571	0.395218	0.555193	0.172384	
0.000024	0.015847	0.915329	0.000000	0.402395	
0.191965	0.789550	0.103530	0.498851	0.283179	
0.316231	0.000000	0.948682	0.001150	0.000000	
0.913632	0.000000	0.006092	0.408601	0.000000	
0.440614	0.882359	0.000000	0.000000	0.165231	
0.199850	0.199850	0.022050	0.000000	0.969655	
