0.000000	0.408248	0.000000	0.408248	0.816497	
0.316231	0.000000	0.948682	0.000000	0.000000	
0.408246	0.816498	0.000000	0.000000	0.408248	
0.000000	0.000000	0.948684	0.316226	0.000000	
0.000000	0.000000	0.707107	0.000000	0.707107	
0.000000	0.707107	0.000000	0.000000	0.707107	
0.000000	0.948683	0.000000	0.000000	0.316227	
0.000000	0.000000	0.408248	0.408248	0.816497	
0.816500	0.408262	0.408227	0.000000	0.000000	
0.408248	0.000000	0.408248	0.000000	0.816497	
0.948683	0.316228	0.000000	0.000000	0.000000	
0.408265	0.408265	0.000000	0.816480	0.000000	
0.000000	0.499934	0.499933	0.500136	0.499998	
0.000000	0.816495	0.408249	0.408251	0.000000	
0.000000	0.816497	0.408248	0.000000	0.408248	
0.000000	0.408256	0.408255	0.816489	0.000000	
0.000000	0.000000	0.000000	0.000000	1.000000	
0.000000	0.948684	0.000000	0.316226	0.000000	
0.408250	0.816494	0.000000	0.408251	0.000000	
0.408268	0.408268	0.816477	0.000000	0.000000	
0.408252	0.000000	0.816493	0.408251	0.000000	
0.948684	0.000000	0.000000	0.316226	0.000000	
0.816495	0.000000	0.408248	0.408251	0.000000	
0.948683	0.000000	0.000000	0.000000	0.316227	
0.816491	0.408257	0.000000	0.408251	0.000000	
0.707107	0.000000	0.000000	0.707107	0.000000	
0.000000	0.000000	0.707107	0.707107	0.000000	
0.707107	0.000000	0.707107	0.000000	0.000000	
0.000000	0.408252	0.816493	0.408251	0.000000	
0.000000	0.408248	0.408247	0.000000	0.816497	
0.000000	0.000000	0.000000	0.316233	0.948682	
0.707107	0.707107	0.000000	0.000000	0.000000	
0.500002	0.500002	0.500048	0.499948	0.000000	
0.000000	0.707107	0.707107	0.000000	0.000000	
0.316224	0.000000	0.000000	0.948684	0.000000	
0.499971	0.499971	0.500018	0.000000	0.500040	
0.000000	0.707107	0.000000	0.707107	0.000000	
0.948687	0.000000	0.316217	0.000000	0.000000	
0.000000	0.000000	0.948684	0.000000	0.316231	
0.408253	0.000000	0.816494	0.000000	0.408248	
0.000000	1.000000	0.000000	0.000000	0.000000	
0.000000	0.000000	1.000000	0.000000	0.000000	
0.000000	0.948687	0.316217	0.000000	0.000000	
0.408248	0.408248	0.000000	0.000000	0.816497	
0.816492	0.408258	0.000000	0.000000	0.408248	
0.000000	0.000000	0.316224	0.948685	0.000000	
0.499992	0.499992	0.000000	0.499976	0.500040	
0.000000	0.408253	0.816494	0.000000	0.408248	
0.500006	0.000000	0.500006	0.499991	0.499998	
0.000000	0.408233	0.000000	0.816504	0.408248	
0.408248	0.000000	0.000000	0.408248	0.816497	
0.000000	0.000000	0.408233	0.816504	0.408248	
0.000000	0.000000	0.000000	0.707107	0.707107	
0.408246	0.816498	0.408247	0.000000	0.000000	
0.000000	0.316235	0.000000	0.000000	0.948681	
0.000000	0.316231	0.948682	0.000000	0.000000	
0.000000	0.316224	0.000000	0.948684	0.000000	
0.408256	0.000000	0.408256	0.816489	0.000000	
0.000000	0.000000	0.816497	0.408248	0.408248	
0.816497	0.000000	0.000000	0.408248	0.408248	
0.000000	0.000000	0.000000	1.000000	0.000000	
0.316233	0.000000	0.000000	0.000000	0.948682	
0.000000	0.000000	0.000000	0.948683	0.316227	
0.707107	0.000000	0.000000	0.000000	0.707107	
0.408233	0.000000	0.000000	0.816504	0.408248	
0.316232	0.948682	0.000000	0.000000	0.000000	
0.000000	0.000000	0.316233	0.000000	0.948682	
1.000000	0.000000	0.000000	0.000000	0.000000	
0.816497	0.000000	0.408248	0.000000	0.408248	
0.000000	0.816497	0.000000	0.408248	0.408248	
0.210196	0.000000	0.000000	0.230492	0.961084	
0.288048	0.000000	0.914270	0.000000	0.308234	
0.000000	0.000000	0.113291	0.871427	0.477267	
0.514443	0.485110	0.000000	0.499976	0.500040	
0.000000	0.000000	0.948684	0.316226	0.000000	
0.000000	0.000000	0.814034	0.582066	0.000000	
0.000000	0.897073	0.441882	0.000000	0.000000	
0.097579	0.909686	0.000000	0.000000	0.409157	
0.816500	0.408262	0.408227	0.000000	0.000000	
0.948683	0.316228	0.000000	0.000000	0.000000	
0.311161	0.000000	0.957625	0.000000	0.001871	
0.000000	0.819584	0.403712	0.000000	0.406570	
0.003362	0.381978	0.007068	0.270148	0.922686	
0.611381	0.602620	0.000000	0.000000	0.515228	
0.948684	0.000000	0.000000	0.316226	0.000000	
0.814629	0.000000	0.411959	0.408251	0.000000	
0.001582	0.596395	0.699302	0.000000	0.394066	
0.000000	0.707074	0.006830	0.707107	0.000000	
0.000000	0.447547	0.000000	0.898809	0.000000	
0.221227	0.227240	0.951415	0.000000	0.000000	
0.002856	0.662770	0.676987	0.319584	0.016817	
0.913361	0.000000	0.407151	0.000000	0.000000	
0.000148	0.079879	0.079939	0.993321	0.025695	
0.904014	0.000001	0.000000	0.000000	0.427503	
0.402533	0.000000	0.000000	0.915657	0.000000	
0.000000	0.408233	0.000000	0.816504	0.408248	
0.000000	0.343612	0.624516	0.000000	0.709094	
0.448919	0.449876	0.000000	0.772064	0.000000	
0.643388	0.000000	0.000000	0.643389	0.414852	
0.831396	0.549906	0.000000	0.080606	0.000000	
