0.948682	0.000000	0.000000	0.000000	0.316231	
0.499991	0.499993	0.000000	0.499975	0.500040	
0.000000	1.000000	0.000000	0.000000	0.000000	
0.000000	0.000000	0.000000	0.948682	0.316231	
0.000000	0.316218	0.000000	0.948687	0.000000	
0.000000	0.707107	0.000000	0.707106	0.000000	
0.408232	0.000000	0.816505	0.000000	0.408248	
0.000000	0.408253	0.816493	0.408251	0.000000	
0.707107	0.707107	0.000000	0.000000	0.000000	
0.316224	0.000000	0.000000	0.948685	0.000000	
0.816495	0.000000	0.408248	0.408251	0.000000	
0.408265	0.408265	0.000000	0.816480	0.000000	
0.408248	0.000000	0.000000	0.408247	0.816497	
0.000000	0.408267	0.408267	0.816478	0.000000	
0.816490	0.408258	0.000000	0.408251	0.000000	
0.707107	0.000000	0.000000	0.707106	0.000000	
0.000000	0.000000	0.000000	0.707107	0.707107	
0.000000	0.000000	0.316241	0.000000	0.948679	
0.707107	0.000000	0.000000	0.000000	0.707107	
0.000000	0.000000	0.408309	0.816466	0.408248	
0.000000	0.707107	0.707106	0.000000	0.000000	
0.000000	0.816489	0.000000	0.408263	0.408248	
0.500001	0.500003	0.500048	0.499948	0.000000	
0.000000	0.408232	0.816505	0.000000	0.408248	
0.816500	0.408262	0.408227	0.000000	0.000000	
0.408309	0.000000	0.000000	0.816466	0.408248	
0.408806	0.816628	0.000000	0.408416	0.000000	
0.000000	0.000000	0.707107	0.000000	0.707107	
0.000000	0.000000	0.816498	0.408246	0.408248	
0.408267	0.000000	0.408267	0.816478	0.000000	
0.948683	0.316228	0.000000	0.000000	0.000000	
0.816492	0.408259	0.000000	0.000000	0.408248	
0.316220	0.000000	0.000000	0.000000	0.948686	
0.816497	0.000000	0.408248	0.000000	0.408248	
0.316231	0.000000	0.948682	0.000000	0.000000	
0.000000	0.000000	0.000000	0.000000	1.000000	
0.500035	0.500035	0.499886	0.000000	0.500044	
0.000000	0.316231	0.948682	0.000000	0.000000	
1.000000	0.000000	0.000000	0.000000	0.000000	
0.000000	0.816492	0.408257	0.000000	0.408248	
0.000000	0.000000	0.408248	0.408247	0.816497	
0.816498	0.000000	0.000000	0.408246	0.408248	
0.408289	0.816476	0.000000	0.000000	0.408248	
0.000000	0.000000	0.000000	1.000000	0.000000	
0.000000	0.000000	0.948682	0.000000	0.316231	
0.000000	0.948693	0.316198	0.000000	0.000000	
0.000000	0.000000	0.000000	0.316220	0.948686	
0.000000	0.408248	0.408247	0.000000	0.816497	
0.000000	0.000000	0.948684	0.316225	0.000000	
0.000000	0.499934	0.499933	0.500136	0.499998	
0.408242	0.816509	0.408229	0.000000	0.000000	
0.000000	0.408228	0.000000	0.816507	0.408248	
0.948684	0.000000	0.000000	0.316226	0.000000	
0.000000	0.707107	0.000000	0.000000	0.707107	
0.408248	0.000000	0.408247	0.000000	0.816497	
0.707107	0.000000	0.707107	0.000000	0.000000	
0.408268	0.408268	0.816477	0.000000	0.000000	
0.000000	0.000000	1.000000	0.000000	0.000000	
0.000000	0.816495	0.408249	0.408251	0.000000	
0.000000	0.000000	0.707107	0.707106	0.000000	
0.316232	0.948682	0.000000	0.000000	0.000000	
0.000000	0.948684	0.000000	0.316225	0.000000	
0.948690	0.000000	0.316208	0.000000	0.000000	
0.000000	0.316220	0.000000	0.000000	0.948686	
0.000000	0.948685	0.000000	0.000000	0.316222	
0.408248	0.408248	0.000000	0.000000	0.816497	
0.000000	0.000000	0.316188	0.948697	0.000000	
0.000000	0.408248	0.000000	0.408247	0.816497	
0.499934	0.000000	0.499933	0.500136	0.499998	
0.408253	0.000000	0.816493	0.408251	0.000000	
0.916707	0.001298	0.000000	0.410249	0.000000	
0.912880	0.000462	0.408229	0.000000	0.000000	
0.872879	0.392861	0.319038	0.000000	0.000000	
0.699657	0.699657	0.155942	0.000000	0.000000	
0.338269	0.000000	0.000000	0.000000	0.941049	
0.932500	0.368834	0.000000	0.000000	0.000000	
0.501073	0.501073	0.000000	0.000000	0.711582	
0.541270	0.541273	0.541321	0.347882	0.000000	
0.008342	0.915069	0.000000	0.000000	0.409248	
0.564163	0.564165	0.602858	0.000000	0.000000	
0.719133	0.000000	0.000000	0.488638	0.495528	
0.000000	0.000000	0.000000	0.367722	0.936469	
0.446949	0.893787	0.000000	0.000000	0.037164	
0.613483	0.611303	0.000000	0.499948	0.000000	
0.963637	0.007922	0.000000	0.000000	0.307874	
0.676462	0.000000	0.249119	0.504583	0.492115	
0.000000	0.000000	0.820716	0.410354	0.410357	
0.000000	0.818786	0.409404	0.000000	0.402465	
0.577588	0.000000	0.000000	0.000000	0.816834	
0.582203	0.582206	0.000000	0.274749	0.501189	
0.000000	0.000000	0.951972	0.317321	0.000000	
0.000000	0.010232	0.913453	0.000000	0.408534	
0.577378	0.000000	0.816477	0.000000	0.000000	
0.000000	0.447219	0.894425	0.000000	0.000000	
0.007364	0.430160	0.860488	0.000000	0.273266	
0.084665	0.224317	0.337799	0.414239	0.828481	
0.859852	0.000000	0.429926	0.000000	0.275352	
0.000000	0.408252	0.816491	0.408250	0.001931	
0.000000	0.701088	0.000000	0.000000	0.718001	
0.000000	0.961446	0.000000	0.317122	0.000000	
