0.000000	0.000000	0.331259	0.000000	0.943540	
0.000000	0.331259	0.000000	0.000000	0.943540	
0.707107	0.707107	0.000000	0.000000	0.000000	
0.816496	0.000000	0.408250	0.408248	0.000000	
0.948684	0.316227	0.000000	0.000000	0.000000	
0.316229	0.000000	0.000000	0.948683	0.000000	
0.000000	0.000000	0.000000	0.000000	1.000000	
0.000000	0.953393	0.000000	0.000000	0.301732	
0.000000	0.422359	0.000000	0.422358	0.802014	
0.000000	0.816496	0.408250	0.408248	0.000000	
0.422358	0.422358	0.000000	0.000000	0.802014	
0.948683	0.000000	0.000000	0.316228	0.000000	
0.331259	0.000000	0.000000	0.000000	0.943540	
0.000000	0.948683	0.000000	0.316228	0.000000	
0.000000	0.000000	1.000000	0.000000	0.000000	
0.000000	0.000000	0.000000	0.331259	0.943540	
0.000000	0.000000	0.823285	0.411643	0.390834	
0.823286	0.411642	0.000000	0.000000	0.390834	
0.000000	0.316226	0.948684	0.000000	0.000000	
0.408245	0.000000	0.816498	0.408248	0.000000	
0.000000	0.000000	0.000000	1.000000	0.000000	
0.000000	0.000000	0.953393	0.000000	0.301732	
0.816497	0.408247	0.000000	0.408248	0.000000	
0.408250	0.816496	0.408249	0.000000	0.000000	
0.500006	0.500006	0.500023	0.499966	0.000000	
0.000000	0.948683	0.316229	0.000000	0.000000	
0.000000	0.707107	0.000000	0.707106	0.000000	
0.000000	0.408251	0.408251	0.816494	0.000000	
0.948683	0.000000	0.316228	0.000000	0.000000	
0.506270	0.506270	0.506287	0.000000	0.480682	
0.000000	0.000000	0.000000	0.953393	0.301732	
0.000000	0.000000	0.725199	0.000000	0.688539	
0.725199	0.000000	0.000000	0.000000	0.688539	
0.000000	1.000000	0.000000	0.000000	0.000000	
0.411644	0.823285	0.000000	0.000000	0.390834	
0.000000	0.000000	0.000000	0.725199	0.688539	
0.000000	0.506276	0.506276	0.506274	0.480682	
0.000000	0.823285	0.000000	0.411643	0.390834	
0.411637	0.000000	0.000000	0.823289	0.390834	
0.000000	0.422358	0.422358	0.000000	0.802014	
0.707107	0.000000	0.707107	0.000000	0.000000	
0.000000	0.411640	0.823287	0.000000	0.390834	
0.316234	0.948681	0.000000	0.000000	0.000000	
0.506276	0.000000	0.506276	0.506274	0.480682	
0.422358	0.000000	0.422358	0.000000	0.802014	
0.408250	0.816496	0.000000	0.408248	0.000000	
0.000000	0.000000	0.948683	0.316228	0.000000	
0.000000	0.408245	0.816498	0.408248	0.000000	
0.506276	0.506276	0.000000	0.506274	0.480682	
0.000000	0.000000	0.411637	0.823289	0.390834	
0.707107	0.000000	0.000000	0.707106	0.000000	
0.000000	0.411637	0.000000	0.823289	0.390834	
0.408251	0.000000	0.408251	0.816494	0.000000	
0.816497	0.408247	0.408249	0.000000	0.000000	
0.408213	0.408213	0.816532	0.000000	0.000000	
0.316226	0.000000	0.948684	0.000000	0.000000	
0.000000	0.000000	0.422359	0.422358	0.802014	
0.823285	0.000000	0.000000	0.411643	0.390834	
1.000000	0.000000	0.000000	0.000000	0.000000	
0.000000	0.823285	0.411644	0.000000	0.390834	
0.000000	0.000000	0.707107	0.707106	0.000000	
0.000000	0.725199	0.000000	0.000000	0.688539	
0.422358	0.000000	0.000000	0.422358	0.802014	
0.408251	0.408250	0.000000	0.816494	0.000000	
0.000000	0.707107	0.707107	0.000000	0.000000	
0.000000	0.316229	0.000000	0.948683	0.000000	
0.000000	0.000000	0.316229	0.948683	0.000000	
0.823285	0.000000	0.411644	0.000000	0.390834	
0.953393	0.000000	0.000000	0.000000	0.301732	
0.411640	0.000000	0.823287	0.000000	0.390834	
0.000000	0.000000	0.823285	0.411643	0.390834	
0.408803	0.817603	0.000000	0.000000	0.405479	
0.282332	0.373584	0.000000	0.880277	0.127078	
0.494212	0.505733	0.500023	0.499966	0.000000	
0.010102	0.000000	0.999949	0.000000	0.000000	
0.000000	0.000000	0.678066	0.000991	0.736506	
0.713830	0.700319	0.000000	0.000000	0.000000	
0.002833	0.527571	0.849506	0.000000	0.000000	
0.068583	0.000000	0.000000	0.137169	0.988220	
0.017264	0.000000	0.902140	0.432805	0.000000	
0.893432	0.446715	0.031649	0.000000	0.034983	
0.529170	0.261461	0.406782	0.000000	0.705484	
0.569258	0.582639	0.576007	0.072963	0.000000	
0.546202	0.241757	0.000000	0.000932	0.802026	
0.000000	0.000000	0.567182	0.371164	0.736252	
0.408245	0.000000	0.816498	0.408248	0.000000	
0.000000	0.484854	0.000000	0.782410	0.390834	
0.000000	0.933999	0.000000	0.000000	0.358098	
0.009954	0.779927	0.551556	0.295725	0.000000	
0.531749	0.000000	0.531749	0.531747	0.389526	
0.046532	0.313279	0.949430	0.000000	0.000000	
0.681241	0.336599	0.523682	0.000000	0.391843	
0.329753	0.000000	0.031989	0.003709	0.943718	
0.000000	0.000000	0.720441	0.723828	0.000000	
0.578354	0.007203	0.000000	0.817972	0.000000	
0.450762	0.000000	0.399980	0.816356	0.000000	
0.426650	0.213324	0.879925	0.000000	0.000000	
0.000000	0.000000	0.213640	0.982705	0.000000	
0.918474	0.000000	0.000000	0.000000	0.396849	
0.612284	0.612284	0.015845	0.499966	0.000000	
