1.000000	0.000000	0.000000	0.000000	0.000000	
0.506270	0.506270	0.506287	0.000000	0.480682	
0.000000	0.823293	0.411628	0.000000	0.390834	
0.000000	0.000000	0.422361	0.422360	0.802012	
0.000000	0.000000	0.000000	1.000000	0.000000	
0.823285	0.000000	0.000000	0.411643	0.390834	
0.707107	0.000000	0.000000	0.707106	0.000000	
0.000000	0.408251	0.408251	0.816494	0.000000	
0.000000	0.316229	0.000000	0.948683	0.000000	
0.000000	0.000000	0.948683	0.316228	0.000000	
0.000000	0.000000	0.707107	0.707106	0.000000	
0.411637	0.000000	0.000000	0.823289	0.390834	
0.422361	0.422361	0.000000	0.000000	0.802012	
0.000000	0.000000	0.725199	0.000000	0.688539	
0.000000	0.707107	0.000000	0.707106	0.000000	
0.000000	0.707107	0.707107	0.000000	0.000000	
0.422361	0.000000	0.422361	0.000000	0.802012	
0.316226	0.000000	0.948684	0.000000	0.000000	
0.000000	0.000000	0.331259	0.000000	0.943540	
0.411640	0.000000	0.823287	0.000000	0.390834	
0.000000	0.823285	0.000000	0.411643	0.390834	
0.000000	0.000000	0.000000	0.331259	0.943540	
0.000000	0.422361	0.422361	0.000000	0.802012	
0.948683	0.000000	0.000000	0.316228	0.000000	
0.422361	0.000000	0.000000	0.422360	0.802012	
0.816497	0.408247	0.000000	0.408248	0.000000	
0.506277	0.506276	0.000000	0.506273	0.480682	
0.000000	0.000000	0.953393	0.000000	0.301731	
0.408247	0.816490	0.408263	0.000000	0.000000	
0.506277	0.000000	0.506277	0.506273	0.480682	
0.316229	0.000000	0.000000	0.948683	0.000000	
0.331259	0.000000	0.000000	0.000000	0.943540	
0.000000	0.948683	0.316230	0.000000	0.000000	
0.000000	0.000000	0.000000	0.725199	0.688539	
0.953393	0.000000	0.000000	0.000000	0.301731	
0.408251	0.000000	0.408251	0.816494	0.000000	
0.411644	0.823285	0.000000	0.000000	0.390834	
0.000000	0.725199	0.000000	0.000000	0.688539	
0.948684	0.316227	0.000000	0.000000	0.000000	
0.000000	0.816495	0.408251	0.408248	0.000000	
0.000000	0.408245	0.816498	0.408248	0.000000	
0.707107	0.707107	0.000000	0.000000	0.000000	
0.408251	0.408250	0.000000	0.816494	0.000000	
0.000000	0.953393	0.000000	0.000000	0.301731	
0.408250	0.816496	0.000000	0.408248	0.000000	
0.816496	0.000000	0.408250	0.408248	0.000000	
0.000000	0.422361	0.000000	0.422360	0.802012	
0.707107	0.000000	0.707107	0.000000	0.000000	
0.000000	0.000000	0.000000	0.953393	0.301731	
0.000000	0.000000	0.316229	0.948683	0.000000	
0.000000	0.000000	0.000000	0.000000	1.000000	
0.000000	0.000000	0.823285	0.411643	0.390834	
0.408213	0.408213	0.816532	0.000000	0.000000	
0.725199	0.000000	0.000000	0.000000	0.688539	
0.500006	0.500006	0.500023	0.499966	0.000000	
0.823285	0.000000	0.411644	0.000000	0.390834	
0.000000	0.000000	1.000000	0.000000	0.000000	
0.000000	0.331259	0.000000	0.000000	0.943540	
0.000000	0.000000	0.411637	0.823289	0.390834	
0.000000	1.000000	0.000000	0.000000	0.000000	
0.000000	0.411640	0.823287	0.000000	0.390834	
0.408245	0.000000	0.816498	0.408248	0.000000	
0.000000	0.316226	0.948684	0.000000	0.000000	
0.000000	0.411637	0.000000	0.823289	0.390834	
0.000000	0.506278	0.506278	0.506271	0.480682	
0.000000	0.948683	0.000000	0.316228	0.000000	
0.948683	0.000000	0.316230	0.000000	0.000000	
0.316186	0.948697	0.000000	0.000000	0.000000	
0.816497	0.408247	0.408249	0.000000	0.000000	
0.823286	0.411642	0.000000	0.000000	0.390834	
0.000000	0.000000	0.334248	0.496084	0.803036	
0.086215	0.000000	0.000000	0.043108	0.996553	
0.765978	0.452707	0.444880	0.000000	0.102063	
0.000485	0.716270	0.000000	0.506477	0.480875	
0.000000	0.316226	0.948684	0.000000	0.000000	
0.222593	0.229151	0.087529	0.003660	0.943540	
0.161050	0.935622	0.000000	0.316461	0.000000	
0.000000	0.422361	0.422361	0.000000	0.802012	
0.506277	0.506276	0.000000	0.506273	0.480682	
0.000000	0.506278	0.506278	0.506271	0.480682	
0.442490	0.884976	0.141148	0.054342	0.000000	
0.000000	0.252214	0.252214	0.937958	0.000000	
0.897813	0.000000	0.000000	0.448907	0.000000	
0.000000	0.000000	0.000000	0.331259	0.943540	
0.617113	0.617113	0.000000	0.503825	0.000000	
0.656895	0.000000	0.656895	0.404524	0.000000	
0.804676	0.000000	0.000000	0.402338	0.436601	
0.435413	0.003230	0.900763	0.000000	0.000000	
0.000000	0.000000	0.000000	1.003667	0.000000	
0.122488	0.291543	0.000000	0.948683	0.000000	
0.000000	0.000000	0.791223	0.000000	0.614428	
0.431998	0.379379	0.000000	0.818199	0.000000	
0.000000	0.000000	0.000000	0.954328	0.302027	
0.411155	0.000000	0.000000	0.822326	0.393359	
0.000000	0.136725	0.136725	0.567693	0.805249	
0.411514	0.823025	0.000000	0.023122	0.390834	
0.029807	0.000000	0.999556	0.000000	0.000000	
0.895504	0.446851	0.000000	0.000000	0.000000	
0.000000	0.634011	0.778944	0.000000	0.000402	
0.993250	0.000000	0.000000	0.115989	0.000000	
