0.000000	1.000000	0.000000	0.000000	0.000000	
0.000000	0.000000	0.411637	0.823289	0.390834	
0.000000	0.725199	0.000000	0.000000	0.688539	
0.000000	0.000000	0.823287	0.411641	0.390834	
0.506288	0.506287	0.506252	0.000000	0.480682	
0.408190	0.816513	0.408274	0.000000	0.000000	
0.000000	0.707107	0.000000	0.707106	0.000000	
0.000000	0.422361	0.000000	0.422360	0.802012	
0.411640	0.000000	0.823287	0.000000	0.390834	
0.948683	0.000000	0.316230	0.000000	0.000000	
0.506274	0.000000	0.506281	0.506267	0.480688	
0.408251	0.000000	0.408251	0.816494	0.000000	
0.948684	0.316227	0.000000	0.000000	0.000000	
0.411637	0.000000	0.000000	0.823289	0.390834	
0.000000	0.707107	0.707107	0.000000	0.000000	
0.000000	0.000000	0.000000	0.725199	0.688539	
0.000000	0.000000	0.000000	0.000000	1.000000	
0.000000	0.411671	0.823272	0.000000	0.390834	
0.000000	0.000000	0.948683	0.316228	0.000000	
0.707107	0.707107	0.000000	0.000000	0.000000	
0.000000	0.000000	0.000000	0.953393	0.301731	
0.422361	0.422361	0.000000	0.000000	0.802012	
0.000000	0.422361	0.422361	0.000000	0.802012	
0.000000	0.948685	0.316222	0.000000	0.000000	
0.000000	0.000000	0.000000	1.000000	0.000000	
0.816491	0.408244	0.408263	0.000000	0.000000	
0.000000	0.331258	0.000000	0.000000	0.943540	
0.000000	0.816488	0.408265	0.408248	0.000000	
1.000000	0.000000	0.000000	0.000000	0.000000	
0.707107	0.000000	0.707107	0.000000	0.000000	
0.411682	0.823266	0.000000	0.000000	0.390834	
0.000000	0.411637	0.000000	0.823289	0.390834	
0.953393	0.000000	0.000000	0.000000	0.301731	
0.000000	0.000000	0.707107	0.707106	0.000000	
0.000000	0.000000	0.000000	0.331259	0.943540	
0.000000	0.316226	0.948684	0.000000	0.000000	
0.408245	0.000000	0.816498	0.408248	0.000000	
0.422361	0.000000	0.422361	0.000000	0.802012	
0.948683	0.000000	0.000000	0.316228	0.000000	
0.316186	0.948697	0.000000	0.000000	0.000000	
0.506259	0.506258	0.000000	0.506310	0.480682	
0.408279	0.816481	0.000000	0.408248	0.000000	
0.331259	0.000000	0.000000	0.000000	0.943540	
0.000000	0.316231	0.000000	0.948682	0.000000	
0.000000	0.000000	0.331258	0.000000	0.943540	
0.816497	0.408247	0.000000	0.408248	0.000000	
0.000000	0.000000	0.725199	0.000000	0.688539	
0.000000	0.000000	0.422361	0.422360	0.802012	
0.000000	0.000000	0.953393	0.000000	0.301731	
0.000000	0.948683	0.000000	0.316228	0.000000	
0.316229	0.000000	0.000000	0.948683	0.000000	
0.422361	0.000000	0.000000	0.422360	0.802012	
0.000000	0.000000	1.000000	0.000000	0.000000	
0.725199	0.000000	0.000000	0.000000	0.688539	
0.000000	0.408245	0.816498	0.408248	0.000000	
0.500021	0.500021	0.499993	0.499966	0.000000	
0.000000	0.408251	0.408251	0.816494	0.000000	
0.000000	0.823277	0.411660	0.000000	0.390834	
0.000000	0.000000	0.316229	0.948683	0.000000	
0.823285	0.000000	0.000000	0.411644	0.390834	
0.823286	0.411642	0.000000	0.000000	0.390834	
0.823277	0.000000	0.411660	0.000000	0.390834	
0.408251	0.408250	0.000000	0.816494	0.000000	
0.816488	0.000000	0.408265	0.408248	0.000000	
0.000000	0.953391	0.000000	0.000000	0.301738	
0.707107	0.000000	0.000000	0.707106	0.000000	
0.000000	0.823287	0.000000	0.411641	0.390834	
0.000000	0.506258	0.506258	0.506311	0.480681	
0.316226	0.000000	0.948684	0.000000	0.000000	
0.408213	0.408213	0.816532	0.000000	0.000000	
0.999468	0.000111	0.000019	0.000000	0.047984	
0.683084	0.730340	0.000000	0.000000	0.000000	
0.034420	0.602203	0.000000	0.397460	0.694937	
0.000821	0.026412	0.999651	0.000000	0.000000	
0.000000	0.000000	0.857437	0.409741	0.324589	
0.573596	0.284666	0.000000	0.105923	0.760871	
0.000000	0.981678	0.190549	0.000000	0.000000	
0.746436	0.330684	0.408501	0.408262	0.000000	
0.000000	0.000000	0.685781	0.000000	0.727807	
0.303576	0.902667	0.000000	0.000000	0.308319	
0.000000	0.000000	0.000000	1.000000	0.000000	
0.456139	0.792213	0.000000	0.405384	0.000000	
0.440576	0.897715	0.000000	0.000000	0.000000	
0.984467	0.000000	0.208079	0.000000	0.000000	
0.000000	0.531720	0.000000	0.000000	0.846920	
0.761673	0.000000	0.647883	0.010086	0.000000	
0.402861	0.000000	0.000000	0.915261	0.000000	
0.376145	0.379944	0.027150	0.535330	0.653345	
0.050208	0.267679	0.272350	0.797137	0.485302	
0.000000	0.443723	0.896164	0.000000	0.000000	
0.000000	0.000000	0.000000	0.000000	1.000000	
0.000000	0.000000	0.948683	0.316228	0.000000	
0.000000	0.342966	0.000000	0.685944	0.644386	
0.000000	0.000000	0.953427	0.000000	0.301742	
0.628863	0.328506	0.000786	0.709496	0.000000	
0.843062	0.459691	0.000000	0.320082	0.000000	
0.460308	0.105434	0.212438	0.517812	0.681182	
0.975848	0.000000	0.000000	0.000000	0.223180	
0.712366	0.000000	0.000000	0.702328	0.013100	
0.000000	0.000000	0.305566	0.952171	0.000000	
