0.424931	1.401384	0.000000	0.000000	0.000000	
0.832941	0.000000	0.000000	0.000000	1.088200	
0.528011	0.826629	0.609632	0.000000	0.323644	
0.023735	1.238815	0.000000	0.000000	0.000000	
1.383422	0.000000	0.000000	0.000000	0.588045	
1.055176	0.384026	0.000000	0.000000	0.000000	
1.103260	0.611450	0.000000	0.000000	0.509278	
0.432551	0.020352	0.000000	0.000000	1.290008	
0.081692	0.779497	0.000000	0.000000	0.985797	
0.110646	0.364901	0.000000	0.000000	1.095339	
0.349222	0.889899	0.000000	0.000000	0.672590	
0.005648	1.420797	0.000000	0.000000	0.446027	
0.447080	0.302969	0.000075	0.000000	1.036982	
0.003357	0.000001	0.000000	0.000000	1.380564	
1.216578	0.000000	0.000000	0.000000	0.000000	
0.813163	0.084241	0.000000	0.000000	1.028247	
1.157655	0.000000	0.212064	0.000000	0.000000	
1.203807	0.000000	0.000000	0.000000	0.000000	
1.016103	0.000000	0.434343	0.000000	0.000000	
0.805464	0.848706	0.000000	0.000000	0.000000	
1.120915	1.053947	0.000000	0.000000	0.000211	
0.840999	0.000000	0.000000	0.000000	1.098727	
1.087946	0.000000	0.000000	0.000000	0.362357	
0.117497	0.982170	0.000000	0.000000	0.801775	
0.460696	1.304335	0.000000	0.000000	0.387656	
0.004576	1.151137	0.000000	0.000000	0.348660	
0.465787	1.480661	0.000000	0.000000	0.000000	
1.235195	0.000000	0.000000	0.000000	0.000000	
0.188941	0.000000	0.000000	0.000000	1.711123	
0.036481	1.394327	0.000000	0.000000	0.000000	
1.391458	0.000000	0.254893	0.000000	0.000000	
0.030279	0.573907	0.000000	0.000000	1.218516	
0.462867	0.313667	0.000028	0.000000	1.073599	
0.356793	0.241784	0.000000	0.000000	1.197763	
1.114399	0.617624	0.000000	0.000000	0.514420	
1.031140	0.639141	0.000000	0.000000	0.007922	
0.211359	0.000000	0.000000	0.000000	1.259959	
1.260518	0.000000	0.230907	0.000000	0.000000	
0.209624	0.956824	0.000000	0.000000	0.558127	
0.056875	1.198989	0.000000	0.000000	0.000000	
0.167456	0.000000	0.000000	0.000000	1.516543	
0.625436	0.332855	0.000000	0.000000	1.233709	
1.037772	0.544132	0.000000	0.000000	0.000000	
0.707284	1.120966	0.000000	0.000000	0.000000	
1.142546	0.633223	0.000000	0.000000	0.527413	
0.431357	1.099199	0.000000	0.000000	0.000000	
0.016916	0.606949	0.000000	0.000000	1.140601	
0.230653	0.750611	0.000000	0.000000	0.987664	
0.060817	1.282105	0.000000	0.000000	0.370915	
1.196000	0.000000	0.000000	0.000000	0.000000	
0.904164	0.000000	0.000000	0.000000	0.920258	
1.137718	0.000000	0.000000	0.000000	0.648993	
0.315792	1.041455	0.000000	0.000000	1.087114	
1.335949	0.209621	0.000000	0.000000	0.000000	
0.058565	1.254934	0.000000	0.000000	0.000849	
1.137718	0.000000	0.000000	0.000000	0.648993	
0.006659	0.274152	0.022511	0.000000	1.479286	
0.316937	1.251635	0.000000	0.000000	0.000000	
0.300864	0.936474	0.000000	0.000000	0.797271	
1.260518	0.000000	0.230907	0.000000	0.000000	
0.434734	0.294602	0.000000	0.000000	1.169117	
0.004031	0.000000	0.000000	0.000000	1.657815	
0.157716	0.132155	0.000029	0.000000	1.106222	
1.052436	0.550475	0.000000	0.000000	0.000000	
1.337228	0.019185	0.000000	0.000000	1.032001	
0.808630	0.823472	0.000000	0.000000	0.000000	
1.000798	0.613254	0.000000	0.000000	0.376374	
1.240263	0.000000	0.000000	0.000000	0.000000	
1.266133	0.704357	0.000000	0.000000	0.406029	
0.988214	0.518148	0.000000	0.000000	0.000000	
0.554584	0.000000	0.000000	0.000000	1.032614	
0.459049	1.299672	0.000000	0.000000	0.386270	
0.316457	1.043646	0.000000	0.000000	1.089402	
0.169382	1.126190	0.000000	0.000000	0.006936	
0.898688	0.841813	0.000000	0.000000	0.000000	
0.196051	0.132856	0.000000	0.000000	1.239507	
0.016252	0.669036	0.000004	0.000000	1.285000	
0.051409	1.290547	0.000000	0.000000	0.000000	
1.310186	0.288615	0.000000	0.000000	0.699435	
0.420513	0.284965	0.000000	0.000000	1.130871	
0.003392	0.000001	0.000000	0.000000	1.394956	
0.787477	0.381625	0.000000	0.000000	0.876015	
1.243232	0.000000	0.000000	0.000000	0.000000	
0.063232	1.333001	0.000000	0.000000	0.000000	
0.081692	0.779497	0.000000	0.000000	0.985797	
1.298120	0.124236	0.000000	0.000000	0.744893	
0.447815	0.303467	0.000027	0.000000	1.041537	
0.498707	0.142950	0.000000	0.000000	0.997863	
0.018105	0.687581	0.000000	0.000000	1.159537	
0.314268	1.241095	0.000000	0.000000	0.000000	
0.612458	0.958836	0.000000	0.000000	0.318842	
0.940686	0.991188	0.000000	0.000000	0.000000	
1.396043	0.461891	0.000000	0.000000	0.280682	
0.006932	0.000000	0.000000	0.000000	1.297993	
0.799700	0.749089	0.000000	0.000000	0.442406	
0.472395	0.127860	0.000000	0.000000	1.089508	
1.081793	0.433794	0.000000	0.000000	0.739298	
0.003657	0.000008	0.000000	0.000000	1.503982	
1.358369	0.000000	0.000000	0.000000	0.000000	
0.315792	1.041455	0.000000	0.000000	1.087114	
