0.000000	0.422358	0.422364	0.000000	0.802011	
0.411682	0.823266	0.000000	0.000000	0.390834	
0.816502	0.000000	0.408272	0.408214	0.000000	
0.000000	0.000000	0.000000	0.953389	0.301743	
0.422358	0.000000	0.422364	0.000000	0.802011	
0.000000	0.000000	0.953389	0.000000	0.301743	
0.707107	0.000000	0.707107	0.000000	0.000000	
0.408204	0.816539	0.000000	0.408207	0.000000	
0.500140	0.500150	0.499744	0.499966	0.000000	
0.948700	0.316178	0.000000	0.000000	0.000000	
0.422361	0.422361	0.000000	0.000000	0.802011	
0.000000	0.000000	0.422361	0.422361	0.802011	
0.408213	0.408213	0.816532	0.000000	0.000000	
0.000000	0.000000	0.000000	0.331255	0.943541	
0.816490	0.408234	0.000000	0.408275	0.000000	
0.823287	0.000000	0.000000	0.411640	0.390834	
0.000000	0.422353	0.000000	0.422353	0.802020	
0.948683	0.000000	0.316230	0.000000	0.000000	
0.316229	0.000000	0.000000	0.948683	0.000000	
0.823277	0.000000	0.411660	0.000000	0.390834	
0.000000	0.000000	0.316231	0.948682	0.000000	
0.000000	0.725212	0.000000	0.000000	0.688525	
0.411637	0.000000	0.000000	0.823289	0.390834	
0.408306	0.816494	0.408195	0.000000	0.000000	
0.411677	0.000000	0.823269	0.000000	0.390834	
0.000000	0.707107	0.000000	0.707106	0.000000	
0.000000	0.316231	0.000000	0.948682	0.000000	
0.000000	0.411636	0.000000	0.823289	0.390834	
1.000000	0.000000	0.000000	0.000000	0.000000	
0.000000	0.823287	0.000000	0.411640	0.390834	
0.000000	0.707102	0.707112	0.000000	0.000000	
0.316186	0.948697	0.000000	0.000000	0.000000	
0.000000	0.000000	0.725211	0.000000	0.688527	
0.331258	0.000000	0.000000	0.000000	0.943540	
0.408217	0.000000	0.816527	0.408219	0.000000	
0.000000	1.000000	0.000000	0.000000	0.000000	
0.000000	0.408248	0.408253	0.816494	0.000000	
0.000000	0.000000	0.948683	0.316228	0.000000	
0.408250	0.408251	0.000000	0.816494	0.000000	
0.707107	0.707106	0.000000	0.000000	0.000000	
0.707107	0.000000	0.000000	0.707106	0.000000	
0.000000	0.506239	0.506245	0.506332	0.480693	
0.506246	0.506245	0.000000	0.506326	0.480693	
0.000000	0.411677	0.823269	0.000000	0.390834	
0.823289	0.411637	0.000000	0.000000	0.390834	
0.000000	0.000000	0.707107	0.707106	0.000000	
0.506280	0.506291	0.506250	0.000000	0.480688	
0.000000	0.316137	0.948713	0.000000	0.000000	
0.506243	0.000000	0.506249	0.506326	0.480691	
0.000000	0.948685	0.316222	0.000000	0.000000	
0.000000	0.816502	0.408272	0.408214	0.000000	
0.316289	0.000000	0.948663	0.000000	0.000000	
0.000000	0.948683	0.000000	0.316228	0.000000	
0.000000	0.331258	0.000000	0.000000	0.943540	
0.725199	0.000000	0.000000	0.000000	0.688540	
0.000000	0.953389	0.000000	0.000000	0.301743	
0.953389	0.000000	0.000000	0.000000	0.301743	
0.000000	0.000000	0.331256	0.000000	0.943541	
0.000000	0.823277	0.411660	0.000000	0.390834	
0.000000	0.000000	0.823323	0.411659	0.390851	
0.422361	0.000000	0.000000	0.422361	0.802012	
0.000000	0.000000	0.000000	0.000000	1.000000	
0.000000	0.000000	0.000000	0.725198	0.688540	
0.816489	0.408247	0.408264	0.000000	0.000000	
0.408248	0.000000	0.408253	0.816494	0.000000	
0.000000	0.000000	1.000000	0.000000	0.000000	
0.000000	0.408217	0.816527	0.408219	0.000000	
0.000000	0.000000	0.000000	1.000000	0.000000	
0.000000	0.000000	0.411637	0.823289	0.390834	
0.948683	0.000000	0.000000	0.316228	0.000000	
0.779177	0.000000	0.000000	0.626804	0.000000	
0.232019	0.000000	0.000000	0.232019	0.944635	
0.355793	0.213803	0.594692	0.000000	0.688546	
0.918017	0.000000	0.029733	0.032158	0.401860	
0.000033	0.004221	0.988257	0.159374	0.000196	
0.000000	0.947219	0.000000	0.331083	0.000000	
0.000000	0.332402	0.000000	0.000000	0.946798	
0.000000	0.000000	0.000000	0.725198	0.688540	
0.000000	0.308804	0.974401	0.000000	0.000145	
0.447723	0.000000	0.364528	0.816494	0.000000	
0.000000	0.000000	0.000000	0.331255	0.943541	
0.594028	0.007265	0.804412	0.000000	0.000000	
0.912674	0.000000	0.408688	0.000000	0.000000	
0.002259	0.099438	0.000000	0.948187	0.301743	
0.000000	0.404647	0.412059	0.816733	0.000000	
0.027156	0.999631	0.000000	0.000000	0.000000	
0.679331	0.662644	0.316325	0.000000	0.020384	
0.209601	0.617015	0.654516	0.000000	0.392165	
0.564372	0.546734	0.000000	0.620955	0.000000	
0.000000	0.419986	0.419991	0.000000	0.804499	
0.000000	0.707102	0.707112	0.000000	0.000000	
0.000000	0.000000	0.707117	0.707115	0.000000	
0.424742	0.000000	0.067572	0.813804	0.390834	
0.000000	0.597415	0.000000	0.003598	0.802192	
0.505537	0.505547	0.505136	0.493417	0.000000	
0.794020	0.264627	0.000000	0.547271	0.000000	
0.414008	0.000000	0.827931	0.000000	0.382510	
0.000000	0.911455	0.455751	0.000006	0.000000	
0.257514	0.668023	0.000000	0.506326	0.480693	
0.000000	0.180452	0.569399	0.000000	0.802011	
