0.316186	0.948697	0.000000	0.000000	0.000000	
0.408247	0.816490	0.408263	0.000000	0.000000	
0.816497	0.408247	0.000000	0.408248	0.000000	
0.000000	0.000000	0.000000	0.331259	0.943540	
0.000000	0.422361	0.422361	0.000000	0.802012	
0.707107	0.000000	0.000000	0.707106	0.000000	
0.725199	0.000000	0.000000	0.000000	0.688539	
0.408213	0.408213	0.816532	0.000000	0.000000	
0.408251	0.408250	0.000000	0.816494	0.000000	
0.411640	0.000000	0.823287	0.000000	0.390834	
0.000000	0.000000	1.000000	0.000000	0.000000	
0.000000	0.707107	0.707107	0.000000	0.000000	
0.000000	0.000000	0.725199	0.000000	0.688539	
0.816496	0.000000	0.408250	0.408248	0.000000	
0.000000	0.000000	0.953393	0.000000	0.301731	
0.948683	0.000000	0.000000	0.316228	0.000000	
0.408245	0.000000	0.816498	0.408248	0.000000	
0.000000	0.823285	0.000000	0.411643	0.390834	
0.000000	0.000000	0.411637	0.823289	0.390834	
0.000000	0.823285	0.411644	0.000000	0.390834	
0.000000	0.316226	0.948684	0.000000	0.000000	
0.000000	0.000000	0.707107	0.707106	0.000000	
0.000000	0.408251	0.408251	0.816494	0.000000	
0.331259	0.000000	0.000000	0.000000	0.943540	
0.422361	0.000000	0.422361	0.000000	0.802012	
0.408251	0.000000	0.408251	0.816494	0.000000	
0.000000	0.000000	0.823285	0.411643	0.390834	
0.000000	0.000000	0.948683	0.316228	0.000000	
0.000000	0.316229	0.000000	0.948683	0.000000	
0.000000	0.707107	0.000000	0.707106	0.000000	
0.408250	0.816496	0.000000	0.408248	0.000000	
0.000000	0.948683	0.000000	0.316228	0.000000	
0.411637	0.000000	0.000000	0.823289	0.390834	
0.000000	0.000000	0.422361	0.422360	0.802012	
1.000000	0.000000	0.000000	0.000000	0.000000	
0.000000	0.506278	0.506278	0.506271	0.480682	
0.000000	0.953393	0.000000	0.000000	0.301731	
0.422361	0.000000	0.000000	0.422360	0.802012	
0.000000	0.000000	0.316229	0.948683	0.000000	
0.953393	0.000000	0.000000	0.000000	0.301731	
0.000000	0.816495	0.408251	0.408248	0.000000	
0.000000	0.331259	0.000000	0.000000	0.943540	
0.000000	0.000000	0.000000	1.000000	0.000000	
0.816497	0.408247	0.408249	0.000000	0.000000	
0.823286	0.411642	0.000000	0.000000	0.390834	
0.000000	0.411637	0.000000	0.823289	0.390834	
0.000000	0.408245	0.816498	0.408248	0.000000	
0.707107	0.707107	0.000000	0.000000	0.000000	
0.823285	0.000000	0.000000	0.411643	0.390834	
0.948683	0.000000	0.316230	0.000000	0.000000	
0.316226	0.000000	0.948684	0.000000	0.000000	
0.000000	0.948683	0.316230	0.000000	0.000000	
0.422361	0.422361	0.000000	0.000000	0.802012	
0.500006	0.500006	0.500023	0.499966	0.000000	
0.000000	0.000000	0.000000	0.725199	0.688539	
0.000000	0.422361	0.000000	0.422360	0.802012	
0.000000	0.411640	0.823287	0.000000	0.390834	
0.000000	0.000000	0.000000	0.000000	1.000000	
0.000000	1.000000	0.000000	0.000000	0.000000	
0.000000	0.000000	0.000000	0.953393	0.301731	
0.000000	0.000000	0.331259	0.000000	0.943540	
0.506277	0.506276	0.000000	0.506273	0.480682	
0.000000	0.725199	0.000000	0.000000	0.688539	
0.707107	0.000000	0.707107	0.000000	0.000000	
0.316229	0.000000	0.000000	0.948683	0.000000	
0.506270	0.506270	0.506287	0.000000	0.480682	
0.823285	0.000000	0.411644	0.000000	0.390834	
0.506276	0.000000	0.506276	0.506274	0.480682	
0.411644	0.823285	0.000000	0.000000	0.390834	
0.948684	0.316227	0.000000	0.000000	0.000000	
0.000000	0.268177	0.533722	0.000000	0.802012	
0.000000	0.312364	0.949962	0.000000	0.000000	
0.834336	0.321521	0.447782	0.000000	0.000000	
0.000000	0.000000	0.953393	0.000000	0.301731	
0.016385	0.000000	0.894277	0.447214	0.000000	
0.000000	0.999647	0.000000	0.026585	0.000000	
0.617691	0.351711	0.710805	0.000000	0.000000	
0.000000	0.950361	0.312489	0.000000	0.000000	
0.000000	0.000000	0.000000	0.296453	0.961515	
0.013588	0.013588	0.667328	0.000000	0.744516	
0.017961	0.407855	0.408251	0.816494	0.000000	
0.497965	0.002161	0.499567	0.708843	0.000000	
0.491650	0.725514	0.271717	0.410346	0.000000	
0.767333	0.306306	0.405740	0.000000	0.390834	
0.847554	0.000000	0.339170	0.408261	0.000000	
0.527590	0.700563	0.000000	0.000000	0.486807	
0.700284	0.000000	0.247320	0.252165	0.621122	
0.000000	0.411643	0.000000	0.823300	0.390803	
0.998074	0.049477	0.000000	0.045401	0.000000	
0.048995	0.321010	0.005933	0.946689	0.000000	
0.368150	0.596000	0.495371	0.000000	0.519811	
0.032135	0.774805	0.018361	0.012287	0.635420	
0.403921	0.000000	0.201483	0.636429	0.625469	
0.002609	0.389838	0.770535	0.504363	0.000000	
0.912871	0.000000	0.000000	0.408248	0.000000	
0.000000	0.081078	0.162157	0.983428	0.000000	
0.953393	0.000000	0.000000	0.000000	0.301731	
0.410696	0.112532	0.851676	0.321350	0.000002	
0.000000	0.009231	0.763859	0.548658	0.399354	
0.205099	0.205099	0.957010	0.000000	0.000000	
