0.000000	0.000000	0.000000	1.000094	0.000000	
0.410122	0.405627	0.817361	0.000000	0.000000	
0.706870	0.000000	0.707464	0.000000	0.000000	
0.000162	0.000000	0.336525	0.000000	0.942478	
0.000022	0.409625	0.000000	0.824930	0.389755	
0.000353	0.000000	0.726216	0.000000	0.687544	
0.949228	0.314993	0.000000	0.000000	0.000000	
0.000005	0.000197	0.409426	0.824969	0.389994	
0.000007	0.000144	0.423625	0.423834	0.801324	
0.000059	0.823355	0.000000	0.409660	0.393861	
0.954332	0.000000	0.000000	0.000000	0.302627	
0.000001	0.948855	0.316430	0.000000	0.000000	
0.000000	0.000000	1.003944	0.000000	0.000000	
0.000005	0.510998	0.517448	0.498599	0.472834	
0.725789	0.000000	0.000000	0.000000	0.688362	
0.000207	0.000000	0.000145	0.724668	0.689318	
0.000294	0.409675	0.408727	0.816186	0.000000	
0.000005	0.424071	0.000000	0.422462	0.801552	
0.508746	0.000000	0.509135	0.504756	0.478426	
0.000021	0.409272	0.825156	0.000000	0.389817	
0.417412	0.000000	0.837452	0.000000	0.397147	
0.000000	0.000000	0.316462	0.950485	0.000053	
0.824697	0.000000	0.000000	0.410804	0.390644	
0.000012	0.726294	0.000000	0.000000	0.688173	
0.000019	0.814494	0.410607	0.410474	0.000000	
0.408730	0.407749	0.000000	0.817192	0.000000	
0.948821	0.000000	0.000000	0.316363	0.000000	
0.000041	0.000000	0.000053	0.329880	0.944113	
0.410301	0.000000	0.000000	0.824523	0.390483	
0.000005	0.948802	0.000000	0.316439	0.000000	
0.409494	0.815655	0.000000	0.409694	0.000000	
0.408961	0.000000	0.409271	0.816016	0.000000	
0.000003	0.706928	0.707445	0.000000	0.000000	
0.000123	0.000000	0.953168	0.000000	0.303118	
0.405497	0.816566	0.411209	0.000000	0.000000	
0.425395	0.424773	0.000000	0.000000	0.802452	
0.824574	0.409521	0.000000	0.000000	0.390863	
0.000003	0.707050	0.000000	0.707375	0.000000	
0.000006	0.331394	0.000000	0.000000	0.943654	
0.817111	0.000000	0.409380	0.407396	0.000000	
0.000000	0.000000	0.000000	0.953930	0.301228	
0.710792	0.709084	0.000000	0.000000	0.000000	
0.422093	0.000000	0.422448	0.000000	0.802887	
0.000000	0.408020	0.816781	0.408196	0.000000	
0.817901	0.408408	0.000000	0.408417	0.000000	
0.000053	0.821871	0.414425	0.000000	0.392386	
0.500027	0.494546	0.500231	0.505900	0.000000	
0.316597	0.000000	0.948627	0.000000	0.000000	
0.000000	0.000001	0.823868	0.411430	0.390448	
0.000000	1.000174	0.000000	0.000000	0.000000	
0.000001	0.316589	0.948605	0.000000	0.000000	
0.415407	0.822254	0.000000	0.000000	0.392808	
0.502609	0.516425	0.503805	0.000000	0.478761	
0.316474	0.948766	0.000000	0.000000	0.000000	
1.001125	0.000000	0.000000	0.000000	0.000000	
0.000000	0.000000	0.000000	0.000000	1.000441	
0.316223	0.000000	0.000000	0.949766	0.000000	
0.000218	0.422121	0.422476	0.000000	0.802941	
0.331425	0.000000	0.000000	0.000000	0.943742	
0.000001	0.000000	0.949245	0.315642	0.000000	
0.000002	0.315021	0.000000	0.949146	0.000000	
0.507590	0.506173	0.000000	0.508819	0.478943	
0.000000	0.000000	0.708086	0.706309	0.000032	
0.423721	0.000000	0.000000	0.422113	0.801645	
0.408215	0.000000	0.817171	0.407844	0.000000	
0.817717	0.407072	0.409066	0.000000	0.000000	
0.821834	0.000000	0.414104	0.000000	0.392247	
0.706984	0.000000	0.000000	0.707341	0.000000	
0.948817	0.000000	0.316258	0.000000	0.000000	
0.000027	0.953778	0.000000	0.000000	0.301064	
0.422911	0.000000	0.854438	0.000000	0.303182	
0.707887	0.609026	0.000000	0.358120	0.000000	
0.000005	0.948941	0.000000	0.316485	0.000000	
0.338246	0.000000	0.011604	0.000000	0.947855	
0.489252	0.529971	0.504254	0.000000	0.477390	
0.115838	0.001568	0.566541	0.816617	0.000015	
0.000000	0.000016	0.033639	0.209620	0.977354	
0.760171	0.654009	0.000000	0.000000	0.010601	
0.000005	0.000196	0.409044	0.824200	0.392057	
0.627492	0.000000	0.716517	0.316420	0.000577	
0.052682	0.706802	0.709281	0.000000	0.000000	
0.000000	0.000000	0.000000	0.000000	1.003663	
0.238382	0.520044	0.330244	0.466335	0.588814	
0.000016	0.980865	0.000000	0.000000	0.206820	
0.446295	0.000000	0.000000	0.895286	0.000000	
1.000159	0.000000	0.000000	0.001281	0.000000	
0.352911	0.000000	0.295108	0.403201	0.819911	
0.716737	0.012641	0.000000	0.508825	0.478949	
0.968492	0.034550	0.000000	0.000000	0.249561	
0.000006	0.489281	0.000000	0.345508	0.802068	
0.000006	0.080525	0.820990	0.412109	0.390954	
0.012165	0.308323	0.956569	0.000253	0.007667	
0.000006	0.089519	0.912691	0.458139	0.000046	
0.949029	0.000000	0.000000	0.316433	0.000215	
0.452159	0.892118	0.000000	0.000000	0.000000	
0.839416	0.000709	0.422961	0.000000	0.400703	
0.415407	0.822254	0.000000	0.000000	0.392808	
0.591546	0.000000	0.590176	0.549739	0.000000	
0.000006	0.580733	0.588063	0.566641	0.000000	
0.878458	0.379881	0.000000	0.000000	0.292465	
