0.188793	0.609374	0.000029	7.400874	
0.197676	0.000084	0.634766	7.169847	
0.000093	0.301664	0.149669	7.314227	
0.000092	0.781438	0.198369	6.156205	
0.216041	0.668268	0.215177	6.509983	
0.784178	0.204948	0.000386	6.160706	
0.001558	0.000283	0.719555	6.947772	
0.258395	0.621393	0.765020	5.884229	
0.001061	0.729712	0.000198	6.862840	
0.859743	0.740938	0.880310	3.414070	
0.000787	0.636225	0.000745	7.567011	
0.722504	0.000497	0.000008	6.918337	
0.000598	0.139006	0.135945	7.460406	
0.230839	0.218997	0.660619	6.576933	
0.606631	0.796491	0.298817	5.782509	
0.178434	0.000994	0.291248	7.242854	
0.633139	0.643885	0.269757	6.801084	
0.734035	0.867905	0.864647	3.450565	
0.002547	0.149858	0.306583	7.374297	
0.124660	0.000004	0.000033	7.762949	
0.699237	0.335643	0.001656	6.772530	
0.799169	0.894886	0.005362	4.794304	
0.312183	0.014828	0.158264	7.293701	
0.149263	0.152279	0.150553	7.101195	
0.000019	0.000469	0.290295	7.599733	
0.890599	0.017814	0.012043	6.311949	
0.635863	0.647652	0.647310	6.484261	
0.778075	0.001196	0.201367	6.153916	
0.628073	0.000288	0.000008	7.654818	
0.253630	0.809509	0.597074	5.742013	
0.756939	0.130467	0.629375	6.151279	
0.734025	0.000522	0.739675	5.623291	
0.000003	0.308913	0.305345	7.295214	
0.000101	0.280022	0.000004	7.603887	
0.670875	0.698191	0.912075	4.886756	
0.893437	0.805611	0.018193	4.748292	
0.132734	0.140626	0.000092	7.464498	
0.890765	0.631727	0.033798	5.897836	
0.001190	0.000221	0.121989	7.765492	
0.699836	0.000006	0.543587	7.044286	
0.057043	0.595546	0.891434	6.051919	
0.003403	0.000001	0.581482	7.837937	
0.000919	0.903385	0.796602	4.836665	
0.031186	0.895015	0.009628	6.306821	
0.635863	0.282691	0.646849	6.689669	
0.213615	0.867905	0.225111	5.488182	
0.002247	0.197872	0.785649	6.122335	
0.585537	0.193285	0.838634	5.790895	
0.266323	0.819798	0.792169	4.420571	
0.239879	0.627288	0.643884	6.722523	
0.314489	0.186875	0.196999	6.874669	
0.157992	0.278893	0.000447	7.269447	
0.585667	0.000405	0.778588	6.451888	
0.000021	0.745233	0.739338	5.644802	
0.000003	0.127415	0.000095	7.753943	
0.610354	0.000001	0.193780	7.365954	
0.135916	0.000178	0.136342	7.467506	
0.002207	0.187573	0.625539	7.238190	
0.000014	0.610044	0.196494	7.317091	
0.203677	0.780575	0.000217	6.138294	
0.804297	0.822568	0.257229	4.357032	
0.000019	0.435983	0.727649	7.006536	
0.780167	0.056676	0.891417	4.803745	
0.818309	0.264614	0.798906	4.395643	
0.000000	0.000000	0.000000	8.019317	
0.906808	0.011450	0.816076	4.762784	
0.735176	0.742642	0.000294	5.603874	
0.336243	0.680986	0.000287	6.907018	
0.193443	0.001827	0.779246	6.159034	
0.861646	0.865775	0.734089	3.446525	
0.000003	0.714322	0.368337	6.731047	
0.873535	0.224988	0.215879	5.490039	
0.148841	0.290357	0.184201	6.940567	
0.280493	0.000283	0.000323	7.586183	
0.663986	0.226240	0.205586	6.541215	
0.225211	0.222126	0.870382	5.481485	
0.298645	0.165735	0.000057	7.274336	
0.006514	0.004379	0.900932	6.365420	
0.006514	0.815809	0.874563	4.690321	
0.629897	0.179191	0.000000	7.445126	
0.000003	0.876328	0.374078	6.115511	
0.177574	0.191182	0.331952	6.950061	
0.793681	0.612963	0.286732	5.762778	
0.714474	0.945707	0.675393	4.836686	
0.918104	0.689157	0.687290	4.787971	
0.280493	0.000283	0.001455	7.585075	
0.000206	0.197970	0.724840	6.510174	
0.719930	0.000497	0.000008	6.936100	
0.244217	0.164750	0.000795	7.247428	
0.183966	0.165893	0.323016	6.949717	
0.027384	0.000186	0.901044	6.341422	
0.000093	0.007637	0.150569	7.722072	
0.001398	0.150778	0.005768	7.693678	
0.032933	0.865869	0.870382	4.579958	
0.663986	0.226240	0.203518	6.543333	
0.047522	0.002780	0.293791	7.529521	
0.000641	0.280022	0.000000	7.608251	
0.000000	0.000952	0.594061	7.785318	
0.217735	0.591108	0.762009	6.031317	
0.012716	0.880649	0.787883	4.806870	
0.727842	0.857166	0.876313	3.501408	
0.131860	0.001341	0.000002	7.745728	
0.001061	0.636225	0.021196	7.520567	
0.195898	0.000994	0.291248	7.211844	
0.680024	0.318978	0.013263	6.870827	
0.002547	0.689256	0.733442	6.009985	
0.150673	0.151326	0.150553	7.116548	
0.000014	0.071214	0.194646	7.588519	
0.719006	0.943138	0.718001	4.576931	
0.262021	0.819824	0.807399	4.352179	
0.167712	0.643249	0.000029	7.228285	
0.225211	0.626446	0.645138	6.680335	
0.779622	0.000178	0.133565	6.278148	
0.000014	0.610044	0.194490	7.401170	
0.633139	0.646348	0.005087	7.126481	
0.312183	0.198223	0.196999	6.857601	
0.879393	0.831407	0.866156	2.969632	
0.613043	0.796491	0.258390	5.712878	
0.136429	0.000178	0.135148	7.541483	
0.258358	0.000283	0.158784	7.258069	
0.893437	0.774424	0.018193	4.899763	
0.186135	0.153512	0.850164	5.635820	
0.680217	0.000368	0.306244	6.861310	
0.000181	0.283659	0.271022	7.212075	
0.002276	0.285638	0.646892	7.062042	
0.894375	0.643881	0.000760	5.913704	
0.152281	0.278893	0.000447	7.281887	
0.896478	0.027394	0.778188	4.874980	
0.000919	0.606754	0.779182	6.258775	
0.628073	0.000497	0.000008	7.654268	
0.873535	0.217127	0.215879	5.495911	
0.004618	0.210090	0.225111	7.177523	
0.082158	0.281259	0.286023	7.038673	
0.000588	0.729712	0.000198	6.873783	
0.784178	0.009286	0.855334	4.854128	
0.000003	0.716485	0.368337	6.714804	
0.799169	0.852859	0.007924	4.783970	
0.735176	0.741071	0.000294	5.609161	
0.177660	0.278893	0.149878	6.934444	
0.928993	0.011775	0.687290	5.764800	
0.000093	0.781438	0.198427	6.156024	
0.057043	0.619317	0.881058	5.906035	
0.611426	0.000001	0.205852	7.295486	
0.633139	0.646348	0.269757	6.709908	
0.031855	0.878110	0.002045	6.279417	
0.251590	0.817369	0.609433	5.713921	
0.793681	0.613029	0.286732	5.745510	
0.627825	0.047246	0.646849	7.003176	
0.630188	0.183805	0.000000	7.240727	
0.861646	0.781770	0.727009	3.730943	
0.203746	0.000084	0.635164	7.159537	
0.217456	0.663420	0.215177	6.542429	
0.215524	0.863953	0.215678	5.491876	
0.001646	0.001974	0.780557	6.737145	
0.804297	0.822568	0.257229	4.357032	
0.013151	0.003194	0.016743	7.968677	
0.784178	0.153842	0.870082	4.561990	
0.630548	0.690441	0.646585	6.211591	
0.635863	0.162567	0.646849	6.694749	
0.192945	0.000210	0.782788	6.141808	
0.908485	0.176850	0.003121	6.096304	
0.131080	0.138623	0.000033	7.488390	
0.773943	0.307299	0.687708	5.365914	
0.583751	0.191909	0.764116	6.080248	
0.230813	0.219654	0.669555	6.480754	
0.800749	0.605556	0.768645	4.795578	
0.203677	0.780567	0.000217	6.138954	
0.890599	0.035421	0.011973	6.286499	
0.648024	0.717257	0.912777	4.839856	
0.780167	0.056676	0.891417	4.803745	
0.001635	0.046652	0.027469	7.919213	
0.000025	0.779286	0.739338	5.432983	
0.280493	0.000014	0.000057	7.603762	
0.860723	0.186875	0.192529	5.558420	
0.203746	0.001827	0.635164	7.155603	
0.215694	0.591108	0.762009	6.035653	
0.906808	0.011271	0.821413	4.746899	
0.157992	0.278893	0.006985	7.262455	
0.774562	0.764294	0.000057	5.206438	
0.271779	0.082908	0.150850	7.271801	
0.000093	0.298239	0.150274	7.306875	
0.714328	0.945150	0.858122	3.872414	
0.804297	0.822568	0.257229	4.357032	
0.062474	0.317548	0.778588	6.316385	
0.011780	0.150778	0.005768	7.681381	
0.230839	0.218997	0.694339	6.326527	
0.635863	0.162567	0.172160	6.881168	
0.215524	0.863953	0.219916	5.488095	
0.714474	0.945707	0.683600	4.800345	
0.680217	0.028796	0.306244	6.820385	
0.861646	0.781761	0.727009	3.731610	
0.253630	0.817369	0.608744	5.657719	
0.677088	0.654308	0.012862	6.893158	
0.904788	0.014810	0.004240	6.385941	
0.081698	0.146525	0.150553	7.288518	
0.151606	0.000178	0.137717	7.450442	
0.000319	0.880649	0.002576	6.322235	
0.001614	0.149858	0.306583	7.380164	
0.648024	0.709110	0.912777	5.069686	
0.006514	0.815809	0.874563	4.690321	
