0.222887	0.861320	0.227620	5.474146	
0.023285	0.901390	0.621314	6.036653	
0.000000	0.000000	0.000000	8.000217	
0.000151	0.000080	0.127062	7.754938	
0.000201	0.203711	0.640060	7.204158	
0.220342	0.661299	0.222689	6.575180	
0.642394	0.001821	0.005568	7.515610	
0.635658	0.213629	0.783769	5.659021	
0.003855	0.720967	0.000192	6.963871	
0.192896	0.328537	0.188410	6.904523	
0.872565	0.031124	0.000678	6.273535	
0.637027	0.162670	0.629124	6.803002	
0.800816	0.250832	0.812593	4.399712	
0.271127	0.007968	0.000015	7.570910	
0.000900	0.671359	0.627931	6.895842	
0.603815	0.000003	0.225878	7.322068	
0.218400	0.209311	0.669909	6.508397	
0.000261	0.277108	0.000107	7.582915	
0.022211	0.800270	0.892863	4.762625	
0.649035	0.623597	0.665479	6.424546	
0.194804	0.778079	0.001218	6.170631	
0.175081	0.191564	0.323551	6.926252	
0.000000	0.894938	0.010687	6.345186	
0.258320	0.805644	0.619376	5.666315	
0.786213	0.189645	0.000856	6.145588	
0.000028	0.139006	0.139113	7.453688	
0.664855	0.216769	0.215156	6.529074	
0.159610	0.303111	0.000430	7.294340	
0.188171	0.633453	0.009796	7.264259	
0.000271	0.001408	0.729605	6.861434	
0.880723	0.213763	0.225878	5.513126	
0.861646	0.860575	0.740516	3.399314	
0.284337	0.162145	0.000015	7.416941	
0.124660	0.000002	0.000006	7.760798	
0.000341	0.305812	0.164210	7.288176	
0.250357	0.801623	0.819136	4.375896	
0.857022	0.215973	0.582653	5.828351	
0.196031	0.001418	0.792653	6.088363	
0.878983	0.643673	0.704260	4.901621	
0.710237	0.001887	0.620846	6.742336	
0.000132	0.000066	0.623290	7.627666	
0.153536	0.002413	0.278860	7.276715	
0.733533	0.860354	0.860357	3.448724	
0.008936	0.866928	0.799402	4.742192	
0.000045	0.727870	0.758412	5.639531	
0.620729	0.913655	0.001996	6.061255	
0.743196	0.729958	0.000079	5.626762	
0.725317	0.000325	0.753429	5.647157	
0.000000	0.179452	0.306116	7.262479	
0.710212	0.680046	0.954952	4.899242	
0.000001	0.776444	0.201109	6.165726	
0.829595	0.868173	0.008718	4.642755	
0.592444	0.000001	0.896704	6.152256	
0.899371	0.801259	0.014670	4.787254	
0.685097	0.890265	0.677507	4.802465	
0.154165	0.150908	0.151578	7.093085	
0.309076	0.000186	0.167025	7.288147	
0.000011	0.316082	0.738663	6.484964	
0.606049	0.679061	0.015888	6.949763	
0.617326	0.655643	0.261610	6.653811	
0.001978	0.574004	0.000000	7.868361	
0.140545	0.139278	0.000383	7.450298	
0.863951	0.578109	0.000013	6.159704	
0.000000	0.002694	0.296856	7.635579	
0.814066	0.795931	0.275762	4.463898	
0.207429	0.219054	0.873618	5.532346	
0.019378	0.022009	0.896690	6.313374	
0.617326	0.780463	0.270835	5.786586	
0.310931	0.192934	0.162314	6.921265	
0.250357	0.632137	0.793380	5.613584	
0.294046	0.638450	0.658444	6.576443	
0.000543	0.631408	0.190957	7.207240	
0.860677	0.001418	0.799193	4.749031	
0.845063	0.635755	0.221035	5.466376	
0.778910	0.004683	0.201110	6.146295	
0.195408	0.004312	0.621212	7.249808	
0.637027	0.178058	0.017675	7.164046	
0.853983	0.732512	0.897626	3.515675	
0.000193	0.191202	0.790766	6.104070	
0.710212	0.542302	0.000000	7.097018	
0.730335	0.000157	0.001485	6.856620	
0.137552	0.000123	0.145432	7.442340	
0.000000	0.125260	0.003246	7.762666	
0.329738	0.012305	0.711755	6.644992	
0.814066	0.796320	0.257899	4.454173	
0.857094	0.219376	0.599069	5.761182	
0.768054	0.213738	0.812593	4.593568	
0.329738	0.000215	0.695647	6.820521	
0.635658	0.213629	0.765215	5.763973	
0.198442	0.636005	0.005568	7.192536	
0.197177	0.779962	0.010252	6.139630	
0.220317	0.209311	0.681416	6.419457	
0.664855	0.162911	0.215156	6.778942	
0.250357	0.797707	0.667065	5.370201	
0.003911	0.277108	0.000107	7.579063	
0.863951	0.586937	0.000013	6.121880	
0.863951	0.027155	0.006461	6.267212	
0.879775	0.000053	0.696195	5.475427	
0.269783	0.179052	0.000015	7.222697	
0.739356	0.029398	0.015928	6.737366	
0.891983	0.643673	0.779466	4.416093	
0.617326	0.779402	0.268057	5.789019	
0.220342	0.667083	0.222735	6.539826	
0.794223	0.836216	0.023493	4.764576	
0.786662	0.005917	0.188990	6.123585	
0.152102	0.000053	0.278860	7.281725	
0.000151	0.000080	0.125735	7.757988	
0.733533	0.850356	0.866281	3.453542	
0.021394	0.316284	0.748989	6.334963	
0.002150	0.887226	0.642569	5.839133	
0.702695	0.890265	0.677507	4.669343	
0.005942	0.717856	0.632491	6.561181	
0.023375	0.017311	0.006893	7.944188	
0.743196	0.729958	0.000079	5.626762	
0.137125	0.000123	0.145432	7.443418	
0.261445	0.638450	0.789473	5.592147	
0.197448	0.001418	0.799193	6.055087	
0.000000	0.000061	0.300053	7.643407	
0.310931	0.018558	0.162151	7.278475	
0.000000	0.000000	0.753838	6.770295	
0.606166	0.679061	0.015888	6.945360	
0.000031	0.187357	0.790766	6.110347	
0.002530	0.220550	0.628924	7.174783	
0.002725	0.729958	0.000768	6.925769	
0.000613	0.194088	0.234058	7.244164	
0.826745	0.907220	0.807451	3.155571	
0.195599	0.000578	0.623202	7.247816	
0.016546	0.311042	0.188990	7.232674	
0.250357	0.804999	0.818839	4.363137	
0.642338	0.623597	0.664352	6.494580	
0.268155	0.000000	0.000106	7.578549	
0.000045	0.727870	0.752556	5.642196	
0.202764	0.777549	0.185573	5.790080	
0.162272	0.188993	0.323551	6.949502	
0.310931	0.254261	0.162314	6.874509	
0.786662	0.328537	0.188990	5.785177	
0.000000	0.127359	0.003246	7.753520	
0.192896	0.328537	0.188990	6.903583	
0.153094	0.153371	0.151578	7.088519	
0.000543	0.632282	0.190957	7.201380	
0.025696	0.001825	0.863016	6.275702	
0.000269	0.633453	0.000006	7.646588	
0.899371	0.796370	0.013113	4.811023	
0.207429	0.238712	0.009869	7.265057	
0.124660	0.861744	0.774691	4.634121	
0.637027	0.162670	0.629124	6.803002	
0.000039	0.775959	0.201109	6.168987	
0.022733	0.896930	0.002633	6.333200	
0.625143	0.127359	0.003246	7.366359	
0.000028	0.139006	0.153012	7.422532	
0.793116	0.186616	0.000856	6.116563	
0.017805	0.000066	0.629033	7.571860	
0.863909	0.229220	0.227480	5.469781	
0.902104	0.002759	0.858141	4.684683	
0.136124	0.139278	0.000383	7.459235	
0.855120	0.730306	0.858141	3.473762	
0.697535	0.700005	0.954952	4.855253	
0.710212	0.574004	0.000000	6.974753	
0.626157	0.896930	0.001996	6.019412	
0.603698	0.000003	0.225878	7.358795	
0.129530	0.000053	0.002390	7.746560	
0.278706	0.217944	0.838445	5.543607	
0.710237	0.004159	0.620846	6.739072	
0.862575	0.001418	0.001181	6.305315	
0.000900	0.015853	0.620690	7.622279	
0.902234	0.646307	0.000383	5.926260	
0.702695	0.890265	0.298214	5.113244	
0.786376	0.213738	0.812593	4.505312	
0.089849	0.315399	0.188990	7.101563	
0.000000	0.894938	0.076833	6.229297	
0.220342	0.661299	0.802475	5.418661	
0.644021	0.002748	0.636929	7.084428	
0.899371	0.776712	0.890678	3.428693	
0.005171	0.239076	0.027326	7.536674	
0.192896	0.328537	0.273237	6.884418	
0.938940	0.211616	0.232612	5.851042	
0.019602	0.196447	0.634000	7.151697	
0.268981	0.203436	0.006461	7.177663	
0.005131	0.639431	0.637187	7.082316	
0.000543	0.632282	0.190957	7.201380	
0.025696	0.000281	0.955141	6.623928	
0.710237	0.663358	0.628087	6.234301	
0.016546	0.036371	0.188990	7.560053	
0.002530	0.827338	0.628924	5.934540	
0.207656	0.239076	0.027326	7.142227	
0.814066	0.795931	0.655056	4.374413	
0.193779	0.008315	0.084578	7.523593	
0.603815	0.000003	0.806875	6.258077	
0.794223	0.836216	0.736348	3.671361	
0.793116	0.009785	0.779139	5.017903	
0.635247	0.190385	0.783769	5.694900	
0.000062	0.795768	0.006333	6.451346	
0.616443	0.127359	0.003246	7.433986	
0.310931	0.018558	0.162151	7.278475	
0.002150	0.887226	0.641901	5.866389	
0.641262	0.191564	0.323551	6.786742	
0.771903	0.317144	0.000079	6.269686	
0.000028	0.163487	0.159817	7.354766	
0.845063	0.635755	0.219697	5.467574	
0.254019	0.215735	0.838445	5.640252	
