0.871955	0.223531	0.215000	5.491242	
0.615747	0.000032	0.189584	7.294179	
0.175705	0.293781	0.166576	6.916890	
0.000011	0.187826	0.771156	6.225378	
0.301364	0.000025	0.151703	7.308031	
0.666273	0.203253	0.211523	6.684059	
0.024082	0.877837	0.000781	6.290669	
0.630215	0.710189	0.879978	4.940515	
0.850268	0.679122	0.673174	4.853077	
0.785097	0.000312	0.194853	6.205555	
0.885815	0.793252	0.029933	4.766017	
0.000000	0.573081	0.000262	7.876593	
0.000000	0.269185	0.000000	7.578039	
0.701847	0.960127	0.669311	5.134504	
0.000000	0.004790	0.540959	8.161332	
0.685653	0.602209	0.019383	6.952190	
0.217789	0.219391	0.866234	5.486481	
0.258086	0.798959	0.805852	4.433223	
0.000238	0.639394	0.184826	7.161203	
0.011292	0.000037	0.896798	6.351588	
0.000000	0.717503	0.464738	6.926878	
0.189756	0.016088	0.621139	7.247657	
0.177710	0.158923	0.312671	6.955608	
0.002457	0.717956	0.000782	6.948513	
0.000107	0.000274	0.708113	7.022392	
0.737177	0.720630	0.009980	5.754425	
0.728037	0.004200	0.729698	5.742441	
0.221665	0.872369	0.226725	5.481609	
0.141320	0.145472	0.151918	7.132657	
0.627948	0.253006	0.638439	6.699274	
0.138503	0.135891	0.000009	7.461883	
0.000810	0.747478	0.727851	5.696063	
0.035549	0.169049	0.627502	7.215865	
0.221210	0.213954	0.649104	6.655528	
0.190727	0.778979	0.000801	6.164804	
0.300900	0.139719	0.006034	7.334877	
0.000129	0.123406	0.000070	7.764471	
0.022896	0.791735	0.872598	4.763578	
0.002162	0.004286	0.266219	7.571548	
0.199904	0.778979	0.607732	5.874391	
0.874928	0.627679	0.000151	5.951458	
0.008877	0.553631	0.754411	6.787655	
0.000000	0.000000	0.000000	8.000189	
0.190727	0.629517	0.000801	7.209554	
0.000011	0.130108	0.272824	7.337817	
0.120379	0.000309	0.000000	7.772003	
0.646877	0.177818	0.000015	7.405622	
0.001008	0.000091	0.125692	7.838648	
0.281969	0.293781	0.018993	7.220068	
0.000441	0.608168	0.859201	6.037057	
0.635205	0.657875	0.629963	6.532506	
0.228455	0.665684	0.216354	6.518719	
0.726510	0.657875	0.234899	5.953521	
0.880104	0.004800	0.017474	6.298852	
0.285045	0.180214	0.180760	6.871512	
0.316346	0.000042	0.668767	7.036631	
0.806194	0.260053	0.614609	5.694564	
0.132500	0.000090	0.131978	7.487993	
0.734412	0.905639	0.850913	3.528980	
0.871952	0.000494	0.780406	4.848031	
0.284925	0.000022	0.000009	7.861751	
0.794732	0.815200	0.267708	4.422762	
0.537809	0.718038	0.000104	6.913984	
0.799383	0.871149	0.000307	4.754273	
0.776752	0.201946	0.000066	6.174427	
0.000000	0.785449	0.194660	6.253954	
0.794273	0.028672	0.887393	4.767950	
0.248610	0.553280	0.754411	6.196724	
0.024074	0.889103	0.779164	4.863026	
0.151276	0.000028	0.286482	7.292926	
0.157847	0.291355	0.003354	7.278274	
0.631233	0.831535	0.267820	5.495392	
0.624866	0.000763	0.000000	7.618880	
0.000642	0.288237	0.135092	7.372824	
0.728037	0.004373	0.001119	7.010949	
0.187527	0.000037	0.768789	6.285980	
0.873887	0.861652	0.733528	3.457826	
0.811669	0.260053	0.798060	4.417412	
0.896126	0.729045	0.874432	3.543284	
0.599712	0.010475	0.889791	6.086537	
0.615846	0.271656	0.805761	5.686141	
0.639596	0.623512	0.189584	6.790152	
0.689590	0.001151	0.618739	6.815677	
0.001315	0.130618	0.134414	7.482541	
0.164136	0.209341	0.278371	6.870548	
0.872014	0.000494	0.788880	4.804291	
0.646877	0.177818	0.780219	6.068874	
0.049269	0.000433	0.139512	7.654559	
0.141326	0.135119	0.151359	7.156736	
0.000000	0.028699	0.000000	7.965928	
0.052462	0.007022	0.742698	6.871611	
0.032525	0.777951	0.193993	6.194551	
0.000000	0.715043	0.480266	7.126466	
0.794273	0.051597	0.887393	4.728207	
0.285385	0.671073	0.292787	6.490367	
0.221210	0.212110	0.651484	6.643758	
0.187534	0.787515	0.134167	5.864252	
0.001140	0.183556	0.168694	7.307561	
0.010071	0.265252	0.000648	7.564507	
0.284949	0.000009	0.000009	7.670486	
0.050292	0.029746	0.231120	7.544398	
0.000232	0.280280	0.184826	7.223404	
0.022278	0.876771	0.789798	4.779111	
0.284897	0.169049	0.170620	6.910655	
0.802795	0.793274	0.257308	4.470870	
0.170598	0.293781	0.181391	7.033643	
0.728037	0.004228	0.732414	5.722805	
0.662049	0.133557	0.150145	6.833284	
0.002838	0.037706	0.890039	6.291113	
0.737177	0.716105	0.009980	5.762949	
0.808531	0.260053	0.614609	5.684889	
0.728291	0.944690	0.669311	4.780446	
0.794764	0.177818	0.000015	6.383169	
0.002457	0.717956	0.000113	6.950157	
0.189756	0.028609	0.621139	7.229860	
0.278509	0.154733	0.000781	7.274981	
0.139586	0.131546	0.000427	7.471971	
0.880104	0.004800	0.023758	6.290323	
0.189855	0.000037	0.773864	6.250870	
0.000125	0.130618	0.006785	7.747029	
0.010071	0.271415	0.286929	7.159951	
0.295244	0.273569	0.027637	7.148737	
0.298122	0.898669	0.002052	5.971191	
0.125024	0.000763	0.000000	7.763435	
0.561702	0.727718	0.279787	6.424934	
0.641661	0.657875	0.629963	6.488929	
0.654709	0.657875	0.018512	6.802177	
0.243896	0.608168	0.754638	5.992074	
0.728037	0.004373	0.008201	6.966703	
0.027419	0.630248	0.875030	5.883935	
0.776294	0.000273	0.201183	6.181519	
0.894732	0.729045	0.875030	3.595089	
0.000000	0.869727	0.000000	6.475720	
0.023710	0.791735	0.872598	4.762322	
0.631233	0.660813	0.267820	6.557686	
0.000872	0.136800	0.633689	7.291881	
0.020465	0.639394	0.184826	7.155004	
0.732688	0.883588	0.874883	3.557004	
0.214124	0.773773	0.613498	6.010910	
0.537809	0.707110	0.000648	6.995592	
0.307778	0.000042	0.671463	7.002592	
0.685653	0.673461	0.859560	4.796706	
0.135263	0.627679	0.625429	6.952265	
0.885905	0.790439	0.017798	4.797080	
0.875444	0.859533	0.704232	3.678049	
0.799383	0.871149	0.000307	4.754273	
0.653290	0.177818	0.000015	7.350003	
0.158428	0.000026	0.281407	7.271167	
0.902490	0.659017	0.000950	5.888271	
0.799641	0.265455	0.783417	4.576068	
0.000000	0.004790	0.542352	8.157851	
0.000810	0.746237	0.727834	5.719666	
0.002854	0.186190	0.770171	6.220742	
0.175705	0.293781	0.789720	5.735286	
0.228455	0.038622	0.217528	7.125882	
0.626528	0.000109	0.890171	5.959308	
0.180944	0.011800	0.166979	7.293602	
0.794732	0.167759	0.274849	5.710493	
0.917313	0.659017	0.233816	5.409658	
0.802795	0.793274	0.668535	4.220696	
0.654709	0.000628	0.615126	7.118362	
0.297668	0.728410	0.872111	4.833702	
0.298628	0.659017	0.000950	7.159684	
0.000238	0.640449	0.009724	7.509979	
0.144606	0.261045	0.000654	7.289571	
0.639596	0.000032	0.189584	7.148278	
0.002854	0.128472	0.271838	7.328414	
0.175714	0.261045	0.000654	7.256862	
0.626528	0.000109	0.879824	6.131081	
0.016028	0.629635	0.727834	6.574395	
0.685653	0.602209	0.019383	6.952190	
0.734412	0.862222	0.853637	3.443727	
0.049729	0.869727	0.000255	6.403282	
0.834910	0.793252	0.030057	4.761564	
0.120379	0.180674	0.790019	5.897323	
0.000238	0.021368	0.277424	7.581509	
0.654709	0.000628	0.615126	7.118362	
0.896126	0.214340	0.875030	4.270676	
0.755480	0.000273	0.201183	6.363397	
0.664919	0.657875	0.234899	6.328695	
0.300900	0.000009	0.000033	7.616210	
0.024829	0.778979	0.623638	6.211449	
0.010071	0.265252	0.133997	7.361548	
0.035549	0.169049	0.627502	7.215865	
0.162506	0.008891	0.278371	7.266003	
0.125976	0.201946	0.000063	7.502102	
0.144597	0.293781	0.789720	5.800666	
0.615747	0.000032	0.189584	7.294179	
0.014318	0.162986	0.027637	7.651774	
0.164136	0.217018	0.281555	6.864965	
0.189855	0.000037	0.773864	6.250870	
0.783716	0.832112	0.727137	3.857768	
0.000481	0.000433	0.146161	7.710279	
0.000625	0.131718	0.146481	7.452983	
0.872014	0.000494	0.023009	6.292855	
0.694760	0.666357	0.000834	6.496258	
0.293535	0.000011	0.643911	7.211871	
0.178556	0.017869	0.165081	7.299515	
0.796804	0.871149	0.000307	4.874790	
0.749623	0.486635	0.859201	5.131359	
