0.288675	0.288675	0.408248	0.577350	0.577350	
0.288675	0.288675	0.408248	0.577350	0.577350	
0.288675	0.288675	0.408248	0.577350	0.577350	
0.288675	0.288675	0.408248	0.577350	0.577350	
0.288675	0.288675	0.408248	0.577350	0.577350	
0.288675	0.288675	0.408248	0.577350	0.577350	
0.288675	0.288675	0.408248	0.577350	0.577350	
0.288675	0.288675	0.408248	0.577350	0.577350	
0.288675	0.288675	0.408248	0.577350	0.577350	
0.288675	0.288675	0.408248	0.577350	0.577350	
0.288675	0.288675	0.408248	0.577350	0.577350	
0.288675	0.288675	0.408248	0.577350	0.577350	
0.288675	0.288675	0.408248	0.577350	0.577350	
0.288675	0.288675	0.408248	0.577350	0.577350	
0.288675	0.288675	0.408248	0.577350	0.577350	
0.288675	0.288675	0.408248	0.577350	0.577350	
0.288675	0.288675	0.408248	0.577350	0.577350	
0.288675	0.288675	0.408248	0.577350	0.577350	
0.288675	0.288675	0.408248	0.577350	0.577350	
0.288675	0.288675	0.408248	0.577350	0.577350	
0.288675	0.288675	0.408248	0.577350	0.577350	
0.288675	0.288675	0.408248	0.577350	0.577350	
0.288675	0.288675	0.408248	0.577350	0.577350	
0.288675	0.288675	0.408248	0.577350	0.577350	
0.288675	0.288675	0.408248	0.577350	0.577350	
0.288675	0.288675	0.408248	0.577350	0.577350	
0.288675	0.288675	0.408248	0.577350	0.577350	
0.288675	0.288675	0.408248	0.577350	0.577350	
0.739354	0.168753	0.173092	3.408072	0.173092	
0.739354	0.168753	0.173092	3.408072	0.173092	
0.728780	0.209764	0.173092	3.408072	0.173092	
0.728780	0.209764	0.173092	3.408072	0.173092	
0.739354	0.168753	0.173092	3.408072	0.173092	
0.168835	0.739338	0.173093	3.408084	0.172845	
0.168949	0.038562	0.759250	3.412041	0.038561	
0.353553	0.353553	0.500000	0.707107	0.000004	
0.353553	0.353553	0.500000	0.707107	0.000004	
0.353553	0.353553	0.500000	0.707107	0.000004	
0.038562	0.168949	0.759250	3.412041	0.038558	
0.168949	0.038562	0.759250	3.412041	0.038561	
0.353553	0.353553	0.500000	0.707107	0.000004	
0.353553	0.353553	0.500000	0.707107	0.000004	
0.038562	0.168949	0.759250	3.412041	0.038558	
0.168949	0.038562	0.759250	3.412041	0.038561	
0.353553	0.353553	0.500000	0.707107	0.000004	
0.038562	0.168949	0.759250	3.412041	0.038558	
0.168949	0.038562	0.759250	3.412041	0.038561	
0.038562	0.168949	0.759250	3.412041	0.038558	
0.122482	0.122477	0.758892	3.410429	0.114249	
0.739354	0.168753	0.173092	3.408072	0.173092	
0.739354	0.168753	0.173092	3.408072	0.173092	
0.734353	0.189332	0.173092	3.408072	0.173092	
0.739354	0.168753	0.173092	3.408072	0.173092	
0.168753	0.739356	0.173093	3.408084	0.172845	
0.168949	0.038562	0.759250	3.412041	0.038561	
0.354717	0.443250	0.454318	0.908597	0.000001	
0.354717	0.443250	0.454318	0.908597	0.000001	
0.038562	0.168949	0.759250	3.412041	0.038558	
0.168949	0.038562	0.759250	3.412041	0.038561	
0.353553	0.353553	0.500000	0.707107	0.000002	
0.038562	0.168949	0.759250	3.412041	0.038558	
0.168949	0.038562	0.759250	3.412041	0.038561	
0.038562	0.168949	0.759250	3.412041	0.038558	
0.122482	0.122477	0.758892	3.410429	0.114249	
0.739354	0.168753	0.173092	3.408072	0.173092	
0.739354	0.168753	0.173092	3.408072	0.173092	
0.739354	0.168753	0.173092	3.408072	0.173092	
0.170999	0.738840	0.173093	3.408084	0.172854	
0.168949	0.038562	0.759250	3.412041	0.038561	
0.425256	0.425421	0.425384	1.041788	0.000000	
0.038562	0.168949	0.759250	3.412041	0.038558	
0.168949	0.038562	0.759250	3.412041	0.038561	
0.038562	0.168949	0.759250	3.412041	0.038558	
0.122482	0.122477	0.758892	3.410429	0.114249	
0.739354	0.168753	0.173092	3.408072	0.173092	
0.739354	0.168753	0.173092	3.408072	0.173092	
0.170999	0.738840	0.173093	3.408084	0.172854	
0.168949	0.038562	0.759250	3.412041	0.038561	
0.038562	0.168949	0.759250	3.412041	0.038558	
0.122482	0.122477	0.758892	3.410429	0.114249	
0.739354	0.168753	0.173092	3.408072	0.173092	
0.170999	0.738840	0.173093	3.408084	0.172854	
0.122482	0.122477	0.758892	3.410429	0.114249	
0.400783	0.402665	0.404903	0.978880	0.404902	
0.000003	0.000003	0.000004	0.000006	1.000000	
0.000003	0.000003	0.000004	0.000006	1.000000	
0.000003	0.000003	0.000004	0.000006	1.000000	
0.000003	0.000003	0.000004	0.000006	1.000000	
0.000003	0.000003	0.000004	0.000006	1.000000	
0.000003	0.000003	0.000004	0.000006	1.000000	
0.000003	0.000003	0.000004	0.000006	1.000000	
0.000003	0.000003	0.000004	0.000006	1.000000	
0.000003	0.000003	0.000004	0.000006	1.000000	
0.000003	0.000003	0.000004	0.000006	1.000000	
0.000003	0.000003	0.000004	0.000006	1.000000	
0.000003	0.000003	0.000004	0.000006	1.000000	
0.000003	0.000003	0.000004	0.000006	1.000000	
0.000003	0.000003	0.000004	0.000006	1.000000	
0.000003	0.000003	0.000004	0.000006	1.000000	
0.000003	0.000003	0.000004	0.000006	1.000000	
0.000003	0.000003	0.000004	0.000006	1.000000	
0.000003	0.000003	0.000004	0.000006	1.000000	
0.000003	0.000003	0.000004	0.000006	1.000000	
0.000003	0.000003	0.000004	0.000006	1.000000	
0.000003	0.000003	0.000004	0.000006	1.000000	
0.000004	0.000004	0.000006	0.000008	1.000000	
0.000004	0.000004	0.000006	0.000008	1.000000	
0.000004	0.000004	0.000006	0.000008	1.000000	
0.000004	0.000004	0.000006	0.000008	1.000000	
0.000004	0.000004	0.000006	0.000008	1.000000	
0.000006	0.000006	0.000008	0.000012	1.000000	
0.288675	0.288675	0.408248	0.577350	0.577350	
0.288675	0.288675	0.408248	0.577350	0.577350	
0.000006	0.000006	0.000008	0.000012	1.000000	
0.000006	0.000006	0.000008	0.000012	1.000000	
0.288675	0.288675	0.408248	0.577350	0.577350	
0.000006	0.000006	0.000008	0.000012	1.000000	
0.000006	0.000006	0.000008	0.000012	1.000000	
0.000006	0.000006	0.000008	0.000012	1.000000	
0.000006	0.000006	0.000008	0.000012	1.000000	
0.000004	0.000004	0.000006	0.000008	1.000000	
0.000004	0.000004	0.000006	0.000008	1.000000	
0.000004	0.000004	0.000006	0.000008	1.000000	
0.000004	0.000004	0.000006	0.000008	1.000000	
0.000006	0.000006	0.000008	0.000012	1.000000	
0.354528	0.390007	0.423921	0.840960	0.423921	
0.000006	0.000006	0.000008	0.000012	1.000000	
0.000006	0.000006	0.000008	0.000012	1.000000	
0.000006	0.000006	0.000008	0.000012	1.000000	
0.000006	0.000006	0.000008	0.000012	1.000000	
0.000004	0.000004	0.000006	0.000008	1.000000	
0.000004	0.000004	0.000006	0.000008	1.000000	
0.000004	0.000004	0.000006	0.000008	1.000000	
0.000006	0.000006	0.000008	0.000012	1.000000	
0.000006	0.000006	0.000008	0.000012	1.000000	
0.000006	0.000006	0.000008	0.000012	1.000000	
0.000004	0.000004	0.000006	0.000008	1.000000	
0.000004	0.000004	0.000006	0.000008	1.000000	
0.000006	0.000006	0.000008	0.000012	1.000000	
0.000004	0.000004	0.000006	0.000008	1.000000	
0.000001	0.000001	0.000002	0.000003	1.000000	
0.000001	0.000001	0.000002	0.000003	1.000000	
0.000001	0.000001	0.000002	0.000003	1.000000	
0.000001	0.000001	0.000002	0.000003	1.000000	
0.000001	0.000001	0.000002	0.000003	1.000000	
0.000001	0.000001	0.000002	0.000003	1.000000	
0.000001	0.000001	0.000002	0.000003	1.000000	
0.000001	0.000001	0.000002	0.000003	1.000000	
0.000001	0.000001	0.000002	0.000003	1.000000	
0.000001	0.000001	0.000002	0.000003	1.000000	
0.000001	0.000001	0.000002	0.000003	1.000000	
0.000001	0.000001	0.000002	0.000003	1.000000	
0.000001	0.000001	0.000002	0.000003	1.000000	
0.000001	0.000001	0.000002	0.000003	1.000000	
0.000001	0.000001	0.000002	0.000003	1.000000	
0.000002	0.000002	0.000003	0.000004	1.000000	
0.000002	0.000002	0.000003	0.000004	1.000000	
0.000002	0.000002	0.000003	0.000004	1.000000	
0.000002	0.000002	0.000003	0.000004	1.000000	
0.000003	0.000003	0.000004	0.000006	1.000000	
0.203748	0.203748	0.288143	0.407496	0.817248	
0.000003	0.000003	0.000004	0.000006	1.000000	
0.000003	0.000003	0.000004	0.000006	1.000000	
0.000003	0.000003	0.000004	0.000006	1.000000	
0.000003	0.000003	0.000004	0.000006	1.000000	
0.000002	0.000002	0.000003	0.000004	1.000000	
0.000002	0.000002	0.000003	0.000004	1.000000	
0.000002	0.000002	0.000003	0.000004	1.000000	
0.000003	0.000003	0.000004	0.000006	1.000000	
0.000003	0.000003	0.000004	0.000006	1.000000	
0.000003	0.000003	0.000004	0.000006	1.000000	
0.000002	0.000002	0.000003	0.000004	1.000000	
0.000002	0.000002	0.000003	0.000004	1.000000	
0.000003	0.000003	0.000004	0.000006	1.000000	
0.000002	0.000002	0.000003	0.000004	1.000000	
0.000001	0.000001	0.000001	0.000002	1.000000	
0.000001	0.000001	0.000001	0.000002	1.000000	
0.000001	0.000001	0.000001	0.000002	1.000000	
0.000001	0.000001	0.000001	0.000002	1.000000	
0.000001	0.000001	0.000001	0.000002	1.000000	
0.000001	0.000001	0.000001	0.000002	1.000000	
0.000001	0.000001	0.000001	0.000002	1.000000	
0.000001	0.000001	0.000001	0.000002	1.000000	
0.000001	0.000001	0.000001	0.000002	1.000000	
0.000001	0.000001	0.000001	0.000002	1.000000	
0.000001	0.000001	0.000002	0.000003	1.000000	
0.000001	0.000001	0.000002	0.000003	1.000000	
0.000001	0.000001	0.000002	0.000003	1.000000	
0.000002	0.000002	0.000003	0.000004	1.000000	
0.000002	0.000002	0.000003	0.000004	1.000000	
0.000002	0.000002	0.000003	0.000004	1.000000	
0.000001	0.000001	0.000002	0.000003	1.000000	
0.000001	0.000001	0.000002	0.000003	1.000000	
0.000002	0.000002	0.000003	0.000004	1.000000	
0.000001	0.000001	0.000002	0.000003	1.000000	
0.000001	0.000001	0.000001	0.000001	1.000000	
0.000001	0.000001	0.000001	0.000001	1.000000	
0.000001	0.000001	0.000001	0.000001	1.000000	
0.000001	0.000001	0.000001	0.000001	1.000000	
0.000001	0.000001	0.000001	0.000001	1.000000	
0.000001	0.000001	0.000001	0.000001	1.000000	
0.000001	0.000001	0.000001	0.000002	1.000000	
0.000001	0.000001	0.000001	0.000002	1.000000	
0.000001	0.000001	0.000002	0.000003	1.000000	
0.000001	0.000001	0.000001	0.000002	1.000000	
0.000001	0.000001	0.000001	0.000001	1.000000	
0.000001	0.000001	0.000001	0.000001	1.000000	
0.000001	0.000001	0.000001	0.000001	1.000000	
0.000001	0.000001	0.000001	0.000002	1.000000	
0.000000	0.000000	0.000001	0.000001	1.000000	
