0.000001	0.000000	0.707370	0.000000	0.000000	0.000001	0.000000	0.706872	
0.000000	0.000000	0.000000	0.000000	0.000000	0.000000	1.000029	0.000000	
0.000000	0.000000	0.706211	0.000000	0.708181	0.000000	0.000000	0.000000	
0.708883	0.000001	0.000170	0.000000	0.705707	0.000000	0.000000	0.000000	
0.000001	0.000018	0.707125	0.000000	0.000000	0.000000	0.707129	0.000000	
0.000000	0.000000	0.000000	1.000450	0.000000	0.000000	0.000000	0.000000	
0.000000	0.000000	0.000000	0.000000	1.000041	0.000000	0.000000	0.000000	
0.000000	0.000000	0.000000	0.721714	0.000000	0.000106	0.000000	0.725499	
0.000000	0.000010	0.000000	0.000001	0.000000	0.000000	0.706845	0.707415	
0.000007	0.707188	0.000038	0.000000	0.000000	0.000001	0.707116	0.000000	
0.000000	0.000000	1.000060	0.000000	0.000000	0.000000	0.000000	0.000000	
0.000000	0.000000	0.000000	0.000000	0.000000	0.706899	0.000023	0.707393	
0.707639	0.000286	0.000000	0.706613	0.000000	0.000000	0.000000	0.000000	
0.708099	0.000000	0.000000	0.000002	0.000000	0.000000	0.706140	0.000000	
0.000000	0.000000	0.000000	0.000001	0.707082	0.000111	0.000000	0.707150	
0.000000	0.000000	0.707200	0.707260	0.000038	0.000000	0.000000	0.000000	
0.000000	1.000065	0.000000	0.000000	0.000000	0.000000	0.000000	0.000000	
0.707012	0.707557	0.000000	0.000000	0.000000	0.000057	0.000000	0.000000	
0.000679	0.707358	0.000010	0.000000	0.000000	0.000001	0.000000	0.706866	
0.000000	0.000000	0.000000	0.000000	0.000000	0.707111	0.707122	0.000000	
0.000000	0.707695	0.000000	0.000004	0.707808	0.000000	0.000000	0.000000	
0.000000	0.000000	0.000000	0.000000	0.000000	0.000000	0.000000	1.000017	
1.001662	0.000000	0.000000	0.000000	0.000000	0.000000	0.000000	0.000000	
0.000422	0.709070	0.000000	0.000000	0.000000	0.708915	0.000000	0.000000	
0.000000	0.707671	0.000000	0.706644	0.000000	0.000000	0.000000	0.000000	
0.707379	0.000001	0.000001	0.000000	0.000000	0.000000	0.000000	0.706880	
0.000000	0.000000	0.000000	0.707200	0.000000	0.707044	0.000000	0.000000	
0.706532	0.000000	0.707700	0.000003	0.000002	0.000000	0.000000	0.000000	
0.000001	0.000011	0.000101	0.707133	0.000000	0.000000	0.707114	0.000000	
0.000020	0.000089	0.000003	0.707163	0.707122	0.000000	0.000000	0.000000	
0.000000	0.000000	0.000000	0.000000	0.707563	0.706696	0.000000	0.000000	
0.000000	0.000000	0.000000	0.000000	0.000000	1.000015	0.000000	0.000000	
0.000006	0.707728	0.706525	0.000002	0.000000	0.000001	0.000000	0.000000	
0.000039	0.000003	0.000262	0.000001	0.707173	0.000001	0.707095	0.000000	
0.707750	0.000001	0.000000	0.000000	0.000075	0.707579	0.000000	0.000001	
0.000000	0.000000	0.707269	0.000001	0.000000	0.707020	0.000000	0.000000	
0.707649	0.000277	0.000000	0.706620	0.000000	0.000000	0.000000	0.000000	
0.000100	0.000003	0.000000	0.697745	0.004427	0.000011	0.720861	0.000000	
0.706685	0.000033	0.000000	0.000004	0.707588	0.000000	0.000000	0.000000	
0.720947	0.000001	0.000000	0.000000	0.000000	0.720773	0.000000	0.000001	
0.000000	0.000001	0.000000	0.000000	0.707964	0.000000	0.000000	0.706269	
0.993728	0.000995	0.000135	0.070623	0.006325	0.000503	0.000011	0.090155	
0.000000	0.000000	0.000000	0.000000	0.000000	0.707011	0.000005	0.707505	
0.000000	0.000000	0.000000	0.000000	1.000040	0.000000	0.000000	0.000000	
0.000011	0.007536	0.000139	0.719412	0.000000	0.698965	0.000000	0.000001	
0.527223	0.522438	0.681313	0.000000	0.000000	0.000000	0.000000	0.000000	
0.000001	0.000018	0.707125	0.000000	0.000000	0.000000	0.707129	0.000000	
0.000000	0.707933	0.000000	0.000004	0.708046	0.000000	0.000000	0.000000	
0.000265	0.000017	0.000005	0.000001	0.707156	0.000002	0.707078	0.000000	
0.000000	0.708487	0.000000	0.000000	0.000000	0.000000	0.705771	0.000000	
0.000000	0.000000	0.000000	0.000000	0.000000	0.000000	1.000016	0.000000	
0.000006	0.707728	0.706525	0.000002	0.000000	0.000001	0.000000	0.000000	
0.022452	0.020702	0.693626	0.000025	0.719715	0.000001	0.000000	0.000700	
0.005306	0.999434	0.002679	0.000035	0.002676	0.000190	0.004399	0.036712	
0.000000	0.000000	0.694486	0.730211	0.001324	0.000000	0.000000	0.000000	
0.000000	0.000000	0.000000	1.000022	0.000000	0.000000	0.000000	0.000000	
0.000679	0.707373	0.000009	0.000000	0.000000	0.000001	0.000000	0.706881	
0.000000	0.000000	0.000000	0.000000	0.708031	0.706213	0.000000	0.000000	
0.000000	0.000000	0.000000	0.707195	0.000000	0.000000	0.000000	0.707471	
0.000000	0.000000	0.000000	0.000000	0.000000	1.000016	0.000000	0.000000	
0.000000	0.000000	0.000000	0.000000	0.000000	0.717658	0.696536	0.011985	
0.000000	0.000000	0.996543	0.071297	0.000000	0.000000	0.045095	0.000000	
0.000000	0.000000	0.707753	0.000000	0.000000	0.707581	0.000000	0.000000	
0.705450	0.708798	0.000000	0.000000	0.000000	0.000000	0.000000	0.000000	
0.000001	0.000000	0.709842	0.000000	0.000000	0.000001	0.000000	0.709348	
0.000422	0.709082	0.000000	0.000000	0.000000	0.708927	0.000000	0.000001	
0.708835	0.000000	0.000001	0.000000	0.000000	0.000000	0.000000	0.705410	
0.000000	0.000010	0.000000	0.000001	0.000000	0.000000	0.709859	0.710362	
0.712061	0.000001	0.000000	0.000000	0.000000	0.001480	0.702063	0.011473	
0.000010	0.707671	0.000000	0.706645	0.000000	0.000000	0.000000	0.000000	
0.000000	0.000000	0.000000	0.000000	0.000000	0.000000	0.000000	1.000016	
0.000000	0.000000	0.000000	0.706659	0.707567	0.000000	0.000000	0.000000	
0.000000	0.000000	0.710832	0.000000	0.014995	0.706064	0.000000	0.000000	
0.000001	0.057588	0.050291	0.000000	0.997111	0.000001	0.000000	0.000000	
0.000061	0.683842	0.001689	0.741018	0.000000	0.000185	0.000000	0.037120	
0.000000	0.000000	0.000000	0.000000	0.000000	0.000000	1.000014	0.000000	
0.000000	0.000001	0.000000	0.000010	0.000000	0.000000	0.709864	0.710367	
0.000000	0.000000	0.000000	0.703530	0.000000	0.000000	0.080377	0.708382	
0.000679	0.707358	0.000434	0.000000	0.000000	0.000001	0.000000	0.706866	
0.709313	0.000000	0.000000	0.704915	0.000000	0.000000	0.000002	0.000000	
0.000000	0.000000	0.706211	0.000000	0.708181	0.000000	0.000000	0.000000	
0.048383	0.047944	1.003257	0.000000	0.000000	0.000000	0.000000	0.000000	
0.709733	0.009809	0.719240	0.000003	0.000002	0.000000	0.000000	0.000000	
0.001121	0.000000	0.704568	0.708414	0.000000	0.000000	0.000000	0.042841	
0.721690	0.000001	0.000948	0.000000	0.000000	0.721517	0.000000	0.000000	
0.000066	0.002096	0.018989	0.706472	0.000000	0.023946	0.707117	0.000000	
0.000000	0.000000	0.000000	0.000000	0.000000	1.000016	0.000000	0.000000	
0.714294	0.000001	0.023372	0.000000	0.700202	0.010682	0.000000	0.000000	
1.000094	0.000000	0.000000	0.000000	0.000000	0.000000	0.000000	0.001094	
0.000000	0.707933	0.000000	0.000004	0.708046	0.000000	0.000000	0.000000	
0.000006	0.707733	0.706531	0.000002	0.000000	0.000001	0.000000	0.000000	
0.000265	0.000017	0.000005	0.000001	0.707156	0.000002	0.707078	0.000000	
0.471862	0.122440	0.000873	0.150868	0.033751	0.510790	0.000000	0.691096	
0.000000	0.000000	0.000000	0.000000	0.000000	0.707111	0.707121	0.001303	
0.018495	0.999640	0.000000	0.088136	0.000661	0.000000	0.000000	0.000000	
0.000000	0.000000	0.000000	0.000001	0.700053	0.000110	0.000000	0.714118	
0.710640	0.000001	0.003792	0.063666	0.000000	0.001481	0.703478	0.003726	
0.008499	0.506793	0.003024	0.058603	0.516945	0.687502	0.000000	0.000000	
0.000000	0.000000	0.000000	1.000015	0.000000	0.000000	0.000000	0.000000	
0.682245	0.176700	0.001262	0.227361	0.048977	0.006679	0.000000	0.709610	
