0.000000	0.000000	0.000000	0.000000	0.000000	0.707413	0.000000	0.706804	
0.000000	0.000000	1.000006	0.000000	0.000000	0.000000	0.000000	0.000000	
0.000192	0.000002	0.684861	0.000000	0.728677	0.000000	0.000000	0.000000	
0.000000	0.000000	0.000000	0.000000	0.000000	0.000000	0.707422	0.706793	
0.000001	0.708325	0.000000	0.000000	0.000002	0.000000	0.707758	0.000000	
0.000000	0.000023	0.707824	0.706398	0.000000	0.000000	0.000000	0.000000	
0.709994	0.000035	0.704236	0.000000	0.000000	0.000000	0.000000	0.000000	
0.000000	0.000000	0.000000	0.000000	0.000000	0.000000	1.000002	0.000000	
0.000000	1.000007	0.000000	0.000000	0.000000	0.000000	0.000000	0.000000	
0.000001	0.000027	0.706714	0.000000	0.000001	0.707512	0.000000	0.000000	
0.000000	0.000000	0.000000	1.000009	0.000000	0.000000	0.000000	0.000000	
0.708901	0.000000	0.000000	0.000000	0.000000	0.705336	0.000000	0.000000	
0.000102	0.709287	0.705948	0.000000	0.000000	0.000000	0.000000	0.000000	
0.707685	0.000001	0.000000	0.000000	0.706530	0.000001	0.000000	0.000000	
0.000005	0.000001	0.706332	0.000001	0.000000	0.000000	0.707884	0.000000	
0.001239	0.702484	0.006705	0.000000	0.725601	0.000000	0.000000	0.000000	
0.000000	0.000000	0.000000	0.000000	0.000000	1.000002	0.000000	0.000000	
0.000000	0.000000	0.000000	0.000000	0.709377	0.000000	0.000000	0.704835	
0.709616	0.704592	0.000000	0.000000	0.000000	0.000000	0.000000	0.000000	
0.000000	0.000000	0.707384	0.000000	0.000000	0.000000	0.000000	0.706839	
0.000009	0.000000	0.000000	0.000277	0.000287	0.707297	0.707055	0.000000	
0.000001	0.000579	0.006804	0.700325	0.723371	0.000000	0.000000	0.000000	
0.000000	0.000000	0.000000	0.707390	0.000000	0.000000	0.000000	0.706827	
0.000000	0.707140	0.000000	0.000000	0.000000	0.707079	0.000000	0.000000	
0.000000	0.000000	0.000000	0.707140	0.000000	0.707077	0.000000	0.000000	
0.710037	0.000001	0.000000	0.000000	0.000001	0.000000	0.000000	0.704170	
0.000000	0.000000	0.000000	0.000000	1.000004	0.000000	0.000000	0.000000	
1.006555	0.000000	0.000000	0.000000	0.000000	0.000000	0.000000	0.000000	
0.000001	0.706648	0.000000	0.707569	0.000000	0.000000	0.000000	0.000000	
0.006658	0.000037	0.000016	0.007681	0.729349	0.684070	0.000000	0.000000	
0.000000	0.000000	0.000000	0.000000	0.000000	0.000000	0.000000	1.000004	
0.000000	0.000000	0.000000	0.000000	0.707228	0.000000	0.706988	0.000000	
0.000000	0.000000	0.000000	0.707554	0.000000	0.000000	0.707314	0.000000	
0.000000	0.707390	0.000000	0.000000	0.000000	0.000000	0.000000	0.706827	
0.705909	0.000000	0.001942	0.000000	0.000000	0.000000	0.708306	0.000000	
0.710222	0.000007	0.000000	0.703984	0.000002	0.000000	0.000000	0.000005	
0.999936	0.006290	0.000000	0.000000	0.000000	0.010545	0.000000	0.000203	
0.000174	0.000022	0.699301	0.011095	0.726039	0.000000	0.002893	0.000000	
0.709963	0.000035	0.704205	0.000000	0.007514	0.000000	0.000000	0.000000	
0.000008	0.707141	0.000000	0.000000	0.000000	0.707080	0.000000	0.000000	
0.000137	0.000136	0.000082	0.707793	0.000017	0.000000	0.000000	0.706434	
0.000006	0.000000	0.000000	0.000287	0.000277	0.707298	0.707055	0.000000	
0.000000	0.000000	0.000000	0.000000	0.000000	1.000812	0.000000	0.000000	
0.000000	0.000000	0.000000	0.000000	0.707165	0.707052	0.000000	0.000000	
0.708959	0.705254	0.000000	0.000000	0.000000	0.000000	0.000000	0.000004	
0.000000	0.000000	1.000006	0.000000	0.000000	0.000000	0.000000	0.000000	
0.733980	0.000008	0.000000	0.710951	0.000000	0.000000	0.000000	0.000005	
0.000000	0.000000	0.000000	0.000000	0.000000	0.000000	0.705194	0.709119	
0.000000	0.000000	0.000003	0.000000	0.708320	0.000003	0.000000	0.705995	
0.000005	0.000001	0.706332	0.000001	0.000000	0.000000	0.707884	0.000000	
0.007888	0.708260	0.711318	0.000013	0.000000	0.000000	0.000000	0.000000	
0.000000	0.000000	0.000000	0.000000	0.000000	0.000000	0.000000	1.000004	
0.000000	0.000000	0.000000	1.000009	0.000000	0.000000	0.000000	0.000000	
0.000000	0.000000	0.000000	0.000000	0.000000	0.000000	1.000002	0.000000	
0.000000	0.000000	0.000000	0.000000	0.737038	0.000000	0.722204	0.000000	
0.000001	0.000022	0.707800	0.706374	0.000001	0.000000	0.000000	0.008501	
0.709837	0.000000	0.000000	0.000000	0.000000	0.704379	0.000000	0.000000	
0.000007	0.000001	0.030664	0.698401	0.000000	0.000000	0.726408	0.000000	
0.007909	0.996123	0.000000	0.000011	0.082056	0.024073	0.013869	0.017084	
0.000001	0.714315	0.000000	0.000000	0.000002	0.000000	0.701711	0.000000	
0.053910	0.001599	0.707988	0.000000	0.000001	0.000000	0.000000	0.704172	
0.000000	0.719659	0.000000	0.694308	0.000000	0.005563	0.000000	0.000000	
0.000000	0.000000	0.000000	0.000000	1.000002	0.000000	0.000000	0.000000	
0.000246	0.006660	0.006256	0.702626	0.711652	0.000000	0.000000	0.000000	
0.710043	0.000001	0.000000	0.000000	0.000000	0.000000	0.000000	0.704175	
0.000000	0.000000	0.000000	0.000000	0.000000	0.707413	0.000000	0.706804	
0.000000	0.707390	0.000000	0.000000	0.000000	0.000000	0.000000	0.706827	
0.000000	0.000005	0.701274	0.000000	0.000001	0.713554	0.000000	0.000000	
0.707685	0.000001	0.000000	0.000000	0.706530	0.000001	0.000000	0.000000	
0.000000	0.000000	0.000000	0.707165	0.000000	0.707102	0.000000	0.000000	
0.007731	0.695544	0.001787	0.000009	0.718446	0.000000	0.000000	0.000000	
0.709137	0.000000	0.000000	0.000000	0.000000	0.000000	0.705073	0.000000	
0.082666	0.452421	0.006118	0.536174	0.000000	0.711907	0.000000	0.000000	
0.045732	0.995481	0.080242	0.022179	0.000000	0.000000	0.000000	0.000000	
0.000969	0.018081	0.707318	0.067738	0.000000	0.710723	0.000000	0.000000	
0.004471	0.000327	0.707368	0.000000	0.000000	0.000000	0.000000	0.706837	
0.000284	0.253367	0.013631	0.000000	0.661391	0.000000	0.707826	0.016106	
0.696960	0.718449	0.000535	0.000000	0.000000	0.000000	0.000000	0.000004	
0.718229	0.000007	0.000093	0.695817	0.000002	0.000000	0.000000	0.000005	
0.000099	0.710157	0.000000	0.000000	0.000000	0.000000	0.709590	0.000000	
0.000000	0.000000	0.000000	1.000009	0.000000	0.000000	0.000000	0.000000	
0.000000	0.000000	0.000000	0.707372	0.706847	0.000000	0.000000	0.000000	
0.000007	0.000000	0.000001	0.000242	0.000317	0.707144	0.706902	0.020888	
1.003017	0.019713	0.020174	0.000000	0.000219	0.000000	0.000000	0.000000	
0.747915	0.000000	0.000000	0.000000	0.000000	0.000000	0.663350	0.024402	
0.010984	0.000126	0.696657	0.000000	0.717335	0.000000	0.000000	0.000000	
0.034450	0.000682	0.000051	0.003831	0.035188	0.771647	0.012335	0.634165	
0.738106	0.060387	0.014755	0.000000	0.000000	0.671488	0.000000	0.021124	
0.000000	0.000000	0.000000	0.000000	0.707141	0.707076	0.000000	0.000000	
0.000205	0.183229	0.009858	0.000000	0.467166	0.000000	0.501510	0.706555	
0.709918	0.010422	0.704236	0.000000	0.000000	0.000000	0.000000	0.000000	
0.000001	0.000022	0.707829	0.706403	0.000001	0.000000	0.000000	0.000111	
0.000000	0.713914	0.000000	0.000000	0.000002	0.000000	0.000000	0.704259	
0.219118	0.006692	0.000029	0.000611	0.674653	0.000000	0.000000	0.704834	
0.000000	0.000000	0.000000	0.000000	0.000000	0.000000	0.000000	1.000004	
0.000018	0.000002	0.078008	0.694754	0.000000	0.000000	0.726456	0.000000	
0.000000	0.719606	0.000000	0.694257	0.000000	0.013418	0.000000	0.000000	
0.001245	0.708817	0.705481	0.000000	0.000000	0.000000	0.000000	0.000000	
0.000000	0.000000	0.000000	0.000000	0.000000	0.000000	1.000002	0.000000	
0.002194	0.703081	0.006711	0.000000	0.726220	0.000001	0.000000	0.000000	
