0.000700	0.708961	0.705276	0.000002	0.000012	0.000000	0.000000	0.000000	
0.000000	0.000000	0.000000	0.000000	1.000020	0.000000	0.000000	0.000000	
0.000000	0.000333	0.707700	0.000059	0.709821	0.000000	0.000000	0.000462	
0.000000	0.000000	0.000000	0.000000	0.707795	0.000000	0.707792	0.000000	
0.000000	0.000000	0.000000	0.000000	0.000000	0.708108	0.000000	0.708590	
0.000000	0.000000	0.000000	1.003015	0.000000	0.000000	0.000000	0.000000	
0.000000	0.000000	0.000000	0.000000	0.000000	0.000000	1.000002	0.000000	
0.000000	0.000000	0.000000	0.000000	0.706175	0.000000	0.000000	0.708106	
0.709114	0.000467	0.001295	0.706186	0.000000	0.000000	0.000000	0.000000	
0.000000	0.000000	0.707532	0.000000	0.000000	0.000000	0.706720	0.000000	
0.709799	0.000003	0.705274	0.000000	0.000000	0.000000	0.000000	0.000000	
0.000000	0.000000	0.000000	0.715279	0.000057	0.712315	0.000002	0.000000	
0.706678	0.000000	0.000000	0.000004	0.707574	0.000000	0.000000	0.000000	
0.000000	0.000000	0.000000	0.000000	0.000000	0.707104	0.707114	0.000000	
0.000000	1.008589	0.000000	0.000000	0.000000	0.000000	0.000000	0.000000	
1.000014	0.000000	0.000000	0.000000	0.000000	0.000000	0.000000	0.000000	
0.000000	0.000000	0.000000	0.000000	0.707419	0.707198	0.000001	0.000000	
0.703518	0.710867	0.000000	0.000349	0.000002	0.000000	0.000000	0.000000	
0.000000	0.000000	0.000002	0.707769	0.000000	0.000000	0.000001	0.706464	
0.000000	0.000000	0.000001	0.000000	0.000000	0.000000	0.707038	0.707225	
0.000112	0.001942	0.709460	0.710428	0.000003	0.000000	0.000000	0.000000	
0.000720	0.710388	0.000000	0.704517	0.000000	0.000000	0.000000	0.000000	
0.000038	0.715492	0.000030	0.000207	0.706578	0.000000	0.000001	0.000000	
0.000109	0.713680	0.000023	0.000003	0.000000	0.712382	0.000001	0.000000	
0.707012	0.000001	0.000000	0.000000	0.000000	0.000000	0.000000	0.707219	
0.000242	0.708235	0.000000	0.000018	0.000005	0.000000	0.000000	0.705993	
0.707919	0.000000	0.000000	0.000000	0.000000	0.000000	0.706298	0.000000	
0.709157	0.000000	0.000000	0.000000	0.000000	0.706690	0.000000	0.000000	
0.000061	0.000064	0.000004	0.707578	0.707869	0.000000	0.000000	0.000004	
0.000000	0.000000	1.000018	0.000000	0.000000	0.000000	0.000000	0.000000	
0.000008	0.000756	0.707758	0.000085	0.000000	0.706482	0.000000	0.000000	
0.000001	0.000025	0.706966	0.000000	0.000000	0.000000	0.000000	0.707268	
0.000002	0.717246	0.001776	0.000000	0.000000	0.000000	0.711223	0.000000	
0.000000	0.000000	0.000001	0.712623	0.000001	0.000000	0.704437	0.000000	
0.000000	0.000000	0.000000	0.000000	0.000000	1.000012	0.000000	0.000000	
0.000000	0.000000	0.000000	0.000000	0.000000	0.000000	0.000000	1.000334	
0.702532	0.711702	0.000023	0.000016	0.000002	0.000000	0.000000	0.000000	
0.707756	0.000000	0.000000	0.000000	0.000000	0.706479	0.000000	0.000000	
0.000061	0.000064	0.000004	0.706933	0.707317	0.000000	0.000006	0.000004	
0.000000	0.000000	0.000000	1.000137	0.000000	0.000000	0.000000	0.000000	
0.000834	0.710179	0.000000	0.704309	0.000000	0.000000	0.000000	0.000000	
0.722716	0.039791	0.000764	0.020316	0.000001	0.026624	0.691592	0.000000	
0.000122	0.000013	0.999985	0.000000	0.000000	0.000000	0.000000	0.013289	
0.000000	0.000000	0.000000	0.000000	0.000000	0.698747	0.000000	0.715383	
0.000000	0.000000	0.707538	0.000000	0.000000	0.000000	0.706726	0.000000	
0.696893	0.005173	0.024987	0.000004	0.717131	0.000000	0.000006	0.000000	
0.000694	0.708414	0.705843	0.000276	0.000000	0.000000	0.000000	0.000000	
0.000000	0.000000	0.000000	0.717614	0.000059	0.714641	0.000002	0.000000	
0.707633	0.000001	0.000000	0.706603	0.000000	0.000000	0.000000	0.000000	
0.000000	0.000362	0.705381	0.000000	0.000000	0.708838	0.000000	0.000000	
0.000000	0.000000	0.000000	0.000000	0.000000	1.000071	0.000000	0.000000	
0.000000	0.000000	0.000002	0.711147	0.000000	0.000000	0.000001	0.709834	
0.000000	0.979727	0.000000	0.202850	0.000000	0.011693	0.000000	0.000000	
0.000042	0.715489	0.000030	0.000207	0.706575	0.000000	0.000003	0.000001	
0.997286	0.000002	0.072053	0.009371	0.016343	0.000000	0.000000	0.000000	
0.000000	0.000000	0.000001	0.714490	0.000009	0.000000	0.706283	0.000000	
0.707184	0.000003	0.707078	0.000000	0.000000	0.000000	0.000000	0.000000	
0.000000	0.000000	0.000000	0.000000	0.000000	0.000000	0.706339	0.708372	
0.000109	0.713716	0.000023	0.000423	0.000000	0.712418	0.000001	0.000000	
0.000000	0.000000	0.000000	0.000000	0.706875	0.000000	0.000000	0.708808	
0.000001	0.000025	0.705950	0.000000	0.000000	0.000000	0.000000	0.708286	
0.000000	0.000000	0.000000	0.000000	0.000000	0.000000	0.000000	1.000402	
0.000000	0.000000	0.000000	0.000000	0.707304	0.000002	0.707301	0.000000	
0.056701	0.740641	0.000267	0.024752	0.000012	0.000009	0.000022	0.691522	
0.000000	0.000000	0.000001	0.000020	0.705595	0.711126	0.000001	0.000000	
0.000000	0.000000	0.000000	0.011304	0.491812	0.510242	0.707301	0.000000	
0.000000	0.000000	0.000000	0.000000	1.000030	0.000000	0.000000	0.000000	
0.000000	0.000335	0.707697	0.000059	0.709818	0.000000	0.000000	0.000463	
0.000025	0.017275	0.715379	0.705939	0.010718	0.000000	0.000000	0.000000	
0.706158	0.000001	0.000000	0.000000	0.000000	0.000000	0.000000	0.708090	
0.000000	0.000000	0.000000	0.000000	0.000000	0.000000	1.000002	0.000000	
0.000002	0.717253	0.001776	0.000000	0.000000	0.000000	0.711230	0.000000	
0.702728	0.711901	0.000000	0.000016	0.000002	0.000000	0.000000	0.000000	
0.000004	0.000296	0.002163	0.707783	0.000000	0.000000	0.000001	0.706623	
0.000001	0.004727	0.727823	0.000000	0.000000	0.700201	0.011424	0.000000	
0.000218	0.733282	0.027340	0.004882	0.000000	0.681437	0.000000	0.000000	
0.709923	0.003945	0.000540	0.082020	0.714937	0.000000	0.000005	0.000004	
0.999943	0.010134	0.007300	0.000002	0.000012	0.000000	0.000000	0.000000	
0.016545	0.016761	0.000009	0.000016	0.000000	0.000001	0.000000	1.000038	
0.036717	0.037196	0.000000	0.998994	0.000000	0.000000	0.000000	0.000000	
0.000000	0.000335	0.707697	0.000084	0.709818	0.000000	0.000000	0.000463	
0.706158	0.000001	0.000000	0.000000	0.000000	0.000000	0.000000	0.708090	
0.000000	0.000000	0.000000	0.000000	0.707714	0.000000	0.707412	0.000000	
0.009126	0.998950	0.047595	0.000000	0.000000	0.000000	0.000000	0.000000	
0.000061	0.000064	0.000004	0.706829	0.707412	0.000000	0.000006	0.000004	
0.057513	0.712268	0.000000	0.029687	0.703371	0.000000	0.000382	0.000000	
0.000006	0.696680	0.001202	0.717482	0.000000	0.000000	0.008828	0.000000	
0.000000	0.000000	1.000013	0.000000	0.000000	0.000000	0.000000	0.000000	
0.000000	0.000000	0.000000	0.000000	0.000000	0.000000	0.709193	0.709380	
0.000005	0.692957	0.000000	0.145793	0.000000	0.012370	0.000000	0.705994	
0.000039	0.001582	0.011550	0.712602	0.000001	0.000000	0.704511	0.000000	
0.709799	0.000003	0.705274	0.000000	0.000000	0.000000	0.000000	0.000000	
0.468560	0.025866	0.000000	0.013350	0.456513	0.000000	0.756658	0.000000	
0.000000	0.000002	0.003744	0.717717	0.000059	0.714753	0.000002	0.000000	
0.004261	0.055168	0.582945	0.813423	0.000582	0.037758	0.000000	0.000000	
0.000000	0.000000	0.000000	0.000000	0.000000	0.000000	1.000002	0.000000	
0.000000	0.000000	0.000000	0.000000	0.000000	0.713956	0.713966	0.000000	
0.000000	0.000009	0.000976	0.014317	0.705346	0.711022	0.000001	0.000000	
0.102013	0.000052	0.000017	0.004120	0.994806	0.000000	0.000000	0.000000	
0.508379	0.000000	0.494423	0.000000	0.000000	0.706690	0.000000	0.000000	
