1.000114	0.000000	0.000000	0.000000	0.000000	0.000000	0.000000	0.000000	
0.000000	0.000000	0.000000	0.000000	0.000000	1.000007	0.000000	0.000000	
0.000000	1.014784	0.000000	0.000000	0.000000	0.000000	0.000000	0.000000	
0.000000	0.000000	0.000000	0.000000	0.706888	0.000000	0.000000	0.708261	
0.000000	0.000000	1.000032	0.000000	0.000000	0.000000	0.000000	0.000000	
0.000002	0.713494	0.000000	0.000002	0.000000	0.700690	0.000000	0.000000	
0.707203	0.000000	0.000000	0.000000	0.000000	0.707032	0.000000	0.000000	
0.000002	0.729864	0.000000	0.000056	0.000000	0.000000	0.724030	0.000000	
0.000000	0.000000	0.000000	0.000000	0.000000	0.000000	0.000000	1.000006	
0.000000	0.000007	0.706023	0.000012	0.000000	0.708237	0.000000	0.000000	
0.000000	0.003595	0.000000	0.713848	0.000000	0.700420	0.000000	0.000000	
0.000000	0.000000	0.704908	0.714412	0.000000	0.000211	0.000000	0.000000	
0.709007	0.000000	0.000002	0.000000	0.000000	0.000000	0.000000	0.709236	
0.000000	0.000000	0.000000	1.012159	0.000000	0.000000	0.000000	0.000000	
0.000000	0.000000	0.000001	0.000000	0.000000	0.000000	0.706279	0.707966	
0.000000	0.000009	0.706767	0.000000	0.708222	0.000000	0.000000	0.000000	
0.000000	0.000000	0.000000	0.000000	0.707808	0.706423	0.000000	0.000000	
0.000848	0.713221	0.000000	0.701044	0.000007	0.000000	0.000000	0.000000	
0.000000	0.000000	0.000000	0.000000	0.000000	0.707106	0.707117	0.000000	
0.000000	0.000000	0.000000	0.726108	0.000000	0.000000	0.710929	0.000000	
0.000000	0.000000	0.000000	0.000000	0.000000	0.707579	0.000000	0.708096	
0.000006	0.000000	0.000152	0.709211	0.706530	0.000000	0.000000	0.000050	
0.000000	0.000000	0.000000	0.000000	0.000000	0.000000	1.000014	0.000000	
0.000004	0.711838	0.000000	0.000512	0.000000	0.004346	0.000000	0.703207	
0.708242	0.000003	0.708135	0.000000	0.000000	0.000000	0.000000	0.000000	
0.000004	0.709665	0.704588	0.000017	0.000000	0.000001	0.000000	0.000000	
0.000000	0.000000	0.000000	0.000000	0.708149	0.000000	0.706300	0.000000	
0.706678	0.000000	0.000000	0.000004	0.707574	0.000000	0.000000	0.000000	
0.000000	0.711475	0.000000	0.000000	0.702728	0.000000	0.000000	0.000000	
0.000017	0.001437	0.713410	0.000000	0.000000	0.000011	0.000000	0.714533	
0.000926	0.000000	0.000000	0.707216	0.000000	0.000000	0.000379	0.707445	
0.000000	0.000000	0.000000	0.000000	1.000490	0.000000	0.000000	0.000000	
0.707649	0.000001	0.000000	0.706619	0.000000	0.000000	0.000000	0.000000	
0.699523	0.714646	0.000000	0.000000	0.000008	0.000000	0.000000	0.000000	
0.000000	0.000000	0.707538	0.000000	0.000000	0.000000	0.706726	0.000000	
0.707920	0.000000	0.000000	0.000000	0.000000	0.000000	0.706299	0.000000	
0.000000	0.711476	0.000000	0.000000	0.702729	0.000000	0.000000	0.000000	
0.702425	0.000012	0.000000	0.000000	0.712018	0.000000	0.000000	0.000000	
0.000000	0.000000	0.000000	0.000000	0.000000	0.715450	0.000000	0.703766	
0.000000	0.000000	0.000000	0.000000	0.000000	0.000000	1.000011	0.000000	
0.000000	0.000001	0.000046	0.707943	0.000000	0.000000	0.706288	0.000041	
0.000000	0.000000	0.000000	0.000000	0.711638	0.704180	0.000000	0.000000	
0.000000	0.000000	0.000000	0.000000	1.000110	0.000000	0.000000	0.000000	
0.000000	0.000055	0.706612	0.000000	0.708067	0.000000	0.000000	0.000000	
0.000000	0.000007	0.702667	0.000000	0.000000	0.712156	0.000000	0.000000	
0.702959	0.049965	0.044961	0.739198	0.023594	0.000000	0.028898	0.000463	
0.000001	0.000036	0.000001	0.004393	0.000007	0.704592	0.726051	0.000000	
0.000000	0.000000	0.000000	1.000281	0.000000	0.000000	0.000000	0.000000	
0.000065	0.005220	0.999943	0.012787	0.000000	0.000000	0.000000	0.000000	
0.002663	0.000005	0.707643	0.706618	0.000000	0.000000	0.000000	0.000000	
0.000000	0.000000	0.000000	0.000000	0.000000	0.000000	0.000000	1.000008	
0.999501	0.038535	0.000001	0.000000	0.000000	0.006167	0.000000	0.008233	
0.700478	0.000000	0.000156	0.000000	0.000000	0.000000	0.713687	0.000000	
0.000000	0.000000	0.000000	0.000000	0.000000	0.000000	0.708797	0.707013	
0.000002	0.707211	0.000000	0.006504	0.003510	0.706989	0.000000	0.000000	
0.701277	0.712904	0.000000	0.000000	0.000008	0.000000	0.000000	0.000000	
0.721785	0.021393	0.701292	0.001809	0.006726	0.002345	0.000000	0.000000	
0.000000	0.000000	0.706539	0.000001	0.000000	0.000000	0.707717	0.000000	
0.000000	0.000000	0.000000	0.000000	0.708093	0.000000	0.706132	0.000000	
0.000001	0.000000	0.000153	0.714811	0.701906	0.000000	0.000000	0.000037	
0.000000	0.709665	0.704588	0.000017	0.000000	0.000001	0.000000	0.000000	
0.000002	0.737297	0.000000	0.000000	0.000000	0.000000	0.731403	0.000000	
0.001423	0.000020	0.706563	0.000000	0.000000	0.000000	0.000000	0.708292	
0.695034	0.098449	0.000000	0.000000	0.000000	0.717559	0.000000	0.000000	
0.000000	0.000000	0.000000	0.000000	0.710952	0.000000	0.000000	0.707284	
0.000000	1.009974	0.000000	0.000000	0.000000	0.000000	0.000000	0.000000	
0.000000	0.000000	0.000000	0.706857	0.000000	0.000001	0.000000	0.707378	
0.000000	0.000000	0.000000	0.707191	0.000000	0.707035	0.000000	0.000000	
0.000005	0.711852	0.000000	0.000517	0.000000	0.004346	0.000000	0.703220	
0.000834	0.710179	0.000000	0.704309	0.000000	0.000000	0.000000	0.000000	
0.000000	0.000000	0.000000	0.000000	0.000000	1.000047	0.000000	0.000000	
0.697994	0.000000	0.000000	0.000000	0.000000	0.000000	0.000000	0.716137	
0.000000	0.000000	0.706613	0.708243	0.008375	0.000210	0.061659	0.000000	
0.000000	0.000000	0.000000	0.000000	0.000000	0.000000	0.000000	1.000007	
0.000000	0.000000	0.000000	0.000000	0.692031	0.000000	0.724337	0.000000	
0.000000	0.000007	0.082638	0.000001	0.702625	0.709687	0.000000	0.000000	
0.000000	0.000000	0.000000	0.000000	1.001362	0.000000	0.000000	0.000000	
0.000002	0.638563	0.000000	0.005935	0.007933	0.769904	0.000000	0.000000	
0.019414	0.720981	0.000000	0.000000	0.688828	0.000000	0.073167	0.000000	
0.000002	0.707689	0.000002	0.000000	0.000000	0.000001	0.000000	0.707650	
0.706842	0.707387	0.000000	0.000000	0.000000	0.000000	0.000000	0.000000	
0.724070	0.000000	0.000000	0.000000	0.000000	0.000000	0.689865	0.000000	
0.002543	0.108166	0.994102	0.000028	0.009857	0.000141	0.000000	0.000411	
0.993080	0.121511	0.000000	0.000075	0.000000	0.000000	0.000000	0.000000	
0.705563	0.000479	0.052257	0.717034	0.000000	0.001056	0.006536	0.000000	
0.000003	0.000244	0.035428	0.000039	0.035800	0.999125	0.000000	0.000000	
0.000000	0.760642	0.000000	0.000003	0.000000	0.000000	0.700661	0.000000	
0.000000	0.000000	0.000000	0.000000	0.000000	0.000000	1.000011	0.000000	
0.002310	0.075787	0.003119	0.997685	0.011788	0.030592	0.000000	0.000047	
0.691540	0.146141	0.000608	0.001932	0.037457	0.706423	0.000000	0.000000	
0.000000	0.000000	0.000000	0.706857	0.000000	0.000001	0.000000	0.707378	
0.000112	0.000022	0.702370	0.000033	0.002528	0.711860	0.000000	0.000000	
0.023508	0.999734	0.003534	0.000000	0.000189	0.000141	0.000000	0.000088	
0.000000	0.000000	0.000001	0.000000	0.000000	0.000000	0.725128	0.689513	
0.000000	0.000000	0.706540	0.000001	0.000002	0.000000	0.707717	0.000000	
0.498447	0.013666	0.495067	0.000012	0.000000	0.000001	0.000000	0.711583	
0.709880	0.017366	0.000000	0.017186	0.703905	0.005438	0.000000	0.005632	
0.000017	0.000001	0.000152	0.715150	0.700502	0.000000	0.000000	0.000047	
0.006399	0.000384	0.000229	0.006386	0.000008	0.696728	0.717284	0.005632	
0.000000	0.000000	0.000000	0.000000	0.000000	0.674719	0.000000	0.739674	
