0.000000	0.000001	0.000225	0.615956	0.583481	0.597193	0.000017	0.000038	
0.000094	0.000096	1.021446	0.000786	0.000029	0.000022	0.000132	0.000098	
0.018765	0.601560	0.008472	0.000250	0.599937	0.001140	0.000195	0.576884	
0.007122	0.000230	0.014825	0.000061	0.612962	0.000308	0.591041	0.593051	
0.454727	0.000241	0.000287	0.000193	0.000536	0.000201	0.000023	0.917749	
0.000645	0.011814	0.479436	0.000169	0.000198	0.000873	0.943779	0.000754	
0.000030	0.006798	0.000032	0.476209	0.000419	0.000486	0.938013	0.001376	
0.000293	0.000007	0.477418	0.000131	0.000317	0.949964	0.000032	0.000170	
0.000006	0.000000	0.000000	0.000000	0.000000	0.597534	0.590470	0.580385	
0.009351	0.620131	0.000112	0.000277	0.001437	0.000230	0.609320	0.589351	
0.003969	0.000058	0.000016	0.603867	0.601898	0.000495	0.000197	0.578770	
0.585468	0.008308	0.000881	0.591816	0.005808	0.607026	0.000708	0.001600	
0.928457	0.008412	0.003785	0.001164	0.000015	0.000021	0.436625	0.001572	
0.614238	0.002484	0.000037	0.000120	0.601851	0.606673	0.000476	0.000258	
0.000002	0.000443	0.000021	0.459291	0.924837	0.000455	0.000031	0.000199	
0.006775	0.590357	0.003489	0.560548	0.007410	0.595168	0.000095	0.000485	
0.000010	0.000187	0.000166	0.000197	0.000001	0.000001	0.910301	0.458819	
0.000969	0.000006	0.457780	0.000316	0.913126	0.001340	0.000065	0.000049	
0.007395	0.000105	0.581759	0.588055	0.005771	0.603168	0.000703	0.001590	
0.000791	0.000913	0.925301	0.000279	0.001711	0.459730	0.000000	0.001223	
0.010843	0.592048	0.001248	0.000838	0.588525	0.003647	0.588150	0.000073	
0.000112	0.000006	0.000005	0.000002	0.458281	0.907226	0.000045	0.000124	
0.000265	0.897771	0.002553	0.003013	0.001671	0.463437	0.000014	0.001496	
0.000020	0.591410	0.601253	0.000005	0.585209	0.000009	0.010203	0.001240	
0.000107	0.000351	0.501037	0.984000	0.000077	0.001809	0.000057	0.000039	
0.000042	0.920644	0.466639	0.002813	0.000319	0.000963	0.000665	0.000004	
0.000308	0.008659	0.008039	0.000005	0.626176	0.590072	0.000399	0.567563	
0.002362	0.455033	0.005540	0.003653	0.919915	0.000012	0.000001	0.004629	
0.000052	0.000006	0.000056	0.002056	0.455907	0.000456	0.006258	0.906770	
0.001945	0.466980	0.002221	0.000196	0.000411	0.000850	0.913844	0.001491	
0.479049	0.001999	0.003924	0.000169	0.000951	0.000872	0.924203	0.000738	
0.000019	0.000142	0.929553	0.453999	0.002969	0.003246	0.000130	0.000694	
0.000008	0.001339	0.922744	0.000388	0.004641	0.000086	0.454294	0.001259	
0.018309	0.920732	0.004501	0.460044	0.000484	0.003514	0.007420	0.000409	
0.000270	0.000009	0.000003	0.000001	0.004788	0.442429	0.920074	0.001993	
0.000034	0.000036	0.000001	0.466145	0.000178	0.916140	0.000130	0.000113	
0.002522	0.600367	0.000180	0.000260	0.006824	0.585310	0.591249	0.000288	
0.600872	0.004236	0.000234	0.000821	0.598535	0.001138	0.000132	0.578489	
0.000000	0.000000	0.000000	0.000000	0.000000	0.000000	0.454884	0.914408	
0.000013	0.009378	0.000073	0.915082	0.457854	0.001065	0.000462	0.001433	
0.474273	0.005193	0.966102	0.000059	0.000486	0.001406	0.000169	0.000055	
0.593343	0.003621	0.001552	0.588237	0.001573	0.000029	0.001561	0.586302	
0.000425	0.000817	0.600287	0.000281	0.000836	0.000090	0.588254	0.603837	
0.000692	0.000018	0.000647	0.602793	0.000634	0.006510	0.589364	0.573720	
0.002484	0.591539	0.000499	0.000101	0.006895	0.587355	0.000854	0.578624	
0.000024	0.001475	0.935344	0.000086	0.464351	0.000023	0.000044	0.000181	
0.000001	0.000000	0.000018	0.000017	0.000022	0.458041	0.000007	0.914165	
0.583198	0.014422	0.572929	0.594434	0.000433	0.000519	0.002406	0.001403	
0.607528	0.005888	0.608963	0.000220	0.000118	0.000640	0.000410	0.585183	
0.000313	0.000002	0.000290	0.000007	0.916737	0.000880	0.000410	0.440052	
0.022840	0.000232	0.625923	0.005632	0.000086	0.631172	0.000412	0.604917	
0.000419	0.007648	0.004069	0.510627	0.000025	0.000127	0.000011	0.931363	
0.474914	0.000589	0.000402	0.000201	0.915948	0.000018	0.001916	0.001055	
0.597065	0.598727	0.000474	0.001938	0.001020	0.000630	0.011127	0.583838	
0.000000	0.000001	0.000000	0.000003	0.000926	0.909389	0.435476	0.000325	
0.000000	0.000001	0.000000	0.000396	0.000006	0.935895	0.000044	0.460993	
0.002119	0.000004	0.601506	0.601109	0.592521	0.001334	0.000007	0.000053	
0.938021	0.000498	0.001574	0.000333	0.000047	0.001392	0.000007	0.451839	
0.603861	0.004682	0.596625	0.000005	0.580504	0.000006	0.008360	0.001242	
0.611005	0.594307	0.000202	0.003580	0.578951	0.002128	0.002177	0.001430	
0.918651	0.000842	0.456006	0.001453	0.000089	0.001466	0.001630	0.005573	
0.002549	0.000013	0.002183	0.593401	0.594794	0.001186	0.581930	0.000515	
0.617073	0.006668	0.002834	0.000808	0.000198	0.003481	0.589103	0.575682	
0.000086	0.000011	0.000002	0.916988	0.000028	0.000937	0.453876	0.000253	
0.000020	0.000044	0.001199	0.000016	0.468975	0.000449	0.908662	0.002279	
0.005060	0.612211	0.001731	0.639014	0.001694	0.001044	0.586574	0.000196	
0.597673	0.014779	0.590710	0.000185	0.000048	0.000162	0.584244	0.000084	
0.459139	0.000523	0.000184	0.000226	0.000849	0.904244	0.000000	0.001193	
0.000892	0.588490	0.001864	0.002089	0.611299	0.594295	0.000378	0.000060	
0.918942	0.002134	0.000954	0.457237	0.000402	0.000078	0.000039	0.001209	
0.001429	0.467960	0.000446	0.006850	0.000183	0.000046	0.000015	0.931036	
0.469965	0.000854	0.001954	0.918103	0.003112	0.002372	0.000038	0.000037	
0.000020	0.002376	0.598720	0.595934	0.000071	0.000593	0.585133	0.000281	
0.000000	0.000002	0.000020	0.000042	0.000001	1.010238	0.000045	0.000130	
0.595702	0.005685	0.000179	0.000258	0.006771	0.580784	0.586742	0.000286	
0.000543	0.000005	0.000021	0.000010	0.926845	0.468544	0.000124	0.000150	
0.468744	0.911722	0.000195	0.005467	0.000395	0.003231	0.001843	0.000572	
0.609534	0.582832	0.000200	0.000247	0.001896	0.002527	0.582083	0.000240	
0.001299	0.916744	0.007089	0.000081	0.458667	0.000263	0.000462	0.000174	
0.010524	0.607215	0.608712	0.000220	0.000452	0.000639	0.000410	0.584941	
0.596843	0.600225	0.587368	0.000067	0.000065	0.000717	0.000134	0.000108	
0.907141	0.467377	0.001116	0.001491	0.009855	0.005887	0.000236	0.000071	
0.000000	0.000000	0.000000	0.000000	0.000000	0.000000	1.019039	0.000004	
0.603760	0.000254	0.001332	0.000600	0.578039	0.000897	0.588412	0.000822	
1.026657	0.000523	0.000649	0.000505	0.001211	0.001349	0.000039	0.000450	
0.602440	0.003678	0.000257	0.578314	0.581876	0.000022	0.000037	0.000009	
0.000401	0.007314	0.568947	0.000779	0.635686	0.001955	0.000613	0.587875	
0.000765	0.573569	0.587662	0.000570	0.005493	0.599422	0.009898	0.000004	
0.003994	0.463338	0.946352	0.003661	0.009289	0.000023	0.000044	0.000183	
0.000049	0.000181	0.000225	0.985561	0.000668	0.000702	0.000051	0.473089	
0.002147	0.451231	0.001444	0.914993	0.000184	0.000932	0.012708	0.000034	
0.004382	0.000097	0.000002	0.916521	0.000087	0.455143	0.001904	0.000395	
0.000024	0.002037	0.596922	0.607262	0.000262	0.000173	0.000093	0.582335	
0.583655	0.000828	0.576919	0.000922	0.000027	0.598436	0.000007	0.000272	
0.001551	0.000016	0.000039	0.591848	0.000064	0.600090	0.000791	0.574390	
0.915302	0.024042	0.007080	0.000081	0.458103	0.000263	0.000462	0.000174	
0.000944	0.465343	0.000578	0.000002	0.000383	0.925380	0.000891	0.000165	
0.000010	0.000608	0.000024	0.000011	1.037952	0.000103	0.000012	0.000150	
0.012267	0.926709	0.000291	0.001308	0.000088	0.001319	0.435821	0.001569	
0.019741	0.597673	0.006886	0.613877	0.596565	0.002351	0.000099	0.000505	
0.000059	0.000957	0.000065	1.031827	0.000088	0.000057	0.000022	0.000142	
0.000003	0.000467	0.000027	0.586727	0.000016	0.594896	0.578641	0.000266	
0.004158	0.000111	0.000091	0.000004	0.937211	0.001303	0.462117	0.000286	
0.609863	0.578590	0.003430	0.578936	0.007540	0.000967	0.001848	0.004738	
0.001863	0.615557	0.000449	0.605795	0.000119	0.000788	0.001635	0.588966	
0.000000	0.000011	0.000000	0.000001	0.000000	0.000000	0.000000	1.009564	
0.000272	0.010734	0.596091	0.003984	0.000003	0.593619	0.581592	0.000060	
0.910811	0.001337	0.000366	0.000448	0.001684	0.452531	0.000000	0.001204	
0.001887	0.950929	0.001601	0.000352	0.000162	0.000753	0.001417	0.457475	
0.000235	0.000002	0.000180	0.000349	0.596210	0.597145	0.585048	0.000712	
0.000913	0.598328	0.590153	0.000217	0.000434	0.000160	0.597572	0.000393	
0.000069	0.002100	0.601391	0.000057	0.596888	0.587727	0.000106	0.000382	
0.032629	0.584402	0.575757	0.596879	0.000435	0.000245	0.000832	0.001409	
0.611661	0.001093	0.002528	0.607013	0.001649	0.000014	0.571180	0.000194	
0.000152	0.003576	0.475880	0.000590	0.000043	0.001085	0.000010	0.934914	
0.582836	0.603269	0.001395	0.000873	0.000691	0.571802	0.000117	0.007612	
0.002066	1.018649	0.000020	0.000380	0.000173	0.000187	0.000479	0.000061	
0.000081	0.002214	0.611374	0.002378	0.600079	0.003755	0.592426	0.001186	
0.614942	0.001337	0.000495	0.000646	0.000058	0.590771	0.000043	0.591242	
0.000069	0.003393	0.932818	0.000046	0.000387	0.000101	0.000236	0.448497	
0.025539	0.000273	0.699901	0.006298	0.000096	0.751834	0.000476	0.000151	
0.000525	0.001733	0.509873	1.001359	0.000077	0.000834	0.000058	0.006312	
0.010542	0.655417	0.004894	0.649937	0.470914	0.000024	0.000043	0.000180	
0.000048	1.049645	0.011378	0.002861	0.000324	0.000980	0.000676	0.000004	
0.001412	0.446589	0.000426	0.000052	0.000210	0.000044	0.000014	0.915491	
0.033901	0.619839	0.025973	0.619740	0.000989	0.002011	0.000631	0.607967	
0.608784	0.000256	0.000158	0.000605	0.582847	0.000903	0.581092	0.000837	
0.002162	0.000019	1.021804	0.000706	0.009610	0.001341	0.004104	0.000053	
0.534241	0.012160	0.000664	0.000002	0.106049	0.929017	0.000944	0.000132	
0.033913	0.488560	0.001521	0.000147	0.508301	0.491819	0.000196	0.557280	
0.009996	0.459680	0.366039	0.602509	0.026072	0.001147	0.583801	0.000077	
0.616190	0.584778	0.000464	0.000300	0.001910	0.002546	0.576277	0.000240	
0.000097	0.022437	0.021549	0.852702	0.004297	0.000295	0.002492	0.568430	
0.000086	0.000011	0.000002	0.921150	0.022867	0.000941	0.456076	0.000185	
0.000057	0.042622	0.823265	0.000572	0.000098	0.601983	0.009877	0.000004	
0.000000	0.000005	0.000096	0.000116	0.000084	0.474840	0.901465	0.000189	
0.517922	0.000939	0.001918	0.513420	0.001373	0.729524	0.022592	0.000932	
0.483445	0.002017	0.003960	0.000170	0.000960	0.000061	0.916931	0.000733	
0.001963	0.951089	0.001593	0.000366	0.000162	0.000765	0.001417	0.457552	
0.000009	0.000144	0.936131	0.457212	0.002990	0.003290	0.000169	0.000699	
0.003970	0.000024	0.000079	0.000003	0.780704	0.000959	0.760348	0.067273	
0.000942	0.617303	0.597859	0.000222	0.000418	0.000163	0.611051	0.006861	
0.000221	0.000075	0.000179	0.000346	0.591992	0.603291	0.586019	0.000847	
0.600372	0.602043	0.000476	0.001948	0.000987	0.000634	0.011188	0.587072	
0.000584	0.010563	0.001002	0.000012	0.587739	0.006517	0.575852	0.615631	
0.000006	0.000000	0.000000	0.000000	0.000000	0.597513	0.588009	0.579181	
0.000044	0.007528	0.606443	0.000818	0.685717	0.000085	0.450694	0.019431	
0.585037	0.000768	0.578284	0.002147	0.001516	0.599855	0.000017	0.000375	
0.017781	0.458085	0.941928	0.000057	0.000280	0.001977	0.006280	0.000053	
0.000000	0.000008	0.000007	0.000001	0.000000	0.000000	0.000000	1.010598	
0.620486	0.002510	0.000038	0.000010	0.607973	0.612844	0.000048	0.000261	
0.348738	0.002128	0.003705	0.004765	0.034395	0.035122	0.760000	0.577267	
0.938021	0.000498	0.001574	0.000333	0.000099	0.001392	0.000007	0.451839	
0.624662	0.001358	0.000129	0.000657	0.000127	0.600108	0.598542	0.001807	
0.000715	0.013029	0.606087	0.000701	0.021558	0.601785	0.000614	0.574049	
0.000000	0.000000	0.000001	0.000001	0.000033	0.459825	0.000007	0.917726	
0.013454	0.776243	0.380639	0.000209	0.000077	0.000643	0.000412	0.588204	
0.397471	0.370880	0.617655	0.578117	0.021514	0.000718	0.000052	0.182017	
0.045462	0.733019	0.007558	0.742293	0.002997	0.002360	0.000170	0.000700	
0.000020	0.001480	0.938605	0.000086	0.465969	0.001506	0.000044	0.000182	
0.616095	0.000231	0.590390	0.000380	0.000069	0.000539	0.579137	0.006292	
1.034824	0.000549	0.001736	0.000367	0.000109	0.001536	0.010931	0.000057	
0.011063	0.604082	0.000099	0.000855	0.600486	0.068706	0.589656	0.000088	
0.468654	0.375822	0.040855	0.002136	0.000777	0.606812	0.000065	0.577606	
0.000051	0.025659	0.843127	0.000355	0.004243	0.000078	0.415288	0.462705	
0.441968	0.010822	0.338384	0.629067	0.026022	0.001145	0.582677	0.000084	
0.002073	0.474163	0.002256	0.007552	0.003605	0.000112	0.934051	0.000084	
0.597767	0.601154	0.588278	0.001865	0.000318	0.000718	0.000113	0.000108	
0.000894	0.021416	0.501090	0.000622	0.000045	0.001144	0.000011	0.911757	
0.937781	0.000362	0.007143	0.004646	0.445853	0.002679	0.000411	0.000041	
0.000542	0.000522	0.018638	0.000238	0.447087	0.010423	0.927181	0.002932	
0.014687	0.519554	0.000643	0.000002	0.000428	0.911104	0.000903	0.016684	
0.904711	0.001328	0.001484	0.000444	0.001673	0.449500	0.000000	0.001196	
0.004067	0.014855	0.017499	1.021199	0.021854	0.000729	0.000053	0.031753	
0.000401	0.007314	0.568947	0.000779	0.635686	0.001955	0.000613	0.587875	
0.607111	0.001103	0.002524	0.582750	0.586362	0.002348	0.000037	0.000177	
0.513727	0.487254	0.002935	0.032179	0.768623	0.000991	0.001836	0.004745	
0.000037	0.007207	0.000302	0.505336	0.000445	0.000515	0.932091	0.052037	
0.921474	0.002140	0.018405	0.435244	0.000399	0.002133	0.000039	0.005782	
0.000000	0.000001	0.000000	0.000003	0.000928	0.911861	0.436660	0.000326	
0.002314	0.002483	0.932841	0.005999	0.000203	0.000101	0.000122	0.448517	
0.041357	0.592044	0.000035	0.000811	0.591164	0.601878	0.000245	0.030685	
0.487653	0.026274	0.023088	0.003496	0.904586	0.000454	0.000031	0.000198	
0.603830	0.001971	0.006047	0.000047	0.605409	0.004177	0.000000	0.583244	
0.013329	0.001501	0.010653	0.459737	0.022472	0.000460	0.005941	0.916092	
0.000094	0.002996	0.000031	0.466100	0.000178	0.916070	0.000255	0.000113	
0.005246	0.060780	0.593144	0.598619	0.001538	0.001984	0.001579	0.592898	
0.000089	0.001649	0.000000	0.950897	0.498271	0.003278	0.000273	0.000181	
0.000331	0.016890	0.903117	0.013252	0.004439	0.000084	0.464253	0.000422	
0.600379	0.001089	0.001570	0.595159	0.001592	0.001985	0.001580	0.593224	
0.006664	0.000775	0.007106	0.262286	0.376215	0.000457	0.006296	0.912361	
0.002342	0.451116	0.005492	0.003621	0.911995	0.106574	0.000001	0.004778	
0.000119	0.000006	0.000005	0.000002	0.458281	0.907226	0.000045	0.000124	
0.452892	0.022762	0.928427	0.000448	0.000285	0.000491	0.006153	0.021062	
0.657077	0.000602	0.326164	0.000731	0.710075	0.001110	0.007844	0.005548	
0.000140	0.005528	0.596853	0.002249	0.000003	0.594298	0.573593	0.000925	
0.001385	0.050106	0.521957	0.515875	0.004029	0.735941	0.003612	0.000944	
0.002559	0.609203	0.000149	0.000104	0.006924	0.590516	0.585536	0.000290	
0.000000	0.000000	0.000000	0.000000	0.000000	0.000000	0.457082	0.918828	
0.000266	0.000014	0.000011	0.000005	1.025753	0.012957	0.000037	0.000038	
