0.239474	0.137271	0.000534	0.123293	
0.000000	0.000000	0.423074	0.077331	
0.072841	0.000388	0.000588	0.426403	
0.195221	0.147702	0.113215	0.044654	
0.000000	0.000000	0.000000	0.500330	
0.096373	0.073945	0.147081	0.182877	
0.062235	0.001228	0.391222	0.045926	
0.343674	0.070699	0.056728	0.042400	
0.284078	0.058439	0.129957	0.042523	
0.066230	0.365840	0.063683	0.004914	
0.249059	0.245619	0.003652	0.002105	
0.000000	0.000000	0.500394	0.000000	
0.180388	0.000214	0.188101	0.132212	
0.062136	0.434582	0.002808	0.000717	
0.381194	0.098409	0.014257	0.006383	
0.001014	0.158584	0.154075	0.187350	
0.157008	0.133615	0.209573	0.000080	
0.002689	0.066473	0.004413	0.426723	
0.124953	0.106335	0.166785	0.102203	
0.372571	0.000075	0.127876	0.000000	
0.000597	0.000029	0.064532	0.435387	
0.441785	0.001641	0.056865	0.000190	
0.195311	0.043104	0.260839	0.000991	
0.065743	0.052979	0.194538	0.187129	
0.341420	0.001835	0.047379	0.110082	
0.058482	0.189705	0.251347	0.000717	
0.006120	0.302417	0.017018	0.174854	
0.380766	0.013274	0.000007	0.106540	
0.002302	0.184038	0.305335	0.008716	
0.053531	0.005146	0.044358	0.397426	
0.000294	0.237025	0.237987	0.024945	
0.002420	0.063092	0.434964	0.000000	
0.244048	0.200460	0.051611	0.004917	
0.124487	0.001081	0.362202	0.012874	
0.108554	0.082109	0.261147	0.048587	
0.000956	0.098404	0.298359	0.102662	
0.000999	0.156215	0.156511	0.187381	
0.151054	0.002262	0.233258	0.113903	
0.435783	0.061508	0.000009	0.002983	
0.150247	0.155146	0.100825	0.094113	
0.197708	0.299219	0.003536	0.000000	
0.015426	0.000471	0.105714	0.378679	
0.056645	0.058822	0.354908	0.030477	
0.000000	0.500426	0.000000	0.000000	
0.187753	0.062587	0.000007	0.249883	
0.500481	0.000000	0.000000	0.000000	
0.001170	0.120408	0.365076	0.013727	
0.000810	0.269872	0.042716	0.187185	
0.058013	0.001055	0.441037	0.000398	
0.128135	0.114089	0.249690	0.008366	
0.179007	0.014794	0.288350	0.018263	
0.173305	0.178907	0.057179	0.090962	
0.055756	0.057898	0.349338	0.037859	
0.240645	0.000660	0.241904	0.017085	
0.151333	0.229032	0.112451	0.007651	
0.006011	0.297062	0.023678	0.173644	
0.068601	0.431024	0.000009	0.000719	
0.052284	0.354948	0.059548	0.033778	
0.124487	0.001081	0.362202	0.012874	
0.167290	0.059591	0.023555	0.249972	
0.364403	0.004662	0.126534	0.004864	
0.058814	0.190746	0.249971	0.000717	
0.033512	0.029260	0.058828	0.378648	
0.228730	0.172505	0.055733	0.043339	
0.197397	0.298748	0.004319	0.000000	
0.002296	0.183544	0.304514	0.010037	
0.342265	0.000988	0.047379	0.110081	
0.000161	0.052675	0.012348	0.435506	
0.157512	0.002359	0.243230	0.097377	
0.343284	0.052187	0.063620	0.041191	
0.000000	0.064542	0.428520	0.007274	
0.234458	0.142249	0.000534	0.123281	
0.064718	0.012379	0.022697	0.400620	
0.008364	0.006072	0.015832	0.470860	
0.137917	0.113914	0.248222	0.000398	
0.018434	0.000050	0.046969	0.434778	
0.016164	0.013976	0.000116	0.470676	
0.000000	0.065492	0.434830	0.000000	
0.224987	0.170176	0.064152	0.041498	
0.197397	0.298748	0.004319	0.000000	
0.038746	0.018600	0.009310	0.433625	
0.016654	0.010593	0.038812	0.434277	
0.018347	0.048653	0.001138	0.432316	
0.171198	0.070704	0.000007	0.258310	
0.067992	0.367060	0.060050	0.005383	
0.005783	0.297291	0.023678	0.173645	
0.065872	0.428641	0.003650	0.002105	
0.009291	0.000055	0.054580	0.436673	
0.043441	0.000117	0.014548	0.442129	
0.019047	0.016248	0.030802	0.434519	
0.009965	0.059689	0.009242	0.421332	
0.000464	0.000014	0.003181	0.496636	
0.008798	0.053088	0.002153	0.436216	
0.026795	0.000136	0.039876	0.433648	
0.033169	0.011133	0.027807	0.428301	
0.001180	0.001164	0.000005	0.497985	
0.035284	0.000273	0.006251	0.458771	
0.000050	0.055677	0.000294	0.444665	
0.000513	0.017948	0.050769	0.431149	
0.053815	0.011742	0.000164	0.434853	
0.000028	0.009318	0.054578	0.436657	
0.017748	0.004169	0.002623	0.476011	
0.000251	0.043098	0.014647	0.442316	
0.000214	0.016443	0.000034	0.483948	
0.029143	0.005912	0.031320	0.434032	
0.032269	0.023723	0.000009	0.444314	
0.003049	0.037979	0.013097	0.446130	
0.048485	0.010612	0.006627	0.434871	
0.012618	0.035268	0.001698	0.450892	
0.000184	0.006232	0.079536	0.414635	
0.003887	0.000208	0.000646	0.496355	
0.000665	0.052189	0.012353	0.435653	
0.047433	0.000079	0.004909	0.447981	
0.003891	0.021493	0.000143	0.475138	
0.000446	0.015596	0.052237	0.432096	
0.002211	0.077316	0.023412	0.397302	
0.000271	0.021446	0.007941	0.470565	
0.016256	0.024535	0.043064	0.416761	
0.033874	0.024474	0.025883	0.416089	
0.016612	0.010566	0.038889	0.434327	
0.030748	0.031616	0.000444	0.437772	
0.038514	0.000305	0.001053	0.460492	
0.000541	0.003173	0.001186	0.495411	
0.011075	0.046076	0.009503	0.433629	
0.000060	0.007133	0.007045	0.486564	
0.037543	0.013273	0.006083	0.443653	
0.000714	0.018884	0.053896	0.426875	
0.048240	0.010477	0.000147	0.454540	
0.000353	0.036987	0.004051	0.459055	
0.003402	0.008868	0.055932	0.432718	
0.008806	0.019725	0.000302	0.471527	
0.064718	0.012379	0.022697	0.400620	
0.007147	0.006082	0.009540	0.477506	
0.000665	0.052189	0.012353	0.435653	
0.009769	0.004928	0.044131	0.441536	
0.009930	0.000149	0.015063	0.475287	
0.002401	0.066370	0.004804	0.426715	
0.042634	0.000622	0.015572	0.441536	
0.003477	0.000069	0.021857	0.475187	
0.008459	0.000283	0.002669	0.489628	
0.000000	0.000000	0.000000	0.500315	
0.000143	0.003610	0.011269	0.485398	
0.017315	0.003269	0.000612	0.479077	
0.000358	0.000011	0.017659	0.482416	
0.028237	0.029244	0.009332	0.433812	
0.009624	0.008460	0.000129	0.482351	
0.003004	0.017689	0.018555	0.460996	
0.002651	0.015896	0.021266	0.460620	
0.003430	0.001183	0.000157	0.495734	
0.001026	0.000031	0.007030	0.492204	
0.001700	0.011241	0.000104	0.487229	
0.000162	0.025368	0.000002	0.475215	
0.000036	0.004337	0.004283	0.492145	
0.000000	0.000962	0.000933	0.498744	
0.002584	0.000891	0.001115	0.495824	
0.000055	0.015339	0.014017	0.470886	
0.001670	0.000004	0.003122	0.495462	
0.005318	0.004865	0.000556	0.489636	
0.012275	0.003995	0.004753	0.479303	
0.002324	0.006514	0.000368	0.491308	
0.021703	0.000364	0.004784	0.473986	
0.021813	0.022524	0.015176	0.440743	
0.000175	0.000944	0.008476	0.490843	
0.000845	0.005875	0.000174	0.493385	
0.000011	0.001108	0.000091	0.499186	
0.000120	0.000869	0.006019	0.493553	
0.003410	0.018838	0.003279	0.475139	
0.028314	0.000217	0.000302	0.471527	
0.003279	0.009694	0.013032	0.474832	
0.002249	0.003404	0.000040	0.494770	
0.003685	0.000447	0.012577	0.483543	
0.021239	0.010709	0.001047	0.467530	
0.010595	0.010861	0.023501	0.455475	
0.014884	0.000003	0.000093	0.485423	
0.029977	0.009824	0.000072	0.460492	
0.005174	0.015740	0.007067	0.472335	
0.002770	0.008189	0.003279	0.486598	
0.006597	0.000085	0.000066	0.493939	
0.000000	0.000004	0.001890	0.498723	
0.000361	0.012339	0.003975	0.483943	
0.020639	0.015243	0.012313	0.452157	
0.002073	0.005040	0.007125	0.486598	
0.003931	0.001311	0.001311	0.493838	
0.000825	0.009221	0.000183	0.490185	
0.001552	0.002186	0.004502	0.492622	
0.008669	0.000043	0.007748	0.484015	
0.001960	0.025946	0.025793	0.447017	
0.000113	0.001078	0.007920	0.491209	
0.004750	0.003433	0.010070	0.483172	
0.009318	0.000354	0.000176	0.490566	
0.004708	0.000015	0.004288	0.491736	
0.000138	0.004802	0.009296	0.486120	
0.001066	0.000070	0.000049	0.499243	
0.004718	0.000390	0.007599	0.487707	
0.000053	0.001317	0.004217	0.494874	
0.000186	0.019401	0.002537	0.478269	
0.006147	0.008024	0.000067	0.486580	
0.000023	0.000053	0.028757	0.471526	
0.013752	0.000016	0.014340	0.473309	
0.016323	0.000598	0.006576	0.476749	
