0.000000	0.000000	0.715154	0.000003	0.000000	0.699367	0.000000	0.000000	
0.000000	0.000000	0.000000	0.000000	0.000000	0.000000	0.707200	0.707014	
0.000000	0.000000	0.000000	0.707240	0.000000	0.000000	0.000000	0.707193	
0.707025	0.000000	0.000067	0.000001	0.000160	0.000000	0.000003	0.707212	
0.704446	0.000218	0.714738	0.000002	0.000000	0.000000	0.000000	0.000000	
0.000000	0.000000	1.029650	0.000000	0.000000	0.000000	0.000000	0.000000	
0.000001	0.000000	0.724558	0.000045	0.000170	0.000000	0.000000	0.700307	
0.710391	0.000003	0.000005	0.704153	0.000001	0.000001	0.000000	0.000000	
0.709059	0.705154	0.000000	0.000000	0.000000	0.000000	0.000000	0.000000	
1.007290	0.000000	0.000000	0.000000	0.000000	0.000000	0.000000	0.000000	
0.000000	0.000000	0.000000	1.001111	0.000000	0.000000	0.000000	0.000000	
0.000001	0.698579	0.000018	0.000000	0.000019	0.716162	0.000000	0.000000	
0.000000	0.000000	0.000002	0.000000	0.707040	0.707174	0.000000	0.000000	
0.000000	0.707173	0.000016	0.000000	0.000000	0.000000	0.000000	0.707092	
0.000000	0.000000	0.000000	0.000000	0.000000	0.000000	1.000002	0.000000	
0.708841	0.000000	0.000019	0.000001	0.000046	0.705411	0.000001	0.000000	
0.000002	0.000000	0.000002	0.709014	0.000000	0.000000	0.708670	0.000000	
0.000000	0.000000	0.000000	0.000000	0.706996	0.000000	0.707218	0.000000	
0.000000	0.000000	0.000000	0.000000	0.000000	1.001484	0.000000	0.000000	
0.000000	0.000000	0.000000	0.707825	0.000000	0.706518	0.000000	0.000000	
0.707444	0.000033	0.000007	0.000000	0.000000	0.000000	0.706777	0.000004	
0.000000	0.707334	0.000000	0.000000	0.000000	0.000000	0.707136	0.000000	
0.000065	0.000002	0.711164	0.000000	0.000000	0.000055	0.703028	0.000000	
0.000000	0.000000	0.000000	0.708428	0.705784	0.000000	0.000000	0.000000	
0.000028	0.697015	0.725637	0.000000	0.000000	0.000000	0.000000	0.000000	
0.000000	1.000017	0.000000	0.000000	0.000000	0.000000	0.000000	0.000000	
0.000001	0.705634	0.000000	0.709192	0.000000	0.000000	0.000000	0.000000	
0.002561	0.000004	0.718826	0.698471	0.000001	0.000000	0.000000	0.000000	
0.000000	0.000000	0.000000	0.000000	0.000000	0.707440	0.706774	0.000000	
0.000000	0.000000	0.720560	0.000029	0.699680	0.000000	0.000000	0.000000	
0.000000	0.000000	0.000000	0.000000	1.000001	0.000000	0.000000	0.000000	
0.000001	0.707909	0.000019	0.000003	0.706694	0.000004	0.000000	0.000000	
0.000000	0.000000	0.000000	0.000000	0.706924	0.000000	0.000000	0.707290	
0.000000	0.000000	0.000000	0.000000	0.000000	0.000000	0.000000	1.000010	
0.000031	0.000000	0.000000	0.000147	0.000131	0.707142	0.000000	0.707076	
0.709383	0.000021	0.000008	0.000000	0.706604	0.000000	0.000002	0.000000	
0.000003	0.000000	0.000000	0.707291	0.000000	0.000000	0.706934	0.000000	
0.000000	0.000000	0.000000	0.000000	1.000001	0.000000	0.000000	0.000000	
0.000001	0.707864	0.000000	0.000000	0.000019	0.706413	0.000000	0.000000	
0.000000	0.000000	0.000000	0.708633	0.704888	0.032925	0.000000	0.000000	
0.996780	0.032632	0.059476	0.042773	0.000000	0.000000	0.000000	0.000000	
0.000063	0.000002	0.706893	0.000000	0.000000	0.000002	0.707322	0.000000	
0.712201	0.000000	0.000000	0.000000	0.000000	0.706789	0.000000	0.000006	
0.713664	0.705707	0.000000	0.000000	0.000000	0.000105	0.000000	0.000000	
0.000000	0.000000	0.000000	0.000000	0.000000	0.707440	0.706774	0.000000	
0.000000	0.000000	1.002206	0.000000	0.000000	0.000000	0.000000	0.000000	
0.000041	0.000000	0.000000	0.000195	0.000011	0.707136	0.000000	0.707081	
0.002555	0.000002	0.717190	0.696881	0.000226	0.000000	0.000000	0.000000	
0.000000	0.000000	0.000000	0.000000	0.706217	0.000000	0.708026	0.000000	
0.000000	0.000000	0.000000	1.000567	0.000000	0.000000	0.000000	0.000000	
0.712463	0.000000	0.000000	0.000001	0.000000	0.000000	0.000003	0.701732	
0.000001	0.000000	0.726123	0.000045	0.000000	0.000000	0.000000	0.701819	
0.000047	0.689190	0.000781	0.731004	0.000000	0.000000	0.059711	0.015909	
0.000000	0.000000	0.717437	0.000003	0.000231	0.701600	0.000000	0.000000	
0.712206	0.000221	0.710603	0.000000	0.000000	0.000000	0.000000	0.000000	
0.000000	0.705824	0.018960	0.000001	0.708154	0.000000	0.000000	0.000000	
0.000000	0.707339	0.000000	0.000000	0.000000	0.000000	0.707141	0.000000	
0.016974	0.955438	0.067692	0.284159	0.031583	0.022966	0.000000	0.000000	
0.000000	0.000000	0.000000	0.000000	0.000000	0.000000	0.000000	1.000010	
0.000000	0.698903	0.000015	0.000000	0.000000	0.001852	0.000000	0.715227	
0.000000	0.000000	0.000000	0.000000	0.711244	0.702946	0.000039	0.000000	
0.000000	0.000000	0.000000	0.000000	0.000000	1.000001	0.000000	0.000000	
0.000000	0.000000	0.000000	0.000000	0.000000	0.000000	1.000002	0.000000	
0.690355	0.003356	0.003904	0.008938	0.001226	0.000052	0.723398	0.000000	
0.000000	0.000000	0.000000	0.000000	0.000000	0.000000	0.703038	0.711156	
0.000000	0.000000	0.717811	0.000035	0.697010	0.000000	0.000000	0.000000	
0.000030	0.748369	0.672549	0.000000	0.000000	0.000000	0.000000	0.000000	
0.000000	0.000000	0.000000	0.687223	0.000000	0.726457	0.021267	0.000000	
0.710597	0.000010	0.000005	0.704357	0.000001	0.000000	0.000000	0.000000	
0.000000	0.000000	0.000000	0.000000	0.706927	0.000000	0.000000	0.707288	
0.000000	0.000000	0.000000	0.707240	0.000000	0.000000	0.000000	0.707193	
0.711647	0.000021	0.000007	0.000000	0.703339	0.000000	0.000001	0.000000	
0.000753	0.000002	0.000056	0.655847	0.000000	0.754832	0.021266	0.000000	
0.710135	0.000220	0.708405	0.000000	0.000000	0.000000	0.000000	0.000000	
0.000000	0.000000	0.720614	0.000036	0.699732	0.000000	0.000000	0.000000	
0.000000	0.000001	0.716953	0.000042	0.000000	0.000000	0.000000	0.700813	
0.711145	0.000004	0.000000	0.000001	0.027725	0.000000	0.000003	0.704675	
0.694244	0.000000	0.152837	0.042636	0.000000	0.706734	0.000000	0.000006	
0.002460	0.002447	0.000501	0.999692	0.000000	0.000000	0.024757	0.000000	
0.000000	0.000000	0.000000	0.000000	0.711244	0.702946	0.000039	0.000000	
0.000324	0.009319	0.000685	0.001311	0.000000	0.686161	0.007861	0.737129	
0.000001	0.707669	0.006353	0.000000	0.000019	0.706246	0.000000	0.021693	
1.005811	0.030697	0.005234	0.000000	0.000000	0.000000	0.000000	0.000000	
0.000837	0.679002	0.719170	0.000571	0.139171	0.000076	0.089506	0.000000	
0.000000	0.000000	0.000000	0.707184	0.000000	0.006439	0.000129	0.707166	
0.010041	0.497844	0.000013	0.032255	0.498132	0.000010	0.000000	0.709525	
0.000000	0.000000	0.000000	0.000000	0.000000	0.000000	0.711414	0.702777	
0.000000	0.000000	0.000000	0.000000	0.000000	1.001484	0.000000	0.000000	
0.000003	0.000000	0.000000	0.707685	0.000000	0.000000	0.707327	0.000000	
0.000007	0.000000	0.000000	0.009963	0.000043	0.000191	0.999817	0.040419	
0.002583	0.000002	0.724876	0.704350	0.000228	0.000000	0.000000	0.000000	
0.724736	0.026132	0.043597	0.688211	0.000156	0.000000	0.000000	0.000000	
0.000149	0.701371	0.076574	0.709096	0.000000	0.000000	0.000001	0.000000	
0.000000	0.000000	0.000000	0.000000	0.706996	0.000000	0.707218	0.000000	
0.000000	0.000000	0.000000	0.000000	0.000000	0.704029	0.710176	0.000004	
0.000000	0.000000	0.000000	0.000000	1.000232	0.000000	0.000000	0.000000	
0.001452	0.000092	0.714418	0.032365	0.000000	0.699366	0.000000	0.000000	
0.709060	0.705154	0.000000	0.000000	0.000000	0.000000	0.000000	0.000000	
0.003559	0.000001	1.000484	0.000004	0.000000	0.018642	0.000000	0.000000	
0.000000	0.706975	0.000000	0.000000	0.000000	0.000000	0.016486	0.707086	
