0.000000	0.000000	0.707321	0.000000	0.000000	0.706892	0.000000	0.000000	
0.000178	0.717590	0.000000	0.000000	0.698702	0.000000	0.000000	0.000000	
0.000000	0.000010	0.707284	0.707273	0.000000	0.000000	0.000000	0.000000	
0.000000	0.000000	0.000000	0.000000	0.707234	0.000000	0.000000	0.706979	
0.000000	0.000000	0.000000	0.707080	0.000000	0.707133	0.000000	0.000000	
0.000000	0.000000	0.000000	0.000000	0.707189	0.000000	0.707025	0.000000	
0.000000	1.000000	0.000000	0.000000	0.000000	0.000000	0.000000	0.000000	
0.000000	0.000000	0.000000	0.000000	0.000000	0.000000	0.000000	1.000001	
0.000000	0.000000	0.000000	0.000000	0.706992	0.707222	0.000000	0.000000	
0.700708	0.713449	0.000000	0.000000	0.000000	0.000000	0.000000	0.000000	
0.707084	0.000000	0.000000	0.000000	0.000000	0.000000	0.000000	0.707129	
0.000009	0.000002	0.705957	0.000000	0.000000	0.000000	0.708257	0.000000	
0.000029	0.000000	0.000000	0.000000	0.000001	0.706799	0.000023	0.708902	
0.000450	0.000446	0.000012	0.000016	0.000606	0.000000	0.706933	0.707280	
0.000000	0.708364	0.705851	0.000001	0.000000	0.000000	0.000000	0.000000	
0.000000	0.000010	0.000000	0.707024	0.000000	0.000000	0.000000	0.707208	
0.706965	0.000000	0.000000	0.000000	0.000000	0.000000	0.707248	0.000000	
0.000690	0.000000	0.707084	0.000000	0.000000	0.000022	0.000000	0.707129	
0.000000	0.000000	0.000000	0.000000	0.000000	0.000000	1.001425	0.000000	
0.000002	0.714700	0.000000	0.702781	0.000000	0.000000	0.000000	0.000000	
0.000000	0.709733	0.000041	0.000000	0.000000	0.704472	0.000000	0.000000	
0.000000	0.000000	1.000000	0.000000	0.000000	0.000000	0.000000	0.000000	
0.707100	0.000000	0.000000	0.000000	0.707113	0.000000	0.000000	0.000000	
0.000000	0.000000	0.000000	0.000000	1.000000	0.000000	0.000000	0.000000	
0.707098	0.000000	0.000000	0.000000	0.000000	0.707116	0.000000	0.000000	
0.707133	0.000000	0.000002	0.707081	0.000000	0.000000	0.000000	0.000000	
0.000000	0.000000	0.000000	0.000000	0.000000	0.706949	0.707265	0.000000	
1.000000	0.000000	0.000000	0.000000	0.000000	0.000000	0.000000	0.000000	
0.707221	0.000000	0.706992	0.000000	0.000000	0.000000	0.000000	0.000000	
0.000000	0.707051	0.000000	0.000001	0.000000	0.000000	0.000000	0.707162	
0.000000	0.000000	0.000000	0.707008	0.000000	0.000000	0.707206	0.000000	
0.000000	0.706916	0.000000	0.000000	0.000000	0.000000	0.707298	0.000000	
0.000000	0.000000	0.707177	0.000003	0.707057	0.000125	0.000000	0.000000	
0.000000	0.000000	0.000000	0.000000	0.000000	1.000000	0.000000	0.000000	
0.000041	0.000596	0.000006	0.709139	0.709635	0.000000	0.000000	0.000000	
0.000000	0.000000	0.000000	1.000000	0.000000	0.000000	0.000000	0.000000	
0.706232	0.000000	0.000000	0.001313	0.000006	0.000000	0.001051	0.707978	
0.000175	0.705192	0.000000	0.000000	0.709016	0.000137	0.000000	0.000000	
0.000010	0.000000	0.000000	0.707024	0.000000	0.000000	0.000000	0.707208	
0.000094	0.000098	0.707009	0.000000	0.000000	0.707205	0.000000	0.000000	
0.000029	0.000420	0.000422	0.706979	0.707473	0.000000	0.000000	0.000000	
0.022235	0.512893	0.000000	0.000000	0.485819	0.012508	0.707298	0.000000	
0.000000	0.000000	0.000000	0.000000	0.000000	1.000000	0.000000	0.000000	
0.707134	0.000000	0.000000	0.707080	0.000000	0.000000	0.000000	0.000000	
0.002328	0.992107	0.020771	0.017453	0.121555	0.014379	0.000000	0.000000	
0.701906	0.004253	0.034026	0.077716	0.007158	0.013570	0.705424	0.047508	
0.000690	0.000000	0.707084	0.000000	0.000000	0.000658	0.000000	0.707129	
0.706231	0.000000	0.000000	0.000000	0.000000	0.707982	0.000000	0.000000	
0.704465	0.709739	0.000000	0.000000	0.000000	0.000000	0.000000	0.000000	
0.048522	0.707287	0.015793	0.000000	0.000000	0.000000	0.000000	0.705290	
0.001150	0.703948	0.701451	0.111489	0.000000	0.000000	0.000000	0.000000	
0.000000	0.000000	0.707177	0.000003	0.707057	0.000125	0.000000	0.000000	
0.000000	0.000029	0.000001	0.000000	0.000001	0.709548	0.001059	0.705874	
0.033906	0.000002	0.998948	0.000000	0.000000	0.000032	0.006131	0.030273	
0.709032	0.000000	0.000000	0.000000	0.705176	0.000000	0.000000	0.000000	
0.000000	0.000000	0.000000	0.707008	0.000000	0.000000	0.707206	0.000000	
0.000000	0.000000	0.000000	0.707080	0.000000	0.707133	0.000000	0.000000	
0.000000	0.000002	0.000000	0.000600	0.000646	0.000000	0.711217	0.707510	
0.999838	0.006936	0.000199	0.000259	0.010431	0.012904	0.000000	0.000000	
0.000000	0.000000	0.000000	0.000000	0.706078	0.000000	0.708134	0.000000	
0.000000	0.000000	0.000000	0.000000	0.707234	0.000000	0.000000	0.706979	
0.000000	0.000000	0.000000	0.000000	0.000000	0.706949	0.707265	0.000000	
0.000002	0.707115	0.000000	0.707107	0.000000	0.000000	0.000000	0.000000	
0.711258	0.000000	0.703583	0.000000	0.000000	0.000000	0.000000	0.000000	
0.000009	0.000001	0.705957	0.000000	0.000000	0.000000	0.708257	0.000000	
0.000000	0.000000	0.000000	1.000000	0.000000	0.000000	0.000000	0.000000	
0.000000	0.000006	0.711428	0.711416	0.000000	0.000000	0.000000	0.000000	
0.000000	0.000000	0.000000	0.000000	0.000000	0.000000	1.000000	0.000000	
0.000000	0.000000	0.000000	0.000000	0.000000	0.000000	0.000000	1.000000	
0.000000	0.709732	0.000042	0.000000	0.000000	0.704471	0.000000	0.000000	
0.000000	0.000000	0.000000	0.000000	1.000000	0.000000	0.000000	0.000000	
0.000000	0.000000	0.000000	0.000000	0.707305	0.706909	0.000000	0.000000	
0.000000	0.000006	0.727888	0.692817	0.000000	0.000000	0.000000	0.000000	
0.000000	0.000000	0.000000	0.000000	0.705506	0.000000	0.000000	0.708704	
0.000610	0.727054	0.677420	0.111485	0.008527	0.000000	0.000000	0.000000	
0.082588	0.000005	0.996134	0.000000	0.000000	0.000032	0.000202	0.029927	
0.000000	0.017371	0.000000	0.000000	1.000582	0.000000	0.000000	0.007864	
0.052557	0.547012	0.485173	0.675623	0.076883	0.000000	0.000000	0.016032	
0.000000	0.000000	0.000000	1.000291	0.000000	0.000000	0.001244	0.000000	
0.000001	0.506895	0.000000	0.493112	0.000000	0.000000	0.000000	0.708555	
0.495307	0.000000	0.002598	0.484477	0.000000	0.000000	0.000000	0.721073	
0.000000	0.000000	0.000000	0.000000	0.000000	0.000000	0.000000	1.000000	
0.402270	0.223409	0.001553	0.000000	0.000000	0.533592	0.000000	0.712528	
0.000000	0.709732	0.000042	0.000000	0.000000	0.704471	0.000000	0.000000	
0.706952	0.707261	0.000888	0.000000	0.000000	0.000000	0.000000	0.000000	
0.000000	0.000000	0.000000	0.000000	0.706078	0.000000	0.708134	0.000000	
0.000296	0.020488	0.000237	0.000000	0.000336	0.000543	0.997466	0.087555	
0.031060	0.696809	0.014852	0.001251	0.000584	0.046712	0.715221	0.007271	
0.447926	0.349191	0.020127	0.024468	0.000000	0.007239	0.822418	0.000000	
0.000000	0.000000	0.000000	0.707211	0.000000	0.000000	0.707409	0.000000	
0.001501	1.028306	0.001368	0.018257	0.000095	0.014790	0.000000	0.000000	
0.000000	0.000000	0.879946	0.000000	0.000038	0.477582	0.000000	0.000000	
0.018979	0.704937	0.000000	0.000000	0.709016	0.000136	0.000000	0.000000	
0.000041	0.000600	0.000005	0.713689	0.700696	0.000000	0.000000	0.000000	
0.698820	0.000000	0.000000	0.715248	0.000000	0.008407	0.000000	0.000000	
0.005775	0.703852	0.000000	0.066939	0.000000	0.000000	0.000000	0.707163	
0.001748	0.001280	0.000012	0.699896	0.000000	0.714282	0.000000	0.000000	
0.999991	0.000000	0.000000	0.004357	0.000000	0.000000	0.000000	0.000000	
0.000690	0.000000	0.707084	0.000000	0.000000	0.000022	0.000000	0.707129	
0.706230	0.004094	0.000000	0.001881	0.709885	0.000000	0.000000	0.000000	
