0.000000	0.000001	0.000001	0.000000	0.705330	0.000006	0.000000	0.708881	
0.000000	0.000000	0.000000	0.703677	0.000000	0.000000	0.711643	0.000000	
0.000000	0.000000	0.000000	0.000000	0.000000	0.000000	0.000000	1.000004	
0.000000	0.000000	0.707735	0.000001	0.000003	0.000001	0.000000	0.706481	
0.000014	0.000001	0.703174	0.000037	0.000000	0.000000	0.711027	0.000000	
0.000000	0.000000	0.000000	1.000009	0.000000	0.000000	0.000000	0.000000	
0.708674	0.000000	0.000000	0.000000	0.705656	0.000000	0.000000	0.000000	
0.707107	0.000000	0.000001	0.000000	0.000000	0.707116	0.000000	0.000000	
0.707213	0.000000	0.000000	0.000000	0.000000	0.000000	0.707007	0.000000	
0.000000	0.000000	0.000000	0.708619	0.000000	0.708638	0.000000	0.000000	
0.000000	0.000000	0.707467	0.706986	0.000000	0.000000	0.000000	0.000000	
0.000000	0.000000	0.000000	0.000000	0.000000	0.000000	0.708893	0.705337	
0.000000	0.000000	0.707401	0.000000	0.000000	0.706823	0.000000	0.000000	
0.000000	1.003578	0.000000	0.000000	0.000000	0.000000	0.000000	0.000000	
0.000173	0.709532	0.000000	0.705505	0.000000	0.000016	0.000488	0.000000	
0.702042	0.000002	0.000000	0.000000	0.000000	0.000000	0.000000	0.712145	
0.000000	0.706925	0.707332	0.000000	0.000000	0.000000	0.000000	0.000000	
0.000000	0.000000	0.709273	0.000034	0.708019	0.000000	0.000000	0.000000	
0.000000	0.000000	0.000000	0.000000	0.000000	0.000000	1.000001	0.000000	
0.000194	0.721287	0.000000	0.000135	0.002216	0.717802	0.000000	0.000000	
0.000117	0.713623	0.000003	0.000000	0.701513	0.000003	0.000004	0.000000	
0.000000	0.000000	1.000012	0.000000	0.000000	0.000000	0.000000	0.000000	
0.005137	0.716045	0.000708	0.000035	0.000030	0.000000	0.000000	0.713946	
0.000002	0.000004	0.000000	0.000000	0.000000	0.707275	0.000000	0.707817	
0.000000	0.000000	0.000000	0.000000	0.000000	1.000004	0.000000	0.000000	
0.707353	0.000000	0.000000	0.706872	0.000000	0.000000	0.000000	0.000000	
0.000000	0.710634	0.000000	0.000004	0.000000	0.000000	0.703569	0.000000	
0.000000	0.000000	0.000000	0.000000	1.000002	0.000000	0.000000	0.000000	
0.000000	0.000000	0.000000	0.707711	0.000000	0.000001	0.000000	0.707284	
1.000137	0.000000	0.000000	0.000000	0.000000	0.000000	0.000000	0.000000	
0.000000	0.000000	0.000000	0.000000	0.707266	0.000000	0.707324	0.000000	
0.712306	0.715300	0.000000	0.000000	0.000015	0.000000	0.000000	0.000000	
0.000000	0.000000	0.000000	0.707810	0.706405	0.000000	0.000000	0.000000	
0.706727	0.000000	0.707501	0.000000	0.000002	0.000000	0.000000	0.000000	
0.000000	0.000000	0.000000	0.000000	0.000000	0.707087	0.707200	0.000000	
0.000000	0.000000	0.000000	0.000000	0.707022	0.707193	0.000000	0.000000	
0.000000	0.000000	0.710621	0.000001	0.706525	0.000000	0.000000	0.000273	
0.000000	0.000000	0.708866	0.705584	0.000046	0.000000	0.000000	0.000000	
0.000000	0.000000	0.000000	0.000000	1.000002	0.000000	0.000000	0.000000	
0.708674	0.000000	0.000000	0.000000	0.705656	0.000000	0.000000	0.000000	
0.000000	0.000000	0.000000	0.000000	0.000000	0.000000	0.000000	1.000003	
0.000115	0.713617	0.000003	0.000000	0.701508	0.000003	0.000069	0.000000	
0.705882	0.047663	0.000215	0.000003	0.036390	0.705790	0.000003	0.000000	
0.000014	0.000000	0.707223	0.000038	0.000000	0.000000	0.706998	0.000000	
0.000000	0.710634	0.000000	0.000004	0.000000	0.000000	0.703569	0.000000	
0.707413	0.019466	0.000000	0.707200	0.000000	0.000000	0.005072	0.000000	
0.000000	0.000000	0.000000	0.000000	0.707231	0.000000	0.707172	0.000000	
0.000175	0.709522	0.000000	0.705495	0.000000	0.000017	0.000496	0.000000	
0.000000	0.000000	0.000000	0.000000	0.000000	1.000004	0.000000	0.000000	
0.706398	0.000000	0.707820	0.000000	0.000000	0.000000	0.000000	0.000000	
0.000000	0.000000	0.000000	0.707203	0.000000	0.707018	0.000000	0.000000	
0.717200	0.002838	0.000000	0.000000	0.000000	0.000000	0.697722	0.000000	
0.000000	0.000000	0.000000	0.000000	0.000000	0.708272	0.708386	0.000000	
0.000000	0.000000	0.000000	0.000000	0.000000	0.000000	1.000001	0.000000	
0.000000	0.000000	1.000578	0.000000	0.000000	0.000000	0.000000	0.000000	
0.000000	0.705294	0.705700	0.048654	0.047365	0.000000	0.000000	0.000000	
0.706133	0.000002	0.000000	0.000000	0.000000	0.000000	0.000000	0.708167	
0.000000	0.000000	0.000000	0.000000	0.706781	0.706952	0.000000	0.026120	
0.013344	0.013471	0.000001	0.707428	0.000000	0.000001	0.000000	0.707256	
0.000008	0.000020	0.000002	0.000000	0.000000	0.708433	0.000000	0.706692	
0.000000	0.000000	0.000000	0.000000	0.000000	0.000000	0.710524	0.703683	
1.000010	0.000000	0.000000	0.000000	0.000000	0.000000	0.000000	0.000000	
0.005029	0.996159	0.067757	0.004790	0.000041	0.000000	0.000000	0.055130	
0.000206	0.723406	0.000000	0.000001	0.000031	0.710847	0.000000	0.000000	
0.000000	0.000000	0.000000	0.703843	0.000000	0.000000	0.711599	0.000000	
0.701879	0.712310	0.000000	0.000001	0.000000	0.000000	0.000000	0.000000	
0.006436	0.715008	0.000707	0.000035	0.000030	0.000000	0.000000	0.712922	
0.000000	0.000001	0.000001	0.000000	0.705330	0.000006	0.000000	0.708881	
0.000000	0.000000	0.703898	0.000000	0.000000	0.710311	0.000000	0.000000	
0.000000	0.000000	0.000000	1.000008	0.000000	0.000000	0.000000	0.000000	
0.000000	0.000000	0.000000	0.707810	0.706405	0.000000	0.000000	0.000000	
0.000000	0.000000	0.715898	0.000001	0.000003	0.000001	0.000000	0.714705	
0.000021	0.078817	0.501258	0.000001	0.000703	0.504925	0.000000	0.722403	
0.000000	0.000000	0.000000	0.000000	0.000000	0.000000	1.000001	0.000000	
0.707213	0.000000	0.000000	0.000000	0.000000	0.000000	0.707007	0.000000	
0.702099	0.712533	0.000000	0.000001	0.000002	0.010765	0.000000	0.000000	
0.000036	0.708170	0.000172	0.000004	0.000029	0.000000	0.006913	0.706109	
0.000014	0.000001	0.678387	0.156375	0.000000	0.000000	0.703951	0.140726	
0.001309	0.709865	0.000000	0.705837	0.000000	0.000000	0.000000	0.000000	
0.000000	0.000000	0.000000	0.703726	0.000000	0.000000	0.711693	0.000000	
0.000000	0.000000	0.000000	0.707810	0.706405	0.000000	0.000000	0.000000	
0.015001	0.710459	0.055008	0.000177	0.000000	0.000000	0.705658	0.000000	
0.040094	0.000159	0.999778	0.000000	0.000000	0.000000	0.005962	0.000000	
0.000000	0.000000	0.000000	0.707203	0.000000	0.707018	0.000000	0.000000	
0.999575	0.008846	0.020913	0.017487	0.000000	0.000000	0.007186	0.000000	
0.000000	0.000000	0.000000	0.000000	0.000000	0.000000	0.000000	1.000002	
0.496158	0.116033	0.000000	0.000095	0.509348	0.716982	0.001097	0.000000	
0.000000	0.000000	0.000000	0.000000	0.000000	0.718695	0.718810	0.000000	
0.013727	0.013858	0.000000	0.727728	0.000000	0.000000	0.000000	0.727849	
0.025546	0.705935	0.707819	0.000000	0.000000	0.000000	0.000000	0.000000	
0.000000	0.000000	0.709558	0.000034	0.708303	0.000000	0.000000	0.000000	
0.000000	0.000000	0.000000	0.000000	0.707520	0.000001	0.707461	0.000000	
0.732518	0.041597	0.000000	0.000000	0.721247	0.053112	0.003323	0.000000	
0.007419	0.996654	0.000173	0.000920	0.000098	0.000001	0.081450	0.000000	
0.710507	0.013640	0.703676	0.000000	0.000000	0.000000	0.000000	0.000000	
0.000016	0.058537	0.718108	0.000137	0.002248	0.716955	0.000000	0.000000	
0.706133	0.000002	0.000000	0.000000	0.000000	0.000000	0.000000	0.708167	
0.019739	0.706933	0.000001	0.000000	0.000000	0.707014	0.000000	0.000000	
0.000000	0.000000	0.707736	0.000001	0.000003	0.000001	0.000000	0.706482	
0.701211	0.000000	0.000000	0.000000	0.000000	0.712967	0.000000	0.000000	
