0.000000	0.000084	0.698327	0.000004	0.722558	0.000000	0.000001	0.000000	
0.712680	0.000013	0.000147	0.000000	0.720230	0.000001	0.000001	0.000001	
0.000012	0.000001	0.707300	0.000003	0.000000	0.706937	0.000001	0.000000	
0.709919	0.000283	0.000010	0.000176	0.000000	0.705714	0.000000	0.000114	
0.000000	0.000000	0.000000	1.000064	0.000000	0.000000	0.000000	0.000000	
1.000138	0.000000	0.000000	0.000000	0.000000	0.000000	0.000000	0.000000	
0.000000	0.000000	0.000000	0.000000	1.008498	0.000000	0.000000	0.000000	
0.712528	0.710119	0.000000	0.000000	0.000000	0.000000	0.000000	0.000000	
0.000181	0.706194	0.708757	0.000006	0.000001	0.000005	0.000004	0.000000	
0.705045	0.000058	0.709224	0.000002	0.000000	0.000003	0.000000	0.000000	
0.000000	0.000000	0.706984	0.707505	0.000000	0.000000	0.000000	0.000000	
0.000000	1.005550	0.000000	0.000000	0.000000	0.000000	0.000000	0.000000	
0.000024	0.712218	0.000115	0.000000	0.000044	0.000000	0.000001	0.712538	
0.000000	0.000000	0.000000	0.000000	0.711639	0.000000	0.000000	0.703441	
0.000000	0.000000	0.000000	0.000000	0.000000	1.000121	0.000000	0.000000	
0.000000	0.000000	0.000000	0.000000	0.000000	0.707930	0.000000	0.706342	
0.000000	0.000000	0.000000	0.000000	0.000000	0.705123	0.709219	0.000000	
0.000375	0.000019	0.000008	0.707297	0.000000	0.707038	0.000000	0.000126	
0.000000	0.000000	0.000000	0.706439	0.000003	0.000007	0.707800	0.000000	
0.000006	0.000000	0.000000	0.000000	0.714269	0.699856	0.000013	0.005779	
0.000000	0.000000	1.000078	0.000000	0.000000	0.000000	0.000000	0.000000	
0.000368	0.000016	0.000404	0.707265	0.000000	0.000000	0.000000	0.707065	
0.716347	0.000391	0.000070	0.708161	0.000153	0.000003	0.000000	0.000031	
0.000001	0.000094	0.706536	0.000000	0.000000	0.000000	0.707714	0.000000	
0.000686	0.703488	0.000124	0.000000	0.710822	0.000000	0.000001	0.000001	
0.709436	0.000703	0.000000	0.000004	0.000113	0.000002	0.000000	0.705849	
0.000000	0.000000	0.000000	0.000000	0.000000	0.000000	0.000000	1.000018	
0.000102	0.000712	0.707638	0.000184	0.000049	0.000000	0.000001	0.706789	
0.000000	0.000000	0.000000	0.000000	0.716418	0.000000	0.712003	0.000000	
0.000000	0.000000	0.000000	0.000000	0.000000	0.000000	1.002258	0.000000	
0.000000	0.000000	0.000000	0.707306	0.709764	0.000000	0.000000	0.000000	
0.000008	0.706315	0.000008	0.000001	0.000000	0.708163	0.000000	0.000000	
0.000000	0.000000	0.000000	0.000000	0.000000	0.000000	0.709011	0.705469	
0.000972	0.705849	0.000000	0.000000	0.000000	0.000000	0.708541	0.000000	
0.000810	0.708893	0.000069	0.706460	0.000000	0.006980	0.000000	0.000000	
0.708965	0.000000	0.000000	0.000001	0.000000	0.000000	0.709259	0.000000	
0.000000	0.000000	1.000081	0.000000	0.000000	0.000000	0.000000	0.000000	
0.715645	0.000667	0.000000	0.000004	0.000114	0.000002	0.000000	0.712027	
0.000000	0.000000	0.000000	0.000000	0.711665	0.000000	0.000000	0.703466	
0.000106	0.000741	0.707774	0.000184	0.000048	0.000000	0.000001	0.706790	
0.000544	0.000024	0.000045	0.707245	0.000000	0.000000	0.000000	0.707045	
0.000000	0.000000	0.000000	0.000000	0.000000	1.000043	0.000000	0.000000	
0.707055	0.000013	0.000146	0.000009	0.710882	0.000001	0.000001	0.000000	
0.000000	0.000000	0.000000	1.000068	0.000000	0.000000	0.000000	0.000000	
0.000400	0.007458	0.717382	0.696636	0.011673	0.000000	0.000020	0.000002	
0.005852	0.714575	0.000003	0.011109	0.000000	0.700668	0.000000	0.000000	
0.000000	0.000000	0.000000	0.000000	0.000000	0.705836	0.709935	0.000000	
0.002906	0.710030	0.002363	0.000007	0.000048	0.000621	0.000001	0.709189	
0.000006	0.000000	0.000000	0.000000	0.707359	0.706994	0.000013	0.000000	
0.000000	0.000000	0.000000	0.000000	1.010175	0.000000	0.000000	0.000000	
0.000000	0.000088	0.701728	0.000000	0.000047	0.000000	0.713302	0.000000	
0.000085	0.000003	0.706981	0.000004	0.708183	0.000000	0.000001	0.000000	
0.000015	0.709731	0.712308	0.000001	0.000000	0.000005	0.000004	0.000000	
0.000000	0.000000	0.000000	0.000000	0.000000	0.000000	1.005410	0.000000	
0.000000	0.000000	0.000000	0.701602	0.000000	0.000007	0.715296	0.000000	
0.701471	0.000058	0.712777	0.000001	0.000000	0.000003	0.000000	0.000000	
0.000000	0.000000	0.000000	0.000000	0.000000	0.000000	0.000000	1.000365	
0.706141	0.000051	0.000010	0.000001	0.000000	0.711817	0.000000	0.000114	
0.000982	0.713183	0.000000	0.000000	0.000000	0.000000	0.706935	0.000000	
0.000000	0.000000	0.000000	0.000000	0.000000	0.000000	0.711399	0.703183	
0.000000	0.000000	0.000000	0.000000	0.703597	0.000001	0.713934	0.000000	
0.000000	0.000000	0.000000	0.707309	0.709766	0.000000	0.000000	0.000000	
0.990821	0.053547	0.003980	0.000449	0.128558	0.000001	0.037037	0.000000	
0.702623	0.000012	0.000015	0.711920	0.000000	0.000000	0.000007	0.000000	
0.000000	1.000490	0.000000	0.000000	0.000000	0.000000	0.000000	0.000000	
0.000012	0.000002	0.707312	0.000000	0.000000	0.706948	0.000001	0.000000	
0.711279	0.000003	0.000000	0.000001	0.000000	0.000001	0.711574	0.000000	
0.000691	0.708803	0.000125	0.000009	0.712521	0.000000	0.000001	0.000000	
0.000005	0.000557	0.000000	0.712235	0.000000	0.702796	0.000000	0.000000	
0.000000	0.000000	0.000000	0.000000	0.000000	0.708034	0.000000	0.706446	
0.697280	0.721411	0.000002	0.000000	0.000005	0.000000	0.000000	0.000004	
0.000776	0.702749	0.000068	0.711612	0.000000	0.000000	0.000000	0.000000	
0.009328	0.695919	0.022573	0.000007	0.000000	0.000000	0.000000	0.720090	
0.482083	0.039020	0.038591	0.014707	0.508995	0.000001	0.713688	0.000000	
0.000119	0.713204	0.000000	0.000002	0.000003	0.000000	0.706955	0.004240	
0.707631	0.000000	0.000000	0.000000	0.000000	0.000001	0.707414	0.000001	
0.002628	0.010679	0.011038	0.000000	0.000000	0.984868	0.000002	0.202035	
0.000000	0.000000	0.702883	0.711598	0.000001	0.000000	0.000000	0.000000	
0.706526	0.033759	0.000078	0.002416	0.000000	0.000000	0.000000	0.707136	
0.000000	0.000000	0.000000	0.000000	0.000000	0.000000	0.730735	0.682977	
0.001079	0.000131	0.000024	0.707283	0.000000	0.000001	0.707067	0.000001	
0.000000	0.000000	0.000000	0.707326	0.709783	0.000000	0.000000	0.000000	
0.000106	0.000741	0.707714	0.000184	0.000048	0.000000	0.000001	0.706866	
0.000000	0.000000	0.000000	0.000000	0.711665	0.000000	0.000000	0.703466	
0.000810	0.708893	0.000069	0.706460	0.000000	0.006980	0.000000	0.000000	
0.695023	0.719077	0.000002	0.000243	0.000004	0.000000	0.000000	0.004321	
0.005037	1.002244	0.122007	0.032702	0.000000	0.000000	0.000000	0.000000	
0.000000	0.000000	0.000000	0.000000	0.000000	0.706350	0.710484	0.000000	
0.000253	0.033477	1.002416	0.018341	0.053583	0.000000	0.000000	0.000417	
0.000000	0.000000	0.000000	0.000000	0.711255	0.710487	0.031727	0.091896	
0.000000	0.000000	0.000000	1.000060	0.000000	0.000000	0.000000	0.000000	
0.985937	0.039804	0.162913	0.000001	0.000000	0.000004	0.000000	0.000000	
0.000000	0.000000	0.000000	0.000000	0.000000	0.000000	1.000017	0.000000	
0.691045	0.002757	0.732440	0.000006	0.000001	0.000005	0.000000	0.000000	
0.009204	0.000450	0.000012	0.491252	0.000081	0.511793	0.000000	0.705881	
0.000951	0.690558	0.000000	0.000000	0.723787	0.000000	0.028795	0.000000	
0.000012	0.000000	0.707313	0.000000	0.000000	0.706949	0.000001	0.000000	
0.174459	0.703570	0.013633	0.001000	0.001837	0.688766	0.000020	0.000000	
0.000546	0.000024	0.000000	0.707246	0.000000	0.000000	0.000000	0.707046	
0.018697	0.000322	0.000000	0.000000	1.002845	0.000000	0.000013	0.000359	
