0.000000	0.000000	0.000000	0.000000	0.000000	0.000000	1.000000	0.000000	
0.707097	0.000000	0.000000	0.000000	0.707117	0.000000	0.000000	0.000000	
0.000000	0.000000	0.000000	0.729552	0.000000	0.000000	0.000000	0.683929	
0.000000	0.000000	0.000000	0.000000	1.000000	0.000000	0.000000	0.000000	
0.000036	0.000000	0.000000	0.000009	0.707461	0.000000	0.000000	0.706753	
0.000000	0.000002	0.000057	0.706980	0.000000	0.707234	0.000000	0.000000	
0.000000	0.000000	0.707018	0.000000	0.000000	0.000000	0.000000	0.707195	
0.000000	0.000000	0.000000	1.000000	0.000000	0.000000	0.000000	0.000000	
0.000000	0.000000	0.000000	0.707095	0.707118	0.000000	0.000000	0.000000	
0.000000	0.000000	0.000000	0.000000	0.707034	0.000000	0.707179	0.000000	
0.000000	1.000309	0.000000	0.000000	0.000000	0.000000	0.000000	0.000000	
0.000000	0.705986	0.000000	0.000000	0.000000	0.000000	0.000000	0.708226	
0.707001	0.000000	0.707213	0.000000	0.000000	0.000000	0.000000	0.000000	
0.707150	0.707086	0.000000	0.000002	0.000000	0.000000	0.000000	0.000000	
0.707107	0.000000	0.000000	0.707106	0.000000	0.000000	0.000000	0.000000	
0.000003	0.706981	0.000000	0.000000	0.000000	0.707233	0.000000	0.000000	
0.000001	0.000039	0.000001	0.000000	0.000000	0.000000	0.708869	0.708829	
0.706736	0.000000	0.000000	0.000000	0.000000	0.000000	0.000000	0.707477	
1.000000	0.000000	0.000000	0.000000	0.000000	0.000000	0.000000	0.000000	
0.000001	0.705864	0.000001	0.000024	0.000000	0.000000	0.708350	0.000000	
0.706978	0.000006	0.000001	0.000000	0.000000	0.707236	0.000000	0.000000	
0.000000	0.000000	0.000000	0.000000	0.000000	0.707040	0.000000	0.707173	
0.000000	0.000000	0.706475	0.000000	0.707738	0.000000	0.000000	0.000000	
0.707012	0.000000	0.000000	0.000000	0.000000	0.000000	0.707202	0.000000	
0.000000	0.707084	0.000000	0.000000	0.707130	0.000000	0.000000	0.000000	
0.000000	0.000000	0.706760	0.000000	0.000000	0.000000	0.707453	0.000000	
0.000000	0.000000	0.707107	0.707106	0.000000	0.000000	0.000000	0.000000	
0.000002	0.000023	0.000001	0.000000	0.000000	0.707211	0.707008	0.000000	
0.000000	0.707003	0.707210	0.000000	0.000000	0.000000	0.000000	0.000000	
0.000000	0.000000	0.706918	0.000000	0.000000	0.707296	0.000000	0.000000	
0.000000	0.000000	0.000000	0.000000	0.000000	0.000000	0.000000	1.000000	
0.000000	0.000000	0.000000	0.706762	0.000000	0.000000	0.707455	0.000000	
0.000000	0.000000	0.000000	0.000000	0.706935	0.707278	0.000000	0.000000	
0.003360	0.710390	0.000000	0.710397	0.000000	0.000000	0.000000	0.000000	
0.000000	0.000000	0.000000	0.000000	0.000000	1.000000	0.000000	0.000000	
0.000000	0.000000	1.000000	0.000000	0.000000	0.000000	0.000000	0.000000	
0.000000	0.703204	0.000000	0.000000	0.000000	0.000000	0.000000	0.710988	
0.000000	0.000021	0.000000	0.002772	0.002728	0.695272	0.000000	0.720848	
0.000000	0.000000	0.000000	0.000000	1.000000	0.000000	0.000000	0.000000	
0.000821	0.029611	0.999184	0.007871	0.000000	0.031638	0.000000	0.000000	
0.010795	0.703617	0.070341	0.015768	0.000000	0.707762	0.000000	0.000000	
0.000000	0.000000	0.000000	0.000000	0.000000	1.000138	0.000000	0.000000	
0.706405	0.706341	0.000000	0.059849	0.000000	0.000004	0.000000	0.000000	
0.003748	0.000150	0.513716	0.000000	0.000000	0.485343	0.000000	0.707477	
0.000000	0.000000	0.706475	0.000000	0.707738	0.000000	0.000000	0.000000	
0.000000	0.000000	0.000000	1.000000	0.000000	0.000000	0.000000	0.000000	
0.000000	0.000023	0.000001	0.000000	0.000000	0.707214	0.707011	0.000000	
0.511523	0.004054	0.000000	0.492509	0.707990	0.000918	0.001715	0.065562	
0.983423	0.000000	0.037261	0.000000	0.176307	0.020187	0.000000	0.000000	
0.701963	0.005700	0.712176	0.000000	0.000000	0.000000	0.004169	0.001746	
0.000006	0.705863	0.000001	0.000024	0.000000	0.000000	0.708349	0.000000	
0.000000	0.000000	0.707113	0.707100	0.000000	0.000000	0.000000	0.000000	
0.020098	0.724641	0.689086	0.000151	0.000000	0.000146	0.000000	0.000000	
0.000000	0.006314	0.724867	0.000000	0.000000	0.688860	0.000000	0.000000	
0.000000	0.000000	0.000000	0.706293	0.708878	0.001409	0.000000	0.000000	
0.000000	0.000000	0.000000	0.707110	0.000000	0.000000	0.000000	0.707104	
0.729413	0.033800	0.000000	0.009467	0.000000	0.000000	0.691948	0.017609	
0.706919	0.000000	0.000000	0.000000	0.000000	0.707295	0.000000	0.000000	
0.000000	0.000000	0.000000	0.000000	0.000000	0.000000	0.000000	1.000000	
0.000001	0.000039	0.000000	0.000000	0.000003	0.000000	0.707166	0.707052	
0.000000	0.000000	0.000000	0.000000	0.711584	0.000000	0.702601	0.000000	
0.000290	0.000069	0.000001	0.000000	0.705572	0.000000	0.000000	0.709254	
0.000000	0.000000	0.000000	0.000000	0.000000	0.000000	1.000000	0.000000	
0.000000	0.713391	0.000000	0.701832	0.000000	0.000000	0.000000	0.000000	
0.000000	0.708715	0.000000	0.000000	0.705495	0.000000	0.000000	0.000000	
0.000000	0.000000	0.000000	0.000000	0.706935	0.707278	0.000000	0.000000	
0.000000	0.000000	0.000000	0.706748	0.000000	0.000000	0.707465	0.000000	
0.812875	0.000000	0.000000	0.579518	0.000000	0.000000	0.083577	0.017535	
0.000000	0.000000	0.704003	0.000001	0.000000	0.000000	0.710197	0.000000	
0.726620	0.000000	0.000000	0.000000	0.000000	0.000000	0.000000	0.687040	
0.000000	0.000003	0.000057	0.706980	0.000000	0.707234	0.000000	0.000000	
0.000000	1.000000	0.000000	0.000000	0.000000	0.000000	0.000000	0.000000	
0.000000	0.000000	0.704003	0.000001	0.000000	0.000000	0.710197	0.000000	
0.000000	0.000000	0.707486	0.000000	0.000000	0.000000	0.000000	0.707976	
0.000003	0.000039	0.000002	0.000000	0.000003	0.000000	0.707160	0.707058	
0.000000	0.729165	0.022405	0.683713	0.018792	0.000000	0.000000	0.000000	
0.710029	0.000000	0.090503	0.000000	0.000000	0.000000	0.000000	0.698332	
0.027753	0.999367	0.000000	0.000000	0.000000	0.000000	0.000000	0.045596	
0.000000	0.000000	0.000000	0.706408	0.000000	0.000000	0.000000	0.707805	
0.001900	0.707024	0.004554	0.000000	0.000000	0.000000	0.000000	0.707172	
0.706919	0.000000	0.000001	0.000000	0.000000	0.707295	0.000000	0.000000	
0.000290	0.000066	0.000001	0.000000	0.705265	0.000000	0.000000	0.708945	
0.734758	0.000000	0.000000	0.000000	0.685554	0.000000	0.000000	0.000000	
0.001839	0.706673	0.000001	0.000000	0.000000	0.706933	0.000000	0.029255	
0.701423	0.711864	0.000000	0.059874	0.000000	0.000004	0.000000	0.000000	
0.000148	0.000000	0.031291	0.000000	0.000000	0.999510	0.000000	0.000000	
0.706015	0.000000	0.000000	0.706014	0.000000	0.000000	0.083590	0.000000	
0.000000	0.000000	0.000000	0.000000	0.712106	0.702486	0.000000	0.000000	
0.636634	0.000000	0.000000	0.000000	0.000000	0.000000	0.779359	0.000016	
0.014573	0.000002	0.445249	0.000036	0.442848	0.779356	0.052274	0.009064	
0.000000	0.000024	0.000001	0.000000	0.000000	0.710456	0.710242	0.000000	
0.000050	0.001701	0.000022	0.706760	0.000000	0.000000	0.707455	0.000000	
0.000000	0.707003	0.707210	0.000006	0.000000	0.000016	0.000000	0.000000	
0.000000	0.000000	0.000000	0.000000	0.707034	0.000000	0.707179	0.000000	
0.000000	0.000151	0.998962	0.059849	0.000000	0.000000	0.000000	0.000000	
0.000000	0.229106	0.000000	0.000097	0.973633	0.000000	0.000000	0.000000	
0.043828	0.001936	0.700304	0.002518	0.710372	0.016400	0.051614	0.009042	
0.000000	0.019936	0.017905	0.999641	0.000000	0.000000	0.000000	0.000000	
0.997680	0.046230	0.000000	0.012949	0.000000	0.000000	0.000021	0.079052	
0.000754	0.000013	0.007387	0.706941	0.000000	0.707234	0.000000	0.000000	
