0.000536	0.000000	0.000043	0.705997	0.708411	0.000000	0.000003	0.000004	
0.000000	0.000007	0.000007	0.709387	0.000005	0.706321	0.000000	0.000012	
0.001496	0.724529	0.000168	0.720339	0.000000	0.000000	0.000000	0.000000	
0.000000	0.000000	0.000016	0.000000	0.710259	0.704349	0.000000	0.000000	
0.000005	0.710464	0.704434	0.000001	0.000000	0.000030	0.000003	0.000000	
0.000000	0.000000	0.000000	0.000000	0.000000	0.000000	0.000000	1.006379	
0.000000	0.000188	0.709467	0.000053	0.000000	0.000001	0.000000	0.708327	
0.000000	0.712339	0.000000	0.000000	0.000021	0.702076	0.000000	0.000000	
0.000000	1.022882	0.000000	0.000000	0.000000	0.000000	0.000000	0.000000	
0.000068	0.000025	0.000061	0.000001	0.000010	0.706390	0.708014	0.000004	
0.702479	0.711994	0.000036	0.000001	0.000000	0.000000	0.000000	0.000000	
0.000000	0.000000	0.000000	0.000000	0.000000	0.000000	1.004690	0.000000	
0.001603	0.710641	0.000131	0.000003	0.000000	0.000000	0.704861	0.000194	
0.000578	0.000000	0.000076	0.715541	0.000000	0.000000	0.699702	0.000118	
0.000000	0.000000	0.000000	1.008925	0.000000	0.000000	0.000000	0.000000	
0.000160	0.732978	0.000006	0.000000	0.720488	0.000000	0.000001	0.000004	
0.000000	0.000000	0.000000	0.000000	0.000000	0.000000	0.709336	0.708848	
0.000000	0.000000	0.000000	0.000000	1.007403	0.000000	0.000000	0.000000	
1.001487	0.000001	0.000000	0.000000	0.000000	0.000000	0.000000	0.000000	
0.707544	0.000000	0.000000	0.000000	0.000000	0.000000	0.000001	0.707576	
0.000000	0.000059	0.707116	0.707507	0.000000	0.000000	0.000001	0.000000	
0.000000	0.000000	1.003932	0.000000	0.000000	0.000000	0.000000	0.000000	
0.708683	0.000051	0.705758	0.000001	0.000000	0.000000	0.000003	0.000004	
0.000049	0.000000	0.709640	0.000006	0.000013	0.705284	0.000000	0.000001	
0.709171	0.000001	0.000008	0.000001	0.708710	0.000000	0.000003	0.000004	
0.000000	0.000000	0.000000	0.000000	0.000000	1.004532	0.000000	0.000000	
0.000000	0.000000	0.000000	0.000000	0.710961	0.000000	0.705836	0.000000	
0.000137	0.000004	0.705822	0.000004	0.709380	0.000001	0.000000	0.000004	
0.706348	0.000000	0.000001	0.708588	0.000003	0.000000	0.000015	0.000001	
0.709612	0.000000	0.000001	0.000716	0.000153	0.717509	0.000000	0.000000	
0.000000	0.000000	0.000000	0.000000	0.000000	0.706631	0.000001	0.707839	
0.710978	0.000000	0.000001	0.000003	0.000000	0.000001	0.705839	0.000000	
0.000000	0.000050	0.000051	0.000074	0.710873	0.000000	0.000000	0.703513	
0.000000	0.000000	0.000000	0.715258	0.000000	0.000000	0.000000	0.715296	
0.000000	0.000000	0.710828	0.000024	0.000009	0.000001	0.703833	0.000000	
0.000029	0.719918	0.000000	0.000000	0.005792	0.000000	0.000001	0.700047	
0.000000	1.016414	0.000000	0.000000	0.000000	0.000000	0.000000	0.000000	
0.712406	0.000000	0.000001	0.000000	0.000002	0.708210	0.000001	0.000000	
0.702479	0.711994	0.000063	0.000001	0.000000	0.000000	0.000000	0.000000	
0.000000	0.000000	0.000000	1.003577	0.039531	0.000000	0.000000	0.000004	
0.000000	0.000000	0.000000	0.000000	0.000000	0.000000	0.000000	1.000321	
0.000000	0.000000	0.000000	0.718242	0.000000	0.000000	0.000001	0.712634	
0.000000	0.000000	0.000000	0.000000	1.008152	0.000000	0.000000	0.000000	
0.000000	0.000000	0.000000	0.000000	0.000000	0.000000	1.000504	0.000000	
0.000000	0.713322	0.000000	0.000000	0.000021	0.703045	0.000000	0.000000	
0.000000	0.734165	0.708003	0.000000	0.000000	0.000000	0.000000	0.000000	
0.001227	0.707381	0.000005	0.000000	0.000000	0.000000	0.000001	0.707415	
0.000000	0.000000	0.711281	0.000024	0.000009	0.000001	0.732402	0.000000	
0.000000	0.000000	1.002842	0.000000	0.000000	0.000000	0.000000	0.000000	
0.000020	0.000193	0.718467	0.000054	0.000000	0.000001	0.000001	0.699668	
0.000000	0.000000	0.000000	0.000000	0.000000	1.000750	0.000000	0.000000	
0.000000	0.000000	0.000000	0.000000	0.708200	0.000000	0.706304	0.000000	
1.001487	0.000001	0.000000	0.000000	0.000000	0.000000	0.000000	0.000000	
0.000000	0.000000	0.000000	0.000000	0.000000	0.711267	0.000000	0.705173	
0.000000	0.000003	0.000094	0.000001	0.000000	0.700994	0.713408	0.000000	
0.010645	0.000001	0.010123	0.738351	0.677348	0.000000	0.000003	0.000004	
0.000050	0.000000	0.729034	0.000006	0.000013	0.689197	0.000000	0.000001	
0.000161	0.734673	0.000012	0.000000	0.722154	0.000000	0.000000	0.000004	
0.720479	0.082680	0.003300	0.000003	0.000962	0.000000	0.719974	0.000013	
0.710476	0.000051	0.703972	0.000000	0.000000	0.000000	0.000003	0.000004	
0.000072	0.000007	0.000073	0.000005	0.710873	0.000000	0.000001	0.703513	
0.000342	0.000023	0.703274	0.001159	0.711001	0.000001	0.000000	0.000004	
0.000000	0.000007	0.000007	0.710203	0.000005	0.704471	0.000000	0.000012	
0.709035	0.000001	0.000001	0.705896	0.000005	0.000000	0.000001	0.000001	
0.707544	0.000000	0.000000	0.000000	0.000000	0.000000	0.000001	0.707576	
0.000230	0.715743	0.008910	0.000024	0.000009	0.000001	0.699203	0.000004	
0.000000	0.000000	0.000000	0.000000	0.000000	0.000000	0.718922	0.699296	
0.000009	0.000132	0.702618	0.711992	0.000000	0.000000	0.000001	0.000115	
0.000000	0.000000	0.000016	0.000000	0.710259	0.704349	0.000000	0.000000	
0.709091	0.000052	0.000003	0.000007	0.705282	0.000000	0.000000	0.000000	
0.000000	0.000000	0.000000	0.716533	0.000021	0.000000	0.700650	0.000002	
0.001498	0.725361	0.000168	0.721167	0.000000	0.000000	0.000000	0.000000	
0.000000	0.000000	0.000000	0.718243	0.000002	0.000000	0.000001	0.712635	
0.000006	0.000000	0.000000	0.007467	0.009299	1.000068	0.000003	0.000004	
0.710879	0.000000	0.000000	0.000718	0.002046	0.718793	0.000000	0.000000	
0.000000	0.000000	0.000000	0.000000	0.000000	0.000000	0.709440	0.708951	
0.674487	0.198775	0.004756	0.710780	0.006467	0.033762	0.000001	0.000000	
0.000000	0.000000	0.999590	0.080373	0.000000	0.000000	0.000000	0.000000	
0.000009	0.000280	0.000042	1.000361	0.046331	0.000000	0.000000	0.000000	
0.000000	0.000000	0.000000	0.000001	0.712257	0.000000	0.000001	0.706785	
0.041969	0.001364	0.686160	0.000000	0.014512	0.183430	0.706513	0.000000	
0.000000	0.000000	0.000000	0.000000	0.000000	0.000000	0.000000	1.000331	
0.001227	0.707327	0.000005	0.000024	0.000000	0.000000	0.000001	0.707360	
0.001498	0.725361	0.000452	0.721167	0.000000	0.000000	0.000000	0.000000	
0.001939	0.103010	0.000000	0.000007	0.680695	0.747779	0.000000	0.000000	
0.000034	0.000036	0.728973	0.000006	0.000013	0.689140	0.000000	0.000001	
0.708736	0.023203	0.000008	0.002286	0.708658	0.000000	0.014506	0.000000	
0.502345	0.000000	0.000000	0.000002	0.000000	0.517089	0.693486	0.000000	
0.999997	0.000001	0.000001	0.022657	0.000005	0.000000	0.000001	0.000000	
0.000000	0.000000	0.000000	0.000000	1.016339	0.000000	0.000000	0.000000	
0.710833	0.000051	0.705608	0.000001	0.000000	0.000000	0.004609	0.000004	
0.000158	0.722801	0.046086	0.000000	0.696500	0.000000	0.000000	0.000004	
0.710585	0.000000	0.000001	0.002830	0.000864	0.000001	0.705455	0.004864	
0.506577	0.000000	0.000000	0.000000	0.000615	0.000001	0.493973	0.707584	
0.000020	0.000001	0.040224	0.702129	0.711007	0.000001	0.000000	0.000004	
0.000000	0.000000	0.000000	0.000000	0.000000	0.711921	0.000000	0.708082	
0.000000	0.000000	0.000000	0.000000	0.709432	0.000000	0.704993	0.000004	
0.000344	0.000010	0.705822	0.000004	0.709380	0.000001	0.000000	0.000004	
0.000000	0.000007	0.000007	0.709341	0.001823	0.706278	0.000000	0.000001	
0.000093	0.724425	0.009018	0.006293	0.000009	0.000001	0.707711	0.000004	
