0.420179	0.716089	0.382326	0.417741	
0.206484	0.973969	0.000904	0.143471	
0.000032	0.000108	0.958191	0.307563	
0.905958	0.010122	0.153818	0.410100	
0.512750	0.866352	0.000173	0.000068	
0.919341	0.306319	0.187680	0.193377	
0.327820	0.818433	0.483231	0.000008	
0.350090	0.320125	0.001188	0.885262	
0.013180	0.395499	0.396156	0.835690	
0.309226	0.903747	0.169267	0.265205	
0.147922	0.001960	0.598569	0.794555	
0.084975	1.002043	0.000725	0.000722	
0.007526	1.001848	0.000917	0.089060	
0.368317	0.000795	0.834567	0.425175	
0.487314	0.821808	0.316316	0.002470	
0.007064	0.008203	0.994940	0.147588	
0.203443	0.655325	0.598348	0.427529	
0.150552	0.981791	0.117930	0.113116	
0.018824	0.955522	0.318748	0.001879	
0.262855	0.937792	0.254944	0.001325	
0.000000	0.000000	0.000000	1.005740	
0.024401	0.922064	0.267487	0.299401	
0.710271	0.688671	0.150119	0.112318	
0.544666	0.628800	0.006582	0.565017	
0.760830	0.338045	0.000540	0.564702	
0.000456	0.985845	0.197898	0.000078	
0.401182	0.682019	0.604876	0.145087	
0.353013	0.842267	0.379873	0.182906	
0.520528	0.001239	0.851181	0.134173	
0.205174	0.657268	0.406622	0.609838	
0.195110	0.987046	0.000002	0.000000	
0.000735	0.716155	0.706313	0.003685	
0.961361	0.233085	0.180722	0.006750	
0.543658	0.012707	0.214745	0.835970	
0.572251	0.321398	0.001192	0.762783	
0.155292	0.556391	0.823381	0.003149	
0.625425	0.277883	0.287347	0.785383	
0.260434	0.966671	0.091606	0.017175	
0.148174	0.833380	0.503988	0.201138	
0.000195	0.799143	0.332450	0.511997	
0.719129	0.604862	0.354468	0.001345	
0.004246	0.930722	0.175569	0.338378	
0.886782	0.284541	0.380279	0.009864	
0.803005	0.000035	0.590169	0.144202	
0.186951	0.001124	0.308027	0.939700	
0.596319	0.387341	0.710869	0.003577	
0.996936	0.000003	0.142928	0.000174	
0.158731	0.265771	0.000122	0.956985	
0.142152	0.964880	0.022743	0.239751	
0.336849	0.948034	0.000037	0.000000	
0.185700	0.945794	0.134611	0.256870	
0.409691	0.019800	0.409878	0.822280	
0.000631	1.001551	0.096685	0.000002	
0.598015	0.693182	0.381642	0.166616	
0.996399	0.000001	0.000001	0.143893	
0.001757	0.233829	0.611135	0.763995	
0.001957	0.290699	0.778949	0.566091	
0.408518	0.347931	0.211901	0.824898	
0.007072	0.298224	0.890617	0.362717	
0.096732	0.996762	0.096675	0.000002	
0.892333	0.298352	0.000144	0.355694	
0.166763	0.234185	0.964024	0.000342	
0.181281	0.339846	0.912799	0.172942	
0.029963	0.853730	0.531950	0.000283	
0.000336	0.493975	0.000713	0.875759	
0.171289	0.010418	0.263506	0.954751	
0.400881	0.675372	0.199614	0.598338	
0.023964	0.051766	0.290244	0.961331	
0.014589	0.802221	0.589691	0.144399	
0.346527	0.776928	0.000017	0.538079	
0.140648	0.459237	0.399220	0.787714	
0.075096	0.806809	0.596126	0.000093	
0.944975	0.001018	0.339830	0.019577	
0.089914	0.996799	0.000296	0.098857	
0.705421	0.718306	0.000747	0.000723	
0.272532	0.928762	0.000732	0.273781	
0.155065	0.864936	0.332429	0.355236	
0.984164	0.013313	0.145963	0.151020	
0.002584	0.711536	0.001120	0.709610	
0.816678	0.000691	0.376071	0.448907	
0.234092	0.377201	0.810826	0.397334	
0.000145	0.798293	0.524322	0.314536	
0.619798	0.780565	0.139806	0.000208	
0.000181	0.177706	0.132849	0.981030	
0.000821	0.621103	0.578668	0.536695	
0.008993	0.612750	0.362337	0.712211	
0.797773	0.447325	0.376440	0.181781	
0.491620	0.360129	0.642916	0.477452	
0.863195	0.575270	0.000038	0.178958	
0.129189	0.489184	0.631690	0.597583	
0.008081	0.958544	0.264271	0.158066	
0.193948	0.621492	0.744501	0.182271	
0.948891	0.293357	0.010006	0.158470	
0.000714	0.552155	0.825163	0.166527	
0.000309	0.007700	0.708244	0.715493	
0.000008	0.012522	0.539530	0.849349	
0.000000	0.000000	1.005683	0.000000	
0.017242	0.649218	0.689535	0.338949	
0.879455	0.013379	0.487210	0.001451	
0.640693	0.616413	0.305145	0.357704	
0.914682	0.000525	0.376463	0.181792	
0.358919	0.306182	0.889116	0.000059	
0.955818	0.016380	0.000019	0.313368	
0.395038	0.915979	0.126396	0.000727	
0.314483	0.001141	0.000188	0.954833	
0.003089	0.010772	0.850407	0.537938	
0.528634	0.647517	0.559531	0.000091	
0.862455	0.017015	0.000001	0.518701	
0.000419	0.906770	0.406670	0.153197	
0.674041	0.658902	0.001360	0.352444	
0.133575	0.915097	0.392828	0.000028	
0.879347	0.210993	0.161964	0.409341	
0.642969	0.009584	0.428287	0.643704	
0.876653	0.493831	0.000726	0.000049	
0.014574	0.535825	0.163784	0.835704	
0.000096	0.001717	0.144050	0.995978	
0.509854	0.845000	0.117175	0.161070	
1.005803	0.000001	0.000000	0.000000	
0.000204	0.946778	0.000032	0.339541	
0.183154	0.563864	0.199752	0.789057	
0.518577	0.000000	0.000002	0.861760	
0.406459	0.911299	0.000531	0.130637	
0.673618	0.006505	0.606740	0.435144	
0.733547	0.385820	0.568901	0.035169	
0.179282	0.000193	0.920911	0.362463	
0.001018	0.488724	0.879229	0.000001	
0.710031	0.000085	0.710437	0.000000	
0.252328	0.000564	0.792057	0.565989	
0.170276	0.000183	0.981084	0.141553	
0.140472	0.896838	0.108112	0.421774	
0.011092	0.316045	0.944153	0.148716	
0.841980	0.534470	0.129896	0.000178	
0.487331	0.815079	0.007194	0.333630	
0.358946	0.605170	0.718664	0.001450	
0.142261	0.000005	0.995463	0.000189	
0.285599	0.951359	0.117935	0.113121	
0.711630	0.000512	0.003132	0.709706	
0.144054	0.002469	0.000003	0.996083	
0.621298	0.424422	0.633810	0.212459	
0.019563	0.993042	0.119050	0.112391	
0.173215	0.914808	0.302697	0.231966	
0.000000	1.696611	0.000000	0.000000	
0.454726	0.294062	0.830780	0.166716	
0.478525	0.004024	0.682315	0.562694	
0.004277	0.973973	0.133602	0.211805	
0.308557	0.001036	0.957738	0.000342	
0.617480	0.775623	0.000341	0.166540	
0.175625	0.553355	0.014688	0.822010	
0.154600	0.781121	0.000148	0.614198	
0.651408	0.335781	0.444378	0.526272	
0.978356	0.234374	0.000004	0.000050	
0.076902	0.776600	0.159108	0.614714	
0.000225	0.221914	0.000349	0.981207	
0.129228	0.911492	0.000284	0.402101	
0.004163	0.987044	0.000023	0.196396	
0.351352	0.613946	0.000248	0.727272	
0.386942	0.000921	0.914897	0.164457	
0.000211	0.866265	0.000001	0.512428	
0.787966	0.060980	0.125967	0.610333	
0.510248	0.002008	0.867075	0.002740	
0.000440	0.245615	0.975765	0.004357	
0.944118	0.000898	0.346146	0.019604	
0.409320	0.026433	0.409882	0.822287	
0.308557	0.001036	0.957738	0.000342	
0.173265	0.000594	0.981163	0.138696	
0.358244	0.928198	0.146827	0.000008	
0.730895	0.392177	0.559035	0.113119	
0.125769	0.000001	0.924537	0.375731	
0.512255	0.859006	0.117657	0.001768	
0.508531	0.012166	0.867372	0.035132	
1.001481	0.015886	0.000596	0.089036	
0.528634	0.647517	0.559531	0.000091	
0.019829	0.729040	0.237232	0.652746	
0.350596	0.315568	0.888976	0.000036	
0.145006	0.834158	0.505156	0.202610	
0.674050	0.658567	0.009952	0.352379	
0.025886	0.978200	0.232319	0.021997	
0.680423	0.692852	0.265799	0.000723	
0.201606	0.645247	0.426863	0.609725	
0.513030	0.850263	0.117904	0.116889	
0.478451	0.009349	0.682315	0.562694	
0.241833	0.890091	0.399053	0.034138	
0.008896	0.614403	0.363313	0.710253	
0.867413	0.002567	0.025690	0.508482	
0.698511	0.319421	0.001209	0.765997	
0.495754	0.320594	0.795620	0.164079	
0.629691	0.784171	0.000346	0.000317	
0.240765	0.387953	0.840070	0.313460	
0.000000	1.682197	0.220710	0.000000	
0.148237	0.921511	0.000288	0.375006	
0.232751	0.745610	0.170973	0.609791	
0.460023	0.788271	0.416167	0.019258	
0.250852	0.007283	0.795183	0.563403	
0.010984	0.312976	0.934985	0.203104	
0.130700	0.494903	0.626273	0.597885	
0.004163	0.987044	0.000023	0.196396	
0.978363	0.234333	0.000004	0.000067	
0.016594	0.916973	0.265961	0.317439	
0.015607	0.761481	0.641572	0.133576	
0.000440	0.245615	0.975765	0.004357	
