0.000000	0.000000	0.000000	0.706787	0.000000	0.000000	0.000000	0.707427	
0.000000	0.000000	0.705972	0.000000	0.000000	0.708241	0.000000	0.000000	
0.000000	0.000000	0.000000	0.000000	0.000000	0.000000	0.000000	1.000004	
0.000000	0.000000	0.707261	0.706952	0.000000	0.000000	0.000000	0.000000	
0.000000	0.707846	0.000000	0.706367	0.000000	0.000000	0.000000	0.000000	
0.000000	0.000000	0.000001	0.000023	0.706778	0.000000	0.000000	0.707436	
0.000000	0.000000	1.000131	0.000000	0.000000	0.000000	0.000000	0.000000	
0.000000	0.000000	0.000000	1.000004	0.000000	0.000000	0.000000	0.000000	
0.000000	0.000000	0.000000	0.000000	1.000000	0.000000	0.000000	0.000000	
0.709165	0.000000	0.000000	0.000000	0.000000	0.705104	0.000000	0.000000	
0.000000	0.000000	0.000000	0.000000	0.000000	0.000000	1.000001	0.000000	
0.000000	0.707311	0.706924	0.000000	0.000000	0.000000	0.000001	0.000001	
0.000000	0.000000	0.000000	0.707056	0.000000	0.707158	0.000000	0.000000	
0.000000	0.707064	0.000097	0.000004	0.000000	0.707150	0.000001	0.000000	
0.714225	0.000000	0.000085	0.000000	0.701192	0.000003	0.000000	0.000000	
0.000000	0.000000	0.000000	0.000000	0.000000	1.000002	0.000000	0.000000	
0.000015	0.000002	0.707106	0.000000	0.707108	0.000000	0.000000	0.000000	
0.708908	0.000574	0.000000	0.000000	0.000000	0.000000	0.706159	0.000000	
0.000000	0.000057	0.000004	0.000054	0.706414	0.707799	0.000000	0.000000	
1.013751	0.000000	0.000000	0.000000	0.000000	0.000000	0.000000	0.000000	
0.708216	0.705997	0.000000	0.000000	0.000005	0.000000	0.000000	0.000005	
0.000000	0.000000	0.000000	0.707105	0.707108	0.000000	0.000000	0.000000	
0.000000	0.000000	0.000000	0.000000	0.000000	0.000000	0.707090	0.707123	
0.708365	0.000362	0.000000	0.708637	0.000000	0.000000	0.000000	0.000000	
0.000000	1.000650	0.000000	0.000000	0.000000	0.000000	0.000000	0.000000	
0.000000	0.706859	0.000000	0.000000	0.000000	0.000000	0.000000	0.707355	
0.710471	0.002968	0.000000	0.000000	0.000000	0.000008	0.000016	0.708274	
0.000000	0.705462	0.000000	0.000000	0.708767	0.000000	0.000000	0.000000	
0.000000	0.000000	0.000000	0.000000	0.000000	0.706750	0.000000	0.707464	
0.000000	0.000000	0.000000	0.706813	0.000000	0.000000	0.707402	0.000000	
0.000016	0.000000	0.000000	0.000000	0.000017	0.706165	0.708092	0.000000	
0.712342	0.000984	0.701928	0.000000	0.000005	0.000000	0.000027	0.000000	
0.000000	0.000000	0.707012	0.000000	0.000000	0.000000	0.000000	0.707203	
0.000000	0.000330	0.707844	0.000091	0.000000	0.000000	0.708945	0.000000	
0.000000	0.708480	0.000000	0.000000	0.000000	0.000000	0.705732	0.000000	
0.000000	0.000000	0.000000	0.000000	0.707012	0.000000	0.707202	0.000000	
0.000015	0.000002	0.707106	0.000000	0.707108	0.000000	0.000000	0.000000	
0.000000	0.000000	0.000000	0.000000	0.000000	1.000002	0.000000	0.000000	
0.711775	0.000382	0.000000	0.712048	0.000000	0.000000	0.000000	0.000000	
0.033167	0.993118	0.191968	0.000000	0.000000	0.058836	0.000000	0.000000	
0.000000	0.000000	0.705839	0.000000	0.000000	0.708375	0.000000	0.000000	
0.000000	0.000000	0.000000	0.000000	0.000000	0.000000	0.707133	0.707171	
0.000000	0.708480	0.000005	0.000000	0.000000	0.000000	0.705732	0.000000	
0.000000	0.000000	0.000000	0.708512	0.000000	0.000000	0.708685	0.000000	
0.000000	0.000000	0.000000	1.000004	0.000000	0.000000	0.000000	0.000000	
0.708646	0.000000	0.000084	0.000000	0.705581	0.000003	0.000000	0.000000	
0.712341	0.000688	0.701927	0.000000	0.000005	0.000000	0.001619	0.000000	
0.000000	0.000000	0.000005	0.000073	0.708166	0.000000	0.000000	0.706046	
0.000000	0.000000	0.000000	0.000000	0.000000	0.000000	0.000000	1.000004	
0.000000	0.000048	0.000000	0.000047	0.000066	0.707672	0.707700	0.000000	
0.000636	0.010137	0.000004	0.714348	0.699579	0.000000	0.015988	0.000000	
0.059933	0.054881	0.000267	0.008437	0.000105	0.000000	0.996236	0.028975	
0.707125	0.000000	0.000000	0.000000	0.000000	0.000000	0.707089	0.000000	
0.000000	0.000000	0.000000	0.000000	0.999858	0.000000	0.000000	0.016909	
0.708197	0.002958	0.000000	0.000000	0.000000	0.000000	0.001186	0.706008	
0.000000	0.000000	0.000000	0.000000	0.707481	0.000000	0.707607	0.000000	
0.000000	0.000000	0.000000	0.707056	0.000000	0.707158	0.000000	0.000000	
0.474425	0.521970	0.003694	0.012194	0.708779	0.000000	0.000000	0.000000	
0.000000	0.700276	0.000000	0.000014	0.005441	0.000479	0.000000	0.717257	
0.000000	0.000000	0.000000	0.703293	0.000000	0.000008	0.000000	0.711288	
0.000000	0.707846	0.000000	0.706367	0.000000	0.000000	0.000000	0.000000	
0.000000	0.000000	0.000000	0.000000	0.000000	0.706750	0.000000	0.707464	
0.703391	0.712962	0.000001	0.000000	0.000005	0.000000	0.000000	0.000000	
0.000000	0.000000	0.707127	0.000000	0.000000	0.000000	0.000000	0.707088	
0.000000	0.000000	0.707262	0.706953	0.000000	0.000000	0.000000	0.000000	
0.000000	0.715663	0.699298	0.000000	0.000000	0.000000	0.000001	0.000003	
0.000000	0.705966	0.000000	0.000004	0.000000	0.708247	0.000001	0.000000	
0.000000	0.000000	1.000131	0.000000	0.000000	0.000000	0.000000	0.000000	
0.988245	0.011718	0.122897	0.024720	0.043085	0.004140	0.081770	0.000000	
0.707285	0.000000	0.000000	0.000003	0.000000	0.706934	0.000000	0.000000	
0.000056	0.000012	0.000004	0.000055	0.713125	0.701037	0.000000	0.000000	
0.000000	0.000000	0.707053	0.000000	0.000000	0.000000	0.707181	0.000000	
0.707274	0.004411	0.000000	0.000000	0.000000	0.706927	0.000000	0.000000	
0.000000	0.705902	0.000000	0.000004	0.000000	0.708311	0.000001	0.000000	
0.000000	0.000000	0.000000	0.708512	0.000000	0.000000	0.708686	0.000000	
0.000000	0.086602	0.086619	0.992484	0.000000	0.000000	0.000001	0.000001	
0.000000	0.000000	0.707052	0.000000	0.000000	0.000000	0.707181	0.000000	
0.379496	0.044469	0.028487	0.366805	0.476651	0.701038	0.000000	0.000000	
0.000620	0.009877	0.000004	0.696024	0.717796	0.000000	0.016861	0.000000	
0.492473	0.025128	0.506897	0.705703	0.000000	0.043346	0.000000	0.000051	
0.000000	0.000000	1.000134	0.000000	0.000000	0.000000	0.000000	0.000000	
0.708290	0.000000	0.000006	0.000000	0.705946	0.000003	0.000000	0.000000	
0.000014	0.000001	0.672317	0.000000	0.741072	0.000000	0.000000	0.000000	
0.953815	0.259688	0.114846	0.026929	0.000997	0.000061	0.000000	0.094261	
0.712339	0.001876	0.701927	0.000000	0.000005	0.000000	0.001619	0.000001	
0.006299	0.494492	0.504382	0.036559	0.000000	0.000000	0.001956	0.707817	
0.000000	0.000000	0.000000	0.000000	0.000000	0.000000	0.000000	1.005135	
0.000000	0.000000	0.000000	0.000000	0.000000	0.508690	0.476176	0.717281	
0.000000	0.999692	0.000000	0.000903	0.073569	0.000000	0.000000	0.000000	
0.000000	0.000000	0.000000	0.000000	1.000001	0.000000	0.000000	0.000000	
0.000000	0.000000	0.000000	0.706784	0.002066	0.000000	0.000000	0.707427	
0.488124	0.509820	0.003697	0.006800	0.709169	0.000000	0.000000	0.000000	
0.714976	0.687809	0.125628	0.000000	0.000005	0.000000	0.000000	0.000000	
0.711775	0.000382	0.000000	0.712048	0.000000	0.000000	0.000000	0.000000	
0.000000	0.702249	0.682229	0.000884	0.072052	0.214954	0.000000	0.000000	
0.000000	0.000000	0.000000	0.000000	0.715653	0.001262	0.715846	0.000000	
0.000000	0.000000	0.705836	0.000000	0.000011	0.708372	0.002368	0.000000	
0.350457	0.001464	0.002889	0.395446	0.000000	0.060928	0.484562	0.696280	
0.010219	0.000000	0.000000	0.000291	0.518720	0.000000	0.486411	0.703015	
0.004764	0.724953	0.026533	0.000000	0.000000	0.002527	0.690447	0.000000	
