0.000000	0.705962	0.000000	0.708743	0.000000	0.000000	0.000000	0.000000	
0.000000	0.000000	0.000000	0.000000	0.000000	0.000000	0.000000	1.000055	
0.000000	0.000000	0.000000	0.000000	0.707263	0.000001	0.000000	0.706990	
0.000000	0.000000	0.000000	1.003307	0.000000	0.000000	0.000000	0.000000	
0.703574	0.000000	0.000000	0.715325	0.000000	0.000001	0.000000	0.000000	
1.000270	0.000000	0.000000	0.000000	0.000000	0.000000	0.000000	0.000000	
0.707679	0.000000	0.000004	0.000000	0.000001	0.000005	0.707701	0.000000	
0.000000	0.000000	0.708896	0.000000	0.000000	0.000000	0.000000	0.705395	
0.000000	0.706058	0.708223	0.000001	0.000000	0.000000	0.000000	0.000000	
0.000000	0.706507	0.000000	0.000000	0.000000	0.000001	0.707818	0.000000	
0.000000	1.000670	0.000000	0.000000	0.000000	0.000000	0.000000	0.000000	
0.000000	0.000000	0.000483	0.000000	0.711951	0.709640	0.000002	0.000000	
0.000000	0.000000	1.000839	0.000000	0.000000	0.000000	0.000000	0.000000	
0.000000	0.000000	0.724494	0.721985	0.000000	0.000000	0.000000	0.000000	
0.000006	0.000001	0.000000	0.000000	0.000000	0.707724	0.000000	0.707575	
0.707226	0.000049	0.707111	0.000001	0.000000	0.000000	0.000015	0.000000	
0.000000	0.000000	0.000009	0.706963	0.000001	0.707290	0.000000	0.000000	
0.706944	0.000063	0.000004	0.000000	0.708065	0.000007	0.000000	0.000000	
0.707975	0.000000	0.000000	0.000000	0.000002	0.707340	0.000000	0.000000	
0.708184	0.706159	0.000000	0.000000	0.000000	0.000000	0.000000	0.000000	
0.000000	0.000000	0.000000	0.000000	0.000000	0.000000	1.000025	0.000000	
0.000023	0.715633	0.000015	0.000016	0.000000	0.724791	0.000001	0.000000	
0.000000	0.000000	0.000000	0.707847	0.000000	0.000000	0.000001	0.706948	
0.000000	0.706568	0.000001	0.000000	0.707699	0.000021	0.000000	0.000000	
0.000000	0.000000	0.000848	0.000117	0.000000	0.708456	0.707317	0.000000	
0.000000	0.000000	0.000000	0.000000	1.000094	0.000000	0.000000	0.000000	
0.000000	0.000000	0.000000	0.000000	0.707156	0.000002	0.707179	0.000000	
0.000133	0.000006	0.718847	0.000000	0.000000	0.000000	0.696077	0.000000	
0.000000	0.000000	0.000000	0.707795	0.000006	0.000000	0.706451	0.000000	
0.000001	0.707307	0.000021	0.000000	0.000000	0.000000	0.000001	0.707151	
0.000000	0.000000	0.000000	0.000000	0.000000	0.000000	0.707069	0.707186	
0.000000	0.000000	0.707224	0.000001	0.707041	0.000000	0.000000	0.000000	
0.001698	0.000096	0.724454	0.002202	0.000001	0.704127	0.000000	0.006255	
0.000000	0.000000	0.000000	0.000000	0.000000	1.000030	0.000000	0.000000	
0.707521	0.000001	0.000001	0.000000	0.000000	0.000000	0.000000	0.707165	
0.000003	0.000000	0.000001	0.706080	0.708175	0.000004	0.000000	0.000000	
0.687487	0.000047	0.726307	0.000001	0.000000	0.000564	0.000015	0.000000	
0.000004	0.000000	0.000000	0.706081	0.708176	0.000004	0.000000	0.000000	
0.717829	0.000000	0.000000	0.004879	0.000002	0.700241	0.000000	0.000000	
0.000000	0.056158	0.000000	0.000000	0.704279	0.000000	0.707826	0.000000	
0.000000	0.000000	0.724710	0.722200	0.000000	0.000000	0.000000	0.000000	
0.000000	0.000000	0.000000	0.000000	0.000000	0.000000	0.705874	0.710512	
0.000000	0.000000	0.708902	0.000000	0.000000	0.000000	0.000000	0.705401	
0.000000	0.000000	0.000000	0.000000	0.000000	0.000000	1.000024	0.000000	
0.000000	0.000000	0.000000	0.000000	0.707269	0.000001	0.000000	0.706996	
0.707365	0.000158	0.000001	0.000000	0.000000	0.000000	0.000000	0.707009	
0.000611	0.703704	0.000015	0.001392	0.000000	0.712712	0.000000	0.000000	
0.000000	0.000000	0.000000	0.000000	0.000000	1.000035	0.000000	0.000000	
0.696830	0.000000	0.000000	0.719928	0.000000	0.000001	0.000000	0.000000	
1.000130	0.000000	0.000000	0.000000	0.000000	0.000000	0.000000	0.000000	
0.708800	0.000373	0.000070	0.000001	0.705846	0.000171	0.000000	0.000000	
0.000000	0.000000	0.708479	0.000000	0.000000	0.000000	0.705778	0.000000	
0.000000	0.000000	0.000852	0.000088	0.000000	0.708455	0.707314	0.000039	
0.001657	0.000193	0.710671	0.002340	0.000001	0.705804	0.000000	0.000000	
0.000457	0.000071	0.711694	0.000000	0.704497	0.000000	0.000000	0.000000	
0.000000	0.000000	0.000000	1.000088	0.000000	0.000000	0.000000	0.000000	
0.000000	0.000000	0.000000	0.000000	0.000000	0.000000	0.000000	1.002692	
0.000000	0.000000	0.000000	0.000000	1.000043	0.000000	0.000000	0.000000	
0.000000	0.000000	0.000000	0.708030	0.000001	0.000000	0.706686	0.000000	
0.000009	0.000001	0.000001	0.706963	0.000001	0.707290	0.000000	0.000000	
0.000000	0.000000	0.000000	0.710573	0.000000	0.000000	0.000000	0.703682	
0.000000	0.706183	0.708098	0.000001	0.000000	0.000000	0.000000	0.000000	
0.000000	0.709102	0.000004	0.000000	0.710057	0.000008	0.000000	0.000000	
0.488460	0.509402	0.000000	0.717969	0.009721	0.000000	0.000020	0.000000	
0.000001	0.000064	0.000336	0.000030	0.705033	0.709396	0.000000	0.000033	
0.708867	0.707353	0.000000	0.000000	0.001931	0.000000	0.000000	0.000000	
0.001825	0.717325	0.000004	0.000000	0.001809	0.000000	0.005187	0.697050	
0.000000	0.000000	1.027364	0.000209	0.000000	0.000000	0.000000	0.000000	
0.000000	1.000098	0.000000	0.000000	0.000000	0.000000	0.000000	0.000000	
0.729949	0.000000	0.000000	0.000000	0.000000	0.000000	0.683595	0.000000	
0.024469	0.048133	0.006289	0.001441	0.000017	0.715073	0.000000	0.696999	
0.000000	0.711023	0.000000	0.000000	0.000000	0.000001	0.703268	0.000000	
0.009654	0.727308	0.000001	0.000000	0.000000	0.000215	0.000000	0.687082	
0.001051	0.025323	0.000000	1.000048	0.000000	0.000000	0.000000	0.000000	
0.000000	0.000000	0.000000	0.000000	0.688780	0.000000	0.725098	0.000000	
0.708276	0.706071	0.000000	0.000000	0.000000	0.000000	0.000000	0.000000	
0.001680	0.000094	0.716731	0.025206	0.000001	0.697048	0.000000	0.054127	
0.000000	0.000000	0.000000	0.720788	0.692833	0.000001	0.022976	0.000000	
0.512686	0.000035	0.517194	0.000001	0.000000	0.024758	0.684992	0.000000	
0.000000	0.000000	0.707232	0.000000	0.707048	0.000000	0.000000	0.000000	
0.483696	0.510757	0.000000	0.715623	0.007233	0.000000	0.000018	0.000000	
0.571648	0.021038	0.083833	0.818299	0.000000	0.000001	0.000000	0.000000	
0.000000	0.000000	0.000617	0.000064	0.000589	0.708031	0.706891	0.000039	
0.000000	0.773176	0.000000	0.000000	0.000000	0.000001	0.634302	0.000000	
0.000001	0.000063	0.000338	0.000000	0.705132	0.709496	0.000000	0.000033	
0.000002	0.008919	0.008809	0.000000	0.997392	0.071961	0.000000	0.000001	
0.000000	0.000000	0.705048	0.001435	0.000000	0.000000	0.709207	0.000000	
0.044617	0.997821	0.000795	0.000001	0.000002	0.000000	0.050966	0.000000	
0.501668	0.499900	0.007248	0.000119	0.067565	0.710367	0.004788	0.000000	
0.991035	0.036472	0.145337	0.015576	0.000000	0.000001	0.000000	0.000000	
0.000000	0.000000	0.000000	0.038162	0.706520	0.000000	0.000001	0.707245	
0.000000	0.000000	0.634811	0.775065	0.000000	0.000000	0.000000	0.000000	
0.023312	0.707774	0.000004	0.000000	0.709280	0.000182	0.000000	0.000000	
0.000172	0.706183	0.708098	0.000001	0.000000	0.000000	0.000000	0.000000	
0.000000	0.000008	0.000008	0.827387	0.000001	0.561720	0.000000	0.000000	
0.000422	0.010208	0.999999	0.000001	0.000000	0.000000	0.000000	0.000000	
0.717341	0.000001	0.000000	0.000000	0.000000	0.000000	0.005187	0.697062	
0.707226	0.000049	0.707111	0.000001	0.000000	0.000000	0.000015	0.000000	
0.000046	0.000135	0.007527	0.000002	0.000058	0.000000	0.000001	1.000045	
0.000000	0.000000	0.000000	0.000000	0.000000	1.000070	0.000000	0.000000	
