0.000000	0.707479	0.000004	0.000000	0.706735	0.000000	0.000000	0.000000	
0.000000	0.707074	0.000000	0.000000	0.000000	0.707140	0.000000	0.000000	
0.000000	0.000000	0.000000	0.000000	0.706605	0.707712	0.000000	0.000000	
0.000000	0.000000	0.705082	0.709126	0.000000	0.000000	0.000000	0.000000	
0.000000	0.000000	0.000000	0.000000	0.000000	0.000000	1.000000	0.000000	
0.000000	0.000000	0.000000	0.713412	0.000000	0.000000	0.713432	0.000000	
0.706636	0.000000	0.000000	0.707578	0.000000	0.000000	0.000000	0.000000	
0.000012	0.001840	0.000000	0.000003	0.706886	0.000000	0.710969	0.000000	
0.000000	0.000000	0.000000	0.707516	0.706697	0.000000	0.000000	0.000000	
0.000000	0.000000	0.000000	0.000000	0.000000	0.707119	0.000000	0.707095	
0.000000	0.000000	0.000000	0.707112	0.000000	0.707101	0.000000	0.000000	
0.000000	1.000000	0.000000	0.000000	0.000000	0.000000	0.000000	0.000000	
0.707174	0.000000	0.707040	0.000000	0.000000	0.000000	0.000000	0.000000	
0.000000	0.707176	0.707038	0.000000	0.000000	0.000000	0.000000	0.000000	
0.707127	0.708357	0.000000	0.000000	0.000000	0.000000	0.000000	0.000000	
0.000000	0.000000	1.000000	0.000000	0.000000	0.000000	0.000000	0.000000	
0.000000	0.000000	0.000000	0.000000	0.000000	0.709100	0.709814	0.000000	
1.004137	0.000000	0.000000	0.000000	0.000000	0.000000	0.000000	0.000000	
0.000000	0.707846	0.000000	0.706367	0.000000	0.000000	0.000000	0.000000	
0.707240	0.000000	0.000000	0.000000	0.000000	0.706974	0.000000	0.000000	
0.000023	0.707090	0.000003	0.000000	0.000000	0.000000	0.000000	0.707123	
0.000013	0.001217	0.000000	0.712793	0.000000	0.000000	0.000000	0.713587	
0.000000	0.000000	0.000000	0.000000	0.000000	1.000000	0.000000	0.000000	
0.000000	0.000000	0.707289	0.000005	0.000000	0.707298	0.000000	0.000000	
0.000000	0.000000	0.000000	0.000000	0.707119	0.000000	0.000000	0.707095	
0.000000	0.000000	0.000000	0.000000	0.000000	0.000000	0.707131	0.707083	
0.706714	0.000000	0.000001	0.000000	0.000000	0.000000	0.000000	0.707500	
0.000000	0.000000	0.000000	0.000000	1.000000	0.000000	0.000000	0.000000	
0.000000	0.706769	0.000000	0.000000	0.000000	0.000000	0.707444	0.000000	
0.707479	0.000000	0.000000	0.000000	0.706735	0.000000	0.000000	0.000000	
0.000000	0.000000	0.707120	0.000000	0.000000	0.000000	0.000000	0.707093	
0.000000	0.000000	0.000000	1.000000	0.000000	0.000000	0.000000	0.000000	
0.000000	0.000000	0.000000	0.000000	0.000000	0.000000	0.000000	1.000081	
0.000000	0.000000	0.707144	0.000000	0.707070	0.000000	0.000000	0.000000	
0.706017	0.000001	0.000000	0.000000	0.000380	0.000000	0.708195	0.000000	
0.000000	0.000000	0.706911	0.000000	0.000000	0.000000	0.707302	0.000000	
0.000000	0.000000	0.000000	0.000000	1.000000	0.000000	0.000000	0.000000	
1.000000	0.000000	0.000000	0.000000	0.000000	0.000000	0.000000	0.000000	
0.706767	0.000001	0.000000	0.000000	0.000000	0.000000	0.707446	0.000000	
0.000000	0.000000	0.000000	0.000000	0.000000	0.000000	0.707131	0.707083	
0.706781	0.708648	0.000000	0.008503	0.000000	0.000000	0.000000	0.000000	
0.000000	0.000000	1.000000	0.000000	0.000000	0.000000	0.000000	0.000000	
0.706646	0.000001	0.000000	0.713046	0.000000	0.000000	0.000000	0.000371	
0.000000	0.000000	0.706710	0.000000	0.000000	0.000000	0.000000	0.707503	
0.000000	0.698078	0.000004	0.000000	0.008595	0.000000	0.716190	0.000000	
0.000000	0.000000	0.000000	0.000000	0.706608	0.707715	0.000000	0.000000	
0.708545	0.000000	0.000001	0.000000	0.705708	0.000000	0.000000	0.005075	
0.000000	0.000000	0.000000	0.000000	0.000000	1.000000	0.000000	0.000000	
0.000000	0.000000	0.000000	0.000000	0.000000	0.000000	1.000009	0.000000	
0.000866	0.042068	0.691823	0.022044	0.000249	0.000156	0.720453	0.008434	
0.000000	0.000000	0.000000	0.000000	0.706645	0.000000	0.707573	0.000000	
0.000000	0.000000	0.000000	1.000000	0.000000	0.000000	0.000000	0.000000	
0.000000	0.000000	0.000000	0.000000	0.000000	0.707099	0.707114	0.000000	
0.000000	0.000000	0.707157	0.707057	0.000000	0.000000	0.000000	0.000000	
0.001608	0.000063	0.015946	0.000514	0.699784	0.000169	0.102854	0.707155	
0.000000	0.000000	0.000000	0.710464	0.000000	0.705257	0.000000	0.000000	
0.000000	0.000000	0.000000	0.715984	0.715215	0.000000	0.000000	0.000000	
0.687823	0.000000	0.000000	0.000000	0.000000	0.000000	0.000000	0.725901	
0.000017	0.705303	0.000000	0.710521	0.000000	0.000000	0.000000	0.000000	
0.000000	0.000000	0.709774	0.000003	0.000000	0.709784	0.000000	0.000000	
0.000000	0.707590	0.000004	0.000000	0.706846	0.000000	0.000000	0.000000	
0.078471	0.692517	0.697821	0.031945	0.000000	0.000000	0.001549	0.162130	
0.000035	0.997179	0.011525	0.000010	0.001309	0.060226	0.000000	0.043262	
0.105237	0.703747	0.031492	0.000005	0.000000	0.702318	0.006259	0.000000	
0.000000	0.000000	0.000000	0.000000	0.000000	0.000000	0.000000	1.000087	
0.707138	0.000000	0.000000	0.000000	0.000000	0.707076	0.000000	0.000000	
0.000000	0.000000	0.000000	0.000000	0.000000	0.707119	0.000000	0.707095	
0.000000	0.000000	0.707144	0.000000	0.707070	0.000000	0.000000	0.000000	
0.000023	0.707090	0.000003	0.000000	0.000000	0.000000	0.000000	0.707123	
0.000000	0.000000	0.000000	0.713425	0.000000	0.000000	0.713445	0.000000	
0.000006	0.000562	0.000083	0.717911	0.000000	0.000000	0.000000	0.707115	
0.707174	0.000000	0.707040	0.000000	0.000000	0.000000	0.000000	0.000000	
0.718279	0.000000	0.695756	0.000000	0.000000	0.000000	0.000000	0.000000	
0.503082	0.001542	0.496988	0.000000	0.707097	0.000000	0.000000	0.000000	
0.105082	0.702710	0.031928	0.000005	0.038798	0.702348	0.006259	0.000000	
0.004851	0.708995	0.007760	0.000002	0.000000	0.026852	0.700363	0.117365	
0.707273	0.000000	0.000000	0.000000	0.000000	0.707211	0.000000	0.000000	
0.000952	0.093170	0.000040	0.000733	0.000291	0.991884	0.052075	0.070672	
0.687798	0.000382	0.000000	0.000424	0.004361	0.000000	0.000000	0.725889	
0.000000	0.000369	0.694683	0.719343	0.000000	0.000000	0.000000	0.000000	
0.709274	0.000001	0.019912	0.000000	0.000000	0.000000	0.704652	0.000000	
0.000000	0.000110	0.103304	0.751248	0.024885	0.005466	0.003200	0.651513	
0.000000	0.000000	0.690785	0.000000	0.690713	0.000000	0.000000	0.213852	
0.704764	0.705989	0.000000	0.000000	0.000000	0.000000	0.081759	0.000000	
0.477617	0.000000	0.000000	0.478254	0.000000	0.000855	0.736992	0.000000	
0.000000	0.000000	0.000000	0.000000	0.706320	0.000000	0.707898	0.000000	
0.000000	0.000000	0.000000	0.000000	0.000000	0.000000	0.707131	0.707083	
0.044929	0.000000	0.709827	0.000001	0.000000	0.000000	0.703264	0.000000	
0.000978	0.011094	0.999938	0.000000	0.000000	0.000000	0.000000	0.000000	
0.706834	0.001470	0.004990	0.710907	0.000000	0.000000	0.000000	0.000000	
0.021994	0.004245	0.000110	0.022411	0.705895	0.707713	0.000000	0.000000	
0.996774	0.037310	0.044823	0.000000	0.054467	0.010814	0.006257	0.000000	
0.000000	0.704496	0.000000	0.709708	0.000000	0.000000	0.000000	0.000000	
0.000000	0.000013	0.000001	0.000204	0.000001	0.686165	0.035866	0.726714	
0.000238	0.058377	0.668601	0.004534	0.000000	0.000000	0.000000	0.755300	
0.000000	0.000000	0.000000	0.000000	0.000000	0.000000	1.022680	0.000000	
0.000000	0.725626	0.000000	0.000000	0.724863	0.000000	0.000000	0.000000	
0.000000	0.000000	0.000000	1.000000	0.000000	0.000000	0.000000	0.000000	
0.000179	0.000010	0.018357	0.746185	0.050901	0.694490	0.000000	0.000000	
0.000002	0.000200	0.000000	0.020125	0.747593	0.000000	0.039553	0.675586	
