0.000002	0.949034	0.315176	0.000000	0.000000	
0.000000	0.000000	0.948405	0.000000	0.317065	
0.000000	0.000011	0.407094	0.817007	0.408380	
0.813992	0.406446	0.000000	0.415236	0.000000	
0.407852	0.000000	0.412583	0.000000	0.814599	
0.408241	0.000000	0.000000	0.816551	0.408147	
0.000004	0.707899	0.000000	0.000000	0.707501	
0.410486	0.000094	0.819577	0.410265	0.000000	
0.403597	0.818677	0.000000	0.000000	0.408505	
0.000074	0.000000	0.707933	0.706601	0.000000	
0.000000	0.000000	0.000000	0.314438	0.949278	
0.708890	0.000000	0.000000	0.000000	0.709167	
0.000042	0.000000	0.406953	0.413080	0.817894	
0.947545	0.319623	0.000000	0.000000	0.000000	
0.000000	0.000000	0.317376	0.000006	0.948408	
0.816750	0.000000	0.000000	0.407845	0.408156	
0.000003	0.407792	0.816777	0.000000	0.408143	
1.000000	0.000000	0.000000	0.000000	0.000000	
0.317499	0.000000	0.948258	0.000000	0.000000	
0.316872	0.000000	0.000000	0.948468	0.000000	
0.000000	0.709027	0.000000	0.705182	0.000000	
0.000000	0.000000	1.000000	0.000000	0.000000	
0.949058	0.000000	0.000000	0.316193	0.000000	
0.404600	0.407894	0.818488	0.000000	0.000000	
0.485051	0.509886	0.501884	0.000000	0.502873	
0.409097	0.000358	0.000000	0.406878	0.816993	
0.000001	0.948602	0.000000	0.317554	0.000105	
0.000000	0.312280	0.000000	0.950481	0.000000	
0.000000	0.317499	0.948258	0.000000	0.000000	
0.948628	0.000000	0.000000	0.000000	0.316394	
0.316280	0.948666	0.000000	0.000000	0.000000	
0.000000	1.000000	0.000000	0.000000	0.000000	
0.813529	0.000000	0.409123	0.000000	0.414249	
0.407923	0.408685	0.000000	0.816629	0.000000	
0.000005	0.808682	0.423025	0.408764	0.000000	
0.816682	0.000022	0.407361	0.408763	0.000000	
0.000000	0.000000	0.000000	1.000016	0.000000	
0.706316	0.000000	0.707904	0.000000	0.000000	
0.406521	0.409823	0.000000	0.000000	0.816578	
0.000000	0.000000	0.316872	0.948468	0.000000	
0.407792	0.000000	0.816777	0.000000	0.408143	
0.000906	0.409703	0.000043	0.816034	0.408234	
0.404541	0.817561	0.410873	0.000000	0.000000	
0.000006	0.406936	0.410923	0.000000	0.820663	
0.000002	0.409269	0.408013	0.816127	0.000000	
0.500416	0.499492	0.502018	0.498066	0.000000	
0.817044	0.407004	0.000000	0.000000	0.408410	
0.948451	0.000000	0.316924	0.000000	0.000000	
0.000066	0.000053	0.817967	0.407342	0.408825	
0.404806	0.817921	0.000000	0.408826	0.000000	
0.000000	0.000000	0.706969	0.000000	0.707245	
0.706556	0.707872	0.000000	0.000000	0.000000	
0.815183	0.409343	0.410880	0.000000	0.000000	
0.708663	0.000000	0.000000	0.709334	0.000000	
0.000000	0.408743	0.816097	0.408792	0.000000	
0.000000	0.000000	0.949278	0.314442	0.000000	
0.000000	0.820057	0.000000	0.401204	0.408107	
0.000000	0.000000	0.000000	0.000000	1.000000	
0.000000	0.000000	0.000000	0.948407	0.317057	
0.002007	0.824229	0.403419	0.000000	0.398324	
0.000000	0.409018	0.000000	0.406800	0.816835	
0.501075	0.000000	0.500521	0.498186	0.500213	
0.405709	0.000000	0.406621	0.818983	0.000000	
0.000000	0.314547	0.000000	0.000000	0.950212	
0.000000	0.949274	0.000000	0.000000	0.314636	
0.000000	0.000000	0.000000	0.697022	0.717083	
0.000012	0.708154	0.706059	0.000000	0.000000	
0.004399	0.501542	0.500608	0.498390	0.500473	
0.314258	0.000000	0.000000	0.000000	0.949338	
0.494690	0.496912	0.000000	0.508263	0.500029	
0.181638	0.974714	0.000000	0.000000	0.130153	
0.000000	0.017742	0.999843	0.000000	0.000000	
0.000000	0.741282	0.679679	0.000000	0.000000	
0.880198	0.000000	0.000000	0.000000	0.499692	
0.572286	0.014450	0.000000	0.000000	0.844384	
0.607625	0.000000	0.305574	0.000000	0.733623	
0.000000	0.000000	0.000000	1.001176	0.000000	
0.404600	0.407894	0.818488	0.000000	0.000000	
0.706625	0.000677	0.000000	0.707588	0.000000	
0.497411	0.000000	0.498530	0.713753	0.000000	
0.265694	0.000000	0.655317	0.708094	0.024077	
0.000000	0.000000	0.000000	0.261520	0.965274	
0.600397	0.441446	0.545562	0.000000	0.391294	
0.407845	0.813271	0.000000	0.415227	0.000000	
0.000000	0.949274	0.000000	0.000387	0.314636	
0.815368	0.409436	0.410973	0.000000	0.000000	
0.000000	0.312280	0.000000	0.950482	0.000000	
0.000000	0.000000	0.409274	0.821381	0.397276	
0.502785	0.488720	0.000000	0.508263	0.500029	
0.506999	0.542731	0.000000	0.669652	0.000000	
0.408241	0.000000	0.000000	0.816551	0.408147	
0.000001	0.513753	0.859040	0.000000	0.000000	
0.069062	0.345117	0.843353	0.000000	0.406057	
0.417720	0.002389	0.000000	0.391445	0.844390	
0.020545	0.990440	0.000000	0.178661	0.000000	
0.701688	0.000000	0.712485	0.000000	0.000000	
0.000000	0.731223	0.000000	0.682138	0.000000	
0.000000	0.000000	0.706969	0.000000	0.707245	
0.000004	0.707589	0.020381	0.000000	0.707485	
0.000228	0.033557	0.912065	0.015439	0.408380	
