0.407346	0.816562	0.000001	0.409050	0.000000	
0.311827	0.950139	0.000000	0.000000	0.000000	
0.000000	0.000000	0.949369	0.314164	0.000000	
0.000000	1.000000	0.000000	0.000000	0.000000	
0.710448	0.000000	0.000000	0.000000	0.706920	
0.316746	0.000006	0.000000	0.959223	0.000000	
0.408436	0.817202	0.000000	0.000000	0.407930	
0.000000	0.409353	0.408206	0.000000	0.815964	
0.948670	0.316270	0.000000	0.000000	0.000000	
0.949316	0.000000	0.000000	0.000000	0.314325	
0.316238	0.000000	0.000000	0.000000	0.948680	
0.000000	0.000000	0.315654	0.948875	0.000000	
0.816011	0.405925	0.411550	0.000000	0.000000	
0.815294	0.405272	0.000002	0.418030	0.000000	
0.000095	0.504194	0.502943	0.493815	0.498985	
0.000185	0.000372	0.000000	0.948852	0.316154	
0.000000	0.000000	0.817757	0.406415	0.407556	
0.403622	0.000000	0.416272	0.817145	0.000000	
0.000057	0.000000	0.948715	0.000000	0.316132	
0.708246	0.000000	0.705967	0.000000	0.000000	
0.501545	0.501086	0.499175	0.000000	0.498188	
0.709443	0.709740	0.000000	0.000000	0.000000	
0.817828	0.408505	0.000000	0.000000	0.408201	
0.000000	0.000000	0.000000	0.000000	1.000775	
0.000080	0.407804	0.818122	0.000000	0.406849	
0.000001	0.000000	0.712091	0.000000	0.704611	
0.000000	0.000000	0.000000	1.000015	0.000000	
0.000003	0.000000	0.000000	0.700612	0.713543	
0.000000	0.317515	0.000000	0.000000	0.948254	
0.408739	0.816516	0.408953	0.000000	0.000000	
1.005953	0.000000	0.000000	0.000000	0.000000	
0.000001	0.000000	0.705853	0.708359	0.000000	
0.000001	0.000000	0.407821	0.409269	0.816217	
0.000000	0.708742	0.000000	0.705487	0.000000	
0.949772	0.000000	0.000000	0.314297	0.000000	
0.000000	0.000000	0.405889	0.818099	0.407767	
0.407224	0.000000	0.817382	0.000000	0.407534	
0.498757	0.500115	0.500511	0.500624	0.000000	
0.819414	0.000000	0.407276	0.000000	0.409754	
0.408304	0.408787	0.000000	0.816200	0.000000	
0.408756	0.000000	0.000000	0.816532	0.407726	
0.000023	0.407067	0.815661	0.411093	0.000000	
0.000000	0.708533	0.706556	0.000000	0.000000	
0.408517	0.000000	0.000000	0.407563	0.816705	
0.949384	0.000000	0.314195	0.000000	0.000000	
0.000000	0.710114	0.000000	0.000000	0.705793	
0.000000	0.406000	0.000000	0.817438	0.408609	
0.317310	0.000000	0.949786	0.000000	0.000000	
0.000000	0.948599	0.000000	0.316487	0.000000	
0.818433	0.000005	0.406167	0.406474	0.000000	
0.000002	0.974378	0.325057	0.000000	0.000002	
0.498839	0.500763	0.000000	0.500879	0.499515	
0.000000	0.316870	0.948469	0.000000	0.000000	
0.409138	0.000000	0.815919	0.411615	0.000000	
0.710802	0.000000	0.000000	0.706801	0.000000	
0.000000	0.814765	0.000000	0.411354	0.408612	
0.000001	0.948597	0.000000	0.000000	0.316492	
0.499915	0.000000	0.501163	0.498720	0.500201	
0.817112	0.000000	0.000000	0.407802	0.407470	
0.410985	0.412596	0.000000	0.000000	0.822756	
0.000019	0.000001	0.316370	0.000000	0.948636	
0.000001	0.817472	0.406166	0.000000	0.408754	
0.000003	0.410159	0.408736	0.816055	0.000000	
0.408087	0.408736	0.816337	0.000000	0.000000	
0.000018	0.822221	0.408047	0.408355	0.000000	
0.000000	0.000000	1.000080	0.000000	0.000000	
0.000000	0.000000	0.000000	0.316203	0.948692	
0.410166	0.000000	0.408853	0.000000	0.817421	
0.000000	0.410759	0.000000	0.408872	0.814924	
0.000000	0.313559	0.000000	0.949572	0.000000	
0.000000	0.316579	0.045165	0.000000	0.955031	
0.316579	0.000176	0.045165	0.000000	0.955031	
0.527731	0.000002	0.261899	0.808043	0.000000	
0.489569	0.000000	0.000000	0.244332	0.837037	
0.408814	0.817958	0.000000	0.000000	0.408308	
0.000003	0.410159	0.408736	0.816055	0.000000	
0.000000	0.000000	0.818039	0.405848	0.407556	
0.885002	0.439923	0.000000	0.167832	0.000000	
0.311792	0.000000	0.000000	0.950154	0.000000	
0.000003	0.396944	0.000526	0.630309	0.671810	
0.000000	0.260265	0.779036	0.570525	0.000000	
0.868581	0.000000	0.290322	0.407427	0.000000	
0.708058	0.000000	0.705780	0.000000	0.023016	
0.000000	0.000000	0.000000	0.000000	1.000775	
0.892613	0.155168	0.000000	0.423279	0.000000	
0.332642	0.297467	0.894170	0.065026	0.000000	
0.815067	0.409101	0.000002	0.418723	0.000000	
0.000087	0.446123	0.786983	0.131409	0.406851	
0.031975	0.721941	0.312212	0.000000	0.619245	
0.981227	0.092660	0.000000	0.000000	0.177504	
0.000000	0.000000	0.571837	0.824007	0.000000	
0.000000	0.000000	0.000000	0.329162	0.944274	
0.316646	0.011975	0.948477	0.000000	0.000000	
0.298498	0.000000	0.862564	0.411615	0.000000	
0.000000	0.000000	0.913181	0.000007	0.407556	
0.709035	0.000000	0.000000	0.708142	0.000000	
0.416683	0.832385	0.416901	0.000000	0.000000	
0.000000	1.000000	0.000000	0.000000	0.000000	
0.370089	0.839183	0.000001	0.411130	0.000000	
0.000000	0.456495	0.000005	0.790665	0.408731	
