0.499206	0.501449	0.000000	0.499596	0.500124	
0.409650	0.000000	0.410649	0.000000	0.814589	
0.000000	0.000000	0.000000	0.315642	0.948878	
0.708876	0.000000	0.710782	0.000006	0.000000	
0.000041	0.501637	0.500209	0.498230	0.500312	
0.948624	0.000000	0.000000	0.000000	0.316406	
0.000000	0.949032	0.000000	0.315180	0.000000	
0.812361	0.414005	0.410693	0.000000	0.000000	
0.407364	0.000000	0.000000	0.407460	0.817333	
0.949194	0.000003	0.314690	0.000000	0.000000	
0.406124	0.816330	0.410693	0.000000	0.000000	
0.948594	0.316495	0.000000	0.000000	0.000000	
0.408171	0.000000	0.000000	0.816411	0.408498	
0.812233	0.000000	0.416739	0.000000	0.408178	
0.000000	0.000000	0.816989	0.407310	0.408204	
0.000055	0.824351	0.392353	0.000004	0.408112	
0.407327	0.817939	0.000000	0.406316	0.000000	
0.000014	0.000000	0.313784	0.000000	0.949494	
0.314607	0.000000	0.949222	0.000000	0.000000	
0.316306	0.000000	0.000000	0.000000	0.957126	
0.000000	0.000000	0.000000	0.000000	1.000000	
0.000012	0.706294	0.708053	0.000000	0.000000	
0.707024	0.000000	0.000000	0.707190	0.000000	
0.498853	0.501058	0.502020	0.498068	0.000000	
0.000000	0.000000	0.000000	0.948407	0.317057	
0.000002	0.947905	0.000000	0.000000	0.318552	
0.000000	0.000000	0.707423	0.706790	0.000000	
0.501656	0.000000	0.500228	0.498248	0.500330	
0.407353	0.406960	0.000000	0.000000	0.818364	
0.724045	0.000000	0.000000	0.000000	0.774151	
0.000002	0.707272	0.000000	0.000000	0.706942	
0.000003	0.407792	0.816777	0.000000	0.408143	
0.948691	0.000000	0.000000	0.316206	0.000000	
0.315783	0.000000	0.000000	0.948835	0.000000	
0.004973	0.409204	0.000000	0.818537	0.419558	
0.406618	0.000000	0.817366	0.000000	0.408144	
0.000000	0.314253	0.000000	0.000000	0.949339	
0.000000	0.000000	0.707309	0.000000	0.706905	
0.000002	0.000000	0.951561	0.000000	0.319984	
1.000000	0.000000	0.000000	0.000000	0.000000	
0.000082	0.949197	0.314691	0.000000	0.000000	
0.408176	0.816405	0.000000	0.000000	0.408505	
0.000001	0.707112	0.000000	0.707102	0.000000	
0.000000	0.000000	0.408355	0.407989	0.816573	
0.816253	0.408726	0.000000	0.000000	0.408408	
0.000005	0.409220	0.000000	0.407001	0.818079	
0.000000	0.000000	0.000000	1.000753	0.000000	
0.000007	0.409135	0.406806	0.817175	0.000000	
0.000000	1.000000	0.000000	0.000000	0.000000	
0.000001	0.315788	0.000000	0.948854	0.000000	
0.000000	0.000000	0.000000	0.701633	0.730442	
0.000043	0.000012	0.427823	0.846435	0.424306	
0.000000	0.000000	1.000000	0.000000	0.000000	
0.000090	0.409239	0.817086	0.406085	0.000000	
0.000128	0.412643	0.407817	0.000000	0.814625	
0.405825	0.406575	0.000000	0.818537	0.000000	
0.000005	0.816876	0.406774	0.408964	0.000000	
0.816181	0.408222	0.000000	0.409027	0.000000	
0.705140	0.709075	0.000000	0.000000	0.000000	
0.000001	0.000001	0.949450	0.314903	0.000000	
0.816021	0.000000	0.408489	0.408958	0.000000	
0.409239	0.000000	0.817086	0.406085	0.000000	
0.816788	0.000000	0.000000	0.407864	0.408234	
0.000000	0.820405	0.000000	0.400497	0.408108	
0.000000	0.318687	0.947898	0.000000	0.000000	
0.409260	0.000000	0.410290	0.820786	0.000000	
0.496800	0.498169	0.502129	0.000000	0.502879	
0.000000	0.000000	0.316872	0.948468	0.000000	
0.400987	0.404332	0.822031	0.000000	0.000000	
0.316280	0.948668	0.000000	0.000000	0.000000	
0.407364	0.000000	0.000000	0.407460	0.817334	
0.436758	0.710428	0.396950	0.000004	0.383554	
0.252880	0.041495	0.471129	0.017234	0.843843	
0.129560	0.000000	0.499246	0.257555	0.817823	
0.705141	0.709075	0.000000	0.000000	0.000000	
0.000000	0.000000	1.006942	0.000000	0.000000	
0.000000	0.000000	0.645304	0.645467	0.408747	
0.306951	0.613943	0.000000	0.000000	0.727225	
0.144389	0.155855	0.000000	0.234344	0.950904	
0.143534	0.287088	0.000000	0.000000	0.949074	
0.002358	0.000000	0.922427	0.409901	0.000000	
0.408384	0.000000	0.000000	0.816837	0.408712	
0.000000	0.017526	0.648140	0.761320	0.000000	
0.000000	0.269175	0.800630	0.577787	0.000000	
0.373038	0.000000	0.744808	0.553276	0.000000	
0.915756	0.000342	0.000000	0.000000	0.419842	
0.253496	0.500433	0.000000	0.827852	0.000000	
0.706267	0.000000	0.708044	0.000006	0.000000	
0.219957	0.224937	0.949222	0.000000	0.000000	
0.999836	0.009086	0.015639	0.000000	0.000000	
0.022596	0.697208	0.000000	0.000423	0.717400	
0.316308	0.000000	0.000000	0.000000	0.957130	
0.006218	0.999829	0.000000	0.017524	0.000000	
0.728953	0.000000	0.000000	0.549327	0.408499	
0.000008	0.661535	0.000000	0.657947	0.386389	
0.406618	0.000000	0.817366	0.000000	0.408144	
0.707272	0.000000	0.000000	0.000000	0.706942	
0.394520	0.719105	0.302997	0.500357	0.000000	
0.000002	0.000000	0.951388	0.000000	0.319809	
0.411309	0.822672	0.000000	0.000000	0.411641	
