0.000822	0.416786	0.815985	0.404949	0.000000	
0.000001	0.808425	0.424513	0.000000	0.407798	
0.403659	0.406750	0.819538	0.000000	0.000000	
0.948016	0.000000	0.000000	0.000000	0.318857	
0.000001	0.704357	0.000000	0.709875	0.000061	
0.816607	0.000081	0.408675	0.000000	0.408128	
0.000001	0.000000	0.715364	0.698789	0.000000	
0.000008	0.315957	0.000000	0.948782	0.000000	
0.313717	0.000000	0.949622	0.000000	0.000000	
0.317272	0.000000	0.000000	0.952733	0.000000	
0.000212	0.815084	0.415495	0.406615	0.000000	
0.818210	0.000000	0.406594	0.406543	0.000000	
0.000000	0.000005	0.000000	0.316765	0.948538	
0.405487	0.818979	0.406580	0.000000	0.000002	
0.000013	0.983025	0.321477	0.000000	0.000000	
0.000001	0.816081	0.000000	0.409612	0.407871	
0.000001	0.000000	0.948715	0.316241	0.000000	
0.499178	0.000000	0.501537	0.502370	0.500193	
0.000000	0.949297	0.000000	0.000000	0.314421	
0.000001	0.000000	0.313499	0.000000	0.949619	
0.948508	0.316821	0.000000	0.000000	0.000000	
0.316333	0.000000	0.000000	0.000000	0.948682	
0.409383	0.000000	0.409182	0.000000	0.817464	
0.495625	0.500324	0.506880	0.497148	0.000000	
1.000688	0.000000	0.000000	0.000000	0.000000	
0.000003	0.407567	0.000000	0.816996	0.407990	
0.000000	0.000000	1.000012	0.000000	0.000000	
0.407444	0.411057	0.000000	0.815504	0.000000	
0.000010	0.000016	0.000000	0.706870	0.707355	
0.000000	0.000000	0.948917	0.000000	0.315580	
0.000000	0.000029	0.000000	0.948824	0.316473	
0.406841	0.817440	0.000000	0.000000	0.407989	
0.407292	0.408631	0.000000	0.000000	0.816802	
0.000664	0.411482	0.411230	0.820975	0.000000	
0.000000	1.000029	0.000000	0.000000	0.000000	
0.000000	0.407495	0.000000	0.410687	0.815684	
0.000000	0.000000	0.411250	0.816844	0.408783	
0.705953	0.708275	0.000000	0.000000	0.000000	
0.000000	0.000000	0.316313	0.949852	0.000000	
0.000002	0.000034	0.714139	0.000000	0.700043	
0.948978	0.000000	0.316315	0.000000	0.000000	
0.706530	0.000000	0.000000	0.707739	0.000000	
0.499968	0.501550	0.000000	0.497006	0.502240	
0.706353	0.000664	0.000000	0.000000	0.707919	
0.000022	0.316327	0.000000	0.000000	0.948666	
0.815107	0.411399	0.000000	0.408424	0.000000	
0.000006	0.707291	0.707014	0.000000	0.000000	
0.816216	0.409230	0.000000	0.000000	0.407956	
0.000001	0.318249	0.948094	0.000000	0.000000	
0.407810	0.000000	0.000000	0.817482	0.408080	
0.000007	0.409838	0.822056	0.000000	0.410407	
0.408784	0.000000	0.408650	0.816051	0.000000	
0.003571	0.503254	0.502255	0.498399	0.496124	
0.000000	0.000000	0.415143	0.405524	0.814429	
0.406189	0.000000	0.817658	0.000000	0.408053	
0.815507	0.409140	0.409464	0.000000	0.000000	
0.407084	0.000000	0.820355	0.406875	0.000000	
0.318613	0.947948	0.000000	0.000000	0.000000	
0.000001	0.948207	0.000000	0.317861	0.000000	
0.000002	0.705396	0.000000	0.000000	0.708899	
0.000001	0.000000	0.820909	0.401921	0.408533	
0.000000	0.000000	0.000000	1.000138	0.000000	
0.412091	0.823635	0.000000	0.395530	0.000000	
0.497838	0.493872	0.504368	0.000000	0.503886	
0.000000	0.000000	0.000000	0.000000	1.000013	
0.000003	0.408722	0.408521	0.000000	0.816143	
0.709729	0.000000	0.709381	0.000000	0.000000	
0.948773	0.000000	0.000000	0.316004	0.000000	
0.406175	0.000000	0.000000	0.411102	0.816156	
0.817009	0.000000	0.000000	0.407982	0.408239	
0.004376	0.000000	0.579847	0.000000	0.818947	
0.211402	0.017674	0.426548	0.814591	0.331070	
0.644445	0.000166	0.647805	0.007887	0.406243	
0.001326	0.816286	0.416108	0.407215	0.000000	
0.000001	0.000000	0.692590	0.339096	0.706075	
0.191041	0.189062	0.114427	0.766563	0.575945	
0.377465	0.762380	0.378482	0.389825	0.000002	
0.863214	0.433074	0.259487	0.000000	0.000000	
0.951817	0.307468	0.000000	0.000000	0.000000	
0.031401	0.928010	0.000000	0.438593	0.000000	
0.008992	0.387903	0.053637	0.394765	0.836294	
0.383442	0.000000	0.772711	0.507916	0.000000	
0.890442	0.000000	0.130315	0.436362	0.000000	
0.000000	0.000000	0.000000	1.000622	0.000000	
0.708688	0.705803	0.000000	0.000000	0.000000	
0.376768	0.760973	0.361503	0.000000	0.385638	
0.411308	0.000000	0.408999	0.000000	0.819206	
0.658827	0.000000	0.655128	0.000000	0.400592	
0.359457	0.018082	0.359794	0.860841	0.000000	
0.192811	0.469639	0.506657	0.000000	0.698121	
0.000003	0.707158	0.000000	0.712697	0.000000	
0.622553	0.000000	0.000000	0.796060	0.000000	
0.252994	0.208582	0.000000	0.000000	0.981853	
0.306572	0.308769	0.296375	0.741797	0.415484	
0.689109	0.342982	0.000000	0.639812	0.004075	
0.318190	0.000000	0.000001	0.955487	0.000000	
0.818364	0.406348	0.000000	0.000000	0.406555	
0.000000	0.000000	0.295794	0.955744	0.000000	
0.000000	0.694744	0.694402	0.322871	0.000000	
1.000119	0.000000	0.000000	0.006168	0.000000	
