0.000057	0.000000	0.948991	0.000000	0.315383	
0.003703	0.819508	0.407414	0.000000	0.406708	
0.498839	0.500763	0.000000	0.500879	0.499515	
0.814970	0.410527	0.000418	0.409051	0.000000	
0.000000	0.314609	0.949222	0.000000	0.000000	
0.407668	0.409420	0.000000	0.816200	0.000000	
0.316238	0.000000	0.000000	0.000000	0.948680	
0.000000	0.000001	0.000000	0.316203	0.948692	
0.949450	0.000000	0.000000	0.000000	0.319302	
0.501036	0.501595	0.499175	0.000000	0.498188	
0.497244	0.497798	0.504588	0.500410	0.000000	
0.000008	0.000003	0.000001	0.704720	0.709486	
0.818441	0.000000	0.000000	0.406755	0.407897	
0.407018	0.000000	0.816576	0.417511	0.000000	
0.000000	0.000000	0.000000	1.000001	0.000000	
0.409840	0.000000	0.408908	0.815907	0.000000	
0.815959	0.409946	0.000000	0.000000	0.407623	
0.000003	0.316243	0.000000	0.949055	0.000000	
0.000003	0.409661	0.408729	0.815550	0.000000	
0.713080	0.000000	0.000000	0.000000	0.712214	
0.408740	0.816516	0.408953	0.000000	0.000000	
0.407459	0.000000	0.000000	0.817690	0.406648	
0.000000	0.707536	0.000000	0.000000	0.706677	
0.708046	0.000000	0.000000	0.706198	0.000000	
0.000000	0.000000	0.316238	0.000000	0.948680	
0.705070	0.709138	0.000000	0.000000	0.000000	
0.000000	1.000000	0.000000	0.000000	0.000000	
0.000000	0.501277	0.500033	0.498835	0.500316	
0.000147	0.000073	0.000083	0.949142	0.315470	
0.948385	0.000000	0.317126	0.000000	0.000000	
0.000000	0.948715	0.316134	0.000000	0.000000	
0.316194	0.000000	0.948695	0.000000	0.000000	
0.000000	0.317515	0.000000	0.000000	0.948254	
0.499915	0.000000	0.501163	0.498720	0.500201	
0.000009	0.407435	0.813457	0.416319	0.000000	
0.000000	0.000000	0.405900	0.819565	0.408173	
0.000000	0.000000	1.000000	0.000000	0.000000	
0.817156	0.411957	0.405721	0.000000	0.000000	
0.000000	0.409353	0.408206	0.000000	0.815964	
0.000018	0.816403	0.412732	0.406975	0.000080	
0.314936	0.949220	0.000000	0.000000	0.000000	
0.408940	0.411590	0.000000	0.000000	0.814470	
0.319709	0.000000	0.000000	0.960519	0.000012	
0.948630	0.000000	0.000000	0.316387	0.000000	
0.414126	0.828049	0.000000	0.000000	0.411081	
0.000000	0.951162	0.000000	0.309104	0.000000	
0.000000	0.000000	0.000000	0.000000	1.000003	
0.949574	0.314176	0.000000	0.000000	0.000000	
0.000000	0.000000	0.949644	0.313334	0.000000	
0.816731	0.000000	0.406855	0.409174	0.000424	
0.707994	0.000000	0.706220	0.000000	0.000000	
0.000000	0.410708	0.000000	0.408822	0.814975	
0.408521	0.000000	0.000000	0.407459	0.816755	
0.409883	0.000000	0.817246	0.000000	0.405103	
0.817141	0.000000	0.409400	0.000000	0.405891	
0.000000	0.000000	0.310901	0.950828	0.000000	
0.000000	0.000000	0.818106	0.406589	0.407730	
0.000605	0.410687	0.817470	0.000000	0.406328	
0.409298	0.000000	0.408273	0.000000	0.815975	
0.000000	0.949651	0.000000	0.000000	0.319370	
0.000001	0.814882	0.000000	0.410349	0.410592	
0.003245	0.000000	0.710488	0.000000	0.703702	
0.000000	0.000000	0.699973	0.714171	0.000000	
0.409387	0.410038	0.815272	0.000000	0.000000	
0.000000	0.707912	0.706301	0.000000	0.000000	
1.000001	0.000000	0.000000	0.000000	0.000000	
0.413877	0.829655	0.000169	0.415609	0.000000	
0.000001	0.717587	0.000000	0.714291	0.000000	
0.000000	0.405715	0.000000	0.816865	0.410034	
0.000001	0.000000	0.407668	0.409115	0.816738	
0.000000	0.000000	0.572157	0.814906	0.097053	
0.700361	0.000000	0.716577	0.002015	0.000000	
0.000000	1.000000	0.000000	0.000000	0.000000	
0.464888	0.034778	0.470498	0.000000	0.749484	
0.000019	0.898647	0.000007	0.439995	0.000000	
0.000001	0.000003	0.000000	0.710516	0.703682	
0.382634	0.764366	0.382834	0.000000	0.351829	
0.626898	0.190697	0.199682	0.729089	0.000000	
0.003262	0.000000	0.714293	0.000000	0.707472	
0.417412	0.143943	0.898082	0.000000	0.000000	
0.000000	0.707736	0.000000	0.711131	0.000007	
0.949307	0.002655	0.000000	0.000000	0.316962	
0.000000	0.000000	0.749372	0.527810	0.404424	
0.000000	0.000000	0.390115	0.921265	0.045920	
0.898564	0.022434	0.000007	0.440092	0.000000	
0.040148	0.000112	0.948142	0.000000	0.315383	
0.916456	0.000000	0.402793	0.000000	0.000000	
0.314937	0.949224	0.000000	0.000000	0.000000	
0.330711	0.000000	0.165691	0.836844	0.406329	
0.692598	0.000000	0.452737	0.408018	0.385830	
0.000001	0.814071	0.000000	0.409941	0.412732	
0.000000	0.000000	0.264085	0.186005	0.948442	
0.000000	0.947808	0.318843	0.000000	0.000000	
0.688489	0.401203	0.000000	0.371876	0.483605	
0.000147	0.000073	0.000083	0.949142	0.315470	
0.576713	0.577356	0.585231	0.000000	0.000000	
0.548179	0.000000	0.000000	0.000000	0.836580	
0.283555	0.000000	0.126995	0.000000	0.951763	
0.884045	0.455608	0.113787	0.000000	0.000000	
0.000000	0.406555	0.000000	0.818556	0.405809	
