0.706327	0.000000	0.708092	0.000000	0.000000	
0.813172	0.415328	0.000000	0.409996	0.000000	
0.000000	0.000000	0.315491	0.948929	0.000000	
0.501039	0.501598	0.499178	0.000000	0.498191	
0.409490	0.412186	0.000000	0.813895	0.000000	
0.407835	0.000000	0.408854	0.817140	0.000000	
0.708908	0.000000	0.000000	0.000000	0.706571	
0.000008	0.000003	0.000000	0.704939	0.709707	
0.948715	0.000000	0.316134	0.000000	0.000000	
0.000000	0.325489	0.000000	0.000000	0.945546	
0.000000	0.000000	0.705666	0.000000	0.708545	
0.498217	0.501382	0.000000	0.500879	0.499515	
0.000001	0.000000	0.406411	0.407854	0.817611	
0.000000	1.000000	0.000000	0.000000	0.000000	
0.316423	0.948625	0.000000	0.000000	0.000000	
0.000081	0.709754	0.704457	0.000000	0.000000	
0.410737	0.000000	0.000000	0.408851	0.815115	
0.000000	0.948715	0.316134	0.000000	0.000000	
0.408942	0.411592	0.000000	0.000000	0.814473	
0.317083	0.000001	0.000000	0.951782	0.000000	
0.000015	0.409289	0.817156	0.000000	0.405881	
0.316714	0.000000	0.948585	0.000000	0.000000	
0.316182	0.000000	0.000000	0.000000	0.948699	
0.000000	0.000000	0.948589	0.000000	0.316512	
0.000000	0.000000	0.316210	0.000000	0.948689	
0.815962	0.409947	0.000000	0.000000	0.407626	
0.409662	0.000000	0.816525	0.406784	0.000000	
0.000235	0.327831	0.000000	0.945593	0.000000	
0.000000	0.000000	0.815162	0.412340	0.406800	
0.000000	0.000000	0.407111	0.817914	0.409069	
0.399580	0.412629	0.821357	0.000000	0.000000	
0.000000	0.410300	0.407255	0.000000	0.815964	
0.396034	0.822697	0.408930	0.000000	0.000000	
0.000000	0.000000	0.948630	0.316387	0.000006	
0.000162	0.000002	0.000333	0.948697	0.316246	
0.000000	0.948266	0.000000	0.000000	0.317478	
0.408717	0.000000	0.816053	0.000000	0.409402	
0.000000	0.499915	0.501163	0.498720	0.500201	
0.000000	0.314609	0.949222	0.000000	0.000000	
0.000015	0.410917	0.000000	0.816433	0.405832	
0.947890	0.000000	0.000000	0.318598	0.000000	
0.000000	0.708207	0.000000	0.000000	0.706082	
0.000000	0.000000	1.000000	0.000000	0.000000	
0.000065	0.716294	0.000000	0.713976	0.000000	
0.000019	0.827187	0.387774	0.407187	0.000000	
0.949147	0.000000	0.000000	0.000000	0.314835	
0.000000	0.816425	0.410844	0.000007	0.405780	
0.387062	0.826357	0.000600	0.409045	0.000000	
0.000000	0.000000	0.705857	0.708357	0.000000	
0.000000	0.416255	0.812025	0.409095	0.000000	
0.000000	0.000000	0.000000	1.000001	0.000000	
0.815161	0.000000	0.000000	0.412305	0.406840	
0.704819	0.709387	0.000000	0.000000	0.000000	
0.000000	0.000000	0.000000	0.000000	1.000001	
0.000001	0.961900	0.000000	0.315929	0.000138	
0.947479	0.319822	0.000000	0.000000	0.000000	
0.817816	0.412290	0.410188	0.000000	0.000000	
0.408640	0.000000	0.000000	0.816127	0.408596	
0.408261	0.000000	0.409298	0.000000	0.815964	
0.000001	0.813744	0.000000	0.412742	0.409357	
1.000001	0.000000	0.000000	0.000000	0.000000	
0.499915	0.000000	0.501163	0.498720	0.500201	
0.705915	0.000000	0.000000	0.708297	0.000000	
0.000000	0.410765	0.000000	0.408878	0.815087	
0.816335	0.000000	0.410107	0.410199	0.000000	
0.398605	0.823617	0.000000	0.000000	0.406472	
0.819256	0.000004	0.401947	0.000000	0.408972	
0.000001	0.000000	0.000003	0.316204	0.948697	
0.000049	0.416555	0.413447	0.809821	0.000000	
0.499677	0.500234	0.500820	0.500766	0.000000	
0.230875	0.000000	0.231451	0.945056	0.000000	
0.000003	0.000000	0.000000	0.316204	0.948697	
0.361443	0.838472	0.408931	0.000000	0.000000	
0.000000	0.948045	0.000000	0.000000	0.318147	
0.595192	0.113974	0.000000	0.000000	0.803673	
0.000001	0.703288	0.000000	0.584606	0.410301	
0.569727	0.000000	0.571150	0.568366	0.215580	
0.156631	0.676806	0.098698	0.712509	0.000000	
0.000000	0.000000	1.000000	0.000000	0.000000	
0.000166	0.000002	0.000341	0.972615	0.242950	
0.000000	0.325514	0.000000	0.000000	0.945617	
0.000000	1.001732	0.000000	0.000000	0.022632	
0.810625	0.000000	0.570839	0.150459	0.000000	
0.543696	0.547219	0.646497	0.000000	0.000000	
0.368483	0.000000	0.320356	0.337045	0.805308	
0.005322	0.621251	0.000000	0.000000	0.786633	
0.253083	0.967739	0.000000	0.000000	0.000000	
0.319453	0.000000	0.956788	0.000000	0.000000	
0.000000	0.000000	0.000000	0.000000	1.000631	
0.000000	0.816487	0.410875	0.000001	0.405811	
0.000000	0.416256	0.812027	0.409096	0.000000	
0.577993	0.000000	0.405962	0.708816	0.000000	
0.973130	0.000000	0.000000	0.230258	0.000000	
0.316182	0.000000	0.000000	0.000000	0.948699	
0.000000	0.410300	0.407255	0.000000	0.815964	
0.000126	0.300167	0.000000	0.953972	0.000000	
0.168440	0.000000	0.478139	0.705465	0.499493	
0.659450	0.630697	0.000000	0.409095	0.000000	
0.670233	0.000000	0.671935	0.000000	0.315105	
0.981526	0.191333	0.000000	0.000000	0.000000	
