0.000000	0.706512	0.000000	0.000001	0.000000	0.000000	0.707747	0.000000	
0.708100	0.706119	0.000000	0.000000	0.000001	0.000003	0.000000	0.000000	
0.000000	0.707087	0.000000	0.000000	0.707127	0.000000	0.000000	0.000000	
0.000000	0.000000	0.000000	0.000000	0.000000	0.000000	0.000000	1.000003	
0.707319	0.000010	0.000003	0.000000	0.000030	0.000000	0.706962	0.000000	
0.000000	0.000000	0.000000	0.000000	0.000000	0.000000	0.713927	0.711489	
0.705287	0.000003	0.708927	0.000000	0.000000	0.000000	0.000000	0.000000	
0.000000	0.000000	0.000000	0.000000	0.000000	0.000000	1.000000	0.000000	
0.000000	0.000000	0.000000	0.000000	0.000000	1.000009	0.000000	0.000000	
0.000000	0.000000	0.000000	0.000000	0.706804	0.000000	0.707410	0.000000	
0.000000	0.000000	0.000000	0.000000	0.000000	0.707299	0.706969	0.000000	
0.000000	0.000079	0.720828	0.720321	0.000771	0.000000	0.000000	0.000000	
0.000000	0.000000	0.000000	0.707342	0.000000	0.000000	0.706878	0.000000	
0.707331	0.000010	0.000000	0.706883	0.000000	0.000000	0.000000	0.000000	
0.000000	0.000000	0.000000	0.000000	0.708094	0.708707	0.000000	0.000000	
0.000000	0.000000	0.707566	0.000000	0.000000	0.706648	0.000000	0.000000	
0.000000	0.000000	0.000000	0.708117	0.000000	0.706095	0.000000	0.000000	
0.000000	0.705991	0.000000	0.000060	0.000000	0.000000	0.000000	0.709035	
0.000001	0.706795	0.000000	0.707419	0.000000	0.000000	0.000000	0.000000	
0.000084	0.000002	0.706893	0.000000	0.000000	0.000000	0.000000	0.707321	
0.000000	0.000000	0.000000	0.708003	0.706210	0.000000	0.000000	0.000000	
0.000000	0.000000	1.004091	0.000000	0.000000	0.000000	0.000000	0.000000	
0.706207	0.000005	0.000013	0.000000	0.000000	0.708154	0.000000	0.000000	
0.000049	0.000007	0.000002	0.706933	0.000001	0.000000	0.000000	0.707444	
0.000000	0.000000	0.000000	0.000000	0.000000	0.706836	0.000000	0.707377	
0.000000	0.000000	0.000000	0.000000	1.000000	0.000000	0.000000	0.000000	
0.708335	0.000015	0.000066	0.000000	0.000000	0.000000	0.000000	0.705890	
0.000000	0.000000	0.707252	0.000000	0.000002	0.000000	0.706966	0.000000	
0.708608	0.000010	0.000000	0.000000	0.705610	0.000000	0.000000	0.000000	
1.002374	0.000000	0.000000	0.000000	0.000000	0.000000	0.000000	0.000000	
0.000000	0.000000	0.000000	0.000000	0.711805	0.000000	0.000000	0.711432	
0.000000	0.000000	0.000000	1.000004	0.000000	0.000000	0.000000	0.000000	
0.000000	0.707156	0.707090	0.000003	0.000000	0.000000	0.000000	0.000000	
0.000000	1.000108	0.000000	0.000000	0.000000	0.000000	0.000000	0.000000	
0.000001	0.707114	0.000000	0.000000	0.000000	0.707100	0.000000	0.000000	
0.000000	0.000000	0.707610	0.000000	0.706633	0.000000	0.000000	0.000000	
0.707314	0.000010	0.000000	0.706905	0.000000	0.000000	0.000000	0.000000	
0.995656	0.010449	0.019960	0.061910	0.055844	0.033679	0.009822	0.000000	
0.000000	0.000000	0.000000	0.000000	0.000000	0.000000	0.000000	1.000427	
0.000000	0.000000	0.000000	0.000000	0.000000	1.000009	0.000000	0.000000	
0.000000	0.707313	0.000000	0.000000	0.000000	0.000000	0.706958	0.000000	
0.000000	0.000000	0.000000	0.706094	0.708151	0.000000	0.000000	0.000000	
0.000001	0.000000	0.000000	0.000000	0.707352	0.000000	0.706867	0.000000	
0.000000	0.000000	0.000000	0.000000	0.000000	0.707302	0.706972	0.000000	
0.000000	0.000000	0.000000	0.000000	0.000000	0.000000	0.707982	0.708430	
0.000000	0.000078	0.713865	0.713363	0.001407	0.000000	0.000000	0.000000	
0.000000	0.700526	0.000000	0.000000	0.713627	0.000000	0.000000	0.000000	
0.000000	0.000000	0.706110	0.000000	0.708141	0.000000	0.000000	0.000000	
0.000000	0.000000	0.697509	0.000000	0.000000	0.718847	0.000000	0.000000	
0.501094	0.499692	0.000001	0.000000	0.706711	0.000003	0.000000	0.000000	
0.000000	0.000000	0.000000	1.000004	0.000000	0.000000	0.000000	0.000000	
0.707196	0.000302	0.002380	0.000000	0.000000	0.707186	0.000000	0.000000	
0.707335	0.000010	0.000000	0.000000	0.000030	0.000000	0.706918	0.000000	
0.000000	0.708534	0.708468	0.000003	0.000000	0.000000	0.000000	0.000000	
0.000000	0.000000	0.000000	0.000000	0.000000	0.000000	1.000000	0.000000	
0.708361	0.000015	0.000000	0.000000	0.000000	0.000000	0.000000	0.705863	
0.000000	0.000000	0.707452	0.000000	0.000000	0.000000	0.706765	0.000000	
0.708826	0.000003	0.705389	0.000000	0.000000	0.000000	0.000000	0.000000	
0.000000	1.000009	0.000000	0.000000	0.000000	0.000000	0.000000	0.000000	
0.000000	0.000000	0.000000	0.714632	0.000000	0.699503	0.000000	0.000000	
0.000000	0.000000	0.000000	0.000000	0.000000	0.706994	0.000000	0.707219	
0.000000	0.000000	1.000001	0.000000	0.000000	0.000000	0.000000	0.000000	
0.000000	0.000000	0.000000	0.000000	1.000000	0.000000	0.000000	0.000000	
0.756758	0.647126	0.089236	0.020633	0.000001	0.000008	0.011888	0.003871	
0.000000	0.000000	0.000000	0.000000	0.706799	0.707415	0.000000	0.000000	
0.000001	0.706795	0.000000	0.707419	0.000001	0.000000	0.000000	0.000000	
0.000000	0.000000	0.717442	0.003051	0.000000	0.000006	0.008430	0.704396	
0.000049	0.000007	0.000002	0.707180	0.000000	0.000000	0.000000	0.707034	
0.000000	0.000000	0.000000	0.000000	0.712865	0.000000	0.000000	0.711055	
0.000000	0.000000	0.000000	0.707356	0.000000	0.000000	0.706891	0.000000	
0.050422	0.517276	0.001749	0.000000	0.483560	0.704329	0.000000	0.000000	
0.000000	0.706906	0.000000	0.000000	0.000000	0.000000	0.000000	0.707310	
0.000000	0.000000	1.002517	0.000000	0.000000	0.000000	0.000000	0.000000	
0.066172	0.704017	0.002190	0.000000	0.000000	0.707110	0.000000	0.000000	
0.000000	0.000000	0.000000	0.000000	0.000000	0.707915	0.000000	0.708023	
0.000000	0.000000	0.000000	0.000000	1.000000	0.000000	0.000000	0.000000	
0.000000	0.000000	0.505015	0.000045	0.513293	0.000006	0.008460	0.706977	
0.999927	0.025818	0.000019	0.000000	0.000001	0.018146	0.000000	0.000000	
0.000051	0.000008	0.000003	0.732897	0.000000	0.000000	0.000000	0.687989	
0.027436	0.716903	0.000000	0.718061	0.000000	0.000000	0.000000	0.009766	
0.018495	0.000266	0.264727	0.000038	0.005034	0.000213	0.964133	0.000000	
0.000000	0.000000	0.000000	0.000000	0.000000	0.000000	0.000000	1.000550	
0.006732	0.707343	0.000591	0.021018	0.000000	0.000000	0.707222	0.000000	
0.016471	0.016187	0.707927	0.000000	0.000001	0.000000	0.708017	0.000000	
0.708826	0.000003	0.705389	0.000000	0.000000	0.000000	0.000000	0.000000	
0.110597	0.766767	0.634002	0.000004	0.004742	0.041107	0.000000	0.000000	
0.023208	0.721463	0.000346	0.001788	0.000001	0.087073	0.000000	0.687544	
0.026226	0.000000	0.004173	0.999087	0.000000	0.033555	0.000000	0.000000	
0.707196	0.000302	0.002380	0.000000	0.000000	0.707186	0.000000	0.000000	
0.000097	0.001396	0.002976	0.000225	0.714158	0.001293	0.699820	0.020288	
0.479504	0.000007	0.000043	0.000000	0.000001	0.520000	0.706918	0.000000	
0.000000	0.000000	0.000000	0.000000	0.706384	0.707830	0.000000	0.000000	
0.676960	0.002295	0.000046	0.000015	0.735852	0.013757	0.007374	0.000000	
0.809748	0.576213	0.101702	0.000963	0.044702	0.000000	0.000000	0.000000	
0.016680	0.706698	0.000360	0.037224	0.706083	0.022598	0.000000	0.000000	
0.000000	0.000134	0.015836	0.705902	0.708137	0.000000	0.000000	0.000000	
0.007520	0.006213	0.703605	0.710526	0.000000	0.000000	0.000000	0.000000	
0.054659	0.000805	0.703971	0.000000	0.708121	0.001012	0.000000	0.000000	
0.708361	0.000015	0.000056	0.000000	0.000000	0.000000	0.000000	0.705863	
0.707319	0.000010	0.000003	0.000000	0.000030	0.000000	0.706962	0.000000	
