0.000000	0.706763	0.000000	0.000000	0.000000	0.000000	0.000000	0.707451	
0.706789	0.000004	0.707424	0.000000	0.000000	0.000000	0.000000	0.000000	
0.707000	0.000001	0.000001	0.707214	0.000000	0.000000	0.000000	0.000000	
0.708635	0.000358	0.000000	0.000000	0.000000	0.705575	0.000000	0.000000	
0.000000	0.707009	0.000000	0.707204	0.000000	0.000000	0.000000	0.000000	
0.000000	0.000000	0.000000	0.000000	0.000000	0.000000	0.000000	1.000000	
0.000000	0.000000	0.000000	0.707140	0.000000	0.000000	0.707073	0.000000	
0.707377	0.706836	0.000000	0.000000	0.000000	0.000000	0.000000	0.000000	
0.000000	0.000000	0.707011	0.707202	0.000000	0.000000	0.000000	0.000000	
0.000000	0.000000	1.000000	0.000000	0.000000	0.000000	0.000000	0.000000	
0.000001	0.000001	0.706762	0.000000	0.000000	0.000000	0.000000	0.707453	
0.000000	0.000000	0.000000	0.000000	0.711126	0.703065	0.000000	0.000000	
0.000000	0.000000	0.707182	0.000000	0.000000	0.000000	0.707096	0.000000	
0.000000	0.000000	0.707042	0.000000	0.707172	0.000000	0.000000	0.000000	
0.000000	0.000000	0.000000	1.000000	0.000000	0.000000	0.000000	0.000000	
0.708827	0.000000	0.000000	0.000000	0.000000	0.000000	0.707240	0.000000	
0.000000	0.000000	0.000000	0.000000	0.000000	0.000000	1.000005	0.000000	
0.000000	0.000000	0.000000	0.705701	0.000000	0.708510	0.000000	0.000000	
0.706777	0.000001	0.000000	0.000000	0.000000	0.000000	0.000000	0.707445	
0.000000	0.000000	0.000000	0.000000	1.000030	0.000000	0.000000	0.000000	
0.000000	0.707139	0.000000	0.000000	0.000000	0.000000	0.707074	0.000000	
1.000000	0.000000	0.000000	0.000000	0.000000	0.000000	0.000000	0.000000	
0.000000	0.000000	0.000000	0.707034	0.707180	0.000000	0.000000	0.000000	
0.000000	0.707187	0.000000	0.000000	0.707026	0.000000	0.000000	0.000000	
0.000006	0.000330	0.702899	0.000000	0.000000	0.711561	0.000000	0.000000	
0.000000	0.707440	0.706774	0.000000	0.000000	0.000000	0.000000	0.000000	
0.000000	0.000000	0.000000	0.000000	0.000000	1.000000	0.000000	0.000000	
0.000000	0.000016	0.000001	0.000016	0.707137	0.000000	0.707077	0.000000	
0.000000	0.000000	0.000000	0.000000	0.000000	0.000000	0.706262	0.707963	
0.000000	1.000000	0.000000	0.000000	0.000000	0.000000	0.000000	0.000000	
0.000000	0.708848	0.000000	0.000000	0.000000	0.705361	0.000000	0.000000	
0.000001	0.000000	0.000104	0.000008	0.706838	0.000000	0.000000	0.707506	
0.000000	0.000000	0.000000	0.706199	0.000000	0.000000	0.000000	0.708013	
0.000005	0.000001	0.000020	0.000000	0.000001	0.706906	0.000000	0.707308	
0.707114	0.000000	0.000000	0.000000	0.707100	0.000000	0.000000	0.000000	
0.000000	0.000000	0.000001	0.000000	0.000000	0.707121	0.707144	0.000000	
0.000000	0.000000	0.000000	0.000000	0.720341	0.693620	0.000000	0.000000	
0.062997	0.627876	0.000000	0.000000	0.022209	0.018322	0.036167	0.774381	
0.000001	0.000000	0.706762	0.000001	0.000000	0.000000	0.000000	0.707453	
0.000000	0.000000	0.000000	0.000000	1.000000	0.000000	0.000000	0.000000	
0.717899	0.021165	0.000000	0.000000	0.000000	0.000000	0.000000	0.718890	
0.000000	0.000000	0.000000	0.000000	0.707112	0.000000	0.712609	0.000000	
0.000000	0.000000	0.000000	0.707034	0.707180	0.000000	0.000000	0.000000	
0.995597	0.000543	0.087585	0.030894	0.008533	0.001439	0.009322	0.000000	
0.000914	0.707299	0.032664	0.000000	0.708039	0.000000	0.000000	0.153279	
0.698246	0.035851	0.001616	0.024756	0.000000	0.000000	0.714559	0.000000	
0.000003	0.000001	0.000021	0.000000	0.000001	0.706906	0.000000	0.707308	
0.000000	0.733453	0.057533	0.000000	0.000000	0.677685	0.000000	0.000000	
0.563536	0.000000	0.000000	0.835723	0.000000	0.000000	0.000000	0.000000	
0.000187	0.000010	0.000000	0.699605	0.000000	0.000000	0.714559	0.000000	
0.000001	0.000141	0.000000	0.000006	0.000148	0.003306	0.708874	0.705372	
0.000000	0.724261	0.000000	0.689529	0.000000	0.000000	0.000000	0.000000	
0.000095	0.000012	0.001600	0.703991	0.000000	0.710207	0.000000	0.000000	
0.000000	0.000000	0.000000	0.000000	0.000000	0.000000	1.000005	0.000000	
0.000000	0.707141	0.000000	0.000000	0.000000	0.000000	0.707073	0.000000	
0.704413	0.710237	0.000000	0.000000	0.000000	0.000000	0.000000	0.000247	
0.000000	0.000000	0.707042	0.000000	0.707172	0.000000	0.000000	0.000000	
0.000000	0.000000	1.000000	0.000000	0.000000	0.000000	0.000000	0.000000	
0.000000	0.000000	0.707554	0.706659	0.000000	0.000000	0.000000	0.000000	
0.000000	0.000000	0.707184	0.000000	0.000000	0.000000	0.707095	0.000000	
0.001613	0.743094	0.669230	0.000007	0.000000	0.000000	0.000378	0.000000	
0.000001	0.000000	0.000104	0.000008	0.706840	0.000000	0.000000	0.707508	
0.002600	0.000534	0.702880	0.000000	0.000000	0.711548	0.000000	0.000000	
0.000000	0.000000	0.000000	1.000000	0.000000	0.000000	0.000000	0.000000	
0.707219	0.000000	0.000000	0.000000	0.707047	0.000000	0.000000	0.000000	
0.708634	0.001111	0.000000	0.000000	0.000000	0.705575	0.000000	0.000000	
0.000000	0.000000	0.000000	0.000000	0.000000	0.000000	0.000000	1.000044	
0.000000	0.000000	0.000000	0.000001	0.000000	0.709491	0.710114	0.000000	
0.000000	0.000000	0.000000	0.706202	0.000000	0.000000	0.000000	0.708016	
0.706789	0.000004	0.707424	0.000000	0.000000	0.000000	0.000000	0.000000	
0.000000	0.000000	0.000000	0.000000	0.000000	1.000339	0.000000	0.000000	
0.000000	0.999442	0.032769	0.025700	0.000007	0.000000	0.000000	0.000000	
0.008051	0.000058	0.126557	0.991190	0.000000	0.018674	0.022816	0.024513	
0.010247	0.706975	0.032652	0.000000	0.707933	0.000000	0.000000	0.153240	
0.704413	0.710237	0.000000	0.000000	0.000000	0.000000	0.000000	0.000247	
0.000000	0.000000	0.702369	0.000000	0.000000	0.711813	0.000000	0.000000	
0.000000	0.000000	0.000000	0.000000	1.000054	0.000000	0.000000	0.000000	
0.000884	0.000136	0.026861	0.000753	0.706818	0.706884	0.000000	0.000000	
0.704784	0.056410	0.000000	0.012027	0.000000	0.000000	0.707073	0.000000	
0.000022	0.000004	0.475340	0.496130	0.000880	0.005417	0.726605	0.000000	
0.709178	0.000001	0.035351	0.000000	0.000000	0.000000	0.000000	0.704147	
0.706757	0.006732	0.707424	0.000000	0.000000	0.000000	0.000000	0.000000	
0.000000	0.999237	0.032763	0.021263	0.000007	0.000000	0.000000	0.000000	
0.000000	0.000000	0.000000	0.706848	0.707016	0.000001	0.000000	0.022238	
0.000003	0.000001	0.000021	0.000000	0.000000	0.712222	0.000000	0.702166	
0.686820	0.146864	0.024608	0.000000	0.000000	0.711439	0.000000	0.000000	
0.563134	0.000000	0.000102	0.835127	0.000000	0.000000	0.000000	0.000000	
0.119519	0.691761	0.000000	0.000573	0.000000	0.698978	0.136424	0.000000	
0.000029	0.016355	0.000967	0.016387	0.706757	0.000000	0.707077	0.000000	
0.000000	0.000000	0.688839	0.000000	0.000000	0.000000	0.000000	0.725369	
0.000000	0.000000	0.000000	0.000000	0.000000	0.000000	1.000005	0.000000	
0.006566	0.000000	0.999979	0.000000	0.000000	0.000000	0.000000	0.000000	
0.000085	0.000899	0.007286	0.000224	0.007681	0.173580	0.692742	0.710797	
0.000003	0.000001	0.000106	0.000008	0.724887	0.000000	0.000000	0.689033	
0.000000	0.706213	0.000000	0.706408	0.000000	0.000000	0.000000	0.047449	
0.001908	0.712025	0.022132	0.000000	0.000000	0.000000	0.699945	0.051030	
0.000072	0.705759	0.705095	0.000000	0.068893	0.000000	0.000000	0.000000	
0.000023	0.001499	0.543325	0.025415	0.544033	0.000000	0.641575	0.000000	
0.977105	0.052196	0.018469	0.205426	0.000000	0.000000	0.000000	0.000000	
0.011576	0.000000	0.707098	0.000000	0.707021	0.000104	0.000000	0.000000	
