0.000025	0.000002	0.000001	0.000000	0.000001	0.708262	0.000000	0.706613	
0.000000	0.000001	0.000011	0.000001	0.000237	0.000003	0.710286	0.705647	
0.719481	0.000021	0.000000	0.000000	0.000000	0.000000	0.000008	0.694670	
0.000000	0.000000	0.000000	0.000000	0.000000	1.000607	0.000000	0.000000	
0.719474	0.699570	0.000000	0.000001	0.000000	0.000000	0.000000	0.000000	
0.004102	0.710368	0.000001	0.707294	0.000001	0.000000	0.000000	0.000000	
0.000000	0.000000	0.707722	0.708786	0.000000	0.000000	0.000000	0.000000	
0.002345	0.711616	0.000000	0.000006	0.706356	0.000000	0.000000	0.000000	
0.718680	0.000056	0.696766	0.000097	0.000000	0.000001	0.000000	0.000000	
0.000000	0.000090	0.000001	0.000000	0.707892	0.000000	0.707156	0.000000	
0.000000	1.002592	0.000000	0.000000	0.000000	0.000000	0.000000	0.000000	
0.000000	0.000000	0.000000	0.000000	0.000000	0.000000	1.000658	0.000000	
0.000000	0.000000	0.708203	0.000173	0.000000	0.706333	0.000000	0.000000	
0.000000	0.000002	0.706764	0.000000	0.707652	0.000000	0.000001	0.000000	
0.000000	0.000000	0.000000	0.708169	0.000000	0.706216	0.000000	0.000000	
0.000000	0.000000	0.000000	0.000001	0.000000	0.707616	0.707056	0.000000	
0.720083	0.000003	0.000001	0.000064	0.000000	0.695104	0.000000	0.000000	
0.000000	0.000000	0.000000	0.000000	0.000000	0.000000	0.000000	1.000071	
0.000000	0.706487	0.000000	0.000003	0.000000	0.708200	0.000000	0.000000	
0.000000	0.000000	0.000000	0.000000	0.705762	0.708667	0.000000	0.000002	
0.000002	0.000000	0.000000	0.707845	0.000000	0.000019	0.707167	0.000000	
0.000004	0.719478	0.000005	0.000000	0.000000	0.000002	0.000001	0.694862	
0.000000	0.000025	0.000001	0.706841	0.707732	0.000001	0.000003	0.000000	
0.000210	0.000010	0.000003	0.709306	0.000008	0.000001	0.000000	0.706229	
0.721290	0.000921	0.000671	0.000043	0.000588	0.000003	0.699771	0.000001	
1.033521	0.000000	0.000000	0.000000	0.000000	0.000000	0.000000	0.000000	
0.000000	0.000000	0.708022	0.000002	0.000001	0.000026	0.000001	0.706859	
0.000000	0.000000	0.000000	0.000000	1.005129	0.000000	0.000000	0.000000	
0.716194	0.000000	0.000005	0.000005	0.698144	0.000000	0.000000	0.000000	
0.000000	0.000000	1.005110	0.000000	0.000000	0.000000	0.000000	0.000000	
0.719643	0.000071	0.000000	0.696717	0.000002	0.000036	0.000000	0.000000	
0.000089	0.000016	0.709906	0.000038	0.000000	0.000000	0.707089	0.000000	
0.000000	0.000000	0.000000	1.005734	0.000000	0.000000	0.000000	0.000000	
0.000016	0.000004	0.000001	0.000001	0.707891	0.000018	0.000000	0.707287	
0.000025	0.707699	0.000004	0.000000	0.000000	0.000018	0.706908	0.000000	
0.000011	0.704593	0.710388	0.000096	0.000003	0.000000	0.000000	0.000000	
0.000000	0.000000	0.000000	0.000000	1.000068	0.000000	0.000000	0.000000	
0.724758	0.000006	0.000002	0.000174	0.000140	0.000682	0.695524	0.000000	
0.000000	0.000089	0.000001	0.000008	0.707960	0.000000	0.707224	0.000000	
0.000011	0.709145	0.705512	0.000004	0.000003	0.000000	0.000001	0.000003	
0.010013	0.727407	0.000000	0.000002	0.000000	0.686622	0.000000	0.000000	
0.719687	0.000071	0.000000	0.696759	0.000002	0.000036	0.000000	0.000000	
0.000025	0.707642	0.000004	0.000000	0.000000	0.000019	0.707084	0.000000	
0.000000	0.000000	0.720359	0.000333	0.000001	0.000027	0.000000	0.695633	
0.000000	0.000000	0.000000	0.000000	0.000000	0.000000	0.000000	1.000071	
0.000000	0.000000	0.000000	0.000000	0.705762	0.708667	0.000000	0.000002	
0.000210	0.000010	0.000006	0.709330	0.000008	0.000001	0.000000	0.706253	
0.000000	0.000000	0.000000	0.707289	0.000000	0.707012	0.000000	0.000000	
0.000063	0.000003	0.000000	0.000703	0.003024	0.000000	0.713032	0.709946	
0.071109	0.003824	0.703450	0.000194	0.002990	0.708195	0.000000	0.000003	
0.716202	0.000000	0.000005	0.000000	0.698151	0.000000	0.000001	0.000000	
0.000000	0.000000	0.000000	0.000001	0.000000	0.707140	0.707537	0.000000	
0.000000	0.000002	0.000000	0.705972	0.000000	0.000019	0.708610	0.000000	
0.006441	0.712126	0.000000	0.000019	0.706888	0.000037	0.000000	0.000000	
0.000000	0.000000	0.000000	0.000000	0.000000	1.000607	0.000000	0.000000	
0.690134	0.000054	0.727887	0.000097	0.000000	0.000015	0.000016	0.000000	
0.000002	0.000000	0.706267	0.000000	0.000000	0.000000	0.709038	0.000000	
0.021678	0.000001	0.000138	0.000102	0.734991	0.000000	0.009565	0.678834	
0.708512	0.000003	0.000004	0.000068	0.000001	0.706741	0.000048	0.000000	
0.000001	0.000025	0.000001	0.706814	0.707765	0.000001	0.000003	0.000000	
0.000000	0.000002	0.706800	0.000006	0.707689	0.000000	0.000000	0.000000	
0.000000	0.000000	0.709242	0.707228	0.000000	0.000000	0.000000	0.000000	
0.712950	0.702248	0.000000	0.000281	0.000002	0.000003	0.000000	0.000000	
0.000000	0.000000	0.000000	0.000000	0.000000	0.000000	1.000658	0.000000	
0.000000	0.000000	0.000000	1.000345	0.000000	0.000000	0.000000	0.000000	
0.004123	0.714016	0.000044	0.704960	0.005808	0.000000	0.000012	0.000000	
0.000025	0.000000	0.000001	0.000000	0.000001	0.708208	0.000000	0.706431	
0.000000	0.000000	1.000750	0.000000	0.000000	0.000000	0.000000	0.000000	
0.719553	0.000000	0.000000	0.000000	0.000000	0.000000	0.000000	0.694739	
1.033521	0.000000	0.000000	0.000000	0.000000	0.000000	0.000000	0.000000	
0.006971	0.506458	0.000000	0.000012	0.000000	0.478062	0.000000	0.718043	
0.000000	1.003626	0.000000	0.000000	0.000000	0.000000	0.000000	0.000000	
0.000000	0.000000	0.700683	0.061293	0.003317	0.002469	0.014045	0.711439	
0.000000	0.000000	0.000000	0.000000	0.000000	0.000000	0.001886	1.000980	
0.001339	0.000356	0.000009	0.021632	0.734928	0.000000	0.006634	0.678746	
0.000011	0.703775	0.711192	0.000050	0.000003	0.000000	0.000001	0.000000	
0.000023	0.000001	0.000242	0.000008	0.005315	0.000005	0.727440	0.687915	
1.002583	0.000008	0.000000	0.000002	0.022532	0.000034	0.060955	0.000000	
0.000023	0.000001	0.000209	0.709126	0.000008	0.000001	0.000000	0.708667	
0.720387	0.000000	0.000000	0.000001	0.693842	0.000034	0.000000	0.000000	
0.697619	0.115574	0.070351	0.023117	0.000007	0.710716	0.000000	0.000000	
0.000000	0.000002	0.720476	0.000063	0.695714	0.000000	0.000011	0.000000	
0.000000	0.000000	0.000000	0.000000	0.000000	0.000000	1.000658	0.000000	
0.000188	0.001949	0.000084	0.377810	0.000004	0.597748	0.707537	0.000000	
0.000004	0.719489	0.000000	0.000006	0.000000	0.000002	0.000000	0.694873	
0.000090	0.000016	0.716558	0.000039	0.000000	0.000000	0.700225	0.000000	
0.033876	0.702724	0.069994	0.021911	0.000000	0.707075	0.000000	0.000000	
0.000000	0.000000	0.000000	0.000000	0.706568	0.707710	0.000000	0.012520	
0.000953	0.000000	0.719471	0.695966	0.000002	0.000036	0.000000	0.000000	
0.013899	0.711550	0.000000	0.000006	0.706421	0.000000	0.000000	0.000000	
0.001831	0.374651	0.338986	0.511158	0.695711	0.000001	0.000003	0.000000	
0.013749	0.998859	0.001796	0.031593	0.000000	0.040818	0.000000	0.000000	
0.721223	0.698062	0.000000	0.000001	0.000000	0.000000	0.000000	0.000000	
0.048205	0.004026	0.999551	0.000000	0.016560	0.000000	0.000000	0.000000	
0.699097	0.000006	0.000002	0.014019	0.000128	0.000658	0.721487	0.000000	
0.002172	0.000079	0.000226	1.000180	0.000000	0.015060	0.000000	0.000000	
0.003473	0.710670	0.000019	0.000000	0.000000	0.000019	0.705817	0.000000	
0.514933	0.052256	0.490097	0.063684	0.005622	0.008665	0.003117	0.700372	
0.000012	0.000003	0.000000	0.022157	0.803709	0.000001	0.596049	0.007189	
0.000607	0.000033	0.706802	0.000194	0.000032	0.707945	0.000000	0.000000	
