0.000000	0.000000	0.000000	0.000000	0.707248	0.000001	0.706966	0.000000	
0.000000	0.000000	0.000000	0.000000	0.707099	0.707115	0.000000	0.000000	
0.000000	0.707263	0.000000	0.000000	0.000000	0.000000	0.000000	0.706950	
0.000000	0.000000	0.000000	0.000000	0.000000	0.000000	1.000028	0.000000	
0.000000	0.000000	0.000000	0.000000	1.000000	0.000000	0.000000	0.000000	
0.707214	0.000000	0.000000	0.000000	0.000000	0.000000	0.000000	0.707026	
0.000000	0.000000	1.000000	0.000000	0.000000	0.000000	0.000000	0.000000	
0.000009	0.000001	0.707323	0.000000	0.707152	0.000000	0.000000	0.000000	
0.000000	0.000000	0.000000	0.707026	0.000000	0.000000	0.000000	0.707188	
0.707569	0.000000	0.000000	0.706644	0.000000	0.000000	0.000000	0.000000	
0.000000	0.000000	0.000000	0.000000	0.000000	1.000000	0.000000	0.000000	
0.000000	0.707106	0.000000	0.000000	0.000000	0.707109	0.000000	0.000000	
0.000000	0.000000	0.000000	0.000000	0.000000	0.000000	0.707036	0.707177	
0.000000	0.000000	0.000000	0.000000	0.000000	0.000000	0.000000	1.000000	
0.000000	0.000000	0.000000	0.708101	0.000000	0.706118	0.000001	0.000000	
0.000000	0.707165	0.707048	0.000000	0.000000	0.000000	0.000000	0.000000	
0.000000	0.000000	0.000001	0.707141	0.000000	0.000000	0.707073	0.000000	
1.000000	0.000000	0.000000	0.000000	0.000000	0.000000	0.000000	0.000000	
0.706599	0.000000	0.000026	0.000000	0.000002	0.000000	0.709235	0.000000	
0.000000	0.000000	0.706980	0.000000	0.000000	0.000000	0.707233	0.000000	
0.000000	1.000947	0.000000	0.000000	0.000000	0.000000	0.000000	0.000000	
0.000000	0.000000	0.000000	0.000000	0.000000	0.707026	0.000000	0.707188	
0.000000	0.000000	0.707106	0.000000	0.000000	0.707108	0.000000	0.000000	
0.000000	0.000000	0.000000	0.000000	0.000000	0.706817	0.707397	0.000000	
0.707823	0.000000	0.707599	0.000000	0.000000	0.000043	0.000000	0.000000	
0.707124	0.000000	0.000000	0.000036	0.000000	0.707094	0.000000	0.000000	
0.000000	0.000000	0.708180	0.706032	0.000000	0.000000	0.000013	0.000000	
0.000000	0.707045	0.000000	0.707169	0.000000	0.000000	0.000000	0.000000	
0.000000	0.000000	0.707035	0.000000	0.000000	0.000000	0.000000	0.707179	
0.000000	0.000000	0.000000	1.000000	0.000000	0.000000	0.000000	0.000000	
0.705587	0.000000	0.000000	0.000000	0.708623	0.000000	0.000000	0.000002	
0.000000	0.703364	0.000000	0.000000	0.000000	0.000009	0.710830	0.000000	
0.000000	0.000000	0.000000	0.707192	0.707022	0.000000	0.000000	0.000000	
0.000000	0.000000	0.000000	0.000000	0.705771	0.000000	0.000000	0.710601	
0.708278	0.705933	0.000001	0.000000	0.000000	0.000000	0.000000	0.000000	
0.000000	0.707192	0.000000	0.000000	0.707022	0.000000	0.000000	0.000000	
0.715041	0.000000	0.000000	0.699166	0.000000	0.000000	0.000000	0.000000	
0.000000	0.000000	0.000000	0.708958	0.000000	0.706973	0.000000	0.000000	
0.000000	0.000000	0.000000	0.000000	0.000000	0.000000	0.000000	1.000000	
0.000000	0.000000	0.000000	0.000000	0.707103	0.707111	0.000000	0.000000	
0.000000	0.703044	0.000000	0.000000	0.000000	0.000478	0.711167	0.000113	
0.000000	0.000000	0.000000	0.707192	0.707022	0.000000	0.000000	0.000000	
0.000000	0.000000	0.000000	0.000000	0.000000	0.000000	0.714033	0.714743	
0.000000	0.000000	0.706980	0.000000	0.000000	0.000000	0.707233	0.000000	
0.000000	0.000000	0.000001	0.695208	0.000000	0.000000	0.718809	0.000000	
0.000000	0.702615	0.000000	0.000000	0.711571	0.000000	0.000000	0.000000	
0.000000	0.707057	0.707157	0.000000	0.000000	0.000000	0.000000	0.000000	
0.000000	0.000000	0.000000	0.000000	0.000000	0.000000	1.000000	0.000000	
0.000001	0.000000	0.711422	0.709263	0.000000	0.000000	0.000012	0.000000	
0.052977	0.001193	0.000001	0.998580	0.000000	0.005527	0.000000	0.000000	
0.000000	0.000000	0.707202	0.000000	0.000000	0.000000	0.000000	0.707012	
0.000000	0.000000	1.000000	0.000000	0.000000	0.000000	0.000000	0.000000	
0.000000	0.707103	0.000028	0.000000	0.000000	0.707111	0.000000	0.000000	
0.000000	0.000000	0.707106	0.000000	0.000000	0.707108	0.000000	0.000000	
0.000000	0.000000	0.000000	0.000000	0.707281	0.000001	0.706998	0.000000	
0.708128	0.000000	0.000000	0.000036	0.000000	0.706089	0.000000	0.000000	
0.003924	0.000315	0.000117	0.712875	0.001367	0.000000	0.000000	0.701279	
0.717364	0.696699	0.000000	0.000000	0.000000	0.000000	0.000000	0.000000	
0.079160	0.997118	0.000863	0.000000	0.000000	0.000000	0.000000	0.000000	
0.000008	0.000000	0.707904	0.000000	0.707734	0.000000	0.000000	0.000000	
0.000000	0.000000	0.000000	0.000000	0.000000	0.707193	0.707021	0.000000	
0.000000	0.707045	0.000000	0.707169	0.000000	0.000001	0.000000	0.000000	
0.000000	0.000000	0.000000	0.000000	0.707036	0.000000	0.000000	0.707178	
0.707705	0.000000	0.707481	0.000000	0.000001	0.000065	0.000000	0.000000	
0.000000	0.723104	0.000000	0.000000	0.000000	0.000000	0.063732	0.702854	
0.706923	0.000013	0.000026	0.000000	0.000002	0.000009	0.709560	0.000000	
0.000000	0.000000	0.000000	0.000000	0.000000	0.707026	0.000000	0.707188	
0.705587	0.000000	0.000000	0.000000	0.708623	0.000000	0.000000	0.000002	
0.000000	0.000000	0.000000	0.000000	0.000000	1.000000	0.000000	0.000000	
0.000000	0.000000	0.000000	0.000000	1.000000	0.000000	0.000000	0.000000	
0.999805	0.000000	0.000000	0.019762	0.000000	0.000000	0.000000	0.000000	
0.707287	0.000000	0.000000	0.000000	0.000000	0.000000	0.000000	0.706995	
0.000000	0.703881	0.067450	0.000000	0.000000	0.707109	0.000000	0.000000	
0.006223	0.001025	0.006921	0.127399	0.000000	0.714008	0.684012	0.077474	
0.721183	0.016836	0.014594	0.199002	0.029904	0.000000	0.000000	0.668699	
0.001471	0.015364	0.704783	0.015548	0.000895	0.709084	0.000000	0.000000	
0.000000	0.000000	0.710451	0.000000	0.010661	0.000000	0.704919	0.000000	
0.689887	0.000000	0.000000	0.000035	0.000000	0.723910	0.003301	0.000000	
0.000000	0.000000	0.000000	0.000000	0.000000	0.000000	0.000000	1.000000	
0.000000	0.015868	0.000000	0.999874	0.000136	0.000000	0.000000	0.000000	
0.000001	0.000000	0.712260	0.710099	0.000000	0.000000	0.000012	0.000000	
0.000000	0.000000	0.000000	0.000000	0.000000	1.000000	0.000000	0.000000	
0.040428	0.703126	0.708313	0.000000	0.000000	0.000000	0.047674	0.000000	
0.003884	0.000619	0.000306	0.714019	0.001369	0.000000	0.000000	0.702404	
0.702109	0.051882	0.000000	0.704147	0.000000	0.000001	0.000000	0.092839	
0.711096	0.000000	0.703993	0.000000	0.000000	0.000000	0.000000	0.000000	
0.999069	0.023639	0.013845	0.001275	0.019649	0.000000	0.000000	0.026881	
0.000000	0.000000	0.000000	0.000000	0.726078	0.000000	0.000000	0.692173	
0.000468	0.005451	0.005439	0.707508	0.000000	0.707551	0.000000	0.000000	
0.012660	0.000513	0.707088	0.000000	0.000000	0.000000	0.000000	0.707012	
0.000000	0.000000	0.000000	0.000000	1.000000	0.000000	0.000000	0.000000	
0.000000	0.702587	0.000000	0.000000	0.711543	0.000000	0.008861	0.000000	
0.000000	0.707045	0.000000	0.707169	0.000000	0.000000	0.000000	0.000000	
0.000000	0.000000	0.000000	0.658655	0.752878	0.000000	0.000000	0.000000	
0.000000	0.999613	0.000000	0.051401	0.000000	0.000000	0.000000	0.000000	
0.017750	0.000029	0.999843	0.000000	0.000000	0.000000	0.000001	0.000000	
0.000008	0.000001	0.707904	0.000000	0.707734	0.000000	0.000000	0.000000	
0.087344	0.725772	0.078641	0.021908	0.000000	0.037248	0.010096	0.691499	
0.503266	0.501600	0.000000	0.000000	0.701991	0.000000	0.000000	0.048260	
0.000000	0.000000	0.000001	0.707141	0.000000	0.000000	0.707073	0.000000	
