0.002078	0.000090	0.000001	0.706413	0.000000	0.000000	0.707796	0.000000	
0.000001	0.000042	0.000000	0.706835	0.707379	0.000000	0.000000	0.000000	
0.000000	0.000000	0.707299	0.000000	0.000000	0.000000	0.000000	0.706919	
0.000000	1.000000	0.000000	0.000000	0.000000	0.000000	0.000000	0.000000	
0.000000	0.000000	0.000000	0.707787	0.000002	0.707621	0.000000	0.000000	
1.000000	0.000000	0.000000	0.000000	0.000000	0.000000	0.000000	0.000000	
0.000000	0.000000	0.000000	0.000000	0.000000	0.707131	0.000000	0.707082	
0.707068	0.000003	0.707158	0.000000	0.000000	0.000000	0.000000	0.000000	
0.706514	0.000000	0.000000	0.000000	0.000000	0.000000	0.707700	0.000000	
0.000000	0.706316	0.000000	0.000001	0.000000	0.707897	0.000000	0.000000	
0.000000	0.000000	0.000000	0.000000	0.000000	0.000000	0.000000	1.000000	
0.000000	0.000000	0.706855	0.000000	0.707359	0.000000	0.000000	0.000000	
0.000008	0.000007	0.000000	0.000001	0.000000	0.000000	0.706882	0.707332	
0.000000	0.000000	0.000000	0.000000	0.673045	0.000028	0.000000	0.739602	
0.000000	0.707011	0.000001	0.000000	0.000000	0.000000	0.000000	0.707203	
0.000000	0.000000	0.000000	0.707018	0.000000	0.000000	0.000000	0.707196	
0.000000	0.706835	0.000000	0.000000	0.707379	0.000000	0.000000	0.000000	
0.000000	0.000000	1.000000	0.000000	0.000000	0.000000	0.000000	0.000000	
0.707915	0.706298	0.000000	0.000000	0.000000	0.000000	0.000000	0.000000	
0.000000	0.000000	0.707024	0.707191	0.000000	0.000000	0.000000	0.000000	
0.000000	0.000003	0.706431	0.000000	0.000003	0.000000	0.707783	0.000000	
0.000000	0.000000	0.000000	0.000000	0.000000	1.000000	0.000000	0.000000	
0.000052	0.000004	0.707154	0.000000	0.000000	0.707061	0.000000	0.000021	
0.706835	0.000000	0.000000	0.000000	0.707379	0.000000	0.000000	0.000000	
0.000000	0.707006	0.000000	0.707208	0.000000	0.000000	0.000000	0.000000	
0.000001	0.000012	0.000002	0.000000	0.708785	0.000000	0.708567	0.000000	
0.000000	0.000000	0.000000	1.000000	0.000000	0.000000	0.000000	0.000000	
0.000000	0.000000	0.000000	0.000000	0.000000	0.000000	1.000000	0.000000	
0.000000	0.000000	0.000000	0.000000	0.710690	0.710621	0.000000	0.000000	
0.707008	0.000000	0.000000	0.000000	0.000000	0.000000	0.000000	0.707205	
0.000000	0.706943	0.000000	0.000000	0.000000	0.000000	0.707271	0.000000	
0.000000	0.707025	0.707188	0.000000	0.000000	0.000000	0.000000	0.000000	
0.000000	0.000000	0.000000	0.000000	0.000000	0.706588	0.707625	0.000000	
0.708389	0.001659	0.000001	0.000001	0.000002	0.708325	0.000000	0.000000	
0.000000	0.000000	0.000000	0.000000	1.000000	0.000000	0.000000	0.000000	
0.705061	0.000000	0.000022	0.709151	0.000000	0.000031	0.000000	0.000317	
0.000043	0.000000	0.000000	0.712445	0.713654	0.000000	0.000000	0.000000	
0.697280	0.113413	0.000049	0.705681	0.000681	0.017439	0.038651	0.038592	
0.000000	0.708820	0.000001	0.000000	0.000000	0.000000	0.000000	0.709018	
0.000000	0.000003	0.707216	0.000000	0.000000	0.000000	0.706999	0.000000	
0.000000	0.000000	0.000000	0.000000	0.000000	0.710575	0.000000	0.703621	
0.000000	0.000000	0.000000	0.000000	0.000000	0.000000	1.001953	0.000000	
0.000000	0.703489	0.001415	0.000000	0.000024	0.000000	0.710726	0.000011	
0.704130	0.000000	0.000001	0.000001	0.000002	0.710072	0.000000	0.000000	
0.014724	0.001554	0.999890	0.000000	0.000000	0.000000	0.000000	0.000000	
0.000000	0.000000	0.000000	0.000000	0.000000	1.000000	0.000000	0.000000	
0.042896	0.711295	0.701583	0.001051	0.000000	0.000000	0.000000	0.000000	
0.000000	0.702691	0.000000	0.000000	0.711490	0.000000	0.002703	0.000000	
0.000000	0.000000	0.000000	0.000000	1.000000	0.000000	0.000000	0.000000	
0.000000	0.000000	0.706982	0.707296	0.000000	0.000000	0.000000	0.000000	
0.000000	0.000000	0.000000	0.000000	0.000000	0.000000	0.000000	1.000001	
0.000000	0.000000	0.000011	0.000000	0.000000	0.000000	0.707096	0.707546	
0.000000	0.000000	0.000000	0.000000	0.706639	0.000000	0.000000	0.707574	
0.000000	0.000000	0.707669	0.000000	0.000000	0.000000	0.000000	0.707289	
0.000000	0.000000	0.000000	0.715500	0.000000	0.000000	0.000000	0.698688	
0.000012	0.000001	0.000000	0.000000	0.707285	0.000000	0.706928	0.000000	
0.000000	0.000000	0.000000	1.000001	0.000000	0.000000	0.000000	0.000000	
0.999382	0.000001	0.000031	0.000001	0.000000	0.000031	0.000000	0.035235	
0.715425	0.000003	0.698707	0.000000	0.000000	0.000000	0.000000	0.000000	
0.708333	0.705879	0.000000	0.000000	0.000000	0.000000	0.000000	0.000000	
0.000000	0.000000	0.000000	0.000000	0.707294	0.706920	0.000000	0.000000	
0.000000	0.000000	0.000000	0.707878	0.000000	0.000000	0.706342	0.000585	
0.730504	0.002615	0.000005	0.036010	0.681954	0.000000	0.000000	0.000000	
0.698795	0.000000	0.000000	0.107456	0.000000	0.000000	0.000000	0.707205	
0.000052	0.000004	0.707156	0.000000	0.000000	0.707059	0.000000	0.000021	
0.000000	0.706951	0.000000	0.707263	0.000000	0.000000	0.000000	0.000000	
0.709579	0.000000	0.000000	0.000000	0.000000	0.000000	0.704626	0.000000	
0.000000	0.707206	0.000000	0.000000	0.000000	0.707008	0.000000	0.000000	
0.000000	0.000000	0.000000	0.000000	0.000000	0.706542	0.707672	0.000000	
0.000328	0.996397	0.067713	0.000001	0.000000	0.000000	0.050320	0.008784	
0.000000	0.000000	0.000000	0.708660	0.000000	0.708494	0.000000	0.000000	
0.000000	0.000000	0.706772	0.000000	0.707442	0.000000	0.000000	0.000000	
0.000146	0.000015	0.024601	0.000152	0.000284	0.030323	0.999241	0.000000	
0.000000	0.000000	0.695455	0.000277	0.008072	0.001346	0.024518	0.724900	
0.000000	0.000000	0.709651	0.704554	0.000000	0.000000	0.000000	0.000000	
0.000005	0.000010	0.000001	0.000000	0.699153	0.000000	0.718073	0.000000	
0.704600	0.011245	0.035880	0.051948	0.000222	0.000000	0.708700	0.000000	
0.000000	0.000000	0.000000	0.000000	0.707536	0.713451	0.000000	0.000000	
0.000186	0.006604	0.007059	0.727287	0.691209	0.000000	0.000000	0.000000	
0.079835	0.704220	0.003598	0.000000	0.709286	0.000000	0.000000	0.000000	
0.014806	0.000017	0.999882	0.004092	0.000000	0.000000	0.000000	0.000000	
0.000000	0.000003	0.743177	0.000000	0.000003	0.000000	0.671773	0.000000	
0.000062	0.000001	0.000054	0.705894	0.000000	0.713713	0.000000	0.001585	
0.063974	0.597399	0.000000	0.801828	0.033914	0.000000	0.016288	0.000000	
0.003630	0.706843	0.000000	0.006641	0.000000	0.000000	0.707212	0.012942	
0.707871	0.706253	0.011195	0.000000	0.000000	0.000000	0.000000	0.000000	
0.002025	0.034343	0.004416	0.998521	0.000006	0.043803	0.000000	0.002875	
0.143153	0.690501	0.000000	0.000001	0.013303	0.048982	0.000000	0.707205	
0.000000	0.000000	0.000000	0.000000	0.707018	0.000000	0.000000	0.707196	
0.000000	0.000000	0.000000	0.000000	0.000000	0.707131	0.000000	0.707082	
0.537579	0.023476	0.470724	0.000000	0.000000	0.722848	0.000000	0.061616	
0.000052	0.000004	0.704278	0.000000	0.000000	0.709925	0.000000	0.000022	
0.001255	0.488302	0.001275	0.510386	0.020695	0.036222	0.000000	0.707536	
0.522467	0.475353	0.008329	0.005031	0.007868	0.020961	0.020781	0.707528	
0.998937	0.042383	0.001329	0.000000	0.018105	0.000000	0.000000	0.000000	
0.000000	0.000000	0.000011	0.000000	0.000000	0.000001	0.707213	0.707429	
0.699940	0.000000	0.085318	0.709211	0.000001	0.000031	0.000000	0.000317	
0.000000	0.722908	0.000000	0.000000	0.000000	0.690955	0.003272	0.000000	
0.000000	0.000000	0.000000	0.000000	0.000000	0.000000	0.000000	1.000009	
0.000000	0.000000	0.000000	0.000000	0.000000	0.999992	0.004096	0.000000	
