0.714596	0.000312	0.000000	0.000000	0.000299	0.000000	0.000000	0.699769	
0.000002	0.000039	0.709904	0.000000	0.000000	0.707720	0.000000	0.000000	
0.000246	0.000023	0.707225	0.000107	0.000000	0.000000	0.000000	0.707102	
0.000007	0.707181	0.000000	0.000000	0.000000	0.000000	0.000000	0.707035	
0.708455	0.000000	0.000000	0.000001	0.000000	0.706267	0.000000	0.000000	
0.713926	0.701697	0.000016	0.000000	0.000000	0.000000	0.000000	0.000000	
0.000000	0.707319	0.000000	0.000024	0.000000	0.000000	0.706901	0.000004	
0.000000	0.000000	0.000000	0.000000	0.000000	0.000000	0.000000	1.000095	
0.000000	0.706789	0.000000	0.000000	0.707453	0.000000	0.000002	0.000000	
0.000000	0.000000	0.000000	0.000000	0.707064	0.707150	0.000000	0.000000	
0.710697	0.000298	0.000003	0.000000	0.706861	0.000000	0.000000	0.006037	
0.000000	0.000000	0.707022	0.000000	0.707193	0.000000	0.000002	0.000000	
0.000000	0.000000	1.000149	0.000000	0.000000	0.000000	0.000000	0.000000	
0.000000	0.000000	0.000000	0.000000	1.000006	0.000000	0.000000	0.000000	
0.000296	0.707572	0.000000	0.000000	0.000000	0.707558	0.000000	0.000000	
0.000000	0.000000	0.000000	0.000000	0.000000	0.000000	0.707440	0.706773	
0.000000	0.000000	0.000000	0.000000	0.707795	0.000001	0.000000	0.706538	
0.708407	0.000000	0.000000	0.000002	0.000000	0.000001	0.705813	0.000000	
1.015322	0.000000	0.000000	0.000000	0.000000	0.000000	0.000000	0.000000	
0.000000	0.000000	0.000000	1.000068	0.000000	0.000000	0.000000	0.000000	
0.706865	0.000001	0.707349	0.000000	0.000015	0.000000	0.000000	0.000000	
0.000000	1.000563	0.000000	0.000000	0.000000	0.000000	0.000000	0.000000	
0.000000	0.000000	0.000000	0.707054	0.000000	0.000000	0.707230	0.000000	
0.000000	0.000000	0.000000	0.707142	0.707304	0.000000	0.000000	0.000000	
0.706827	0.000000	0.000000	0.707394	0.000000	0.000001	0.000000	0.000000	
0.000001	0.000000	0.000001	0.707170	0.000000	0.000000	0.000000	0.707046	
0.000000	0.000000	0.000004	0.000020	0.000000	0.707382	0.706851	0.000000	
0.000002	0.709176	0.705033	0.000203	0.000000	0.000000	0.000000	0.000000	
0.000450	0.000449	0.000000	0.000555	0.707060	0.000000	0.707259	0.000000	
0.000000	0.000000	0.707741	0.000000	0.000000	0.000000	0.707132	0.000000	
0.000000	0.000000	0.000000	0.707312	0.000000	0.706906	0.000000	0.000000	
0.000000	0.000000	0.000000	0.000000	0.000000	1.000001	0.000000	0.000000	
0.000000	0.000000	0.000000	0.000000	0.000000	0.000000	1.000040	0.000000	
0.000000	0.000000	0.000000	0.000000	0.000000	0.705874	0.000000	0.708398	
0.000000	0.000000	0.707610	0.706761	0.000000	0.000000	0.000000	0.000000	
0.000002	0.707546	0.000000	0.706669	0.000000	0.000000	0.000000	0.000000	
0.715996	0.000027	0.000302	0.000000	0.000183	0.000000	0.701543	0.000004	
0.000000	0.000000	0.000000	0.000000	0.000000	0.000000	0.000000	1.000003	
0.001272	0.000016	0.013409	0.000000	0.732184	0.000000	0.680980	0.000000	
0.000000	0.000000	0.000000	1.000153	0.000000	0.000000	0.000000	0.000000	
0.001068	0.000014	0.684221	0.001155	0.000000	0.001132	0.737437	0.000000	
0.000000	0.000000	0.000000	0.706779	0.707440	0.000000	0.000000	0.000000	
0.000000	0.000000	0.000000	0.000000	0.000000	1.000000	0.000000	0.000000	
0.000022	0.000674	0.000030	0.000998	0.999987	0.000271	0.000000	0.004986	
0.000000	0.000000	0.000000	0.000000	0.000000	0.705873	0.000010	0.708398	
0.000000	0.000000	0.707022	0.000000	0.707193	0.000000	0.000002	0.000000	
0.005576	0.699511	0.000000	0.000059	0.000000	0.000000	0.714603	0.000004	
0.706776	0.000001	0.707440	0.000000	0.000415	0.000000	0.000000	0.000000	
0.000002	0.705095	0.709113	0.000000	0.000000	0.000000	0.000000	0.000000	
0.000000	0.000000	0.000000	0.000000	0.000000	0.000000	1.000307	0.000000	
0.000000	0.706775	0.000000	0.000000	0.707440	0.000000	0.000000	0.000000	
0.000000	0.000000	0.000000	0.000000	0.000000	0.000000	0.735971	0.697431	
0.000000	0.000000	0.000000	0.707114	0.000000	0.707100	0.000000	0.000000	
0.000000	0.000001	0.000001	0.000009	0.000000	0.694876	0.720308	0.000000	
1.013111	0.000000	0.000000	0.000000	0.000000	0.000000	0.000000	0.000000	
0.706827	0.000000	0.000000	0.707394	0.000000	0.000001	0.000000	0.000000	
0.000001	0.000000	0.000001	0.707170	0.000000	0.000000	0.000000	0.707046	
0.000000	0.711081	0.000000	0.000000	0.000000	0.000000	0.000000	0.705647	
0.000000	0.000000	1.000507	0.000000	0.000000	0.000000	0.000000	0.000000	
0.000275	0.000025	0.707225	0.000107	0.000000	0.000000	0.000000	0.707102	
0.716918	0.704638	0.000004	0.000000	0.000000	0.000000	0.000000	0.000000	
0.000000	0.000000	0.000000	0.000000	0.707795	0.000002	0.000000	0.706538	
0.000171	0.009432	0.000004	0.000000	0.687804	0.725844	0.000000	0.000000	
0.000002	0.000039	0.708239	0.000000	0.000000	0.706004	0.000000	0.000000	
0.000006	0.706182	0.000000	0.708031	0.000000	0.000000	0.000000	0.000000	
0.000000	0.000000	0.000000	0.694674	0.000000	0.000000	0.725524	0.000000	
0.708849	0.000309	0.000000	0.000001	0.000000	0.000000	0.000000	0.705592	
0.000000	0.000000	0.709450	0.712897	0.000000	0.000000	0.000000	0.000000	
0.068670	0.507803	0.000000	0.000000	0.483803	0.712969	0.000000	0.000001	
0.706510	0.000000	0.000000	0.000202	0.000000	0.707704	0.000000	0.000000	
0.706868	0.000000	0.000000	0.000000	0.707421	0.000000	0.000002	0.000000	
0.000135	1.000980	0.000214	0.000000	0.000000	0.000000	0.000000	0.000000	
0.000000	0.000001	0.000001	0.000008	0.000000	0.691352	0.723691	0.000000	
0.000005	0.481352	0.001443	0.000000	0.523653	0.008349	0.000000	0.702866	
0.031492	0.690239	0.000000	0.000002	0.000398	0.000001	0.724132	0.000000	
0.706963	0.013818	0.000000	0.707665	0.000000	0.000001	0.000000	0.000978	
0.706442	0.000001	0.707773	0.000000	0.000000	0.000000	0.000000	0.000000	
0.012913	0.679595	0.000258	0.010360	0.016014	0.733227	0.000000	0.000000	
0.000001	0.000000	0.000001	0.707170	0.000000	0.000000	0.000000	0.707046	
0.024819	0.002453	0.001187	0.999805	0.000000	0.000000	0.000000	0.000000	
0.000000	0.000000	0.000000	0.000000	0.000000	0.705893	0.000010	0.708417	
0.000000	0.000000	0.000000	0.000000	0.000000	0.000000	0.707452	0.706786	
0.707168	0.000001	0.000000	0.000000	0.000000	0.000000	0.000000	0.707046	
0.000000	0.000000	0.000000	0.138986	0.694947	0.003226	0.708893	0.000000	
0.005980	0.000650	0.141220	0.662062	0.001376	0.077856	0.732780	0.000000	
0.000000	0.000000	0.000000	0.707310	0.000000	0.706904	0.000000	0.000024	
0.710675	0.000000	0.000000	0.000000	0.000000	0.708481	0.000000	0.000000	
0.000000	0.000000	0.000000	0.000000	0.000000	0.000000	1.000044	0.000000	
0.027502	0.701053	0.107758	0.000000	0.000000	0.000000	0.000000	0.709674	
0.000246	0.000023	0.708054	0.000107	0.000000	0.003343	0.000000	0.707939	
0.000000	0.000086	0.007701	0.036595	0.999388	0.004447	0.002268	0.000000	
0.000000	0.000039	0.708703	0.000000	0.000004	0.706467	0.000000	0.000000	
0.000000	0.000000	0.000000	0.704983	0.705145	0.000000	0.000000	0.078077	
0.000000	0.000000	0.694525	0.693692	0.000000	0.000000	0.191440	0.000000	
0.000000	0.000000	0.000000	0.000000	0.000000	1.000000	0.000000	0.000000	
0.000000	0.706789	0.000000	0.000000	0.707453	0.000000	0.000002	0.000000	
0.000000	0.112821	0.667247	0.000000	0.736184	0.000004	0.000000	0.009529	
0.000000	0.486973	0.000000	0.000000	0.487442	0.713797	0.000002	0.125670	
0.718497	0.035554	0.000003	0.000000	0.715493	0.000000	0.000002	0.000425	
0.000204	0.988912	0.000007	0.030600	0.025673	0.000000	0.157718	0.000000	
