0.009931	0.213223	0.409894	0.912331	
0.939181	0.311570	0.245490	0.001331	
0.929122	0.108097	0.002192	0.396552	
0.926356	0.406202	0.004928	0.118590	
0.370303	0.521622	0.799459	0.006114	
0.000000	0.000000	0.000000	1.027772	
0.806067	0.000094	0.599846	0.148484	
0.000884	0.000004	0.968436	0.316231	
0.002480	0.000158	0.897643	0.497344	
0.008830	0.321684	0.000475	0.972757	
0.566960	0.174311	0.000038	0.854190	
0.017183	0.841756	0.386801	0.430824	
0.909350	0.175093	0.309723	0.308309	
0.702400	0.436895	0.280003	0.539146	
0.000748	0.107319	0.023960	1.017581	
0.608492	0.742760	0.005559	0.342006	
1.002414	0.001020	0.026603	0.186993	
0.011639	0.506279	0.000796	0.893727	
0.701437	0.000082	0.521984	0.516883	
0.322918	0.364446	0.898114	0.001319	
0.009863	0.991656	0.143944	0.185513	
0.524151	0.882436	0.008150	0.001246	
0.020235	0.435937	0.156841	0.914098	
0.015528	0.211099	0.821898	0.567748	
0.439373	0.551196	0.001844	0.736290	
0.880462	0.297252	0.240958	0.347412	
1.010572	0.111296	0.001973	0.106304	
0.319498	0.737459	0.004551	0.633426	
1.017824	0.003553	0.044501	0.001478	
0.324677	0.952060	0.000434	0.179522	
0.950369	0.001416	0.270924	0.256739	
0.973746	0.314522	0.004062	0.001703	
0.709342	0.606661	0.218508	0.347572	
0.860856	0.305877	0.000218	0.454871	
0.251872	0.003627	0.002397	0.987657	
0.635955	0.048175	0.721701	0.354689	
0.833185	0.195083	0.539784	0.158399	
0.000000	1.023628	0.000000	0.000000	
0.257630	0.987023	0.004049	0.001698	
0.323122	0.803552	0.535280	0.009797	
0.022937	0.568489	0.828911	0.163481	
0.017710	0.315684	0.973657	0.002758	
0.466089	0.132136	0.372277	0.812263	
0.379835	0.819379	0.437401	0.178780	
0.324212	0.930533	0.210043	0.183177	
0.008993	0.514211	0.887945	0.035652	
0.801051	0.602978	0.192608	0.002067	
0.002811	0.000179	1.017581	0.143054	
0.962952	0.003092	0.335542	0.088584	
0.323250	0.899630	0.001938	0.350361	
0.905295	0.491000	0.008073	0.017555	
0.986228	0.236064	0.097828	0.034851	
0.730359	0.361863	0.451351	0.431485	
0.904713	0.429267	0.138051	0.160356	
0.992208	0.116134	0.226546	0.001486	
1.005144	0.003515	0.178088	0.001481	
0.379552	0.446192	0.698746	0.453993	
0.702094	0.007589	0.738907	0.011473	
0.977888	0.235878	0.095423	0.178576	
0.004840	0.003178	0.322063	0.967878	
0.005739	0.407912	0.827922	0.446059	
0.117398	0.662305	0.377547	0.669527	
0.881583	0.004119	0.004992	0.516999	
0.256664	0.731334	0.641565	0.179566	
0.674225	0.725986	0.148942	0.176600	
0.692229	0.229561	0.438859	0.559484	
0.790267	0.631246	0.006764	0.172829	
0.003542	0.664002	0.698785	0.339299	
1.019191	0.013042	0.002262	0.079596	
0.575251	0.009450	0.822473	0.182176	
0.692426	0.414978	0.603139	0.179063	
0.987630	0.001920	0.226889	0.113493	
0.858510	0.027448	0.300640	0.480328	
0.827122	0.000412	0.485068	0.340485	
1.017356	0.082441	0.000043	0.000238	
0.743266	0.009128	0.000128	0.695260	
0.653356	0.310004	0.726420	0.021609	
0.001331	0.160917	0.995625	0.154679	
0.979144	0.124723	0.000455	0.256904	
0.813005	0.164650	0.597889	0.002721	
0.746662	0.639802	0.280695	0.002722	
0.279084	0.000174	0.589105	0.782495	
0.007756	0.002220	0.117555	1.013710	
0.003109	0.207882	0.936342	0.348654	
0.006677	0.153972	1.007139	0.007576	
0.584126	0.205248	0.181122	0.785598	
0.251649	0.000186	0.991452	0.000326	
0.734097	0.482267	0.000843	0.516256	
0.315752	0.020095	0.379984	0.899140	
0.315752	0.899227	0.367485	0.001272	
0.419363	0.392999	0.821616	0.186462	
0.001241	0.433972	0.654885	0.657000	
0.415695	0.418273	0.528812	0.643482	
0.925676	0.410986	0.112829	0.000031	
0.636203	0.007860	0.146166	0.783643	
0.940761	0.090732	0.383668	0.000419	
0.473565	0.451745	0.219528	0.748615	
0.965124	0.162795	0.262860	0.114014	
0.893627	0.348170	0.304665	0.177017	
0.009320	0.413571	0.408238	0.838586	
1.004953	0.186499	0.001360	0.002440	
0.530913	0.000863	0.001376	0.881851	
0.578655	0.821183	0.003565	0.175094	
0.030765	0.878640	0.000844	0.516749	
0.673151	0.587312	0.494406	0.011932	
0.513152	0.859339	0.188611	0.037516	
0.204493	0.156700	0.002285	0.987310	
0.006044	0.797271	0.596915	0.203090	
0.017348	0.754634	0.000140	0.690256	
0.000000	0.000000	1.022588	0.000000	
1.012955	0.002872	0.091546	0.090108	
0.012654	0.921279	0.178696	0.399568	
0.347673	0.153239	0.926962	0.177090	
0.587738	0.020618	0.361799	0.747872	
0.842613	0.361232	0.444432	0.000670	
1.813363	0.000000	0.000000	0.000000	
0.310413	0.957505	0.175064	0.024481	
0.054989	0.927792	0.381370	0.177131	
0.834286	0.495657	0.001607	0.316910	
0.376108	0.232326	0.825890	0.415102	
0.994604	0.003454	0.087354	0.209471	
0.481368	0.003168	0.902017	0.000579	
0.013663	0.000895	0.516110	0.879660	
0.286971	0.000243	0.913970	0.353233	
0.661000	0.188730	0.735163	0.169301	
0.291951	0.006255	0.964490	0.155190	
0.012030	0.378878	0.933720	0.181026	
0.293935	0.376546	0.003189	0.901851	
0.003730	0.625276	0.197847	0.778581	
0.643664	0.339206	0.000123	0.713903	
0.559868	0.153911	0.837196	0.001426	
0.051007	1.010700	0.112074	0.002062	
0.875917	0.109949	0.198059	0.474688	
0.377364	0.229406	0.149489	0.915530	
0.401789	0.170040	0.658378	0.653121	
0.300834	0.163161	0.962569	0.009369	
0.425570	0.686754	0.450508	0.432703	
0.005277	0.757026	0.168768	0.664045	
0.003740	0.702403	0.739199	0.011516	
0.242533	0.714381	0.168185	0.668752	
0.000421	0.000075	0.722985	0.724110	
0.969408	0.018406	0.324294	0.000721	
0.000988	1.007820	0.006924	0.141905	
0.710542	0.201439	0.566519	0.424961	
0.053777	0.981498	0.289971	0.004024	
0.822166	0.002928	0.145669	0.586979	
0.857413	0.464823	0.303895	0.031852	
0.971565	0.003399	0.006731	0.297177	
0.905363	0.320286	0.000152	0.347532	
0.360266	0.001004	0.760545	0.586888	
0.287878	0.025394	0.161002	0.970760	
0.753931	0.549666	0.378167	0.177923	
0.008443	0.968398	0.001085	0.321266	
0.967595	0.123846	0.085675	0.280102	
0.017367	0.125258	0.193422	0.999258	
0.050323	0.897023	0.477122	0.002794	
0.991991	0.230016	0.000673	0.113155	
0.010991	0.178866	0.613415	0.796556	
0.949243	0.005602	0.138537	0.338175	
0.877179	0.003133	0.513703	0.001686	
0.736075	0.708162	0.000000	0.000000	
1.001736	0.128075	0.088696	0.073745	
0.399796	0.834887	0.235875	0.353756	
1.011757	0.081987	0.088769	0.000238	
0.714990	0.312322	0.599560	0.262588	
0.040815	0.801793	0.631971	0.006079	
0.021268	0.000652	0.561216	0.849334	
0.028593	0.615990	0.221620	0.782002	
0.910088	0.174211	0.303279	0.310334	
0.819275	0.498051	0.324548	0.175874	
0.979221	0.302374	0.000113	0.001244	
0.060448	0.984338	0.278208	0.020314	
0.909018	0.431309	0.153924	0.108969	
0.628088	0.796601	0.097861	0.034863	
0.122646	0.239333	0.958647	0.224876	
0.746662	0.639802	0.280695	0.002722	
0.960311	0.012470	0.334649	0.088348	
0.435404	0.269097	0.018115	0.886934	
0.331734	0.944743	0.201908	0.001272	
0.304066	0.510485	0.004745	0.855701	
0.126528	0.246908	0.982186	0.009821	
0.072892	0.017067	1.009106	0.158421	
0.908330	0.347371	0.309656	0.014476	
0.324212	0.930533	0.210043	0.183177	
0.691942	0.229466	0.439106	0.559398	
0.013126	0.570967	0.000897	0.853830	
0.635955	0.048175	0.721701	0.354689	
0.406581	0.793405	0.497120	0.009822	
0.000000	0.000000	0.000000	1.027772	
0.355974	0.219889	0.014809	0.934328	
0.769806	0.020427	0.112680	0.663134	
0.437457	0.001026	0.897412	0.199704	
0.018810	0.744173	0.433337	0.538192	
0.032055	0.814580	0.617344	0.024394	
0.883922	0.003070	0.077633	0.507573	
0.582708	0.037008	0.364126	0.755566	
0.009909	0.213473	0.410371	0.913393	
0.004917	0.003231	0.327266	0.966483	
0.522434	0.879544	0.008124	0.042655	
0.417168	0.157033	0.142296	0.911173	
