0.860796	0.363809	0.434350	0.003524	
0.013621	0.616153	0.828008	0.001828	
0.612690	0.191389	0.797373	0.147039	
0.030868	0.634467	0.011217	0.843447	
0.741294	0.600987	0.138987	0.340170	
0.448696	0.409301	0.000682	0.828982	
0.984129	0.236980	0.097824	0.159677	
0.767142	0.001440	0.040083	0.675652	
1.009196	0.133651	0.090478	0.121263	
0.037156	0.789528	0.661902	0.003379	
0.398729	0.801464	0.479954	0.104131	
0.000000	1.253988	0.000000	0.000000	
0.600805	0.770782	0.306114	0.156472	
0.563779	0.009622	0.862433	0.000422	
1.186054	0.000000	0.352975	0.002338	
0.957445	0.289437	0.228436	0.005467	
1.019698	0.000438	0.072904	0.000251	
0.861031	0.199813	0.554438	0.003688	
0.853727	0.510395	0.283918	0.029339	
1.036875	0.112642	0.002982	0.000000	
0.333395	0.932781	0.298905	0.014053	
0.000000	0.000000	1.042367	0.000000	
0.006614	0.327647	0.841856	0.492358	
0.623615	0.804704	0.144345	0.149338	
0.474620	0.912542	0.008029	0.000843	
0.363402	0.442426	0.866350	0.000417	
1.000585	0.121637	0.207341	0.003541	
0.221344	1.004275	0.004667	0.002898	
0.000000	0.933857	0.438499	0.002241	
1.009348	0.000256	0.170287	0.000252	
0.718521	0.709482	0.000269	0.178741	
0.994543	0.227154	0.000673	0.110512	
0.777763	0.004703	0.001794	0.678733	
0.491753	0.219136	0.162466	0.869431	
0.985201	0.138792	0.352543	0.000024	
0.788986	0.003485	0.653036	0.002066	
0.599162	0.012593	0.123142	0.823780	
0.975387	0.347990	0.000010	0.014256	
0.269241	0.000086	0.996105	0.014177	
0.000845	1.029872	0.118150	0.002043	
0.354949	0.656966	0.682177	0.178010	
0.255010	0.974980	0.129358	0.190978	
0.000000	0.000000	0.000000	1.035366	
0.312150	0.213621	0.963632	0.000947	
0.012158	0.000821	0.017033	1.035329	
0.681826	0.428576	0.638359	0.001233	
0.000052	0.200527	1.013348	0.005738	
0.882007	0.531359	0.003417	0.073099	
0.599500	0.032010	0.010770	0.828891	
0.932564	0.423247	0.131153	0.000133	
0.506310	0.016480	0.177563	0.878945	
0.686295	0.567663	0.463599	0.228956	
0.000260	0.995116	0.261530	0.000085	
2.084441	0.000000	0.000000	0.000000	
0.915115	0.000454	0.458040	0.000829	
0.495453	0.257368	0.003471	0.863206	
0.000000	0.413352	0.943125	0.000759	
0.703147	0.052470	0.573522	0.477962	
0.861233	0.363994	0.434408	0.003178	
0.934804	0.283369	0.223085	0.254598	
0.012191	0.000824	0.016827	1.028003	
0.687742	0.562995	0.152562	0.489928	
0.312670	0.902555	0.005737	0.414800	
0.902962	0.022392	0.269628	0.413374	
0.232855	1.001408	0.119965	0.001396	
0.762856	0.107802	0.006797	0.677654	
0.486070	0.261289	0.467843	0.725643	
0.053254	0.920207	0.462463	0.008386	
0.007048	1.010163	0.181539	0.126344	
2.046976	0.000000	0.000000	0.152021	
0.850440	0.196255	0.314942	0.468257	
0.769526	0.001444	0.006789	0.676855	
0.595766	0.002147	0.158938	0.817356	
0.650166	0.637459	0.011191	0.482019	
0.000000	0.000000	0.000000	1.514599	
0.515340	0.853190	0.005948	0.255228	
0.752536	0.160814	0.006789	0.676855	
0.375507	0.435349	0.858107	0.000250	
0.686818	0.566910	0.463559	0.228936	
0.518972	0.150616	0.483422	0.742385	
0.937929	0.420293	0.090663	0.071933	
0.001898	0.227891	1.010101	0.004242	
1.014725	0.120146	0.008294	0.110695	
0.426682	0.795027	0.488134	0.000831	
1.020338	0.152812	0.057303	0.024421	
0.102141	0.535980	0.859185	0.164458	
0.438913	0.564432	0.616003	0.426505	
0.021994	0.804052	0.001855	0.637248	
0.910579	0.143024	0.465157	0.011910	
0.016460	0.961982	0.266481	0.239903	
0.992750	0.235345	0.088778	0.001171	
0.891055	0.523627	0.003430	0.073370	
0.281534	0.000000	0.746112	0.647774	
1.012834	0.000254	0.173329	0.070715	
0.753183	0.141680	0.175207	0.679898	
0.999151	0.007567	0.036167	0.259538	
0.863846	0.062392	0.433576	0.350500	
0.605885	0.784164	0.310401	0.003411	
0.708135	0.328963	0.002538	0.686429	
0.565870	0.028632	0.198599	0.828810	
0.003734	0.591923	0.418965	0.732390	
0.000000	0.000000	1.041164	0.000000	
0.972657	0.346914	0.000010	0.018817	
0.073470	0.615926	0.026637	0.853183	
0.586822	0.000000	0.824079	0.159656	
0.387321	0.149345	0.936905	0.123549	
0.858090	0.513003	0.282001	0.029463	
0.659487	0.287083	0.231678	0.730798	
0.183209	0.668527	0.221736	0.758752	
0.500491	0.910553	0.098342	0.000023	
0.000000	0.000000	0.000000	16.696188	
0.768381	0.108583	0.006847	0.676652	
0.475044	0.885139	0.209596	0.000831	
0.901288	0.401634	0.297768	0.168097	
0.773312	0.175281	0.160343	0.628384	
0.888829	0.522319	0.003421	0.148089	
0.756026	0.689649	0.001150	0.132208	
0.101789	0.437751	0.821671	0.429690	
0.896042	0.398197	0.000502	0.333277	
0.003724	0.590292	0.421527	0.732547	
0.980841	0.120286	0.128503	0.259474	
0.018147	0.895214	0.152259	0.485158	
0.441185	0.567352	0.612558	0.426762	
0.980339	0.106501	0.002819	0.329554	
0.929069	0.007036	0.027209	0.435684	
0.917224	0.416285	0.128996	0.190875	
0.011111	0.001311	1.023279	0.121511	
0.350716	0.906585	0.316844	0.132643	
0.901221	0.022349	0.269948	0.412682	
0.899206	0.204645	0.332771	0.327732	
0.563235	0.005413	0.790993	0.330360	
0.700831	0.334054	0.001244	0.682522	
0.548133	0.170622	0.856843	0.021617	
0.005772	0.919666	0.331864	0.341098	
0.687734	0.218891	0.379038	0.633645	
0.806519	0.002785	0.637192	0.002074	
0.319394	0.386825	0.133828	0.896131	
0.364071	0.694522	0.011491	0.675580	
0.644436	0.022108	0.358036	0.728020	
0.390736	0.728452	0.348712	0.567751	
0.298453	0.001982	0.983222	0.003152	
0.277847	0.745576	0.163707	0.631074	
0.576268	0.029158	0.208443	0.826050	
0.587577	0.610074	0.492359	0.316982	
0.440766	0.486193	0.767131	0.203081	
1.019252	0.000438	0.079802	0.084178	
1.007209	0.235505	0.001767	0.000085	
1.011813	0.001525	0.145515	0.003555	
0.000000	1.042427	0.000000	0.119758	
0.921565	0.131969	0.178488	0.408804	
0.735187	0.702268	0.151894	0.022257	
0.029276	0.478071	0.569360	0.709461	
0.782730	0.009587	0.001805	0.676097	
0.777737	0.232519	0.628366	0.018705	
0.062791	0.820570	0.347167	0.559290	
0.744779	0.287176	0.639745	0.123333	
0.982076	0.236485	0.115978	0.159647	
0.290544	0.749299	0.000530	0.646447	
0.291202	0.298415	0.953661	0.020229	
0.977040	0.174360	0.351673	0.014154	
0.520320	0.325823	0.008614	0.836211	
0.081826	0.970292	0.143191	0.306478	
0.268457	0.083025	0.744702	0.646480	
0.933928	0.054859	0.430896	0.134869	
0.981709	0.231950	0.001313	0.247553	
1.018326	0.054372	0.088553	0.083427	
0.377695	0.699066	0.646857	0.000663	
0.471652	0.907344	0.015098	0.104848	
0.786879	0.021371	0.005739	0.672345	
0.000000	0.939375	0.417577	0.002965	
0.005772	0.919666	0.331864	0.341098	
0.840633	0.373574	0.000471	0.470061	
0.991334	0.186479	0.230606	0.014655	
0.671342	0.740534	0.149368	0.202885	
0.604996	0.001547	0.833138	0.001940	
0.843673	0.522571	0.278480	0.029236	
0.673553	0.714462	0.352309	0.135660	
0.933193	0.315686	0.311907	0.010771	
0.715766	0.341173	0.001270	0.667657	
0.006431	0.318585	0.837146	0.508035	
1.028359	0.004543	0.001113	0.002139	
0.756386	0.700625	0.004502	0.001943	
0.271855	0.855958	0.268901	0.407729	
0.588638	0.012068	0.166261	0.823742	
0.036974	0.785674	0.672892	0.003392	
0.250200	0.794996	0.000516	0.615791	
0.269214	0.000474	0.880277	0.498084	
0.636946	0.492812	0.638359	0.001233	
0.928790	0.431468	0.091021	0.070088	
0.764331	0.237753	0.420383	0.496697	
0.001887	0.000125	0.963197	0.507675	
0.463466	0.175733	0.561589	0.714241	
0.670022	0.695676	0.144299	0.317731	
0.999231	0.226488	0.055090	0.181930	
0.862654	0.210075	0.462646	0.228294	
1.022551	0.000440	0.063370	0.000252	
0.578390	0.029265	0.205933	0.823155	
0.003064	0.488102	0.807045	0.398831	
0.366195	0.580525	0.344147	0.681606	
0.000000	0.000000	0.000000	19.606661	
