0.674576	0.666641	0.665351	0.003319	7.952111	
0.872778	0.847325	0.854550	0.839910	3.257370	
0.166662	0.769147	0.917365	0.790768	5.185217	
0.865476	0.662126	0.000190	0.000153	7.675118	
0.300671	0.307808	0.024804	0.009722	9.188051	
0.008669	0.924815	0.017094	0.665412	7.790573	
0.788688	0.939430	0.120128	0.801024	5.271803	
0.003448	0.001034	0.281073	0.324702	9.232752	
0.003823	0.677437	0.011094	0.932446	7.753411	
0.193714	0.242399	0.867411	0.861477	5.994779	
0.002109	0.919841	0.759154	0.000004	7.109551	
0.930528	0.013401	0.025578	0.664386	7.806623	
0.307342	0.001091	0.000058	0.000000	9.685534	
0.671905	0.668250	0.001307	0.664456	8.017877	
0.664075	0.942085	0.025591	0.003411	7.887391	
0.005204	0.002033	0.865929	0.645735	7.812765	
0.000523	0.000005	0.285836	0.000004	9.591665	
0.868659	0.851041	0.881326	0.168968	4.703858	
0.801937	0.155895	0.778594	0.899284	5.036509	
0.670765	0.016747	0.023749	0.938236	7.803076	
0.846771	0.125026	0.928067	0.875507	4.927115	
0.000000	0.000000	0.000000	0.000000	10.000549	
0.327491	0.028413	0.279310	0.000000	9.207446	
0.000014	0.285311	0.000038	0.304578	9.205077	
0.758975	0.000007	0.000000	0.000000	8.676002	
0.974405	0.796474	0.230297	0.799250	5.275104	
0.188852	0.906915	0.766174	0.770670	5.229513	
0.188852	0.841037	0.739012	0.905153	5.206694	
0.924944	0.016824	0.626387	0.000082	8.062214	
0.001011	0.295589	0.285820	0.000003	9.192367	
0.005937	0.677437	0.658528	0.672554	7.965940	
0.001790	0.637900	0.947317	0.002531	8.131039	
0.000536	0.016421	0.657162	0.944910	7.970386	
0.658580	0.005732	0.928067	0.010278	7.869076	
0.000007	0.003710	0.000106	0.288414	9.605473	
0.000013	0.296010	0.000002	0.000573	9.604056	
0.314294	0.000191	0.018096	0.316607	9.248174	
0.670751	0.000002	0.661358	0.677533	7.933220	
0.000533	0.000005	0.759154	0.000004	8.660846	
0.157620	0.848753	0.229871	0.869887	5.902647	
0.000000	0.000590	0.000000	0.767062	8.671401	
0.000016	0.756715	0.000009	0.000653	8.677077	
0.788688	0.930666	0.813103	0.084502	5.243457	
0.157961	0.848753	0.229871	0.869887	5.901947	
0.868476	0.849029	0.819199	0.865051	3.299212	
0.326455	0.001542	0.000731	0.000000	9.679297	
0.865280	0.668250	0.012471	0.013743	7.772769	
0.300671	0.307645	0.024804	0.012804	9.184149	
0.006092	0.015664	0.000190	0.000153	9.975937	
0.220602	0.906915	0.766174	0.006391	6.593495	
0.855567	0.035887	0.854550	0.839910	4.890371	
0.000000	0.000040	0.000002	0.281455	9.644359	
0.000016	0.763579	0.000009	0.000653	8.670331	
0.014924	0.668250	0.661897	0.662775	8.156727	
0.000198	0.282295	0.000038	0.256001	9.165074	
0.166662	0.779296	0.909550	0.768961	5.221107	
0.315495	0.027316	0.280688	0.011329	9.176971	
0.000008	0.000005	0.760999	0.000004	8.653189	
0.788688	0.920767	0.813103	0.096803	5.181783	
0.005204	0.002033	0.865929	0.645732	7.812792	
0.676540	0.942085	0.290170	0.013679	7.413270	
0.000049	0.000585	0.000577	0.769928	8.595228	
0.022982	0.922309	0.001078	0.816012	6.817782	
0.023300	0.001180	0.271781	0.307533	9.169200	
0.314294	0.000191	0.001012	0.316607	9.267680	
0.188852	0.906915	0.766174	0.794442	5.104220	
0.801024	0.000007	0.000000	0.010918	8.442206	
0.000536	0.016421	0.649375	0.944910	8.024615	
0.675120	0.667742	0.665351	0.003339	7.941272	
0.817096	0.176867	0.792935	0.003263	6.530430	
0.157961	0.826755	0.229871	0.869887	6.564882	
0.193714	0.296809	0.867411	0.861477	5.839335	
0.665831	0.155895	0.038412	0.899284	7.384335	
0.974405	0.796474	0.230297	0.804416	5.264446	
0.045748	0.655555	0.917635	0.002531	7.786218	
0.001011	0.000000	0.285820	0.000003	9.590994	
0.793797	0.922309	0.105752	0.816012	5.115314	
0.787179	0.016824	0.817353	0.000082	6.854893	
0.012170	0.295895	0.000577	0.012801	9.574052	
0.685971	0.005732	0.928067	0.631430	7.263622	
0.000018	0.288859	0.283241	0.000045	9.186664	
0.887246	0.837870	0.066111	0.804416	4.988538	
0.924017	0.013401	0.025578	0.665281	7.766622	
0.188852	0.854069	0.739012	0.904547	5.193274	
0.860647	0.087482	0.819199	0.865051	4.836594	
0.790134	0.000180	0.001855	0.000068	8.535047	
0.000193	0.282295	0.000038	0.256001	9.165613	
0.006069	0.015664	0.016588	0.000153	9.957325	
0.801937	0.155895	0.765946	0.900625	5.192424	
0.188852	0.841037	0.739012	0.905153	5.206694	
0.788688	0.930666	0.813103	0.001049	5.387098	
0.647084	0.000590	0.000005	0.295564	9.191675	
0.875728	0.295589	0.285820	0.023444	7.784186	
0.663359	0.823300	0.739012	0.006324	6.586844	
0.023300	0.001180	0.271781	0.307533	9.169200	
0.191448	0.926581	0.823742	0.904547	5.074879	
0.000536	0.282477	0.660515	0.944910	7.963294	
0.326455	0.001542	0.000731	0.000000	9.679297	
0.188657	0.282396	0.867411	0.861477	5.987441	
0.011720	0.668250	0.278193	0.664456	8.294838	
