0.000081	0.640144	0.889425	0.010258	7.850314	
0.791085	0.894833	0.112680	0.820209	4.994513	
0.000014	0.297580	0.003085	0.000570	9.664781	
0.004514	0.315002	0.286737	0.014650	9.210641	
0.654752	0.025319	0.942009	0.000380	7.956375	
0.000000	0.000000	0.000000	0.000000	10.006224	
0.000969	0.000541	0.001558	0.759243	8.656626	
0.001895	0.000847	0.678619	0.925312	7.723217	
0.005822	0.934000	0.000574	0.663771	7.887852	
0.132973	0.917384	0.791633	0.789867	5.152320	
0.791511	0.782798	0.112772	0.886531	5.126110	
0.292028	0.000496	0.000000	0.000000	9.597302	
0.662963	0.662866	0.681344	0.001857	7.973053	
0.664906	0.917213	0.000417	0.012315	7.770800	
0.000005	0.000000	0.000000	0.342138	9.869164	
0.800046	0.011900	0.947601	0.828881	5.376009	
0.292028	0.003502	0.262352	0.000000	9.170060	
0.665021	0.003910	0.001210	0.917379	7.785686	
0.131314	0.789739	0.941276	0.828094	5.145927	
0.899691	0.013553	0.640754	0.000093	7.871649	
0.845288	0.842522	0.859217	0.845843	3.259770	
0.921377	0.013595	0.001558	0.665299	7.783710	
0.000653	0.299326	0.014371	0.332289	9.256523	
0.000742	0.672059	0.675659	0.664277	7.995733	
0.000000	0.764348	0.003275	0.000000	8.626134	
0.850248	0.068907	0.795366	0.920051	5.113111	
0.131314	0.840298	0.783575	0.877918	4.906481	
0.013284	0.000069	0.330523	0.293914	9.246635	
0.003317	0.000049	0.304517	0.024885	9.581237	
0.948088	0.647177	0.001896	0.019397	8.055644	
0.311051	0.299351	0.001395	0.000612	9.230249	
0.010053	0.917213	0.671837	0.012315	7.709288	
0.000076	0.000417	0.754738	0.000012	8.693324	
0.951657	0.802457	0.799519	0.153666	5.246122	
0.012716	0.013457	0.860981	0.660158	7.672264	
0.367183	0.003685	0.006610	0.290727	9.337992	
0.004962	0.648513	0.022980	0.886163	7.774184	
0.664978	0.670345	0.000018	0.655382	8.068603	
0.768441	0.000739	0.001538	0.004536	8.638427	
0.681493	0.002055	0.665179	0.664605	7.928795	
0.000000	0.000006	0.000007	0.747115	8.827903	
0.016713	0.910103	0.665313	0.027832	7.697376	
0.843306	0.782798	0.112772	0.887554	4.993317	
0.000654	0.000101	0.000920	0.261022	9.626016	
0.000231	0.764550	0.000009	0.000000	8.677351	
0.009868	0.000251	0.289986	0.314490	9.389137	
0.845288	0.825509	0.859507	0.855442	3.283614	
0.001515	0.000560	0.883382	0.000001	8.328759	
0.367183	0.013358	0.811904	0.220993	7.714716	
0.000653	0.299326	0.001558	0.332289	9.269279	
0.791085	0.894833	0.114500	0.843919	4.940752	
0.000014	0.296820	0.003085	0.000570	9.739914	
0.664978	0.670345	0.000018	0.644972	8.140252	
0.029147	0.313754	0.286737	0.820027	7.564498	
0.088394	0.820262	0.850124	0.855442	4.834340	
0.128886	0.917384	0.784498	0.789867	5.194487	
0.921377	0.013742	0.001558	0.759243	7.099594	
0.277198	0.000847	0.000000	0.000000	9.582744	
0.653101	0.013397	0.008183	0.002006	9.407345	
0.001895	0.006711	0.678619	0.828608	7.611817	
0.891577	0.013553	0.634616	0.000093	7.888540	
0.367183	0.013358	0.006610	0.288918	9.324729	
0.003317	0.000049	0.304517	0.025647	9.580173	
0.664906	0.917213	0.292740	0.012315	7.496660	
0.788491	0.913021	0.795217	0.124404	5.134269	
0.000703	0.934000	0.000538	0.663771	7.961913	
0.214561	0.828617	0.784290	0.878911	4.883519	
0.214561	0.829482	0.849027	0.220411	5.938430	
0.790913	0.017971	0.112680	0.820209	6.617776	
0.013612	0.055646	0.005505	0.000001	9.896955	
0.004581	0.315036	0.286737	0.000000	9.224192	
0.790911	0.029190	0.939648	0.845843	5.312746	
0.974344	0.647177	0.001896	0.002006	8.262525	
0.021328	0.013457	0.860981	0.314490	7.896794	
0.309041	0.298336	0.014079	0.036824	9.162647	
0.247586	0.000000	0.263694	0.000000	9.157435	
0.765921	0.013672	0.798423	0.789867	5.669253	
0.788934	0.878820	0.795217	0.110291	5.069846	
0.655745	0.000463	0.956064	0.003583	8.067334	
0.659235	0.652437	0.675330	0.760039	7.205111	
0.845288	0.043033	0.859507	0.854892	4.875213	
0.137169	0.021323	0.850048	0.825133	6.402155	
0.020293	0.101978	0.005623	0.014679	9.866059	
0.030566	0.832548	0.940819	0.829031	5.203353	
0.001515	0.000224	0.882453	0.000001	8.465299	
0.212780	0.828617	0.784290	0.876742	4.920682	
0.003704	0.013595	0.659768	0.665299	8.707738	
0.016713	0.910103	0.858082	0.027832	6.749805	
0.888292	0.254369	0.634302	0.000265	7.496014	
0.936886	0.003910	0.001210	0.975540	7.464312	
0.000012	0.676558	0.022980	0.886163	7.569216	
0.899088	0.013742	0.001558	0.763536	6.986275	
0.214561	0.829482	0.051810	0.288336	7.768783	
0.768610	0.055793	0.859431	0.925312	5.557233	
0.213874	0.827973	0.888309	0.186200	5.932050	
0.125658	0.003685	0.006610	0.288828	9.347666	
0.846261	0.894833	0.114500	0.843919	4.772257	
0.292028	0.000847	0.000000	0.297531	9.200993	
0.309779	0.295659	0.014073	0.036910	9.160000	
0.011655	0.295659	0.014052	0.036910	9.525154	
