0.076332	0.922801	0.647860	0.016610	7.784780	
0.000001	0.871101	0.000031	0.299437	7.971845	
0.002906	0.079201	0.895224	0.659821	7.607971	
0.000003	0.000133	0.000018	0.764169	8.629347	
0.015463	0.342279	0.004419	0.319200	9.305474	
0.829635	0.224258	0.851707	0.246185	5.811353	
0.294598	0.000010	0.000433	0.000004	9.602356	
0.015503	0.000010	0.314488	0.303542	9.260434	
0.352732	0.299948	0.000239	0.025531	9.294575	
0.282573	0.000008	0.270555	0.000000	9.169293	
0.928648	0.016796	0.027730	0.655925	7.850257	
0.000154	0.290456	0.310918	0.000000	9.242232	
0.845612	0.906371	0.833177	0.083548	4.953514	
0.772908	0.847347	0.222514	0.882999	4.806097	
0.652365	0.933116	0.014891	0.006241	7.931448	
0.768066	0.903244	0.104563	0.798493	5.250483	
0.667150	0.668492	0.001948	0.673373	7.997794	
0.229721	0.812251	0.759745	0.891050	4.981053	
0.115176	0.879357	0.242036	0.885104	6.024328	
0.000069	0.752725	0.001119	0.000924	8.700654	
0.925483	0.805891	0.806557	0.099333	5.126404	
0.002906	0.662116	0.662057	0.659821	8.115013	
0.000004	0.290456	0.001144	0.000000	9.617536	
0.071809	0.827406	0.902056	0.871355	4.923247	
0.000001	0.000010	0.000031	0.303586	9.662921	
0.925485	0.088490	0.807053	0.804868	5.154417	
0.944116	0.775561	0.033139	0.868662	5.410701	
0.000248	0.000090	0.281245	0.000005	9.589435	
0.856777	0.079201	0.842101	0.837942	4.821150	
0.942516	0.638819	0.028529	0.023717	8.036782	
0.000040	0.000000	0.779608	0.000838	8.877228	
0.223578	0.240851	0.849133	0.867785	5.781970	
0.904310	0.027454	0.643124	0.015566	7.833787	
0.015452	0.633641	0.899994	0.019466	7.920349	
0.086219	0.910685	0.794623	0.787377	5.223930	
0.846829	0.847300	0.841868	0.856522	3.257611	
0.795864	0.800820	0.900675	0.158762	5.071976	
0.671545	0.682718	0.675641	0.000001	8.124127	
0.658405	0.000000	0.007700	0.972851	8.166407	
0.288864	0.000003	0.042551	0.303586	9.153915	
0.000248	0.000000	0.298607	0.874882	7.925199	
0.836536	0.236668	0.768069	0.884425	4.860117	
0.761573	0.003896	0.002829	0.001211	8.644358	
0.666636	0.000180	0.666680	0.670432	7.976566	
0.027601	0.341968	0.072544	0.870081	7.846503	
0.701781	0.004660	0.852166	0.002331	7.387191	
0.000000	0.000000	0.000000	0.000000	10.075713	
0.000001	0.000133	0.000031	0.764169	8.651382	
0.925610	0.091599	0.799757	0.926371	5.268260	
0.004817	0.000698	0.761100	0.000434	8.648851	
0.906472	0.638819	0.028529	0.023718	7.858356	
0.229721	0.827867	0.759745	0.891050	4.930353	
0.932680	0.847347	0.220491	0.882999	4.793559	
0.928648	0.001960	0.027730	0.655925	7.867703	
0.942516	0.942962	0.670225	0.023717	6.426125	
0.804007	0.910685	0.800536	0.777349	3.822904	
0.003139	0.049659	0.656021	0.890548	7.682936	
0.274278	0.000008	0.000028	0.309976	9.205818	
0.022923	0.054580	0.323063	0.264983	9.114935	
0.925610	0.091599	0.807053	0.804868	5.147582	
0.339506	0.010421	0.023524	0.115074	9.514101	
0.054330	0.827406	0.902056	0.871788	4.959528	
0.003266	0.337034	0.628750	0.087173	9.114430	
0.000040	0.000000	0.297710	0.000000	9.612530	
0.229721	0.793759	0.759745	0.891050	5.056883	
0.903820	0.639046	0.052413	0.644511	7.324350	
0.291477	0.000008	0.253159	0.000022	9.170967	
0.003266	0.878334	0.627360	0.087173	7.769517	
0.000001	0.003183	0.000031	0.299679	9.689881	
0.813266	0.230323	0.850266	0.889264	4.716542	
0.660036	0.000000	0.000108	0.972851	8.163081	
0.115176	0.879357	0.242036	0.885104	6.024328	
0.846345	0.876802	0.800494	0.114635	4.906157	
0.795864	0.800820	0.900675	0.246185	4.962827	
0.701781	0.018758	0.852166	0.002331	7.369554	
0.841464	0.224258	0.851707	0.266708	5.792331	
0.081400	0.011417	0.006902	0.012527	9.839356	
0.706604	0.042342	0.047016	0.030502	8.874840	
0.097256	0.879357	0.014634	0.115104	7.927335	
0.000341	0.633168	0.878876	0.317746	7.674448	
0.895963	0.027454	0.647860	0.015566	7.777851	
0.895454	0.805891	0.806563	0.118470	4.962858	
0.651990	0.925857	0.007505	0.038201	7.862011	
0.088285	0.910685	0.794623	0.777349	5.272687	
0.009761	0.224258	0.015476	0.211971	9.178990	
0.258081	0.290433	0.001144	0.000000	9.174446	
0.223578	0.274144	0.149887	0.876219	7.202450	
0.042381	0.351723	0.900675	0.864715	6.458075	
0.002906	0.662116	0.012279	0.659821	8.735978	
0.002185	0.863745	0.037503	0.837201	6.584208	
0.282785	0.000000	0.018608	0.000022	9.569711	
0.352732	0.299948	0.295547	0.025531	8.898069	
0.228520	0.775561	0.023031	0.868678	6.597811	
0.015452	0.633641	0.899994	0.018411	7.924238	
0.865340	0.632614	0.669969	0.016081	7.193283	
0.293724	0.694661	0.000031	0.313228	8.411947	
0.706604	0.042342	0.020383	0.030502	8.915909	
0.927376	0.805891	0.881303	0.089406	5.073133	
0.920254	0.004660	0.852166	0.002331	6.844722	
0.022204	0.008171	0.902056	0.871526	6.660191	
