0.014068	0.866151	0.000000	0.339294	7.973654	
0.001347	0.760205	0.000124	0.000000	8.656219	
0.000000	0.269741	0.000000	0.000000	9.578688	
0.011239	0.679271	0.017068	0.896600	7.585727	
0.144334	0.873994	0.861162	0.195844	5.956347	
0.311277	0.003308	0.000000	0.340022	9.306475	
0.296577	0.254118	0.000000	0.000044	9.178999	
0.896332	0.300144	0.000303	0.089061	7.814277	
0.150866	0.789842	0.938674	0.867138	5.073007	
0.676886	0.000089	0.925681	0.018090	7.716118	
0.783795	0.916313	0.788698	0.107345	5.247341	
0.237443	0.247365	0.884423	0.906216	5.881870	
0.000000	0.000000	0.000000	0.000000	10.005196	
0.013528	0.009131	0.274520	0.338976	9.238200	
0.001347	0.292231	0.000125	0.351937	9.307865	
0.304032	0.001595	0.261124	0.001902	9.192363	
0.001157	0.003308	0.000000	0.340022	9.681048	
0.784611	0.879173	0.125700	0.796001	5.049903	
0.815702	0.792396	0.002965	0.904110	5.261903	
0.005485	0.665841	0.666027	0.663207	8.033198	
0.864001	0.884487	0.204863	0.207759	5.898237	
0.671325	0.668870	0.680975	0.002645	7.949160	
0.927621	0.000380	0.661973	0.034442	7.814746	
0.640133	0.021796	0.030167	0.909683	7.860719	
0.907392	0.036500	0.822239	0.820729	5.074213	
0.819434	0.786411	0.892651	0.109774	5.037559	
0.000020	0.000049	0.000015	0.750993	8.718506	
0.012905	0.654040	0.892180	0.022403	7.734838	
0.688148	0.640794	0.007990	0.670150	8.022787	
0.922898	0.797097	0.082559	0.816399	5.158654	
0.040602	0.000458	0.662333	0.920285	7.792554	
0.001347	0.927964	0.638939	0.000394	8.016249	
0.580406	0.927108	0.003861	0.142931	8.043807	
0.846296	0.826456	0.858056	0.841325	3.292128	
0.841088	0.224278	0.204821	0.847106	5.822560	
0.796684	0.021796	0.810229	0.907369	5.226631	
0.233744	0.878159	0.217413	0.856615	5.797953	
0.669915	0.003884	0.663093	0.665940	8.034629	
0.000064	0.270755	0.289506	0.002142	9.172193	
0.164116	0.777864	0.784903	0.905509	5.125446	
0.859709	0.235221	0.851779	0.120211	5.972126	
0.892107	0.048805	0.015194	0.641399	7.776869	
0.000300	0.000286	0.760534	0.002142	8.649756	
0.161516	0.931275	0.783736	0.840368	5.022978	
0.761138	0.000592	0.000001	0.000408	8.759703	
0.348447	0.002899	0.000000	0.000000	9.700271	
0.000288	0.000099	0.289506	0.002142	9.592794	
0.022498	0.000202	0.956830	0.631997	8.211109	
0.330240	0.871154	0.028513	0.001223	7.936344	
0.010793	0.282889	0.000024	0.335273	9.251801	
0.000326	0.000553	0.000013	0.763829	8.637364	
0.757925	0.275727	0.000001	0.000408	8.255164	
0.023168	0.008452	0.274520	0.333505	9.211538	
0.859700	0.036500	0.851779	0.834899	4.901850	
0.022498	0.056277	0.924262	0.631997	7.946912	
0.845710	0.237175	0.853074	0.137516	5.982466	
0.637865	0.021796	0.032003	0.909683	7.872800	
0.012970	0.665841	0.659423	0.029362	8.682897	
0.714001	0.927408	0.837706	0.796001	4.246705	
0.783795	0.927108	0.788698	0.142931	5.214052	
0.146685	0.260423	0.925719	0.002142	7.908945	
0.139777	0.873994	0.859919	0.207169	5.951702	
0.892107	0.048034	0.015194	0.667566	7.590806	
0.282363	0.000222	0.020394	0.038997	9.596273	
0.227168	0.878159	0.217413	0.863222	6.013984	
0.821782	0.800237	0.886096	0.109774	4.936720	
0.915618	0.765187	0.794734	0.122465	5.282899	
0.087411	0.876201	0.000849	0.309336	7.792780	
0.917058	0.777343	0.111611	0.844042	5.102576	
0.161516	0.931275	0.783736	0.858673	5.008827	
0.826578	0.239804	0.884423	0.909876	4.669648	
0.646077	0.000108	0.676284	0.002644	8.795073	
0.927621	0.000380	0.661973	0.055617	7.777626	
0.011239	0.632608	0.000024	0.869254	7.870712	
0.915526	0.036500	0.819934	0.834899	5.079486	
0.001055	0.000284	0.768449	0.002147	8.737641	
0.846725	0.237175	0.853074	0.146243	5.917450	
0.150866	0.789842	0.938674	0.761866	5.381644	
0.809533	0.782516	0.117918	0.864800	5.017638	
0.000288	0.007888	0.116915	0.002142	9.769937	
0.172685	0.930379	0.783378	0.093361	6.537429	
0.854821	0.879173	0.125700	0.796001	4.845660	
0.281665	0.245683	0.884423	0.909876	5.907485	
0.326063	0.000049	0.000001	0.248767	9.229106	
0.146467	0.768857	0.784903	0.905388	5.303186	
0.000000	0.265679	0.000000	0.000000	9.592238	
0.022382	0.840351	0.019998	0.112844	8.096927	
0.917058	0.777498	0.076727	0.816242	5.243436	
0.000004	0.000049	0.000001	0.248767	9.574274	
0.105003	0.000099	0.289506	0.002142	9.402148	
0.033843	0.005583	0.631309	0.921229	8.011193	
0.296577	0.254118	0.000000	0.000000	9.179407	
0.916398	0.721680	0.011867	0.032475	7.300397	
0.864001	0.884487	0.215986	0.207759	5.883766	
0.021738	0.000286	0.007488	0.002142	9.964424	
0.857061	0.238869	0.853074	0.139405	5.920145	
0.282442	0.245603	0.884423	0.918285	5.975791	
0.098957	0.003611	0.282389	0.013338	9.415514	
0.352294	0.002899	0.020179	0.111730	9.514330	
0.923073	0.000286	0.760534	0.004262	7.112762	
