0.675538	0.522830	0.770242	0.199603	
0.521192	0.400058	0.899843	0.365627	
0.345665	0.250160	1.057501	0.010396	
1.038429	0.141471	0.006407	0.646919	
0.020121	0.898282	0.523051	0.985688	
0.107481	0.191774	1.154090	0.409025	
0.167946	1.583289	0.226631	0.003375	
0.005528	0.702727	0.187184	1.026725	
0.490029	0.522429	1.049285	0.232588	
0.016263	0.726062	0.727750	0.974754	
1.103683	0.153713	0.000620	0.171885	
1.117039	0.109732	0.006862	0.403634	
0.013400	1.107690	0.650818	0.233764	
0.600737	1.379019	0.059425	0.014470	
0.278405	1.408428	0.470612	0.008365	
0.057344	1.620291	0.016038	0.039257	
0.842684	0.905568	0.009043	0.417565	
0.022660	0.001841	1.536267	0.002973	
0.826507	0.013373	1.120339	0.016817	
1.207819	0.022144	0.003334	0.408445	
0.231361	0.017628	1.257357	0.005636	
1.370700	0.013572	0.143190	0.052535	
0.283586	0.400157	0.033682	1.051901	
0.644369	0.004326	1.005267	0.502990	
0.037971	1.122828	0.009069	0.777367	
0.008579	0.006319	0.665258	0.986781	
0.034046	0.472348	1.232934	0.037992	
0.259543	0.630317	1.107227	0.005635	
0.000119	0.009066	1.222073	0.439481	
0.000043	0.002807	0.218470	1.524291	
0.212745	0.587818	0.286908	0.978760	
0.611171	0.146916	0.018206	0.932650	
0.599899	0.020460	0.785540	0.756756	
1.024389	0.338290	0.050757	0.304585	
0.969761	0.003887	0.000495	0.834474	
0.404914	0.637547	0.702463	0.744085	
0.277055	0.051115	0.593626	0.938293	
0.777415	0.562246	0.849365	0.009922	
0.005070	0.997471	1.206868	0.339127	
1.013150	0.786684	0.275670	0.007708	
0.721227	0.569379	0.197481	0.810940	
0.004210	0.015286	0.735293	0.908823	
1.239022	0.024507	1.006572	0.008413	
0.581460	0.019455	0.976512	0.321806	
0.135659	1.349357	0.342384	0.008719	
0.002915	1.396534	0.095403	0.448171	
0.277047	0.972717	0.958580	0.033739	
0.031973	0.646013	1.057923	0.450003	
0.541294	0.060227	0.287469	0.998830	
0.008252	1.285370	0.113666	0.491855	
1.171973	0.247369	0.992425	0.002855	
0.007204	0.717423	0.022731	1.064608	
0.627971	0.884629	0.247675	0.557777	
0.021035	1.219232	1.000305	0.022155	
1.407401	0.203603	0.007084	0.015631	
0.494107	0.880419	0.001557	0.843872	
0.177702	0.066620	1.037601	0.829562	
0.670920	0.272390	0.589769	0.893383	
0.426967	0.564452	0.041062	1.010564	
1.050082	0.632255	0.052879	0.241686	
0.000595	0.000005	1.231441	0.798693	
1.358150	0.601108	0.477740	0.001608	
0.590894	0.446012	0.645727	0.601805	
0.558280	0.594655	0.921829	0.009382	
0.020426	1.322823	0.188314	0.061960	
0.697647	0.002796	0.000356	0.991651	
0.185530	1.483106	0.062049	0.005021	
1.046829	0.011421	0.108249	0.527553	
0.011026	0.931636	0.879774	0.624551	
0.019610	0.295499	1.089461	0.733125	
0.005558	1.447999	0.072093	0.163580	
0.517121	0.204956	0.932173	0.665001	
1.290080	0.141998	0.116920	0.007618	
0.287383	0.486580	0.502081	0.906839	
0.957375	0.024508	0.575390	0.331446	
0.034793	1.117528	0.590145	0.034297	
0.068132	1.298729	0.124326	0.283386	
0.452227	0.806892	0.204180	0.777337	
0.217101	0.333511	1.034490	0.701891	
0.814108	0.892031	0.019233	0.208251	
0.711792	0.959773	0.268594	0.058076	
0.569994	0.410025	0.187024	1.025850	
1.083963	0.124153	0.573897	0.032475	
0.817887	0.592310	0.058588	0.872773	
0.029579	0.410381	1.070435	0.346441	
1.023902	0.114035	0.543777	0.757508	
0.751344	0.025625	0.966931	0.260121	
1.319218	0.036828	0.027144	0.027013	
0.574919	0.036865	0.522410	1.057485	
0.861287	0.015930	0.815351	0.574341	
0.037920	0.003846	1.338943	0.151611	
0.035958	1.063305	0.030638	0.987437	
0.000396	0.002164	0.000646	1.626359	
1.105348	0.365025	0.054769	0.018996	
0.577708	0.779646	0.744385	0.015762	
0.007440	1.018907	0.271403	0.737082	
1.108669	0.005296	0.029046	0.141918	
0.045176	0.603251	0.537469	0.973268	
0.444065	0.871945	0.750639	0.236133	
1.028359	0.743735	0.001855	0.009827	
0.005242	0.347179	1.542205	0.009516	
0.980949	0.022458	0.000431	0.846605	
0.003149	0.619559	0.749622	1.345039	
0.103313	0.937481	1.003699	0.020155	
1.035679	0.116520	0.030185	0.718037	
0.083910	0.347873	1.386798	0.038363	
0.551967	0.392698	0.600178	0.731307	
0.223167	0.541975	0.952044	0.087604	
0.755010	0.809913	0.248889	0.065453	
0.033651	0.722772	0.092189	0.865917	
0.440038	0.332067	0.926088	0.660236	
0.620578	0.441405	1.302245	0.001789	
0.057852	0.595483	0.876432	0.192265	
0.074675	1.284145	0.065658	0.446126	
0.659875	0.506508	1.138656	0.005271	
0.000796	0.051544	1.175523	0.932771	
0.006530	0.542452	0.037255	1.105052	
0.373344	0.023940	0.657682	1.028861	
0.972054	0.703481	0.128731	0.014296	
0.039863	0.004019	1.399824	0.006499	
0.452941	0.083616	0.970504	0.688603	
0.027289	0.035751	1.291787	0.140363	
0.029320	1.310525	0.767901	0.045498	
0.000119	0.009044	1.219140	0.593136	
0.769149	0.000398	0.063057	1.143719	
0.229123	0.823500	0.869230	0.422265	
0.007938	0.718469	1.204467	0.255165	
0.068753	1.074064	0.668100	0.228587	
0.008661	0.702607	1.177893	0.442566	
0.759998	0.549650	0.728319	0.253820	
0.113580	1.129739	0.050958	0.033304	
0.538188	0.711487	0.684359	0.473632	
0.576694	0.424815	0.011633	1.062452	
0.856645	0.013832	1.121233	0.013812	
0.016184	1.010596	0.301185	0.843395	
0.218875	0.065494	1.500331	0.004902	
1.072687	0.776834	0.076841	0.005673	
1.367798	0.005186	0.078924	0.295706	
0.003099	1.484971	0.083003	0.286196	
0.530744	0.740431	0.760321	0.499845	
0.056053	0.748494	0.666874	0.811281	
1.130459	0.002244	0.083122	0.383978	
0.751648	0.595459	0.055635	0.825955	
0.741002	0.587000	0.203164	0.775020	
0.545186	0.986989	0.635431	0.087375	
0.060555	1.154290	0.120432	0.594710	
0.063145	1.743151	0.182744	0.027214	
0.590223	0.780276	0.056762	0.845571	
0.390110	0.509678	0.494339	0.974385	
0.093556	1.455518	0.014428	0.035315	
0.867098	0.012189	0.836415	0.262159	
0.490029	0.522429	1.049285	0.232588	
1.747009	0.008975	0.068687	0.025592	
0.002359	0.906440	0.065840	0.848917	
0.843422	0.002575	1.103787	1.068430	
1.060182	0.656487	0.372159	0.005208	
1.086266	0.017283	0.031465	0.754301	
0.209827	0.322336	0.999828	0.732965	
0.516811	0.396695	0.891790	0.374124	
1.015444	0.735379	0.072740	0.547796	
1.509110	0.212287	0.088417	0.011300	
0.018943	0.001921	0.764252	1.089044	
0.580357	1.330303	0.076503	0.002415	
0.859465	0.611468	0.934533	0.001672	
0.000410	0.002175	0.000635	1.633266	
1.323625	0.011944	0.138271	0.080122	
0.003280	0.192127	0.837352	0.802480	
0.251925	0.696074	0.186890	1.086421	
1.143162	0.136673	0.550058	0.010548	
0.073241	0.052108	0.084973	1.186721	
0.993006	0.004744	0.897766	0.104896	
0.637351	0.017235	0.834402	0.531652	
1.646957	0.033859	0.305972	0.008829	
0.019884	0.005913	1.505901	0.015154	
0.734140	0.942273	0.105628	0.462195	
0.116252	0.008858	1.299165	0.008688	
0.305186	0.073362	0.563994	0.957281	
0.957784	0.046448	0.000700	0.827899	
0.725463	0.495963	0.644334	0.476300	
0.899943	1.063975	0.156081	0.002715	
0.047804	1.051293	0.061057	0.909541	
1.094216	0.112923	0.030326	0.746040	
0.187652	0.646210	0.363403	1.079704	
0.020477	1.326117	0.091081	0.046575	
0.016102	0.599816	0.981422	0.714704	
1.246584	0.017806	0.010270	0.124585	
0.009160	0.757169	1.203437	0.248508	
0.605637	0.064182	0.837373	0.639132	
0.993006	0.004744	0.897766	0.104896	
0.203197	0.312152	1.012336	0.738047	
0.499136	0.439270	0.910625	0.370008	
0.022572	1.318500	0.067848	0.248592	
0.000874	0.004775	0.001515	1.542193	
0.011220	1.059920	0.813136	0.154506	
0.959409	0.693868	0.634154	0.020317	
0.008279	1.216799	0.639017	0.150883	
0.153269	0.527809	0.489966	1.045670	
0.073241	0.052108	0.084973	1.186721	
0.452050	0.326934	0.494282	0.896461	
0.699608	0.004564	1.076352	0.163535	
