0.236552	0.098923	0.000327	0.164198	
0.235827	0.098877	0.081429	0.083867	
0.048720	0.286929	0.081660	0.082691	
0.240783	0.165538	0.010997	0.082682	
0.142933	0.268951	0.002243	0.085874	
0.000000	0.502652	0.000000	0.000000	
0.086307	0.000722	0.339638	0.084549	
0.168319	0.328970	0.002243	0.000468	
0.059118	0.001024	0.274096	0.165762	
0.227448	0.035571	0.154289	0.082691	
0.000092	0.165187	0.004606	0.330116	
0.332399	0.003257	0.081661	0.082682	
0.256709	0.004378	0.071845	0.167068	
0.067602	0.352932	0.079182	0.000284	
0.241354	0.159534	0.098275	0.000837	
0.181531	0.087652	0.067015	0.163802	
0.356026	0.060404	0.083570	0.000000	
0.000007	0.085307	0.332944	0.082879	
0.089665	0.307134	0.022357	0.080844	
0.074988	0.237744	0.017703	0.169565	
0.000230	0.414835	0.002253	0.082682	
0.001988	0.082434	0.413090	0.002488	
0.170183	0.072418	0.000247	0.257152	
0.339837	0.003622	0.001452	0.166099	
0.011446	0.149031	0.348868	0.002077	
0.000000	0.000000	0.500000	0.000000	
0.137158	0.009204	0.028722	0.324916	
0.257908	0.233897	0.005827	0.002380	
0.081868	0.417974	0.000002	0.000156	
0.000057	0.416373	0.083570	0.000000	
0.084937	0.157167	0.016230	0.241666	
0.008320	0.239205	0.004160	0.248314	
0.009398	0.182473	0.046246	0.261883	
0.057173	0.105792	0.011139	0.325897	
0.019459	0.091459	0.027779	0.361303	
0.086334	0.001496	0.400279	0.011891	
0.000000	0.000010	0.247677	0.252313	
0.500000	0.000000	0.000000	0.000000	
0.326430	0.172141	0.001137	0.000292	
0.018751	0.098001	0.060411	0.468912	
0.418365	0.002087	0.078951	0.000597	
0.000016	0.069521	0.257230	0.173243	
0.000000	0.329519	0.000082	0.170408	
0.000000	0.000000	0.119343	0.380657	
0.251932	0.001475	0.001021	0.245584	
0.336451	0.061595	0.016234	0.085720	
0.172477	0.175074	0.064202	0.088247	
0.090045	0.166881	0.084609	0.158465	
0.343335	0.023732	0.125902	0.007031	
0.004225	0.302194	0.182673	0.010908	
0.110822	0.082810	0.049464	0.256904	
0.176818	0.003870	0.065026	0.254286	
0.000000	0.000000	0.000000	0.500000	
0.000222	0.000122	0.166610	0.333045	
0.172140	0.156481	0.000066	0.171312	
0.106138	0.012375	0.000829	0.380657	
0.005802	0.329839	0.083040	0.081318	
0.000000	0.000017	0.417545	0.082437	
0.007189	0.253913	0.067951	0.170948	
0.430093	0.067497	0.001942	0.000468	
0.416333	0.000078	0.000086	0.083503	
0.247247	0.065745	0.186540	0.000468	
0.000001	0.000013	0.333640	0.166346	
0.006091	0.000939	0.168054	0.324916	
0.201395	0.134247	0.083040	0.081318	
0.321762	0.169679	0.008267	0.000292	
0.010976	0.254293	0.064026	0.170705	
0.121870	0.226584	0.001371	0.161186	
0.394059	0.020379	0.000041	0.085520	
0.086730	0.000299	0.339641	0.084546	
0.073950	0.377547	0.000002	0.048501	
0.096095	0.012745	0.028267	0.362893	
0.139659	0.358864	0.000052	0.001426	
0.356026	0.060404	0.083570	0.000000	
0.291466	0.122205	0.002463	0.083867	
0.000020	0.000000	0.244378	0.255603	
0.216443	0.039740	0.002386	0.241431	
0.149219	0.108235	0.076857	0.165689	
0.237318	0.100016	0.000346	0.162321	
0.004386	0.361897	0.131926	0.001792	
0.256572	0.165387	0.011420	0.066621	
0.008634	0.392253	0.098275	0.000837	
0.171611	0.156000	0.001459	0.170930	
0.137568	0.254556	0.026322	0.081555	
0.245751	0.038434	0.133124	0.082691	
0.369095	0.001991	0.127764	0.001151	
0.092369	0.170053	0.067377	0.170201	
0.001093	0.000655	0.332494	0.165758	
0.476678	0.017900	0.000001	0.005421	
0.002083	0.068717	0.379737	0.049464	
0.226264	0.106599	0.082353	0.084784	
0.000074	0.134243	0.033879	0.331803	
0.008557	0.485074	0.005901	0.000468	
0.266845	0.133829	0.097900	0.001426	
0.437124	0.056210	0.006510	0.000156	
0.009613	0.125156	0.362420	0.002812	
0.000230	0.414826	0.002253	0.082691	
0.257773	0.004396	0.072143	0.165689	
0.000000	0.069426	0.257340	0.173243	
0.052211	0.319248	0.128257	0.000284	
