0.352036	0.143147	0.001231	0.003598	
0.427973	0.006717	0.000008	0.065314	
0.081464	0.417558	0.000012	0.000980	
0.188136	0.000288	0.240352	0.071226	
0.046650	0.411074	0.000161	0.042128	
0.183058	0.259355	0.057321	0.000269	
0.224568	0.165343	0.057896	0.052204	
0.005446	0.418547	0.075654	0.000367	
0.085471	0.000008	0.414523	0.000000	
0.004301	0.294060	0.000786	0.200866	
0.000025	0.360472	0.000691	0.138824	
0.058961	0.179293	0.261451	0.000307	
0.000011	0.164388	0.204878	0.130725	
0.061960	0.271780	0.054819	0.111454	
0.005700	0.276117	0.169655	0.049076	
0.183657	0.015005	0.300996	0.000356	
0.000000	0.000000	0.500018	0.000000	
0.426890	0.000654	0.072389	0.000081	
0.167763	0.001110	0.083041	0.248098	
0.170466	0.000251	0.170669	0.158628	
0.000039	0.003134	0.250445	0.246395	
0.168112	0.013516	0.001608	0.316766	
0.061532	0.188589	0.001511	0.248382	
0.265507	0.165447	0.000395	0.068669	
0.012095	0.251396	0.070442	0.166079	
0.074887	0.000817	0.343574	0.080734	
0.050224	0.448436	0.001272	0.000086	
0.000017	0.356255	0.143099	0.000643	
0.137538	0.360856	0.000008	0.001611	
0.065473	0.200043	0.062959	0.171540	
0.089835	0.033011	0.000305	0.376866	
0.000028	0.419544	0.000709	0.079721	
0.001097	0.287229	0.115808	0.095880	
0.000142	0.358434	0.053336	0.088105	
0.038352	0.358471	0.102834	0.000356	
0.000087	0.001808	0.166635	0.331483	
0.267307	0.000402	0.065988	0.166316	
0.108626	0.268673	0.118839	0.003864	
0.000016	0.419219	0.041228	0.039549	
0.143175	0.183717	0.054779	0.118331	
0.132702	0.175446	0.000552	0.191313	
0.162567	0.272122	0.000008	0.065314	
0.089843	0.001336	0.241878	0.166957	
0.613080	0.631567	0.000000	0.000000	
0.049819	0.294772	0.106883	0.048540	
0.003059	0.172309	0.001076	0.323558	
0.000017	0.171201	0.328698	0.000086	
0.000121	0.462740	0.000000	0.037153	
0.267333	0.178360	0.053323	0.000998	
0.000014	0.368483	0.087335	0.044180	
0.001960	0.284377	0.212687	0.000994	
0.352601	0.005804	0.141609	0.000000	
0.155872	0.142282	0.201850	0.000000	
0.247315	0.013904	0.000240	0.238559	
0.110029	0.351982	0.031728	0.006263	
0.044238	0.368414	0.000145	0.087217	
0.341627	0.003222	0.083480	0.071673	
0.102687	0.012311	0.142554	0.242461	
0.218235	0.145603	0.131575	0.004601	
0.000434	0.462767	0.036805	0.000011	
0.073566	0.183149	0.115568	0.127730	
0.000000	0.000000	0.000000	0.500012	
0.004119	0.181111	0.124082	0.190700	
0.053376	0.291494	0.153493	0.001654	
0.000682	0.009258	0.079185	0.410877	
0.086616	0.000021	0.082605	0.330760	
0.001578	0.172823	0.062733	0.262880	
0.002774	0.154182	0.278130	0.064916	
0.058129	0.278899	0.000030	0.162955	
0.000001	0.003422	0.331527	0.165053	
0.112225	0.279043	0.000202	0.108545	
0.500012	0.000000	0.000000	0.000000	
0.106073	0.339293	0.002687	0.051960	
0.105130	0.298221	0.046852	0.049799	
0.072158	0.190398	0.181201	0.056255	
0.150563	0.153200	0.121718	0.074532	
0.000000	1.300997	0.000000	0.000000	
0.266837	0.011592	0.221575	0.000009	
0.058522	0.358660	0.040054	0.042777	
0.250819	0.000275	0.165684	0.083224	
0.000012	0.000643	0.415538	0.083820	
0.041692	0.416981	0.038923	0.002416	
0.204703	0.186655	0.000188	0.108466	
0.358661	0.002415	0.000112	0.138824	
0.072464	0.372085	0.051637	0.003816	
0.003048	0.171663	0.001734	0.323558	
0.000019	0.494224	0.002980	0.002790	
0.070306	0.025835	0.320226	0.083646	
0.000033	0.004157	0.330759	0.165053	
0.003919	0.181742	0.123652	0.190700	
0.000006	0.001257	0.459342	0.039412	
0.182101	0.257999	0.057021	0.002880	
0.109721	0.389301	0.000012	0.000980	
0.042445	0.415279	0.000161	0.042128	
0.004055	0.430635	0.000008	0.065314	
0.089471	0.372347	0.037774	0.000421	
0.102844	0.012153	0.142554	0.242461	
0.125976	0.010174	0.204022	0.159841	
0.401022	0.032612	0.064500	0.001883	
0.157461	0.129846	0.194507	0.018201	
