0.384686	0.604118	1.112982	0.417627	
0.069352	0.069293	0.098126	0.990918	
0.495236	0.556801	1.182376	0.000000	
0.276235	0.697779	1.897270	0.431967	
0.417293	0.645929	2.063345	0.000000	
0.228087	0.732646	2.983590	0.494667	
0.741631	0.222720	2.579623	0.000045	
0.340939	0.676174	1.503153	0.000000	
0.486760	0.357360	0.853021	0.730367	
0.137206	0.138583	0.197072	0.967810	
0.648772	0.340112	1.585856	0.508289	
0.223222	0.745087	2.585327	0.012659	
0.662851	0.248480	1.908389	0.865618	
0.614077	0.478641	0.895146	0.009412	
0.611428	0.385942	1.144374	0.339876	
0.127480	0.126975	0.180632	0.969584	
0.496599	0.644102	0.877746	0.000527	
0.198465	0.198540	0.280893	0.918183	
0.204213	0.750537	3.346433	0.156678	
0.282164	0.270160	0.408291	0.860000	
0.469929	0.464215	0.668821	0.363848	
0.000000	0.000000	0.000000	1.000487	
0.255603	0.653996	1.798600	0.851341	
0.735057	0.217960	2.914409	0.490136	
0.356671	0.479747	0.822064	0.726178	
0.356122	0.619458	1.375877	0.534503	
0.687471	0.345425	1.522895	0.000000	
0.032581	0.032590	0.046097	0.998068	
0.710126	0.271370	1.967182	0.437111	
0.109435	0.109093	0.154942	0.978010	
0.276712	0.697516	1.893102	0.431141	
0.129411	0.128871	0.183449	0.968920	
0.255607	0.654005	1.798596	0.851341	
0.034920	0.034903	0.049396	0.997869	
0.479635	0.465262	0.688882	0.344746	
0.358354	0.617420	1.340605	0.520267	
0.734815	0.218566	2.903552	0.488426	
0.496785	0.638661	0.870998	0.000212	
0.699683	0.350837	1.519590	0.000000	
0.225848	0.744065	2.551531	0.001326	
0.356419	0.668163	1.478556	0.001783	
0.657912	0.334381	1.491365	0.413508	
0.738855	0.229317	2.493693	0.008197	
0.494133	0.561076	1.193564	0.000039	
0.628485	0.476350	0.920789	0.000529	
0.401972	0.577253	1.002622	0.412665	
0.366427	0.492608	0.818065	0.714781	
0.137546	0.137992	0.195566	0.963636	
0.115338	0.115505	0.163850	0.975384	
0.171712	0.171836	0.243204	0.939844	
0.492155	0.364750	0.807245	0.708171	
0.663790	0.248200	1.915439	0.862856	
0.274221	0.273352	0.388469	0.838683	
0.206389	0.737158	3.018543	0.550944	
0.612031	0.399539	1.109811	0.283711	
0.694085	0.283977	1.834640	0.410795	
0.068486	0.068582	0.097139	0.991984	
0.000000	0.000000	0.000000	1.000511	
0.413877	0.593149	1.037009	0.261013	
0.698516	0.351993	1.511429	0.000000	
0.749885	0.208286	3.267301	0.005427	
0.256235	0.653664	1.793014	0.849035	
0.614046	0.478948	0.895584	0.009415	
0.099976	0.099465	0.141761	0.983207	
0.621630	0.352078	1.372182	0.533354	
0.357860	0.484976	0.835565	0.719979	
0.340355	0.677835	1.516752	0.000000	
0.000000	0.000000	0.000000	1.001168	
0.206031	0.737425	3.022760	0.548279	
0.188446	0.755494	3.352988	0.005562	
0.183824	0.183054	0.260511	0.932847	
0.571053	0.380226	1.021998	0.523913	
0.239353	0.241337	0.343045	0.882392	
0.734529	0.217234	2.905902	0.505328	
0.496634	0.643121	0.876522	0.000214	
0.492090	0.364706	0.807308	0.708173	
0.479730	0.569669	1.174253	0.000000	
0.720116	0.245990	2.217091	0.448120	
0.035174	0.035184	0.049766	0.997716	
0.269418	0.700191	1.950563	0.472202	
0.137954	0.137552	0.195388	0.963141	
0.358740	0.617883	1.339721	0.520095	
0.479231	0.465730	0.688850	0.344747	
0.652122	0.256131	1.802620	0.868192	
0.116667	0.116560	0.165069	0.973004	
0.257136	0.684797	1.978566	0.727446	
0.479640	0.615756	0.895096	0.000212	
0.667982	0.353595	1.457415	0.000000	
0.044100	0.044055	0.062407	0.996837	
0.344868	0.616943	1.401416	0.603022	
0.343660	0.674231	1.485892	0.000000	
0.174311	0.737443	3.245352	0.785885	
0.756544	0.183256	3.307137	0.001194	
0.249366	0.716540	2.172659	0.457029	
0.462210	0.462866	0.655604	0.381033	
0.734918	0.218309	2.908156	0.489152	
0.358419	0.484324	0.832680	0.718266	
0.611714	0.483860	0.893608	0.000212	
0.400989	0.578385	1.007480	0.414077	
0.148939	0.148042	0.211356	0.958987	
0.582745	0.410100	1.076566	0.375656	
0.285055	0.279928	0.407455	0.836641	
0.038236	0.038218	0.054091	0.997432	
0.611097	0.399114	1.115939	0.254918	
0.708708	0.274628	2.123233	0.366789	
0.231339	0.741581	2.479953	0.010338	
0.000000	0.000000	0.000000	1.001168	
0.534470	0.353161	0.973288	0.683658	
0.644085	0.265679	1.695067	0.835050	
0.481881	0.568050	1.147740	0.000000	
0.110050	0.110143	0.155842	0.976030	
0.169907	0.169030	0.240915	0.944030	
0.526870	0.484291	0.782325	0.002110	
0.618620	0.320322	1.378512	0.657142	
0.339260	0.544649	1.032258	0.724860	
0.682074	0.324062	1.596786	0.202841	
0.336929	0.689267	1.554766	0.006392	
0.032581	0.032590	0.046097	0.998068	
0.254544	0.707729	2.091079	0.491321	
0.741420	0.223234	2.572778	0.000045	
0.612052	0.386473	1.145253	0.333504	
0.644229	0.265931	1.694391	0.833046	
0.056891	0.056921	0.080524	0.993874	
0.393341	0.614075	1.140254	0.280354	
0.746700	0.182648	3.217000	0.521687	
0.705422	0.266435	2.109410	0.464299	
0.239353	0.241337	0.343045	0.882392	
0.110073	0.110101	0.155729	0.975635	
0.188477	0.755456	3.352187	0.005561	
0.198232	0.198942	0.281885	0.920003	
0.192721	0.744170	3.026984	0.469426	
0.138162	0.137434	0.195919	0.964613	
0.000000	0.000000	0.000000	1.691422	
0.337577	0.660986	1.501565	0.361080	
0.466149	0.465235	0.660077	0.365309	
0.509230	0.372576	0.861856	0.637013	
0.233737	0.693703	2.166779	0.784489	
0.479798	0.614914	0.893626	0.000212	
0.605391	0.410534	1.118431	0.240103	
0.612052	0.483809	0.894213	0.000212	
0.138171	0.137429	0.195942	0.964676	
0.531484	0.390134	0.856941	0.622531	
0.034826	0.034847	0.049299	0.997984	
0.260032	0.680293	1.905762	0.699798	
0.109938	0.110349	0.156389	0.977955	
0.740911	0.226232	2.535728	0.000064	
0.474995	0.478511	0.679225	0.305834	
0.367006	0.515859	0.893039	0.652841	
0.654144	0.369476	1.330432	0.000340	
0.737050	0.172942	3.231974	0.803262	
0.198112	0.732819	2.884285	0.659416	
0.716547	0.266432	2.162711	0.285453	
0.649384	0.356830	1.348626	0.293571	
0.672629	0.259706	1.906295	0.774728	
0.353097	0.668432	1.462571	0.000000	
0.239390	0.241269	0.342856	0.882118	
0.166691	0.166209	0.236127	0.944918	
0.188483	0.755481	3.352181	0.005561	
0.000000	0.000000	0.000000	1.213705	
0.291851	0.674938	1.701146	0.544305	
0.381732	0.614699	1.177964	0.350647	
0.453160	0.572697	0.934498	0.000212	
0.317503	0.663246	1.835714	0.585291	
0.101509	0.101475	0.143569	0.979463	
0.462186	0.462925	0.655815	0.381102	
0.214911	0.726269	2.620796	0.603155	
0.453643	0.572316	0.946172	0.000000	
0.230558	0.695224	2.202645	0.796201	
0.138674	0.137141	0.197234	0.968259	
0.089158	0.088805	0.126344	0.986585	
0.115338	0.115505	0.163850	0.975384	
0.231769	0.739333	2.613287	0.007205	
0.382181	0.623785	1.195940	0.291318	
0.744410	0.199200	2.940032	0.387272	
0.572887	0.332252	1.146273	0.703757	
0.741354	0.223393	2.570656	0.000045	
0.359835	0.482659	0.825394	0.713944	
0.221307	0.222933	0.316702	0.900834	
0.572891	0.382417	1.023548	0.510313	
0.198332	0.198980	0.281924	0.919814	
0.000000	0.000000	0.000000	1.000993	
0.296220	0.689621	1.902200	0.432944	
0.336802	0.689367	1.555634	0.006394	
0.592904	0.444761	1.000127	0.080217	
0.380088	0.593052	1.184084	0.493645	
0.599424	0.298067	1.353263	0.802615	
0.632361	0.312021	1.436628	0.634330	
0.701876	0.310163	1.734449	0.006763	
0.034831	0.034847	0.049295	0.997894	
0.448917	0.577272	0.937668	0.000213	
0.386682	0.367508	0.561220	0.684443	
0.331779	0.690847	1.799974	0.007095	
0.205876	0.750813	3.317603	0.007168	
0.358591	0.646005	1.343167	0.333470	
0.641647	0.276610	1.693664	0.833048	
0.382181	0.623785	1.195940	0.291318	
0.229201	0.719809	2.384138	0.552947	
0.530508	0.425257	0.877195	0.434813	
0.211491	0.215404	0.307654	0.915905	
0.240605	0.241757	0.342902	0.879147	
