0.736891	0.235350	2.424323	0.000001	
0.654744	0.254573	1.807492	0.853808	
0.087150	0.086758	0.123786	0.988962	
0.000000	0.000000	0.000000	1.000271	
0.575702	0.417929	0.979420	0.316178	
0.673584	0.356792	1.421903	0.000177	
0.250383	0.654562	1.837156	0.882769	
0.704889	0.285543	1.864339	0.346788	
0.410284	0.659317	2.116138	0.000000	
0.733693	0.202854	2.827410	0.609020	
0.347938	0.672860	1.464301	0.000713	
0.218115	0.217267	0.309094	0.902683	
0.632143	0.364011	1.268959	0.382718	
0.551252	0.468222	0.849153	0.000000	
0.362829	0.494749	0.830515	0.698380	
0.180825	0.757278	3.259954	0.000503	
0.278495	0.277434	0.395001	0.834044	
0.231877	0.808412	2.683145	0.000000	
0.177803	0.177608	0.251660	0.935577	
0.456389	0.592992	1.257880	0.000000	
0.198429	0.739689	2.855314	0.497011	
0.121998	0.121600	0.172936	0.972384	
0.480587	0.478558	0.681817	0.286250	
0.462412	0.568535	0.887088	0.000334	
0.752194	0.198666	3.195676	0.002617	
0.481616	0.365068	0.798061	0.686153	
0.276729	0.703292	1.918879	0.371371	
0.352663	0.641100	1.373572	0.404819	
0.148707	0.148516	0.210438	0.955607	
0.693576	0.336280	2.115459	0.000000	
0.340274	0.679443	1.511887	0.000006	
0.256145	0.650502	1.779189	0.864120	
0.273550	0.702301	1.929334	0.435216	
0.396541	0.329898	0.624299	0.833432	
0.748517	0.230078	2.519390	0.000001	
0.176595	0.176422	0.249865	0.936219	
0.578690	0.398580	1.021323	0.414541	
0.130305	0.130168	0.184456	0.966445	
0.467844	0.574272	1.106617	0.000000	
0.667388	0.355092	1.417768	0.001740	
0.737499	0.198235	3.077864	0.639067	
0.361738	0.627600	1.443732	0.494417	
0.652297	0.253906	1.798995	0.868365	
0.458752	0.574411	0.904933	0.000047	
0.205593	0.733332	2.827387	0.602763	
0.698526	0.292830	1.758201	0.500142	
0.348371	0.696406	2.234720	0.000000	
0.236025	0.237084	0.336041	0.883680	
0.032541	0.032609	0.046181	0.999456	
0.543247	0.477773	0.816825	0.006940	
0.118610	0.118978	0.168649	0.973800	
0.229822	0.810442	2.714802	0.000000	
0.450785	0.362034	0.721932	0.705367	
0.456510	0.463162	0.659927	0.400723	
0.182165	0.756743	3.242794	0.000356	
0.344443	0.501520	0.884317	0.742577	
0.236541	0.757710	2.471688	0.000001	
0.691226	0.279289	1.832654	0.524336	
0.228312	0.226756	0.324070	0.894714	
0.726460	0.211395	2.881649	0.693230	
0.411939	0.657376	2.075823	0.000000	
0.360469	0.614466	1.303969	0.519170	
0.663929	0.359870	1.399635	0.000005	
0.541525	0.474831	0.819565	0.000000	
0.449238	0.471921	0.687929	0.419393	
0.649610	0.256666	1.769050	0.865273	
0.482901	0.355285	0.818133	0.716951	
0.027866	0.027925	0.039537	0.999855	
0.194322	0.734465	2.885250	0.635968	
0.256932	0.650094	1.772312	0.861212	
0.460712	0.571252	0.895301	0.007363	
0.130288	0.130175	0.184401	0.966282	
0.351526	0.670910	1.440848	0.000006	
0.740061	0.227833	2.520053	0.010504	
0.617274	0.354098	1.284380	0.513044	
0.268291	0.705333	1.981122	0.446625	
0.355509	0.496212	0.850183	0.707893	
0.096270	0.095875	0.136567	0.984626	
0.469016	0.570995	1.076073	0.000000	
0.154059	0.154193	0.218157	0.951869	
0.182502	0.756728	3.227059	0.000499	
0.325220	0.375685	0.586062	0.810672	
0.455085	0.460782	0.656470	0.408924	
0.257239	0.649925	1.769616	0.860072	
0.573655	0.393548	1.016035	0.450202	
0.671422	0.349979	1.450925	0.000389	
0.063555	0.063497	0.089959	0.992746	
0.237575	0.721684	2.761721	0.600628	
0.351774	0.670717	1.439322	0.000006	
0.275101	0.706841	1.953126	0.325184	
0.176606	0.176416	0.249893	0.936279	
0.183375	0.756440	3.210180	0.000497	
0.751013	0.225037	2.586428	0.000001	
0.360296	0.491295	0.833663	0.698380	
0.145532	0.145416	0.205963	0.957469	
0.692050	0.280342	1.830383	0.516329	
0.236066	0.237080	0.336213	0.883940	
0.034291	0.034217	0.048565	0.999266	
0.236561	0.757698	2.471433	0.000001	
0.467826	0.551918	0.851385	0.010455	
0.652289	0.253920	1.798869	0.868312	
0.443305	0.617069	1.475529	0.000000	
0.536972	0.477834	0.806226	0.000000	
0.530761	0.328711	1.000366	0.798630	
0.350898	0.694301	2.191866	0.000000	
0.733889	0.202344	2.835766	0.610701	
0.336572	0.345911	0.495472	0.746561	
0.320690	0.660816	1.508459	0.469682	
0.234210	0.745104	2.458206	0.000388	
0.740257	0.244893	2.335401	0.000001	
0.620159	0.350723	1.305741	0.519725	
0.350713	0.670744	1.447019	0.000706	
0.255695	0.667886	1.965604	0.865630	
0.413912	0.654840	2.027523	0.000000	
0.454129	0.462535	0.661296	0.410629	
0.096238	0.096025	0.136255	0.982755	
0.447076	0.606747	1.391165	0.000000	
0.183375	0.756440	3.210180	0.000497	
0.532788	0.326761	1.011138	0.805078	
0.718935	0.236016	2.400791	0.530312	
0.651204	0.255916	1.781132	0.860835	
0.479164	0.540064	0.806496	0.000044	
0.177329	0.176004	0.251721	0.940126	
0.189193	0.190322	0.270018	0.929445	
0.384012	0.593216	1.150349	0.471715	
0.541953	0.474555	0.820892	0.000000	
0.691811	0.278326	1.840914	0.526382	
0.000000	0.000000	0.000000	1.000944	
0.192776	0.735018	2.911293	0.641345	
0.266771	0.702991	1.987066	0.447592	
0.125946	0.125807	0.178212	0.968480	
0.675659	0.349332	1.459713	0.000391	
0.370589	0.482321	0.804554	0.674404	
0.409369	0.581882	1.009800	0.343618	
0.034281	0.034222	0.048538	0.998953	
0.465044	0.579112	1.142742	0.000000	
0.387972	0.640698	1.257549	0.000000	
0.463134	0.567351	0.883553	0.004531	
0.701137	0.339072	1.561371	0.000001	
0.707712	0.254041	2.253742	0.556226	
0.186346	0.755447	3.153807	0.000488	
0.715088	0.278734	1.931319	0.396299	
0.370714	0.482168	0.803933	0.674055	
0.570382	0.460358	0.894690	0.000000	
0.256606	0.745414	2.234299	0.000001	
0.578346	0.398668	1.020147	0.415186	
0.209558	0.735441	2.684322	0.469252	
0.130147	0.130313	0.184409	0.966299	
0.415719	0.414450	0.589290	0.559551	
0.274775	0.705281	1.946965	0.351791	
0.268731	0.640291	1.669360	0.837556	
0.700497	0.319532	2.056420	0.000000	
0.054125	0.054096	0.076565	0.994471	
0.191943	0.189196	0.273566	0.933705	
0.661668	0.258896	1.827523	0.845668	
0.411281	0.657974	2.083991	0.000000	
0.441587	0.443217	0.628689	0.468512	
0.271052	0.711403	1.992023	0.341080	
0.251142	0.729216	2.238517	0.398057	
0.423245	0.608649	1.059905	0.012103	
0.701150	0.293659	1.800749	0.317695	
0.096284	0.095868	0.136570	0.984608	
0.725967	0.272500	2.126991	0.019281	
0.390342	0.471946	0.886465	0.729090	
0.620159	0.350723	1.305741	0.519725	
0.143820	0.143667	0.203605	0.958769	
0.234108	0.737065	2.441324	0.014061	
0.718423	0.227921	2.412442	0.582446	
0.295205	0.720147	1.863043	0.000001	
0.451249	0.467782	0.674980	0.414760	
0.524489	0.339845	1.009621	0.804190	
0.219155	0.216683	0.311809	0.907148	
0.642233	0.275053	1.749999	0.851775	
0.648519	0.377990	1.285561	0.001613	
0.264435	0.645439	1.716688	0.841859	
0.187813	0.754966	3.184260	0.000049	
0.451214	0.600662	1.329799	0.025947	
0.027862	0.027932	0.039557	1.000136	
0.351102	0.658613	1.399517	0.253681	
0.565138	0.457095	0.898405	0.000000	
0.412509	0.656705	2.062211	0.000000	
0.346874	0.626980	1.393968	0.540890	
0.278615	0.697141	1.898235	0.430050	
0.145375	0.145610	0.206152	0.957970	
0.659250	0.382661	1.284987	0.005742	
0.454852	0.461014	0.656715	0.409001	
0.651142	0.310023	1.575883	0.604488	
0.629842	0.334004	1.404271	0.561606	
0.027862	0.027932	0.039557	1.000136	
0.423837	0.599040	1.036143	0.130334	
0.301673	0.658902	1.779527	0.680789	
0.690291	0.281755	1.814506	0.514611	
0.194465	0.195610	0.277696	0.924926	
0.715697	0.245541	2.249007	0.488137	
0.369371	0.488732	0.856047	0.703870	
0.567326	0.464094	0.886328	0.000046	
0.204980	0.748767	2.835348	0.032497	
0.409585	0.644855	1.160357	0.000231	
0.451965	0.361422	0.724956	0.707425	
0.456380	0.592981	1.257856	0.008996	
