0.662743	0.379504	1.475063	0.000000	
0.614496	0.381227	1.386417	0.472889	
0.464563	0.495362	0.731578	0.324751	
0.675608	0.374680	2.373366	0.000000	
0.128567	0.128584	0.181858	0.966456	
0.436172	0.653432	1.489966	0.000000	
0.496634	0.375378	0.828170	0.641323	
0.339834	0.677152	1.509792	0.000019	
0.758007	0.178452	3.373129	0.012585	
0.033071	0.033105	0.046843	0.998479	
0.079238	0.080005	0.113128	0.993515	
0.748580	0.213683	3.308017	0.000003	
0.363162	0.683262	2.512163	0.000000	
0.734644	0.229258	3.274427	0.513401	
0.358620	0.527772	0.928953	0.703261	
0.686374	0.306111	1.707438	0.328816	
0.752433	0.235492	2.470383	0.000213	
0.183843	0.182465	0.261101	0.935415	
0.275466	0.932961	2.557630	0.000001	
0.247735	0.665894	1.907879	0.854813	
0.728263	0.172726	3.193862	0.938783	
0.213587	0.737415	2.673909	0.401535	
0.116413	0.116283	0.164732	0.973279	
0.196223	0.753124	3.255871	0.000005	
0.178584	0.732851	3.172493	0.829891	
0.282976	0.289820	0.413874	0.834786	
0.622814	0.409670	1.087048	0.365651	
0.355879	0.648437	1.436848	0.346179	
0.206418	0.208147	0.295529	0.915793	
0.658109	0.249205	1.869475	0.892870	
0.511483	0.495062	0.732804	0.002116	
0.485676	0.625891	0.892498	0.000000	
0.000000	0.000000	0.000000	1.000082	
0.344168	0.673795	1.482516	0.000016	
0.175384	0.174518	0.248666	0.939885	
0.246789	0.666394	1.916995	0.858421	
0.088178	0.088241	0.124849	0.984830	
0.741424	0.198373	2.915227	0.470108	
0.000000	0.000000	0.000000	1.000136	
0.745795	0.245480	2.345342	0.000203	
0.758004	0.178451	3.373117	0.015592	
0.224217	0.751301	2.592854	0.000001	
0.684026	0.363977	2.640566	0.000000	
0.615788	0.412094	1.085645	0.233146	
0.271837	0.269576	0.385697	0.845928	
0.507138	0.498730	0.718637	0.000108	
0.242508	0.739957	3.361595	0.015541	
0.508662	0.356719	0.885977	0.691869	
0.658217	0.251032	1.858026	0.880767	
0.727669	0.174859	3.172921	0.932944	
0.232305	0.731925	2.763903	0.414043	
0.672050	0.300051	1.660446	0.497633	
0.150377	0.149970	0.212935	0.955523	
0.390462	0.636174	1.218011	0.000014	
0.370764	0.677325	2.338237	0.000000	
0.405161	0.626107	1.086787	0.365638	
0.491732	0.602160	0.843289	0.000077	
0.214605	0.214637	0.303579	0.903309	
0.466960	0.467087	0.660657	0.357307	
0.690948	0.348279	1.497636	0.000000	
0.629205	0.360750	1.273420	0.392949	
0.364251	0.510819	0.917216	0.693495	
0.033065	0.033115	0.046867	0.998764	
0.183815	0.182481	0.261026	0.935262	
0.043991	0.044028	0.062294	0.996679	
0.758000	0.178454	3.372129	0.015587	
0.000000	0.000000	0.000000	1.713555	
0.258679	0.643951	1.728048	0.875489	
0.677248	0.372585	2.341636	0.000000	
0.666187	0.247310	1.911403	0.856218	
0.334789	0.335036	0.473998	0.742945	
0.213836	0.216636	0.308434	0.910611	
0.629957	0.405410	1.113856	0.372374	
0.490471	0.611814	0.857953	0.000078	
0.361590	0.513495	0.915101	0.688242	
0.155337	0.155352	0.219711	0.950572	
0.538562	0.338355	1.027234	0.741862	
0.727474	0.175458	3.160737	0.929547	
0.735181	0.220545	2.709253	0.406434	
0.617136	0.481148	0.914140	0.000081	
0.189624	0.754081	3.097775	0.000333	
0.217068	0.731645	3.165537	0.648379	
0.441430	0.583672	0.967981	0.000000	
0.651296	0.341640	1.483862	0.413118	
0.371654	0.673835	1.499748	0.000000	
0.377045	0.649023	1.664986	0.321913	
0.084583	0.084838	0.120161	0.987453	
0.474349	0.473413	0.671562	0.320199	
0.744494	0.223279	2.585369	0.015801	
0.677780	0.338883	1.515371	0.000002	
0.370764	0.677325	2.338237	0.000000	
0.223318	0.751740	2.605154	0.000023	
0.086701	0.086640	0.122656	0.985304	
0.285654	0.694622	1.845058	0.399312	
0.183898	0.756242	3.223064	0.000028	
0.371107	0.677050	2.330811	0.000000	
0.183708	0.182540	0.260739	0.934683	
0.727476	0.175452	3.160867	0.929583	
0.348978	0.670610	1.458749	0.000018	
0.610476	0.416317	1.063501	0.229706	
0.666187	0.247310	1.911403	0.856218	
0.757983	0.178446	3.373122	0.015592	
0.224825	0.224791	0.317977	0.893318	
0.372322	0.532482	0.930362	0.612069	
0.744068	0.224257	2.572249	0.015727	
0.270409	0.647099	1.757494	0.846275	
0.229655	0.748714	2.522656	0.000022	
0.588306	0.481123	1.188704	0.000000	
0.491272	0.603254	0.845855	0.000122	
0.728282	0.194286	2.871509	0.740560	
0.205967	0.742434	3.268638	0.484713	
0.482328	0.484353	0.687721	0.259995	
0.709397	0.266347	2.020938	0.382841	
0.609829	0.480121	0.896018	0.000126	
0.671262	0.379728	2.191221	0.000000	
0.000000	0.000000	0.000000	1.288496	
0.271732	0.269621	0.385464	0.845623	
0.521318	0.367895	0.906620	0.649538	
0.127973	0.128044	0.181179	0.967184	
0.450760	0.574445	0.931411	0.000000	
0.043990	0.044029	0.062296	0.996701	
0.671318	0.379662	2.192534	0.000000	
0.532974	0.369527	0.929440	0.628078	
0.150370	0.149963	0.212945	0.955523	
0.485878	0.596630	0.853632	0.000122	
0.694032	0.269501	1.917846	0.516146	
0.616184	0.443988	1.308145	0.000000	
0.269618	0.271877	0.386013	0.846363	
0.175384	0.174518	0.248666	0.939885	
0.417320	0.633838	1.561363	0.000000	
0.221850	0.736283	2.947415	0.439660	
0.693600	0.246574	2.084283	0.707662	
0.213611	0.216821	0.310492	0.914905	
0.251289	0.734301	2.824200	0.010640	
0.496279	0.484910	0.711982	0.218439	
0.745508	0.221325	2.612476	0.015954	
0.751689	0.183075	3.235252	0.362300	
0.607551	0.480556	0.891800	0.000126	
0.620311	0.399300	1.118721	0.304303	
0.224217	0.751301	2.592854	0.000022	
0.271546	0.692412	1.915778	0.524628	
0.393070	0.656075	1.817936	0.000000	
0.342487	0.679750	1.508579	0.000014	
0.043988	0.044033	0.062306	0.996790	
0.723295	0.188045	2.922835	0.863368	
0.225185	0.693165	2.375981	0.887388	
0.756999	0.181533	3.307314	0.022137	
0.358671	0.580062	1.163578	0.619248	
0.000000	0.000000	0.000000	1.482523	
0.128566	0.128586	0.181862	0.966468	
0.669162	0.382161	2.143105	0.000000	
0.677330	0.341171	1.502972	0.000029	
0.043977	0.044051	0.062351	0.997194	
0.391306	0.636032	1.219158	0.000000	
0.720795	0.194016	2.898580	0.867047	
0.491735	0.602123	0.843237	0.000077	
0.272493	0.709789	1.994417	0.308075	
0.705222	0.272824	1.959278	0.370168	
0.260299	0.724630	2.147635	0.027563	
0.308483	0.703931	1.750640	0.000016	
0.202376	0.749532	2.880306	0.000311	
0.485181	0.487210	0.690763	0.237442	
0.213785	0.216724	0.308665	0.910995	
0.182610	0.181467	0.259159	0.935454	
0.744494	0.223279	2.585369	0.015801	
0.296063	0.296604	0.419868	0.806534	
0.267917	0.726289	2.547054	0.009671	
0.368888	0.639199	1.345448	0.359290	
0.595658	0.413629	1.043373	0.338036	
0.362006	0.513039	0.912896	0.687068	
0.757620	0.179663	3.347645	0.012486	
0.570277	0.338742	1.089150	0.722522	
0.000000	0.000000	0.000000	1.007112	
0.652643	0.257695	1.777021	0.854450	
0.723941	0.227340	2.454482	0.521785	
0.564243	0.464152	0.876522	0.004974	
0.233023	0.696741	2.213167	0.758370	
0.456973	0.566415	1.175640	0.313979	
0.485676	0.625891	0.892498	0.000000	
0.000000	0.000000	0.000000	1.475538	
0.180140	0.733328	3.140650	0.804289	
0.377584	0.602264	1.153857	0.434154	
0.275249	0.645084	1.708934	0.811625	
0.295869	0.296457	0.419590	0.806935	
0.752164	0.204860	2.854331	0.017318	
0.728030	0.173742	3.195839	0.939334	
0.149984	0.150348	0.212936	0.955502	
0.671262	0.379728	2.191221	0.000000	
0.709689	0.275098	1.964111	0.276073	
0.505714	0.496770	0.722089	0.003543	
0.433460	0.594366	1.006439	0.000015	
0.334567	0.559983	1.104542	0.739115	
0.646665	0.269191	1.689614	0.817560	
0.667741	0.353797	1.448017	0.002256	
0.033056	0.033133	0.046915	0.999343	
0.583146	0.353816	1.125185	0.588458	
0.198017	0.752493	3.219184	0.000005	
0.266612	0.729149	2.108016	0.000073	
0.282424	0.713089	1.941510	0.025219	
0.348977	0.670610	1.458752	0.000018	
