0.390366	0.396201	3.770353	1.895334	3.270670	
0.063514	0.400130	2.948291	4.928519	0.003789	
4.769388	0.700698	0.707941	1.746788	1.494261	
3.402868	1.712302	3.674899	0.783099	0.018195	
4.229275	0.626370	3.140564	0.782728	0.003348	
0.762168	6.201477	1.666606	0.786648	0.001831	
1.999916	0.279282	0.289015	4.418999	3.540513	
0.147464	0.237039	1.951395	3.909266	3.374526	
1.608037	1.699493	0.346676	0.350735	4.774001	
5.190119	0.693790	1.927184	1.962076	0.039332	
0.310702	2.183686	0.313817	0.321480	5.081868	
3.088518	0.441693	0.465404	0.467038	4.527591	
4.778525	0.696117	1.779108	0.749701	1.559620	
3.621862	3.697367	0.743105	0.750838	1.565538	
1.717012	0.241882	3.762822	3.785824	0.000204	
0.704343	4.849143	0.708953	1.802156	1.456394	
3.961994	0.536778	0.541645	2.006292	3.703990	
0.079344	0.543367	3.854890	3.677446	1.464457	
1.743182	3.781539	1.874937	0.729345	1.792726	
0.697751	4.708826	1.815807	1.781597	0.000611	
1.423369	4.887281	0.773672	0.782429	0.015813	
3.319908	0.501346	1.801878	3.602090	0.020396	
1.703698	0.229530	5.345987	1.805076	0.000530	
1.466858	0.251723	3.789003	0.607381	3.357580	
4.067446	0.577766	0.581374	3.742872	0.034336	
0.267267	1.845053	0.286920	3.917110	3.354379	
1.507025	0.270605	0.311184	1.755861	4.776651	
2.515024	2.307048	2.647376	2.425508	2.182493	
3.800093	0.546681	2.171739	0.628546	3.477610	
2.001139	2.216874	0.472605	2.349407	3.643979	
0.016857	0.101487	0.678289	5.296017	3.005337	
5.131402	0.739018	0.747216	0.754044	1.473841	
4.530074	1.887552	0.730100	1.972931	0.007586	
0.235349	1.607827	1.772215	5.194431	0.000606	
0.521915	3.514488	1.998126	0.604898	3.383682	
0.747188	5.246451	0.754693	0.762321	1.265100	
0.636741	4.195810	3.028818	0.784953	0.001492	
0.484430	3.025336	0.478625	3.739987	1.455216	
0.000001	0.000000	0.000001	0.000001	5.233527	
0.389234	2.352424	0.373432	4.464497	0.006188	
3.556429	3.641739	0.729936	2.001458	0.036077	
2.033613	0.306438	2.183808	2.258025	4.034393	
0.637798	0.126263	4.421106	3.312682	0.071810	
5.283511	0.743924	0.749293	1.633978	0.000979	
2.154050	2.084746	4.574881	0.791517	0.034065	
1.054908	0.157183	5.156207	0.791039	0.006713	
0.229765	1.612777	1.791815	0.346440	4.982993	
2.139657	1.748370	2.120704	3.866601	0.056989	
1.850008	1.857427	3.954148	1.667175	0.022294	
0.504146	3.262571	1.751135	3.721412	0.032858	
4.596933	0.602366	2.676012	2.364936	1.948295	
0.509171	3.690561	4.016952	0.751773	1.626443	
0.025192	0.160608	1.117040	5.338763	0.006575	
1.803661	3.827285	1.944140	1.863958	0.054760	
0.065682	0.282208	1.948962	1.867648	4.583219	
1.603502	1.590860	0.351417	4.878887	0.000570	
2.025882	0.274564	2.160856	4.643027	2.028108	
0.120734	0.845992	5.248989	1.717919	0.000506	
0.581508	4.301505	2.550216	2.414689	1.743771	
0.176841	0.167733	1.540720	4.869681	1.414950	
0.399316	2.533124	4.340086	0.784186	0.008573	
0.456427	2.946392	0.461848	0.467955	4.099095	
1.774360	3.761055	0.607954	0.645744	3.349711	
4.700360	0.656950	0.665985	0.669535	2.932669	
5.060233	1.559441	0.781481	0.783748	0.020301	
1.309991	4.784640	1.606810	0.784415	0.018320	
4.894013	1.934494	0.755791	0.763515	1.216338	
0.709034	4.704298	1.511486	0.758487	1.455711	
0.283107	1.884735	1.898159	4.152052	1.822741	
2.003607	2.030996	2.243467	0.543301	3.804049	
1.761927	5.358377	0.748342	1.759063	0.014896	
0.032217	0.195161	0.296998	2.186911	5.065671	
0.975185	0.188489	0.172661	4.778340	1.369226	
0.162131	1.054295	0.181998	4.898490	1.462434	
0.056141	0.454566	0.617697	6.308445	1.277587	
1.559510	0.214196	1.732501	5.260266	0.007721	
3.070761	4.855852	0.777071	0.783143	0.004562	
0.257778	1.357413	0.205821	2.599661	4.769211	
1.034886	0.143836	5.521541	0.752031	1.646827	
0.244515	0.216981	0.354633	3.586726	4.785123	
4.010119	0.541246	4.627989	0.759956	1.553260	
3.406204	0.510968	3.580008	1.790568	0.047831	
2.563795	0.398243	4.330986	0.790362	0.019086	
4.078626	2.233910	0.657096	2.414534	1.865233	
1.165120	0.166055	0.183131	5.423725	0.003608	
0.430044	3.110405	4.155219	1.780950	1.669812	
0.521539	2.465828	3.589308	0.640574	3.448238	
0.260982	1.694383	3.570984	3.604885	0.033151	
0.660848	0.281054	5.143461	1.688880	1.509598	
3.909176	1.179214	2.015709	0.729327	1.787738	
1.828674	1.831880	4.032536	0.749755	1.698696	
3.969427	2.327162	0.590518	0.595111	4.004186	
1.675972	3.501062	0.573359	3.650436	0.004953	
3.322349	0.483031	0.478205	4.119505	1.618955	
3.471344	1.816052	0.574049	3.670079	0.084932	
0.528250	3.650381	3.696777	1.807357	0.000626	
0.168884	1.147351	0.185940	5.244195	0.000158	
0.603398	4.342732	0.601627	3.692748	0.006767	
0.089929	0.666825	4.992903	0.679564	2.924804	
1.131357	0.203219	1.715683	0.333979	4.763056	
0.183963	0.737120	5.620041	1.442731	0.007969	
2.130022	0.295674	4.680241	1.852700	1.570539	
3.926844	2.139195	2.063776	1.962204	0.007431	
4.305819	2.864004	0.774453	0.782520	0.004230	
0.142416	0.900900	4.943112	0.784162	0.008549	
0.745918	5.840503	0.751636	1.746032	0.000962	
0.291677	1.994421	2.139900	2.215050	3.988499	
2.737111	0.392094	0.392950	4.812666	0.060905	
0.044926	0.228926	1.477435	0.236234	5.150679	
0.203016	1.348640	4.980213	0.764476	1.205418	
3.436124	3.725528	1.884002	0.782688	0.029280	
5.436101	0.751077	1.447560	0.782939	0.020456	
1.815609	1.883290	0.400914	4.069315	1.822961	
1.550168	4.768072	0.744463	0.752520	1.462936	
4.554777	1.564590	1.705613	0.783423	0.020114	
0.097625	0.760564	6.229622	0.804049	1.397738	
1.910662	3.785266	0.645177	2.267892	1.875006	
0.068465	0.501451	3.785202	0.510557	4.482601	
1.625317	3.638100	4.020595	0.783672	0.000450	
0.541490	4.027182	0.546230	1.975083	3.721208	
0.076318	0.553826	0.548410	5.804690	0.001371	
2.161331	0.318370	0.430883	0.318670	5.085746	
0.664681	4.926565	0.671454	0.677002	2.948447	
0.045293	0.240481	0.333770	2.957081	4.825281	
1.471825	0.251668	3.805919	0.607404	3.371729	
0.753555	4.471126	0.721396	2.493722	0.019476	
1.694821	0.242437	3.703942	3.729703	0.000201	
3.835471	1.116082	1.980516	0.747863	1.743638	
4.564168	0.577548	0.594404	4.174666	0.038347	
0.738475	4.631010	0.687250	2.263914	1.257887	
2.554731	2.357579	1.878840	2.357365	2.028976	
0.863248	0.143641	2.250275	0.347307	4.937434	
5.310536	0.966485	1.946324	0.825433	0.021652	
0.352648	2.452274	4.822603	0.923967	0.024487	
0.559789	4.074026	3.977458	0.799771	0.006328	
1.988893	1.710556	3.469268	3.648966	0.005248	
0.745677	5.130795	0.759201	0.761888	1.260111	
0.298445	0.271720	2.898075	4.823739	1.281467	
0.289230	1.971302	4.050617	2.269850	2.871198	
0.253513	1.733395	2.360590	2.214971	3.988352	
3.605775	3.766751	0.746308	0.753781	1.489756	
0.537809	3.944879	0.582324	1.990440	3.670694	
4.581369	1.817842	1.082698	0.860374	1.159305	
0.647677	4.306299	0.729586	0.676959	3.652617	
1.416673	3.541830	3.927253	0.787146	0.000585	
0.089814	0.669669	5.020090	0.686200	2.940892	
0.315197	1.628086	2.255728	0.641574	4.641650	
3.278892	0.510357	0.478282	4.070667	1.600089	
5.154035	0.689616	0.738303	2.291806	1.904572	
1.941629	0.294119	2.040595	2.150751	4.170789	
2.652225	0.397331	4.498084	0.790947	0.019781	
1.641848	3.667744	3.348221	0.758785	1.355004	
2.271747	4.397391	0.772366	0.818601	0.017549	
0.696692	4.631869	1.794449	1.762673	0.083935	
3.387135	3.580181	0.723719	1.792903	0.995480	
5.365883	0.767596	0.818986	0.998357	0.024562	
0.516867	3.760103	2.205892	3.294853	1.782809	
5.373805	0.782607	0.818555	0.812544	0.007437	
0.794513	0.182654	5.226665	0.763851	1.249393	
0.073927	0.554321	0.548492	6.043319	0.001426	
0.083574	0.611582	4.848101	2.427430	3.100895	
0.100790	0.726034	3.681710	0.510505	4.407739	
0.334520	2.538216	5.054208	1.959257	0.000849	
1.096592	0.193929	1.158036	1.776493	4.867809	
0.784558	0.334046	5.099274	1.684187	1.489440	
3.486493	1.747141	3.761373	0.783245	0.001378	
0.275584	1.666175	0.932433	1.956582	4.503989	
1.898967	4.071180	1.931353	1.931203	0.060959	
0.425294	2.775205	2.275738	4.015630	0.059161	
0.323692	0.243905	2.934401	4.902908	0.003770	
0.313052	2.199730	0.316192	0.323913	5.073218	
2.915797	0.442257	3.952676	1.713757	0.020308	
2.085115	2.309777	0.469447	2.445533	3.453982	
1.674320	3.496817	0.573349	3.646323	0.006451	
0.111310	0.017333	0.593945	1.229841	4.915529	
0.644671	0.093240	4.542653	3.396087	0.073700	
5.191989	0.724237	2.764525	0.759810	1.498271	
0.050032	0.008230	0.049248	0.073474	5.133374	
0.763321	5.604650	0.848665	1.001053	0.020828	
0.805856	4.774414	0.774598	0.807920	0.018443	
0.096308	0.760991	6.324968	0.804686	1.423030	
0.161418	1.099082	0.182252	5.242052	1.054861	
2.769481	0.457758	0.392070	4.899533	0.061956	
0.142104	0.901539	4.958170	0.784674	0.008574	
0.900517	0.505148	0.482594	4.866896	0.000147	
3.301054	3.296828	0.882094	2.558703	1.539902	
0.209299	0.416992	2.105148	3.471054	3.354762	
0.336659	2.238830	4.517515	0.760172	1.260425	
0.771810	5.324389	1.089393	0.821436	0.010978	
2.950497	0.462477	0.445351	0.466056	4.337977	
2.377095	0.309415	0.312003	4.016565	3.853512	
3.718201	3.170027	1.382950	1.778129	0.000609	
2.077146	5.016673	0.774484	0.823386	0.007580	
0.485232	3.124171	0.478308	3.861934	1.491852	
0.237763	1.406000	3.610383	3.623194	0.009259	
0.103186	0.774169	0.105878	5.913094	0.542978	
0.944260	0.140667	5.179457	0.791038	0.019892	
1.525190	0.220019	1.638442	5.002799	0.007355	
0.040069	0.251283	1.708329	1.629602	4.831457	
4.769044	0.622862	0.714248	0.743234	3.839239	
