0.205423	0.846246	3.150088	0.783752	0.000000	
0.776282	4.175521	0.787571	0.782006	0.000000	
0.875357	0.157232	5.924080	0.929302	0.000004	
0.515930	1.909286	2.148789	0.781156	0.001930	
0.578542	1.290361	0.751250	1.339057	0.021293	
0.713106	0.156178	3.393516	0.840577	1.168284	
0.624011	2.973632	0.623536	2.347856	0.000084	
0.021194	0.134032	0.768803	4.884762	0.985953	
0.595301	1.371364	0.609176	1.233443	0.007757	
0.234847	0.657945	1.863483	1.261597	0.014912	
0.722484	0.153601	3.822936	1.929963	0.001515	
0.233575	0.502960	0.295294	1.234967	1.286898	
0.252671	0.096973	0.792147	2.184695	0.745033	
0.921547	0.427876	0.418931	0.909234	1.447300	
1.070935	0.583881	0.648195	0.718274	0.512526	
0.029023	0.083805	0.778856	7.091175	0.000312	
0.735977	2.829609	0.763686	0.852654	0.000000	
0.759308	3.893209	1.019892	0.805409	0.000102	
1.219206	0.540708	0.566306	1.214080	0.594978	
3.806899	0.946291	0.774871	0.781258	0.000000	
1.796262	0.736881	2.078745	0.864220	0.002025	
0.889412	0.487194	1.080154	1.198988	0.006397	
0.489728	0.214559	1.332262	0.579396	1.404067	
0.278263	0.629398	1.644622	0.740274	0.525348	
0.456106	0.190207	1.345844	1.136797	1.543020	
0.213238	0.098214	0.521913	1.420289	1.381169	
0.236877	0.487076	0.553696	1.658204	0.002800	
0.485082	0.256627	1.113419	1.064385	0.537395	
1.101004	0.503354	0.523922	0.583183	1.272524	
0.482639	0.157797	0.565536	2.638095	0.903784	
0.658593	0.275717	1.567471	0.764544	0.620010	
0.000000	0.000000	0.000000	0.000000	1.608867	
0.733084	0.210081	2.761427	0.780256	0.000469	
0.535650	0.207192	1.681517	1.433051	0.750224	
2.047006	0.806420	0.730736	0.830664	0.009402	
0.807827	0.331550	1.705516	0.798865	0.003297	
0.217911	0.717624	0.215216	2.602833	0.723133	
0.148234	0.813961	0.150177	4.366860	0.000230	
0.671356	0.380829	0.348591	1.653037	0.007092	
0.193160	0.063193	0.966005	3.670338	0.000000	
0.281594	0.621367	1.136666	0.566797	1.327275	
0.811517	0.173890	3.842468	0.800211	0.884092	
0.483969	0.243508	0.553856	1.658100	0.002800	
0.722346	0.260793	0.248036	2.339140	0.446616	
0.317008	0.579550	1.011650	1.039131	0.584601	
1.935938	0.770205	0.609652	1.710444	0.000059	
0.798986	0.162463	0.164897	3.905283	0.000207	
1.888920	0.511511	2.095575	0.833667	0.002034	
0.602134	1.240803	0.829296	0.726512	0.563894	
0.683035	1.218915	0.703394	0.760864	0.032148	
0.498735	0.099475	2.782233	3.324662	0.000689	
5.720199	0.778162	0.950389	1.003574	0.009512	
0.755429	3.246390	0.760326	0.783222	0.000108	
0.246456	0.076192	0.965030	2.875580	0.969398	
0.577250	1.330603	0.590606	1.296184	0.007762	
1.291619	0.516198	0.526829	0.567372	1.492969	
0.776273	4.498933	0.983244	0.782676	0.000004	
0.511459	0.149120	1.806210	2.227618	0.000461	
0.117166	0.771545	5.127736	0.791694	0.661627	
0.521704	0.223182	1.467631	1.292927	0.671813	
0.587836	0.249817	1.401832	1.248329	0.043116	
0.015906	0.118064	0.775414	5.748842	1.156440	
0.754378	0.224351	2.852956	0.772886	0.689107	
0.729696	4.041495	0.779362	1.544654	0.000457	
0.304642	0.145966	0.681072	1.609884	0.019111	
2.084342	0.512712	2.311219	0.796858	0.389172	
0.535650	0.207192	1.681517	1.433051	0.750224	
0.455846	1.075845	0.643975	0.566783	1.318901	
0.573800	1.322651	0.611461	1.296184	0.007762	
0.739185	0.237381	0.218116	2.650711	0.741112	
0.186883	0.059357	0.983870	3.879811	0.000000	
1.295884	0.619243	0.662895	0.862612	0.478177	
0.252085	0.495852	0.298335	1.240966	1.280366	
1.153648	0.620156	0.685757	0.756939	0.014948	
0.808146	0.122512	5.161872	0.973610	0.008518	
0.759699	0.127994	0.135615	4.763172	0.011447	
3.720520	0.786951	0.771565	1.480258	0.000425	
0.642605	1.375513	0.672081	0.750241	0.483540	
0.128690	0.880669	5.949004	0.930040	0.000004	
0.582695	1.074497	0.634786	0.727549	0.512787	
0.000000	0.000000	0.000000	0.000000	1.628596	
0.509086	0.187585	1.470460	0.575425	1.491933	
0.499654	0.242393	0.297907	1.238730	1.282328	
0.116038	0.846654	5.481017	1.746528	0.001786	
1.015223	0.453884	0.538643	0.991933	1.429231	
0.654394	0.342229	0.348950	1.586534	0.006813	
0.201035	0.688904	2.455674	1.413177	0.007132	
0.316988	0.579835	1.012393	1.039650	0.584935	
0.154369	0.312574	0.675062	1.591482	0.018930	
0.154507	0.801576	0.148064	4.375370	0.024115	
0.175578	0.977970	4.675497	0.766105	1.072749	
0.029450	0.084784	0.778693	7.002284	0.000308	
2.669496	0.832614	0.766124	0.778380	0.000474	
0.333013	0.791010	0.164265	4.149645	0.772680	
0.511366	0.214992	1.271853	1.105324	1.496042	
0.836114	0.182693	0.173861	3.663106	1.310156	
0.146902	0.304577	0.680826	1.607303	0.019085	
0.124069	0.766572	4.811194	0.789309	1.098601	
0.484836	0.244221	0.552651	1.655753	0.002797	
0.619968	0.254448	1.453024	1.322535	0.003297	
