0.132364	0.779629	4.756837	0.783865	0.387461	
0.719254	0.194264	2.454522	1.597379	0.261179	
0.483467	0.251197	1.110140	0.601210	1.106908	
0.489940	1.023211	0.510562	1.539826	0.004860	
0.266363	0.962038	0.289176	2.864355	0.005821	
0.125113	0.765185	0.134596	4.924383	0.003674	
0.000000	0.000000	0.000000	0.000000	1.675963	
0.645679	3.331875	0.657893	2.398384	0.000583	
0.889525	0.181046	3.892634	0.794291	0.030538	
1.112901	0.491945	0.602357	0.606013	1.196904	
0.166030	0.759872	3.614804	0.782782	0.010579	
1.376288	0.661881	0.788976	0.774840	0.004468	
0.469087	0.887497	0.542151	1.309692	0.303363	
0.659476	1.669555	0.688701	0.801066	0.759413	
0.127693	0.025502	0.768795	4.893938	0.389248	
0.639335	0.311796	1.681973	0.766869	0.415668	
0.418455	0.116094	2.015979	3.146223	0.000170	
0.203452	0.641873	2.045990	1.436040	0.035057	
0.235000	0.793645	0.287635	2.548074	0.764167	
0.623736	0.308930	0.333969	1.656862	0.000986	
0.444113	0.248821	1.009074	1.275904	0.239398	
1.022563	0.491118	0.516941	1.464856	0.003655	
0.493034	0.616918	1.892028	0.769844	0.001766	
0.808702	0.240050	0.207596	3.183771	0.388390	
0.305465	0.556365	0.919739	1.288119	0.314667	
5.003569	1.073994	0.802477	0.794719	0.000600	
0.406329	0.163651	0.751364	1.906638	0.007547	
0.925628	0.384657	1.623786	0.746287	0.575590	
1.307383	0.658209	0.683875	0.757744	0.374849	
0.727906	0.283994	0.310964	2.131068	0.643571	
0.144492	0.358095	0.685032	1.931610	0.009702	
1.759418	0.393260	0.565030	3.253203	0.000167	
0.214290	0.767825	2.874696	0.978217	0.420471	
0.647926	1.453490	0.895076	0.774911	0.000020	
0.971018	0.487205	0.501421	1.384256	0.023928	
0.163134	0.291166	0.662946	1.489858	0.438292	
0.073983	0.014490	0.780703	8.218087	0.000446	
0.062560	0.202338	0.736241	2.666351	0.582032	
0.752244	0.234213	2.979717	0.763445	0.667486	
0.218852	0.074366	0.756037	2.665483	0.238825	
0.726504	2.047254	0.735361	0.819932	0.003613	
0.260163	0.133287	0.631219	1.530754	0.751465	
0.796344	4.614777	0.795306	0.797905	0.000058	
0.698849	0.201392	2.292849	1.522590	0.020723	
0.446658	1.100494	2.029664	0.800841	0.023893	
1.699333	0.752041	0.722804	0.755770	0.641847	
0.186388	0.859886	0.203717	3.673918	0.303723	
0.163360	0.058595	0.760746	3.445508	0.004370	
0.242617	0.685418	1.898092	0.813534	0.805660	
0.138281	0.691672	5.672010	2.787172	0.001406	
0.512594	1.305695	0.621467	0.627932	1.304582	
3.204902	0.649215	0.653374	2.385954	0.000000	
0.807227	0.178108	0.138202	4.957676	0.002712	
0.128229	0.782234	4.942990	0.784214	0.409286	
0.484490	0.250769	1.116319	0.601457	1.111241	
0.662888	1.356980	0.758092	0.773134	0.002218	
0.839878	0.391931	1.419919	0.752167	0.391698	
0.130184	0.696271	6.432387	3.099413	0.001927	
0.730943	0.181490	2.701121	1.711631	0.258226	
0.467051	0.918619	0.533555	1.394860	0.350533	
0.168636	0.038128	0.753398	3.437357	0.739165	
0.806692	0.175469	0.153944	5.067479	0.002771	
0.361329	0.686295	0.442439	1.025976	1.135980	
0.403178	0.169816	0.754895	1.931118	0.000033	
0.800969	3.410163	0.659505	2.464395	0.000004	
0.695558	0.258088	0.307385	2.361818	0.005912	
0.264538	0.946681	0.306389	2.830390	0.004171	
0.907187	0.410012	0.423257	0.457495	1.582723	
0.273600	0.801041	0.273036	2.252638	0.882789	
5.000498	1.073335	0.822257	0.794719	0.002827	
0.713258	0.286140	0.324320	2.101827	0.474420	
0.143257	0.774146	4.449954	0.783079	0.363747	
0.238420	0.434626	1.002558	1.289436	0.314964	
0.030907	0.131701	0.767754	4.772214	0.379807	
0.807038	4.292014	0.791311	0.796100	0.000037	
0.242110	0.697095	0.332861	2.630996	0.238813	
0.652551	2.208996	0.745317	0.875465	1.120973	
0.243927	0.729715	2.112860	0.746510	0.671914	
0.745456	0.201350	3.268986	0.843154	0.054850	
2.097128	0.775588	0.741269	0.789321	0.003685	
0.012432	0.068214	0.781437	8.852359	0.000480	
0.376260	1.053690	1.886987	0.820179	0.010896	
1.759418	0.393260	0.565030	3.253203	0.000170	
0.623479	0.304063	1.685062	0.776190	0.415668	
0.140749	0.427605	0.859477	2.369146	0.002065	
0.795446	0.249751	0.258949	2.754957	0.385207	
0.844240	0.184097	5.204681	0.771123	1.120859	
0.597081	1.410109	0.493911	1.956066	0.063026	
0.000000	0.000000	0.000000	0.000000	1.675963	
0.139256	0.780949	4.517144	0.807913	0.013035	
1.024635	0.359110	1.911032	0.745212	1.057818	
1.862039	0.714323	0.688552	0.726712	0.821463	
0.164575	0.040531	0.762031	3.536753	0.004480	
0.122966	0.766160	0.132397	5.020886	0.003779	
0.090213	0.228669	0.747397	2.458316	0.221722	
0.226153	0.086510	0.581186	2.019224	1.546869	
0.134782	0.265253	0.658007	1.628848	0.607272	
0.934498	0.399852	1.623962	0.773411	0.002438	
4.335392	0.679862	0.754904	3.055639	0.000000	
0.000000	0.000000	0.000000	0.000000	1.675963	
