0.000000	0.000000	1.000000	0.000000	0.000000	
0.948684	0.000000	0.000000	0.316225	0.000000	
0.000000	0.408252	0.408252	0.816493	0.000000	
0.000000	0.000000	0.000000	0.707097	0.707117	
0.000000	1.000000	0.000000	0.000000	0.000000	
0.408256	0.000000	0.408257	0.000000	0.816488	
0.948704	0.316166	0.000000	0.000000	0.000000	
0.000000	0.316225	0.000000	0.000000	0.948684	
0.499996	0.000000	0.499997	0.500014	0.499993	
0.000000	0.000000	0.707106	0.707107	0.000000	
0.816517	0.408253	0.408203	0.000000	0.000000	
0.707107	0.707107	0.000000	0.000000	0.000000	
0.818190	0.409089	0.000000	0.000000	0.409087	
0.500002	0.500002	0.500003	0.000000	0.499993	
0.816496	0.000000	0.408249	0.408248	0.000000	
0.000000	0.000000	0.316225	0.000000	0.948684	
0.000000	0.408231	0.000000	0.408232	0.816513	
0.408250	0.000000	0.816497	0.000000	0.408246	
0.000000	0.000000	0.948684	0.316225	0.000000	
0.000000	0.000000	0.000000	0.316225	0.948684	
0.000000	0.948684	0.000000	0.316225	0.000000	
0.316229	0.948683	0.000000	0.000000	0.000000	
0.000000	0.707123	0.000000	0.000000	0.707090	
0.408262	0.408262	0.816483	0.000000	0.000000	
0.948681	0.000000	0.316236	0.000000	0.000000	
0.000000	0.000000	0.948682	0.000000	0.316232	
0.000000	0.000000	0.408249	0.816498	0.408246	
0.000000	0.000000	0.408248	0.408249	0.816496	
1.000000	0.000000	0.000000	0.000000	0.000000	
0.000000	0.816499	0.000000	0.408249	0.408243	
0.816499	0.000000	0.000000	0.408249	0.408244	
0.408248	0.000000	0.000000	0.408249	0.816496	
0.000000	0.000000	0.000000	0.948682	0.316232	
0.707097	0.000000	0.000000	0.000000	0.707116	
0.499997	0.499997	0.000000	0.500014	0.499991	
0.408249	0.000000	0.816496	0.408248	0.000000	
0.816497	0.000000	0.408249	0.000000	0.408246	
0.000000	0.408249	0.000000	0.816499	0.408243	
0.408249	0.000000	0.000000	0.816498	0.408246	
0.000000	0.408250	0.816497	0.000000	0.408246	
0.408242	0.816501	0.000000	0.000000	0.408245	
0.000000	0.948681	0.316236	0.000000	0.000000	
0.000000	0.000000	0.316226	0.948684	0.000000	
0.000000	0.499996	0.499997	0.500014	0.499993	
0.707107	0.000000	0.707107	0.000000	0.000000	
0.408251	0.408251	0.000000	0.816494	0.000000	
0.707106	0.000000	0.000000	0.707107	0.000000	
0.500040	0.500040	0.499919	0.500001	0.000000	
0.408242	0.816500	0.000000	0.408248	0.000000	
0.000000	0.707106	0.000000	0.707107	0.000000	
0.000000	0.000000	0.000000	0.000000	1.000000	
0.000000	0.408257	0.408257	0.000000	0.816488	
0.000000	0.316228	0.948683	0.000000	0.000000	
0.000000	0.000000	0.000000	1.000000	0.000000	
0.000000	0.816496	0.408249	0.408248	0.000000	
0.408251	0.000000	0.408251	0.816494	0.000000	
0.948682	0.000000	0.000000	0.000000	0.316232	
0.816496	0.408250	0.000000	0.408248	0.000000	
0.316228	0.000000	0.000000	0.948683	0.000000	
0.000000	0.948682	0.000000	0.000000	0.316232	
0.000000	0.408249	0.816496	0.408248	0.000000	
0.408251	0.816518	0.408203	0.000000	0.000000	
0.000000	0.000000	0.707097	0.000000	0.707116	
0.000000	0.000000	0.816498	0.408248	0.408246	
0.000000	0.316228	0.000000	0.948683	0.000000	
0.316225	0.000000	0.000000	0.000000	0.948684	
0.408249	0.408249	0.000000	0.000000	0.816496	
0.000000	0.816497	0.408249	0.000000	0.408246	
0.000000	0.707107	0.707107	0.000000	0.000000	
0.316228	0.000000	0.948683	0.000000	0.000000	
0.005837	0.905934	0.000000	0.112186	0.408246	
0.397227	0.821917	0.000000	0.000000	0.408245	
0.326849	0.475915	0.577344	0.577363	0.000000	
0.831526	0.419711	0.363879	0.000000	0.000000	
0.000000	0.612375	0.612375	0.000514	0.499993	
0.768820	0.000000	0.384411	0.511294	0.000000	
0.243508	0.000151	0.969899	0.000000	0.000000	
0.577241	0.000611	0.577461	0.408248	0.408246	
0.616841	0.308416	0.600811	0.015014	0.409093	
0.693549	0.000583	0.000000	0.000000	0.725677	
0.966233	0.159525	0.124419	0.214730	0.000000	
0.496328	0.813532	0.000000	0.317658	0.000000	
0.000000	0.817143	0.000000	0.408571	0.408062	
0.790044	0.000000	0.614269	0.000000	0.000000	
0.000000	0.000000	0.948684	0.316225	0.000000	
0.262804	0.262804	0.000000	0.442176	0.816885	
0.000000	0.225303	0.000000	0.225304	0.947880	
0.050462	0.000402	0.998816	0.000000	0.000000	
0.000000	0.607118	0.069891	0.806355	0.000000	
0.001292	0.007402	0.408214	0.408284	0.816567	
0.707103	0.000000	0.000000	0.500014	0.499991	
0.376706	0.000172	0.840940	0.411625	0.000000	
0.332690	0.000000	0.332690	0.882442	0.000000	
0.000000	0.227135	0.227135	0.000000	0.947264	
0.000000	0.000000	0.000000	0.000000	1.001788	
0.208252	0.000000	0.224187	0.952126	0.000000	
0.000000	0.236562	0.666390	0.000000	0.707101	
0.292467	0.000000	0.000000	0.877402	0.380305	
0.408249	0.408249	0.000000	0.000000	0.816496	
0.098827	0.300387	0.000011	0.948684	0.000000	
