0.000000	0.948682	0.000000	0.000000	0.316232	
0.408249	0.408248	0.000000	0.000000	0.816496	
0.000000	0.000000	0.000000	0.316225	0.948684	
0.000000	0.816497	0.408249	0.000000	0.408246	
0.000000	0.316228	0.948683	0.000000	0.000000	
1.000000	0.000000	0.000000	0.000000	0.000000	
0.000000	0.000000	0.707544	0.000000	0.706669	
0.408242	0.816501	0.000000	0.000000	0.408246	
0.000000	0.948684	0.000000	0.316225	0.000000	
0.408248	0.000000	0.000000	0.408249	0.816496	
0.316225	0.000000	0.000000	0.000000	0.948684	
0.000000	0.000000	0.000000	1.000000	0.000000	
0.000000	0.408231	0.000000	0.408232	0.816513	
0.000000	1.000000	0.000000	0.000000	0.000000	
0.408248	0.000000	0.000000	0.816497	0.408248	
0.499996	0.000000	0.499997	0.500014	0.499993	
0.000000	0.000000	0.948682	0.000000	0.316232	
0.408262	0.408262	0.816483	0.000000	0.000000	
0.499997	0.499997	0.000000	0.500014	0.499991	
0.408248	0.000000	0.408249	0.000000	0.816496	
0.000000	0.408249	0.408249	0.000000	0.816496	
0.707107	0.000000	0.707107	0.000000	0.000000	
0.408251	0.816518	0.408203	0.000000	0.000000	
0.948681	0.000000	0.316236	0.000000	0.000000	
0.316228	0.000000	0.948683	0.000000	0.000000	
0.000000	0.707106	0.000000	0.707107	0.000000	
0.000000	0.408249	0.816496	0.408248	0.000000	
0.707106	0.000000	0.000000	0.707107	0.000000	
0.000000	0.707123	0.000000	0.000000	0.707090	
0.816496	0.000000	0.408249	0.408248	0.000000	
0.408251	0.408251	0.000000	0.816494	0.000000	
0.000000	0.000000	0.816498	0.408248	0.408246	
0.000000	0.000000	0.948684	0.316225	0.000000	
0.408250	0.000000	0.816498	0.000000	0.408246	
0.707107	0.707107	0.000000	0.000000	0.000000	
0.500040	0.500040	0.499919	0.500001	0.000000	
0.816501	0.408245	0.000000	0.000000	0.408243	
0.707097	0.000000	0.000000	0.000000	0.707116	
0.816496	0.408250	0.000000	0.408248	0.000000	
0.000000	0.000000	1.000000	0.000000	0.000000	
0.948684	0.000000	0.000000	0.316225	0.000000	
0.816517	0.408253	0.408203	0.000000	0.000000	
0.000000	0.499996	0.499997	0.500014	0.499993	
0.408249	0.000000	0.816496	0.408248	0.000000	
0.948704	0.316166	0.000000	0.000000	0.000000	
0.000000	0.316228	0.000000	0.948683	0.000000	
0.408251	0.000000	0.408251	0.816494	0.000000	
0.000000	0.000000	0.000000	0.948682	0.316232	
0.000000	0.707107	0.707107	0.000000	0.000000	
0.948682	0.000000	0.000000	0.000000	0.316232	
0.000000	0.000000	0.316228	0.948683	0.000000	
0.816497	0.000000	0.408249	0.000000	0.408246	
0.000000	0.000000	0.000000	0.707104	0.707109	
0.000000	0.948681	0.316236	0.000000	0.000000	
0.000000	0.816496	0.408249	0.408248	0.000000	
0.316229	0.948683	0.000000	0.000000	0.000000	
0.000000	0.408248	0.000000	0.816497	0.408248	
0.000000	0.000000	0.000000	0.000000	1.000000	
0.000000	0.408251	0.408251	0.816494	0.000000	
0.000000	0.000000	0.408248	0.408249	0.816496	
0.500002	0.500002	0.500003	0.000000	0.499993	
0.000000	0.000000	0.409426	0.818853	0.409423	
0.408242	0.816500	0.000000	0.408248	0.000000	
0.000000	0.316225	0.000000	0.000000	0.948684	
0.000000	0.816498	0.000000	0.408248	0.408246	
0.000000	0.408250	0.816497	0.000000	0.408246	
0.000000	0.000000	0.707106	0.707107	0.000000	
0.000000	0.000000	0.316225	0.000000	0.948684	
0.816498	0.000000	0.000000	0.408248	0.408246	
0.316228	0.000000	0.000000	0.948683	0.000000	
0.598625	0.000000	0.000000	0.801030	0.000000	
0.408250	0.000000	0.816498	0.000000	0.408246	
0.123425	0.246856	0.123411	0.953954	0.000000	
0.000000	0.948684	0.000000	0.316225	0.000000	
0.090812	0.000000	0.149439	0.000000	0.998739	
0.000000	0.098067	0.198904	0.000000	0.979025	
0.707123	0.000000	0.000000	0.000000	0.707090	
0.341785	0.000000	0.846473	0.408248	0.000000	
0.000000	0.718406	0.695632	0.000000	0.000000	
0.894427	0.000000	0.447214	0.000168	0.000000	
0.315415	0.000000	0.022617	0.000000	0.948684	
0.000000	0.408250	0.816497	0.000000	0.408246	
0.588584	0.000000	0.060957	0.418432	0.722828	
0.891431	0.000000	0.297152	0.000000	0.342547	
0.712667	0.704635	0.000000	0.000000	0.000000	
0.066306	0.000000	0.671245	0.338355	0.656162	
0.019663	0.999774	0.019014	0.000000	0.000000	
0.007210	0.506054	0.494146	0.000302	0.707340	
0.529927	0.000000	0.374624	0.374685	0.662152	
0.000000	0.000000	0.000000	0.948682	0.316232	
0.042818	0.378266	0.925095	0.000000	0.000000	
0.380612	0.599961	0.000000	0.502421	0.502398	
0.668938	0.623862	0.409013	0.000000	0.000000	
0.479375	0.821582	0.000000	0.317067	0.000000	
0.515581	0.455415	0.156126	0.000000	0.708860	
0.000000	0.000000	0.948682	0.000000	0.316232	
0.000000	0.080828	0.242484	0.966722	0.013331	
0.000372	0.604637	0.545517	0.581402	0.000000	
0.000000	0.313554	0.041015	0.000000	0.948684	
0.319238	0.947706	0.000000	0.000010	0.000000	
