0.707118	0.000000	0.707097	0.000000	0.000000	
0.816604	0.407950	0.000000	0.408333	0.000000	
0.000000	0.000000	0.000000	1.000000	0.000000	
0.816577	0.408063	0.000000	0.000000	0.408274	
0.000000	0.000000	0.948686	0.316220	0.000000	
0.408117	0.000000	0.000000	0.816543	0.408287	
0.000000	0.316237	0.000000	0.948681	0.000000	
0.000000	0.000000	0.816133	0.409302	0.407923	
0.000103	0.499602	0.500187	0.501826	0.498392	
0.000000	0.408119	0.816549	0.000000	0.408276	
0.000000	0.000000	0.316190	0.948696	0.000000	
0.816479	0.408329	0.408203	0.000000	0.000000	
0.000000	0.000000	0.707069	0.707145	0.000000	
0.000000	0.948695	0.316192	0.000000	0.000000	
0.000000	0.000000	0.000000	0.707306	0.707533	
0.000000	1.000000	0.000000	0.000000	0.000000	
0.499863	0.499843	0.000000	0.501793	0.498496	
0.000000	0.948685	0.000000	0.316225	0.000000	
0.408266	0.000000	0.816442	0.408339	0.000000	
0.316237	0.000000	0.000000	0.948681	0.000000	
0.500345	0.500241	0.499432	0.000000	0.499985	
0.000000	0.816781	0.000000	0.407660	0.408268	
0.000000	0.000000	0.707405	0.000000	0.706809	
0.316230	0.000000	0.948683	0.000000	0.000000	
0.000000	0.000000	0.316408	0.000000	0.948623	
0.408158	0.816596	0.000000	0.408141	0.000000	
0.000000	0.409689	0.819633	0.409930	0.000000	
0.000000	0.000000	1.000000	0.000000	0.000000	
0.408119	0.000000	0.816548	0.000000	0.408275	
0.707069	0.000000	0.000000	0.707144	0.000000	
0.816133	0.000000	0.000000	0.409302	0.407923	
0.316803	0.000000	0.000000	0.000000	0.950965	
0.000000	0.408731	0.408803	0.815979	0.000000	
0.000000	0.000000	0.408323	0.408367	0.816402	
0.408421	0.408330	0.816369	0.000000	0.000000	
1.000001	0.000000	0.000000	0.000000	0.000000	
0.408241	0.816488	0.000000	0.000000	0.408274	
0.408375	0.408378	0.000000	0.816369	0.000000	
0.000000	0.407755	0.407825	0.000000	0.816955	
0.000000	0.408322	0.000000	0.408366	0.816401	
0.499928	0.000000	0.500973	0.500355	0.498746	
0.948684	0.000000	0.000000	0.316225	0.000000	
0.000000	0.707069	0.000000	0.707145	0.000000	
0.000000	0.316062	0.000000	0.000000	0.948739	
0.000000	0.000000	0.000000	0.000000	1.000000	
0.000000	0.000000	0.948677	0.000000	0.316247	
0.000000	0.000000	0.408114	0.816551	0.408275	
0.408365	0.000000	0.408478	0.816401	0.000000	
0.948696	0.000000	0.316192	0.000000	0.000000	
0.408269	0.816511	0.408204	0.000000	0.000000	
0.948677	0.000000	0.000000	0.000000	0.316248	
0.316177	0.948700	0.000000	0.000000	0.000000	
0.000000	0.948655	0.000000	0.000000	0.316314	
0.000000	0.000000	0.000000	0.316502	0.948592	
0.000000	0.316230	0.948683	0.000000	0.000000	
0.408327	0.408330	0.000000	0.000000	0.816417	
0.000000	0.816766	0.407966	0.000000	0.408331	
0.499867	0.499872	0.500696	0.499567	0.000000	
0.816421	0.000000	0.408343	0.408306	0.000000	
0.000000	0.000000	0.000000	0.948677	0.316248	
0.948705	0.316164	0.000000	0.000000	0.000000	
0.816450	0.000000	0.408370	0.000000	0.408285	
0.407763	0.000000	0.407817	0.000000	0.816955	
0.000000	0.707406	0.000000	0.000000	0.706808	
0.408323	0.000000	0.000000	0.408366	0.816401	
0.706985	0.000000	0.000000	0.000000	0.707228	
0.707105	0.707109	0.000000	0.000000	0.000000	
0.000000	0.707078	0.707136	0.000000	0.000000	
0.000000	0.407977	0.000000	0.816742	0.408339	
0.000000	0.816546	0.408405	0.407994	0.000000	
0.000000	0.316237	0.000000	0.948681	0.000000	
0.000000	0.000000	0.000000	0.991056	0.330375	
0.659653	0.000000	0.693356	0.000000	0.290026	
0.749669	0.000000	0.521508	0.408514	0.000000	
0.000000	0.946374	0.315418	0.000000	0.202185	
0.000000	0.026531	0.000000	1.000764	0.000000	
0.956672	0.000000	0.000000	0.291386	0.000000	
0.017014	0.000000	0.815955	0.409302	0.407923	
0.948840	0.000580	0.007449	0.000000	0.318642	
0.000000	0.000000	0.444794	0.848448	0.289879	
0.000000	0.000000	0.000000	0.581958	0.813219	
0.609305	0.531702	0.403927	0.121455	0.410299	
0.000178	0.867949	0.000000	0.000000	0.498961	
0.577086	0.577092	0.578043	0.007028	0.000000	
0.004037	0.000505	1.014927	0.000000	0.000000	
0.332281	0.000000	0.323633	0.838188	0.289879	
0.000000	0.000000	0.316408	0.000000	0.948623	
0.407763	0.000000	0.407817	0.000000	0.816955	
0.873293	0.000000	0.465838	0.000000	0.143095	
0.452676	0.893229	0.000000	0.052034	0.000000	
0.853001	0.325560	0.000000	0.000000	0.407923	
0.000103	0.499357	0.499940	0.502315	0.498392	
0.000000	0.707069	0.000000	0.707145	0.000000	
0.000000	0.000000	0.380927	0.924605	0.000000	
0.025037	0.000000	0.394945	0.423727	0.819001	
0.549831	0.549809	0.000000	0.383273	0.498496	
0.002754	0.002557	0.933166	0.359472	0.000000	
0.000000	0.813362	0.000000	0.414433	0.408275	
0.442466	0.000000	0.885268	0.000000	0.147802	
1.000000	0.000000	0.000000	0.000000	0.000000	
