0.834550	0.000000	0.471083	0.485547	0.000000	
0.000739	0.365278	0.000000	0.000000	1.091905	
0.151240	0.000000	0.628599	0.816964	0.345644	
0.917889	0.405826	0.000000	0.415454	0.000000	
0.814049	0.000000	0.548016	0.000000	0.420088	
0.508424	0.585210	0.555016	0.000000	0.399462	
0.000331	0.001014	0.000000	0.316391	1.012213	
0.027226	0.500834	0.000000	0.407882	0.894403	
0.495165	0.000000	0.573263	0.000000	0.919803	
0.022303	0.000006	0.351600	0.001576	1.022411	
0.617256	0.710479	0.000000	0.000000	0.458914	
1.148933	0.000000	0.000000	0.000000	0.000000	
0.468756	0.000002	0.528110	0.606427	0.507008	
0.002452	0.000000	0.355938	1.159555	0.000000	
0.535726	0.537583	0.478227	0.510381	0.000000	
0.004816	0.005450	1.055858	0.388318	0.000000	
0.841429	0.000000	0.000000	0.000000	0.856715	
0.000005	1.003110	0.389012	0.000000	0.000000	
0.085773	0.417924	0.967240	0.368901	0.062304	
0.001498	0.842806	0.530179	0.456313	0.000000	
0.388000	0.000000	0.875774	0.485317	0.000000	
0.455518	0.634100	0.000000	0.711140	0.453765	
0.000076	0.000000	1.126857	0.000000	0.402207	
0.004761	0.722443	0.001564	0.000000	0.762847	
0.863674	0.000000	0.000000	0.425982	0.417991	
0.725727	0.722009	0.000000	0.000000	0.000004	
0.484419	0.479806	0.000000	0.000000	0.827896	
0.013879	0.445836	0.419293	0.000000	0.878598	
0.930424	0.450830	0.000000	0.000000	0.473463	
1.005979	0.000003	0.000000	0.318195	0.000000	
0.003516	1.065206	0.000000	0.000000	0.347891	
0.440628	0.000000	0.000922	0.521834	0.877697	
0.049304	0.001952	0.777872	0.448971	0.568050	
0.000236	0.384687	0.438713	0.957357	0.000000	
0.008887	0.665556	0.000000	0.812273	0.000032	
0.422435	1.019186	0.000000	0.384993	0.000000	
0.000969	0.523995	0.598280	0.683003	0.450437	
0.000032	0.000126	0.002822	1.053460	0.000000	
0.439380	0.000000	0.000000	1.176774	0.000000	
0.027520	0.416393	0.949407	0.000000	0.418166	
0.402461	0.000000	0.917385	0.000000	0.458431	
0.453141	0.448099	0.868481	0.000000	0.000002	
0.000000	0.000097	0.000000	0.000272	1.094306	
0.428110	0.000000	0.000000	0.834506	0.458080	
0.999658	0.000000	0.000000	0.000000	0.339184	
0.020457	0.335980	0.000000	0.933709	0.354902	
0.001581	0.854556	0.000000	0.427605	0.414791	
0.354170	0.000000	0.437402	0.882421	0.000000	
0.006157	0.461099	0.000000	0.943494	0.000032	
1.044756	0.323666	0.000000	0.000000	0.004923	
0.298654	0.998100	0.000000	0.000000	0.000000	
0.407670	0.395271	0.000000	0.890294	0.000000	
0.119560	0.000000	0.429449	0.527937	0.871845	
0.179466	0.006010	0.000000	0.598985	0.813377	
0.851284	0.000121	0.000000	0.692269	0.014723	
0.000006	1.038889	0.000000	0.000000	0.000000	
1.015550	0.000000	0.402639	0.000000	0.000000	
0.008705	0.902583	0.404467	0.000000	0.421335	
0.356377	0.852312	0.453013	0.000000	0.000004	
0.000004	0.789389	0.819598	0.000000	0.000000	
0.288230	0.000000	1.030547	0.000000	0.000000	
0.018577	0.289148	1.035960	0.000000	0.000000	
0.000039	0.000030	1.202190	0.000000	0.000000	
0.777316	0.000000	0.899916	0.000000	0.000000	
0.344250	0.000000	0.000000	0.000000	1.007691	
0.007364	0.000000	0.000013	1.042424	0.352454	
0.000023	0.000306	0.737605	0.797731	0.000009	
0.000302	0.000094	0.760898	0.000000	0.781715	
0.003639	0.986089	0.000000	0.344106	0.000000	
0.857183	0.415865	0.508449	0.000000	0.000000	
0.715270	0.814618	0.001435	0.000000	0.065329	
1.003129	0.000000	0.000000	0.000000	0.340362	
0.539456	0.523049	0.473469	0.530755	0.000000	
0.027958	0.822984	0.518008	0.445838	0.000000	
0.284627	0.985201	0.511529	0.000000	0.000000	
0.478211	0.000000	0.564623	0.000000	0.737851	
0.000000	0.000221	0.000000	0.000189	1.103379	
0.350173	0.403059	0.000000	0.000000	0.880863	
0.217377	0.203826	0.825627	0.513160	0.431262	
0.731500	0.000000	0.000000	0.866311	0.000000	
0.944409	0.000000	0.415582	0.000000	0.000000	
0.241664	0.067900	0.972972	0.415964	0.000000	
0.556997	0.786910	0.512403	0.000000	0.442741	
0.157727	0.382609	0.943334	0.000000	0.471398	
0.432821	0.000000	0.128662	0.880176	0.415129	
0.268253	0.928525	0.482102	0.000000	0.438138	
0.020032	0.000005	0.315800	0.182273	1.023294	
0.000468	0.370476	0.000000	0.000000	1.107443	
0.119560	0.000000	0.429449	0.527937	0.871845	
0.453793	0.000000	0.926781	0.000000	0.000002	
0.752715	0.000000	0.424889	0.437935	0.425697	
0.354442	0.000000	0.437738	0.883099	0.000000	
0.330690	0.000000	0.000000	0.000000	1.027201	
0.013714	0.449307	0.422550	0.000000	0.885423	
0.002452	0.000000	0.355938	1.159555	0.000000	
0.170385	0.406931	0.694946	0.450382	0.836552	
0.027226	0.500834	0.000000	0.407882	0.894403	
0.720279	0.000000	0.001559	0.000000	0.760546	
0.514184	0.536456	0.000000	0.866212	0.000000	
0.007364	0.000000	0.000013	1.042424	0.352454	
