0.816497	0.000000	0.000000	0.408248	0.408248	
0.000000	0.707107	0.707107	0.000000	0.000000	
0.408245	0.816498	0.000000	0.408248	0.000000	
0.816496	0.408249	0.000000	0.408248	0.000000	
0.000000	0.948681	0.316236	0.000000	0.000000	
0.000000	0.000000	0.408248	0.816497	0.408248	
0.000000	0.408249	0.816496	0.408248	0.000000	
0.707107	0.000000	0.707107	0.000000	0.000000	
0.316229	0.948683	0.000000	0.000000	0.000000	
0.000000	0.408248	0.000000	0.408249	0.816496	
0.816496	0.000000	0.408249	0.000000	0.408248	
0.000000	0.316228	0.948683	0.000000	0.000000	
0.000000	0.316228	0.000000	0.948683	0.000000	
0.000000	0.948683	0.000000	0.000000	0.316228	
0.500002	0.500002	0.500003	0.000000	0.499993	
0.000000	0.707105	0.000000	0.000000	0.707109	
0.000000	0.000000	0.707105	0.000000	0.707109	
0.500006	0.500006	0.000000	0.499995	0.499993	
0.000000	0.000000	0.316228	0.948683	0.000000	
0.000000	0.816496	0.408249	0.000000	0.408248	
0.500000	0.499999	0.500000	0.500001	0.000000	
0.408249	0.000000	0.816496	0.000000	0.408248	
0.000000	0.707106	0.000000	0.707107	0.000000	
0.816500	0.408251	0.408238	0.000000	0.000000	
0.948681	0.000000	0.316236	0.000000	0.000000	
0.707105	0.000000	0.000000	0.000000	0.707109	
0.000000	0.000000	0.707106	0.707107	0.000000	
0.000000	0.500006	0.500006	0.499995	0.499993	
0.000000	0.816497	0.000000	0.408248	0.408248	
0.408248	0.000000	0.000000	0.816497	0.408248	
0.000000	0.000000	0.316225	0.000000	0.948684	
0.948683	0.000000	0.000000	0.316229	0.000000	
0.816496	0.408249	0.000000	0.000000	0.408248	
0.408250	0.408250	0.816495	0.000000	0.000000	
0.000000	0.000000	0.948683	0.316229	0.000000	
0.816496	0.000000	0.408249	0.408248	0.000000	
0.000000	0.000000	0.816497	0.408248	0.408248	
0.408248	0.000000	0.408249	0.000000	0.816496	
0.000000	0.816496	0.408249	0.408248	0.000000	
0.000000	0.000000	1.000000	0.000000	0.000000	
0.000000	0.316225	0.000000	0.000000	0.948684	
0.500006	0.000000	0.500006	0.499995	0.499993	
0.408249	0.408248	0.000000	0.000000	0.816496	
0.408251	0.000000	0.408251	0.816494	0.000000	
0.000000	0.000000	0.000000	0.707107	0.707106	
0.000000	0.408251	0.408251	0.816494	0.000000	
0.000000	1.000000	0.000000	0.000000	0.000000	
0.000000	0.000000	0.000000	0.316225	0.948684	
0.000000	0.000000	0.000000	0.948683	0.316228	
0.408251	0.408251	0.000000	0.816494	0.000000	
0.000000	0.408248	0.000000	0.816497	0.408248	
0.316228	0.000000	0.948683	0.000000	0.000000	
0.408248	0.000000	0.000000	0.408249	0.816496	
0.000000	0.408249	0.816496	0.000000	0.408248	
0.000000	0.000000	0.948683	0.000000	0.316228	
0.000000	0.000000	0.000000	0.000000	1.000000	
0.408245	0.816498	0.000000	0.000000	0.408248	
1.000000	0.000000	0.000000	0.000000	0.000000	
0.000000	0.408248	0.408249	0.000000	0.816496	
0.707106	0.000000	0.000000	0.707107	0.000000	
0.000000	0.000000	0.000000	1.000000	0.000000	
0.000000	0.948683	0.000000	0.316229	0.000000	
0.000000	0.000000	0.408248	0.408249	0.816496	
0.316228	0.000000	0.000000	0.948683	0.000000	
0.408249	0.000000	0.816496	0.408248	0.000000	
0.408247	0.816503	0.408238	0.000000	0.000000	
0.948683	0.000000	0.000000	0.000000	0.316228	
0.948694	0.316196	0.000000	0.000000	0.000000	
0.316225	0.000000	0.000000	0.000000	0.948684	
0.707107	0.707107	0.000000	0.000000	0.000000	
0.405068	0.405068	0.000000	0.819723	0.000000	
0.000000	0.000000	0.879349	0.432819	0.227976	
0.376905	0.186234	0.000389	0.810291	0.409751	
0.313109	0.320234	0.896503	0.000000	0.002419	
0.590111	0.590111	0.000000	0.000000	0.551415	
0.501564	0.501564	0.496962	0.500035	0.000000	
0.496173	0.504751	0.500481	0.000000	0.500472	
0.516991	0.000000	0.257017	0.816494	0.000000	
0.000017	0.664045	0.041652	0.000000	0.746531	
0.574275	0.000000	0.574275	0.560588	0.184356	
0.812262	0.009632	0.408543	0.272838	0.316441	
0.398114	0.000000	0.418138	0.000000	0.816496	
0.698826	0.000000	0.698826	0.000000	0.152590	
0.006522	0.395228	0.395282	0.790556	0.250051	
0.404094	0.000000	0.069197	0.409977	0.819953	
0.085601	0.000000	0.000000	0.996329	0.000000	
0.523082	0.211015	0.000000	0.000000	0.825747	
0.000000	0.000000	0.319326	0.947645	0.000000	
0.316219	0.948654	0.007860	0.000000	0.000000	
0.205289	0.003273	0.145180	0.000000	0.968073	
0.292175	0.000000	0.000000	0.956469	0.000000	
0.000000	0.766712	0.643811	0.000000	0.000000	
0.000000	0.000000	0.316225	0.000000	0.948684	
0.000000	0.815753	0.411249	0.000000	0.408553	
0.947196	0.052020	0.010657	0.000000	0.316228	
0.000000	0.407560	0.409414	0.000000	0.816976	
0.000000	0.816497	0.000000	0.408248	0.408248	
0.000000	0.000000	0.000000	0.300900	0.953656	
0.775130	0.000000	0.000000	0.387565	0.499166	
0.343856	0.769198	0.538961	0.000000	0.000000	
