0.000000	0.707107	0.707107	0.000000	0.000000	
0.948663	0.316288	0.000000	0.000000	0.000000	
0.948683	0.000000	0.000000	0.000000	0.316228	
0.000000	0.000000	0.948683	0.316229	0.000000	
0.816496	0.408250	0.000000	0.408248	0.000000	
0.000000	1.000000	0.000000	0.000000	0.000000	
0.408249	0.408248	0.000000	0.000000	0.816496	
0.000000	0.316228	0.000000	0.948683	0.000000	
0.000000	0.000000	0.408248	0.408249	0.816496	
0.000000	0.000000	0.000000	0.948683	0.316229	
0.500002	0.500002	0.500003	0.000000	0.499993	
0.000000	0.948683	0.000000	0.000000	0.316228	
0.000000	0.408248	0.408249	0.000000	0.816496	
0.707107	0.000000	0.707107	0.000000	0.000000	
0.948681	0.000000	0.316236	0.000000	0.000000	
0.408248	0.000000	0.000000	0.816497	0.408248	
0.408248	0.000000	0.408249	0.000000	0.816496	
1.000000	0.000000	0.000000	0.000000	0.000000	
0.499997	0.499997	0.000000	0.500014	0.499991	
0.000000	0.000000	0.948683	0.000000	0.316228	
0.408251	0.000000	0.408251	0.816494	0.000000	
0.316228	0.000000	0.000000	0.948683	0.000000	
0.816496	0.000000	0.408249	0.408248	0.000000	
0.000000	0.499996	0.499997	0.500014	0.499993	
0.816497	0.000000	0.000000	0.408248	0.408248	
0.408248	0.000000	0.000000	0.408249	0.816496	
0.316225	0.000000	0.000000	0.000000	0.948684	
0.707107	0.707107	0.000000	0.000000	0.000000	
0.000000	0.316225	0.000000	0.000000	0.948684	
0.816496	0.000000	0.408249	0.000000	0.408248	
0.000000	0.948681	0.316236	0.000000	0.000000	
0.948683	0.000000	0.000000	0.316229	0.000000	
0.316229	0.948683	0.000000	0.000000	0.000000	
0.000000	0.000000	0.707106	0.707107	0.000000	
0.707106	0.000000	0.000000	0.707107	0.000000	
0.000000	0.000000	0.816497	0.408248	0.408248	
0.000000	0.000000	0.316225	0.000000	0.948684	
0.000000	0.408248	0.000000	0.408249	0.816496	
0.000000	0.000000	0.000000	0.316225	0.948684	
0.500040	0.500040	0.499919	0.500001	0.000000	
0.316228	0.000000	0.948683	0.000000	0.000000	
0.000000	0.000000	0.316228	0.948683	0.000000	
0.000000	0.816496	0.408249	0.408248	0.000000	
0.000000	0.000000	0.707105	0.000000	0.707109	
0.000000	0.408251	0.408251	0.816494	0.000000	
0.499996	0.000000	0.499997	0.500014	0.499993	
0.408262	0.408262	0.816483	0.000000	0.000000	
0.816513	0.408259	0.408204	0.000000	0.000000	
0.408251	0.408251	0.000000	0.816494	0.000000	
0.408245	0.816498	0.000000	0.408248	0.000000	
0.000000	0.000000	1.000000	0.000000	0.000000	
0.408244	0.816504	0.408237	0.000000	0.000000	
0.000000	0.408249	0.816496	0.000000	0.408248	
0.816499	0.408244	0.000000	0.000000	0.408248	
0.000000	0.000000	0.000000	0.000000	1.000000	
0.000000	0.316228	0.948683	0.000000	0.000000	
0.000000	0.948683	0.000000	0.316229	0.000000	
0.000000	0.000000	0.000000	0.707105	0.707109	
0.408249	0.000000	0.816496	0.000000	0.408248	
0.000000	0.408249	0.816496	0.408248	0.000000	
0.000000	0.707105	0.000000	0.000000	0.707109	
0.000000	0.816496	0.408249	0.000000	0.408248	
0.707105	0.000000	0.000000	0.000000	0.707109	
0.408245	0.816499	0.000000	0.000000	0.408248	
0.000000	0.000000	0.000000	1.000000	0.000000	
0.408249	0.000000	0.816496	0.408248	0.000000	
0.000000	0.408248	0.000000	0.816497	0.408248	
0.000000	0.707106	0.000000	0.707107	0.000000	
0.000000	0.000000	0.408248	0.816497	0.408248	
0.000000	0.816497	0.000000	0.408248	0.408248	
0.999735	0.000000	0.000000	0.023026	0.000000	
0.565115	0.000000	0.565116	0.337972	0.503275	
0.000000	0.408249	0.816496	0.408248	0.000000	
0.004048	0.023150	0.031891	0.999226	0.000000	
0.708411	0.000000	0.343280	0.556655	0.265421	
0.006911	0.000000	0.581301	0.822134	0.000000	
0.012738	0.905879	0.112043	0.408248	0.000000	
0.499913	0.499912	0.000000	0.502223	0.500672	
0.329588	0.000000	0.329588	0.000000	0.892142	
0.698127	0.715178	0.000000	0.000000	0.045882	
0.904965	0.119881	0.000000	0.000000	0.408248	
0.448208	0.000000	0.893929	0.000000	0.000000	
0.000000	0.000000	0.948683	0.000000	0.316228	
0.757085	0.584575	0.291707	0.000000	0.001170	
0.322071	0.000000	0.000000	0.200324	0.925279	
0.000000	0.000000	0.549942	0.549943	0.628590	
0.644742	0.000000	0.644742	0.000000	0.410630	
0.000000	0.000000	0.894427	0.447213	0.000000	
0.463330	0.926670	0.000000	0.288147	0.083755	
0.018217	0.409667	0.000000	0.000000	0.912053	
0.471460	0.471460	0.745286	0.000000	0.000000	
0.000000	0.816496	0.408249	0.000000	0.408248	
0.447210	0.894429	0.000000	0.000000	0.000000	
0.012229	0.998865	0.000000	0.000000	0.055547	
0.000000	0.000000	0.707105	0.000000	0.707109	
0.441496	0.144906	0.535799	0.709224	0.000002	
0.629542	0.661067	0.000000	0.000000	0.408248	
0.000000	0.816496	0.408249	0.408248	0.000000	
0.026457	0.916339	0.409518	0.000000	0.004004	
0.000000	0.733384	0.131180	0.527517	0.408248	
