0.000000	0.948683	0.000000	0.000000	0.316228	
0.000000	0.948683	0.000000	0.316229	0.000000	
0.707107	0.000000	0.707107	0.000000	0.000000	
0.000000	0.948681	0.316236	0.000000	0.000000	
0.000000	0.707107	0.707107	0.000000	0.000000	
0.000000	0.000000	0.316228	0.948683	0.000000	
0.316225	0.000000	0.000000	0.000000	0.948684	
0.000000	0.000000	0.316225	0.000000	0.948684	
1.000000	0.000000	0.000000	0.000000	0.000000	
0.000000	0.316225	0.000000	0.000000	0.948684	
0.000000	0.408248	0.000000	0.816497	0.408248	
0.408251	0.408251	0.000000	0.816494	0.000000	
0.000000	0.816496	0.408249	0.000000	0.408248	
0.816496	0.000000	0.408249	0.408248	0.000000	
0.816496	0.000000	0.408249	0.000000	0.408248	
0.499997	0.499996	0.000000	0.500014	0.499993	
0.316229	0.948683	0.000000	0.000000	0.000000	
0.500002	0.500002	0.500003	0.000000	0.499993	
0.000000	0.408248	0.000000	0.408249	0.816496	
0.499996	0.000000	0.499997	0.500014	0.499993	
0.000000	0.408249	0.816496	0.000000	0.408248	
0.000000	0.816497	0.000000	0.408248	0.408248	
0.000000	0.000000	0.000000	1.000000	0.000000	
0.000000	0.816496	0.408249	0.408248	0.000000	
0.000000	0.408251	0.408251	0.816494	0.000000	
0.408249	0.408248	0.000000	0.000000	0.816496	
0.316228	0.000000	0.000000	0.948683	0.000000	
0.000000	0.707105	0.000000	0.000000	0.707109	
0.707107	0.707107	0.000000	0.000000	0.000000	
0.408244	0.816504	0.408237	0.000000	0.000000	
0.408245	0.816498	0.000000	0.408248	0.000000	
0.816496	0.408250	0.000000	0.408248	0.000000	
0.408251	0.000000	0.408251	0.816494	0.000000	
0.707105	0.000000	0.000000	0.000000	0.707109	
0.707106	0.000000	0.000000	0.707107	0.000000	
0.000000	0.000000	0.408248	0.408249	0.816496	
0.000000	0.000000	0.000000	0.948683	0.316228	
0.408262	0.408262	0.816483	0.000000	0.000000	
0.408249	0.000000	0.816496	0.408248	0.000000	
0.000000	0.000000	0.000000	0.316225	0.948684	
0.000000	0.499996	0.499997	0.500014	0.499993	
0.000000	0.000000	0.707106	0.707107	0.000000	
0.408248	0.000000	0.000000	0.408249	0.816496	
0.000000	0.408249	0.816496	0.408248	0.000000	
0.948683	0.000000	0.000000	0.000000	0.316228	
0.000000	0.316228	0.000000	0.948683	0.000000	
0.408245	0.816499	0.000000	0.000000	0.408248	
0.408248	0.000000	0.408249	0.000000	0.816496	
0.000000	0.000000	1.000000	0.000000	0.000000	
0.000000	0.707106	0.000000	0.707107	0.000000	
0.816514	0.408259	0.408204	0.000000	0.000000	
0.948681	0.000000	0.316236	0.000000	0.000000	
0.000000	0.000000	0.408248	0.816497	0.408248	
0.000000	0.000000	0.948683	0.000000	0.316228	
0.948683	0.000000	0.000000	0.316229	0.000000	
0.000000	0.000000	0.707105	0.000000	0.707109	
0.500040	0.500040	0.499919	0.500001	0.000000	
0.408248	0.000000	0.000000	0.816497	0.408248	
0.316228	0.000000	0.948683	0.000000	0.000000	
0.000000	0.000000	0.816497	0.408248	0.408248	
0.000000	0.408248	0.408249	0.000000	0.816496	
0.408249	0.000000	0.816496	0.000000	0.408248	
0.948663	0.316288	0.000000	0.000000	0.000000	
0.000000	0.316228	0.948683	0.000000	0.000000	
0.000000	0.000000	0.948683	0.316229	0.000000	
0.816497	0.000000	0.000000	0.408248	0.408248	
0.000000	1.000000	0.000000	0.000000	0.000000	
0.000000	0.000000	0.000000	0.000000	1.000000	
0.816496	0.408249	0.000000	0.000000	0.408248	
0.000000	0.000000	0.000000	0.707105	0.707109	
0.412500	0.819146	0.407520	0.000000	0.000000	
0.004546	0.742936	0.590139	0.316271	0.000000	
0.915505	0.402307	0.000000	0.000000	0.000000	
0.497284	0.497284	0.506844	0.000000	0.499654	
0.304362	0.003216	0.013702	0.914063	0.267685	
0.202345	0.654061	0.684646	0.000000	0.254662	
0.000000	0.316225	0.000000	0.000000	0.948684	
0.687940	0.000000	0.726296	0.000000	0.000000	
0.015669	0.999877	0.000000	0.000000	0.000000	
0.320052	0.565091	0.218170	0.000000	0.728864	
0.020141	0.000000	0.000000	0.999797	0.000000	
0.792981	0.428641	0.000000	0.144159	0.408248	
0.000846	0.353733	0.789925	0.040391	0.500238	
0.577091	0.000000	0.000330	0.816123	0.030192	
0.058736	0.965113	0.000000	0.000000	0.255614	
0.492892	0.870260	0.000000	0.000000	0.000000	
0.000000	0.316228	0.000000	0.948683	0.000000	
0.000000	0.000000	0.948683	0.000000	0.316228	
0.000000	0.691347	0.000000	0.722572	0.000000	
0.008375	0.932170	0.000000	0.401632	0.000000	
0.001561	0.126800	0.290813	0.951774	0.000000	
0.233692	0.004223	0.972877	0.000000	0.000000	
0.005018	0.915569	0.409448	0.000000	0.000000	
0.894941	0.000000	0.447471	0.000000	0.000000	
0.006650	0.152888	0.306064	0.841168	0.418739	
0.575275	0.575275	0.575276	0.058314	0.061446	
0.000000	0.000000	0.999570	0.000000	0.047931	
0.358722	0.219093	0.441583	0.794189	0.000000	
0.408251	0.408251	0.000346	0.816494	0.000000	
0.000082	0.447884	0.890765	0.090047	0.000000	
