0.038858	0.988433	0.009013	0.651279	
0.019877	1.110886	0.787456	0.010940	
0.652367	0.897242	0.505809	0.444725	
0.693897	0.445902	0.011624	1.047239	
1.049374	0.355887	0.002576	0.456477	
0.429355	0.806584	0.005370	0.645965	
0.496639	1.239056	0.147246	0.000046	
0.013197	0.455626	0.177761	1.173472	
0.033289	1.256165	0.410499	0.003568	
0.019604	1.123523	0.092683	0.342868	
0.172159	0.149922	0.694234	1.003567	
1.248277	0.052460	0.154577	0.096212	
0.020355	0.764625	0.361543	0.805630	
0.064828	0.302391	0.008594	1.231682	
0.005428	0.006545	1.569240	0.003276	
0.084425	0.894993	0.099389	1.147512	
0.914034	0.001331	0.727272	0.297899	
0.749375	0.109252	1.243893	0.039242	
0.671375	0.022568	0.191797	1.241122	
0.939345	0.182506	0.653221	0.038742	
0.739885	0.477704	0.239523	0.853987	
0.570466	1.060265	0.004237	0.305756	
0.189744	1.071465	0.002529	0.448261	
0.000559	0.242454	0.733390	1.106003	
0.036108	0.221690	1.018641	0.647290	
0.000160	0.000645	0.003689	1.401431	
0.915352	0.592330	0.620034	0.317240	
0.902395	0.304512	0.595579	0.438041	
0.877332	0.021357	0.084401	1.037752	
0.036048	0.581779	0.668837	0.764442	
0.843082	0.764477	0.136085	0.414707	
0.878617	0.052390	0.957992	0.328660	
0.136827	1.474052	0.016356	0.132001	
0.539454	0.700911	1.119469	0.058378	
0.824625	0.004515	0.458956	0.752585	
0.491999	0.639253	1.041688	0.412002	
0.112929	0.022014	0.007084	1.251518	
1.161012	0.434794	0.564297	0.003943	
0.155733	0.961157	0.965409	0.044165	
1.165936	0.103449	0.153057	0.000723	
0.567399	0.199035	0.589521	1.040873	
0.303088	0.196130	1.077721	0.287475	
0.388825	0.239024	0.289824	1.202897	
0.059252	0.201742	1.229833	0.125345	
1.246807	0.054353	0.359262	0.001985	
0.687306	1.302618	0.001882	0.033088	
0.027685	0.110797	0.002102	1.239860	
0.244072	1.099448	0.768792	0.045596	
0.926806	0.587054	0.841522	0.003057	
0.001653	0.716536	0.411236	1.182940	
0.016285	0.029313	0.954407	0.847528	
0.562519	0.780328	0.130666	0.686276	
0.326300	0.830275	1.016239	0.000857	
0.645225	0.006782	0.801637	0.829885	
0.436035	1.149108	0.022643	0.044349	
0.196829	0.888678	0.247550	0.882607	
0.000457	0.003225	1.334482	0.658527	
0.339933	0.637494	0.067039	0.912132	
0.812547	0.184575	0.826160	0.050599	
0.172496	0.047982	1.378960	0.015218	
0.008274	0.130101	1.113094	0.285819	
0.274678	0.407788	0.689734	0.794215	
0.289627	0.548916	0.000712	1.323880	
0.038152	1.121041	0.149199	0.814543	
0.000237	0.002895	0.536093	1.188787	
0.552683	0.692335	0.023367	0.721899	
0.846795	0.941939	0.590229	0.029542	
1.223494	0.065259	0.022642	0.506714	
0.022184	1.036316	0.642059	0.356446	
0.256232	1.179012	0.359025	0.210036	
1.089598	0.211072	0.475628	0.028381	
0.080077	0.094877	0.825029	1.041394	
1.174878	0.000281	0.671580	0.045478	
0.805317	0.004548	0.547282	0.866107	
1.280891	0.101668	0.006752	0.356044	
0.784612	0.258537	0.690914	0.443652	
1.162052	0.004285	0.060962	0.997623	
0.003699	0.106801	0.847407	0.813325	
0.079251	0.310417	0.008730	1.220853	
0.155212	0.291077	1.057638	0.615930	
0.742238	0.149165	0.244896	1.175807	
0.426319	0.808981	0.890916	0.014313	
0.300693	0.813050	0.943509	0.322749	
0.012232	0.839376	1.084047	0.428755	
0.802980	1.007102	0.362332	0.041099	
0.915163	1.099530	0.004530	0.104177	
0.795536	0.103555	0.007309	0.744473	
1.256540	0.001209	0.230670	0.398056	
0.003980	0.000050	0.356274	2.100056	
0.639431	0.949301	0.091113	0.308085	
0.737791	0.289312	0.616293	0.784761	
0.087575	0.928382	0.103097	1.121607	
0.139064	0.160957	1.244147	0.003249	
1.074824	0.207837	0.013784	0.737976	
0.908642	0.002864	0.047668	1.149586	
0.443274	0.333129	0.007253	1.193402	
1.010030	0.000972	0.185417	0.663965	
0.016285	1.235358	0.022761	0.046145	
1.038718	0.352273	0.145955	0.455823	
0.014122	0.789246	1.304879	0.012612	
0.892412	0.517144	0.004535	0.709093	
1.419289	0.112653	0.000234	0.103448	
0.285614	1.317470	0.173730	0.045500	
1.270493	0.035951	0.022803	0.356880	
0.500828	0.349967	0.751431	0.834483	
0.201054	0.730320	0.003366	0.901531	
0.000146	0.000609	0.102523	1.449042	
0.007879	0.000456	1.456610	0.291566	
1.078233	0.595102	0.022689	0.011719	
0.531540	0.498676	0.568604	0.938640	
0.630578	0.193054	1.039800	0.354799	
1.205095	0.408698	0.002958	0.095562	
0.285924	0.007391	0.017609	1.253357	
1.064541	0.698393	0.001491	0.454465	
0.052125	1.143635	0.000560	0.845958	
0.028114	0.422019	1.279372	0.087084	
0.206414	1.132749	0.449027	0.284309	
0.023261	0.142812	1.061669	0.664897	
0.967208	0.044459	0.708097	0.279491	
0.837919	0.035086	0.889699	0.450043	
0.163227	0.188924	1.460327	0.000536	
1.049374	0.355887	0.002576	0.456477	
0.825399	0.771054	0.001529	1.062377	
0.729454	0.873965	0.522000	0.070330	
1.021582	0.017504	0.686442	0.652383	
0.595526	0.414221	0.541390	0.780599	
0.591527	0.366084	0.002426	1.195605	
0.447115	0.831006	0.001307	0.867336	
0.739885	0.477704	0.239523	0.853987	
0.891903	0.828178	0.123196	0.257702	
0.297039	0.780557	0.951390	0.153430	
0.980026	0.910089	0.031713	0.541332	
0.833592	0.189355	0.847557	0.039622	
0.291288	0.970639	0.777333	0.154964	
0.171297	0.151667	0.695765	1.018627	
0.496639	1.239056	0.147246	0.000046	
0.999419	0.165635	0.693902	0.503868	
0.877661	0.180407	0.816664	0.406523	
0.493679	0.609221	1.014305	0.650663	
0.265439	0.503073	0.000652	1.332954	
0.042262	1.001666	0.733344	0.630402	
1.428609	0.113393	0.000163	0.265972	
0.435708	0.100054	0.208320	1.200734	
0.322065	1.039483	0.108867	0.332576	
0.052660	0.706541	1.211342	0.051217	
0.674029	0.540842	0.003840	1.028522	
0.065395	0.665453	1.080736	0.235832	
0.716948	0.002148	0.951661	0.762753	
0.000103	0.118059	0.869416	1.032946	
0.152318	0.534982	0.789039	0.907051	
0.002101	0.002869	0.421872	1.219619	
0.034740	0.682653	0.588029	0.939057	
0.020843	0.039340	0.924789	0.821670	
0.744437	0.879831	0.166014	0.312436	
1.029096	0.017632	0.106089	0.805533	
1.411688	0.080245	0.137894	0.133807	
1.090430	0.045215	0.801667	0.096411	
1.167873	0.472289	0.023209	0.037037	
0.027044	0.113368	0.007176	1.267773	
0.018555	0.227583	0.690690	1.011727	
0.018574	0.719344	0.955155	0.765554	
0.569012	0.127263	0.413245	1.024085	
0.252723	0.815680	0.680821	0.334403	
0.199291	0.656821	0.078181	0.868030	
0.837129	0.629120	0.789832	0.005849	
0.000521	0.006357	1.177142	0.442256	
0.745664	0.123580	0.540316	0.761379	
0.632405	0.779727	0.782939	0.219761	
0.208028	0.938795	0.705874	0.294172	
0.038026	1.279530	0.409060	0.003627	
0.008100	0.000469	1.497540	0.285647	
0.004210	0.007387	1.569240	0.003276	
0.298799	1.170359	0.022253	0.115161	
0.771166	0.270512	0.002165	1.019816	
0.867830	0.197133	0.810613	0.039622	
0.708083	0.119083	1.166578	0.030026	
1.070525	0.594351	0.022558	0.115695	
1.144140	0.070821	0.328068	0.222580	
0.927869	0.520413	0.003369	0.885849	
1.223450	0.145127	0.123238	0.017280	
0.004311	0.000034	0.385886	2.274608	
0.838921	0.960840	0.127591	0.017890	
1.036611	0.025235	0.140849	0.751894	
1.253295	0.099478	0.000206	0.514362	
0.925587	1.104880	0.042580	0.102736	
0.291924	0.056449	0.003744	1.283582	
0.322444	1.318822	0.173705	0.045818	
0.645233	0.808270	0.487061	0.576807	
1.552174	0.025927	0.490579	0.129230	
0.054281	1.150432	0.803302	0.002733	
0.777120	0.583925	0.774993	0.380658	
0.467911	1.136501	0.022643	0.044349	
1.229404	0.009883	0.114846	0.434900	
1.166873	0.138416	0.117539	0.081470	
0.005771	0.000141	1.184730	0.445106	
0.931032	1.095086	0.106543	0.046333	
0.064087	0.889397	0.731721	0.757070	
0.030133	0.919867	1.254986	0.140923	
0.143163	0.744417	0.007519	1.000263	
0.022074	0.144887	1.075356	0.673250	
