1.000000	0.000000	0.000000	0.000000	0.000000	
0.501282	0.000000	0.501281	0.000000	0.705290	
0.316214	0.000000	0.000000	0.948688	0.000000	
0.948679	0.000000	0.316241	0.000000	0.000000	
0.707107	0.000000	0.707107	0.000000	0.000000	
0.501282	0.000000	0.000000	0.501281	0.705290	
0.948683	0.000000	0.000000	0.316227	0.000000	
0.000000	0.316214	0.000000	0.948688	0.000000	
0.000000	0.426590	0.000000	0.853203	0.300111	
0.408242	0.408241	0.000000	0.816503	0.000000	
0.000000	0.501282	0.501281	0.000000	0.705290	
0.426589	0.853203	0.000000	0.000000	0.300111	
0.816490	0.000000	0.408255	0.408255	0.000000	
0.000000	0.534931	0.534931	0.534913	0.376252	
0.000000	0.000000	0.948683	0.316227	0.000000	
0.000000	1.000000	0.000000	0.000000	0.000000	
0.707107	0.000000	0.000000	0.707107	0.000000	
0.000000	0.000000	1.000000	0.000000	0.000000	
0.534931	0.000000	0.534931	0.534912	0.376255	
0.000000	0.000000	0.000000	1.000000	0.000000	
0.000000	0.428191	0.000000	0.000000	0.903688	
0.000000	0.000000	0.000000	0.428191	0.903688	
0.408247	0.000000	0.816494	0.408255	0.000000	
0.000000	0.000000	0.000000	0.973590	0.228302	
0.000000	0.000000	0.428191	0.000000	0.903688	
0.499982	0.499982	0.500041	0.499995	0.000000	
0.426599	0.000000	0.853198	0.000000	0.300111	
0.000000	0.501282	0.000000	0.501281	0.705290	
0.000000	0.000000	0.501282	0.501281	0.705290	
0.853198	0.426598	0.000000	0.000000	0.300111	
0.534934	0.534933	0.000000	0.534906	0.376255	
0.408265	0.408264	0.816480	0.000000	0.000000	
0.000000	0.853200	0.000000	0.426596	0.300111	
0.000000	0.000000	0.000000	0.000000	1.000000	
0.816486	0.408242	0.408275	0.000000	0.000000	
0.000000	0.853194	0.426608	0.000000	0.300111	
0.000000	0.000000	0.973590	0.000000	0.228302	
0.000000	0.816490	0.408255	0.408255	0.000000	
0.000000	0.948699	0.316180	0.000000	0.000000	
0.000000	0.817887	0.000000	0.000000	0.575378	
0.408238	0.816498	0.000000	0.408255	0.000000	
0.000000	0.316228	0.948683	0.000000	0.000000	
0.707107	0.707106	0.000000	0.000000	0.000000	
0.000000	0.408242	0.408242	0.816503	0.000000	
0.853194	0.000000	0.426608	0.000000	0.300111	
0.316228	0.000000	0.948683	0.000000	0.000000	
0.000000	0.426599	0.853198	0.000000	0.300111	
0.000000	0.707107	0.707107	0.000000	0.000000	
0.000000	0.948683	0.000000	0.316227	0.000000	
0.853200	0.000000	0.000000	0.426596	0.300111	
0.000000	0.707107	0.000000	0.707107	0.000000	
0.817887	0.000000	0.000000	0.000000	0.575378	
0.973590	0.000000	0.000000	0.000000	0.228302	
0.000000	0.408247	0.816494	0.408255	0.000000	
0.000000	0.000000	0.817887	0.000000	0.575378	
0.316261	0.948672	0.000000	0.000000	0.000000	
0.000000	0.973590	0.000000	0.000000	0.228302	
0.428191	0.000000	0.000000	0.000000	0.903688	
0.000000	0.000000	0.316214	0.948688	0.000000	
0.408234	0.816491	0.408275	0.000000	0.000000	
0.501282	0.501281	0.000000	0.000000	0.705290	
0.426590	0.000000	0.000000	0.853203	0.300111	
0.534939	0.534938	0.534897	0.000000	0.376255	
0.000000	0.000000	0.707107	0.707106	0.000000	
0.000000	0.000000	0.853200	0.426596	0.300111	
0.816494	0.408246	0.000000	0.408255	0.000000	
0.948685	0.316222	0.000000	0.000000	0.000000	
0.408242	0.000000	0.408242	0.816503	0.000000	
0.000000	0.000000	0.000000	0.817887	0.575378	
0.000000	0.000000	0.426589	0.853203	0.300111	
0.501282	0.000000	0.000000	0.501281	0.705290	
0.893755	0.446876	0.038772	0.000000	0.000000	
0.426439	0.137810	0.000000	0.896333	0.000000	
0.755195	0.044592	0.000000	0.534906	0.376255	
0.000000	0.000000	1.000000	0.000015	0.000000	
0.000000	0.817887	0.000000	0.000000	0.575378	
0.973178	0.000000	0.028325	0.000000	0.228302	
0.050714	0.822983	0.565798	0.000000	0.000000	
0.050167	0.018542	0.839089	0.541359	0.000000	
0.066246	0.067985	0.869108	0.504756	0.000000	
0.909056	0.347592	0.000000	0.045759	0.225174	
0.612818	0.612817	0.505198	0.000000	0.000000	
0.031479	0.000000	0.062958	0.997521	0.000000	
0.000000	0.263041	0.798586	0.541359	0.000000	
0.000000	0.000000	0.316214	0.948688	0.000000	
0.707107	0.707106	0.000000	0.000000	0.000000	
0.849473	0.000000	0.337039	0.405956	0.000000	
0.000000	0.312942	0.938825	0.000000	0.143791	
0.000000	0.829604	0.381836	0.408430	0.000000	
0.786702	0.000000	0.000000	0.230349	0.576676	
0.000463	0.000208	0.638662	0.708551	0.300111	
0.408242	0.408241	0.000000	0.816503	0.000000	
0.356752	0.000000	0.356752	0.872297	0.000000	
0.912859	0.000000	0.408275	0.000000	0.000000	
0.316261	0.948672	0.000000	0.000000	0.000000	
0.309528	0.755900	0.577646	0.000000	0.000000	
0.000000	0.301316	0.000000	0.953524	0.000000	
0.959046	0.000000	0.000000	0.284098	0.000000	
0.583516	0.461826	0.372090	0.000000	0.558024	
0.994194	0.111567	0.000000	0.000000	0.000000	
