0.000000	0.948713	0.316138	0.000000	0.000000	
1.000290	0.000000	0.000000	0.000000	0.000000	
0.501229	0.000000	0.000000	0.501229	0.705365	
0.000000	0.973590	0.000000	0.000000	0.228302	
0.817924	0.000000	0.000000	0.000000	0.575326	
0.000000	0.316330	0.000000	0.948649	0.000000	
0.000000	0.000000	0.501232	0.501231	0.705361	
0.000000	0.948673	0.000000	0.316259	0.000000	
0.816532	0.408199	0.000000	0.408226	0.000000	
0.500179	0.500085	0.499762	0.499975	0.000000	
0.000000	0.853305	0.426365	0.000000	0.300140	
0.000000	0.000000	0.316330	0.948649	0.000000	
0.000000	0.501254	0.501253	0.000000	0.705330	
0.000000	0.707107	0.707107	0.000000	0.000000	
0.316167	0.948704	0.000000	0.000000	0.000000	
0.000000	1.000000	0.000000	0.000000	0.000000	
0.408332	0.816466	0.000000	0.408225	0.000000	
0.000000	0.817924	0.000000	0.000000	0.575326	
0.000000	0.000000	0.853224	0.426560	0.300094	
0.948703	0.000000	0.316168	0.000000	0.000000	
0.000000	0.816614	0.408036	0.408227	0.000000	
0.000000	0.000000	0.000000	0.973590	0.228302	
0.000000	0.426575	0.000000	0.853216	0.300094	
0.707225	0.000000	0.000000	0.707223	0.000000	
0.426642	0.000000	0.853182	0.000000	0.300094	
0.853231	0.426546	0.000000	0.000000	0.300094	
0.501218	0.501246	0.000000	0.000000	0.705361	
0.000000	0.426642	0.853182	0.000000	0.300094	
0.501688	0.000000	0.501688	0.000000	0.705939	
0.000000	0.408294	0.816484	0.408226	0.000000	
0.316330	0.000000	0.000000	0.948649	0.000000	
0.408294	0.000000	0.816484	0.408226	0.000000	
0.710082	0.710032	0.000002	0.000000	0.000000	
0.973590	0.000000	0.000000	0.000000	0.228302	
0.816625	0.000000	0.408014	0.408227	0.000000	
0.426576	0.000000	0.000000	0.853216	0.300093	
0.000000	0.000000	0.000000	1.000000	0.000000	
0.000000	0.000000	0.000000	0.428220	0.903674	
0.000000	0.000000	0.000000	0.000000	1.000000	
0.000000	0.000000	0.426576	0.853216	0.300093	
0.000000	0.000000	0.948681	0.316235	0.000000	
0.816453	0.408198	0.408386	0.000000	0.000000	
0.316232	0.000000	0.948682	0.000000	0.000000	
0.535204	0.535166	0.000000	0.534325	0.376382	
0.000000	0.000000	0.973590	0.000000	0.228301	
0.000000	0.000000	1.000000	0.000000	0.000000	
0.408354	0.816519	0.408098	0.000000	0.000000	
0.000000	0.853237	0.000000	0.426539	0.300085	
0.000000	0.000000	0.428220	0.000000	0.903674	
0.000000	0.501230	0.000000	0.501228	0.705365	
0.408309	0.000000	0.408330	0.816425	0.000000	
0.853237	0.000000	0.000000	0.426539	0.300085	
0.000000	0.000000	0.707107	0.707106	0.000000	
0.000000	0.316096	0.948727	0.000000	0.000000	
0.000000	0.000000	0.000000	0.817826	0.575465	
0.000000	0.428220	0.000000	0.000000	0.903674	
0.000000	0.707107	0.000000	0.707106	0.000000	
0.948681	0.000000	0.000000	0.316235	0.000000	
0.948690	0.316209	0.000000	0.000000	0.000000	
0.707170	0.000000	0.707169	0.000000	0.000000	
0.428220	0.000000	0.000000	0.000000	0.903674	
0.000000	0.407076	0.409634	0.816388	0.000000	
0.853271	0.000000	0.426464	0.000000	0.300094	
0.000000	0.000000	0.817924	0.000000	0.575326	
0.534855	0.534923	0.534839	0.000000	0.376475	
0.000003	0.534841	0.534840	0.535097	0.376250	
0.426684	0.853160	0.000000	0.000000	0.300097	
0.408299	0.408322	0.000000	0.816434	0.000000	
0.408192	0.408163	0.816567	0.000000	0.000000	
0.534946	0.000000	0.534945	0.534887	0.376249	
0.501688	0.000000	0.501688	0.000000	0.705939	
0.000000	0.707140	0.707139	0.000000	0.000000	
0.000000	0.000000	0.627953	0.744012	0.228301	
0.816447	0.408157	0.013177	0.408226	0.000000	
0.009143	0.393212	0.000000	0.579262	0.713972	
0.594259	0.601990	0.533375	0.000000	0.000000	
0.000000	0.948713	0.316138	0.000000	0.000000	
0.562977	0.000000	0.281375	0.741785	0.306040	
0.282929	0.289500	0.411796	0.816434	0.000000	
0.637945	0.046038	0.650665	0.411806	0.000000	
0.853231	0.426546	0.000000	0.000000	0.300094	
0.985962	0.166971	0.000000	0.000000	0.000000	
0.730582	0.000000	0.000000	0.000000	0.682825	
0.501218	0.501246	0.000000	0.000048	0.705361	
0.161952	0.636415	0.000000	0.656698	0.370804	
0.094874	0.190931	0.611900	0.763710	0.000000	
0.534855	0.534923	0.534839	0.000000	0.376475	
0.824603	0.347698	0.446246	0.000000	0.000000	
0.000000	0.000000	0.476080	0.525180	0.705361	
0.360234	0.136310	0.272324	0.000000	0.881754	
0.211226	0.235646	0.000000	0.949033	0.000000	
0.189647	0.000000	0.379250	0.000000	0.905651	
0.000000	0.501400	0.501400	0.000000	0.705536	
0.054098	0.574373	0.024577	0.816434	0.000000	
0.710164	0.710114	0.000002	0.000000	0.000000	
0.397534	0.000000	0.000000	0.585471	0.706534	
0.316232	0.000000	0.948682	0.000000	0.000000	
0.000000	0.000000	0.973590	0.000000	0.228301	
0.206484	0.730201	0.000000	0.535715	0.377361	
0.006715	0.698857	0.000000	0.234034	0.701760	
