0.000000	0.428191	0.000000	0.000000	0.903688	
0.000000	0.000000	0.501277	0.501276	0.705297	
0.000000	0.707107	0.000000	0.707107	0.000000	
0.000000	0.000000	1.000000	0.000000	0.000000	
0.000000	0.000000	0.973590	0.000000	0.228302	
0.408241	0.816505	0.000000	0.408238	0.000000	
0.000000	0.853200	0.000000	0.426596	0.300111	
0.973590	0.000000	0.000000	0.000000	0.228302	
0.408240	0.408239	0.000000	0.816506	0.000000	
0.408234	0.816491	0.408275	0.000000	0.000000	
0.000000	0.000000	0.000000	0.973590	0.228302	
0.853203	0.426588	0.000000	0.000000	0.300111	
0.426589	0.853203	0.000000	0.000000	0.300111	
0.816491	0.408233	0.408275	0.000000	0.000000	
0.707107	0.000000	0.000000	0.707107	0.000000	
0.000000	0.000000	0.000000	1.000000	0.000000	
0.948678	0.000000	0.316245	0.000000	0.000000	
0.000000	0.501276	0.000000	0.501276	0.705297	
0.853191	0.000000	0.426613	0.000000	0.300111	
0.853200	0.000000	0.000000	0.426596	0.300111	
0.816494	0.000000	0.408264	0.408238	0.000000	
0.534935	0.534934	0.000000	0.534907	0.376251	
0.948685	0.316222	0.000000	0.000000	0.000000	
0.534939	0.534939	0.534895	0.000000	0.376255	
0.000000	0.707107	0.707107	0.000000	0.000000	
0.316189	0.000000	0.000000	0.948696	0.000000	
0.000000	0.816494	0.408264	0.408238	0.000000	
0.707107	0.707106	0.000000	0.000000	0.000000	
0.000000	0.501276	0.501276	0.000000	0.705297	
0.426599	0.000000	0.853198	0.000000	0.300111	
0.000000	0.000000	0.853200	0.426596	0.300111	
0.948683	0.000000	0.000000	0.316227	0.000000	
0.316261	0.948672	0.000000	0.000000	0.000000	
0.000000	0.000000	0.000000	0.000000	1.000000	
0.707107	0.000000	0.707107	0.000000	0.000000	
0.000000	0.000000	0.707107	0.707106	0.000000	
0.817887	0.000000	0.000000	0.000000	0.575379	
0.000000	0.948682	0.000000	0.316232	0.000000	
0.501276	0.000000	0.501276	0.000000	0.705297	
0.000000	0.408250	0.816501	0.408238	0.000000	
0.408250	0.000000	0.816501	0.408238	0.000000	
0.426590	0.000000	0.000000	0.853203	0.300111	
0.501277	0.501276	0.000000	0.000000	0.705297	
0.534931	0.000000	0.534931	0.534912	0.376255	
0.000000	0.817891	0.000000	0.000000	0.575374	
0.000000	0.973590	0.000000	0.000000	0.228302	
0.000000	0.000000	0.316189	0.948696	0.000000	
0.316228	0.000000	0.948683	0.000000	0.000000	
0.000000	0.000000	0.817891	0.000000	0.575373	
0.000000	1.000000	0.000000	0.000000	0.000000	
0.000000	0.426589	0.000000	0.853203	0.300111	
0.428191	0.000000	0.000000	0.000000	0.903688	
0.000000	0.000000	0.000000	0.817887	0.575379	
0.000000	0.426599	0.853198	0.000000	0.300111	
0.499982	0.499982	0.500061	0.499975	0.000000	
0.000000	0.534932	0.534932	0.534913	0.376250	
0.000000	0.000000	0.948682	0.316232	0.000000	
0.408265	0.408264	0.816480	0.000000	0.000000	
0.000000	0.316189	0.000000	0.948696	0.000000	
0.000000	0.000000	0.428191	0.000000	0.903688	
0.000000	0.000000	0.000000	0.428191	0.903688	
0.000000	0.316228	0.948683	0.000000	0.000000	
0.000000	0.408258	0.408258	0.816487	0.000000	
0.000000	0.000000	0.426589	0.853203	0.300111	
0.816506	0.408240	0.000000	0.408238	0.000000	
0.501277	0.000000	0.000000	0.501276	0.705297	
0.000000	0.853206	0.426584	0.000000	0.300111	
0.000000	0.948700	0.316177	0.000000	0.000000	
0.408242	0.000000	0.408242	0.816503	0.000000	
1.000000	0.000000	0.000000	0.000000	0.000000	
0.000000	0.000000	0.410174	0.288585	0.865145	
0.853191	0.000000	0.426613	0.000000	0.300111	
0.381186	0.000000	0.381186	0.762391	0.360883	
0.000000	0.000000	0.000000	0.973590	0.228302	
0.755339	0.615513	0.000000	0.000000	0.228484	
0.000000	0.416634	0.000000	0.855501	0.307465	
0.696171	0.123879	0.707107	0.000000	0.000000	
0.631179	0.000000	0.000000	0.315586	0.709228	
0.624612	0.000000	0.624611	0.000000	0.527175	
0.000000	0.600720	0.600720	0.426660	0.311789	
0.428191	0.000139	0.000000	0.000000	0.903688	
0.000000	0.043116	0.000000	0.657070	0.753312	
0.000000	0.151525	0.000000	0.988721	0.000000	
0.352493	0.886387	0.000000	0.000000	0.300111	
0.447729	0.000000	0.895459	0.000000	0.000000	
0.000000	0.000000	0.707107	0.707106	0.000000	
0.027262	0.030766	0.999155	0.000000	0.000000	
0.710187	0.355082	0.355119	0.000000	0.493398	
0.408265	0.408264	0.816480	0.000000	0.000000	
0.990601	0.000000	0.000000	0.000000	0.136786	
0.525656	0.347146	0.000000	0.184693	0.755219	
0.146297	0.170716	0.222326	0.948696	0.000000	
0.000000	0.513932	0.488399	0.000000	0.705370	
0.066632	0.033315	0.036332	0.000000	0.997845	
0.022245	0.009392	0.000047	0.920135	0.412728	
0.000000	0.746745	0.386933	0.540976	0.000000	
0.426599	0.000000	0.853198	0.000000	0.300111	
0.524016	0.747795	0.000000	0.408348	0.000000	
0.000000	1.000000	0.000000	0.000000	0.000000	
0.000000	0.973590	0.000000	0.000000	0.228302	
