0.408242	0.408241	0.000000	0.816503	0.000000	
0.501282	0.000000	0.000000	0.501281	0.705290	
0.853200	0.000000	0.000000	0.426596	0.300108	
0.000000	0.707107	0.707107	0.000000	0.000000	
0.426590	0.000000	0.000000	0.853203	0.300110	
0.000000	0.000000	0.316214	0.948688	0.000000	
0.000000	0.000000	0.000000	0.000000	1.000000	
0.000000	0.000000	0.000000	1.000000	0.000000	
0.426599	0.000000	0.853199	0.000000	0.300108	
0.948683	0.000000	0.000000	0.316227	0.000000	
0.000000	0.316228	0.948683	0.000000	0.000000	
0.000000	0.000000	1.000000	0.000000	0.000000	
0.000000	0.000000	0.000000	0.428191	0.903688	
0.000000	0.501282	0.000000	0.501281	0.705290	
0.408238	0.816498	0.000000	0.408255	0.000000	
0.853198	0.426598	0.000000	0.000000	0.300111	
0.000000	0.707107	0.000000	0.707107	0.000000	
0.000000	0.408242	0.408242	0.816503	0.000000	
0.000000	0.000000	0.817887	0.000000	0.575378	
0.408234	0.816491	0.408275	0.000000	0.000000	
0.408242	0.000000	0.408242	0.816503	0.000000	
0.000000	0.817887	0.000000	0.000000	0.575378	
0.000000	0.000000	0.428191	0.000000	0.903688	
0.500016	0.500015	0.499975	0.499995	0.000000	
0.000000	0.000000	0.973590	0.000000	0.228302	
0.000000	0.501282	0.501281	0.000000	0.705290	
0.707107	0.000000	0.707107	0.000000	0.000000	
0.000000	0.948699	0.316180	0.000000	0.000000	
0.000000	0.428191	0.000000	0.000000	0.903688	
0.000000	0.973590	0.000000	0.000000	0.228302	
0.501282	0.000000	0.501281	0.000000	0.705290	
0.000000	0.000000	0.853200	0.426596	0.300111	
0.316261	0.948672	0.000000	0.000000	0.000000	
0.000000	0.426590	0.000000	0.853203	0.300110	
0.534934	0.534933	0.000000	0.534906	0.376255	
1.000000	0.000000	0.000000	0.000000	0.000000	
0.408247	0.000000	0.816494	0.408255	0.000000	
0.534939	0.534938	0.534897	0.000000	0.376255	
0.973590	0.000000	0.000000	0.000000	0.228302	
0.000000	0.000000	0.948683	0.316227	0.000000	
0.428191	0.000000	0.000000	0.000000	0.903688	
0.000000	0.948683	0.000000	0.316227	0.000000	
0.000000	0.853194	0.426608	0.000000	0.300111	
0.000000	0.534931	0.534931	0.534912	0.376255	
0.817887	0.000000	0.000000	0.000000	0.575378	
0.000000	0.408247	0.816494	0.408255	0.000000	
0.000000	0.816490	0.408255	0.408255	0.000000	
0.316214	0.000000	0.000000	0.948688	0.000000	
0.948685	0.316222	0.000000	0.000000	0.000000	
0.000000	1.000000	0.000000	0.000000	0.000000	
0.501282	0.501281	0.000000	0.000000	0.705290	
0.000000	0.000000	0.426589	0.853203	0.300111	
0.408265	0.408264	0.816480	0.000000	0.000000	
0.948679	0.000000	0.316241	0.000000	0.000000	
0.853194	0.000000	0.426608	0.000000	0.300111	
0.534931	0.000000	0.534931	0.534912	0.376255	
0.000000	0.000000	0.501282	0.501281	0.705290	
0.000000	0.000000	0.707107	0.707106	0.000000	
0.000000	0.426599	0.853198	0.000000	0.300111	
0.816486	0.408242	0.408275	0.000000	0.000000	
0.816490	0.000000	0.408255	0.408255	0.000000	
0.000000	0.000000	0.000000	0.817887	0.575378	
0.000000	0.316214	0.000000	0.948688	0.000000	
0.000000	0.853791	0.000000	0.426891	0.300318	
0.316228	0.000000	0.948683	0.000000	0.000000	
0.000000	0.000000	0.000000	0.973590	0.228302	
0.816494	0.408246	0.000000	0.408255	0.000000	
0.707107	0.707107	0.000000	0.000000	0.000000	
0.707107	0.000000	0.000000	0.707107	0.000000	
0.426589	0.853203	0.000000	0.000000	0.300111	
0.998174	0.000000	0.000000	0.060406	0.000000	
0.000000	0.000000	0.000000	0.817887	0.575378	
0.000000	0.000000	0.717897	0.017794	0.704810	
0.828894	0.414446	0.000000	0.000000	0.376894	
0.777897	0.630365	0.000000	0.000000	0.000000	
0.812040	0.005718	0.000000	0.000000	0.590028	
0.000000	0.920284	0.000000	0.408576	0.000000	
0.052830	0.998602	0.001878	0.000000	0.000000	
0.313175	0.000533	0.939528	0.143826	0.000000	
0.488291	0.488290	0.000000	0.723288	0.000000	
0.000000	0.536190	0.536189	0.533410	0.376072	
0.271624	0.000000	0.814873	0.512166	0.000000	
0.000000	0.316214	0.000000	0.948688	0.000000	
0.000000	0.654463	0.654463	0.058144	0.376181	
0.609017	0.167019	0.521120	0.000000	0.575990	
0.667200	0.695558	0.000000	0.022762	0.265595	
0.287694	0.024527	0.316194	0.000000	0.903688	
0.000000	0.153153	0.000000	1.010536	0.000000	
0.678242	0.000000	0.736279	0.000000	0.015652	
0.079332	0.000000	0.000000	0.411453	0.909020	
0.031783	0.016389	0.315158	0.951587	0.000000	
0.912867	0.000000	0.000752	0.408255	0.000000	
0.982130	0.000000	0.258155	0.000000	0.018281	
0.189396	0.000000	0.000000	0.982296	0.000000	
0.501828	0.498274	0.500014	0.500034	0.000000	
0.489088	0.509875	0.000000	0.657597	0.268369	
0.089154	0.000000	0.997177	0.000000	0.005112	
0.087522	0.956047	0.000000	0.000000	0.293656	
0.406481	0.812985	0.000000	0.406499	0.097483	
0.000000	0.000000	0.000000	0.973590	0.228302	
