0.534931	0.000000	0.534931	0.534912	0.376255	
0.000000	0.000000	0.000000	0.000000	1.000000	
0.000000	0.426590	0.000000	0.853203	0.300111	
0.426590	0.000000	0.000000	0.853203	0.300111	
0.707107	0.000000	0.707107	0.000000	0.000000	
0.000000	0.000000	0.000000	0.428191	0.903688	
0.000000	0.000000	0.973590	0.000000	0.228302	
0.853198	0.426598	0.000000	0.000000	0.300111	
0.000000	0.000000	0.853200	0.426596	0.300111	
0.948685	0.316222	0.000000	0.000000	0.000000	
0.000000	0.948699	0.316180	0.000000	0.000000	
0.426589	0.853203	0.000000	0.000000	0.300111	
0.000000	0.426599	0.853198	0.000000	0.300111	
0.000000	0.428191	0.000000	0.000000	0.903688	
0.853200	0.000000	0.000000	0.426596	0.300111	
0.534934	0.534933	0.000000	0.534906	0.376255	
0.000000	0.408247	0.816494	0.408255	0.000000	
0.000000	1.000000	0.000000	0.000000	0.000000	
0.707107	0.707106	0.000000	0.000000	0.000000	
0.499982	0.499982	0.500041	0.499995	0.000000	
0.000000	0.000000	0.707107	0.707106	0.000000	
0.408234	0.816491	0.408275	0.000000	0.000000	
0.816486	0.408242	0.408275	0.000000	0.000000	
0.000000	0.000000	0.501282	0.501281	0.705290	
0.000000	0.000000	0.948683	0.316227	0.000000	
0.408247	0.000000	0.816494	0.408255	0.000000	
0.817887	0.000000	0.000000	0.000000	0.575378	
0.000000	0.000000	0.000000	0.817887	0.575378	
0.816494	0.408246	0.000000	0.408255	0.000000	
0.408242	0.000000	0.408242	0.816503	0.000000	
0.000000	0.000000	0.428191	0.000000	0.903688	
0.000000	0.000000	0.426589	0.853203	0.300111	
0.000000	0.000000	0.000000	0.973590	0.228302	
0.000000	0.316214	0.000000	0.948688	0.000000	
0.000000	0.707107	0.707107	0.000000	0.000000	
0.000000	0.000000	1.000000	0.000000	0.000000	
0.534939	0.534938	0.534897	0.000000	0.376255	
0.000000	0.000000	0.000000	1.000000	0.000000	
0.000000	0.817887	0.000000	0.000000	0.575378	
0.501282	0.000000	0.501281	0.000000	0.705290	
0.000000	0.501282	0.501281	0.000000	0.705290	
0.707107	0.000000	0.000000	0.707107	0.000000	
0.000000	0.408242	0.408242	0.816503	0.000000	
0.316228	0.000000	0.948683	0.000000	0.000000	
0.316214	0.000000	0.000000	0.948688	0.000000	
0.000000	0.816490	0.408255	0.408255	0.000000	
0.973590	0.000000	0.000000	0.000000	0.228302	
0.000000	0.534931	0.534931	0.534913	0.376252	
1.000000	0.000000	0.000000	0.000000	0.000000	
0.000000	0.316228	0.948683	0.000000	0.000000	
0.000000	0.000000	0.316214	0.948688	0.000000	
0.426599	0.000000	0.853198	0.000000	0.300111	
0.853194	0.000000	0.426608	0.000000	0.300111	
0.000000	0.501282	0.000000	0.501281	0.705290	
0.000000	0.853200	0.000000	0.426596	0.300111	
0.948683	0.000000	0.000000	0.316227	0.000000	
0.428191	0.000000	0.000000	0.000000	0.903688	
0.408238	0.816498	0.000000	0.408255	0.000000	
0.316261	0.948672	0.000000	0.000000	0.000000	
0.501282	0.501281	0.000000	0.000000	0.705290	
0.948679	0.000000	0.316241	0.000000	0.000000	
0.408265	0.408264	0.816480	0.000000	0.000000	
0.501282	0.000000	0.000000	0.501281	0.705290	
0.816490	0.000000	0.408255	0.408255	0.000000	
0.408242	0.408241	0.000000	0.816503	0.000000	
0.000000	0.948683	0.000000	0.316227	0.000000	
0.000000	0.707107	0.000000	0.707107	0.000000	
0.000000	0.000000	0.817887	0.000000	0.575378	
0.000000	0.973590	0.000000	0.000000	0.228302	
0.000000	0.853194	0.426608	0.000000	0.300111	
0.000000	0.501282	0.501281	0.000000	0.705290	
1.000000	0.000000	0.000000	0.000000	0.000000	
0.453445	0.000000	0.000000	0.906915	0.000000	
0.000000	0.017765	0.000000	0.999949	0.000000	
0.730563	0.000000	0.198888	0.535368	0.376576	
0.577941	0.000000	0.000268	0.817351	0.000000	
0.386534	0.834388	0.000000	0.303417	0.249654	
0.435640	0.021198	0.000000	0.000000	0.899881	
0.000000	0.000000	0.000000	0.825734	0.580899	
0.571780	0.557544	0.131704	0.000000	0.587253	
0.338969	0.702332	0.551397	0.139504	0.261423	
0.000000	0.316228	0.948683	0.000000	0.000000	
0.000000	0.000000	0.428191	0.000000	0.903688	
0.086152	0.096376	0.000000	0.000000	0.993864	
0.093576	0.908059	0.000000	0.408255	0.000000	
0.926516	0.000000	0.000000	0.000000	0.376255	
0.000000	0.000000	0.299067	0.642748	0.705290	
0.000000	0.991519	0.000000	0.129963	0.000000	
0.000000	0.000000	0.817887	0.000000	0.575378	
0.000000	0.973590	0.000000	0.000000	0.228302	
0.340651	0.732872	0.571420	0.144570	0.105981	
0.655145	0.655144	0.001973	0.000000	0.376255	
0.692454	0.000000	0.000000	0.151899	0.705290	
0.785078	0.041242	0.388732	0.392222	0.352009	
0.471418	0.039518	0.881024	0.000000	0.000000	
0.426488	0.000000	0.852976	0.021777	0.300111	
0.000000	0.000000	0.650498	0.650497	0.392054	
0.000000	0.579116	0.000000	0.815850	0.000000	
0.446117	0.892258	0.069679	0.000000	0.000000	
0.913172	0.000000	0.408531	0.000000	0.000000	
