0.000000	0.000000	1.000000	0.000000	0.000000	
0.000000	0.000000	0.428191	0.000000	0.903688	
0.000000	0.816490	0.408255	0.408255	0.000000	
0.948685	0.316222	0.000000	0.000000	0.000000	
0.408265	0.408264	0.816480	0.000000	0.000000	
0.816495	0.408244	0.000000	0.408255	0.000000	
0.000000	0.501282	0.000000	0.501281	0.705290	
0.000000	0.000000	0.948683	0.316227	0.000000	
0.316214	0.000000	0.000000	0.948688	0.000000	
0.000000	0.000000	0.501282	0.501281	0.705290	
0.000000	0.000000	0.000000	0.817887	0.575378	
0.000000	0.973590	0.000000	0.000000	0.228302	
0.973590	0.000000	0.000000	0.000000	0.228302	
0.316261	0.948672	0.000000	0.000000	0.000000	
0.534934	0.534933	0.000000	0.534906	0.376255	
0.000000	0.000000	0.316214	0.948688	0.000000	
0.000000	0.853200	0.000000	0.426596	0.300111	
0.000000	0.000000	0.973590	0.000000	0.228302	
0.000000	0.853191	0.426612	0.000000	0.300111	
0.501282	0.000000	0.501281	0.000000	0.705290	
0.948679	0.000000	0.316241	0.000000	0.000000	
0.499982	0.499982	0.500041	0.499995	0.000000	
0.000000	0.707107	0.707107	0.000000	0.000000	
0.501282	0.501281	0.000000	0.000000	0.705290	
0.000000	0.316214	0.000000	0.948688	0.000000	
0.426589	0.853203	0.000000	0.000000	0.300111	
0.408234	0.816491	0.408275	0.000000	0.000000	
0.000000	0.501276	0.501276	0.000000	0.705297	
0.501282	0.000000	0.000000	0.501281	0.705290	
0.000000	1.000000	0.000000	0.000000	0.000000	
0.000000	0.817887	0.000000	0.000000	0.575378	
0.707107	0.000000	0.000000	0.707107	0.000000	
0.000000	0.000000	0.817887	0.000000	0.575378	
0.817887	0.000000	0.000000	0.000000	0.575378	
0.000000	0.316228	0.948683	0.000000	0.000000	
0.000000	0.948683	0.000000	0.316227	0.000000	
0.408242	0.408241	0.000000	0.816503	0.000000	
0.853198	0.426598	0.000000	0.000000	0.300111	
0.000000	0.000000	0.000000	1.000000	0.000000	
0.408242	0.000000	0.408242	0.816503	0.000000	
0.000000	0.534932	0.534931	0.534913	0.376252	
0.707107	0.707106	0.000000	0.000000	0.000000	
0.428191	0.000000	0.000000	0.000000	0.903688	
0.816486	0.408242	0.408275	0.000000	0.000000	
0.316228	0.000000	0.948683	0.000000	0.000000	
0.000000	0.000000	0.000000	0.000000	1.000000	
1.000000	0.000000	0.000000	0.000000	0.000000	
0.707107	0.000000	0.707107	0.000000	0.000000	
0.948683	0.000000	0.000000	0.316227	0.000000	
0.534939	0.534938	0.534897	0.000000	0.376255	
0.534931	0.000000	0.534931	0.534912	0.376255	
0.426599	0.000000	0.853198	0.000000	0.300111	
0.408238	0.816498	0.000000	0.408255	0.000000	
0.000000	0.426590	0.000000	0.853203	0.300111	
0.000000	0.000000	0.000000	0.973590	0.228302	
0.816490	0.000000	0.408255	0.408255	0.000000	
0.853194	0.000000	0.426608	0.000000	0.300111	
0.000000	0.000000	0.426589	0.853203	0.300111	
0.000000	0.428191	0.000000	0.000000	0.903688	
0.426590	0.000000	0.000000	0.853203	0.300111	
0.000000	0.408242	0.408242	0.816503	0.000000	
0.000000	0.000000	0.853200	0.426596	0.300111	
0.000000	0.000000	0.000000	0.428191	0.903688	
0.408247	0.000000	0.816494	0.408255	0.000000	
0.853200	0.000000	0.000000	0.426596	0.300111	
0.000000	0.000000	0.707107	0.707106	0.000000	
0.000000	0.408247	0.816494	0.408255	0.000000	
0.000000	0.426599	0.853198	0.000000	0.300111	
0.000000	0.707107	0.000000	0.707107	0.000000	
0.000000	0.948699	0.316180	0.000000	0.000000	
0.000058	0.240801	0.379644	0.899168	0.000826	
0.440656	0.000000	0.881313	0.000000	0.170616	
0.828198	0.000000	0.414115	0.000000	0.377632	
0.435793	0.842683	0.316180	0.000000	0.000000	
0.408270	0.000000	0.408270	0.816475	0.000000	
0.862568	0.000000	0.000000	0.000000	0.505941	
0.000000	1.000000	0.000000	0.000000	0.000000	
0.948679	0.000000	0.316241	0.000000	0.000000	
0.000000	0.000000	0.932859	0.000000	0.360375	
0.000000	0.000000	0.447214	0.894427	0.000000	
0.888541	0.444269	0.157068	0.000000	0.000000	
0.000000	0.072183	0.072183	0.000000	1.001077	
0.061376	0.449404	0.891218	0.000000	0.000000	
0.000000	0.316214	0.000000	0.948688	0.000000	
0.000003	0.965714	0.000000	0.000000	0.259610	
0.286085	0.238020	0.372153	0.372140	0.764536	
0.000000	0.702328	0.000000	0.645499	0.300111	
0.002524	0.816333	0.408179	0.408179	0.019327	
0.913932	0.000000	0.000000	0.273355	0.300121	
0.243891	0.458596	0.000000	0.482669	0.706028	
0.000000	0.819943	0.000000	0.000000	0.572462	
0.004411	0.017253	0.000000	0.940693	0.341816	
0.501282	0.000000	0.501281	0.000000	0.705290	
0.345734	0.000000	0.172871	0.875727	0.301161	
0.448467	0.000000	0.893800	0.000000	0.000000	
0.000000	0.428191	0.000000	0.000000	0.903688	
0.000000	0.000000	0.428388	0.000000	0.904103	
0.592492	0.000000	0.000000	0.800583	0.089555	
0.993179	0.051464	0.104633	0.000000	0.000000	
0.259526	0.257055	0.000000	0.730585	0.576901	
