0.000000	0.000000	0.817887	0.000000	0.575378	
0.534931	0.000000	0.534931	0.534912	0.376255	
0.000000	0.000000	0.501282	0.501281	0.705290	
0.501282	0.000000	0.000000	0.501281	0.705290	
0.000000	0.000000	0.973590	0.000000	0.228302	
0.707107	0.707106	0.000000	0.000000	0.000000	
0.408238	0.816498	0.000000	0.408255	0.000000	
0.853200	0.000000	0.000000	0.426596	0.300111	
0.000000	0.000000	0.316214	0.948688	0.000000	
0.707107	0.000000	0.707107	0.000000	0.000000	
0.000000	0.948699	0.316180	0.000000	0.000000	
0.948685	0.316222	0.000000	0.000000	0.000000	
0.000000	0.000000	1.000000	0.000000	0.000000	
0.408242	0.000000	0.408242	0.816503	0.000000	
0.000000	1.000000	0.000000	0.000000	0.000000	
0.316261	0.948672	0.000000	0.000000	0.000000	
0.853198	0.426598	0.000000	0.000000	0.300111	
0.501282	0.000000	0.501281	0.000000	0.705290	
0.534934	0.534933	0.000000	0.534906	0.376255	
0.000000	0.428191	0.000000	0.000000	0.903688	
0.816488	0.000000	0.408259	0.408255	0.000000	
0.948683	0.000000	0.000000	0.316227	0.000000	
0.973590	0.000000	0.000000	0.000000	0.228302	
0.000000	0.816488	0.408259	0.408255	0.000000	
0.816487	0.408242	0.408275	0.000000	0.000000	
0.000000	0.426599	0.853198	0.000000	0.300111	
0.000000	0.707107	0.707107	0.000000	0.000000	
0.000000	0.534932	0.534931	0.534913	0.376252	
0.534939	0.534938	0.534897	0.000000	0.376255	
0.426599	0.000000	0.853198	0.000000	0.300111	
0.817887	0.000000	0.000000	0.000000	0.575378	
0.000000	0.853200	0.000000	0.426596	0.300111	
0.000000	0.948683	0.000000	0.316227	0.000000	
0.000000	0.408247	0.816494	0.408255	0.000000	
0.000000	0.817887	0.000000	0.000000	0.575378	
0.000000	0.000000	0.000000	1.000000	0.000000	
0.000000	0.000000	0.000000	0.428191	0.903688	
0.000000	0.853191	0.426612	0.000000	0.300111	
0.000000	0.000000	0.707107	0.707106	0.000000	
0.000000	0.000000	0.426589	0.853203	0.300111	
0.000000	0.408242	0.408242	0.816503	0.000000	
0.816495	0.408244	0.000000	0.408255	0.000000	
0.501282	0.501281	0.000000	0.000000	0.705290	
0.000000	0.707107	0.000000	0.707107	0.000000	
0.948679	0.000000	0.316241	0.000000	0.000000	
0.316214	0.000000	0.000000	0.948688	0.000000	
0.408247	0.000000	0.816494	0.408255	0.000000	
0.408242	0.408241	0.000000	0.816503	0.000000	
0.000000	0.000000	0.948683	0.316227	0.000000	
0.408265	0.408264	0.816480	0.000000	0.000000	
0.000000	0.316214	0.000000	0.948688	0.000000	
0.499977	0.499976	0.500052	0.499995	0.000000	
0.000000	0.000000	0.428191	0.000000	0.903688	
0.408234	0.816491	0.408275	0.000000	0.000000	
0.707107	0.000000	0.000000	0.707107	0.000000	
0.426590	0.000000	0.000000	0.853203	0.300111	
0.000000	0.501276	0.501276	0.000000	0.705297	
0.316228	0.000000	0.948683	0.000000	0.000000	
0.426589	0.853203	0.000000	0.000000	0.300111	
1.000000	0.000000	0.000000	0.000000	0.000000	
0.000000	0.501282	0.000000	0.501281	0.705290	
0.853194	0.000000	0.426608	0.000000	0.300111	
0.428191	0.000000	0.000000	0.000000	0.903688	
0.000000	0.000000	0.000000	0.973590	0.228302	
0.000000	0.000000	0.000000	0.000000	1.000000	
0.000000	0.316228	0.948683	0.000000	0.000000	
0.000000	0.000000	0.853200	0.426596	0.300111	
0.000000	0.000000	0.000000	0.817887	0.575378	
0.000000	0.426590	0.000000	0.853203	0.300111	
0.000000	0.973590	0.000000	0.000000	0.228302	
0.000000	0.000000	0.973590	0.000000	0.228302	
0.119888	0.000000	0.292606	0.948688	0.000000	
0.406895	0.393390	0.413495	0.000000	0.713234	
0.210949	0.217870	0.214471	0.189405	0.910094	
0.000000	0.943333	0.000000	0.000000	0.331847	
0.297361	0.297361	0.909636	0.000000	0.000000	
0.717332	0.393066	0.000000	0.000000	0.575432	
0.632792	0.632791	0.447583	0.000000	0.000000	
0.000000	0.000000	0.679074	0.733562	0.027311	
0.707107	0.000000	0.000000	0.707107	0.000000	
0.000000	0.736279	0.000000	0.682600	0.000000	
0.623717	0.000000	0.268954	0.733414	0.027311	
0.435841	0.000000	0.849205	0.000000	0.300304	
0.307213	0.160270	0.245054	0.360755	0.832423	
0.464840	0.384371	0.603173	0.382943	0.379708	
0.000022	0.382753	0.441969	0.826865	0.000000	
0.000000	0.999161	0.029068	0.028840	0.000000	
0.000000	0.000000	0.999765	0.000000	0.021683	
0.000000	0.293124	0.313165	0.837300	0.382043	
0.240754	0.248653	0.244773	0.360342	0.831469	
0.956910	0.000000	0.000000	0.000000	0.290385	
0.959474	0.000024	0.281790	0.000000	0.002073	
0.000000	0.550865	0.550865	0.000000	0.626973	
0.407979	0.801023	0.402047	0.173991	0.000000	
0.000000	0.763093	0.453526	0.000000	0.464552	
0.000000	0.528688	0.564831	0.547039	0.384781	
0.811840	0.000000	0.000000	0.000000	0.584041	
0.000000	0.000000	0.817887	0.000000	0.575378	
0.426582	0.037090	0.000000	0.000000	0.903688	
0.000000	0.000000	0.000000	0.973620	0.228309	
