0.853203	0.000000	0.000000	0.426599	0.300098	
0.000001	0.501260	0.000000	0.501259	0.705321	
0.000000	0.000000	0.707107	0.707106	0.000000	
0.501262	0.501257	0.000000	0.000000	0.705321	
0.534945	0.534940	0.534892	0.000000	0.376249	
0.426641	0.000000	0.853181	0.000000	0.300098	
0.408210	0.816502	0.408275	0.000000	0.000000	
0.000000	0.426575	0.000000	0.853215	0.300096	
0.534841	0.000000	0.534840	0.535096	0.376250	
1.000000	0.000000	0.000000	0.000000	0.000000	
0.000000	0.000000	0.000000	0.817875	0.575396	
0.948681	0.000000	0.000000	0.316234	0.000000	
0.000000	0.408305	0.408305	0.816440	0.000000	
0.000000	0.000000	0.316330	0.948649	0.000000	
0.000000	0.316185	0.000000	0.948697	0.000000	
0.707107	0.000000	0.707107	0.000000	0.000000	
0.000000	0.000000	0.817875	0.000000	0.575396	
0.428206	0.000000	0.000000	0.000000	0.903681	
0.000000	0.316228	0.948683	0.000000	0.000000	
0.948700	0.000000	0.316177	0.000000	0.000000	
0.316228	0.000000	0.948683	0.000000	0.000000	
0.408179	0.408176	0.816567	0.000000	0.000000	
0.973590	0.000000	0.000000	0.000000	0.228302	
0.426673	0.853159	0.000000	0.000000	0.300117	
0.853229	0.426546	0.000000	0.000000	0.300098	
0.534959	0.534921	0.000000	0.534897	0.376249	
0.501260	0.000000	0.000000	0.501259	0.705321	
0.000000	0.408291	0.816486	0.408226	0.000000	
0.499922	0.500342	0.499762	0.499975	0.000000	
0.000000	0.428206	0.000000	0.000000	0.903681	
0.000000	0.000000	0.501260	0.501259	0.705321	
0.316167	0.948704	0.000000	0.000000	0.000000	
0.000000	0.816495	0.408274	0.408227	0.000000	
0.408291	0.000000	0.816486	0.408226	0.000000	
0.408259	0.000000	0.408259	0.816486	0.000000	
0.000000	0.000000	0.428206	0.000000	0.903681	
0.408329	0.816461	0.000000	0.408238	0.000000	
0.816513	0.000000	0.408238	0.408227	0.000000	
0.000000	0.853222	0.000000	0.426560	0.300098	
0.000000	0.000000	0.000000	0.428206	0.903681	
0.000000	0.707107	0.000000	0.707107	0.000000	
0.000000	0.000000	0.000000	1.000000	0.000000	
0.000000	0.000000	0.948744	0.316256	0.000000	
0.000000	0.973590	0.000000	0.000000	0.228302	
0.316185	0.000000	0.000000	0.948697	0.000000	
0.000000	0.000000	0.853199	0.426594	0.300116	
0.000000	0.000000	0.973590	0.000000	0.228302	
0.000000	0.948681	0.000000	0.316234	0.000000	
0.853255	0.000000	0.426494	0.000000	0.300098	
0.000000	0.853257	0.426490	0.000000	0.300098	
0.000000	1.000000	0.000000	0.000000	0.000000	
0.000000	0.501254	0.501253	0.000000	0.705329	
0.501255	0.000000	0.501254	0.000000	0.705328	
0.000000	0.707107	0.707107	0.000000	0.000000	
0.000000	0.000000	0.426573	0.853211	0.300117	
0.817875	0.000000	0.000000	0.000000	0.575396	
0.816497	0.408222	0.408275	0.000000	0.000000	
0.408392	0.408389	0.000000	0.816355	0.000000	
0.707110	0.707104	0.000000	0.000000	0.000000	
0.426589	0.000000	0.000000	0.853208	0.300098	
0.000000	0.817874	0.000000	0.000000	0.575398	
0.707107	0.000000	0.000000	0.707107	0.000000	
0.948685	0.316222	0.000000	0.000000	0.000000	
0.000000	0.948700	0.316177	0.000000	0.000000	
0.000000	0.426641	0.853181	0.000000	0.300098	
0.000000	0.000000	0.000000	0.973590	0.228302	
0.000000	0.000000	1.000000	0.000000	0.000000	
0.816506	0.408240	0.000000	0.408238	0.000000	
0.000000	0.534841	0.534840	0.535096	0.376250	
0.000000	0.000000	0.000000	0.000000	1.000000	
0.000000	0.000000	0.000000	1.000920	0.000000	
0.621983	0.205805	0.655147	0.000000	0.376250	
0.381604	0.178835	0.000000	0.887902	0.230470	
0.892518	0.451012	0.000000	0.000000	0.000000	
0.853322	0.000000	0.426522	0.000000	0.300121	
0.507970	0.168079	0.535055	0.535311	0.376400	
0.198764	0.146770	0.176697	0.977722	0.000000	
0.000000	0.000000	0.948744	0.316256	0.000000	
0.316228	0.000000	0.948683	0.000000	0.000000	
0.663185	0.753376	0.000000	0.000000	0.000000	
0.988697	0.012998	0.135056	0.071165	0.000000	
0.000000	0.970900	0.000000	0.246005	0.000000	
0.027269	0.000000	0.977857	0.223664	0.358776	
0.628774	0.000000	0.205279	0.281881	0.715391	
0.000000	0.737440	0.683519	0.072632	0.000000	
0.838408	0.124037	0.575998	0.000057	0.000000	
0.000000	0.430836	0.000000	0.861738	0.303093	
0.268572	0.000000	0.451832	0.424946	0.767095	
0.000000	0.000000	0.000000	0.992838	0.232815	
0.408538	0.816879	0.000000	0.408447	0.017757	
0.820928	0.410437	0.410490	0.000000	0.000000	
0.000000	0.854367	0.427044	0.000000	0.296126	
0.000000	0.952471	0.000000	0.072138	0.300501	
0.333646	0.942698	0.000000	0.000000	0.000000	
0.848750	0.000421	0.000000	0.000000	0.541047	
0.000000	0.408291	0.816486	0.408226	0.000000	
0.551651	0.183735	0.575484	0.575824	0.000000	
0.642670	0.000000	0.000000	0.766143	0.000000	
0.054689	0.002451	0.258384	0.000000	0.964945	
0.401737	0.171223	0.000000	0.000000	0.921615	
