0.205321	0.095467	0.201515	0.000023	
0.101392	0.043073	0.044679	0.312328	
0.294130	0.115370	0.042364	0.049209	
0.000819	0.313704	0.000348	0.185935	
0.356606	0.036865	0.035864	0.072542	
0.010889	0.295814	0.194212	0.001379	
0.468431	0.000299	0.032186	0.000031	
0.003427	0.000095	0.249536	0.248172	
0.130096	0.319016	0.000022	0.052567	
0.013946	0.062672	0.424186	0.000238	
0.119432	0.276767	0.000440	0.104919	
0.302555	0.003246	0.163294	0.031297	
0.120004	0.162460	0.056121	0.163281	
0.076489	0.217257	0.098281	0.108971	
0.427651	0.040555	0.032150	0.000584	
0.396993	0.006995	0.066404	0.032959	
0.337703	0.040385	0.075475	0.047938	
0.388734	0.039516	0.072583	0.000024	
0.117158	0.274257	0.055520	0.054034	
0.280743	0.000960	0.128699	0.090981	
0.002931	0.374345	0.123329	0.000415	
0.341552	0.000309	0.120412	0.038715	
0.339048	0.000232	0.037024	0.125234	
0.109416	0.222629	0.166362	0.002168	
0.210106	0.040021	0.208120	0.042924	
0.005620	0.067262	0.185201	0.243777	
0.203995	0.000507	0.048656	0.247907	
0.205864	0.049595	0.243566	0.002388	
0.116246	0.000168	0.000021	0.384083	
0.140544	0.159097	0.105561	0.095784	
0.130848	0.060705	0.151661	0.156940	
0.327705	0.051288	0.122358	0.000075	
0.206887	0.291991	0.000848	0.000492	
0.045872	0.134500	0.272698	0.047960	
0.178061	0.002455	0.272915	0.047998	
0.208026	0.000055	0.003258	0.290109	
0.286825	0.029574	0.100202	0.084601	
0.199846	0.003391	0.145107	0.152775	
0.433144	0.000394	0.067515	0.000093	
0.124744	0.000676	0.270541	0.105559	
0.000359	0.000304	0.439011	0.061956	
0.111530	0.331459	0.057551	0.000432	
0.343349	0.122547	0.000223	0.034714	
0.125101	0.103203	0.208962	0.063778	
0.199813	0.245975	0.001910	0.054362	
0.008782	0.237035	0.204534	0.050911	
0.340936	0.000079	0.080416	0.079651	
0.000001	0.505120	0.000001	0.000002	
0.256727	0.188544	0.059082	0.000648	
0.000000	0.000000	0.501093	0.000000	
0.119002	0.000030	0.382472	0.000410	
0.120836	0.000326	0.170056	0.210145	
0.382008	0.000026	0.118906	0.000003	
0.164775	0.127564	0.006276	0.202895	
0.385982	0.039784	0.001696	0.074067	
0.281367	0.000758	0.001190	0.217929	
0.324059	0.127109	0.046675	0.003207	
0.214760	0.145939	0.092506	0.047974	
0.004091	0.067904	0.303906	0.125099	
0.002906	0.000497	0.310734	0.187334	
0.099180	0.051331	0.349029	0.001431	
0.029927	0.134495	0.032508	0.304553	
0.001957	0.001138	0.128178	0.369843	
0.432236	0.000019	0.032567	0.035511	
0.001634	0.317528	0.120605	0.061439	
0.099062	0.278401	0.123390	0.000029	
0.130423	0.003716	0.104285	0.262536	
0.002301	0.434062	0.063932	0.000875	
0.403568	0.033602	0.024616	0.039566	
0.393318	0.000274	0.036093	0.072601	
0.000000	0.000000	0.000000	0.500866	
0.101360	0.215115	0.100214	0.084619	
0.433905	0.066710	0.000282	0.000799	
0.000001	0.443429	0.000000	0.062338	
0.208636	0.096965	0.147562	0.047970	
0.390625	0.108697	0.001836	0.000513	
0.012322	0.002888	0.059372	0.427210	
0.199824	0.255528	0.045569	0.000362	
0.009355	0.121300	0.000916	0.369576	
0.212946	0.006969	0.186020	0.095609	
0.226553	0.176792	0.044619	0.053274	
0.000000	0.168998	0.335157	0.000224	
0.113364	0.052463	0.277046	0.058338	
0.229869	0.178678	0.004088	0.088443	
0.275756	0.098408	0.000569	0.126787	
0.000366	0.000156	0.188976	0.312912	
0.137667	0.002827	0.206740	0.153931	
0.283683	0.043967	0.131261	0.042437	
1.079845	0.000001	0.000003	0.000000	
0.278028	0.097739	0.037042	0.088481	
0.331777	0.089187	0.080083	0.000061	
0.389309	0.073354	0.036553	0.002826	
0.469253	0.000322	0.000225	0.031344	
0.207058	0.049497	0.000418	0.244578	
0.279409	0.004730	0.215188	0.000851	
0.201791	0.105429	0.060830	0.132758	
0.155013	0.203124	0.000579	0.143124	
0.002018	0.000033	0.373858	0.125102	
0.143566	0.007280	0.047244	0.303987	
0.113362	0.386553	0.000425	0.000432	
0.281165	0.177023	0.000524	0.042314	
0.120457	0.057645	0.001257	0.322061	
0.000794	0.126148	0.187792	0.186254	
0.429916	0.002312	0.000076	0.068511	
0.208802	0.001893	0.289522	0.000549	
0.280737	0.219075	0.000124	0.000877	
0.286541	0.002599	0.045050	0.166906	
0.005499	0.192211	0.171718	0.131695	
0.000996	0.377868	0.060796	0.061430	
0.342398	0.002610	0.000198	0.155845	
0.011234	0.303100	0.062109	0.124682	
0.215174	0.058220	0.091693	0.137022	
0.216881	0.000686	0.097735	0.186446	
0.195776	0.051013	0.048482	0.205960	
0.003308	0.248443	0.248660	0.000662	
0.204102	0.156858	0.002017	0.137761	
0.000216	0.374989	0.000340	0.124740	
0.001733	0.254738	0.041493	0.202802	
0.108039	0.001490	0.343895	0.047998	
0.273779	0.000550	0.088212	0.138588	
0.344734	0.000758	0.155267	0.000098	
0.390429	0.001051	0.001146	0.108518	
0.289915	0.083748	0.083772	0.043354	
0.192938	0.088762	0.128698	0.090981	
0.426017	0.006715	0.032603	0.035103	
0.001781	0.000277	0.437621	0.061956	
0.198061	0.073222	0.093035	0.136733	
0.318005	0.000022	0.098984	0.085120	
0.190434	0.183225	0.063330	0.063929	
0.115899	0.000167	0.000363	0.384064	
0.119618	0.031703	0.047499	0.302850	
0.101360	0.215115	0.100214	0.084619	
0.122784	0.001454	0.174374	0.202893	
0.000000	0.000000	0.000000	0.501873	
0.212923	0.007198	0.186401	0.095748	
0.355013	0.000398	0.111312	0.035725	
0.045874	0.134506	0.272709	0.047660	
0.273210	0.213201	0.013652	0.000753	
0.131926	0.003797	0.102693	0.262527	
0.008461	0.304449	0.053165	0.134799	
0.088998	0.201274	0.000858	0.210427	
0.173831	0.093329	0.105702	0.128532	
0.008476	0.003749	0.176933	0.312350	
0.385170	0.040484	0.001695	0.074047	
0.154927	0.025589	0.272915	0.047998	
0.456396	0.002295	0.001276	0.041347	
0.000001	0.358764	0.084597	0.062328	
0.382811	0.011084	0.106029	0.001450	
0.186247	0.257931	0.056743	0.000353	
0.271387	0.000511	0.197544	0.031320	
0.005903	0.301343	0.161915	0.032138	
0.014021	0.003267	0.060830	0.423023	
0.141407	0.327689	0.000526	0.031933	
0.118146	0.295356	0.001785	0.085721	
0.004789	0.288436	0.148621	0.059647	
0.286429	0.002719	0.045051	0.166910	
0.210326	0.032727	0.047443	0.211201	
0.076117	0.342075	0.082680	0.000235	
0.263968	0.070959	0.065786	0.100520	
0.001003	0.450759	0.048751	0.000932	
0.303968	0.128866	0.032610	0.035559	
0.413115	0.025503	0.024697	0.038036	
0.206342	0.158580	0.004280	0.132076	
0.003530	0.000064	0.328176	0.169701	
0.083214	0.247305	0.169470	0.000432	
0.377798	0.114176	0.009116	0.000000	
0.272713	0.071704	0.081236	0.075479	
0.434750	0.065863	0.000282	0.000797	
0.358285	0.034382	0.036018	0.072432	
0.009847	0.343700	0.022894	0.124682	
0.287441	0.000020	0.089471	0.123389	
0.120230	0.057645	0.001586	0.322244	
0.001916	0.001115	0.128354	0.370160	
0.006403	0.000154	0.243787	0.251553	
0.187073	0.000324	0.312820	0.000538	
0.008676	0.462949	0.012344	0.017598	
0.231705	0.005572	0.012918	0.251404	
0.098183	0.000155	0.349741	0.052923	
0.163228	0.003642	0.074899	0.259171	
0.278530	0.083580	0.085774	0.053529	
0.142449	0.356112	0.002152	0.000268	
0.432856	0.000628	0.067573	0.000089	
0.000136	0.026598	0.474251	0.000415	
0.178061	0.002455	0.272915	0.047998	
0.281048	0.003817	0.000149	0.215719	
0.235180	0.112514	0.027904	0.125558	
0.001250	0.421192	0.016164	0.062475	
0.109612	0.155424	0.090290	0.145942	
0.000117	0.001934	0.373850	0.125099	
0.118350	0.000646	0.382355	0.000410	
0.249714	0.194866	0.003053	0.053234	
0.003248	0.243909	0.253279	0.000662	
0.215480	0.065099	0.219576	0.000605	
0.412061	0.001784	0.001787	0.085793	
0.125436	0.000025	0.270629	0.105594	
0.473428	0.000325	0.027642	0.000018	
0.098207	0.278945	0.123289	0.000432	
0.144357	0.005277	0.197600	0.153931	
0.172176	0.254961	0.032181	0.041059	
0.002105	0.254499	0.041514	0.202907	
