1.439829	0.007433	0.045952	2.700870	
0.000071	0.000535	0.000074	23.474554	
0.089095	11.634420	0.000027	5.195341	
4.363463	0.042570	2.264657	0.079096	
0.884545	6.157014	0.366378	5.245172	
0.000148	0.000149	10.351088	2.430813	
0.000016	1.373563	0.001898	10.580270	
1.528919	0.001570	12.660784	0.000379	
1.521261	3.690457	2.577021	0.001421	
0.001229	0.000068	6.879531	0.742574	
0.984451	0.042871	0.151171	3.565410	
3.247413	0.066599	1.820285	0.670281	
45.908716	0.000058	16.268646	0.013244	
2.062044	5.675031	0.015137	0.010465	
7.174615	2.047291	0.023684	0.000567	
0.036830	5.099067	2.614756	0.000236	
12.186813	1.800469	0.000048	0.051368	
7.386872	16.693112	0.000031	0.512811	
96.543603	0.023672	0.000741	0.003290	
2.912611	0.387978	2.408981	0.317341	
0.132248	6.324896	1.243415	0.039213	
6.935250	0.632004	0.001632	0.029882	
7.100358	0.008953	1.173521	0.000025	
4.519471	0.368026	1.726406	0.194959	
5.017002	0.004894	4.833617	0.489079	
0.023145	9.304374	0.000125	2.548401	
0.000134	11.797540	0.000133	0.000549	
4.503775	0.007283	0.037436	1.174567	
0.157719	2.258789	19.990271	0.000599	
4.333833	4.227555	0.149300	2.343434	
10.995712	0.000646	0.002367	1.222424	
0.007657	0.000371	51.185325	0.000002	
1.050894	19.179940	5.746897	0.000001	
28.773214	0.000241	8.921357	0.022376	
1.101702	0.005688	0.036035	3.600169	
4.008248	0.007143	2.227718	0.566366	
1.138245	0.000180	16.674663	0.113593	
0.000140	0.000141	9.835265	2.639636	
4.430905	0.093915	2.280645	0.001242	
0.000132	15.094794	0.009357	0.000815	
0.000058	17.506189	2.580797	2.173812	
21.022129	3.372521	0.000056	0.001763	
0.813097	5.659692	0.654213	5.046257	
5.042973	0.106664	0.004643	0.625530	
7.250279	0.044005	0.734079	0.004697	
0.000002	0.274899	6.623070	0.746496	
0.000043	7.607011	128.651789	0.000059	
0.000003	0.010496	32.326102	0.002282	
0.022801	9.401873	0.048840	2.957936	
12.719675	0.000141	0.094765	3.472553	
5.228141	0.110813	0.226400	0.240692	
8.547608	0.674298	0.023684	0.000567	
0.092455	3.775507	1.949569	0.197235	
14.419098	2.234578	4.756827	0.000001	
0.000009	0.001000	0.647748	11.275463	
6.436104	0.136416	0.005926	0.223033	
11.124162	1.118818	0.000042	0.503240	
0.000394	0.000005	13.969016	3.747788	
1.089976	0.000172	16.309018	0.264694	
9.268301	0.001464	0.121317	2.908165	
5.391243	0.105467	0.553843	0.162908	
22.292313	3.271883	0.000058	0.001847	
3.905478	0.006959	2.170600	0.726436	
0.002912	8.930444	0.428835	2.988187	
0.000004	0.000667	0.000079	25.926546	
1.050894	19.179940	5.746897	0.000001	
0.011185	0.000000	63.731362	0.037838	
0.296432	6.694967	3.024569	0.000002	
0.085417	7.852119	0.008727	0.269332	
4.286389	0.090852	2.206261	0.223204	
0.000002	0.274899	6.623070	0.746496	
0.258997	0.001577	15.848715	0.002260	
0.520825	16.885762	0.951587	0.000047	
58.019833	0.000155	4.905498	0.013403	
0.000298	0.000009	10.723160	2.838682	
145.683236	21.390656	0.000483	0.000022	
16.550221	1.375033	0.000083	0.051510	
0.022170	8.522637	6.136938	0.176959	
0.000000	0.001373	7.283275	0.786154	
0.000001	0.000815	0.676823	46.899109	
4.237920	0.085240	2.222061	0.387770	
0.911726	0.071924	7.804848	0.000539	
9.268301	0.001464	0.121317	2.908165	
51.996422	0.647307	2.048219	0.000002	
4.286389	0.090852	2.206261	0.223204	
0.056483	11.448444	2.251271	0.000005	
0.003277	0.000029	0.001231	18.126526	
12.169785	0.070166	0.000611	3.790572	
14.966792	0.113406	0.007306	0.005084	
0.000123	0.142775	14.205872	0.018575	
0.004044	11.300592	0.019415	0.029933	
4.260437	0.090302	2.235816	0.220151	
16.550221	1.375033	0.000083	0.051510	
40.906006	0.000343	3.481268	0.000030	
0.000000	0.001373	7.283275	0.786154	
0.006032	77.597514	15.185373	0.000035	
5.467119	0.001228	2.808610	0.277309	
0.000658	75.031950	9.650965	0.000037	
7.683022	0.190217	0.000018	2.836409	
0.111066	22.392147	0.000101	0.076673	
24.863443	0.434663	0.002269	0.118083	
0.000938	0.000006	19.024499	1.155470	
45.850156	5.687849	0.714348	0.000002	
0.000002	0.037213	25.946885	0.009325	
19.225736	0.135615	4.163419	0.000001	
0.003687	0.000419	0.000209	6.251020	
12.163208	0.070622	0.000611	3.788677	
4.334339	0.091868	2.230941	0.151714	
59.166734	5.083655	0.000186	0.000192	
0.000063	31.588706	0.054265	0.000845	
0.026072	0.000386	14.514368	0.011918	
9.014521	0.187365	0.023632	0.000565	
0.353253	0.001345	0.000001	42.399678	
0.000000	0.001373	7.283275	0.786154	
110.625635	0.000295	9.353248	0.007316	
0.000513	89.884007	11.561272	0.000044	
1.050894	19.179940	5.746897	0.000001	
0.000004	0.000413	0.267410	16.607119	
0.005412	0.000000	142.251518	15.273515	
82.373730	0.000094	41.958980	0.000085	
12.115993	1.014671	0.013332	0.011186	
9.733442	0.073752	0.004752	0.055522	
0.112989	9.415037	0.166157	0.207545	
30.101371	0.000252	2.545045	0.019379	
0.066884	0.000019	15.580436	0.407665	
0.000073	0.000001	0.016115	29.839791	
0.300430	0.004636	11.935988	0.000865	
0.003410	9.528190	1.792452	0.029933	
115.453338	0.000132	9.825479	0.000086	
98.471329	9.517777	0.000026	2.283753	
21.375123	0.096363	0.000567	0.134184	
8.066617	0.000462	4.143351	0.409095	
0.092017	17.016157	0.000077	0.096610	
22.797861	0.003601	0.305449	0.053212	
0.003277	0.000029	0.001231	18.126526	
0.171289	21.429972	0.000049	0.051427	
7.108882	0.489412	0.620187	0.096462	
0.026072	0.000386	14.514368	0.011918	
19.083672	0.172504	4.268593	0.000001	
0.000001	0.003513	0.000086	118.336602	
0.033430	0.000000	22.448073	0.004426	
4.742575	0.186202	0.760462	0.000018	
10.562523	0.051845	0.005143	0.060092	
0.663191	44.237314	0.000103	0.001720	
0.363818	10.351546	0.490948	0.002950	
0.000003	0.000253	0.164176	23.659270	
0.006108	0.000000	160.537742	0.195207	
11.617903	0.002610	0.060002	0.303847	
0.150099	7.178641	0.372701	0.038331	
20.988139	0.059096	0.003109	0.281990	
0.012670	0.591019	0.000001	87.454578	
0.651133	0.000669	20.164817	0.000556	
21.375123	0.096363	0.000567	0.134184	
0.000001	0.007302	38.720595	0.081256	
0.051349	9.495689	0.000043	0.180787	
0.079420	0.061422	0.000000	43.132674	
10.560656	0.051835	0.007019	0.060092	
0.001687	30.702754	0.081924	0.000159	
0.000002	0.000031	0.003964	67.006492	
0.000007	0.045976	29.251264	0.000807	
35.042459	0.392152	0.007385	0.000451	
0.263143	0.000547	9.134869	0.025376	
0.000013	0.000000	0.014338	93.230518	
0.000063	31.642020	0.000951	0.000845	
0.001722	0.000000	0.001608	21.636332	
0.000118	0.011195	7.259201	0.209640	
0.196962	24.641861	0.000022	0.059135	
24.894251	0.435201	0.002272	0.117642	
1.180534	21.546007	0.333011	0.000000	
10.715244	0.012066	0.240618	0.215939	
0.000003	0.000368	12.983382	0.273043	
0.003369	0.000066	0.092399	5.942381	
0.088921	0.068769	0.000000	48.292188	
7.373197	0.016548	0.006265	0.084885	
0.271846	21.092922	0.000049	0.050864	
0.001621	0.048751	44.751013	0.000002	
0.002360	0.000000	74.852364	0.248458	
25.521729	0.045658	0.000058	0.001847	
0.859621	16.567249	0.952695	0.000047	
0.012670	0.591019	0.000001	87.454578	
32.401036	0.007034	0.004787	0.434202	
0.018094	0.049192	0.000118	9.845028	
0.065524	7.981770	0.269009	0.011227	
0.023043	0.000492	12.910540	0.369107	
0.000039	0.000004	0.006283	106.048256	
0.277266	10.384667	0.009039	0.133672	
11.792829	0.380089	0.002620	0.037554	
0.300430	0.004636	11.935988	0.000865	
0.000001	0.015873	84.164869	0.000600	
1.472232	39.104208	0.000093	0.002932	
0.499228	0.041764	0.000017	14.086303	
55.453224	0.384196	0.012041	0.000005	
13.574363	0.015285	0.017308	0.082450	
0.001280	0.192314	0.022884	14.156998	
0.010307	0.000242	60.104177	0.035685	
0.657662	43.868487	0.000102	0.003217	
0.065524	7.981770	0.269009	0.011227	
15.904775	0.000202	0.118495	0.202690	
0.000043	0.004045	7.492782	0.216167	
0.000116	0.005213	0.000003	69.908196	
