0.000105	0.707040	0.000000	0.000000	0.000000	0.000000	0.000000	0.707175	
0.000003	0.000227	0.760107	0.000001	0.000012	0.760064	0.000000	0.000001	
0.000000	0.000000	0.000000	0.000000	1.000003	0.000000	0.000000	0.000000	
0.709754	0.000000	0.000078	0.704450	0.000000	0.000004	0.000000	0.000000	
0.000000	1.000000	0.000000	0.000000	0.000000	0.000000	0.000000	0.000000	
0.000263	0.000016	0.709044	0.000000	0.000004	0.000000	0.708936	0.000000	
0.000000	0.000000	0.000000	0.000484	0.718165	0.000000	0.709810	0.000000	
0.000000	0.000000	0.000000	0.709187	0.720170	0.000000	0.000000	0.000000	
0.710762	0.000000	0.000000	0.000000	0.000000	0.000000	0.000000	0.703433	
0.000000	0.000000	0.000000	0.000000	0.000000	0.000000	0.000000	1.000001	
0.000000	0.000000	0.000000	0.000001	0.706553	0.000000	0.000000	0.707663	
0.711576	0.000004	0.000000	0.000000	0.703333	0.000000	0.000000	0.000000	
0.000027	0.000140	0.731240	0.000087	0.000000	0.000000	0.000000	0.731056	
0.000000	0.000000	1.000003	0.000000	0.000000	0.000000	0.000000	0.000000	
0.000000	0.000000	0.000000	0.000000	0.000000	0.000000	1.000001	0.000000	
0.000000	0.707097	0.000000	0.000000	0.707120	0.000000	0.000000	0.000000	
1.001213	0.000000	0.000000	0.000000	0.000000	0.000000	0.000000	0.000000	
0.000000	0.000000	0.000000	0.707118	0.000000	0.707096	0.000000	0.000000	
0.000000	0.000000	0.000000	1.000003	0.000000	0.000000	0.000000	0.000000	
0.000000	0.000000	0.000000	0.000000	0.000000	0.707051	0.000000	0.707162	
0.711869	0.000000	0.702313	0.000000	0.000000	0.000000	0.000000	0.000000	
0.000000	0.000000	0.000000	0.000000	0.000000	0.000000	0.706844	0.707370	
0.000004	0.000000	0.707080	0.707136	0.000000	0.000000	0.000000	0.000000	
0.000000	0.000000	0.000000	0.000000	0.000000	1.000001	0.000000	0.000000	
0.711525	0.000000	0.000000	0.000003	0.000034	0.704547	0.000000	0.000000	
0.000000	0.000000	0.000000	0.000000	0.709206	0.705003	0.000000	0.000000	
0.000000	0.000000	0.707025	0.000000	0.707191	0.000000	0.000000	0.000000	
0.709811	0.000000	0.000000	0.000003	0.000000	0.000000	0.706213	0.000000	
0.000000	0.707318	0.000000	0.706897	0.000000	0.000000	0.000000	0.000000	
0.000001	0.000001	0.000000	0.704950	0.000000	0.000000	0.709257	0.000000	
0.000000	0.000000	0.000000	0.000011	0.000011	0.707125	0.707095	0.000000	
0.001118	0.718402	0.000003	0.000000	0.000012	0.719997	0.000009	0.000000	
0.000000	0.000000	0.000000	0.707052	0.000000	0.000000	0.000000	0.707162	
0.709164	0.705044	0.000000	0.000000	0.000016	0.000000	0.000000	0.000000	
0.000005	0.707500	0.000000	0.000000	0.000000	0.000000	0.706721	0.000000	
0.000005	0.708174	0.708433	0.000004	0.000003	0.000002	0.000000	0.000000	
0.000005	0.707500	0.000000	0.000000	0.000003	0.000000	0.706721	0.000000	
0.035796	0.000769	0.048455	0.000380	0.005196	0.998772	0.000000	0.017724	
0.000453	0.000009	0.707575	0.000001	0.000115	0.707534	0.000000	0.000004	
0.002501	0.708362	0.000081	0.000000	0.000003	0.709938	0.000000	0.000000	
0.000000	0.726401	0.000189	0.000000	0.687274	0.000003	0.000181	0.000000	
0.000000	0.000000	0.000000	1.000003	0.000000	0.000000	0.000000	0.000000	
0.000000	0.000000	0.000000	0.000000	0.000000	0.000000	1.000001	0.000000	
0.000000	0.000000	1.001364	0.000000	0.000000	0.000000	0.000000	0.000000	
0.000001	0.000000	0.000000	0.706157	0.000000	0.000000	0.708055	0.000000	
0.000000	0.000000	0.000000	0.707045	0.000000	0.000000	0.000000	0.707169	
0.000000	0.000000	0.000000	0.000001	0.713811	0.000000	0.000000	0.714933	
0.711576	0.000004	0.000000	0.000000	0.703333	0.000000	0.000000	0.000000	
0.000005	0.746263	0.668192	0.000004	0.000003	0.000002	0.000000	0.000000	
0.000021	0.000217	0.708794	0.000085	0.000000	0.000000	0.000000	0.708616	
0.000238	0.000015	0.718787	0.000000	0.000001	0.000000	0.718677	0.000000	
0.709754	0.000000	0.000078	0.704450	0.000000	0.000004	0.000000	0.000000	
0.000000	0.000000	0.707027	0.000000	0.707192	0.000000	0.000000	0.000000	
0.707874	0.706340	0.000000	0.000000	0.000000	0.000000	0.000000	0.000000	
0.000000	0.000000	0.000000	0.000000	0.000000	0.000000	0.000000	1.000000	
0.000000	0.985139	0.071271	0.000000	0.000146	0.123794	0.000114	0.095377	
0.000000	0.000000	0.000000	0.000000	0.000000	0.000000	0.706844	0.707370	
0.000000	0.000000	0.000000	0.707118	0.000000	0.707096	0.000000	0.000000	
0.711909	0.000000	0.702352	0.000000	0.000000	0.000000	0.000000	0.000000	
0.000000	0.000000	0.000000	0.000000	0.999603	0.000000	0.028279	0.000000	
0.998425	0.000000	0.000000	0.002499	0.000000	0.000000	0.067915	0.000000	
0.002444	0.707209	0.000000	0.706792	0.000125	0.000027	0.000000	0.017182	
0.000000	0.000000	0.000000	0.000000	0.000000	0.707051	0.000000	0.707162	
0.535023	0.001992	0.517775	0.015236	0.011583	0.667362	0.000000	0.000000	
0.000101	0.017619	0.000624	0.001781	0.000072	0.672888	0.741464	0.024378	
0.000000	0.000000	0.000000	0.000000	0.708185	0.000000	0.709616	0.000000	
0.709294	0.000126	0.000000	0.000003	0.000000	0.000000	0.705699	0.000000	
0.697493	0.000000	0.000000	0.003313	0.000290	0.000000	0.000000	0.717245	
0.000000	0.000000	0.000000	0.000000	0.707096	0.707121	0.000000	0.000000	
0.000004	0.000000	0.707066	0.707196	0.000000	0.000000	0.000000	0.000000	
0.004326	0.728590	0.000002	0.000000	0.000000	0.000000	0.000000	0.699016	
0.000000	0.000000	0.000000	0.707150	0.707156	0.000000	0.000000	0.000000	
0.000000	0.000000	0.000000	0.000000	0.706245	0.000000	0.707968	0.000000	
0.000000	0.714282	0.000000	0.027214	0.699330	0.000000	0.000000	0.000000	
0.066227	0.715447	0.206059	0.000509	0.011626	0.694756	0.000000	0.000000	
0.071066	0.001445	0.703522	0.707160	0.000000	0.000000	0.000000	0.000000	
0.000157	0.004135	0.000013	0.683146	0.000000	0.000000	0.000000	0.730425	
0.000005	0.707500	0.000000	0.000000	0.000003	0.000000	0.706721	0.000000	
0.000005	0.707492	0.709206	0.000004	0.000003	0.000002	0.000000	0.000000	
0.715920	0.000000	0.014332	0.000003	0.000000	0.000000	0.700654	0.000000	
0.742868	0.031864	0.000000	0.000000	0.673405	0.000745	0.010241	0.000000	
0.000000	0.000002	0.000015	0.000000	0.000015	0.997924	0.064579	0.000003	
0.000000	0.000000	0.000000	0.998351	0.010320	0.000000	0.000000	0.056792	
0.074495	0.996850	0.015381	0.000000	0.001906	0.000000	0.022621	0.000000	
0.000000	0.000000	0.000000	0.707150	0.707156	0.000000	0.000000	0.000000	
0.046445	0.000000	0.488558	0.000000	0.485076	0.000000	0.724983	0.000000	
0.000000	0.000000	0.000000	0.000001	0.707985	0.016401	0.000000	0.709288	
0.000000	0.000000	0.708517	0.000000	0.708682	0.000000	0.000000	0.000000	
0.002450	0.708713	0.000000	0.705284	0.000125	0.000027	0.000000	0.017182	
0.000000	0.000003	0.000000	0.013611	0.707007	0.707163	0.000000	0.000000	
0.695102	0.720517	0.000000	0.000000	0.000000	0.000000	0.000000	0.000099	
0.000000	0.000000	0.000000	0.000000	0.000000	0.000000	0.000000	1.000001	
0.000000	0.000000	0.000000	0.026257	0.000067	0.000000	0.811737	0.583433	
0.000000	0.000000	0.000000	0.560389	0.000000	0.832289	0.000000	0.000000	
0.002097	0.115516	0.000153	0.002494	0.010173	0.698044	0.000000	0.707729	
0.000047	0.016374	0.000580	0.000356	0.000066	0.685221	0.730113	0.024378	
0.999982	0.000000	0.000109	0.006411	0.000040	0.000000	0.000000	0.000000	
0.709754	0.000000	0.000078	0.704450	0.000536	0.000000	0.000000	0.000000	
0.000000	0.045257	0.715236	0.000001	0.001156	0.000000	0.000000	0.697418	
0.000000	0.000000	0.000000	0.000000	0.000000	0.000000	1.000001	0.000000	
