0.000000	0.000000	0.707465	0.706749	0.000000	0.000000	0.000000	0.000000	
0.705949	0.000000	0.000000	0.000000	0.708263	0.000000	0.000000	0.000000	
0.000000	0.000000	0.000000	0.000000	1.000000	0.000000	0.000000	0.000000	
0.000000	0.707159	0.000000	0.000000	0.000000	0.707128	0.000000	0.000000	
0.000000	0.000000	0.000000	0.000000	0.711075	0.710745	0.000000	0.000000	
0.000000	0.000000	0.000000	0.000000	0.000000	0.000000	1.000000	0.000000	
0.000000	0.000000	1.000000	0.000000	0.000000	0.000000	0.000000	0.000000	
0.705887	0.000147	0.000050	0.000000	0.000000	0.000000	0.708641	0.000000	
0.000000	0.000000	0.706761	0.000000	0.000000	0.000000	0.000000	0.707452	
0.000006	0.000140	0.000005	0.000030	0.000140	0.692988	0.720963	0.000000	
0.704383	0.709823	0.000000	0.000000	0.000003	0.000000	0.000000	0.000000	
0.000000	0.000000	0.000000	0.000000	0.000000	0.727391	0.000000	0.728094	
0.000000	0.000000	0.000000	0.711096	0.000000	0.715934	0.000007	0.000000	
0.000000	0.705147	0.000000	0.000000	0.712152	0.000000	0.000000	0.000000	
0.000008	0.704898	0.000000	0.000000	0.000000	0.000002	0.709309	0.000000	
0.000000	0.000000	0.000000	0.000000	0.000000	0.000000	0.710000	0.705939	
0.000000	0.000001	0.000000	0.000000	0.706794	0.000000	0.000000	0.707420	
0.000000	0.000000	0.000000	0.000000	0.000000	0.000000	0.000000	1.000000	
0.000149	0.707342	0.706900	0.000000	0.000000	0.000000	0.000000	0.000000	
0.000020	0.000972	0.702301	0.000058	0.001935	0.000000	0.711879	0.000000	
0.000001	0.000054	0.706426	0.000001	0.707802	0.000001	0.000000	0.000000	
0.000000	0.000000	0.000000	0.000000	0.000000	1.000701	0.000000	0.000000	
1.000002	0.000000	0.000000	0.000000	0.000000	0.000000	0.000000	0.000000	
0.000000	0.000000	0.000000	0.000000	0.708664	0.000000	0.709070	0.000000	
0.000000	0.000001	0.000000	0.708174	0.707669	0.000000	0.000000	0.000000	
0.707037	0.000000	0.000000	0.000000	0.000000	0.000000	0.000000	0.707200	
0.000000	0.000000	0.000000	0.705345	0.000000	0.000000	0.000000	0.709393	
0.000000	0.000000	0.000000	1.000000	0.000000	0.000000	0.000000	0.000000	
0.706799	0.000000	0.000000	0.707415	0.000000	0.000000	0.000000	0.000000	
0.000000	0.706799	0.000000	0.707415	0.000000	0.000000	0.000000	0.000000	
0.000000	0.000018	0.000000	0.707357	0.000000	0.000000	0.710115	0.000000	
0.000000	0.000000	0.705855	0.000000	0.000000	0.708360	0.000000	0.000000	
0.705080	0.000002	0.000000	0.000000	0.000000	0.709874	0.000000	0.000000	
0.000000	1.000559	0.000000	0.000000	0.000000	0.000000	0.000000	0.000000	
0.000000	0.707069	0.000000	0.000000	0.000000	0.000000	0.000000	0.707158	
0.707328	0.000000	0.706887	0.000000	0.000000	0.000000	0.000000	0.000000	
0.704708	0.000002	0.000000	0.000164	0.000000	0.709500	0.000000	0.000000	
0.706508	0.058380	0.000000	0.000000	0.705300	0.000346	0.000000	0.000000	
0.000000	0.000000	0.707465	0.706749	0.000000	0.000000	0.000000	0.000000	
0.000000	0.000000	0.000000	0.711143	0.000000	0.715982	0.000007	0.000000	
0.000000	0.000000	0.022997	0.999794	0.000000	0.000000	0.000000	0.000000	
0.000000	0.000000	0.707296	0.000000	0.000000	0.000000	0.000000	0.706918	
0.000000	0.000000	0.000000	0.000000	0.000000	0.000000	1.000000	0.000000	
0.000000	0.000000	0.000000	0.705595	0.000000	0.000000	0.000000	0.709645	
0.000001	0.000014	0.707198	0.000059	0.707018	0.000000	0.000000	0.000000	
0.027321	0.502982	0.496642	0.000007	0.000000	0.708423	0.000100	0.059644	
0.707037	0.000006	0.000000	0.000000	0.000000	0.000000	0.000000	0.707200	
0.000000	0.000000	0.000000	0.000000	0.708724	0.000000	0.709010	0.000000	
0.706954	0.000099	0.000061	0.000000	0.000000	0.000000	0.707269	0.000000	
0.000000	0.000000	0.000000	0.000000	0.707122	0.707091	0.000000	0.000000	
0.000000	0.000000	0.000000	0.000000	0.000000	0.000000	0.707127	0.707087	
0.000000	1.000000	0.000000	0.000000	0.000000	0.000000	0.000000	0.000000	
0.000000	0.000001	0.000000	0.000000	0.710709	0.000000	0.000000	0.711356	
0.704746	0.060374	0.706886	0.000000	0.000000	0.000000	0.000000	0.000000	
0.001458	0.707837	0.000000	0.001422	0.000000	0.000000	0.710601	0.000000	
0.000000	0.000000	0.000000	0.000000	0.000000	1.000033	0.000000	0.000000	
0.000000	0.000000	0.705855	0.000000	0.000000	0.708360	0.000000	0.000000	
0.000000	0.000000	1.000000	0.000000	0.000000	0.000000	0.000000	0.000000	
0.000000	0.000000	0.000000	0.000000	0.000000	0.707107	0.000000	0.707106	
0.998987	0.045040	0.000000	0.000000	0.000000	0.000000	0.000000	0.000000	
0.000000	0.000001	0.000000	0.708033	0.707524	0.000000	0.000000	0.000000	
0.000000	0.000000	0.000000	0.000000	0.000000	0.000000	0.000000	1.000050	
0.676653	0.724495	0.016845	0.013303	0.023599	0.066249	0.000000	0.109054	
0.000000	0.000000	0.000000	0.000000	1.000001	0.000000	0.000000	0.000000	
0.003581	0.501878	0.002487	0.000000	0.000001	0.501876	0.000000	0.704500	
0.000000	0.699903	0.000000	0.714238	0.000000	0.000000	0.000000	0.000000	
0.075374	0.709292	0.700321	0.027834	0.000000	0.000000	0.000000	0.000000	
0.707745	0.001593	0.000000	0.707630	0.000000	0.000000	0.000000	0.000000	
0.000000	0.708086	0.000000	0.000001	0.706972	0.000000	0.000000	0.000000	
0.000011	0.000727	0.707139	0.000000	0.000004	0.000000	0.708073	0.000000	
0.000018	0.000003	0.000000	0.707079	0.000000	0.000000	0.707137	0.000000	
0.000044	0.000002	0.010306	0.000371	0.000003	0.707232	0.710066	0.000000	
0.706304	0.000000	0.000000	0.707994	0.000001	0.000000	0.000000	0.000000	
0.000014	0.000000	0.000003	0.709104	0.705104	0.000000	0.000000	0.000000	
0.487273	0.000068	0.504483	0.000000	0.000000	0.000000	0.701695	0.125304	
0.704627	0.000006	0.000316	0.000000	0.000000	0.011205	0.057093	0.707188	
0.000355	0.005450	0.040067	0.989437	0.000000	0.000000	0.000000	0.141916	
0.000000	0.707069	0.000000	0.000000	0.000000	0.000000	0.000000	0.707158	
0.000000	0.000000	0.000000	0.000000	0.000000	0.707289	0.000000	0.707288	
0.707327	0.000722	0.706887	0.000000	0.000000	0.000000	0.000000	0.000000	
0.000000	0.000000	0.513249	0.000000	0.000000	0.443288	0.000000	0.737856	
0.000000	0.000000	0.996962	0.013021	0.000000	0.000000	0.077678	0.000000	
0.000000	0.000001	0.000000	0.000000	0.692938	0.000000	0.720961	0.007300	
0.707099	0.000147	0.000061	0.000000	0.000000	0.000000	0.707414	0.000000	
0.703631	0.030030	0.000000	0.048637	0.708263	0.000000	0.000000	0.000000	
0.000000	0.000000	0.000000	0.000000	0.000000	0.000000	0.721070	0.692863	
0.000018	0.000003	0.000000	0.715994	0.000000	0.000000	0.716053	0.000000	
0.475433	0.003255	0.499221	0.000000	0.000000	0.730457	0.000002	0.000015	
0.000000	0.999774	0.009321	0.010228	0.000000	0.016112	0.000000	0.000000	
0.006781	0.706766	0.000000	0.707415	0.000000	0.000000	0.000000	0.000000	
0.000114	0.001745	0.710716	0.703476	0.000000	0.000000	0.000000	0.000000	
0.704545	0.000002	0.002718	0.000000	0.000000	0.710407	0.000000	0.000000	
0.000001	0.000027	0.713952	0.010615	0.703641	0.000000	0.012225	0.000000	
0.002534	0.509936	0.498832	0.000000	0.000000	0.715886	0.000000	0.000000	
0.075374	0.709292	0.700321	0.027834	0.000000	0.000000	0.000000	0.000000	
0.000010	0.000195	0.000007	0.000043	0.000001	0.691458	0.722417	0.000000	
0.043587	0.001368	0.000069	0.002888	0.711032	0.701801	0.000000	0.000000	
0.000049	0.023811	0.003926	0.000048	0.999680	0.000000	0.007568	0.000000	
0.000000	0.000000	0.000000	0.000000	0.000000	0.000000	1.000000	0.000000	
0.000982	0.033928	0.004948	0.706005	0.000006	0.010307	0.000000	0.708501	
