0.000000	0.000000	0.000000	1.000000	0.000000	0.000000	0.000000	0.000000	
0.707637	0.000000	0.706577	0.000000	0.000000	0.000000	0.000000	0.000000	
0.000001	0.706957	0.000000	0.000003	0.707369	0.000000	0.000000	0.000000	
0.000000	0.000000	0.000000	0.707133	0.000000	0.000000	0.707081	0.000000	
0.000000	0.707100	0.000000	0.707120	0.000000	0.000000	0.000000	0.000000	
0.000010	0.000000	0.000001	0.000000	0.706695	0.707519	0.000000	0.000000	
0.707097	0.000000	0.000000	0.707116	0.000000	0.000000	0.000000	0.000000	
0.000000	0.000000	0.000076	0.000000	0.708771	0.000000	0.000000	0.706114	
0.706853	0.000000	0.000000	0.000000	0.000000	0.000000	0.000000	0.707361	
0.000000	1.000000	0.000000	0.000000	0.000000	0.000000	0.000000	0.000000	
0.000000	0.000000	0.000000	0.706645	0.000000	0.707568	0.000000	0.000000	
0.000000	0.706019	0.000000	0.000000	0.000000	0.000000	0.708201	0.000000	
0.000000	0.000000	0.000000	0.000000	1.000000	0.000000	0.000000	0.000000	
0.000000	0.000000	0.708297	0.705915	0.000000	0.000000	0.000000	0.000000	
0.000000	0.000000	0.000000	0.000000	0.000000	1.000000	0.000000	0.000000	
0.000000	0.000000	0.000000	0.000000	0.000000	0.000000	1.000000	0.000000	
0.707083	0.707130	0.000000	0.000000	0.000000	0.000000	0.000000	0.000000	
0.000000	0.000000	0.706325	0.000000	0.000000	0.707888	0.000000	0.000000	
0.000000	0.000000	0.000000	0.706010	0.708207	0.000000	0.000000	0.000000	
0.707084	0.000029	0.000002	0.000000	0.000000	0.707132	0.000000	0.000000	
0.000000	0.000000	0.000000	0.000000	0.709894	0.000000	0.706614	0.000000	
0.705003	0.000002	0.000000	0.000000	0.709205	0.000000	0.000000	0.000000	
0.000000	0.000000	0.707130	0.000000	0.000000	0.000000	0.707083	0.000000	
0.000000	0.000000	0.000000	0.000000	0.000000	0.000000	0.000000	1.000000	
0.000000	0.000000	0.000000	0.706733	0.000000	0.000000	0.000000	0.707484	
0.000000	0.000000	0.000000	0.000000	0.000000	0.707076	0.707137	0.000000	
0.000000	0.706906	0.707308	0.000000	0.000000	0.000000	0.000000	0.000000	
0.000000	0.000000	0.000000	0.000000	0.000000	0.000000	0.706854	0.707361	
1.000000	0.000000	0.000000	0.000000	0.000000	0.000000	0.000000	0.000000	
0.706944	0.000001	0.000000	0.000000	0.000000	0.000000	0.707270	0.000000	
0.000000	0.707081	0.000000	0.000000	0.000000	0.707132	0.000000	0.000000	
0.000000	0.000000	0.000000	0.000000	0.000000	0.707159	0.000000	0.707054	
0.000000	0.000000	0.707108	0.000000	0.707169	0.000002	0.000000	0.000000	
0.000000	0.000000	1.000000	0.000000	0.000000	0.000000	0.000000	0.000000	
0.000000	0.707066	0.000000	0.000000	0.000002	0.000000	0.000000	0.707149	
0.000000	0.000000	0.708433	0.000848	0.000000	0.000000	0.000000	0.705778	
0.000000	0.000000	1.000000	0.000000	0.000000	0.000000	0.000000	0.000000	
0.000000	0.000000	0.707240	0.000000	0.000000	0.000000	0.000000	0.706974	
0.000000	0.000000	0.000000	0.706261	0.721904	0.010753	0.000000	0.000000	
0.000000	0.000000	0.000000	0.000000	0.000000	0.000000	0.000000	1.000000	
0.000000	0.000000	0.707108	0.000000	0.707169	0.000002	0.000000	0.000000	
0.000014	0.693637	0.134312	0.047012	0.000000	0.000000	0.000000	0.707083	
0.704165	0.000000	0.710013	0.005749	0.000000	0.000000	0.000000	0.000000	
0.000000	0.699908	0.001383	0.000044	0.000359	0.000000	0.716138	0.000010	
0.710899	0.000513	0.000000	0.703390	0.000000	0.000000	0.000000	0.000000	
0.000000	0.000000	0.000076	0.000000	0.708771	0.000000	0.000000	0.706114	
0.000007	0.000000	0.000001	0.000007	0.711996	0.702184	0.000000	0.000000	
0.026654	0.698775	0.004847	0.073500	0.703212	0.000002	0.000000	0.117359	
0.000000	0.707067	0.707147	0.000000	0.000000	0.000000	0.000000	0.000000	
0.000000	0.000000	0.000000	0.000000	0.000000	0.707076	0.707137	0.000000	
0.001656	1.000936	0.002971	0.006730	0.000000	0.000000	0.000000	0.000000	
0.000000	0.000000	0.000000	0.000000	0.000000	0.000000	0.702608	0.712682	
0.000000	0.000000	0.000000	0.000000	0.000000	1.002252	0.000000	0.000000	
0.000000	0.000000	0.000000	0.000000	0.000000	0.000000	1.000000	0.000000	
0.704081	0.000264	0.000003	0.000000	0.000000	0.000000	0.000000	0.710230	
0.000000	0.000000	0.000000	0.000000	0.703856	0.000000	0.711279	0.000005	
0.000001	0.001459	0.704140	0.710044	0.000000	0.000000	0.000000	0.004777	
0.001596	0.001764	0.000160	0.711827	0.000000	0.000000	0.704270	0.000349	
0.000000	0.000000	0.000000	0.000000	1.000000	0.000000	0.000000	0.000000	
0.999965	0.000375	0.000526	0.000000	0.000000	0.000000	0.000000	0.008345	
0.707199	0.000002	0.000000	0.000000	0.707015	0.000000	0.000000	0.000000	
0.707104	0.000000	0.000002	0.000000	0.000000	0.707112	0.000000	0.000000	
0.000000	0.000000	0.706325	0.000000	0.000000	0.707888	0.000000	0.000000	
0.000002	0.000027	0.000000	0.708380	0.000000	0.000000	0.000000	0.705834	
0.004646	0.703994	0.000000	0.710176	0.000000	0.000000	0.000000	0.004777	
0.012085	0.716102	0.000000	0.000000	0.004984	0.697781	0.000000	0.011379	
0.000000	0.000000	0.000000	0.000000	0.000000	0.714984	0.000000	0.699140	
0.000000	0.000000	0.000000	1.000000	0.000000	0.000000	0.000000	0.000000	
0.000000	0.000000	0.000000	0.694614	0.000000	0.719386	0.000000	0.000000	
0.000000	0.000000	0.704354	0.000000	0.000000	0.000000	0.709849	0.000000	
0.725581	0.660500	0.195443	0.022464	0.000000	0.000000	0.000000	0.000345	
0.721370	0.052728	0.001429	0.074743	0.000373	0.000000	0.687401	0.000149	
0.000000	0.000000	0.000000	0.000000	0.000000	0.000000	0.702289	0.712359	
0.000000	0.000000	0.000000	0.000000	0.698567	0.000000	0.695339	0.173474	
0.705813	0.029614	0.075635	0.704530	0.000000	0.000000	0.000000	0.000000	
0.000000	0.000000	0.707108	0.000000	0.707169	0.000002	0.000000	0.000000	
0.000000	0.000000	0.000000	0.000000	0.000000	0.000000	0.000000	1.000000	
0.000028	0.002066	0.140640	0.001589	0.990103	0.000000	0.000000	0.000000	
0.000000	0.699437	0.025712	0.000044	0.000359	0.000000	0.716138	0.000010	
0.011658	0.590880	0.591062	0.548903	0.000000	0.000000	0.008718	0.000000	
0.000000	0.000000	0.000000	0.000000	0.000000	0.995249	0.097583	0.003972	
0.000000	0.472509	0.017370	0.515357	0.000001	0.000000	0.715615	0.000010	
0.703886	0.000264	0.000003	0.027677	0.000000	0.000000	0.000000	0.710582	
0.000000	0.000000	0.000076	0.000000	0.708943	0.000000	0.000000	0.706285	
0.512647	0.027387	0.477265	0.000000	0.048998	0.000000	0.711817	0.000000	
0.060435	0.701410	0.000007	0.710175	0.000000	0.000000	0.000000	0.004777	
0.000559	0.008959	0.000009	0.708838	0.000000	0.000000	0.000000	0.706336	
0.825671	0.536054	0.194028	0.000407	0.000000	0.000000	0.000000	0.000326	
0.688097	0.036761	0.723035	0.000000	0.069662	0.000000	0.000000	0.000000	
0.000000	0.997455	0.071596	0.000000	0.000992	0.000000	0.009005	0.000000	
0.000000	0.000000	0.000000	0.015213	0.000095	0.000000	0.999886	0.000000	
0.013679	0.000000	0.000013	0.999864	0.009190	0.000000	0.000000	0.000000	
0.000010	0.000000	0.000001	0.000000	0.711996	0.702184	0.000000	0.000000	
0.000377	0.036905	0.999693	0.000010	0.000000	0.000000	0.016795	0.055648	
0.997162	0.075229	0.002961	0.000000	0.000000	0.000000	0.000000	0.000000	
0.133307	0.005804	0.696004	0.706264	0.000000	0.000000	0.000000	0.000000	
0.000000	0.000000	0.707240	0.000011	0.000000	0.000000	0.000000	0.706974	
0.012085	0.716119	0.000000	0.007420	0.000166	0.697818	0.000000	0.004760	
0.014112	0.002198	0.707095	0.000000	0.000000	0.706975	0.000000	0.000000	
0.000012	0.585678	0.113408	0.380654	0.000000	0.000000	0.000067	0.706657	
