0.000142	0.000004	0.000000	0.000136	0.710197	0.704543	0.000000	0.000001	
0.000000	0.000000	0.000000	1.001901	0.000000	0.000000	0.000000	0.000000	
0.000003	0.706206	0.708237	0.000001	0.000000	0.000001	0.000000	0.000000	
0.000000	0.000000	0.000000	0.000000	0.000000	0.000000	1.000233	0.000000	
0.000000	0.708061	0.000001	0.000000	0.000002	0.000000	0.706717	0.000001	
0.708454	0.000223	0.004006	0.706026	0.000556	0.000000	0.000000	0.000000	
0.000023	0.711536	0.000064	0.000000	0.000001	0.000004	0.000002	0.702992	
0.000002	1.003558	0.000000	0.000000	0.000000	0.000000	0.000000	0.000001	
0.000275	0.000304	0.000004	0.000368	0.000721	0.707285	0.707419	0.000036	
0.708001	0.000000	0.000016	0.000000	0.000000	0.000004	0.706651	0.000000	
0.000760	0.000778	0.000107	0.715141	0.000002	0.000000	0.000001	0.710175	
0.000037	0.000000	0.707609	0.000003	0.000002	0.000000	0.000099	0.710143	
0.708685	0.000006	0.705868	0.000000	0.000000	0.000001	0.000000	0.000000	
0.000145	0.702427	0.000020	0.000004	0.714032	0.000052	0.000000	0.000000	
0.000000	0.000000	0.000000	0.713288	0.000000	0.000000	0.706328	0.000001	
0.000000	0.000007	0.000000	0.709717	0.000063	0.704832	0.000000	0.000005	
0.000000	0.000000	0.000000	0.000003	0.709710	0.000006	0.000000	0.705074	
0.000000	0.000000	0.000000	0.000000	1.004985	0.000000	0.000000	0.000000	
0.000000	0.000000	0.000000	0.707936	0.706509	0.000000	0.000000	0.000000	
0.000001	0.000028	0.000038	0.000003	0.000000	0.707468	0.000001	0.708423	
0.708500	0.000000	0.000003	0.000000	0.000001	0.705952	0.000000	0.000000	
0.000003	0.000003	0.704202	0.000002	0.713162	0.000003	0.000000	0.000000	
0.000000	0.000000	0.000000	0.000000	0.000000	0.000000	0.000000	1.000157	
0.000000	0.000000	0.000000	0.000000	0.000000	1.000670	0.000000	0.000000	
0.707400	0.000001	0.000005	0.000002	0.707228	0.000003	0.000001	0.000000	
1.000758	0.000000	0.000001	0.000000	0.000000	0.000001	0.000001	0.000002	
0.000000	0.000000	0.707306	0.000003	0.000002	0.707320	0.000000	0.000002	
0.000001	0.708939	0.000003	0.000000	0.000001	0.708345	0.000000	0.000001	
0.000024	0.000024	0.000000	0.000000	0.712131	0.000007	0.705132	0.000000	
0.000009	0.000061	0.709177	0.000004	0.000331	0.000001	0.708039	0.000001	
0.000000	0.000000	0.000000	0.000000	0.000000	0.000000	0.706206	0.708446	
0.705614	0.709056	0.000001	0.000001	0.000000	0.000002	0.000000	0.000002	
0.000000	0.000000	1.001913	0.000000	0.000000	0.000000	0.000000	0.000000	
0.000132	0.706091	0.000003	0.709590	0.000000	0.000002	0.000000	0.000000	
0.706467	0.000005	0.000000	0.000001	0.000006	0.000000	0.000001	0.707910	
0.000046	0.000003	0.708526	0.706086	0.000002	0.000000	0.000000	0.000002	
0.000133	0.708634	0.000110	0.712255	0.000000	0.000002	0.000000	0.000002	
0.708213	0.000000	0.000005	0.000004	0.706232	0.000052	0.000000	0.000000	
0.000000	0.000000	0.000000	1.003773	0.000000	0.000000	0.000000	0.000000	
0.000030	0.000000	0.000839	0.000000	0.006558	0.000000	0.714222	0.700475	
0.000448	0.000496	0.000007	0.000613	0.000006	0.707226	0.707359	0.000036	
0.000000	0.000000	0.000000	0.000047	0.000001	0.707360	0.000001	0.707218	
0.000027	0.000026	0.709266	0.000003	0.000002	0.000007	0.000095	0.705353	
0.000023	0.717429	0.000065	0.000002	0.000001	0.000004	0.000002	0.697044	
0.000088	0.001181	0.000019	0.741907	0.000000	0.000000	0.676255	0.000001	
0.000000	0.000000	0.000000	0.000000	0.000000	1.003204	0.000000	0.000000	
0.000006	0.000000	0.701430	0.713113	0.000002	0.000000	0.000000	0.000000	
0.000008	0.000291	0.000000	0.709913	0.000063	0.705019	0.000000	0.000176	
0.000052	0.000741	0.000068	0.000714	0.710202	0.704550	0.000000	0.000001	
0.000001	0.000034	0.000000	0.000000	0.712440	0.000001	0.705438	0.000000	
0.705597	0.000001	0.000150	0.709178	0.000003	0.000000	0.000002	0.000000	
0.000000	0.000000	1.002137	0.000000	0.000000	0.000000	0.000000	0.000000	
0.709153	0.000000	0.000016	0.000000	0.000000	0.000002	0.705286	0.000000	
0.000000	0.000000	0.000000	0.000000	0.000000	0.000000	0.000000	1.009839	
0.720043	0.694213	0.000004	0.000003	0.000002	0.000000	0.000122	0.000000	
0.000001	0.710929	0.000003	0.000004	0.009031	0.000156	0.704652	0.000000	
0.708647	0.000006	0.706356	0.000004	0.000000	0.000001	0.000000	0.000000	
0.000000	0.000000	0.000000	0.715909	0.000002	0.000000	0.000000	0.709355	
0.709735	0.000000	0.000003	0.000000	0.000002	0.704715	0.000000	0.000000	
0.000000	0.000000	0.718355	0.000000	0.000000	0.699151	0.000000	0.000002	
0.000000	0.000000	0.000000	0.000003	0.709895	0.000006	0.000000	0.705258	
0.000000	0.000000	0.000000	0.708040	0.706613	0.000000	0.000000	0.000000	
0.000000	0.000000	0.000000	0.000000	0.000000	0.000000	1.004737	0.000000	
0.000062	0.000002	0.708188	0.000004	0.000006	0.000001	0.706930	0.000085	
0.706683	0.001612	0.000003	0.000003	0.000006	0.000007	0.000000	0.707796	
0.000000	0.000000	0.000000	0.000000	1.011472	0.000000	0.000000	0.000000	
0.000001	0.708939	0.000003	0.000000	0.000001	0.708345	0.000000	0.000003	
0.150978	0.989430	0.000001	0.040933	0.000000	0.000001	0.054010	0.011342	
0.000146	0.709080	0.000005	0.000004	0.707235	0.000052	0.000000	0.000000	
1.008080	0.000000	0.000001	0.000000	0.000000	0.000001	0.000001	0.000002	
0.000001	0.706412	0.708871	0.000003	0.000000	0.000000	0.000000	0.000000	
0.003688	0.000004	0.709673	0.000002	0.704886	0.000003	0.000001	0.000000	
0.173592	0.705328	0.001633	0.730064	0.000000	0.000001	0.000016	0.005684	
0.021708	0.711256	0.000064	0.000005	0.001546	0.000004	0.000000	0.703044	
0.000000	0.000000	0.000000	0.694793	0.012873	0.000000	0.724770	0.000001	
0.000008	0.000289	0.000018	0.707055	0.000062	0.702181	0.089638	0.000176	
0.689316	0.000001	0.000147	0.726363	0.000003	0.000004	0.000002	0.000002	
0.019763	0.019154	0.002717	0.714650	0.000002	0.000000	0.000000	0.710217	
0.968433	0.124099	0.029207	0.063700	0.000003	0.000000	0.000711	0.216797	
0.719537	0.693725	0.000331	0.000003	0.017082	0.033441	0.000122	0.000000	
0.000003	0.000003	0.678509	0.000002	0.735425	0.000003	0.000000	0.000000	
0.000003	0.709548	0.704963	0.000001	0.000000	0.000001	0.000000	0.000000	
0.000000	0.000001	0.000047	0.000000	0.000001	0.707360	0.000001	0.707218	
0.000000	0.000000	0.000000	0.000000	0.000000	0.000000	0.999087	0.049472	
0.702083	0.000006	0.720556	0.000004	0.000000	0.000001	0.000000	0.000000	
0.030280	1.003072	0.000000	0.000000	0.012151	0.000000	0.000000	0.000001	
0.000001	0.705213	0.000003	0.000000	0.000001	0.715183	0.000000	0.000000	
0.708505	0.000000	0.000003	0.000000	0.000002	0.705957	0.000000	0.000000	
0.000050	0.000707	0.000066	0.000782	0.726936	0.721150	0.000000	0.000001	
0.000011	0.000434	0.750500	0.652804	0.005146	0.106135	0.000000	0.000000	
0.000000	0.000000	0.000000	0.000000	0.000000	0.000000	0.000000	1.000392	
0.706466	0.000006	0.000004	0.000003	0.000006	0.000004	0.000001	0.707910	
0.000145	0.702427	0.000020	0.000004	0.714032	0.000052	0.000000	0.000000	
0.005673	0.368720	0.394208	0.009542	0.538798	0.000000	0.748577	0.000000	
0.709693	0.027924	0.000786	0.000360	0.000000	0.000007	0.709484	0.000000	
0.708213	0.000000	0.000005	0.000004	0.706232	0.000052	0.000000	0.000000	
0.000746	0.000122	0.024981	0.686803	0.727410	0.000000	0.000000	0.000000	
0.000000	0.000000	0.000000	0.000000	0.000000	1.000357	0.000000	0.000000	
0.000009	0.000061	0.708438	0.000004	0.000331	0.000001	0.707180	0.000085	
0.000035	0.000500	0.000070	0.000483	0.677849	0.004981	0.009596	0.735591	
