0.000000	1.000004	0.000000	0.000000	0.000000	0.000000	0.000000	0.000000	
0.706922	0.000001	0.000005	0.000000	0.000000	0.000000	0.707311	0.000000	
0.000000	0.000000	0.706681	0.000002	0.707550	0.000000	0.000007	0.000000	
0.000000	0.000000	0.000000	0.707974	0.000000	0.000000	0.708395	0.000000	
0.000000	0.707405	0.000014	0.000000	0.706814	0.000000	0.000000	0.000000	
0.707072	0.707142	0.000000	0.000000	0.000000	0.000000	0.000000	0.000000	
0.707215	0.000001	0.000000	0.000000	0.706999	0.000000	0.000000	0.000000	
0.707207	0.000000	0.000000	0.707007	0.000000	0.000000	0.000000	0.000000	
0.000000	0.000000	0.706635	0.000000	0.000000	0.000000	0.707578	0.000000	
0.000000	0.000000	0.000000	0.707169	0.707045	0.000000	0.000000	0.000000	
0.000000	0.000000	0.000000	0.000000	0.706952	0.000000	0.707261	0.000000	
0.000000	0.000000	0.000000	0.000000	0.000000	1.000186	0.000000	0.000000	
0.000000	0.000000	1.000000	0.000000	0.000000	0.000000	0.000000	0.000000	
0.000000	0.000000	0.000000	0.000000	0.707418	0.000000	0.000000	0.706795	
0.000000	0.000000	0.000000	0.000000	0.000000	0.707412	0.000000	0.706802	
0.000000	0.707037	0.707176	0.000000	0.000000	0.000000	0.000000	0.000000	
0.000000	0.000000	0.000000	0.000000	1.000000	0.000000	0.000000	0.000000	
0.000000	0.000000	0.707420	0.000001	0.000000	0.000000	0.000000	0.706793	
0.705744	0.000000	0.000000	0.000000	0.000000	0.708467	0.000000	0.000000	
0.706923	0.000166	0.000001	0.000000	0.000000	0.000000	0.000000	0.707291	
0.000000	0.000000	0.000000	0.000000	0.000000	0.708693	0.707138	0.000000	
0.000000	0.706913	0.000000	0.000000	0.000000	0.000000	0.707304	0.000000	
0.707039	0.000001	0.707175	0.000000	0.000000	0.000000	0.000000	0.000000	
0.000000	0.000000	0.000000	0.709067	0.000000	0.000000	0.000000	0.708426	
0.000000	0.000000	0.704948	0.000001	0.000000	0.711054	0.000000	0.000000	
0.000000	0.707136	0.000000	0.000000	0.000000	0.707078	0.000000	0.000000	
0.000000	0.000000	0.000000	0.000000	0.000000	0.000000	0.707200	0.707014	
0.000000	0.707413	0.000000	0.000000	0.000000	0.000000	0.000000	0.706802	
0.000000	0.703193	0.000000	0.711078	0.000000	0.000000	0.000000	0.000000	
1.000004	0.000000	0.000000	0.000000	0.000000	0.000000	0.000000	0.000000	
0.000000	0.000000	0.000000	0.000000	0.000000	0.000000	1.000011	0.000000	
0.000000	0.000000	0.000000	0.000000	0.707057	0.707157	0.000000	0.000000	
0.000000	0.000000	0.706303	0.708394	0.000000	0.000000	0.000000	0.000000	
0.000000	0.000000	0.000000	0.000000	0.000000	0.000000	0.000000	1.000001	
0.000000	0.000000	0.000000	1.000000	0.000000	0.000000	0.000000	0.000000	
0.000000	0.000000	0.000000	0.705725	0.000000	0.708508	0.000000	0.000000	
0.000000	0.000000	0.000000	0.000000	1.000000	0.000000	0.000000	0.000000	
0.997704	0.053516	0.030467	0.000690	0.025716	0.011552	0.000000	0.000000	
0.000000	0.000000	0.704952	0.000000	0.000000	0.711058	0.000000	0.000000	
0.095316	0.499413	0.487321	0.706234	0.060284	0.042930	0.000000	0.000000	
0.013696	0.714366	0.000005	0.000000	0.000000	0.000000	0.714890	0.000000	
0.000000	0.722993	0.000000	0.000000	0.000000	0.710556	0.000000	0.000000	
0.217723	0.672867	0.000140	0.000000	0.706999	0.000000	0.000000	0.000000	
0.703034	0.000606	0.026430	0.009763	0.017254	0.061197	0.005018	0.707730	
0.707055	0.000000	0.000000	0.000000	0.000000	0.707159	0.000000	0.000000	
0.000000	0.000000	0.000000	0.000000	0.711238	0.000000	0.000000	0.708579	
0.706943	0.000000	0.000005	0.000000	0.000000	0.000000	0.707331	0.000000	
0.000000	0.000000	0.000000	0.695453	0.000000	0.728553	0.008139	0.000000	
0.707985	0.000001	0.706229	0.000000	0.000000	0.000000	0.000000	0.000000	
0.000000	0.000000	0.000000	0.000000	0.000000	0.000000	0.707106	0.707109	
0.000000	0.000000	0.000000	0.000000	0.707409	0.706822	0.000594	0.000000	
0.000000	0.000000	0.706680	0.000002	0.707550	0.000000	0.000007	0.000000	
0.000000	0.000000	0.000000	0.000000	0.000000	0.707788	0.707659	0.000000	
0.000000	0.000000	0.000000	0.000000	0.000000	0.000000	0.000000	1.000009	
0.056624	0.997861	0.030577	0.000000	0.000000	0.011552	0.000000	0.000000	
0.000000	0.000000	0.000000	1.000000	0.000000	0.000000	0.000000	0.000000	
0.000000	0.000000	0.000000	0.000000	0.000000	0.707436	0.000000	0.707797	
0.482572	0.025619	0.459143	0.741317	0.065277	0.043197	0.000000	0.000000	
0.000000	0.000000	0.707420	0.000001	0.000000	0.000000	0.000000	0.706793	
0.000349	0.710685	0.703511	0.000000	0.000000	0.000000	0.000000	0.000000	
0.000000	0.000000	0.000000	0.707911	0.000000	0.000000	0.708670	0.000000	
0.000000	0.000000	0.708727	0.710825	0.000000	0.000000	0.000000	0.000000	
0.000000	0.000000	0.000000	0.000000	0.000000	0.000000	1.001868	0.000000	
0.000000	0.000000	0.000000	0.707169	0.707045	0.000000	0.000000	0.000000	
0.000000	0.000000	0.000000	0.000000	0.706952	0.000000	0.707261	0.000000	
0.000000	0.000000	1.000000	0.000000	0.000000	0.000000	0.000000	0.000000	
0.703922	0.000001	0.000005	0.000000	0.710297	0.000000	0.000505	0.000000	
0.000000	0.000000	0.704582	0.000000	0.000000	0.000000	0.709962	0.000000	
0.000000	0.000000	0.000000	0.000000	0.000000	1.000000	0.000000	0.000000	
0.707072	0.707142	0.000000	0.000000	0.000000	0.000000	0.000000	0.000000	
0.000000	0.000000	0.000000	0.707204	0.000000	0.000000	0.000000	0.707009	
0.000000	0.707413	0.000000	0.000000	0.000000	0.000000	0.000000	0.706802	
0.100935	0.690885	0.029874	0.725289	0.000000	0.000212	0.008139	0.000000	
0.000000	0.000000	0.000000	0.000000	0.699083	0.000000	0.000000	0.723556	
0.732821	0.000668	0.027549	0.000069	0.017983	0.063784	0.005230	0.682877	
0.000000	0.000000	0.000000	0.613027	0.790596	0.000000	0.000000	0.000000	
0.000000	0.000000	0.000000	0.000000	0.000000	0.000000	0.000000	1.000114	
0.705404	0.025226	0.028290	0.023026	0.014830	0.000000	0.707261	0.000000	
0.006914	0.019246	0.020492	0.000419	0.000023	0.000230	0.706336	0.707285	
0.044551	0.705731	0.000000	0.000000	0.000000	0.707078	0.000000	0.000000	
0.000000	0.000000	0.704948	0.000001	0.000383	0.711054	0.000000	0.000000	
0.690668	0.036335	0.721007	0.007582	0.000000	0.041832	0.000000	0.000074	
0.000000	0.000000	0.000000	0.708910	0.000000	0.000000	0.000000	0.708536	
0.000000	0.000000	0.710433	0.000000	0.000000	0.000000	0.703765	0.000000	
0.000000	0.000000	0.000000	0.707870	0.000000	0.710661	0.000000	0.000000	
0.000000	0.711992	0.000000	0.000002	0.000000	0.000000	0.000000	0.729823	
0.997432	0.052205	0.000933	0.000687	0.025695	0.011618	0.000000	0.040670	
0.209843	0.648514	0.000135	0.000000	0.701416	0.000000	0.208354	0.000000	
0.000000	0.000000	0.501842	0.000001	0.511965	0.703641	0.000509	0.000000	
0.748758	0.657150	0.086831	0.000000	0.000000	0.000000	0.000000	0.000086	
0.000013	1.000000	0.000000	0.000000	0.000000	0.000000	0.000000	0.000000	
0.000000	0.694890	0.000000	0.000000	0.000000	0.000000	0.719120	0.000000	
0.000000	0.000000	0.000000	0.000000	1.000000	0.000000	0.000000	0.000000	
0.000000	0.000000	0.000000	0.708070	0.000000	0.000000	0.708830	0.000000	
0.000746	0.466304	0.532241	0.045352	0.000000	0.000000	0.000000	0.708427	
0.352976	0.353011	0.466821	0.000000	0.730252	0.000000	0.000000	0.000000	
0.000000	0.000000	0.000000	0.000000	0.000000	0.710554	0.029127	0.711158	
0.000349	0.710533	0.703360	0.000000	0.000000	0.020656	0.000000	0.000000	
0.000000	0.000000	0.000000	0.000000	0.000000	0.695145	0.719396	0.000000	
0.000000	0.000000	0.000000	0.000000	0.000000	0.000000	1.001680	0.000000	
