0.712943	0.000010	0.000084	0.000017	0.701316	0.000000	0.000008	0.000000	
0.000000	0.000000	0.000000	0.000000	0.708660	0.000000	0.708456	0.000000	
0.000000	0.000000	0.000000	0.000000	0.000000	0.707210	0.707035	0.000000	
0.000000	0.000000	0.000000	0.707825	0.706439	0.000000	0.000000	0.000000	
0.000000	0.708072	0.000199	0.000000	0.000000	0.000000	0.706172	0.000000	
0.000000	0.000000	0.000000	0.000000	0.000000	0.000000	0.707566	0.706711	
0.000009	0.000011	0.708241	0.706365	0.000000	0.000000	0.000000	0.000000	
0.714445	0.000002	0.000020	0.000196	0.000000	0.699786	0.000000	0.000000	
0.000000	0.000000	0.000000	0.000000	0.706705	0.000000	0.000000	0.707522	
0.000000	0.000000	0.707712	0.000010	0.000000	0.706830	0.000000	0.000000	
0.000016	0.000000	0.706830	0.000003	0.707980	0.000008	0.000000	0.000000	
0.000003	0.706828	0.707447	0.000019	0.000001	0.000000	0.000000	0.000001	
0.713825	0.000006	0.700401	0.000022	0.000000	0.000000	0.000000	0.000000	
0.000000	0.000000	0.000000	0.000000	0.000000	0.706690	0.000000	0.707538	
0.000000	0.000000	0.000000	0.000000	0.000000	1.000028	0.000000	0.000000	
0.000011	0.000000	0.000011	0.000000	0.706943	0.707319	0.000000	0.000000	
0.000000	1.013721	0.000000	0.000000	0.000000	0.000000	0.000000	0.000000	
0.714734	0.000000	0.000000	0.000000	0.000002	0.000000	0.000000	0.699966	
0.000000	0.000000	0.000000	1.000277	0.000000	0.000000	0.000000	0.000000	
0.000000	0.000000	0.708123	0.000000	0.000000	0.000000	0.000000	0.706482	
0.000000	0.000000	0.000000	0.707161	0.000001	0.000000	0.000000	0.707075	
1.000398	0.000000	0.000000	0.000000	0.000000	0.000000	0.000000	0.000000	
0.713123	0.000000	0.000000	0.701083	0.000000	0.000000	0.000000	0.000000	
0.000000	0.710108	0.000000	0.704178	0.000004	0.000000	0.000000	0.000000	
0.000000	0.000000	0.000000	0.000000	0.000000	0.000000	1.000009	0.000000	
0.713693	0.701659	0.000014	0.000001	0.000000	0.000000	0.000000	0.000000	
0.000001	0.000001	0.000000	0.707609	0.000000	0.000000	0.706612	0.000000	
0.000095	0.715184	0.000000	0.000000	0.000000	0.000001	0.000000	0.698980	
0.000000	0.000000	0.707747	0.000000	0.000000	0.000000	0.706726	0.000000	
0.000000	0.706658	0.000000	0.000000	0.707665	0.000000	0.000000	0.000000	
0.000000	0.000000	0.000000	0.000000	1.000022	0.000000	0.000000	0.000000	
0.714722	0.000006	0.000000	0.000000	0.000004	0.000000	0.701107	0.000000	
0.000000	0.000000	0.000000	0.000000	0.000000	0.000000	0.000000	1.000014	
0.000000	0.000000	1.000145	0.000000	0.000000	0.000000	0.000000	0.000000	
0.000026	0.707520	0.000000	0.000003	0.000000	0.706889	0.000000	0.000000	
0.000000	0.000000	0.000000	0.706414	0.000000	0.707810	0.000000	0.000000	
0.000009	0.000010	0.727707	0.721492	0.000000	0.000000	0.000000	0.000000	
0.000000	1.000068	0.000000	0.000000	0.000000	0.000000	0.000000	0.000000	
0.000107	0.000000	0.999241	0.016105	0.038945	0.000000	0.000000	0.000000	
0.000000	0.000000	0.000000	0.000000	0.706706	0.000000	0.000000	0.707523	
0.713000	0.000010	0.000084	0.000017	0.701372	0.000000	0.000000	0.000000	
0.000000	0.000000	0.000000	0.000000	0.000000	0.000000	0.707683	0.706829	
0.720886	0.010962	0.008014	0.000000	0.000000	0.000000	0.693380	0.000000	
0.000000	0.000000	0.000000	0.000000	0.709062	0.000000	0.708054	0.000000	
0.000000	0.000000	0.000000	0.000000	0.000000	0.000000	1.000051	0.000000	
0.000000	0.709443	0.000000	0.707697	0.000004	0.000000	0.000000	0.000000	
0.713825	0.000006	0.700401	0.000022	0.000000	0.000000	0.000000	0.000000	
0.000026	0.707520	0.000000	0.000009	0.000000	0.706889	0.000000	0.000000	
0.000001	0.000000	0.000001	0.707612	0.000000	0.000000	0.706616	0.000000	
0.000000	0.000010	0.000012	0.000000	0.707483	0.707859	0.000000	0.000000	
0.000000	0.000000	0.000000	0.708249	0.000000	0.706388	0.000000	0.000000	
0.000024	0.707624	0.000000	0.000003	0.000000	0.000000	0.706628	0.000000	
0.000000	0.000000	0.000000	0.000000	0.000000	1.000037	0.000000	0.000000	
0.714303	0.702258	0.000013	0.000001	0.000000	0.000000	0.000000	0.000005	
0.000000	0.000000	0.000000	0.000000	0.000000	0.707210	0.707035	0.000000	
0.000000	0.000000	0.708048	0.000000	0.000000	0.000000	0.706430	0.000000	
0.000000	0.000000	0.706138	0.000000	0.000000	0.000000	0.053274	0.706504	
0.714117	0.000002	0.000020	0.000196	0.000000	0.700195	0.000000	0.000000	
0.713063	0.000000	0.000000	0.701673	0.000000	0.000000	0.000000	0.003600	
0.000000	0.000000	0.000000	0.707825	0.706439	0.000000	0.000000	0.000000	
0.000000	0.000000	0.000000	0.000000	1.000038	0.000000	0.000000	0.000000	
0.000000	0.000000	0.000000	1.000321	0.000000	0.000000	0.000000	0.000000	
0.000010	0.000013	0.706850	0.000003	0.708000	0.000008	0.000000	0.000000	
1.020717	0.000000	0.000000	0.000000	0.000000	0.000000	0.000000	0.000000	
0.000000	0.000000	0.707710	0.000010	0.000002	0.706829	0.000000	0.000000	
0.000024	0.706666	0.000000	0.000008	0.000000	0.000001	0.000000	0.707554	
0.000000	0.000003	0.000003	0.707175	0.000001	0.000000	0.000000	0.707090	
0.715360	0.000003	0.000000	0.000000	0.000002	0.000001	0.000000	0.699016	
0.000006	0.706829	0.707448	0.000019	0.000000	0.000000	0.000000	0.000000	
0.000000	0.000000	0.000000	0.000000	0.000000	0.702452	0.000000	0.711793	
0.000000	0.706658	0.000000	0.000000	0.707665	0.000000	0.000000	0.000000	
0.000000	0.000000	0.000000	0.000000	0.000000	0.000000	0.000000	1.000014	
0.000527	0.487487	0.000025	0.490631	0.000000	0.000000	0.722592	0.000000	
0.000000	1.000115	0.000000	0.000000	0.000000	0.000000	0.000000	0.000000	
0.000519	0.000003	0.000001	0.000000	0.000000	0.018674	0.998331	0.054825	
0.000000	0.710009	0.000000	0.000000	0.711020	0.000000	0.000000	0.000000	
0.000000	0.000000	0.000000	1.000321	0.000000	0.000000	0.000000	0.000000	
0.000000	0.000000	0.707712	0.000010	0.000000	0.706830	0.000000	0.000000	
0.737621	0.000003	0.700534	0.000023	0.000000	0.000001	0.000000	0.000000	
0.720886	0.010962	0.008014	0.000000	0.000000	0.000000	0.693380	0.000000	
0.000009	0.000011	0.702365	0.712063	0.000000	0.000025	0.000000	0.000000	
0.000762	0.705028	0.000036	0.709575	0.000000	0.000000	0.000000	0.000000	
0.000000	0.000000	1.001238	0.001771	0.000000	0.000000	0.000000	0.005440	
0.000000	0.000000	0.000000	0.000000	0.000000	0.707615	0.706620	0.000000	
0.000000	0.000000	0.000000	0.638190	0.000000	0.769898	0.000000	0.000000	
0.000000	0.703225	0.000000	0.004320	0.000000	0.000000	0.000000	0.711033	
0.714776	0.700510	0.000011	0.000000	0.000000	0.000000	0.000000	0.000000	
0.000026	0.708678	0.000000	0.000003	0.000000	0.708046	0.000000	0.000000	
0.000000	0.000000	0.000000	0.000000	0.000000	0.703058	0.000000	0.712406	
0.001428	0.000002	0.000056	0.027624	0.699606	0.000000	0.000000	0.714011	
0.714972	0.022299	0.000000	0.000000	0.000000	0.004087	0.000000	0.698988	
0.000767	0.704537	0.000000	0.066005	0.000487	0.000000	0.706627	0.000000	
0.011855	0.494316	0.000000	0.046324	0.000015	0.000000	0.495925	0.712373	
0.000945	0.018989	0.023430	0.000000	0.707429	0.000000	0.707359	0.000000	
0.000000	0.000000	0.000000	0.000000	1.000042	0.000000	0.000000	0.000000	
0.699110	0.000010	0.001361	0.000010	0.000002	0.721613	0.024188	0.000000	
0.000013	0.001369	0.000052	0.720017	0.007854	0.000000	0.000000	0.693918	
0.000004	0.503074	0.503514	0.000014	0.000000	0.000000	0.000000	0.704164	
0.729199	0.000006	0.009805	0.000017	0.700867	0.000000	0.000000	0.000000	
0.033375	0.002435	0.000380	0.707024	0.706429	0.000000	0.000000	0.000000	
