0.000000	0.000000	0.000000	1.000000	0.000000	0.000000	0.000000	0.000000	
0.000000	0.707331	0.000005	0.000000	0.706883	0.000000	0.000000	0.000004	
1.000000	0.000000	0.000000	0.000000	0.000000	0.000000	0.000000	0.000000	
0.000000	0.710231	0.000000	0.703938	0.000000	0.000000	0.006558	0.000000	
0.000000	0.000000	0.000000	0.000000	0.000000	0.000000	0.707146	0.707067	
0.709531	0.000000	0.000787	0.704671	0.002357	0.000000	0.000000	0.002264	
0.000022	0.000001	0.000000	0.000001	0.713520	0.000000	0.700635	0.000000	
0.000000	0.000000	0.000000	0.000000	0.000000	0.708220	0.705993	0.000000	
0.000000	0.707148	0.707066	0.000000	0.000000	0.000000	0.000000	0.000000	
0.711607	0.000000	0.000000	0.000000	0.000000	0.702578	0.000000	0.000000	
0.000000	0.000000	0.000000	0.707106	0.707107	0.000000	0.000000	0.000000	
0.000000	0.000000	0.000000	0.000000	0.707666	0.706547	0.000000	0.000000	
0.707153	0.000000	0.000264	0.000019	0.000000	0.000000	0.000000	0.707061	
0.000000	0.000000	0.000000	0.707114	0.000000	0.707100	0.000000	0.000000	
0.000000	0.000000	0.000000	0.706793	0.000000	0.000000	0.000000	0.707421	
0.000010	0.000000	0.707442	0.000000	0.000000	0.000000	0.000000	0.706771	
0.000000	0.000000	0.000000	0.000000	0.000000	1.000000	0.000000	0.000000	
0.000000	0.000000	0.000000	0.000000	0.707150	0.000000	0.000000	0.707063	
0.000322	0.000011	0.000091	0.708364	0.000000	0.000000	0.707923	0.000032	
0.709896	0.000003	0.000000	0.000000	0.000000	0.000000	0.704435	0.000000	
0.000000	0.000000	1.000000	0.000000	0.000000	0.000000	0.000000	0.000000	
0.000000	1.000000	0.000000	0.000000	0.000000	0.000000	0.000000	0.000000	
0.707406	0.000000	0.000000	0.000000	0.706858	0.000000	0.000000	0.000000	
0.000000	0.721691	0.000000	0.000000	0.000000	0.000000	0.699490	0.000178	
0.000000	0.707072	0.000000	0.000000	0.000000	0.000000	0.000000	0.707142	
0.000000	0.000000	0.000000	0.000000	1.000069	0.000000	0.000000	0.000000	
0.000000	0.000000	0.000000	0.000000	0.000000	0.000000	1.000000	0.000000	
0.000000	0.000000	0.000000	0.000000	0.000000	0.000000	0.000000	1.000003	
0.000000	0.000000	0.000000	0.000000	0.000000	0.707073	0.000000	0.707140	
0.000000	0.707130	0.000000	0.000000	0.000000	0.707084	0.000000	0.000000	
0.707072	0.707142	0.000000	0.000000	0.000000	0.000000	0.000000	0.000000	
0.000708	0.000657	0.710517	0.000000	0.002692	0.000000	0.703674	0.000000	
0.000000	0.000000	0.707127	0.707086	0.000000	0.000000	0.000000	0.000000	
0.000000	0.000000	0.702646	0.000068	0.711540	0.000000	0.000000	0.000000	
0.707148	0.000000	0.707066	0.000000	0.000000	0.000000	0.000000	0.000000	
0.000000	0.000000	0.707133	0.000000	0.000000	0.707081	0.000000	0.000000	
0.760186	0.000000	0.000002	0.000020	0.000000	0.000000	0.000000	0.760087	
0.000000	0.000000	0.000000	0.000000	0.707666	0.706547	0.000000	0.000000	
0.707126	0.000000	0.000002	0.000000	0.000000	0.707088	0.000000	0.000000	
0.000000	0.998821	0.031513	0.000000	0.000000	0.036935	0.000000	0.000000	
0.000000	0.000000	0.000000	0.707106	0.707107	0.000000	0.000000	0.000000	
0.529126	0.451229	0.031621	0.002891	0.715684	0.000000	0.056627	0.000000	
0.707554	0.000043	0.000000	0.000000	0.000000	0.000000	0.706660	0.000000	
0.000000	0.000000	0.707134	0.000000	0.000000	0.707082	0.000000	0.000000	
0.000000	0.000000	0.000000	0.000000	0.000000	0.707084	0.000000	0.707130	
0.000000	0.000000	0.711194	0.000069	0.704818	0.000000	0.000000	0.000000	
0.000000	0.000000	0.729075	0.673650	0.000000	0.000000	0.121019	0.000000	
0.000000	0.000000	0.000000	1.000000	0.000000	0.000000	0.000000	0.000000	
0.000010	0.000000	0.716901	0.000000	0.000000	0.000000	0.000000	0.697369	
0.106730	0.699330	0.000005	0.000000	0.706980	0.000000	0.000000	0.000004	
0.000000	0.000000	0.000000	0.000000	0.000000	0.000000	1.000000	0.000000	
0.000000	0.000000	0.000000	0.000000	0.000000	1.000000	0.000000	0.000000	
0.000000	0.000000	0.000000	0.000000	1.000069	0.000000	0.000000	0.000000	
0.000000	0.000000	0.706974	0.000000	0.000000	0.000000	0.707239	0.000000	
0.664558	0.735568	0.000077	0.012778	0.000896	0.000000	0.090475	0.095043	
0.000000	0.707129	0.000000	0.000000	0.000000	0.707084	0.000000	0.000000	
0.000000	0.000000	0.000000	0.000000	0.000000	0.000000	0.714806	0.715507	
0.001749	0.706918	0.000000	0.707296	0.000001	0.000000	0.000000	0.000000	
0.003207	0.713256	0.700979	0.000098	0.000000	0.000000	0.000000	0.000000	
0.000000	0.000000	0.000000	0.000000	0.707084	0.000000	0.000000	0.707130	
0.000000	0.000000	0.000000	0.707121	0.000000	0.707107	0.000000	0.000000	
0.704916	0.001059	0.715841	0.000000	0.000000	0.000000	0.000000	0.000000	
0.703056	0.001152	0.000000	0.711133	0.000000	0.000097	0.000000	0.000000	
0.999538	0.000001	0.029857	0.000993	0.002872	0.000001	0.004660	0.000702	
0.000000	0.000000	0.000000	0.000000	0.000000	0.000000	0.000000	1.000003	
0.000000	0.000000	0.000000	0.712903	0.000000	0.000000	0.000000	0.704724	
0.001609	0.705410	0.019453	0.000001	0.005790	0.072836	0.000000	0.710106	
0.000000	0.707076	0.000000	0.000000	0.000000	0.000000	0.707137	0.000000	
0.000021	0.000005	0.000000	0.000001	0.706980	0.000000	0.707234	0.000000	
0.000324	0.000011	0.000092	0.712983	0.000000	0.000000	0.701181	0.000032	
0.000000	0.000000	0.000000	0.000000	0.000000	0.693593	0.720367	0.000000	
0.000000	0.000000	1.000000	0.000000	0.000000	0.000000	0.000000	0.000000	
0.001749	0.706897	0.000000	0.707314	0.000001	0.000000	0.000000	0.000000	
0.663324	0.741178	0.000078	0.012821	0.000003	0.000000	0.090780	0.047442	
0.705877	0.023345	0.022134	0.000789	0.027101	0.707084	0.000000	0.000000	
0.005285	0.080232	0.004028	0.646297	0.000493	0.000000	0.000000	0.758918	
0.002436	0.000050	0.000408	0.000300	0.000037	0.729901	0.684502	0.000000	
0.000000	0.000000	0.000000	0.000000	0.000000	0.000000	1.000365	0.000000	
0.001382	0.000000	0.000002	0.001372	0.692885	0.000000	0.731195	0.002336	
0.427206	0.011534	0.564476	0.007811	0.007004	0.706963	0.000000	0.000000	
0.000000	0.000000	0.000000	0.707106	0.707107	0.000000	0.000000	0.000000	
0.000000	0.000000	0.000000	0.000000	0.707317	0.706198	0.031407	0.000000	
0.000000	0.000000	0.000000	1.001172	0.000000	0.000000	0.000000	0.048245	
0.726138	0.021556	0.001759	0.009364	0.000002	0.000000	0.066915	0.683879	
1.016459	0.000000	0.001117	0.000000	0.000000	0.000000	0.044588	0.002304	
0.086078	0.596948	0.369727	0.000000	0.706980	0.000000	0.000000	0.000000	
0.009819	0.496992	0.037362	0.051928	0.007404	0.010961	0.499786	0.706294	
0.712048	0.000425	0.038489	0.024877	0.000000	0.000000	0.701710	0.000032	
0.020506	0.017487	0.675718	0.168890	0.716610	0.000000	0.056701	0.006402	
0.000000	0.000000	0.813961	0.000000	0.000000	0.000000	0.580919	0.000000	
0.704431	0.003333	0.715355	0.000000	0.000000	0.000351	0.000000	0.026268	
0.000000	0.000000	0.000000	0.000000	0.000000	0.999984	0.000000	0.012363	
0.081650	1.016344	0.001127	0.000000	0.031248	0.000000	0.044382	0.002054	
0.116362	0.697728	0.706750	0.012449	0.015484	0.000000	0.000000	0.000000	
0.000000	0.705387	0.000000	0.000000	0.000000	0.000000	0.708823	0.000000	
0.000000	0.000000	0.707146	0.707105	0.013258	0.019803	0.000000	0.000000	
0.000000	0.000000	0.000000	0.000000	1.020957	0.000000	0.000000	0.000000	
0.706432	0.016271	0.000000	0.707593	0.000000	0.000098	0.000000	0.000000	
0.472689	0.523197	0.000055	0.009089	0.000637	0.000000	0.064697	0.706090	
0.504771	0.006678	0.495597	0.000000	0.706980	0.000000	0.000000	0.000000	
