0.000000	0.000000	0.000000	0.000000	0.000000	1.000003	0.000000	0.000000	
0.000000	0.000000	0.707109	0.000000	0.000000	0.000000	0.000000	0.707105	
0.000000	0.707398	0.000000	0.707148	0.000000	0.000000	0.000000	0.000000	
0.000000	0.000000	0.706823	0.000000	0.000000	0.000000	0.707390	0.000000	
0.000000	0.000000	0.000000	0.000000	0.000000	0.707109	0.000000	0.707105	
0.000000	0.000000	0.000000	0.708708	0.000000	0.705503	0.000000	0.000000	
0.000000	1.000000	0.000000	0.000000	0.000000	0.000000	0.000000	0.000000	
0.000012	0.707052	0.000000	0.000000	0.000000	0.707161	0.000000	0.000000	
0.000000	0.000000	0.000000	0.707290	0.706923	0.000000	0.000000	0.000000	
0.000000	0.000002	0.707244	0.706994	0.000000	0.000000	0.000000	0.000000	
0.000000	0.000000	0.000000	0.706825	0.000000	0.000000	0.707389	0.000000	
0.707219	0.000000	0.000000	0.706995	0.000000	0.000000	0.000000	0.000000	
0.000001	0.000001	0.706632	0.000000	0.707582	0.000000	0.000000	0.000000	
0.706977	0.000002	0.000000	0.000000	0.000000	0.000000	0.000000	0.707236	
0.000000	0.706864	0.000000	0.000000	0.707350	0.000000	0.000000	0.000000	
0.714780	0.000000	0.000000	0.000000	0.000000	0.000000	0.711821	0.000000	
0.000000	0.000000	0.000000	0.707129	0.000000	0.000000	0.000000	0.707084	
0.000000	0.000000	0.707058	0.000000	0.000000	0.707156	0.000000	0.000000	
0.706650	0.000000	0.000000	0.000000	0.707563	0.000000	0.000000	0.000000	
0.707082	0.000000	0.000000	0.000000	0.000000	0.707131	0.000000	0.000000	
0.000000	0.000001	0.000006	0.000000	0.707061	0.000000	0.707153	0.000000	
1.000000	0.000000	0.000000	0.000000	0.000000	0.000000	0.000000	0.000000	
0.000743	0.706727	0.707486	0.000000	0.000000	0.000000	0.000000	0.000000	
0.000000	0.000000	0.000000	1.000807	0.000000	0.000000	0.000000	0.000000	
0.000000	0.000000	0.000000	0.000000	0.706895	0.707318	0.000000	0.000000	
0.000000	0.706827	0.000000	0.000000	0.000000	0.000000	0.000000	0.707386	
0.000000	0.000000	0.000000	0.000000	0.000000	0.707067	0.707147	0.000000	
0.706819	0.000000	0.707394	0.000000	0.000000	0.000000	0.000000	0.000000	
0.706910	0.707303	0.000000	0.000000	0.000000	0.000000	0.000000	0.000000	
0.000000	0.706823	0.000000	0.000000	0.000000	0.000000	0.707390	0.000000	
0.000000	0.000000	0.000000	0.000000	0.000000	0.000000	1.000243	0.000000	
0.000000	0.000000	0.000000	0.000000	0.000000	0.000000	0.707112	0.707102	
0.000000	0.000000	1.000000	0.000000	0.000000	0.000000	0.000000	0.000000	
0.000000	0.000000	0.000000	0.000000	0.000000	0.000000	0.000000	1.000000	
0.000000	0.000000	0.000000	0.000000	0.706786	0.000000	0.000000	0.707428	
0.000000	0.000000	0.000000	0.000000	1.000000	0.000000	0.000000	0.000000	
0.002488	0.713710	0.009848	0.000000	0.000000	0.700361	0.002852	0.000000	
0.000000	0.000002	0.707244	0.706994	0.000000	0.000000	0.000000	0.000000	
0.000000	0.000000	0.000000	0.000000	0.706782	0.000000	0.000000	0.707432	
0.000000	0.000000	0.707126	0.000000	0.000000	0.000000	0.000000	0.707130	
0.000000	0.000000	0.000000	0.000000	0.000000	0.000000	0.000000	1.000000	
0.000000	0.000001	0.000006	0.000000	0.707061	0.000000	0.707153	0.000000	
0.000000	0.000000	0.000000	0.000000	0.000000	1.000002	0.000000	0.000000	
0.705500	0.000000	0.000010	0.705277	0.000000	0.000000	0.000000	0.069671	
0.000000	0.000000	0.707058	0.000000	0.000000	0.707156	0.000000	0.000000	
0.011831	0.000151	0.698222	0.000000	0.000000	0.000000	0.716367	0.000000	
0.000000	0.706823	0.000005	0.000000	0.000000	0.000000	0.707390	0.000000	
0.706977	0.000002	0.000000	0.000000	0.000000	0.000000	0.000000	0.707236	
0.000000	0.000000	0.000000	0.000000	1.000000	0.000000	0.000000	0.000000	
0.005861	0.705434	0.048300	0.000000	0.000000	0.000000	0.000000	0.707106	
0.967754	0.124862	0.212041	0.032497	0.015004	0.000000	0.040230	0.000000	
0.000000	0.000000	1.000000	0.000000	0.000000	0.000000	0.000000	0.000000	
0.000000	0.000000	0.000000	0.000000	0.000000	0.707109	0.000000	0.707105	
0.612427	0.020101	0.080188	0.000000	0.787692	0.000000	0.021641	0.000000	
0.000000	0.000000	0.000000	0.000000	0.000000	0.000000	0.707110	0.707103	
0.030050	0.999313	0.005887	0.001827	0.020810	0.000000	0.000000	0.000000	
0.000948	0.706726	0.707486	0.000000	0.000000	0.000000	0.000000	0.000000	
0.029910	0.685384	0.000172	0.727567	0.000063	0.000094	0.000000	0.000000	
0.000000	0.000000	0.000000	0.706825	0.000000	0.000000	0.707389	0.000000	
0.000000	0.000000	0.000000	1.000848	0.000000	0.000000	0.000000	0.000000	
0.696705	0.089367	0.723472	0.002820	0.000000	0.051516	0.005530	0.000003	
0.000000	0.000000	0.000000	0.000000	0.000000	0.000000	1.000000	0.000000	
0.000000	0.000000	0.000000	0.000000	0.705635	0.708575	0.000000	0.000000	
0.000000	0.000000	0.000000	0.707290	0.706923	0.000000	0.000000	0.000000	
0.702427	0.000000	0.000000	0.000000	0.000000	0.711756	0.000000	0.000000	
0.705720	0.708491	0.000000	0.000000	0.000000	0.000000	0.000000	0.000000	
0.000000	0.000000	0.000000	0.707092	0.000000	0.000000	0.000000	0.707122	
0.000029	0.000000	0.007517	0.000218	0.000159	0.697169	0.716867	0.000000	
0.000000	0.696006	0.000000	0.000000	0.718036	0.000000	0.000000	0.000000	
0.707131	0.000000	0.000000	0.000003	0.000000	0.000000	0.707082	0.000000	
0.000000	0.000000	0.000000	0.701080	0.000000	0.713083	0.000000	0.000000	
0.000000	0.000000	0.706777	0.000000	0.707727	0.000000	0.000000	0.000000	
0.502048	0.502509	0.078518	0.000000	0.699477	0.000000	0.000000	0.000000	
0.000000	0.000001	0.519319	0.519136	0.000000	0.000000	0.678852	0.000000	
0.342058	0.399033	0.499837	0.005329	0.668135	0.000000	0.165828	0.000000	
0.029910	0.685384	0.000172	0.727567	0.000063	0.000049	0.000000	0.000000	
0.000040	0.000002	0.012464	0.490796	0.000000	0.488735	0.721182	0.000000	
0.678233	0.000000	0.042715	0.714271	0.000250	0.000000	0.167313	0.000000	
0.000000	0.000000	1.000000	0.000000	0.000000	0.000000	0.000000	0.000000	
0.494049	0.000000	0.487871	0.000000	0.695234	0.000545	0.000000	0.204504	
0.000000	0.000000	0.000000	0.000000	0.710334	0.710759	0.000000	0.000000	
0.035761	0.002890	0.000216	0.709197	0.000002	0.000000	0.000000	0.704097	
0.000000	0.000000	0.000000	0.000000	0.000000	0.000000	0.000000	1.000000	
0.000105	0.004639	0.000468	0.000003	0.000058	0.646888	0.006451	0.762855	
0.002488	0.713713	0.009848	0.000000	0.000000	0.700364	0.000031	0.002703	
0.709994	0.016555	0.000005	0.000000	0.000000	0.000000	0.710756	0.000000	
0.706811	0.707204	0.046164	0.006428	0.000000	0.000000	0.000000	0.000000	
0.000000	0.706823	0.000005	0.000000	0.000000	0.000000	0.707390	0.000000	
0.587973	0.047331	0.006724	0.011852	0.000000	0.814427	0.000000	0.000000	
0.527225	0.002395	0.048245	0.003278	0.000000	0.491171	0.000000	0.691694	
0.115173	0.000000	0.006965	0.003206	0.993316	0.000000	0.000000	0.000000	
0.000000	0.000000	0.000000	0.720956	0.692858	0.000000	0.000000	0.013043	
0.049178	0.044636	0.706964	0.000000	0.000000	0.000000	0.006466	0.705987	
0.697033	0.000000	0.697600	0.000000	0.000000	0.000000	0.165828	0.000000	
0.000000	0.000002	0.699215	0.698835	0.000000	0.150895	0.000000	0.000000	
0.010866	0.009876	0.000002	0.699788	0.000001	0.714965	0.009171	0.000071	
0.007148	0.324065	0.032671	0.000198	0.339822	0.009065	0.470287	0.746732	
0.010073	0.456673	0.046040	0.000281	0.005725	0.008841	0.455681	0.762855	
0.035224	0.702132	0.724091	0.002823	0.000000	0.051560	0.002379	0.000000	
1.010656	0.000229	0.137906	0.000000	0.042742	0.000000	0.000000	0.000000	
