0.706992	0.707223	0.000000	0.000000	0.000000	0.000000	0.000000	0.000000	
1.000012	0.000000	0.000000	0.000000	0.000000	0.000000	0.000000	0.000000	
0.000000	0.708478	0.705736	0.000001	0.000000	0.000000	0.000000	0.000227	
0.000000	0.706837	0.000000	0.000000	0.000000	0.000000	0.708516	0.000000	
0.000000	1.002520	0.000000	0.000000	0.000000	0.000000	0.000000	0.000000	
0.709060	0.000000	0.000000	0.000000	0.711069	0.000000	0.000000	0.000000	
0.000000	0.000000	1.000071	0.000000	0.000000	0.000000	0.000000	0.000000	
0.707177	0.000000	0.000002	0.707278	0.000000	0.000000	0.000002	0.000000	
0.000000	0.000000	0.000000	0.000000	0.707108	0.000000	0.707106	0.000000	
0.703131	0.000000	0.002925	0.000001	0.000000	0.000000	0.000000	0.711207	
0.001462	0.000029	0.707160	0.707263	0.000000	0.000000	0.000002	0.000000	
0.705194	0.000000	0.709019	0.000014	0.000000	0.000001	0.000000	0.000000	
0.000000	0.003629	0.680193	0.001714	0.000000	0.000000	0.000000	0.733024	
0.000000	0.000000	0.707249	0.000000	0.000000	0.706966	0.000000	0.000000	
0.000000	0.707672	0.000000	0.000000	0.000000	0.706572	0.000000	0.000000	
0.000000	0.000000	0.707027	0.000000	0.707187	0.000000	0.000000	0.000000	
0.000000	0.000000	0.000000	0.707174	0.000000	0.000000	0.707041	0.000000	
0.000000	0.000000	0.000000	0.000000	0.707355	0.706867	0.000000	0.000000	
0.000000	0.698748	0.001769	0.004684	0.000000	0.000521	0.002568	0.740889	
0.000000	0.000000	0.707713	0.000000	0.000046	0.000000	0.707485	0.000000	
0.000002	0.708759	0.000000	0.000000	0.705453	0.000048	0.000000	0.000000	
0.000000	0.000000	0.000000	0.000000	0.000000	0.707035	0.707182	0.000000	
0.000000	0.000000	0.000000	0.692487	0.000000	0.000000	0.000001	0.721688	
0.000000	0.000000	0.000000	0.000000	0.000000	0.000000	0.000000	1.000001	
0.000367	0.002038	0.000238	0.000001	0.000000	0.000000	0.686200	0.728609	
0.705459	0.000000	0.000000	0.000001	0.000000	0.000000	0.708802	0.000000	
0.000000	0.707578	0.000000	0.706662	0.000001	0.000000	0.000000	0.000000	
0.000000	0.000000	0.000000	0.000000	0.000000	1.000421	0.000000	0.000000	
0.000000	0.000000	0.000000	0.000000	0.000000	0.000000	1.000224	0.000000	
0.000006	0.000051	0.000000	0.007252	0.679179	0.005078	0.011242	0.735447	
0.000000	0.000000	0.000000	0.708302	0.000000	0.708448	0.000000	0.000000	
0.000000	0.000000	0.000000	0.000000	1.000002	0.000000	0.000000	0.000000	
0.707532	0.000000	0.000000	0.000000	0.000000	0.706682	0.000000	0.000000	
0.000000	0.000000	0.000000	1.000001	0.000000	0.000000	0.000000	0.000000	
0.000000	0.000000	0.000000	0.000000	0.000000	0.690738	0.000000	0.723188	
0.000000	0.000000	0.000000	0.707016	0.707199	0.000000	0.000000	0.000000	
0.000134	0.001479	0.718072	0.696058	0.000000	0.000000	0.000001	0.000000	
0.000000	0.711522	0.000002	0.711616	0.000000	0.000000	0.000000	0.000000	
0.000000	0.000000	0.000000	0.000000	0.000000	0.000000	0.706309	0.713670	
0.000000	0.000000	0.000000	0.000000	0.000000	0.000000	0.000000	1.000001	
0.994349	0.012450	0.104095	0.016920	0.000000	0.000001	0.000000	0.000000	
0.691106	0.000000	0.000000	0.000000	0.000000	0.722755	0.000000	0.000000	
0.000000	0.000000	0.000000	0.706708	0.000000	0.707507	0.000000	0.000000	
0.039287	1.000588	0.000000	0.000000	0.000000	0.000000	0.000002	0.000000	
0.000000	0.000000	0.000000	0.000000	0.673111	0.000000	0.011489	0.743057	
0.696150	0.000000	0.717900	0.000014	0.000000	0.000001	0.000000	0.000000	
0.707159	0.000000	0.000000	0.000000	0.000000	0.000000	0.707055	0.000000	
0.000125	0.695616	0.000353	0.000000	0.000000	0.000701	0.002523	0.718500	
0.708066	0.000000	0.024418	0.000000	0.710495	0.000000	0.000000	0.000000	
0.000000	0.000000	0.000000	0.000000	0.000000	0.690722	0.000000	0.723123	
0.707057	0.000002	0.000002	0.707159	0.000000	0.000000	0.000002	0.000000	
0.000000	0.000000	0.707027	0.000000	0.707187	0.000000	0.000000	0.000000	
0.707211	0.707442	0.000000	0.000000	0.000000	0.000000	0.000000	0.000000	
0.001670	0.000217	0.691209	0.000219	0.000000	0.000000	0.000000	0.725074	
0.000000	0.000000	0.000000	0.000000	0.000000	0.000000	1.000229	0.000000	
0.000000	0.000000	0.000000	0.000000	1.000007	0.000000	0.000000	0.000000	
0.031301	0.003838	0.004350	0.044839	0.000000	0.998961	0.026836	0.000000	
0.000000	0.000000	0.000000	0.707016	0.707199	0.000000	0.000002	0.000000	
0.000002	0.000000	0.708198	0.000000	0.000000	0.000002	0.706017	0.000000	
0.014496	0.695659	0.005566	0.000000	0.000000	0.718206	0.000000	0.000000	
0.000000	0.000000	0.000000	0.705762	0.000000	0.000000	0.000000	0.708450	
0.000000	0.000000	0.000000	0.000000	0.000000	0.707036	0.707183	0.000000	
0.000000	0.694039	0.720180	0.000001	0.000000	0.000000	0.000000	0.000223	
0.000000	0.707283	0.000000	0.000000	0.000000	0.000000	0.706951	0.000000	
0.000000	0.000000	0.000000	0.707224	0.000011	0.000000	0.706991	0.000000	
0.000000	0.000000	0.000000	0.000000	0.707675	0.706566	0.000000	0.000000	
0.000000	0.000000	0.706671	0.000000	0.000000	0.707648	0.000001	0.000000	
0.000000	0.000000	0.000000	0.000000	0.707108	0.000000	0.707106	0.000000	
0.000000	0.000000	0.000000	1.000001	0.000000	0.000000	0.000000	0.000000	
0.000041	0.001114	0.997943	0.063232	0.000000	0.000004	0.000751	0.011185	
0.705526	0.000000	0.000000	0.000000	0.000000	0.000000	0.000000	0.708686	
0.000047	0.713740	0.000000	0.000000	0.704004	0.000000	0.000052	0.000000	
0.013347	0.001460	0.000032	0.000408	0.723267	0.000000	0.691258	0.000000	
0.032060	0.000000	0.999489	0.000103	0.000000	0.000001	0.000000	0.000000	
0.462967	0.092456	0.003844	0.000000	0.000000	0.481053	0.675521	0.301513	
0.000002	0.706613	0.055371	0.000000	0.705473	0.000050	0.000000	0.000000	
0.705193	0.000000	0.709018	0.000291	0.000000	0.000000	0.000000	0.000000	
0.000000	0.000000	0.707222	0.000000	0.002014	0.000000	0.706997	0.000000	
0.000144	0.004811	0.000002	0.678180	0.000000	0.022373	0.002461	0.734625	
0.671223	0.061396	0.000000	0.000000	0.000000	0.000000	0.675519	0.301512	
0.005240	0.001408	0.053469	0.000365	0.998260	0.024504	0.000000	0.000000	
0.034586	0.000001	0.693136	0.059586	0.717558	0.000958	0.003741	0.000000	
0.703110	0.002225	0.034481	0.039312	0.010994	0.704655	0.043928	0.065850	
0.000135	0.001482	0.719492	0.694609	0.000000	0.000000	0.000002	0.000000	
0.019499	0.000000	0.000000	0.000000	0.020585	0.000124	0.999823	0.000000	
0.012452	0.000000	0.012520	0.000005	0.000001	0.000000	0.724882	0.699732	
0.028610	0.715407	0.000000	0.000000	0.000000	0.000000	0.698124	0.000000	
0.000003	0.000100	0.000099	0.000142	0.704509	0.000000	0.000000	0.710021	
0.992568	0.128727	0.005604	0.000317	0.000000	0.000000	0.000000	0.005551	
0.000002	0.000045	0.040662	0.999174	0.000000	0.000004	0.000754	0.000092	
0.000000	0.000000	0.000000	0.718708	0.000000	0.717554	0.000000	0.000000	
0.000000	0.678194	0.000345	0.000000	0.000000	0.022319	0.002461	0.734620	
0.000104	0.000008	0.024472	0.000499	0.001334	1.000121	0.000000	0.000000	
0.000008	0.033862	0.000000	0.702862	0.700395	0.114287	0.031835	0.022542	
0.713765	0.003235	0.000000	0.000000	0.704036	0.000000	0.000052	0.000000	
0.723502	0.000000	0.000000	0.696124	0.029311	0.000000	0.000002	0.000000	
0.021277	0.000000	0.663325	0.045839	0.122126	0.000000	0.000000	0.736572	
0.000000	0.707578	0.000000	0.706662	0.000001	0.000000	0.000000	0.000000	
0.003358	0.001992	0.041753	0.705940	0.000000	0.000000	0.707080	0.000000	
0.000000	0.000000	0.000000	0.000000	0.000000	0.000000	0.000000	1.071134	
