0.793371	0.816822	0.876260	0.113530	4.952264	
0.791880	0.123560	0.779996	0.904977	5.164701	
0.801405	0.912047	0.790238	0.126174	5.103132	
0.114421	0.799612	0.795805	0.927229	5.169537	
0.000776	0.902552	0.660268	0.020342	7.739117	
0.027844	0.325333	0.006378	0.267897	9.186558	
0.358372	0.000000	0.009499	0.305703	9.332337	
0.914541	0.785177	0.795519	0.100280	5.213511	
0.875716	0.000852	0.010526	0.642523	7.808360	
0.660117	0.006658	0.686490	0.666318	8.016215	
0.765965	0.000463	0.000588	0.000045	8.617070	
0.023383	0.007163	0.345797	0.302627	9.272010	
0.962839	0.000189	0.679959	0.024876	7.933613	
0.000024	0.000057	0.001100	0.761352	8.645294	
0.000776	0.663842	0.660268	0.672046	8.030429	
0.677100	0.005819	0.949259	0.000184	7.864337	
0.000087	0.299372	0.311178	0.000000	9.256047	
0.898385	0.143602	0.795755	0.820261	4.908094	
0.858144	0.863916	0.852777	0.846077	3.239069	
0.004077	0.000081	0.302498	0.001223	9.606045	
0.000000	0.000000	0.778929	0.000010	8.619275	
0.673792	0.680515	0.000005	0.657324	7.913220	
0.044449	0.648668	0.012018	0.914293	7.815366	
0.000081	0.001945	0.001930	0.300546	9.606568	
0.169521	0.799612	0.904980	0.822113	4.851995	
0.802503	0.166718	0.867427	0.813700	4.798392	
0.669464	0.669234	0.661906	0.000078	7.996379	
0.888388	0.669241	0.002268	0.018499	7.633800	
0.000175	0.284817	0.000000	0.000000	9.590514	
0.302714	0.000054	0.000053	0.000124	9.612096	
0.806415	0.907737	0.117277	0.782676	5.119941	
0.000000	0.000000	0.000000	0.000000	10.000713	
0.297924	0.000083	0.306521	0.033977	9.177493	
0.032210	0.916834	0.001890	0.633008	7.974983	
0.110419	0.910381	0.790781	0.805257	5.103733	
0.005244	0.295240	0.862410	0.000000	7.941778	
0.661737	0.007304	0.000028	0.940403	7.921083	
0.338678	0.312997	0.031482	0.000000	9.266509	
0.012574	0.758795	0.006559	0.002237	8.720559	
0.661185	0.929528	0.002479	0.017414	7.848891	
0.023154	0.032575	0.838920	0.665067	7.599251	
0.026301	0.021377	0.656064	0.938213	7.899832	
0.238032	0.883873	0.858818	0.196824	5.828269	
0.764575	0.000463	0.000000	0.630604	8.214628	
0.022872	0.040749	0.009041	0.290533	9.520145	
0.000108	0.667356	0.660268	0.678286	7.959191	
0.899398	0.166718	0.779073	0.813700	5.019727	
0.300932	0.021741	0.000053	0.000124	9.846019	
0.169521	0.203196	0.911498	0.822113	6.092911	
0.012574	0.905110	0.310510	0.025179	7.968172	
0.067934	0.000000	0.023077	0.008684	9.855599	
0.875321	0.669241	0.014359	0.018499	7.596962	
0.670364	0.302219	0.002587	0.944447	7.499612	
0.806415	0.907737	0.161168	0.782676	5.019637	
0.008091	0.000000	0.771074	0.001223	8.577789	
0.005807	0.000083	0.306521	0.033977	9.566784	
0.674011	0.005242	0.002465	0.015376	9.254586	
0.169521	0.799612	0.902641	0.822113	4.895988	
0.306131	0.000000	0.000983	0.306356	9.233528	
0.004229	0.633433	0.033866	0.677563	8.768415	
0.012574	0.758795	0.008167	0.000016	8.720643	
0.000074	0.819405	0.000008	0.928799	6.863498	
0.000074	0.303801	0.000008	0.000000	9.614322	
0.673792	0.681797	0.000005	0.657324	7.903402	
0.802503	0.166718	0.867427	0.815466	4.786599	
0.676413	0.006658	0.686490	0.666318	7.863162	
0.791936	0.123560	0.797798	0.904977	5.096024	
0.004217	0.034783	0.298573	0.741431	8.431263	
0.924054	0.000189	0.328251	0.024876	8.159794	
0.333794	0.009046	0.269436	0.000002	9.236612	
0.116156	0.799612	0.795805	0.927229	5.165385	
0.874319	0.865080	0.961382	0.002327	5.318512	
0.902494	0.775709	0.818808	0.124359	5.144947	
0.674011	0.932699	0.002465	0.015376	7.774684	
0.026301	0.021377	0.658293	0.813595	7.726132	
0.677100	0.000046	0.949596	0.000184	7.872637	
0.830254	0.799612	0.850977	0.839862	3.412996	
0.338678	0.303771	0.003647	0.000000	9.289201	
0.245369	0.898454	0.828439	0.801644	4.717658	
0.024732	0.895514	0.001080	0.769608	7.169568	
0.025421	0.275449	0.840824	0.048725	7.845885	
0.806692	0.912047	0.818676	0.124359	4.972808	
0.023383	0.032926	0.345797	0.302627	9.236717	
0.000033	0.299595	0.311178	0.000000	9.263090	
0.803639	0.758795	0.113474	0.002237	6.952620	
0.299306	0.000054	0.000053	0.662176	8.973157	
0.005807	0.000083	0.306521	0.033977	9.566784	
0.114421	0.799612	0.842411	0.924004	5.027471	
0.023383	0.322234	0.345797	0.289761	8.906855	
0.027450	0.818249	0.658293	0.813595	6.133781	
0.904838	0.784479	0.822366	0.000045	5.329144	
0.744149	0.000463	0.000588	0.000042	8.765926	
0.298587	0.799612	0.833835	0.822113	4.792897	
0.764575	0.000463	0.000000	0.630604	8.214628	
0.000776	0.663842	0.003754	0.004201	9.345316	
0.113295	0.799612	0.840447	0.011772	6.550530	
0.177065	0.000000	0.081276	0.306356	9.269599	
0.001346	0.014278	0.778929	0.000010	8.539910	
0.027844	0.325333	0.168484	0.008446	9.288937	
0.898385	0.199688	0.842361	0.817036	4.685982	
