0.000354	0.680440	0.658471	0.680229	7.869510	
0.285256	0.010040	0.355834	0.001232	9.302226	
0.300248	0.371027	0.003578	0.000022	9.365415	
0.823511	0.863332	0.849678	0.845556	3.313069	
0.001354	0.000051	0.307378	0.008060	9.861686	
0.005836	0.017026	0.675019	0.934593	7.793923	
0.002658	0.768357	0.000000	0.000009	8.621782	
0.033399	0.375964	0.006201	0.299587	9.332668	
0.037022	0.923004	0.017722	0.653037	7.827449	
0.904424	0.019722	0.027907	0.650956	7.774563	
0.000440	0.000720	0.006033	0.290210	9.598792	
0.002582	0.874442	0.294132	0.000024	7.925753	
0.886957	0.670035	0.000011	0.051008	7.581561	
0.000149	0.000058	0.001336	0.766291	8.689904	
0.293313	0.000161	0.000048	0.000000	9.600935	
0.000167	0.000010	0.764324	0.000002	8.634293	
0.000657	0.043405	0.314427	0.277621	9.163304	
0.300442	0.028919	0.000037	0.310929	9.196456	
0.884826	0.107673	0.798368	0.782764	5.104578	
0.881699	0.855158	0.188319	0.260462	5.860990	
0.651601	0.000759	0.016139	0.870952	7.896768	
0.645648	0.855851	0.003578	0.000022	7.790086	
0.010332	0.929458	0.790107	0.831977	5.309478	
0.657358	0.665496	0.675528	0.000659	8.012912	
0.000022	0.295551	0.000014	0.000668	9.602886	
0.009734	0.367607	0.257626	0.000659	9.315727	
0.000114	0.289355	0.850731	0.045996	7.843610	
0.026492	0.024270	0.931220	0.620215	8.087551	
0.817464	0.908796	0.113937	0.789304	5.056865	
0.779860	0.807628	0.187461	0.952511	5.211594	
0.666282	0.022511	0.927797	0.000836	7.829029	
0.666680	0.000007	0.671175	0.676874	7.994558	
0.025563	0.379015	0.022573	0.917360	8.160919	
0.935780	0.029867	0.665771	0.005090	7.828792	
0.867154	0.196356	0.180866	0.876265	5.883509	
0.000000	0.000000	0.000000	0.000000	10.000979	
0.860244	0.808121	0.778454	0.141107	4.981390	
0.680008	0.658541	0.000845	0.672622	7.973374	
0.900510	0.786815	0.095311	0.780385	5.243779	
0.757771	0.000131	0.002479	0.000840	8.668449	
0.780996	0.187864	0.795687	0.947684	5.237101	
0.002658	0.770696	0.001833	0.000012	8.598764	
0.669396	0.022564	0.001286	0.766291	7.935077	
0.657358	0.665496	0.675331	0.000659	8.018705	
0.832484	0.856410	0.187827	0.264553	5.851833	
0.000114	0.294006	0.664825	0.000000	9.001296	
0.677200	0.667002	0.000903	0.672622	7.933373	
0.002801	0.286409	0.000000	0.000009	9.663370	
0.836427	0.187713	0.796722	0.946274	5.021834	
0.033040	0.935331	0.848266	0.842827	5.118553	
0.900811	0.786815	0.096912	0.780385	5.243508	
0.861479	0.670035	0.000000	0.001267	7.621220	
0.005404	0.000751	0.284765	0.000082	9.588952	
0.283548	0.000013	0.006078	0.000037	9.588471	
0.001740	0.000052	0.758118	0.000950	8.702776	
0.291719	0.672544	0.003633	0.001267	8.889934	
0.015347	0.653679	0.022573	0.825325	7.735327	
0.000000	0.000047	0.000000	0.314395	9.631420	
0.801324	0.010706	0.923008	0.791723	5.367494	
0.300442	0.028919	0.234425	0.271001	8.728368	
0.827628	0.908796	0.106834	0.789304	5.045447	
0.666282	0.023997	0.908867	0.000836	7.714318	
0.760898	0.002364	0.001343	0.768429	7.251358	
0.002582	0.856966	0.284765	0.000073	7.923772	
0.779860	0.807585	0.198235	0.952511	5.196873	
0.005674	0.024270	0.930735	0.620215	8.111941	
0.037022	0.923004	0.017722	0.645589	7.879444	
0.000012	0.000058	0.001336	0.766291	8.695630	
0.833098	0.808121	0.801327	0.141107	4.897623	
0.287121	0.000052	0.340822	0.000955	9.275730	
0.034709	0.000005	0.002467	0.005199	9.947251	
0.884826	0.107673	0.804296	0.797655	5.006561	
0.041396	0.663646	0.860455	0.005360	7.602842	
0.645648	0.855469	0.003578	0.000022	7.788782	
0.809309	0.001974	0.307378	0.000659	8.021764	
0.095725	0.793987	0.928359	0.789052	5.276779	
0.884737	0.196356	0.254439	0.870415	5.834181	
0.004902	0.043381	0.274464	0.282349	9.117360	
0.031624	0.360617	0.006201	0.299587	9.341522	
0.819579	0.863332	0.838231	0.844147	3.340040	
0.757771	0.002384	0.000345	0.000839	8.668503	
0.000631	0.017130	0.656998	0.934593	7.930446	
0.779860	0.807627	0.216873	0.952511	5.173032	
0.017249	0.779431	0.134485	0.001232	8.367939	
0.010332	0.929458	0.790107	0.838732	5.296306	
0.881699	0.855158	0.183239	0.260462	5.887542	
0.293313	0.378839	0.000038	0.000000	9.560792	
0.000354	0.680440	0.658471	0.680229	7.869510	
0.804062	0.856424	0.187827	0.264553	5.939328	
0.856506	0.779431	0.184347	0.001232	6.481876	
0.671617	0.012302	0.908867	0.000205	7.690626	
0.668762	0.930419	0.838231	0.873919	4.626089	
0.048937	0.360617	0.006201	0.299587	9.265334	
0.280804	0.000052	0.011699	0.000061	9.594004	
0.281297	0.194789	0.611045	0.011910	8.979354	
0.867154	0.847805	0.180866	0.876265	4.581047	
0.300442	0.028925	0.000037	0.310815	9.197067	
0.034685	0.801049	0.296110	0.000674	7.992222	
0.014880	0.267157	0.850989	0.045996	7.812988	
0.033399	0.004005	0.006365	0.299587	9.557180	
