0.331915	0.333981	0.000081	0.013162	9.318743	
0.864318	0.010784	0.338926	0.004030	7.976376	
0.331817	0.006681	0.369863	0.000327	9.448210	
0.628425	0.903412	0.015567	0.027646	7.977402	
0.629859	0.011106	0.000200	0.928376	8.098176	
0.298443	0.000000	0.000000	0.001450	9.649583	
0.879655	0.869373	0.231676	0.221500	5.801375	
0.931569	0.659359	0.024112	0.020697	7.843626	
0.238385	0.855310	0.158429	0.838237	5.915766	
0.653093	0.039368	0.897596	0.005363	7.739112	
0.008740	0.047104	0.329585	0.009688	9.751584	
0.000002	0.758099	0.000011	0.000949	8.670212	
0.660899	0.012664	0.661603	0.661880	8.127178	
0.327658	0.004099	0.008730	0.275844	9.226020	
0.000092	0.000000	0.000076	0.756295	8.682929	
0.793468	0.146320	0.760547	0.919149	5.280154	
0.020164	0.951160	0.649884	0.012881	8.062901	
0.002505	0.000000	0.002439	0.280392	9.650156	
0.945337	0.025105	0.009561	0.646068	8.029290	
0.762381	0.000000	0.000000	0.001467	8.684363	
0.000000	0.300738	0.000005	0.000009	9.628593	
0.797536	0.930724	0.829832	0.131756	5.076230	
0.000000	0.000000	0.863147	0.266845	7.887576	
0.701749	0.679013	0.000005	0.664372	7.790351	
0.922267	0.779024	0.159544	0.825366	5.064598	
0.000000	0.000000	0.000000	0.000000	10.023388	
0.005042	0.047247	0.329585	0.286077	9.214566	
0.000045	0.669375	0.683869	0.659161	7.952794	
0.832510	0.120971	0.893958	0.784738	4.987561	
0.779556	0.780730	0.917636	0.137494	5.244600	
0.064144	0.854374	0.936919	0.781922	5.275192	
0.022396	0.629438	0.861238	0.012874	7.873352	
0.012956	0.669294	0.017068	0.908169	7.688174	
0.774161	0.927535	0.135431	0.800283	5.236249	
0.774399	0.780730	0.117637	0.887551	5.217844	
0.683829	0.669944	0.671120	0.002042	7.959482	
0.000000	0.000000	0.742678	0.000000	8.801500	
0.012629	0.928748	0.009756	0.665857	8.027487	
0.000463	0.345089	0.011788	0.381149	9.468226	
0.856139	0.855872	0.863958	0.838306	3.256758	
0.000002	0.335146	0.423487	0.009976	9.556919	
0.000760	0.047104	0.362374	0.898797	8.038793	
0.945337	0.025044	0.009561	0.646068	8.029437	
0.751822	0.003970	0.008307	0.260694	8.458710	
0.007317	0.933179	0.793218	0.020819	7.054646	
0.000002	0.335146	0.423487	0.264119	9.143338	
0.797008	0.930724	0.829832	0.137195	5.065950	
0.279794	0.014141	0.237765	0.274077	8.727945	
0.629859	0.007447	0.000200	0.928376	8.220664	
0.000582	0.003619	0.000000	0.000000	10.047500	
0.854042	0.869373	0.241792	0.237853	5.774974	
0.787569	0.150021	0.760547	0.919045	5.300074	
0.031382	0.927535	0.639409	0.824133	6.332528	
0.005132	0.002327	0.761523	0.271667	8.280773	
0.878545	0.127750	0.812479	0.809604	4.920019	
0.273874	0.870409	0.158429	0.861637	5.884791	
0.016846	0.000000	0.000076	0.756295	8.669527	
0.039528	0.056018	0.348413	0.273871	9.199285	
0.937260	0.629879	0.004669	0.012389	8.110927	
0.664218	0.678928	0.000005	0.664372	8.070973	
0.774399	0.780730	0.118319	0.887551	5.215715	
0.854042	0.869373	0.022193	0.237853	6.229193	
0.009309	0.000000	0.000200	0.273871	9.574709	
0.878526	0.137106	0.862168	0.265317	5.973239	
0.774399	0.780730	0.917636	0.137494	5.272074	
0.002185	0.296787	0.000318	0.000009	9.710530	
0.651245	0.123339	0.335044	0.013972	8.975536	
0.921385	0.137106	0.861951	0.282199	6.131200	
0.775426	0.927382	0.158429	0.864290	5.041630	
0.000040	0.048979	0.363634	0.000002	10.001834	
0.008502	0.652772	0.016965	0.880078	7.730148	
0.791871	0.120971	0.872208	0.783937	5.090119	
0.012343	0.004099	0.827509	0.275844	7.920937	
0.934648	0.791229	0.780993	0.151840	5.235285	
0.856139	0.855872	0.799930	0.838306	3.388590	
0.008683	0.047104	0.329585	0.902604	7.966213	
0.281723	0.000000	0.000000	0.001024	9.610408	
0.064144	0.837340	0.024624	0.787040	6.699296	
0.922267	0.855937	0.159544	0.839432	4.800975	
0.000002	0.758099	0.000011	0.001010	8.669935	
0.000463	0.345089	0.011788	0.381149	9.468226	
0.000000	0.300738	0.785565	0.000009	8.135500	
0.633611	0.628841	0.022755	0.025509	9.188413	
0.039528	0.056018	0.348413	0.273871	9.199285	
0.922638	0.903600	0.812479	0.810834	3.682019	
0.851666	0.888829	0.197264	0.265468	5.842517	
0.295256	0.000000	0.000000	0.001817	9.682825	
0.628425	0.903412	0.034891	0.628527	7.545007	
0.016846	0.127795	0.099753	0.756861	8.265852	
0.000002	0.758099	0.014262	0.000951	8.652076	
0.629859	0.007447	0.000228	0.927333	8.122736	
0.338278	0.004099	0.823538	0.275844	7.620489	
0.000000	0.320504	0.018181	0.010070	9.631459	
0.870936	0.888829	0.008122	0.918013	5.134907	
0.000251	0.346154	0.782637	0.261142	8.081734	
0.005132	0.047247	0.782374	0.281773	8.098072	
0.007648	0.039153	0.363634	0.000038	9.987474	
0.947651	0.623723	0.004669	0.012389	8.242733	
0.784061	0.812656	0.859424	0.137494	4.966590	
0.785541	0.144684	0.760547	0.919045	5.379253	
