0.294448	0.336843	0.000114	0.000365	9.275479	
0.657699	0.007242	0.647317	0.661652	8.231436	
0.750687	0.000096	0.001063	0.000000	8.824914	
0.000000	0.000000	0.000000	0.767407	8.741007	
0.041924	0.015403	0.908383	0.638499	7.860770	
0.309367	0.000354	0.000071	0.839712	7.944578	
0.286334	0.000096	0.000159	0.000000	9.630669	
0.019069	0.326756	0.000018	0.323840	9.282994	
0.897172	0.645515	0.011347	0.034503	7.788328	
0.000036	0.000040	0.750119	0.000128	8.725485	
0.914759	0.808776	0.140623	0.775820	5.114280	
0.782832	0.820445	0.080707	0.918020	5.203256	
0.356390	0.010345	0.000036	0.294084	9.314556	
0.120329	0.845669	0.830075	0.852546	4.816651	
0.000000	0.000000	0.000000	0.000000	10.105012	
0.679681	0.007081	0.923141	0.001668	7.695324	
0.832199	0.869845	0.776789	0.231403	4.785808	
0.000350	0.000000	0.000060	0.288079	9.593168	
0.020687	0.866247	0.000029	0.310945	7.908726	
0.824377	0.006973	0.351283	0.000038	8.057525	
0.000348	0.024329	0.343009	0.856814	7.967706	
0.015962	0.664457	0.004060	0.896544	7.698963	
0.000094	0.847896	0.932870	0.876195	5.148939	
0.000006	0.282623	0.317742	0.000611	9.223215	
0.778869	0.944041	0.229317	0.777939	5.254328	
0.000000	0.000001	0.278966	0.000000	9.584704	
0.000024	0.676660	0.658435	0.663246	8.014398	
0.864373	0.156126	0.859282	0.177158	5.951836	
0.922780	0.152236	0.774397	0.805262	5.149817	
0.829126	0.103257	0.903998	0.776389	5.096595	
0.299331	0.853063	0.016119	0.000005	7.898102	
0.000000	0.859704	0.288570	0.000000	7.901672	
0.698500	0.655022	0.001580	0.669930	7.828204	
0.832199	0.870783	0.238803	0.231403	5.808247	
0.000631	0.304665	0.000019	0.000808	9.615461	
0.897172	0.019005	0.005132	0.663245	7.695441	
0.000080	0.758852	0.000143	0.000000	8.663269	
0.024686	0.632623	0.887521	0.051569	7.803017	
0.832426	0.869845	0.845044	0.841472	3.282727	
0.656498	0.669841	0.665622	0.005477	8.100870	
0.288793	0.006973	0.327637	0.000000	9.242548	
0.788727	0.845285	0.887521	0.074745	5.024706	
0.879916	0.106539	0.238994	0.855157	6.029843	
0.000020	0.000000	0.334665	0.359782	9.402847	
0.809521	0.127733	0.776964	0.942579	5.280676	
0.009866	0.993501	0.165657	0.178927	8.595207	
0.000036	0.000017	0.751857	0.227605	8.368372	
0.806071	0.845285	0.887521	0.050439	4.999885	
0.656498	0.669841	0.666363	0.005477	8.095094	
0.886682	0.105824	0.012725	0.818810	6.527557	
0.288793	0.000096	0.000030	0.000000	9.595086	
0.864373	0.156126	0.859282	0.177158	5.951836	
0.832199	0.870724	0.776789	0.231595	4.781772	
0.679681	0.017631	0.923141	0.045812	7.628118	
0.001586	0.000001	0.278966	0.000000	9.583035	
0.020442	0.289781	0.000022	0.299088	9.212628	
0.657492	0.010345	0.647084	0.663278	8.225073	
0.299331	0.848040	0.000115	0.000009	7.922074	
0.000020	0.664940	0.268492	0.258717	8.504084	
0.000006	0.006141	0.016981	0.031397	9.935037	
0.750687	0.000096	0.001043	0.000000	8.833200	
0.000350	0.003877	0.000115	0.820867	8.360742	
0.131362	0.845669	0.859482	0.852546	4.697576	
0.311528	0.924912	0.000115	0.837666	6.474038	
0.829126	0.121480	0.869399	0.800776	4.892691	
0.778869	0.958704	0.164123	0.882894	5.224587	
0.864543	0.854607	0.152145	0.180517	5.956162	
0.000020	0.302107	0.000021	0.000776	9.648439	
0.892007	0.131531	0.247109	0.862142	5.983326	
0.000310	0.000000	0.000060	0.288079	9.594941	
0.000348	0.024329	0.343009	0.838304	7.984750	
0.000062	0.942370	0.279235	0.000000	8.158039	
0.292307	0.068341	0.332321	0.000365	9.155090	
0.914667	0.808776	0.141988	0.775820	5.111163	
0.778869	0.938071	0.608758	0.780440	5.331572	
0.778869	0.944041	0.229317	0.793236	5.187247	
0.782832	0.867558	0.080273	0.921842	5.164669	
0.127643	0.846528	0.231744	0.855301	5.976189	
0.332440	0.152236	0.014706	0.818810	7.721528	
0.842691	0.127733	0.776964	0.942579	5.197239	
0.007062	0.004204	0.908383	0.659258	7.785909	
0.922780	0.152236	0.774397	0.818699	5.101043	
0.000020	0.302107	0.876636	0.000515	7.964480	
0.000020	0.000000	0.335274	0.294101	9.272153	
0.294448	0.220446	0.010886	0.097072	9.051729	
0.000063	0.926472	0.843410	0.836231	5.128620	
0.878360	0.000001	0.288570	0.000000	7.915353	
0.010596	0.848040	0.000001	0.000000	8.406337	
0.802970	0.094687	0.857744	0.860483	4.874322	
0.735580	0.962066	0.274342	0.882894	5.454410	
0.878049	0.000001	0.288570	0.000000	7.917240	
0.782832	0.867558	0.080289	0.914586	5.131909	
0.292307	0.068341	0.332321	0.240310	8.783221	
0.916799	0.152236	0.774397	0.818810	5.072990	
0.657492	0.010345	0.273690	0.639393	8.616020	
0.000020	0.000000	0.287283	0.294559	9.314254	
0.035562	0.664940	0.268492	0.258717	8.454062	
0.000350	0.003877	0.000115	0.820867	8.360742	
0.806722	0.845285	0.887521	0.051569	4.997199	
0.897172	0.645515	0.011347	0.029096	7.846619	
