0.036343	0.147372	0.144057	0.978107	
0.922936	0.205215	0.020738	0.325738	
0.451596	0.000215	0.421868	0.786640	
0.132459	0.002692	0.001223	0.991460	
0.430844	0.441952	0.005473	0.787119	
0.384473	0.739798	0.509518	0.213615	
0.000455	0.152191	0.002831	0.988626	
0.974590	0.162344	0.000165	0.155928	
0.832706	0.000000	0.169202	0.527710	
0.002381	0.201928	0.784217	0.587155	
0.440087	0.041569	0.683903	0.580898	
0.946781	0.006090	0.322817	0.000947	
0.003196	0.363536	0.931755	0.012598	
0.149449	0.903556	0.401782	0.017258	
0.991114	0.008786	0.002812	0.134170	
0.179601	0.894632	0.005518	0.409671	
0.344777	0.177423	0.140693	0.911254	
0.005879	0.628717	0.777746	0.013706	
0.027036	0.383479	0.821220	0.422360	
0.005028	0.975199	0.153514	0.160881	
0.376870	0.011000	0.824626	0.422352	
0.736468	0.223348	0.005299	0.638902	
0.789314	0.592123	0.003305	0.164110	
0.228728	0.659275	0.514744	0.498677	
0.242065	0.669540	0.668672	0.215933	
0.641788	0.639534	0.005498	0.423869	
0.392685	0.535190	0.286901	0.691068	
0.839099	0.246337	0.485528	0.001296	
0.000000	1.000253	0.000000	0.000000	
0.427826	0.657170	0.620898	0.000204	
0.944438	0.000000	0.000000	0.329475	
0.511689	0.001058	0.002001	0.859483	
0.800736	0.001792	0.560937	0.211273	
0.000031	0.004066	0.860346	0.510173	
0.599957	0.460353	0.654696	0.001207	
0.701705	0.006376	0.004199	0.712735	
0.388878	0.904609	0.018047	0.174914	
0.011841	0.482738	0.462676	0.743830	
0.192411	0.818109	0.287160	0.460043	
0.231191	0.223683	0.927467	0.191660	
0.006690	0.880993	0.473494	0.011187	
0.000941	0.308594	0.006077	0.951417	
0.012870	0.928013	0.181581	0.325796	
0.201994	0.167392	0.435514	0.861345	
0.333634	0.410416	0.443310	0.723995	
0.001254	0.001215	0.989769	0.144265	
0.233939	0.588767	0.009854	0.773958	
0.908697	0.375147	0.007836	0.184348	
0.249500	0.741247	0.623581	0.000177	
0.816268	0.007756	0.444223	0.369882	
0.165915	0.784788	0.000223	0.597742	
0.135475	0.118732	0.131452	0.975101	
0.003196	0.990607	0.000140	0.138064	
0.967597	0.000000	0.196611	0.159727	
0.915655	0.000015	0.355610	0.188785	
0.000000	0.000000	0.513387	0.858364	
0.000000	0.000000	0.151365	0.988697	
0.317159	0.948680	0.000128	0.000129	
0.549660	0.160929	0.007053	0.819989	
0.002003	0.000492	0.297654	0.954948	
0.114858	0.162950	0.584965	0.786659	
0.420262	0.411819	0.808887	0.003000	
0.144264	0.000873	0.989746	0.011067	
0.070325	0.359354	0.185823	0.912072	
0.000226	0.143335	0.989927	0.000369	
0.013114	0.945568	0.010105	0.325741	
0.454084	0.445800	0.743652	0.206233	
0.001559	0.816834	0.115994	0.565534	
0.000000	0.000000	1.000239	0.000000	
0.766322	0.452350	0.416614	0.187568	
0.902106	0.334235	0.196153	0.191207	
0.644947	0.645096	0.443046	0.001644	
0.510578	0.859925	0.009234	0.016516	
0.164892	0.141597	0.010834	0.976314	
0.215367	0.863391	0.416603	0.187562	
0.004971	0.531578	0.847122	0.013706	
0.772063	0.190868	0.156884	0.586101	
0.882282	0.471091	0.009797	0.001543	
0.735889	0.218773	0.364187	0.527709	
0.404535	0.664802	0.007420	0.628489	
0.531748	0.067540	0.844505	0.009604	
0.938124	0.220234	0.191842	0.187562	
0.394505	0.817108	0.003669	0.420857	
0.659022	0.394686	0.001037	0.645963	
0.010701	0.664393	0.620847	0.416612	
0.194890	0.000061	0.586470	0.786659	
0.014606	0.595468	0.304011	0.743808	
0.000941	0.009140	0.736404	0.676896	
0.314609	0.000082	0.949522	0.000020	
0.201942	0.000000	0.784217	0.587155	
0.479489	0.234788	0.455395	0.712745	
0.175465	0.000003	0.965866	0.191660	
0.370717	0.182817	0.002401	0.910900	
0.001738	0.889857	0.416608	0.187565	
0.297154	0.209441	0.931746	0.012713	
0.154035	0.988342	0.006049	0.005324	
0.560137	0.814540	0.000151	0.152888	
0.004952	0.850284	0.373032	0.371835	
0.646450	0.050276	0.133315	0.749961	
0.683772	0.000198	0.629354	0.369847	
0.193289	0.214355	0.859618	0.422241	
1.000243	0.000000	0.000000	0.000000	
0.011294	0.382226	0.681393	0.624627	
0.226460	0.527555	0.658606	0.487000	
0.174422	0.976405	0.001339	0.154334	
0.001540	0.514589	0.002008	0.857759	
0.899308	0.018279	0.436875	0.024736	
0.294208	0.001529	0.005660	0.955976	
0.924523	0.155317	0.346868	0.038369	
0.598121	0.054342	0.549433	0.581425	
0.249778	0.542768	0.802128	0.014990	
0.195842	0.960277	0.199825	0.000753	
0.000000	0.151749	0.978485	0.141435	
0.713077	0.701439	0.000102	0.000599	
0.866896	0.203512	0.188153	0.414923	
0.572699	0.018423	0.803364	0.163418	
0.919067	0.340519	0.199841	0.000604	
0.684806	0.201792	0.667181	0.213908	
0.816549	0.388455	0.427777	0.006197	
0.515018	0.673604	0.235093	0.475673	
0.133084	0.189908	0.973042	0.000000	
0.436709	0.198301	0.855179	0.198138	
0.021337	0.847717	0.010237	0.530438	
0.424618	0.852541	0.219223	0.212869	
0.173682	0.006262	0.365490	0.914723	
0.197738	0.431917	0.854077	0.213454	
0.155395	0.939454	0.220524	0.212888	
0.001237	0.707715	0.004234	0.706799	
0.365668	0.003002	0.186758	0.912042	
0.692535	0.679260	0.187069	0.156423	
0.003295	0.019518	0.944519	0.328468	
0.020802	0.635207	0.742724	0.211929	
0.185841	0.362344	0.001068	0.913578	
0.182300	0.003431	0.914409	0.362055	
0.175432	0.215805	0.667549	0.691087	
0.858523	0.000012	0.001450	0.513298	
0.192917	0.308116	0.931699	0.016493	
0.466538	0.785753	0.406371	0.017255	
0.850135	0.245431	0.439037	0.157525	
0.451936	0.232557	0.749787	0.424332	
0.037863	0.951269	0.306943	0.004042	
0.256857	0.640444	0.156466	0.707058	
0.001816	0.230950	0.903265	0.362224	
0.001890	0.990307	0.140628	0.000001	
0.012823	0.774588	0.602713	0.192387	
0.819306	0.403895	0.000347	0.407544	
0.727973	0.443037	0.291178	0.435268	
0.000000	0.000000	0.000000	1.000194	
0.962673	0.271058	0.018479	0.001282	
0.001212	0.166050	0.380790	0.909938	
0.741835	0.002944	0.670925	0.001207	
0.056555	0.642943	0.468402	0.603770	
0.003679	0.331959	0.924771	0.187565	
0.353070	0.011358	0.921276	0.163936	
0.990039	0.142766	0.000106	0.000014	
0.921897	0.102694	0.181482	0.327127	
0.453079	0.205734	0.844633	0.198838	
0.028111	0.132967	0.004727	0.991008	
0.374439	0.022511	0.820436	0.432125	
0.449771	0.040536	0.421866	0.786638	
0.187338	0.069410	0.784048	0.588153	
0.196082	0.960205	0.199821	0.000753	
0.469038	0.229671	0.453400	0.722626	
0.550361	0.069904	0.832298	0.009604	
0.557114	0.816566	0.000150	0.152882	
0.813727	0.180631	0.462778	0.302596	
0.034102	0.138287	0.135176	0.980774	
0.218786	0.269137	0.796237	0.496266	
0.019891	0.790261	0.009544	0.612822	
0.376918	0.226300	0.000593	0.902490	
0.004508	0.331949	0.924770	0.187565	
0.678650	0.360030	0.001037	0.646018	
0.981891	0.103705	0.003763	0.159725	
0.515238	0.671951	0.234766	0.477938	
0.547745	0.161602	0.000034	0.821241	
0.172213	0.697351	0.668629	0.193566	
0.572699	0.018423	0.803364	0.163418	
0.178634	0.276442	0.944584	0.000020	
0.002917	0.248437	0.456483	0.854691	
0.642500	0.642648	0.450067	0.009327	
0.851819	0.012292	0.398187	0.341158	
0.003508	0.986722	0.002117	0.164110	
0.991110	0.008786	0.003441	0.134170	
0.004761	0.565642	0.833728	0.382364	
0.147337	0.903859	0.401763	0.017257	
0.505996	0.039353	0.488316	0.710333	
0.473452	0.002460	0.011251	0.881051	
0.158454	0.000823	0.008660	0.987597	
0.012904	0.930435	0.168725	0.325796	
0.894363	0.444219	0.012191	0.062457	
0.069800	0.793513	0.037900	0.603768	
0.691438	0.006283	0.015058	0.722621	
0.411799	0.733716	0.015421	0.540743	
0.314609	0.000082	0.949522	0.000020	
0.004189	0.478236	0.852209	0.213757	
0.774114	0.244650	0.115286	0.572920	
0.842458	0.247323	0.479160	0.003975	
0.000000	0.000000	0.513396	0.858380	
0.000000	0.000000	0.177410	0.984364	
0.175261	0.981102	0.001345	0.119718	
