1.002540	0.000000	0.000000	0.000000	
0.141434	0.992192	0.000361	0.004402	
0.297997	0.556461	0.209796	0.749485	
0.161172	0.149919	0.977670	0.009059	
0.152937	0.976209	0.168467	0.003652	
0.537054	0.246653	0.003882	0.809654	
0.341535	0.163372	0.929222	0.001708	
0.191214	0.558904	0.000826	0.809257	
0.016647	0.956438	0.300108	0.020311	
0.987190	0.170676	0.000872	0.004309	
0.364970	0.682935	0.636724	0.021631	
0.150554	0.803332	0.017478	0.583367	
0.861966	0.007217	0.511927	0.010181	
0.000610	0.026688	0.000308	1.001587	
0.855412	0.521196	0.000037	0.004065	
0.203832	0.418496	0.843740	0.275180	
0.787574	0.156028	0.598226	0.000785	
0.104224	0.707948	0.140687	0.686352	
0.002772	0.119619	0.738117	0.667928	
0.778353	0.608720	0.168467	0.003652	
0.414995	0.426600	0.805997	0.001587	
0.332284	0.003969	0.944659	0.006518	
0.214381	0.003515	0.382902	0.901056	
0.336834	0.201372	0.001350	0.922217	
0.000000	0.000000	0.000000	1.002007	
0.373867	0.006610	0.368341	0.852679	
0.169074	0.470944	0.295778	0.817450	
0.324643	0.000910	0.000135	0.947375	
0.000084	0.185545	0.002534	0.984109	
0.028104	0.250966	0.594308	0.767657	
0.473693	0.010141	0.223074	0.855798	
0.011811	0.324490	0.948179	0.000884	
0.173721	0.548057	0.821095	0.000742	
0.898776	0.193113	0.366794	0.158045	
0.159676	0.102401	0.472293	0.863004	
0.158293	0.000713	0.149506	0.978241	
0.000000	0.000000	1.001995	0.000000	
0.005084	0.863040	0.510164	0.001253	
0.430715	0.435233	0.220589	0.761475	
0.164923	0.161352	0.231016	0.949389	
0.578822	0.194939	0.794674	0.004675	
0.297549	0.000048	0.050306	0.955431	
0.485584	0.817848	0.007390	0.313123	
0.992968	0.002297	0.142233	0.000016	
0.000133	0.293709	0.004011	0.957405	
0.000065	0.143446	0.001959	0.991122	
0.392749	0.256719	0.196922	0.862824	
0.138714	0.007554	0.991652	0.000914	
0.643103	0.003527	0.118700	0.758994	
0.822103	0.441054	0.364866	0.002161	
0.000000	1.008178	0.000000	0.000000	
0.950663	0.002356	0.316596	0.000587	
0.658274	0.374568	0.656652	0.000915	
0.723341	0.001999	0.002442	0.693055	
0.471826	0.606052	0.003717	0.646238	
0.000155	0.349315	0.213048	0.914071	
0.522627	0.005374	0.854361	0.001405	
0.968020	0.191777	0.168812	0.000785	
0.150952	0.003309	0.394770	0.908127	
0.905041	0.401556	0.169383	0.010711	
0.000456	0.523379	0.854280	0.005778	
0.000327	0.000982	0.324740	0.947659	
0.006086	0.515631	0.001822	0.858706	
0.189321	0.893205	0.363650	0.197123	
0.951501	0.314270	0.000243	0.003485	
0.702264	0.715946	0.002369	0.001364	
0.351656	0.898198	0.177563	0.201386	
0.710089	0.003501	0.706210	0.002597	
0.012378	0.711173	0.705403	0.003813	
0.149213	0.781057	0.608567	0.000845	
0.002881	0.615135	0.205908	0.763696	
0.554820	0.737914	0.196452	0.338852	
0.000494	0.155824	0.149869	0.978461	
0.446742	0.834218	0.332847	0.006538	
0.004528	0.992057	0.152288	0.001115	
0.321857	0.950415	0.010241	0.006637	
0.019453	0.001269	0.660163	0.753446	
0.174816	0.158730	0.008217	0.973509	
0.002127	0.143083	0.993122	0.001115	
0.642091	0.638372	0.433984	0.026926	
0.522918	0.179238	0.488721	0.677532	
0.886569	0.003995	0.384401	0.265669	
0.408157	0.762168	0.287352	0.416278	
0.020807	0.919453	0.354811	0.178541	
0.701839	0.002102	0.302766	0.647759	
0.000145	0.326519	0.199145	0.925983	
0.250949	0.506448	0.464762	0.685876	
0.838895	0.062255	0.002427	0.545802	
0.000610	0.026688	0.000308	1.001587	
0.992271	0.000000	0.000000	0.140853	
0.141360	0.960202	0.193581	0.159394	
0.211223	0.209999	0.142764	0.948152	
0.131609	0.923264	0.000336	0.365822	
0.121621	0.006623	0.869452	0.481611	
0.638788	0.647956	0.002346	0.420677	
0.583777	0.789617	0.000735	0.199348	
0.297997	0.556461	0.209796	0.749485	
0.018120	0.800707	0.574411	0.178512	
0.772503	0.373012	0.295800	0.426235	
0.000000	0.000000	0.000000	8.437447	
0.376390	0.126623	0.541386	0.746552	
0.146093	0.010439	0.140517	0.981266	
0.410921	0.422412	0.798085	0.137111	
0.464028	0.303175	0.487675	0.679219	
0.013866	0.000002	0.950867	0.316930	
0.014674	0.372069	0.623224	0.692225	
0.001471	0.001503	0.324631	0.947357	
0.003756	0.372383	0.914343	0.168848	
0.165210	0.349846	0.003006	0.923850	
0.773942	0.001891	0.125404	0.623503	
0.779955	0.240738	0.000101	0.582480	
0.395748	0.000967	0.676553	0.623313	
0.170897	0.157370	0.958756	0.184360	
0.179285	0.942354	0.287605	0.020152	
0.146361	0.390192	0.777189	0.476956	
0.672044	0.409471	0.000200	0.625051	
0.357558	0.913273	0.001667	0.201382	
0.208634	0.527202	0.803131	0.197407	
0.160930	0.103206	0.476002	0.860634	
0.290823	0.008410	0.575740	0.766874	
0.977258	0.168959	0.000000	0.140727	
0.435819	0.465043	0.005621	0.772953	
0.000828	0.167634	0.976022	0.149928	
0.001441	0.646083	0.640745	0.420990	
0.012457	0.973230	0.154940	0.184185	
0.951990	0.188601	0.174002	0.178925	
0.078807	0.519299	0.307981	0.797498	
0.550525	0.688664	0.249093	0.404460	
0.483072	0.486056	0.229385	0.694127	
0.646779	0.003547	0.640961	0.419449	
0.245675	0.000371	0.752577	0.613292	
0.922271	0.212492	0.327820	0.004118	
0.974784	0.000158	0.164805	0.161743	
0.189835	0.234558	0.409846	0.863612	
0.816575	0.006837	0.403919	0.417846	
0.004149	0.946714	0.002802	0.329879	
0.264771	0.839229	0.201587	0.437670	
0.771790	0.206997	0.472340	0.378210	
0.715125	0.652222	0.206565	0.156659	
0.712697	0.235820	0.144213	0.647813	
0.446417	0.000037	0.010254	0.896863	
0.621641	0.000189	0.449396	0.645396	
0.653376	0.628307	0.426778	0.021984	
0.242620	0.711007	0.151795	0.645314	
0.187706	0.192955	0.952763	0.154139	
0.000000	0.000000	1.001938	0.000008	
0.137992	0.022232	0.978693	0.166809	
0.698423	0.239394	0.652748	0.177986	
0.208500	0.001144	0.876826	0.438262	
0.156497	0.946202	0.288755	0.020179	
0.253100	0.268284	0.873412	0.325578	
0.775314	0.011696	0.597279	0.215267	
0.000000	1.008178	0.000000	0.000000	
0.993007	0.000000	0.025464	0.133252	
0.941668	0.102421	0.326643	0.004032	
0.513240	0.172661	0.738227	0.411049	
0.017111	0.732445	0.227188	0.645389	
0.025799	0.915536	0.156685	0.381712	
0.716913	0.653098	0.203845	0.156865	
0.854141	0.389398	0.019492	0.350883	
0.432356	0.007088	0.772223	0.469918	
0.147733	0.975594	0.000355	0.172948	
0.490631	0.471807	0.320475	0.663752	
0.614755	0.000000	0.779774	0.133332	
0.720526	0.058813	0.002441	0.693114	
0.743286	0.630861	0.033925	0.231257	
0.799878	0.575603	0.001576	0.182088	
0.009935	0.375190	0.367021	0.852795	
0.141470	0.960947	0.190965	0.151880	
0.913780	0.000166	0.155527	0.380774	
0.430715	0.435233	0.220589	0.761475	
0.529342	0.653809	0.002427	0.545821	
0.003447	0.702508	0.698153	0.161131	
0.749610	0.417179	0.333811	0.397136	
0.386677	0.012375	0.169981	0.907935	
0.006095	0.368847	0.873572	0.325638	
0.434270	0.448416	0.448342	0.643108	
0.208922	0.663896	0.685660	0.223656	
0.191214	0.558904	0.000826	0.809257	
0.452076	0.295366	0.478720	0.697136	
0.943377	0.194505	0.172698	0.215707	
0.840158	0.274941	0.206172	0.427005	
0.473789	0.882506	0.002053	0.010442	
0.933023	0.001808	0.310721	0.192158	
0.750818	0.003718	0.144238	0.647923	
0.002894	0.163886	0.929490	0.338830	
0.296428	0.866438	0.083212	0.398354	
0.017949	0.604238	0.773419	0.200383	
0.007518	0.895332	0.425043	0.157272	
0.456576	0.272959	0.833042	0.163378	
0.903225	0.208974	0.018214	0.378846	
0.601924	0.752960	0.272349	0.005917	
0.005685	0.216636	0.747096	0.632606	
0.774941	0.266472	0.578456	0.000007	
0.351167	0.006240	0.922588	0.175878	
0.119989	0.310049	0.945085	0.000804	
0.004545	0.995696	0.126219	0.001115	
0.951293	0.188463	0.179579	0.178979	
0.870250	0.399680	0.299289	0.000485	
0.670943	0.409330	0.005048	0.624259	
