0.948160	0.000015	0.318465	0.000021	
0.530423	0.018503	0.272415	0.802934	
0.319096	0.948013	0.000172	0.000006	
0.709425	0.026888	0.016541	0.713035	
0.006963	0.193014	0.585568	0.787627	
0.177875	0.271393	0.242713	0.914522	
0.726099	0.013941	0.685807	0.051632	
0.001413	0.000494	0.318662	0.948103	
0.072085	0.567722	0.820370	0.002312	
0.370557	0.821570	0.433927	0.000005	
0.869808	0.006765	0.044526	0.491849	
0.417420	0.379115	0.808338	0.170683	
0.014704	0.160349	0.157593	0.974618	
0.432918	0.465279	0.462248	0.618921	
0.164006	0.151932	0.001836	0.974994	
0.597895	0.189568	0.000825	0.779245	
0.715457	0.458852	0.471526	0.236214	
0.005387	0.990277	0.141357	0.000901	
0.009379	0.395837	0.890611	0.225124	
0.829155	0.014882	0.559222	0.000079	
0.224978	0.507743	0.831881	0.009745	
0.395945	0.001367	0.890609	0.225124	
0.947439	0.183963	0.187855	0.184098	
0.194971	0.436308	0.723183	0.499256	
0.000702	0.296105	0.955520	0.000236	
0.324922	0.001593	0.001747	0.946050	
0.466893	0.221981	0.818011	0.253024	
0.135772	0.001578	0.000331	0.991048	
0.190353	0.004928	0.912079	0.364071	
0.193930	0.000748	0.587971	0.793166	
0.176483	0.000100	0.372642	0.911405	
0.004980	0.686276	0.001954	0.727664	
0.638000	0.636575	0.433922	0.000005	
0.849689	0.527679	0.002759	0.009745	
0.480409	0.675591	0.214360	0.517032	
0.665594	0.679225	0.213311	0.225286	
0.516969	0.019366	0.001356	0.856123	
0.000000	0.000000	1.000259	0.000000	
0.370249	0.032273	0.788143	0.491153	
0.917395	0.160671	0.005311	0.364840	
0.810726	0.415874	0.006672	0.412511	
0.173064	0.458145	0.103716	0.865934	
0.000001	0.000027	0.987967	0.156590	
0.370448	0.019985	0.664173	0.649366	
0.140938	0.002110	0.973481	0.181765	
0.171044	0.790786	0.588177	0.005246	
0.423623	0.649084	0.632277	0.002617	
0.822413	0.411389	0.393754	0.000901	
0.000003	0.551732	0.108386	0.827282	
0.673658	0.231271	0.674396	0.196470	
0.006200	0.507571	0.005360	0.861919	
0.003872	0.319894	0.304346	0.897600	
0.053749	0.004685	0.869705	0.491154	
0.388736	0.374173	0.013196	0.842234	
0.373817	0.188670	0.908454	0.000010	
0.719004	0.368824	0.418869	0.414793	
0.990037	0.142766	0.000152	0.000079	
0.141199	0.990196	0.000137	0.000002	
0.678709	0.224658	0.222991	0.663090	
0.001349	0.138638	0.000189	0.990651	
0.000673	0.140952	0.973483	0.181765	
0.000000	0.989402	0.000073	0.147021	
0.793017	0.014756	0.214052	0.570598	
0.445346	0.212287	0.173308	0.852734	
0.402569	0.372226	0.745878	0.378775	
0.149894	0.157623	0.865940	0.450899	
0.588296	0.782854	0.000050	0.203935	
0.909656	0.367871	0.194843	0.004540	
0.597412	0.000783	0.722232	0.349528	
0.170611	0.376721	0.004783	0.910774	
0.418315	0.655959	0.000065	0.628741	
0.780178	0.596848	0.001377	0.189012	
0.803862	0.565589	0.185752	0.004540	
0.649822	0.420066	0.633804	0.000033	
0.189568	0.525933	0.515984	0.649574	
0.000000	1.000257	0.000000	0.000000	
0.185803	0.186837	0.417116	0.870066	
0.863107	0.006713	0.377312	0.336387	
0.009380	0.620202	0.658505	0.426848	
0.389640	0.894551	0.004016	0.220135	
0.215864	0.681188	0.664243	0.220773	
0.542497	0.846471	0.006537	0.015550	
0.916942	0.131422	0.377475	0.000051	
0.022372	0.799108	0.274460	0.534834	
0.021129	0.471307	0.824377	0.337689	
0.350825	0.917150	0.190777	0.000000	
0.395694	0.255789	0.387476	0.792769	
0.887622	0.304726	0.285330	0.196151	
0.639492	0.645346	0.005513	0.418494	
0.036008	0.733788	0.641214	0.222972	
0.001482	0.138777	0.990599	0.000456	
0.183237	0.908867	0.375406	0.001672	
0.575332	0.014082	0.818151	0.000431	
0.949093	0.315698	0.003843	0.005294	
0.920156	0.017122	0.204859	0.334079	
0.005180	0.947779	0.319839	0.000661	
0.007732	0.914862	0.370182	0.162958	
0.727895	0.685740	0.000114	0.023876	
0.214550	0.859527	0.416121	0.206718	
0.374518	0.829615	0.019951	0.414298	
0.021649	0.009707	0.932837	0.360281	
0.248359	0.082904	0.947452	0.185255	
0.309207	0.001021	0.951273	0.001181	
0.046520	0.233079	0.910365	0.339427	
0.008243	0.968455	0.190013	0.162959	
0.197794	0.000027	0.787426	0.584294	
0.372380	0.766752	0.447032	0.272363	
0.011918	0.682838	0.730834	0.009745	
0.000282	0.626297	0.391256	0.674719	
0.166713	0.001937	0.159788	0.973265	
0.003037	0.179360	0.362116	0.915019	
0.001250	0.942470	0.002600	0.335074	
0.162417	0.977844	0.000293	0.134066	
0.638776	0.426370	0.000499	0.640863	
0.188082	0.911939	0.000038	0.365192	
0.990976	0.018518	0.001668	0.134254	
0.001191	0.305103	0.001640	0.952645	
0.269823	0.748590	0.000209	0.606127	
0.008301	0.853402	0.004149	0.521665	
0.136729	0.191622	0.706797	0.667640	
0.000000	0.000000	0.000000	1.000234	
0.754080	0.191345	0.000065	0.628730	
0.198542	0.358005	0.912639	0.000128	
0.665060	0.012292	0.415543	0.620835	
0.945223	0.017461	0.001489	0.326828	
0.000004	0.914196	0.179590	0.364050	
0.356345	0.169373	0.000231	0.919221	
0.713129	0.008098	0.676528	0.184816	
1.000255	0.000000	0.000000	0.000000	
0.921845	0.339948	0.009530	0.187217	
0.597826	0.014444	0.780306	0.184556	
0.559475	0.195518	0.805844	0.002696	
0.000129	0.003518	0.686289	0.727665	
0.144308	0.001949	0.989766	0.000239	
0.407271	0.407589	0.817671	0.000556	
0.012454	0.197402	0.787426	0.584295	
0.017738	0.000625	0.606395	0.795296	
0.256695	0.566800	0.002455	0.783215	
0.368179	0.012823	0.189589	0.910409	
0.162619	0.459979	0.848148	0.207676	
0.031028	0.590036	0.775821	0.222985	
0.018774	0.387786	0.654218	0.649547	
0.923835	0.000015	0.344788	0.167637	
0.020755	0.360372	0.426225	0.829801	
0.056213	0.001981	0.903216	0.426098	
0.023406	0.488208	0.849695	0.199462	
0.189278	0.891540	0.378627	0.162983	
0.233699	0.486759	0.817102	0.203509	
0.409785	0.014228	0.002280	0.912359	
0.037187	0.707149	0.670491	0.222984	
0.997549	0.069209	0.000172	0.024370	
0.069499	0.185181	0.787421	0.584291	
0.324248	0.927452	0.041338	0.183198	
0.682600	0.696579	0.005419	0.222175	
0.231319	0.040954	0.705341	0.669346	
0.506579	0.755625	0.180100	0.374791	
0.929389	0.025297	0.368785	0.008257	
0.261616	0.261820	0.929278	0.000406	
0.639527	0.405920	0.420220	0.500274	
0.638748	0.426351	0.000521	0.640835	
0.003220	0.999756	0.033337	0.000065	
0.559066	0.196717	0.805858	0.002696	
0.412666	0.911194	0.000398	0.001986	
0.002243	0.190196	0.385298	0.903291	
0.164054	0.054584	0.595422	0.792529	
0.099016	0.459164	0.361599	0.805647	
0.520031	0.012939	0.815965	0.253023	
0.945185	0.017588	0.001489	0.326816	
0.529093	0.019820	0.000000	0.848716	
0.849616	0.527634	0.013328	0.009745	
0.378903	0.252779	0.619328	0.639955	
0.077580	0.002888	0.943752	0.338458	
0.948036	0.180713	0.187850	0.184093	
0.288334	0.264133	0.795377	0.463867	
0.164455	0.977486	0.000293	0.134063	
0.424901	0.648292	0.632306	0.005397	
0.000960	0.305173	0.003340	0.952559	
0.866392	0.049935	0.078321	0.491143	
0.777446	0.009769	0.027248	0.628736	
0.194913	0.005046	0.909832	0.367310	
0.001413	0.000494	0.318662	0.948103	
0.828968	0.378853	0.378637	0.162987	
0.303041	0.091188	0.948956	0.000479	
0.779585	0.596395	0.037085	0.189003	
0.682395	0.278770	0.676221	0.002696	
0.434788	0.402017	0.805575	0.028376	
0.857555	0.049426	0.146355	0.491143	
0.717090	0.117490	0.686202	0.038851	
0.000941	0.003319	0.786300	0.618239	
0.140938	0.002110	0.973481	0.181765	
0.174204	0.383273	0.397570	0.815627	
0.718735	0.460954	0.473686	0.217212	
0.197059	0.015283	0.101762	0.975314	
0.269444	0.747538	0.000208	0.607728	
0.004432	0.028787	0.999447	0.028474	
0.908101	0.014276	0.397018	0.134261	
0.099566	0.006346	0.995290	0.003100	
0.538046	0.662525	0.004149	0.521689	
0.539737	0.841900	0.000172	0.018187	
0.310558	0.000176	0.295442	0.903836	
