0.600025	0.808830	0.004824	0.000000	
0.236402	0.482649	0.846379	0.005938	
0.003597	0.446277	0.732016	0.529415	
0.143771	0.014092	0.993924	0.009962	
0.110213	0.998072	0.003277	0.000528	
0.815314	0.015349	0.588935	0.009906	
0.258302	0.006816	0.912932	0.331337	
0.003540	0.002450	0.978179	0.218883	
0.204076	0.189688	0.962823	0.107252	
0.002851	0.820928	0.008211	0.578077	
0.201861	0.283035	0.944508	0.003227	
0.804231	0.280504	0.042019	0.541213	
0.619320	0.011574	0.728693	0.301089	
0.165814	0.867585	0.021555	0.474699	
0.325975	0.452926	0.768659	0.325017	
0.139617	0.967648	0.036964	0.229740	
0.023042	0.982443	0.002891	0.216165	
0.587851	0.380694	0.003918	0.720374	
0.001298	0.292257	0.946205	0.177621	
0.006496	0.939906	0.338285	0.096852	
0.821867	0.291086	0.362137	0.337298	
0.382585	0.029397	0.453557	0.810072	
0.071700	0.099936	0.996075	0.004565	
0.295935	0.002220	0.954638	0.099637	
0.003334	0.740263	0.629373	0.254258	
0.477331	0.003006	0.791643	0.394032	
0.195660	0.758829	0.023769	0.634421	
0.021715	0.690082	0.015513	0.728369	
0.549600	0.004065	0.036320	0.841086	
0.000080	0.233955	0.000064	0.975843	
0.447883	0.996164	0.010302	0.000000	
0.515473	0.343862	0.728943	0.301192	
0.000239	0.633962	0.459964	0.628718	
0.112822	0.092483	0.979434	0.171612	
0.959775	0.000241	0.007913	0.292898	
0.066985	0.221304	0.978920	0.007314	
0.395987	0.555506	0.000308	0.738456	
0.000000	0.000000	0.000000	1.001953	
0.999354	0.014826	0.000021	0.121913	
0.565215	0.763149	0.004824	0.332085	
0.876534	0.013900	0.357619	0.333646	
0.778745	0.000025	0.619339	0.122694	
0.674258	0.723633	0.003497	0.167231	
0.260954	0.359569	0.893567	0.096746	
0.625174	0.187483	0.751615	0.122471	
0.002222	0.003223	0.862752	0.517778	
0.149228	0.031703	0.904527	0.418683	
0.201058	0.002124	0.988397	0.095832	
0.701125	0.467030	0.389159	0.386187	
0.000731	1.000231	0.000023	0.099714	
0.886309	0.011735	0.019095	0.477901	
0.000502	0.223181	0.978503	0.011961	
0.983299	0.221465	0.006934	0.001433	
0.520679	0.731103	0.414627	0.174587	
0.002480	0.017799	0.379685	0.930873	
0.335662	0.895945	0.003387	0.313795	
0.951194	0.330068	0.008745	0.005802	
0.004151	0.945181	0.278416	0.216743	
0.106605	0.098930	0.991993	0.105458	
0.112204	0.250636	0.813659	0.516931	
0.371645	0.030848	0.004403	0.939121	
0.112718	0.157806	0.925712	0.339133	
0.433277	0.628598	0.655445	0.010837	
0.000200	0.521094	0.885883	0.008518	
0.155966	0.386543	0.897450	0.178580	
0.935572	0.000178	0.335699	0.158818	
0.002410	0.976976	0.241231	0.001895	
0.000361	0.073624	1.003754	0.011590	
0.003597	0.002490	0.992108	0.141438	
0.383640	0.786956	0.003179	0.491623	
0.000000	1.502278	0.000000	0.000000	
0.440016	0.000000	1.021293	0.000000	
0.052813	0.000994	1.005113	0.000169	
0.651130	0.230399	0.482449	0.545227	
0.189310	0.132101	0.977583	0.008109	
0.140318	0.541042	0.010029	0.835290	
0.053717	0.185939	0.866617	0.475200	
0.145847	0.496763	0.850674	0.118062	
0.249787	0.976798	0.026461	0.000225	
0.227461	0.795337	0.315095	0.472462	
0.004193	0.703747	0.719093	0.001564	
0.480659	0.419493	0.767214	0.109782	
0.774711	0.639523	0.001241	0.000682	
0.827977	0.482090	0.318656	0.000296	
0.000000	0.000000	2.542067	0.000000	
0.000921	0.390163	0.922649	0.087317	
0.004161	0.516205	0.846717	0.162816	
0.630119	0.694542	0.364590	0.015396	
0.172946	0.004402	0.006778	0.990562	
0.390238	0.238258	0.189805	0.873298	
0.307204	0.523408	0.614273	0.510089	
0.000290	0.844206	0.354757	0.416663	
0.199989	0.003008	0.970141	0.187275	
0.002997	0.485468	0.492579	0.729031	
0.003627	0.002510	1.001258	0.055532	
0.506442	0.167159	0.851295	0.000247	
0.901075	0.232301	0.376316	0.000422	
0.003082	0.317750	0.895631	0.325847	
0.000454	0.843713	0.541992	0.001601	
0.276850	0.929666	0.258324	0.001890	
0.001844	0.006920	0.675575	0.749304	
0.457690	0.815107	0.368060	0.001684	
0.913145	0.265152	0.005255	0.321131	
0.000117	0.122649	1.023990	0.152394	
0.366879	0.135561	0.915758	0.125258	
0.186070	0.223714	0.444165	0.855335	
1.113523	0.000000	0.000000	0.000000	
0.735290	0.516299	0.415037	0.165838	
0.001189	0.615857	0.651083	0.451189	
0.116272	0.805909	0.589364	0.001605	
0.001861	0.827606	0.560635	0.097332	
0.399873	0.708008	0.469727	0.362742	
0.075361	0.016742	1.000806	0.052801	
0.172021	0.011630	0.367744	0.926320	
0.974298	0.219438	0.006870	0.115421	
0.585312	0.389847	0.716282	0.003161	
0.001523	0.073588	1.000671	0.059097	
0.282930	0.874497	0.385512	0.132445	
0.239655	0.753274	0.621948	0.005672	
0.137328	0.924747	0.344909	0.121229	
0.350035	0.598154	0.708286	0.154058	
0.284617	0.187345	0.943756	0.015621	
0.009075	0.935638	0.017957	0.364076	
0.216375	0.430276	0.738580	0.506067	
0.023969	0.218914	0.373075	0.907714	
0.740509	0.002878	0.487280	0.470025	
0.105807	0.010564	0.987985	0.144835	
0.875260	0.468462	0.000593	0.157852	
0.113107	0.784313	0.598427	0.154143	
0.003025	0.001634	0.935580	0.368618	
0.183091	0.855101	0.367742	0.326726	
0.006209	0.139672	0.941700	0.319021	
0.004291	0.189362	0.736595	0.652415	
0.516159	0.852841	0.000008	0.120301	
0.350672	0.212293	0.750861	0.529178	
0.295496	0.024335	0.805941	0.522654	
0.109807	0.959256	0.275548	0.001891	
0.577132	0.010865	0.421960	0.708127	
0.124370	0.636817	0.765123	0.003303	
0.161754	0.201499	0.001437	0.970450	
0.007409	0.340815	0.944399	0.000012	
0.000060	0.417561	0.017480	0.912918	
0.190759	0.567129	0.742760	0.314490	
0.105353	0.314719	0.941560	0.087020	
0.123718	0.992033	0.000023	0.099663	
0.750839	0.557536	0.020674	0.363912	
0.955074	0.009993	0.317666	0.000295	
0.231006	0.008353	0.978658	0.006538	
0.368426	0.005541	0.917139	0.186867	
0.000501	0.222800	0.976834	0.060777	
0.518139	0.000131	0.854619	0.094780	
0.322440	0.143934	0.901491	0.261656	
0.404889	0.269676	0.491445	0.729486	
0.354108	0.386835	0.860191	0.007001	
0.001436	0.638360	0.768993	0.097055	
0.281711	0.958228	0.034627	0.114806	
0.061499	0.004297	0.953828	0.300909	
0.103129	0.380736	0.922835	0.014643	
0.174937	0.549889	0.434149	0.700992	
0.759411	0.170190	0.637506	0.010873	
0.155389	0.000541	0.761033	0.637939	
0.602648	0.517873	0.014647	0.613817	
0.881546	0.261895	0.389135	0.113619	
0.577716	0.040055	0.821049	0.000869	
0.731820	0.005413	0.047881	0.686912	
0.062286	0.551405	0.837885	0.001605	
0.442335	0.042966	0.178586	0.882742	
0.003391	0.001994	0.866824	0.509952	
0.575658	0.117782	0.441994	0.686657	
0.284545	0.187297	0.943515	0.027023	
0.961392	0.010059	0.297998	0.000295	
0.256343	0.120042	0.432071	0.863695	
0.135644	0.106834	0.006765	0.988624	
0.078566	0.756026	0.655612	0.004566	
0.002882	0.297083	0.902760	0.325868	
0.026015	0.936665	0.364827	0.015258	
0.748594	0.667839	0.018492	0.017978	
0.156544	0.386981	0.898789	0.172369	
0.709395	0.021143	0.043020	0.721929	
0.169491	0.963057	0.036972	0.229785	
0.427964	0.028933	0.915972	0.036732	
0.323959	0.140484	0.901492	0.261657	
0.538349	0.845727	0.002967	0.059980	
0.174433	0.109263	0.972343	0.141690	
0.005611	0.811725	0.593511	0.009903	
0.371188	0.119889	0.922425	0.087296	
0.977764	0.207636	0.037532	0.114918	
0.017651	0.143153	0.994206	0.009288	
0.000574	0.027739	0.374869	0.931483	
0.592715	0.341236	0.395090	0.623427	
0.020425	1.005106	0.000475	0.002003	
0.713235	0.609030	0.364321	0.015395	
0.046106	0.882910	0.019046	0.476216	
0.118570	0.950756	0.284715	0.099644	
0.062165	0.033343	0.933216	0.368733	
0.814281	0.017590	0.588222	0.012605	
0.779760	0.364692	0.042467	0.524551	
0.567485	0.378220	0.011895	0.738328	
0.112040	0.157965	0.924455	0.338672	
0.024015	0.218363	0.372156	0.905478	
