0.801584	0.021086	0.888724	4.748323	
0.152091	0.602440	0.000788	7.452116	
0.629896	0.210050	0.006905	7.183090	
0.016287	0.792060	0.907634	4.854880	
0.000669	0.307133	0.168668	7.310188	
0.003205	0.000052	0.720250	6.928492	
0.000525	0.131632	0.001107	7.781895	
0.010779	0.876836	0.007512	6.300197	
0.622572	0.225802	0.705575	6.410472	
0.792180	0.879353	0.010294	4.787656	
0.739205	0.000078	0.730165	5.652830	
0.163492	0.284463	0.000084	7.262626	
0.892279	0.023067	0.813790	4.708161	
0.793550	0.242732	0.616908	5.712325	
0.000000	0.000000	0.000000	8.000322	
0.231790	0.789381	0.622504	5.782126	
0.739205	0.018258	0.615059	6.445196	
0.000251	0.748801	0.727660	5.608633	
0.187822	0.795954	0.000061	6.184604	
0.000000	0.164656	0.606371	7.393593	
0.000027	0.000812	0.124014	7.761668	
0.164866	0.294003	0.178946	6.914445	
0.737795	0.736739	0.005094	5.612636	
0.173360	0.000099	0.627292	7.456907	
0.808612	0.809343	0.270809	4.386870	
0.000000	0.783052	0.186643	6.152038	
0.304401	0.177682	0.193037	6.879361	
0.218135	0.217587	0.663164	6.597362	
0.630606	0.651994	0.641682	6.526850	
0.602463	0.000000	0.000142	7.795752	
0.028581	0.678038	0.295098	6.816607	
0.794518	0.638041	0.237949	5.685260	
0.012144	0.018326	0.891476	6.314875	
0.634333	0.627808	0.188200	6.863117	
0.892187	0.010628	0.000174	6.338743	
0.043779	0.544671	0.735134	6.714648	
0.254278	0.814396	0.805689	4.446957	
0.775325	0.000003	0.193400	6.181812	
0.875028	0.743522	0.872575	3.395153	
0.614082	0.786756	0.201082	5.792976	
0.591040	0.000000	0.899259	6.165882	
0.196692	0.001910	0.776228	6.170517	
0.002660	0.006867	0.267357	7.567246	
0.617264	0.000002	0.230942	7.355440	
0.770123	0.199664	0.000138	6.207301	
0.002224	0.734428	0.000180	6.890897	
0.873011	0.218928	0.212174	5.501726	
0.004478	0.194046	0.788722	6.168225	
0.219178	0.230577	0.867656	5.478201	
0.295332	0.693804	0.002777	6.732104	
0.000002	0.289020	0.000479	7.687759	
0.135109	0.000102	0.136557	7.468152	
0.160403	0.001712	0.314557	7.308415	
0.000000	0.586580	0.188965	7.443475	
0.299103	0.000016	0.151413	7.363160	
0.523437	0.046441	0.716890	6.884972	
0.734026	0.862653	0.863122	3.447117	
0.680478	0.668012	0.881508	4.885400	
0.215944	0.668560	0.215002	6.503244	
0.842349	0.866623	0.719633	3.567758	
0.153240	0.152031	0.152737	7.160918	
0.703551	0.313803	0.017218	6.666779	
0.000000	0.586643	0.876672	6.229241	
0.000000	0.162418	0.301520	7.285005	
0.690851	0.926483	0.657736	5.094285	
0.882450	0.693836	0.655524	4.872802	
0.195637	0.167551	0.301422	6.891969	
0.000000	0.582150	0.007472	7.964404	
0.125083	0.000467	0.000457	7.770143	
0.003385	0.135038	0.135941	7.466884	
0.292332	0.161481	0.000055	7.275515	
0.635537	0.281484	0.633886	6.694872	
0.725285	0.000144	0.000112	6.894130	
0.897319	0.795594	0.000174	4.823239	
0.790828	0.230985	0.818606	4.439156	
0.145075	0.651994	0.638790	6.727714	
0.031496	0.893000	0.786711	4.812683	
0.655181	0.227094	0.217630	6.596373	
0.261492	0.000000	0.000927	7.576871	
0.138197	0.141556	0.001043	7.499990	
0.866293	0.018661	0.608367	6.023397	
0.252194	0.626410	0.805485	5.597300	
0.219842	0.870476	0.220526	5.486523	
0.007691	0.309050	0.298142	7.246988	
0.000007	0.148094	0.001202	7.705748	
0.000174	0.131819	0.135941	7.477408	
0.162940	0.001925	0.313643	7.301465	
0.299556	0.000016	0.173937	7.260038	
0.791362	0.877622	0.010297	4.790986	
0.666452	0.223627	0.721423	6.049041	
0.000000	0.593676	0.018448	7.891523	
0.010951	0.707401	0.003780	7.012839	
0.124898	0.000683	0.000457	7.759037	
0.010779	0.876836	0.004494	6.303513	
0.295332	0.692333	0.002777	6.743293	
0.000000	0.593123	0.717023	6.791168	
0.634543	0.627808	0.188049	6.786827	
0.631590	0.034668	0.813790	6.047048	
0.735319	0.862653	0.861222	3.436977	
0.032052	0.678882	0.295098	6.805465	
0.196089	0.001911	0.778772	6.157226	
0.592811	0.012866	0.716890	6.737553	
0.252194	0.215869	0.805485	5.685815	
0.015212	0.252938	0.173937	7.299976	
0.242513	0.801373	0.646419	5.565346	
0.602463	0.000000	0.000213	7.795676	
0.878176	0.728395	0.863423	3.500736	
0.000174	0.131819	0.249547	7.318864	
0.138202	0.602440	0.001775	7.467788	
0.708523	0.010791	0.197203	6.783345	
0.000006	0.780363	0.127331	6.289157	
0.254278	0.815402	0.805729	4.370175	
0.034599	0.011406	0.004608	7.938379	
0.149745	0.651994	0.643069	6.688838	
0.030553	0.885024	0.814639	4.677475	
0.656153	0.866355	0.182130	5.475630	
0.217944	0.216749	0.663164	6.619146	
0.007171	0.276184	0.001439	7.575410	
0.162908	0.279314	0.164420	6.936244	
0.228335	0.002174	0.018764	7.568255	
0.187822	0.804495	0.000061	6.152720	
0.153515	0.153292	0.152737	7.085185	
0.678144	0.313803	0.001799	6.876217	
0.690851	0.912463	0.708786	4.646878	
0.179223	0.661514	0.670038	6.488640	
0.801584	0.039592	0.888724	4.719507	
0.004478	0.194046	0.788722	6.168225	
0.219842	0.651849	0.220526	6.613542	
0.000174	0.039050	0.883463	6.276957	
0.020675	0.796125	0.873401	4.746521	
0.000000	0.575905	0.883641	6.328997	
0.000023	0.000146	0.125334	7.760267	
0.668643	0.019749	0.188049	6.927857	
0.871074	0.002030	0.802278	4.758575	
0.141630	0.000087	0.144321	7.606412	
0.794419	0.012037	0.031926	6.412836	
0.873611	0.695633	0.651387	4.875256	
0.002224	0.242732	0.625747	7.220787	
0.022232	0.628078	0.208169	7.169336	
0.866293	0.018555	0.608367	6.024803	
0.163708	0.280435	0.000084	7.258778	
0.793550	0.242593	0.626197	5.690069	
0.662922	0.651994	0.611107	6.591784	
0.232723	0.880084	0.227037	5.484798	
0.653080	0.142166	0.641992	6.656824	
0.874937	0.799720	0.000175	4.757652	
0.031924	0.000016	0.204505	7.563328	
0.802008	0.638041	0.237949	5.652031	
0.820138	0.748801	0.000210	5.101450	
0.007323	0.844371	0.598283	6.075225	
0.007514	0.309050	0.298142	7.247464	
0.725285	0.000144	0.000126	6.894112	
0.138197	0.141556	0.001049	7.498840	
0.787877	0.199664	0.000138	6.107391	
0.708296	0.862674	0.263385	4.904378	
0.629896	0.221576	0.213991	6.765901	
0.665413	0.652299	0.882153	5.224039	
0.870299	0.214800	0.125625	5.721743	
0.010178	0.004159	0.727923	6.860177	
0.292332	0.164316	0.000055	7.269721	
0.160178	0.018661	0.608367	7.367957	
0.788980	0.876111	0.774685	3.476583	
0.162908	0.279314	0.293993	6.867099	
0.807891	0.236226	0.717023	4.943909	
0.631665	0.166075	0.000017	7.246639	
0.276182	0.131819	0.137113	7.057573	
0.629815	0.244791	0.652542	6.595536	
0.005425	0.194046	0.788722	6.104569	
0.802008	0.637435	0.233270	5.658162	
0.030712	0.792060	0.028636	6.399514	
0.240548	0.001911	0.778964	6.143927	
0.677326	0.016889	0.001802	7.467943	
0.681978	0.214837	0.214664	6.404805	
0.019118	0.026550	0.801561	6.383627	
0.000000	0.018231	0.724441	6.962155	
0.001079	0.000003	0.202317	7.609698	
0.005743	0.681084	0.797890	5.750053	
0.666452	0.232133	0.045273	6.967018	
0.138202	0.602440	0.000788	7.468706	
0.793550	0.242732	0.626197	5.657382	
0.318402	0.194046	0.788722	5.810798	
0.878176	0.728395	0.863423	3.500736	
0.153515	0.659557	0.152737	6.775689	
0.171210	0.147401	0.146243	7.447173	
0.011802	0.151858	0.230311	7.319216	
0.195478	0.815402	0.805536	4.547994	
0.000002	0.748677	0.152639	6.661209	
0.124898	0.000679	0.686797	7.145937	
0.183279	0.804400	0.651387	5.644706	
0.228335	0.002174	0.016606	7.635940	
0.292332	0.161481	0.002749	7.272745	
0.690851	0.912463	0.710009	4.634693	
0.242983	0.000059	0.193384	7.257867	
0.179223	0.661514	0.702975	6.238439	
0.217438	0.809343	0.270809	5.616234	
0.000000	0.575905	0.883641	6.328997	
0.827768	0.288383	0.031926	5.901135	
0.653080	0.648430	0.641992	6.400388	
0.708296	0.862674	0.263385	4.904378	
0.298217	0.185527	0.173937	6.889627	
