0.005600	0.275777	0.000069	7.651442	
0.651252	0.000387	0.628755	7.039178	
0.186301	0.625338	0.001280	7.266907	
0.541387	0.000000	0.694847	7.253373	
0.659545	0.689057	0.930110	5.071890	
0.000000	0.000000	0.000011	8.189009	
0.894047	0.625266	0.000014	5.970070	
0.189102	0.000001	0.788784	6.184287	
0.670146	0.868382	0.680043	4.855223	
0.218911	0.222643	0.890502	5.522513	
0.000111	0.121339	0.000226	7.800975	
0.212588	0.217031	0.669798	6.511763	
0.036126	0.914086	0.650456	5.866654	
0.653850	0.219427	0.223223	6.598895	
0.214166	0.657079	0.220174	6.684878	
0.793112	0.808423	0.252022	4.453457	
0.788532	0.256997	0.826151	4.418786	
0.608627	0.762932	0.213465	5.960475	
0.880416	0.779893	0.000011	4.866679	
0.218539	0.869646	0.601684	6.124036	
0.285986	0.628914	0.857631	5.511419	
0.772362	0.000140	0.210135	6.275599	
0.543461	0.000000	0.000667	7.957092	
0.782337	0.606636	0.213281	5.839936	
0.192928	0.000086	0.626250	7.240189	
0.878423	0.863175	0.729109	3.498325	
0.856538	0.221768	0.223983	5.479622	
0.890595	0.000000	0.792938	4.819397	
0.780772	0.882014	0.040164	4.806363	
0.223260	0.879982	0.226508	5.493018	
0.162896	0.000001	0.277936	7.260404	
0.724889	0.736542	0.000034	5.713652	
0.000000	0.287635	0.154950	7.288128	
0.163252	0.174716	0.298222	6.933038	
0.001768	0.714166	0.000246	7.092646	
0.543003	0.702716	0.001316	7.020420	
0.009700	0.785968	0.927808	4.985347	
0.003223	0.901419	0.813277	4.763674	
0.000000	0.000000	0.274040	7.583963	
0.269515	0.000122	0.000241	7.580226	
0.286059	0.148519	0.000214	7.297950	
0.120135	0.000001	0.000250	7.793431	
0.171446	0.312145	0.218053	6.874455	
0.891457	0.000000	0.628087	5.947291	
0.001362	0.720655	0.755621	5.664232	
0.000548	0.000000	0.715463	6.970261	
0.148486	0.153059	0.150173	7.104179	
0.000486	0.000300	0.128347	7.752523	
0.704878	0.323968	0.006538	6.840535	
0.768520	0.193222	0.000175	6.235394	
0.892342	0.003396	0.001190	6.348091	
0.000002	0.777483	0.197313	6.167076	
0.722062	0.874186	0.878122	3.558704	
0.000154	0.616429	0.218174	7.262589	
0.903538	0.670229	0.666344	5.031610	
0.306010	0.279374	0.000060	7.203552	
0.004640	0.625135	0.001120	7.608637	
0.000129	0.195185	0.789681	6.106743	
0.000000	0.157284	0.288291	7.308524	
0.625077	0.631250	0.213465	6.787333	
0.130341	0.000081	0.136101	7.483358	
0.222006	0.626675	0.640974	6.706367	
0.313865	0.200864	0.168057	6.902939	
0.000002	0.701929	0.342928	6.782748	
0.876320	0.740757	0.866598	3.414541	
0.727790	0.000190	0.743418	5.644549	
0.790037	0.000000	0.900233	4.864189	
0.540074	0.000000	0.240296	7.543950	
0.000010	0.135785	0.138802	7.463594	
0.011987	0.187536	0.613458	7.298870	
0.194324	0.778859	0.000011	6.216639	
0.000653	0.860135	0.011188	6.297711	
0.260142	0.792344	0.803507	4.475345	
0.618403	0.196747	0.006525	7.265174	
0.624083	0.213748	0.785667	5.743685	
0.710733	0.000908	0.001254	7.004561	
0.319390	0.000000	0.166798	7.310717	
0.639541	0.639565	0.654557	6.500211	
0.018236	0.000312	0.902592	6.361504	
0.155073	0.311753	0.001477	7.317368	
0.606695	0.212910	0.646751	6.870396	
0.787623	0.281492	0.631673	5.660336	
0.137798	0.132906	0.000165	7.485474	
0.009700	0.324257	0.865311	5.947975	
0.008005	0.324257	0.704172	6.692880	
0.037806	0.000000	0.531313	7.929568	
0.862019	0.776955	0.010776	4.859276	
0.001784	0.187536	0.622209	7.259803	
0.648437	0.762932	0.211986	5.773776	
0.787623	0.281492	0.632148	5.656540	
0.000264	0.301590	0.141822	7.331570	
0.653850	0.174066	0.223223	6.663831	
0.875807	0.778829	0.623943	4.513835	
0.768520	0.793430	0.001285	5.156016	
0.212617	0.158079	0.692754	6.458305	
0.124215	0.000000	0.221924	7.379323	
0.670146	0.868382	0.683533	4.829095	
0.007842	0.630324	0.865649	5.907212	
0.124215	0.000000	0.000225	7.794572	
0.714517	0.613912	0.011188	6.661620	
0.642006	0.652398	0.000558	7.141310	
0.221071	0.000908	0.640974	7.103083	
0.222046	0.000086	0.228114	7.181262	
0.862510	0.657264	0.222446	5.346959	
0.712703	0.003303	0.008059	6.978270	
0.184866	0.625338	0.001732	7.246758	
0.002370	0.706424	0.634697	6.590055	
0.000009	0.135528	0.000226	7.737101	
0.000548	0.000000	0.725890	6.893106	
0.779500	0.192412	0.154639	5.855021	
0.041466	0.131209	0.904290	6.075570	
0.779500	0.192412	0.000175	6.163511	
0.223260	0.879982	0.234718	5.487757	
0.165199	0.000000	0.277628	7.256358	
0.184866	0.625338	0.654654	6.668401	
0.848533	0.741806	0.865662	3.398550	
0.007857	0.657893	0.223278	6.990723	
0.000000	0.000000	0.626929	7.606517	
0.642242	0.628914	0.857631	5.427864	
0.793893	0.817207	0.252022	4.418288	
0.192155	0.219477	0.006429	7.251500	
0.012174	0.716015	0.187062	6.580496	
0.788992	0.256997	0.826151	4.416513	
0.803065	0.811694	0.040088	4.794685	
0.751701	0.872299	0.855965	3.332645	
0.218911	0.225239	0.890502	5.521314	
0.306010	0.279374	0.000060	7.203552	
0.891500	0.016486	0.628135	5.926794	
0.065129	0.219226	0.230398	7.074513	
0.637251	0.187536	0.619347	6.816620	
0.627770	0.212591	0.000011	7.207026	
0.193530	0.000000	0.781734	6.149813	
0.221071	0.000908	0.030285	7.550631	
0.194324	0.779644	0.000011	6.159432	
0.214166	0.657264	0.220174	6.589237	
0.286059	0.160500	0.002302	7.269745	
0.543461	0.000000	0.759999	6.613191	
0.859275	0.862666	0.735219	3.439709	
0.875674	0.012121	0.802696	4.733694	
0.204416	0.628947	0.664195	6.613316	
0.017777	0.786667	0.878122	4.804407	
0.150877	0.153089	0.150173	7.098380	
0.640192	0.023587	0.195540	7.110038	
0.129795	0.625374	0.654654	6.785346	
0.790736	0.022258	0.880571	4.782245	
0.642006	0.631239	0.213465	6.701043	
0.000000	0.000000	0.266066	7.594561	
0.166795	0.312145	0.218053	6.882765	
0.000000	0.000000	0.000011	8.161569	
0.669546	0.031255	0.683533	6.482607	
0.639541	0.639565	0.699636	6.133298	
0.650059	0.000645	0.628755	7.075035	
0.000055	0.271176	0.007275	7.576202	
0.892342	0.625266	0.000015	6.011909	
0.023192	0.008144	0.878122	6.285822	
0.127739	0.143842	0.001285	7.545302	
0.218539	0.879982	0.624645	5.958170	
0.260152	0.791874	0.820978	4.417649	
0.025068	0.000000	0.149486	7.700287	
0.000001	0.857295	0.002095	6.307692	
0.026487	0.627776	0.011978	7.558081	
0.875674	0.012217	0.013487	6.290801	
0.759038	0.008266	0.210135	6.296290	
0.000677	0.715529	0.000180	6.968140	
0.000001	0.892276	0.787095	4.851213	
0.005006	0.135785	0.138802	7.458301	
0.163252	0.247613	0.298222	6.855487	
0.000000	0.000000	0.255057	7.576161	
0.643725	0.650547	0.210117	6.662235	
0.777819	0.000000	0.197249	6.166245	
0.878423	0.749721	0.729109	3.912629	
0.224163	0.631443	0.863175	5.491788	
0.026487	0.627776	0.687104	6.753392	
0.892698	0.639565	0.041610	5.845503	
0.129155	0.143842	0.001737	7.519265	
0.286059	0.148519	0.000214	7.297950	
0.150877	0.153089	0.091885	7.247688	
0.004727	0.279374	0.003144	7.605237	
0.011987	0.187536	0.620730	7.257165	
0.862510	0.636777	0.003253	5.895725	
0.350184	0.000000	0.717551	6.660173	
0.886688	0.272221	0.695524	5.243219	
0.883059	0.775656	0.888124	3.301260	
0.009588	0.287635	0.753015	6.317303	
0.298411	0.099959	0.799860	5.926317	
0.046822	0.031255	0.684586	7.241497	
0.823867	0.012121	0.015780	6.535347	
0.005600	0.731325	0.000069	6.870997	
0.184866	0.625338	0.014678	7.235370	
0.018236	0.777684	0.878122	4.852026	
0.221071	0.766270	0.187182	5.834756	
0.619478	0.212172	0.646751	6.762275	
0.625077	0.631250	0.667651	6.520610	
0.000009	0.122978	0.000226	7.767054	
0.128984	0.600056	0.208405	7.124105	
0.073237	0.312145	0.001152	7.507377	
0.218911	0.225239	0.890502	5.521314	
0.128984	0.000081	0.136101	7.486059	
0.642782	0.653791	0.001020	7.096789	
0.777819	0.789422	0.199739	4.675153	
