0.151657	0.000001	0.277936	7.283680	
0.208434	0.615588	0.000005	7.279049	
0.779614	0.882014	0.039607	4.813709	
0.625933	0.890819	0.011027	5.966239	
0.269515	0.000122	0.000241	7.579736	
0.727325	0.879889	0.900571	3.578684	
0.869071	0.785610	0.000264	4.820278	
0.715434	0.001268	0.002609	7.029193	
0.000630	0.708819	0.000180	7.028372	
0.724889	0.736542	0.000034	5.712862	
0.205196	0.209394	0.650573	6.652686	
0.655258	0.871372	0.682264	4.948713	
0.000677	0.710606	0.747166	5.744721	
0.123227	0.000000	0.000176	7.806574	
0.616091	0.193276	0.000011	7.290903	
0.240880	0.598695	0.807767	5.852047	
0.794205	0.800227	0.256332	4.479055	
0.198351	0.616879	0.640299	6.794248	
0.766502	0.000000	0.196718	6.233502	
0.152739	0.311350	0.000011	7.414745	
0.316030	0.000080	0.127893	7.395825	
0.624885	0.628767	0.212585	6.808615	
0.878423	0.863175	0.729109	3.498325	
0.057444	0.624666	0.898418	5.900128	
0.653686	0.689057	0.904375	5.000011	
0.313865	0.200864	0.168057	6.902935	
0.713020	0.001307	0.741236	5.765237	
0.000032	0.867934	0.624763	5.944789	
0.002083	0.615588	0.000005	7.669403	
0.130341	0.000084	0.134659	7.487260	
0.218383	0.220977	0.903020	5.559974	
0.286059	0.148519	0.000214	7.297949	
0.191373	0.000086	0.626250	7.242422	
0.000000	0.287635	0.154950	7.287049	
0.008105	0.144072	0.292558	7.305262	
0.272980	0.000001	0.286856	7.173606	
0.625077	0.002097	0.925945	6.113474	
0.175226	0.312145	0.176176	6.925924	
0.767202	0.193222	0.000175	6.243122	
0.000010	0.000274	0.124660	7.763775	
0.543461	0.000000	0.000300	7.957472	
0.003936	0.657079	0.620145	7.085439	
0.005006	0.135785	0.138802	7.457306	
0.625077	0.002097	0.212585	7.209162	
0.804076	0.008276	0.900233	4.788026	
0.000110	0.616429	0.205922	7.275238	
0.595741	0.235366	0.773421	5.927026	
0.000000	0.000000	0.000011	8.187185	
0.777521	0.297128	0.634638	5.942740	
0.856538	0.221201	0.223983	5.480105	
0.006345	0.616879	0.641993	7.169749	
0.723548	0.612359	0.000005	6.856901	
0.648708	0.626879	0.640953	6.625258	
0.323007	0.700916	0.039572	6.835073	
0.876589	0.616879	0.000005	5.982599	
0.591779	0.771752	0.291964	5.992265	
0.204558	0.774178	0.000226	6.242599	
0.137435	0.132906	0.000214	7.555322	
0.010375	0.890819	0.015019	6.320499	
0.254687	0.786778	0.804720	4.495714	
0.788992	0.256265	0.808439	4.472608	
0.014181	0.789702	0.895123	4.831793	
0.890595	0.005502	0.792938	4.812501	
0.001943	0.117714	0.000866	7.777339	
0.222097	0.874298	0.226508	5.485547	
0.000032	0.129966	0.624763	7.383516	
0.000007	0.000000	0.715463	6.970738	
0.026252	0.887748	0.787095	4.809265	
0.299229	0.284092	0.000060	7.197442	
0.000181	0.273667	0.002902	7.581899	
0.001265	0.188315	0.774876	6.199009	
0.915295	0.000272	0.624937	6.046494	
0.194401	0.000000	0.778484	6.234191	
0.003920	0.020103	0.888215	6.315098	
0.000220	0.777483	0.193503	6.172470	
0.148653	0.152632	0.150067	7.106186	
0.000550	0.000000	0.262682	7.576696	
0.903538	0.670229	0.666344	5.031589	
0.752358	0.621878	0.245442	5.936625	
0.188904	0.771278	0.618458	5.869097	
0.317709	0.003674	0.662505	6.998690	
0.903362	0.000272	0.020464	6.361011	
0.150961	0.144072	0.292558	7.089556	
0.891457	0.732728	0.883710	3.520100	
0.653830	0.218864	0.221810	6.694215	
0.221066	0.631760	0.225228	6.744497	
0.005554	0.707828	0.001122	7.020055	
0.218911	0.222643	0.866522	5.486400	
0.641275	0.669670	0.001170	6.879174	
0.783698	0.853903	0.034705	4.781090	
0.210211	0.657079	0.220174	6.608229	
0.266480	0.006184	0.291964	7.194823	
0.298573	0.006588	0.200573	7.220393	
0.168952	0.618358	0.000005	7.317984	
0.263683	0.152632	0.150067	6.976401	
0.843205	0.652523	0.930318	4.304934	
0.215143	0.002863	0.645855	7.073193	
0.623461	0.000000	0.015009	7.733528	
0.804076	0.006392	0.900233	4.790321	
0.000000	0.887748	0.787095	4.841947	
0.010433	0.662431	0.622483	6.994673	
0.869071	0.779893	0.000264	4.851271	
0.793893	0.800227	0.252022	4.480975	
0.664750	0.868382	0.682264	4.877566	
0.634970	0.000001	0.200573	7.163860	
0.776624	0.001746	0.197249	6.188385	
0.778041	0.299413	0.634638	5.847524	
0.252088	0.793856	0.798836	4.485647	
0.027724	0.871372	0.673229	5.730495	
0.625077	0.628767	0.212585	6.801869	
0.027818	0.157949	0.225761	7.234525	
0.259369	0.000122	0.040051	7.521860	
0.245761	0.604047	0.810106	5.711170	
0.258643	0.799838	0.227254	5.596956	
0.137798	0.132906	0.000165	7.485226	
0.299229	0.707903	0.015086	6.640252	
0.130341	0.000081	0.136101	7.483358	
0.194401	0.006974	0.777220	6.233761	
0.013867	0.000266	0.178014	7.640729	
0.000000	0.000000	0.262682	7.577321	
0.767202	0.193222	0.000223	6.239188	
0.286059	0.160500	0.002302	7.269742	
0.806777	0.312913	0.180812	5.680839	
0.289367	0.276689	0.002307	7.191368	
0.015396	0.161247	0.792424	6.177632	
0.625933	0.890819	0.015019	5.960411	
0.000153	0.616429	0.215201	7.274505	
0.727421	0.874069	0.878122	3.517955	
0.903362	0.000272	0.624966	5.999689	
0.890595	0.000184	0.794443	4.811801	
0.712582	0.001307	0.737469	5.795640	
0.000048	0.281713	0.154950	7.282151	
0.641275	0.669670	0.227944	6.548047	
0.056700	0.000000	0.000225	8.083477	
0.000000	0.891910	0.014393	6.354829	
0.006180	0.200571	0.649659	7.139603	
0.251188	0.793856	0.635072	5.592946	
0.205196	0.210612	0.645121	6.707943	
0.044152	0.273667	0.003490	7.519477	
0.000548	0.000000	0.715463	6.970150	
0.215143	0.626879	0.640974	6.756365	
0.003815	0.615588	0.000005	7.668382	
0.885604	0.003316	0.007793	6.324284	
0.152739	0.311349	0.000088	7.351954	
0.649470	0.610908	0.000005	7.152416	
0.878423	0.863175	0.729109	3.498325	
0.006345	0.616879	0.640299	7.177975	
0.009584	0.867374	0.127691	6.079262	
0.785641	0.725821	0.634638	4.957302	
0.788992	0.255072	0.808439	4.472905	
0.123227	0.000000	0.000225	7.768108	
0.001889	0.004498	0.878721	6.319036	
0.148486	0.153059	0.150173	7.104179	
0.771184	0.000122	0.040051	6.532669	
0.151657	0.000627	0.277024	7.282429	
0.000009	0.127409	0.105650	7.641863	
0.652125	0.626223	0.638667	6.574422	
0.218803	0.220377	0.245383	6.794676	
0.605503	0.235091	0.791708	5.783889	
0.891457	0.727626	0.883710	3.557585	
0.000024	0.129966	0.000176	7.767087	
0.166795	0.312145	0.176176	6.942215	
0.783698	0.852943	0.034705	5.138724	
0.655151	0.226625	0.008852	7.039494	
0.753291	0.624998	0.245442	5.890123	
0.653830	0.218864	0.220690	6.696517	
0.002679	0.669670	0.001170	7.418374	
0.000000	0.881952	0.015019	6.332190	
0.265276	0.156297	0.645855	6.882131	
0.144875	0.243547	0.000211	7.303749	
0.655151	0.226625	0.280951	6.635127	
0.221885	0.089010	0.275912	7.013992	
0.299229	0.709784	0.618806	6.270950	
0.123227	0.136705	0.000176	7.528090	
0.000032	0.129966	0.625615	7.363369	
0.269515	0.000122	0.009370	7.578225	
0.805560	0.887748	0.808247	3.307199	
0.885604	0.003396	0.001190	6.331179	
0.743582	0.000272	0.020464	6.903470	
0.724889	0.736542	0.137616	5.442682	
0.006101	0.311350	0.000011	7.774177	
0.001260	0.617151	0.135332	7.506336	
0.148486	0.861173	0.150063	5.821650	
0.911239	0.897819	0.001215	4.778117	
0.714209	0.001307	0.639291	6.503149	
0.137798	0.000533	0.000165	8.078715	
0.915295	0.000272	0.624937	6.046494	
0.891457	0.796348	0.222470	4.390493	
0.144026	0.170422	0.818210	5.748424	
0.000181	0.152358	0.058032	7.665433	
0.869790	0.671418	0.635483	5.185209	
0.128193	0.000084	0.134659	7.493492	
0.911977	0.001307	0.737469	5.222457	
0.194528	0.218337	0.224847	6.884655	
0.193777	0.855194	0.778484	4.481198	
0.752635	0.278392	0.882844	4.636741	
0.221066	0.629812	0.225228	6.757221	
0.251192	0.021964	0.223909	7.132642	
0.000007	0.000278	0.113304	7.959823	
0.648708	0.626879	0.640843	6.627373	
