0.497092	0.501573	0.000000	0.498915	0.509227	
0.948499	0.316792	0.000000	0.000000	0.000000	
0.000000	0.000000	0.000001	0.952993	0.315473	
0.000000	0.948631	0.000000	0.316384	0.000000	
0.498438	0.498808	0.498034	0.000000	0.505433	
0.000046	0.705474	0.708738	0.000000	0.000000	
0.000002	0.000000	0.707703	0.706740	0.000004	
0.408261	0.816478	0.000000	0.000000	0.408273	
0.000000	0.000000	0.000000	0.318755	0.953621	
0.407725	0.816721	0.000000	0.408322	0.000000	
0.000002	0.000000	0.409649	0.409092	0.815382	
0.000000	0.315837	0.000000	0.948814	0.000000	
0.407818	0.000000	0.409716	0.000000	0.816343	
0.000015	0.002319	0.411293	0.821613	0.411377	
0.000000	0.000000	0.315704	0.948858	0.000000	
1.000000	0.000000	0.000000	0.000000	0.000000	
0.948631	0.000000	0.000000	0.316384	0.000000	
0.000006	0.407183	0.817283	0.407739	0.000000	
0.818991	0.408833	0.000000	0.000000	0.409393	
0.000000	0.818029	0.406796	0.000000	0.407729	
0.000007	0.815730	0.000000	0.409443	0.408591	
0.000128	0.947626	0.000000	0.000000	0.319397	
0.315660	0.000000	0.948873	0.000000	0.000000	
0.000000	0.948477	0.316845	0.000000	0.000000	
0.313341	0.000000	0.000000	0.000020	0.949644	
0.707703	0.000000	0.000000	0.706740	0.000004	
0.000000	0.000000	1.000000	0.000000	0.000000	
0.816148	0.000014	0.000000	0.410106	0.408950	
0.000000	0.408725	0.000000	0.816245	0.408275	
0.407067	0.000000	0.000000	0.408898	0.816763	
0.948478	0.000000	0.316845	0.000000	0.000000	
0.000000	0.410012	0.410611	0.000000	0.818717	
0.000000	0.400571	0.820869	0.000000	0.407665	
0.410664	0.000000	0.824335	0.000000	0.405149	
0.408650	0.000000	0.000000	0.816100	0.408638	
0.708594	0.000000	0.711891	0.000000	0.000000	
0.315837	0.000000	0.000000	0.948814	0.000000	
0.000088	0.709924	0.000000	0.000000	0.710295	
0.496117	0.500584	0.503528	0.500013	0.000000	
0.000002	0.000000	0.705683	0.000000	0.710240	
0.000000	0.813267	0.413953	0.409012	0.000000	
0.000033	0.498785	0.501093	0.502554	0.503207	
0.000000	0.000000	0.000000	0.705207	0.709002	
0.949413	0.000000	0.000000	0.000000	0.314043	
0.407184	0.000000	0.817283	0.407740	0.000000	
0.000002	0.002718	0.948637	0.000000	0.316485	
0.000002	0.313341	0.000000	0.000027	0.949644	
0.407126	0.407600	0.000000	0.000000	0.817380	
0.000000	0.407976	0.000000	0.409811	0.815850	
0.815673	0.000000	0.408887	0.409459	0.000000	
0.815994	0.408195	0.000000	0.409306	0.000000	
0.706989	0.707225	0.000000	0.000000	0.000000	
0.816443	0.000000	0.409179	0.000000	0.407612	
0.000000	0.000000	0.000000	0.000000	1.000115	
0.000000	0.000000	0.815527	0.409794	0.408639	
0.000036	0.002837	0.952281	0.317610	0.000000	
0.000000	0.000000	0.000000	1.000000	0.000000	
0.408708	0.000000	0.408919	0.817355	0.000000	
0.708387	0.000000	0.000000	0.000000	0.708756	
0.314646	0.949210	0.000000	0.000000	0.000000	
0.499214	0.000000	0.500962	0.497028	0.502780	
0.000000	0.710766	0.000000	0.713664	0.000000	
0.407938	0.408074	0.000000	0.816739	0.000000	
0.407754	0.408058	0.816843	0.000000	0.000000	
0.000000	0.315660	0.948872	0.000000	0.000000	
0.000050	0.405172	0.411483	0.816409	0.000000	
0.000001	0.000000	0.316218	0.000000	0.948687	
0.000000	1.000000	0.000000	0.000000	0.000000	
0.816351	0.407911	0.408877	0.000000	0.000000	
0.407287	0.814793	0.415993	0.000000	0.000000	
0.000000	0.002838	0.952486	0.317678	0.000000	
0.489058	0.503018	0.712642	0.000000	0.000000	
0.525323	0.504291	0.608303	0.316455	0.000000	
0.034854	0.964658	0.000000	0.000000	0.319294	
0.954950	0.000000	0.000000	0.000000	0.315875	
0.708817	0.000000	0.712116	0.000000	0.000000	
0.951825	0.000000	0.317963	0.000000	0.000000	
0.276915	0.000000	0.000000	0.553016	0.790223	
0.106972	0.325404	0.485031	0.000000	0.926816	
0.000000	0.436518	0.900118	0.000000	0.000000	
0.783449	0.391471	0.392398	0.281728	0.000000	
0.271306	0.000000	0.057947	0.183054	0.943181	
0.000000	0.006961	0.013971	0.006970	0.999854	
0.000001	0.000004	0.316218	0.000000	0.948687	
0.000000	0.014695	0.999892	0.000000	0.000000	
0.693626	0.000012	0.430088	0.410105	0.408949	
0.000000	0.000000	0.715186	0.000000	0.699577	
0.000003	0.407239	0.000000	0.913325	0.000000	
0.711843	0.000306	0.000000	0.000000	0.712214	
0.000000	0.865515	0.000000	0.290744	0.408358	
0.000000	0.000000	0.000001	0.952993	0.315473	
0.000047	0.700455	0.703696	0.140829	0.000000	
0.000004	0.480011	0.659550	0.409443	0.408591	
0.408665	0.000000	0.000000	0.816124	0.408659	
0.340276	0.006261	0.481912	0.000000	0.920856	
0.002734	0.000199	0.521711	0.471506	0.711144	
0.003711	0.571727	0.000000	0.820959	0.046805	
0.498778	0.503275	0.000000	0.497487	0.509897	
0.675937	0.012663	0.686722	0.000000	0.316839	
0.196539	0.000000	0.544031	0.817772	0.000000	
