0.000000	0.407624	0.000000	0.408568	0.816648	
0.316245	0.000000	0.000000	0.000000	0.948687	
0.948484	0.000000	0.316824	0.000000	0.000000	
0.500518	0.500461	0.500992	0.498053	0.000000	
0.000005	0.709093	0.705163	0.000000	0.000000	
0.816444	0.408978	0.407666	0.000000	0.000000	
0.819892	0.000000	0.000000	0.410152	0.409426	
0.501368	0.500751	0.499780	0.000000	0.501445	
0.405434	0.406416	0.000000	0.818810	0.000000	
0.000000	0.317780	0.000000	0.948227	0.000000	
0.404065	0.000000	0.813709	0.000000	0.418643	
0.402148	0.822640	0.406515	0.000000	0.000000	
0.000000	0.000000	1.000000	0.000000	0.000000	
0.000000	0.816778	0.407898	0.000000	0.408036	
0.408572	0.000000	0.409023	0.000000	0.815947	
0.000000	0.949047	0.000000	0.315626	0.000000	
0.706288	0.000000	0.000000	0.707926	0.000000	
0.499230	0.499917	0.000000	0.502281	0.499790	
0.816352	0.408632	0.000000	0.408152	0.000000	
0.408059	0.000000	0.000000	0.816584	0.408266	
0.403455	0.405775	0.000000	0.000001	0.820147	
0.000000	0.000000	0.707064	0.707150	0.000000	
0.000000	0.411046	0.814689	0.000000	0.409083	
0.000000	0.000000	0.707159	0.000000	0.707054	
0.000000	0.000000	0.410787	0.816401	0.408719	
0.000000	0.000000	0.816018	0.410352	0.407316	
0.317780	0.000026	0.000000	0.948228	0.000000	
0.404926	0.000000	0.406210	0.819163	0.000000	
0.000000	0.000000	0.000000	0.948872	0.316300	
0.948680	0.000000	0.000000	0.000000	0.316240	
0.000000	0.316471	0.000000	0.000000	0.948604	
0.000000	0.000000	0.000000	0.317384	0.948370	
0.000001	0.815386	0.000000	0.410078	0.408635	
0.000281	0.499867	0.501415	0.498361	0.500359	
0.000000	0.817245	0.406908	0.408088	0.000000	
0.410324	0.000000	0.000000	0.411257	0.821195	
0.408568	0.000000	0.817455	0.406037	0.000000	
0.000008	0.000023	0.949637	0.000000	0.315883	
0.000000	0.000000	0.000000	0.706067	0.708146	
0.000000	0.000000	0.000000	0.000000	1.000000	
0.000000	0.000000	0.000000	1.000025	0.000000	
0.818734	0.410240	0.000000	0.000000	0.409724	
0.000000	0.950234	0.311759	0.000000	0.000000	
0.950559	0.310599	0.000000	0.000000	0.000000	
0.315834	0.000000	0.948815	0.000000	0.000000	
0.707130	0.000000	0.000000	0.000000	0.707084	
0.706241	0.000000	0.709038	0.000000	0.000000	
0.706263	0.707972	0.000000	0.000059	0.000000	
0.000022	0.421167	0.000000	0.810018	0.408037	
0.000000	0.320344	0.947301	0.000000	0.000000	
0.000000	0.000000	0.407912	0.408840	0.816374	
0.408321	0.408878	0.816145	0.000000	0.000000	
0.502794	0.000000	0.503813	0.497545	0.498940	
0.311312	0.950310	0.000000	0.000000	0.000000	
0.000000	0.000000	0.316324	0.000000	0.948651	
0.000001	0.412132	0.409862	0.000000	0.813751	
0.000000	0.408825	0.816356	0.407954	0.000000	
0.000007	0.415587	0.416895	0.809140	0.000000	
0.000004	0.949265	0.000000	0.000000	0.314478	
0.948832	0.000000	0.000000	0.315782	0.000000	
0.404794	0.817324	0.000000	0.410150	0.000000	
0.816565	0.000000	0.407916	0.000000	0.408451	
0.000000	0.000000	0.948819	0.315820	0.000000	
0.000000	0.706289	0.000000	0.707924	0.000000	
0.000002	0.710605	0.000000	0.000000	0.703591	
0.831346	0.000000	0.415972	0.416168	0.000000	
0.406484	0.817301	0.000000	0.000000	0.408399	
0.000000	1.000000	0.000000	0.000000	0.000000	
0.000000	0.000000	0.316224	0.948684	0.000000	
1.000000	0.000000	0.000000	0.000000	0.000000	
0.593729	0.000000	0.383074	0.708221	0.000000	
0.820952	0.001856	0.571064	0.000000	0.000000	
0.000004	0.948874	0.017402	0.000000	0.315178	
0.384788	0.000001	0.000000	0.907387	0.169424	
0.000000	0.000000	0.000000	1.000323	0.000000	
0.000000	0.000000	0.411669	0.410026	0.819240	
0.613210	0.613141	0.000000	0.498052	0.000000	
0.405001	0.407330	0.000000	0.000001	0.818602	
0.039123	0.000000	0.260159	0.912856	0.313517	
0.000001	0.311469	0.921057	0.233756	0.000000	
0.318443	0.000000	0.000000	0.000000	0.955281	
0.000008	0.000023	0.932382	0.000000	0.363553	
0.874214	0.000000	0.000000	0.499114	0.000000	
0.707415	0.709127	0.000000	0.000053	0.000000	
0.290188	0.885827	0.000000	0.000000	0.365516	
0.513926	0.736212	0.000000	0.444452	0.000000	
0.707130	0.000000	0.000000	0.000000	0.707084	
0.056967	0.000000	0.000000	0.714116	0.718494	
0.426785	0.000000	0.000000	0.427756	0.809595	
0.000016	0.004710	0.577211	0.000000	0.816782	
0.299357	0.815064	0.482622	0.149610	0.065368	
0.000000	0.317780	0.000000	0.948227	0.000000	
0.386548	0.000000	0.385447	0.241918	0.802695	
0.000000	1.004119	0.000000	0.000000	0.000000	
0.320814	0.000000	0.947142	0.000000	0.000000	
0.000960	0.814147	0.587540	0.000001	0.041390	
0.310295	0.954429	0.000000	0.000000	0.000000	
0.147226	0.000000	0.570334	0.808111	0.000000	
0.421632	0.000000	0.852189	0.316476	0.000000	
0.000000	0.000000	0.000000	0.949142	0.315875	
