0.000002	0.000000	0.409777	0.818932	0.417837	
0.000001	0.408020	0.816774	0.000000	0.407930	
0.706873	0.000000	0.000000	0.708864	0.000000	
0.948661	0.000000	0.000000	0.000000	0.316294	
0.405127	0.814136	0.415998	0.000000	0.000000	
0.500111	0.500387	0.000000	0.500451	0.500669	
0.814743	0.412814	0.000000	0.000000	0.407384	
0.000000	0.000000	0.312553	0.949997	0.000000	
0.000002	0.816113	0.409130	0.408138	0.000000	
0.000002	0.823229	0.000000	0.394311	0.408432	
0.408795	0.000000	0.408525	0.000000	0.816085	
0.315606	0.000000	0.948890	0.000000	0.000000	
0.407875	0.000000	0.408892	0.816362	0.000000	
0.000000	0.000000	0.000000	0.703372	0.712270	
0.000000	0.000000	0.948567	0.316659	0.000000	
0.000001	0.000000	0.948702	0.000000	0.316172	
0.815872	0.409185	0.000000	0.408560	0.000000	
0.000000	0.315095	0.000000	0.949060	0.000000	
0.000001	0.000000	0.315936	0.000000	0.948782	
0.707043	0.707170	0.000000	0.000000	0.000000	
0.000000	0.000000	0.815315	0.411007	0.407841	
0.409282	0.814833	0.000000	0.000000	0.410531	
1.000000	0.000000	0.000000	0.000000	0.000000	
0.000034	0.707337	0.000000	0.707264	0.000000	
0.000000	0.713385	0.000000	0.000000	0.712452	
0.000000	0.314864	0.949140	0.000000	0.000000	
0.000000	0.315037	0.000000	0.000000	0.949080	
0.408517	0.816814	0.000000	0.407399	0.000000	
0.000002	0.707072	0.708835	0.000000	0.000000	
0.948369	0.317169	0.000000	0.000000	0.000000	
0.704153	0.000000	0.710432	0.000000	0.000028	
0.000000	0.407875	0.408892	0.816362	0.000000	
0.816013	0.000000	0.407774	0.000000	0.409686	
0.313604	0.000000	0.000000	0.000000	0.952686	
0.407306	0.000000	0.000000	0.816955	0.408273	
0.001797	0.408352	0.000000	0.819061	0.403384	
0.816225	0.000017	0.409186	0.407852	0.000000	
0.500548	0.000000	0.500132	0.501376	0.497938	
0.000000	0.947391	0.000000	0.000000	0.320147	
0.315171	0.949042	0.000000	0.000000	0.000000	
0.000000	0.000025	0.000000	0.309506	0.950899	
0.000000	0.000000	1.000000	0.000000	0.000000	
0.404486	0.412244	0.000000	0.816362	0.000000	
0.812808	0.408821	0.415953	0.000000	0.000000	
0.000001	0.407671	0.000025	0.406319	0.820973	
0.948542	0.000006	0.000000	0.316651	0.000000	
0.407252	0.000000	0.815235	0.000000	0.411757	
0.000000	0.949150	0.000000	0.314831	0.000000	
0.000000	0.000000	0.000000	1.000003	0.000000	
0.000001	0.000000	0.709100	0.000000	0.705108	
0.406076	0.000000	0.817695	0.408023	0.000000	
0.000000	1.000000	0.000000	0.000000	0.000000	
0.707493	0.000000	0.000000	0.000000	0.708167	
0.000000	0.816957	0.408246	0.000000	0.407330	
0.315099	0.000000	0.000000	0.949075	0.000000	
0.406003	0.413705	0.814870	0.000000	0.000005	
0.815994	0.000000	0.000000	0.411349	0.408730	
0.000001	0.000000	0.406972	0.409031	0.816742	
0.000001	0.000000	0.706081	0.709653	0.000000	
0.501018	0.501298	0.499512	0.000000	0.499209	
0.408493	0.000000	0.000000	0.407512	0.816743	
0.000000	0.502118	0.501843	0.501119	0.494888	
0.000001	0.408199	0.407929	0.000017	0.816906	
0.000000	0.000000	0.000000	0.968379	0.326450	
0.000000	0.000000	0.000000	0.000000	1.000422	
0.948618	0.000000	0.316425	0.000000	0.000000	
0.000000	0.947767	0.318964	0.000000	0.000000	
0.407947	0.408020	0.000000	0.000000	0.816763	
0.502123	0.502225	0.501731	0.494128	0.000000	
0.000000	0.408185	0.817085	0.408316	0.000000	
0.315099	0.000000	0.000000	0.949075	0.000000	
0.767182	0.000000	0.499582	0.409293	0.000000	
0.815349	0.413121	0.000000	0.000000	0.407687	
0.000002	0.000000	1.001852	0.000000	0.000000	
0.407891	0.000000	0.408907	0.816393	0.000000	
0.025829	0.056261	0.000000	0.999284	0.000000	
0.408230	0.000000	0.822032	0.410187	0.000000	
0.351426	0.000231	0.000000	0.000000	0.936719	
0.313803	0.944922	0.000000	0.000000	0.093077	
0.233327	0.918209	0.000000	0.000000	0.320147	
0.874039	0.439241	0.000000	0.208410	0.000000	
0.558726	0.000000	0.000000	0.430360	0.714176	
0.000000	0.520751	0.340563	0.604635	0.497245	
0.577463	0.577782	0.000000	0.577856	0.000000	
0.560627	0.000000	0.560162	0.533165	0.297692	
0.000049	0.999487	0.019362	0.025506	0.000000	
0.065235	0.630527	0.000028	0.611948	0.504979	
0.815319	0.000848	0.000000	0.411009	0.407843	
0.000000	0.968775	0.249818	0.004361	0.000000	
0.037947	0.031543	0.826012	0.464011	0.316172	
0.280093	0.308852	0.000000	0.418118	0.808448	
0.291804	0.284283	0.815512	0.000000	0.411897	
0.707409	0.000000	0.010451	0.000000	0.708161	
0.078117	0.398491	0.817694	0.408022	0.000000	
0.000002	0.816260	0.409204	0.408212	0.000000	
0.000001	0.000000	0.417819	0.419932	0.805658	
0.166517	0.000000	0.985421	0.000000	0.034889	
0.892644	0.452285	0.000000	0.014187	0.000000	
0.020758	0.446633	0.895015	0.000000	0.000000	
0.613482	0.000000	0.612973	0.000000	0.497951	
