0.000030	0.404514	0.820242	0.406797	0.000000	
0.702765	0.000000	0.000000	0.000000	0.711530	
0.000323	0.000000	0.407635	0.816881	0.408120	
0.497875	0.499653	0.000000	0.499646	0.503795	
0.405677	0.411290	0.000000	0.000000	0.816252	
0.315079	0.000000	0.000000	0.000000	0.951045	
0.403587	0.819503	0.000000	0.000000	0.407785	
0.398919	0.000000	0.823003	0.000000	0.404391	
0.000004	0.948227	0.000000	0.000002	0.317606	
0.000004	0.705857	0.709545	0.000000	0.000000	
0.000037	0.498631	0.498806	0.502945	0.499647	
0.316294	0.000000	0.000000	0.950157	0.000000	
0.000914	0.948980	0.000000	0.315883	0.000000	
0.949259	0.000000	0.000000	0.000000	0.314625	
0.499504	0.501380	0.500808	0.498304	0.000000	
0.000035	0.000000	0.815174	0.412140	0.407047	
0.000010	0.707074	0.000000	0.000000	0.707179	
0.000070	0.818552	0.000000	0.405512	0.407027	
0.405642	0.817623	0.000000	0.413589	0.000000	
0.706851	0.000004	0.000000	0.707365	0.000000	
0.000000	0.316410	0.000000	0.000000	0.948623	
0.707652	0.706664	0.000000	0.000000	0.000000	
0.000030	0.409075	0.000000	0.816249	0.408102	
0.000080	0.707630	0.000003	0.706585	0.000000	
0.000005	0.814259	0.413125	0.000000	0.408123	
0.000000	0.000000	0.315090	0.949062	0.000000	
0.948684	0.000000	0.000000	0.316257	0.000000	
0.497945	0.000000	0.501027	0.500343	0.500680	
0.407368	0.411801	0.815152	0.000000	0.000000	
0.816188	0.000000	0.000006	0.409266	0.407919	
0.000023	0.313350	0.000000	0.949684	0.000000	
0.000009	0.391569	0.826054	0.000000	0.405808	
0.816044	0.408574	0.000000	0.408828	0.000000	
0.000013	0.409441	0.000000	0.407620	0.816214	
0.410790	0.410216	0.000000	0.814317	0.000000	
0.000000	0.316608	0.948558	0.000000	0.000000	
0.000000	0.000014	0.697095	0.000000	0.717031	
0.407642	0.000000	0.000000	0.816895	0.408069	
0.000000	0.000000	1.000000	0.000000	0.000000	
0.000000	0.000000	0.000000	0.317555	0.948241	
0.405212	0.000000	0.405327	0.819460	0.000000	
0.000000	0.000000	0.948675	0.316254	0.000000	
0.000069	0.819470	0.404180	0.406424	0.000000	
0.000000	0.000000	0.000000	0.000000	1.000001	
0.812632	0.410886	0.413284	0.000000	0.000000	
0.407875	0.000000	0.409311	0.000027	0.816452	
0.000000	0.000000	0.315896	0.000000	0.948794	
0.706280	0.000000	0.707934	0.000000	0.000000	
0.409487	0.816963	0.406072	0.000000	0.000000	
0.000000	0.000002	0.000000	0.704845	0.709362	
0.946674	0.322786	0.000000	0.000000	0.000000	
0.000002	0.950861	0.312011	0.000000	0.000000	
0.000000	0.000000	0.000000	1.000000	0.000000	
1.000000	0.000000	0.000000	0.000000	0.000000	
0.000001	0.000000	0.000003	0.948594	0.316498	
0.000000	1.000000	0.000000	0.000000	0.000000	
0.000000	0.000000	0.708037	0.706176	0.000003	
0.000003	0.407437	0.409565	0.000000	0.816271	
0.408795	0.000000	0.816029	0.408637	0.000000	
0.816727	0.000000	0.409177	0.000000	0.406867	
0.000025	0.014550	0.941506	0.000000	0.338751	
0.000000	0.000000	0.409179	0.408119	0.816108	
0.949078	0.000000	0.315046	0.000000	0.000000	
0.311866	0.000000	0.950132	0.000000	0.000000	
0.821955	0.000042	0.410957	0.408755	0.000000	
0.314859	0.949620	0.000003	0.000000	0.000000	
0.403770	0.000000	0.000003	0.402723	0.821466	
0.816707	0.409030	0.000000	0.000000	0.407043	
0.500654	0.498735	0.499930	0.000000	0.500680	
0.000037	0.405635	0.404904	0.819460	0.000000	
0.053285	0.059586	0.703800	0.706463	0.000000	
0.000070	0.828131	0.386174	0.406433	0.000000	
0.949403	0.000000	0.000000	0.000000	0.314673	
0.014532	0.001363	0.944463	0.000000	0.339814	
0.819885	0.410622	0.000000	0.000000	0.408627	
0.807880	0.408483	0.410867	0.108287	0.000000	
0.089137	0.000000	0.484240	0.870383	0.000000	
0.000037	0.408727	0.845721	0.344331	0.000000	
0.000009	0.391719	0.826370	0.000000	0.404604	
0.315116	0.000000	0.000000	0.000000	0.951157	
0.472553	0.528430	0.005900	0.707065	0.000000	
0.949555	0.086141	0.312862	0.000000	0.000000	
0.825271	0.000000	0.000000	0.390407	0.408069	
0.364736	0.159225	0.424959	0.832440	0.000000	
0.569659	0.000000	0.651667	0.500820	0.000000	
0.279485	0.000000	0.960151	0.000000	0.000000	
0.436117	0.902170	0.000000	0.000000	0.000000	
0.072626	0.086915	0.997232	0.000000	0.000000	
0.000000	0.000000	0.000000	0.000000	1.000034	
0.947250	0.320238	0.021984	0.008054	0.000000	
0.707652	0.706664	0.000000	0.000000	0.000000	
0.009136	0.442743	0.470093	0.359256	0.685147	
0.708801	0.038740	0.502181	0.000000	0.502935	
0.003859	0.860821	0.162152	0.487277	0.156021	
0.665680	0.668056	0.000000	0.342842	0.000000	
0.000003	0.000000	0.000000	0.948594	0.316498	
0.000010	0.706961	0.000000	0.019906	0.707346	
0.000014	0.421381	0.000000	0.419507	0.840016	
0.497875	0.499653	0.000000	0.499646	0.503795	
0.005534	0.000003	0.409140	0.408117	0.816104	
