0.316141	0.000000	0.000000	0.000000	0.948720	
0.408729	0.815683	0.000000	0.409393	0.000000	
0.407480	0.000000	0.408192	0.817140	0.000000	
0.000002	0.723134	0.720913	0.000000	0.000000	
0.000005	0.000268	0.816357	0.412081	0.405725	
0.403727	0.404915	0.820430	0.000000	0.000000	
0.003285	0.000000	0.323593	0.000000	0.952573	
0.815943	0.408865	0.408740	0.000000	0.000000	
0.000000	0.409775	0.000000	0.411316	0.814579	
0.947635	0.319433	0.000000	0.000000	0.000000	
0.000002	0.707352	0.000000	0.000000	0.706863	
0.000000	0.705827	0.000000	0.708482	0.000000	
0.407687	0.000000	0.000000	0.408193	0.816805	
0.707351	0.000000	0.000000	0.000000	0.706863	
0.948800	0.000000	0.000000	0.000000	0.315880	
0.000001	0.418696	0.811656	0.000000	0.407319	
0.407265	0.000008	0.000000	0.817261	0.407703	
0.000019	0.408512	0.407011	0.817016	0.000000	
0.000000	0.000000	0.412091	0.814852	0.407678	
0.000000	0.006225	0.706833	0.707722	0.000000	
0.000045	0.403841	0.816537	0.412609	0.000000	
0.000000	0.000000	0.000000	0.735672	0.728154	
0.317332	0.948335	0.000000	0.000000	0.000002	
0.000000	0.000000	0.000000	0.316206	0.948691	
0.816254	0.409410	0.000000	0.000000	0.407590	
0.409291	0.814814	0.410565	0.000000	0.000000	
0.000127	0.818532	0.000000	0.409761	0.410533	
0.000000	0.000000	0.000000	0.000000	1.000003	
0.000000	0.410556	0.409295	0.000000	0.816398	
0.000000	0.001656	0.331187	0.970068	0.000000	
0.000001	0.316139	0.000000	0.000000	0.948714	
0.000001	0.948622	0.316413	0.000000	0.000000	
0.405806	0.817843	0.000000	0.000001	0.407998	
0.498710	0.500426	0.500652	0.000000	0.500261	
0.498660	0.000000	0.500091	0.501888	0.499357	
0.816808	0.000000	0.408266	0.000000	0.407609	
0.000000	0.000000	0.948635	0.316376	0.000000	
0.000000	1.000000	0.000000	0.000000	0.000000	
0.706314	0.000000	0.707901	0.000000	0.000000	
0.314689	0.000026	0.000000	0.949195	0.000000	
0.497175	0.502541	0.000000	0.500258	0.500741	
0.406729	0.411472	0.000000	0.815672	0.000000	
0.000000	0.948090	0.000000	0.000000	0.318002	
0.000030	0.502501	0.500953	0.500882	0.498688	
0.000045	0.000000	0.945053	0.000000	0.327260	
0.815259	0.000089	0.407664	0.412194	0.000000	
0.507601	0.506782	0.489256	0.502101	0.000000	
0.706668	0.000000	0.000000	0.707546	0.000000	
0.000000	0.000000	1.000000	0.000000	0.000000	
0.315797	0.000000	0.948829	0.000000	0.000000	
1.000000	0.000000	0.000000	0.000000	0.000000	
0.409181	0.000000	0.409622	0.000000	0.815355	
0.708646	0.709304	0.000000	0.000000	0.000000	
0.000000	0.407023	0.000000	0.816644	0.409188	
0.407292	0.408694	0.000000	0.000000	0.817442	
0.408996	0.000000	0.816483	0.000000	0.407528	
0.817145	0.000000	0.000000	0.409067	0.409910	
0.000148	0.948635	0.000000	0.316376	0.000000	
0.948704	0.000000	0.316681	0.000000	0.000000	
0.000000	0.816982	0.408168	0.000000	0.407358	
0.000033	0.000009	0.709501	0.000000	0.704707	
0.000000	0.000000	0.407687	0.408193	0.816805	
0.000002	0.820273	0.396707	0.412042	0.000000	
0.948607	0.000000	0.000000	0.316461	0.000000	
0.405215	0.000000	0.817513	0.409320	0.000000	
0.000000	0.000000	0.000000	1.000070	0.000000	
0.000000	0.316706	0.948524	0.000000	0.000000	
0.814849	0.410750	0.000070	0.409054	0.000000	
0.000000	0.000000	0.000000	0.948800	0.315880	
0.000001	0.317717	0.000000	0.951940	0.000000	
0.408729	0.815683	0.000000	0.409393	0.000000	
0.556226	0.280383	0.000622	0.783446	0.000000	
0.285812	0.096343	0.019925	0.000000	0.953228	
0.816982	0.000000	0.408168	0.000000	0.407358	
0.815910	0.000069	0.407449	0.410219	0.000000	
0.000000	0.705602	0.000000	0.708256	0.025235	
0.708262	0.706981	0.000000	0.000000	0.000000	
0.959359	0.310089	0.001098	0.000000	0.000000	
0.888705	0.000074	0.000000	0.448601	0.154629	
0.314688	0.000461	0.000000	0.949196	0.000000	
0.075013	0.007241	0.146091	0.000000	0.990628	
0.648201	0.000000	0.000329	0.649007	0.410134	
0.394088	0.000000	0.399843	0.000000	0.840149	
0.000002	0.705296	0.054377	0.000000	0.706901	
0.761960	0.000000	0.647890	0.000000	0.000000	
0.022292	0.573232	0.823110	0.031176	0.000000	
0.000000	0.000000	0.709814	0.704389	0.000000	
0.968031	0.000000	0.016573	0.000000	0.250445	
0.000022	0.000031	0.709500	0.000000	0.704706	
0.000045	0.403939	0.816734	0.412046	0.000000	
0.916321	0.093895	0.391240	0.000000	0.000000	
0.665417	0.238257	0.000000	0.707590	0.000000	
0.011662	0.582887	0.678185	0.210137	0.410160	
0.373194	0.927774	0.000000	0.000000	0.000002	
0.018376	0.913674	0.000000	0.007029	0.405975	
0.000010	0.498871	0.497038	0.709989	0.000000	
0.214934	0.233195	0.949818	0.000000	0.000000	
0.487416	0.255050	0.005204	0.000000	0.835074	
0.407093	0.000000	0.035831	0.409174	0.818768	
0.065811	0.000001	0.997832	0.000000	0.000000	
