0.000000	0.000000	0.406937	0.816839	0.408990	
0.948137	0.000000	0.319055	0.000000	0.000000	
0.000141	0.970488	0.000000	0.326347	0.000000	
0.406918	0.000000	0.000000	0.816799	0.408971	
0.707598	0.000000	0.000000	0.707800	0.000000	
0.406480	0.407889	0.000000	0.000000	0.817627	
0.314685	0.949302	0.000000	0.000000	0.000000	
0.948692	0.000000	0.000000	0.316202	0.000000	
0.000000	0.316634	0.000000	0.000000	0.948548	
0.707980	0.000000	0.000000	0.000000	0.708240	
0.499877	0.501703	0.501066	0.497777	0.000000	
0.000000	0.407246	0.816878	0.408490	0.000000	
0.000056	0.000000	0.000000	0.954807	0.318913	
0.708899	0.000000	0.712419	0.000000	0.000000	
0.947782	0.319002	0.000000	0.000000	0.000000	
0.000000	0.000000	0.408583	0.408741	0.816132	
0.000000	0.000000	0.948753	0.000000	0.316025	
0.000001	0.408470	0.000000	0.409088	0.816825	
0.000000	0.000000	0.000000	1.000160	0.000000	
0.000029	0.407856	0.000000	0.816822	0.409172	
0.000902	0.500671	0.498936	0.500764	0.499641	
0.816622	0.000046	0.408885	0.000000	0.407362	
0.000000	0.000000	0.000000	0.315377	0.948967	
0.316498	0.000000	0.000000	0.948593	0.000000	
0.000016	0.408299	0.815918	0.000046	0.409382	
0.001280	0.708205	0.000000	0.000000	0.708466	
0.000000	0.000000	0.690597	0.723316	0.000000	
0.000025	0.317953	0.953024	0.000000	0.000000	
0.504123	0.000000	0.502903	0.504480	0.502140	
0.000015	0.408898	0.408099	0.000000	0.816247	
0.000000	1.000000	0.000000	0.000000	0.000000	
0.315732	0.000000	0.948904	0.000000	0.000000	
0.415342	0.414398	0.000000	0.810076	0.000000	
0.407175	0.000000	0.816480	0.000046	0.409382	
1.000000	0.000000	0.000000	0.000000	0.000000	
0.000308	0.413532	0.412790	0.811549	0.000000	
0.000000	0.816612	0.408862	0.000000	0.407404	
0.500374	0.500035	0.500439	0.000000	0.499166	
0.000000	0.317319	0.000000	0.948333	0.000000	
0.000026	0.707799	0.706415	0.000000	0.000000	
0.000000	0.000000	0.315958	0.000000	0.948903	
0.000093	0.816230	0.000000	0.407395	0.410008	
0.000378	0.000000	0.814366	0.414975	0.408181	
0.317708	0.000000	0.000000	0.000000	0.951767	
0.405052	0.817913	0.000000	0.408615	0.000000	
0.000000	0.000000	0.948056	0.318276	0.000000	
0.500115	0.498979	0.000000	0.500214	0.501147	
0.948513	0.000000	0.000000	0.000000	0.316737	
0.707039	0.709196	0.000000	0.000000	0.000000	
0.817210	0.000000	0.407654	0.407609	0.000000	
0.000000	0.000000	0.000000	0.000000	1.000004	
0.000001	0.000611	0.000000	0.707967	0.708227	
0.816009	0.408556	0.000031	0.408917	0.000000	
0.407449	0.000000	0.409472	0.816284	0.000000	
0.000030	0.948798	0.000000	0.000000	0.315936	
0.000005	0.000056	0.723823	0.000000	0.728108	
0.408898	0.000032	0.408099	0.000000	0.816247	
0.814001	0.408557	0.412897	0.000000	0.000000	
0.000119	0.818331	0.408213	0.406784	0.000000	
0.000000	0.000000	1.006599	0.000000	0.000000	
0.407916	0.000000	0.816542	0.408639	0.000000	
0.812993	0.414603	0.000000	0.000000	0.410223	
0.000001	0.707592	0.000000	0.707795	0.000000	
0.408567	0.000000	0.000000	0.408726	0.816102	
0.000000	0.000000	0.315090	0.949062	0.000000	
0.400761	0.409434	0.819608	0.000000	0.000000	
0.815111	0.000105	0.000000	0.409077	0.410601	
0.408808	0.815929	0.000000	0.000000	0.410225	
0.000035	0.948097	0.317981	0.000000	0.000000	
0.405216	0.818389	0.407481	0.000000	0.000000	
0.712113	0.000694	0.710721	0.000000	0.000000	
0.000001	0.397576	0.000000	0.419683	0.816824	
0.101503	0.298973	0.948910	0.000000	0.000000	
0.396272	0.000421	0.395498	0.000000	0.828584	
0.000000	0.000000	0.421309	0.821178	0.408913	
0.007963	0.708705	0.501438	0.498146	0.000000	
0.222705	0.000000	0.307568	0.925102	0.000010	
0.000076	0.013006	0.013340	0.913332	0.409407	
0.746550	0.000000	0.000000	0.000000	0.671024	
0.299857	0.097718	0.000000	0.000000	0.948968	
0.000020	0.413604	0.412861	0.811477	0.000000	
0.000000	0.000000	0.577896	0.006774	0.816132	
0.287172	0.000044	0.288598	0.913374	0.000000	
0.000000	0.000000	0.693926	0.726803	0.000000	
0.951057	0.000000	0.000000	0.000000	0.317942	
0.456372	0.000036	0.455514	0.699195	0.308803	
0.205613	0.000000	0.680101	0.503366	0.501031	
0.001209	0.709670	0.000000	0.000000	0.709931	
0.000001	0.708392	0.000000	0.708595	0.000000	
0.432507	0.000000	0.000000	0.868164	0.243371	
0.929386	0.377240	0.000000	0.000000	0.000000	
0.506869	0.494366	0.000000	0.000000	0.717909	
0.028909	0.304088	0.000000	0.912888	0.270846	
0.671607	0.623458	0.000000	0.000000	0.412573	
0.000080	1.014323	0.000000	0.000000	0.000000	
0.186907	0.556196	0.000000	0.810140	0.000000	
0.495923	0.494796	0.000000	0.508535	0.501168	
0.345916	0.137824	0.836395	0.403486	0.000000	
0.000127	0.070638	0.000000	0.998206	0.000000	
0.233739	0.000000	0.000000	0.700550	0.695381	
