0.005621	0.494622	0.786474	0.378097	
0.460832	0.388795	0.756575	0.276198	
0.590992	0.200714	0.000021	0.784904	
0.153610	0.984619	0.141507	0.007216	
0.711734	0.004303	0.000525	0.708089	
0.000836	0.356047	0.464953	0.814378	
0.967465	0.027465	0.262683	0.003409	
0.274036	0.616421	0.722010	0.173998	
0.041551	0.000063	0.137031	0.993950	
0.498313	0.002881	0.870230	0.005530	
0.583283	0.798547	0.000674	0.172883	
1.004272	0.000000	0.000000	0.000000	
0.381455	0.795632	0.440349	0.181999	
0.003583	0.503549	0.866878	0.005263	
0.683098	0.561227	0.202023	0.428484	
0.954312	0.001949	0.000565	0.313285	
0.172367	0.007590	0.975425	0.160485	
0.394944	0.765617	0.308164	0.411603	
0.694497	0.580967	0.047021	0.428392	
0.006277	0.917608	0.362165	0.179657	
0.883843	0.015041	0.230937	0.413321	
0.656430	0.442789	0.615014	0.004013	
0.000602	0.141502	0.001053	0.994827	
0.528698	0.852810	0.009369	0.007055	
0.226410	0.877400	0.216614	0.370640	
0.883349	0.014142	0.439927	0.181436	
0.003273	0.001486	0.823560	0.572515	
0.703478	0.180411	0.310311	0.618138	
0.379864	0.110575	0.199416	0.901277	
0.416447	0.413465	0.000357	0.817554	
0.551167	0.010884	0.720502	0.431284	
0.369413	0.819866	0.349356	0.274887	
0.014077	0.044916	0.314553	0.951162	
0.840144	0.527966	0.142208	0.023791	
0.136982	0.004173	0.994604	0.013854	
0.473176	0.186206	0.495610	0.709081	
0.000239	0.010829	0.748066	0.668729	
0.405657	0.170220	0.195338	0.881238	
0.002830	0.317136	0.951654	0.000241	
0.199405	0.202010	0.844532	0.460480	
0.187455	0.003368	0.669410	0.723190	
0.004242	0.996468	0.007415	0.124389	
0.000295	0.161006	0.990391	0.003700	
0.000000	0.000000	0.000000	1.003092	
0.075961	0.164901	0.794000	0.585063	
0.159145	0.468437	0.786600	0.378158	
0.490801	0.497218	0.391754	0.605726	
0.658232	0.572794	0.386469	0.313286	
0.192369	0.984210	0.000610	0.004927	
0.326635	0.948780	0.000891	0.006661	
0.991571	0.008255	0.000218	0.156898	
0.209238	0.658627	0.286798	0.668791	
0.000880	0.620278	0.767265	0.178787	
0.000948	0.516353	0.004151	0.860630	
0.005331	0.000120	0.469114	0.886145	
0.001675	0.953477	0.007837	0.309579	
0.846838	0.253220	0.232254	0.413435	
0.164191	0.166307	0.002145	0.975693	
0.453018	0.625089	0.000234	0.641791	
0.000043	0.000052	0.948526	0.330312	
0.172575	0.128029	0.979675	0.008407	
0.000905	0.000002	0.990638	0.159561	
0.257995	0.250945	0.235141	0.906799	
0.814723	0.412930	0.000836	0.413853	
0.214821	0.012515	0.919551	0.343302	
0.329141	0.005534	0.928100	0.198427	
0.795869	0.584802	0.000655	0.193415	
0.001728	0.439952	0.668138	0.607709	
0.000000	1.002596	0.000000	0.000000	
0.013331	0.636243	0.451573	0.630947	
0.291965	0.119438	0.759474	0.577086	
0.256916	0.572219	0.002745	0.783588	
0.980193	0.001552	0.147008	0.163546	
0.781630	0.211253	0.004468	0.592388	
0.709418	0.709416	0.000811	0.004071	
0.321320	0.000485	0.952109	0.000081	
0.481819	0.310706	0.741364	0.357002	
0.122792	0.338137	0.235031	0.906377	
0.318492	0.005574	0.000543	0.951290	
0.369243	0.004328	0.817569	0.451021	
0.867259	0.000686	0.000639	0.505425	
0.002262	0.149820	0.917222	0.378212	
0.916063	0.172967	0.000244	0.369277	
0.001773	0.709954	0.000026	0.707993	
0.000529	0.389144	0.914508	0.144671	
0.126375	0.336583	0.235369	0.906385	
0.420890	0.815914	0.033458	0.403958	
0.624634	0.008482	0.784138	0.001010	
0.641799	0.426924	0.000469	0.643490	
0.925494	0.187345	0.284615	0.183856	
0.000000	0.000000	1.003258	0.000000	
0.189328	0.384449	0.875972	0.234660	
0.444238	0.866235	0.229083	0.076663	
0.199432	0.407921	0.026291	0.896001	
0.406353	0.150965	0.887213	0.176629	
0.018791	0.799588	0.571965	0.198323	
0.192751	0.786090	0.006600	0.592800	
0.520611	0.000000	0.000005	0.858301	
0.691860	0.249967	0.681766	0.001612	
0.176307	0.175323	0.530077	0.815678	
0.993628	0.143568	0.000082	0.000456	
0.143193	0.000205	0.000926	0.993974	
0.000278	0.195987	0.966919	0.178778	
0.954972	0.305505	0.006854	0.017155	
0.385475	0.161751	0.913556	0.003670	
0.000208	0.859766	0.004089	0.517794	
0.243500	0.178938	0.939883	0.194097	
0.184395	0.918712	0.005525	0.356953	
0.145224	0.415678	0.901185	0.005889	
0.188718	0.966724	0.005080	0.187163	
0.430454	0.677468	0.602286	0.000574	
0.603346	0.024456	0.786214	0.160610	
0.570239	0.128817	0.815285	0.002769	
0.246456	0.258620	0.690893	0.636311	
0.400500	0.900891	0.008929	0.186948	
0.006117	0.307880	0.001035	0.954831	
0.415688	0.105576	0.013404	0.906911	
0.856497	0.521123	0.000667	0.002352	
0.028273	0.899062	0.210746	0.390750	
0.901149	0.363600	0.149682	0.196703	
0.976260	0.158601	0.000455	0.165800	
0.035148	0.179801	0.604517	0.778460	
0.921038	0.154379	0.365725	0.003409	
0.917022	0.366591	0.000054	0.181386	
0.027031	0.008962	1.002094	0.012131	
0.924885	0.341861	0.000054	0.181103	
0.514223	0.841385	0.014132	0.186630	
0.646610	0.424400	0.021028	0.639653	
0.575519	0.102687	0.815285	0.002769	
0.036269	0.179589	0.604550	0.778503	
0.656430	0.442789	0.615014	0.004013	
0.386575	0.813655	0.012144	0.440149	
0.003390	0.955756	0.007856	0.305295	
0.846213	0.254801	0.232216	0.413367	
0.902483	0.364138	0.149903	0.190540	
0.206813	0.216726	0.887658	0.363610	
0.008302	0.417818	0.001404	0.912281	
0.877529	0.017329	0.449327	0.181205	
1.002985	0.000000	0.000000	0.003728	
0.015259	0.862348	0.006899	0.513532	
0.254235	0.005020	0.652308	0.719228	
0.194014	0.001265	0.984161	0.004127	
0.881292	0.132359	0.460361	0.003409	
0.378752	0.457184	0.760444	0.275307	
0.231905	0.650916	0.286769	0.668722	
0.286760	0.747294	0.015982	0.605626	
0.034909	0.569895	0.809955	0.160551	
0.388164	0.768536	0.307992	0.412355	
0.235985	0.222252	0.282328	0.908234	
0.537765	0.016259	0.736916	0.417615	
0.002504	1.002449	0.000037	0.003230	
0.183590	0.300395	0.915731	0.210401	
0.404293	0.165390	0.696780	0.577086	
0.732230	0.242691	0.112299	0.630309	
0.534805	0.848757	0.009367	0.007054	
0.284434	0.117967	0.001913	0.954799	
0.305607	0.184948	0.690098	0.633877	
0.004176	0.276645	0.887186	0.378190	
0.338963	0.003973	0.828676	0.454443	
0.441479	0.879956	0.057502	0.182007	
0.205579	0.421373	0.000387	0.888049	
0.954436	0.305333	0.008119	0.031239	
0.019730	0.040439	0.466714	0.888106	
0.040733	0.130005	0.993523	0.012471	
0.188934	0.966636	0.005079	0.187155	
0.609123	0.008271	0.796182	0.001010	
0.036416	0.000316	0.175154	0.988070	
0.919182	0.186068	0.194065	0.299967	
0.660569	0.577439	0.229241	0.427977	
0.991663	0.096883	0.007415	0.124378	
0.011457	0.338817	0.909228	0.253711	
0.429796	0.676433	0.601366	0.031207	
0.970937	0.001983	0.000575	0.253681	
0.088110	0.104440	0.732174	0.672048	
0.892312	0.286218	0.000430	0.356589	
0.283569	0.003851	0.961824	0.001026	
0.002816	0.315627	0.955576	0.000241	
0.000001	0.000001	0.800779	0.605568	
0.415844	0.912546	0.011828	0.013697	
0.560102	0.058837	0.000005	0.831200	
0.590929	0.200693	0.000287	0.784821	
0.444238	0.866235	0.229083	0.076663	
0.991166	0.008251	0.000218	0.157221	
0.000502	0.141436	0.008725	0.993503	
0.718547	0.628007	0.004044	0.313286	
0.003540	0.497500	0.870669	0.005265	
0.818035	0.000647	0.000603	0.581731	
0.352637	0.782636	0.440497	0.274919	
0.985512	0.001561	0.111555	0.159749	
0.000561	0.858474	0.440529	0.274939	
0.709635	0.708702	0.011829	0.003310	
0.831305	0.560749	0.005826	0.003994	
0.142936	0.416526	0.901293	0.005855	
0.302305	0.630543	0.002387	0.720977	
0.000047	0.000049	0.947769	0.332748	
0.019904	0.797190	0.583522	0.176751	
0.780945	0.211068	0.004464	0.593416	
0.400435	0.258724	0.613512	0.633797	
0.699343	0.001422	0.000515	0.720797	
0.339031	0.254924	0.893864	0.169125	
