0.332140	0.694311	2.122146	0.000001	
0.753548	0.196593	3.390667	0.000074	
0.163994	0.163712	0.232216	0.946101	
0.640000	0.431050	2.257521	0.000000	
0.115032	0.114950	0.162796	0.973869	
0.575249	0.474036	1.194805	0.000000	
0.272003	0.274081	0.388710	0.842475	
0.669310	0.352040	1.471894	0.000029	
0.343418	0.695723	1.527495	0.000212	
0.592184	0.397444	1.064041	0.371733	
0.197021	0.197021	0.278630	0.919094	
0.131901	0.131899	0.186538	0.964586	
0.368008	0.532118	0.932817	0.629557	
0.457475	0.571108	0.903904	0.004187	
0.709712	0.278804	1.920687	0.365113	
0.209432	0.736314	2.798679	0.484882	
0.744992	0.229951	2.505805	0.014120	
0.234094	0.742749	2.451695	0.000003	
0.535691	0.361943	0.901157	0.727999	
0.539013	0.476075	0.815197	0.004600	
0.254796	0.655133	1.825369	0.862243	
0.080294	0.080192	0.113627	0.987856	
0.000000	0.000000	0.000000	1.000001	
0.740225	0.205962	3.168826	0.518892	
0.638279	0.357737	1.484673	0.450824	
0.041944	0.041915	0.059336	0.996965	
0.336527	0.647993	1.441380	0.441625	
0.201304	0.752228	3.369661	0.000001	
0.475110	0.473599	0.673194	0.318273	
0.662180	0.241649	1.940150	0.908687	
0.668220	0.247731	1.921266	0.833853	
0.080655	0.080645	0.114072	0.986990	
0.296711	0.293145	0.422646	0.815153	
0.755578	0.188664	3.392376	0.000074	
0.117205	0.117116	0.165881	0.972886	
0.226679	0.746246	2.546507	0.000003	
0.622240	0.395494	1.143201	0.286153	
0.278184	0.705573	1.913054	0.372265	
0.604030	0.378732	1.057553	0.598690	
0.748149	0.223111	2.595530	0.003589	
0.377263	0.524174	0.903003	0.610332	
0.153352	0.153347	0.216877	0.951830	
0.247375	0.674562	2.109377	0.872212	
0.187188	0.755547	3.394169	0.111577	
0.466582	0.557351	0.861135	0.003136	
0.732797	0.175884	3.144639	0.838983	
0.197021	0.197021	0.278630	0.919094	
0.639777	0.354850	1.339654	0.373270	
0.679673	0.370664	2.558855	0.000001	
0.000000	0.000000	0.000000	1.000001	
0.044151	0.044147	0.062441	0.996154	
0.487163	0.479760	0.697733	0.268604	
0.568809	0.454379	0.913269	0.004771	
0.199906	0.746177	3.183577	0.392878	
0.349037	0.670376	1.457764	0.000002	
0.586586	0.468680	1.318315	0.000000	
0.579797	0.468862	1.201673	0.000000	
0.711416	0.279297	1.935071	0.306251	
0.446492	0.444202	0.633180	0.457464	
0.308106	0.314066	0.449378	0.795038	
0.041944	0.041915	0.059336	0.996965	
0.397758	0.600339	1.086949	0.318851	
0.368364	0.531734	0.931093	0.628736	
0.717283	0.266140	2.038405	0.384447	
0.176963	0.732539	3.167359	0.839896	
0.747980	0.223503	2.590259	0.003582	
0.567105	0.455357	0.908802	0.003561	
0.184776	0.186474	0.264613	0.934392	
0.742426	0.204001	2.975299	0.418622	
0.226419	0.691771	2.224501	0.834625	
0.680643	0.363483	2.285619	0.000001	
0.407927	0.622360	1.168020	0.003849	
0.680031	0.339463	1.517676	0.002247	
0.343583	0.677440	1.514757	0.005812	
0.536589	0.361455	0.904096	0.729748	
0.678326	0.268271	1.837022	0.675853	
0.460828	0.566028	0.887973	0.004139	
0.045202	0.045201	0.063926	0.995919	
0.607787	0.391135	1.231104	0.388834	
0.222328	0.741797	2.587405	0.000001	
0.000000	0.000000	0.000000	1.233613	
0.755014	0.190365	3.356879	0.000065	
0.117179	0.117126	0.165794	0.972597	
0.154146	0.152982	0.219363	0.957964	
0.619890	0.397611	1.131899	0.284061	
0.187030	0.755344	3.395304	0.141626	
0.682778	0.360702	2.341173	0.000001	
0.351165	0.553142	1.031743	0.659012	
0.716004	0.264558	2.056660	0.360788	
0.292645	0.284525	0.420648	0.834295	
0.577072	0.470327	1.177657	0.000000	
0.740286	0.205772	3.170776	0.519194	
0.599491	0.381257	1.041537	0.591812	
0.601922	0.406263	1.074426	0.272793	
0.660375	0.244518	1.900421	0.893387	
0.191994	0.728490	3.248414	0.871078	
0.222477	0.741736	2.585401	0.000001	
0.651853	0.334299	1.478024	0.438157	
0.467136	0.551673	0.852699	0.005802	
0.131992	0.131989	0.186668	0.964545	
0.117180	0.117126	0.165793	0.972597	
0.197021	0.197020	0.278630	0.919094	
0.258763	0.668955	1.974643	0.823669	
0.559316	0.461421	0.884002	0.003497	
0.518553	0.458814	0.804285	0.307914	
0.045202	0.045201	0.063928	0.995937	
0.020476	0.020475	0.028957	0.999162	
0.389917	0.639526	1.247268	0.007575	
0.186968	0.755365	3.396680	0.141680	
0.353706	0.656608	1.505001	0.319290	
0.748110	0.223194	2.594400	0.003587	
0.597343	0.462533	1.429187	0.000000	
0.755578	0.188664	3.392376	0.000074	
0.247780	0.730683	2.279231	0.000001	
0.748029	0.223396	2.591710	0.003584	
0.502356	0.495474	0.718586	0.097896	
0.131992	0.131989	0.186669	0.964548	
0.673863	0.345005	1.497566	0.010214	
0.098533	0.098530	0.139351	0.980420	
0.198081	0.734992	3.025665	0.648678	
0.361391	0.544724	0.992239	0.637195	
0.755581	0.188657	3.392536	0.000074	
0.724867	0.194144	3.023869	0.847478	
0.465352	0.559226	0.866847	0.004075	
0.268092	0.703341	1.964143	0.481404	
0.716557	0.265631	2.063891	0.295163	
0.476794	0.472708	0.677791	0.319498	
0.381609	0.664408	1.297055	0.005424	
0.690974	0.349591	2.584543	0.000001	
0.126528	0.126493	0.178988	0.967726	
0.194801	0.751873	3.061472	0.130997	
0.330855	0.334716	0.476696	0.753493	
0.021124	0.021123	0.029873	0.999112	
0.614152	0.393818	1.276277	0.362786	
0.538068	0.370444	0.997649	0.642995	
0.275905	0.660120	1.886754	0.791124	
0.660388	0.244492	1.900670	0.893491	
0.185251	0.185282	0.262044	0.928927	
0.630821	0.372928	1.243370	0.303596	
0.044684	0.044685	0.063194	0.996013	
0.621165	0.396384	1.137435	0.285085	
0.403409	0.593452	1.055895	0.318770	
0.183815	0.756135	3.395928	0.141651	
0.309545	0.311416	0.442022	0.787640	
0.740264	0.205833	3.169519	0.518999	
0.131992	0.131989	0.186669	0.964548	
0.385030	0.536833	0.901379	0.591537	
0.672181	0.374048	2.090784	0.000000	
0.126782	0.126391	0.179858	0.970373	
0.755353	0.189337	3.377569	0.000074	
0.225702	0.741201	2.641389	0.000319	
0.750599	0.202921	3.100943	0.000075	
0.661086	0.243136	1.913779	0.898940	
0.464202	0.560972	0.872206	0.004091	
0.195147	0.195933	0.277651	0.922999	
0.192994	0.728147	3.230564	0.866658	
0.248549	0.685483	1.999180	0.759245	
0.020476	0.020475	0.028957	0.999162	
0.326299	0.712201	1.637218	0.228547	
0.480857	0.485257	0.689794	0.264427	
0.566806	0.455439	0.908171	0.003559	
0.716315	0.263607	2.064818	0.365379	
0.578598	0.330009	1.171145	0.702516	
0.716406	0.265905	2.060873	0.294781	
0.220714	0.750068	2.676176	0.122443	
0.692072	0.246344	2.049846	0.744566	
0.292398	0.284676	0.419924	0.833485	
0.182457	0.757102	3.393973	0.013282	
0.572971	0.430545	1.056143	0.326020	
0.195104	0.196023	0.277875	0.923428	
0.201220	0.745578	3.077425	0.371664	
0.597559	0.461882	1.436968	0.000000	
0.392372	0.512877	0.833278	0.578871	
0.743607	0.223619	2.863426	0.000063	
0.411029	0.595264	1.046227	0.269093	
0.134961	0.134969	0.190882	0.962919	
0.291757	0.707842	1.857985	0.000018	
0.753289	0.197335	3.373967	0.000074	
0.732755	0.175983	3.142608	0.838642	
0.578537	0.330082	1.170733	0.702325	
0.408504	0.619182	1.124149	0.005962	
0.496165	0.494744	0.703905	0.139564	
0.044682	0.044687	0.063201	0.996071	
0.000000	0.000000	0.000000	1.468864	
0.323799	0.648769	1.467469	0.503290	
0.293005	0.600521	1.368517	0.821165	
0.702432	0.213326	2.420127	0.857929	
0.263166	0.666233	1.936400	0.808123	
0.583096	0.440072	0.979913	0.096472	
0.000000	0.000000	0.000000	1.723773	
0.178449	0.757583	3.376392	0.112021	
0.751187	0.218144	2.680432	0.322492	
0.391845	0.606153	1.116856	0.325189	
0.045202	0.045201	0.063928	0.995937	
0.746614	0.225338	2.562193	0.093418	
0.399267	0.628438	1.174441	0.019730	
0.758397	0.177300	3.336984	0.036280	
0.192994	0.728147	3.230564	0.866658	
0.375707	0.525311	0.903255	0.610450	
0.400395	0.556300	0.962872	0.464469	
