0.351487	0.683881	1.470877	0.003262	
0.743911	0.231667	2.482585	0.003445	
0.234837	0.736632	2.441274	0.000334	
0.632359	0.388227	1.503420	0.356415	
0.736499	0.222336	3.036320	0.454569	
0.539523	0.380007	0.936708	0.570442	
0.729957	0.286540	1.935894	0.222733	
0.100728	0.100695	0.142481	0.979752	
0.187741	0.755716	3.368436	0.000345	
0.149978	0.149883	0.212161	0.954402	
0.489660	0.483012	0.698099	0.242717	
0.753294	0.197049	3.356366	0.004262	
0.682755	0.365925	2.159733	0.000003	
0.251725	0.682677	1.965371	0.754347	
0.226459	0.735972	2.851865	0.383459	
0.053475	0.053369	0.075689	0.995582	
0.702835	0.356854	1.474253	0.000073	
0.185664	0.739700	3.229844	0.678145	
0.395936	0.342191	0.612561	0.769869	
0.000000	0.000000	0.000000	1.000001	
0.283101	0.705042	1.893628	0.273971	
0.656598	0.407092	1.161334	0.246578	
0.563028	0.463377	0.877029	0.002603	
0.269402	0.268788	0.381309	0.844221	
0.350654	0.657076	1.510716	0.321467	
0.388431	0.548573	0.910130	0.587410	
0.425741	0.596754	0.989755	0.299460	
0.472480	0.557074	0.844603	0.005795	
0.743270	0.176751	3.179506	0.791480	
0.182671	0.182648	0.258352	0.930973	
0.682994	0.256600	1.934783	0.718714	
0.031698	0.031701	0.044833	0.998039	
0.642798	0.386791	1.523110	0.255569	
0.697320	0.346966	1.512406	0.000000	
0.179220	0.179147	0.253565	0.933972	
0.741301	0.182011	3.091843	0.770826	
0.498530	0.483301	0.719155	0.216683	
0.754727	0.191211	3.338593	0.000065	
0.215402	0.215437	0.304697	0.902538	
0.202299	0.202377	0.286260	0.914708	
0.285776	0.285655	0.404223	0.820916	
0.475045	0.552165	0.831707	0.005738	
0.187553	0.755757	3.372336	0.025080	
0.393105	0.565014	0.985581	0.532824	
0.579487	0.454261	0.923813	0.002697	
0.300218	0.720729	1.827309	0.217996	
0.687400	0.273476	1.848879	0.592447	
0.240649	0.699632	2.165562	0.674197	
0.366252	0.650380	1.418822	0.253849	
0.183321	0.743817	3.206946	0.623901	
0.054100	0.054109	0.076529	0.994245	
0.421421	0.600038	1.002400	0.327395	
0.184970	0.740126	3.294785	0.691348	
0.748022	0.223386	2.591845	0.003584	
0.660527	0.413534	1.183134	0.197076	
0.341902	0.692214	1.534784	0.003376	
0.225782	0.746662	2.558368	0.000003	
0.730619	0.285684	1.943845	0.222986	
0.748855	0.194705	3.064001	0.315066	
0.555042	0.390449	0.984870	0.514698	
0.114892	0.114884	0.162487	0.973288	
0.114893	0.114883	0.162490	0.973298	
0.499348	0.482701	0.719328	0.216735	
0.179175	0.179165	0.253406	0.933643	
0.024865	0.024874	0.035184	0.999014	
0.481084	0.540319	0.801474	0.005604	
0.585361	0.462315	1.055236	0.000001	
0.719832	0.273161	2.010469	0.238500	
0.190698	0.747617	3.147738	0.415887	
0.651703	0.408040	1.164786	0.295027	
0.720385	0.379378	1.401662	0.000232	
0.281969	0.706120	1.913055	0.269190	
0.406939	0.620507	1.138875	0.262070	
0.393327	0.558335	0.974249	0.527351	
0.187783	0.755701	3.367516	0.004514	
0.740262	0.181967	3.101638	0.648270	
0.054100	0.054109	0.076529	0.994245	
0.623511	0.281020	1.520446	0.825007	
0.414771	0.585110	1.008717	0.300928	
0.754701	0.191289	3.336932	0.000065	
0.226679	0.746246	2.546507	0.000003	
0.351452	0.683912	1.471105	0.003262	
0.377728	0.349296	0.558845	0.733020	
0.233160	0.232687	0.329982	0.886117	
0.289912	0.625384	1.492437	0.769707	
0.743911	0.231667	2.482585	0.003445	
0.182828	0.182594	0.258728	0.931781	
0.202279	0.726130	3.029814	0.805638	
0.560911	0.371127	1.018504	0.574186	
0.024395	0.024386	0.034507	0.999079	
0.366671	0.650028	1.415893	0.253432	
0.184861	0.184774	0.261568	0.929637	
0.654896	0.355121	1.462070	0.320121	
0.392970	0.554983	0.920766	0.561210	
0.597367	0.309599	1.297573	0.749696	
0.421878	0.601543	1.003619	0.325851	
0.189504	0.747936	3.158820	0.418443	
0.716320	0.267652	2.078529	0.246257	
0.362709	0.663582	1.461699	0.000013	
0.316953	0.613725	1.415673	0.718521	
0.481291	0.539906	0.800443	0.005599	
0.053475	0.053369	0.075689	0.995582	
0.751219	0.189634	3.335796	0.341427	
0.740807	0.225226	2.576710	0.019493	
0.487260	0.486861	0.689469	0.226849	
0.624617	0.416616	1.312720	0.000012	
0.378182	0.347057	0.556896	0.738432	
0.223132	0.223262	0.315827	0.895230	
0.088259	0.088314	0.124932	0.984694	
0.757356	0.180201	3.325666	0.024747	
0.280832	0.706896	1.923370	0.270458	
0.249131	0.730847	2.266620	0.000022	
0.590637	0.455867	1.057391	0.000004	
0.183107	0.182546	0.259351	0.933201	
0.521012	0.353980	0.923035	0.695318	
0.475809	0.541057	0.816954	0.007557	
0.740148	0.182344	3.094610	0.646884	
0.595170	0.417900	1.031043	0.240807	
0.423225	0.599183	0.995334	0.325946	
0.067248	0.067273	0.095157	0.991161	
0.054098	0.054112	0.076537	0.994304	
0.215403	0.215436	0.304695	0.902535	
0.209958	0.209480	0.297172	0.909205	
0.702370	0.257947	2.035875	0.524735	
0.197029	0.735229	3.044292	0.655236	
0.593337	0.315092	1.265010	0.735368	
0.761920	0.188871	3.135632	0.030866	
0.346355	0.660380	1.543397	0.327148	
0.433145	0.583298	0.943094	0.308774	
0.262919	0.688474	1.940868	0.611626	
0.624617	0.416616	1.312720	0.000012	
0.720554	0.267633	2.085975	0.291135	
0.000000	0.000000	0.000000	1.000001	
0.446137	0.328727	0.749527	0.812963	
0.383015	0.548577	0.973897	0.553532	
0.270660	0.719488	2.054027	0.015396	
0.162114	0.161908	0.229423	0.946877	
0.359117	0.729045	1.511323	0.000002	
0.294624	0.711646	1.822390	0.385443	
0.573454	0.449738	0.929268	0.002696	
0.277777	0.708488	1.949995	0.275430	
0.346355	0.660380	1.543397	0.327148	
0.666498	0.353946	1.422261	0.000231	
0.179175	0.179165	0.253407	0.933645	
0.656851	0.254058	1.828217	0.858759	
0.026981	0.026979	0.038159	0.998609	
0.252511	0.653228	1.820706	0.877175	
0.421885	0.601530	1.003577	0.325841	
0.362978	0.663366	1.459849	0.000013	
0.207489	0.206906	0.293732	0.911844	
0.705278	0.282607	1.906917	0.368825	
0.573038	0.450074	0.927749	0.002693	
0.390660	0.368763	0.568759	0.682332	
0.710691	0.293511	2.021061	0.000310	
0.659889	0.336033	1.453751	0.346833	
0.133470	0.133322	0.188870	0.964483	
0.486832	0.474887	0.697100	0.289737	
0.248894	0.735458	2.278148	0.000003	
0.394440	0.530709	0.926786	0.557419	
0.208927	0.733736	3.259091	0.680787	
0.443814	0.592424	0.980047	0.003739	
0.053521	0.053335	0.075830	0.996569	
0.763845	0.185759	3.178099	0.362691	
0.540302	0.382167	0.935420	0.561024	
0.239517	0.238842	0.339065	0.879902	
0.133505	0.133302	0.188963	0.964747	
0.501007	0.499617	0.709383	0.003364	
0.593865	0.419139	1.025315	0.239179	
0.200747	0.806258	3.347476	0.004504	
0.648684	0.376585	1.302886	0.164926	
0.223123	0.223285	0.315883	0.895324	
0.563251	0.457826	0.892976	0.002627	
0.525736	0.474143	0.775171	0.208231	
0.371411	0.661669	1.482404	0.000002	
0.385547	0.571467	0.996494	0.537310	
0.175661	0.174575	0.249206	0.941622	
0.713408	0.273198	2.024867	0.240636	
0.607923	0.307681	1.346098	0.732344	
0.000000	0.000000	0.000000	1.248781	
0.444142	0.330408	0.741655	0.807138	
0.748485	0.192831	3.159609	0.607560	
0.752009	0.195462	2.989877	0.013549	
0.190582	0.190276	0.269731	0.925622	
0.252905	0.653937	1.822304	0.871999	
0.374891	0.622917	1.282321	0.388587	
0.281167	0.706273	1.918847	0.277137	
0.232640	0.729752	2.418513	0.349210	
0.550107	0.391744	0.967433	0.519239	
0.265350	0.645003	1.703283	0.834532	
0.396293	0.633244	1.216910	0.199900	
0.426426	0.602850	1.040697	0.006623	
0.394529	0.535859	0.925185	0.537222	
0.665006	0.328669	1.506345	0.357285	
0.184876	0.184771	0.261636	0.929773	
0.283001	0.705098	1.894485	0.274078	
0.248496	0.730960	2.324986	0.000891	
0.508456	0.496426	0.725430	0.006394	
0.719566	0.273617	2.006210	0.238056	
0.088051	0.088723	0.125938	0.989229	
0.413398	0.661139	1.226067	0.000011	
