0.339506	0.677836	1.533744	0.000030	
0.198081	0.734992	3.025665	0.648678	
0.453440	0.345798	0.759388	0.797599	
0.000000	0.000000	0.000000	1.000001	
0.691975	0.259689	1.977760	0.604955	
0.333854	0.508344	0.949276	0.794788	
0.660588	0.400876	2.386692	0.000000	
0.592856	0.478913	1.650524	0.000000	
0.106408	0.106373	0.150510	0.977314	
0.680177	0.339231	1.518484	0.000080	
0.220987	0.742334	2.605500	0.000001	
0.458386	0.458062	0.648636	0.400665	
0.394174	0.602915	1.079829	0.435246	
0.619548	0.384859	1.139145	0.432823	
0.044149	0.044147	0.062438	0.996128	
0.140002	0.139726	0.198319	0.961720	
0.594561	0.358765	1.392590	0.680006	
0.237804	0.672581	2.041392	0.886059	
0.273933	0.699146	1.908194	0.469318	
0.753610	0.196412	3.394755	0.000001	
0.106617	0.106277	0.151165	0.979701	
0.080656	0.080645	0.114071	0.986990	
0.573530	0.471852	0.873866	0.003192	
0.326512	0.629323	1.433037	0.611353	
0.749209	0.220895	2.629762	0.003632	
0.678731	0.229921	2.114148	0.894267	
0.737811	0.209062	3.043856	0.674890	
0.028240	0.028241	0.039940	0.998428	
0.471122	0.572136	0.866416	0.003173	
0.195455	0.195448	0.276424	0.920462	
0.222590	0.223064	0.315901	0.896685	
0.680123	0.339339	1.518484	0.000700	
0.742772	0.201719	3.213968	0.496701	
0.398624	0.597724	1.054945	0.423909	
0.566042	0.463050	0.881876	0.000294	
0.222529	0.735615	2.989824	0.464804	
0.348455	0.487150	0.850058	0.748537	
0.697073	0.260946	1.989645	0.548685	
0.377845	0.607820	1.214477	0.434309	
0.629638	0.366940	1.223074	0.435454	
0.106615	0.106278	0.151157	0.979673	
0.582292	0.478946	1.384877	0.000000	
0.070773	0.070518	0.100295	0.992419	
0.624570	0.448388	2.062701	0.000001	
0.278068	0.696762	1.871899	0.461539	
0.754634	0.192571	3.403398	0.000001	
0.509603	0.349522	0.904090	0.718824	
0.292616	0.720467	3.098936	0.000001	
0.642704	0.360655	1.432854	0.371415	
0.339158	0.678084	1.536064	0.000030	
0.149517	0.149513	0.211453	0.954265	
0.106441	0.106359	0.150616	0.977701	
0.000000	0.000000	0.000000	1.000001	
0.748186	0.223201	2.594565	0.003924	
0.678731	0.229921	2.114148	0.894267	
0.028240	0.028241	0.039940	0.998428	
0.456523	0.474219	0.686064	0.388413	
0.472985	0.567834	0.856018	0.003147	
0.399015	0.597202	1.052786	0.423276	
0.130373	0.130370	0.184378	0.965424	
0.172442	0.734542	3.262022	0.863932	
0.028240	0.028241	0.039940	0.998428	
0.673034	0.351997	1.554591	0.000000	
0.672235	0.246291	1.942286	0.847656	
0.753606	0.196426	3.394446	0.000001	
0.000000	0.000000	0.000000	1.233613	
0.595567	0.393471	1.080003	0.367191	
0.737472	0.216091	2.942710	0.451179	
0.577833	0.456054	0.916723	0.000302	
0.334840	0.681592	1.546560	0.010940	
0.581618	0.479235	1.375866	0.000000	
0.237057	0.677958	2.078076	0.861875	
0.347276	0.632272	1.367888	0.489798	
0.744629	0.230743	2.498563	0.003465	
0.649219	0.327742	1.475461	0.504902	
0.204091	0.751460	3.367221	0.000001	
0.073880	0.073861	0.104497	0.989198	
0.474520	0.466476	0.677304	0.349538	
0.486442	0.531699	0.777294	0.004403	
0.348146	0.537902	0.921497	0.791248	
0.185156	0.185526	0.262563	0.930034	
0.508363	0.358065	0.883440	0.690839	
0.278603	0.697646	1.873010	0.452461	
0.225860	0.740337	2.540613	0.000012	
0.347194	0.632225	1.366183	0.494818	
0.574551	0.483370	1.304975	0.000000	
0.226419	0.691771	2.224501	0.834625	
0.575151	0.456314	0.912536	0.000250	
0.036439	0.036438	0.051533	0.997363	
0.594216	0.394826	1.073284	0.365543	
0.632232	0.304883	1.455500	0.666961	
0.472421	0.466639	0.672617	0.351770	
0.120286	0.119568	0.171030	0.976089	
0.354045	0.474098	0.791396	0.723327	
0.000000	0.000000	0.000000	1.141167	
0.679195	0.340926	1.514866	0.002244	
0.484008	0.529113	0.780707	0.004403	
0.682732	0.280632	1.793814	0.555788	
0.383570	0.622410	1.185053	0.297474	
0.753605	0.196426	3.394433	0.000001	
0.712485	0.269671	2.079411	0.313408	
0.509032	0.357587	0.887574	0.693102	
0.028237	0.028247	0.039955	0.998640	
0.736808	0.217768	2.912564	0.446847	
0.247709	0.247799	0.350524	0.868851	
0.403409	0.593452	1.055895	0.318770	
0.000000	0.000000	0.000000	1.470332	
0.240633	0.676208	2.039988	0.847718	
0.568667	0.460581	0.892120	0.000228	
0.505034	0.361207	0.870033	0.683513	
0.243145	0.696787	2.236591	0.765562	
0.732450	0.168416	3.268749	0.912640	
0.710679	0.269492	2.001789	0.387788	
0.469638	0.468037	0.665464	0.349620	
0.680177	0.339231	1.518484	0.000128	
0.633168	0.316164	1.417981	0.606629	
0.726131	0.267059	2.092448	0.002954	
0.606715	0.408420	1.059279	0.318140	
0.753581	0.196496	3.392848	0.000001	
0.035130	0.035117	0.049692	0.997783	
0.362198	0.503553	0.861161	0.678669	
0.401371	0.582044	1.023309	0.381462	
0.147148	0.147261	0.208349	0.956193	
0.343307	0.677646	1.516587	0.005818	
0.479511	0.538684	0.803710	0.001784	
0.575422	0.481794	1.297502	0.000000	
0.249174	0.249704	0.353628	0.868129	
0.178026	0.758161	3.368202	0.000657	
0.375847	0.609074	1.214806	0.434399	
0.223453	0.741523	2.572470	0.000001	
0.000000	0.000000	0.000000	1.662068	
0.503543	0.362081	0.865450	0.680867	
0.488697	0.520618	0.758478	0.022709	
0.576822	0.452369	0.926173	0.000303	
0.226419	0.691771	2.224501	0.834625	
0.736431	0.239920	2.606661	0.017266	
0.727678	0.183002	2.983713	0.837152	
0.040891	0.040890	0.057831	0.996677	
0.281518	0.695942	1.848002	0.447220	
0.405721	0.585476	1.054154	0.360860	
0.623224	0.363850	1.249720	0.409323	
0.753607	0.196421	3.394543	0.000001	
0.668220	0.247731	1.921266	0.833853	
0.478918	0.474804	0.680426	0.306057	
0.355937	0.667046	1.413007	0.000002	
0.244262	0.244033	0.345608	0.873253	
0.362210	0.503540	0.861104	0.678638	
0.121202	0.120753	0.171927	0.973396	
0.575422	0.481794	1.297502	0.000000	
0.318016	0.617864	1.365539	0.673284	
0.702148	0.290925	1.827018	0.289065	
0.606715	0.408420	1.059279	0.318140	
0.756899	0.181034	3.258370	0.000023	
0.349632	0.669824	1.447538	0.000002	
0.267231	0.276734	0.399561	0.861700	
0.225155	0.740631	2.549840	0.000012	
0.569622	0.411906	0.993651	0.386211	
0.667886	0.334017	1.661843	0.380229	
0.070775	0.070515	0.100292	0.992403	
0.222598	0.223049	0.315860	0.896619	
0.605193	0.375730	1.154330	0.422287	
0.575292	0.481845	1.295936	0.000000	
0.000000	0.000000	0.000000	1.949403	
0.508363	0.358065	0.883440	0.690839	
0.348103	0.653994	1.495436	0.381954	
0.372105	0.609439	1.176988	0.424138	
0.410614	0.595897	1.048195	0.268540	
0.754634	0.192571	3.403398	0.000001	
0.669375	0.250935	1.902986	0.814358	
0.172772	0.733874	3.252603	0.861530	
0.680031	0.339463	1.517676	0.002247	
0.740455	0.202439	2.807303	0.436858	
0.597348	0.413087	1.104513	0.275877	
0.125880	0.125878	0.178024	0.967804	
0.263946	0.712330	2.057222	0.360807	
0.423605	0.558873	0.952871	0.364507	
0.328315	0.512103	0.953497	0.797347	
0.652136	0.276679	1.668979	0.737785	
0.273134	0.700785	1.920167	0.462365	
0.405569	0.597403	1.063526	0.285847	
0.620544	0.374258	1.294986	0.410358	
0.308118	0.678094	1.633586	0.410899	
0.000000	0.000000	0.000000	1.727842	
0.120335	0.119546	0.171190	0.976603	
0.593277	0.412544	1.093253	0.302080	
0.680436	0.338913	1.521257	0.002252	
0.289305	0.286383	0.411343	0.823756	
0.417172	0.591690	1.012139	0.381649	
0.223252	0.697489	2.315995	0.878860	
0.298850	0.717022	2.942024	0.000001	
0.575182	0.481889	1.294613	0.000000	
0.582811	0.401002	1.003383	0.448318	
0.733662	0.225713	2.776069	0.426260	
0.754144	0.209871	2.790669	0.003837	
0.336265	0.638067	1.365270	0.494555	
0.256736	0.727029	2.208636	0.039875	
0.464661	0.565522	0.893325	0.000228	
0.553330	0.486476	1.037829	0.000137	
0.316071	0.628464	1.393799	0.636362	
0.457411	0.398395	0.697061	0.590892	
