0.237807	0.703737	2.206577	0.662069	
0.687205	0.270413	1.906161	0.580377	
0.572451	0.457588	0.905239	0.000657	
0.474735	0.595538	0.884903	0.000012	
0.677770	0.338672	1.516157	0.001341	
0.063654	0.063660	0.090034	0.991933	
0.745483	0.220664	2.617009	0.000216	
0.174102	0.175807	0.250034	0.944121	
0.103595	0.103652	0.146651	0.978741	
0.738092	0.227090	2.576528	0.217433	
0.669041	0.335363	1.510206	0.270851	
0.297878	0.579231	1.267233	0.840563	
0.703541	0.281035	1.928504	0.332961	
0.601754	0.301572	1.428998	0.829665	
0.362200	0.649075	1.332418	0.233811	
0.000000	0.000000	0.000000	1.000001	
0.172714	0.741246	3.319467	0.738631	
0.361857	0.378282	0.548695	0.698451	
0.612597	0.405610	1.108960	0.184093	
0.339212	0.677525	1.518606	0.000084	
0.389613	0.625420	1.183100	0.213353	
0.489254	0.488987	0.692129	0.207925	
0.182793	0.757130	3.390083	0.000026	
0.375325	0.566223	1.027072	0.538655	
0.556133	0.386679	0.975289	0.515725	
0.202734	0.200560	0.288351	0.921834	
0.218320	0.743545	2.641896	0.006147	
0.055067	0.055045	0.077891	0.994166	
0.238699	0.735055	2.610553	0.227203	
0.294455	0.696609	1.790105	0.290693	
0.183021	0.757056	3.385176	0.000026	
0.504904	0.497617	0.722319	0.001339	
0.195025	0.199041	0.284670	0.932222	
0.696983	0.292438	1.829560	0.318108	
0.266475	0.678575	1.855042	0.659416	
0.473705	0.471101	0.672222	0.331217	
0.647337	0.377698	1.284372	0.001176	
0.736802	0.187882	3.071862	0.680720	
0.757537	0.180531	3.375814	0.000759	
0.360530	0.641070	1.496569	0.419154	
0.063651	0.063665	0.090050	0.992030	
0.638087	0.355037	1.447777	0.448589	
0.000000	0.000000	0.000000	1.000001	
0.225450	0.224224	0.319493	0.896733	
0.294719	0.695981	1.785767	0.297163	
0.642847	0.265166	1.739389	0.870550	
0.172863	0.741126	3.315637	0.739318	
0.298310	0.578912	1.264529	0.839122	
0.091707	0.091764	0.129844	0.983563	
0.433290	0.592660	1.005045	0.032223	
0.412182	0.593944	1.043698	0.263702	
0.729512	0.238779	2.351504	0.343438	
0.600269	0.418789	1.170310	0.264088	
0.432847	0.579780	0.880231	0.468161	
0.224116	0.734031	2.520899	0.345230	
0.466206	0.324477	0.816021	0.824631	
0.063655	0.063659	0.090031	0.991911	
0.333257	0.681584	1.553858	0.003726	
0.341082	0.430515	0.707451	0.816113	
0.489970	0.397712	0.797699	0.585442	
0.719865	0.367493	1.479903	0.000017	
0.583791	0.448684	1.029167	0.010333	
0.341311	0.653569	1.539966	0.426409	
0.217752	0.722089	2.757742	0.694741	
0.684203	0.300284	1.724557	0.398306	
0.432882	0.581829	0.980603	0.183956	
0.650840	0.254804	1.795057	0.874016	
0.229549	0.738895	2.492482	0.003045	
0.327991	0.695639	2.075493	0.004769	
0.195606	0.198030	0.281986	0.927227	
0.739746	0.227717	2.514546	0.000153	
0.225450	0.224224	0.319493	0.896733	
0.689692	0.292371	1.775948	0.395654	
0.460414	0.577176	0.903670	0.000012	
0.364545	0.611117	1.314525	0.523987	
0.048509	0.048498	0.068612	0.995447	
0.732132	0.233954	2.426192	0.348728	
0.146291	0.146284	0.206892	0.956274	
0.298234	0.578979	1.265302	0.839534	
0.711109	0.258414	2.076292	0.442383	
0.310947	0.439503	0.772295	0.889206	
0.522008	0.468342	0.790408	0.234514	
0.179362	0.757628	3.305414	0.000025	
0.307774	0.651692	1.528942	0.571628	
0.558251	0.345999	1.221998	0.782098	
0.639348	0.367211	1.288042	0.297972	
0.298234	0.578979	1.265302	0.839534	
0.223278	0.222089	0.316911	0.899160	
0.562529	0.458516	0.890094	0.000005	
0.126058	0.125728	0.178544	0.969554	
0.691605	0.324463	1.772869	0.000024	
0.728878	0.247247	2.279427	0.184930	
0.029591	0.029582	0.041857	0.998489	
0.331278	0.661808	1.476478	0.371858	
0.730936	0.216408	2.565175	0.536135	
0.358474	0.569606	1.071531	0.601510	
0.195606	0.198030	0.281986	0.927227	
0.491235	0.518878	0.750428	0.000010	
0.399584	0.630994	1.222888	0.010099	
0.464913	0.446905	0.669768	0.434670	
0.757527	0.180562	3.375137	0.000759	
0.454188	0.325684	0.776489	0.823922	
0.632439	0.354606	1.424293	0.480884	
0.271773	0.677062	1.813432	0.663416	
0.410350	0.618621	1.118193	0.000053	
0.260151	0.726914	2.326433	0.005561	
0.546537	0.470323	0.837639	0.011232	
0.755941	0.187024	3.371225	0.000758	
0.368792	0.559647	1.018881	0.579739	
0.730892	0.200287	2.992476	0.706733	
0.665702	0.329423	1.506712	0.344822	
0.403777	0.618077	1.232712	0.232563	
0.195463	0.198247	0.282435	0.928063	
0.470252	0.465845	0.668325	0.358251	
0.035211	0.035202	0.049804	0.997697	
0.200980	0.200798	0.284378	0.916332	
0.734265	0.355608	1.552430	0.000128	
0.598102	0.306584	1.391142	0.811495	
0.258801	0.648750	1.753617	0.856443	
0.383810	0.643099	1.272961	0.000065	
0.144856	0.144694	0.204995	0.957929	
0.633908	0.293195	1.763440	0.860579	
0.316775	0.564600	1.154405	0.780815	
0.445728	0.512376	0.781211	0.364845	
0.183021	0.757056	3.385176	0.000026	
0.719931	0.241233	2.538399	0.531789	
0.679414	0.338108	1.522472	0.000566	
0.441822	0.313750	0.763715	0.862462	
0.081092	0.081017	0.114718	0.987415	
0.370144	0.558299	1.012113	0.576954	
0.564123	0.372043	1.030393	0.559083	
0.208177	0.207158	0.295074	0.913170	
0.403328	0.625091	1.166703	0.000068	
0.500338	0.499786	0.707980	0.007433	
0.022727	0.022735	0.032163	0.999291	
0.197781	0.196695	0.280416	0.922847	
0.757527	0.180562	3.375137	0.000759	
0.460227	0.577501	0.904619	0.000012	
0.203396	0.721391	2.861410	0.807488	
0.259780	0.649567	1.752011	0.847316	
0.735338	0.191389	3.041692	0.682556	
0.757528	0.180561	3.375175	0.000759	
0.445966	0.512036	0.780157	0.364542	
0.225036	0.225030	0.318252	0.893013	
0.433638	0.433205	0.613637	0.499167	
0.267688	0.679086	1.847310	0.657148	
0.378710	0.553770	1.001904	0.564580	
0.593347	0.433083	1.007469	0.009346	
0.183021	0.757056	3.385176	0.000026	
0.674798	0.344391	1.482325	0.000291	
0.431844	0.316216	0.728669	0.853952	
0.023741	0.023732	0.033580	0.999096	
0.473390	0.542175	0.824534	0.003291	
0.342720	0.674843	1.492269	0.003605	
0.126430	0.126316	0.178894	0.968145	
0.638131	0.273171	1.669935	0.840443	
0.431381	0.579656	0.976767	0.211057	
0.590772	0.435315	0.995639	0.014569	
0.387744	0.584899	1.059016	0.432695	
0.215093	0.748787	2.808380	0.000022	
0.633908	0.293195	1.763440	0.860579	
0.310867	0.592331	1.285382	0.761095	
0.326533	0.429211	0.720828	0.829132	
0.091711	0.091753	0.129811	0.983424	
0.022727	0.022736	0.032163	0.999291	
0.225450	0.224224	0.319493	0.896733	
0.191874	0.735503	3.069804	0.684623	
0.450032	0.442937	0.638191	0.463369	
0.622680	0.415623	1.265833	0.001163	
0.498555	0.503203	0.714270	0.000010	
0.358915	0.662895	1.397453	0.000060	
0.737926	0.234722	2.430779	0.010134	
0.739147	0.190915	3.030693	0.677850	
0.433399	0.582265	0.980454	0.179270	
0.270583	0.704644	1.964430	0.421396	
0.299215	0.578243	1.258897	0.836121	
0.589446	0.444222	1.062911	0.001024	
0.023743	0.023736	0.033584	0.999082	
0.279285	0.716878	1.973388	0.000648	
0.434364	0.591297	0.999208	0.032094	
0.437117	0.318002	0.743583	0.846682	
0.674415	0.344876	1.479177	0.011712	
0.755959	0.186970	3.372383	0.000758	
0.222660	0.744885	2.887707	0.000655	
0.557734	0.346538	1.217588	0.779867	
0.145549	0.145475	0.205899	0.957058	
0.201464	0.201282	0.285063	0.915907	
0.454381	0.435674	0.656592	0.478057	
0.368494	0.560724	1.025887	0.582715	
0.724935	0.218320	2.531052	0.568281	
0.609253	0.422906	1.123815	0.028983	
0.143339	0.143266	0.202772	0.958392	
0.498555	0.503203	0.714270	0.000010	
0.217673	0.722093	2.758938	0.695020	
0.395379	0.633270	1.216018	0.000091	
0.585909	0.322682	1.224673	0.721944	
0.372030	0.556858	1.009362	0.575823	
0.183320	0.756958	3.378725	0.000026	
0.000000	0.000000	0.000000	1.000002	
0.734418	0.245100	2.312900	0.000193	
