0.031556	0.026840	0.861017	0.034388	0.024735	0.033243	0.860890	12.424259	
0.552700	0.001214	0.003350	0.002303	0.000179	0.003291	0.000350	16.066853	
0.000460	0.000452	0.772206	0.001364	0.000181	0.001364	0.000575	19.124054	
0.860589	0.035057	0.026353	0.031125	0.026466	0.859817	0.029562	12.427731	
0.036030	0.858151	0.037794	0.863171	0.028951	0.027328	0.032829	12.404897	
0.031673	0.034304	0.861057	0.862177	0.028612	0.034563	0.033297	12.408187	
0.028157	0.008137	0.000007	0.001351	0.857525	0.009038	0.000516	20.306441	
0.037092	0.026931	0.034483	0.863119	0.031599	0.027066	0.856600	12.416116	
0.007563	0.000204	0.002307	0.000347	0.000309	0.000303	0.830565	18.670720	
0.035409	0.032578	0.034169	0.034085	0.857773	0.030033	0.859684	12.401539	
0.856010	0.037143	0.861861	0.030049	0.027014	0.038423	0.033430	12.399387	
0.027040	0.027501	0.018875	0.053998	0.863042	0.837846	0.029693	12.429532	
0.038882	0.857855	0.032779	0.034680	0.861085	0.027226	0.031559	12.406512	
0.025288	0.035635	0.034214	0.855204	0.863044	0.044830	0.033590	12.389659	
0.004368	0.000315	0.001486	0.523417	0.000502	0.000856	0.000911	15.986824	
0.858057	0.855707	0.034199	0.030107	0.027014	0.038090	0.033430	12.406459	
0.036050	0.860252	0.037871	0.026978	0.029147	0.030857	0.859567	12.407723	
0.855546	0.025959	0.032189	0.034805	0.038796	0.031144	0.854771	12.406996	
0.026842	0.036070	0.034504	0.030687	0.033682	0.859010	0.865079	12.410443	
0.031587	0.032526	0.859430	0.027460	0.035315	0.857302	0.037287	12.404574	
0.024865	0.866723	0.035963	0.024822	0.026763	0.860216	0.031106	12.438387	
0.020391	0.007361	0.000007	0.008404	0.000331	0.801041	0.000516	20.736114	
0.031200	0.853854	0.857928	0.034134	0.046910	0.033677	0.033231	12.379391	
0.020091	0.829249	0.001065	0.008333	0.000329	0.000323	0.000287	20.787141	
0.858973	0.038939	0.025110	0.031747	0.866319	0.026927	0.033385	12.418336	
0.023633	0.027124	0.028036	0.860123	0.029448	0.859140	0.031792	12.442161	
0.000182	0.000207	0.000574	0.000978	0.000600	0.000334	0.000518	19.639779	
0.857811	0.034479	0.034456	0.861333	0.027014	0.027429	0.030172	12.419977	
0.034483	0.040891	0.861167	0.031755	0.866317	0.038102	0.027031	12.391833	
0.860533	0.848610	0.032605	0.026769	0.027000	0.032883	0.027936	12.436994	
0.869325	0.038976	0.861710	0.031764	0.026986	0.038626	0.030112	12.403911	
0.026748	0.034304	0.858795	0.862177	0.026958	0.034065	0.033244	12.418158	
0.031504	0.040891	0.861087	0.031755	0.859477	0.038102	0.026713	12.394681	
0.035194	0.858151	0.034342	0.863139	0.028850	0.027350	0.027339	12.422476	
0.004368	0.001554	0.001290	0.549467	0.000502	0.000856	0.003618	15.936193	
0.035514	0.027124	0.032152	0.034789	0.028787	0.859140	0.867793	12.416338	
0.021426	0.860757	0.056113	0.019925	0.035264	0.031848	0.086728	13.941109	
0.000244	0.000227	0.000836	0.000867	0.699573	0.002574	0.000971	19.373250	
0.031461	0.860867	0.046525	0.034140	0.035100	0.863196	0.030805	12.382780	
0.037092	0.035832	0.034483	0.863119	0.031599	0.027066	0.856600	12.401162	
0.034635	0.027124	0.028036	0.860123	0.029448	0.859140	0.031792	12.424533	
0.036473	0.027279	0.033086	0.034457	0.862936	0.859010	0.029588	12.410316	
0.870580	0.038938	0.038486	0.031747	0.866319	0.038595	0.037930	12.377668	
0.866503	0.036083	0.035935	0.031090	0.026545	0.857368	0.031190	12.412312	
0.845072	0.026740	0.024867	0.034423	0.024735	0.033264	0.862391	12.443236	
0.025397	0.032578	0.034102	0.034085	0.838462	0.030033	0.866606	12.435368	
0.038066	0.027892	0.859430	0.034275	0.032081	0.857472	0.032480	12.403156	
0.035220	0.857953	0.037549	0.034640	0.028200	0.033145	0.866471	12.398748	
0.031549	0.026975	0.855363	0.034126	0.024735	0.033347	0.860559	12.424639	
0.857811	0.032581	0.034336	0.851489	0.027014	0.031835	0.030172	12.419211	
0.025288	0.038786	0.034214	0.855204	0.860373	0.044830	0.033317	12.384346	
0.005070	0.000162	0.001503	0.000383	0.000311	0.000303	0.842979	18.516063	
0.020549	0.007447	0.000007	0.008404	0.000443	0.857150	0.000516	20.507627	
0.031264	0.860757	0.857928	0.034134	0.035264	0.033591	0.033226	12.400370	
0.031349	0.865443	0.029856	0.031204	0.852260	0.027287	0.027461	12.433741	
0.002876	0.041961	0.003369	0.069887	0.000502	0.000664	0.000847	15.828220	
0.552700	0.001227	0.001396	0.005425	0.000181	0.000843	0.000359	15.947001	
0.000183	0.000717	0.755453	0.001361	0.000617	0.000334	0.000578	18.364236	
0.000244	0.000227	0.000847	0.000867	0.699573	0.000534	0.000972	16.337404	
0.003854	0.000934	0.030910	0.018904	0.026956	0.841414	0.015510	14.832376	
0.031461	0.860867	0.032956	0.034140	0.029857	0.863196	0.031548	12.412621	
0.001104	0.000716	0.808690	0.001361	0.000181	0.000540	0.000579	15.211004	
0.860608	0.034291	0.032147	0.031125	0.026610	0.873252	0.030182	12.428742	
0.031350	0.032452	0.048368	0.031204	0.011130	0.027287	0.027461	15.730364	
0.031549	0.026840	0.855363	0.034126	0.024735	0.033347	0.860890	12.425439	
0.038066	0.027890	0.859430	0.034254	0.032081	0.857302	0.032480	12.403901	
0.020091	0.829249	0.004364	0.008333	0.000329	0.000323	0.000287	17.497386	
0.020170	0.813266	0.001065	0.034867	0.888773	0.001784	0.000057	16.572226	
0.035880	0.034304	0.861057	0.862177	0.031788	0.034065	0.037222	12.389330	
0.553671	0.000916	0.002322	0.002306	0.000002	0.003291	0.000249	16.055692	
0.870673	0.034265	0.025110	0.031110	0.866319	0.038102	0.033325	12.416222	
0.025392	0.032578	0.037377	0.024001	0.838408	0.030033	0.866464	12.444767	
0.854813	0.038977	0.861710	0.034176	0.035274	0.048478	0.030822	12.363173	
0.038767	0.027890	0.859430	0.027640	0.853720	0.027173	0.037940	12.413604	
0.035194	0.858151	0.036640	0.863171	0.028951	0.027328	0.032952	12.408898	
0.857825	0.855707	0.050268	0.030070	0.027014	0.038423	0.033430	12.376841	
0.026702	0.027279	0.033086	0.032071	0.862936	0.859010	0.029588	12.430294	
0.004368	0.001508	0.001486	0.855011	0.030342	0.000856	0.000686	15.415659	
0.038298	0.857953	0.037871	0.026978	0.029147	0.030857	0.859567	12.405630	
0.034635	0.027124	0.028036	0.859969	0.029448	0.859140	0.031792	12.424752	
0.857811	0.026954	0.034336	0.851489	0.026991	0.033293	0.030172	12.460533	
0.034669	0.024889	0.036765	0.850335	0.029441	0.040461	0.869913	12.405962	
0.035514	0.027124	0.028163	0.034085	0.028787	0.854644	0.867834	12.425295	
0.004286	0.003288	0.032152	0.034670	0.030361	0.004231	0.867793	14.195424	
0.031461	0.849431	0.855372	0.034134	0.035264	0.033591	0.030805	12.407872	
0.855546	0.032645	0.121141	0.026358	0.024173	0.026074	0.860913	12.328050	
0.038767	0.027890	0.024291	0.903912	0.853720	0.021640	0.037940	12.504968	
0.857811	0.853494	0.034456	0.863087	0.026927	0.027352	0.030172	10.775374	
0.839605	0.038938	0.038486	0.031802	0.899517	0.038595	0.868985	10.810381	
0.031549	0.032924	0.818036	0.034126	0.024724	0.033361	0.860559	12.480536	
0.003854	0.000934	0.001407	0.864463	0.026956	0.024959	0.015510	15.676953	
0.032118	0.874505	0.013828	0.034134	0.041306	0.033591	0.031336	14.173965	
0.038767	0.027695	0.859240	0.027756	0.853720	0.027173	0.030416	12.423684	
0.038882	0.893390	0.032779	0.034680	0.861085	0.856258	0.031541	10.789343	
0.034897	0.027177	0.034214	0.859981	0.857751	0.048199	0.033317	12.381386	
0.034995	0.032578	0.037377	0.005424	0.838408	0.021225	0.810886	12.553698	
0.075799	0.865443	0.029856	0.031204	0.852260	0.027287	0.027461	12.348758	
0.020549	0.085087	0.000007	0.008180	0.000443	0.876744	0.000516	20.490673	
0.856010	0.037143	0.861191	0.030049	0.048177	0.038423	0.033430	12.363673	
0.866629	0.026763	0.035935	0.874643	0.026965	0.867314	0.030197	10.788258	
