0.000070	0.000070	0.000003	0.000043	0.000004	0.000038	0.868414	17.004274	
0.047012	0.034114	0.037170	0.034505	0.029844	0.862556	0.856430	12.369520	
0.000071	0.000000	0.045237	0.907989	0.000004	0.026393	0.000177	15.646278	
0.043369	0.034327	0.851658	0.856851	0.031923	0.037430	0.032870	12.376428	
0.050798	0.034008	0.856066	0.034438	0.034447	0.859183	0.029693	12.367059	
0.032306	0.031187	0.042742	0.033909	0.846395	0.055015	0.865438	12.354055	
0.857438	0.043251	0.856580	0.034322	0.034397	0.042162	0.032702	12.363236	
0.556923	0.000756	0.001761	0.001068	0.000941	0.000404	0.001376	15.930853	
0.046234	0.031216	0.033747	0.033957	0.856590	0.861625	0.029521	12.384001	
0.032375	0.036574	0.039115	0.855400	0.032133	0.863460	0.032927	12.386906	
0.031893	0.039811	0.858741	0.031175	0.034669	0.034554	0.856607	12.387829	
0.055429	0.586873	0.036943	0.034593	0.026471	0.000530	0.032615	15.635193	
0.033690	0.856573	0.037260	0.869753	0.035319	0.032762	0.032876	12.392260	
0.862769	0.034079	0.032223	0.034475	0.861110	0.054921	0.026868	12.367420	
0.039336	0.038149	0.039084	0.859819	0.040341	0.032111	0.867856	12.361938	
0.019720	0.002819	0.686394	0.000085	0.035315	0.030273	0.017175	15.658010	
0.033820	0.032625	0.043829	0.855393	0.860744	0.034437	0.031765	12.380464	
0.053232	0.032616	0.856066	0.034438	0.869379	0.028925	0.029693	12.377509	
0.011442	0.034179	0.025899	0.034323	0.673371	0.001675	0.001548	15.242528	
0.857484	0.034179	0.032691	0.031269	0.033720	0.037567	0.865119	12.393249	
0.858398	0.037356	0.047840	0.035002	0.030079	0.862272	0.031781	12.369890	
0.032219	0.857916	0.042090	0.037407	0.029315	0.863460	0.050476	12.354486	
0.857438	0.860843	0.033128	0.031350	0.034392	0.026363	0.032702	12.410233	
0.039336	0.863310	0.039707	0.031159	0.857341	0.031858	0.027003	12.392023	
0.000071	0.000000	0.000003	0.000016	0.000004	0.000038	0.000177	17.464143	
0.033690	0.856573	0.865223	0.033836	0.084819	0.034201	0.032562	12.294448	
0.033080	0.024046	0.000569	0.034192	0.026281	0.700160	0.000042	15.510619	
0.865361	0.032171	0.047076	0.858000	0.035176	0.098801	0.033831	12.237895	
0.068064	0.859167	0.039750	0.028794	0.031303	0.032942	0.856820	12.331805	
0.000070	0.000070	0.000003	0.000094	0.000004	0.000038	0.844480	17.276193	
0.034849	0.005791	0.041202	0.862121	0.062263	0.044914	0.858012	12.345756	
0.001094	0.856827	0.012405	0.006543	0.000987	0.023018	0.001010	15.046358	
0.039336	0.855672	0.039690	0.031158	0.040341	0.032111	0.867856	12.372852	
0.032158	0.034079	0.032223	0.034475	0.861110	0.859094	0.031643	12.399685	
0.000071	0.000000	0.000003	0.000016	0.001269	0.000133	0.000177	16.870280	
0.031263	0.037201	0.036845	0.855358	0.027399	0.863460	0.031885	12.400459	
0.857438	0.860843	0.043554	0.031350	0.027515	0.026363	0.026929	12.412457	
0.030961	0.032625	0.038063	0.855343	0.860752	0.034437	0.031765	12.394855	
0.870773	0.028589	0.032600	0.022849	0.035210	0.032142	0.857223	12.425327	
0.035230	0.034001	0.853704	0.034438	0.034391	0.859183	0.031659	12.392576	
0.556923	0.000756	0.002094	0.001068	0.000489	0.000404	0.001376	15.955082	
0.011442	0.032119	0.025899	0.034323	0.662468	0.031691	0.001548	15.203048	
0.039686	0.862795	0.027151	0.030865	0.857283	0.037180	0.027113	12.403363	
0.047012	0.034114	0.032723	0.034505	0.029844	0.862556	0.863225	12.376950	
0.031834	0.024463	0.031834	0.036953	0.861409	0.031868	0.859556	12.411585	
0.033831	0.034327	0.857310	0.856851	0.043798	0.037430	0.031360	12.372882	
0.857484	0.032605	0.034305	0.858000	0.035176	0.032838	0.033831	12.393254	
0.033164	0.024046	0.000338	0.034192	0.029271	0.700160	0.000335	15.684116	
0.000070	0.002991	0.000001	0.570207	0.000003	0.000711	0.000251	16.794337	
0.031893	0.032479	0.855378	0.031175	0.034669	0.034554	0.865438	12.401696	
0.032360	0.862676	0.039181	0.855399	0.034401	0.033808	0.032869	12.387511	
0.032219	0.857916	0.036860	0.037368	0.027617	0.860811	0.031702	12.397783	
0.028742	0.032640	0.859620	0.031175	0.856476	0.034554	0.029465	12.412579	
0.856919	0.043251	0.856580	0.034322	0.034397	0.034560	0.032765	12.375876	
0.867070	0.032385	0.031428	0.031161	0.861024	0.034554	0.029672	12.410713	
0.019720	0.024421	0.765249	0.028757	0.035315	0.031319	0.029319	14.415005	
0.033690	0.856573	0.865146	0.033836	0.084819	0.032794	0.032562	12.296580	
0.858398	0.032063	0.047604	0.035002	0.030079	0.862272	0.031781	12.379325	
0.047517	0.032626	0.032703	0.854221	0.031303	0.032942	0.856820	12.379228	
0.826966	0.860843	0.043554	0.031350	0.027515	0.034338	0.026929	12.440234	
0.030965	0.036986	0.036749	0.033296	0.031413	0.863496	0.865128	12.393662	
0.031270	0.039829	0.858690	0.031825	0.005180	0.032942	0.856820	12.430360	
0.854422	0.028029	0.042301	0.027117	0.862185	0.032884	0.030798	12.405395	
0.031263	0.037252	0.037112	0.855358	0.027399	0.854156	0.031781	12.400583	
0.035056	0.030658	0.033726	0.033854	0.633883	0.835000	0.000720	13.789392	
0.857484	0.034014	0.034760	0.035002	0.030147	0.859207	0.031781	12.398018	
0.028742	0.032385	0.855478	0.031175	0.856493	0.034554	0.029465	12.413758	
0.857438	0.043251	0.856580	0.034322	0.034397	0.026363	0.032702	12.388706	
0.035230	0.034008	0.850640	0.034438	0.034447	0.859183	0.031659	12.394178	
0.852691	0.030282	0.035590	0.840990	0.027282	0.031694	0.108031	12.279125	
0.024411	0.034327	0.851658	0.856851	0.031995	0.026451	0.032870	12.424420	
0.032366	0.862676	0.039181	0.855399	0.032057	0.033808	0.032814	12.391236	
0.033080	0.024046	0.000569	0.000104	0.026281	0.683973	0.000335	16.023430	
0.043369	0.034308	0.855549	0.000542	0.006138	0.037430	0.032870	14.101808	
0.851308	0.033335	0.028604	0.033836	0.078171	0.032886	0.030781	13.972572	
0.030984	0.855170	0.032187	0.041039	0.027332	0.034522	0.859641	12.397534	
0.031172	0.010961	0.029811	0.034498	0.034648	0.030592	0.859445	14.298353	
0.870773	0.028620	0.032600	0.034557	0.033947	0.015967	0.857223	12.432983	
0.051512	0.034079	0.011268	0.851556	0.861110	0.054921	0.026773	12.368529	
0.054800	0.586873	0.036943	0.034582	0.026471	0.000590	0.032615	15.849252	
0.033690	0.856573	0.861662	0.033836	0.035319	0.032787	0.032562	12.394227	
0.000071	0.010363	0.022041	0.000016	0.628745	0.000038	0.000177	16.688772	
0.018207	0.034657	0.036004	0.033890	0.023775	0.031271	0.032527	15.750139	
0.032219	0.857916	0.069540	0.037368	0.027617	0.860811	0.031702	12.335270	
0.032360	0.862676	0.039181	0.006070	0.650724	0.037155	0.029464	13.565283	
0.032434	0.031231	0.041935	0.033909	0.846090	0.034554	0.865438	12.392486	
0.000107	0.003012	0.000001	0.570207	0.000066	0.000711	0.000251	16.080542	
0.039336	0.855672	0.039390	0.031158	0.033976	0.038575	0.914844	12.490837	
0.857484	0.032605	0.034305	0.858000	0.035176	0.032838	0.033831	12.393254	
0.033690	0.857236	0.861439	0.033840	0.035319	0.034229	0.027073	12.400540	
0.000529	0.037201	0.000110	0.855358	0.026894	0.009106	0.850442	14.872174	
0.038727	0.853889	0.883375	0.027117	0.869083	0.032793	0.032578	10.821964	
0.030464	0.000000	0.000134	0.000016	0.000004	0.000038	0.013711	17.291971	
0.857438	0.860843	0.003245	0.031350	0.027515	0.026363	0.026929	12.835538	
0.870773	0.028618	0.032600	0.034557	0.033947	0.015967	0.857223	12.432996	
0.032219	0.013827	0.854164	0.037368	0.027617	0.859179	0.031659	12.432394	
0.030965	0.036986	0.036749	0.033296	0.031413	0.863496	0.865128	12.393662	
0.032360	0.862676	0.039174	0.855399	0.032057	0.033808	0.032869	12.391237	
0.033684	0.037929	0.861144	0.033840	0.034449	0.019879	0.027469	14.064488	
0.862769	0.034079	0.029800	0.034474	0.861110	0.054921	0.026868	12.377650	
