0.000000	0.000000	0.000000	0.707717	0.000000	0.000000	0.000000	0.706496	
0.000000	0.707056	0.000000	0.707157	0.000000	0.000000	0.000000	0.000000	
0.000000	0.000000	0.000000	0.000000	0.706603	0.000000	0.707711	0.000005	
0.000004	0.000000	0.000001	0.000004	0.707051	0.000000	0.000000	0.707163	
0.000000	0.000000	0.000000	0.000000	0.000000	0.000000	0.000000	1.000096	
0.000000	1.000000	0.000000	0.000000	0.000000	0.000000	0.000000	0.000000	
0.000000	0.000000	0.000000	0.000000	0.707090	0.707124	0.000000	0.000000	
0.000000	0.000000	0.706511	0.000000	0.000000	0.000000	0.000000	0.707705	
0.000000	0.000000	0.000000	0.696351	0.000000	0.000000	0.718830	0.000013	
0.707356	0.000000	0.000000	0.706857	0.000000	0.000000	0.000000	0.000000	
0.000000	0.000000	0.000000	0.000000	0.000000	0.707048	0.000000	0.707166	
0.000000	0.000000	0.000000	0.000000	0.000000	0.706517	0.707714	0.000000	
0.000000	0.000000	0.706966	0.000000	0.707248	0.000000	0.000000	0.000000	
0.000000	0.000000	0.000000	0.000000	1.000000	0.000000	0.000000	0.000000	
0.000000	0.000000	0.000000	0.707118	0.707096	0.000000	0.000000	0.000000	
0.706351	0.000345	0.000000	0.000016	0.000000	0.000000	0.000000	0.707890	
0.000000	0.000000	0.704938	0.000000	0.000000	0.709269	0.000000	0.000000	
0.000000	0.000000	1.000000	0.000000	0.000000	0.000000	0.000000	0.000000	
0.000000	0.707145	0.000000	0.000000	0.000000	0.000000	0.000000	0.707075	
0.000000	0.000000	0.000000	0.000000	0.000000	0.000000	0.710174	0.706269	
0.000101	0.707178	0.000008	0.000000	0.000000	0.000000	0.707061	0.000000	
0.000000	0.000000	0.000000	0.706875	0.000000	0.707338	0.000000	0.000000	
0.000000	0.706722	0.000000	0.000000	0.707491	0.000000	0.000000	0.000000	
0.000000	0.000000	0.000000	0.000000	0.000000	1.000001	0.000000	0.000000	
0.707797	0.706416	0.000001	0.000000	0.000000	0.000000	0.000000	0.000000	
0.000000	0.000000	0.000000	0.000000	0.000000	0.000000	1.000000	0.000000	
0.000000	0.000000	0.000000	1.000000	0.000000	0.000000	0.000000	0.000000	
0.000010	0.000000	0.704184	0.000000	0.000000	0.000000	0.710018	0.000000	
1.000297	0.000000	0.000000	0.000000	0.000000	0.000000	0.000000	0.000000	
0.707010	0.000002	0.000000	0.000000	0.707257	0.000000	0.000000	0.000000	
0.000000	0.707561	0.706653	0.000000	0.000000	0.000000	0.000000	0.000000	
0.707264	0.000000	0.000000	0.000000	0.000000	0.706950	0.000000	0.000000	
0.000000	0.706856	0.000000	0.000000	0.000000	0.707357	0.000000	0.000000	
0.707959	0.000008	0.706254	0.000000	0.000000	0.000000	0.000000	0.000000	
0.000000	0.000000	0.707356	0.706858	0.000000	0.000000	0.000000	0.000000	
0.704572	0.000071	0.001476	0.000000	0.000017	0.000006	0.709632	0.000000	
0.000000	0.706884	0.000000	0.000000	0.000000	0.000000	0.000000	0.707336	
0.000000	0.000000	0.000000	0.707719	0.000000	0.000000	0.000000	0.706494	
0.072150	0.000012	0.697280	0.005065	0.000026	0.000213	0.000000	0.713141	
0.000101	0.707178	0.000008	0.000000	0.000000	0.000000	0.707061	0.000000	
0.023624	0.000001	0.999198	0.000020	0.017497	0.024604	0.011533	0.000000	
0.000000	0.000000	0.000000	0.000000	0.000000	1.000001	0.000000	0.000000	
0.707019	0.000000	0.000000	0.000002	0.000000	0.000000	0.707265	0.000000	
0.000000	0.000000	0.000000	1.000000	0.000000	0.000000	0.000000	0.000000	
0.000000	0.000000	0.000000	0.707293	0.000000	0.000000	0.707046	0.000000	
0.000004	0.000000	0.000001	0.000004	0.707729	0.000000	0.000000	0.706484	
0.000000	0.000000	0.000000	0.000000	0.706572	0.000000	0.707680	0.000185	
0.000000	0.000000	0.000000	0.000000	0.000000	0.707279	0.707030	0.000000	
0.000000	0.000000	0.000000	0.000000	0.000000	0.000000	0.000000	1.000004	
0.000000	0.000000	0.707071	0.707143	0.000000	0.000000	0.000000	0.000000	
0.000000	0.000000	0.707147	0.000000	0.000000	0.000000	0.707067	0.000000	
0.000000	0.000000	0.000000	0.000000	0.000000	0.000000	0.710232	0.706326	
0.709390	0.000000	0.000000	0.000000	0.002897	0.705322	0.000000	0.000000	
0.000000	0.712564	0.000000	0.706790	0.000000	0.000000	0.000000	0.000000	
0.709056	0.000040	0.000000	0.000112	0.000000	0.000000	0.000001	0.707124	
0.000000	0.706856	0.000000	0.000000	0.000000	0.707357	0.000000	0.000000	
0.462288	0.001732	0.000694	0.513260	0.000000	0.691213	0.212897	0.000170	
0.997469	0.000000	0.000000	0.000000	0.000000	0.070281	0.000000	0.010841	
0.000000	0.000000	0.000000	0.000000	1.000000	0.000000	0.000000	0.000000	
0.000000	0.000000	0.000000	0.000000	0.000000	0.000000	1.000317	0.000000	
0.000000	0.701433	0.700532	0.000000	0.000000	0.000000	0.139533	0.000000	
0.000000	0.000000	0.000000	0.707118	0.707096	0.000000	0.000000	0.000000	
0.707797	0.706416	0.000001	0.000000	0.000000	0.000000	0.000000	0.000000	
0.160353	0.986740	0.002011	0.011790	0.000098	0.000000	0.000000	0.022101	
0.711248	0.000000	0.691821	0.124970	0.024320	0.007505	0.000000	0.000000	
0.000000	0.698489	0.000003	0.014734	0.715469	0.000000	0.000048	0.000000	
0.000000	0.001527	0.699160	0.000000	0.004514	0.714950	0.000000	0.000000	
0.000449	0.000004	0.000000	0.000002	0.703557	0.710642	0.000000	0.000000	
0.000000	0.000000	0.701532	0.000000	0.712638	0.000000	0.000000	0.000000	
0.706984	0.000067	0.000000	0.000000	0.707230	0.000000	0.000000	0.000000	
0.663413	0.001819	0.020777	0.747963	0.000000	0.000000	0.000000	0.000183	
0.000000	0.000000	0.000000	0.000000	0.000000	0.707048	0.000000	0.707166	
0.014727	0.013537	0.002888	0.000186	0.004162	0.999716	0.011915	0.000000	
0.000000	0.000000	0.000000	0.000000	0.000000	0.707048	0.000000	0.707166	
0.000000	0.999457	0.000004	0.000615	0.007194	0.010806	0.030293	0.000000	
1.000007	0.000003	0.000000	0.000000	0.007801	0.000000	0.000000	0.000000	
0.000000	0.000000	0.706638	0.706710	0.000000	0.000000	0.000000	0.034966	
0.000000	0.038234	0.000000	0.699635	0.701441	0.000000	0.000000	0.130497	
0.141774	0.675722	0.149946	0.032417	0.000000	0.000000	0.707065	0.000000	
0.708961	0.707578	0.000001	0.000000	0.000000	0.000000	0.000000	0.000000	
0.000000	0.000000	0.000000	0.000000	0.999959	0.000315	0.011713	0.000185	
0.000000	0.000000	0.000000	0.000000	0.000000	0.000000	0.710203	0.706350	
0.000000	0.000000	0.000000	0.000000	0.000000	0.000000	1.016181	0.000000	
0.009480	0.701661	0.700824	0.000000	0.000017	0.000000	0.136572	0.000000	
0.072547	0.000012	0.701109	0.000138	0.001887	0.000218	0.060696	0.706749	
0.057180	0.745576	0.004391	0.012118	0.002201	0.000000	0.000000	0.663841	
0.042949	0.723351	0.171827	0.667339	0.000000	0.000000	0.000000	0.007233	
0.755549	0.001001	0.000475	0.000000	0.003850	0.655080	0.000000	0.000000	
0.000416	0.000056	0.000432	0.000590	0.726976	0.000000	0.686766	0.000005	
0.708597	0.000356	0.000000	0.000000	0.000000	0.000000	0.000001	0.706720	
0.031720	0.000754	0.002336	0.000092	0.006013	0.698745	0.700680	0.142216	
0.000000	0.698489	0.000003	0.014734	0.715469	0.000000	0.000048	0.000000	
0.710499	0.000895	0.006771	0.703666	0.000000	0.000000	0.000000	0.000000	
0.003999	0.028284	0.706389	0.000000	0.707248	0.000000	0.000000	0.000000	
0.668761	0.000008	0.667151	0.145390	0.294160	0.000000	0.000000	0.000000	
0.000000	0.000000	1.000680	0.018168	0.007358	0.000000	0.000000	0.000000	
0.000554	0.000032	0.000008	0.701890	0.000000	0.000000	0.000000	0.712286	
0.000000	0.000000	0.705935	0.000000	0.000000	0.710273	0.000000	0.000000	
0.000000	0.000000	0.000000	0.674520	0.000000	0.000000	0.738280	0.000000	
0.000000	0.000000	0.545550	0.545166	0.000000	0.000000	0.637270	0.000000	
