0.000000	0.000000	0.707044	0.000000	0.000000	0.000000	0.707169	0.000000	
0.000000	0.000000	0.000000	0.000000	0.000000	0.707132	0.707082	0.000000	
0.000000	0.000000	0.707074	0.000000	0.707139	0.000000	0.000000	0.000000	
1.000068	0.000000	0.000000	0.000000	0.000000	0.000000	0.000000	0.000000	
0.000000	0.000000	0.706970	0.707258	0.000000	0.000000	0.000000	0.000000	
0.000000	0.000000	0.000000	0.000000	0.706881	0.707333	0.000000	0.000000	
0.000000	0.000000	0.000000	0.706890	0.000000	0.707349	0.000000	0.000084	
0.000000	1.000000	0.000000	0.000000	0.000000	0.000000	0.000000	0.000000	
0.000000	0.000000	0.000000	1.000000	0.000000	0.000000	0.000000	0.000000	
0.000000	0.000000	0.706786	0.000000	0.000000	0.707427	0.000000	0.000000	
0.000000	0.000000	0.000000	0.000000	0.000000	0.707219	0.000000	0.706994	
0.707235	0.000000	0.706978	0.000000	0.000000	0.000000	0.000000	0.000000	
0.000000	0.000000	0.000000	0.000000	0.000000	1.000853	0.000000	0.000000	
0.706624	0.000000	0.000000	0.000000	0.000000	0.000000	0.707589	0.000000	
0.000000	0.000000	0.000000	0.000000	0.707257	0.000003	0.000000	0.706957	
0.707898	0.706336	0.000001	0.000000	0.000000	0.000000	0.000000	0.000000	
0.000000	0.707294	0.000000	0.706919	0.000002	0.000000	0.000000	0.000000	
0.000001	0.707097	0.000000	0.000000	0.707117	0.000000	0.000000	0.000000	
0.000000	0.707325	0.000000	0.000000	0.000000	0.000000	0.706889	0.000000	
0.000000	0.000000	0.000000	0.000000	0.000000	0.000000	1.000000	0.000000	
0.000000	0.000000	0.000000	0.707057	0.000000	0.000000	0.000000	0.707157	
0.000000	0.706879	0.000000	0.000001	0.000000	0.707338	0.000007	0.000007	
0.000000	0.000000	0.000000	0.000000	0.706560	0.000000	0.707654	0.000000	
0.000000	0.000000	0.000000	0.000000	0.000000	0.000000	0.000000	1.000007	
0.707097	0.000008	0.000000	0.000000	0.707117	0.000000	0.000000	0.000000	
0.708954	0.000049	0.000000	0.000000	0.000000	0.000000	0.000000	0.716595	
0.000000	0.706477	0.707736	0.000000	0.000000	0.000000	0.000000	0.000000	
0.000000	0.000000	0.000000	0.707093	0.707121	0.000000	0.000000	0.000000	
0.000000	0.707138	0.000000	0.000000	0.000000	0.000000	0.000000	0.707075	
0.000000	0.000000	0.707642	0.000000	0.000000	0.000000	0.000000	0.706572	
0.707257	0.000049	0.000000	0.706957	0.000000	0.000000	0.000000	0.000000	
0.000000	0.000000	0.000000	0.000000	1.000000	0.000000	0.000000	0.000000	
0.707073	0.003611	0.000000	0.000000	0.000000	0.707933	0.000000	0.000000	
0.000000	0.000002	0.000000	0.000000	0.000000	0.000000	0.707135	0.707079	
0.000000	0.000000	1.000000	0.000000	0.000000	0.000000	0.000000	0.000000	
0.000000	0.000000	0.000000	0.707322	0.000000	0.000000	0.706892	0.000000	
0.707851	0.000000	0.706362	0.000000	0.000000	0.000000	0.000000	0.000000	
0.000011	0.000000	0.000633	0.000004	0.000744	0.720158	0.714363	0.000000	
0.000000	0.000000	0.000000	0.000000	0.707401	0.000000	0.706958	0.000000	
0.000000	0.000000	0.706839	0.000000	0.000000	0.000000	0.706964	0.024119	
0.000081	0.104322	0.703320	0.015529	0.703005	0.000000	0.000000	0.000000	
0.000000	0.000000	0.000000	0.000000	0.000000	1.000000	0.000000	0.000000	
0.000000	0.001041	0.701260	0.006522	0.000000	0.714520	0.000000	0.000158	
0.000000	0.000000	0.574598	0.001615	0.000000	0.557234	0.000000	0.599437	
0.000000	0.000000	0.000000	0.000000	1.000000	0.000000	0.000000	0.000000	
0.000000	0.000000	1.015632	0.000000	0.000000	0.000000	0.000000	0.000000	
0.000000	0.000000	0.000000	0.707057	0.000000	0.000000	0.000000	0.707157	
0.000000	0.704588	0.000000	0.000000	0.000000	0.709617	0.000183	0.000157	
0.000000	0.000000	0.000001	0.000887	0.708537	0.000000	0.000000	0.705674	
0.508841	0.000035	0.000000	0.463658	0.695577	0.000000	0.210490	0.000000	
0.000004	0.000109	0.003672	0.004449	0.718566	0.695436	0.000000	0.000000	
0.000000	0.000000	0.000000	1.000000	0.000000	0.000000	0.000000	0.000000	
0.000000	0.000000	0.000000	0.696942	0.720978	0.000000	0.000000	0.000000	
0.693817	0.137478	0.000000	0.000000	0.000000	0.000000	0.706871	0.007169	
0.000000	0.000000	0.000000	0.706546	0.000000	0.000000	0.707667	0.000000	
0.000000	0.000000	0.706925	0.707288	0.000000	0.000000	0.000000	0.000000	
0.000000	0.000000	0.000000	0.706899	0.000000	0.707358	0.000000	0.000084	
0.000000	0.000000	0.000000	0.000000	0.000000	0.000000	0.000000	1.000249	
0.019122	0.630427	0.775047	0.000000	0.000000	0.000000	0.000000	0.038709	
0.000000	0.701975	0.000000	0.000000	0.000000	0.000000	0.000000	0.712202	
0.000000	0.695330	0.000000	0.000000	0.718691	0.000000	0.000000	0.000000	
0.707459	0.000049	0.000000	0.000000	0.000000	0.000000	0.000000	0.707396	
0.707257	0.000049	0.000000	0.706957	0.000000	0.000000	0.000000	0.000000	
0.715977	0.035896	0.048314	0.028970	0.000000	0.719952	0.000000	0.000001	
1.000001	0.000000	0.000000	0.000000	0.000000	0.000000	0.000000	0.000000	
0.084454	0.686947	0.000001	0.721783	0.000000	0.000000	0.000006	0.000530	
0.000000	0.000000	0.000000	0.000000	0.000000	0.000000	1.002319	0.000000	
0.000000	0.000000	0.000000	0.000000	0.000000	0.707220	0.000000	0.706994	
0.707927	0.706286	0.000001	0.000000	0.000000	0.000000	0.000006	0.000000	
0.000000	0.000000	0.000000	0.000000	0.000002	0.000000	0.707135	0.707078	
0.000000	0.998378	0.030309	0.000000	0.000000	0.043589	0.020628	0.000000	
0.000000	0.696287	0.000000	0.127639	0.000000	0.000000	0.707453	0.000000	
0.000000	0.000000	0.719100	0.000000	0.000000	0.050525	0.699008	0.000000	
0.000590	0.011283	0.724969	0.008030	0.688705	0.000000	0.005685	0.000000	
0.844233	0.112015	0.497972	0.162909	0.004349	0.013628	0.001673	0.000000	
0.106955	0.000003	0.699123	0.706957	0.000000	0.000000	0.000000	0.000000	
0.001264	0.702300	0.000004	0.000171	0.018103	0.711222	0.024801	0.000000	
0.000005	0.000000	0.000000	0.000102	0.012460	0.000051	0.688334	0.725519	
0.000000	0.000000	0.000000	0.000000	0.000000	0.000000	0.000000	1.007615	
0.024392	0.002837	0.488811	0.015699	0.511040	0.708626	0.000000	0.000083	
0.699384	0.050092	0.000000	0.000000	0.062710	0.070367	0.000038	0.707420	
0.000000	0.000000	0.000000	0.000000	0.707143	0.000000	0.707071	0.000000	
0.000000	0.000000	0.000000	0.000000	1.000550	0.000000	0.005688	0.000000	
0.000000	0.000000	0.990876	0.134791	0.004058	0.000164	0.000000	0.000000	
0.012801	0.000899	0.008773	0.001469	0.001528	0.672391	0.000033	0.748458	
0.002532	0.000170	0.723207	0.000000	0.000000	0.031808	0.000000	0.690233	
0.493275	0.097741	0.000003	0.000000	0.000000	0.490685	0.719468	0.007239	
0.085671	0.704194	0.077186	0.713863	0.000000	0.000000	0.000006	0.000011	
0.000000	0.000000	0.000000	0.696947	0.720983	0.000000	0.000000	0.000082	
0.000694	0.000000	0.491281	0.508500	0.000000	0.000000	0.000000	0.707157	
0.042660	0.690406	0.075264	0.007566	0.731152	0.000000	0.000006	0.000000	
0.000000	0.000000	0.003344	0.000038	0.000275	1.000228	0.000000	0.000000	
0.998588	0.000000	0.000000	0.053139	0.000000	0.000000	0.000000	0.000000	
0.035227	0.004074	0.705889	0.022671	0.000000	0.707992	0.000000	0.000084	
0.002138	0.703867	0.000000	0.000000	0.010246	0.000000	0.710217	0.007353	
0.000000	0.706338	0.707597	0.000000	0.000000	0.019855	0.000000	0.000000	
0.508841	0.000035	0.000000	0.463658	0.695577	0.000000	0.210490	0.000000	
0.000000	0.998378	0.030309	0.000000	0.000000	0.043589	0.020628	0.000000	
0.706107	0.000049	0.040300	0.706957	0.000000	0.000000	0.000000	0.000000	
0.000742	0.016864	0.000414	0.000531	0.017163	0.000434	0.999710	0.000000	
