0.000164	0.707410	0.000015	0.000000	0.000000	0.706804	0.000000	0.000000	
0.000000	0.000000	0.707019	0.707267	0.000000	0.000000	0.000000	0.000000	
0.707199	0.707015	0.000000	0.000000	0.000000	0.000000	0.000000	0.000000	
0.000000	0.000000	0.000000	0.000000	0.000032	0.707289	0.706924	0.000000	
0.000000	0.000000	0.000000	0.000000	0.000000	0.000000	0.000000	1.000000	
0.000000	0.707332	0.706882	0.000000	0.000000	0.000000	0.000000	0.000000	
0.000001	0.000000	0.000000	0.000000	0.706865	0.707349	0.000000	0.000000	
0.706759	0.000000	0.707454	0.000000	0.000000	0.000000	0.000000	0.000000	
0.706931	0.000000	0.000001	0.707283	0.000000	0.000000	0.000000	0.000000	
0.000000	0.000014	0.000014	0.708902	0.000000	0.000000	0.705307	0.000000	
0.706947	0.000000	0.000000	0.000000	0.000000	0.000000	0.707266	0.000001	
0.000020	0.000003	0.706848	0.000000	0.000000	0.000000	0.707369	0.000000	
0.000000	0.715344	0.000000	0.000000	0.000000	0.000000	0.000000	0.714949	
0.707053	0.000000	0.000000	0.000000	0.000000	0.707161	0.000000	0.000000	
0.707542	0.000001	0.000000	0.000000	0.000000	0.000000	0.000000	0.706675	
0.000001	0.000000	0.000000	0.707041	0.707172	0.000000	0.000000	0.000000	
0.000000	0.000000	0.000000	0.000000	0.000000	0.000000	0.706847	0.707366	
0.000000	0.000000	0.000000	0.000000	1.000000	0.000000	0.000000	0.000000	
0.706978	0.000000	0.000000	0.000000	0.707241	0.000000	0.000000	0.000000	
0.000000	0.000000	0.707127	0.000000	0.707086	0.000000	0.000000	0.000000	
0.000000	0.000000	0.000000	0.000000	0.000000	0.000000	1.000000	0.000000	
0.000400	0.000009	0.000010	0.000006	0.000001	0.707458	0.000000	0.706763	
0.000000	0.706974	0.000000	0.707239	0.000000	0.000000	0.000000	0.000000	
0.000000	0.000000	1.000000	0.000000	0.000000	0.000000	0.000000	0.000000	
0.000000	0.000000	0.000000	1.000000	0.000000	0.000000	0.000000	0.000000	
0.000000	0.000000	0.705452	0.000000	0.000000	0.000000	0.000000	0.709709	
0.001265	0.707978	0.000000	0.000000	0.000138	0.000000	0.706233	0.000000	
0.000038	0.000565	0.000000	0.000001	0.749152	0.000000	0.000000	0.748416	
0.000033	0.000000	0.000006	0.707456	0.000000	0.000000	0.000000	0.706761	
1.000000	0.000000	0.000000	0.000000	0.000000	0.000000	0.000000	0.000000	
0.000000	0.000000	0.000000	0.000000	0.707026	0.000000	0.707188	0.000000	
0.000000	1.000000	0.000000	0.000000	0.000000	0.000000	0.000000	0.000000	
0.000000	0.000000	0.707196	0.000000	0.000000	0.707071	0.000000	0.000000	
0.000000	0.000000	0.000000	0.000000	0.000000	1.000000	0.000000	0.000000	
0.000000	0.706966	0.000000	0.000000	0.707248	0.000000	0.000000	0.000000	
0.000000	0.000000	0.000000	0.707100	0.000000	0.707134	0.000000	0.000000	
0.000102	0.000001	0.707132	0.000000	0.707081	0.000000	0.000000	0.000063	
0.000028	0.000000	0.000001	0.000399	0.000001	0.707460	0.000000	0.706759	
0.000000	0.000000	0.000000	0.000000	0.000000	1.000000	0.000000	0.000000	
0.000001	0.000000	0.000000	0.000000	0.706865	0.707349	0.000000	0.000000	
0.000000	0.000000	0.000000	0.000000	0.000000	0.000000	0.705062	0.709202	
0.000005	0.704801	0.000048	0.000000	0.000000	0.709405	0.000000	0.000000	
0.000080	0.001783	0.000002	0.000003	0.707539	0.000000	0.000000	0.706845	
0.000000	0.000014	0.000014	0.708949	0.000000	0.000000	0.705260	0.000000	
0.696674	0.000829	0.000079	0.000000	0.717392	0.000000	0.000000	0.000000	
0.005261	0.700615	0.700188	0.000000	0.063841	0.000000	0.000000	0.121542	
0.697497	0.000000	0.000001	0.716587	0.000000	0.000000	0.000000	0.000000	
0.695311	0.000000	0.718786	0.000000	0.000000	0.000000	0.000000	0.000000	
0.000000	0.000000	1.000000	0.000000	0.000000	0.000000	0.000000	0.000000	
0.000000	0.000000	0.000000	0.000000	0.704005	0.000000	0.710195	0.000000	
0.000000	0.701352	0.000000	0.000000	0.713099	0.000000	0.000000	0.000000	
0.000000	0.702701	0.001630	0.711483	0.000001	0.000000	0.000000	0.000000	
0.000000	0.000000	0.000000	0.000000	0.000000	0.000000	1.000000	0.000000	
0.000000	0.000000	0.000000	0.000000	1.000000	0.000000	0.000000	0.000000	
0.000004	0.000000	0.704990	0.000000	0.000001	0.000000	0.000000	0.710366	
0.000067	0.705531	0.000000	0.000000	0.000000	0.000000	0.708679	0.000000	
0.977509	0.097371	0.105645	0.152476	0.002161	0.000109	0.009903	0.022046	
0.000020	0.000003	0.705326	0.000000	0.000000	0.000000	0.708883	0.000000	
0.000000	0.000000	0.000000	0.000000	0.000000	0.000000	0.000000	1.000004	
0.706947	0.000000	0.000000	0.000000	0.000000	0.000000	0.707266	0.000005	
0.705456	0.000001	0.000000	0.000000	0.000000	0.000000	0.000000	0.708757	
0.000000	0.000000	0.707185	0.000000	0.000008	0.707061	0.000000	0.000000	
0.706137	0.000000	0.001446	0.000001	0.000000	0.708111	0.000000	0.000000	
0.000000	0.000000	0.000000	0.708973	0.000000	0.709010	0.000000	0.000000	
0.000003	0.000000	0.000022	0.000021	0.000008	0.707314	0.706900	0.000000	
0.655346	0.731812	0.186939	0.008088	0.000000	0.000000	0.000000	0.000000	
0.000000	0.707414	0.000000	0.000000	0.000000	0.000000	0.000000	0.706799	
0.001237	0.990365	0.134361	0.000000	0.000000	0.011426	0.031523	0.000000	
0.000000	0.000000	0.706975	0.707240	0.000000	0.000000	0.000000	0.000000	
0.000000	0.000001	0.000000	0.707041	0.707172	0.000000	0.000000	0.000000	
0.000000	0.000000	0.000000	1.000000	0.000000	0.000000	0.000000	0.000000	
0.000161	0.000000	0.000004	0.705660	0.000000	0.000000	0.000000	0.708879	
0.003806	0.000020	0.705203	0.000000	0.000000	0.000000	0.000000	0.726060	
0.702332	0.000835	0.000080	0.000000	0.711854	0.000000	0.000000	0.000000	
0.001265	0.707963	0.000000	0.000000	0.000138	0.004605	0.706233	0.000000	
0.702814	0.039746	0.696281	0.001500	0.051153	0.001386	0.027858	0.127551	
0.000000	0.000000	0.000000	0.708990	0.000000	0.709027	0.000020	0.000000	
0.000161	0.705279	0.048781	0.707228	0.000006	0.005545	0.000000	0.000000	
0.035064	0.000112	0.000634	0.000001	0.506572	0.492186	0.020698	0.706796	
0.000103	0.000001	0.721855	0.025061	0.726732	0.000000	0.000000	0.000000	
0.706875	0.006254	0.000000	0.000000	0.000000	0.000000	0.707221	0.011501	
0.000000	0.000000	0.000000	0.000000	0.000000	0.000000	1.000000	0.000000	
0.978476	0.097467	0.013807	0.180888	0.002349	0.000110	0.009905	0.022050	
0.000021	0.701210	0.000000	0.000000	0.712955	0.000000	0.000000	0.000000	
0.000000	0.707305	0.706854	0.008797	0.000000	0.000000	0.000000	0.000000	
0.003230	0.707369	0.005971	0.000000	0.000002	0.706796	0.000000	0.004777	
0.000000	0.000000	0.009612	0.000000	1.000140	0.000000	0.000000	0.000000	
0.000014	0.000000	0.000014	0.708617	0.000000	0.024729	0.705454	0.000000	
0.703649	0.040474	0.000020	0.000000	0.000000	0.000000	0.003019	0.709393	
0.000036	0.000004	0.002458	0.036628	0.000837	0.706335	0.706924	0.000000	
0.000020	0.000003	0.704044	0.000000	0.000797	0.000992	0.707595	0.125863	
0.000000	0.000000	0.706975	0.707240	0.000000	0.000000	0.000000	0.000000	
0.081087	0.000434	0.001951	0.001313	0.000245	0.727888	0.004050	0.680869	
0.000000	0.000000	0.000000	0.000000	0.000000	0.000000	0.000000	1.000000	
0.000001	0.000000	0.000000	0.707041	0.707172	0.000000	0.000000	0.000000	
0.001786	0.999180	0.001781	0.000000	0.038012	0.000000	0.013702	0.000000	
0.533223	0.464093	0.000680	0.707254	0.000000	0.000000	0.009033	0.000000	
0.707043	0.000000	0.000000	0.003647	0.000000	0.707161	0.000000	0.000000	
0.000000	0.000000	0.000000	0.000000	0.704005	0.000000	0.710195	0.000000	
0.000033	0.000000	0.000006	0.707456	0.000000	0.000000	0.000000	0.706761	
