0.000000	0.000000	0.000000	0.000000	0.000000	0.000000	0.707188	0.707027	
0.000000	0.000000	0.000000	0.707619	0.000000	0.000000	0.000000	0.706854	
0.000000	0.707982	0.000005	0.000000	0.000000	0.000000	0.706269	0.000000	
1.000004	0.000000	0.000000	0.000000	0.000000	0.000000	0.000000	0.000000	
0.000000	0.000000	0.000000	0.707354	0.000000	0.706864	0.000000	0.000000	
0.000000	1.000098	0.000000	0.000000	0.000000	0.000000	0.000000	0.000000	
0.708144	0.706076	0.000000	0.000006	0.000000	0.000000	0.000000	0.000000	
0.706259	0.000003	0.000000	0.000000	0.708075	0.000001	0.000000	0.000000	
0.707511	0.000358	0.000000	0.706796	0.000004	0.000001	0.000000	0.000000	
0.000000	0.000000	0.000000	0.000000	0.000000	1.000001	0.000000	0.000000	
0.000000	0.000000	0.000000	0.000000	0.000000	0.707209	0.000000	0.707006	
0.000000	0.000000	1.000001	0.000000	0.000000	0.000000	0.000000	0.000000	
0.705193	0.000955	0.709032	0.000015	0.000007	0.000000	0.000000	0.000001	
0.000000	0.707483	0.000005	0.706768	0.000037	0.000000	0.000000	0.000000	
0.000000	0.707303	0.000000	0.000000	0.000000	0.000000	0.000000	0.707229	
0.000003	0.706958	0.707266	0.000000	0.000000	0.000000	0.000000	0.000000	
0.000000	0.000000	0.000000	1.000001	0.000000	0.000000	0.000000	0.000000	
0.000000	0.000000	0.000000	0.000000	1.000000	0.000000	0.000000	0.000000	
0.000001	0.000000	0.000000	0.000116	0.000000	0.707056	0.707168	0.000000	
0.000000	0.000000	0.000000	0.707184	0.707030	0.000000	0.000000	0.000000	
0.000000	0.000000	0.707484	0.000000	0.000001	0.706740	0.000002	0.000000	
0.000000	0.000000	0.706863	0.707352	0.000000	0.000000	0.000000	0.000000	
0.000000	0.000000	0.000000	0.000000	0.707474	0.706739	0.000000	0.000000	
0.000000	0.000001	0.000014	0.707477	0.000000	0.000000	0.707526	0.000000	
0.000033	0.707920	0.000001	0.000000	0.711509	0.000001	0.000000	0.000000	
0.000000	0.000000	0.707059	0.000000	0.000000	0.000000	0.707160	0.000000	
0.000000	0.000000	0.000000	0.000000	0.706735	0.000000	0.000000	0.707479	
0.000000	0.000000	0.000000	0.000000	0.000000	0.000000	1.000004	0.000000	
0.707963	0.000001	0.000001	0.000027	0.000000	0.000000	0.000000	0.706690	
0.707679	0.000003	0.000000	0.000027	0.000001	0.706913	0.000001	0.000000	
0.000000	0.707487	0.000000	0.000000	0.000000	0.706727	0.000000	0.000000	
0.706724	0.000023	0.000000	0.000000	0.000038	0.000000	0.707551	0.000000	
0.000000	0.000000	0.703406	0.000006	0.710790	0.000000	0.000000	0.000020	
0.000000	0.000000	0.708776	0.000000	0.000000	0.000000	0.000000	0.709449	
0.000000	0.000000	0.000000	0.000000	0.000000	0.000000	0.000000	1.000001	
0.000000	0.000000	0.000000	0.000003	0.707127	0.000000	0.707117	0.000000	
0.706784	0.000228	0.000000	0.000000	0.000038	0.000000	0.707590	0.000000	
0.687716	0.733548	0.017021	0.000000	0.088725	0.034474	0.000000	0.000290	
0.000000	0.000000	0.000000	0.000000	0.000000	0.000000	1.000004	0.000000	
0.706754	0.000001	0.000000	0.000003	0.707649	0.002657	0.000000	0.000008	
0.707489	0.000360	0.000000	0.706774	0.000000	0.000004	0.000000	0.000000	
0.000000	0.000000	0.703406	0.000006	0.710790	0.000000	0.000008	0.000020	
0.002212	0.000062	0.025205	0.999687	0.000571	0.000000	0.000000	0.000000	
0.000003	0.384371	0.000003	0.383982	0.516724	0.661716	0.000000	0.000000	
0.000000	0.000000	0.000000	0.000000	0.000000	0.707209	0.000000	0.707007	
0.000017	0.018858	0.512148	0.003350	0.505458	0.694011	0.014782	0.000000	
0.000000	1.000079	0.000000	0.000000	0.000000	0.000000	0.000000	0.000000	
0.712666	0.002016	0.000000	0.000000	0.006129	0.701566	0.009489	0.000000	
0.000000	0.707487	0.000000	0.000000	0.000000	0.706727	0.000000	0.000000	
0.000033	0.712217	0.000001	0.000000	0.716061	0.000000	0.000000	0.000000	
0.000000	0.000003	0.000791	0.000002	0.710613	0.000000	0.000000	0.703590	
0.000000	0.000000	0.000000	0.707574	0.000000	0.000000	0.000000	0.706891	
0.000000	0.000000	0.000000	0.000000	0.000000	0.000000	0.711579	0.705958	
0.000000	0.000000	0.000000	0.000000	0.000000	0.704889	0.709336	0.000000	
0.000000	0.696290	0.000005	0.000000	0.000000	0.000000	0.717808	0.000000	
0.000000	0.000014	0.000001	0.000134	0.712618	0.000000	0.712608	0.000000	
0.002190	0.000001	0.717123	0.000000	0.000037	0.000000	0.697119	0.000000	
0.065953	0.661009	0.021440	0.747185	0.000000	0.000004	0.000000	0.000000	
0.705193	0.000955	0.709032	0.000015	0.000007	0.000000	0.000000	0.000001	
0.000000	0.000000	0.000000	0.000000	0.000000	0.000000	0.000000	1.000002	
0.997544	0.050409	0.019049	0.000251	0.000968	0.042550	0.009054	0.012244	
0.000000	0.000000	0.706863	0.707352	0.000002	0.000000	0.000000	0.000000	
0.000000	0.000000	0.706732	0.000000	0.000000	0.000000	0.000000	0.707485	
0.000001	0.688868	0.724788	0.000000	0.000011	0.002913	0.013931	0.000000	
0.000000	0.000000	0.000000	0.707366	0.000000	0.706876	0.000000	0.000000	
0.000000	0.000000	0.000010	0.708904	0.000000	0.000000	0.708953	0.000000	
0.000000	0.706674	0.000000	0.000000	0.000000	0.000000	0.000000	0.707584	
0.000000	0.000000	0.000000	0.000000	1.000000	0.000000	0.000000	0.000000	
0.000000	0.000000	1.000008	0.000000	0.000000	0.000000	0.000000	0.000000	
0.000000	0.000000	0.000000	0.000000	0.000000	1.000006	0.000000	0.000000	
0.702098	0.000001	0.000001	0.000027	0.000000	0.000000	0.000000	0.712519	
0.000000	0.000000	0.000000	0.707026	0.707187	0.000000	0.000000	0.000000	
0.000144	0.000003	0.000006	0.708906	0.000000	0.000000	0.708955	0.000000	
0.000000	0.000000	0.706728	0.000000	0.002382	0.000000	0.000000	0.707485	
0.005092	0.000000	0.706854	0.000003	0.708690	0.000000	0.000000	0.000008	
0.000199	0.149709	0.002619	0.994874	0.000435	0.041387	0.016419	0.000000	
0.013200	0.694060	0.022220	0.016133	0.000000	0.707423	0.131683	0.000000	
0.706720	0.000013	0.712457	0.011788	0.000007	0.000000	0.000000	0.000008	
0.000000	0.707982	0.000005	0.000000	0.000000	0.000000	0.706269	0.000000	
0.001257	0.000007	0.000152	0.001234	0.000001	0.000178	0.723991	0.689808	
0.000000	0.000000	0.706609	0.707098	0.000000	0.014079	0.000001	0.022786	
0.000001	0.000000	0.000000	0.000116	0.000000	0.707062	0.707174	0.000000	
0.000000	0.000000	0.000000	0.000000	0.707479	0.706743	0.000000	0.000000	
0.000000	0.018898	0.513219	0.003357	0.506515	0.692437	0.014782	0.000000	
0.000000	0.000000	0.000000	0.000000	0.000000	0.000000	1.000004	0.000000	
0.671069	0.011938	0.017285	0.781803	0.033086	0.000001	0.000000	0.000000	
0.000000	0.000000	0.000000	0.000000	0.000000	0.707207	0.000000	0.707007	
0.016318	0.707599	0.000704	0.707072	0.000037	0.000000	0.000000	0.000000	
0.006832	0.048146	0.999840	0.000000	0.000000	0.000000	0.000000	0.134871	
0.000016	0.003965	0.000314	0.029551	0.001829	0.000000	0.000184	0.999789	
0.706257	0.000003	0.000000	0.000003	0.708073	0.000000	0.000000	0.000008	
0.000000	0.000000	0.017863	0.000033	0.706833	0.000000	0.707160	0.000000	
0.000151	0.113846	0.001992	0.712937	0.054050	0.698109	0.016399	0.000000	
0.001383	0.050288	0.000000	0.000000	0.000005	0.998738	0.000000	0.000000	
0.025827	0.000577	0.000000	0.714809	0.000000	0.000000	0.007342	0.698819	
0.010848	0.000005	0.000279	0.012636	0.999928	0.000001	0.000000	0.000000	
0.000000	0.000000	0.000000	0.707003	0.707164	0.000000	0.008903	0.000000	
0.005796	0.706668	0.000000	0.000000	0.000000	0.000000	0.000000	0.707602	
0.089062	0.996061	0.000000	0.000000	0.000000	0.000000	0.000000	0.000000	
0.000000	0.692256	0.000000	0.000005	0.735355	0.000000	0.000208	0.000011	
