0.000000	0.000000	0.000000	0.000000	0.000000	0.000000	0.707052	0.707162	
0.000000	0.000000	0.000000	0.000000	0.000000	0.000000	0.000000	1.000000	
0.000000	0.000001	0.000036	0.000002	0.702495	0.711689	0.000000	0.000000	
0.000000	0.707069	0.000027	0.000000	0.000000	0.000000	0.000000	0.707145	
0.000000	0.000000	0.000000	0.000000	0.000000	0.721827	0.000000	0.716725	
0.000000	0.000000	0.707822	0.706391	0.000000	0.000000	0.000000	0.000000	
0.000000	1.000000	0.000000	0.000000	0.000000	0.000000	0.000000	0.000000	
0.000000	0.000000	0.000000	0.000000	0.000000	0.000000	1.000194	0.000000	
0.000002	0.000000	0.000000	0.000000	0.706984	0.000000	0.000000	0.707230	
0.000000	0.706193	0.000001	0.000006	0.708019	0.000000	0.000000	0.000001	
0.706784	0.000000	0.000000	0.000002	0.000000	0.000218	0.708610	0.000150	
0.707118	0.000000	0.000000	0.000000	0.000000	0.000000	0.000000	0.707096	
0.707243	0.000000	0.000008	0.000000	0.706971	0.000000	0.000000	0.000001	
0.000000	0.000000	0.707188	0.000014	0.000000	0.707026	0.000000	0.000000	
0.707184	0.000000	0.707287	0.000000	0.000000	0.000000	0.000000	0.000000	
0.000000	0.000000	0.000000	0.000000	0.707251	0.000000	0.706962	0.000000	
0.000000	0.000000	1.000000	0.000000	0.000000	0.000000	0.000000	0.000000	
0.000000	0.000000	0.707310	0.000000	0.706907	0.000000	0.000000	0.000000	
0.704898	0.000085	0.000000	0.000000	0.000000	0.709308	0.000000	0.000000	
0.707071	0.000000	0.000000	0.707143	0.000000	0.000000	0.000000	0.000000	
0.000000	0.707072	0.000000	0.707142	0.000000	0.000000	0.000000	0.000000	
0.000003	0.707041	0.000005	0.000000	0.000000	0.000000	0.707173	0.000000	
0.000000	0.000000	0.707034	0.000000	0.000000	0.000000	0.000000	0.707180	
0.000000	0.000000	0.000000	0.000000	1.000000	0.000000	0.000000	0.000000	
0.000000	0.000000	0.000000	0.000000	0.000000	1.000000	0.000000	0.000000	
0.000006	0.000000	0.000000	0.701281	0.000000	0.712951	0.000000	0.000000	
0.707132	0.707082	0.000000	0.000000	0.000000	0.000000	0.000000	0.000000	
0.000000	0.000000	0.000000	0.706297	0.000000	0.000000	0.000000	0.707918	
0.000000	0.704898	0.000000	0.000000	0.000000	0.709308	0.000000	0.000000	
0.000000	0.000000	0.707047	0.000000	0.000000	0.000000	0.707167	0.000000	
0.000000	0.000000	0.000000	0.707267	0.706947	0.000000	0.000000	0.000000	
0.000003	0.000000	0.000003	0.706963	0.000000	0.000000	0.707253	0.000000	
1.000000	0.000000	0.000000	0.000000	0.000000	0.000000	0.000000	0.000000	
0.000000	0.000000	0.000000	1.000000	0.000000	0.000000	0.000000	0.000000	
0.000000	0.000000	0.000002	0.000000	0.000000	0.712935	0.706017	0.000000	
0.000000	0.706355	0.707859	0.000000	0.000000	0.000000	0.000000	0.000000	
0.000000	0.000000	0.000000	0.000000	0.707251	0.000000	0.706962	0.000000	
0.429247	0.903175	0.000000	0.000388	0.000000	0.000482	0.000000	0.004742	
0.000000	0.000000	0.000000	0.707266	0.706947	0.000000	0.000000	0.000000	
0.000000	0.000000	0.000000	0.000000	0.000000	0.705379	0.000000	0.708830	
0.000000	0.000000	0.000000	1.000000	0.000000	0.000000	0.000000	0.000000	
0.000006	0.000000	0.000000	0.708240	0.000000	0.706087	0.000000	0.000000	
0.706762	0.000000	0.000000	0.000002	0.000000	0.000317	0.708588	0.000150	
0.000002	0.000000	0.000000	0.000000	0.703760	0.000000	0.000000	0.711798	
0.000000	0.704214	0.000000	0.000000	0.000000	0.000000	0.000000	0.709988	
0.000000	0.706967	0.707246	0.000000	0.000000	0.000000	0.000000	0.000000	
0.706074	0.000001	0.000000	0.000000	0.000001	0.708138	0.000000	0.000000	
0.000000	0.000000	0.000000	0.000000	0.000000	0.707296	0.706932	0.000000	
0.000000	0.000000	0.000000	0.000000	0.000000	1.000000	0.000000	0.000000	
0.004667	0.000009	0.486322	0.513079	0.000223	0.010762	0.000000	0.707180	
0.707069	0.000000	0.000000	0.000000	0.000000	0.000000	0.000000	0.707145	
0.000000	0.000000	0.000000	0.000000	1.000000	0.000000	0.000000	0.000000	
0.000000	0.000000	0.703963	0.000000	0.000000	0.000000	0.000000	0.710236	
0.000003	0.000000	0.000003	0.706268	0.000000	0.000000	0.707948	0.000000	
0.707834	0.000000	0.000046	0.706379	0.000000	0.000000	0.000000	0.000000	
0.015112	0.075997	0.705647	0.703400	0.047364	0.000000	0.000000	0.000000	
0.296726	0.641710	0.000376	0.707062	0.000318	0.015477	0.000000	0.000000	
0.000000	0.706193	0.000002	0.000006	0.708019	0.000000	0.000000	0.000001	
0.000000	0.000000	0.704424	0.000001	0.000000	0.704263	0.088316	0.000000	
0.000000	0.000000	1.000000	0.000000	0.000000	0.000000	0.000000	0.000000	
0.694245	0.000000	0.719780	0.000000	0.000000	0.000000	0.000000	0.000000	
0.000000	0.000000	0.707054	0.000000	0.000000	0.000000	0.707174	0.000000	
0.000000	0.000000	0.000000	0.000000	0.000000	0.000000	0.000000	1.000000	
0.000013	0.707041	0.000004	0.000000	0.000000	0.000000	0.707173	0.000000	
0.000000	0.000000	0.000000	0.000000	0.000000	0.000000	1.000000	0.000000	
0.999309	0.000000	0.037161	0.000000	0.000000	0.000000	0.000000	0.000000	
0.000000	0.000000	0.000000	0.000000	0.000000	0.000000	0.700947	0.713213	
0.000000	0.000000	0.710808	0.000000	0.703387	0.000000	0.000000	0.000000	
0.707244	0.000000	0.000008	0.000000	0.706972	0.000000	0.000000	0.000001	
0.000001	0.000003	0.000036	0.000002	0.705094	0.710770	0.000000	0.000000	
0.018115	0.999764	0.000000	0.013211	0.000000	0.000000	0.000000	0.000000	
0.000000	0.707072	0.000000	0.000000	0.000000	0.707142	0.000000	0.000000	
0.000602	0.000030	0.034180	0.000254	0.000000	0.999415	0.000000	0.000000	
0.688539	0.003183	0.003886	0.004049	0.000003	0.712114	0.138130	0.000000	
0.000000	0.000000	0.707054	0.000000	0.000000	0.000000	0.707174	0.000000	
0.000106	0.000000	0.006019	0.000595	0.000000	0.707270	0.706932	0.000000	
0.297465	0.639757	0.000001	0.018837	0.707607	0.034108	0.000000	0.000001	
0.001579	0.001546	0.002227	0.726090	0.000000	0.000000	0.000000	0.688013	
0.706788	0.000000	0.000000	0.000000	0.000000	0.000000	0.708614	0.000353	
0.693935	0.000084	0.719187	0.030076	0.000000	0.010290	0.016703	0.000000	
0.000000	0.000000	0.000000	1.008514	0.000000	0.000000	0.000000	0.000000	
0.301258	0.651511	0.000384	0.696089	0.000318	0.015894	0.000000	0.000000	
0.001364	0.038655	0.038519	0.727404	0.000000	0.000000	0.696704	0.000000	
0.439345	0.950142	0.000002	0.052415	0.000004	0.012349	0.000000	0.000000	
0.000000	0.000000	0.707898	0.000000	0.707495	0.000000	0.000000	0.000000	
0.304855	0.638332	0.021829	0.000102	0.009428	0.706421	0.000000	0.000000	
0.000000	0.000000	0.000000	0.000000	0.000000	0.000000	0.708834	0.709132	
0.000000	0.699820	0.000027	0.000000	0.000000	0.074103	0.000000	0.710656	
0.000006	0.000000	0.000000	0.697686	0.000000	0.716470	0.000000	0.000000	
0.290043	0.015292	0.629053	0.061896	0.000000	0.718403	0.000000	0.000000	
0.000000	0.000000	0.000000	0.000000	0.000000	0.000000	1.000156	0.000000	
0.699042	0.000014	0.052117	0.000022	0.007569	0.000000	0.000000	0.713139	
0.007794	0.000668	0.000002	0.000050	0.999058	0.000000	0.000000	0.043065	
0.000000	0.000000	0.000000	0.000000	0.000000	0.707090	0.000000	0.707124	
0.020812	0.107078	0.993403	0.000000	0.047365	0.000000	0.000000	0.000000	
0.041099	0.695636	0.722582	0.000000	0.000000	0.000000	0.000000	0.000000	
0.000002	0.000004	0.000005	0.026831	0.001088	0.026406	0.000189	0.999373	
0.000005	0.998872	0.000008	0.000000	0.000000	0.000000	0.047751	0.000000	
0.032489	0.005993	0.568130	0.822275	0.000000	0.000000	0.000000	0.000000	
0.569090	0.000000	0.000037	0.822275	0.000000	0.000000	0.000000	0.000000	
