0.865835	0.856436	0.190387	0.171740	5.897543	
0.865953	0.164578	0.857340	0.196217	5.906965	
0.624517	0.003007	0.896822	0.004322	7.972386	
0.757615	0.000152	0.000013	0.000010	8.845785	
0.922060	0.780454	0.796732	0.112759	5.236759	
0.014333	0.656193	0.944985	0.037256	7.934058	
0.003895	0.018748	0.928037	0.636045	8.010109	
0.000000	0.000000	0.000000	0.000000	10.116902	
0.000010	0.307361	0.001953	0.314055	9.247156	
0.001674	0.000699	0.292488	0.000089	9.603185	
0.155674	0.787454	0.874505	0.773158	5.079346	
0.646643	0.859804	0.022906	0.000075	7.779737	
0.107765	0.793956	0.780605	0.868528	5.121667	
0.938231	0.681495	0.012542	0.010336	7.748071	
0.036465	0.000007	0.350509	0.869501	7.984949	
0.647612	0.010908	0.020869	0.913610	7.860884	
0.001212	0.901603	0.067614	0.359714	7.998138	
0.763985	0.796495	0.189414	0.892756	5.234637	
0.814547	0.146698	0.912587	0.803138	5.018461	
0.864511	0.913119	0.157473	0.805145	5.054003	
0.001677	0.000201	0.002005	0.293288	9.694030	
0.002016	0.914587	0.851387	0.888712	5.085762	
0.000002	0.000208	0.755954	0.000055	8.681129	
0.672822	0.662840	0.000004	0.670388	7.956451	
0.000108	0.309190	0.297256	0.000142	9.226761	
0.002978	0.764366	0.000000	0.000000	8.742015	
0.855887	0.841607	0.048883	0.828985	4.928217	
0.856194	0.840969	0.851835	0.865000	3.289927	
0.001592	0.658875	0.021523	0.888837	7.714396	
0.257311	0.159655	0.855665	0.861867	5.874968	
0.000200	0.859804	0.664610	0.000075	7.657557	
0.129535	0.862379	0.867730	0.241534	5.953073	
0.861685	0.002092	0.342824	0.000547	7.992974	
0.347571	0.001142	0.342608	0.055075	9.406614	
0.353373	0.004042	0.001740	0.295878	9.566628	
0.939083	0.049802	0.000394	0.656791	7.907519	
0.673050	0.001464	0.660895	0.673313	8.078748	
0.295365	0.000749	0.000098	0.001636	9.809773	
0.856088	0.145204	0.800548	0.834131	4.854816	
0.001854	0.291774	0.001303	0.000000	9.594941	
0.000048	0.000988	0.002354	0.747625	8.966619	
0.274208	0.884293	0.173214	0.873312	5.882078	
0.274671	0.311774	0.000623	0.004353	9.207839	
0.024371	0.000007	0.344777	0.296857	9.269289	
0.874240	0.159681	0.157894	0.865126	5.996194	
0.001588	0.658875	0.664928	0.678825	7.981168	
0.677660	0.661156	0.653649	0.000646	8.087201	
0.257844	0.190104	0.855665	0.861867	5.818335	
0.866842	0.856436	0.190387	0.170774	6.022151	
0.677660	0.661170	0.008023	0.000055	8.669291	
0.865953	0.180553	0.857795	0.196217	5.906453	
0.868286	0.080306	0.001730	0.359714	7.902971	
0.271803	0.002092	0.344725	0.000010	9.269996	
0.820054	0.844734	0.845303	0.857571	3.306062	
0.828924	0.811461	0.189414	0.879201	4.834418	
0.275290	0.883909	0.145622	0.873312	6.023390	
0.853450	0.844734	0.014638	0.857571	4.916412	
0.677660	0.640289	0.675063	0.005073	8.070424	
0.000002	0.000208	0.807469	0.000053	8.886223	
0.814547	0.146698	0.912190	0.803138	5.034562	
0.855884	0.002092	0.342824	0.000547	7.993253	
0.000000	0.000000	0.000000	0.000000	10.116902	
0.828924	0.811461	0.027212	0.001933	6.763634	
0.026582	0.863036	0.000394	0.656791	7.683691	
0.036465	0.000007	0.314493	0.296857	9.188008	
0.257004	0.190104	0.855665	0.861867	6.124143	
0.817340	0.176967	0.027212	0.877319	6.400772	
0.653730	0.816531	0.022906	0.000075	7.798490	
0.624517	0.005262	0.896822	0.071503	7.859711	
0.001854	0.291774	0.001284	0.000000	9.815369	
0.003895	0.018748	0.928037	0.648176	7.929183	
0.004191	0.672712	0.902953	0.012253	7.689334	
0.756415	0.000202	0.000095	0.005015	8.675667	
0.353373	0.004042	0.001723	0.295878	9.567848	
0.672822	0.662840	0.000022	0.670388	7.956434	
0.295365	0.000191	0.000098	0.005015	9.599971	
0.155674	0.813958	0.874686	0.793668	4.859954	
0.865951	0.856436	0.842570	0.197325	4.732926	
0.821758	0.134657	0.800548	0.834379	4.948692	
0.001592	0.658875	0.021585	0.886968	7.702177	
0.129535	0.862379	0.004152	0.007750	8.057055	
0.131253	0.916979	0.867574	0.216528	6.084581	
0.270846	0.309743	0.001009	0.363151	8.943812	
0.006935	0.189506	0.224349	0.651306	8.692496	
0.001723	0.000267	0.002005	0.298921	9.689255	
0.107765	0.799075	0.787442	0.865398	5.060092	
0.000239	0.000010	0.297248	0.000089	9.603860	
0.874240	0.189112	0.157746	0.867171	5.942753	
0.160969	0.840622	0.789146	0.773882	5.059331	
0.001677	0.000267	0.002005	0.284721	9.882988	
0.000103	0.000699	0.298195	0.000089	9.672666	
0.759800	0.159966	0.000022	0.670388	7.822099	
0.878504	0.189501	0.856209	0.670745	5.609332	
0.003082	0.001657	0.844894	0.861867	6.623005	
0.878504	0.301646	0.012493	0.033615	7.925124	
0.160969	0.840622	0.311902	0.773882	6.196209	
0.016917	0.668949	0.902953	0.006385	7.820053	
0.260107	0.002157	0.345486	0.000010	9.382543	
0.755408	0.000202	0.000095	0.006601	8.680590	
0.107765	0.793956	0.222871	0.868528	6.215178	
