0.871960	0.025258	0.636537	0.022138	7.798494	
0.010704	0.007412	0.282251	0.306467	9.186628	
0.022101	0.939353	0.658141	0.017598	7.900743	
0.349088	0.087098	0.000310	0.842956	7.900740	
0.732014	0.905352	0.187380	0.889660	5.256567	
0.913060	0.000019	0.031900	0.673531	7.704741	
0.881453	0.315364	0.000007	0.002081	7.955874	
0.241915	0.000000	0.005285	0.013574	9.554408	
0.676450	0.865212	0.000478	0.021791	7.545080	
0.010716	0.006186	0.000024	0.741489	8.759919	
0.876860	0.109015	0.802814	0.780113	5.084900	
0.666301	0.675247	0.676694	0.000015	7.867638	
0.911396	0.845641	0.000511	0.785787	5.239719	
0.002151	0.300974	0.000482	0.001879	9.604419	
0.251451	0.857714	0.862592	0.230650	5.767706	
0.000078	0.668958	0.665100	0.678132	8.148780	
0.669974	0.000679	0.658999	0.669973	8.007489	
0.002252	0.637014	0.907319	0.021708	7.907728	
0.000000	0.000000	0.000000	0.000000	10.000209	
0.869892	0.860611	0.961858	0.151546	5.018258	
0.856617	0.142748	0.881283	0.192387	5.972774	
0.870002	0.862314	0.155334	0.251867	5.888535	
0.900745	0.819075	0.781566	0.054613	5.206482	
0.000513	0.763491	0.000482	0.000299	8.631711	
0.212955	0.896746	0.765302	0.799755	5.019439	
0.002423	0.035135	0.654246	0.898105	7.744958	
0.353084	0.045614	0.323855	0.015505	9.277744	
0.840203	0.869499	0.859470	0.840871	3.262046	
0.002308	0.001344	0.309195	0.015505	9.600791	
0.041694	0.868354	0.062697	0.305452	7.774688	
0.766761	0.000002	0.000000	0.000765	8.652011	
0.259819	0.301094	0.000482	0.001792	9.181213	
0.002200	0.002915	0.950345	0.683069	7.998599	
0.878863	0.094394	0.187380	0.889660	6.131092	
0.666488	0.666162	0.000986	0.675307	8.069030	
0.133544	0.905632	0.216634	0.879271	6.046716	
0.010714	0.303531	0.287937	0.001879	9.191613	
0.022370	0.635363	0.027434	0.850770	7.798344	
0.001693	0.332014	0.016379	0.320209	9.284162	
0.364711	0.000006	0.001805	0.299509	9.348382	
0.010015	0.010546	0.000037	0.286762	9.574081	
0.358847	0.061608	0.837967	0.017431	7.936096	
0.232284	0.216600	0.861909	0.855986	5.787297	
0.001491	0.000954	0.762554	0.000250	8.636061	
0.771153	0.061905	0.802298	0.895797	5.279408	
0.818622	0.899390	0.830576	0.040880	5.035233	
0.906901	0.315485	0.000007	0.002081	8.025494	
0.010716	0.000000	0.000024	0.725356	8.882122	
0.232284	0.244986	0.861909	0.855986	5.770864	
0.358078	0.010546	0.000293	0.846107	8.231683	
0.014926	0.939353	0.005247	0.668997	7.856748	
0.251451	0.857714	0.862592	0.230650	5.767706	
0.106446	0.905221	0.186732	0.879271	6.191595	
0.876860	0.106823	0.805748	0.781222	5.069693	
0.002423	0.000171	0.664757	0.898105	7.797040	
0.669282	0.757527	0.042966	0.006593	7.981651	
0.000000	0.000006	0.001805	0.299509	9.606934	
0.884667	0.819641	0.778029	0.054613	5.167694	
0.002151	0.296052	0.000491	0.000090	9.710148	
0.840203	0.849157	0.860343	0.840594	3.266854	
0.891633	0.817827	0.187802	0.762402	5.030673	
0.869892	0.860611	0.961858	0.152178	5.016901	
0.891442	0.910457	0.686483	0.216219	5.712683	
0.014926	0.939353	0.658141	0.017563	7.910493	
0.856617	0.144371	0.870266	0.192387	5.954838	
0.830322	0.144371	0.870266	0.198069	5.978781	
0.358602	0.010546	0.000293	0.286864	9.305831	
0.208408	0.312123	0.862592	0.230650	7.113547	
0.779682	0.151302	0.963018	0.836930	5.289495	
0.815002	0.890118	0.836960	0.016785	5.051555	
0.349088	0.750485	0.000310	0.842956	6.802838	
0.000000	0.000019	0.287552	0.000000	9.635090	
0.010716	0.000000	0.000000	0.000000	9.988538	
0.353118	0.026829	0.837967	0.017431	7.985200	
0.235227	0.000000	0.000000	0.013574	9.562090	
0.002200	0.000917	0.949777	0.692719	7.925217	
0.098219	0.896746	0.801680	0.780872	5.172912	
0.904107	0.000019	0.002671	0.673531	7.712465	
0.000550	0.289536	0.281926	0.000000	9.223416	
0.010150	0.031378	0.281010	0.317387	9.229326	
0.766483	0.915887	0.208387	0.889660	5.121742	
0.106446	0.905221	0.287231	0.879271	6.154385	
0.233426	0.300974	0.000482	0.068888	9.075977	
0.870001	0.861991	0.160549	0.250705	5.918495	
0.000513	0.761022	0.000310	0.000299	8.714353	
0.767554	0.000002	0.000000	0.000001	8.647948	
0.001491	0.000037	0.762554	0.000250	8.636911	
0.771153	0.129773	0.801888	0.895797	5.125330	
0.028338	0.324396	0.014494	0.319696	9.237582	
0.353118	0.000845	0.286440	0.006787	9.297415	
0.906855	0.048317	0.000007	0.024327	8.296443	
0.000000	0.000000	0.000024	0.765356	8.621357	
0.906375	0.240948	0.000007	0.770490	6.559136	
0.001273	0.330856	0.000075	0.328092	9.454419	
0.870001	0.862239	0.161511	0.250705	5.907364	
0.022370	0.642688	0.000765	0.850770	7.783658	
0.046569	0.000000	0.014835	0.000000	9.917027	
0.891442	0.141503	0.691068	0.216219	6.810895	
0.005446	0.637014	0.833671	0.001716	8.063940	
0.766766	0.063623	0.837967	0.017623	6.817569	
