0.076520	0.195133	0.066079	0.162851	
0.254547	0.010188	0.039251	0.196258	
0.121830	0.063049	0.312757	0.002647	
0.122520	0.187380	0.185946	0.004444	
0.122432	0.238974	0.116423	0.022501	
0.000010	0.056881	0.256081	0.187313	
0.000010	0.436590	0.000092	0.063717	
0.000053	0.312728	0.000245	0.187345	
0.004128	0.308736	0.187323	0.000131	
0.052434	0.000325	0.132829	0.314714	
0.000063	0.374136	0.002535	0.123637	
0.062112	0.060860	0.377058	0.000335	
0.000053	0.000058	0.312981	0.187153	
0.004080	0.179773	0.125228	0.191222	
0.316986	0.001567	0.055883	0.125979	
0.001086	0.249942	0.248597	0.000650	
0.122806	0.126602	0.185065	0.066170	
0.131982	0.245791	0.062812	0.059766	
0.375315	0.001094	0.000614	0.123453	
0.115260	0.068675	0.250651	0.065763	
0.312853	0.001259	0.000020	0.187457	
0.054191	0.058217	0.137489	0.250436	
0.058202	0.245427	0.137600	0.059089	
0.004919	0.001730	0.247679	0.245875	
0.123046	0.202870	0.047235	0.127145	
0.112210	0.387041	0.000297	0.000728	
0.184264	0.068289	0.001936	0.246030	
0.066999	0.194726	0.236276	0.003040	
0.061154	0.000313	0.311267	0.127640	
0.011642	0.058351	0.186050	0.244266	
0.308271	0.062350	0.128352	0.001341	
0.375048	0.060144	0.000245	0.064787	
0.432788	0.067025	0.000057	0.000369	
0.053915	0.250082	0.006284	0.190136	
0.184628	0.127207	0.124128	0.064446	
0.253196	0.002258	0.003586	0.241228	
0.500419	0.000004	0.000000	0.000000	
0.000170	0.059457	0.124968	0.315829	
0.065805	0.252728	0.055879	0.125971	
0.006351	0.116137	0.057813	0.320066	
0.138665	0.135917	0.225138	0.000643	
0.063287	0.004060	0.063110	0.369840	
0.127562	0.072390	0.120311	0.180092	
0.310939	0.000335	0.188664	0.000418	
0.183794	0.001314	0.312963	0.002240	
0.003305	0.064764	0.000683	0.431610	
0.130698	0.242869	0.000265	0.126484	
0.190548	0.242808	0.066108	0.000794	
0.074213	0.325405	0.099100	0.001346	
0.074123	0.175603	0.006113	0.244425	
0.436451	0.000942	0.000256	0.062457	
0.049857	0.071722	0.071687	0.307040	
0.124373	0.002262	0.251513	0.122131	
0.047132	0.197608	0.127131	0.128541	
0.182351	0.002899	0.252445	0.062679	
0.259400	0.054070	0.000142	0.187147	
0.192774	0.181653	0.000476	0.125300	
0.119426	0.130457	0.000000	0.250423	
0.054691	0.321899	0.060487	0.062997	
0.057782	0.069575	0.187003	0.185970	
0.124397	0.180723	0.128041	0.067020	
0.249770	0.117762	0.132502	0.000317	
0.000000	0.000000	0.500180	0.000000	
0.116588	0.121266	0.073142	0.189096	
0.193340	0.055605	0.122856	0.128466	
0.062649	0.001796	0.375331	0.060416	
0.178894	0.010580	0.185576	0.125682	
0.052644	0.310867	0.000630	0.136017	
0.192997	0.106024	0.075203	0.125996	
0.000000	0.000000	0.375237	0.125155	
0.120803	0.315843	0.000091	0.063762	
0.061529	0.250476	0.188320	0.000075	
0.184006	0.053887	0.073154	0.189127	
0.258023	0.053788	0.183575	0.004861	
0.067023	0.000896	0.000822	0.431542	
0.001649	0.003460	0.186982	0.308130	
0.131504	0.010031	0.187323	0.171942	
0.000018	0.124819	0.375334	0.000077	
0.271521	0.159943	0.062855	0.005982	
0.192306	0.185260	0.060415	0.062321	
0.061706	0.000043	0.436379	0.002120	
0.084729	0.177020	0.178285	0.060301	
0.173804	0.250747	0.006292	0.069485	
0.365702	0.069097	0.064079	0.001429	
0.006373	0.121602	0.187570	0.184809	
0.001013	0.432579	0.062636	0.004062	
0.000037	0.249846	0.000000	0.250423	
0.002137	0.003523	0.118008	0.376502	
0.062884	0.127653	0.069717	0.239997	
0.271704	0.177905	0.006012	0.044701	
0.245259	0.016488	0.178284	0.060301	
0.313254	0.000333	0.123926	0.062758	
0.000000	0.000000	0.000000	0.500260	
0.067951	0.129995	0.301774	0.000528	
0.119761	0.064369	0.000033	0.316024	
0.183593	0.001123	0.126077	0.189472	
0.185790	0.312835	0.000237	0.001480	
0.000010	0.057127	0.067887	0.375343	
0.000126	0.188605	0.311565	0.000015	
0.000000	0.500330	0.000000	0.000000	
0.197392	0.000210	0.050125	0.252431	
0.130862	0.001345	0.122967	0.245180	
0.311803	0.188159	0.000085	0.000178	
0.114344	0.006113	0.329035	0.050770	
0.374935	0.125315	0.000019	0.000078	
0.127161	0.060182	0.189729	0.123198	
0.005154	0.321457	0.049825	0.123823	
0.184178	0.002299	0.001958	0.311843	
0.313058	0.057544	0.068335	0.061319	
0.125241	0.004779	0.000003	0.370258	
0.240178	0.129482	0.005963	0.124855	
0.003664	0.003089	0.061475	0.432089	
0.311953	0.121333	0.062592	0.004444	
0.004375	0.312340	0.118131	0.065513	
0.065656	0.433595	0.000297	0.000728	
0.188697	0.124499	0.187438	0.000214	
0.431794	0.002159	0.062452	0.003886	
0.002279	0.194228	0.049915	0.253869	
0.126396	0.069437	0.053927	0.250487	
0.062857	0.058848	0.313100	0.065477	
0.068802	0.118659	0.188126	0.124764	
0.247743	0.129579	0.062331	0.060582	
0.000000	0.000000	0.437841	0.062503	
0.070538	0.120894	0.000194	0.308866	
0.001245	0.063213	0.375402	0.060428	
0.242614	0.008467	0.248650	0.000650	
0.311680	0.126075	0.000256	0.062509	
0.209229	0.069931	0.221188	0.000078	
0.004522	0.062748	0.311423	0.121656	
0.000354	0.377092	0.062171	0.060741	
0.123923	0.001970	0.373686	0.000792	
0.001453	0.183754	0.255527	0.059893	
0.072767	0.004575	0.233403	0.189475	
0.005401	0.120665	0.311147	0.064513	
0.196767	0.119480	0.000459	0.183506	
0.068679	0.118102	0.254305	0.059194	
0.000185	0.061934	0.438179	0.000006	
0.002881	0.244855	0.076236	0.176396	
0.001147	0.122430	0.254609	0.122158	
0.004831	0.118768	0.003612	0.373158	
0.060843	0.060565	0.255043	0.123851	
0.365086	0.004552	0.130337	0.000307	
0.129789	0.011442	0.052578	0.306499	
0.004707	0.103361	0.136593	0.257108	
0.001547	0.188062	0.185707	0.124971	
0.250461	0.248854	0.000023	0.000977	
0.314206	0.057755	0.000474	0.127820	
0.258652	0.052574	0.130141	0.058888	
0.176656	0.068536	0.190716	0.064429	
0.125693	0.123722	0.125460	0.125589	
0.057998	0.121174	0.122039	0.199124	
0.064118	0.000754	0.185199	0.250300	
0.002011	0.247397	0.185065	0.066170	
0.125733	0.187003	0.000245	0.187319	
0.251285	0.072270	0.048756	0.127956	
0.066923	0.368868	0.000202	0.064248	
0.062130	0.373111	0.064532	0.000471	
0.124590	0.314822	0.058413	0.002780	
0.374117	0.001849	0.065954	0.058442	
0.247715	0.001762	0.125491	0.125620	
0.064912	0.062127	0.019167	0.354064	
0.192861	0.205588	0.099679	0.002120	
0.014273	0.357894	0.128081	0.000317	
0.001152	0.254321	0.119590	0.125686	
0.000004	0.186726	0.000093	0.313533	
0.182351	0.002899	0.252444	0.062685	
0.138041	0.357493	0.004556	0.000249	
0.000053	0.312728	0.000245	0.187345	
0.000033	0.072097	0.428193	0.000006	
0.059846	0.000223	0.312599	0.127617	
0.061476	0.129074	0.069722	0.240031	
0.227044	0.028434	0.003586	0.241251	
0.002834	0.240904	0.080229	0.176393	
0.419712	0.005580	0.006303	0.068717	
0.000019	0.110059	0.013382	0.376892	
0.183556	0.001551	0.312963	0.002240	
0.131547	0.000654	0.122960	0.245167	
0.104579	0.150290	0.225778	0.019613	
0.314142	0.057836	0.000133	0.128138	
0.110069	0.197710	0.186546	0.006108	
0.000762	0.099483	0.400095	0.000078	
0.003619	0.003151	0.065938	0.427620	
0.060843	0.365384	0.069949	0.004066	
0.138651	0.239123	0.062812	0.059766	
0.312731	0.001259	0.000142	0.187457	
0.223868	0.001892	0.272310	0.002240	
0.000000	0.000000	0.499908	0.000262	
0.046420	0.000033	0.274759	0.179044	
0.343676	0.065535	0.086302	0.004798	
0.014809	0.234668	0.125491	0.125620	
0.046261	0.076273	0.001208	0.376725	
0.102350	0.100321	0.290814	0.006879	
0.122806	0.126602	0.185065	0.066170	
0.046319	0.153633	0.120311	0.180092	
0.085950	0.084247	0.292519	0.037660	
0.024892	0.035772	0.077468	0.362139	
0.209643	0.070103	0.220540	0.000078	
0.057784	0.069577	0.186960	0.185947	
0.000354	0.377347	0.062213	0.060394	
0.252210	0.247066	0.000023	0.000977	
